SIZE= 140
Lx,Ly= 8 8
nelec= (28, 28)
D= 8
chi= 8
burn in= 40
nparam= 320000
	burn in time= 130.53139686584473
	sample time= 2770.040892601013
	contraction err= 2.064787587324812e-20 4.800643087173439e-18

Mean energy: -4.16574394e+01
Block size    # of blocks        Mean                Error
     1           60000       -4.16574394e+01       1.606826e-02
     2           30000       -4.16574394e+01       1.852048e-02
     5           12000       -4.16574394e+01       2.428818e-02
    10           6000       -4.16574394e+01       3.157299e-02
    20           3000       -4.16574394e+01       4.282540e-02
    50           1200       -4.16574394e+01       6.587322e-02
    70            857       -4.16569191e+01       7.727246e-02
   100            600       -4.16574394e+01       9.161101e-02
   200            300       -4.16574394e+01       1.274656e-01
   500            120       -4.16574394e+01       1.946531e-01
0 None 0.19465313868181186
step=0,E=-0.650897490334875,dE=-0.650897490334875,err=0.0030414552919033103,gmax=2.9151164886914276
	collect data time= 6.934834957122803
	solver time=21.3737530708313,exit status=0
niter= 29
	g=13.70652515650661,del=4.026536333247353,dot=15.837842931534494,x=24.79345925242826
saving to  ./psi1
	burn in time= 132.11099219322205
	sample time= 2747.8563482761383
	contraction err= 7.24425384587628e-21 6.714466713166016e-18

Mean energy: -4.22301838e+01
Block size    # of blocks        Mean                Error
     1           60000       -4.22301838e+01       1.389267e-02
     2           30000       -4.22301838e+01       1.406785e-02
     5           12000       -4.22301838e+01       1.424786e-02
    10           6000       -4.22301838e+01       1.467592e-02
    20           3000       -4.22301838e+01       1.522409e-02
    50           1200       -4.22301838e+01       1.761637e-02
    70            857       -4.22303325e+01       1.859162e-02
   100            600       -4.22301838e+01       1.969129e-02
   200            300       -4.22301838e+01       2.383503e-02
   500            120       -4.22301838e+01       2.698770e-02
0 0.01406785316389101 0.026987704239859592
Stocahstic error estimate: 1.406785e-02

step=1,E=-0.6598466211071864,dE=-0.008949130772311409,err=0.00021981020568579703,gmax=0.9143075920262294
	collect data time= 13.663749933242798
	solver time=28.131442546844482,exit status=0
niter= 39
	g=2.2552248483508106,del=12.854003869088656,dot=9.620083017466982,x=24.793459252428267
saving to  ./psi2
	burn in time= 129.45054125785828
RANK=122,config=(1, 1, 2, 1, 0, 1, 2, 1, 0, 2, 2, 1, 2, 0, 1, 2, 3, 1, 2, 0, 2, 0, 2, 1, 1, 1, 1, 2, 1, 2, 1, 2, 2, 2, 2, 1, 2, 1, 2, 2, 0, 0, 2, 2, 0, 3, 1, 1, 1, 1, 0, 1, 2, 1, 2, 2, 0, 1, 3, 2, 1, 2, 1, 0),cx=6.723834484042812e-12,ex=1091.3812670482498
	sample time= 2717.7879178524017
	contraction err= 4.697127192694704e-21 1.9588031842235995e-17

Mean energy: -4.23155510e+01
Block size    # of blocks        Mean                Error
     1           60000       -4.23155510e+01       1.663521e-02
     2           30000       -4.23155510e+01       1.656450e-02
     5           12000       -4.23155510e+01       1.663974e-02
    10           6000       -4.23155510e+01       1.660031e-02
    20           3000       -4.23155510e+01       1.676179e-02
    50           1200       -4.23155510e+01       1.704129e-02
    70            857       -4.23153695e+01       1.767148e-02
   100            600       -4.23155510e+01       1.763467e-02
   200            300       -4.23155510e+01       1.859883e-02
   500            120       -4.23155510e+01       1.986514e-02
0 0.016635209800757358 0.01986513964124933
Stocahstic error estimate: 1.663521e-02

step=2,E=-0.6611804842622246,dE=-0.0013338631550382507,err=0.0002599251531368337,gmax=1.7562041580215135
	collect data time= 19.765369415283203
	solver time=29.250587224960327,exit status=0
niter= 40
	g=5.381964302175016,del=15.288688817058118,dot=13.925395536583396,x=24.793459252428278
saving to  ./psi3
	burn in time= 127.88374543190002
	sample time= 2690.3174023628235
	contraction err= 3.197739620502109e-21 6.604177307482019e-18

Mean energy: -4.24136315e+01
Block size    # of blocks        Mean                Error
     1           60000       -4.24136315e+01       1.344048e-02
     2           30000       -4.24136315e+01       1.346880e-02
     5           12000       -4.24136315e+01       1.343279e-02
    10           6000       -4.24136315e+01       1.337276e-02
    20           3000       -4.24136315e+01       1.347342e-02
    50           1200       -4.24136315e+01       1.345877e-02
    70            857       -4.24137080e+01       1.356324e-02
   100            600       -4.24136315e+01       1.368393e-02
   200            300       -4.24136315e+01       1.414047e-02
   500            120       -4.24136315e+01       1.431177e-02
0 0.013468797692958808 0.014311765216618933
Stocahstic error estimate: 1.346880e-02

step=3,E=-0.6627129914297852,dE=-0.0015325071675605928,err=0.00021044996395248137,gmax=2.734952111737835
	collect data time= 25.468989849090576
	solver time=21.472708702087402,exit status=0
niter= 30
	g=6.90953218887476,del=10.32805266492203,dot=7.395758418735207,x=24.793459252428285
saving to  ./psi4
	burn in time= 126.41533541679382
	sample time= 2665.2324481010437
	contraction err= 1.9472829599311883e-21 1.4403410506060803e-18

Mean energy: -4.24660378e+01
Block size    # of blocks        Mean                Error
     1           60000       -4.24660378e+01       1.929932e-02
     2           30000       -4.24660378e+01       1.932415e-02
     5           12000       -4.24660378e+01       1.923834e-02
    10           6000       -4.24660378e+01       1.923873e-02
    20           3000       -4.24660378e+01       1.891796e-02
    50           1200       -4.24660378e+01       1.887747e-02
    70            857       -4.24659643e+01       1.853203e-02
   100            600       -4.24660378e+01       1.902529e-02
   200            300       -4.24660378e+01       1.925212e-02
   500            120       -4.24660378e+01       1.948117e-02
0 0.019324150016033187 0.019481174449764348
Stocahstic error estimate: 1.932415e-02

step=4,E=-0.6635318406361659,dE=-0.0008188492063806452,err=0.00030193984400051855,gmax=3.9696898705396517
	collect data time= 30.857972383499146
	solver time=27.920056104660034,exit status=0
niter= 38
	g=11.010881104880903,del=15.255625690399349,dot=19.356405102636586,x=24.79345925242829
saving to  ./psi5
[0m[0m[0m[0m[0m[0m[0m[0m[0m[0m[0m[0m[0m[0m[0m[0m[0m[0m[0m[0m[0m[0m[0m[0m[0m[0m[0m[0m[0m[0m[0m[0m[0m[0m[0m[0m[0m[0m[0m[0m[0m[0m[0m[0m[0m[0m[0m[0m[0m[0m[0m[0m[0m[0m[0m[0m[0m[0m[0m[0m[0m[0m[0m[0m[0m[0m[0m[0m[0m[0m[0m[0m[0m[0m[0m[0m[0m[0m[0m[0m[0m[0m[0m[0m[0m[0m[0m[0m[0m[0m[0m[0m[0m[0m[0m[0m[0m[0m[0m[0m[0m[0m[0m[0m[0m[0m[0m[0m[0m[0m[0m[0m[0m[0m[0m[0m[0m[0m[0m[0m[0m[0m[0m[0m[0m[0m[0m[0m[0m[0m[0m[0m[0m[0m[0m[0m[0m[0m[0m[0m