block_dict= [(0, 16066)]
sizes= [16066]
nbatch= 1
SIZE= 640
nparam= 16066
	prob= 0.0017382580691868278
	burn in time= 13.129207372665405
	sample time= 67.29429984092712
	contraction err= 0.025968071110477112 3.193220333839585

Mean energy: -1.84736467e+01
Block size    # of blocks        Mean                Error
     1           50000       -1.84736467e+01       7.021719e-03
     2           25000       -1.84736467e+01       7.037625e-03
     5           10000       -1.84736467e+01       7.018984e-03
    10           5000       -1.84736467e+01       6.946051e-03
    20           2500       -1.84736467e+01       6.952406e-03
    50           1000       -1.84736467e+01       6.986663e-03
    70            714       -1.84734618e+01       6.936016e-03
   100            500       -1.84736467e+01       7.047649e-03
   200            250       -1.84736467e+01       6.969403e-03
   500            100       -1.84736467e+01       6.917632e-03
0 0.0070376254969871325 0.006917631705826626
Stocahstic error estimate: 7.037625e-03

step=0,E=-1.1546029185984066,dE=-1.1546029185984066,err=0.0004398515935616958,gmax=0.4579893372727009
	collect g,Hv time= 0.4606592655181885
	solver time=0.380279541015625,exit status=0
niter= 36
	g=1.2870606557331008,del=8.854359961997657,dot=1.9128290733356188,x=14.570474098379586
saving to  ./psi1
	prob= 0.0034170641567275737
	burn in time= 12.836328029632568
	sample time= 293.32831048965454
	contraction err= 0.023573064999346475 15.899620659859382

Mean energy: -1.87281922e+01
Block size    # of blocks        Mean                Error
     1           50000       -1.87281922e+01       5.311166e-03
     2           25000       -1.87281922e+01       5.319764e-03
     5           10000       -1.87281922e+01       5.308032e-03
    10           5000       -1.87281922e+01       5.338558e-03
    20           2500       -1.87281922e+01       5.442858e-03
    50           1000       -1.87281922e+01       5.439368e-03
    70            714       -1.87282221e+01       5.317541e-03
   100            500       -1.87281922e+01       5.457954e-03
   200            250       -1.87281922e+01       5.522343e-03
   500            100       -1.87281922e+01       5.241125e-03
0 0.005319764116855008 0.005241125288277353
Stocahstic error estimate: 5.319764e-03

step=1,E=-1.1705120155568018,dE=-0.015909096958395263,err=0.000332485257303438,gmax=0.07941694517158107
	collect g,Hv time= 0.5293223857879639
	solver time=1.8516316413879395,exit status=0
niter= 45
	g=0.4032273810730176,del=9.294072753995659,dot=1.0130440034237633,x=14.570474098379586
saving to  ./psi2
	prob= 0.005279572363394587
	burn in time= 12.70289134979248
	sample time= 293.86632537841797
	contraction err= 0.022832860067235533 8.22360586395697

Mean energy: -1.88421534e+01
Block size    # of blocks        Mean                Error
     1           50000       -1.88421534e+01       1.480359e-02
     2           25000       -1.88421534e+01       1.481322e-02
     5           10000       -1.88421534e+01       1.477905e-02
    10           5000       -1.88421534e+01       1.468383e-02
    20           2500       -1.88421534e+01       1.469207e-02
    50           1000       -1.88421534e+01       1.453922e-02
    70            714       -1.88421570e+01       1.449982e-02
   100            500       -1.88421534e+01       1.465138e-02
   200            250       -1.88421534e+01       1.425783e-02
   500            100       -1.88421534e+01       1.407603e-02
0 0.014813220045537251 0.014076028173640986
Stocahstic error estimate: 1.481322e-02

step=2,E=-1.1776345901412881,dE=-0.007122574584486285,err=0.0009258262528460782,gmax=12.228367186316959
	collect g,Hv time= 0.4872395992279053
	solver time=0.21273589134216309,exit status=0
niter= 6
	g=28.864489235491206,del=0.6264081826244361,dot=10.104861923257193,x=14.570474098379592
saving to  ./psi3
	prob= 0.005380173789696776
	burn in time= 12.515090465545654
	sample time= 294.3678891658783
	contraction err= 0.022213096069589214 4.397375199617997

Mean energy: -1.88411451e+01
Block size    # of blocks        Mean                Error
     1           50000       -1.88411451e+01       8.839042e-03
     2           25000       -1.88411451e+01       8.848057e-03
     5           10000       -1.88411451e+01       8.836336e-03
    10           5000       -1.88411451e+01       8.851441e-03
    20           2500       -1.88411451e+01       8.708353e-03
    50           1000       -1.88411451e+01       8.697792e-03
    70            714       -1.88411927e+01       8.550202e-03
   100            500       -1.88411451e+01       8.555173e-03
   200            250       -1.88411451e+01       8.701383e-03
   500            100       -1.88411451e+01       8.922288e-03
0 0.00884805743688734 0.008922288124020366
Stocahstic error estimate: 8.848057e-03

step=3,E=-1.1775715670749243,dE=6.302306636385424e-05,err=0.0005530035898054587,gmax=41.86837364877837
	collect g,Hv time= 0.6038639545440674
	solver time=0.08569693565368652,exit status=0
niter= 3
	g=110.74330947844958,del=5.1103522819112905,dot=28.040722282169714,x=14.570474098379586
saving to  ./psi4
	prob= 0.0035188982074671332
	burn in time= 12.581855773925781
	sample time= 294.75870156288147
	contraction err= 0.02324663010474537 25.637204752805356

Mean energy: -1.87642773e+01
Block size    # of blocks        Mean                Error
     1           50000       -1.87642773e+01       8.120551e-03
     2           25000       -1.87642773e+01       8.128081e-03
     5           10000       -1.87642773e+01       8.073111e-03
    10           5000       -1.87642773e+01       8.056983e-03
    20           2500       -1.87642773e+01       7.905760e-03
    50           1000       -1.87642773e+01       7.868331e-03
    70            714       -1.87642873e+01       7.649903e-03
   100            500       -1.87642773e+01       7.514627e-03
   200            250       -1.87642773e+01       7.447568e-03
   500            100       -1.87642773e+01       7.031289e-03
0 0.008128081286137293 0.007031289337873811
Stocahstic error estimate: 8.128081e-03

step=4,E=-1.1727673317474165,dE=0.004804235327507733,err=0.0005080050803835808,gmax=3.2172078879442028
	collect g,Hv time= 0.48930883407592773
	solver time=0.3409006595611572,exit status=0
niter= 9
	g=9.38011627299751,del=2.0125758470070076,dot=2.60455260178521,x=14.570474098379583
saving to  ./psi5
	prob= 0.0043104734146514655
	burn in time= 12.649169921875
	sample time= 295.097603559494
	contraction err= 0.023992260941361948 100.5496679402464

Mean energy: -1.88367528e+01
Block size    # of blocks        Mean                Error
     1           50000       -1.88367528e+01       5.049257e-03
     2           25000       -1.88367528e+01       5.032054e-03
     5           10000       -1.88367528e+01       5.075793e-03
    10           5000       -1.88367528e+01       5.063176e-03
    20           2500       -1.88367528e+01       5.060228e-03
    50           1000       -1.88367528e+01       4.962621e-03
    70            714       -1.88367119e+01       5.032333e-03
   100            500       -1.88367528e+01       4.919265e-03
   200            250       -1.88367528e+01       4.930514e-03
   500            100       -1.88367528e+01       4.949504e-03
0 0.005049257409942022 0.004949503639581557
Stocahstic error estimate: 5.049257e-03

step=5,E=-1.1772970487484709,dE=-0.004529717001054312,err=0.00031557858812137637,gmax=0.456039779915802
	collect g,Hv time= 0.6192965507507324
	solver time=1.0951683521270752,exit status=0
niter= 27
	g=1.4818093683101976,del=4.993800862019285,dot=0.83551619779329,x=14.570474098379593
saving to  ./psi6
	prob= 0.005031062543800578
	burn in time= 12.71210527420044
	sample time= 295.09038376808167
	contraction err= 0.0224821762898316 8.650617268429112

Mean energy: -1.89046823e+01
Block size    # of blocks        Mean                Error
     1           50000       -1.89046823e+01       4.336304e-03
     2           25000       -1.89046823e+01       4.338620e-03
     5           10000       -1.89046823e+01       4.359831e-03
    10           5000       -1.89046823e+01       4.360128e-03
    20           2500       -1.89046823e+01       4.375035e-03
    50           1000       -1.89046823e+01       4.349167e-03
    70            714       -1.89046162e+01       4.277901e-03
   100            500       -1.89046823e+01       4.331916e-03
   200            250       -1.89046823e+01       4.237094e-03
   500            100       -1.89046823e+01       4.788101e-03
0 0.00433862013867744 0.004788101478029325
Stocahstic error estimate: 4.338620e-03

step=6,E=-1.1815426443770687,dE=-0.004245595628597831,err=0.00027116375866734,gmax=0.4984896848802238
	collect g,Hv time= 0.5143425464630127
	solver time=1.1380531787872314,exit status=0
niter= 28
	g=1.2200813767700776,del=4.373639846413313,dot=0.5519070047223098,x=14.57047409837959
saving to  ./psi7
	prob= 0.005524080047477769
	burn in time= 12.636451721191406
	sample time= 295.3223292827606
	contraction err= 0.022194728059630273 1.1893221315985851

Mean energy: -1.89404522e+01
Block size    # of blocks        Mean                Error
     1           50000       -1.89404522e+01       4.056818e-03
     2           25000       -1.89404522e+01       4.065868e-03
     5           10000       -1.89404522e+01       4.028345e-03
    10           5000       -1.89404522e+01       4.034154e-03
    20           2500       -1.89404522e+01       4.020005e-03
    50           1000       -1.89404522e+01       4.094700e-03
    70            714       -1.89404451e+01       4.017123e-03
   100            500       -1.89404522e+01       3.975618e-03
   200            250       -1.89404522e+01       4.077466e-03
   500            100       -1.89404522e+01       3.650376e-03
0 0.004065868183452763 0.003650376487541234
Stocahstic error estimate: 4.065868e-03

step=7,E=-1.1837782606837233,dE=-0.0022356163066545864,err=0.0002541167614657977,gmax=0.2917666519277793
	collect g,Hv time= 0.6047396659851074
	solver time=1.6445345878601074,exit status=0
niter= 40
	g=0.8588480933356863,del=6.626366122600816,dot=0.5769570507126768,x=14.570474098379586
saving to  ./psi8
	prob= 0.00623010246844599
	burn in time= 12.640825033187866
	sample time= 295.609658241272
	contraction err= 0.02257897132554298 5.1671410381798974

Mean energy: -1.89785956e+01
Block size    # of blocks        Mean                Error
     1           50000       -1.89785956e+01       8.306696e-03
     2           25000       -1.89785956e+01       8.316893e-03
     5           10000       -1.89785956e+01       8.332160e-03
    10           5000       -1.89785956e+01       8.358803e-03
    20           2500       -1.89785956e+01       8.348449e-03
    50           1000       -1.89785956e+01       8.357076e-03
    70            714       -1.89785261e+01       8.283596e-03
   100            500       -1.89785956e+01       8.269665e-03
   200            250       -1.89785956e+01       8.389299e-03
   500            100       -1.89785956e+01       8.681386e-03
0 0.008316893255106603 0.008681386481439936
Stocahstic error estimate: 8.316893e-03

step=8,E=-1.186162222628041,dE=-0.0023839619443177806,err=0.0005198058284441627,gmax=3.235288874208957
	collect g,Hv time= 0.6248197555541992
	solver time=0.2971639633178711,exit status=0
niter= 8
	g=9.607610270238725,del=1.251189638785418,dot=2.9700652461001384,x=14.570474098379586
saving to  ./psi9
	prob= 0.006274730479408146
	burn in time= 12.602468729019165
	sample time= 295.5861978530884
	contraction err= 0.022605373442559935 5.013734816511948

Mean energy: -1.89882062e+01
Block size    # of blocks        Mean                Error
     1           50000       -1.89882062e+01       3.896607e-03
     2           25000       -1.89882062e+01       3.895370e-03
     5           10000       -1.89882062e+01       3.882928e-03
    10           5000       -1.89882062e+01       3.920262e-03
    20           2500       -1.89882062e+01       3.939146e-03
    50           1000       -1.89882062e+01       3.805815e-03
    70            714       -1.89881664e+01       3.785888e-03
   100            500       -1.89882062e+01       3.749308e-03
   200            250       -1.89882062e+01       3.809026e-03
   500            100       -1.89882062e+01       3.936031e-03
0 0.0038966067443533996 0.003936030797126203
Stocahstic error estimate: 3.896607e-03

step=9,E=-1.1867628847731069,dE=-0.0006006621450658223,err=0.00024353792152208748,gmax=0.17716802610286345
	collect g,Hv time= 0.5897173881530762
	solver time=1.56028413772583,exit status=0
niter= 38
	g=0.6873046864439031,del=5.31279597833693,dot=0.4905699618049519,x=14.570474098379586
saving to  ./psi10
	prob= 0.006462476776802319
	burn in time= 12.43981647491455
	sample time= 295.2829694747925
	contraction err= 0.022707228322052974 2.3699548857301846

Mean energy: -1.90034149e+01
Block size    # of blocks        Mean                Error
     1           50000       -1.90034149e+01       9.143192e-03
     2           25000       -1.90034149e+01       9.151709e-03
     5           10000       -1.90034149e+01       9.142437e-03
    10           5000       -1.90034149e+01       9.149035e-03
    20           2500       -1.90034149e+01       9.135871e-03
    50           1000       -1.90034149e+01       9.191686e-03
    70            714       -1.90034731e+01       9.107860e-03
   100            500       -1.90034149e+01       9.215586e-03
   200            250       -1.90034149e+01       9.204439e-03
   500            100       -1.90034149e+01       9.218779e-03
0 0.00915170916561888 0.009218779024232984
Stocahstic error estimate: 9.151709e-03

step=10,E=-1.1877134319207472,dE=-0.0009505471476403127,err=0.00057198182285118,gmax=1.3141916385216357
	collect g,Hv time= 0.9624996185302734
	solver time=1.13889741897583,exit status=0
niter= 28
	g=3.95242312661192,del=2.549129748833548,dot=3.866809473716116,x=14.570474098379588
saving to  ./psi11
	prob= 0.006089698407978444
	burn in time= 12.486037254333496
	sample time= 295.41422295570374
	contraction err= 0.022962718097151943 2.555052822902707

Mean energy: -1.90022869e+01
Block size    # of blocks        Mean                Error
     1           50000       -1.90022869e+01       3.163460e-03
     2           25000       -1.90022869e+01       3.156764e-03
     5           10000       -1.90022869e+01       3.188980e-03
    10           5000       -1.90022869e+01       3.180616e-03
    20           2500       -1.90022869e+01       3.180607e-03
    50           1000       -1.90022869e+01       3.250454e-03
    70            714       -1.90022576e+01       3.252424e-03
   100            500       -1.90022869e+01       3.298283e-03
   200            250       -1.90022869e+01       3.340050e-03
   500            100       -1.90022869e+01       3.342518e-03
0 0.003163460490433284 0.003342518351878061
Stocahstic error estimate: 3.163460e-03

step=11,E=-1.1876429292280004,dE=7.050269274677667e-05,err=0.00019771628065208026,gmax=0.047535211013005625
	collect g,Hv time= 0.5915849208831787
	solver time=1.8295190334320068,exit status=0
niter= 44
	g=0.2091699914660339,del=5.907125135602291,dot=0.3018391651821299,x=14.570474098379584
saving to  ./psi12
	prob= 0.006178141715661082
	burn in time= 12.717571496963501
	sample time= 295.8876473903656
	contraction err= 0.0246496256116223 36.81392441575559

Mean energy: -1.90152482e+01
Block size    # of blocks        Mean                Error
     1           50000       -1.90152482e+01       3.732019e-03
     2           25000       -1.90152482e+01       3.726824e-03
     5           10000       -1.90152482e+01       3.702133e-03
    10           5000       -1.90152482e+01       3.694684e-03
    20           2500       -1.90152482e+01       3.716024e-03
    50           1000       -1.90152482e+01       3.800608e-03
    70            714       -1.90152034e+01       3.713816e-03
   100            500       -1.90152482e+01       3.660299e-03
   200            250       -1.90152482e+01       3.708142e-03
   500            100       -1.90152482e+01       3.808019e-03
0 0.0037320194577427166 0.003808018749241222
Stocahstic error estimate: 3.732019e-03

step=12,E=-1.1884530105795936,dE=-0.000810081351593217,err=0.0002332512161089198,gmax=0.2192014842311829
	collect g,Hv time= 0.666729211807251
	solver time=1.791707992553711,exit status=0
niter= 41
	g=0.6761529610673811,del=4.81842229851301,dot=0.4521006999211814,x=14.570474098379583
saving to  ./psi13
	prob= 0.006056742108599562
	burn in time= 12.662885665893555
	sample time= 295.5332911014557
	contraction err= 0.02381905227802644 3.278900673582442

Mean energy: -1.90286620e+01
Block size    # of blocks        Mean                Error
     1           50000       -1.90286620e+01       2.888129e-03
     2           25000       -1.90286620e+01       2.884283e-03
     5           10000       -1.90286620e+01       2.867010e-03
    10           5000       -1.90286620e+01       2.850638e-03
    20           2500       -1.90286620e+01       2.832622e-03
    50           1000       -1.90286620e+01       2.861518e-03
    70            714       -1.90286317e+01       2.905889e-03
   100            500       -1.90286620e+01       2.847925e-03
   200            250       -1.90286620e+01       2.886208e-03
   500            100       -1.90286620e+01       2.992673e-03
0 0.0028881294870483605 0.002992672762956622
Stocahstic error estimate: 2.888129e-03

step=13,E=-1.1892913737503967,dE=-0.0008383631708031025,err=0.00018050809294052253,gmax=0.05629073814822938
	collect g,Hv time= 0.7332487106323242
	solver time=1.8551466464996338,exit status=0
niter= 45
	g=0.2439910331327709,del=5.419817822938205,dot=0.217801315324763,x=14.570474098379584
saving to  ./psi14
	prob= 0.006006833299324448
	burn in time= 12.485687732696533
	sample time= 295.5450973510742
	contraction err= 0.02421075590465189 1.76331627970895

Mean energy: -1.90346619e+01
Block size    # of blocks        Mean                Error
     1           50000       -1.90346619e+01       2.770823e-03
     2           25000       -1.90346619e+01       2.772641e-03
     5           10000       -1.90346619e+01       2.792197e-03
    10           5000       -1.90346619e+01       2.819064e-03
    20           2500       -1.90346619e+01       2.792456e-03
    50           1000       -1.90346619e+01       2.666774e-03
    70            714       -1.90346825e+01       2.728186e-03
   100            500       -1.90346619e+01       2.571257e-03
   200            250       -1.90346619e+01       2.648808e-03
   500            100       -1.90346619e+01       2.539371e-03
0 0.0027726410294792326 0.0025393705048640516
Stocahstic error estimate: 2.772641e-03

step=14,E=-1.1896663678137618,dE=-0.0003749940633650528,err=0.00017329006434245204,gmax=0.061030498682420053
	collect g,Hv time= 0.6887104511260986
	solver time=1.8324499130249023,exit status=0
niter= 44
	g=0.25161294096650816,del=5.080408215410538,dot=0.20316776495696287,x=14.570474098379588
saving to  ./psi15
	prob= 0.005777951007269438
	burn in time= 12.50420093536377
	sample time= 295.8277122974396
	contraction err= 0.025328820550589777 16.798842130248303

Mean energy: -1.90413876e+01
Block size    # of blocks        Mean                Error
     1           50000       -1.90413876e+01       3.192871e-03
     2           25000       -1.90413876e+01       3.194331e-03
     5           10000       -1.90413876e+01       3.199889e-03
    10           5000       -1.90413876e+01       3.216242e-03
    20           2500       -1.90413876e+01       3.196145e-03
    50           1000       -1.90413876e+01       3.318489e-03
    70            714       -1.90414191e+01       3.290687e-03
   100            500       -1.90413876e+01       3.315089e-03
   200            250       -1.90413876e+01       3.252934e-03
   500            100       -1.90413876e+01       3.150336e-03
0 0.0031943309588677513 0.0031503357927950117
Stocahstic error estimate: 3.194331e-03

step=15,E=-1.190086721988394,dE=-0.00042035417463215374,err=0.00019964568492923445,gmax=0.17880009226655813
	collect g,Hv time= 0.6572730541229248
	solver time=1.6752493381500244,exit status=0
niter= 41
	g=0.7373952047606269,del=4.060439518738528,dot=0.3259751871414587,x=14.570474098379586
saving to  ./psi16
	prob= 0.005591212399137536
	burn in time= 12.733145952224731
	sample time= 295.95735478401184
	contraction err= 0.025512512529438355 14.1083956604507

Mean energy: -1.90484932e+01
Block size    # of blocks        Mean                Error
     1           50000       -1.90484932e+01       5.349049e-03
     2           25000       -1.90484932e+01       5.356166e-03
     5           10000       -1.90484932e+01       5.347564e-03
    10           5000       -1.90484932e+01       5.300982e-03
    20           2500       -1.90484932e+01       5.280322e-03
    50           1000       -1.90484932e+01       5.425917e-03
    70            714       -1.90484831e+01       5.325737e-03
   100            500       -1.90484932e+01       5.320116e-03
   200            250       -1.90484932e+01       5.444000e-03
   500            100       -1.90484932e+01       5.561852e-03
0 0.005356166444248788 0.005561852333442775
Stocahstic error estimate: 5.356166e-03

step=16,E=-1.1905308260395309,dE=-0.00044410405113692875,err=0.00033476040276554924,gmax=0.26854560550701156
	collect g,Hv time= 0.6098506450653076
	solver time=1.650723934173584,exit status=0
niter= 40
	g=1.4328699737699677,del=3.965556029466829,dot=1.262513839692685,x=14.570474098379583
saving to  ./psi17
	prob= 0.005421078252539668
	burn in time= 12.588988542556763
	sample time= 295.81965684890747
	contraction err= 0.025030704378948925 1.712489763663386

Mean energy: -1.90547159e+01
Block size    # of blocks        Mean                Error
     1           50000       -1.90547159e+01       2.444109e-03
     2           25000       -1.90547159e+01       2.432468e-03
     5           10000       -1.90547159e+01       2.438904e-03
    10           5000       -1.90547159e+01       2.424679e-03
    20           2500       -1.90547159e+01       2.415918e-03
    50           1000       -1.90547159e+01       2.409802e-03
    70            714       -1.90547762e+01       2.336338e-03
   100            500       -1.90547159e+01       2.354774e-03
   200            250       -1.90547159e+01       2.459944e-03
   500            100       -1.90547159e+01       2.270683e-03
0 0.0024441091551552635 0.0022706827428971743
Stocahstic error estimate: 2.444109e-03

step=17,E=-1.1909197410583414,dE=-0.0003889150188105539,err=0.00015275682219720397,gmax=5.167904624486222
	collect g,Hv time= 0.754880428314209
	solver time=0.12794160842895508,exit status=0
niter= 4
	g=19.910576827382677,del=0.3705630792306886,dot=4.7529599922150725,x=14.570474098379584
saving to  ./psi18
	prob= 0.005160772556221437
	burn in time= 12.634775400161743
	sample time= 295.72007870674133
	contraction err= 0.025700737330737883 5.493670367269554

Mean energy: -1.90508714e+01
Block size    # of blocks        Mean                Error
     1           50000       -1.90508714e+01       3.000080e-03
     2           25000       -1.90508714e+01       3.010861e-03
     5           10000       -1.90508714e+01       3.009959e-03
    10           5000       -1.90508714e+01       2.978674e-03
    20           2500       -1.90508714e+01       2.947560e-03
    50           1000       -1.90508714e+01       3.018452e-03
    70            714       -1.90508009e+01       2.968519e-03
   100            500       -1.90508714e+01       3.047509e-03
   200            250       -1.90508714e+01       2.883519e-03
   500            100       -1.90508714e+01       3.124819e-03
0 0.003010860968774064 0.003124819439394863
Stocahstic error estimate: 3.010861e-03

step=18,E=-1.1906794628936457,dE=0.0002402781646957397,err=0.000188178810548379,gmax=0.06879400314652573
	collect g,Hv time= 0.7476999759674072
	solver time=1.8563852310180664,exit status=0
niter= 45
	g=0.29908002589340416,del=4.650644482801539,dot=0.28164886008399037,x=14.570474098379584
saving to  ./psi19
	prob= 0.005034269497283596
	burn in time= 12.555366516113281
	sample time= 296.1195261478424
	contraction err= 0.025978692129264642 7.297089584571696

Mean energy: -1.90532372e+01
Block size    # of blocks        Mean                Error
     1           50000       -1.90532372e+01       2.435029e-03
     2           25000       -1.90532372e+01       2.432340e-03
     5           10000       -1.90532372e+01       2.423080e-03
    10           5000       -1.90532372e+01       2.428644e-03
    20           2500       -1.90532372e+01       2.501430e-03
    50           1000       -1.90532372e+01       2.446328e-03
    70            714       -1.90532616e+01       2.420129e-03
   100            500       -1.90532372e+01       2.410013e-03
   200            250       -1.90532372e+01       2.295274e-03
   500            100       -1.90532372e+01       2.237852e-03
0 0.0024350287827824215 0.002237851507522509
Stocahstic error estimate: 2.435029e-03

step=19,E=-1.1908273267637701,dE=-0.0001478638701244428,err=0.00015218929892390134,gmax=0.0450094280280269
	collect g,Hv time= 0.8253064155578613
niter= 45
	solver time=1.8848462104797363,exit status=0
	g=0.15117103940633606,del=4.55676644364642,dot=0.14628545320656933,x=14.570474098379583
saving to  ./psi20
	prob= 0.004881000685177737
	burn in time= 12.482322692871094
RANK=59,cx=-1.8283987206275295e-05,ex=1509.1410076308794
	sample time= 295.9486291408539
	contraction err= 0.026355570373644527 3.6252303139864837

Mean energy: -1.90530110e+01
Block size    # of blocks        Mean                Error
     1           50000       -1.90530110e+01       3.570901e-03
     2           25000       -1.90530110e+01       3.577468e-03
     5           10000       -1.90530110e+01       3.575049e-03
    10           5000       -1.90530110e+01       3.603558e-03
    20           2500       -1.90530110e+01       3.610008e-03
    50           1000       -1.90530110e+01       3.549222e-03
    70            714       -1.90530671e+01       3.535776e-03
   100            500       -1.90530110e+01       3.567050e-03
   200            250       -1.90530110e+01       3.365144e-03
   500            100       -1.90530110e+01       3.533618e-03
0 0.0035774680363973633 0.0035336184435328833
Stocahstic error estimate: 3.577468e-03

step=20,E=-1.1908131880785815,dE=1.4138685188624933e-05,err=0.0002235917522748352,gmax=0.2703173785573365
	collect g,Hv time= 0.9127259254455566
niter= 29
	solver time=1.1804382801055908,exit status=0
	g=1.2666306590574885,del=2.17123724194157,dot=0.4414104650284672,x=14.57047409837959
saving to  ./psi21
	prob= 0.00474343875696684
	burn in time= 12.66604995727539
	sample time= 295.9017822742462
	contraction err= 0.02644428486211839 1.65293857689614

Mean energy: -1.90604846e+01
Block size    # of blocks        Mean                Error
     1           50000       -1.90604846e+01       2.510398e-03
     2           25000       -1.90604846e+01       2.503228e-03
     5           10000       -1.90604846e+01       2.500491e-03
    10           5000       -1.90604846e+01       2.525269e-03
    20           2500       -1.90604846e+01       2.529367e-03
    50           1000       -1.90604846e+01       2.582569e-03
    70            714       -1.90604916e+01       2.590924e-03
   100            500       -1.90604846e+01       2.682825e-03
   200            250       -1.90604846e+01       2.762922e-03
   500            100       -1.90604846e+01       2.660452e-03
0 0.002510397785856968 0.0026604515932211787
Stocahstic error estimate: 2.510398e-03

step=21,E=-1.1912802877809865,dE=-0.0004670997024049939,err=0.0001568998616160605,gmax=0.03333014389414901
	collect g,Hv time= 0.6702690124511719
	solver time=1.849144458770752,exit status=0
niter= 45
	g=0.19314727308929133,del=4.368657322919641,dot=0.16306951360621935,x=14.570474098379586
saving to  ./psi22
	prob= 0.004475655463026857
	burn in time= 12.366336345672607
	sample time= 296.0024926662445
	contraction err= 0.02637160806900403 1.7792775695937928

Mean energy: -1.90605037e+01
Block size    # of blocks        Mean                Error
     1           50000       -1.90605037e+01       3.622749e-03
     2           25000       -1.90605037e+01       3.621485e-03
     5           10000       -1.90605037e+01       3.620494e-03
    10           5000       -1.90605037e+01       3.625599e-03
    20           2500       -1.90605037e+01       3.653744e-03
    50           1000       -1.90605037e+01       3.581092e-03
    70            714       -1.90605160e+01       3.583524e-03
   100            500       -1.90605037e+01       3.633677e-03
   200            250       -1.90605037e+01       3.661518e-03
   500            100       -1.90605037e+01       3.527204e-03
0 0.0036227491451965516 0.003527204309528349
Stocahstic error estimate: 3.622749e-03

step=22,E=-1.191281480370096,dE=-1.1925891094666241e-06,err=0.00022642182157478447,gmax=0.5493944913937986
	collect g,Hv time= 0.8502395153045654
	solver time=1.852461576461792,exit status=0
niter= 45
	g=0.9079504954767935,del=4.100754253550155,dot=0.5187473600404681,x=14.570474098379588
saving to  ./psi23
	prob= 0.0043258476119632065
	burn in time= 12.598644018173218
	sample time= 296.1423180103302
	contraction err= 0.027102567120382788 5.478240868871269

Mean energy: -1.90616058e+01
Block size    # of blocks        Mean                Error
     1           50000       -1.90616058e+01       5.400052e-03
     2           25000       -1.90616058e+01       5.401629e-03
     5           10000       -1.90616058e+01       5.382928e-03
    10           5000       -1.90616058e+01       5.393579e-03
    20           2500       -1.90616058e+01       5.406013e-03
    50           1000       -1.90616058e+01       5.390399e-03
    70            714       -1.90616358e+01       5.408169e-03
   100            500       -1.90616058e+01       5.389557e-03
   200            250       -1.90616058e+01       5.285773e-03
   500            100       -1.90616058e+01       5.354366e-03
0 0.005401629150364096 0.005354365738011467
Stocahstic error estimate: 5.401629e-03

step=23,E=-1.1913503612824456,dE=-6.888091234968918e-05,err=0.000337601821897756,gmax=2.1216656315868443
	collect g,Hv time= 0.8828940391540527
	solver time=0.591376781463623,exit status=0
niter= 15
	g=5.657443192809079,del=1.2145881565343166,dot=1.2697312876401117,x=14.570474098379583
saving to  ./psi24
	prob= 0.004140064444514422
	burn in time= 12.538792133331299
	sample time= 295.722247838974
	contraction err= 0.02739782579999226 3.083815401336695

Mean energy: -1.90618398e+01
Block size    # of blocks        Mean                Error
     1           50000       -1.90618398e+01       3.171414e-03
     2           25000       -1.90618398e+01       3.166137e-03
     5           10000       -1.90618398e+01       3.161908e-03
    10           5000       -1.90618398e+01       3.143491e-03
    20           2500       -1.90618398e+01       3.165006e-03
    50           1000       -1.90618398e+01       3.260249e-03
    70            714       -1.90618677e+01       3.225126e-03
   100            500       -1.90618398e+01       3.284262e-03
   200            250       -1.90618398e+01       3.385611e-03
   500            100       -1.90618398e+01       3.027085e-03
0 0.0031714137709483075 0.003027084727310256
Stocahstic error estimate: 3.171414e-03

step=24,E=-1.1913649855959791,dE=-1.4624313533495581e-05,err=0.00019821336068426922,gmax=3.5168321321555016
	collect g,Hv time= 1.0781078338623047
	solver time=0.7648961544036865,exit status=0
niter= 19
	g=10.148189584571213,del=1.5962057052766634,dot=7.469566200951059,x=14.570474098379592
saving to  ./psi25
	prob= 0.0037434691322233006
	burn in time= 12.2267005443573
	sample time= 295.8716115951538
	contraction err= 0.027652241314016432 2.2020087586854284

Mean energy: -1.90806336e+01
Block size    # of blocks        Mean                Error
     1           50000       -1.90806336e+01       1.218669e-02
     2           25000       -1.90806336e+01       1.217907e-02
     5           10000       -1.90806336e+01       1.220370e-02
    10           5000       -1.90806336e+01       1.218906e-02
    20           2500       -1.90806336e+01       1.217598e-02
    50           1000       -1.90806336e+01       1.227735e-02
    70            714       -1.90806023e+01       1.227218e-02
   100            500       -1.90806336e+01       1.229696e-02
   200            250       -1.90806336e+01       1.222746e-02
   500            100       -1.90806336e+01       1.233957e-02
0 0.01218668720616688 0.012339571503537013
Stocahstic error estimate: 1.218669e-02

step=25,E=-1.192539598957026,dE=-0.00117461336104685,err=0.00076166795038543,gmax=0.012574752686254936
	collect g,Hv time= 0.9252753257751465
	solver time=1.6087076663970947,exit status=0
niter= 39
	g=0.10048078067229234,del=3.6846527920291146,dot=0.09682040286716191,x=14.570474098379584
saving to  ./psi26
	prob= 0.003978296441754262
	burn in time= 12.274040460586548
	sample time= 296.21355414390564
	contraction err= 0.02785431799703693 7.5302320800581555

Mean energy: -1.90701400e+01
Block size    # of blocks        Mean                Error
     1           50000       -1.90701400e+01       4.179369e-03
     2           25000       -1.90701400e+01       4.187906e-03
     5           10000       -1.90701400e+01       4.182599e-03
    10           5000       -1.90701400e+01       4.215292e-03
    20           2500       -1.90701400e+01       4.226728e-03
    50           1000       -1.90701400e+01       4.133563e-03
    70            714       -1.90702119e+01       4.115119e-03
   100            500       -1.90701400e+01       4.117916e-03
   200            250       -1.90701400e+01       4.136831e-03
   500            100       -1.90701400e+01       4.008991e-03
0 0.004187905919525606 0.004008991254099198
Stocahstic error estimate: 4.187906e-03

step=26,E=-1.1918837496951888,dE=0.0006558492618371492,err=0.0002617441199703504,gmax=1.0622104849462397
	collect g,Hv time= 0.8799688816070557
	solver time=0.6326587200164795,exit status=0
niter= 16
	g=3.576253463926905,del=1.5648109113196698,dot=0.6891029882519981,x=14.57047409837959
saving to  ./psi27
	prob= 0.003964237592534089
	burn in time= 12.68276572227478
	sample time= 295.9885447025299
	contraction err= 0.02822197941534722 26.775170159091925

Mean energy: -1.90535563e+01
Block size    # of blocks        Mean                Error
     1           50000       -1.90535563e+01       7.874151e-03
     2           25000       -1.90535563e+01       7.871597e-03
     5           10000       -1.90535563e+01       7.881500e-03
    10           5000       -1.90535563e+01       7.889715e-03
    20           2500       -1.90535563e+01       7.863140e-03
    50           1000       -1.90535563e+01       7.891722e-03
    70            714       -1.90535711e+01       7.786789e-03
   100            500       -1.90535563e+01       7.764312e-03
   200            250       -1.90535563e+01       7.805818e-03
   500            100       -1.90535563e+01       7.809385e-03
0 0.007874151084384372 0.00780938531594448
Stocahstic error estimate: 7.874151e-03

step=27,E=-1.1908472667120422,dE=0.001036482983146625,err=0.0004921344427740233,gmax=1.4353587720932386
	collect g,Hv time= 0.8896536827087402
niter= 27
	solver time=1.0983915328979492,exit status=0
	g=5.847446000246039,del=1.630909486679548,dot=2.919699103625971,x=14.570474098379586
saving to  ./psi28
	prob= 0.003909240876595619
	burn in time= 12.656313180923462
	sample time= 295.736047744751
	contraction err= 0.027672965075798906 4.002431073021848

Mean energy: -1.90655843e+01
Block size    # of blocks        Mean                Error
     1           50000       -1.90655843e+01       5.134542e-03
     2           25000       -1.90655843e+01       5.127152e-03
     5           10000       -1.90655843e+01       5.115724e-03
    10           5000       -1.90655843e+01       5.124248e-03
    20           2500       -1.90655843e+01       5.043632e-03
    50           1000       -1.90655843e+01       5.040871e-03
    70            714       -1.90656065e+01       5.143453e-03
   100            500       -1.90655843e+01       5.052213e-03
   200            250       -1.90655843e+01       5.037109e-03
   500            100       -1.90655843e+01       5.021608e-03
0 0.005134541923087403 0.005021607745973525
Stocahstic error estimate: 5.134542e-03

step=28,E=-1.1915990204071465,dE=-0.0007517536951042736,err=0.0003209088701929627,gmax=0.6477133920384917
	collect g,Hv time= 0.8183927536010742
	solver time=1.514690637588501,exit status=0
niter= 37
	g=2.2948947461824476,del=2.7238199257437716,dot=1.1669871816640451,x=14.570474098379584
saving to  ./psi29
	prob= 0.0037809777007083226
	burn in time= 12.560982942581177
	sample time= 295.5995399951935
	contraction err= 0.04017652957985345 607.6233260144912

Mean energy: -1.90708993e+01
Block size    # of blocks        Mean                Error
     1           50000       -1.90708993e+01       5.826620e-03
     2           25000       -1.90708993e+01       5.826609e-03
     5           10000       -1.90708993e+01       5.813111e-03
    10           5000       -1.90708993e+01       5.818249e-03
    20           2500       -1.90708993e+01       5.846403e-03
    50           1000       -1.90708993e+01       5.849957e-03
    70            714       -1.90708199e+01       5.940639e-03
   100            500       -1.90708993e+01       5.923068e-03
   200            250       -1.90708993e+01       6.057806e-03
   500            100       -1.90708993e+01       6.068420e-03
0 0.005826619764212624 0.006068420076465699
Stocahstic error estimate: 5.826620e-03

step=29,E=-1.1919312054515667,dE=-0.0003321850444202301,err=0.000364163735263289,gmax=0.5121291520768971
	collect g,Hv time= 0.7118055820465088
	solver time=1.3332433700561523,exit status=0
niter= 30
	g=2.088369330865879,del=3.3431971686245805,dot=1.5039825300145822,x=14.57047409837959
saving to  ./psi30
	prob= 0.0037278016768821486
	burn in time= 12.76426386833191
	sample time= 296.1666715145111
	contraction err= 0.028186731644229975 4.604298464990266

Mean energy: -1.90663603e+01
Block size    # of blocks        Mean                Error
     1           50000       -1.90663603e+01       4.430407e-03
     2           25000       -1.90663603e+01       4.421454e-03
     5           10000       -1.90663603e+01       4.425420e-03
    10           5000       -1.90663603e+01       4.442744e-03
    20           2500       -1.90663603e+01       4.427456e-03
    50           1000       -1.90663603e+01       4.462073e-03
    70            714       -1.90663612e+01       4.414764e-03
   100            500       -1.90663603e+01       4.451374e-03
   200            250       -1.90663603e+01       4.399260e-03
   500            100       -1.90663603e+01       4.281118e-03
0 0.004430407060063336 0.004281117827255542
Stocahstic error estimate: 4.430407e-03

step=30,E=-1.1916475169304825,dE=0.00028368852108417997,err=0.0002769004412539585,gmax=0.6919522615438166
	collect g,Hv time= 0.9889535903930664
	solver time=1.1739542484283447,exit status=0
niter= 29
	g=2.4549318412197945,del=2.7254779339098767,dot=0.8332019137029256,x=14.570474098379586
saving to  ./psi31
	prob= 0.003696955337482292
	burn in time= 12.678847789764404
	sample time= 295.76735830307007
	contraction err= 0.027795606288238375 4.325771667094073

Mean energy: -1.90697424e+01
Block size    # of blocks        Mean                Error
     1           50000       -1.90697424e+01       2.547100e-03
     2           25000       -1.90697424e+01       2.547264e-03
     5           10000       -1.90697424e+01       2.580361e-03
    10           5000       -1.90697424e+01       2.565774e-03
    20           2500       -1.90697424e+01       2.549969e-03
    50           1000       -1.90697424e+01       2.595442e-03
    70            714       -1.90697502e+01       2.616337e-03
   100            500       -1.90697424e+01       2.683488e-03
   200            250       -1.90697424e+01       2.596369e-03
   500            100       -1.90697424e+01       2.609767e-03
0 0.0025472641589904706 0.002609767332667476
Stocahstic error estimate: 2.547264e-03

step=31,E=-1.1918589022435324,dE=-0.00021138531304987218,err=0.0001592040099369044,gmax=0.10416634733888541
	collect g,Hv time= 1.0674049854278564
	solver time=1.477283239364624,exit status=0
niter= 36
	g=0.36572211800135457,del=3.3688884049653223,dot=0.18541750657956935,x=14.570474098379586
saving to  ./psi32
	prob= 0.0036815830622185103
	burn in time= 12.682478189468384
	sample time= 295.6377363204956
	contraction err= 0.02947902628776972 44.749111839385954

Mean energy: -1.90600382e+01
Block size    # of blocks        Mean                Error
     1           50000       -1.90600382e+01       1.153463e-02
     2           25000       -1.90600382e+01       1.153639e-02
     5           10000       -1.90600382e+01       1.152837e-02
    10           5000       -1.90600382e+01       1.148761e-02
    20           2500       -1.90600382e+01       1.152369e-02
    50           1000       -1.90600382e+01       1.146062e-02
    70            714       -1.90600398e+01       1.152976e-02
   100            500       -1.90600382e+01       1.156187e-02
   200            250       -1.90600382e+01       1.163243e-02
   500            100       -1.90600382e+01       1.155861e-02
0 0.01153639495551873 0.011558609302580479
Stocahstic error estimate: 1.153639e-02

step=32,E=-1.191252384518858,dE=0.0006065177246743492,err=0.0007210246847199206,gmax=3.218800597313052
	collect g,Hv time= 0.9068667888641357
	solver time=0.8067257404327393,exit status=0
niter= 20
	g=7.255482727119504,del=2.1814056344447788,dot=6.481599692655383,x=14.570474098379586
saving to  ./psi33
	prob= 0.003528856675652665
	burn in time= 12.536587238311768
	sample time= 295.8413064479828
	contraction err= 0.02821654813021624 1.1796555421842974

Mean energy: -1.90748476e+01
Block size    # of blocks        Mean                Error
     1           50000       -1.90748476e+01       2.362589e-03
     2           25000       -1.90748476e+01       2.351061e-03
     5           10000       -1.90748476e+01       2.367211e-03
    10           5000       -1.90748476e+01       2.348969e-03
    20           2500       -1.90748476e+01       2.337682e-03
    50           1000       -1.90748476e+01       2.340767e-03
    70            714       -1.90748585e+01       2.270305e-03
   100            500       -1.90748476e+01       2.381185e-03
   200            250       -1.90748476e+01       2.384161e-03
   500            100       -1.90748476e+01       2.458253e-03
0 0.0023625890778754322 0.002458252753924029
Stocahstic error estimate: 2.362589e-03

step=33,E=-1.1921779778272878,dE=-0.000925593308429784,err=0.00014766181736721451,gmax=25.782487498304523
	collect g,Hv time= 0.9500646591186523
	solver time=0.08539009094238281,exit status=0
niter= 3
	g=59.952355993881824,del=0.2666872478602624,dot=12.82407795345382,x=14.57047409837959
saving to  ./psi34
	prob= 0.0034735476187993516
	burn in time= 12.633749723434448
RANK=34,cx=8.412238607545548e-05,ex=1108.2198631062706
	sample time= 295.74444675445557
	contraction err= 0.02885746124244065 16.623847904668015

Mean energy: -1.90576256e+01
Block size    # of blocks        Mean                Error
     1           50000       -1.90576256e+01       1.637060e-02
     2           25000       -1.90576256e+01       1.636955e-02
     5           10000       -1.90576256e+01       1.634739e-02
    10           5000       -1.90576256e+01       1.633829e-02
    20           2500       -1.90576256e+01       1.634890e-02
    50           1000       -1.90576256e+01       1.643120e-02
    70            714       -1.90575772e+01       1.646051e-02
   100            500       -1.90576256e+01       1.648838e-02
   200            250       -1.90576256e+01       1.648984e-02
   500            100       -1.90576256e+01       1.628845e-02
0 0.016370595650510817 0.01628845400804474
Stocahstic error estimate: 1.637060e-02

step=34,E=-1.1911015995640066,dE=0.001076378263281219,err=0.001023162228156926,gmax=0.1876511901723595
	collect g,Hv time= 0.8452787399291992
	solver time=1.7278814315795898,exit status=0
niter= 42
	g=0.7043648637117983,del=3.5361248763514554,dot=0.429247077876601,x=14.570474098379586
saving to  ./psi35
	prob= 0.0030900783185400962
	burn in time= 12.602732419967651
	sample time= 295.6593391895294
	contraction err= 0.028979084928670244 4.472350380905247

Mean energy: -1.90650301e+01
Block size    # of blocks        Mean                Error
     1           50000       -1.90650301e+01       8.238503e-03
     2           25000       -1.90650301e+01       8.233941e-03
     5           10000       -1.90650301e+01       8.239935e-03
    10           5000       -1.90650301e+01       8.243307e-03
    20           2500       -1.90650301e+01       8.249611e-03
    50           1000       -1.90650301e+01       8.039264e-03
    70            714       -1.90651048e+01       8.147938e-03
   100            500       -1.90650301e+01       8.005555e-03
   200            250       -1.90650301e+01       7.964767e-03
   500            100       -1.90650301e+01       8.129391e-03
0 0.008238502923605126 0.008129390658960315
Stocahstic error estimate: 8.238503e-03

step=35,E=-1.1915643789493457,dE=-0.0004627793853391182,err=0.0005149064327253204,gmax=2.4517957518867575
	collect g,Hv time= 1.0016076564788818
	solver time=0.8864846229553223,exit status=0
niter= 22
	g=6.211530815831412,del=1.7183613964180358,dot=3.2277995548297227,x=14.570474098379586
saving to  ./psi36
	prob= 0.003098095187780934
	burn in time= 12.675162076950073
RANK=100,cx=-3.772264395147565e-05,ex=41576.60955948483
	sample time= 295.66581416130066
	contraction err= 0.028887123218973215 1.3613869137117673

Mean energy: -1.90680518e+01
Block size    # of blocks        Mean                Error
     1           50000       -1.90680518e+01       5.979350e-03
     2           25000       -1.90680518e+01       5.975958e-03
     5           10000       -1.90680518e+01       5.977038e-03
    10           5000       -1.90680518e+01       5.973440e-03
    20           2500       -1.90680518e+01       5.962643e-03
    50           1000       -1.90680518e+01       5.924370e-03
    70            714       -1.90682177e+01       5.937914e-03
   100            500       -1.90680518e+01       5.950578e-03
   200            250       -1.90680518e+01       5.937167e-03
   500            100       -1.90680518e+01       6.112332e-03
0 0.005979350407830432 0.006112332458257925
Stocahstic error estimate: 5.979350e-03

step=36,E=-1.191753235441157,dE=-0.0001888564918113289,err=0.000373709400489402,gmax=1.5280100470135627
	collect g,Hv time= 1.0357885360717773
	solver time=1.2293195724487305,exit status=0
niter= 30
	g=3.42145661164918,del=2.497024681573502,dot=1.6320997255230827,x=14.570474098379586
saving to  ./psi37
	prob= 0.00308352888630812
	burn in time= 12.52039098739624
RANK=104,cx=-3.607321824118517e-05,ex=1814.8007286754628
	sample time= 295.979465007782
	contraction err= 0.0298678603762598 31.546274527042822

Mean energy: -1.90779764e+01
Block size    # of blocks        Mean                Error
     1           50000       -1.90779764e+01       2.755095e-03
     2           25000       -1.90779764e+01       2.755678e-03
     5           10000       -1.90779764e+01       2.733282e-03
    10           5000       -1.90779764e+01       2.715808e-03
    20           2500       -1.90779764e+01       2.722266e-03
    50           1000       -1.90779764e+01       2.695954e-03
    70            714       -1.90779701e+01       2.737786e-03
   100            500       -1.90779764e+01       2.687270e-03
   200            250       -1.90779764e+01       2.762338e-03
   500            100       -1.90779764e+01       2.550177e-03
0 0.002755677700858921 0.002550177102040795
Stocahstic error estimate: 2.755678e-03

step=37,E=-1.1923735228199084,dE=-0.0006202873787513052,err=0.00017222985630368256,gmax=3.620762283966699
	collect g,Hv time= 1.3858964443206787
	solver time=0.12784409523010254,exit status=0
niter= 4
	g=9.892042849027835,del=0.2321361765492893,dot=0.15140137337774487,x=14.570474098379583
saving to  ./psi38
	prob= 0.0030821998563515065
	burn in time= 12.571461200714111
	sample time= 295.553514957428
	contraction err= 0.029168888920543853 1.6252452490049722

Mean energy: -1.90805621e+01
Block size    # of blocks        Mean                Error
     1           50000       -1.90805621e+01       5.891156e-03
     2           25000       -1.90805621e+01       5.900881e-03
     5           10000       -1.90805621e+01       5.896204e-03
    10           5000       -1.90805621e+01       5.873589e-03
    20           2500       -1.90805621e+01       5.856130e-03
    50           1000       -1.90805621e+01       5.866716e-03
    70            714       -1.90806055e+01       5.855346e-03
   100            500       -1.90805621e+01       5.836417e-03
   200            250       -1.90805621e+01       5.898574e-03
   500            100       -1.90805621e+01       5.695750e-03
0 0.0059008809565765825 0.005695750258168767
Stocahstic error estimate: 5.900881e-03

step=38,E=-1.1925351303570428,dE=-0.00016160753713445608,err=0.0003688050597860364,gmax=7.260156893946747
	collect g,Hv time= 0.9936821460723877
	solver time=0.18189454078674316,exit status=0
niter= 5
	g=15.451006696908436,del=0.40740818438858967,dot=1.4994692171173494,x=14.570474098379584
saving to  ./psi39
	prob= 0.0030719715488793614
	burn in time= 12.480766534805298
	sample time= 295.5253460407257
	contraction err= 0.029086288435559556 1.95383118459094

Mean energy: -1.90756846e+01
Block size    # of blocks        Mean                Error
     1           50000       -1.90756846e+01       2.573872e-03
     2           25000       -1.90756846e+01       2.584980e-03
     5           10000       -1.90756846e+01       2.607218e-03
    10           5000       -1.90756846e+01       2.599223e-03
    20           2500       -1.90756846e+01       2.600322e-03
    50           1000       -1.90756846e+01       2.589310e-03
    70            714       -1.90756281e+01       2.537756e-03
   100            500       -1.90756846e+01       2.331363e-03
   200            250       -1.90756846e+01       2.291917e-03
   500            100       -1.90756846e+01       2.229852e-03
0 0.0025849796080837906 0.0022298520846530086
Stocahstic error estimate: 2.584980e-03

step=39,E=-1.1922302848134974,dE=0.00030484554354548443,err=0.00016156122550523691,gmax=0.1058213996542362
	collect g,Hv time= 0.7970261573791504
	solver time=1.5595331192016602,exit status=0
niter= 38
	g=0.3985341280714935,del=3.4374022469316947,dot=0.1969777544686973,x=14.570474098379584
saving to  ./psi40
	prob= 0.0030142819063004134
	burn in time= 12.518706560134888
	sample time= 295.7208466529846
	contraction err= 0.029182639730083955 1.741126335884341

Mean energy: -1.90751124e+01
Block size    # of blocks        Mean                Error
     1           50000       -1.90751124e+01       2.159130e-03
     2           25000       -1.90751124e+01       2.168540e-03
     5           10000       -1.90751124e+01       2.156068e-03
    10           5000       -1.90751124e+01       2.144848e-03
    20           2500       -1.90751124e+01       2.172589e-03
    50           1000       -1.90751124e+01       2.162753e-03
    70            714       -1.90751413e+01       2.131177e-03
   100            500       -1.90751124e+01       2.162516e-03
   200            250       -1.90751124e+01       2.123082e-03
   500            100       -1.90751124e+01       2.275830e-03
0 0.0021685400571402865 0.002275830479204488
Stocahstic error estimate: 2.168540e-03

step=40,E=-1.1921945229373037,dE=3.5761876193696196e-05,err=0.0001355337535712679,gmax=0.01674067681331884
	collect g,Hv time= 0.9506134986877441
	solver time=1.8572883605957031,exit status=0
niter= 45
	g=0.0774856785778125,del=3.957410962540779,dot=0.10383386066316794,x=14.570474098379584
saving to  ./psi41
	prob= 0.0030162349574964233
	burn in time= 12.663835048675537
RANK=83,cx=5.3233989977252596e-05,ex=-3657.9773505247877
	sample time= 295.7976839542389
	contraction err= 0.029546790830762358 1.956802464997491

Mean energy: -1.90794931e+01
Block size    # of blocks        Mean                Error
     1           50000       -1.90794931e+01       3.319887e-03
     2           25000       -1.90794931e+01       3.331986e-03
     5           10000       -1.90794931e+01       3.346932e-03
    10           5000       -1.90794931e+01       3.373337e-03
    20           2500       -1.90794931e+01       3.384394e-03
    50           1000       -1.90794931e+01       3.319471e-03
    70            714       -1.90795279e+01       3.281583e-03
   100            500       -1.90794931e+01       3.387495e-03
   200            250       -1.90794931e+01       3.327176e-03
   500            100       -1.90794931e+01       3.279449e-03
0 0.0033319864775491837 0.0032794493675449036
Stocahstic error estimate: 3.331986e-03

step=41,E=-1.1924683158195328,dE=-0.00027379288222917353,err=0.00020824915484682398,gmax=4.116816150387021
	collect g,Hv time= 1.0802085399627686
	solver time=0.12801766395568848,exit status=0
niter= 4
	g=10.087752088277036,del=0.49455562118024,dot=0.4409207450963064,x=14.570474098379584
saving to  ./psi42
	prob= 0.00299599828785736
	burn in time= 12.417141675949097
	sample time= 295.50187516212463
	contraction err= 0.029164864681476273 6.503133803556654

Mean energy: -1.90892378e+01
Block size    # of blocks        Mean                Error
     1           50000       -1.90892378e+01       9.599582e-03
     2           25000       -1.90892378e+01       9.604562e-03
     5           10000       -1.90892378e+01       9.608651e-03
    10           5000       -1.90892378e+01       9.607003e-03
    20           2500       -1.90892378e+01       9.590805e-03
    50           1000       -1.90892378e+01       9.714601e-03
    70            714       -1.90892895e+01       9.672117e-03
   100            500       -1.90892378e+01       9.628946e-03
   200            250       -1.90892378e+01       9.360963e-03
   500            100       -1.90892378e+01       9.448360e-03
0 0.009604561800479068 0.009448360025810537
Stocahstic error estimate: 9.604562e-03

step=42,E=-1.1930773596142572,dE=-0.0006090437947243732,err=0.0006002851125299417,gmax=1.830923559259692
	collect g,Hv time= 1.0670886039733887
	solver time=1.1612586975097656,exit status=0
niter= 28
	g=6.106715911400939,del=2.1830765079571326,dot=4.41455606868309,x=14.570474098379588
saving to  ./psi43
	prob= 0.00298166730715152
	burn in time= 12.759787321090698
	sample time= 295.6089217662811
	contraction err= 0.02935998316249968 2.2566458996249996

Mean energy: -1.90661294e+01
Block size    # of blocks        Mean                Error
     1           50000       -1.90661294e+01       1.477021e-02
     2           25000       -1.90661294e+01       1.477183e-02
     5           10000       -1.90661294e+01       1.476861e-02
    10           5000       -1.90661294e+01       1.477785e-02
    20           2500       -1.90661294e+01       1.477024e-02
    50           1000       -1.90661294e+01       1.487020e-02
    70            714       -1.90661022e+01       1.493257e-02
   100            500       -1.90661294e+01       1.482071e-02
   200            250       -1.90661294e+01       1.488880e-02
   500            100       -1.90661294e+01       1.485986e-02
0 0.014771828943151787 0.014859862818895233
Stocahstic error estimate: 1.477183e-02

step=43,E=-1.1916330873881877,dE=0.0014442722260694651,err=0.0009232393089469867,gmax=2.8771954617103206
	collect g,Hv time= 1.072270154953003
	solver time=0.34444642066955566,exit status=0
niter= 9
	g=11.498093534219553,del=1.286373206632836,dot=10.73065726572557,x=14.570474098379584
saving to  ./psi44
	prob= 0.0029785525290707865
	burn in time= 12.552703857421875
	sample time= 295.9518804550171
	contraction err= 0.029453819586542813 3.382023327647293

Mean energy: -1.90851930e+01
Block size    # of blocks        Mean                Error
     1           50000       -1.90851930e+01       2.081869e-02
     2           25000       -1.90851930e+01       2.083236e-02
     5           10000       -1.90851930e+01       2.081610e-02
    10           5000       -1.90851930e+01       2.082425e-02
    20           2500       -1.90851930e+01       2.081832e-02
    50           1000       -1.90851930e+01       2.083426e-02
    70            714       -1.90851713e+01       2.083625e-02
   100            500       -1.90851930e+01       2.086594e-02
   200            250       -1.90851930e+01       2.088383e-02
   500            100       -1.90851930e+01       2.083636e-02
0 0.02083235882136327 0.020836363304870043
Stocahstic error estimate: 2.083236e-02

step=44,E=-1.1928245645454558,dE=-0.0011914771572680838,err=0.0013020224263352045,gmax=49.598786830088855
	collect g,Hv time= 1.5099661350250244
	solver time=0.1286156177520752,exit status=0
niter= 4
	g=120.81907597995738,del=6.228311299255801,dot=66.67061611537778,x=14.570474098379586
saving to  ./psi45
	prob= 0.002650835109572576
	burn in time= 12.89696741104126
	sample time= 295.70518803596497
	contraction err= 0.029630502864169777 5.215112527856461

Mean energy: -1.89827581e+01
Block size    # of blocks        Mean                Error
     1           50000       -1.89827581e+01       1.076066e-02
     2           25000       -1.89827581e+01       1.075999e-02
     5           10000       -1.89827581e+01       1.074014e-02
    10           5000       -1.89827581e+01       1.075290e-02
    20           2500       -1.89827581e+01       1.068225e-02
    50           1000       -1.89827581e+01       1.073064e-02
    70            714       -1.89827793e+01       1.068339e-02
   100            500       -1.89827581e+01       1.061143e-02
   200            250       -1.89827581e+01       1.048918e-02
   500            100       -1.89827581e+01       1.067654e-02
0 0.01076066451501076 0.010676542119243768
Stocahstic error estimate: 1.076066e-02

step=45,E=-1.186422378314896,dE=0.006402186230559881,err=0.0006725415321881725,gmax=2.6055139653646284
	collect g,Hv time= 1.298720359802246
	solver time=0.3802063465118408,exit status=0
niter= 10
	g=8.992986958680884,del=2.053820230856753,dot=3.7598582673660266,x=14.570474098379586
saving to  ./psi46
	prob= 0.002840676532358106
	burn in time= 12.31265377998352
	sample time= 295.67308378219604
	contraction err= 0.030278255449560407 26.510076684217662

Mean energy: -1.90329510e+01
Block size    # of blocks        Mean                Error
     1           50000       -1.90329510e+01       1.217478e-02
     2           25000       -1.90329510e+01       1.216940e-02
     5           10000       -1.90329510e+01       1.211675e-02
    10           5000       -1.90329510e+01       1.212239e-02
    20           2500       -1.90329510e+01       1.208659e-02
    50           1000       -1.90329510e+01       1.215925e-02
    70            714       -1.90328988e+01       1.173921e-02
   100            500       -1.90329510e+01       1.173102e-02
   200            250       -1.90329510e+01       1.162643e-02
   500            100       -1.90329510e+01       1.192241e-02
0 0.012174781743070491 0.011922414386194204
Stocahstic error estimate: 1.217478e-02

step=46,E=-1.1895594366338569,dE=-0.003137058318960939,err=0.0007609238589419057,gmax=21.16000270675874
	collect g,Hv time= 1.0904603004455566
	solver time=0.08591747283935547,exit status=0
niter= 3
	g=70.13548581087298,del=0.3105710945378308,dot=6.975131784573423,x=14.570474098379584
saving to  ./psi47
	prob= 0.0029381163398093935
	burn in time= 12.723281383514404
RANK=4,cx=-7.79953544346263e-05,ex=1258.840110892592
	sample time= 295.84684562683105
	contraction err= 0.03049317669598385 51.308615874821506

Mean energy: -1.90250357e+01
Block size    # of blocks        Mean                Error
     1           50000       -1.90250357e+01       8.521462e-03
     2           25000       -1.90250357e+01       8.527804e-03
     5           10000       -1.90250357e+01       8.554340e-03
    10           5000       -1.90250357e+01       8.561525e-03
    20           2500       -1.90250357e+01       8.558393e-03
    50           1000       -1.90250357e+01       8.610045e-03
    70            714       -1.90249838e+01       8.558479e-03
   100            500       -1.90250357e+01       8.523019e-03
   200            250       -1.90250357e+01       8.568284e-03
   500            100       -1.90250357e+01       8.564390e-03
0 0.008527803951234798 0.008564390079907235
Stocahstic error estimate: 8.527804e-03

step=47,E=-1.1890647299517558,dE=0.0004947066821010537,err=0.0005329877469521749,gmax=0.9417853774850068
	collect g,Hv time= 1.5618736743927002
	solver time=1.3846161365509033,exit status=0
niter= 34
	g=3.6658400343710995,del=3.7146563960876495,dot=3.465774915073272,x=14.570474098379584
saving to  ./psi48
	prob= 0.002907850758149965
	burn in time= 12.609293460845947
	sample time= 295.6476209163666
	contraction err= 0.02908427653144062 1.9080713029533325

Mean energy: -1.90574546e+01
Block size    # of blocks        Mean                Error
     1           50000       -1.90574546e+01       2.507696e-03
     2           25000       -1.90574546e+01       2.482746e-03
     5           10000       -1.90574546e+01       2.509210e-03
    10           5000       -1.90574546e+01       2.506841e-03
    20           2500       -1.90574546e+01       2.546767e-03
    50           1000       -1.90574546e+01       2.492384e-03
    70            714       -1.90574227e+01       2.565758e-03
   100            500       -1.90574546e+01       2.619839e-03
   200            250       -1.90574546e+01       2.745668e-03
   500            100       -1.90574546e+01       2.843581e-03
0 0.002507695928404764 0.0028435811742723574
Stocahstic error estimate: 2.507696e-03

step=48,E=-1.1910909135596994,dE=-0.002026183607943599,err=0.00015673099552529775,gmax=0.10245236495861984
	collect g,Hv time= 1.3897490501403809
	solver time=1.7276642322540283,exit status=0
niter= 42
	g=0.4640209715916596,del=3.6543467867909722,dot=0.23269728519313365,x=14.57047409837959
saving to  ./psi49
	prob= 0.002935761047452528
	burn in time= 12.7296724319458
	sample time= 295.723979473114
	contraction err= 0.029212159243320567 7.437747971517263

Mean energy: -1.90616315e+01
Block size    # of blocks        Mean                Error
     1           50000       -1.90616315e+01       8.115481e-03
     2           25000       -1.90616315e+01       8.114903e-03
     5           10000       -1.90616315e+01       8.120400e-03
    10           5000       -1.90616315e+01       8.151354e-03
    20           2500       -1.90616315e+01       8.177293e-03
    50           1000       -1.90616315e+01       8.178965e-03
    70            714       -1.90615788e+01       8.130113e-03
   100            500       -1.90616315e+01       8.174368e-03
   200            250       -1.90616315e+01       8.035253e-03
   500            100       -1.90616315e+01       8.018812e-03
0 0.008115481340398316 0.008018812144715887
Stocahstic error estimate: 8.115481e-03

step=49,E=-1.1913519702609578,dE=-0.00026105670125842195,err=0.0005072175837748948,gmax=1.1675644165298351
	collect g,Hv time= 1.4841694831848145
	solver time=1.349198341369629,exit status=0
niter= 33
	g=4.102526100254326,del=2.7401395944733973,dot=3.0997701803595388,x=14.570474098379584
saving to  ./psi50
