block_dict= [(0, 1567)]
sizes= [1567]
nbatch= 1
SIZE= 640
nparam= 1567
	prob= 0.031273770794171186
	burn in time= 10.144214868545532
	sample time= 49.571473836898804
	contraction err= 0.007676585159850958 5.073195125415435

Mean energy: -1.43943578e+01
Block size    # of blocks        Mean                Error
     1           50000       -1.43943578e+01       6.507607e-03
     2           25000       -1.43943578e+01       6.507677e-03
     5           10000       -1.43943578e+01       6.506877e-03
    10           5000       -1.43943578e+01       6.528587e-03
    20           2500       -1.43943578e+01       6.501836e-03
    50           1000       -1.43943578e+01       6.178314e-03
    70            714       -1.43943905e+01       6.367977e-03
   100            500       -1.43943578e+01       6.218788e-03
   200            250       -1.43943578e+01       6.294177e-03
   500            100       -1.43943578e+01       6.634230e-03
0 0.00650767746437939 0.006634229604555372
Stocahstic error estimate: 6.507677e-03

step=0,E=-0.8996473653656916,dE=-0.8996473653656916,err=0.00040672984152371187,gmax=0.4234019832023579
	collect g,Hv time= 0.47697877883911133
	solver time=0.06331777572631836,exit status=0
niter= 52
	g=1.1686324879434173,del=2.7085133881628574,dot=1.2531362013777398,x=14.065001859351321
saving to  ./psi1
	prob= 0.05261934353730613
	burn in time= 9.672497749328613
	sample time= 221.92216873168945
	contraction err= 0.008395485615572471 27.392280630988992

Mean energy: -1.45439705e+01
Block size    # of blocks        Mean                Error
     1           50000       -1.45439705e+01       5.661968e-03
     2           25000       -1.45439705e+01       5.615225e-03
     5           10000       -1.45439705e+01       5.638961e-03
    10           5000       -1.45439705e+01       5.582681e-03
    20           2500       -1.45439705e+01       5.610732e-03
    50           1000       -1.45439705e+01       5.648055e-03
    70            714       -1.45439629e+01       5.737404e-03
   100            500       -1.45439705e+01       5.831468e-03
   200            250       -1.45439705e+01       6.069839e-03
   500            100       -1.45439705e+01       5.799851e-03
0 0.005661968172313912 0.00579985065532939
Stocahstic error estimate: 5.661968e-03

step=1,E=-0.9089981563003298,dE=-0.009350790934638198,err=0.0003538730107696195,gmax=0.7357695152300586
	collect g,Hv time= 0.4781174659729004
	solver time=0.05680131912231445,exit status=0
niter= 26
	g=1.52857067216243,del=1.132028477732925,dot=0.5298268166511297,x=14.06500185935132
saving to  ./psi2
	prob= 0.06622870010585201
	burn in time= 9.761018991470337
	sample time= 222.05776000022888
	contraction err= 0.007592394146106935 7.3511772928765895

Mean energy: -1.45620124e+01
Block size    # of blocks        Mean                Error
     1           50000       -1.45620124e+01       5.245777e-03
     2           25000       -1.45620124e+01       5.231723e-03
     5           10000       -1.45620124e+01       5.234159e-03
    10           5000       -1.45620124e+01       5.214705e-03
    20           2500       -1.45620124e+01       5.207479e-03
    50           1000       -1.45620124e+01       5.149386e-03
    70            714       -1.45621363e+01       4.956140e-03
   100            500       -1.45620124e+01       4.996257e-03
   200            250       -1.45620124e+01       5.144003e-03
   500            100       -1.45620124e+01       5.215411e-03
0 0.005245777178009526 0.005215411115299342
Stocahstic error estimate: 5.245777e-03

step=2,E=-0.9101257779778587,dE=-0.0011276216775288894,err=0.00032786107362559535,gmax=0.1513103588380018
	collect g,Hv time= 0.4783589839935303
	solver time=0.0888833999633789,exit status=0
niter= 45
	g=0.6466105708411913,del=1.7882158028190513,dot=0.31879264583627404,x=14.065001859351321
saving to  ./psi3
	prob= 0.07626104076814506
	burn in time= 9.757024049758911
	sample time= 222.57412791252136
	contraction err= 0.007424908889186977 1.5874271598828613

Mean energy: -1.45766267e+01
Block size    # of blocks        Mean                Error
     1           50000       -1.45766267e+01       7.523501e-03
     2           25000       -1.45766267e+01       7.497431e-03
     5           10000       -1.45766267e+01       7.460842e-03
    10           5000       -1.45766267e+01       7.480807e-03
    20           2500       -1.45766267e+01       7.086455e-03
    50           1000       -1.45766267e+01       7.788500e-03
    70            714       -1.45766030e+01       7.898528e-03
   100            500       -1.45766267e+01       7.370786e-03
   200            250       -1.45766267e+01       7.803209e-03
   500            100       -1.45766267e+01       8.288404e-03
0 0.007523500736526718 0.00828840383828432
Stocahstic error estimate: 7.523501e-03

step=3,E=-0.911039166148301,dE=-0.0009133881704423974,err=0.00047021879603291987,gmax=6.209984728300291
	collect g,Hv time= 0.47699499130249023
	solver time=0.03865218162536621,exit status=0
niter= 17
	g=12.521088194113126,del=0.5360504836125356,dot=1.6664626861227152,x=14.065001859351323
saving to  ./psi4
	prob= 0.08159212085432949
	burn in time= 10.025244235992432
	sample time= 222.32241773605347
	contraction err= 0.007302954843120846 2.45813497850035

Mean energy: -1.45925347e+01
Block size    # of blocks        Mean                Error
     1           50000       -1.45925347e+01       5.185135e-03
     2           25000       -1.45925347e+01       5.185785e-03
     5           10000       -1.45925347e+01       5.141750e-03
    10           5000       -1.45925347e+01       5.142373e-03
    20           2500       -1.45925347e+01       5.130946e-03
    50           1000       -1.45925347e+01       5.007286e-03
    70            714       -1.45925933e+01       4.808473e-03
   100            500       -1.45925347e+01       4.961768e-03
   200            250       -1.45925347e+01       5.042103e-03
   500            100       -1.45925347e+01       4.811740e-03
0 0.005185784795676067 0.0048117402692012005
Stocahstic error estimate: 5.185785e-03

step=4,E=-0.9120334207764366,dE=-0.0009942546281355158,err=0.0003241115497297542,gmax=0.14311580745157193
	collect g,Hv time= 0.4912905693054199
	solver time=0.10591244697570801,exit status=0
niter= 57
	g=0.6015598121531641,del=1.7113301456858558,dot=0.27010299705332397,x=14.065001859351318
saving to  ./psi5
	prob= 0.08131515161660535
	burn in time= 10.064582824707031
	sample time= 222.44924688339233
	contraction err= 0.007521745034146184 4.255660515993741

Mean energy: -1.45897136e+01
Block size    # of blocks        Mean                Error
     1           50000       -1.45897136e+01       5.163946e-03
     2           25000       -1.45897136e+01       5.164736e-03
     5           10000       -1.45897136e+01       5.229035e-03
    10           5000       -1.45897136e+01       5.259737e-03
    20           2500       -1.45897136e+01       5.145372e-03
    50           1000       -1.45897136e+01       5.117587e-03
    70            714       -1.45897195e+01       5.355240e-03
   100            500       -1.45897136e+01       5.130229e-03
   200            250       -1.45897136e+01       5.054286e-03
   500            100       -1.45897136e+01       4.825296e-03
0 0.005164736172830769 0.004825296200226524
Stocahstic error estimate: 5.164736e-03

step=5,E=-0.9118570995754403,dE=0.00017632120099631,err=0.0003227960108019231,gmax=0.7022114529275417
	collect g,Hv time= 0.47537899017333984
	solver time=0.05730628967285156,exit status=0
niter= 30
	g=1.7508302114688805,del=1.0867514152518432,dot=0.2030854605943445,x=14.065001859351318
saving to  ./psi6
	prob= 0.08357920204605869
	burn in time= 9.612649917602539
	sample time= 222.55970692634583
	contraction err= 0.009098108221139623 73.59098485301219

Mean energy: -1.45827199e+01
Block size    # of blocks        Mean                Error
     1           50000       -1.45827199e+01       5.146604e-03
     2           25000       -1.45827199e+01       5.138394e-03
     5           10000       -1.45827199e+01       5.208054e-03
    10           5000       -1.45827199e+01       5.141705e-03
    20           2500       -1.45827199e+01       5.181828e-03
    50           1000       -1.45827199e+01       5.077463e-03
    70            714       -1.45827400e+01       5.153880e-03
   100            500       -1.45827199e+01       5.152090e-03
   200            250       -1.45827199e+01       5.118000e-03
   500            100       -1.45827199e+01       4.842660e-03
0 0.005146604225864189 0.004842660208128342
Stocahstic error estimate: 5.146604e-03

step=6,E=-0.9114199964940126,dE=0.00043710308142763665,err=0.00032166276411651183,gmax=0.12289257747936225
	collect g,Hv time= 0.48212552070617676
	solver time=0.1062612533569336,exit status=0
niter= 58
	g=0.619006860434682,del=1.5315058702230313,dot=0.22593385336243488,x=14.06500185935132
saving to  ./psi7
	prob= 0.08713797490523184
	burn in time= 9.727066278457642
	sample time= 222.36738967895508
	contraction err= 0.007002697938212227 1.2751427420325134

Mean energy: -1.45914817e+01
Block size    # of blocks        Mean                Error
     1           50000       -1.45914817e+01       5.414216e-03
     2           25000       -1.45914817e+01       5.448549e-03
     5           10000       -1.45914817e+01       5.446597e-03
    10           5000       -1.45914817e+01       5.346080e-03
    20           2500       -1.45914817e+01       5.304908e-03
    50           1000       -1.45914817e+01       5.355288e-03
    70            714       -1.45915043e+01       5.458028e-03
   100            500       -1.45914817e+01       5.466550e-03
   200            250       -1.45914817e+01       5.517084e-03
   500            100       -1.45914817e+01       5.692858e-03
0 0.005448548846896764 0.00569285826539448
Stocahstic error estimate: 5.448549e-03

step=7,E=-0.9119676093176222,dE=-0.0005476128236096001,err=0.00034053430293104774,gmax=0.5091157748363091
	collect g,Hv time= 0.4852428436279297
	solver time=0.10500049591064453,exit status=0
niter= 57
	g=1.199126796259941,del=1.4876092449740912,dot=0.3621022336496711,x=14.065001859351323
saving to  ./psi8
	prob= 0.08983332573255798
	burn in time= 10.015987396240234
	sample time= 222.82303833961487
	contraction err= 0.007355898962329471 4.782880228549082

Mean energy: -1.45911846e+01
Block size    # of blocks        Mean                Error
     1           50000       -1.45911846e+01       5.462962e-03
     2           25000       -1.45911846e+01       5.446940e-03
     5           10000       -1.45911846e+01       5.460456e-03
    10           5000       -1.45911846e+01       5.434704e-03
    20           2500       -1.45911846e+01       5.297213e-03
    50           1000       -1.45911846e+01       5.513458e-03
    70            714       -1.45912724e+01       5.474034e-03
   100            500       -1.45911846e+01       5.270697e-03
   200            250       -1.45911846e+01       5.332474e-03
   500            100       -1.45911846e+01       5.016798e-03
0 0.005462961986589924 0.005016797844705843
Stocahstic error estimate: 5.462962e-03

step=8,E=-0.9119490369660157,dE=1.8572351606516158e-05,err=0.00034143512416187025,gmax=0.8341209572287296
	collect g,Hv time= 0.47843170166015625
	solver time=0.07902812957763672,exit status=0
niter= 41
	g=2.3593433264649417,del=1.4699598030482648,dot=0.4169508827842938,x=14.06500185935132
saving to  ./psi9
	prob= 0.09139760392257484
	burn in time= 9.978134155273438
	sample time= 222.58444833755493
	contraction err= 0.006988914330809573 2.351386011273936

Mean energy: -1.45947389e+01
Block size    # of blocks        Mean                Error
     1           50000       -1.45947389e+01       5.781852e-03
     2           25000       -1.45947389e+01       5.770230e-03
     5           10000       -1.45947389e+01       5.773433e-03
    10           5000       -1.45947389e+01       5.762705e-03
    20           2500       -1.45947389e+01       5.763846e-03
    50           1000       -1.45947389e+01       5.592776e-03
    70            714       -1.45947477e+01       5.680293e-03
   100            500       -1.45947389e+01       5.894603e-03
   200            250       -1.45947389e+01       6.187194e-03
   500            100       -1.45947389e+01       5.749526e-03
0 0.005781852244504851 0.0057495258817876005
Stocahstic error estimate: 5.781852e-03

step=9,E=-0.9121711824269224,dE=-0.00022214546090670861,err=0.0003613657652815532,gmax=1.909852559495453
	collect g,Hv time= 0.5088253021240234
	solver time=0.06798839569091797,exit status=0
niter= 34
	g=3.9421513737777976,del=1.217668147224914,dot=0.6056097478821769,x=14.065001859351321
saving to  ./psi10
	prob= 0.09376812646545434
	burn in time= 9.728722333908081
	sample time= 222.80951356887817
	contraction err= 0.007585614418387276 11.449783411407704

Mean energy: -1.45879326e+01
Block size    # of blocks        Mean                Error
     1           50000       -1.45879326e+01       5.205786e-03
     2           25000       -1.45879326e+01       5.184861e-03
     5           10000       -1.45879326e+01       5.200021e-03
    10           5000       -1.45879326e+01       5.210978e-03
    20           2500       -1.45879326e+01       5.239693e-03
    50           1000       -1.45879326e+01       5.232263e-03
    70            714       -1.45879385e+01       5.453631e-03
   100            500       -1.45879326e+01       5.498112e-03
   200            250       -1.45879326e+01       5.655376e-03
   500            100       -1.45879326e+01       5.919596e-03
0 0.005205786071632231 0.005919596112706608
Stocahstic error estimate: 5.205786e-03

step=10,E=-0.9117457851275255,dE=0.0004253972993969457,err=0.00032536162947701444,gmax=0.3672089724854952
	collect g,Hv time= 0.5089786052703857
	solver time=0.1040334701538086,exit status=0
niter= 59
	g=0.9404376223947106,del=1.5327195145614168,dot=0.23964668075589876,x=14.065001859351323
saving to  ./psi11
	prob= 0.0996860902317401
	burn in time= 9.739173889160156
	sample time= 222.5530982017517
	contraction err= 0.007246807707736202 10.994794496572881

Mean energy: -1.45895790e+01
Block size    # of blocks        Mean                Error
     1           50000       -1.45895790e+01       5.334857e-03
     2           25000       -1.45895790e+01       5.332006e-03
     5           10000       -1.45895790e+01       5.269791e-03
    10           5000       -1.45895790e+01       5.223738e-03
    20           2500       -1.45895790e+01       5.251775e-03
    50           1000       -1.45895790e+01       5.317021e-03
    70            714       -1.45896169e+01       5.288376e-03
   100            500       -1.45895790e+01       5.330947e-03
   200            250       -1.45895790e+01       5.150366e-03
   500            100       -1.45895790e+01       5.589189e-03
0 0.0053348574768558015 0.005589189490777368
Stocahstic error estimate: 5.334857e-03

step=11,E=-0.9118486868725133,dE=-0.00010290174498783777,err=0.0003334285923034876,gmax=0.2663668294462311
	collect g,Hv time= 0.4792485237121582
	solver time=0.10311412811279297,exit status=0
niter= 57
	g=0.7834108902966975,del=1.4438069476252855,dot=0.3361979035063538,x=14.065001859351321
saving to  ./psi12
	prob= 0.09932606847231884
	burn in time= 9.689287424087524
	sample time= 222.83358335494995
	contraction err= 0.006935398344542606 1.3290059538146644

Mean energy: -1.45988659e+01
Block size    # of blocks        Mean                Error
     1           50000       -1.45988659e+01       5.105044e-03
     2           25000       -1.45988659e+01       5.100421e-03
     5           10000       -1.45988659e+01       5.123324e-03
    10           5000       -1.45988659e+01       5.130767e-03
    20           2500       -1.45988659e+01       5.125782e-03
    50           1000       -1.45988659e+01       5.228898e-03
    70            714       -1.45988001e+01       5.188009e-03
   100            500       -1.45988659e+01       5.230419e-03
   200            250       -1.45988659e+01       5.129116e-03
   500            100       -1.45988659e+01       5.022436e-03
0 0.005105044180373615 0.0050224355948107315
Stocahstic error estimate: 5.105044e-03

step=12,E=-0.9124291209754726,dE=-0.0005804341029592708,err=0.00031906526127335093,gmax=0.24137783586471495
	collect g,Hv time= 0.555091142654419
	solver time=0.10369086265563965,exit status=0
niter= 58
	g=0.6297790034928821,del=1.562669319973928,dot=0.19429096948758517,x=14.065001859351321
saving to  ./psi13
	prob= 0.09598355473936625
	burn in time= 9.664947509765625
	sample time= 222.77703881263733
	contraction err= 0.0071776787181610045 2.215123457034446

Mean energy: -1.46018006e+01
Block size    # of blocks        Mean                Error
     1           50000       -1.46018006e+01       5.236908e-03
     2           25000       -1.46018006e+01       5.216404e-03
     5           10000       -1.46018006e+01       5.253782e-03
    10           5000       -1.46018006e+01       5.249651e-03
    20           2500       -1.46018006e+01       5.214463e-03
    50           1000       -1.46018006e+01       5.242091e-03
    70            714       -1.46017386e+01       5.188008e-03
   100            500       -1.46018006e+01       5.170383e-03
   200            250       -1.46018006e+01       5.130345e-03
   500            100       -1.46018006e+01       4.962035e-03
0 0.005236908265871063 0.004962035342644383
Stocahstic error estimate: 5.236908e-03

step=13,E=-0.9126125355194653,dE=-0.0001834145439927326,err=0.00032730676661694145,gmax=0.5216464194308705
	collect g,Hv time= 0.5379350185394287
	solver time=0.10109567642211914,exit status=0
niter= 56
	g=1.1130950848042236,del=1.4505159321367402,dot=0.3336588897517363,x=14.06500185935132
saving to  ./psi14
	prob= 0.09271530162389807
	burn in time= 9.847248554229736
	sample time= 222.76678609848022
	contraction err= 0.007202995193295529 0.9844823412915037

Mean energy: -1.46008501e+01
Block size    # of blocks        Mean                Error
     1           50000       -1.46008501e+01       5.095861e-03
     2           25000       -1.46008501e+01       5.087621e-03
     5           10000       -1.46008501e+01       5.097640e-03
    10           5000       -1.46008501e+01       5.102596e-03
    20           2500       -1.46008501e+01       5.054844e-03
    50           1000       -1.46008501e+01       4.954160e-03
    70            714       -1.46007952e+01       5.107833e-03
   100            500       -1.46008501e+01       4.979758e-03
   200            250       -1.46008501e+01       5.058023e-03
   500            100       -1.46008501e+01       5.015487e-03
0 0.005095860971381708 0.0050154870747087235
Stocahstic error estimate: 5.095861e-03

step=14,E=-0.9125531337071237,dE=5.940181234165287e-05,err=0.0003184913107113568,gmax=0.19558728457991773
	collect g,Hv time= 0.5271716117858887
	solver time=0.1025841236114502,exit status=0
niter= 58
	g=0.7107257464408399,del=1.483674964909545,dot=0.2271281935211348,x=14.06500185935132
saving to  ./psi15
	prob= 0.09007896629718114
	burn in time= 9.891175508499146
	sample time= 222.9073348045349
	contraction err= 0.008532290714757834 28.323903902937108

Mean energy: -1.45912556e+01
Block size    # of blocks        Mean                Error
     1           50000       -1.45912556e+01       5.781933e-03
     2           25000       -1.45912556e+01       5.785270e-03
     5           10000       -1.45912556e+01       5.835273e-03
    10           5000       -1.45912556e+01       5.815942e-03
    20           2500       -1.45912556e+01       5.766545e-03
    50           1000       -1.45912556e+01       5.581107e-03
    70            714       -1.45911981e+01       5.686330e-03
   100            500       -1.45912556e+01       5.437781e-03
   200            250       -1.45912556e+01       5.835905e-03
   500            100       -1.45912556e+01       5.409878e-03
0 0.005785270116020566 0.005409878327074347
Stocahstic error estimate: 5.785270e-03

step=15,E=-0.9119534733801924,dE=0.0005996603269312617,err=0.00036157938225128537,gmax=0.759300306315237
	collect g,Hv time= 0.4945845603942871
	solver time=0.06179499626159668,exit status=0
niter= 31
	g=3.0926392971099483,del=1.186849410467479,dot=0.597854161421502,x=14.06500185935132
saving to  ./psi16
	prob= 0.09070965474526159
	burn in time= 9.840554475784302
	sample time= 222.6383240222931
	contraction err= 0.0073953966541059814 7.17225604385007

Mean energy: -1.45912207e+01
Block size    # of blocks        Mean                Error
     1           50000       -1.45912207e+01       6.771085e-03
     2           25000       -1.45912207e+01       6.769237e-03
     5           10000       -1.45912207e+01       6.802283e-03
    10           5000       -1.45912207e+01       6.836328e-03
    20           2500       -1.45912207e+01       6.886211e-03
    50           1000       -1.45912207e+01       6.885065e-03
    70            714       -1.45911273e+01       6.726785e-03
   100            500       -1.45912207e+01       6.810709e-03
   200            250       -1.45912207e+01       6.711912e-03
   500            100       -1.45912207e+01       6.563084e-03
0 0.006771084540505569 0.006563083951861285
Stocahstic error estimate: 6.771085e-03

step=16,E=-0.911951293764974,dE=2.1796152184228035e-06,err=0.0004231927837815981,gmax=5.495436591244951
	collect g,Hv time= 0.5069112777709961
	solver time=0.020220041275024414,exit status=0
niter= 8
	g=20.094751309431686,del=0.27526168146660945,dot=1.1179647276944875,x=14.065001859351321
saving to  ./psi17
	prob= 0.09189962898193021
	burn in time= 9.57099199295044
	sample time= 223.06901097297668
	contraction err= 0.006909153607992347 1.6533948394919404

Mean energy: -1.45976195e+01
Block size    # of blocks        Mean                Error
     1           50000       -1.45976195e+01       5.123078e-03
     2           25000       -1.45976195e+01       5.120335e-03
     5           10000       -1.45976195e+01       5.113607e-03
    10           5000       -1.45976195e+01       5.042581e-03
    20           2500       -1.45976195e+01       5.072652e-03
    50           1000       -1.45976195e+01       5.256714e-03
    70            714       -1.45976682e+01       5.102250e-03
   100            500       -1.45976195e+01       5.261435e-03
   200            250       -1.45976195e+01       4.997926e-03
   500            100       -1.45976195e+01       4.503599e-03
0 0.005123077801725123 0.004503599202406658
Stocahstic error estimate: 5.123078e-03

step=17,E=-0.912351216671592,dE=-0.0003999229066180554,err=0.0003201923626078202,gmax=0.11283723088206443
	collect g,Hv time= 0.5804307460784912
	solver time=0.10753703117370605,exit status=0
niter= 58
	g=0.6244371190760483,del=1.6501251010655928,dot=0.23803567696701888,x=14.065001859351321
saving to  ./psi18
	prob= 0.09127949769566208
	burn in time= 9.694819450378418
	sample time= 222.6369903087616
	contraction err= 0.47684610874686734 23486.122605389326

Mean energy: -1.46040963e+01
Block size    # of blocks        Mean                Error
     1           50000       -1.46040963e+01       5.161679e-03
     2           25000       -1.46040963e+01       5.170110e-03
     5           10000       -1.46040963e+01       5.183364e-03
    10           5000       -1.46040963e+01       5.217839e-03
    20           2500       -1.46040963e+01       5.236232e-03
    50           1000       -1.46040963e+01       5.248521e-03
    70            714       -1.46039040e+01       5.325950e-03
   100            500       -1.46040963e+01       5.221736e-03
   200            250       -1.46040963e+01       5.137586e-03
   500            100       -1.46040963e+01       5.391707e-03
0 0.0051701099478754994 0.0053917065583116075
Stocahstic error estimate: 5.170110e-03

step=18,E=-0.9127560179359886,dE=-0.0004048012643965704,err=0.0003231318717422187,gmax=0.1771656825951942
	collect g,Hv time= 0.572962760925293
	solver time=0.10411882400512695,exit status=0
niter= 57
	g=0.7738658720086056,del=1.532339029825847,dot=0.2734992089603635,x=14.065001859351323
saving to  ./psi19
	prob= 0.09054009964385806
	burn in time= 9.631852865219116
	sample time= 222.96489477157593
	contraction err= 0.007258012017088427 2.437693561644185

Mean energy: -1.45916098e+01
Block size    # of blocks        Mean                Error
     1           50000       -1.45916098e+01       5.360583e-03
     2           25000       -1.45916098e+01       5.373814e-03
     5           10000       -1.45916098e+01       5.437885e-03
    10           5000       -1.45916098e+01       5.467088e-03
    20           2500       -1.45916098e+01       5.514578e-03
    50           1000       -1.45916098e+01       5.564839e-03
    70            714       -1.45915803e+01       5.636589e-03
   100            500       -1.45916098e+01       5.712215e-03
   200            250       -1.45916098e+01       5.895289e-03
   500            100       -1.45916098e+01       5.775075e-03
0 0.005373813520487578 0.005775074750587526
Stocahstic error estimate: 5.373814e-03

step=19,E=-0.9119756115313989,dE=0.0007804064045896508,err=0.00033586334503047364,gmax=2.5633805072471634
	collect g,Hv time= 0.5709831714630127
	solver time=0.04025006294250488,exit status=0
niter= 19
	g=5.18920019845171,del=0.5476608977938344,dot=0.2690637306973876,x=14.065001859351323
saving to  ./psi20
	prob= 0.08980615237196536
	burn in time= 9.699843406677246
	sample time= 222.69899201393127
	contraction err= 0.007713902271612521 13.502041855571406

Mean energy: -1.46015504e+01
Block size    # of blocks        Mean                Error
     1           50000       -1.46015504e+01       5.238205e-03
     2           25000       -1.46015504e+01       5.269293e-03
     5           10000       -1.46015504e+01       5.219289e-03
    10           5000       -1.46015504e+01       5.227882e-03
    20           2500       -1.46015504e+01       5.233527e-03
    50           1000       -1.46015504e+01       5.373662e-03
    70            714       -1.46015669e+01       5.335902e-03
   100            500       -1.46015504e+01       5.415403e-03
   200            250       -1.46015504e+01       5.409812e-03
   500            100       -1.46015504e+01       5.418026e-03
0 0.005269292917629818 0.005418025898342707
Stocahstic error estimate: 5.269293e-03

step=20,E=-0.9125969027991345,dE=-0.0006212912677355797,err=0.0003293308073518636,gmax=3.9832888343414865
	collect g,Hv time= 0.6289818286895752
	solver time=0.01722431182861328,exit status=0
niter= 7
	g=9.739179890847588,del=0.3074115199109796,dot=0.20926628347124612,x=14.06500185935132
saving to  ./psi21
	prob= 0.08985447541957338
	burn in time= 9.729774236679077
	sample time= 222.7485728263855
	contraction err= 0.007181303414306877 2.4000568408239964

Mean energy: -1.45976617e+01
Block size    # of blocks        Mean                Error
     1           50000       -1.45976617e+01       4.986020e-03
     2           25000       -1.45976617e+01       5.000216e-03
     5           10000       -1.45976617e+01       5.000395e-03
    10           5000       -1.45976617e+01       4.998947e-03
    20           2500       -1.45976617e+01       5.010168e-03
    50           1000       -1.45976617e+01       5.090321e-03
    70            714       -1.45976883e+01       5.042803e-03
   100            500       -1.45976617e+01       5.063181e-03
   200            250       -1.45976617e+01       5.160040e-03
   500            100       -1.45976617e+01       5.582606e-03
0 0.005000216070250283 0.005582605516736274
Stocahstic error estimate: 5.000216e-03

step=21,E=-0.9123538559594752,dE=0.00024304683965936658,err=0.0003125135043906427,gmax=0.061277926046206244
	collect g,Hv time= 0.5416073799133301
	solver time=0.08888483047485352,exit status=0
niter= 50
	g=0.4313923451435639,del=1.5598872674426267,dot=0.18967532442427887,x=14.06500185935132
saving to  ./psi22
	prob= 0.08420699332721625
	burn in time= 9.56972050666809
	sample time= 222.72982335090637
	contraction err= 0.0074888594829061106 6.323752425024915

Mean energy: -1.46052430e+01
Block size    # of blocks        Mean                Error
     1           50000       -1.46052430e+01       5.423707e-03
     2           25000       -1.46052430e+01       5.445284e-03
     5           10000       -1.46052430e+01       5.400924e-03
    10           5000       -1.46052430e+01       5.413480e-03
    20           2500       -1.46052430e+01       5.423538e-03
    50           1000       -1.46052430e+01       5.399630e-03
    70            714       -1.46054534e+01       5.466119e-03
   100            500       -1.46052430e+01       5.363175e-03
   200            250       -1.46052430e+01       5.404703e-03
   500            100       -1.46052430e+01       5.111566e-03
0 0.005445283577364879 0.005111566394445509
Stocahstic error estimate: 5.445284e-03

step=22,E=-0.9128276875809281,dE=-0.0004738316214529803,err=0.00034033022358530496,gmax=2.164542067501714
	collect g,Hv time= 0.6146421432495117
	solver time=0.03417348861694336,exit status=0
niter= 15
	g=8.155206982788261,del=0.3145905547615567,dot=0.30696205219493833,x=14.065001859351323
saving to  ./psi23
	prob= 0.08497684546930993
	burn in time= 9.638481855392456
	sample time= 222.72023224830627
	contraction err= 0.009898576934428185 141.8339102737262

Mean energy: -1.46019884e+01
Block size    # of blocks        Mean                Error
     1           50000       -1.46019884e+01       5.060853e-03
     2           25000       -1.46019884e+01       5.044624e-03
     5           10000       -1.46019884e+01       5.105229e-03
    10           5000       -1.46019884e+01       5.138287e-03
    20           2500       -1.46019884e+01       5.185135e-03
    50           1000       -1.46019884e+01       5.279437e-03
    70            714       -1.46019741e+01       5.348107e-03
   100            500       -1.46019884e+01       5.496348e-03
   200            250       -1.46019884e+01       5.486564e-03
   500            100       -1.46019884e+01       5.391257e-03
0 0.005060853464323362 0.005391257216311795
Stocahstic error estimate: 5.060853e-03

step=23,E=-0.9126242777763655,dE=0.00020340980456268198,err=0.0003163033415202101,gmax=1.0641081673859838
	collect g,Hv time= 0.8737103939056396
	solver time=0.06666088104248047,exit status=0
niter= 33
	g=2.1608506988191563,del=1.1104356970355285,dot=0.24052742071200717,x=14.065001859351323
saving to  ./psi24
	prob= 0.088340337151228
	burn in time= 9.747092247009277
	sample time= 223.07399106025696
	contraction err= 0.007303637862560614 2.8755275112483942

Mean energy: -1.46035440e+01
Block size    # of blocks        Mean                Error
     1           50000       -1.46035440e+01       5.032070e-03
     2           25000       -1.46035440e+01       5.038652e-03
     5           10000       -1.46035440e+01       5.044135e-03
    10           5000       -1.46035440e+01       5.062571e-03
    20           2500       -1.46035440e+01       5.061105e-03
    50           1000       -1.46035440e+01       5.058641e-03
    70            714       -1.46035005e+01       4.892020e-03
   100            500       -1.46035440e+01       4.983511e-03
   200            250       -1.46035440e+01       5.020153e-03
   500            100       -1.46035440e+01       5.236924e-03
0 0.0050386515898079584 0.005236923919444464
Stocahstic error estimate: 5.038652e-03

step=24,E=-0.9127215024976828,dE=-9.722472131734605e-05,err=0.0003149157243629974,gmax=0.17711837090128413
	collect g,Hv time= 0.6251912117004395
	solver time=0.10341763496398926,exit status=0
niter= 56
	g=0.5376306622023457,del=1.5305998040511823,dot=0.19652178490253963,x=14.065001859351325
saving to  ./psi25
	prob= 0.0875390072151236
	burn in time= 9.718313455581665
	sample time= 222.6823751926422
	contraction err= 0.007664568557134762 11.874697008477789

Mean energy: -1.46088482e+01
Block size    # of blocks        Mean                Error
     1           50000       -1.46088482e+01       5.195545e-03
     2           25000       -1.46088482e+01       5.182751e-03
     5           10000       -1.46088482e+01       5.175517e-03
    10           5000       -1.46088482e+01       5.211648e-03
    20           2500       -1.46088482e+01       5.314256e-03
    50           1000       -1.46088482e+01       5.257620e-03
    70            714       -1.46088298e+01       5.407493e-03
   100            500       -1.46088482e+01       5.434524e-03
   200            250       -1.46088482e+01       5.463368e-03
   500            100       -1.46088482e+01       5.203251e-03
0 0.005195545041312785 0.005203250613549046
Stocahstic error estimate: 5.195545e-03

step=25,E=-0.9130530138312175,dE=-0.0003315113335347064,err=0.00032472156508204906,gmax=0.18532146052836218
	collect g,Hv time= 0.8102414608001709
	solver time=0.10759902000427246,exit status=0
niter= 58
	g=0.7066393741878377,del=1.474714404851411,dot=0.2507143467197681,x=14.06500185935132
saving to  ./psi26
	prob= 0.08639494792653953
	burn in time= 9.589186429977417
	sample time= 223.06577515602112
	contraction err= 0.007107158702472983 4.565196870638896

Mean energy: -1.45934650e+01
Block size    # of blocks        Mean                Error
     1           50000       -1.45934650e+01       4.942230e-03
     2           25000       -1.45934650e+01       4.918071e-03
     5           10000       -1.45934650e+01       4.912159e-03
    10           5000       -1.45934650e+01       4.978661e-03
    20           2500       -1.45934650e+01       4.963483e-03
    50           1000       -1.45934650e+01       4.933616e-03
    70            714       -1.45935158e+01       5.028312e-03
   100            500       -1.45934650e+01       4.954203e-03
   200            250       -1.45934650e+01       5.083191e-03
   500            100       -1.45934650e+01       5.051587e-03
0 0.004942230157920915 0.00505158697696563
Stocahstic error estimate: 4.942230e-03

step=26,E=-0.9120915637430351,dE=0.0009614500881823806,err=0.0003088893848700572,gmax=0.10067571927474384
	collect g,Hv time= 0.7840206623077393
	solver time=0.0859673023223877,exit status=0
niter= 44
	g=0.4210375424850942,del=1.6984200420112712,dot=0.18522219065316012,x=14.065001859351321
saving to  ./psi27
	prob= 0.08487094199100301
	burn in time= 9.742275714874268
	sample time= 222.62407851219177
	contraction err= 0.008490369862792656 47.335330849999345

Mean energy: -1.45868922e+01
Block size    # of blocks        Mean                Error
     1           50000       -1.45868922e+01       1.538420e-02
     2           25000       -1.45868922e+01       1.538995e-02
     5           10000       -1.45868922e+01       1.540423e-02
    10           5000       -1.45868922e+01       1.541924e-02
    20           2500       -1.45868922e+01       1.537665e-02
    50           1000       -1.45868922e+01       1.552158e-02
    70            714       -1.45868154e+01       1.556807e-02
   100            500       -1.45868922e+01       1.548108e-02
   200            250       -1.45868922e+01       1.578990e-02
   500            100       -1.45868922e+01       1.607918e-02
0 0.0153899459544927 0.016079184881531646
Stocahstic error estimate: 1.538995e-02

step=27,E=-0.911680759445722,dE=0.0004108042973131054,err=0.0009618716221557938,gmax=40.56903879290126
	collect g,Hv time= 0.6523211002349854
	solver time=0.0073947906494140625,exit status=0
niter= 3
	g=178.1911073864263,del=0.7877172732989614,dot=10.94553940353122,x=14.065001859351323
saving to  ./psi28
	prob= 0.09101563046063535
	burn in time= 9.798939943313599
	sample time= 222.94592475891113
	contraction err= 0.0075417189677746774 2.6942937376930005

Mean energy: -1.43745929e+01
Block size    # of blocks        Mean                Error
     1           50000       -1.43745929e+01       7.595667e-03
     2           25000       -1.43745929e+01       7.585386e-03
     5           10000       -1.43745929e+01       7.745194e-03
    10           5000       -1.43745929e+01       7.778530e-03
    20           2500       -1.43745929e+01       7.845143e-03
    50           1000       -1.43745929e+01       7.890334e-03
    70            714       -1.43744018e+01       7.837533e-03
   100            500       -1.43745929e+01       7.977612e-03
   200            250       -1.43745929e+01       8.543314e-03
   500            100       -1.43745929e+01       9.838733e-03
0 0.00759566659738648 0.009838732699962487
Stocahstic error estimate: 7.595667e-03

step=28,E=-0.8984120569499445,dE=0.013268702495777496,err=0.000474729162336655,gmax=1.974751044420719
	collect g,Hv time= 0.7138187885284424
	solver time=0.07923746109008789,exit status=0
niter= 40
	g=6.823940436282981,del=1.145025354271143,dot=1.7118509126718209,x=14.065001859351321
saving to  ./psi29
	prob= 0.10398088868758686
	burn in time= 9.46743369102478
	sample time= 222.6189501285553
	contraction err= 0.007369378241229557 7.22397981672016

Mean energy: -1.45322479e+01
Block size    # of blocks        Mean                Error
     1           50000       -1.45322479e+01       6.307672e-03
     2           25000       -1.45322479e+01       6.305539e-03
     5           10000       -1.45322479e+01       6.303365e-03
    10           5000       -1.45322479e+01       6.306054e-03
    20           2500       -1.45322479e+01       6.352489e-03
    50           1000       -1.45322479e+01       6.389953e-03
    70            714       -1.45321566e+01       6.668873e-03
   100            500       -1.45322479e+01       6.554097e-03
   200            250       -1.45322479e+01       7.181904e-03
   500            100       -1.45322479e+01       8.127007e-03
0 0.006307671740754635 0.008127006857191593
Stocahstic error estimate: 6.307672e-03

step=29,E=-0.9082654953614666,dE=-0.009853438411522086,err=0.00039422948379716467,gmax=0.4140972573268735
	collect g,Hv time= 0.8426120281219482
	solver time=0.10520029067993164,exit status=0
niter= 56
	g=2.002275422812316,del=1.7930307619963528,dot=0.8020790535400553,x=14.06500185935132
saving to  ./psi30
	prob= 0.09367334233262978
	burn in time= 9.672751903533936
	sample time= 222.69877314567566
	contraction err= 0.007273480575540892 2.6100018646785954

Mean energy: -1.45747408e+01
Block size    # of blocks        Mean                Error
     1           50000       -1.45747408e+01       5.276989e-03
     2           25000       -1.45747408e+01       5.317967e-03
     5           10000       -1.45747408e+01       5.347564e-03
    10           5000       -1.45747408e+01       5.379771e-03
    20           2500       -1.45747408e+01       5.349020e-03
    50           1000       -1.45747408e+01       5.520418e-03
    70            714       -1.45747566e+01       5.550821e-03
   100            500       -1.45747408e+01       5.563375e-03
   200            250       -1.45747408e+01       5.819053e-03
   500            100       -1.45747408e+01       6.037417e-03
0 0.005317966752126606 0.006037416617049018
Stocahstic error estimate: 5.317967e-03

step=30,E=-0.9109212999037611,dE=-0.0026558045422945264,err=0.0003323729220079129,gmax=0.2598712976621731
	collect g,Hv time= 0.8030834197998047
	solver time=0.08087921142578125,exit status=0
niter= 42
	g=1.286406423977363,del=1.6795707356457192,dot=0.33285720198664515,x=14.065001859351321
saving to  ./psi31
	prob= 0.08868464620163104
	burn in time= 9.622774839401245
	sample time= 222.57297277450562
	contraction err= 0.007124013786654275 3.7339221160134954

Mean energy: -1.45852186e+01
Block size    # of blocks        Mean                Error
     1           50000       -1.45852186e+01       5.187514e-03
     2           25000       -1.45852186e+01       5.191037e-03
     5           10000       -1.45852186e+01       5.182602e-03
    10           5000       -1.45852186e+01       5.167066e-03
    20           2500       -1.45852186e+01       5.130792e-03
    50           1000       -1.45852186e+01       5.181156e-03
    70            714       -1.45851736e+01       5.084364e-03
   100            500       -1.45852186e+01       5.095053e-03
   200            250       -1.45852186e+01       5.049091e-03
   500            100       -1.45852186e+01       5.154731e-03
0 0.005191036687612778 0.005154730856494291
Stocahstic error estimate: 5.191037e-03

step=31,E=-0.9115761623397914,dE=-0.0006548624360303013,err=0.0003244397929757986,gmax=0.268563031398539
	collect g,Hv time= 1.067671775817871
	solver time=0.10452890396118164,exit status=0
niter= 54
	g=1.0780243881600144,del=1.5062297715210875,dot=0.27129891706214077,x=14.065001859351321
saving to  ./psi32
	prob= 0.08832807777347643
	burn in time= 9.587575435638428
	sample time= 222.80209183692932
	contraction err= 0.007568439389315782 14.696182115742074

Mean energy: -1.45966988e+01
Block size    # of blocks        Mean                Error
     1           50000       -1.45966988e+01       4.987527e-03
     2           25000       -1.45966988e+01       4.980825e-03
     5           10000       -1.45966988e+01       4.968508e-03
    10           5000       -1.45966988e+01       4.943433e-03
    20           2500       -1.45966988e+01       4.948985e-03
    50           1000       -1.45966988e+01       4.990277e-03
    70            714       -1.45965472e+01       5.229040e-03
   100            500       -1.45966988e+01       5.101429e-03
   200            250       -1.45966988e+01       5.164681e-03
   500            100       -1.45966988e+01       5.559278e-03
0 0.004987527421675145 0.005559278157930559
Stocahstic error estimate: 4.987527e-03

step=32,E=-0.9122936739953088,dE=-0.0007175116555173666,err=0.00031172046385469655,gmax=0.2641288734189544
	collect g,Hv time= 0.8167085647583008
	solver time=0.0823371410369873,exit status=0
niter= 43
	g=0.8028742135229753,del=1.4383162699680714,dot=0.1925146831710114,x=14.065001859351323
saving to  ./psi33
	prob= 0.08526793053896861
	burn in time= 9.667426109313965
	sample time= 222.86962270736694
	contraction err= 0.007194111194964372 2.943674019150632

Mean energy: -1.46063141e+01
Block size    # of blocks        Mean                Error
     1           50000       -1.46063141e+01       5.259655e-03
     2           25000       -1.46063141e+01       5.293813e-03
     5           10000       -1.46063141e+01       5.306025e-03
    10           5000       -1.46063141e+01       5.277800e-03
    20           2500       -1.46063141e+01       5.302436e-03
    50           1000       -1.46063141e+01       5.440586e-03
    70            714       -1.46063300e+01       5.489446e-03
   100            500       -1.46063141e+01       5.663160e-03
   200            250       -1.46063141e+01       5.851249e-03
   500            100       -1.46063141e+01       6.105792e-03
0 0.005293813244579366 0.006105791600733321
Stocahstic error estimate: 5.293813e-03

step=33,E=-0.9128946297059161,dE=-0.0006009557106072538,err=0.00033086332778621037,gmax=0.15904801551383496
	collect g,Hv time= 0.8175396919250488
	solver time=0.10720181465148926,exit status=0
niter= 56
	g=0.7135950727874966,del=1.702245643628446,dot=0.3189186645179785,x=14.065001859351321
saving to  ./psi34
	prob= 0.08148273515706508
	burn in time= 9.707205772399902
	sample time= 222.67749881744385
	contraction err= 0.007416278324840698 6.657100303153027

Mean energy: -1.46093180e+01
Block size    # of blocks        Mean                Error
     1           50000       -1.46093180e+01       5.340983e-03
     2           25000       -1.46093180e+01       5.350507e-03
     5           10000       -1.46093180e+01       5.331346e-03
    10           5000       -1.46093180e+01       5.307181e-03
    20           2500       -1.46093180e+01       5.337096e-03
    50           1000       -1.46093180e+01       5.166472e-03
    70            714       -1.46092179e+01       5.257840e-03
   100            500       -1.46093180e+01       5.156536e-03
   200            250       -1.46093180e+01       5.229150e-03
   500            100       -1.46093180e+01       5.633707e-03
0 0.005350507184982153 0.005633706870258281
Stocahstic error estimate: 5.350507e-03

step=34,E=-0.9130823738838508,dE=-0.00018774417793476772,err=0.00033440669906138455,gmax=0.5272951375166077
	collect g,Hv time= 0.6469237804412842
	solver time=0.08570027351379395,exit status=0
niter= 45
	g=1.9286057049906118,del=1.527596392795806,dot=0.3639484842373957,x=14.06500185935132
saving to  ./psi35
	prob= 0.07590293003999016
	burn in time= 9.700079679489136
	sample time= 222.99326992034912
	contraction err= 0.007655859146578339 2.38095619019452

Mean energy: -1.46059259e+01
Block size    # of blocks        Mean                Error
     1           50000       -1.46059259e+01       5.689360e-03
     2           25000       -1.46059259e+01       5.686584e-03
     5           10000       -1.46059259e+01       5.714146e-03
    10           5000       -1.46059259e+01       5.717675e-03
    20           2500       -1.46059259e+01       5.763763e-03
    50           1000       -1.46059259e+01       5.640593e-03
    70            714       -1.46057687e+01       5.642946e-03
   100            500       -1.46059259e+01       5.542508e-03
   200            250       -1.46059259e+01       5.687516e-03
   500            100       -1.46059259e+01       5.557437e-03
0 0.005689360286348699 0.00555743669441515
Stocahstic error estimate: 5.689360e-03

step=35,E=-0.9128703703723464,dE=0.00021200351150441055,err=0.0003555850178967937,gmax=2.8311413747875966
	collect g,Hv time= 0.8132050037384033
	solver time=0.04894089698791504,exit status=0
niter= 22
	g=6.610157096721512,del=0.6264329884085457,dot=0.5210979647949272,x=14.06500185935132
saving to  ./psi36
	prob= 0.07267526769776791
	burn in time= 9.772939920425415
	sample time= 222.6009018421173
	contraction err= 0.02039053355295746 617.0258976666994

Mean energy: -1.45995158e+01
Block size    # of blocks        Mean                Error
     1           50000       -1.45995158e+01       5.125176e-03
     2           25000       -1.45995158e+01       5.110953e-03
     5           10000       -1.45995158e+01       5.062178e-03
    10           5000       -1.45995158e+01       5.008005e-03
    20           2500       -1.45995158e+01       4.968608e-03
    50           1000       -1.45995158e+01       4.941390e-03
    70            714       -1.45994544e+01       4.948017e-03
   100            500       -1.45995158e+01       5.033144e-03
   200            250       -1.45995158e+01       5.164204e-03
   500            100       -1.45995158e+01       5.254852e-03
0 0.005125176328671179 0.0052548520148514135
Stocahstic error estimate: 5.125176e-03

step=36,E=-0.9124697344409919,dE=0.00040063593135453157,err=0.0003203235205419487,gmax=0.28338042001840014
	collect g,Hv time= 1.0208745002746582
	solver time=0.08174586296081543,exit status=0
niter= 42
	g=1.1307332851674226,del=1.2618919885647717,dot=0.23256516179702708,x=14.065001859351323
saving to  ./psi37
	prob= 0.07916254236383945
	burn in time= 9.642455577850342
	sample time= 223.07568192481995
	contraction err= 0.007429925141648691 3.51450903753315

Mean energy: -1.46000768e+01
Block size    # of blocks        Mean                Error
     1           50000       -1.46000768e+01       4.993036e-03
     2           25000       -1.46000768e+01       5.014749e-03
     5           10000       -1.46000768e+01       4.995018e-03
    10           5000       -1.46000768e+01       5.004705e-03
    20           2500       -1.46000768e+01       5.015452e-03
    50           1000       -1.46000768e+01       4.934518e-03
    70            714       -1.46000967e+01       5.036270e-03
   100            500       -1.46000768e+01       4.876748e-03
   200            250       -1.46000768e+01       4.670551e-03
   500            100       -1.46000768e+01       5.228973e-03
0 0.005014749098272334 0.005228972527875122
Stocahstic error estimate: 5.014749e-03

step=37,E=-0.9125048028284726,dE=-3.5068387480685637e-05,err=0.00031342181864202085,gmax=0.09376155835963312
	collect g,Hv time= 0.8657031059265137
	solver time=0.1071929931640625,exit status=0
niter= 57
	g=0.5026552298660336,del=1.4272327670882043,dot=0.2086638814313732,x=14.065001859351321
saving to  ./psi38
	prob= 0.07679107979334884
	burn in time= 9.793073654174805
	sample time= 222.6100356578827
	contraction err= 0.007360563009917803 4.272675777051528

Mean energy: -1.46055062e+01
Block size    # of blocks        Mean                Error
     1           50000       -1.46055062e+01       4.997284e-03
     2           25000       -1.46055062e+01       4.987887e-03
     5           10000       -1.46055062e+01       4.952390e-03
    10           5000       -1.46055062e+01       4.988094e-03
    20           2500       -1.46055062e+01       4.958850e-03
    50           1000       -1.46055062e+01       4.946985e-03
    70            714       -1.46056029e+01       4.967751e-03
   100            500       -1.46055062e+01       4.882101e-03
   200            250       -1.46055062e+01       4.568454e-03
   500            100       -1.46055062e+01       4.706553e-03
0 0.004997284258621283 0.004706553065296984
Stocahstic error estimate: 4.997284e-03

step=38,E=-0.9128441345170747,dE=-0.00033933168860211804,err=0.00031233026616383017,gmax=0.09682129958167551
	collect g,Hv time= 0.895167350769043
	solver time=0.08597660064697266,exit status=0
niter= 43
	g=0.4768140889033106,del=1.471655409156301,dot=0.1767869455366297,x=14.065001859351321
saving to  ./psi39
	prob= 0.07593714325109932
	burn in time= 9.556726932525635
	sample time= 222.83875918388367
	contraction err= 0.007286002684453281 1.5906190842590497

Mean energy: -1.45997024e+01
Block size    # of blocks        Mean                Error
     1           50000       -1.45997024e+01       5.013077e-03
     2           25000       -1.45997024e+01       4.994261e-03
     5           10000       -1.45997024e+01       5.020041e-03
    10           5000       -1.45997024e+01       4.998431e-03
    20           2500       -1.45997024e+01       4.972155e-03
    50           1000       -1.45997024e+01       4.967365e-03
    70            714       -1.45997527e+01       5.077275e-03
   100            500       -1.45997024e+01       5.174877e-03
   200            250       -1.45997024e+01       5.272116e-03
   500            100       -1.45997024e+01       4.995707e-03
0 0.0050130770647718445 0.0049957073270351145
Stocahstic error estimate: 5.013077e-03

step=39,E=-0.9124814010682882,dE=0.0003627334487864564,err=0.0003133173165482403,gmax=0.12610204724758653
	collect g,Hv time= 0.8604373931884766
	solver time=0.10513734817504883,exit status=0
niter= 57
	g=0.6258518393194655,del=1.3266871696578613,dot=0.20310828005789022,x=14.06500185935132
saving to  ./psi40
	prob= 0.07435110485080969
	burn in time= 9.578017234802246
	sample time= 222.60438704490662
	contraction err= 0.007580672896206425 5.054395328242126

Mean energy: -1.46076869e+01
Block size    # of blocks        Mean                Error
     1           50000       -1.46076869e+01       5.565126e-03
     2           25000       -1.46076869e+01       5.575412e-03
     5           10000       -1.46076869e+01       5.537813e-03
    10           5000       -1.46076869e+01       5.557330e-03
    20           2500       -1.46076869e+01       5.583703e-03
    50           1000       -1.46076869e+01       5.728529e-03
    70            714       -1.46076047e+01       5.664291e-03
   100            500       -1.46076869e+01       5.468644e-03
   200            250       -1.46076869e+01       5.303389e-03
   500            100       -1.46076869e+01       5.134257e-03
0 0.005575411546302546 0.005134257166869184
Stocahstic error estimate: 5.575412e-03

step=40,E=-0.9129804309606069,dE=-0.0004990298923186476,err=0.00034846322164390915,gmax=2.4114538508757795
	collect g,Hv time= 0.8613021373748779
	solver time=0.052556514739990234,exit status=0
niter= 24
	g=6.18920450909924,del=0.6683427194470178,dot=0.49986660053896165,x=14.065001859351323
saving to  ./psi41
	prob= 0.06930428608617129
	burn in time= 9.682351112365723
	sample time= 222.43931651115417
	contraction err= 0.0076109571038647785 3.3073805848757574

Mean energy: -1.45968848e+01
Block size    # of blocks        Mean                Error
     1           50000       -1.45968848e+01       5.138335e-03
     2           25000       -1.45968848e+01       5.150331e-03
     5           10000       -1.45968848e+01       5.159766e-03
    10           5000       -1.45968848e+01       5.213451e-03
    20           2500       -1.45968848e+01       5.235888e-03
    50           1000       -1.45968848e+01       5.334627e-03
    70            714       -1.45971453e+01       5.282002e-03
   100            500       -1.45968848e+01       5.280815e-03
   200            250       -1.45968848e+01       5.350523e-03
   500            100       -1.45968848e+01       5.293122e-03
0 0.005150331493281483 0.0052931218297405545
Stocahstic error estimate: 5.150331e-03

step=41,E=-0.9123052996509277,dE=0.0006751313096792222,err=0.00032189571833009267,gmax=0.797029402096026
	collect g,Hv time= 0.9548842906951904
	solver time=0.04136991500854492,exit status=0
niter= 18
	g=2.691515117325726,del=0.4381142865501378,dot=0.16470032714849325,x=14.065001859351318
saving to  ./psi42
	prob= 0.07155653705784218
	burn in time= 9.68637490272522
	sample time= 222.75573778152466
	contraction err= 0.007402682164963293 2.2909667763388164

Mean energy: -1.46052894e+01
Block size    # of blocks        Mean                Error
     1           50000       -1.46052894e+01       4.867075e-03
     2           25000       -1.46052894e+01       4.877718e-03
     5           10000       -1.46052894e+01       4.886190e-03
    10           5000       -1.46052894e+01       4.844180e-03
    20           2500       -1.46052894e+01       4.781941e-03
    50           1000       -1.46052894e+01       4.709107e-03
    70            714       -1.46052974e+01       4.651766e-03
   100            500       -1.46052894e+01       4.828269e-03
   200            250       -1.46052894e+01       4.899804e-03
   500            100       -1.46052894e+01       4.366719e-03
0 0.0048777183495879815 0.004366718832065326
Stocahstic error estimate: 4.877718e-03

step=42,E=-0.9128305851772845,dE=-0.000525285526356889,err=0.00030485739684924884,gmax=0.11327081324509791
	collect g,Hv time= 0.8975822925567627
	solver time=0.11487436294555664,exit status=0
niter= 58
	g=0.47655825641614263,del=1.2034147693252844,dot=0.15631125531093465,x=14.065001859351323
saving to  ./psi43
	prob= 0.07395075574563238
	burn in time= 9.674029350280762
	sample time= 222.38507676124573
	contraction err= 0.00765880172888584 3.782571791908553

Mean energy: -1.46068203e+01
Block size    # of blocks        Mean                Error
     1           50000       -1.46068203e+01       4.971077e-03
     2           25000       -1.46068203e+01       4.956348e-03
     5           10000       -1.46068203e+01       4.956580e-03
    10           5000       -1.46068203e+01       4.950042e-03
    20           2500       -1.46068203e+01       4.925965e-03
    50           1000       -1.46068203e+01       4.828986e-03
    70            714       -1.46068680e+01       4.930558e-03
   100            500       -1.46068203e+01       4.719199e-03
   200            250       -1.46068203e+01       4.849624e-03
   500            100       -1.46068203e+01       5.056862e-03
0 0.004971076920802805 0.005056862214390199
Stocahstic error estimate: 4.971077e-03

step=43,E=-0.9129262695031175,dE=-9.56843258329565e-05,err=0.0003106923075501753,gmax=0.08904029451727982
	collect g,Hv time= 0.8015403747558594
	solver time=0.11053800582885742,exit status=0
niter= 58
	g=0.579710357263508,del=1.3238478821478221,dot=0.17358814616890605,x=14.065001859351321
saving to  ./psi44
	prob= 0.07257186047877563
	burn in time= 9.498230457305908
	sample time= 222.83866000175476
	contraction err= 0.007705165260019064 9.46045136421258

Mean energy: -1.46072717e+01
Block size    # of blocks        Mean                Error
     1           50000       -1.46072717e+01       5.086157e-03
     2           25000       -1.46072717e+01       5.084456e-03
     5           10000       -1.46072717e+01       5.061577e-03
    10           5000       -1.46072717e+01       5.092213e-03
    20           2500       -1.46072717e+01       5.103011e-03
    50           1000       -1.46072717e+01       4.989573e-03
    70            714       -1.46072285e+01       5.170627e-03
   100            500       -1.46072717e+01       4.990441e-03
   200            250       -1.46072717e+01       5.096853e-03
   500            100       -1.46072717e+01       5.047227e-03
0 0.005086157499980655 0.005047227162564199
Stocahstic error estimate: 5.086157e-03

step=44,E=-0.9129544812820053,dE=-2.821177888778781e-05,err=0.00031788484374879094,gmax=0.43633095973563263
	collect g,Hv time= 0.9337739944458008
	solver time=0.11116170883178711,exit status=0
niter= 58
	g=1.10805892389874,del=1.3111163890285478,dot=0.24991437955489232,x=14.06500185935132
saving to  ./psi45
	prob= 0.07158307195373861
	burn in time= 9.613245487213135
	sample time= 222.39809918403625
	contraction err= 0.00730477806388503 2.0088658276554154

Mean energy: -1.46018676e+01
Block size    # of blocks        Mean                Error
     1           50000       -1.46018676e+01       5.121320e-03
     2           25000       -1.46018676e+01       5.120507e-03
     5           10000       -1.46018676e+01       5.209135e-03
    10           5000       -1.46018676e+01       5.171159e-03
    20           2500       -1.46018676e+01       5.162695e-03
    50           1000       -1.46018676e+01       5.164535e-03
    70            714       -1.46017892e+01       5.029450e-03
   100            500       -1.46018676e+01       5.137715e-03
   200            250       -1.46018676e+01       5.306076e-03
   500            100       -1.46018676e+01       5.206733e-03
0 0.0051213203662488155 0.005206733387018018
Stocahstic error estimate: 5.121320e-03

step=45,E=-0.9126167238482017,dE=0.00033775743380359824,err=0.00032008252289055097,gmax=0.17495700730377095
	collect g,Hv time= 0.8978087902069092
	solver time=0.114593505859375,exit status=0
niter= 59
	g=0.6282769754139413,del=1.4521366727381684,dot=0.26111096816253376,x=14.065001859351321
saving to  ./psi46
	prob= 0.07534991975083552
	burn in time= 9.625844955444336
	sample time= 222.82995176315308
	contraction err= 0.007154833094461839 2.210177522193635

Mean energy: -1.46104724e+01
Block size    # of blocks        Mean                Error
     1           50000       -1.46104724e+01       6.456048e-03
     2           25000       -1.46104724e+01       6.444819e-03
     5           10000       -1.46104724e+01       6.430478e-03
    10           5000       -1.46104724e+01       6.457962e-03
    20           2500       -1.46104724e+01       6.431656e-03
    50           1000       -1.46104724e+01       6.403275e-03
    70            714       -1.46104393e+01       6.603051e-03
   100            500       -1.46104724e+01       6.562467e-03
   200            250       -1.46104724e+01       6.500552e-03
   500            100       -1.46104724e+01       6.720128e-03
0 0.006456048113196147 0.006720128130608891
Stocahstic error estimate: 6.456048e-03

step=46,E=-0.9131545231690957,dE=-0.000537799320894039,err=0.00040350300707475917,gmax=9.148324663729174
	collect g,Hv time= 1.0682437419891357
	solver time=0.017342567443847656,exit status=0
niter= 7
	g=22.066719298707522,del=0.23430918995800845,dot=1.006665646601339,x=14.065001859351323
saving to  ./psi47
	prob= 0.07571285639764937
	burn in time= 9.443415403366089
	sample time= 222.4972472190857
	contraction err= 0.007384873164518213 5.236913516884793

Mean energy: -1.46050276e+01
Block size    # of blocks        Mean                Error
     1           50000       -1.46050276e+01       4.966232e-03
     2           25000       -1.46050276e+01       5.016906e-03
     5           10000       -1.46050276e+01       4.999716e-03
    10           5000       -1.46050276e+01       5.029834e-03
    20           2500       -1.46050276e+01       4.999342e-03
    50           1000       -1.46050276e+01       5.035466e-03
    70            714       -1.46051802e+01       5.033036e-03
   100            500       -1.46050276e+01       5.012047e-03
   200            250       -1.46050276e+01       5.135976e-03
   500            100       -1.46050276e+01       5.222373e-03
0 0.005016906455997577 0.005222372562388346
Stocahstic error estimate: 5.016906e-03

step=47,E=-0.912814224085335,dE=0.00034029908376076445,err=0.0003135566534998486,gmax=0.21200549968461857
	collect g,Hv time= 1.151808738708496
	solver time=0.11899447441101074,exit status=0
niter= 59
	g=0.7080970441561445,del=1.209674912689115,dot=0.19002691246388748,x=14.06500185935132
saving to  ./psi48
	prob= 0.07826543688756957
	burn in time= 9.571709156036377
	sample time= 222.7424774169922
	contraction err= 0.008077844103027015 16.46535459022249

Mean energy: -1.46033802e+01
Block size    # of blocks        Mean                Error
     1           50000       -1.46033802e+01       4.879219e-03
     2           25000       -1.46033802e+01       4.874129e-03
     5           10000       -1.46033802e+01       4.922435e-03
    10           5000       -1.46033802e+01       4.948971e-03
    20           2500       -1.46033802e+01       4.956656e-03
    50           1000       -1.46033802e+01       4.904389e-03
    70            714       -1.46032127e+01       4.965163e-03
   100            500       -1.46033802e+01       4.812742e-03
   200            250       -1.46033802e+01       4.894065e-03
   500            100       -1.46033802e+01       5.493314e-03
0 0.004879219414038229 0.005493314242200783
Stocahstic error estimate: 4.879219e-03

step=48,E=-0.912711264602625,dE=0.00010295948270999666,err=0.0003049512133773893,gmax=0.09824761399683712
	collect g,Hv time= 1.4712700843811035
	solver time=0.1102595329284668,exit status=0
niter= 54
	g=0.503533731565142,del=1.3078305398980385,dot=0.17756083183689986,x=14.065001859351321
saving to  ./psi49
	prob= 0.07416652380919356
	burn in time= 9.617852210998535
	sample time= 222.54948902130127
	contraction err= 0.012755053105573021 260.98610964898904

Mean energy: -1.46065559e+01
Block size    # of blocks        Mean                Error
     1           50000       -1.46065559e+01       5.199620e-03
     2           25000       -1.46065559e+01       5.176421e-03
     5           10000       -1.46065559e+01       5.181194e-03
    10           5000       -1.46065559e+01       5.182353e-03
    20           2500       -1.46065559e+01       5.209726e-03
    50           1000       -1.46065559e+01       5.094568e-03
    70            714       -1.46065971e+01       5.029292e-03
   100            500       -1.46065559e+01       5.062915e-03
   200            250       -1.46065559e+01       4.998005e-03
   500            100       -1.46065559e+01       5.169184e-03
0 0.005199620037352086 0.005169184134218695
Stocahstic error estimate: 5.199620e-03

step=49,E=-0.9129097430315115,dE=-0.00019847842888653933,err=0.0003249762523345054,gmax=0.4158753776306645
	collect g,Hv time= 1.0289876461029053
	solver time=0.1147012710571289,exit status=0
niter= 55
	g=1.7435038431865157,del=1.1605689052029629,dot=0.3207255346171836,x=14.065001859351321
saving to  ./psi50
