block_dict= [(0, 772)]
sizes= [772]
block_dict= [(0, 772)]
sizes= [772]
block_dict= [(0, 576)]
sizes= [576]
nbatch= 1
SIZE= 640
Lx,Ly= 4 4
nelec= (7, 7)
D= 4
chi= 16
nparam= 2120
	prob= 0.0728613427607253
	burn in time= 18.158884048461914
	sample time= 249.82848358154297
	contraction err= 2.872256921147207e-14 5.626368682667204e-12

Mean energy: -1.30413015e+01
Block size    # of blocks        Mean                Error
     1           50000       -1.30413015e+01       6.183458e-03
     2           25000       -1.30413015e+01       6.177106e-03
     5           10000       -1.30413015e+01       6.182074e-03
    10           5000       -1.30413015e+01       6.231925e-03
    20           2500       -1.30413015e+01       6.226931e-03
    50           1000       -1.30413015e+01       5.913440e-03
    70            714       -1.30412623e+01       6.173137e-03
   100            500       -1.30413015e+01       5.901185e-03
   200            250       -1.30413015e+01       5.617542e-03
   500            100       -1.30413015e+01       6.513296e-03
0 0.006183458023499745 0.006513295876114401
Stocahstic error estimate: 6.183458e-03

step=50,E=-0.8150813411176595,dE=-0.8150813411176595,err=0.00038646612646873405,gmax=1.437939860543871
	collect g,Hv time= 1.6311547756195068
	solver time=0.03660416603088379,exit status=0
niter= 25
pure_newton= False
	solver time=2.4025700092315674,exit status=0
niter= 1459
	prob= 0.012075678807783563
	burn in time= 18.05224871635437
	sample time= 331.8123941421509
	contraction err= 1.6395274748472852e-14 5.579346227988473e-13

Mean energy: -1.30397832e+01
Block size    # of blocks        Mean                Error
     1           50000       -1.30397832e+01       6.030765e-03
     2           25000       -1.30397832e+01       6.037688e-03
     5           10000       -1.30397832e+01       6.009517e-03
    10           5000       -1.30397832e+01       6.000712e-03
    20           2500       -1.30397832e+01       5.960387e-03
    50           1000       -1.30397832e+01       5.808809e-03
    70            714       -1.30397747e+01       5.879780e-03
   100            500       -1.30397832e+01       5.807723e-03
   200            250       -1.30397832e+01       5.896141e-03
   500            100       -1.30397832e+01       5.534322e-03
0 0.006037687738630212 0.005534322299916549
Stocahstic error estimate: 6.037688e-03

	predict=-0.010688158970428336,actual=(0.001518296445784273, 0.008642269745708529)
	g=3.8622473760565756,del=0.16680174616942545,dot=0.06517639783371738,x=25.787309253345004
saving to  ./psi51_0
saving to  ./psi51_1
	prob= 0.06741398614276968
	burn in time= 17.510080814361572
	sample time= 1183.0207314491272
	contraction err= 2.924638565781758e-14 1.7797038493705993e-12

Mean energy: -1.30345448e+01
Block size    # of blocks        Mean                Error
     1           50000       -1.30345448e+01       6.201681e-03
     2           25000       -1.30345448e+01       6.223118e-03
     5           10000       -1.30345448e+01       6.191294e-03
    10           5000       -1.30345448e+01       6.128351e-03
    20           2500       -1.30345448e+01       6.186468e-03
    50           1000       -1.30345448e+01       6.418945e-03
    70            714       -1.30346414e+01       6.420551e-03
   100            500       -1.30345448e+01       6.367256e-03
   200            250       -1.30345448e+01       6.463848e-03
   500            100       -1.30345448e+01       6.287821e-03
0 0.0062231175098246315 0.006287820876429461
Stocahstic error estimate: 6.223118e-03

step=51,E=-0.8146590516403039,dE=0.0004222894773555641,err=0.00038894484436403947,gmax=0.2509721308068862
	collect g,Hv time= 2.546642780303955
	solver time=0.09137916564941406,exit status=0
niter= 29
pure_newton= False
	solver time=13.885370969772339,exit status=0
niter= 1749
	prob= 0.02747695541259597
	burn in time= 17.737021446228027
	sample time= 332.73481702804565
	contraction err= 1.7295503888705375e-14 8.849487133215401e-13

Mean energy: -1.30385501e+01
Block size    # of blocks        Mean                Error
     1           50000       -1.30385501e+01       6.239373e-03
     2           25000       -1.30385501e+01       6.257351e-03
     5           10000       -1.30385501e+01       6.258388e-03
    10           5000       -1.30385501e+01       6.267935e-03
    20           2500       -1.30385501e+01       6.256678e-03
    50           1000       -1.30385501e+01       6.460422e-03
    70            714       -1.30385876e+01       6.511106e-03
   100            500       -1.30385501e+01       6.488826e-03
   200            250       -1.30385501e+01       6.343993e-03
   500            100       -1.30385501e+01       7.252048e-03
0 0.006257350622829326 0.0072520477151915294
Stocahstic error estimate: 6.257351e-03

	predict=-0.011641534196383552,actual=(-0.004005322765396002, 0.008825056847301806)
	g=0.7601645014656782,del=0.53105893375681,dot=0.02327997121424865,x=25.787309253345004
saving to  ./psi52_0
saving to  ./psi52_1
	prob= 0.02747695541259597
	burn in time= 17.61300563812256
	sample time= 1183.2931337356567
	contraction err= 3.154790277659595e-14 1.3866429284513581e-12

Mean energy: -1.30382249e+01
Block size    # of blocks        Mean                Error
     1           50000       -1.30382249e+01       6.164494e-03
     2           25000       -1.30382249e+01       6.165881e-03
     5           10000       -1.30382249e+01       6.225234e-03
    10           5000       -1.30382249e+01       6.241804e-03
    20           2500       -1.30382249e+01       6.337289e-03
    50           1000       -1.30382249e+01       6.496439e-03
    70            714       -1.30382353e+01       6.410653e-03
   100            500       -1.30382249e+01       6.501779e-03
   200            250       -1.30382249e+01       6.675017e-03
   500            100       -1.30382249e+01       6.867558e-03
0 0.006165881183782598 0.0068675582393564515
Stocahstic error estimate: 6.165881e-03

step=52,E=-0.8148890532628562,dE=-0.0002300016225522672,err=0.0003853675739864124,gmax=0.24741163125392518
	collect g,Hv time= 2.8234944343566895
niter= 29
	solver time=0.10056853294372559,exit status=0
pure_newton= False
	solver time=17.7890682220459,exit status=0
niter= 2303
	prob= 0.010953988615758675
	burn in time= 17.510910749435425
	sample time= 333.0290927886963
	contraction err= 1.9279817230475078e-14 6.032713785630312e-13

Mean energy: -1.30535279e+01
Block size    # of blocks        Mean                Error
     1           50000       -1.30535279e+01       6.049307e-03
     2           25000       -1.30535279e+01       6.078045e-03
     5           10000       -1.30535279e+01       6.056446e-03
    10           5000       -1.30535279e+01       6.104638e-03
    20           2500       -1.30535279e+01       6.136625e-03
    50           1000       -1.30535279e+01       6.152460e-03
    70            714       -1.30534376e+01       6.111872e-03
   100            500       -1.30535279e+01       6.254260e-03
   200            250       -1.30535279e+01       6.109475e-03
   500            100       -1.30535279e+01       6.180664e-03
0 0.006078044794163786 0.006180664004804793
Stocahstic error estimate: 6.078045e-03

	predict=-0.010511745262347973,actual=(-0.015303097361199391, 0.008657985868109615)
	g=0.9211159984782858,del=0.4252182895935279,dot=0.021028749737821366,x=25.787309253345008
saving to  ./psi53_0
saving to  ./psi53_1
	prob= 0.010953988615758675
	burn in time= 18.428056240081787
	sample time= 1182.6094288825989
	contraction err= 3.082862549674043e-14 2.512743911896953e-12

Mean energy: -1.30539567e+01
Block size    # of blocks        Mean                Error
     1           50000       -1.30539567e+01       6.155189e-03
     2           25000       -1.30539567e+01       6.150425e-03
     5           10000       -1.30539567e+01       6.188565e-03
    10           5000       -1.30539567e+01       6.206961e-03
    20           2500       -1.30539567e+01       6.208252e-03
    50           1000       -1.30539567e+01       6.024950e-03
    70            714       -1.30537933e+01       6.136887e-03
   100            500       -1.30539567e+01       5.878404e-03
   200            250       -1.30539567e+01       5.301959e-03
   500            100       -1.30539567e+01       5.547666e-03
0 0.006155189114359914 0.005547666332647775
Stocahstic error estimate: 6.155189e-03

step=53,E=-0.8158722939629496,dE=-0.0009832407000933685,err=0.00038469931964749463,gmax=0.33669471367478465
	collect g,Hv time= 3.954468250274658
	solver time=0.0824427604675293,exit status=0
niter= 26
pure_newton= False
	solver time=9.137836694717407,exit status=0
niter= 1149
	prob= 0.00358478077669549
	burn in time= 17.759329557418823
	sample time= 332.68114471435547
	contraction err= 1.4659404403725896e-11 4.382428261585007e-08

Mean energy: -1.30559408e+01
Block size    # of blocks        Mean                Error
     1           50000       -1.30559408e+01       6.110016e-03
     2           25000       -1.30559408e+01       6.124990e-03
     5           10000       -1.30559408e+01       6.113577e-03
    10           5000       -1.30559408e+01       6.080684e-03
    20           2500       -1.30559408e+01       6.116242e-03
    50           1000       -1.30559408e+01       6.151210e-03
    70            714       -1.30560398e+01       6.053734e-03
   100            500       -1.30559408e+01       6.126421e-03
   200            250       -1.30559408e+01       6.261584e-03
   500            100       -1.30559408e+01       5.788923e-03
0 0.006124989816417759 0.005788923277681761
Stocahstic error estimate: 6.124990e-03

	predict=-0.014133316353371374,actual=(-0.0019841465325658447, 0.008683424053030925)
	g=1.1819705817164197,del=0.43881038311035575,dot=0.028261282270506727,x=25.78730925334502
saving to  ./psi54_0
saving to  ./psi54_1
	prob= 0.00358478077669549
	burn in time= 17.603495836257935
	sample time= 1182.2293002605438
	contraction err= 2.600099219251521e-11 4.382429100973864e-08

Mean energy: -1.30538078e+01
Block size    # of blocks        Mean                Error
     1           50000       -1.30538078e+01       6.071692e-03
     2           25000       -1.30538078e+01       6.079169e-03
     5           10000       -1.30538078e+01       6.058895e-03
    10           5000       -1.30538078e+01       6.002913e-03
    20           2500       -1.30538078e+01       6.029345e-03
    50           1000       -1.30538078e+01       5.975593e-03
    70            714       -1.30537647e+01       5.945436e-03
   100            500       -1.30538078e+01       5.723797e-03
   200            250       -1.30538078e+01       5.833930e-03
   500            100       -1.30538078e+01       6.149890e-03
0 0.00607916879014398 0.006149889655628588
Stocahstic error estimate: 6.079169e-03

step=54,E=-0.8158629856405996,dE=9.308322350021214e-06,err=0.00037994804938399875,gmax=0.8547029926438938
	collect g,Hv time= 2.51395320892334
	solver time=0.08030223846435547,exit status=0
niter= 23
pure_newton= False
	solver time=9.683582305908203,exit status=0
niter= 1247
	prob= 0.003842658119989156
	burn in time= 18.275834560394287
	sample time= 333.04762840270996
	contraction err= 2.686398198708145e-13 1.0982710753182099e-08

Mean energy: -1.30629714e+01
Block size    # of blocks        Mean                Error
     1           50000       -1.30629714e+01       5.996124e-03
     2           25000       -1.30629714e+01       6.002753e-03
     5           10000       -1.30629714e+01       5.978515e-03
    10           5000       -1.30629714e+01       6.024784e-03
    20           2500       -1.30629714e+01       6.006995e-03
    50           1000       -1.30629714e+01       5.982420e-03
    70            714       -1.30629533e+01       5.944719e-03
   100            500       -1.30629714e+01       5.653856e-03
   200            250       -1.30629714e+01       5.819450e-03
   500            100       -1.30629714e+01       5.870911e-03
0 0.006002752966149314 0.005870911352396539
Stocahstic error estimate: 6.002753e-03

	predict=-0.011807112929462847,actual=(-0.009163663979979475, 0.008543379679709605)
	g=2.180745532730255,del=0.4676654074680465,dot=0.02361857440578448,x=25.787309253345004
saving to  ./psi55_0
saving to  ./psi55_1
	prob= 0.003842658119989156
	burn in time= 18.31864619255066
	sample time= 1181.3843202590942
	contraction err= 6.094370394279095e-14 1.286437796599064e-09

Mean energy: -1.30700706e+01
Block size    # of blocks        Mean                Error
     1           50000       -1.30700706e+01       6.011533e-03
     2           25000       -1.30700706e+01       6.034639e-03
     5           10000       -1.30700706e+01       6.068644e-03
    10           5000       -1.30700706e+01       6.040026e-03
    20           2500       -1.30700706e+01       6.086788e-03
    50           1000       -1.30700706e+01       6.165786e-03
    70            714       -1.30699126e+01       6.166922e-03
   100            500       -1.30700706e+01       6.187122e-03
   200            250       -1.30700706e+01       6.092649e-03
   500            100       -1.30700706e+01       6.258044e-03
0 0.00603463913958993 0.006258043669945092
Stocahstic error estimate: 6.034639e-03

step=55,E=-0.8168794107498863,dE=-0.0010164251092867893,err=0.00037716494622437065,gmax=0.8109593934543113
	collect g,Hv time= 2.760300874710083
	solver time=0.08064603805541992,exit status=0
niter= 26
pure_newton= False
	solver time=20.743618488311768,exit status=0
niter= 2606
	prob= 0.014151430864611543
	burn in time= 17.822298765182495
	sample time= 332.62926983833313
	contraction err= 2.2468434928943955e-14 8.490877666834458e-13

Mean energy: -1.30961427e+01
Block size    # of blocks        Mean                Error
     1           50000       -1.30961427e+01       5.826821e-03
     2           25000       -1.30961427e+01       5.814106e-03
     5           10000       -1.30961427e+01       5.810591e-03
    10           5000       -1.30961427e+01       5.795487e-03
    20           2500       -1.30961427e+01       5.860165e-03
    50           1000       -1.30961427e+01       5.991010e-03
    70            714       -1.30961103e+01       5.811966e-03
   100            500       -1.30961427e+01       6.006554e-03
   200            250       -1.30961427e+01       5.926503e-03
   500            100       -1.30961427e+01       5.426708e-03
0 0.005826821498726131 0.00542670805917872
Stocahstic error estimate: 5.826821e-03

	predict=-0.014470892224647596,actual=(-0.026072151682315692, 0.008388606458947024)
	g=2.324581146002106,del=0.5673155482832175,dot=0.028972956596246092,x=25.787309253345008
saving to  ./psi56_0
saving to  ./psi56_1
	prob= 0.014151430864611543
	burn in time= 17.816567420959473
	sample time= 1180.5776326656342
	contraction err= 3.7222195167384067e-14 1.9576073852950304e-12

Mean energy: -1.30914393e+01
Block size    # of blocks        Mean                Error
     1           50000       -1.30914393e+01       5.818465e-03
     2           25000       -1.30914393e+01       5.835515e-03
     5           10000       -1.30914393e+01       5.878421e-03
    10           5000       -1.30914393e+01       5.843554e-03
    20           2500       -1.30914393e+01       5.747279e-03
    50           1000       -1.30914393e+01       5.664053e-03
    70            714       -1.30913314e+01       5.422259e-03
   100            500       -1.30914393e+01       5.486938e-03
   200            250       -1.30914393e+01       5.645078e-03
   500            100       -1.30914393e+01       5.677452e-03
0 0.005835514643432682 0.005677452180834189
Stocahstic error estimate: 5.835515e-03

step=56,E=-0.81821495800192,dE=-0.0013355472520336642,err=0.00036471966521454263,gmax=0.8682533306021014
	collect g,Hv time= 3.2863826751708984
	solver time=0.0885324478149414,exit status=0
niter= 25
pure_newton= False
	solver time=19.58701181411743,exit status=0
niter= 2451
	prob= 0.005860224224773642
	burn in time= 18.104839086532593
	sample time= 332.0329487323761
	contraction err= 2.2920466295537287e-14 7.959091635492552e-13

Mean energy: -1.31036931e+01
Block size    # of blocks        Mean                Error
     1           50000       -1.31036931e+01       5.568400e-03
     2           25000       -1.31036931e+01       5.566940e-03
     5           10000       -1.31036931e+01       5.506262e-03
    10           5000       -1.31036931e+01       5.583570e-03
    20           2500       -1.31036931e+01       5.610472e-03
    50           1000       -1.31036931e+01       5.492362e-03
    70            714       -1.31035427e+01       5.540981e-03
   100            500       -1.31036931e+01       5.377484e-03
   200            250       -1.31036931e+01       5.475601e-03
   500            100       -1.31036931e+01       5.385894e-03
0 0.005568400460275072 0.0053858939000137555
Stocahstic error estimate: 5.568400e-03

	predict=-0.01252461562314238,actual=(-0.012253772913403793, 0.008065997448531018)
	g=2.3797626266768415,del=0.5469777907664827,dot=0.025089469608206592,x=25.787309253345004
saving to  ./psi57_0
saving to  ./psi57_1
	prob= 0.005860224224773642
	burn in time= 18.014517068862915
	sample time= 1180.6394174098969
	contraction err= 3.367136757622334e-14 1.7847995395318524e-12

Mean energy: -1.31018839e+01
Block size    # of blocks        Mean                Error
     1           50000       -1.31018839e+01       5.661238e-03
     2           25000       -1.31018839e+01       5.666031e-03
     5           10000       -1.31018839e+01       5.651908e-03
    10           5000       -1.31018839e+01       5.661183e-03
    20           2500       -1.31018839e+01       5.756992e-03
    50           1000       -1.31018839e+01       5.700803e-03
    70            714       -1.31019840e+01       5.803433e-03
   100            500       -1.31018839e+01       5.902230e-03
   200            250       -1.31018839e+01       5.907490e-03
   500            100       -1.31018839e+01       6.124694e-03
0 0.00566603081177857 0.0061246937883401974
Stocahstic error estimate: 5.666031e-03

step=57,E=-0.8188677424277179,dE=-0.0006527844257978588,err=0.00035412692573616065,gmax=1.650062723631379
	collect g,Hv time= 3.974203109741211
niter= 23
	solver time=0.07974624633789062,exit status=0
pure_newton= False
	solver time=18.06609559059143,exit status=0
niter= 2327
	prob= 0.017962081517748644
	burn in time= 17.871615886688232
	sample time= 332.42513632774353
	contraction err= 3.414567042686221e-14 7.401363779874623e-12

Mean energy: -1.31232454e+01
Block size    # of blocks        Mean                Error
     1           50000       -1.31232454e+01       5.594765e-03
     2           25000       -1.31232454e+01       5.564880e-03
     5           10000       -1.31232454e+01       5.592299e-03
    10           5000       -1.31232454e+01       5.534430e-03
    20           2500       -1.31232454e+01       5.649090e-03
    50           1000       -1.31232454e+01       5.643357e-03
    70            714       -1.31233799e+01       5.732374e-03
   100            500       -1.31232454e+01       5.541104e-03
   200            250       -1.31232454e+01       5.758222e-03
   500            100       -1.31232454e+01       5.666724e-03
0 0.005594765259580339 0.0056667238241901
Stocahstic error estimate: 5.594765e-03

	predict=-0.01055949527217443,actual=(-0.021361518388090417, 0.007962744719619686)
	g=2.6039745231845215,del=0.5206042644380099,dot=0.021110719312078405,x=25.787309253345015
saving to  ./psi58_0
saving to  ./psi58_1
	prob= 0.017962081517748644
	burn in time= 17.991061210632324
	sample time= 1180.4382877349854
	contraction err= 4.6837686619335586e-14 7.046439816678057e-12

Mean energy: -1.31217007e+01
Block size    # of blocks        Mean                Error
     1           50000       -1.31217007e+01       5.488005e-03
     2           25000       -1.31217007e+01       5.480316e-03
     5           10000       -1.31217007e+01       5.456536e-03
    10           5000       -1.31217007e+01       5.432671e-03
    20           2500       -1.31217007e+01       5.469662e-03
    50           1000       -1.31217007e+01       5.511727e-03
    70            714       -1.31216726e+01       5.167125e-03
   100            500       -1.31217007e+01       5.382101e-03
   200            250       -1.31217007e+01       5.013211e-03
   500            100       -1.31217007e+01       5.271054e-03
0 0.00548800492902909 0.0052710538050160655
Stocahstic error estimate: 5.488005e-03

step=58,E=-0.8201062920447146,dE=-0.0012385496169967647,err=0.00034300030806431813,gmax=0.5404696525167338
	collect g,Hv time= 5.586725950241089
	solver time=0.08867716789245605,exit status=0
niter= 28
pure_newton= False
	solver time=24.674062967300415,exit status=100
niter= 3101
	prob= 0.03841717294153819
	burn in time= 18.402845859527588
	sample time= 332.4227409362793
	contraction err= 2.5214602580355677e-14 3.334438861682091e-12

Mean energy: -1.31405470e+01
Block size    # of blocks        Mean                Error
     1           50000       -1.31405470e+01       5.463809e-03
     2           25000       -1.31405470e+01       5.471131e-03
     5           10000       -1.31405470e+01       5.499581e-03
    10           5000       -1.31405470e+01       5.530942e-03
    20           2500       -1.31405470e+01       5.448770e-03
    50           1000       -1.31405470e+01       5.617948e-03
    70            714       -1.31406819e+01       5.634185e-03
   100            500       -1.31405470e+01       5.486926e-03
   200            250       -1.31405470e+01       5.485138e-03
   500            100       -1.31405470e+01       5.974300e-03
0 0.005471131232785129 0.005974300236401167
Stocahstic error estimate: 5.471131e-03

	predict=-0.010527398633520183,actual=(-0.01884628347098527, 0.007749288681382602)
	g=1.4313235304071488,del=0.5083550367607367,dot=0.02109098564416862,x=25.787309253345004
saving to  ./psi59_0
saving to  ./psi59_1
	prob= 0.03841717294153819
	burn in time= 18.794670343399048
	sample time= 1180.1442036628723
	contraction err= 3.750108306547072e-14 1.8574202164606095e-12

Mean energy: -1.31310090e+01
Block size    # of blocks        Mean                Error
     1           50000       -1.31310090e+01       5.496160e-03
     2           25000       -1.31310090e+01       5.508941e-03
     5           10000       -1.31310090e+01       5.512043e-03
    10           5000       -1.31310090e+01       5.535491e-03
    20           2500       -1.31310090e+01       5.519933e-03
    50           1000       -1.31310090e+01       5.432568e-03
    70            714       -1.31308606e+01       5.608727e-03
   100            500       -1.31310090e+01       5.409609e-03
   200            250       -1.31310090e+01       5.706614e-03
   500            100       -1.31310090e+01       5.423128e-03
0 0.005508941238614213 0.005423127920048671
Stocahstic error estimate: 5.508941e-03

step=59,E=-0.8206880621130257,dE=-0.0005817700683110605,err=0.00034430882741338833,gmax=0.6567361890152483
	collect g,Hv time= 3.3639256954193115
	solver time=0.08856010437011719,exit status=0
niter= 28
pure_newton= False
	solver time=24.660438299179077,exit status=100
niter= 3101
	prob= 0.023508214178379446
	burn in time= 18.25067710876465
	sample time= 332.7099347114563
	contraction err= 5.305650018978195e-14 3.170056322865297e-11

Mean energy: -1.31529805e+01
Block size    # of blocks        Mean                Error
     1           50000       -1.31529805e+01       5.299750e-03
     2           25000       -1.31529805e+01       5.273339e-03
     5           10000       -1.31529805e+01       5.303357e-03
    10           5000       -1.31529805e+01       5.287594e-03
    20           2500       -1.31529805e+01       5.232568e-03
    50           1000       -1.31529805e+01       5.236523e-03
    70            714       -1.31528716e+01       5.127058e-03
   100            500       -1.31529805e+01       5.268070e-03
   200            250       -1.31529805e+01       5.518755e-03
   500            100       -1.31529805e+01       5.466058e-03
0 0.005299749714028993 0.005466057605415109
Stocahstic error estimate: 5.299750e-03

	predict=-0.015492041360983946,actual=(-0.0219715025686682, 0.007644329964218885)
	g=1.795848751287259,del=0.5376724539948503,dot=0.031009467200802575,x=25.787309253345008
saving to  ./psi60_0
saving to  ./psi60_1
block_dict= [(0, 772)]
sizes= [772]
block_dict= [(0, 772)]
sizes= [772]
block_dict= [(0, 576)]
sizes= [576]
nbatch= 1
SIZE= 640
Lx,Ly= 4 4
nelec= (7, 7)
D= 4
chi= 16
nparam= 2120
	prob= 0.023508214178379446
	burn in time= 18.457668781280518
	sample time= 251.8773102760315
	contraction err= 6.561375427190087e-14 2.4309424270723143e-11

Mean energy: -1.31502199e+01
Block size    # of blocks        Mean                Error
     1           50000       -1.31502199e+01       5.341141e-03
     2           25000       -1.31502199e+01       5.375699e-03
     5           10000       -1.31502199e+01       5.380288e-03
    10           5000       -1.31502199e+01       5.356878e-03
    20           2500       -1.31502199e+01       5.369931e-03
    50           1000       -1.31502199e+01       5.418231e-03
    70            714       -1.31499369e+01       5.513186e-03
   100            500       -1.31502199e+01       5.536538e-03
   200            250       -1.31502199e+01       5.639833e-03
   500            100       -1.31502199e+01       6.047727e-03
0 0.005375699035849836 0.006047726856203027
Stocahstic error estimate: 5.375699e-03

step=60,E=-0.8218887445358694,dE=-0.8218887445358694,err=0.0003359811897406148,gmax=1.63926444075895
	collect g,Hv time= 1.8401710987091064
	solver time=0.03838515281677246,exit status=0
niter= 26
pure_newton= False
niter= 2265
	solver time=3.7648794651031494,exit status=0
	prob= 0.0041496686347064875
	burn in time= 18.581026315689087
	sample time= 340.0862407684326
	contraction err= 3.9114121881658025e-13 4.445329156492411e-11

Mean energy: -1.31678460e+01
Block size    # of blocks        Mean                Error
     1           50000       -1.31678460e+01       5.156854e-03
     2           25000       -1.31678460e+01       5.146046e-03
     5           10000       -1.31678460e+01       5.176376e-03
    10           5000       -1.31678460e+01       5.131923e-03
    20           2500       -1.31678460e+01       5.202205e-03
    50           1000       -1.31678460e+01       4.986125e-03
    70            714       -1.31678802e+01       5.043661e-03
   100            500       -1.31678460e+01       5.057591e-03
   200            250       -1.31678460e+01       5.001980e-03
   500            100       -1.31678460e+01       4.853986e-03
0 0.005156854281187731 0.0048539862265997965
Stocahstic error estimate: 5.156854e-03

	predict=-0.013908869864105923,actual=(-0.0176260693854271, 0.0074492473580517575)
	g=4.878466657514338,del=0.4717378706162103,dot=0.027876535769091198,x=25.78730925334501
saving to  ./psi61_0
saving to  ./psi61_1
	prob= 0.0041496686347064875
	burn in time= 18.72624444961548
	sample time= 1208.073612689972
	contraction err= 3.9555741909321665e-13 2.919138211346437e-11

Mean energy: -1.31548859e+01
Block size    # of blocks        Mean                Error
     1           50000       -1.31548859e+01       5.365575e-03
     2           25000       -1.31548859e+01       5.375941e-03
     5           10000       -1.31548859e+01       5.340673e-03
    10           5000       -1.31548859e+01       5.315340e-03
    20           2500       -1.31548859e+01       5.320366e-03
    50           1000       -1.31548859e+01       5.468343e-03
    70            714       -1.31552805e+01       5.444782e-03
   100            500       -1.31548859e+01       5.490435e-03
   200            250       -1.31548859e+01       5.551574e-03
   500            100       -1.31548859e+01       5.556874e-03
0 0.005375940705145233 0.005556873548986415
Stocahstic error estimate: 5.375941e-03

step=61,E=-0.8221803670427866,dE=-0.0002916225069172773,err=0.00033599629407157707,gmax=3.624370900667145
	collect g,Hv time= 2.4318008422851562
niter= 20
	solver time=0.07136130332946777,exit status=0
pure_newton= False
	solver time=11.937994003295898,exit status=0
niter= 1527
	prob= 0.000352210552376147
	burn in time= 18.730578660964966
	sample time= 341.2334325313568
	contraction err= 1.2219244957926069e-12 4.1738716739670854e-11

Mean energy: -1.31684074e+01
Block size    # of blocks        Mean                Error
     1           50000       -1.31684074e+01       5.302301e-03
     2           25000       -1.31684074e+01       5.297355e-03
     5           10000       -1.31684074e+01       5.325974e-03
    10           5000       -1.31684074e+01       5.369438e-03
    20           2500       -1.31684074e+01       5.306916e-03
    50           1000       -1.31684074e+01       5.316816e-03
    70            714       -1.31687249e+01       5.356862e-03
   100            500       -1.31684074e+01       5.318849e-03
   200            250       -1.31684074e+01       5.295536e-03
   500            100       -1.31684074e+01       5.233775e-03
0 0.005302301068489248 0.005233774938354422
Stocahstic error estimate: 5.302301e-03

	predict=-0.014606045634709677,actual=(-0.013521545110080524, 0.007550836714307868)
	g=10.51629831794403,del=0.4526554874226429,dot=0.029342312996762876,x=25.787309253345004
saving to  ./psi62_0
saving to  ./psi62_1
	prob= 0.000352210552376147
	burn in time= 18.550848484039307
	sample time= 1208.6441667079926
	contraction err= 1.2316369370556118e-12 5.28047234935191e-11

Mean energy: -1.31619382e+01
Block size    # of blocks        Mean                Error
     1           50000       -1.31619382e+01       5.266584e-03
     2           25000       -1.31619382e+01       5.263845e-03
     5           10000       -1.31619382e+01       5.278671e-03
    10           5000       -1.31619382e+01       5.263283e-03
    20           2500       -1.31619382e+01       5.279427e-03
    50           1000       -1.31619382e+01       5.171448e-03
    70            714       -1.31618591e+01       5.136928e-03
   100            500       -1.31619382e+01       5.134863e-03
   200            250       -1.31619382e+01       5.420498e-03
   500            100       -1.31619382e+01       6.230809e-03
0 0.005266583928593996 0.006230809073705387
Stocahstic error estimate: 5.266584e-03

step=62,E=-0.822621137675794,dE=-0.0004407706330074035,err=0.00032916149553712475,gmax=1.2196195574664728
	collect g,Hv time= 2.2070913314819336
niter= 23
	solver time=0.08124685287475586,exit status=0
pure_newton= False
	solver time=19.87925887107849,exit status=0
niter= 2516
	prob= 0.0013610832865523562
	burn in time= 19.158350229263306
	sample time= 341.7137541770935
	contraction err= 1.3885252999826048e-12 6.67104570312473e-11

Mean energy: -1.31787132e+01
Block size    # of blocks        Mean                Error
     1           50000       -1.31787132e+01       5.264486e-03
     2           25000       -1.31787132e+01       5.279233e-03
     5           10000       -1.31787132e+01       5.246304e-03
    10           5000       -1.31787132e+01       5.266130e-03
    20           2500       -1.31787132e+01       5.216684e-03
    50           1000       -1.31787132e+01       5.171927e-03
    70            714       -1.31787936e+01       5.232872e-03
   100            500       -1.31787132e+01       5.109751e-03
   200            250       -1.31787132e+01       5.192225e-03
   500            100       -1.31787132e+01       5.276866e-03
0 0.005279233210438042 0.005276865979636101
Stocahstic error estimate: 5.279233e-03

	predict=-0.009770085387458166,actual=(-0.016775018504736394, 0.007457024176380048)
	g=2.3200121951173696,del=0.42932955539938267,dot=0.0195732475398303,x=25.787309253345004
saving to  ./psi63_0
saving to  ./psi63_1
	prob= 0.0013610832865523562
	burn in time= 19.00742793083191
	sample time= 1208.2883365154266
	contraction err= 1.4002935739381539e-12 9.274973293084528e-11

Mean energy: -1.31666660e+01
Block size    # of blocks        Mean                Error
     1           50000       -1.31666660e+01       5.115757e-03
     2           25000       -1.31666660e+01       5.091282e-03
     5           10000       -1.31666660e+01       5.052560e-03
    10           5000       -1.31666660e+01       5.051006e-03
    20           2500       -1.31666660e+01       5.018100e-03
    50           1000       -1.31666660e+01       4.970104e-03
    70            714       -1.31667247e+01       4.916832e-03
   100            500       -1.31666660e+01       5.158327e-03
   200            250       -1.31666660e+01       4.941123e-03
   500            100       -1.31666660e+01       4.722767e-03
0 0.005115757439898643 0.004722766995247775
Stocahstic error estimate: 5.115757e-03

step=63,E=-0.8229166220071311,dE=-0.0002954843313370814,err=0.0003197348399936652,gmax=0.45921751649678555
	collect g,Hv time= 2.492168664932251
niter= 27
	solver time=0.09560179710388184,exit status=0
pure_newton= False
	solver time=13.307820320129395,exit status=0
niter= 1676
	prob= 4.0772412127343356e-05
	burn in time= 18.71356225013733
	sample time= 341.16205406188965
	contraction err= 9.719192387743938e-13 8.625922072574947e-11

Mean energy: -1.31793531e+01
Block size    # of blocks        Mean                Error
     1           50000       -1.31793531e+01       5.063015e-03
     2           25000       -1.31793531e+01       5.065948e-03
     5           10000       -1.31793531e+01       5.059395e-03
    10           5000       -1.31793531e+01       5.068558e-03
    20           2500       -1.31793531e+01       4.992203e-03
    50           1000       -1.31793531e+01       4.946281e-03
    70            714       -1.31792249e+01       4.902374e-03
   100            500       -1.31793531e+01       4.783090e-03
   200            250       -1.31793531e+01       4.744463e-03
   500            100       -1.31793531e+01       4.928250e-03
0 0.0050659477678935095 0.004928249865079064
Stocahstic error estimate: 5.065948e-03

	predict=-0.009192975866253152,actual=(-0.012687157926219328, 0.007199638947260032)
	g=1.4560935663267713,del=0.4250066177277231,dot=0.018359310396237657,x=25.787309253345004
saving to  ./psi64_0
saving to  ./psi64_1
	prob= 4.0772412127343356e-05
	burn in time= 18.711849689483643
	sample time= 1207.6114082336426
	contraction err= 9.6315391721719e-13 4.874224440414457e-11

Mean energy: -1.31879348e+01
Block size    # of blocks        Mean                Error
     1           50000       -1.31879348e+01       5.107470e-03
     2           25000       -1.31879348e+01       5.105400e-03
     5           10000       -1.31879348e+01       5.102273e-03
    10           5000       -1.31879348e+01       5.125918e-03
    20           2500       -1.31879348e+01       5.012056e-03
    50           1000       -1.31879348e+01       4.878520e-03
    70            714       -1.31878441e+01       4.958905e-03
   100            500       -1.31879348e+01       4.990778e-03
   200            250       -1.31879348e+01       5.105993e-03
   500            100       -1.31879348e+01       5.453528e-03
0 0.005107469772110308 0.005453527522826449
Stocahstic error estimate: 5.107470e-03

step=64,E=-0.8242459239144955,dE=-0.0013293019073643553,err=0.00031921686075689424,gmax=0.6794856024665421
	collect g,Hv time= 2.962930917739868
	solver time=0.08225011825561523,exit status=0
niter= 27
pure_newton= False
	solver time=8.877679109573364,exit status=0
niter= 1136
	prob= 8.138622452512592e-05
	burn in time= 18.703389883041382
	sample time= 341.7001450061798
	contraction err= 5.058976892197213e-13 7.426557262421291e-11

Mean energy: -1.31882122e+01
Block size    # of blocks        Mean                Error
     1           50000       -1.31882122e+01       5.051060e-03
     2           25000       -1.31882122e+01       5.064268e-03
     5           10000       -1.31882122e+01       5.042270e-03
    10           5000       -1.31882122e+01       5.056102e-03
    20           2500       -1.31882122e+01       5.099711e-03
    50           1000       -1.31882122e+01       5.062215e-03
    70            714       -1.31881650e+01       4.999101e-03
   100            500       -1.31882122e+01       5.000180e-03
   200            250       -1.31882122e+01       4.977181e-03
   500            100       -1.31882122e+01       5.311984e-03
0 0.005064268190850892 0.0053119837099158945
Stocahstic error estimate: 5.064268e-03

	predict=-0.010136490666607363,actual=(-0.0002774002752197191, 0.007192569762045043)
	g=1.843994135929606,del=0.41589455824652694,dot=0.020261561293656083,x=25.787309253345004
saving to  ./psi65_0
saving to  ./psi65_1
	prob= 8.138622452512592e-05
	burn in time= 18.661650896072388
	sample time= 1206.8195853233337
	contraction err= 5.111618248560846e-13 1.0561406585034672e-10

Mean energy: -1.31899440e+01
Block size    # of blocks        Mean                Error
     1           50000       -1.31899440e+01       5.040976e-03
     2           25000       -1.31899440e+01       5.027705e-03
     5           10000       -1.31899440e+01       5.014335e-03
    10           5000       -1.31899440e+01       4.999089e-03
    20           2500       -1.31899440e+01       5.046537e-03
    50           1000       -1.31899440e+01       5.151212e-03
    70            714       -1.31900033e+01       5.269756e-03
   100            500       -1.31899440e+01       5.103112e-03
   200            250       -1.31899440e+01       4.845629e-03
   500            100       -1.31899440e+01       5.339212e-03
0 0.005040975534677258 0.005339211854928679
Stocahstic error estimate: 5.040976e-03

step=65,E=-0.824371497813903,dE=-0.00012557389940748287,err=0.0003150609709173286,gmax=0.38751495495679933
	collect g,Hv time= 3.593916177749634
	solver time=0.08544301986694336,exit status=0
niter= 27
pure_newton= False
	solver time=23.631641149520874,exit status=0
niter= 2978
	prob= 0.0017628649430665505
	burn in time= 18.25714111328125
	sample time= 341.69810366630554
	contraction err= 2.495408201698829e-13 3.055029757176815e-11

Mean energy: -1.31966258e+01
Block size    # of blocks        Mean                Error
     1           50000       -1.31966258e+01       4.917115e-03
     2           25000       -1.31966258e+01       4.908410e-03
     5           10000       -1.31966258e+01       4.900886e-03
    10           5000       -1.31966258e+01       4.911426e-03
    20           2500       -1.31966258e+01       4.944879e-03
    50           1000       -1.31966258e+01       4.807802e-03
    70            714       -1.31968039e+01       4.912639e-03
   100            500       -1.31966258e+01       4.962891e-03
   200            250       -1.31966258e+01       4.906242e-03
   500            100       -1.31966258e+01       4.445560e-03
0 0.004917114926898539 0.0044455602121474605
Stocahstic error estimate: 4.917115e-03

	predict=-0.007313913756761818,actual=(-0.006681883928393972, 0.007041977956905509)
	g=1.208651732351617,del=0.4037271213486103,dot=0.014629776096270546,x=25.787309253345004
saving to  ./psi66_0
saving to  ./psi66_1
	prob= 0.0017628649430665505
	burn in time= 18.063169717788696
	sample time= 1206.22705411911
	contraction err= 2.5572547404212523e-13 4.116271897208235e-11

Mean energy: -1.31961721e+01
Block size    # of blocks        Mean                Error
     1           50000       -1.31961721e+01       4.995388e-03
     2           25000       -1.31961721e+01       5.002207e-03
     5           10000       -1.31961721e+01       4.925739e-03
    10           5000       -1.31961721e+01       4.929789e-03
    20           2500       -1.31961721e+01       4.859912e-03
    50           1000       -1.31961721e+01       4.835041e-03
    70            714       -1.31960649e+01       4.927389e-03
   100            500       -1.31961721e+01       4.858275e-03
   200            250       -1.31961721e+01       4.646081e-03
   500            100       -1.31961721e+01       4.913187e-03
0 0.005002207413838599 0.0049131869484588375
Stocahstic error estimate: 5.002207e-03

step=66,E=-0.8247607548814343,dE=-0.0003892570675313456,err=0.0003126379633649124,gmax=0.34532650108634755
	collect g,Hv time= 3.1034929752349854
niter= 28
	solver time=0.09717583656311035,exit status=0
pure_newton= False
niter= 2357
	solver time=18.26194190979004,exit status=0
	prob= 0.00019776974309717625
	burn in time= 18.255541801452637
	sample time= 341.2475435733795
	contraction err= 1.6696841713732008e-13 3.788493741129755e-11

Mean energy: -1.32021897e+01
Block size    # of blocks        Mean                Error
     1           50000       -1.32021897e+01       4.894199e-03
     2           25000       -1.32021897e+01       4.908281e-03
     5           10000       -1.32021897e+01       4.915184e-03
    10           5000       -1.32021897e+01       4.903530e-03
    20           2500       -1.32021897e+01       4.872000e-03
    50           1000       -1.32021897e+01       4.816250e-03
    70            714       -1.32022061e+01       4.920929e-03
   100            500       -1.32021897e+01       4.902805e-03
   200            250       -1.32021897e+01       5.035100e-03
   500            100       -1.32021897e+01       5.068854e-03
0 0.004908281295195229 0.005068853546509703
Stocahstic error estimate: 4.908281e-03

	predict=-0.007801411942079671,actual=(-0.006017597125923757, 0.007008088490011039)
	g=1.2280693183773232,del=0.4001620579750246,dot=0.015608610015305713,x=25.787309253345004
saving to  ./psi67_0
saving to  ./psi67_1
	prob= 0.00019776974309717625
	burn in time= 18.07095193862915
	sample time= 1206.037279844284
	contraction err= 1.8575833784279897e-13 4.993359727843897e-10

Mean energy: -1.31998726e+01
Block size    # of blocks        Mean                Error
     1           50000       -1.31998726e+01       4.897669e-03
     2           25000       -1.31998726e+01       4.897716e-03
     5           10000       -1.31998726e+01       4.892510e-03
    10           5000       -1.31998726e+01       4.914867e-03
    20           2500       -1.31998726e+01       4.994569e-03
    50           1000       -1.31998726e+01       4.995491e-03
    70            714       -1.31997507e+01       4.962105e-03
   100            500       -1.31998726e+01       4.925770e-03
   200            250       -1.31998726e+01       4.839269e-03
   500            100       -1.31998726e+01       5.112214e-03
0 0.004897716349711346 0.005112213925621998
Stocahstic error estimate: 4.897716e-03

step=67,E=-0.8249920392647588,dE=-0.00023128438332453705,err=0.0003061072718569591,gmax=0.40398355698832233
	collect g,Hv time= 3.49114990234375
niter= 28
	solver time=0.08783555030822754,exit status=0
pure_newton= False
	solver time=22.7117121219635,exit status=0
niter= 2864
	prob= 0.00015589383960162888
	burn in time= 18.70358943939209
	sample time= 340.939377784729
	contraction err= 1.4415802689193936e-13 2.7078707803486203e-11

Mean energy: -1.31997563e+01
Block size    # of blocks        Mean                Error
     1           50000       -1.31997563e+01       4.842794e-03
     2           25000       -1.31997563e+01       4.860924e-03
     5           10000       -1.31997563e+01       4.886103e-03
    10           5000       -1.31997563e+01       4.955660e-03
    20           2500       -1.31997563e+01       4.873373e-03
    50           1000       -1.31997563e+01       4.777054e-03
    70            714       -1.31997926e+01       4.890056e-03
   100            500       -1.31997563e+01       4.864292e-03
   200            250       -1.31997563e+01       4.908487e-03
   500            100       -1.31997563e+01       5.579854e-03
0 0.004860923731196083 0.005579853664211638
Stocahstic error estimate: 4.860924e-03

	predict=-0.007320770020773091,actual=(0.00011629546321145767, 0.0069004496203316406)
	g=1.2923096481119414,del=0.13818161207975618,dot=0.030970658480022548,x=25.787309253345004
saving to  ./psi68_0
saving to  ./psi68_1
	prob= 0.00020732246139503429
	burn in time= 19.330294132232666
	sample time= 1206.1133842468262
	contraction err= 1.6830329640111627e-13 2.4634211876645507e-11

Mean energy: -1.32005476e+01
Block size    # of blocks        Mean                Error
     1           50000       -1.32005476e+01       4.999324e-03
     2           25000       -1.32005476e+01       5.016866e-03
     5           10000       -1.32005476e+01       5.030358e-03
    10           5000       -1.32005476e+01       5.019107e-03
    20           2500       -1.32005476e+01       5.013330e-03
    50           1000       -1.32005476e+01       5.067954e-03
    70            714       -1.32004702e+01       5.113709e-03
   100            500       -1.32005476e+01       5.009554e-03
   200            250       -1.32005476e+01       5.002586e-03
   500            100       -1.32005476e+01       4.925718e-03
0 0.0050168664659256705 0.0049257175903126066
Stocahstic error estimate: 5.016866e-03

step=68,E=-0.8250342269858518,dE=-4.218772109298996e-05,err=0.0003135541541203544,gmax=0.505665959899936
	collect g,Hv time= 4.366295337677002
	solver time=0.08348751068115234,exit status=0
niter= 27
pure_newton= False
	solver time=16.80331826210022,exit status=0
niter= 2117
	prob= 0.0007945228313980537
	burn in time= 18.386531114578247
	sample time= 341.1915993690491
	contraction err= 1.343871778489029e-13 4.1977347014020796e-11

Mean energy: -1.32116834e+01
Block size    # of blocks        Mean                Error
     1           50000       -1.32116834e+01       5.045131e-03
     2           25000       -1.32116834e+01       5.048976e-03
     5           10000       -1.32116834e+01       5.099892e-03
    10           5000       -1.32116834e+01       5.073600e-03
    20           2500       -1.32116834e+01       5.063883e-03
    50           1000       -1.32116834e+01       4.972292e-03
    70            714       -1.32118553e+01       4.854315e-03
   100            500       -1.32116834e+01       4.819542e-03
   200            250       -1.32116834e+01       4.812638e-03
   500            100       -1.32116834e+01       4.575852e-03
0 0.005048975965863745 0.004575851744329966
Stocahstic error estimate: 5.048976e-03

	predict=-0.011837807354378824,actual=(-0.01113580008336612, 0.007117661655403357)
	g=1.244661709304378,del=0.40283646413244967,dot=0.02367828970628369,x=25.787309253345008
saving to  ./psi69_0
saving to  ./psi69_1
	prob= 0.0007945228313980537
	burn in time= 18.513253688812256
	sample time= 1205.8597009181976
	contraction err= 1.4123551477526425e-13 2.8255869507106022e-11

Mean energy: -1.32176334e+01
Block size    # of blocks        Mean                Error
     1           50000       -1.32176334e+01       4.892857e-03
     2           25000       -1.32176334e+01       4.898938e-03
     5           10000       -1.32176334e+01       4.917559e-03
    10           5000       -1.32176334e+01       4.872399e-03
    20           2500       -1.32176334e+01       4.935500e-03
    50           1000       -1.32176334e+01       4.812456e-03
    70            714       -1.32177120e+01       4.696820e-03
   100            500       -1.32176334e+01       4.716313e-03
   200            250       -1.32176334e+01       4.644697e-03
   500            100       -1.32176334e+01       5.016068e-03
0 0.004898938392745919 0.005016067810164465
Stocahstic error estimate: 4.898938e-03

step=69,E=-0.8261020888068314,dE=-0.001067861820979621,err=0.00030618364954661996,gmax=0.32446995310205295
	collect g,Hv time= 5.840026378631592
	solver time=0.08428072929382324,exit status=0
niter= 27
pure_newton= False
	solver time=16.94539713859558,exit status=0
niter= 2138
	prob= 0.0004122213723879144
	burn in time= 18.95365810394287
	sample time= 341.10534143447876
	contraction err= 1.0679216758840345e-13 2.586314492813602e-11

Mean energy: -1.32067697e+01
Block size    # of blocks        Mean                Error
     1           50000       -1.32067697e+01       4.784786e-03
     2           25000       -1.32067697e+01       4.796746e-03
     5           10000       -1.32067697e+01       4.796566e-03
    10           5000       -1.32067697e+01       4.850787e-03
    20           2500       -1.32067697e+01       4.901859e-03
    50           1000       -1.32067697e+01       5.099969e-03
    70            714       -1.32069098e+01       5.223009e-03
   100            500       -1.32067697e+01       5.031075e-03
   200            250       -1.32067697e+01       4.772451e-03
   500            100       -1.32067697e+01       4.834139e-03
0 0.0047967455828796125 0.004834139489436667
Stocahstic error estimate: 4.796746e-03

	predict=-0.00803019263939336,actual=(0.010863749249336863, 0.006856264694627465)
	g=1.3482386140355878,del=0.15662367902993896,dot=0.04022242652461769,x=25.787309253345004
saving to  ./psi70_0
saving to  ./psi70_1
	prob= 0.0003163285346576661
	burn in time= 18.627240896224976
	sample time= 1204.745623588562
	contraction err= 1.4343809442059289e-13 1.4953331440894063e-11

Mean energy: -1.32106595e+01
Block size    # of blocks        Mean                Error
     1           50000       -1.32106595e+01       4.929449e-03
     2           25000       -1.32106595e+01       4.915924e-03
     5           10000       -1.32106595e+01       4.925517e-03
    10           5000       -1.32106595e+01       4.888185e-03
    20           2500       -1.32106595e+01       4.851555e-03
    50           1000       -1.32106595e+01       4.881335e-03
    70            714       -1.32105136e+01       5.002319e-03
   100            500       -1.32106595e+01       5.000257e-03
   200            250       -1.32106595e+01       4.741756e-03
   500            100       -1.32106595e+01       4.941878e-03
0 0.0049294491500744405 0.0049418777090453935
Stocahstic error estimate: 4.929449e-03

step=70,E=-0.8256662191148769,dE=0.00043586969195452685,err=0.00030809057187965253,gmax=0.3278436405357752
	collect g,Hv time= 5.020411252975464
niter= 28
	solver time=0.08859729766845703,exit status=0
pure_newton= False
	solver time=20.007627487182617,exit status=0
niter= 2513
	prob= 5.778468275113139e-05
	burn in time= 18.9472393989563
	sample time= 340.96706104278564
	contraction err= 1.0883589918387625e-13 1.5733559122649543e-11

Mean energy: -1.32076269e+01
Block size    # of blocks        Mean                Error
     1           50000       -1.32076269e+01       4.810163e-03
     2           25000       -1.32076269e+01       4.795174e-03
     5           10000       -1.32076269e+01       4.776421e-03
    10           5000       -1.32076269e+01       4.782391e-03
    20           2500       -1.32076269e+01       4.822164e-03
    50           1000       -1.32076269e+01       4.737939e-03
    70            714       -1.32078483e+01       4.829636e-03
   100            500       -1.32076269e+01       4.852569e-03
   200            250       -1.32076269e+01       5.043808e-03
   500            100       -1.32076269e+01       5.587795e-03
0 0.004810162786766316 0.005587794857346359
Stocahstic error estimate: 4.810163e-03

	predict=-0.008987682465402054,actual=(0.003032654938836643, 0.006887462156582866)
	g=1.06844702057108,del=0.16851316999042668,dot=0.04368930199451096,x=25.78730925334502
saving to  ./psi71_0
saving to  ./psi71_1
	prob= 0.0002644184008457962
	burn in time= 17.85034155845642
	sample time= 1204.3542792797089
	contraction err= 1.4301069122213141e-13 1.811916627813242e-11

Mean energy: -1.32027801e+01
Block size    # of blocks        Mean                Error
     1           50000       -1.32027801e+01       4.913251e-03
     2           25000       -1.32027801e+01       4.879001e-03
     5           10000       -1.32027801e+01       4.850909e-03
    10           5000       -1.32027801e+01       4.847134e-03
    20           2500       -1.32027801e+01       4.878391e-03
    50           1000       -1.32027801e+01       4.859223e-03
    70            714       -1.32028859e+01       4.971132e-03
   100            500       -1.32027801e+01       4.949495e-03
   200            250       -1.32027801e+01       4.902233e-03
   500            100       -1.32027801e+01       4.948916e-03
0 0.004913250672504221 0.004948915736152425
Stocahstic error estimate: 4.913251e-03

step=71,E=-0.8251737542579007,dE=0.0004924648569761825,err=0.0003070781670315138,gmax=0.36375666071651835
	collect g,Hv time= 4.634102821350098
	solver time=0.08331012725830078,exit status=0
niter= 27
pure_newton= False
	solver time=13.346911668777466,exit status=0
niter= 1674
	prob= 1.0652089853606226e-07
	burn in time= 18.179444074630737
	sample time= 341.2398579120636
	contraction err= 1.3561593622595042e-13 3.814297355505106e-10

Mean energy: -1.32065168e+01
Block size    # of blocks        Mean                Error
     1           50000       -1.32065168e+01       4.835693e-03
     2           25000       -1.32065168e+01       4.831084e-03
     5           10000       -1.32065168e+01       4.822710e-03
    10           5000       -1.32065168e+01       4.810027e-03
    20           2500       -1.32065168e+01       4.783602e-03
    50           1000       -1.32065168e+01       4.783597e-03
    70            714       -1.32063212e+01       4.754763e-03
   100            500       -1.32065168e+01       4.718293e-03
   200            250       -1.32065168e+01       4.881854e-03
   500            100       -1.32065168e+01       4.830615e-03
0 0.004835693354511034 0.004830614633683297
Stocahstic error estimate: 4.835693e-03

	predict=-0.007656375381951314,actual=(-0.0037367442205376022, 0.006893762571319479)
	g=0.9444583071904972,del=0.3828400915568028,dot=0.015309846122297292,x=25.78730925334501
saving to  ./psi72_0
saving to  ./psi72_1
	prob= 1.0652089853606226e-07
	burn in time= 18.345341444015503
	sample time= 1204.0719125270844
	contraction err= 1.2512856181454545e-13 2.807217786061021e-11

Mean energy: -1.32106911e+01
Block size    # of blocks        Mean                Error
     1           50000       -1.32106911e+01       4.940280e-03
     2           25000       -1.32106911e+01       4.930249e-03
     5           10000       -1.32106911e+01       4.940169e-03
    10           5000       -1.32106911e+01       4.921053e-03
    20           2500       -1.32106911e+01       5.009713e-03
    50           1000       -1.32106911e+01       5.094445e-03
    70            714       -1.32107086e+01       5.153827e-03
   100            500       -1.32106911e+01       5.029110e-03
   200            250       -1.32106911e+01       4.966971e-03
   500            100       -1.32106911e+01       4.929939e-03
0 0.004940279647447021 0.004929938730842542
Stocahstic error estimate: 4.940280e-03

step=72,E=-0.8256681962897625,dE=-0.0004944420318617748,err=0.0003087674779654388,gmax=0.507683198565303
	collect g,Hv time= 4.616281747817993
niter= 28
	solver time=0.09784483909606934,exit status=0
pure_newton= False
	solver time=15.716803550720215,exit status=0
niter= 2017
	prob= 5.300821694328455e-07
	burn in time= 19.017763137817383
	sample time= 340.57285499572754
	contraction err= 9.344503240018567e-14 1.3009478324009134e-11

Mean energy: -1.32103225e+01
Block size    # of blocks        Mean                Error
     1           50000       -1.32103225e+01       4.873971e-03
     2           25000       -1.32103225e+01       4.865883e-03
     5           10000       -1.32103225e+01       4.799940e-03
    10           5000       -1.32103225e+01       4.881847e-03
    20           2500       -1.32103225e+01       4.934650e-03
    50           1000       -1.32103225e+01       4.700871e-03
    70            714       -1.32105365e+01       4.825761e-03
   100            500       -1.32103225e+01       4.747270e-03
   200            250       -1.32103225e+01       4.723195e-03
   500            100       -1.32103225e+01       4.936864e-03
0 0.004873971085517046 0.004936863849983473
Stocahstic error estimate: 4.873971e-03

	predict=-0.009940567073813376,actual=(0.0003686098939219562, 0.006939881637134417)
	g=1.656639461157052,del=0.18467142841114695,dot=0.05465277649334907,x=25.787309253345008
saving to  ./psi73_0
saving to  ./psi73_1
	prob= 9.359201451987783e-06
	burn in time= 18.72554588317871
	sample time= 1202.686604499817
	contraction err= 1.360609166896546e-13 4.072835394666281e-10

Mean energy: -1.32069106e+01
Block size    # of blocks        Mean                Error
     1           50000       -1.32069106e+01       5.011569e-03
     2           25000       -1.32069106e+01       5.011511e-03
     5           10000       -1.32069106e+01       4.983779e-03
    10           5000       -1.32069106e+01       4.965986e-03
    20           2500       -1.32069106e+01       4.983717e-03
    50           1000       -1.32069106e+01       4.959201e-03
    70            714       -1.32070728e+01       4.873706e-03
   100            500       -1.32069106e+01       4.886494e-03
   200            250       -1.32069106e+01       4.654918e-03
   500            100       -1.32069106e+01       4.507128e-03
0 0.005011569475924788 0.004507127724433444
Stocahstic error estimate: 5.011569e-03

step=73,E=-0.8254319142176126,dE=0.00023628207214987373,err=0.00031322309224529924,gmax=0.5139229130533955
	collect g,Hv time= 4.745694875717163
niter= 28
	solver time=0.08693528175354004,exit status=0
pure_newton= False
niter= 2017
	solver time=16.12279725074768,exit status=0
	prob= 2.2325275444415646e-05
	burn in time= 18.930715560913086
	sample time= 340.49543285369873
	contraction err= 1.019499190448775e-13 2.2800729465622793e-11

Mean energy: -1.32164185e+01
Block size    # of blocks        Mean                Error
     1           50000       -1.32164185e+01       4.919671e-03
     2           25000       -1.32164185e+01       4.932065e-03
     5           10000       -1.32164185e+01       4.908491e-03
    10           5000       -1.32164185e+01       4.942527e-03
    20           2500       -1.32164185e+01       4.960883e-03
    50           1000       -1.32164185e+01       4.881174e-03
    70            714       -1.32164535e+01       4.892587e-03
   100            500       -1.32164185e+01       4.760806e-03
   200            250       -1.32164185e+01       4.673008e-03
   500            100       -1.32164185e+01       4.477675e-03
0 0.004932064732237819 0.004477675149204136
Stocahstic error estimate: 4.932065e-03

	predict=-0.013620991686433954,actual=(-0.009507855913478025, 0.007031435922697807)
	g=2.2863993347556195,del=0.3826757093545197,dot=0.027256301810814947,x=25.78730925334501
saving to  ./psi74_0
saving to  ./psi74_1
	prob= 2.2325275444415646e-05
	burn in time= 18.90382432937622
	sample time= 1202.7538614273071
	contraction err= 1.0708414788142611e-13 1.3702496509681598e-11

Mean energy: -1.32088387e+01
Block size    # of blocks        Mean                Error
     1           50000       -1.32088387e+01       4.944273e-03
     2           25000       -1.32088387e+01       4.958600e-03
     5           10000       -1.32088387e+01       4.992230e-03
    10           5000       -1.32088387e+01       5.047204e-03
    20           2500       -1.32088387e+01       5.106387e-03
    50           1000       -1.32088387e+01       5.137941e-03
    70            714       -1.32089645e+01       5.118430e-03
   100            500       -1.32088387e+01       5.061747e-03
   200            250       -1.32088387e+01       4.966974e-03
   500            100       -1.32088387e+01       5.128318e-03
0 0.004958599923927908 0.005128318173380259
Stocahstic error estimate: 4.958600e-03

step=74,E=-0.8255524185205705,dE=-0.00012050430295784675,err=0.00030991249524549427,gmax=0.2689870638490337
	collect g,Hv time= 4.85278582572937
niter= 30
	solver time=0.1040201187133789,exit status=0
pure_newton= False
	solver time=20.8193519115448,exit status=0
niter= 2668
	prob= 3.8833346808394993e-07
	burn in time= 18.930100202560425
	sample time= 340.5863289833069
	contraction err= 9.967586098550175e-14 1.0559814556008512e-11

Mean energy: -1.32241568e+01
Block size    # of blocks        Mean                Error
     1           50000       -1.32241568e+01       4.853380e-03
     2           25000       -1.32241568e+01       4.874373e-03
     5           10000       -1.32241568e+01       4.855315e-03
    10           5000       -1.32241568e+01       4.777190e-03
    20           2500       -1.32241568e+01       4.770660e-03
    50           1000       -1.32241568e+01       4.801040e-03
    70            714       -1.32242611e+01       4.724159e-03
   100            500       -1.32241568e+01       4.900590e-03
   200            250       -1.32241568e+01       4.878732e-03
   500            100       -1.32241568e+01       4.842343e-03
0 0.004874372618932631 0.004842343356087179
Stocahstic error estimate: 4.874373e-03

	predict=-0.009793075062737338,actual=(-0.015318112776119719, 0.006953216639353186)
	g=1.1254371000469987,del=0.4018857657783334,dot=0.019599548753714335,x=25.787309253345004
saving to  ./psi75_0
saving to  ./psi75_1
	prob= 3.8833346808394993e-07
	burn in time= 18.360522508621216
	sample time= 1202.4993317127228
	contraction err= 1.1708209733641228e-13 1.7546030177316587e-11

Mean energy: -1.32201935e+01
Block size    # of blocks        Mean                Error
     1           50000       -1.32201935e+01       5.699832e-03
     2           25000       -1.32201935e+01       5.712389e-03
     5           10000       -1.32201935e+01       5.710290e-03
    10           5000       -1.32201935e+01       5.662823e-03
    20           2500       -1.32201935e+01       5.707070e-03
    50           1000       -1.32201935e+01       5.753980e-03
    70            714       -1.32203411e+01       5.878042e-03
   100            500       -1.32201935e+01       5.688088e-03
   200            250       -1.32201935e+01       5.841211e-03
   500            100       -1.32201935e+01       5.262977e-03
0 0.005712389431087798 0.005262977317650346
Stocahstic error estimate: 5.712389e-03

step=75,E=-0.8262620920935342,dE=-0.0007096735729636983,err=0.0003570243394429874,gmax=13.829961988021537
	collect g,Hv time= 4.928112745285034
niter= 13
	solver time=0.048867225646972656,exit status=0
pure_newton= False
	solver time=4.988120794296265,exit status=0
niter= 622
	prob= 0.0005609634834978642
	burn in time= 19.372252464294434
	sample time= 340.47761154174805
	contraction err= 7.078849582375571e-14 9.835350872762191e-12

Mean energy: -1.32266491e+01
Block size    # of blocks        Mean                Error
     1           50000       -1.32266491e+01       4.896074e-03
     2           25000       -1.32266491e+01       4.908599e-03
     5           10000       -1.32266491e+01       4.932173e-03
    10           5000       -1.32266491e+01       4.886681e-03
    20           2500       -1.32266491e+01       4.914702e-03
    50           1000       -1.32266491e+01       4.888068e-03
    70            714       -1.32266486e+01       5.026877e-03
   100            500       -1.32266491e+01       4.770701e-03
   200            250       -1.32266491e+01       4.971372e-03
   500            100       -1.32266491e+01       4.778697e-03
0 0.004908599428987236 0.004778696659351957
Stocahstic error estimate: 4.908599e-03

	predict=-0.040128691195607996,actual=(-0.006455577734755025, 0.007531649312511663)
	g=38.55013914617134,del=0.2934771047923895,dot=0.07987706190212218,x=25.787309253345008
saving to  ./psi76_0
saving to  ./psi76_1
	prob= 0.0005609634834978642
	burn in time= 18.724803686141968
	sample time= 1201.4940123558044
	contraction err= 8.03928463137641e-14 1.1930127045151896e-11

Mean energy: -1.32247798e+01
Block size    # of blocks        Mean                Error
     1           50000       -1.32247798e+01       4.815411e-03
     2           25000       -1.32247798e+01       4.818105e-03
     5           10000       -1.32247798e+01       4.805779e-03
    10           5000       -1.32247798e+01       4.814699e-03
    20           2500       -1.32247798e+01       4.729173e-03
    50           1000       -1.32247798e+01       4.658915e-03
    70            714       -1.32247775e+01       4.776929e-03
   100            500       -1.32247798e+01       4.692027e-03
   200            250       -1.32247798e+01       4.549381e-03
   500            100       -1.32247798e+01       4.121177e-03
0 0.004818104829247818 0.004121176524767344
Stocahstic error estimate: 4.818105e-03

step=76,E=-0.8265487364587472,dE=-0.00028664436521297354,err=0.00030113155182798863,gmax=0.2478786132384112
	collect g,Hv time= 6.432005167007446
niter= 28
	solver time=0.08835268020629883,exit status=0
pure_newton= False
niter= 1676
	solver time=13.414543390274048,exit status=0
	prob= 0.0002707793592488323
	burn in time= 18.941048860549927
	sample time= 340.3196585178375
	contraction err= 5.10645346682381e-14 1.1887062914309975e-11

Mean energy: -1.32326559e+01
Block size    # of blocks        Mean                Error
     1           50000       -1.32326559e+01       4.892259e-03
     2           25000       -1.32326559e+01       4.921873e-03
     5           10000       -1.32326559e+01       4.910300e-03
    10           5000       -1.32326559e+01       4.868005e-03
    20           2500       -1.32326559e+01       4.874216e-03
    50           1000       -1.32326559e+01       4.951326e-03
    70            714       -1.32327317e+01       4.861264e-03
   100            500       -1.32326559e+01       5.252945e-03
   200            250       -1.32326559e+01       5.134697e-03
   500            100       -1.32326559e+01       4.992557e-03
0 0.004921872811238132 0.004992556840758966
Stocahstic error estimate: 4.921873e-03

	predict=-0.008492373433161574,actual=(-0.007876136551917767, 0.00688759508940721)
	g=1.0564682557303542,del=0.3779482076170397,dot=0.0169897344488954,x=25.78730925334501
saving to  ./psi77_0
saving to  ./psi77_1
	prob= 0.0002707793592488323
	burn in time= 18.540135622024536
	sample time= 1201.9958682060242
	contraction err= 6.017304199049091e-14 1.0780358068698412e-11

Mean energy: -1.32279354e+01
Block size    # of blocks        Mean                Error
     1           50000       -1.32279354e+01       4.721995e-03
     2           25000       -1.32279354e+01       4.727221e-03
     5           10000       -1.32279354e+01       4.721910e-03
    10           5000       -1.32279354e+01       4.663745e-03
    20           2500       -1.32279354e+01       4.691751e-03
    50           1000       -1.32279354e+01       4.671042e-03
    70            714       -1.32278486e+01       4.700216e-03
   100            500       -1.32279354e+01       4.690798e-03
   200            250       -1.32279354e+01       4.532836e-03
   500            100       -1.32279354e+01       4.377389e-03
0 0.004727220917878428 0.0043773889769125685
Stocahstic error estimate: 4.727221e-03

step=77,E=-0.8267459620218292,dE=-0.00019722556308199302,err=0.00029545130736740173,gmax=0.4103687711075281
	collect g,Hv time= 4.962085723876953
niter= 26
	solver time=0.09185957908630371,exit status=0
pure_newton= False
	solver time=13.145369529724121,exit status=0
niter= 1681
	prob= 0.0010908424187399948
	burn in time= 18.784565210342407
	sample time= 340.51296067237854
	contraction err= 4.2817354471612955e-14 1.6903632757880045e-11

Mean energy: -1.32384424e+01
Block size    # of blocks        Mean                Error
     1           50000       -1.32384424e+01       4.805024e-03
     2           25000       -1.32384424e+01       4.820829e-03
     5           10000       -1.32384424e+01       4.826993e-03
    10           5000       -1.32384424e+01       4.766800e-03
    20           2500       -1.32384424e+01       4.763702e-03
    50           1000       -1.32384424e+01       4.604998e-03
    70            714       -1.32385225e+01       4.700202e-03
   100            500       -1.32384424e+01       4.601939e-03
   200            250       -1.32384424e+01       4.515182e-03
   500            100       -1.32384424e+01       4.399328e-03
0 0.004820828897169609 0.004399328224888767
Stocahstic error estimate: 4.820829e-03

	predict=-0.00678297599886721,actual=(-0.010507055193826886, 0.006751815227197269)
	g=1.0691251658830005,del=0.33825670287594917,dot=0.013556514474486851,x=25.787309253345015
saving to  ./psi78_0
saving to  ./psi78_1
	prob= 0.0010908424187399948
	burn in time= 18.80663776397705
	sample time= 1201.1175866127014
	contraction err= 4.925967423516987e-14 8.477274751122006e-12

Mean energy: -1.32339944e+01
Block size    # of blocks        Mean                Error
     1           50000       -1.32339944e+01       5.268046e-03
     2           25000       -1.32339944e+01       5.275208e-03
     5           10000       -1.32339944e+01       5.256475e-03
    10           5000       -1.32339944e+01       5.236827e-03
    20           2500       -1.32339944e+01       5.160361e-03
    50           1000       -1.32339944e+01       5.182383e-03
    70            714       -1.32338549e+01       5.128074e-03
   100            500       -1.32339944e+01       5.046551e-03
   200            250       -1.32339944e+01       5.278022e-03
   500            100       -1.32339944e+01       5.200668e-03
0 0.005275207630806006 0.005200668449383054
Stocahstic error estimate: 5.275208e-03

step=78,E=-0.8271246529832825,dE=-0.0003786909614533762,err=0.0003297004769253754,gmax=8.423138525755839
	collect g,Hv time= 6.787668943405151
niter= 12
	solver time=0.04059338569641113,exit status=0
pure_newton= False
	solver time=6.2108471393585205,exit status=0
niter= 780
	prob= 0.0001941152946566526
	burn in time= 19.410200595855713
	sample time= 339.70896220207214
	contraction err= 3.3821746574067664e-14 9.366728733912538e-12

Mean energy: -1.32274100e+01
Block size    # of blocks        Mean                Error
     1           50000       -1.32274100e+01       4.730874e-03
     2           25000       -1.32274100e+01       4.730148e-03
     5           10000       -1.32274100e+01       4.747070e-03
    10           5000       -1.32274100e+01       4.700797e-03
    20           2500       -1.32274100e+01       4.685309e-03
    50           1000       -1.32274100e+01       4.685893e-03
    70            714       -1.32274549e+01       4.766999e-03
   100            500       -1.32274100e+01       4.834786e-03
   200            250       -1.32274100e+01       4.970326e-03
   500            100       -1.32274100e+01       5.101790e-03
0 0.004730874105547276 0.005101790053135025
Stocahstic error estimate: 4.730874e-03

	predict=-0.023795543964760257,actual=(0.006584470936187969, 0.007085829898512358)
	g=22.153560213064438,del=0.37880167314831886,dot=0.35879906387227717,x=25.787309253345008
saving to  ./psi79_0
saving to  ./psi79_1
	prob= 0.00014905818028885875
	burn in time= 18.23536467552185
	sample time= 1199.6027472019196
	contraction err= 4.738618397135471e-14 1.205074526201093e-11

Mean energy: -1.32069188e+01
Block size    # of blocks        Mean                Error
     1           50000       -1.32069188e+01       5.037760e-03
     2           25000       -1.32069188e+01       5.012988e-03
     5           10000       -1.32069188e+01       5.050064e-03
    10           5000       -1.32069188e+01       5.034518e-03
    20           2500       -1.32069188e+01       5.026786e-03
    50           1000       -1.32069188e+01       5.018144e-03
    70            714       -1.32068960e+01       4.796610e-03
   100            500       -1.32069188e+01       5.114098e-03
   200            250       -1.32069188e+01       4.978898e-03
   500            100       -1.32069188e+01       5.263072e-03
0 0.0050377600885613445 0.00526307220059323
Stocahstic error estimate: 5.037760e-03

step=79,E=-0.8254324268200341,dE=0.0016922261632483782,err=0.00031486000553508403,gmax=0.7940396582022657
	collect g,Hv time= 6.076172590255737
niter= 39
	solver time=0.12308573722839355,exit status=0
pure_newton= False
	solver time=11.540539979934692,exit status=0
niter= 1441
	prob= 0.0001103965019661655
	burn in time= 18.78048539161682
	sample time= 339.97053027153015
	contraction err= 2.599962737440499e-14 9.27873291934008e-12

Mean energy: -1.32189075e+01
Block size    # of blocks        Mean                Error
     1           50000       -1.32189075e+01       4.809173e-03
     2           25000       -1.32189075e+01       4.810350e-03
     5           10000       -1.32189075e+01       4.839314e-03
    10           5000       -1.32189075e+01       4.781786e-03
    20           2500       -1.32189075e+01       4.807489e-03
    50           1000       -1.32189075e+01       4.841194e-03
    70            714       -1.32187488e+01       4.910678e-03
   100            500       -1.32189075e+01       4.766319e-03
   200            250       -1.32189075e+01       4.565398e-03
   500            100       -1.32189075e+01       4.687555e-03
0 0.004810349781666465 0.004687554504407612
Stocahstic error estimate: 4.810350e-03

	predict=-0.015907811135304324,actual=(-0.011988699439655193, 0.006965521641046004)
	g=2.2687170941102006,del=0.3693682700697346,dot=0.031834735370977925,x=25.787309253345004
saving to  ./psi80_0
saving to  ./psi80_1
	prob= 0.0001103965019661655
	burn in time= 18.499582767486572
	sample time= 1200.665459394455
	contraction err= 3.439092296872487e-14 8.930868954998513e-12

Mean energy: -1.32316088e+01
Block size    # of blocks        Mean                Error
     1           50000       -1.32316088e+01       4.723948e-03
     2           25000       -1.32316088e+01       4.707212e-03
     5           10000       -1.32316088e+01       4.729411e-03
    10           5000       -1.32316088e+01       4.728092e-03
    20           2500       -1.32316088e+01       4.725493e-03
    50           1000       -1.32316088e+01       4.779993e-03
    70            714       -1.32316218e+01       4.790922e-03
   100            500       -1.32316088e+01       4.873478e-03
   200            250       -1.32316088e+01       5.040664e-03
   500            100       -1.32316088e+01       4.956577e-03
0 0.004723948382731421 0.004956577443878194
Stocahstic error estimate: 4.723948e-03

step=80,E=-0.8269755513391948,dE=-0.0015431245191606102,err=0.0002952467739207138,gmax=0.4318064011919205
	collect g,Hv time= 6.620863199234009
niter= 40
	solver time=0.13781476020812988,exit status=0
pure_newton= False
	solver time=11.977531671524048,exit status=0
niter= 1526
	prob= 0.0003177859960226144
	burn in time= 18.50679636001587
	sample time= 339.984365940094
	contraction err= 2.341716196894122e-14 1.6054466075013515e-11

Mean energy: -1.32214219e+01
Block size    # of blocks        Mean                Error
     1           50000       -1.32214219e+01       4.698159e-03
     2           25000       -1.32214219e+01       4.708804e-03
     5           10000       -1.32214219e+01       4.698251e-03
    10           5000       -1.32214219e+01       4.677897e-03
    20           2500       -1.32214219e+01       4.754754e-03
    50           1000       -1.32214219e+01       4.726281e-03
    70            714       -1.32212940e+01       4.648534e-03
   100            500       -1.32214219e+01       4.730788e-03
   200            250       -1.32214219e+01       5.033267e-03
   500            100       -1.32214219e+01       4.474001e-03
0 0.004708803710280788 0.004474000652771612
Stocahstic error estimate: 4.708804e-03

	predict=-0.0073253429199928045,actual=(0.010186885623667763, 0.006669971567005733)
	g=0.9515969008824938,del=0.14484000338325825,dot=0.03979722938139188,x=25.787309253345004
saving to  ./psi81_0
saving to  ./psi81_1
	prob= 0.00024219485361122786
	burn in time= 18.503572702407837
	sample time= 1199.449253320694
	contraction err= 3.3771193312119725e-14 7.950750802928873e-12

Mean energy: -1.32318244e+01
Block size    # of blocks        Mean                Error
     1           50000       -1.32318244e+01       4.566434e-03
     2           25000       -1.32318244e+01       4.562423e-03
     5           10000       -1.32318244e+01       4.572272e-03
    10           5000       -1.32318244e+01       4.569344e-03
    20           2500       -1.32318244e+01       4.520007e-03
    50           1000       -1.32318244e+01       4.476004e-03
    70            714       -1.32317374e+01       4.582342e-03
   100            500       -1.32318244e+01       4.433804e-03
   200            250       -1.32318244e+01       4.485952e-03
   500            100       -1.32318244e+01       4.692610e-03
0 0.004566433877801485 0.0046926100242213244
Stocahstic error estimate: 4.566434e-03

step=81,E=-0.8269890277081636,dE=-1.3476368968867725e-05,err=0.0002854021173625928,gmax=0.3459201469193687
	collect g,Hv time= 5.577267646789551
niter= 44
	solver time=0.13666152954101562,exit status=0
pure_newton= False
niter= 1552
	solver time=12.446118831634521,exit status=0
	prob= 2.1408567138392966e-05
	burn in time= 18.634502172470093
	sample time= 339.61506938934326
	contraction err= 2.248117349756911e-14 1.5670015799121753e-11

Mean energy: -1.32336358e+01
Block size    # of blocks        Mean                Error
     1           50000       -1.32336358e+01       4.789027e-03
     2           25000       -1.32336358e+01       4.790077e-03
     5           10000       -1.32336358e+01       4.804408e-03
    10           5000       -1.32336358e+01       4.812392e-03
    20           2500       -1.32336358e+01       4.795158e-03
    50           1000       -1.32336358e+01       4.808162e-03
    70            714       -1.32335189e+01       4.834854e-03
   100            500       -1.32336358e+01       4.770161e-03
   200            250       -1.32336358e+01       4.871482e-03
   500            100       -1.32336358e+01       4.623278e-03
0 0.004790077271155368 0.004623278041670311
Stocahstic error estimate: 4.790077e-03

	predict=-0.005972438398085331,actual=(-0.0018113676077380347, 0.006617942174420412)
	g=0.8416775390948824,del=0.333883579832096,dot=0.011951098037606031,x=25.787309253345004
saving to  ./psi82_0
saving to  ./psi82_1
	prob= 2.1408567138392966e-05
	burn in time= 19.0621018409729
	sample time= 1199.363894701004
	contraction err= 3.044607075538147e-14 1.2907601980567964e-11

Mean energy: -1.32308570e+01
Block size    # of blocks        Mean                Error
     1           50000       -1.32308570e+01       4.665139e-03
     2           25000       -1.32308570e+01       4.674057e-03
     5           10000       -1.32308570e+01       4.692977e-03
    10           5000       -1.32308570e+01       4.698631e-03
    20           2500       -1.32308570e+01       4.706548e-03
    50           1000       -1.32308570e+01       4.556011e-03
    70            714       -1.32308013e+01       4.694738e-03
   100            500       -1.32308570e+01       4.652374e-03
   200            250       -1.32308570e+01       4.647623e-03
   500            100       -1.32308570e+01       4.539515e-03
0 0.004674057230714045 0.004539515477561208
Stocahstic error estimate: 4.674057e-03

step=82,E=-0.8269285641826536,dE=6.046352551003498e-05,err=0.0002921285769196278,gmax=0.2766916773538952
	collect g,Hv time= 6.950582504272461
niter= 28
	solver time=0.08794713020324707,exit status=0
pure_newton= False
	solver time=11.402568340301514,exit status=0
niter= 1430
	prob= 7.799259103128683e-06
	burn in time= 18.97333335876465
	sample time= 339.46702790260315
	contraction err= 2.1040355106390266e-14 7.948893496858967e-12

Mean energy: -1.32379552e+01
Block size    # of blocks        Mean                Error
     1           50000       -1.32379552e+01       4.753773e-03
     2           25000       -1.32379552e+01       4.741804e-03
     5           10000       -1.32379552e+01       4.728860e-03
    10           5000       -1.32379552e+01       4.732068e-03
    20           2500       -1.32379552e+01       4.781692e-03
    50           1000       -1.32379552e+01       4.832277e-03
    70            714       -1.32380634e+01       4.686384e-03
   100            500       -1.32379552e+01       4.638428e-03
   200            250       -1.32379552e+01       4.637633e-03
   500            100       -1.32379552e+01       4.767572e-03
0 0.004753773453787186 0.004767572098163581
Stocahstic error estimate: 4.753773e-03

	predict=-0.006554763474949148,actual=(-0.007098124057753452, 0.006666721311553528)
	g=0.7696898301203149,del=0.32390982969119664,dot=0.013108367060592905,x=25.78730925334501
saving to  ./psi83_0
saving to  ./psi83_1
	prob= 7.799259103128683e-06
	burn in time= 18.51856780052185
	sample time= 1198.4428298473358
	contraction err= 3.194301383507749e-14 1.0236537628702333e-11

Mean energy: -1.32365213e+01
Block size    # of blocks        Mean                Error
     1           50000       -1.32365213e+01       4.647692e-03
     2           25000       -1.32365213e+01       4.640968e-03
     5           10000       -1.32365213e+01       4.640978e-03
    10           5000       -1.32365213e+01       4.682051e-03
    20           2500       -1.32365213e+01       4.690335e-03
    50           1000       -1.32365213e+01       4.482136e-03
    70            714       -1.32366178e+01       4.665243e-03
   100            500       -1.32365213e+01       4.510095e-03
   200            250       -1.32365213e+01       4.878124e-03
   500            100       -1.32365213e+01       4.679237e-03
0 0.004647692170888332 0.004679236897560333
Stocahstic error estimate: 4.647692e-03

step=83,E=-0.8272825802543919,dE=-0.00035401607173835004,err=0.00029048076068052077,gmax=0.24708504473804282
	collect g,Hv time= 6.086627244949341
niter= 44
	solver time=0.15102410316467285,exit status=0
pure_newton= False
	solver time=11.883036136627197,exit status=0
niter= 1497
	prob= 8.343529287837166e-07
	burn in time= 18.56374955177307
	sample time= 339.4794728755951
	contraction err= 1.9953837763672488e-14 1.3823431852948782e-11

Mean energy: -1.32312649e+01
Block size    # of blocks        Mean                Error
     1           50000       -1.32312649e+01       4.611050e-03
     2           25000       -1.32312649e+01       4.603760e-03
     5           10000       -1.32312649e+01       4.623261e-03
    10           5000       -1.32312649e+01       4.646917e-03
    20           2500       -1.32312649e+01       4.689257e-03
    50           1000       -1.32312649e+01       4.667682e-03
    70            714       -1.32312188e+01       4.568905e-03
   100            500       -1.32312649e+01       4.608621e-03
   200            250       -1.32312649e+01       4.756045e-03
   500            100       -1.32312649e+01       4.665050e-03
0 0.004611049707523 0.004665050308855765
Stocahstic error estimate: 4.611050e-03

	predict=-0.005442588604369864,actual=(0.005256374871372316, 0.006546970438346628)
	g=0.7221616309906128,del=0.13743211119179843,dot=0.02422130740318997,x=25.787309253345015
saving to  ./psi84_0
saving to  ./psi84_1
	prob= 1.9458152331169782e-05
	burn in time= 18.6881206035614
	sample time= 1198.262587070465
	contraction err= 3.129005607062544e-14 1.2494571197925928e-11

Mean energy: -1.32370829e+01
Block size    # of blocks        Mean                Error
     1           50000       -1.32370829e+01       4.677073e-03
     2           25000       -1.32370829e+01       4.687323e-03
     5           10000       -1.32370829e+01       4.687047e-03
    10           5000       -1.32370829e+01       4.720985e-03
    20           2500       -1.32370829e+01       4.655391e-03
    50           1000       -1.32370829e+01       4.654782e-03
    70            714       -1.32372316e+01       4.698800e-03
   100            500       -1.32370829e+01       4.547054e-03
   200            250       -1.32370829e+01       4.611446e-03
   500            100       -1.32370829e+01       4.605967e-03
0 0.004687323000533987 0.0046059668022177865
Stocahstic error estimate: 4.687323e-03

step=84,E=-0.8273176807389258,dE=-3.510048453381209e-05,err=0.0002929576875333742,gmax=0.21931288281557215
	collect g,Hv time= 7.206664085388184
niter= 41
	solver time=0.14207124710083008,exit status=0
pure_newton= False
	solver time=13.051823139190674,exit status=0
niter= 1633
	prob= 0.00020831252998056146
	burn in time= 18.658149480819702
	sample time= 339.0076172351837
	contraction err= 1.958497016690398e-14 9.135401735178796e-12

Mean energy: -1.32388462e+01
Block size    # of blocks        Mean                Error
     1           50000       -1.32388462e+01       4.641543e-03
     2           25000       -1.32388462e+01       4.659915e-03
     5           10000       -1.32388462e+01       4.656421e-03
    10           5000       -1.32388462e+01       4.648249e-03
    20           2500       -1.32388462e+01       4.639414e-03
    50           1000       -1.32388462e+01       4.623064e-03
    70            714       -1.32388397e+01       4.620884e-03
   100            500       -1.32388462e+01       4.717889e-03
   200            250       -1.32388462e+01       4.716125e-03
   500            100       -1.32388462e+01       4.893746e-03
0 0.004659915392769531 0.004893745895062136
Stocahstic error estimate: 4.659915e-03

	predict=-0.007425461139397162,actual=(-0.001763288288822551, 0.00660952406600546)
	g=0.7037124049337574,del=0.3321696099458766,dot=0.014849346178581597,x=25.78730925334501
saving to  ./psi85_0
saving to  ./psi85_1
	prob= 0.00020831252998056146
	burn in time= 18.788155794143677
	sample time= 1196.6545491218567
	contraction err= 2.8290351390484266e-14 6.97592008925679e-12

Mean energy: -1.32401258e+01
Block size    # of blocks        Mean                Error
     1           50000       -1.32401258e+01       4.861926e-03
     2           25000       -1.32401258e+01       4.861008e-03
     5           10000       -1.32401258e+01       4.885479e-03
    10           5000       -1.32401258e+01       4.942729e-03
    20           2500       -1.32401258e+01       4.987510e-03
    50           1000       -1.32401258e+01       5.061275e-03
    70            714       -1.32400324e+01       4.917430e-03
   100            500       -1.32401258e+01       5.285117e-03
   200            250       -1.32401258e+01       5.246185e-03
   500            100       -1.32401258e+01       5.154936e-03
0 0.004861926017694847 0.005154935797888174
Stocahstic error estimate: 4.861926e-03

step=85,E=-0.8275078631408278,dE=-0.00019018240190205038,err=0.00030387037610592795,gmax=0.6575299777615058
	collect g,Hv time= 7.083754539489746
niter= 45
	solver time=0.1390242576599121,exit status=0
pure_newton= False
	solver time=10.53835415840149,exit status=0
niter= 1333
	prob= 0.00017303370801302707
	burn in time= 18.2409725189209
	sample time= 339.0948951244354
	contraction err= 1.7819339925730288e-14 4.349736406057331e-12

Mean energy: -1.32285611e+01
Block size    # of blocks        Mean                Error
     1           50000       -1.32285611e+01       4.790037e-03
     2           25000       -1.32285611e+01       4.801120e-03
     5           10000       -1.32285611e+01       4.785089e-03
    10           5000       -1.32285611e+01       4.821507e-03
    20           2500       -1.32285611e+01       4.775956e-03
    50           1000       -1.32285611e+01       4.695819e-03
    70            714       -1.32286508e+01       4.759520e-03
   100            500       -1.32285611e+01       4.704188e-03
   200            250       -1.32285611e+01       4.861608e-03
   500            100       -1.32285611e+01       4.826400e-03
0 0.004801120137397713 0.0048263996539293
Stocahstic error estimate: 4.801120e-03

	predict=-0.015031823386758856,actual=(0.011564712948880285, 0.006832940741383896)
	g=2.0737416229359233,del=0.22474701862043367,dot=0.09402850102071278,x=25.787309253345008
saving to  ./psi86_0
saving to  ./psi86_1
	prob= 7.50258882932969e-05
	burn in time= 18.952723503112793
	sample time= 1197.5130035877228
	contraction err= 2.943100239685217e-14 6.05972292969517e-11

Mean energy: -1.32361671e+01
Block size    # of blocks        Mean                Error
     1           50000       -1.32361671e+01       4.746795e-03
     2           25000       -1.32361671e+01       4.745389e-03
     5           10000       -1.32361671e+01       4.756087e-03
    10           5000       -1.32361671e+01       4.791606e-03
    20           2500       -1.32361671e+01       4.749603e-03
    50           1000       -1.32361671e+01       4.861614e-03
    70            714       -1.32361440e+01       4.738761e-03
   100            500       -1.32361671e+01       4.772771e-03
   200            250       -1.32361671e+01       4.599499e-03
   500            100       -1.32361671e+01       4.478393e-03
0 0.0047467953289849025 0.004478392507912329
Stocahstic error estimate: 4.746795e-03

step=86,E=-0.8272604439989402,dE=0.00024741914188763925,err=0.0002966747080615564,gmax=0.31545393815865097
	collect g,Hv time= 7.904970407485962
niter= 34
	solver time=0.10633468627929688,exit status=0
pure_newton= False
niter= 1366
	solver time=11.03106951713562,exit status=0
	prob= 4.5523079843579066e-05
	burn in time= 18.431596755981445
	sample time= 338.84556007385254
	contraction err= 1.9177139274458023e-14 6.603544637876995e-12

Mean energy: -1.32372943e+01
Block size    # of blocks        Mean                Error
     1           50000       -1.32372943e+01       4.677792e-03
     2           25000       -1.32372943e+01       4.669086e-03
     5           10000       -1.32372943e+01       4.717592e-03
    10           5000       -1.32372943e+01       4.669907e-03
    20           2500       -1.32372943e+01       4.699448e-03
    50           1000       -1.32372943e+01       4.620058e-03
    70            714       -1.32372160e+01       4.690179e-03
   100            500       -1.32372943e+01       4.768081e-03
   200            250       -1.32372943e+01       5.124821e-03
   500            100       -1.32372943e+01       4.753776e-03
0 0.004677792251369281 0.0047537760286061265
Stocahstic error estimate: 4.677792e-03

	predict=-0.0075208942403058735,actual=(-0.0011272392474950266, 0.006664368405351206)
	g=1.0614596451025278,del=0.3310452658260086,dot=0.015042768939421119,x=25.787309253345008
saving to  ./psi87_0
saving to  ./psi87_1
	prob= 4.5523079843579066e-05
	burn in time= 18.2994065284729
	sample time= 1196.9307420253754
	contraction err= 2.65914704042891e-14 6.601766889627146e-12

Mean energy: -1.32404330e+01
Block size    # of blocks        Mean                Error
     1           50000       -1.32404330e+01       4.748885e-03
     2           25000       -1.32404330e+01       4.734571e-03
     5           10000       -1.32404330e+01       4.778235e-03
    10           5000       -1.32404330e+01       4.773630e-03
    20           2500       -1.32404330e+01       4.783608e-03
    50           1000       -1.32404330e+01       4.631511e-03
    70            714       -1.32404732e+01       4.637593e-03
   100            500       -1.32404330e+01       4.636731e-03
   200            250       -1.32404330e+01       4.480118e-03
   500            100       -1.32404330e+01       4.198835e-03
0 0.004748884882776568 0.004198835070535565
Stocahstic error estimate: 4.748885e-03

step=87,E=-0.8275270622176424,dE=-0.00026661821870221925,err=0.0002968053051735355,gmax=0.4102574779387851
	collect g,Hv time= 6.5994439125061035
niter= 43
	solver time=0.13800621032714844,exit status=0
pure_newton= False
	solver time=11.367063760757446,exit status=0
niter= 1397
	prob= 0.0004506242962052497
	burn in time= 18.31375002861023
	sample time= 338.883416891098
	contraction err= 1.7123778210028052e-14 3.91108363616172e-12

Mean energy: -1.32400874e+01
Block size    # of blocks        Mean                Error
     1           50000       -1.32400874e+01       4.675442e-03
     2           25000       -1.32400874e+01       4.680585e-03
     5           10000       -1.32400874e+01       4.680214e-03
    10           5000       -1.32400874e+01       4.713315e-03
    20           2500       -1.32400874e+01       4.734094e-03
    50           1000       -1.32400874e+01       4.673163e-03
    70            714       -1.32402263e+01       4.655580e-03
   100            500       -1.32400874e+01       4.708321e-03
   200            250       -1.32400874e+01       4.314817e-03
   500            100       -1.32400874e+01       4.918414e-03
0 0.0046805852024929704 0.004918413902115703
Stocahstic error estimate: 4.680585e-03

	predict=-0.010019984439801451,actual=(0.00034558444225929463, 0.006667817144137951)
	g=0.8995368047772285,del=0.20152151285641987,dot=0.06507958503800432,x=25.787309253345008
saving to  ./psi88_0
saving to  ./psi88_1
	prob= 6.915634767394172e-05
	burn in time= 17.97370481491089
