block_dict= [(0, 107648)]
sizes= [107648]
RANK= 0
SIZE= 640
Lx,Ly= 16 16
D= 4
chi= 4
rate= 0.1 0.1
cond= 0.001 0.001
nparams= 107648 107632
256 128 128
size= 0.8213882446289062
	prob= 0.34800678101233695
	burn in time= 1723.1728074550629
	sample time= 3661.891990661621
	contraction err= 0.0 0.0

Mean energy: -1.25093685e+02
Block size    # of blocks        Mean                Error
     1           5000       -1.25093685e+02       1.584345e-02
     2           2500       -1.25093685e+02       1.589593e-02
     5           1000       -1.25093685e+02       1.570396e-02
    10            500       -1.25093685e+02       1.553829e-02
    20            250       -1.25093685e+02       1.517770e-02
    50            100       -1.25093685e+02       1.434242e-02
    70             71       -1.25092426e+02       1.528323e-02
   100             50       -1.25093685e+02       1.299353e-02
   200             25       -1.25093685e+02       1.338608e-02
   500             10       -1.25093685e+02       9.616878e-03
0 0.015895933703691845 0.0096168784268714
Stocahstic error estimate: 1.589593e-02

step=0,E=-0.4886472089452276,dE=-0.4886472089452276,err=6.209349103004627e-05,gmax=0.036993734421109536
	collect g,Hv time= 49.48643970489502
	solver time=0.44391846656799316,exit status=0
niter= 30
	g=0.4430791960310169,del=6.776339832026582,dot=1.2153243898443118,x=38.82183765509098
	prob= 0.31305299952464727
	burn in time= 1740.530063867569
	sample time= 10472.53059220314
	contraction err= 0.0 0.0

Mean energy: -1.25090068e+02
Block size    # of blocks        Mean                Error
     1           5000       -1.25090068e+02       1.632511e-02
     2           2500       -1.25090068e+02       1.659003e-02
     5           1000       -1.25090068e+02       1.626808e-02
    10            500       -1.25090068e+02       1.594893e-02
    20            250       -1.25090068e+02       1.574002e-02
    50            100       -1.25090068e+02       1.500169e-02
    70             71       -1.25090642e+02       1.463829e-02
   100             50       -1.25090068e+02       1.598951e-02
   200             25       -1.25090068e+02       1.844087e-02
   500             10       -1.25090068e+02       1.976259e-02
0 0.01659002638178099 0.01976259297656145
Stocahstic error estimate: 1.659003e-02

step=1,E=-0.4886330789118493,dE=1.413003337830121e-05,err=6.480479055383199e-05,gmax=0.10780452114365335
	collect g,Hv time= 123.18389058113098
	solver time=1.074530839920044,exit status=0
niter= 30
	g=0.4843239901870513,del=6.568407779971022,dot=1.2754737976971513,x=38.82183765509098
	prob= 0.2772914685798004
	burn in time= 1705.17054104805
	sample time= 10466.969290733337
	contraction err= 0.0 0.0

Mean energy: -1.25067363e+02
Block size    # of blocks        Mean                Error
     1           5000       -1.25067363e+02       1.903188e-02
     2           2500       -1.25067363e+02       1.904831e-02
     5           1000       -1.25067363e+02       1.913158e-02
    10            500       -1.25067363e+02       1.981355e-02
    20            250       -1.25067363e+02       1.968669e-02
    50            100       -1.25067363e+02       1.790232e-02
    70             71       -1.25066768e+02       1.864946e-02
   100             50       -1.25067363e+02       1.933826e-02
   200             25       -1.25067363e+02       2.342386e-02
   500             10       -1.25067363e+02       2.669232e-02
0 0.019048309118768453 0.026692319152927906
Stocahstic error estimate: 1.904831e-02

step=2,E=-0.48854438817972434,dE=8.869073212497414e-05,err=7.440745749518927e-05,gmax=0.04919838130335208
	collect g,Hv time= 139.1987702846527
	solver time=1.0327479839324951,exit status=0
niter= 29
	g=0.5130567211747225,del=7.532974341414252,dot=1.7453547731187768,x=38.821837655090974
	prob= 0.28798165845360185
	burn in time= 1712.7055394649506
	sample time= 10452.152814388275
	contraction err= 0.0 0.0

Mean energy: -1.25123957e+02
Block size    # of blocks        Mean                Error
     1           5000       -1.25123957e+02       1.715679e-02
     2           2500       -1.25123957e+02       1.698065e-02
     5           1000       -1.25123957e+02       1.704238e-02
    10            500       -1.25123957e+02       1.698618e-02
    20            250       -1.25123957e+02       1.780048e-02
    50            100       -1.25123957e+02       1.637976e-02
    70             71       -1.25123134e+02       1.780896e-02
   100             50       -1.25123957e+02       1.534666e-02
   200             25       -1.25123957e+02       1.723844e-02
   500             10       -1.25123957e+02       1.613935e-02
0 0.017156794439341476 0.016139354480255587
Stocahstic error estimate: 1.715679e-02

step=3,E=-0.4887654577837016,dE=-0.00022106960397727526,err=6.701872827867764e-05,gmax=0.418876848206013
	collect g,Hv time= 134.69448399543762
	solver time=1.1062610149383545,exit status=0
niter= 31
	g=1.1924048490840606,del=6.379901130784865,dot=1.4529237889971438,x=38.82183765509097
	prob= 0.24718319794926005
	burn in time= 1721.67915225029
block_dict= [(0, 107648)]
sizes= [107648]
RANK= 0
SIZE= 640
Lx,Ly= 16 16
D= 4
chi= 4
rate= 0.1 0.1
cond= 0.001 0.001
nparams= 107648 107627
256 128 128
size= 0.8213882446289062
	prob= 0.24718319794925994
	burn in time= 3442.997500896454
	sample time= 7020.461313486099
	contraction err= 0.0 0.0

Mean energy: -1.25050945e+02
Block size    # of blocks        Mean                Error
     1           10000       -1.25050945e+02       1.171316e-02
     2           5000       -1.25050945e+02       1.166259e-02
     5           2000       -1.25050945e+02       1.173001e-02
    10           1000       -1.25050945e+02       1.212195e-02
    20            500       -1.25050945e+02       1.197274e-02
    50            200       -1.25050945e+02       1.215093e-02
    70            142       -1.25051930e+02       1.196336e-02
   100            100       -1.25050945e+02       1.244880e-02
   200             50       -1.25050945e+02       1.137133e-02
   500             20       -1.25050945e+02       1.061123e-02
0 0.01171315614082984 0.010611229120192554
Stocahstic error estimate: 1.171316e-02

step=4,E=-0.48848025243829923,dE=-0.48848025243829923,err=4.575451617511656e-05,gmax=0.08009928739774175
	collect g,Hv time= 109.97128081321716
	solver time=0.8229949474334717,exit status=0
niter= 38
	g=0.4279711385720608,del=8.552061901055204,dot=1.1954089043546696,x=38.821837655090945
	prob= 0.21959859219196534
	burn in time= 3408.789331436157
	sample time= 20737.698168992996
	contraction err= 0.0 0.0

Mean energy: -1.25056969e+02
Block size    # of blocks        Mean                Error
     1           10000       -1.25056969e+02       1.202829e-02
     2           5000       -1.25056969e+02       1.183500e-02
     5           2000       -1.25056969e+02       1.188183e-02
    10           1000       -1.25056969e+02       1.190107e-02
    20            500       -1.25056969e+02       1.160558e-02
    50            200       -1.25056969e+02       1.182502e-02
    70            142       -1.25056903e+02       1.192888e-02
   100            100       -1.25056969e+02       1.127145e-02
   200             50       -1.25056969e+02       1.175922e-02
   500             20       -1.25056969e+02       1.641048e-02
0 0.012028288275352563 0.016410483524565905
Stocahstic error estimate: 1.202829e-02

step=5,E=-0.48850378648354964,dE=-2.3534045250406255e-05,err=4.698550107559595e-05,gmax=0.04293881485363471
	collect g,Hv time= 152.5587067604065
	solver time=2.2479958534240723,exit status=0
niter= 37
	g=0.37500763824203026,del=8.753494866656576,dot=1.227678542847437,x=38.82183765509099
	prob= 0.18617042374177928
	burn in time= 3380.4387567043304
