block_dict= [(0, 820)]
sizes= [820]
SIZE= 640
L= 20
nspin= (10, 10)
nparam= 820
	prob= 4.467273665751001e-05
	burn in time= 0.5296292304992676
	sample time= 2.245314598083496
	contraction err= 1.760853792539609e-15 2.6534137664739866e-14

Mean energy: -7.46994444e+00
Block size    # of blocks        Mean                Error
     1           20000       -7.46994444e+00       1.150962e-03
     2           10000       -7.46994444e+00       1.156577e-03
     5           4000       -7.46994444e+00       1.142052e-03
    10           2000       -7.46994444e+00       1.154224e-03
    20           1000       -7.46994444e+00       1.149505e-03
    50            400       -7.46994444e+00       1.155652e-03
    70            285       -7.46988188e+00       1.205419e-03
   100            200       -7.46994444e+00       1.220449e-03
   200            100       -7.46994444e+00       1.167479e-03
   500             40       -7.46994444e+00       1.020216e-03
0 0.0011565768799161088 0.0010202158679132167
Stocahstic error estimate: 1.156577e-03

step=50,E=-0.37349722211183856,dE=-0.37349722211183856,err=5.7828843995805443e-05,gmax=0.14135962231288524
	collect g,Hv time= 0.19768214225769043
	solver time=0.032158851623535156,exit status=0
niter= 47
pure_newton= False
	solver time=0.6759345531463623,exit status=0
niter= 738
	prob= 3.937107573162908e-05
	burn in time= 0.4890563488006592
	sample time= 6.1725780963897705
	contraction err= 1.8490329969027517e-15 2.5258073204471485e-14

Mean energy: -7.45142615e+00
Block size    # of blocks        Mean                Error
     1           20000       -7.45142615e+00       1.925100e-03
     2           10000       -7.45142615e+00       1.929257e-03
     5           4000       -7.45142615e+00       1.907670e-03
    10           2000       -7.45142615e+00       1.913439e-03
    20           1000       -7.45142615e+00       1.893584e-03
    50            400       -7.45142615e+00       1.896490e-03
    70            285       -7.45135325e+00       1.967444e-03
   100            200       -7.45142615e+00       2.003920e-03
   200            100       -7.45142615e+00       2.525465e-03
   500             40       -7.45142615e+00       3.594246e-03
0 0.0019292573855140243 0.003594246345568926
Stocahstic error estimate: 1.929257e-03

	predict=-0.0036726484940050375,actual=(0.0185182908097703, 0.0022493786116874344)
	g=0.8001180132376394,del=0.17485217913602663,dot=0.021481604953607195,x=9.331682660772694
	prob= 4.389620720979559e-05
	burn in time= 0.530806303024292
	sample time= 10.03869080543518
	contraction err= 1.6709355874459343e-15 2.937053999072587e-14

Mean energy: -7.47347771e+00
Block size    # of blocks        Mean                Error
     1           20000       -7.47347771e+00       1.105493e-03
     2           10000       -7.47347771e+00       1.099834e-03
     5           4000       -7.47347771e+00       1.085553e-03
    10           2000       -7.47347771e+00       1.086973e-03
    20           1000       -7.47347771e+00       1.086171e-03
    50            400       -7.47347771e+00       1.108123e-03
    70            285       -7.47346312e+00       1.115831e-03
   100            200       -7.47347771e+00       1.049032e-03
   200            100       -7.47347771e+00       1.224774e-03
   500             40       -7.47347771e+00       1.407856e-03
0 0.0011054925716850205 0.0014078557376411812
Stocahstic error estimate: 1.105493e-03

step=51,E=-0.37367388534231616,dE=-0.0001766632304775584,err=5.527462858425103e-05,gmax=0.20803584172582634
	collect g,Hv time= 0.19709181785583496
	solver time=0.029818058013916016,exit status=0
niter= 46
pure_newton= False
	solver time=0.7677164077758789,exit status=0
niter= 715
	prob= 4.096961968194441e-05
	burn in time= 0.5203642845153809
	sample time= 6.171955108642578
	contraction err= 1.7119250723296807e-15 2.961889088541369e-14

Mean energy: -7.43784089e+00
Block size    # of blocks        Mean                Error
     1           20000       -7.43784089e+00       2.320055e-03
     2           10000       -7.43784089e+00       2.306251e-03
     5           4000       -7.43784089e+00       2.283857e-03
    10           2000       -7.43784089e+00       2.284407e-03
    20           1000       -7.43784089e+00       2.211450e-03
    50            400       -7.43784089e+00       2.113697e-03
    70            285       -7.43774883e+00       2.293947e-03
   100            200       -7.43784089e+00       2.097162e-03
   200            100       -7.43784089e+00       2.721474e-03
   500             40       -7.43784089e+00       3.826358e-03
0 0.002320054547885946 0.003826357695727443
Stocahstic error estimate: 2.320055e-03

	predict=-0.0032869282954769187,actual=(0.03563681539741381, 0.0025699741110013193)
	g=0.9357333440393734,del=0.14621383851713765,dot=0.020290727557312246,x=9.331682660772696
	prob= 4.334431317683046e-05
	burn in time= 0.5207624435424805
	sample time= 10.020973920822144
	contraction err= 1.7044705821615173e-15 2.3301481708338043e-14

Mean energy: -7.47297868e+00
Block size    # of blocks        Mean                Error
     1           20000       -7.47297868e+00       9.514530e-04
     2           10000       -7.47297868e+00       9.537693e-04
     5           4000       -7.47297868e+00       9.659918e-04
    10           2000       -7.47297868e+00       9.912483e-04
    20           1000       -7.47297868e+00       1.035000e-03
    50            400       -7.47297868e+00       1.034620e-03
    70            285       -7.47292491e+00       1.019221e-03
   100            200       -7.47297868e+00       9.786870e-04
   200            100       -7.47297868e+00       1.175274e-03
   500             40       -7.47297868e+00       1.461739e-03
0 0.0009537693430734949 0.0014617391133012266
Stocahstic error estimate: 9.537693e-04

step=52,E=-0.3736489339459066,dE=2.495139640954491e-05,err=4.768846715367475e-05,gmax=0.13627680479057314
	collect g,Hv time= 0.1962876319885254
	solver time=0.028509140014648438,exit status=0
niter= 46
pure_newton= False
	solver time=0.7488796710968018,exit status=0
niter= 684
	prob= 3.8588684613845775e-05
	burn in time= 0.5012595653533936
	sample time= 6.165445327758789
	contraction err= 1.7254041809818102e-15 2.2422259823566207e-14

Mean energy: -7.43353035e+00
Block size    # of blocks        Mean                Error
     1           20000       -7.43353035e+00       2.890940e-03
     2           10000       -7.43353035e+00       2.894551e-03
     5           4000       -7.43353035e+00       2.894028e-03
    10           2000       -7.43353035e+00       2.919955e-03
    20           1000       -7.43353035e+00       2.967886e-03
    50            400       -7.43353035e+00       3.055475e-03
    70            285       -7.43343046e+00       3.094376e-03
   100            200       -7.43353035e+00       3.160035e-03
   200            100       -7.43353035e+00       4.035932e-03
   500             40       -7.43353035e+00       5.985340e-03
0 0.002894551414400613 0.005985340455488865
Stocahstic error estimate: 2.894551e-03

	predict=-0.0025472015291874077,actual=(0.03944833098228706, 0.003047639061699308)
	g=0.7143499672844792,del=0.1505130043652754,dot=0.011745605568911032,x=9.331682660772694
	prob= 4.233095321756217e-05
	burn in time= 0.5191686153411865
	sample time= 10.032248973846436
	contraction err= 1.7184059689687462e-15 4.400297838731226e-14

Mean energy: -7.47668584e+00
Block size    # of blocks        Mean                Error
     1           20000       -7.47668584e+00       9.696318e-04
     2           10000       -7.47668584e+00       9.816873e-04
     5           4000       -7.47668584e+00       9.846162e-04
    10           2000       -7.47668584e+00       9.760049e-04
    20           1000       -7.47668584e+00       9.586901e-04
    50            400       -7.47668584e+00       1.001641e-03
    70            285       -7.47667641e+00       1.007854e-03
   100            200       -7.47668584e+00       1.012200e-03
   200            100       -7.47668584e+00       1.227009e-03
   500             40       -7.47668584e+00       1.556814e-03
0 0.0009816873097709961 0.0015568141140915677
Stocahstic error estimate: 9.816873e-04

step=53,E=-0.3738342922153001,dE=-0.00018535826939354295,err=4.9084365488549805e-05,gmax=0.17630384968250912
	collect g,Hv time= 0.19484972953796387
	solver time=0.02745795249938965,exit status=0
niter= 44
pure_newton= False
	solver time=0.721886396408081,exit status=0
niter= 669
	prob= 3.923862331025941e-05
	burn in time= 0.506317138671875
	sample time= 6.171517848968506
	contraction err= 1.683263997308625e-15 3.5235501475634077e-14

Mean energy: -7.47027836e+00
Block size    # of blocks        Mean                Error
     1           20000       -7.47027836e+00       1.482077e-03
     2           10000       -7.47027836e+00       1.497393e-03
     5           4000       -7.47027836e+00       1.493210e-03
    10           2000       -7.47027836e+00       1.483561e-03
    20           1000       -7.47027836e+00       1.489721e-03
    50            400       -7.47027836e+00       1.542860e-03
    70            285       -7.47020646e+00       1.477987e-03
   100            200       -7.47027836e+00       1.460580e-03
   200            100       -7.47027836e+00       1.753205e-03
   500             40       -7.47027836e+00       2.174318e-03
0 0.0014973931759322183 0.0021743176912596167
Stocahstic error estimate: 1.497393e-03

	predict=-0.002417348437446987,actual=(0.006407488913395376, 0.001790501688771555)
	g=0.7491193067203871,del=0.10999815831378393,dot=0.012374729032401157,x=9.331682660772694
	prob= 4.135701593938788e-05
	burn in time= 0.5219497680664062
	sample time= 10.052027702331543
	contraction err= 1.796856775321777e-15 2.3462512675085463e-14

Mean energy: -7.47982094e+00
Block size    # of blocks        Mean                Error
     1           20000       -7.47982094e+00       8.501043e-04
     2           10000       -7.47982094e+00       8.466941e-04
     5           4000       -7.47982094e+00       8.505659e-04
    10           2000       -7.47982094e+00       8.557916e-04
    20           1000       -7.47982094e+00       8.448886e-04
    50            400       -7.47982094e+00       8.555195e-04
    70            285       -7.47995053e+00       8.351719e-04
   100            200       -7.47982094e+00       8.008724e-04
   200            100       -7.47982094e+00       9.509897e-04
   500             40       -7.47982094e+00       1.156992e-03
0 0.00085010434236106 0.0011569923613599159
Stocahstic error estimate: 8.501043e-04

step=54,E=-0.3739910470291502,dE=-0.00015675481385009072,err=4.2505217118053e-05,gmax=0.12616672483651303
	collect g,Hv time= 0.1971745491027832
	solver time=0.026974201202392578,exit status=0
niter= 44
pure_newton= False
	solver time=0.6461739540100098,exit status=0
niter= 591
	prob= 3.803847990442887e-05
	burn in time= 0.5093460083007812
	sample time= 6.17746639251709
	contraction err= 1.7657000595081847e-15 2.554232360044427e-14

Mean energy: -7.47131586e+00
Block size    # of blocks        Mean                Error
     1           20000       -7.47131586e+00       1.416894e-03
     2           10000       -7.47131586e+00       1.409944e-03
     5           4000       -7.47131586e+00       1.418830e-03
    10           2000       -7.47131586e+00       1.392288e-03
    20           1000       -7.47131586e+00       1.381649e-03
    50            400       -7.47131586e+00       1.320468e-03
    70            285       -7.47126959e+00       1.343271e-03
   100            200       -7.47131586e+00       1.332844e-03
   200            100       -7.47131586e+00       1.600606e-03
   500             40       -7.47131586e+00       1.983307e-03
0 0.0014168938867890515 0.001983307441085483
Stocahstic error estimate: 1.416894e-03

	predict=-0.002108579440086733,actual=(0.008505079437806984, 0.0016523515604499291)
	g=0.6208791215203924,del=0.1378782505591288,dot=0.010559956264645263,x=9.331682660772694
	prob= 4.062212517328929e-05
	burn in time= 0.5010933876037598
	sample time= 10.051132678985596
	contraction err= 1.73595695415083e-15 3.63062883448669e-14

Mean energy: -7.47967548e+00
Block size    # of blocks        Mean                Error
     1           20000       -7.47967548e+00       9.507687e-04
     2           10000       -7.47967548e+00       9.606558e-04
     5           4000       -7.47967548e+00       9.565564e-04
    10           2000       -7.47967548e+00       9.590988e-04
    20           1000       -7.47967548e+00       9.452219e-04
    50            400       -7.47967548e+00       9.143973e-04
    70            285       -7.47967173e+00       9.297181e-04
   100            200       -7.47967548e+00       8.630164e-04
   200            100       -7.47967548e+00       9.274530e-04
   500             40       -7.47967548e+00       9.829415e-04
0 0.0009606557674563691 0.000982941522739414
Stocahstic error estimate: 9.606558e-04

step=55,E=-0.3739837738398637,dE=7.273189286527426e-06,err=4.8032788372818454e-05,gmax=0.13516228511016815
	collect g,Hv time= 0.19866561889648438
	solver time=0.028209924697875977,exit status=0
niter= 46
pure_newton= False
	solver time=0.6699819564819336,exit status=0
niter= 620
	prob= 3.845834195799495e-05
	burn in time= 0.5023603439331055
	sample time= 6.187135219573975
	contraction err= 1.7728939913982983e-15 5.1964196824933825e-14

Mean energy: -7.47868847e+00
Block size    # of blocks        Mean                Error
     1           20000       -7.47868847e+00       1.309530e-03
     2           10000       -7.47868847e+00       1.306879e-03
     5           4000       -7.47868847e+00       1.295245e-03
    10           2000       -7.47868847e+00       1.289271e-03
    20           1000       -7.47868847e+00       1.285385e-03
    50            400       -7.47868847e+00       1.234251e-03
    70            285       -7.47865675e+00       1.287289e-03
   100            200       -7.47868847e+00       1.313866e-03
   200            100       -7.47868847e+00       1.702524e-03
   500             40       -7.47868847e+00       2.455081e-03
0 0.0013095300520839209 0.0024550809709614277
Stocahstic error estimate: 1.309530e-03

	predict=-0.0025557520066606613,actual=(0.0009870066510275777, 0.0016241085126487398)
	g=0.6951385474007352,del=0.13659514481987414,dot=0.014368764996375646,x=9.331682660772694
	prob= 4.000952223014746e-05
	burn in time= 0.5147750377655029
	sample time= 10.063549518585205
	contraction err= 1.8040138604229237e-15 3.6408308091799473e-14

Mean energy: -7.48239515e+00
Block size    # of blocks        Mean                Error
     1           20000       -7.48239515e+00       9.515670e-04
     2           10000       -7.48239515e+00       9.506834e-04
     5           4000       -7.48239515e+00       9.529100e-04
    10           2000       -7.48239515e+00       9.596392e-04
    20           1000       -7.48239515e+00       9.509257e-04
    50            400       -7.48239515e+00       9.261747e-04
    70            285       -7.48241763e+00       9.787509e-04
   100            200       -7.48239515e+00       9.597063e-04
   200            100       -7.48239515e+00       1.100439e-03
   500             40       -7.48239515e+00       1.363111e-03
0 0.0009515669947770385 0.001363110793808635
Stocahstic error estimate: 9.515670e-04

step=56,E=-0.3741197575556167,dE=-0.0001359837157530297,err=4.7578349738851924e-05,gmax=0.3934839497587834
	collect g,Hv time= 0.19442963600158691
	solver time=0.02862548828125,exit status=0
niter= 46
pure_newton= False
niter= 585
	solver time=0.6527256965637207,exit status=0
	prob= 3.656437763743772e-05
	burn in time= 0.5006983280181885
	sample time= 6.187044858932495
	contraction err= 1.7761279951974131e-15 4.8013202487274654e-14

Mean energy: -7.47560264e+00
Block size    # of blocks        Mean                Error
     1           20000       -7.47560264e+00       1.296489e-03
     2           10000       -7.47560264e+00       1.299607e-03
     5           4000       -7.47560264e+00       1.291628e-03
    10           2000       -7.47560264e+00       1.283656e-03
    20           1000       -7.47560264e+00       1.295025e-03
    50            400       -7.47560264e+00       1.277518e-03
    70            285       -7.47558810e+00       1.260062e-03
   100            200       -7.47560264e+00       1.250443e-03
   200            100       -7.47560264e+00       1.362888e-03
   500             40       -7.47560264e+00       1.789494e-03
0 0.0012996070966433734 0.0017894941455858387
Stocahstic error estimate: 1.299607e-03

	predict=-0.0021957055322653117,actual=(0.006792508331930236, 0.0016107322406889429)
	g=1.1582799940237025,del=0.08900297671490025,dot=0.015058732488307771,x=9.331682660772694
	prob= 3.946449739496629e-05
	burn in time= 0.509507417678833
	sample time= 10.045816421508789
	contraction err= 1.6896705537310165e-15 2.6426824580607623e-14

Mean energy: -7.48041043e+00
Block size    # of blocks        Mean                Error
     1           20000       -7.48041043e+00       1.033538e-03
     2           10000       -7.48041043e+00       1.034971e-03
     5           4000       -7.48041043e+00       1.040528e-03
    10           2000       -7.48041043e+00       1.040870e-03
    20           1000       -7.48041043e+00       1.039920e-03
    50            400       -7.48041043e+00       1.052945e-03
    70            285       -7.48039514e+00       1.021741e-03
   100            200       -7.48041043e+00       1.006868e-03
   200            100       -7.48041043e+00       1.081848e-03
   500             40       -7.48041043e+00       1.310108e-03
0 0.0010349706918096244 0.0013101079817437094
Stocahstic error estimate: 1.034971e-03

step=57,E=-0.3740205215388047,dE=9.923601681198768e-05,err=5.1748534590481224e-05,gmax=0.1401760877724041
	collect g,Hv time= 0.20098519325256348
	solver time=0.02904343605041504,exit status=0
niter= 47
pure_newton= False
niter= 681
	solver time=0.7530522346496582,exit status=0
	prob= 3.675318107105015e-05
	burn in time= 0.4930424690246582
	sample time= 6.188973903656006
	contraction err= 1.9168189154002338e-15 2.868669952234041e-14

Mean energy: -7.48138961e+00
Block size    # of blocks        Mean                Error
     1           20000       -7.48138961e+00       1.083955e-03
     2           10000       -7.48138961e+00       1.081163e-03
     5           4000       -7.48138961e+00       1.076295e-03
    10           2000       -7.48138961e+00       1.082552e-03
    20           1000       -7.48138961e+00       1.071444e-03
    50            400       -7.48138961e+00       1.044415e-03
    70            285       -7.48145526e+00       1.059399e-03
   100            200       -7.48138961e+00       1.039986e-03
   200            100       -7.48138961e+00       1.051099e-03
   500             40       -7.48138961e+00       1.180399e-03
0 0.001083954858703743 0.001180399435986185
Stocahstic error estimate: 1.083955e-03

	predict=-0.0028069501089077282,actual=(-0.000979177820044086, 0.0014987069321959995)
	g=0.665318722779559,del=0.16771753052979974,dot=0.005610994601381376,x=9.331682660772694
	prob= 3.675318107105015e-05
	burn in time= 0.5127630233764648
	sample time= 10.054189682006836
	contraction err= 1.9525441067061117e-15 4.90135765132382e-14

Mean energy: -7.47558418e+00
Block size    # of blocks        Mean                Error
     1           20000       -7.47558418e+00       1.344374e-03
     2           10000       -7.47558418e+00       1.336051e-03
     5           4000       -7.47558418e+00       1.330646e-03
    10           2000       -7.47558418e+00       1.305731e-03
    20           1000       -7.47558418e+00       1.270490e-03
    50            400       -7.47558418e+00       1.243406e-03
    70            285       -7.47567010e+00       1.271360e-03
   100            200       -7.47558418e+00       1.154276e-03
   200            100       -7.47558418e+00       1.324085e-03
   500             40       -7.47558418e+00       1.825198e-03
0 0.0013443738025508646 0.0018251981866089246
Stocahstic error estimate: 1.344374e-03

step=58,E=-0.37377920885679605,dE=0.0002413126820087097,err=6.721869012754323e-05,gmax=0.20222408260039826
	collect g,Hv time= 0.19522452354431152
	solver time=0.02512812614440918,exit status=0
niter= 43
pure_newton= False
	solver time=0.611088752746582,exit status=0
niter= 569
	prob= 3.227497980241623e-05
	burn in time= 0.4977550506591797
	sample time= 6.205421447753906
	contraction err= 1.7820804071529705e-15 3.986868747363384e-14

Mean energy: -7.47381096e+00
Block size    # of blocks        Mean                Error
     1           20000       -7.47381096e+00       1.736850e-03
     2           10000       -7.47381096e+00       1.745540e-03
     5           4000       -7.47381096e+00       1.755152e-03
    10           2000       -7.47381096e+00       1.751818e-03
    20           1000       -7.47381096e+00       1.728147e-03
    50            400       -7.47381096e+00       1.692232e-03
    70            285       -7.47385707e+00       1.736457e-03
   100            200       -7.47381096e+00       1.713710e-03
   200            100       -7.47381096e+00       2.241442e-03
   500             40       -7.47381096e+00       3.206981e-03
0 0.001745539998652031 0.0032069805929372188
Stocahstic error estimate: 1.745540e-03

	predict=-0.003987394098006107,actual=(0.001773220460862035, 0.0022032364393952827)
	g=0.746122969985609,del=0.14047730892670332,dot=0.029317646080395637,x=9.331682660772694
	prob= 3.6066650930418775e-05
	burn in time= 0.5159578323364258
	sample time= 10.061508417129517
	contraction err= 1.6706659068111897e-15 3.7219564320197203e-14

Mean energy: -7.47941774e+00
Block size    # of blocks        Mean                Error
     1           20000       -7.47941774e+00       1.200825e-03
     2           10000       -7.47941774e+00       1.199737e-03
     5           4000       -7.47941774e+00       1.192586e-03
    10           2000       -7.47941774e+00       1.187918e-03
    20           1000       -7.47941774e+00       1.179015e-03
    50            400       -7.47941774e+00       1.130536e-03
    70            285       -7.47935609e+00       1.188374e-03
   100            200       -7.47941774e+00       1.115589e-03
   200            100       -7.47941774e+00       1.366825e-03
   500             40       -7.47941774e+00       1.831042e-03
0 0.001200825063066689 0.0018310420752132787
Stocahstic error estimate: 1.200825e-03

step=59,E=-0.37397088683468255,dE=-0.00019167797788650632,err=6.004125315333445e-05,gmax=0.24604272578669106
	collect g,Hv time= 0.1958179473876953
	solver time=0.02733755111694336,exit status=0
niter= 45
pure_newton= False
	solver time=0.618199348449707,exit status=0
niter= 557
	prob= 3.318700073031729e-05
	burn in time= 0.5030725002288818
	sample time= 6.210150718688965
	contraction err= 1.5758543648711236e-15 5.626395906206001e-14

Mean energy: -7.48006750e+00
Block size    # of blocks        Mean                Error
     1           20000       -7.48006750e+00       1.375428e-03
     2           10000       -7.48006750e+00       1.376219e-03
     5           4000       -7.48006750e+00       1.358839e-03
    10           2000       -7.48006750e+00       1.369062e-03
    20           1000       -7.48006750e+00       1.370379e-03
    50            400       -7.48006750e+00       1.308002e-03
    70            285       -7.48011331e+00       1.276767e-03
   100            200       -7.48006750e+00       1.333756e-03
   200            100       -7.48006750e+00       1.605140e-03
   500             40       -7.48006750e+00       2.185815e-03
0 0.0013762193182184801 0.002185814790690605
Stocahstic error estimate: 1.376219e-03

	predict=-0.0033580512786787267,actual=(-0.000649768030995368, 0.0018264611805146192)
	g=0.7598473531745052,del=0.12397535920516828,dot=0.006712892630832713,x=9.331682660772694
	prob= 3.318700073031729e-05
	burn in time= 0.5237982273101807
	sample time= 10.074817657470703
	contraction err= 1.5762225813682719e-15 1.1348923095781563e-13

Mean energy: -7.48233191e+00
Block size    # of blocks        Mean                Error
     1           20000       -7.48233191e+00       1.160092e-03
     2           10000       -7.48233191e+00       1.168569e-03
     5           4000       -7.48233191e+00       1.179774e-03
    10           2000       -7.48233191e+00       1.199325e-03
    20           1000       -7.48233191e+00       1.172032e-03
    50            400       -7.48233191e+00       1.194195e-03
    70            285       -7.48233883e+00       1.177761e-03
   100            200       -7.48233191e+00       1.125500e-03
   200            100       -7.48233191e+00       1.367003e-03
   500             40       -7.48233191e+00       1.712902e-03
0 0.001168568698986981 0.0017129017088626335
Stocahstic error estimate: 1.168569e-03

step=60,E=-0.3741165953804086,dE=-0.00014570854572606428,err=5.842843494934905e-05,gmax=0.17090315923582242
	collect g,Hv time= 0.19531798362731934
	solver time=0.024857521057128906,exit status=0
niter= 41
pure_newton= False
	solver time=0.7042498588562012,exit status=0
niter= 628
	prob= 3.357618951011713e-05
	burn in time= 0.490506649017334
	sample time= 6.21051549911499
	contraction err= 1.6286239615872849e-15 3.302854503800868e-14

Mean energy: -7.48307825e+00
Block size    # of blocks        Mean                Error
     1           20000       -7.48307825e+00       1.138929e-03
     2           10000       -7.48307825e+00       1.135091e-03
     5           4000       -7.48307825e+00       1.136208e-03
    10           2000       -7.48307825e+00       1.121293e-03
    20           1000       -7.48307825e+00       1.131358e-03
    50            400       -7.48307825e+00       1.136176e-03
    70            285       -7.48305147e+00       1.175965e-03
   100            200       -7.48307825e+00       1.180278e-03
   200            100       -7.48307825e+00       1.398854e-03
   500             40       -7.48307825e+00       2.019046e-03
0 0.0011389293540598755 0.002019046023752711
Stocahstic error estimate: 1.138929e-03

	predict=-0.00337261511159896,actual=(-0.0007463385373664977, 0.0016317821171318709)
	g=0.7447753501496125,del=0.11252629903583902,dot=0.006742049373956417,x=9.331682660772694
	prob= 3.357618951011713e-05
	burn in time= 0.49554443359375
	sample time= 10.090753316879272
	contraction err= 1.6278411551141145e-15 3.653113314134526e-14

Mean energy: -7.49093521e+00
Block size    # of blocks        Mean                Error
     1           20000       -7.49093521e+00       6.934051e-04
     2           10000       -7.49093521e+00       6.955971e-04
     5           4000       -7.49093521e+00       6.940636e-04
    10           2000       -7.49093521e+00       6.828354e-04
    20           1000       -7.49093521e+00       6.973372e-04
    50            400       -7.49093521e+00       6.852750e-04
    70            285       -7.49101121e+00       6.533236e-04
   100            200       -7.49093521e+00       6.563841e-04
   200            100       -7.49093521e+00       7.795947e-04
   500             40       -7.49093521e+00       8.974160e-04
0 0.0006955971185819009 0.000897415951782928
Stocahstic error estimate: 6.955971e-04

step=61,E=-0.37454676043441676,dE=-0.0004301650540081692,err=3.477985592909504e-05,gmax=0.14541071525555882
	collect g,Hv time= 0.1966385841369629
niter= 41
	solver time=0.024201393127441406,exit status=0
pure_newton= False
	solver time=0.5028810501098633,exit status=0
niter= 455
	prob= 3.290285508357408e-05
	burn in time= 0.4971427917480469
	sample time= 6.227613687515259
	contraction err= 1.5733457536610492e-15 4.431637298381596e-14

Mean energy: -7.48710548e+00
Block size    # of blocks        Mean                Error
     1           20000       -7.48710548e+00       1.016985e-03
     2           10000       -7.48710548e+00       1.012563e-03
     5           4000       -7.48710548e+00       9.987131e-04
    10           2000       -7.48710548e+00       1.003721e-03
    20           1000       -7.48710548e+00       9.898284e-04
    50            400       -7.48710548e+00       9.187179e-04
    70            285       -7.48719831e+00       8.888448e-04
   100            200       -7.48710548e+00       8.574319e-04
   200            100       -7.48710548e+00       9.575278e-04
   500             40       -7.48710548e+00       1.294641e-03
0 0.0010169854300645812 0.0012946406847661142
Stocahstic error estimate: 1.016985e-03

	predict=-0.001563028424819301,actual=(0.003829728839369828, 0.0012321179798798019)
	g=0.4755751826071057,del=0.09760215351919761,dot=0.010517826442344246,x=9.331682660772696
	prob= 3.349850804095174e-05
	burn in time= 0.505732536315918
	sample time= 10.088778495788574
	contraction err= 1.69100834941831e-15 5.3215255124632994e-14

Mean energy: -7.48602951e+00
Block size    # of blocks        Mean                Error
     1           20000       -7.48602951e+00       1.022765e-03
     2           10000       -7.48602951e+00       1.018253e-03
     5           4000       -7.48602951e+00       1.023787e-03
    10           2000       -7.48602951e+00       1.020344e-03
    20           1000       -7.48602951e+00       1.052311e-03
    50            400       -7.48602951e+00       1.018489e-03
    70            285       -7.48608350e+00       9.859977e-04
   100            200       -7.48602951e+00       9.839775e-04
   200            100       -7.48602951e+00       1.210964e-03
   500             40       -7.48602951e+00       1.634316e-03
0 0.0010227649861275175 0.001634316013359003
Stocahstic error estimate: 1.022765e-03

step=62,E=-0.3743014754678605,dE=0.0002452849665562695,err=5.1138249306375874e-05,gmax=0.44843787264134094
	collect g,Hv time= 0.20188450813293457
	solver time=0.025668621063232422,exit status=0
niter= 41
pure_newton= False
	solver time=0.5932519435882568,exit status=0
niter= 521
	prob= 3.390685075859829e-05
	burn in time= 0.5060925483703613
	sample time= 6.2190330028533936
	contraction err= 1.6200610722649018e-15 5.993525739701531e-14

Mean energy: -7.48673183e+00
Block size    # of blocks        Mean                Error
     1           20000       -7.48673183e+00       1.038934e-03
     2           10000       -7.48673183e+00       1.036021e-03
     5           4000       -7.48673183e+00       1.036180e-03
    10           2000       -7.48673183e+00       1.045114e-03
    20           1000       -7.48673183e+00       1.031331e-03
    50            400       -7.48673183e+00       1.013097e-03
    70            285       -7.48670807e+00       1.044922e-03
   100            200       -7.48673183e+00       9.778900e-04
   200            100       -7.48673183e+00       1.186681e-03
   500             40       -7.48673183e+00       1.654367e-03
0 0.0010389338553395706 0.0016543672875035454
Stocahstic error estimate: 1.038934e-03

	predict=-0.0029212852266215362,actual=(-0.0007023171102060743, 0.0014578860629758297)
	g=1.0759495633354783,del=0.08212286896505133,dot=0.0058400291007403805,x=9.331682660772694
	prob= 3.390685075859829e-05
	burn in time= 0.5063931941986084
	sample time= 10.092432975769043
	contraction err= 1.5996288749868695e-15 5.6601966895219146e-14

Mean energy: -7.49040916e+00
Block size    # of blocks        Mean                Error
     1           20000       -7.49040916e+00       8.849097e-04
     2           10000       -7.49040916e+00       8.819181e-04
     5           4000       -7.49040916e+00       8.777800e-04
    10           2000       -7.49040916e+00       8.789258e-04
    20           1000       -7.49040916e+00       9.015479e-04
    50            400       -7.49040916e+00       9.142134e-04
    70            285       -7.49039081e+00       9.402585e-04
   100            200       -7.49040916e+00       9.307755e-04
   200            100       -7.49040916e+00       1.176384e-03
   500             40       -7.49040916e+00       1.690838e-03
0 0.0008849096815705416 0.0016908384290511198
Stocahstic error estimate: 8.849097e-04

step=63,E=-0.3745204578241177,dE=-0.0002189823562571913,err=4.424548407852708e-05,gmax=0.14761817800653532
	collect g,Hv time= 0.19746851921081543
	solver time=0.03556466102600098,exit status=0
niter= 38
pure_newton= False
niter= 467
	solver time=0.7418851852416992,exit status=0
	prob= 3.2906831025997914e-05
	burn in time= 0.4861922264099121
	sample time= 6.217676401138306
	contraction err= 1.7160968118039525e-15 4.555381776545435e-14

Mean energy: -7.48953295e+00
Block size    # of blocks        Mean                Error
     1           20000       -7.48953295e+00       9.388132e-04
     2           10000       -7.48953295e+00       9.396902e-04
     5           4000       -7.48953295e+00       9.319148e-04
    10           2000       -7.48953295e+00       9.525600e-04
    20           1000       -7.48953295e+00       9.594650e-04
    50            400       -7.48953295e+00       9.781803e-04
    70            285       -7.48951218e+00       9.615073e-04
   100            200       -7.48953295e+00       9.301848e-04
   200            100       -7.48953295e+00       1.156709e-03
   500             40       -7.48953295e+00       1.509367e-03
0 0.0009396902111627831 0.0015093671082848973
Stocahstic error estimate: 9.396902e-04

	predict=-0.001893817421037049,actual=(0.0008762018278165584, 0.0012907683128634793)
	g=0.5766614214820601,del=0.10239987756816163,dot=0.014625410513899378,x=9.331682660772694
	prob= 3.3730433475345154e-05
	burn in time= 0.5124075412750244
	sample time= 10.069633722305298
	contraction err= 1.638607713406893e-15 3.20307029091875e-14

Mean energy: -7.49320866e+00
Block size    # of blocks        Mean                Error
     1           20000       -7.49320866e+00       6.804020e-04
     2           10000       -7.49320866e+00       6.800555e-04
     5           4000       -7.49320866e+00       6.797880e-04
    10           2000       -7.49320866e+00       6.770226e-04
    20           1000       -7.49320866e+00       6.748180e-04
    50            400       -7.49320866e+00       6.621493e-04
    70            285       -7.49319570e+00       6.423719e-04
   100            200       -7.49320866e+00       6.251215e-04
   200            100       -7.49320866e+00       7.413933e-04
   500             40       -7.49320866e+00       9.185068e-04
0 0.0006804019643906303 0.0009185067843623755
Stocahstic error estimate: 6.804020e-04

step=64,E=-0.3746604329823339,dE=-0.0001399751582162434,err=3.402009821953151e-05,gmax=0.11199688250753326
	collect g,Hv time= 0.1949162483215332
	solver time=0.039672136306762695,exit status=0
niter= 43
pure_newton= False
	solver time=0.7562460899353027,exit status=0
niter= 456
	prob= 3.167520711349791e-05
	burn in time= 0.4820413589477539
	sample time= 6.183689594268799
	contraction err= 1.7035235199202894e-15 1.0081899132789215e-13

Mean energy: -7.47938894e+00
Block size    # of blocks        Mean                Error
     1           20000       -7.47938894e+00       1.543628e-03
     2           10000       -7.47938894e+00       1.541133e-03
     5           4000       -7.47938894e+00       1.543822e-03
    10           2000       -7.47938894e+00       1.539108e-03
    20           1000       -7.47938894e+00       1.500641e-03
    50            400       -7.47938894e+00       1.653157e-03
    70            285       -7.47933738e+00       1.747065e-03
   100            200       -7.47938894e+00       1.811328e-03
   200            100       -7.47938894e+00       2.413259e-03
   500             40       -7.47938894e+00       3.670548e-03
0 0.0015436277268288216 0.003670548055922953
Stocahstic error estimate: 1.543628e-03

	predict=-0.0011390791701051941,actual=(0.013819720051153617, 0.0016869301681401467)
	g=0.4979509815622115,del=0.09707770996927613,dot=0.008844748218238928,x=9.331682660772694
	prob= 3.3510818688227314e-05
	burn in time= 0.5030505657196045
	sample time= 10.0618896484375
	contraction err= 1.7133934488088289e-15 6.706062545053438e-14

Mean energy: -7.48644208e+00
Block size    # of blocks        Mean                Error
     1           20000       -7.48644208e+00       1.202342e-03
     2           10000       -7.48644208e+00       1.232882e-03
     5           4000       -7.48644208e+00       1.304859e-03
    10           2000       -7.48644208e+00       1.336228e-03
    20           1000       -7.48644208e+00       1.394686e-03
    50            400       -7.48644208e+00       1.408379e-03
    70            285       -7.48641002e+00       1.464584e-03
   100            200       -7.48644208e+00       1.550236e-03
   200            100       -7.48644208e+00       2.008444e-03
   500             40       -7.48644208e+00       3.013258e-03
0 0.001232882404917917 0.00301325773360513
Stocahstic error estimate: 1.232882e-03

step=65,E=-0.3743221038038251,dE=0.0003383291785088449,err=6.164412024589585e-05,gmax=0.12722005881101708
	collect g,Hv time= 0.19765901565551758
	solver time=0.03420376777648926,exit status=0
niter= 37
pure_newton= False
niter= 332
	solver time=0.5705902576446533,exit status=0
	prob= 2.4241497129110796e-05
	burn in time= 0.49373960494995117
	sample time= 6.202031373977661
	contraction err= 1.712295343095995e-15 4.691905177896531e-14

Mean energy: -7.49246428e+00
Block size    # of blocks        Mean                Error
     1           20000       -7.49246428e+00       7.973809e-04
     2           10000       -7.49246428e+00       7.962436e-04
     5           4000       -7.49246428e+00       7.924861e-04
    10           2000       -7.49246428e+00       7.841097e-04
    20           1000       -7.49246428e+00       7.720020e-04
    50            400       -7.49246428e+00       8.127121e-04
    70            285       -7.49245120e+00       7.960060e-04
   100            200       -7.49246428e+00       7.654336e-04
   200            100       -7.49246428e+00       9.303135e-04
   500             40       -7.49246428e+00       1.245472e-03
0 0.0007973808510614066 0.001245472313541788
Stocahstic error estimate: 7.973809e-04

	predict=-0.0003821819027996941,actual=(-0.006022202889521822, 0.0014682694732219967)
	g=0.469982448243831,del=0.05787540243076705,dot=0.0007633385855631043,x=9.331682660772694
	prob= 2.4241497129110796e-05
	burn in time= 0.5151581764221191
	sample time= 10.049938440322876
	contraction err= 1.748041796479289e-15 4.959848053563181e-14

Mean energy: -7.47318864e+00
Block size    # of blocks        Mean                Error
     1           20000       -7.47318864e+00       1.674651e-03
     2           10000       -7.47318864e+00       1.669339e-03
     5           4000       -7.47318864e+00       1.653453e-03
    10           2000       -7.47318864e+00       1.680534e-03
    20           1000       -7.47318864e+00       1.636763e-03
    50            400       -7.47318864e+00       1.512331e-03
    70            285       -7.47323507e+00       1.464355e-03
   100            200       -7.47318864e+00       1.485666e-03
   200            100       -7.47318864e+00       1.822223e-03
   500             40       -7.47318864e+00       2.631169e-03
0 0.0016746510097061346 0.002631168536710181
Stocahstic error estimate: 1.674651e-03

step=66,E=-0.37365943180495986,dE=0.0006626719988652496,err=8.373255048530673e-05,gmax=1.5554193446467757
	collect g,Hv time= 0.19789385795593262
	solver time=0.03636741638183594,exit status=0
niter= 37
pure_newton= False
	solver time=0.5604631900787354,exit status=0
niter= 312
	prob= 2.708174789395048e-05
	burn in time= 0.49013781547546387
	sample time= 6.191660165786743
	contraction err= 1.6304938396179453e-15 3.47454883101174e-14

Mean energy: -7.48120000e+00
Block size    # of blocks        Mean                Error
     1           20000       -7.48120000e+00       1.301993e-03
     2           10000       -7.48120000e+00       1.300426e-03
     5           4000       -7.48120000e+00       1.297508e-03
    10           2000       -7.48120000e+00       1.289909e-03
    20           1000       -7.48120000e+00       1.269096e-03
    50            400       -7.48120000e+00       1.214037e-03
    70            285       -7.48122659e+00       1.210456e-03
   100            200       -7.48120000e+00       1.123923e-03
   200            100       -7.48120000e+00       1.399666e-03
   500             40       -7.48120000e+00       1.932190e-03
0 0.0013019930290187973 0.0019321900718430388
Stocahstic error estimate: 1.301993e-03

	predict=-0.007862305930293556,actual=(-0.008011367907230671, 0.0021212359255687045)
	g=2.9525053611632104,del=0.06212513625081263,dot=0.01571705970277297,x=9.331682660772694
	prob= 2.708174789395048e-05
	burn in time= 0.5085232257843018
	sample time= 10.085325956344604
	contraction err= 1.5872376470597026e-15 9.364125091199934e-14

Mean energy: -7.49549160e+00
Block size    # of blocks        Mean                Error
     1           20000       -7.49549160e+00       6.251086e-04
     2           10000       -7.49549160e+00       6.241199e-04
     5           4000       -7.49549160e+00       6.222443e-04
    10           2000       -7.49549160e+00       6.244014e-04
    20           1000       -7.49549160e+00       6.164520e-04
    50            400       -7.49549160e+00       6.207068e-04
    70            285       -7.49547808e+00       6.065548e-04
   100            200       -7.49549160e+00       6.015894e-04
   200            100       -7.49549160e+00       6.866608e-04
   500             40       -7.49549160e+00       8.840307e-04
0 0.000625108607830879 0.000884030748884944
Stocahstic error estimate: 6.251086e-04

step=67,E=-0.37477458002707664,dE=-0.0011151482221168241,err=3.125543039154395e-05,gmax=0.2741929479338965
	collect g,Hv time= 0.1971879005432129
	solver time=0.039984703063964844,exit status=0
niter= 39
pure_newton= False
niter= 374
	solver time=0.7041318416595459,exit status=0
	prob= 2.6172165351936932e-05
	burn in time= 0.4887542724609375
	sample time= 6.213162422180176
	contraction err= 1.7463228509266396e-15 9.107763964925866e-14

Mean energy: -7.49084850e+00
Block size    # of blocks        Mean                Error
     1           20000       -7.49084850e+00       9.056840e-04
     2           10000       -7.49084850e+00       9.057399e-04
     5           4000       -7.49084850e+00       9.276088e-04
    10           2000       -7.49084850e+00       9.254934e-04
    20           1000       -7.49084850e+00       9.495617e-04
    50            400       -7.49084850e+00       9.408551e-04
    70            285       -7.49082645e+00       9.456396e-04
   100            200       -7.49084850e+00       9.289992e-04
   200            100       -7.49084850e+00       1.093744e-03
   500             40       -7.49084850e+00       1.485815e-03
0 0.0009057399246471853 0.0014858152655692373
Stocahstic error estimate: 9.057399e-04

	predict=-0.0010137973035108522,actual=(0.004643103154712058, 0.0011005115095645973)
	g=0.5653929587930393,del=0.05178344284942585,dot=0.007556783456057589,x=9.331682660772694
	prob= 2.6921130974869695e-05
	burn in time= 0.5284361839294434
	sample time= 10.050933837890625
	contraction err= 1.6988576637621015e-15 2.5250339050899267e-14

Mean energy: -7.49267831e+00
Block size    # of blocks        Mean                Error
     1           20000       -7.49267831e+00       7.775648e-04
     2           10000       -7.49267831e+00       7.801771e-04
     5           4000       -7.49267831e+00       7.810071e-04
    10           2000       -7.49267831e+00       7.751895e-04
    20           1000       -7.49267831e+00       7.778664e-04
    50            400       -7.49267831e+00       7.643616e-04
    70            285       -7.49265733e+00       7.408449e-04
   100            200       -7.49267831e+00       7.483770e-04
   200            100       -7.49267831e+00       9.151347e-04
   500             40       -7.49267831e+00       1.343070e-03
0 0.0007801770953830664 0.0013430700928777801
Stocahstic error estimate: 7.801771e-04

step=68,E=-0.3746339153137921,dE=0.0001406647132845773,err=3.900885476915332e-05,gmax=0.21625556784815303
	collect g,Hv time= 0.19739913940429688
	solver time=0.04172039031982422,exit status=0
niter= 40
pure_newton= False
	solver time=0.674854040145874,exit status=0
niter= 343
	prob= 2.7652630313238902e-05
	burn in time= 0.46135711669921875
	sample time= 6.196482419967651
	contraction err= 1.654610881920144e-15 6.546913299290396e-14

Mean energy: -7.49467236e+00
Block size    # of blocks        Mean                Error
     1           20000       -7.49467236e+00       6.395789e-04
     2           10000       -7.49467236e+00       6.390586e-04
     5           4000       -7.49467236e+00       6.368957e-04
    10           2000       -7.49467236e+00       6.348734e-04
    20           1000       -7.49467236e+00       6.294025e-04
    50            400       -7.49467236e+00       6.164092e-04
    70            285       -7.49473141e+00       6.212108e-04
   100            200       -7.49467236e+00       6.022040e-04
   200            100       -7.49467236e+00       6.951061e-04
   500             40       -7.49467236e+00       8.409213e-04
0 0.0006395789040335583 0.0008409212807630834
Stocahstic error estimate: 6.395789e-04

	predict=-0.001740219711857794,actual=(-0.001994053640116178, 0.001008829755035569)
	g=0.6196814437114584,del=0.04520298028144095,dot=0.003479044815047914,x=9.331682660772694
	prob= 2.7652630313238902e-05
	burn in time= 0.49233102798461914
	sample time= 10.024236679077148
	contraction err= 1.6413545237496244e-15 5.879763090674141e-14

Mean energy: -7.49411929e+00
Block size    # of blocks        Mean                Error
     1           20000       -7.49411929e+00       6.868866e-04
     2           10000       -7.49411929e+00       6.866286e-04
     5           4000       -7.49411929e+00       6.851027e-04
    10           2000       -7.49411929e+00       6.802917e-04
    20           1000       -7.49411929e+00       6.747294e-04
    50            400       -7.49411929e+00       6.813062e-04
    70            285       -7.49416610e+00       6.764310e-04
   100            200       -7.49411929e+00       6.586259e-04
   200            100       -7.49411929e+00       8.027986e-04
   500             40       -7.49411929e+00       9.274626e-04
0 0.0006868866234497303 0.0009274626157703908
Stocahstic error estimate: 6.868866e-04

step=69,E=-0.3747059646460515,dE=-7.204933225941623e-05,err=3.434433117248651e-05,gmax=0.2100566081871975
	collect g,Hv time= 0.197951078414917
	solver time=0.03775954246520996,exit status=0
niter= 35
pure_newton= False
	solver time=0.6272470951080322,exit status=0
niter= 312
	prob= 2.7324141670501158e-05
	burn in time= 0.46946287155151367
	sample time= 6.20220422744751
	contraction err= 1.5853200416910775e-15 7.247194276284626e-14

Mean energy: -7.49279893e+00
Block size    # of blocks        Mean                Error
     1           20000       -7.49279893e+00       8.059464e-04
     2           10000       -7.49279893e+00       8.055040e-04
     5           4000       -7.49279893e+00       8.112200e-04
    10           2000       -7.49279893e+00       8.097189e-04
    20           1000       -7.49279893e+00       8.010580e-04
    50            400       -7.49279893e+00       7.680930e-04
    70            285       -7.49278334e+00       7.719193e-04
   100            200       -7.49279893e+00       7.746241e-04
   200            100       -7.49279893e+00       9.350424e-04
   500             40       -7.49279893e+00       1.248586e-03
0 0.000805946422032198 0.0012485864120328901
Stocahstic error estimate: 8.059464e-04

	predict=-0.0010567482727028691,actual=(0.0013203604023104276, 0.0010589442235834111)
	g=0.8142861500501072,del=0.05921130783923464,dot=0.00773543511207782,x=9.331682660772694
