block_dict= [(0, 36992)]
sizes= [36992]
SIZE= 640
Lx,Ly= 10 10
D= 4
rate= 0.1 0.5
cond= 0.001 0.001
nparams= 36992
	prob= 0.03530307388363564
	burn in time= 28.04830312728882
	sample time= 870.8033866882324
	contraction err= 0.00014010226882529448 0.09562268999440836

Mean energy: -4.76862116e+01
Block size    # of blocks        Mean                Error
     1           200000       -4.76862116e+01       2.048974e-03
     2           100000       -4.76862116e+01       2.050314e-03
     5           40000       -4.76862116e+01       2.053037e-03
    10           20000       -4.76862116e+01       2.056703e-03
    20           10000       -4.76862116e+01       2.043635e-03
    50           4000       -4.76862116e+01       2.038085e-03
    70           2857       -4.76862299e+01       2.022800e-03
   100           2000       -4.76862116e+01       2.042458e-03
   200           1000       -4.76862116e+01       2.066956e-03
   500            400       -4.76862116e+01       2.075740e-03
0 0.0020503141422594105 0.0020757400141014014
Stocahstic error estimate: 2.050314e-03

step=10,E=-0.47686211624293995,dE=-0.47686211624293995,err=2.0503141422594105e-05,gmax=0.0487916659390919
	collect g,Hv time= 1.9796316623687744
	solver time=3.521357297897339,exit status=0
niter= 45
pure_newton= False
	solver time=264.8914029598236,exit status=0
niter= 1668
	prob= 1.8897822143876848e-05
	burn in time= 28.246419429779053
	sample time= 2281.4425179958344
	contraction err= 0.0002069095758133225 0.11005577297607161

Mean energy: -4.79409633e+01
Block size    # of blocks        Mean                Error
     1           200000       -4.79409633e+01       2.084091e-03
     2           100000       -4.79409633e+01       2.083614e-03
     5           40000       -4.79409633e+01       2.092734e-03
    10           20000       -4.79409633e+01       2.092782e-03
    20           10000       -4.79409633e+01       2.077864e-03
    50           4000       -4.79409633e+01       2.059208e-03
    70           2857       -4.79409976e+01       2.056298e-03
   100           2000       -4.79409633e+01       2.052568e-03
   200           1000       -4.79409633e+01       2.207153e-03
   500            400       -4.79409633e+01       2.692930e-03
0 0.0020840912000407155 0.002692930475108112
Stocahstic error estimate: 2.084091e-03

	predict=-0.09704255602405065,actual=(-0.2547517206902228, 0.0029235636151854283)
	g=0.5136886076458788,del=2.85690841560659,dot=0.1940837836056353,x=18.90608122791856
	prob= 1.8897822143876848e-05
	burn in time= 28.3256995677948
trouble in torch gesdd routine, falling back to gesvd
trouble in torch gesdd routine, falling back to gesvd
	sample time= 4295.320874929428
	contraction err= 0.00020562762541521625 0.0822445852931171

Mean energy: -4.79441500e+01
Block size    # of blocks        Mean                Error
     1           200000       -4.79441500e+01       2.064002e-03
     2           100000       -4.79441500e+01       2.064827e-03
     5           40000       -4.79441500e+01       2.059513e-03
    10           20000       -4.79441500e+01       2.067210e-03
    20           10000       -4.79441500e+01       2.073551e-03
    50           4000       -4.79441500e+01       2.039705e-03
    70           2857       -4.79441459e+01       2.067150e-03
   100           2000       -4.79441500e+01       2.039244e-03
   200           1000       -4.79441500e+01       2.248421e-03
   500            400       -4.79441500e+01       2.776910e-03
0 0.002064826956452218 0.0027769095253540174
Stocahstic error estimate: 2.064827e-03

step=11,E=-0.47944149964730237,dE=-0.002579383404362403,err=2.064826956452218e-05,gmax=0.03260365637694207
	collect g,Hv time= 2.014285087585449
	solver time=15.49918818473816,exit status=0
niter= 44
pure_newton= False
	solver time=942.2509617805481,exit status=0
niter= 1306
	prob= 4.5219324638801855e-08
	burn in time= 28.409018993377686
	sample time= 2289.8488445281982
	contraction err= 0.0002924961001177361 0.1658646384079943

Mean energy: -4.80829418e+01
Block size    # of blocks        Mean                Error
     1           200000       -4.80829418e+01       1.976107e-03
     2           100000       -4.80829418e+01       1.975117e-03
     5           40000       -4.80829418e+01       1.972743e-03
    10           20000       -4.80829418e+01       1.986443e-03
    20           10000       -4.80829418e+01       1.996812e-03
    50           4000       -4.80829418e+01       1.983074e-03
    70           2857       -4.80829515e+01       2.000108e-03
   100           2000       -4.80829418e+01       1.979819e-03
   200           1000       -4.80829418e+01       2.176664e-03
   500            400       -4.80829418e+01       2.600455e-03
0 0.001976106648680114 0.0026004546995739967
Stocahstic error estimate: 1.976107e-03

	predict=-0.05644354248390608,actual=(-0.13879178936629444, 0.002858060154554043)
	g=0.3453955989436277,del=2.688558618429884,dot=0.11305376331940309,x=18.906081227918552
	prob= 4.5219324638801855e-08
	burn in time= 28.73216462135315
trouble in torch gesdd routine, falling back to gesvd
trouble in torch gesdd routine, falling back to gesvd
	sample time= 4302.5066957473755
	contraction err= 0.0002941974595415585 0.19651369200889424

Mean energy: -4.80775260e+01
Block size    # of blocks        Mean                Error
     1           200000       -4.80775260e+01       2.025402e-03
     2           100000       -4.80775260e+01       2.023608e-03
     5           40000       -4.80775260e+01       2.026458e-03
    10           20000       -4.80775260e+01       2.034299e-03
    20           10000       -4.80775260e+01       2.036951e-03
    50           4000       -4.80775260e+01       2.056405e-03
    70           2857       -4.80775102e+01       2.034271e-03
   100           2000       -4.80775260e+01       2.074157e-03
   200           1000       -4.80775260e+01       2.302049e-03
   500            400       -4.80775260e+01       2.732291e-03
0 0.0020254018896251075 0.0027322911738957684
Stocahstic error estimate: 2.025402e-03

step=12,E=-0.48077526012063565,dE=-0.0013337604733332854,err=2.0254018896251076e-05,gmax=0.027164339206997568
	collect g,Hv time= 2.0608572959899902
	solver time=15.945171594619751,exit status=0
niter= 45
pure_newton= False
	solver time=971.9169900417328,exit status=0
niter= 1346
	prob= 8.886590819644413e-10
	burn in time= 29.014034032821655
	sample time= 2293.8958423137665
	contraction err= 0.00037088156986916216 0.11461172893145312

Mean energy: -4.81726007e+01
Block size    # of blocks        Mean                Error
     1           200000       -4.81726007e+01       1.922453e-03
     2           100000       -4.81726007e+01       1.924170e-03
     5           40000       -4.81726007e+01       1.931395e-03
    10           20000       -4.81726007e+01       1.923588e-03
    20           10000       -4.81726007e+01       1.928241e-03
    50           4000       -4.81726007e+01       1.950436e-03
    70           2857       -4.81726348e+01       1.951265e-03
   100           2000       -4.81726007e+01       1.949658e-03
   200           1000       -4.81726007e+01       2.158232e-03
   500            400       -4.81726007e+01       2.481859e-03
0 0.0019241698326772285 0.0024818593489403236
Stocahstic error estimate: 1.924170e-03

	predict=-0.03678967054002162,actual=(-0.09507468948229558, 0.0027936861598042953)
	g=0.2492286551390492,del=1.7819637366160137,dot=0.07356202678916324,x=18.90608122791855
	prob= 8.886590819644413e-10
	burn in time= 28.366377115249634
trouble in torch gesdd routine, falling back to gesvd
	sample time= 4305.692267656326
	contraction err= 0.00037227413538303054 0.09557522484801716

Mean energy: -4.81715524e+01
Block size    # of blocks        Mean                Error
     1           200000       -4.81715524e+01       1.998647e-03
     2           100000       -4.81715524e+01       1.995075e-03
     5           40000       -4.81715524e+01       1.994361e-03
    10           20000       -4.81715524e+01       1.994688e-03
    20           10000       -4.81715524e+01       1.993666e-03
    50           4000       -4.81715524e+01       1.995699e-03
    70           2857       -4.81715355e+01       1.982796e-03
   100           2000       -4.81715524e+01       1.978042e-03
   200           1000       -4.81715524e+01       2.084653e-03
   500            400       -4.81715524e+01       2.471579e-03
0 0.0019986470976434893 0.002471579454504558
Stocahstic error estimate: 1.998647e-03

step=13,E=-0.4817155235531949,dE=-0.0009402634325592629,err=1.9986470976434893e-05,gmax=0.047993145060832354
	collect g,Hv time= 2.4397380352020264
	solver time=15.953682899475098,exit status=0
niter= 45
pure_newton= False
	solver time=2246.002238035202,exit status=100
niter= 3101
	prob= 8.443223623591283e-19
	burn in time= 28.452531337738037
	sample time= 2294.840487718582
	contraction err= 0.003281196279857914 0.7721168248266228

Mean energy: -4.66178509e+01
Block size    # of blocks        Mean                Error
     1           200000       -4.66178509e+01       5.806720e-03
     2           100000       -4.66178509e+01       5.820367e-03
     5           40000       -4.66178509e+01       5.820752e-03
    10           20000       -4.66178509e+01       5.849403e-03
    20           10000       -4.66178509e+01       5.859913e-03
    50           4000       -4.66178509e+01       6.034372e-03
    70           2857       -4.66178411e+01       6.152832e-03
   100           2000       -4.66178509e+01       6.295869e-03
   200           1000       -4.66178509e+01       7.519122e-03
   500            400       -4.66178509e+01       1.019466e-02
0 0.0058203665907371575 0.010194660501323897
Stocahstic error estimate: 5.820367e-03

	predict=-0.02894188944350447,actual=(1.5537014764470598, 0.006153962745377)
	g=0.23284265910251664,del=7.213798731097278,dot=0.46726382352509044,x=18.90608122791855
	prob= 2.8032470084880717e-10
	burn in time= 28.281221389770508
trouble in torch gesdd routine, falling back to gesvd
	sample time= 4302.090070962906
	contraction err= 0.00039633290413177704 0.21728339582719686

Mean energy: -4.82097110e+01
Block size    # of blocks        Mean                Error
     1           200000       -4.82097110e+01       1.820044e-03
     2           100000       -4.82097110e+01       1.827940e-03
     5           40000       -4.82097110e+01       1.868921e-03
    10           20000       -4.82097110e+01       1.944897e-03
    20           10000       -4.82097110e+01       2.078397e-03
    50           4000       -4.82097110e+01       2.417952e-03
    70           2857       -4.82097307e+01       2.621798e-03
   100           2000       -4.82097110e+01       2.920860e-03
   200           1000       -4.82097110e+01       3.787343e-03
   500            400       -4.82097110e+01       5.621727e-03
0 0.001827939994642113 0.0056217272035721895
Stocahstic error estimate: 1.827940e-03

step=14,E=-0.4820971095792705,dE=-0.00038158602607559546,err=1.827939994642113e-05,gmax=0.019049627752043885
	collect g,Hv time= 3.0890145301818848
	solver time=15.978542566299438,exit status=0
niter= 45
pure_newton= False
	solver time=2245.313816547394,exit status=100
niter= 3101
	prob= 6.135461929029424e-11
	burn in time= 28.99330496788025
	sample time= 2292.1858649253845
	contraction err= 0.0004514133683575857 0.13663976880169618

Mean energy: -4.82326193e+01
Block size    # of blocks        Mean                Error
     1           200000       -4.82326193e+01       1.885491e-03
     2           100000       -4.82326193e+01       1.884778e-03
     5           40000       -4.82326193e+01       1.880529e-03
    10           20000       -4.82326193e+01       1.868618e-03
    20           10000       -4.82326193e+01       1.853758e-03
    50           4000       -4.82326193e+01       1.878976e-03
    70           2857       -4.82326475e+01       1.817452e-03
   100           2000       -4.82326193e+01       1.841638e-03
   200           1000       -4.82326193e+01       1.998671e-03
   500            400       -4.82326193e+01       2.368368e-03
0 0.001885490887622772 0.002368367879724116
Stocahstic error estimate: 1.885491e-03

	predict=-0.04229514596136099,actual=(-0.022908335472656915, 0.0026261074828195278)
	g=0.19396890170843645,del=2.3103598404342924,dot=0.08446698035984668,x=18.90608122791855
	prob= 6.135461929029424e-11
	burn in time= 28.808324813842773
trouble in torch gesdd routine, falling back to gesvd
trouble in torch gesdd routine, falling back to gesvd
trouble in torch gesdd routine, falling back to gesvd
trouble in torch gesdd routine, falling back to gesvd
	sample time= 4299.474104642868
	contraction err= 0.00045774894432741966 0.19817074697858159

Mean energy: -4.82309000e+01
Block size    # of blocks        Mean                Error
     1           200000       -4.82309000e+01       1.900000e-03
     2           100000       -4.82309000e+01       1.902505e-03
     5           40000       -4.82309000e+01       1.901989e-03
    10           20000       -4.82309000e+01       1.893198e-03
    20           10000       -4.82309000e+01       1.871725e-03
    50           4000       -4.82309000e+01       1.843347e-03
    70           2857       -4.82309040e+01       1.867197e-03
   100           2000       -4.82309000e+01       1.843829e-03
   200           1000       -4.82309000e+01       1.984674e-03
   500            400       -4.82309000e+01       2.325551e-03
0 0.0019025054500233778 0.0023255505673876065
Stocahstic error estimate: 1.902505e-03

step=15,E=-0.48230899953265066,dE=-0.00021188995338015105,err=1.902505450023378e-05,gmax=0.030064295506503615
	collect g,Hv time= 2.5267093181610107
	solver time=15.92708444595337,exit status=0
niter= 45
pure_newton= False
	solver time=386.9284224510193,exit status=0
niter= 535
	prob= 3.0144495492318906e-12
	burn in time= 28.66425609588623
block_dict= [(0, 36992)]
sizes= [36992]
SIZE= 640
Lx,Ly= 10 10
D= 4
rate= 0.1 0.5
cond= 0.001 0.001
nparams= 36992
	prob= 0.011651565938449954
	burn in time= 29.06734585762024
	sample time= 864.908872127533
	contraction err= 0.0004512904949904806 0.13528453287167658

Mean energy: -4.82344642e+01
Block size    # of blocks        Mean                Error
     1           200000       -4.82344642e+01       1.832548e-03
     2           100000       -4.82344642e+01       1.827558e-03
     5           40000       -4.82344642e+01       1.837204e-03
    10           20000       -4.82344642e+01       1.832230e-03
    20           10000       -4.82344642e+01       1.856687e-03
    50           4000       -4.82344642e+01       1.847734e-03
    70           2857       -4.82344622e+01       1.842003e-03
   100           2000       -4.82344642e+01       1.832855e-03
   200           1000       -4.82344642e+01       1.833538e-03
   500            400       -4.82344642e+01       1.837793e-03
0 0.0018325477953864118 0.0018377928136789358
Stocahstic error estimate: 1.832548e-03

step=15,E=-0.48234464226184653,dE=-0.48234464226184653,err=1.8325477953864117e-05,gmax=0.01846130383154332
	collect g,Hv time= 2.005113124847412
	solver time=3.4633796215057373,exit status=0
niter= 44
pure_newton= False
	solver time=56.37727999687195,exit status=0
niter= 354
	prob= 0.0004245570854450857
	burn in time= 28.97897744178772
	sample time= 2290.736065864563
	contraction err= 0.0005999517130678981 0.15529724827756258

Mean energy: -4.82899071e+01
Block size    # of blocks        Mean                Error
     1           200000       -4.82899071e+01       1.730402e-03
     2           100000       -4.82899071e+01       1.729483e-03
     5           40000       -4.82899071e+01       1.728518e-03
    10           20000       -4.82899071e+01       1.731048e-03
    20           10000       -4.82899071e+01       1.744428e-03
    50           4000       -4.82899071e+01       1.764152e-03
    70           2857       -4.82899062e+01       1.746368e-03
   100           2000       -4.82899071e+01       1.750247e-03
   200           1000       -4.82899071e+01       1.885360e-03
   500            400       -4.82899071e+01       2.219978e-03
0 0.0017304019773772524 0.0022199782309907305
Stocahstic error estimate: 1.730402e-03

	predict=-0.025428672953971998,actual=(-0.05544286653417174, 0.002520421081027276)
	g=0.1837200435891024,del=1.7913642188684533,dot=0.050836159992619694,x=20.796689350710402
	prob= 0.0004245570854450857
	burn in time= 29.5546977519989
trouble in torch gesdd routine, falling back to gesvd
trouble in torch gesdd routine, falling back to gesvd
	sample time= 4281.3329610824585
	contraction err= 0.0006002535224415258 0.7074993644632291

Mean energy: -4.82925281e+01
Block size    # of blocks        Mean                Error
     1           200000       -4.82925281e+01       1.699989e-03
     2           100000       -4.82925281e+01       1.701693e-03
     5           40000       -4.82925281e+01       1.706411e-03
    10           20000       -4.82925281e+01       1.710172e-03
    20           10000       -4.82925281e+01       1.712935e-03
    50           4000       -4.82925281e+01       1.706137e-03
    70           2857       -4.82925516e+01       1.774420e-03
   100           2000       -4.82925281e+01       1.722506e-03
   200           1000       -4.82925281e+01       1.865777e-03
   500            400       -4.82925281e+01       2.211824e-03
0 0.0017016933526293574 0.002211823822510566
Stocahstic error estimate: 1.701693e-03

step=16,E=-0.48292528095990844,dE=-0.0005806386980619038,err=1.7016933526293574e-05,gmax=0.014662946073305427
	collect g,Hv time= 2.2176709175109863
	solver time=15.569851875305176,exit status=0
niter= 44
pure_newton= False
	solver time=426.4982624053955,exit status=0
niter= 591
	prob= 2.8028845506659945e-05
	burn in time= 28.502678155899048
	sample time= 2294.5478637218475
	contraction err= 0.0007435418466362625 0.25854600305992037

Mean energy: -4.83311311e+01
Block size    # of blocks        Mean                Error
     1           200000       -4.83311311e+01       1.673281e-03
     2           100000       -4.83311311e+01       1.672879e-03
     5           40000       -4.83311311e+01       1.678991e-03
    10           20000       -4.83311311e+01       1.683747e-03
    20           10000       -4.83311311e+01       1.671985e-03
    50           4000       -4.83311311e+01       1.670968e-03
    70           2857       -4.83311233e+01       1.680560e-03
   100           2000       -4.83311311e+01       1.670416e-03
   200           1000       -4.83311311e+01       1.802956e-03
   500            400       -4.83311311e+01       2.032807e-03
0 0.0016732805507250245 0.002032806760148294
Stocahstic error estimate: 1.673281e-03

	predict=-0.01880620533850981,actual=(-0.03860297056528594, 0.0023865515011869285)
	g=0.15293965121025294,del=1.6257355494645755,dot=0.03758658733711605,x=20.79668935071041
	prob= 2.8028845506659945e-05
	burn in time= 29.092416048049927
trouble in torch gesdd routine, falling back to gesvd
trouble in torch gesdd routine, falling back to gesvd
trouble in torch gesdd routine, falling back to gesvd
trouble in torch gesdd routine, falling back to gesvd
	sample time= 4283.330348730087
	contraction err= 0.000734743710871646 0.21933371784993055

Mean energy: -4.83298504e+01
Block size    # of blocks        Mean                Error
     1           200000       -4.83298504e+01       1.674810e-03
     2           100000       -4.83298504e+01       1.672145e-03
     5           40000       -4.83298504e+01       1.665836e-03
    10           20000       -4.83298504e+01       1.665237e-03
    20           10000       -4.83298504e+01       1.676707e-03
    50           4000       -4.83298504e+01       1.649289e-03
    70           2857       -4.83298620e+01       1.698514e-03
   100           2000       -4.83298504e+01       1.649532e-03
   200           1000       -4.83298504e+01       1.779880e-03
   500            400       -4.83298504e+01       2.083965e-03
0 0.0016748103980492753 0.0020839652503933
Stocahstic error estimate: 1.674810e-03

step=17,E=-0.48329850424374443,dE=-0.00037322328383595507,err=1.6748103980492754e-05,gmax=0.016187759726938644
	collect g,Hv time= 2.3479208946228027
	solver time=15.967007637023926,exit status=0
niter= 45
pure_newton= False
	solver time=764.3584146499634,exit status=0
niter= 1056
	prob= 3.1947501188822824e-07
	burn in time= 29.473182201385498
	sample time= 2294.989431142807
	contraction err= 0.0010711043247535886 0.17489725704929707

Mean energy: -4.82898944e+01
Block size    # of blocks        Mean                Error
     1           200000       -4.82898944e+01       2.013705e-03
     2           100000       -4.82898944e+01       2.018297e-03
     5           40000       -4.82898944e+01       2.014662e-03
    10           20000       -4.82898944e+01       2.016253e-03
    20           10000       -4.82898944e+01       2.015835e-03
    50           4000       -4.82898944e+01       2.038621e-03
    70           2857       -4.82898944e+01       2.062277e-03
   100           2000       -4.82898944e+01       2.040782e-03
   200           1000       -4.82898944e+01       2.259069e-03
   500            400       -4.82898944e+01       2.727348e-03
0 0.002018296687045896 0.0027273480138973426
Stocahstic error estimate: 2.018297e-03

	predict=-0.01519603576673231,actual=(0.0399560378294197, 0.002622691630053829)
	g=0.1556230790173902,del=6.177374758444418,dot=0.294014206937093,x=20.796689350710402
	prob= 1.2988972294553645e-05
	burn in time= 28.883538722991943
trouble in torch gesdd routine, falling back to gesvd
trouble in torch gesdd routine, falling back to gesvd
	sample time= 4280.688451290131
	contraction err= 0.0007733579607797584 0.3978884670906728

Mean energy: -4.83548282e+01
Block size    # of blocks        Mean                Error
     1           200000       -4.83548282e+01       1.558776e-03
     2           100000       -4.83548282e+01       1.559320e-03
     5           40000       -4.83548282e+01       1.557374e-03
    10           20000       -4.83548282e+01       1.558292e-03
    20           10000       -4.83548282e+01       1.565101e-03
    50           4000       -4.83548282e+01       1.558857e-03
    70           2857       -4.83548621e+01       1.571524e-03
   100           2000       -4.83548282e+01       1.567732e-03
   200           1000       -4.83548282e+01       1.646402e-03
   500            400       -4.83548282e+01       1.729154e-03
0 0.001559320066223606 0.0017291544223999994
Stocahstic error estimate: 1.559320e-03

step=18,E=-0.4835482816331702,dE=-0.00024977738942581594,err=1.559320066223606e-05,gmax=0.015343302560667071
	collect g,Hv time= 2.703920364379883
	solver time=16.010290145874023,exit status=0
niter= 45
pure_newton= False
	solver time=2249.84152674675,exit status=100
niter= 3101
	prob= 1.217139197999452e-06
	burn in time= 29.10724925994873
	sample time= 2292.8909199237823
	contraction err= 0.000949058926807822 0.22801641111956195

Mean energy: -4.83714924e+01
Block size    # of blocks        Mean                Error
     1           200000       -4.83714924e+01       1.564618e-03
     2           100000       -4.83714924e+01       1.564235e-03
     5           40000       -4.83714924e+01       1.563674e-03
    10           20000       -4.83714924e+01       1.549661e-03
    20           10000       -4.83714924e+01       1.558643e-03
    50           4000       -4.83714924e+01       1.557247e-03
    70           2857       -4.83714969e+01       1.534936e-03
   100           2000       -4.83714924e+01       1.572037e-03
   200           1000       -4.83714924e+01       1.675936e-03
   500            400       -4.83714924e+01       1.919758e-03
0 0.0015646178665170891 0.0019197576743359148
Stocahstic error estimate: 1.564618e-03

	predict=-0.013282912004406384,actual=(-0.016664198549889875, 0.0022089608727073637)
	g=0.15508898852511396,del=1.4415696091765802,dot=0.026561986884999944,x=20.79668935071039
	prob= 1.217139197999452e-06
	burn in time= 29.11235809326172
trouble in torch gesdd routine, falling back to gesvd
trouble in torch gesdd routine, falling back to gesvd
	sample time= 4277.6004276275635
	contraction err= 0.0009442011819564694 0.5250663709239191

Mean energy: -4.83763566e+01
Block size    # of blocks        Mean                Error
     1           200000       -4.83763566e+01       1.546518e-03
     2           100000       -4.83763566e+01       1.544947e-03
     5           40000       -4.83763566e+01       1.545944e-03
    10           20000       -4.83763566e+01       1.542285e-03
    20           10000       -4.83763566e+01       1.540665e-03
    50           4000       -4.83763566e+01       1.535794e-03
    70           2857       -4.83763556e+01       1.551117e-03
   100           2000       -4.83763566e+01       1.522735e-03
   200           1000       -4.83763566e+01       1.589956e-03
   500            400       -4.83763566e+01       1.771095e-03
0 0.0015465184985382994 0.0017710950589703877
Stocahstic error estimate: 1.546518e-03

step=19,E=-0.48376356594152786,dE=-0.00021528430835765277,err=1.5465184985382994e-05,gmax=0.014312215586768817
	collect g,Hv time= 2.716433048248291
	solver time=15.98604130744934,exit status=0
niter= 45
pure_newton= False
	solver time=1533.1780705451965,exit status=0
niter= 2110
	prob= 1.2488119520006903e-07
	burn in time= 28.85464119911194
	sample time= 2292.584039211273
	contraction err= 0.001124773840616725 0.18840420867991006

Mean energy: -4.83853526e+01
Block size    # of blocks        Mean                Error
     1           200000       -4.83853526e+01       1.656139e-03
     2           100000       -4.83853526e+01       1.657960e-03
     5           40000       -4.83853526e+01       1.662278e-03
    10           20000       -4.83853526e+01       1.655248e-03
    20           10000       -4.83853526e+01       1.659973e-03
    50           4000       -4.83853526e+01       1.676963e-03
    70           2857       -4.83853537e+01       1.684613e-03
   100           2000       -4.83853526e+01       1.638629e-03
   200           1000       -4.83853526e+01       1.770671e-03
   500            400       -4.83853526e+01       2.031321e-03
0 0.0016579603933428858 0.0020313208237951953
Stocahstic error estimate: 1.657960e-03

	predict=-0.011873983647513426,actual=(-0.008995960418012316, 0.002267278574021034)
	g=0.1513099327921439,del=1.4975127509893387,dot=0.023779350226850633,x=20.796689350710402
	prob= 1.2488119520006903e-07
	burn in time= 28.357832670211792
	sample time= 4275.752489566803
	contraction err= 0.0011115000337270872 0.2343014920136212

Mean energy: -4.83909078e+01
Block size    # of blocks        Mean                Error
     1           200000       -4.83909078e+01       1.603470e-03
     2           100000       -4.83909078e+01       1.605215e-03
     5           40000       -4.83909078e+01       1.596378e-03
    10           20000       -4.83909078e+01       1.601780e-03
    20           10000       -4.83909078e+01       1.617601e-03
    50           4000       -4.83909078e+01       1.634110e-03
    70           2857       -4.83908919e+01       1.648846e-03
   100           2000       -4.83909078e+01       1.651560e-03
   200           1000       -4.83909078e+01       1.775005e-03
   500            400       -4.83909078e+01       2.033228e-03
0 0.0016052148463410046 0.0020332277800759876
Stocahstic error estimate: 1.605215e-03

step=20,E=-0.4839090781623711,dE=-0.0001455122208432158,err=1.6052148463410048e-05,gmax=0.03980502042382028
	collect g,Hv time= 2.5430941581726074
	solver time=16.307610750198364,exit status=0
niter= 46
pure_newton= False
	solver time=1667.8600554466248,exit status=0
niter= 2299
	prob= 2.342992798611924e-08
	burn in time= 28.86077857017517
	sample time= 2290.5630207061768
	contraction err= 0.0012588565686100558 0.2551309854017845

Mean energy: -4.84085722e+01
Block size    # of blocks        Mean                Error
     1           200000       -4.84085722e+01       1.554019e-03
     2           100000       -4.84085722e+01       1.551599e-03
     5           40000       -4.84085722e+01       1.551089e-03
    10           20000       -4.84085722e+01       1.555183e-03
    20           10000       -4.84085722e+01       1.558158e-03
    50           4000       -4.84085722e+01       1.554345e-03
    70           2857       -4.84085758e+01       1.555582e-03
   100           2000       -4.84085722e+01       1.540276e-03
   200           1000       -4.84085722e+01       1.637603e-03
   500            400       -4.84085722e+01       1.776742e-03
0 0.001554019397990965 0.0017767422993996338
Stocahstic error estimate: 1.554019e-03

	predict=-0.012104731209396563,actual=(-0.017664353169926983, 0.002234209254355056)
	g=0.22643118189161296,del=1.2795737057887218,dot=0.024215600174472166,x=20.796689350710405
	prob= 2.342992798611924e-08
	burn in time= 29.64351511001587
block_dict= [(0, 36992)]
sizes= [36992]
SIZE= 640
Lx,Ly= 10 10
D= 4
rate= 0.1 0.5
cond= 0.001 0.001
nparams= 36992
	prob= 0.11337624030267344
	burn in time= 29.130165100097656
trouble in torch gesdd routine, falling back to gesvd
	sample time= 874.5519318580627
	contraction err= 0.0012810592549568449 0.45145219311036017

Mean energy: -4.84054559e+01
Block size    # of blocks        Mean                Error
     1           200000       -4.84054559e+01       1.569504e-03
     2           100000       -4.84054559e+01       1.571644e-03
     5           40000       -4.84054559e+01       1.572761e-03
    10           20000       -4.84054559e+01       1.572187e-03
    20           10000       -4.84054559e+01       1.576436e-03
    50           4000       -4.84054559e+01       1.576933e-03
    70           2857       -4.84054635e+01       1.583971e-03
   100           2000       -4.84054559e+01       1.577949e-03
   200           1000       -4.84054559e+01       1.549930e-03
   500            400       -4.84054559e+01       1.553949e-03
0 0.0015716435474324992 0.0015539494181797812
Stocahstic error estimate: 1.571644e-03

step=21,E=-0.48405455948373755,dE=-0.48405455948373755,err=1.5716435474324993e-05,gmax=0.014322657143946316
	collect g,Hv time= 1.8578832149505615
	solver time=3.555047035217285,exit status=0
niter= 45
pure_newton= False
	solver time=76.3965208530426,exit status=0
niter= 475
	prob= 0.01719476263763927
	burn in time= 28.709357500076294
	sample time= 2260.191803216934
	contraction err= 0.0014636459452306476 0.2552772121061913

Mean energy: -4.84354443e+01
Block size    # of blocks        Mean                Error
     1           200000       -4.84354443e+01       1.475837e-03
     2           100000       -4.84354443e+01       1.478150e-03
     5           40000       -4.84354443e+01       1.478730e-03
    10           20000       -4.84354443e+01       1.478926e-03
    20           10000       -4.84354443e+01       1.473204e-03
    50           4000       -4.84354443e+01       1.493388e-03
    70           2857       -4.84354630e+01       1.484385e-03
   100           2000       -4.84354443e+01       1.488878e-03
   200           1000       -4.84354443e+01       1.578783e-03
   500            400       -4.84354443e+01       1.749858e-03
0 0.0014781496037257389 0.001749857731135689
Stocahstic error estimate: 1.478150e-03

	predict=-0.016087127794759425,actual=(-0.02998833581590077, 0.002157542512021668)
	g=0.1426657539727383,del=1.4944378268150331,dot=0.03214288822290717,x=22.46042449876724
	prob= 0.01719476263763927
	burn in time= 28.713343858718872
trouble in torch gesdd routine, falling back to gesvd
	sample time= 4230.707494497299
	contraction err= 0.0014777087614022578 0.26504171420509665

Mean energy: -4.84317578e+01
Block size    # of blocks        Mean                Error
     1           200000       -4.84317578e+01       1.558744e-03
     2           100000       -4.84317578e+01       1.560326e-03
     5           40000       -4.84317578e+01       1.561964e-03
    10           20000       -4.84317578e+01       1.558477e-03
    20           10000       -4.84317578e+01       1.557067e-03
    50           4000       -4.84317578e+01       1.550817e-03
    70           2857       -4.84317585e+01       1.540959e-03
   100           2000       -4.84317578e+01       1.537019e-03
   200           1000       -4.84317578e+01       1.667915e-03
   500            400       -4.84317578e+01       1.920071e-03
0 0.00156032630999283 0.001920070620157357
Stocahstic error estimate: 1.560326e-03

step=22,E=-0.4843175775394301,dE=-0.000263018055692541,err=1.5603263099928298e-05,gmax=0.023593874898560477
	collect g,Hv time= 2.1440539360046387
	solver time=15.788803339004517,exit status=0
niter= 45
pure_newton= False
	solver time=1979.3398509025574,exit status=0
niter= 2761
	prob= 0.00313685553943232
	burn in time= 28.729920625686646
	sample time= 2263.4225177764893
	contraction err= 0.0016578327892442573 0.3495067829293342

Mean energy: -4.84489303e+01
Block size    # of blocks        Mean                Error
     1           200000       -4.84489303e+01       1.462225e-03
     2           100000       -4.84489303e+01       1.458875e-03
     5           40000       -4.84489303e+01       1.456836e-03
    10           20000       -4.84489303e+01       1.456379e-03
    20           10000       -4.84489303e+01       1.442149e-03
    50           4000       -4.84489303e+01       1.462980e-03
    70           2857       -4.84489372e+01       1.455441e-03
   100           2000       -4.84489303e+01       1.469503e-03
   200           1000       -4.84489303e+01       1.581201e-03
   500            400       -4.84489303e+01       1.711909e-03
0 0.0014622245766101464 0.0017119089137891533
Stocahstic error estimate: 1.462225e-03

	predict=-0.01398665736500271,actual=(-0.017172574251070216, 0.0021383916633999868)
	g=0.15816173353932989,del=1.5415934204292328,dot=0.02792938601680508,x=22.460424498767253
	prob= 0.00313685553943232
	burn in time= 28.89153552055359
trouble in torch gesdd routine, falling back to gesvd
trouble in torch gesdd routine, falling back to gesvd
	sample time= 4231.928181648254
	contraction err= 0.0016896259853416934 0.23344795182812608

Mean energy: -4.84504537e+01
Block size    # of blocks        Mean                Error
     1           200000       -4.84504537e+01       1.516706e-03
     2           100000       -4.84504537e+01       1.515372e-03
     5           40000       -4.84504537e+01       1.520413e-03
    10           20000       -4.84504537e+01       1.519507e-03
    20           10000       -4.84504537e+01       1.532468e-03
    50           4000       -4.84504537e+01       1.532701e-03
    70           2857       -4.84504575e+01       1.526163e-03
   100           2000       -4.84504537e+01       1.529025e-03
   200           1000       -4.84504537e+01       1.646568e-03
   500            400       -4.84504537e+01       1.777400e-03
0 0.001516705775145441 0.00177739954702313
Stocahstic error estimate: 1.516706e-03

step=23,E=-0.4845045370524053,dE=-0.0001869595129752355,err=1.516705775145441e-05,gmax=0.0196642248240661
	collect g,Hv time= 1.9230678081512451
	solver time=15.855074167251587,exit status=0
niter= 45
pure_newton= False
	solver time=398.5520875453949,exit status=0
niter= 556
	prob= 0.0007975178181373813
	burn in time= 27.996668577194214
	sample time= 2263.563302755356
	contraction err= 0.0018390800597762112 0.37542636353729

Mean energy: -4.84644172e+01
Block size    # of blocks        Mean                Error
     1           200000       -4.84644172e+01       1.439232e-03
     2           100000       -4.84644172e+01       1.437198e-03
     5           40000       -4.84644172e+01       1.437603e-03
    10           20000       -4.84644172e+01       1.444003e-03
    20           10000       -4.84644172e+01       1.441878e-03
    50           4000       -4.84644172e+01       1.432424e-03
    70           2857       -4.84644200e+01       1.447436e-03
   100           2000       -4.84644172e+01       1.428223e-03
   200           1000       -4.84644172e+01       1.526713e-03
   500            400       -4.84644172e+01       1.717019e-03
0 0.0014392315713007233 0.0017170189356120766
Stocahstic error estimate: 1.439232e-03

	predict=-0.01208394462088795,actual=(-0.013963530860785056, 0.0020908811358344315)
	g=0.15134073605275575,del=1.2543193122025373,dot=0.024148064344865692,x=22.460424498767235
	prob= 0.0007975178181373813
	burn in time= 27.790911197662354
	burn in time= 27.790911197662354
	sample time= 4227.651781320572
	contraction err= 0.0018184295640520482 0.5478592788939323

Mean energy: -4.84643681e+01
Block size    # of blocks        Mean                Error
     1           200000       -4.84643681e+01       1.464752e-03
     2           100000       -4.84643681e+01       1.467985e-03
     5           40000       -4.84643681e+01       1.464740e-03
    10           20000       -4.84643681e+01       1.465449e-03
    20           10000       -4.84643681e+01       1.457797e-03
    50           4000       -4.84643681e+01       1.441560e-03
    70           2857       -4.84643673e+01       1.405552e-03
   100           2000       -4.84643681e+01       1.459494e-03
   200           1000       -4.84643681e+01       1.544277e-03
   500            400       -4.84643681e+01       1.673685e-03
0 0.0014679848292404232 0.0016736852933918861
Stocahstic error estimate: 1.467985e-03

step=24,E=-0.48464368079993975,dE=-0.00013914374753440484,err=1.4679848292404231e-05,gmax=0.03868854904596675
	collect g,Hv time= 2.511168956756592
	solver time=15.84878158569336,exit status=0
niter= 45
pure_newton= False
	solver time=1230.3010954856873,exit status=0
niter= 1716
	prob= 0.00021204613032343075
	burn in time= 29.25646996498108
	sample time= 2262.3609347343445
	contraction err= 0.001963687012497908 0.5195726836915804

Mean energy: -4.84773478e+01
Block size    # of blocks        Mean                Error
     1           200000       -4.84773478e+01       1.409425e-03
     2           100000       -4.84773478e+01       1.409843e-03
     5           40000       -4.84773478e+01       1.413429e-03
    10           20000       -4.84773478e+01       1.417395e-03
    20           10000       -4.84773478e+01       1.428492e-03
    50           4000       -4.84773478e+01       1.415041e-03
    70           2857       -4.84773583e+01       1.398780e-03
   100           2000       -4.84773478e+01       1.403586e-03
   200           1000       -4.84773478e+01       1.475156e-03
   500            400       -4.84773478e+01       1.638516e-03
0 0.0014098427732722864 0.001638516216048189
Stocahstic error estimate: 1.409843e-03

	predict=-0.010899388474414207,actual=(-0.01297968434421648, 0.0020353466791257274)
	g=0.184518935414804,del=1.2617463334361034,dot=0.02180898902619454,x=22.460424498767242
block_dict= [(0, 36992)]
sizes= [36992]
SIZE= 640
Lx,Ly= 10 10
D= 4
rate= 0.1 0.5
cond= 0.001 0.001

nparam= 36992
	log prob= -8.45870671109757
	burn in time= 18.150643825531006
	sample time= 732.3206686973572
	contraction err= 0.002269942538812347 0.4421587004188464

Mean energy: -4.84759553e+01
Block size    # of blocks        Mean                Error
     1           200000       -4.84759553e+01       1.407943e-03
     2           100000       -4.84759553e+01       1.409833e-03
     5           40000       -4.84759553e+01       1.412777e-03
    10           20000       -4.84759553e+01       1.415005e-03
    20           10000       -4.84759553e+01       1.418644e-03
    50           4000       -4.84759553e+01       1.414122e-03
    70           2857       -4.84759780e+01       1.403997e-03
   100           2000       -4.84759553e+01       1.408152e-03
   200           1000       -4.84759553e+01       1.397894e-03
   500            400       -4.84759553e+01       1.455122e-03
Stocahstic error estimate: 1.409833e-03

step=25,E=-0.48475955329842696,dE=0.0,err=1.4098325554970568e-05,gmax=0.017876389514977276
	collect g,Hv time= 1.8347454071044922
	solver time=3.3003480434417725,exit status=0
niter= 45
pure_newton= False
	solver time=464.3542923927307,exit status=100
niter= 3101
	log prob= -21.294745438329603
	burn in time= 16.511096954345703
	sample time= 508.196581363678
	contraction err= 0.00997015756628396 4.243638430616838

Mean energy: -4.38707939e+01
Block size    # of blocks        Mean                Error
     1           50000       -4.38707939e+01       1.498879e-02
     2           25000       -4.38707939e+01       1.506720e-02
     5           10000       -4.38707939e+01       1.515629e-02
    10           5000       -4.38707939e+01       1.538224e-02
    20           2500       -4.38707939e+01       1.554853e-02
    50           1000       -4.38707939e+01       1.609667e-02
    70            714       -4.38708457e+01       1.664674e-02
   100            500       -4.38707939e+01       1.682964e-02
   200            250       -4.38707939e+01       2.033551e-02
   500            100       -4.38707939e+01       2.232012e-02
Stocahstic error estimate: 1.506720e-02

	predict=-0.9679289975934918,actual=(array([4.60516146]), array([0.0150672]))
	g=0.1536360750420115,del=4.773367091843289,dot=0.22168600654344175,x=22.460424498767242

nparam= 36992
	log prob= -8.658447413020678
	burn in time= 17.944679498672485
trouble in torch gesdd routine, falling back to gesvd
trouble in torch gesdd routine, falling back to gesvd
	sample time= 731.3933556079865
	contraction err= 0.002275306869316312 1.0876429375878045

Mean energy: -4.84851420e+01
Block size    # of blocks        Mean                Error
     1           200000       -4.84851420e+01       1.410842e-03
     2           100000       -4.84851420e+01       1.415410e-03
     5           40000       -4.84851420e+01       1.424921e-03
    10           20000       -4.84851420e+01       1.414449e-03
    20           10000       -4.84851420e+01       1.421898e-03
    50           4000       -4.84851420e+01       1.424900e-03
    70           2857       -4.84851517e+01       1.426264e-03
   100           2000       -4.84851420e+01       1.438666e-03
   200           1000       -4.84851420e+01       1.444754e-03
   500            400       -4.84851420e+01       1.427363e-03
Stocahstic error estimate: 1.415410e-03

step=26,E=-0.484851420146901,dE=-9.186684847406923e-05,err=1.415409638061935e-05,gmax=0.017384102042365512
	collect g,Hv time= 1.856196403503418
	solver time=3.291640281677246,exit status=0
niter= 45
pure_newton= False
	solver time=462.0062851905823,exit status=100
niter= 3101
	log prob= -20.674301356334908
	burn in time= 19.746726751327515
	sample time= 509.503901720047
	contraction err= 0.00879506392512177 1.6530799648999754

Mean energy: -4.59068448e+01
Block size    # of blocks        Mean                Error
     1           50000       -4.59068448e+01       1.340855e-02
     2           25000       -4.59068448e+01       1.345881e-02
     5           10000       -4.59068448e+01       1.355128e-02
    10           5000       -4.59068448e+01       1.382454e-02
    20           2500       -4.59068448e+01       1.387792e-02
    50           1000       -4.59068448e+01       1.426919e-02
    70            714       -4.59069230e+01       1.493561e-02
   100            500       -4.59068448e+01       1.507453e-02
   200            250       -4.59068448e+01       1.821615e-02
   500            100       -4.59068448e+01       2.358399e-02
Stocahstic error estimate: 1.345881e-02

	predict=-0.619555827463075,actual=(array([2.57829717]), array([0.01345881]))
	g=0.15859103707079328,del=4.580400584991815,dot=0.22045411769886364,x=22.46042449876723

nparam= 36992
	log prob= -8.846398545947952
	burn in time= 13.877023220062256
	sample time= 731.0389430522919
	contraction err= 0.002227005554165641 0.5330803525909593

Mean energy: -4.84925687e+01
Block size    # of blocks        Mean                Error
     1           200000       -4.84925687e+01       1.310762e-03
     2           100000       -4.84925687e+01       1.310509e-03
     5           40000       -4.84925687e+01       1.308894e-03
    10           20000       -4.84925687e+01       1.310498e-03
    20           10000       -4.84925687e+01       1.314380e-03
    50           4000       -4.84925687e+01       1.310082e-03
    70           2857       -4.84925655e+01       1.271912e-03
   100           2000       -4.84925687e+01       1.266881e-03
   200           1000       -4.84925687e+01       1.193533e-03
   500            400       -4.84925687e+01       1.098983e-03
Stocahstic error estimate: 1.310762e-03

step=27,E=-0.4849256872121818,dE=-7.426706528079307e-05,err=1.3107615951065584e-05,gmax=0.009854156882004972
	collect g,Hv time= 1.866281270980835
	solver time=3.289033889770508,exit status=0
niter= 45
pure_newton= False
	solver time=463.77586102485657,exit status=100
niter= 3101
	log prob= -25.354224845361372
	burn in time= 16.890902280807495
	sample time= 509.21554255485535
	contraction err= 0.011419841796430972 1.2515245618118869

Mean energy: -4.14466591e+01
Block size    # of blocks        Mean                Error
     1           50000       -4.14466591e+01       1.688564e-02
     2           25000       -4.14466591e+01       1.694344e-02
     5           10000       -4.14466591e+01       1.723564e-02
    10           5000       -4.14466591e+01       1.748186e-02
    20           2500       -4.14466591e+01       1.807834e-02
    50           1000       -4.14466591e+01       2.003383e-02
    70            714       -4.14467854e+01       2.088024e-02
   100            500       -4.14466591e+01       2.298894e-02
   200            250       -4.14466591e+01       2.764456e-02
   500            100       -4.14466591e+01       3.318051e-02
Stocahstic error estimate: 1.694344e-02

	predict=-1.9104001464961178,actual=(array([7.04590965]), array([0.01694344]))
	g=0.12305929015041277,del=4.516800981053021,dot=0.17799212815563908,x=22.46042449876725

nparam= 36992
	log prob= -9.021921872772973
	burn in time= 16.367152214050293
	sample time= 731.3265194892883
	contraction err= 0.0023249151888441325 0.4751740867669594

Mean energy: -4.84971676e+01
Block size    # of blocks        Mean                Error
     1           200000       -4.84971676e+01       1.330553e-03
     2           100000       -4.84971676e+01       1.332442e-03
     5           40000       -4.84971676e+01       1.325485e-03
    10           20000       -4.84971676e+01       1.336021e-03
    20           10000       -4.84971676e+01       1.349142e-03
    50           4000       -4.84971676e+01       1.354027e-03
    70           2857       -4.84971758e+01       1.340171e-03
   100           2000       -4.84971676e+01       1.344543e-03
   200           1000       -4.84971676e+01       1.357727e-03
   500            400       -4.84971676e+01       1.366745e-03
Stocahstic error estimate: 1.332442e-03

step=28,E=-0.4849716763700828,dE=-4.5989157900976355e-05,err=1.3324420021118715e-05,gmax=0.01875176181549243
	collect g,Hv time= 1.863490104675293
	solver time=3.3757588863372803,exit status=0
niter= 46
pure_newton= False
	solver time=463.59743571281433,exit status=100
niter= 3101
	log prob= -16.587072074799444
	burn in time= 18.247539281845093
	sample time= 509.674950838089
	contraction err= 0.006275035372468842 0.6822334831219024

Mean energy: -4.67270953e+01
Block size    # of blocks        Mean                Error
     1           50000       -4.67270953e+01       1.113670e-02
     2           25000       -4.67270953e+01       1.111243e-02
     5           10000       -4.67270953e+01       1.124319e-02
    10           5000       -4.67270953e+01       1.140306e-02
    20           2500       -4.67270953e+01       1.153618e-02
    50           1000       -4.67270953e+01       1.164120e-02
    70            714       -4.67271698e+01       1.130520e-02
   100            500       -4.67270953e+01       1.153701e-02
   200            250       -4.67270953e+01       1.362820e-02
   500            100       -4.67270953e+01       1.699046e-02
Stocahstic error estimate: 1.113670e-02

	predict=-0.5133753564738814,actual=(array([1.7700723]), array([0.0111367]))
	g=0.14356965340353012,del=4.423878026828668,dot=0.18993346938449374,x=22.46042449876723

nparam= 36992
	log prob= -9.170715566330562
	burn in time= 17.534758806228638
	sample time= 730.8665535449982
	contraction err= 0.0023259103986029497 0.9178727178742491

Mean energy: -4.84980023e+01
Block size    # of blocks        Mean                Error
     1           200000       -4.84980023e+01       1.412071e-03
     2           100000       -4.84980023e+01       1.412640e-03
     5           40000       -4.84980023e+01       1.415890e-03
    10           20000       -4.84980023e+01       1.410518e-03
    20           10000       -4.84980023e+01       1.399258e-03
    50           4000       -4.84980023e+01       1.400842e-03
    70           2857       -4.84979971e+01       1.411592e-03
   100           2000       -4.84980023e+01       1.400135e-03
   200           1000       -4.84980023e+01       1.424434e-03
   500            400       -4.84980023e+01       1.428856e-03
Stocahstic error estimate: 1.412640e-03

step=29,E=-0.48498002281350044,dE=-8.346443417650562e-06,err=1.4126396122507791e-05,gmax=0.10025245333404076
	collect g,Hv time= 1.8482072353363037
	solver time=3.3020949363708496,exit status=0
niter= 45
pure_newton= False
	solver time=464.06601428985596,exit status=100
niter= 3101
	log prob= -18.492966009852157
	burn in time= 14.027532815933228
	sample time= 509.24852752685547
	contraction err= 0.00917543555770253 1.3156496562635869

Mean energy: -4.48252972e+01
Block size    # of blocks        Mean                Error
     1           50000       -4.48252972e+01       1.716179e-02
     2           25000       -4.48252972e+01       1.722981e-02
     5           10000       -4.48252972e+01       1.727138e-02
    10           5000       -4.48252972e+01       1.740766e-02
    20           2500       -4.48252972e+01       1.764610e-02
    50           1000       -4.48252972e+01       1.853702e-02
    70            714       -4.48248781e+01       1.958827e-02
   100            500       -4.48252972e+01       1.992417e-02
   200            250       -4.48252972e+01       2.338045e-02
   500            100       -4.48252972e+01       2.971266e-02
Stocahstic error estimate: 1.722981e-02

	predict=-0.8038579674558555,actual=(array([3.67270508]), array([0.01722981]))
	g=0.3343738142436439,del=4.666316244231304,dot=0.2195666394844072,x=22.460424498767246

nparam= 36992
	log prob= -9.317178905999372
	burn in time= 14.080426216125488
	sample time= 730.6717805862427
	contraction err= 0.0022964520072402566 0.2653132536583757

Mean energy: -4.85058033e+01
Block size    # of blocks        Mean                Error
     1           200000       -4.85058033e+01       1.277714e-03
     2           100000       -4.85058033e+01       1.275264e-03
     5           40000       -4.85058033e+01       1.275849e-03
    10           20000       -4.85058033e+01       1.277289e-03
    20           10000       -4.85058033e+01       1.273275e-03
    50           4000       -4.85058033e+01       1.285850e-03
    70           2857       -4.85058015e+01       1.282751e-03
   100           2000       -4.85058033e+01       1.307006e-03
   200           1000       -4.85058033e+01       1.311941e-03
   500            400       -4.85058033e+01       1.360007e-03
Stocahstic error estimate: 1.277714e-03

step=30,E=-0.4850580326992695,dE=-7.800988576903478e-05,err=1.2777135490488917e-05,gmax=0.009990483605484712
	collect g,Hv time= 1.8365700244903564
	solver time=3.3795344829559326,exit status=0
niter= 46
pure_newton= False
	solver time=463.40382385253906,exit status=100
niter= 3101
	log prob= -17.62814407381249
	burn in time= 16.11372661590576
	sample time= 509.5881714820862
	contraction err= 0.007074519674856847 0.9389612966682465

Mean energy: -4.64814602e+01
Block size    # of blocks        Mean                Error
     1           50000       -4.64814602e+01       1.181737e-02
     2           25000       -4.64814602e+01       1.179977e-02
     5           10000       -4.64814602e+01       1.182697e-02
    10           5000       -4.64814602e+01       1.180609e-02
    20           2500       -4.64814602e+01       1.192076e-02
    50           1000       -4.64814602e+01       1.169509e-02
    70            714       -4.64818825e+01       1.212552e-02
   100            500       -4.64814602e+01       1.240957e-02
   200            250       -4.64814602e+01       1.471921e-02
   500            100       -4.64814602e+01       1.955615e-02
Stocahstic error estimate: 1.181737e-02

	predict=-0.4299469963928927,actual=(array([2.02434305]), array([0.01181737]))
	g=0.12365014227003432,del=4.4048378312592495,dot=0.16378754822429192,x=22.46042449876724

nparam= 36992
	log prob= -9.486008789837216
	burn in time= 15.83669114112854
trouble in torch gesdd routine, falling back to gesvd
	sample time= 731.2163898944855
	contraction err= 0.002333660962718812 0.5059368342121481

Mean energy: -4.85078546e+01
Block size    # of blocks        Mean                Error
     1           200000       -4.85078546e+01       1.304000e-03
     2           100000       -4.85078546e+01       1.302473e-03
     5           40000       -4.85078546e+01       1.308845e-03
    10           20000       -4.85078546e+01       1.310046e-03
    20           10000       -4.85078546e+01       1.308972e-03
    50           4000       -4.85078546e+01       1.320062e-03
    70           2857       -4.85078595e+01       1.323783e-03
   100           2000       -4.85078546e+01       1.316349e-03
   200           1000       -4.85078546e+01       1.312371e-03
   500            400       -4.85078546e+01       1.299803e-03
Stocahstic error estimate: 1.304000e-03

step=31,E=-0.4850785463239943,dE=-2.0513624724785017e-05,err=1.3039998970615075e-05,gmax=0.021344985045755438
	collect g,Hv time= 1.8378169536590576
	solver time=3.376884937286377,exit status=0
niter= 46
pure_newton= False
	solver time=464.28486704826355,exit status=100
niter= 3101
	log prob= -16.192538608966718
	burn in time= 15.301295280456543
	sample time= 508.37180614471436
	contraction err= 0.0058178942192482624 0.45545411409423026

Mean energy: -4.73295301e+01
Block size    # of blocks        Mean                Error
     1           50000       -4.73295301e+01       9.777420e-03
     2           25000       -4.73295301e+01       9.790374e-03
     5           10000       -4.73295301e+01       9.797262e-03
    10           5000       -4.73295301e+01       9.900583e-03
    20           2500       -4.73295301e+01       1.003273e-02
    50           1000       -4.73295301e+01       1.001711e-02
    70            714       -4.73295952e+01       1.003595e-02
   100            500       -4.73295301e+01       1.050512e-02
   200            250       -4.73295301e+01       1.255019e-02
   500            100       -4.73295301e+01       1.704956e-02
Stocahstic error estimate: 9.790374e-03

	predict=-0.1636024215635843,actual=(array([1.17832456]), array([0.00979037]))
	g=0.15694760624186008,del=4.3628795127440005,dot=0.17822805857391813,x=22.460424498767242

nparam= 36992
	log prob= -9.655383090132355
	burn in time= 18.12515139579773
	sample time= 730.6767988204956
	contraction err= 0.002356008837476753 0.8584333059712418

Mean energy: -4.85051345e+01
Block size    # of blocks        Mean                Error
     1           200000       -4.85051345e+01       1.327777e-03
     2           100000       -4.85051345e+01       1.328040e-03
     5           40000       -4.85051345e+01       1.330856e-03
    10           20000       -4.85051345e+01       1.326601e-03
    20           10000       -4.85051345e+01       1.323366e-03
    50           4000       -4.85051345e+01       1.316235e-03
    70           2857       -4.85051388e+01       1.328356e-03
   100           2000       -4.85051345e+01       1.324190e-03
   200           1000       -4.85051345e+01       1.335538e-03
   500            400       -4.85051345e+01       1.298286e-03
Stocahstic error estimate: 1.328040e-03

step=32,E=-0.4850513452006699,dE=2.7201123324402942e-05,err=1.3280395494685925e-05,gmax=0.020829898281229636
	collect g,Hv time= 1.8442432880401611
	solver time=3.3066675662994385,exit status=0
niter= 45
pure_newton= False
	solver time=466.1679198741913,exit status=100
niter= 3101
	log prob= -18.583357295548442
	burn in time= 17.71481990814209
	sample time= 510.90344882011414
	contraction err= 0.006821841464135057 0.849760536515461

Mean energy: -4.74105837e+01
Block size    # of blocks        Mean                Error
     1           50000       -4.74105837e+01       9.304122e-03
     2           25000       -4.74105837e+01       9.298784e-03
     5           10000       -4.74105837e+01       9.378224e-03
    10           5000       -4.74105837e+01       9.425335e-03
    20           2500       -4.74105837e+01       9.409591e-03
    50           1000       -4.74105837e+01       9.640305e-03
    70            714       -4.74108122e+01       9.857220e-03
   100            500       -4.74105837e+01       1.026327e-02
   200            250       -4.74105837e+01       1.235065e-02
   500            100       -4.74105837e+01       1.689295e-02
Stocahstic error estimate: 9.304122e-03

	predict=0.3122075245737657,actual=(array([1.09455078]), array([0.00930412]))
	g=0.13406343595992715,del=4.47568578662416,dot=0.18461287357703282,x=22.46042449876724

nparam= 36992
	log prob= -9.77860227585071
	burn in time= 17.10584568977356
	sample time= 730.493921995163
	contraction err= 0.0023711131292172673 0.35384353287026665

Mean energy: -4.85159015e+01
Block size    # of blocks        Mean                Error
     1           200000       -4.85159015e+01       1.263525e-03
     2           100000       -4.85159015e+01       1.264788e-03
     5           40000       -4.85159015e+01       1.262646e-03
    10           20000       -4.85159015e+01       1.268201e-03
    20           10000       -4.85159015e+01       1.276241e-03
    50           4000       -4.85159015e+01       1.276693e-03
    70           2857       -4.85158991e+01       1.268898e-03
   100           2000       -4.85159015e+01       1.267825e-03
   200           1000       -4.85159015e+01       1.288774e-03
   500            400       -4.85159015e+01       1.316697e-03
Stocahstic error estimate: 1.264788e-03

step=33,E=-0.48515901450622073,dE=-0.00010766930555085708,err=1.2647879704868749e-05,gmax=0.03936290347898419
	collect g,Hv time= 1.8642358779907227
niter= 46
	solver time=3.381929397583008,exit status=0
pure_newton= False
	solver time=464.99334931373596,exit status=100
niter= 3101
	log prob= -16.221764269035955
	burn in time= 16.679824590682983
	sample time= 508.14902901649475
	contraction err= 0.006078122731729922 0.517085396665069

Mean energy: -4.71694275e+01
Block size    # of blocks        Mean                Error
     1           50000       -4.71694275e+01       1.031458e-02
     2           25000       -4.71694275e+01       1.031166e-02
     5           10000       -4.71694275e+01       1.035705e-02
    10           5000       -4.71694275e+01       1.040715e-02
    20           2500       -4.71694275e+01       1.040621e-02
    50           1000       -4.71694275e+01       1.016502e-02
    70            714       -4.71694898e+01       1.013541e-02
   100            500       -4.71694275e+01       1.017201e-02
   200            250       -4.71694275e+01       1.139305e-02
   500            100       -4.71694275e+01       1.329935e-02
Stocahstic error estimate: 1.031458e-02

	predict=-0.2575137272396648,actual=(array([1.34647395]), array([0.01031458]))
	g=0.19098651199658548,del=4.18964047454395,dot=0.16236721930098286,x=22.460424498767235

nparam= 36992
	log prob= -9.907844327173532
	burn in time= 18.366371870040894
	sample time= 730.3334386348724
	contraction err= 0.0023739517249428176 0.2898330911853328

Mean energy: -4.85142634e+01
Block size    # of blocks        Mean                Error
     1           200000       -4.85142634e+01       1.245199e-03
     2           100000       -4.85142634e+01       1.244754e-03
     5           40000       -4.85142634e+01       1.238114e-03
    10           20000       -4.85142634e+01       1.235278e-03
    20           10000       -4.85142634e+01       1.233491e-03
    50           4000       -4.85142634e+01       1.234625e-03
    70           2857       -4.85142608e+01       1.255719e-03
   100           2000       -4.85142634e+01       1.232358e-03
   200           1000       -4.85142634e+01       1.244997e-03
   500            400       -4.85142634e+01       1.257236e-03
Stocahstic error estimate: 1.245199e-03

step=34,E=-0.48514263396301405,dE=1.638054320672211e-05,err=1.24519881638174e-05,gmax=0.044348676668841513
	collect g,Hv time= 1.8323676586151123
	solver time=3.3769805431365967,exit status=0
niter= 46
pure_newton= False
	solver time=464.0301353931427,exit status=100
niter= 3101
	log prob= -14.147929310613067
	burn in time= 13.242490768432617
	sample time= 508.4579932689667
	contraction err= 0.0040180450139321025 1.7171030292543497

Mean energy: -4.81349794e+01
Block size    # of blocks        Mean                Error
     1           50000       -4.81349794e+01       6.345261e-03
     2           25000       -4.81349794e+01       6.355653e-03
     5           10000       -4.81349794e+01       6.345463e-03
    10           5000       -4.81349794e+01       6.398326e-03
    20           2500       -4.81349794e+01       6.350244e-03
    50           1000       -4.81349794e+01       6.281874e-03
    70            714       -4.81349981e+01       6.332049e-03
   100            500       -4.81349794e+01       6.563749e-03
   200            250       -4.81349794e+01       7.914314e-03
   500            100       -4.81349794e+01       1.038432e-02
Stocahstic error estimate: 6.355653e-03

	predict=-0.04438374094766082,actual=(array([0.379284]), array([0.00635565]))
	g=0.18923672999271698,del=4.09450510628178,dot=0.15834025018532866,x=22.46042449876724

nparam= 36992
	log prob= -10.057655170879393
	burn in time= 18.057689905166626
	sample time= 730.6214666366577
	contraction err= 0.0024015252228620563 0.7437243990340037

Mean energy: -4.85194372e+01
Block size    # of blocks        Mean                Error
     1           200000       -4.85194372e+01       1.188512e-03
     2           100000       -4.85194372e+01       1.188638e-03
     5           40000       -4.85194372e+01       1.190090e-03
    10           20000       -4.85194372e+01       1.189324e-03
    20           10000       -4.85194372e+01       1.182104e-03
    50           4000       -4.85194372e+01       1.205615e-03
    70           2857       -4.85194406e+01       1.187878e-03
   100           2000       -4.85194372e+01       1.191309e-03
   200           1000       -4.85194372e+01       1.191528e-03
   500            400       -4.85194372e+01       1.229567e-03
Stocahstic error estimate: 1.188638e-03

step=35,E=-0.485194372403939,dE=-5.173844092496438e-05,err=1.188637770032607e-05,gmax=0.014757524767143426
	collect g,Hv time= 1.842660665512085
	solver time=3.295687675476074,exit status=0
niter= 45
pure_newton= False
	solver time=464.70721316337585,exit status=100
niter= 3101
	log prob= -15.715516895205544
	burn in time= 16.004140615463257
	sample time= 508.0310323238373
	contraction err= 0.004712164394406606 0.5567366035693245

Mean energy: -4.78475626e+01
Block size    # of blocks        Mean                Error
     1           50000       -4.78475626e+01       7.521406e-03
     2           25000       -4.78475626e+01       7.531092e-03
     5           10000       -4.78475626e+01       7.550342e-03
    10           5000       -4.78475626e+01       7.523296e-03
    20           2500       -4.78475626e+01       7.621402e-03
    50           1000       -4.78475626e+01       7.634620e-03
    70            714       -4.78472468e+01       7.616977e-03
   100            500       -4.78475626e+01       7.927381e-03
   200            250       -4.78475626e+01       9.424877e-03
   500            100       -4.78475626e+01       1.082005e-02
Stocahstic error estimate: 7.531092e-03

	predict=-0.1562829976889243,actual=(array([0.67187464]), array([0.00753109]))
	g=0.12580972447337696,del=3.9791088379098443,dot=0.1321022989484837,x=22.460424498767242

nparam= 36992
	log prob= -10.200108562965132
	burn in time= 17.323303699493408
	sample time= 729.3493013381958
	contraction err= 0.0024385803818185773 0.5819733198386258

Mean energy: -4.85215798e+01
Block size    # of blocks        Mean                Error
     1           200000       -4.85215798e+01       1.251181e-03
     2           100000       -4.85215798e+01       1.251292e-03
     5           40000       -4.85215798e+01       1.252634e-03
    10           20000       -4.85215798e+01       1.260645e-03
    20           10000       -4.85215798e+01       1.253492e-03
    50           4000       -4.85215798e+01       1.241714e-03
    70           2857       -4.85215805e+01       1.237522e-03
   100           2000       -4.85215798e+01       1.220363e-03
   200           1000       -4.85215798e+01       1.254103e-03
   500            400       -4.85215798e+01       1.274879e-03
Stocahstic error estimate: 1.251292e-03

step=36,E=-0.4852157978978962,dE=-2.142549395721005e-05,err=1.2512918932866448e-05,gmax=0.013121412417204326
	collect g,Hv time= 1.8249659538269043
	solver time=3.298912286758423,exit status=0
niter= 45
pure_newton= False
	solver time=463.76122403144836,exit status=100
niter= 3101
	log prob= -13.542179557888272
	burn in time= 15.793240547180176
	sample time= 508.21530389785767
	contraction err= 0.00383022033661753 0.5724090387115317

Mean energy: -4.82152283e+01
Block size    # of blocks        Mean                Error
     1           50000       -4.82152283e+01       5.610754e-03
     2           25000       -4.82152283e+01       5.587880e-03
     5           10000       -4.82152283e+01       5.588522e-03
    10           5000       -4.82152283e+01       5.564598e-03
    20           2500       -4.82152283e+01       5.534513e-03
    50           1000       -4.82152283e+01       5.477312e-03
    70            714       -4.82150990e+01       5.363353e-03
   100            500       -4.82152283e+01       5.679230e-03
   200            250       -4.82152283e+01       6.647638e-03
   500            100       -4.82152283e+01       8.176228e-03
Stocahstic error estimate: 5.610754e-03

	predict=-0.02301135684372945,actual=(array([0.30635154]), array([0.00561075]))
	g=0.13184151059827157,del=4.141909810099965,dot=0.15764244508303576,x=22.460424498767235

nparam= 36992
	log prob= -10.334265558362238
	burn in time= 19.065012216567993
	sample time= 729.7874052524567
	contraction err= 0.0024738825194382877 0.6964991397150718

Mean energy: -4.85171961e+01
Block size    # of blocks        Mean                Error
     1           200000       -4.85171961e+01       1.343477e-03
     2           100000       -4.85171961e+01       1.343649e-03
     5           40000       -4.85171961e+01       1.341794e-03
    10           20000       -4.85171961e+01       1.345080e-03
    20           10000       -4.85171961e+01       1.345024e-03
    50           4000       -4.85171961e+01       1.353009e-03
    70           2857       -4.85172005e+01       1.359822e-03
   100           2000       -4.85171961e+01       1.387301e-03
   200           1000       -4.85171961e+01       1.395443e-03
   500            400       -4.85171961e+01       1.403426e-03
Stocahstic error estimate: 1.343649e-03

step=37,E=-0.48517196066495616,dE=4.383723294004938e-05,err=1.343648539443243e-05,gmax=0.025565060374178827
	collect g,Hv time= 1.8257129192352295
niter= 46
	solver time=3.3910844326019287,exit status=0
pure_newton= False
	solver time=465.15523409843445,exit status=100
niter= 3101
	log prob= -16.807313388056034
	burn in time= 17.02824091911316
	sample time= 507.2677824497223
	contraction err= 0.005812974079564507 0.869420892774173

Mean energy: -4.72920711e+01
Block size    # of blocks        Mean                Error
     1           50000       -4.72920711e+01       9.785870e-03
     2           25000       -4.72920711e+01       9.831052e-03
     5           10000       -4.72920711e+01       9.910754e-03
    10           5000       -4.72920711e+01       9.985882e-03
    20           2500       -4.72920711e+01       1.006397e-02
    50           1000       -4.72920711e+01       1.010717e-02
    70            714       -4.72923508e+01       1.045593e-02
   100            500       -4.72920711e+01       1.074821e-02
   200            250       -4.72920711e+01       1.306601e-02
   500            100       -4.72920711e+01       1.733460e-02
Stocahstic error estimate: 9.831052e-03

	predict=-0.11683096541134858,actual=(array([1.22512499]), array([0.00983105]))
	g=0.15687546224521629,del=4.449471119194132,dot=0.20091543152980906,x=22.460424498767246

nparam= 36992
	log prob= -10.474257058344625
	burn in time= 16.726693868637085
trouble in torch gesdd routine, falling back to gesvd
	sample time= 729.834908246994
	contraction err= 0.0024794730750886083 0.49405182631688294

Mean energy: -4.85221431e+01
Block size    # of blocks        Mean                Error
     1           200000       -4.85221431e+01       1.267695e-03
     2           100000       -4.85221431e+01       1.266724e-03
     5           40000       -4.85221431e+01       1.266123e-03
    10           20000       -4.85221431e+01       1.272682e-03
    20           10000       -4.85221431e+01       1.263752e-03
    50           4000       -4.85221431e+01       1.263288e-03
    70           2857       -4.85221471e+01       1.263473e-03
   100           2000       -4.85221431e+01       1.237699e-03
   200           1000       -4.85221431e+01       1.220792e-03
   500            400       -4.85221431e+01       1.193883e-03
Stocahstic error estimate: 1.267695e-03

step=38,E=-0.4852214312043286,dE=-4.947053937243595e-05,err=1.2676947711108651e-05,gmax=0.01654694656701028
	collect g,Hv time= 1.839191198348999
	solver time=3.2967758178710938,exit status=0
niter= 45
pure_newton= False
	solver time=464.45833706855774,exit status=100
niter= 3101
	log prob= -13.633065218996848
	burn in time= 18.863723516464233
	sample time= 507.5325286388397
	contraction err= 0.003616399778946153 0.46639456748446056

Mean energy: -4.82132212e+01
Block size    # of blocks        Mean                Error
     1           50000       -4.82132212e+01       5.629192e-03
     2           25000       -4.82132212e+01       5.636711e-03
     5           10000       -4.82132212e+01       5.589955e-03
    10           5000       -4.82132212e+01       5.533679e-03
    20           2500       -4.82132212e+01       5.565223e-03
    50           1000       -4.82132212e+01       5.462335e-03
    70            714       -4.82132697e+01       5.399059e-03
   100            500       -4.82132212e+01       5.635546e-03
   200            250       -4.82132212e+01       6.436171e-03
   500            100       -4.82132212e+01       8.306201e-03
Stocahstic error estimate: 5.636711e-03

	predict=-0.08581282466430488,actual=(array([0.3089219]), array([0.00563671]))
	g=0.12684666275277157,del=4.269081248289345,dot=0.16071728296296994,x=22.460424498767246

nparam= 36992
	log prob= -10.582492905574586
	burn in time= 18.996946573257446
	sample time= 730.1217927932739
	contraction err= 0.002490989710045287 5.625051983826152

Mean energy: -4.85290806e+01
Block size    # of blocks        Mean                Error
     1           200000       -4.85290806e+01       1.221980e-03
     2           100000       -4.85290806e+01       1.219467e-03
     5           40000       -4.85290806e+01       1.213440e-03
    10           20000       -4.85290806e+01       1.216204e-03
    20           10000       -4.85290806e+01       1.217161e-03
    50           4000       -4.85290806e+01       1.193235e-03
    70           2857       -4.85290844e+01       1.214630e-03
   100           2000       -4.85290806e+01       1.202561e-03
   200           1000       -4.85290806e+01       1.183111e-03
   500            400       -4.85290806e+01       1.145799e-03
Stocahstic error estimate: 1.221980e-03

step=39,E=-0.4852908061917816,dE=-6.937498745301695e-05,err=1.221979520410098e-05,gmax=0.014612620651111463
	collect g,Hv time= 1.8321919441223145
	solver time=3.378603935241699,exit status=0
niter= 46
pure_newton= False
	solver time=465.2346112728119,exit status=100
niter= 3101
	log prob= -15.877394018829921
	burn in time= 17.564905405044556
	sample time= 508.29533791542053
	contraction err= 0.004964641792987132 0.5375204727776238

Mean energy: -4.78501739e+01
Block size    # of blocks        Mean                Error
     1           50000       -4.78501739e+01       7.656560e-03
     2           25000       -4.78501739e+01       7.672458e-03
     5           10000       -4.78501739e+01       7.635061e-03
    10           5000       -4.78501739e+01       7.603167e-03
    20           2500       -4.78501739e+01       7.451002e-03
    50           1000       -4.78501739e+01       7.289371e-03
    70            714       -4.78503381e+01       7.446187e-03
   100            500       -4.78501739e+01       7.376821e-03
   200            250       -4.78501739e+01       8.513004e-03
   500            100       -4.78501739e+01       1.047285e-02
Stocahstic error estimate: 7.672458e-03

	predict=0.17612260426454246,actual=(array([0.67890675]), array([0.00767246]))
	g=0.13926686693298543,del=4.0364775823626955,dot=0.14685862272217864,x=22.460424498767246

nparam= 36992
	log prob= -10.744518277958552
	burn in time= 19.136708736419678
trouble in torch gesdd routine, falling back to gesvd
	sample time= 729.7444396018982
	contraction err= 0.002500440780516337 1.7166743021818371

Mean energy: -4.85293668e+01
Block size    # of blocks        Mean                Error
     1           200000       -4.85293668e+01       1.216994e-03
     2           100000       -4.85293668e+01       1.213769e-03
     5           40000       -4.85293668e+01       1.216278e-03
    10           20000       -4.85293668e+01       1.221593e-03
    20           10000       -4.85293668e+01       1.217332e-03
    50           4000       -4.85293668e+01       1.204956e-03
    70           2857       -4.85293714e+01       1.230437e-03
   100           2000       -4.85293668e+01       1.192138e-03
   200           1000       -4.85293668e+01       1.200050e-03
   500            400       -4.85293668e+01       1.219344e-03
Stocahstic error estimate: 1.216994e-03

step=40,E=-0.4852936678144206,dE=-2.8616226390454356e-06,err=1.2169944331654147e-05,gmax=0.02612841696518231
	collect g,Hv time= 1.8371846675872803
	solver time=3.3056130409240723,exit status=0
niter= 45
pure_newton= False
	solver time=464.6225597858429,exit status=100
niter= 3101
	log prob= -13.488898808264373
	burn in time= 17.048691749572754
	sample time= 506.41176676750183
	contraction err= 0.003753703024844472 0.7666959830820964

Mean energy: -4.82674522e+01
Block size    # of blocks        Mean                Error
     1           50000       -4.82674522e+01       5.320759e-03
     2           25000       -4.82674522e+01       5.310795e-03
     5           10000       -4.82674522e+01       5.345436e-03
    10           5000       -4.82674522e+01       5.313831e-03
    20           2500       -4.82674522e+01       5.325005e-03
    50           1000       -4.82674522e+01       5.358787e-03
    70            714       -4.82674318e+01       5.431621e-03
   100            500       -4.82674522e+01       5.685060e-03
   200            250       -4.82674522e+01       6.863299e-03
   500            100       -4.82674522e+01       8.967109e-03
Stocahstic error estimate: 5.320759e-03

	predict=-0.0028997001307132023,actual=(array([0.26191459]), array([0.00532076]))
	g=0.1360623802134247,del=3.992620412320793,dot=0.14559059120287499,x=22.46042449876724

nparam= 36992
	log prob= -10.875513061845849
	burn in time= 13.548666954040527
	sample time= 730.5606958866119
	contraction err= 0.0025041595685418175 0.5976248793701043

Mean energy: -4.85337946e+01
Block size    # of blocks        Mean                Error
     1           200000       -4.85337946e+01       1.268355e-03
     2           100000       -4.85337946e+01       1.265437e-03
     5           40000       -4.85337946e+01       1.261691e-03
    10           20000       -4.85337946e+01       1.262365e-03
    20           10000       -4.85337946e+01       1.259131e-03
    50           4000       -4.85337946e+01       1.247124e-03
    70           2857       -4.85337882e+01       1.251168e-03
   100           2000       -4.85337946e+01       1.215138e-03
   200           1000       -4.85337946e+01       1.211614e-03
   500            400       -4.85337946e+01       1.237013e-03
Stocahstic error estimate: 1.268355e-03

step=41,E=-0.4853379456892313,dE=-4.427787481063206e-05,err=1.2683547637091284e-05,gmax=0.0908808849960662
	collect g,Hv time= 1.828869104385376
	solver time=3.379591226577759,exit status=0
niter= 46
pure_newton= False
	solver time=465.1214966773987,exit status=100
niter= 3101
	log prob= -15.299751512581855
	burn in time= 14.492292881011963
	sample time= 507.16729640960693
	contraction err= 0.004639344557131012 0.3620569357614563

Mean energy: -4.78313399e+01
Block size    # of blocks        Mean                Error
     1           50000       -4.78313399e+01       7.861418e-03
     2           25000       -4.78313399e+01       7.850890e-03
     5           10000       -4.78313399e+01       7.861181e-03
    10           5000       -4.78313399e+01       7.851787e-03
    20           2500       -4.78313399e+01       7.877628e-03
    50           1000       -4.78313399e+01       7.920201e-03
    70            714       -4.78314414e+01       8.051459e-03
   100            500       -4.78313399e+01       8.013629e-03
   200            250       -4.78313399e+01       9.668040e-03
   500            100       -4.78313399e+01       1.297326e-02
Stocahstic error estimate: 7.861418e-03

	predict=-0.05460355555429476,actual=(array([0.7024547]), array([0.00786142]))
	g=0.3065159895717751,del=3.8155584506086893,dot=0.17565866195627172,x=22.46042449876724

nparam= 36992
	log prob= -11.01871801243898
	burn in time= 17.487038135528564
trouble in torch gesdd routine, falling back to gesvd
trouble in torch gesdd routine, falling back to gesvd
	sample time= 729.9653747081757
	contraction err= 0.0025434633483716854 1.1149423734973087

Mean energy: -4.85304914e+01
Block size    # of blocks        Mean                Error
     1           200000       -4.85304914e+01       1.243592e-03
     2           100000       -4.85304914e+01       1.241903e-03
     5           40000       -4.85304914e+01       1.242124e-03
    10           20000       -4.85304914e+01       1.237908e-03
    20           10000       -4.85304914e+01       1.236768e-03
    50           4000       -4.85304914e+01       1.233851e-03
    70           2857       -4.85304936e+01       1.242615e-03
   100           2000       -4.85304914e+01       1.239245e-03
   200           1000       -4.85304914e+01       1.234577e-03
   500            400       -4.85304914e+01       1.239427e-03
Stocahstic error estimate: 1.243592e-03

step=42,E=-0.48530491435018774,dE=3.303133904353217e-05,err=1.2435924821204673e-05,gmax=0.04389397198337175
	collect g,Hv time= 1.8614795207977295
	solver time=3.3056118488311768,exit status=0
niter= 45
pure_newton= False
	solver time=464.7265341281891,exit status=100
niter= 3101
	log prob= -16.236518593743828
	burn in time= 17.976336240768433
	sample time= 506.9841480255127
	contraction err= 0.004773746818874503 0.41088485211062015

Mean energy: -4.78848952e+01
Block size    # of blocks        Mean                Error
     1           50000       -4.78848952e+01       7.255034e-03
     2           25000       -4.78848952e+01       7.274906e-03
     5           10000       -4.78848952e+01       7.305419e-03
    10           5000       -4.78848952e+01       7.246001e-03
    20           2500       -4.78848952e+01       7.355176e-03
    50           1000       -4.78848952e+01       7.106813e-03
    70            714       -4.78851118e+01       7.094471e-03
   100            500       -4.78848952e+01       7.125426e-03
   200            250       -4.78848952e+01       8.020125e-03
   500            100       -4.78848952e+01       1.013526e-02
Stocahstic error estimate: 7.274906e-03

	predict=-0.14485893560892124,actual=(array([0.64559625]), array([0.00727491]))
	g=0.149633155916789,del=4.093908664842966,dot=0.1541291955884725,x=22.460424498767235

nparam= 36992
	log prob= -11.145363336260466
	burn in time= 15.123943567276001
	sample time= 729.5164482593536
	contraction err= 0.002504541438906555 0.44153859633974224

Mean energy: -4.85379130e+01
Block size    # of blocks        Mean                Error
     1           200000       -4.85379130e+01       1.195079e-03
     2           100000       -4.85379130e+01       1.192392e-03
     5           40000       -4.85379130e+01       1.190378e-03
    10           20000       -4.85379130e+01       1.184379e-03
    20           10000       -4.85379130e+01       1.194145e-03
    50           4000       -4.85379130e+01       1.189128e-03
    70           2857       -4.85379216e+01       1.208766e-03
   100           2000       -4.85379130e+01       1.186785e-03
   200           1000       -4.85379130e+01       1.179236e-03
   500            400       -4.85379130e+01       1.156241e-03
Stocahstic error estimate: 1.195079e-03

step=43,E=-0.48537913020077367,dE=-7.42158505859436e-05,err=1.1950787072099545e-05,gmax=0.03433170645548983
	collect g,Hv time= 1.8785789012908936
	solver time=3.2951929569244385,exit status=0
niter= 45
pure_newton= False
	solver time=464.4300479888916,exit status=100
niter= 3101
	log prob= -15.252872101722593
	burn in time= 16.031234979629517
	sample time= 507.3949158191681
	contraction err= 0.004565867367574481 0.49317538521527626

Mean energy: -4.80765573e+01
Block size    # of blocks        Mean                Error
     1           50000       -4.80765573e+01       6.545559e-03
     2           25000       -4.80765573e+01       6.528101e-03
     5           10000       -4.80765573e+01       6.521658e-03
    10           5000       -4.80765573e+01       6.484121e-03
    20           2500       -4.80765573e+01       6.427061e-03
    50           1000       -4.80765573e+01       6.643035e-03
    70            714       -4.80764861e+01       6.603132e-03
   100            500       -4.80765573e+01       6.975929e-03
   200            250       -4.80765573e+01       8.455120e-03
   500            100       -4.80765573e+01       1.106058e-02
Stocahstic error estimate: 6.545559e-03

	predict=-0.1320510965292141,actual=(array([0.46135571]), array([0.00654556]))
	g=0.1754765949903437,del=3.7242732313324685,dot=0.13893369787101995,x=22.460424498767242

nparam= 36992
	log prob= -11.276005319760683
	burn in time= 15.130671262741089
trouble in torch gesdd routine, falling back to gesvd
	sample time= 729.7501361370087
	contraction err= 0.002558663072519988 0.4748397960194302

Mean energy: -4.85380609e+01
Block size    # of blocks        Mean                Error
     1           200000       -4.85380609e+01       1.199763e-03
     2           100000       -4.85380609e+01       1.199172e-03
     5           40000       -4.85380609e+01       1.199588e-03
    10           20000       -4.85380609e+01       1.205609e-03
    20           10000       -4.85380609e+01       1.209081e-03
    50           4000       -4.85380609e+01       1.212690e-03
    70           2857       -4.85380478e+01       1.210218e-03
   100           2000       -4.85380609e+01       1.209232e-03
   200           1000       -4.85380609e+01       1.189036e-03
   500            400       -4.85380609e+01       1.132446e-03
Stocahstic error estimate: 1.199763e-03

step=44,E=-0.4853806086182852,dE=-1.478417511506791e-06,err=1.199763311281694e-05,gmax=0.027956431305505403
	collect g,Hv time= 1.8404486179351807
	solver time=3.3860466480255127,exit status=0
niter= 46
pure_newton= False
	solver time=464.73755621910095,exit status=100
niter= 3101
	log prob= -15.917977358550893
	burn in time= 16.91981792449951
	sample time= 506.40305495262146
	contraction err= 0.004748463443652715 0.5775650095910054

Mean energy: -4.80025173e+01
Block size    # of blocks        Mean                Error
     1           50000       -4.80025173e+01       6.940497e-03
     2           25000       -4.80025173e+01       6.916152e-03
     5           10000       -4.80025173e+01       6.970370e-03
    10           5000       -4.80025173e+01       6.947050e-03
    20           2500       -4.80025173e+01       6.925719e-03
    50           1000       -4.80025173e+01       6.825909e-03
    70            714       -4.80025416e+01       6.987583e-03
   100            500       -4.80025173e+01       7.092526e-03
   200            250       -4.80025173e+01       8.304211e-03
   500            100       -4.80025173e+01       1.044080e-02
Stocahstic error estimate: 6.940497e-03

	predict=-0.09717286353080734,actual=(array([0.53554359]), array([0.0069405]))
	g=0.14508046099368055,del=3.900575733483987,dot=0.14119715080101955,x=22.460424498767246

nparam= 36992
	log prob= -11.405586097083862
	burn in time= 16.45961356163025
	sample time= 729.4344084262848
	contraction err= 0.002566964004610534 0.489245652921765

Mean energy: -4.85419157e+01
Block size    # of blocks        Mean                Error
     1           200000       -4.85419157e+01       1.186937e-03
     2           100000       -4.85419157e+01       1.190927e-03
     5           40000       -4.85419157e+01       1.196175e-03
    10           20000       -4.85419157e+01       1.188084e-03
    20           10000       -4.85419157e+01       1.184075e-03
    50           4000       -4.85419157e+01       1.176430e-03
    70           2857       -4.85419167e+01       1.178236e-03
   100           2000       -4.85419157e+01       1.173887e-03
   200           1000       -4.85419157e+01       1.171248e-03
   500            400       -4.85419157e+01       1.159647e-03
Stocahstic error estimate: 1.190927e-03

step=45,E=-0.4854191569394148,dE=-3.8548321129567854e-05,err=1.1909270635896288e-05,gmax=0.01751938717640337
	collect g,Hv time= 1.8274753093719482
	solver time=3.3058602809906006,exit status=0
niter= 45
pure_newton= False
	solver time=464.08069944381714,exit status=100
niter= 3101
	log prob= -15.032529595341577
	burn in time= 15.097775936126709
	sample time= 505.9068169593811
	contraction err= 0.004212772173592234 0.32958312424431446

Mean energy: -4.81229961e+01
Block size    # of blocks        Mean                Error
     1           50000       -4.81229961e+01       6.119430e-03
     2           25000       -4.81229961e+01       6.116695e-03
     5           10000       -4.81229961e+01       6.145874e-03
    10           5000       -4.81229961e+01       6.107003e-03
    20           2500       -4.81229961e+01       6.016081e-03
    50           1000       -4.81229961e+01       5.976348e-03
    70            714       -4.81229107e+01       6.114984e-03
   100            500       -4.81229961e+01       6.141362e-03
   200            250       -4.81229961e+01       7.316747e-03
   500            100       -4.81229961e+01       9.822869e-03
Stocahstic error estimate: 6.119430e-03

	predict=-0.09292172029942575,actual=(array([0.41891955]), array([0.00611943]))
	g=0.13734148190555384,del=3.880770867211328,dot=0.13509170393390363,x=22.46042449876723

nparam= 36992
	log prob= -11.52023547741832
	burn in time= 17.600135803222656
trouble in torch gesdd routine, falling back to gesvd
	sample time= 728.9425847530365
	contraction err= 0.0025868077130991713 0.4380686474836665

Mean energy: -4.85418191e+01
Block size    # of blocks        Mean                Error
     1           200000       -4.85418191e+01       1.187381e-03
     2           100000       -4.85418191e+01       1.190104e-03
     5           40000       -4.85418191e+01       1.191710e-03
    10           20000       -4.85418191e+01       1.194797e-03
    20           10000       -4.85418191e+01       1.198008e-03
    50           4000       -4.85418191e+01       1.201825e-03
    70           2857       -4.85418216e+01       1.190508e-03
   100           2000       -4.85418191e+01       1.225050e-03
   200           1000       -4.85418191e+01       1.219584e-03
   500            400       -4.85418191e+01       1.185834e-03
Stocahstic error estimate: 1.190104e-03

step=46,E=-0.4854181913028446,dE=9.656365701715686e-07,err=1.1901044074201796e-05,gmax=0.01682799586156969
	collect g,Hv time= 1.8347454071044922
	solver time=3.379801034927368,exit status=0
niter= 46
pure_newton= False
	solver time=465.01870036125183,exit status=100
niter= 3101
	log prob= -16.38106334174703
	burn in time= 15.586397409439087
	sample time= 507.8370087146759
	contraction err= 0.0045624192381011576 0.6276239304535048

Mean energy: -4.79569122e+01
Block size    # of blocks        Mean                Error
     1           50000       -4.79569122e+01       7.034307e-03
     2           25000       -4.79569122e+01       7.080110e-03
     5           10000       -4.79569122e+01       7.072680e-03
    10           5000       -4.79569122e+01       7.091004e-03
    20           2500       -4.79569122e+01       7.150110e-03
    50           1000       -4.79569122e+01       7.405699e-03
    70            714       -4.79567326e+01       7.473857e-03
   100            500       -4.79569122e+01       7.960884e-03
   200            250       -4.79569122e+01       9.753887e-03
   500            100       -4.79569122e+01       1.268294e-02
Stocahstic error estimate: 7.080110e-03

	predict=-0.2002410468204241,actual=(array([0.58490695]), array([0.00708011]))
	g=0.13826476771254526,del=3.8422940923705045,dot=0.1376026240561355,x=22.46042449876724

nparam= 36992
	log prob= -11.619955776525073
	burn in time= 15.627824783325195
	sample time= 728.5920791625977
	contraction err= 0.002566231966256927 0.388455570262046

Mean energy: -4.85457502e+01
Block size    # of blocks        Mean                Error
     1           200000       -4.85457502e+01       1.161165e-03
     2           100000       -4.85457502e+01       1.166209e-03
     5           40000       -4.85457502e+01       1.159389e-03
    10           20000       -4.85457502e+01       1.157923e-03
    20           10000       -4.85457502e+01       1.150939e-03
    50           4000       -4.85457502e+01       1.149941e-03
    70           2857       -4.85457551e+01       1.166195e-03
   100           2000       -4.85457502e+01       1.148095e-03
   200           1000       -4.85457502e+01       1.153916e-03
   500            400       -4.85457502e+01       1.103564e-03
Stocahstic error estimate: 1.166209e-03

step=47,E=-0.485457501767991,dE=-3.931046514644265e-05,err=1.1662088552127068e-05,gmax=0.01247264673297277
	collect g,Hv time= 1.848860502243042
	solver time=3.313741683959961,exit status=0
niter= 45
pure_newton= False
	solver time=464.7964029312134,exit status=100
niter= 3101
	log prob= -16.519343882147545
	burn in time= 16.90003252029419
	sample time= 504.96794295310974
	contraction err= 0.004464210352935356 0.2949989242543565

Mean energy: -4.76254538e+01
Block size    # of blocks        Mean                Error
     1           50000       -4.76254538e+01       8.376147e-03
     2           25000       -4.76254538e+01       8.361247e-03
     5           10000       -4.76254538e+01       8.365212e-03
    10           5000       -4.76254538e+01       8.342021e-03
    20           2500       -4.76254538e+01       8.334219e-03
    50           1000       -4.76254538e+01       8.183259e-03
    70            714       -4.76254919e+01       8.136747e-03
   100            500       -4.76254538e+01       8.202625e-03
   200            250       -4.76254538e+01       9.511340e-03
   500            100       -4.76254538e+01       1.274030e-02
Stocahstic error estimate: 8.376147e-03

	predict=-0.11804738339759131,actual=(array([0.92029638]), array([0.00837615]))
	g=0.11914230369982351,del=3.734138357993583,dot=0.12853904787989595,x=22.460424498767242

nparam= 36992
	log prob= -11.742153978528535
	burn in time= 16.073196172714233
	sample time= 728.8787679672241
	contraction err= 0.0026423478572294057 0.5051682975040189

Mean energy: -4.85429251e+01
Block size    # of blocks        Mean                Error
     1           200000       -4.85429251e+01       1.248405e-03
     2           100000       -4.85429251e+01       1.248018e-03
     5           40000       -4.85429251e+01       1.249520e-03
    10           20000       -4.85429251e+01       1.245954e-03
    20           10000       -4.85429251e+01       1.246704e-03
    50           4000       -4.85429251e+01       1.255584e-03
    70           2857       -4.85429240e+01       1.260716e-03
   100           2000       -4.85429251e+01       1.249405e-03
   200           1000       -4.85429251e+01       1.271252e-03
   500            400       -4.85429251e+01       1.291138e-03
Stocahstic error estimate: 1.248405e-03

step=48,E=-0.48542925112073954,dE=2.8250647251510942e-05,err=1.2484049097910676e-05,gmax=0.024650303228419546
	collect g,Hv time= 1.8748579025268555
	solver time=3.3048465251922607,exit status=0
niter= 45
pure_newton= False
	solver time=464.42476868629456,exit status=100
niter= 3101
	log prob= -16.21125931258393
	burn in time= 17.493176698684692
	sample time= 505.8157618045807
	contraction err= 0.005095193848069098 0.5297224927275523

Mean energy: -4.74199029e+01
Block size    # of blocks        Mean                Error
     1           50000       -4.74199029e+01       9.177342e-03
     2           25000       -4.74199029e+01       9.155505e-03
     5           10000       -4.74199029e+01       9.137125e-03
    10           5000       -4.74199029e+01       9.210967e-03
    20           2500       -4.74199029e+01       9.159381e-03
    50           1000       -4.74199029e+01       9.469197e-03
    70            714       -4.74197467e+01       9.133813e-03
   100            500       -4.74199029e+01       9.431884e-03
   200            250       -4.74199029e+01       1.140540e-02
   500            100       -4.74199029e+01       1.457023e-02
Stocahstic error estimate: 9.177342e-03

	predict=-0.06464517887831146,actual=(array([1.12302226]), array([0.00917734]))
	g=0.14534315113866908,del=3.964275723558788,dot=0.1668317573504336,x=22.460424498767242

nparam= 36992
	log prob= -11.844170764588435
	burn in time= 18.613539695739746
	sample time= 729.4669828414917
	contraction err= 0.002632626643846581 0.4842082986428614

Mean energy: -4.85466658e+01
Block size    # of blocks        Mean                Error
     1           200000       -4.85466658e+01       1.154056e-03
     2           100000       -4.85466658e+01       1.153643e-03
     5           40000       -4.85466658e+01       1.154114e-03
    10           20000       -4.85466658e+01       1.159431e-03
    20           10000       -4.85466658e+01       1.159855e-03
    50           4000       -4.85466658e+01       1.165476e-03
    70           2857       -4.85466633e+01       1.133625e-03
   100           2000       -4.85466658e+01       1.167392e-03
   200           1000       -4.85466658e+01       1.172407e-03
   500            400       -4.85466658e+01       1.096180e-03
Stocahstic error estimate: 1.154056e-03

step=49,E=-0.48546665837614256,dE=-3.740725540303913e-05,err=1.154056157181065e-05,gmax=0.018800466466735166
	collect g,Hv time= 1.8356845378875732
	solver time=3.3752996921539307,exit status=0
niter= 46
pure_newton= False
	solver time=464.86959743499756,exit status=100
niter= 3101
	log prob= -16.78007577007321
	burn in time= 13.745598316192627
	sample time= 506.1097762584686
	contraction err= 0.005092914030627465 0.6696120030023577

Mean energy: -4.77919514e+01
Block size    # of blocks        Mean                Error
     1           50000       -4.77919514e+01       8.256132e-03
     2           25000       -4.77919514e+01       8.246011e-03
     5           10000       -4.77919514e+01       8.180373e-03
    10           5000       -4.77919514e+01       8.032133e-03
    20           2500       -4.77919514e+01       8.076488e-03
    50           1000       -4.77919514e+01       7.630455e-03
    70            714       -4.77918378e+01       7.600203e-03
   100            500       -4.77919514e+01       7.684989e-03
   200            250       -4.77919514e+01       8.749162e-03
   500            100       -4.77919514e+01       1.145575e-02
Stocahstic error estimate: 8.256132e-03

	predict=0.0709810495871854,actual=(array([0.75471446]), array([0.00825613]))
	g=0.12962422814289723,del=3.744171717702521,dot=0.12614759978053908,x=22.460424498767246
