RANK= 0
SIZE= 640
Lx,Ly= 16 16
D= 6
chi= 14
rate= 0.1 0.1
cond= 0.001 0.1
nparams= 532512 468244
256 128 128
size= 4.062843322753906
	burn in time= 463.60672092437744
	sample time= 2994.3525676727295
	contraction err= 9.276840696479806e-28 9.473589446300168e-24

Mean energy: -1.25063873e+02
Block size    # of blocks        Mean                Error
     1           60000       -1.25063873e+02       2.817122e-03
     2           30000       -1.25063873e+02       2.812667e-03
     5           12000       -1.25063873e+02       2.815349e-03
    10           6000       -1.25063873e+02       2.815247e-03
    20           3000       -1.25063873e+02       2.772141e-03
    50           1200       -1.25063873e+02       2.770505e-03
    70            857       -1.25063911e+02       2.745369e-03
   100            600       -1.25063873e+02       2.803929e-03
   200            300       -1.25063873e+02       2.799158e-03
   500            120       -1.25063873e+02       3.018558e-03
0 0.002817121691868289 0.003018557877954056
Stocahstic error estimate: 2.817122e-03

step=4,E=-0.48853075264105755,dE=-0.48853075264105755,err=1.1004381608860504e-05,gmax=0.022269563087874644
	collect data time= 11.982823371887207
	solver time=20.09803605079651,exit status=0
niter= 47
	g=0.3296348863057357,del=5.753629135347525,dot=0.2862948713916797,x=39.33115176417562
	burn in time= 475.3547806739807
	sample time= 13082.497017145157
	contraction err= 2.8488522962428694e-28 5.3925713371383676e-24

Mean energy: -1.25098899e+02
Block size    # of blocks        Mean                Error
     1           60000       -1.25098899e+02       2.790065e-03
     2           30000       -1.25098899e+02       2.801141e-03
     5           12000       -1.25098899e+02       2.794719e-03
    10           6000       -1.25098899e+02       2.773003e-03
    20           3000       -1.25098899e+02       2.782617e-03
    50           1200       -1.25098899e+02       2.824342e-03
    70            857       -1.25098860e+02       2.916895e-03
   100            600       -1.25098899e+02       2.842257e-03
   200            300       -1.25098899e+02       2.863036e-03
   500            120       -1.25098899e+02       2.974578e-03
0 0.0028011413815360636 0.0029745777370491656
Stocahstic error estimate: 2.801141e-03

step=5,E=-0.4886675751309362,dE=-0.00013682248987867407,err=1.0941958521625249e-05,gmax=0.22055914578752844
	collect data time= 14.672979354858398
	solver time=55.435975313186646,exit status=0
niter= 29
	g=0.6175949195135481,del=3.049328746297579,dot=0.226853280591773,x=39.33115176417558
	burn in time= 468.0851550102234
