nbatch= 1
block_dict= [(0, 18560)]
sizes= [18560]
SIZE= 640
Lx,Ly= 16 4
nelec= (28, 28)
nparam= [18560 51728]
	log prob= 39.572738222111646
	burn in time= 52.144121170043945
	sample time= 289.68643450737
	contraction err= 0.0021295688896081624 0.7033664639934814

Mean energy: -4.11952490e+01
Block size    # of blocks        Mean                Error
     1           50000       -4.11952490e+01       1.354962e-02
     2           25000       -4.11952490e+01       1.351549e-02
     5           10000       -4.11952490e+01       1.352360e-02
    10           5000       -4.11952490e+01       1.362904e-02
    20           2500       -4.11952490e+01       1.356279e-02
    50           1000       -4.11952490e+01       1.361710e-02
    70            714       -4.11952570e+01       1.359381e-02
   100            500       -4.11952490e+01       1.355578e-02
   200            250       -4.11952490e+01       1.303736e-02
   500            100       -4.11952490e+01       1.433978e-02
0 0.013549622257767315 0.014339782237190242
Stocahstic error estimate: 1.354962e-02

step=0,E=-0.6436757650122034,dE=-0.6436757650122034,err=0.0002117128477776143,gmax=0.4215507706055676
	collect g,Hv time= 0.5093603134155273
	solver time=1.5247318744659424,exit status=0
niter= 37
	g=1.2130090635197321,del=19.813900825656937,dot=3.921807923687688,x=42.81981163386325
saving to  ./psi1_0
	log prob= 40.10827939588269
	burn in time= 53.26353597640991
	sample time= 1249.8031976222992
	contraction err= 0.002126088293861923 0.1344697171717419

Mean energy: -4.11235835e+01
Block size    # of blocks        Mean                Error
     1           50000       -4.11235835e+01       1.354512e-02
     2           25000       -4.11235835e+01       1.351987e-02
     5           10000       -4.11235835e+01       1.356536e-02
    10           5000       -4.11235835e+01       1.348319e-02
    20           2500       -4.11235835e+01       1.325437e-02
    50           1000       -4.11235835e+01       1.325390e-02
    70            714       -4.11232792e+01       1.325816e-02
   100            500       -4.11235835e+01       1.341309e-02
   200            250       -4.11235835e+01       1.412485e-02
   500            100       -4.11235835e+01       1.488787e-02
0 0.013545123873818054 0.014887872679102312
Stocahstic error estimate: 1.354512e-02

step=1,E=-0.6425559928856431,dE=0.0011197721265602256,err=0.0002116425605284071,gmax=0.08213921698188116
	collect g,Hv time= 0.5140776634216309
	solver time=7.607519865036011,exit status=0
niter= 45
	g=0.40516906017303184,del=23.59921284364822,dot=4.0112306746723085,x=42.81981163386321
saving to  ./psi2_0
	log prob= 40.15080821567893
	burn in time= 52.626710653305054
	sample time= 1258.035727739334
	contraction err= 0.0021505458381415993 0.21975575787527407

Mean energy: -4.12446702e+01
Block size    # of blocks        Mean                Error
     1           50000       -4.12446702e+01       1.265764e-02
     2           25000       -4.12446702e+01       1.262587e-02
     5           10000       -4.12446702e+01       1.266675e-02
    10           5000       -4.12446702e+01       1.259030e-02
    20           2500       -4.12446702e+01       1.243673e-02
    50           1000       -4.12446702e+01       1.247556e-02
    70            714       -4.12447954e+01       1.223530e-02
   100            500       -4.12446702e+01       1.231528e-02
   200            250       -4.12446702e+01       1.219608e-02
   500            100       -4.12446702e+01       1.232033e-02
0 0.012657638320771838 0.012320331411274641
Stocahstic error estimate: 1.265764e-02

step=2,E=-0.6444479711942731,dE=-0.0018919783086299713,err=0.00019777559876205998,gmax=0.042891264790731576
	collect g,Hv time= 0.5070223808288574
	solver time=7.775918483734131,exit status=0
niter= 46
	g=0.33985464772751434,del=21.68960220783435,dot=3.3392804172113064,x=42.819811633863246
saving to  ./psi3_0
	log prob= 40.624079264654306
	burn in time= 51.86141872406006
	sample time= 1258.8602938652039
	contraction err= 0.0021799696230267703 0.18091319022781305

Mean energy: -4.12121238e+01
Block size    # of blocks        Mean                Error
     1           50000       -4.12121238e+01       1.313678e-02
     2           25000       -4.12121238e+01       1.312064e-02
     5           10000       -4.12121238e+01       1.322877e-02
    10           5000       -4.12121238e+01       1.310323e-02
    20           2500       -4.12121238e+01       1.286524e-02
    50           1000       -4.12121238e+01       1.333669e-02
    70            714       -4.12118777e+01       1.260687e-02
   100            500       -4.12121238e+01       1.337098e-02
   200            250       -4.12121238e+01       1.382951e-02
   500            100       -4.12121238e+01       1.580065e-02
0 0.013136780988144903 0.015800648663617876
Stocahstic error estimate: 1.313678e-02

step=3,E=-0.6439394337770149,dE=0.0005085374172582036,err=0.00020526220293976412,gmax=0.07056968181806222
	collect g,Hv time= 0.5080466270446777
	solver time=7.76016902923584,exit status=0
niter= 46
	g=0.3856693681919174,del=22.705664784615323,dot=3.7855689590651878,x=42.81981163386326
saving to  ./psi4_0
	log prob= 40.548339284359926
	burn in time= 51.42984223365784
	sample time= 1259.3216106891632
	contraction err= 0.0023097107350244176 0.3259286844579477

Mean energy: -4.11086490e+01
Block size    # of blocks        Mean                Error
     1           50000       -4.11086490e+01       1.448161e-02
     2           25000       -4.11086490e+01       1.452599e-02
     5           10000       -4.11086490e+01       1.450182e-02
    10           5000       -4.11086490e+01       1.481122e-02
    20           2500       -4.11086490e+01       1.492043e-02
    50           1000       -4.11086490e+01       1.613289e-02
    70            714       -4.11093369e+01       1.604811e-02
   100            500       -4.11086490e+01       1.658036e-02
   200            250       -4.11086490e+01       1.877392e-02
   500            100       -4.11086490e+01       2.536817e-02
0 0.014525990658992275 0.02536817426147504
Stocahstic error estimate: 1.452599e-02

step=4,E=-0.6423226404774824,dE=0.0016167932995324596,err=0.0002269686040467543,gmax=0.17715380935641423
	collect g,Hv time= 0.5084061622619629
	solver time=7.768665313720703,exit status=0
niter= 46
	g=0.5601356457472397,del=23.864368814274524,dot=5.066788201629458,x=42.81981163386329
saving to  ./psi5_0
	log prob= 40.11955007352681
	burn in time= 52.627315521240234
	sample time= 1258.7693755626678
	contraction err= 0.0022273064041369458 0.24620526794005246

Mean energy: -4.12264918e+01
Block size    # of blocks        Mean                Error
     1           50000       -4.12264918e+01       1.301290e-02
     2           25000       -4.12264918e+01       1.296937e-02
     5           10000       -4.12264918e+01       1.303607e-02
    10           5000       -4.12264918e+01       1.283167e-02
    20           2500       -4.12264918e+01       1.286480e-02
    50           1000       -4.12264918e+01       1.281257e-02
    70            714       -4.12265834e+01       1.273648e-02
   100            500       -4.12264918e+01       1.268021e-02
   200            250       -4.12264918e+01       1.287684e-02
   500            100       -4.12264918e+01       1.356080e-02
0 0.013012904929482413 0.013560796121639598
Stocahstic error estimate: 1.301290e-02

step=5,E=-0.6441639347972965,dE=-0.0018412943198140574,err=0.0002033266395231627,gmax=0.05810851941549614
	collect g,Hv time= 0.5095512866973877
	solver time=6.922354698181152,exit status=0
niter= 41
	g=0.3640985145891834,del=19.858434950941543,dot=3.536551274890965,x=42.8198116338632
saving to  ./psi6_0
	log prob= 40.35707732121672
	burn in time= 52.08780288696289
	sample time= 1258.6288681030273
	contraction err= 0.002343139049358775 0.2995866060536677

Mean energy: -4.11637198e+01
Block size    # of blocks        Mean                Error
     1           50000       -4.11637198e+01       1.415648e-02
     2           25000       -4.11637198e+01       1.412146e-02
     5           10000       -4.11637198e+01       1.410303e-02
    10           5000       -4.11637198e+01       1.403297e-02
    20           2500       -4.11637198e+01       1.416149e-02
    50           1000       -4.11637198e+01       1.372685e-02
    70            714       -4.11634775e+01       1.367778e-02
   100            500       -4.11637198e+01       1.357947e-02
   200            250       -4.11637198e+01       1.427892e-02
   500            100       -4.11637198e+01       1.593282e-02
0 0.01415648444068259 0.015932821806997927
Stocahstic error estimate: 1.415648e-02

step=6,E=-0.6431831213202881,dE=0.000980813477008402,err=0.00022119506938566547,gmax=0.30040079579268714
	collect g,Hv time= 0.509981632232666
	solver time=7.632812023162842,exit status=0
niter= 45
	g=0.6165504009782138,del=22.486783121195828,dot=4.739749240908407,x=42.81981163386318
saving to  ./psi7_0
	log prob= 40.97010860914505
	burn in time= 51.32705760002136
	sample time= 1258.3506469726562
	contraction err= 0.002200150410730226 0.14124306780744705

Mean energy: -4.12330131e+01
Block size    # of blocks        Mean                Error
     1           50000       -4.12330131e+01       1.321795e-02
     2           25000       -4.12330131e+01       1.319065e-02
     5           10000       -4.12330131e+01       1.322930e-02
    10           5000       -4.12330131e+01       1.317884e-02
    20           2500       -4.12330131e+01       1.297018e-02
    50           1000       -4.12330131e+01       1.340561e-02
    70            714       -4.12333080e+01       1.299314e-02
   100            500       -4.12330131e+01       1.356884e-02
   200            250       -4.12330131e+01       1.462917e-02
   500            100       -4.12330131e+01       1.745027e-02
0 0.013217947410714822 0.017450271156998154
Stocahstic error estimate: 1.321795e-02

step=7,E=-0.6442658303932606,dE=-0.0010827090729724764,err=0.0002065304282924191,gmax=0.06326370965823497
	collect g,Hv time= 0.5101640224456787
	solver time=7.9611780643463135,exit status=0
niter= 47
	g=0.40779309701085786,del=21.1989548594043,dot=3.903127581805516,x=42.819811633863274
saving to  ./psi8_0
	log prob= 40.96675199859541
	burn in time= 51.95256233215332
	sample time= 1258.723706960678
	contraction err= 0.0022644549600931278 0.24466749807448634

Mean energy: -4.12310997e+01
Block size    # of blocks        Mean                Error
     1           50000       -4.12310997e+01       1.335550e-02
     2           25000       -4.12310997e+01       1.334520e-02
     5           10000       -4.12310997e+01       1.343423e-02
    10           5000       -4.12310997e+01       1.333231e-02
    20           2500       -4.12310997e+01       1.321374e-02
    50           1000       -4.12310997e+01       1.328011e-02
    70            714       -4.12311536e+01       1.331840e-02
   100            500       -4.12310997e+01       1.328470e-02
   200            250       -4.12310997e+01       1.365803e-02
   500            100       -4.12310997e+01       1.557504e-02
0 0.013355497646163188 0.015575035932876359
Stocahstic error estimate: 1.335550e-02

step=8,E=-0.6442359324479335,dE=2.989794532703982e-05,err=0.00020867965072129981,gmax=0.043505707499038815
	collect g,Hv time= 0.5072808265686035
	solver time=7.955814361572266,exit status=0
niter= 47
	g=0.3642033778950179,del=21.075512689548173,dot=3.8871558868090377,x=42.81981163386317
saving to  ./psi9_0
	log prob= 40.341381047761296
	burn in time= 52.14267444610596
	sample time= 1258.9690148830414
	contraction err= 0.0022926756733469334 0.3533634187506857

Mean energy: -4.11949852e+01
Block size    # of blocks        Mean                Error
     1           50000       -4.11949852e+01       1.361733e-02
     2           25000       -4.11949852e+01       1.355804e-02
     5           10000       -4.11949852e+01       1.353278e-02
    10           5000       -4.11949852e+01       1.351957e-02
    20           2500       -4.11949852e+01       1.351072e-02
    50           1000       -4.11949852e+01       1.359488e-02
    70            714       -4.11953371e+01       1.343160e-02
   100            500       -4.11949852e+01       1.355999e-02
   200            250       -4.11949852e+01       1.522550e-02
   500            100       -4.11949852e+01       1.688449e-02
0 0.01361732796436642 0.0168844885960074
Stocahstic error estimate: 1.361733e-02

step=9,E=-0.64367164402352,dE=0.0005642884244135837,err=0.00021277074944322532,gmax=0.13590793731354445
	collect g,Hv time= 0.5090107917785645
	solver time=7.435974359512329,exit status=0
niter= 44
	g=0.4505089586812697,del=20.42994512073585,dot=4.220721071693458,x=42.81981163386323
saving to  ./psi10_0
	log prob= 40.74659576553943
	burn in time= 53.00545287132263
	sample time= 1258.9023208618164
	contraction err= 0.002318726219649115 0.1791602422845414

Mean energy: -4.12147874e+01
Block size    # of blocks        Mean                Error
     1           50000       -4.12147874e+01       1.378135e-02
     2           25000       -4.12147874e+01       1.374315e-02
     5           10000       -4.12147874e+01       1.366505e-02
    10           5000       -4.12147874e+01       1.385656e-02
    20           2500       -4.12147874e+01       1.390164e-02
    50           1000       -4.12147874e+01       1.368717e-02
    70            714       -4.12148910e+01       1.364701e-02
   100            500       -4.12147874e+01       1.346818e-02
   200            250       -4.12147874e+01       1.412846e-02
   500            100       -4.12147874e+01       1.766808e-02
0 0.01378135306574441 0.01766808236958912
Stocahstic error estimate: 1.378135e-02

step=10,E=-0.6439810523540362,dE=-0.000309408330516292,err=0.0002153336416522564,gmax=0.2966388483074419
	collect g,Hv time= 0.5090386867523193
	solver time=7.448136806488037,exit status=0
niter= 44
	g=0.9916041022015266,del=20.378579287266135,dot=4.358317376785752,x=42.819811633863225
saving to  ./psi11_0
	log prob= 41.293018082545835
	burn in time= 51.27599906921387
	sample time= 1259.2862458229065
	contraction err= 0.0023569850516350793 0.22613173576788417

Mean energy: -4.11670409e+01
Block size    # of blocks        Mean                Error
     1           50000       -4.11670409e+01       1.404796e-02
     2           25000       -4.11670409e+01       1.401662e-02
     5           10000       -4.11670409e+01       1.398115e-02
    10           5000       -4.11670409e+01       1.393180e-02
    20           2500       -4.11670409e+01       1.403623e-02
    50           1000       -4.11670409e+01       1.387714e-02
    70            714       -4.11665765e+01       1.373421e-02
   100            500       -4.11670409e+01       1.406178e-02
   200            250       -4.11670409e+01       1.573034e-02
   500            100       -4.11670409e+01       1.770166e-02
0 0.0140479558981788 0.01770166009736281
Stocahstic error estimate: 1.404796e-02

step=11,E=-0.6432350134148742,dE=0.0007460389391620303,err=0.00021949931090904374,gmax=0.16867804803396586
	collect g,Hv time= 0.5085430145263672
	solver time=7.787330865859985,exit status=0
niter= 46
	g=0.492768585737134,del=21.65621937972609,dot=4.575665186223919,x=42.81981163386319
saving to  ./psi12_0
	log prob= 41.56712940700934
	burn in time= 52.50184202194214
	sample time= 1259.5940828323364
	contraction err= 0.0023002368143961506 0.1688745593861391

Mean energy: -4.12203554e+01
Block size    # of blocks        Mean                Error
     1           50000       -4.12203554e+01       1.470717e-02
     2           25000       -4.12203554e+01       1.461157e-02
     5           10000       -4.12203554e+01       1.464078e-02
    10           5000       -4.12203554e+01       1.473709e-02
    20           2500       -4.12203554e+01       1.494568e-02
    50           1000       -4.12203554e+01       1.445622e-02
    70            714       -4.12200773e+01       1.477038e-02
   100            500       -4.12203554e+01       1.430501e-02
   200            250       -4.12203554e+01       1.446648e-02
   500            100       -4.12203554e+01       1.590437e-02
0 0.014707168458172387 0.015904372632825778
Stocahstic error estimate: 1.470717e-02

step=12,E=-0.6440680534423738,dE=-0.0008330400274996208,err=0.00022979950715894354,gmax=0.8569761591091625
	collect g,Hv time= 0.5101120471954346
	solver time=7.630948305130005,exit status=0
niter= 45
	g=1.8160613773108303,del=20.356341259372027,dot=5.732406100814516,x=42.819811633863196
saving to  ./psi13_0
	log prob= 42.010635683725084
	burn in time= 51.81885814666748
	sample time= 1259.248138666153
	contraction err= 0.002407926595255802 0.3076423907022855

Mean energy: -4.12096070e+01
Block size    # of blocks        Mean                Error
     1           50000       -4.12096070e+01       1.385187e-02
     2           25000       -4.12096070e+01       1.386735e-02
     5           10000       -4.12096070e+01       1.380279e-02
    10           5000       -4.12096070e+01       1.368768e-02
    20           2500       -4.12096070e+01       1.343073e-02
    50           1000       -4.12096070e+01       1.350954e-02
    70            714       -4.12101621e+01       1.327238e-02
   100            500       -4.12096070e+01       1.336292e-02
   200            250       -4.12096070e+01       1.453460e-02
   500            100       -4.12096070e+01       1.641374e-02
0 0.013867353922978443 0.016413735611542357
Stocahstic error estimate: 1.386735e-02

step=13,E=-0.6439001098384891,dE=0.00016794360388472374,err=0.00021667740504653817,gmax=0.1592666105387996
	collect g,Hv time= 0.5112709999084473
	solver time=7.617452383041382,exit status=0
niter= 45
	g=0.5349552551438466,del=20.52235876451576,dot=4.434146092744956,x=42.81981163386323
saving to  ./psi14_0
	log prob= 41.77974167504811
	burn in time= 52.51900100708008
	sample time= 1259.0173406600952
	contraction err= 0.0024113008773249257 0.20276710775348877

Mean energy: -4.12180333e+01
Block size    # of blocks        Mean                Error
     1           50000       -4.12180333e+01       1.416665e-02
     2           25000       -4.12180333e+01       1.421051e-02
     5           10000       -4.12180333e+01       1.422165e-02
    10           5000       -4.12180333e+01       1.422014e-02
    20           2500       -4.12180333e+01       1.395554e-02
    50           1000       -4.12180333e+01       1.413845e-02
    70            714       -4.12183589e+01       1.370454e-02
   100            500       -4.12180333e+01       1.362496e-02
   200            250       -4.12180333e+01       1.399652e-02
   500            100       -4.12180333e+01       1.458376e-02
0 0.014210505989820918 0.014583755134942459
Stocahstic error estimate: 1.421051e-02

step=14,E=-0.6440317701726254,dE=-0.0001316603341362521,err=0.00022203915609095184,gmax=0.1353788938027352
	collect g,Hv time= 0.508845329284668
	solver time=7.627370357513428,exit status=0
niter= 45
	g=0.5750763803733194,del=20.554281363751514,dot=4.751979549367166,x=42.81981163386327
saving to  ./psi15_0
	log prob= 41.671758341636895
	burn in time= 52.206342697143555
	sample time= 1258.0635032653809
	contraction err= 0.002349495020718795 0.26177377353819536

Mean energy: -4.12554536e+01
Block size    # of blocks        Mean                Error
     1           50000       -4.12554536e+01       1.339754e-02
     2           25000       -4.12554536e+01       1.336004e-02
     5           10000       -4.12554536e+01       1.352453e-02
    10           5000       -4.12554536e+01       1.353177e-02
    20           2500       -4.12554536e+01       1.344943e-02
    50           1000       -4.12554536e+01       1.381193e-02
    70            714       -4.12554955e+01       1.386969e-02
   100            500       -4.12554536e+01       1.430360e-02
   200            250       -4.12554536e+01       1.547788e-02
   500            100       -4.12554536e+01       1.685255e-02
0 0.013397539511295485 0.016852554496150803
Stocahstic error estimate: 1.339754e-02

step=15,E=-0.6446164619269442,dE=-0.0005846917543188557,err=0.00020933655486399195,gmax=0.1924177845168593
	collect g,Hv time= 0.5105226039886475
	solver time=7.790448188781738,exit status=0
niter= 46
	g=0.6663764140865062,del=19.122560200673036,dot=3.9816949807066484,x=42.81981163386315
saving to  ./psi16_0
	log prob= 41.901543528720396
	burn in time= 52.805251598358154
	sample time= 1257.9197096824646
	contraction err= 0.0023595759949182472 0.16602991042291568

Mean energy: -4.13158919e+01
Block size    # of blocks        Mean                Error
     1           50000       -4.13158919e+01       1.268279e-02
     2           25000       -4.13158919e+01       1.263993e-02
     5           10000       -4.13158919e+01       1.272604e-02
    10           5000       -4.13158919e+01       1.287088e-02
    20           2500       -4.13158919e+01       1.281192e-02
    50           1000       -4.13158919e+01       1.267672e-02
    70            714       -4.13157898e+01       1.252173e-02
   100            500       -4.13158919e+01       1.240904e-02
   200            250       -4.13158919e+01       1.276529e-02
   500            100       -4.13158919e+01       1.367293e-02
0 0.012682789006361777 0.013672927844234616
Stocahstic error estimate: 1.268279e-02

step=16,E=-0.6455608111359784,dE=-0.0009443492090341898,err=0.00019816857822440277,gmax=0.06453605202101073
	collect g,Hv time= 0.507866382598877
	solver time=7.786740303039551,exit status=0
niter= 46
	g=0.4173343149514313,del=18.436283477038966,dot=3.4171017496489244,x=42.81981163386323
saving to  ./psi17_0
	log prob= 41.72223750187256
	burn in time= 51.65679693222046
	sample time= 1257.9406003952026
	contraction err= 0.0024609594131770446 0.2034218284525389

Mean energy: -4.12287176e+01
Block size    # of blocks        Mean                Error
     1           50000       -4.12287176e+01       1.381972e-02
     2           25000       -4.12287176e+01       1.377427e-02
     5           10000       -4.12287176e+01       1.364333e-02
    10           5000       -4.12287176e+01       1.374287e-02
    20           2500       -4.12287176e+01       1.360899e-02
    50           1000       -4.12287176e+01       1.356074e-02
    70            714       -4.12288640e+01       1.312978e-02
   100            500       -4.12287176e+01       1.331002e-02
   200            250       -4.12287176e+01       1.389035e-02
   500            100       -4.12287176e+01       1.623216e-02
0 0.013819724544910804 0.016232160561917158
Stocahstic error estimate: 1.381972e-02

step=17,E=-0.6441987127356915,dE=0.001362098400286893,err=0.00021593319601423132,gmax=0.050293448066992846
	collect g,Hv time= 0.5103411674499512
	solver time=7.7905495166778564,exit status=0
niter= 46
	g=0.4416847685017654,del=20.004203723834102,dot=4.126706890397531,x=42.81981163386322
saving to  ./psi18_0
	log prob= 42.71929493713813
	burn in time= 52.92544722557068
	sample time= 1258.0396416187286
	contraction err= 0.002437617443191416 0.33302065500430084

Mean energy: -4.12755307e+01
Block size    # of blocks        Mean                Error
     1           50000       -4.12755307e+01       1.319958e-02
     2           25000       -4.12755307e+01       1.322740e-02
     5           10000       -4.12755307e+01       1.335095e-02
    10           5000       -4.12755307e+01       1.332872e-02
    20           2500       -4.12755307e+01       1.334990e-02
    50           1000       -4.12755307e+01       1.340293e-02
    70            714       -4.12759234e+01       1.364198e-02
   100            500       -4.12755307e+01       1.360334e-02
   200            250       -4.12755307e+01       1.416144e-02
   500            100       -4.12755307e+01       1.551506e-02
0 0.013227399352179427 0.015515063052026563
Stocahstic error estimate: 1.322740e-02

step=18,E=-0.644930167316799,dE=-0.0007314545811074602,err=0.00020667811487780355,gmax=0.07633111504131745
	collect g,Hv time= 0.5102577209472656
	solver time=7.783427715301514,exit status=0
niter= 46
	g=0.44214485065680464,del=19.41920985284912,dot=3.904073313036664,x=42.819811633863246
saving to  ./psi19_0
	log prob= 43.1937083109282
	burn in time= 53.022178411483765
	sample time= 1258.564240694046
	contraction err= 0.00244920507147031 0.7995868655572167

Mean energy: -4.12947854e+01
Block size    # of blocks        Mean                Error
     1           50000       -4.12947854e+01       1.368754e-02
     2           25000       -4.12947854e+01       1.374964e-02
     5           10000       -4.12947854e+01       1.376286e-02
    10           5000       -4.12947854e+01       1.388486e-02
    20           2500       -4.12947854e+01       1.389928e-02
    50           1000       -4.12947854e+01       1.383326e-02
    70            714       -4.12955301e+01       1.325883e-02
   100            500       -4.12947854e+01       1.363102e-02
   200            250       -4.12947854e+01       1.426069e-02
   500            100       -4.12947854e+01       1.568807e-02
0 0.013749638328424303 0.015688070544982266
Stocahstic error estimate: 1.374964e-02

step=19,E=-0.645231021541433,dE=-0.00030085422463399514,err=0.00021483809888162974,gmax=0.0778885559718914
	collect g,Hv time= 0.5077681541442871
	solver time=7.786862373352051,exit status=0
niter= 46
	g=0.47630243538715883,del=19.1124797281905,dot=4.279890119182813,x=42.8198116338632
saving to  ./psi20_0
	log prob= 43.1304922826008
	burn in time= 51.21470808982849
	sample time= 1258.1861186027527
	contraction err= 0.0024355965582446215 0.2969387826665871

Mean energy: -4.13152773e+01
Block size    # of blocks        Mean                Error
     1           50000       -4.13152773e+01       1.481150e-02
     2           25000       -4.13152773e+01       1.481182e-02
     5           10000       -4.13152773e+01       1.477912e-02
    10           5000       -4.13152773e+01       1.488548e-02
    20           2500       -4.13152773e+01       1.486940e-02
    50           1000       -4.13152773e+01       1.497036e-02
    70            714       -4.13156685e+01       1.547033e-02
   100            500       -4.13152773e+01       1.510261e-02
   200            250       -4.13152773e+01       1.592714e-02
   500            100       -4.13152773e+01       1.683898e-02
0 0.014811817065512399 0.016838981008704013
Stocahstic error estimate: 1.481182e-02

step=20,E=-0.6455512081513527,dE=-0.0003201866099197259,err=0.00023143464164863123,gmax=0.5969190525076706
	collect g,Hv time= 0.5081839561462402
	solver time=7.783825397491455,exit status=0
niter= 46
	g=1.406862828186121,del=18.122169203709486,dot=6.216723382154825,x=42.8198116338632
saving to  ./psi21_0
	log prob= 43.321074090024126
	burn in time= 52.16030693054199
	sample time= 1257.238468170166
	contraction err= 0.00251270642887652 0.21591814545448965

Mean energy: -4.12521700e+01
Block size    # of blocks        Mean                Error
     1           50000       -4.12521700e+01       1.360836e-02
     2           25000       -4.12521700e+01       1.358570e-02
     5           10000       -4.12521700e+01       1.354259e-02
    10           5000       -4.12521700e+01       1.351246e-02
    20           2500       -4.12521700e+01       1.360502e-02
    50           1000       -4.12521700e+01       1.327772e-02
    70            714       -4.12524738e+01       1.349809e-02
   100            500       -4.12521700e+01       1.292294e-02
   200            250       -4.12521700e+01       1.423208e-02
   500            100       -4.12521700e+01       1.688721e-02
0 0.01360835855331253 0.016887209888650764
Stocahstic error estimate: 1.360836e-02

step=21,E=-0.6445651560392464,dE=0.0009860521121063393,err=0.0002126306023955083,gmax=0.07424509173475813
	collect g,Hv time= 0.5087578296661377
	solver time=7.783304214477539,exit status=0
niter= 46
	g=0.4646277056396375,del=19.911881796821593,dot=4.288211035755024,x=42.819811633863246
saving to  ./psi22_0
	log prob= 43.90533873967028
	burn in time= 50.440168380737305
	sample time= 1258.4667534828186
	contraction err= 0.002426805566561593 0.27375459452451917

Mean energy: -4.13077721e+01
Block size    # of blocks        Mean                Error
     1           50000       -4.13077721e+01       1.335537e-02
     2           25000       -4.13077721e+01       1.344903e-02
     5           10000       -4.13077721e+01       1.330304e-02
    10           5000       -4.13077721e+01       1.315819e-02
    20           2500       -4.13077721e+01       1.309160e-02
    50           1000       -4.13077721e+01       1.291170e-02
    70            714       -4.13078459e+01       1.286208e-02
   100            500       -4.13077721e+01       1.264181e-02
   200            250       -4.13077721e+01       1.346541e-02
   500            100       -4.13077721e+01       1.407183e-02
0 0.013449034568995544 0.014071826825711111
Stocahstic error estimate: 1.344903e-02

step=22,E=-0.645433939195594,dE=-0.0008687831563476411,err=0.00021014116514055537,gmax=0.06761947846406763
	collect g,Hv time= 0.5087180137634277
	solver time=7.794346570968628,exit status=0
niter= 46
	g=0.4334828856984488,del=18.63966349840928,dot=3.9352609624283676,x=42.81981163386318
saving to  ./psi23_0
	log prob= 43.637269708257534
	burn in time= 52.64330339431763
	sample time= 1257.5130352973938
	contraction err= 0.0024935002596027495 0.33263674628422135

Mean energy: -4.13082284e+01
Block size    # of blocks        Mean                Error
     1           50000       -4.13082284e+01       1.438476e-02
     2           25000       -4.13082284e+01       1.444162e-02
     5           10000       -4.13082284e+01       1.450315e-02
    10           5000       -4.13082284e+01       1.455652e-02
    20           2500       -4.13082284e+01       1.473536e-02
    50           1000       -4.13082284e+01       1.475462e-02
    70            714       -4.13080673e+01       1.504657e-02
   100            500       -4.13082284e+01       1.488401e-02
   200            250       -4.13082284e+01       1.500867e-02
   500            100       -4.13082284e+01       1.607504e-02
0 0.014441623749037576 0.016075041114685388
Stocahstic error estimate: 1.444162e-02

step=23,E=-0.6454410691391244,dE=-7.1299435303595615e-06,err=0.00022565037107871212,gmax=0.3445226846449191
	collect g,Hv time= 0.5086307525634766
	solver time=7.791245460510254,exit status=0
niter= 46
	g=1.3961106648555464,del=18.335551543498088,dot=5.442237061388724,x=42.819811633863196
saving to  ./psi24_0
	log prob= 43.4951077195359
	burn in time= 50.92745327949524
	sample time= 1257.3369653224945
	contraction err= 0.002487140610828764 0.1693359359040863

Mean energy: -4.13442634e+01
Block size    # of blocks        Mean                Error
     1           50000       -4.13442634e+01       1.303295e-02
     2           25000       -4.13442634e+01       1.299060e-02
     5           10000       -4.13442634e+01       1.303965e-02
    10           5000       -4.13442634e+01       1.296360e-02
    20           2500       -4.13442634e+01       1.302834e-02
    50           1000       -4.13442634e+01       1.311946e-02
    70            714       -4.13443810e+01       1.337135e-02
   100            500       -4.13442634e+01       1.339615e-02
   200            250       -4.13442634e+01       1.422511e-02
   500            100       -4.13442634e+01       1.639245e-02
0 0.01303294713595242 0.01639245327209577
Stocahstic error estimate: 1.303295e-02

step=24,E=-0.6460041157455422,dE=-0.0005630466064178163,err=0.00020363979899925657,gmax=0.06220453731705573
	collect g,Hv time= 0.5070681571960449
	solver time=7.8038694858551025,exit status=0
niter= 46
	g=0.4431779727804454,del=17.892168639260667,dot=3.643618169125819,x=42.81981163386325
saving to  ./psi25_0
	log prob= 43.67257271758825
	burn in time= 51.80039882659912
	sample time= 1257.2847316265106
	contraction err= 0.002544547085230711 0.28010601738581226

Mean energy: -4.12925639e+01
Block size    # of blocks        Mean                Error
     1           50000       -4.12925639e+01       1.367164e-02
     2           25000       -4.12925639e+01       1.367539e-02
     5           10000       -4.12925639e+01       1.362724e-02
    10           5000       -4.12925639e+01       1.348365e-02
    20           2500       -4.12925639e+01       1.344135e-02
    50           1000       -4.12925639e+01       1.324938e-02
    70            714       -4.12920737e+01       1.314967e-02
   100            500       -4.12925639e+01       1.330749e-02
   200            250       -4.12925639e+01       1.403315e-02
   500            100       -4.12925639e+01       1.589770e-02
0 0.013675389384572814 0.015897695910979823
Stocahstic error estimate: 1.367539e-02

step=25,E=-0.6451963104136718,dE=0.0008078053318704148,err=0.00021367795913395022,gmax=0.10558682418398102
	collect g,Hv time= 0.5064404010772705
	solver time=7.805450439453125,exit status=0
niter= 46
	g=0.5463649442043408,del=18.353886413089572,dot=4.166423372975293,x=42.819811633863225
saving to  ./psi26_0
	log prob= 43.53856448039072
	burn in time= 51.563621282577515
	sample time= 1256.950576543808
	contraction err= 0.00254186201393685 0.2513211910633905

Mean energy: -4.12824062e+01
Block size    # of blocks        Mean                Error
     1           50000       -4.12824062e+01       1.370502e-02
     2           25000       -4.12824062e+01       1.366234e-02
     5           10000       -4.12824062e+01       1.368412e-02
    10           5000       -4.12824062e+01       1.374339e-02
    20           2500       -4.12824062e+01       1.368019e-02
    50           1000       -4.12824062e+01       1.337196e-02
    70            714       -4.12823579e+01       1.370057e-02
   100            500       -4.12824062e+01       1.382153e-02
   200            250       -4.12824062e+01       1.450196e-02
   500            100       -4.12824062e+01       1.661095e-02
0 0.013705019812207883 0.016610951624829114
Stocahstic error estimate: 1.370502e-02

step=26,E=-0.6450375970479661,dE=0.00015871336570560945,err=0.00021414093456574817,gmax=0.07923404498035858
	collect g,Hv time= 0.5092723369598389
	solver time=7.799647331237793,exit status=0
niter= 46
	g=0.451965509807964,del=18.871569906283213,dot=4.301549067668897,x=42.819811633863225
saving to  ./psi27_0
	log prob= 43.633487861404596
	burn in time= 53.42696785926819
	sample time= 1257.1457469463348
	contraction err= 0.002470097031481021 0.14037804555267044

Mean energy: -4.13360561e+01
Block size    # of blocks        Mean                Error
     1           50000       -4.13360561e+01       1.342315e-02
     2           25000       -4.13360561e+01       1.343738e-02
     5           10000       -4.13360561e+01       1.340240e-02
    10           5000       -4.13360561e+01       1.352295e-02
    20           2500       -4.13360561e+01       1.333123e-02
    50           1000       -4.13360561e+01       1.345328e-02
    70            714       -4.13361301e+01       1.287716e-02
   100            500       -4.13360561e+01       1.326517e-02
   200            250       -4.13360561e+01       1.381058e-02
   500            100       -4.13360561e+01       1.557525e-02
0 0.013437380956612911 0.015575246644003069
Stocahstic error estimate: 1.343738e-02

step=27,E=-0.6458758768916144,dE=-0.0008382798436482597,err=0.00020995907744707673,gmax=0.06893447447203963
	collect g,Hv time= 0.5069525241851807
	solver time=7.796415328979492,exit status=0
niter= 46
	g=0.4796314656095643,del=18.20086042373353,dot=4.065021804647148,x=42.819811633863246
saving to  ./psi28_0
	log prob= 43.81424960543665
	burn in time= 51.18003010749817
	sample time= 1256.8706018924713
	contraction err= 0.0025540343227811097 0.2051444560897496

Mean energy: -4.12585341e+01
Block size    # of blocks        Mean                Error
     1           50000       -4.12585341e+01       1.394177e-02
     2           25000       -4.12585341e+01       1.390353e-02
     5           10000       -4.12585341e+01       1.374847e-02
    10           5000       -4.12585341e+01       1.372152e-02
    20           2500       -4.12585341e+01       1.374240e-02
    50           1000       -4.12585341e+01       1.400239e-02
    70            714       -4.12585505e+01       1.365902e-02
   100            500       -4.12585341e+01       1.382366e-02
   200            250       -4.12585341e+01       1.400202e-02
   500            100       -4.12585341e+01       1.533735e-02
0 0.013941771337947337 0.01533734637200405
Stocahstic error estimate: 1.394177e-02

step=28,E=-0.6446645956457346,dE=0.0012112812458797695,err=0.00021784017715542714,gmax=0.16540862297339604
	collect g,Hv time= 0.5096185207366943
	solver time=7.784375190734863,exit status=0
niter= 46
	g=0.6217623192667617,del=18.840834125903072,dot=4.618486478197843,x=42.81981163386312
saving to  ./psi29_0
	log prob= 45.046490212170795
	burn in time= 51.881176233291626
	sample time= 1256.390032529831
	contraction err= 0.002561695675155314 0.16559732805792546

Mean energy: -4.12252944e+01
Block size    # of blocks        Mean                Error
     1           50000       -4.12252944e+01       1.383553e-02
     2           25000       -4.12252944e+01       1.382971e-02
     5           10000       -4.12252944e+01       1.392427e-02
    10           5000       -4.12252944e+01       1.397722e-02
    20           2500       -4.12252944e+01       1.391334e-02
    50           1000       -4.12252944e+01       1.372680e-02
    70            714       -4.12252703e+01       1.374361e-02
   100            500       -4.12252944e+01       1.352515e-02
   200            250       -4.12252944e+01       1.465439e-02
   500            100       -4.12252944e+01       1.659761e-02
0 0.013835534291265137 0.016597611310971032
Stocahstic error estimate: 1.383553e-02

step=29,E=-0.6441452251519886,dE=0.000519370493746063,err=0.00021618022330101777,gmax=0.11281514000902126
	collect g,Hv time= 0.5087869167327881
	solver time=7.800478458404541,exit status=0
niter= 46
	g=0.5289337419707418,del=18.70106755457557,dot=4.2728251869005,x=42.81981163386321
saving to  ./psi30_0
	log prob= 44.255248164506625
	burn in time= 52.208115577697754
	sample time= 1256.745090007782
	contraction err= 0.002521977308000423 0.32004082595175615

Mean energy: -4.13007238e+01
Block size    # of blocks        Mean                Error
     1           50000       -4.13007238e+01       1.358226e-02
     2           25000       -4.13007238e+01       1.364108e-02
     5           10000       -4.13007238e+01       1.364882e-02
    10           5000       -4.13007238e+01       1.356521e-02
    20           2500       -4.13007238e+01       1.353740e-02
    50           1000       -4.13007238e+01       1.323301e-02
    70            714       -4.13009490e+01       1.350494e-02
   100            500       -4.13007238e+01       1.327815e-02
   200            250       -4.13007238e+01       1.371900e-02
   500            100       -4.13007238e+01       1.630675e-02
0 0.01364107536843018 0.016306750000014386
Stocahstic error estimate: 1.364108e-02

step=30,E=-0.6453238090512989,dE=-0.0011785838993103592,err=0.00021314180263172155,gmax=0.06326818370389109
	collect g,Hv time= 0.5051343441009521
	solver time=7.795089483261108,exit status=0
niter= 46
	g=0.4608331497575909,del=17.74852087556003,dot=4.066515966098752,x=42.81981163386319
saving to  ./psi31_0
	log prob= 44.53372504004026
	burn in time= 51.357619524002075
	sample time= 1256.2019407749176
	contraction err= 0.002556060792207174 0.20121680451793028

Mean energy: -4.12614828e+01
Block size    # of blocks        Mean                Error
     1           50000       -4.12614828e+01       1.348537e-02
     2           25000       -4.12614828e+01       1.345292e-02
     5           10000       -4.12614828e+01       1.342131e-02
    10           5000       -4.12614828e+01       1.345326e-02
    20           2500       -4.12614828e+01       1.354803e-02
    50           1000       -4.12614828e+01       1.321143e-02
    70            714       -4.12611579e+01       1.325289e-02
   100            500       -4.12614828e+01       1.274580e-02
   200            250       -4.12614828e+01       1.320578e-02
   500            100       -4.12614828e+01       1.388813e-02
0 0.013485374099885363 0.0138881304359665
Stocahstic error estimate: 1.348537e-02

step=31,E=-0.644710668874725,dE=0.0006131401765739897,err=0.0002107089703107088,gmax=0.05810809682370005
	collect g,Hv time= 0.5095491409301758
	solver time=7.805697917938232,exit status=0
niter= 46
	g=0.43201484281101676,del=17.99558179643631,dot=4.002333296253914,x=42.81981163386326
saving to  ./psi32_0
	log prob= 44.52469129553948
	burn in time= 52.05290865898132
	sample time= 1255.5713539123535
	contraction err= 0.002554079060239712 0.14423077652891508

Mean energy: -4.13109836e+01
Block size    # of blocks        Mean                Error
     1           50000       -4.13109836e+01       1.347702e-02
     2           25000       -4.13109836e+01       1.351017e-02
     5           10000       -4.13109836e+01       1.344064e-02
    10           5000       -4.13109836e+01       1.335686e-02
    20           2500       -4.13109836e+01       1.311261e-02
    50           1000       -4.13109836e+01       1.308512e-02
    70            714       -4.13108530e+01       1.327685e-02
   100            500       -4.13109836e+01       1.311655e-02
   200            250       -4.13109836e+01       1.382475e-02
   500            100       -4.13109836e+01       1.537859e-02
0 0.013510173206101145 0.015378591185992602
Stocahstic error estimate: 1.351017e-02

step=32,E=-0.6454841193134179,dE=-0.0007734504386929242,err=0.0002110964563453304,gmax=0.18195936912968902
	collect g,Hv time= 0.49685096740722656
	solver time=7.975935697555542,exit status=0
niter= 47
	g=0.5281243132296675,del=17.50125964067557,dot=4.037522614879681,x=42.81981163386323
saving to  ./psi33_0
	log prob= 44.78405205512198
	burn in time= 52.32371211051941
	sample time= 1255.2032091617584
	contraction err= 0.0025569055832468405 0.2630592649671936

Mean energy: -4.13338869e+01
Block size    # of blocks        Mean                Error
     1           50000       -4.13338869e+01       1.313317e-02
     2           25000       -4.13338869e+01       1.310898e-02
     5           10000       -4.13338869e+01       1.318944e-02
    10           5000       -4.13338869e+01       1.320388e-02
    20           2500       -4.13338869e+01       1.346225e-02
    50           1000       -4.13338869e+01       1.355583e-02
    70            714       -4.13340053e+01       1.359335e-02
   100            500       -4.13338869e+01       1.339652e-02
   200            250       -4.13338869e+01       1.355351e-02
   500            100       -4.13338869e+01       1.414890e-02
0 0.013133174247939219 0.014148904624001195
Stocahstic error estimate: 1.313317e-02

step=33,E=-0.6458419831623723,dE=-0.0003578638489544206,err=0.0002052058476240503,gmax=0.05420092479149846
	collect g,Hv time= 0.5126159191131592
	solver time=7.805291175842285,exit status=0
niter= 46
	g=0.49664342263325867,del=17.364840406834702,dot=3.881643993884375,x=42.819811633863246
saving to  ./psi34_0
	log prob= 45.60220585824027
	burn in time= 51.723159074783325
nbatch= 1
block_dict= [(0, 18560)]
sizes= [18560]
SIZE= 640
Lx,Ly= 16 4
nelec= (28, 28)
nparam= [18560 51728]
	log prob= 39.58726739282749
	burn in time= 58.03668713569641
	sample time= 327.9486801624298
	contraction err= 1.4246646652564172e-14 1.1246384908486848e-11

Mean energy: -4.13306180e+01
Block size    # of blocks        Mean                Error
     1           50000       -4.13306180e+01       1.320993e-02
     2           25000       -4.13306180e+01       1.322164e-02
     5           10000       -4.13306180e+01       1.311231e-02
    10           5000       -4.13306180e+01       1.316250e-02
    20           2500       -4.13306180e+01       1.322795e-02
    50           1000       -4.13306180e+01       1.350512e-02
    70            714       -4.13303339e+01       1.365943e-02
   100            500       -4.13306180e+01       1.368189e-02
   200            250       -4.13306180e+01       1.359634e-02
   500            100       -4.13306180e+01       1.296686e-02
0 0.013221639131071956 0.012966857245954158
Stocahstic error estimate: 1.322164e-02

step=34,E=-0.6457909058942362,dE=-0.6457909058942362,err=0.0002065881114229993,gmax=0.0847509242432801
	collect g,Hv time= 0.48574352264404297
	solver time=1.9434106349945068,exit status=0
niter= 47
	g=0.4919487297986192,del=17.219259000679482,dot=3.6707098605705992,x=42.81981163386328
saving to  ./psi35_0
	log prob= 39.5043737186163
	burn in time= 59.33117985725403
	sample time= 1420.1488592624664
	contraction err= 1.3475502729894652e-14 1.6691084484090763e-11

Mean energy: -4.13416863e+01
Block size    # of blocks        Mean                Error
     1           50000       -4.13416863e+01       1.345863e-02
     2           25000       -4.13416863e+01       1.341361e-02
     5           10000       -4.13416863e+01       1.342664e-02
    10           5000       -4.13416863e+01       1.343511e-02
    20           2500       -4.13416863e+01       1.343660e-02
    50           1000       -4.13416863e+01       1.344700e-02
    70            714       -4.13414744e+01       1.307211e-02
   100            500       -4.13416863e+01       1.280230e-02
   200            250       -4.13416863e+01       1.373035e-02
   500            100       -4.13416863e+01       1.462832e-02
0 0.013458625138234422 0.014628319387377763
Stocahstic error estimate: 1.345863e-02

step=35,E=-0.6459638479942365,dE=-0.00017294210000029508,err=0.00021029101778491285,gmax=0.14439873895898786
	collect g,Hv time= 0.4828965663909912
	solver time=7.846772909164429,exit status=0
niter= 46
	g=0.5290579560420198,del=16.905075879781776,dot=4.009242324949607,x=42.81981163386328
saving to  ./psi36_0
	log prob= 39.760021460668625
	burn in time= 58.181581258773804
	sample time= 1431.1638095378876
	contraction err= 1.2982379959092857e-14 2.189433027660454e-11

Mean energy: -4.13185821e+01
Block size    # of blocks        Mean                Error
     1           50000       -4.13185821e+01       1.324703e-02
     2           25000       -4.13185821e+01       1.317756e-02
     5           10000       -4.13185821e+01       1.323205e-02
    10           5000       -4.13185821e+01       1.323865e-02
    20           2500       -4.13185821e+01       1.321969e-02
    50           1000       -4.13185821e+01       1.317192e-02
    70            714       -4.13187066e+01       1.304642e-02
   100            500       -4.13185821e+01       1.307934e-02
   200            250       -4.13185821e+01       1.452437e-02
   500            100       -4.13185821e+01       1.550743e-02
0 0.013247034545259117 0.015507431232811456
Stocahstic error estimate: 1.324703e-02

step=36,E=-0.6456028449384144,dE=0.0003610030558220956,err=0.0002069849147696737,gmax=0.06446432392428025
	collect g,Hv time= 0.48426127433776855
	solver time=7.827534437179565,exit status=0
niter= 46
	g=0.45656249966836093,del=17.039285590883853,dot=3.7345420676908674,x=42.81981163386323
saving to  ./psi37_0
	log prob= 39.93220848261818
	burn in time= 58.60131049156189
	sample time= 1431.00919008255
	contraction err= 2.3102083804107404e-14 9.149817275625896e-11

Mean energy: -4.13531391e+01
Block size    # of blocks        Mean                Error
     1           50000       -4.13531391e+01       1.554332e-02
     2           25000       -4.13531391e+01       1.555024e-02
     5           10000       -4.13531391e+01       1.552377e-02
    10           5000       -4.13531391e+01       1.545280e-02
    20           2500       -4.13531391e+01       1.544146e-02
    50           1000       -4.13531391e+01       1.546534e-02
    70            714       -4.13536159e+01       1.477915e-02
   100            500       -4.13531391e+01       1.466843e-02
   200            250       -4.13531391e+01       1.505764e-02
   500            100       -4.13531391e+01       1.746304e-02
0 0.015550243026161764 0.01746304355931124
Stocahstic error estimate: 1.555024e-02

step=37,E=-0.6461427983711765,dE=-0.0005399534327621414,err=0.00024297254728377756,gmax=1.6855598036462545
	collect g,Hv time= 0.4860682487487793
	solver time=7.667993068695068,exit status=0
niter= 45
	g=3.646641499735823,del=16.282674787385925,dot=6.98929306904621,x=42.819811633863225
saving to  ./psi38_0
	log prob= 40.161745518588134
	burn in time= 58.9602746963501
	sample time= 1431.1016273498535
	contraction err= 2.014339918730087e-14 1.1793606888476206e-10

Mean energy: -4.13645062e+01
Block size    # of blocks        Mean                Error
     1           50000       -4.13645062e+01       1.317413e-02
     2           25000       -4.13645062e+01       1.321715e-02
     5           10000       -4.13645062e+01       1.316731e-02
    10           5000       -4.13645062e+01       1.315988e-02
    20           2500       -4.13645062e+01       1.316227e-02
    50           1000       -4.13645062e+01       1.330189e-02
    70            714       -4.13643673e+01       1.319435e-02
   100            500       -4.13645062e+01       1.339771e-02
   200            250       -4.13645062e+01       1.384444e-02
   500            100       -4.13645062e+01       1.416918e-02
0 0.013217151915934623 0.014169179511590529
Stocahstic error estimate: 1.321715e-02

step=38,E=-0.646320409568349,dE=-0.0001776111971725225,err=0.0002065179986864785,gmax=0.04194102306321934
	collect g,Hv time= 0.4829294681549072
	solver time=7.840662002563477,exit status=0
niter= 46
	g=0.4467489245069741,del=16.62777386787443,dot=3.7296462763588374,x=42.81981163386329
saving to  ./psi39_0
	log prob= 39.99405562640474
	burn in time= 57.5410418510437
	sample time= 1431.5195708274841
	contraction err= 1.3220596823509776e-14 1.4787133797722185e-11

Mean energy: -4.12780905e+01
Block size    # of blocks        Mean                Error
     1           50000       -4.12780905e+01       1.361499e-02
     2           25000       -4.12780905e+01       1.367848e-02
     5           10000       -4.12780905e+01       1.379208e-02
    10           5000       -4.12780905e+01       1.386823e-02
    20           2500       -4.12780905e+01       1.379080e-02
    50           1000       -4.12780905e+01       1.403276e-02
    70            714       -4.12777848e+01       1.416821e-02
   100            500       -4.12780905e+01       1.425183e-02
   200            250       -4.12780905e+01       1.483700e-02
   500            100       -4.12780905e+01       1.700459e-02
0 0.013678477456994206 0.01700459117677187
Stocahstic error estimate: 1.367848e-02

step=39,E=-0.6449701647674229,dE=0.0013502448009261592,err=0.00021372621026553447,gmax=0.08340186486825607
	collect g,Hv time= 0.4843411445617676
	solver time=7.844634771347046,exit status=0
niter= 46
	g=0.4796225504425799,del=16.998889358732498,dot=4.109658732387392,x=42.81981163386323
saving to  ./psi40_0
	log prob= 40.28840577807456
	burn in time= 58.11541390419006
	sample time= 1445.4999985694885
	contraction err= 1.438998400529115e-14 2.309325056207145e-11

Mean energy: -4.13137367e+01
Block size    # of blocks        Mean                Error
     1           50000       -4.13137367e+01       1.336976e-02
     2           25000       -4.13137367e+01       1.331709e-02
     5           10000       -4.13137367e+01       1.331802e-02
    10           5000       -4.13137367e+01       1.319021e-02
    20           2500       -4.13137367e+01       1.325787e-02
    50           1000       -4.13137367e+01       1.372701e-02
    70            714       -4.13136422e+01       1.379239e-02
   100            500       -4.13137367e+01       1.380445e-02
   200            250       -4.13137367e+01       1.546247e-02
   500            100       -4.13137367e+01       1.897418e-02
0 0.013369759989401092 0.018974182955136795
Stocahstic error estimate: 1.336976e-02

step=40,E=-0.6455271367063068,dE=-0.0005569719388839323,err=0.00020890249983439207,gmax=0.05328112841152777
	collect g,Hv time= 0.4831840991973877
	solver time=7.829495668411255,exit status=0
niter= 46
	g=0.4799448157135538,del=16.187231415776605,dot=3.8158300260188267,x=42.819811633863246
saving to  ./psi41_0
	log prob= 40.14391979492234
	burn in time= 58.32748627662659
	sample time= 1463.9169466495514
	contraction err= 1.6445170869659975e-14 1.1787715170442533e-10

Mean energy: -4.14148277e+01
Block size    # of blocks        Mean                Error
     1           50000       -4.14148277e+01       1.280979e-02
     2           25000       -4.14148277e+01       1.281589e-02
     5           10000       -4.14148277e+01       1.283880e-02
    10           5000       -4.14148277e+01       1.298153e-02
    20           2500       -4.14148277e+01       1.295773e-02
    50           1000       -4.14148277e+01       1.322350e-02
    70            714       -4.14148740e+01       1.370059e-02
   100            500       -4.14148277e+01       1.368304e-02
   200            250       -4.14148277e+01       1.501122e-02
   500            100       -4.14148277e+01       1.827333e-02
0 0.01281588615183857 0.018273329593292486
Stocahstic error estimate: 1.281589e-02

step=41,E=-0.6471066826269938,dE=-0.0015795459206869866,err=0.00020024822112247765,gmax=0.0825687428597528
	collect g,Hv time= 0.48375868797302246
	solver time=7.82343053817749,exit status=0
niter= 46
	g=0.46592692740913577,del=15.50060845948484,dot=3.4082048021839944,x=42.81981163386326
saving to  ./psi42_0
	log prob= 40.333057181539104
	burn in time= 57.293890953063965
	sample time= 1460.2629716396332
	contraction err= 1.6074698749723425e-14 2.7736630479863137e-11

Mean energy: -4.13143190e+01
Block size    # of blocks        Mean                Error
     1           50000       -4.13143190e+01       1.365313e-02
     2           25000       -4.13143190e+01       1.367269e-02
     5           10000       -4.13143190e+01       1.354567e-02
    10           5000       -4.13143190e+01       1.332926e-02
    20           2500       -4.13143190e+01       1.324013e-02
    50           1000       -4.13143190e+01       1.323258e-02
    70            714       -4.13141396e+01       1.322150e-02
   100            500       -4.13143190e+01       1.263040e-02
   200            250       -4.13143190e+01       1.315624e-02
   500            100       -4.13143190e+01       1.442860e-02
0 0.01367268878858018 0.014428602214547104
Stocahstic error estimate: 1.367269e-02

step=42,E=-0.6455362348690473,dE=0.0015704477579464582,err=0.0002136357623215653,gmax=0.07989216737034283
	collect g,Hv time= 0.4824998378753662
	solver time=7.852328777313232,exit status=0
niter= 46
	g=0.511286337683684,del=16.616421784149292,dot=4.21319521051062,x=42.81981163386323
saving to  ./psi43_0
	log prob= 40.86644736628305
	burn in time= 58.496156215667725
	sample time= 1436.8445234298706
	contraction err= 1.8491754802060017e-14 1.4119079167444784e-10

Mean energy: -4.12801766e+01
Block size    # of blocks        Mean                Error
     1           50000       -4.12801766e+01       1.442063e-02
     2           25000       -4.12801766e+01       1.433751e-02
     5           10000       -4.12801766e+01       1.435447e-02
    10           5000       -4.12801766e+01       1.412169e-02
    20           2500       -4.12801766e+01       1.407460e-02
    50           1000       -4.12801766e+01       1.409651e-02
    70            714       -4.12805227e+01       1.364622e-02
   100            500       -4.12801766e+01       1.374771e-02
   200            250       -4.12801766e+01       1.468292e-02
   500            100       -4.12801766e+01       1.550488e-02
0 0.014420631288154805 0.015504883821342475
Stocahstic error estimate: 1.442063e-02

step=43,E=-0.6450027599822439,dE=0.0005334748868034422,err=0.00022532236387741883,gmax=0.6856877449976325
	collect g,Hv time= 0.48337221145629883
	solver time=7.657703876495361,exit status=0
niter= 45
	g=2.106645185891345,del=16.16166288083367,dot=4.942208760636585,x=42.81981163386327
saving to  ./psi44_0
	log prob= 40.6659319906771
	burn in time= 57.997387170791626
	sample time= 1431.1630527973175
	contraction err= 1.563330961334507e-14 3.6921849316912455e-11

Mean energy: -4.13576787e+01
Block size    # of blocks        Mean                Error
     1           50000       -4.13576787e+01       1.321337e-02
     2           25000       -4.13576787e+01       1.318417e-02
     5           10000       -4.13576787e+01       1.305504e-02
    10           5000       -4.13576787e+01       1.308417e-02
    20           2500       -4.13576787e+01       1.314532e-02
    50           1000       -4.13576787e+01       1.245179e-02
    70            714       -4.13574451e+01       1.287608e-02
   100            500       -4.13576787e+01       1.227419e-02
   200            250       -4.13576787e+01       1.279546e-02
   500            100       -4.13576787e+01       1.387177e-02
0 0.013213374490292423 0.013871766015789488
Stocahstic error estimate: 1.321337e-02

step=44,E=-0.6462137297955136,dE=-0.0012109698132697355,err=0.0002064589764108191,gmax=0.1243773541684483
	collect g,Hv time= 0.48441100120544434
	solver time=7.826230764389038,exit status=0
niter= 46
	g=0.6247014306890798,del=15.975596064825718,dot=3.677485087081031,x=42.81981163386326
saving to  ./psi45_0
	log prob= 40.952434947559
	burn in time= 58.50869083404541
	sample time= 1431.1129887104034
	contraction err= 1.596784249925148e-14 4.23228471186877e-11

Mean energy: -4.13820775e+01
Block size    # of blocks        Mean                Error
     1           50000       -4.13820775e+01       1.355287e-02
     2           25000       -4.13820775e+01       1.351170e-02
     5           10000       -4.13820775e+01       1.359314e-02
    10           5000       -4.13820775e+01       1.358528e-02
    20           2500       -4.13820775e+01       1.387331e-02
    50           1000       -4.13820775e+01       1.333178e-02
    70            714       -4.13823093e+01       1.358823e-02
   100            500       -4.13820775e+01       1.345925e-02
   200            250       -4.13820775e+01       1.463549e-02
   500            100       -4.13820775e+01       1.801842e-02
0 0.013552872525660658 0.018018420144602053
Stocahstic error estimate: 1.355287e-02

step=45,E=-0.6465949603082017,dE=-0.00038123051268812436,err=0.00021176363321344778,gmax=0.4973099447087863
	collect g,Hv time= 0.4861636161804199
	solver time=8.000563383102417,exit status=0
niter= 47
	g=1.0332784783453053,del=15.442705407158982,dot=4.231180490236177,x=42.8198116338633
saving to  ./psi46_0
	log prob= 41.0268508541604
	burn in time= 56.37897181510925
	sample time= 1430.7507057189941
	contraction err= 1.4300386704242396e-14 2.2054512463695994e-11

Mean energy: -4.13465166e+01
Block size    # of blocks        Mean                Error
     1           50000       -4.13465166e+01       1.326142e-02
     2           25000       -4.13465166e+01       1.328998e-02
     5           10000       -4.13465166e+01       1.324238e-02
    10           5000       -4.13465166e+01       1.313374e-02
    20           2500       -4.13465166e+01       1.302360e-02
    50           1000       -4.13465166e+01       1.309654e-02
    70            714       -4.13467145e+01       1.290515e-02
   100            500       -4.13465166e+01       1.337686e-02
   200            250       -4.13465166e+01       1.349661e-02
   500            100       -4.13465166e+01       1.450072e-02
0 0.013289980579224151 0.014500715322170718
Stocahstic error estimate: 1.328998e-02

step=46,E=-0.6460393214284933,dE=0.0005556388797084422,err=0.00020765594655037736,gmax=0.08161331648926506
	collect g,Hv time= 0.48346590995788574
	solver time=7.8224310874938965,exit status=0
niter= 46
	g=0.5153926095882343,del=15.878113101302562,dot=3.9085865594830294,x=42.819811633863296
saving to  ./psi47_0
	log prob= 41.23873147645912
	burn in time= 57.36122727394104
	sample time= 1431.6782565116882
	contraction err= 1.5738102352275548e-14 3.655924159903195e-11

Mean energy: -4.13599852e+01
Block size    # of blocks        Mean                Error
     1           50000       -4.13599852e+01       1.303939e-02
     2           25000       -4.13599852e+01       1.306222e-02
     5           10000       -4.13599852e+01       1.305726e-02
    10           5000       -4.13599852e+01       1.329469e-02
    20           2500       -4.13599852e+01       1.326628e-02
    50           1000       -4.13599852e+01       1.307572e-02
    70            714       -4.13600017e+01       1.299569e-02
   100            500       -4.13599852e+01       1.289405e-02
   200            250       -4.13599852e+01       1.368323e-02
   500            100       -4.13599852e+01       1.606997e-02
0 0.013062217235234146 0.016069972100516732
Stocahstic error estimate: 1.306222e-02

step=47,E=-0.6462497680751508,dE=-0.00021044664665748058,err=0.00020409714430053353,gmax=0.05749521769846083
	collect g,Hv time= 0.4856879711151123
	solver time=7.648296117782593,exit status=0
niter= 45
	g=0.4409198175582832,del=15.283187444398546,dot=3.4285364803025282,x=42.81981163386327
saving to  ./psi48_0
	log prob= 41.37070049227184
	burn in time= 58.46800255775452
	sample time= 1431.1077318191528
	contraction err= 2.332158906900445e-14 1.9873235835619509e-10

Mean energy: -4.13497096e+01
Block size    # of blocks        Mean                Error
     1           50000       -4.13497096e+01       1.315097e-02
     2           25000       -4.13497096e+01       1.305532e-02
     5           10000       -4.13497096e+01       1.305268e-02
    10           5000       -4.13497096e+01       1.295870e-02
    20           2500       -4.13497096e+01       1.318169e-02
    50           1000       -4.13497096e+01       1.259298e-02
    70            714       -4.13496110e+01       1.243899e-02
   100            500       -4.13497096e+01       1.227772e-02
   200            250       -4.13497096e+01       1.265621e-02
   500            100       -4.13497096e+01       1.341336e-02
0 0.013150970499655407 0.013413361164423133
Stocahstic error estimate: 1.315097e-02

step=48,E=-0.646089212567951,dE=0.00016055550719973333,err=0.00020548391405711573,gmax=0.0638100229136459
	collect g,Hv time= 0.48083043098449707
	solver time=7.660478830337524,exit status=0
niter= 45
	g=0.46353048144071307,del=15.655214318331598,dot=3.6946762490573084,x=42.81981163386321
saving to  ./psi49_0
	log prob= 41.755639682750335
	burn in time= 58.066713094711304
	sample time= 1430.4951510429382
	contraction err= 1.5590293179554332e-14 2.4888772976405694e-11

Mean energy: -4.13303372e+01
Block size    # of blocks        Mean                Error
     1           50000       -4.13303372e+01       1.327484e-02
     2           25000       -4.13303372e+01       1.335292e-02
     5           10000       -4.13303372e+01       1.348610e-02
    10           5000       -4.13303372e+01       1.369051e-02
    20           2500       -4.13303372e+01       1.375867e-02
    50           1000       -4.13303372e+01       1.362745e-02
    70            714       -4.13308441e+01       1.339565e-02
   100            500       -4.13303372e+01       1.367838e-02
   200            250       -4.13303372e+01       1.446134e-02
   500            100       -4.13303372e+01       1.729487e-02
0 0.013352923996912626 0.0172948662110226
Stocahstic error estimate: 1.335292e-02

step=49,E=-0.6457865183916556,dE=0.00030269417629547046,err=0.00020863943745175979,gmax=0.051384479385752524
	collect g,Hv time= 0.48343443870544434
	solver time=7.82596230506897,exit status=0
niter= 46
	g=0.4948296533050632,del=15.047211647964799,dot=3.5421374931751437,x=42.81981163386323
saving to  ./psi50_0
	log prob= 41.56792731175631
	burn in time= 57.57095384597778
	sample time= 1429.747635602951
	contraction err= 1.5545976874812797e-14 6.853734564765448e-11

Mean energy: -4.13658276e+01
Block size    # of blocks        Mean                Error
     1           50000       -4.13658276e+01       1.315269e-02
     2           25000       -4.13658276e+01       1.323387e-02
     5           10000       -4.13658276e+01       1.317633e-02
    10           5000       -4.13658276e+01       1.321280e-02
    20           2500       -4.13658276e+01       1.308910e-02
    50           1000       -4.13658276e+01       1.292724e-02
    70            714       -4.13656511e+01       1.327333e-02
   100            500       -4.13658276e+01       1.305252e-02
   200            250       -4.13658276e+01       1.321202e-02
   500            100       -4.13658276e+01       1.476748e-02
0 0.013233872352737257 0.014767478657263978
Stocahstic error estimate: 1.323387e-02

step=50,E=-0.6463410566588986,dE=-0.0005545382672430543,err=0.00020677925551151964,gmax=0.09998920462432048
	collect g,Hv time= 0.4839508533477783
	solver time=7.830153942108154,exit status=0
niter= 46
	g=0.5167251259165131,del=15.305124122309119,dot=3.5671385385152825,x=42.819811633863296
saving to  ./psi51_0
	log prob= 42.24203629782208
	burn in time= 56.50136137008667
	sample time= 1429.8704841136932
	contraction err= 2.1299619880633153e-14 5.5458696475829125e-11

Mean energy: -4.13652128e+01
Block size    # of blocks        Mean                Error
     1           50000       -4.13652128e+01       1.285696e-02
     2           25000       -4.13652128e+01       1.284309e-02
     5           10000       -4.13652128e+01       1.296315e-02
    10           5000       -4.13652128e+01       1.301717e-02
    20           2500       -4.13652128e+01       1.285851e-02
    50           1000       -4.13652128e+01       1.305877e-02
    70            714       -4.13650818e+01       1.316564e-02
   100            500       -4.13652128e+01       1.320656e-02
   200            250       -4.13652128e+01       1.360715e-02
   500            100       -4.13652128e+01       1.646878e-02
0 0.012856956771777589 0.01646878067508533
Stocahstic error estimate: 1.285696e-02

step=51,E=-0.6463314494527632,dE=9.607206135409108e-06,err=0.00020088994955902483,gmax=0.061908800545212556
	collect g,Hv time= 0.48447179794311523
	solver time=7.833768606185913,exit status=0
niter= 46
	g=0.4217458159923568,del=15.009330819633584,dot=3.2959201691856035,x=42.81981163386329
saving to  ./psi52_0
	log prob= 42.11438384807326
	burn in time= 58.05007600784302
	sample time= 1429.848004579544
	contraction err= 1.4492663407779128e-14 2.6929389550856593e-11

Mean energy: -4.13601085e+01
Block size    # of blocks        Mean                Error
     1           50000       -4.13601085e+01       1.304154e-02
     2           25000       -4.13601085e+01       1.297356e-02
     5           10000       -4.13601085e+01       1.301789e-02
    10           5000       -4.13601085e+01       1.297936e-02
    20           2500       -4.13601085e+01       1.285208e-02
    50           1000       -4.13601085e+01       1.254560e-02
    70            714       -4.13601778e+01       1.262338e-02
   100            500       -4.13601085e+01       1.250515e-02
   200            250       -4.13601085e+01       1.296884e-02
   500            100       -4.13601085e+01       1.383499e-02
0 0.013041542071037452 0.013834985866860225
Stocahstic error estimate: 1.304154e-02

step=52,E=-0.6462516955622666,dE=7.975389049663661e-05,err=0.00020377409485996018,gmax=0.10389792739219741
	collect g,Hv time= 0.48218870162963867
	solver time=7.8349769115448,exit status=0
niter= 46
	g=0.5450911614070252,del=14.885386398620527,dot=3.5380986247208916,x=42.81981163386327
saving to  ./psi53_0
	log prob= 42.47384989819042
	burn in time= 58.06289291381836
	sample time= 1430.2181434631348
	contraction err= 1.503992907849556e-14 2.5873093306214487e-11

Mean energy: -4.13206058e+01
Block size    # of blocks        Mean                Error
     1           50000       -4.13206058e+01       1.551136e-02
     2           25000       -4.13206058e+01       1.550059e-02
     5           10000       -4.13206058e+01       1.539179e-02
    10           5000       -4.13206058e+01       1.538293e-02
    20           2500       -4.13206058e+01       1.548366e-02
    50           1000       -4.13206058e+01       1.529775e-02
    70            714       -4.13206506e+01       1.545181e-02
   100            500       -4.13206058e+01       1.554824e-02
   200            250       -4.13206058e+01       1.647676e-02
   500            100       -4.13206058e+01       1.949064e-02
0 0.015511359796474895 0.019490637076539037
Stocahstic error estimate: 1.551136e-02

step=53,E=-0.6456344655081073,dE=0.0006172300541592568,err=0.00024236499681992024,gmax=0.11329081672628563
	collect g,Hv time= 0.48423004150390625
	solver time=7.832725286483765,exit status=0
niter= 46
	g=0.6884362306988491,del=16.7964602585639,dot=6.582654579294341,x=42.819811633863246
saving to  ./psi54_0
	log prob= 42.60438714575984
	burn in time= 59.315603733062744
	sample time= 1430.276671409607
	contraction err= 2.0502588879410376e-14 2.1243872154539838e-10

Mean energy: -4.13980955e+01
Block size    # of blocks        Mean                Error
     1           50000       -4.13980955e+01       1.287355e-02
     2           25000       -4.13980955e+01       1.284175e-02
     5           10000       -4.13980955e+01       1.285818e-02
    10           5000       -4.13980955e+01       1.288142e-02
    20           2500       -4.13980955e+01       1.285343e-02
    50           1000       -4.13980955e+01       1.251753e-02
    70            714       -4.13978067e+01       1.222911e-02
   100            500       -4.13980955e+01       1.219861e-02
   200            250       -4.13980955e+01       1.273044e-02
   500            100       -4.13980955e+01       1.417972e-02
0 0.012873547609443939 0.014179719552922585
Stocahstic error estimate: 1.287355e-02

step=54,E=-0.6468452420638395,dE=-0.001210776555732207,err=0.00020114918139756154,gmax=0.06830199704232456
	collect g,Hv time= 0.48370838165283203
	solver time=7.839402914047241,exit status=0
niter= 46
	g=0.4592378882145982,del=14.797979582921984,dot=3.334305737322638,x=42.81981163386325
saving to  ./psi55_0
	log prob= 42.38468664677914
	burn in time= 57.75526666641235
	sample time= 1429.9708805084229
	contraction err= 1.33339554624258e-14 1.1520764617641678e-11

Mean energy: -4.13715099e+01
Block size    # of blocks        Mean                Error
     1           50000       -4.13715099e+01       1.323377e-02
     2           25000       -4.13715099e+01       1.323269e-02
     5           10000       -4.13715099e+01       1.337917e-02
    10           5000       -4.13715099e+01       1.347467e-02
    20           2500       -4.13715099e+01       1.349567e-02
    50           1000       -4.13715099e+01       1.358562e-02
    70            714       -4.13718094e+01       1.350223e-02
   100            500       -4.13715099e+01       1.415501e-02
   200            250       -4.13715099e+01       1.415355e-02
   500            100       -4.13715099e+01       1.490586e-02
0 0.013233773238932468 0.014905856495390385
Stocahstic error estimate: 1.323377e-02

step=55,E=-0.6464298417470004,dE=0.0004154003168391762,err=0.00020677770685831982,gmax=0.07250631365162624
	collect g,Hv time= 0.48271799087524414
	solver time=7.829683542251587,exit status=0
niter= 46
	g=0.4709532670008886,del=15.292207573506944,dot=3.685541044672031,x=42.819811633863225
saving to  ./psi56_0
	log prob= 42.67492434652983
	burn in time= 58.676050901412964
	sample time= 1430.4665303230286
	contraction err= 1.5853229911037327e-14 2.0116258025148455e-11

Mean energy: -4.12869687e+01
Block size    # of blocks        Mean                Error
     1           50000       -4.12869687e+01       1.383402e-02
     2           25000       -4.12869687e+01       1.379532e-02
     5           10000       -4.12869687e+01       1.362220e-02
    10           5000       -4.12869687e+01       1.359828e-02
    20           2500       -4.12869687e+01       1.349818e-02
    50           1000       -4.12869687e+01       1.370626e-02
    70            714       -4.12869730e+01       1.382123e-02
   100            500       -4.12869687e+01       1.329486e-02
   200            250       -4.12869687e+01       1.392161e-02
   500            100       -4.12869687e+01       1.513251e-02
0 0.013834023605022547 0.015132512030782879
Stocahstic error estimate: 1.383402e-02

step=56,E=-0.6451088861041779,dE=0.001320955642822419,err=0.0002161566188284773,gmax=0.06322082077152053
	collect g,Hv time= 0.48283815383911133
	solver time=7.828373670578003,exit status=0
niter= 46
	g=0.5182135718127621,del=15.958584115993055,dot=4.184766779422198,x=42.81981163386324
saving to  ./psi57_0
	log prob= 43.03824857447925
	burn in time= 58.395172119140625
	sample time= 1430.351114988327
	contraction err= 1.558305767495392e-14 2.266805543011165e-11

Mean energy: -4.14002545e+01
Block size    # of blocks        Mean                Error
     1           50000       -4.14002545e+01       1.298382e-02
     2           25000       -4.14002545e+01       1.307101e-02
     5           10000       -4.14002545e+01       1.311451e-02
    10           5000       -4.14002545e+01       1.324748e-02
    20           2500       -4.14002545e+01       1.341312e-02
    50           1000       -4.14002545e+01       1.356310e-02
    70            714       -4.14004998e+01       1.332525e-02
   100            500       -4.14002545e+01       1.338279e-02
   200            250       -4.14002545e+01       1.353619e-02
   500            100       -4.14002545e+01       1.563662e-02
0 0.013071011592644897 0.01563662245304874
Stocahstic error estimate: 1.307101e-02

step=57,E=-0.6468789760306465,dE=-0.0017700899264685432,err=0.00020423455613507652,gmax=0.2538707411459194
	collect g,Hv time= 0.4838416576385498
	solver time=7.821007966995239,exit status=0
niter= 46
	g=0.7370863983442041,del=14.995302931603089,dot=3.5729441034736626,x=42.8198116338632
saving to  ./psi58_0
	log prob= 43.07777753954195
	burn in time= 57.87245011329651
	sample time= 1429.2137937545776
	contraction err= 1.452962341316482e-14 4.373772109467711e-11

Mean energy: -4.14285536e+01
Block size    # of blocks        Mean                Error
     1           50000       -4.14285536e+01       1.266611e-02
     2           25000       -4.14285536e+01       1.268412e-02
     5           10000       -4.14285536e+01       1.260765e-02
    10           5000       -4.14285536e+01       1.253826e-02
    20           2500       -4.14285536e+01       1.262274e-02
    50           1000       -4.14285536e+01       1.281724e-02
    70            714       -4.14286192e+01       1.284721e-02
   100            500       -4.14285536e+01       1.261024e-02
   200            250       -4.14285536e+01       1.397116e-02
   500            100       -4.14285536e+01       1.626295e-02
0 0.01268411664354757 0.01626295122245548
Stocahstic error estimate: 1.268412e-02

step=58,E=-0.6473211501972572,dE=-0.0004421741666107426,err=0.00019818932255543078,gmax=0.06369507088350607
	collect g,Hv time= 0.48589181900024414
	solver time=7.838416814804077,exit status=0
niter= 46
	g=0.43559970663050546,del=13.800412562692598,dot=2.859394892639262,x=42.819811633863296
saving to  ./psi59_0
	log prob= 42.74344789459931
	burn in time= 58.02350878715515
	sample time= 1430.083089351654
	contraction err= 1.725241759356393e-14 8.098385705280378e-11

Mean energy: -4.14171467e+01
Block size    # of blocks        Mean                Error
     1           50000       -4.14171467e+01       1.320760e-02
     2           25000       -4.14171467e+01       1.317012e-02
     5           10000       -4.14171467e+01       1.318800e-02
    10           5000       -4.14171467e+01       1.322106e-02
    20           2500       -4.14171467e+01       1.330835e-02
    50           1000       -4.14171467e+01       1.327339e-02
    70            714       -4.14173015e+01       1.297238e-02
   100            500       -4.14171467e+01       1.325667e-02
   200            250       -4.14171467e+01       1.369795e-02
   500            100       -4.14171467e+01       1.469182e-02
0 0.013207604209426287 0.01469181704613025
Stocahstic error estimate: 1.320760e-02

step=59,E=-0.6471429166550211,dE=0.00017823354223611698,err=0.00020636881577228573,gmax=0.11204298143690669
	collect g,Hv time= 0.48076558113098145
	solver time=7.843297243118286,exit status=0
niter= 46
	g=0.5376630236686158,del=14.474630951650715,dot=3.7408951070438485,x=42.81981163386329
saving to  ./psi60_0
	log prob= 42.605799977575586
	burn in time= 59.16914343833923
	sample time= 1430.0334346294403
	contraction err= 1.3181321099589997e-14 1.791602738421839e-11

Mean energy: -4.14147722e+01
Block size    # of blocks        Mean                Error
     1           50000       -4.14147722e+01       1.274620e-02
     2           25000       -4.14147722e+01       1.267244e-02
     5           10000       -4.14147722e+01       1.256921e-02
    10           5000       -4.14147722e+01       1.251358e-02
    20           2500       -4.14147722e+01       1.275509e-02
    50           1000       -4.14147722e+01       1.287897e-02
    70            714       -4.14149175e+01       1.251225e-02
   100            500       -4.14147722e+01       1.272016e-02
   200            250       -4.14147722e+01       1.328242e-02
   500            100       -4.14147722e+01       1.527182e-02
0 0.012746201787373483 0.015271821412512614
Stocahstic error estimate: 1.274620e-02

step=60,E=-0.6471058149221275,dE=3.710173289361851e-05,err=0.00019915940292771067,gmax=0.05028909292900252
	collect g,Hv time= 0.48117637634277344
	solver time=7.831963539123535,exit status=0
niter= 46
	g=0.4336729100913583,del=14.315197917184918,dot=3.212618252685128,x=42.819811633863225
saving to  ./psi61_0
	log prob= 42.61612977827146
	burn in time= 58.830479860305786
	sample time= 1430.3042466640472
	contraction err= 1.3988736131432553e-14 3.151319871718549e-11

Mean energy: -4.14084464e+01
Block size    # of blocks        Mean                Error
     1           50000       -4.14084464e+01       1.289634e-02
     2           25000       -4.14084464e+01       1.286745e-02
     5           10000       -4.14084464e+01       1.282654e-02
    10           5000       -4.14084464e+01       1.276705e-02
    20           2500       -4.14084464e+01       1.262692e-02
    50           1000       -4.14084464e+01       1.212199e-02
    70            714       -4.14083974e+01       1.235531e-02
   100            500       -4.14084464e+01       1.193318e-02
   200            250       -4.14084464e+01       1.239317e-02
   500            100       -4.14084464e+01       1.481933e-02
0 0.01289634112056466 0.014819331849843501
Stocahstic error estimate: 1.289634e-02

step=61,E=-0.64700697498874,dE=9.883993338744013e-05,err=0.0002015053300088228,gmax=0.18071172496854837
	collect g,Hv time= 0.482663631439209
	solver time=7.823026180267334,exit status=0
niter= 46
	g=0.6473748248094543,del=14.340729407458193,dot=3.3850152288201834,x=42.8198116338632
saving to  ./psi62_0
	log prob= 42.79680158106494
	burn in time= 58.27250528335571
	sample time= 1430.66805768013
	contraction err= 1.417322673035654e-14 1.4796742837868048e-11

Mean energy: -4.13628034e+01
Block size    # of blocks        Mean                Error
     1           50000       -4.13628034e+01       1.361479e-02
     2           25000       -4.13628034e+01       1.366085e-02
     5           10000       -4.13628034e+01       1.360999e-02
    10           5000       -4.13628034e+01       1.360785e-02
    20           2500       -4.13628034e+01       1.361043e-02
    50           1000       -4.13628034e+01       1.338060e-02
    70            714       -4.13627200e+01       1.328361e-02
   100            500       -4.13628034e+01       1.292538e-02
   200            250       -4.13628034e+01       1.289904e-02
   500            100       -4.13628034e+01       1.336993e-02
0 0.013660847032589027 0.013369925285056691
Stocahstic error estimate: 1.366085e-02

step=62,E=-0.6462938038115345,dE=0.000713171177205596,err=0.00021345073488420355,gmax=0.07909671237523772
	collect g,Hv time= 0.4847991466522217
	solver time=7.8189380168914795,exit status=0
niter= 46
	g=0.5430486610010911,del=14.698011544974522,dot=3.954692243385842,x=42.81981163386325
saving to  ./psi63_0
	log prob= 42.93347221108974
	burn in time= 57.50716209411621
	sample time= 1429.616158246994
	contraction err= 1.4743249507972062e-14 4.907694109184536e-11

Mean energy: -4.14162533e+01
Block size    # of blocks        Mean                Error
     1           50000       -4.14162533e+01       1.373920e-02
     2           25000       -4.14162533e+01       1.373632e-02
     5           10000       -4.14162533e+01       1.380097e-02
    10           5000       -4.14162533e+01       1.368477e-02
    20           2500       -4.14162533e+01       1.357855e-02
    50           1000       -4.14162533e+01       1.371190e-02
    70            714       -4.14164458e+01       1.314573e-02
   100            500       -4.14162533e+01       1.349549e-02
   200            250       -4.14162533e+01       1.322253e-02
   500            100       -4.14162533e+01       1.321086e-02
0 0.013739204613956123 0.013210860642410317
Stocahstic error estimate: 1.373920e-02

step=63,E=-0.6471289585584596,dE=-0.000835154746925193,err=0.00021467507209306443,gmax=0.46167359658200713
	collect g,Hv time= 0.5587751865386963
	solver time=7.827150344848633,exit status=0
niter= 46
	g=1.1028868819300874,del=14.284883080348418,dot=4.350112302245412,x=42.81981163386323
saving to  ./psi64_0
	log prob= 43.14554528893396
	burn in time= 58.85826373100281
