	burn in time= 1.7920653820037842
block_dict= [(0, 2820)]
sizes= [2820]
SIZE= 640
L= 60
nspin= (30, 30)
nparam= 2820
	prob= 9.349658102001102e-11
	sample time= 14.66459846496582
	contraction err= 1.6847786747699417e-15 6.11331816291311e-14

Mean energy: -2.22749437e+01
Block size    # of blocks        Mean                Error
     1           50000       -2.22749437e+01       1.648808e-03
     2           25000       -2.22749437e+01       1.639392e-03
     5           10000       -2.22749437e+01       1.653978e-03
    10           5000       -2.22749437e+01       1.654963e-03
    20           2500       -2.22749437e+01       1.656302e-03
    50           1000       -2.22749437e+01       1.635703e-03
    70            714       -2.22749405e+01       1.571676e-03
   100            500       -2.22749437e+01       1.572746e-03
   200            250       -2.22749437e+01       1.495405e-03
   500            100       -2.22749437e+01       1.339312e-03
0 0.0016488076339798298 0.001339312496912162
Stocahstic error estimate: 1.648808e-03

step=50,E=-0.3712490615822713,dE=-0.3712490615822713,err=2.7480127232997163e-05,gmax=0.10201498337134396
	collect g,Hv time= 0.48668456077575684
	solver time=0.07035374641418457,exit status=0
niter= 50
	g=0.8923021239652171,del=0.5513511835344422,dot=0.08612468492879807,x=16.949813829185373
	prob= 9.031146242786018e-11
	burn in time= 1.7817051410675049
	sample time= 70.3173155784607
	contraction err= 1.6616384576412473e-15 3.8546165156187345e-13

Mean energy: -2.22865358e+01
Block size    # of blocks        Mean                Error
     1           50000       -2.22865358e+01       2.163412e-03
     2           25000       -2.22865358e+01       2.166248e-03
     5           10000       -2.22865358e+01       2.161910e-03
    10           5000       -2.22865358e+01       2.157691e-03
    20           2500       -2.22865358e+01       2.160204e-03
    50           1000       -2.22865358e+01       2.151775e-03
    70            714       -2.22865232e+01       2.215891e-03
   100            500       -2.22865358e+01       2.097875e-03
   200            250       -2.22865358e+01       2.284691e-03
   500            100       -2.22865358e+01       2.613349e-03
0 0.002166247538893852 0.0026133488909103855
Stocahstic error estimate: 2.166248e-03

step=51,E=-0.3714422627736163,dE=-0.0001932011913450419,err=3.6104125648230866e-05,gmax=14.1926582598954
	collect g,Hv time= 0.48021435737609863
	solver time=0.021500587463378906,exit status=0
niter= 4
	g=26.747734088387713,del=0.3232773465648877,dot=0.27922502565045454,x=16.949813829185373
	prob= 9.473852493263342e-11
	burn in time= 1.8751535415649414
	sample time= 70.24058055877686
	contraction err= 1.6417319993389576e-15 5.43266851362024e-14

Mean energy: -2.23043874e+01
Block size    # of blocks        Mean                Error
     1           50000       -2.23043874e+01       1.485194e-03
     2           25000       -2.23043874e+01       1.485813e-03
     5           10000       -2.23043874e+01       1.484399e-03
    10           5000       -2.23043874e+01       1.481875e-03
    20           2500       -2.23043874e+01       1.494886e-03
    50           1000       -2.23043874e+01       1.443246e-03
    70            714       -2.23043636e+01       1.447255e-03
   100            500       -2.23043874e+01       1.443591e-03
   200            250       -2.23043874e+01       1.683796e-03
   500            100       -2.23043874e+01       2.251103e-03
0 0.0014858133107569804 0.0022511029648955385
Stocahstic error estimate: 1.485813e-03

step=52,E=-0.3717397902844405,dE=-0.00029752751082418407,err=2.4763555179283005e-05,gmax=0.1685479457593848
	collect g,Hv time= 0.4808487892150879
	solver time=0.22501134872436523,exit status=0
niter= 43
	g=0.8950297638167367,del=0.38188051967312037,dot=0.06906559156973312,x=16.94981382918537
	prob= 9.058847431757499e-11
	burn in time= 1.7867672443389893
	sample time= 70.2049446105957
	contraction err= 1.608479057578264e-15 4.537439606644091e-14

Mean energy: -2.23172444e+01
Block size    # of blocks        Mean                Error
     1           50000       -2.23172444e+01       1.404689e-03
     2           25000       -2.23172444e+01       1.409232e-03
     5           10000       -2.23172444e+01       1.410145e-03
    10           5000       -2.23172444e+01       1.407906e-03
    20           2500       -2.23172444e+01       1.359575e-03
    50           1000       -2.23172444e+01       1.345723e-03
    70            714       -2.23173201e+01       1.388418e-03
   100            500       -2.23172444e+01       1.372997e-03
   200            250       -2.23172444e+01       1.603417e-03
   500            100       -2.23172444e+01       2.060662e-03
0 0.0014092315209860702 0.0020606618632956334
Stocahstic error estimate: 1.409232e-03

step=53,E=-0.3719540731934517,dE=-0.0002142829090111912,err=2.34871920164345e-05,gmax=0.09379208636500103
	collect g,Hv time= 0.4779946804046631
	solver time=0.241776704788208,exit status=0
niter= 47
	g=0.7368970599963043,del=0.5178184072725334,dot=0.06532351620479226,x=16.94981382918537
	prob= 8.621549680878365e-11
	burn in time= 1.839684009552002
	sample time= 70.53594923019409
	contraction err= 1.6074499835408664e-15 8.492371733152136e-14

Mean energy: -2.23314110e+01
Block size    # of blocks        Mean                Error
     1           50000       -2.23314110e+01       1.445138e-03
     2           25000       -2.23314110e+01       1.443724e-03
     5           10000       -2.23314110e+01       1.441159e-03
    10           5000       -2.23314110e+01       1.443569e-03
    20           2500       -2.23314110e+01       1.441881e-03
    50           1000       -2.23314110e+01       1.423374e-03
    70            714       -2.23313988e+01       1.429304e-03
   100            500       -2.23314110e+01       1.394391e-03
   200            250       -2.23314110e+01       1.562784e-03
   500            100       -2.23314110e+01       1.934820e-03
0 0.0014451377070162214 0.00193481973261471
Stocahstic error estimate: 1.445138e-03

step=54,E=-0.3721901828579801,dE=-0.00023610966452842775,err=2.4085628450270357e-05,gmax=0.1248032609689691
	collect g,Hv time= 0.4879772663116455
	solver time=0.1747593879699707,exit status=0
niter= 33
	g=0.7984542429971543,del=0.3072683915915724,dot=0.06339798065120462,x=16.949813829185373
	prob= 8.251485675150977e-11
	burn in time= 1.7941460609436035
	sample time= 70.48680543899536
	contraction err= 1.595948998276542e-15 4.970995285846265e-14

Mean energy: -2.23320399e+01
Block size    # of blocks        Mean                Error
     1           50000       -2.23320399e+01       1.356423e-03
     2           25000       -2.23320399e+01       1.353446e-03
     5           10000       -2.23320399e+01       1.358289e-03
    10           5000       -2.23320399e+01       1.358219e-03
    20           2500       -2.23320399e+01       1.362661e-03
    50           1000       -2.23320399e+01       1.344784e-03
    70            714       -2.23320140e+01       1.330332e-03
   100            500       -2.23320399e+01       1.338796e-03
   200            250       -2.23320399e+01       1.555307e-03
   500            100       -2.23320399e+01       2.092483e-03
0 0.001356423070875726 0.0020924833252022857
Stocahstic error estimate: 1.356423e-03

step=55,E=-0.37220066485409614,dE=-1.0481996116003718e-05,err=2.2607051181262098e-05,gmax=0.09081862538648533
	collect g,Hv time= 0.477414608001709
	solver time=0.2576451301574707,exit status=0
niter= 49
	g=0.7124086200777922,del=0.524183805065767,dot=0.06151589568347118,x=16.949813829185373
	prob= 7.846231551037869e-11
	burn in time= 1.7594120502471924
	sample time= 70.54420900344849
	contraction err= 1.620694009467888e-15 5.931439394765693e-14

Mean energy: -2.23402544e+01
Block size    # of blocks        Mean                Error
     1           50000       -2.23402544e+01       1.404840e-03
     2           25000       -2.23402544e+01       1.407306e-03
     5           10000       -2.23402544e+01       1.404596e-03
    10           5000       -2.23402544e+01       1.407427e-03
    20           2500       -2.23402544e+01       1.409353e-03
    50           1000       -2.23402544e+01       1.359591e-03
    70            714       -2.23402335e+01       1.341794e-03
   100            500       -2.23402544e+01       1.267714e-03
   200            250       -2.23402544e+01       1.469922e-03
   500            100       -2.23402544e+01       1.920917e-03
0 0.0014073058305583861 0.0019209169567463123
Stocahstic error estimate: 1.407306e-03

step=56,E=-0.37233757329233896,dE=-0.00013690843824285537,err=2.34550971759731e-05,gmax=0.16064445295443175
	collect g,Hv time= 0.48064374923706055
	solver time=0.22447705268859863,exit status=0
niter= 42
	g=0.8091002718811985,del=0.43057090308377655,dot=0.06251314529304279,x=16.94981382918537
	prob= 7.506730608579052e-11
	burn in time= 1.89241623878479
	sample time= 70.49053406715393
	contraction err= 1.5631470389457423e-15 3.0421074089611444e-14

Mean energy: -2.23472957e+01
Block size    # of blocks        Mean                Error
     1           50000       -2.23472957e+01       1.268626e-03
     2           25000       -2.23472957e+01       1.269372e-03
     5           10000       -2.23472957e+01       1.272635e-03
    10           5000       -2.23472957e+01       1.279053e-03
    20           2500       -2.23472957e+01       1.265457e-03
    50           1000       -2.23472957e+01       1.262251e-03
    70            714       -2.23473168e+01       1.271774e-03
   100            500       -2.23472957e+01       1.278594e-03
   200            250       -2.23472957e+01       1.474902e-03
   500            100       -2.23472957e+01       2.060452e-03
0 0.001269372243117601 0.0020604522448505074
Stocahstic error estimate: 1.269372e-03

step=57,E=-0.3724549288610737,dE=-0.00011735556873470425,err=2.1156204051960017e-05,gmax=0.09136277319579555
	collect g,Hv time= 0.47851133346557617
	solver time=0.24620866775512695,exit status=0
niter= 48
	g=0.6995200450869994,del=0.5434589944114745,dot=0.05470457254285542,x=16.949813829185377
	prob= 7.199834342377244e-11
	burn in time= 1.788935899734497
	sample time= 70.35844278335571
	contraction err= 1.5488643062040466e-15 7.625752966313543e-14

Mean energy: -2.23604160e+01
Block size    # of blocks        Mean                Error
     1           50000       -2.23604160e+01       1.353100e-03
     2           25000       -2.23604160e+01       1.358417e-03
     5           10000       -2.23604160e+01       1.361131e-03
    10           5000       -2.23604160e+01       1.353071e-03
    20           2500       -2.23604160e+01       1.331232e-03
    50           1000       -2.23604160e+01       1.354146e-03
    70            714       -2.23604149e+01       1.356282e-03
   100            500       -2.23604160e+01       1.364890e-03
   200            250       -2.23604160e+01       1.562510e-03
   500            100       -2.23604160e+01       1.978276e-03
0 0.0013584169282196046 0.001978276417200809
Stocahstic error estimate: 1.358417e-03

step=58,E=-0.37267360011562334,dE=-0.00021867125454964054,err=2.2640282136993408e-05,gmax=0.1400286625363938
	collect g,Hv time= 0.4849553108215332
	solver time=0.19472122192382812,exit status=0
niter= 38
	g=0.752385641855424,del=0.38000651734934093,dot=0.06422621396765829,x=16.949813829185377
	prob= 6.870150113483924e-11
	burn in time= 1.8499140739440918
	sample time= 70.45689153671265
	contraction err= 1.5085043446194383e-15 5.369169554372265e-14

Mean energy: -2.23670765e+01
Block size    # of blocks        Mean                Error
     1           50000       -2.23670765e+01       1.230182e-03
     2           25000       -2.23670765e+01       1.223956e-03
     5           10000       -2.23670765e+01       1.225098e-03
    10           5000       -2.23670765e+01       1.221184e-03
    20           2500       -2.23670765e+01       1.209866e-03
    50           1000       -2.23670765e+01       1.187095e-03
    70            714       -2.23670893e+01       1.169885e-03
   100            500       -2.23670765e+01       1.124115e-03
   200            250       -2.23670765e+01       1.221117e-03
   500            100       -2.23670765e+01       1.445209e-03
0 0.0012301821649821426 0.0014452088068386446
Stocahstic error estimate: 1.230182e-03

step=59,E=-0.3727846083770483,dE=-0.00011100826142496819,err=2.050303608303571e-05,gmax=0.09399422775874378
	collect g,Hv time= 0.48081445693969727
	solver time=0.23360037803649902,exit status=0
niter= 45
	g=0.6522923674779363,del=0.5049405706107291,dot=0.05233309563955078,x=16.949813829185373
	prob= 6.547507771857679e-11
	burn in time= 1.814147710800171
	sample time= 70.53759050369263
	contraction err= 1.5338555875646482e-15 4.380714221526298e-14

Mean energy: -2.23633137e+01
Block size    # of blocks        Mean                Error
     1           50000       -2.23633137e+01       1.257012e-03
     2           25000       -2.23633137e+01       1.254140e-03
     5           10000       -2.23633137e+01       1.248794e-03
    10           5000       -2.23633137e+01       1.251299e-03
    20           2500       -2.23633137e+01       1.251613e-03
    50           1000       -2.23633137e+01       1.268826e-03
    70            714       -2.23632878e+01       1.254598e-03
   100            500       -2.23633137e+01       1.268619e-03
   200            250       -2.23633137e+01       1.475248e-03
   500            100       -2.23633137e+01       1.956508e-03
0 0.0012570120671336574 0.001956507800899025
Stocahstic error estimate: 1.257012e-03

step=60,E=-0.3727218941962878,dE=6.271418076047771e-05,err=2.095020111889429e-05,gmax=0.09196445571725853
	collect g,Hv time= 0.48229503631591797
	solver time=0.2444298267364502,exit status=0
niter= 47
	g=0.6342931166379071,del=0.5737633160625848,dot=0.054325327544712795,x=16.94981382918537
	prob= 6.306733828312469e-11
	burn in time= 1.8731608390808105
	sample time= 70.57683157920837
	contraction err= 1.5182375744702225e-15 6.356118991486596e-14

Mean energy: -2.23696092e+01
Block size    # of blocks        Mean                Error
     1           50000       -2.23696092e+01       1.313749e-03
     2           25000       -2.23696092e+01       1.305504e-03
     5           10000       -2.23696092e+01       1.296722e-03
    10           5000       -2.23696092e+01       1.288764e-03
    20           2500       -2.23696092e+01       1.307275e-03
    50           1000       -2.23696092e+01       1.295285e-03
    70            714       -2.23695954e+01       1.240782e-03
   100            500       -2.23696092e+01       1.250529e-03
   200            250       -2.23696092e+01       1.445992e-03
   500            100       -2.23696092e+01       1.858328e-03
0 0.001313749310831243 0.0018583284193777747
Stocahstic error estimate: 1.313749e-03

step=61,E=-0.37282682074046514,dE=-0.00010492654417735282,err=2.1895821847187384e-05,gmax=0.1652167309845769
	collect g,Hv time= 0.48809123039245605
	solver time=0.2588515281677246,exit status=0
niter= 50
	g=0.7465351469058604,del=0.4985971749324059,dot=0.062302426474893355,x=16.94981382918537
	prob= 6.060590644167622e-11
	burn in time= 1.8358025550842285
	sample time= 70.62181878089905
	contraction err= 1.5001638789631997e-15 5.940352551346379e-14

Mean energy: -2.23792729e+01
Block size    # of blocks        Mean                Error
     1           50000       -2.23792729e+01       1.231105e-03
     2           25000       -2.23792729e+01       1.225432e-03
     5           10000       -2.23792729e+01       1.225385e-03
    10           5000       -2.23792729e+01       1.214387e-03
    20           2500       -2.23792729e+01       1.196379e-03
    50           1000       -2.23792729e+01       1.221409e-03
    70            714       -2.23792542e+01       1.186756e-03
   100            500       -2.23792729e+01       1.203830e-03
   200            250       -2.23792729e+01       1.394891e-03
   500            100       -2.23792729e+01       1.741489e-03
0 0.0012311048666115675 0.0017414894108984534
Stocahstic error estimate: 1.231105e-03

step=62,E=-0.3729878820469354,dE=-0.00016106130647024485,err=2.0518414443526124e-05,gmax=0.09526896795004092
	collect g,Hv time= 0.4817850589752197
	solver time=0.23049426078796387,exit status=0
niter= 45
	g=0.6606741326911921,del=0.42289328329662496,dot=0.05257314192799173,x=16.949813829185373
	prob= 5.834435354011437e-11
	burn in time= 1.7703704833984375
	sample time= 70.27589631080627
	contraction err= 1.4624494059359454e-15 3.690792849290905e-14

Mean energy: -2.23848718e+01
Block size    # of blocks        Mean                Error
     1           50000       -2.23848718e+01       1.068079e-03
     2           25000       -2.23848718e+01       1.070618e-03
     5           10000       -2.23848718e+01       1.054304e-03
    10           5000       -2.23848718e+01       1.063931e-03
    20           2500       -2.23848718e+01       1.054276e-03
    50           1000       -2.23848718e+01       1.025893e-03
    70            714       -2.23848466e+01       1.026265e-03
   100            500       -2.23848718e+01       1.019824e-03
   200            250       -2.23848718e+01       1.138089e-03
   500            100       -2.23848718e+01       1.395735e-03
0 0.0010706176432926028 0.0013957345044551218
Stocahstic error estimate: 1.070618e-03

step=63,E=-0.37308119644937016,dE=-9.331440243472618e-05,err=1.7843627388210047e-05,gmax=0.10154171165221726
	collect g,Hv time= 0.4855787754058838
	solver time=0.2465808391571045,exit status=0
niter= 48
	g=0.5995772075605365,del=0.44082819070347373,dot=0.04074515094150992,x=16.94981382918537
	prob= 5.523142078185474e-11
	burn in time= 1.8314285278320312
	sample time= 70.37828063964844
	contraction err= 1.4974376032616602e-15 2.782366374691005e-14

Mean energy: -2.23995872e+01
Block size    # of blocks        Mean                Error
     1           50000       -2.23995872e+01       1.067331e-03
     2           25000       -2.23995872e+01       1.066519e-03
     5           10000       -2.23995872e+01       1.070650e-03
    10           5000       -2.23995872e+01       1.074872e-03
    20           2500       -2.23995872e+01       1.094269e-03
    50           1000       -2.23995872e+01       1.086576e-03
    70            714       -2.23995861e+01       1.102717e-03
   100            500       -2.23995872e+01       1.077741e-03
   200            250       -2.23995872e+01       1.284927e-03
   500            100       -2.23995872e+01       1.732317e-03
0 0.0010673314899809164 0.001732317170205381
Stocahstic error estimate: 1.067331e-03

step=64,E=-0.3733264531427433,dE=-0.0002452566933731859,err=1.7788858166348608e-05,gmax=0.0846132358859748
	collect g,Hv time= 0.4800240993499756
	solver time=0.24064850807189941,exit status=0
niter= 46
	g=0.5477940375686272,del=0.4527772522472427,dot=0.04110700538688036,x=16.949813829185373
	prob= 5.274543768332884e-11
	burn in time= 1.8230206966400146
	sample time= 70.55313110351562
	contraction err= 1.4207229756736083e-15 3.1576252792367546e-14

Mean energy: -2.23989894e+01
Block size    # of blocks        Mean                Error
     1           50000       -2.23989894e+01       1.007027e-03
     2           25000       -2.23989894e+01       1.005301e-03
     5           10000       -2.23989894e+01       1.012791e-03
    10           5000       -2.23989894e+01       1.011199e-03
    20           2500       -2.23989894e+01       1.010589e-03
    50           1000       -2.23989894e+01       1.045500e-03
    70            714       -2.23990066e+01       1.060887e-03
   100            500       -2.23989894e+01       1.106223e-03
   200            250       -2.23989894e+01       1.294390e-03
   500            100       -2.23989894e+01       1.706826e-03
0 0.0010070267272642797 0.0017068261519834248
Stocahstic error estimate: 1.007027e-03

step=65,E=-0.37331648998127803,dE=9.963161465265103e-06,err=1.6783778787737995e-05,gmax=0.13851661915444213
	collect g,Hv time= 0.48036837577819824
	solver time=0.2197568416595459,exit status=0
niter= 42
	g=0.5872813056889858,del=0.39335945594780697,dot=0.03653918534446572,x=16.949813829185377
	prob= 5.0970965340116984e-11
	burn in time= 1.8115041255950928
	sample time= 70.58552479743958
	contraction err= 1.4675608160465985e-15 4.9125305489384574e-14

Mean energy: -2.23973543e+01
Block size    # of blocks        Mean                Error
     1           50000       -2.23973543e+01       1.089241e-03
     2           25000       -2.23973543e+01       1.089226e-03
     5           10000       -2.23973543e+01       1.088913e-03
    10           5000       -2.23973543e+01       1.077862e-03
    20           2500       -2.23973543e+01       1.096917e-03
    50           1000       -2.23973543e+01       1.083553e-03
    70            714       -2.23973521e+01       1.093203e-03
   100            500       -2.23973543e+01       1.110332e-03
   200            250       -2.23973543e+01       1.337832e-03
   500            100       -2.23973543e+01       1.844385e-03
0 0.001089240880674236 0.0018443849143715953
Stocahstic error estimate: 1.089241e-03

step=66,E=-0.37328923785073154,dE=2.7252130546528973e-05,err=1.8154014677903935e-05,gmax=0.1532645825704817
	collect g,Hv time= 0.4793508052825928
	solver time=0.25051140785217285,exit status=0
niter= 48
	g=0.6282435888979782,del=0.44077350190572634,dot=0.04600150906610805,x=16.949813829185366
	prob= 4.8966075119147576e-11
	burn in time= 1.8155150413513184
	sample time= 70.53865885734558
	contraction err= 1.4646061542727332e-15 5.855343020958213e-14

Mean energy: -2.23965192e+01
Block size    # of blocks        Mean                Error
     1           50000       -2.23965192e+01       1.194356e-03
     2           25000       -2.23965192e+01       1.190913e-03
     5           10000       -2.23965192e+01       1.204401e-03
    10           5000       -2.23965192e+01       1.197375e-03
    20           2500       -2.23965192e+01       1.200022e-03
    50           1000       -2.23965192e+01       1.165268e-03
    70            714       -2.23964914e+01       1.163103e-03
   100            500       -2.23965192e+01       1.170226e-03
   200            250       -2.23965192e+01       1.368498e-03
   500            100       -2.23965192e+01       1.812534e-03
0 0.0011943560572487905 0.0018125344834705732
Stocahstic error estimate: 1.194356e-03

step=67,E=-0.37327531991174545,dE=1.3917938986078108e-05,err=1.9905934287479843e-05,gmax=0.1312059290571268
	collect g,Hv time= 0.48053622245788574
	solver time=0.22443914413452148,exit status=0
niter= 43
	g=0.6388831787182401,del=0.41388096170321503,dot=0.05197956320805554,x=16.949813829185373
	prob= 4.642056087068826e-11
	burn in time= 1.7726421356201172
	sample time= 70.34096932411194
	contraction err= 1.4131869102975455e-15 4.3948938402734015e-14

Mean energy: -2.24141257e+01
Block size    # of blocks        Mean                Error
     1           50000       -2.24141257e+01       9.254150e-04
     2           25000       -2.24141257e+01       9.234805e-04
     5           10000       -2.24141257e+01       9.275050e-04
    10           5000       -2.24141257e+01       9.203413e-04
    20           2500       -2.24141257e+01       9.210269e-04
    50           1000       -2.24141257e+01       9.290766e-04
    70            714       -2.24141329e+01       9.308856e-04
   100            500       -2.24141257e+01       9.114176e-04
   200            250       -2.24141257e+01       1.057768e-03
   500            100       -2.24141257e+01       1.388064e-03
0 0.0009254149632506558 0.0013880643794327652
Stocahstic error estimate: 9.254150e-04

step=68,E=-0.37356876175746834,dE=-0.00029344184572289343,err=1.5423582720844262e-05,gmax=0.08319062620204676
	collect g,Hv time= 0.47780585289001465
	solver time=0.2254791259765625,exit status=0
niter= 44
	g=0.5149204857991528,del=0.3830749634279839,dot=0.031380112134192666,x=16.949813829185373
	prob= 4.478155360635351e-11
	burn in time= 1.828303337097168
	sample time= 70.22996854782104
	contraction err= 1.4245507175966129e-15 4.925268047270166e-14

Mean energy: -2.24074079e+01
Block size    # of blocks        Mean                Error
     1           50000       -2.24074079e+01       1.079716e-03
     2           25000       -2.24074079e+01       1.077989e-03
     5           10000       -2.24074079e+01       1.069593e-03
    10           5000       -2.24074079e+01       1.059984e-03
    20           2500       -2.24074079e+01       1.062860e-03
    50           1000       -2.24074079e+01       1.115252e-03
    70            714       -2.24073973e+01       1.150925e-03
   100            500       -2.24074079e+01       1.148310e-03
   200            250       -2.24074079e+01       1.402242e-03
   500            100       -2.24074079e+01       1.892042e-03
0 0.0010797156734354875 0.0018920424020091335
Stocahstic error estimate: 1.079716e-03

step=69,E=-0.37345679859899067,dE=0.00011196315847765703,err=1.799526122392479e-05,gmax=0.07330153533635253
	collect g,Hv time= 0.4809410572052002
	solver time=0.23496723175048828,exit status=0
niter= 45
	g=0.5337177866064624,del=0.5071043914909968,dot=0.0462978910707639,x=16.949813829185373
	prob= 4.263858873043466e-11
	burn in time= 1.7963306903839111
	sample time= 70.55367302894592
	contraction err= 1.4355590171741744e-15 3.671416011450238e-14

Mean energy: -2.24059908e+01
Block size    # of blocks        Mean                Error
     1           50000       -2.24059908e+01       1.275282e-03
     2           25000       -2.24059908e+01       1.272949e-03
     5           10000       -2.24059908e+01       1.261520e-03
    10           5000       -2.24059908e+01       1.262992e-03
    20           2500       -2.24059908e+01       1.264709e-03
    50           1000       -2.24059908e+01       1.279549e-03
    70            714       -2.24060031e+01       1.333008e-03
   100            500       -2.24059908e+01       1.329762e-03
   200            250       -2.24059908e+01       1.641239e-03
   500            100       -2.24059908e+01       2.304150e-03
0 0.0012752822233361037 0.0023041500511802346
Stocahstic error estimate: 1.275282e-03

step=70,E=-0.37343318002557013,dE=2.3618573420532604e-05,err=2.1254703722268396e-05,gmax=0.10675036582512987
	collect g,Hv time= 0.48586392402648926
	solver time=0.24415254592895508,exit status=0
niter= 47
	g=0.6319893905965569,del=0.5836709052691043,dot=0.06623779123239433,x=16.949813829185377
	prob= 4.1904697312012704e-11
	burn in time= 1.8449516296386719
	sample time= 70.39344620704651
	contraction err= 1.4003534449775464e-15 5.039581688880598e-14

Mean energy: -2.24188333e+01
Block size    # of blocks        Mean                Error
     1           50000       -2.24188333e+01       8.863436e-04
     2           25000       -2.24188333e+01       8.856021e-04
     5           10000       -2.24188333e+01       8.842271e-04
    10           5000       -2.24188333e+01       8.862088e-04
    20           2500       -2.24188333e+01       8.783065e-04
    50           1000       -2.24188333e+01       8.966021e-04
    70            714       -2.24188226e+01       9.070380e-04
   100            500       -2.24188333e+01       9.469973e-04
   200            250       -2.24188333e+01       1.107949e-03
   500            100       -2.24188333e+01       1.572876e-03
0 0.0008863436006048348 0.0015728762634310259
Stocahstic error estimate: 8.863436e-04

step=71,E=-0.3736472210055593,dE=-0.0002140409799891311,err=1.4772393343413913e-05,gmax=0.08477922291417972
	collect g,Hv time= 0.4803597927093506
	solver time=0.24483704566955566,exit status=0
niter= 47
	g=0.473826713370114,del=0.41586310609207927,dot=0.031454945114074095,x=16.949813829185373
	prob= 4.003135045191187e-11
	burn in time= 1.7936878204345703
	sample time= 70.47666001319885
	contraction err= 1.4283708022994676e-15 5.629785479286695e-14

Mean energy: -2.24201322e+01
Block size    # of blocks        Mean                Error
     1           50000       -2.24201322e+01       9.868689e-04
     2           25000       -2.24201322e+01       9.846911e-04
     5           10000       -2.24201322e+01       9.847515e-04
    10           5000       -2.24201322e+01       9.928142e-04
    20           2500       -2.24201322e+01       9.851458e-04
    50           1000       -2.24201322e+01       9.674523e-04
    70            714       -2.24201244e+01       9.545782e-04
   100            500       -2.24201322e+01       9.569475e-04
   200            250       -2.24201322e+01       1.107273e-03
   500            100       -2.24201322e+01       1.425589e-03
0 0.0009868689325496182 0.0014255894245847633
Stocahstic error estimate: 9.868689e-04

step=72,E=-0.3736688699144283,dE=-2.1648908869072633e-05,err=1.6447815542493635e-05,gmax=0.09233993439456789
	collect g,Hv time= 0.4860103130340576
	solver time=0.20001721382141113,exit status=0
niter= 38
	g=0.4760913503341567,del=0.33013883542352385,dot=0.034807068211340955,x=16.949813829185373
	prob= 3.820278397578394e-11
	burn in time= 1.7693603038787842
	sample time= 70.45295119285583
	contraction err= 1.403527868535246e-15 3.2245331431163145e-14

Mean energy: -2.24257802e+01
Block size    # of blocks        Mean                Error
     1           50000       -2.24257802e+01       9.255451e-04
     2           25000       -2.24257802e+01       9.263703e-04
     5           10000       -2.24257802e+01       9.236162e-04
    10           5000       -2.24257802e+01       9.227137e-04
    20           2500       -2.24257802e+01       9.145621e-04
    50           1000       -2.24257802e+01       9.329157e-04
    70            714       -2.24257662e+01       9.420026e-04
   100            500       -2.24257802e+01       9.584364e-04
   200            250       -2.24257802e+01       1.138911e-03
   500            100       -2.24257802e+01       1.548740e-03
0 0.0009263702516315314 0.0015487400659563199
Stocahstic error estimate: 9.263703e-04

step=73,E=-0.3737630030617601,dE=-9.413314733173195e-05,err=1.5439504193858856e-05,gmax=0.06404453834120272
	collect g,Hv time= 0.4783041477203369
	solver time=0.2598438262939453,exit status=0
niter= 51
	g=0.4766402017751326,del=0.41814124577885636,dot=0.03409413517032763,x=16.949813829185373
	prob= 3.694801958092036e-11
	burn in time= 1.8174645900726318
	sample time= 70.32687568664551
	contraction err= 1.4007187706707566e-15 8.446834550070105e-14

Mean energy: -2.24282880e+01
Block size    # of blocks        Mean                Error
     1           50000       -2.24282880e+01       9.589490e-04
     2           25000       -2.24282880e+01       9.589524e-04
     5           10000       -2.24282880e+01       9.638337e-04
    10           5000       -2.24282880e+01       9.709371e-04
    20           2500       -2.24282880e+01       9.607404e-04
    50           1000       -2.24282880e+01       9.309657e-04
    70            714       -2.24283162e+01       9.743411e-04
   100            500       -2.24282880e+01       9.379504e-04
   200            250       -2.24282880e+01       1.109454e-03
   500            100       -2.24282880e+01       1.487732e-03
0 0.0009589523684476406 0.0014877323520466903
Stocahstic error estimate: 9.589524e-04

step=74,E=-0.37380479995946325,dE=-4.1796897703190915e-05,err=1.5982539474127344e-05,gmax=0.3520191775786943
	collect g,Hv time= 0.4775381088256836
	solver time=0.1291048526763916,exit status=0
niter= 25
	g=1.0900288739108976,del=0.14937751548733016,dot=0.030949312891659947,x=16.949813829185377
	prob= 3.603026254817601e-11
	burn in time= 1.8128671646118164
	sample time= 70.55684232711792
	contraction err= 1.3782934495668897e-15 3.548525169650739e-14

Mean energy: -2.24372984e+01
Block size    # of blocks        Mean                Error
     1           50000       -2.24372984e+01       8.584101e-04
     2           25000       -2.24372984e+01       8.584261e-04
     5           10000       -2.24372984e+01       8.549233e-04
    10           5000       -2.24372984e+01       8.410250e-04
    20           2500       -2.24372984e+01       8.335653e-04
    50           1000       -2.24372984e+01       7.958471e-04
    70            714       -2.24373256e+01       7.775973e-04
   100            500       -2.24372984e+01       7.632754e-04
   200            250       -2.24372984e+01       8.176884e-04
   500            100       -2.24372984e+01       9.614548e-04
0 0.0008584261393375008 0.0009614548408478862
Stocahstic error estimate: 8.584261e-04

step=75,E=-0.37395497289152557,dE=-0.0001501729320622758,err=1.4307102322291679e-05,gmax=0.0577891812128295
	collect g,Hv time= 0.48091626167297363
	solver time=0.2412106990814209,exit status=0
niter= 46
	g=0.4227478535618792,del=0.4397744487024544,dot=0.028438077936328625,x=16.949813829185377
	prob= 3.4296065169937637e-11
	burn in time= 1.79982590675354
	sample time= 70.63341999053955
	contraction err= 1.3725900321546387e-15 5.579744486805329e-14

Mean energy: -2.24371111e+01
Block size    # of blocks        Mean                Error
     1           50000       -2.24371111e+01       9.217916e-04
     2           25000       -2.24371111e+01       9.211287e-04
     5           10000       -2.24371111e+01       9.245741e-04
    10           5000       -2.24371111e+01       9.290034e-04
    20           2500       -2.24371111e+01       9.314940e-04
    50           1000       -2.24371111e+01       9.149956e-04
    70            714       -2.24371063e+01       8.979791e-04
   100            500       -2.24371111e+01       8.554438e-04
   200            250       -2.24371111e+01       9.776550e-04
   500            100       -2.24371111e+01       1.301630e-03
0 0.0009217916123559785 0.001301629817846422
Stocahstic error estimate: 9.217916e-04

step=76,E=-0.37395185156234606,dE=3.1213291794784937e-06,err=1.5363193539266307e-05,gmax=0.13183264202838796
	collect g,Hv time= 0.48233914375305176
	solver time=0.21974849700927734,exit status=0
niter= 42
	g=0.524346463448843,del=0.32203008634333746,dot=0.03469148106334715,x=16.94981382918538
	prob= 3.292518952602604e-11
	burn in time= 1.8066563606262207
	sample time= 70.59755897521973
	contraction err= 1.3525408963936367e-15 2.9329146632209066e-14

Mean energy: -2.24447003e+01
Block size    # of blocks        Mean                Error
     1           50000       -2.24447003e+01       8.260758e-04
     2           25000       -2.24447003e+01       8.281237e-04
     5           10000       -2.24447003e+01       8.383891e-04
    10           5000       -2.24447003e+01       8.404748e-04
    20           2500       -2.24447003e+01       8.626470e-04
    50           1000       -2.24447003e+01       8.988167e-04
    70            714       -2.24446878e+01       8.736812e-04
   100            500       -2.24447003e+01       9.269205e-04
   200            250       -2.24447003e+01       1.148138e-03
   500            100       -2.24447003e+01       1.626729e-03
0 0.0008281237130092122 0.0016267289775718367
Stocahstic error estimate: 8.281237e-04

step=77,E=-0.3740783376408325,dE=-0.000126486078486406,err=1.380206188348687e-05,gmax=0.060866651521514825
	collect g,Hv time= 0.47968411445617676
	solver time=0.2415142059326172,exit status=0
niter= 46
	g=0.3622480385997217,del=0.4328707117706996,dot=0.028487291569011128,x=16.949813829185377
	prob= 3.2455832878042825e-11
	burn in time= 1.7872967720031738
	sample time= 70.59046673774719
	contraction err= 1.3741076928203659e-15 2.930268296715717e-14

Mean energy: -2.24364587e+01
Block size    # of blocks        Mean                Error
     1           50000       -2.24364587e+01       8.678508e-04
     2           25000       -2.24364587e+01       8.658735e-04
     5           10000       -2.24364587e+01       8.672737e-04
    10           5000       -2.24364587e+01       8.637320e-04
    20           2500       -2.24364587e+01       8.629188e-04
    50           1000       -2.24364587e+01       8.110001e-04
    70            714       -2.24364648e+01       8.077632e-04
   100            500       -2.24364587e+01       8.201621e-04
   200            250       -2.24364587e+01       9.406349e-04
   500            100       -2.24364587e+01       1.180530e-03
0 0.0008678508113937424 0.0011805300062404486
Stocahstic error estimate: 8.678508e-04

step=78,E=-0.3739409783938631,dE=0.00013735924696938183,err=1.4464180189895706e-05,gmax=0.06370680253425176
	collect g,Hv time= 0.48343896865844727
	solver time=0.24226093292236328,exit status=0
niter= 46
	g=0.4185665378245239,del=0.39417778796248065,dot=0.029125121988160294,x=16.94981382918537
	prob= 3.1653075052562584e-11
	burn in time= 1.7880306243896484
	sample time= 70.48137593269348
	contraction err= 1.38115845901349e-15 3.1727319529875343e-14

Mean energy: -2.24457959e+01
Block size    # of blocks        Mean                Error
     1           50000       -2.24457959e+01       7.746554e-04
     2           25000       -2.24457959e+01       7.747807e-04
     5           10000       -2.24457959e+01       7.765268e-04
    10           5000       -2.24457959e+01       7.771877e-04
    20           2500       -2.24457959e+01       7.854867e-04
    50           1000       -2.24457959e+01       7.920923e-04
    70            714       -2.24458026e+01       8.012845e-04
   100            500       -2.24457959e+01       8.171634e-04
   200            250       -2.24457959e+01       9.359177e-04
   500            100       -2.24457959e+01       1.230127e-03
0 0.0007747807076120429 0.001230126511792508
Stocahstic error estimate: 7.747807e-04

step=79,E=-0.3740965981422578,dE=-0.0001556197483947012,err=1.291301179353405e-05,gmax=0.09900858924979872
	collect g,Hv time= 0.4804954528808594
	solver time=0.2368147373199463,exit status=0
niter= 46
	g=0.41177240913125995,del=0.4251332243347977,dot=0.03310334874911694,x=16.94981382918537
	prob= 2.999455099796525e-11
	burn in time= 1.8199057579040527
	sample time= 70.32341647148132
	contraction err= 1.3446516774778862e-15 2.0515487135756104e-14

Mean energy: -2.24504251e+01
Block size    # of blocks        Mean                Error
     1           50000       -2.24504251e+01       6.982034e-04
     2           25000       -2.24504251e+01       6.991408e-04
     5           10000       -2.24504251e+01       7.011460e-04
    10           5000       -2.24504251e+01       6.934686e-04
    20           2500       -2.24504251e+01       6.907777e-04
    50           1000       -2.24504251e+01       6.895308e-04
    70            714       -2.24504139e+01       6.869718e-04
   100            500       -2.24504251e+01       6.324232e-04
   200            250       -2.24504251e+01       7.403340e-04
   500            100       -2.24504251e+01       9.544850e-04
0 0.0006991407751776494 0.0009544850098825652
Stocahstic error estimate: 6.991408e-04

step=80,E=-0.3741737514855402,dE=-7.715334328241378e-05,err=1.1652346252960824e-05,gmax=0.05311269023490528
	collect g,Hv time= 0.48112940788269043
	solver time=0.23580431938171387,exit status=0
niter= 46
	g=0.3462091643744239,del=0.32314382797502544,dot=0.019292053429863565,x=16.949813829185377
	prob= 2.8885241496089403e-11
	burn in time= 1.7802538871765137
	sample time= 70.54254031181335
	contraction err= 1.342068103508856e-15 3.733953578524278e-14

Mean energy: -2.24469310e+01
Block size    # of blocks        Mean                Error
     1           50000       -2.24469310e+01       8.599382e-04
     2           25000       -2.24469310e+01       8.579180e-04
     5           10000       -2.24469310e+01       8.592706e-04
    10           5000       -2.24469310e+01       8.613060e-04
    20           2500       -2.24469310e+01       8.624750e-04
    50           1000       -2.24469310e+01       8.886174e-04
    70            714       -2.24469163e+01       9.178591e-04
   100            500       -2.24469310e+01       9.217216e-04
   200            250       -2.24469310e+01       1.171818e-03
   500            100       -2.24469310e+01       1.627220e-03
0 0.0008599381742801917 0.0016272197311259199
Stocahstic error estimate: 8.599382e-04

step=81,E=-0.37411551673667415,dE=5.823474886608911e-05,err=1.4332302904669862e-05,gmax=0.11790953511128865
	collect g,Hv time= 0.48813748359680176
	solver time=0.20838689804077148,exit status=0
niter= 40
	g=0.5112873612429971,del=0.24648901843018733,dot=0.029686197042747074,x=16.94981382918537
	prob= 2.8153680955159686e-11
	burn in time= 1.7451424598693848
	sample time= 70.6006293296814
	contraction err= 1.3170234493667997e-15 4.638217231224052e-14

Mean energy: -2.24458643e+01
Block size    # of blocks        Mean                Error
     1           50000       -2.24458643e+01       1.160590e-03
     2           25000       -2.24458643e+01       1.157263e-03
     5           10000       -2.24458643e+01       1.152278e-03
    10           5000       -2.24458643e+01       1.150245e-03
    20           2500       -2.24458643e+01       1.151414e-03
    50           1000       -2.24458643e+01       1.194846e-03
    70            714       -2.24458670e+01       1.203836e-03
   100            500       -2.24458643e+01       1.199149e-03
   200            250       -2.24458643e+01       1.488026e-03
   500            100       -2.24458643e+01       2.095174e-03
0 0.0011605902588358425 0.0020951738087939984
Stocahstic error estimate: 1.160590e-03

step=82,E=-0.37409773906582505,dE=1.7777670849087692e-05,err=1.9343170980597374e-05,gmax=0.07932174247359924
	collect g,Hv time= 0.4799528121948242
	solver time=0.23696136474609375,exit status=0
niter= 45
	g=0.49038615466239144,del=0.49237540739921687,dot=0.06430740126937552,x=16.949813829185377
	prob= 2.75274661235862e-11
	burn in time= 1.8200500011444092
	sample time= 70.60503435134888
	contraction err= 1.304460274424668e-15 1.021260965817388e-13

Mean energy: -2.24562448e+01
Block size    # of blocks        Mean                Error
     1           50000       -2.24562448e+01       7.556175e-04
     2           25000       -2.24562448e+01       7.536008e-04
     5           10000       -2.24562448e+01       7.489774e-04
    10           5000       -2.24562448e+01       7.387446e-04
    20           2500       -2.24562448e+01       7.271452e-04
    50           1000       -2.24562448e+01       7.243593e-04
    70            714       -2.24562375e+01       6.957326e-04
   100            500       -2.24562448e+01       7.013986e-04
   200            250       -2.24562448e+01       8.394944e-04
   500            100       -2.24562448e+01       1.075940e-03
0 0.0007556175320597147 0.0010759395753828407
Stocahstic error estimate: 7.556175e-04

step=83,E=-0.3742707467950403,dE=-0.00017300772921527614,err=1.2593625534328579e-05,gmax=0.05762184657514169
	collect g,Hv time= 0.4798884391784668
	solver time=0.19033241271972656,exit status=0
niter= 36
	g=0.3679920353994628,del=0.26667715404028985,dot=0.021722122988421924,x=16.949813829185373
	prob= 2.6539052199395145e-11
	burn in time= 1.7908496856689453
	sample time= 70.58800554275513
	contraction err= 1.3073665410115349e-15 4.7295243862330667e-14

Mean energy: -2.24603433e+01
Block size    # of blocks        Mean                Error
     1           50000       -2.24603433e+01       7.069294e-04
     2           25000       -2.24603433e+01       7.071359e-04
     5           10000       -2.24603433e+01       7.095332e-04
    10           5000       -2.24603433e+01       7.028163e-04
    20           2500       -2.24603433e+01       6.932779e-04
    50           1000       -2.24603433e+01       6.953335e-04
    70            714       -2.24603710e+01       6.516857e-04
   100            500       -2.24603433e+01       6.454676e-04
   200            250       -2.24603433e+01       7.637961e-04
   500            100       -2.24603433e+01       9.783613e-04
0 0.0007071358565736966 0.0009783612899611801
Stocahstic error estimate: 7.071359e-04

step=84,E=-0.37433905465804884,dE=-6.830786300853949e-05,err=1.178559760956161e-05,gmax=0.07048286883150201
	collect g,Hv time= 0.4812002182006836
	solver time=0.22666239738464355,exit status=0
niter= 44
	g=0.303729831533976,del=0.31953173428472614,dot=0.01996166617854267,x=16.949813829185373
	prob= 2.5672946708911047e-11
	burn in time= 1.7974236011505127
	sample time= 70.39216756820679
	contraction err= 1.2980577176058697e-15 3.073004255431237e-14

Mean energy: -2.24550184e+01
Block size    # of blocks        Mean                Error
     1           50000       -2.24550184e+01       9.799570e-04
     2           25000       -2.24550184e+01       9.810391e-04
     5           10000       -2.24550184e+01       9.861975e-04
    10           5000       -2.24550184e+01       9.923809e-04
    20           2500       -2.24550184e+01       9.867420e-04
    50           1000       -2.24550184e+01       9.605700e-04
    70            714       -2.24550116e+01       9.474377e-04
   100            500       -2.24550184e+01       8.968644e-04
   200            250       -2.24550184e+01       1.083288e-03
   500            100       -2.24550184e+01       1.464305e-03
0 0.0009810391375096605 0.0014643054503709922
Stocahstic error estimate: 9.810391e-04

step=85,E=-0.37425030712913,dE=8.874752891886809e-05,err=1.6350652291827676e-05,gmax=0.06925047542321394
	collect g,Hv time= 0.4797358512878418
	solver time=0.23847603797912598,exit status=0
niter= 46
	g=0.4156022654393163,del=0.4098287101817859,dot=0.04419078794443378,x=16.949813829185377
	prob= 2.546464424320392e-11
	burn in time= 1.7428033351898193
	sample time= 70.51053953170776
	contraction err= 1.3029586917747237e-15 3.063705098105908e-14

Mean energy: -2.24607915e+01
Block size    # of blocks        Mean                Error
     1           50000       -2.24607915e+01       7.742780e-04
     2           25000       -2.24607915e+01       7.740634e-04
     5           10000       -2.24607915e+01       7.743083e-04
    10           5000       -2.24607915e+01       7.745197e-04
    20           2500       -2.24607915e+01       7.668237e-04
    50           1000       -2.24607915e+01       7.306778e-04
    70            714       -2.24607884e+01       7.295055e-04
   100            500       -2.24607915e+01       6.696479e-04
   200            250       -2.24607915e+01       7.904412e-04
   500            100       -2.24607915e+01       1.025465e-03
0 0.0007742780035935599 0.0010254654391332525
Stocahstic error estimate: 7.742780e-04

step=86,E=-0.37434652447257605,dE=-9.621734344609223e-05,err=1.2904633393225998e-05,gmax=0.11118014124781084
	collect g,Hv time= 0.48265695571899414
	solver time=0.2523829936981201,exit status=0
	g=0.3909877874540802,del=0.3500538681589738,dot=0.025682405266324062,x=16.949813829185373
niter= 48
	prob= 2.4957821397566415e-11
	burn in time= 1.7863821983337402
	sample time= 70.5749409198761
	contraction err= 1.3201335494667383e-15 7.017216794595771e-14

Mean energy: -2.24603465e+01
Block size    # of blocks        Mean                Error
     1           50000       -2.24603465e+01       9.532915e-04
     2           25000       -2.24603465e+01       9.528231e-04
     5           10000       -2.24603465e+01       9.513461e-04
    10           5000       -2.24603465e+01       9.482815e-04
    20           2500       -2.24603465e+01       9.614743e-04
    50           1000       -2.24603465e+01       9.725707e-04
    70            714       -2.24603362e+01       9.728690e-04
   100            500       -2.24603465e+01       9.613312e-04
   200            250       -2.24603465e+01       1.100575e-03
   500            100       -2.24603465e+01       1.375932e-03
0 0.0009532914940886108 0.0013759320405198013
Stocahstic error estimate: 9.532915e-04

step=87,E=-0.3743391077972746,dE=7.4166753014637266e-06,err=1.5888191568143514e-05,gmax=0.2540499688034856
	collect g,Hv time= 0.4795799255371094
	solver time=0.23407721519470215,exit status=0
niter= 45
	g=0.6720945194857221,del=0.3123470512733942,dot=0.041045210281026534,x=16.949813829185377
	prob= 2.448997244305097e-11
	burn in time= 1.8637323379516602
	sample time= 70.62038516998291
	contraction err= 1.3140249901691374e-15 3.992382860505176e-14

Mean energy: -2.24582487e+01
Block size    # of blocks        Mean                Error
     1           50000       -2.24582487e+01       9.470483e-04
     2           25000       -2.24582487e+01       9.457301e-04
     5           10000       -2.24582487e+01       9.398058e-04
    10           5000       -2.24582487e+01       9.322463e-04
    20           2500       -2.24582487e+01       9.189251e-04
    50           1000       -2.24582487e+01       8.898468e-04
    70            714       -2.24582440e+01       8.415797e-04
   100            500       -2.24582487e+01       8.101802e-04
   200            250       -2.24582487e+01       9.841418e-04
   500            100       -2.24582487e+01       1.315476e-03
0 0.0009470483051275693 0.0013154757806550284
Stocahstic error estimate: 9.470483e-04

step=88,E=-0.3743041453410832,dE=3.4962456191441524e-05,err=1.5784138418792822e-05,gmax=0.18212310596862835
	collect g,Hv time= 0.4828159809112549
	solver time=0.20605111122131348,exit status=0
niter= 41
	g=0.6697952265562814,del=0.41466406270502737,dot=0.06311135222066232,x=16.949813829185373
	prob= 2.475470255091794e-11
	burn in time= 1.733555793762207
	sample time= 70.57911729812622
	contraction err= 1.272584480425294e-15 3.156543358283156e-14

Mean energy: -2.24625613e+01
Block size    # of blocks        Mean                Error
     1           50000       -2.24625613e+01       9.549262e-04
     2           25000       -2.24625613e+01       9.541511e-04
     5           10000       -2.24625613e+01       9.473805e-04
    10           5000       -2.24625613e+01       9.467000e-04
    20           2500       -2.24625613e+01       9.346484e-04
    50           1000       -2.24625613e+01       9.212240e-04
    70            714       -2.24625526e+01       9.209694e-04
   100            500       -2.24625613e+01       9.132316e-04
   200            250       -2.24625613e+01       1.092291e-03
   500            100       -2.24625613e+01       1.467972e-03
0 0.0009549261667854359 0.0014679715365028957
Stocahstic error estimate: 9.549262e-04

step=89,E=-0.37437602121237384,dE=-7.187587129067196e-05,err=1.5915436113090596e-05,gmax=0.04375921154664941
	collect g,Hv time= 0.48296070098876953
	solver time=0.25220513343811035,exit status=0
niter= 48
	g=0.2907387250062455,del=0.2938911757557673,dot=0.014823420229025773,x=16.94981382918537
	prob= 2.294131587604397e-11
	burn in time= 1.8121354579925537
	sample time= 70.41664814949036
	contraction err= 1.2923817273961165e-15 2.3024131617404525e-14

Mean energy: -2.24685434e+01
Block size    # of blocks        Mean                Error
     1           50000       -2.24685434e+01       6.764363e-04
     2           25000       -2.24685434e+01       6.798134e-04
     5           10000       -2.24685434e+01       6.772207e-04
    10           5000       -2.24685434e+01       6.853840e-04
    20           2500       -2.24685434e+01       7.085413e-04
    50           1000       -2.24685434e+01       7.360203e-04
    70            714       -2.24685351e+01       7.701577e-04
   100            500       -2.24685434e+01       7.941862e-04
   200            250       -2.24685434e+01       1.002415e-03
   500            100       -2.24685434e+01       1.472907e-03
0 0.000679813352134865 0.0014729070275604718
Stocahstic error estimate: 6.798134e-04

step=90,E=-0.3744757236426821,dE=-9.970243030827201e-05,err=1.1330222535581085e-05,gmax=0.08363558572933183
	collect g,Hv time= 0.48353028297424316
	solver time=0.2212972640991211,exit status=0
niter= 43
	g=0.2921243097707058,del=0.36748819435771046,dot=0.019535372706638885,x=16.949813829185373
	prob= 2.2597065503355956e-11
	burn in time= 1.762387752532959
	sample time= 70.3749668598175
	contraction err= 1.2639674113856927e-15 2.888437503927047e-14

Mean energy: -2.24716522e+01
Block size    # of blocks        Mean                Error
     1           50000       -2.24716522e+01       5.502959e-04
     2           25000       -2.24716522e+01       5.491002e-04
     5           10000       -2.24716522e+01       5.507433e-04
    10           5000       -2.24716522e+01       5.469904e-04
    20           2500       -2.24716522e+01       5.492123e-04
    50           1000       -2.24716522e+01       5.449068e-04
    70            714       -2.24716387e+01       5.438320e-04
   100            500       -2.24716522e+01       5.549222e-04
   200            250       -2.24716522e+01       6.563749e-04
   500            100       -2.24716522e+01       9.065174e-04
0 0.0005502959327885607 0.0009065174147662833
Stocahstic error estimate: 5.502959e-04

step=91,E=-0.37452753650168646,dE=-5.181285900436687e-05,err=9.171598879809344e-06,gmax=0.0927898062227559
	collect g,Hv time= 0.4870896339416504
	solver time=0.23599815368652344,exit status=0
niter= 45
	g=0.2937073052175611,del=0.2728431498743207,dot=0.013822754402004114,x=16.949813829185373
	prob= 2.202270382200878e-11
	burn in time= 1.8027265071868896
	sample time= 70.56482028961182
	contraction err= 1.2961645921805278e-15 3.038189323257059e-14

Mean energy: -2.24665093e+01
Block size    # of blocks        Mean                Error
     1           50000       -2.24665093e+01       7.361834e-04
     2           25000       -2.24665093e+01       7.318291e-04
     5           10000       -2.24665093e+01       7.370302e-04
    10           5000       -2.24665093e+01       7.285720e-04
    20           2500       -2.24665093e+01       7.252295e-04
    50           1000       -2.24665093e+01       6.986027e-04
    70            714       -2.24665172e+01       6.729952e-04
   100            500       -2.24665093e+01       6.580675e-04
   200            250       -2.24665093e+01       7.625682e-04
   500            100       -2.24665093e+01       9.570818e-04
0 0.0007361833768214257 0.0009570817769929524
Stocahstic error estimate: 7.361834e-04

step=92,E=-0.3744418215691231,dE=8.571493256338177e-05,err=1.2269722947023761e-05,gmax=0.0883688955989328
	collect g,Hv time= 0.4832751750946045
	solver time=0.22935223579406738,exit status=0
niter= 44
	g=0.3232120105649945,del=0.3387123203024344,dot=0.023587528358040396,x=16.94981382918537
	prob= 2.1411455375483763e-11
	burn in time= 1.8113093376159668
	sample time= 70.55586528778076
	contraction err= 1.2530987596147316e-15 1.9351853829412923e-14

Mean energy: -2.24755413e+01
Block size    # of blocks        Mean                Error
     1           50000       -2.24755413e+01       5.376049e-04
     2           25000       -2.24755413e+01       5.373197e-04
     5           10000       -2.24755413e+01       5.402278e-04
    10           5000       -2.24755413e+01       5.390721e-04
    20           2500       -2.24755413e+01       5.458006e-04
    50           1000       -2.24755413e+01       5.302375e-04
    70            714       -2.24755327e+01       5.217168e-04
   100            500       -2.24755413e+01       5.057046e-04
   200            250       -2.24755413e+01       5.850311e-04
   500            100       -2.24755413e+01       6.886624e-04
0 0.0005376049168900839 0.0006886623821466503
Stocahstic error estimate: 5.376049e-04

step=93,E=-0.37459235492095516,dE=-0.00015053335183203841,err=8.960081948168065e-06,gmax=0.04810262052442371
	collect g,Hv time= 0.48146986961364746
	solver time=0.24101638793945312,exit status=0
niter= 46
	g=0.2353276755719673,del=0.28698243474544805,dot=0.0121799983711364,x=16.949813829185373
	prob= 2.0762451666477198e-11
	burn in time= 1.8369572162628174
	sample time= 70.64703011512756
	contraction err= 1.2700776182892811e-15 1.901359153941664e-14

Mean energy: -2.24717625e+01
Block size    # of blocks        Mean                Error
     1           50000       -2.24717625e+01       6.445003e-04
     2           25000       -2.24717625e+01       6.435360e-04
     5           10000       -2.24717625e+01       6.420937e-04
    10           5000       -2.24717625e+01       6.321143e-04
    20           2500       -2.24717625e+01       6.229908e-04
    50           1000       -2.24717625e+01       5.829742e-04
    70            714       -2.24717474e+01       5.651522e-04
   100            500       -2.24717625e+01       5.371791e-04
   200            250       -2.24717625e+01       6.060656e-04
   500            100       -2.24717625e+01       8.220055e-04
0 0.0006445003062814078 0.0008220054599762533
Stocahstic error estimate: 6.445003e-04

step=94,E=-0.3745293744400363,dE=6.298048091881724e-05,err=1.0741671771356796e-05,gmax=0.04022917814919058
	collect g,Hv time= 0.4852139949798584
	solver time=0.2405083179473877,exit status=0
niter= 46
	g=0.2627176131694675,del=0.2765727316543276,dot=0.019040820964582407,x=16.949813829185373
	prob= 2.015256027753444e-11
	burn in time= 1.754045009613037
	sample time= 70.48899960517883
	contraction err= 1.2679942000936415e-15 5.287192351890915e-14

Mean energy: -2.24766225e+01
Block size    # of blocks        Mean                Error
     1           50000       -2.24766225e+01       5.714029e-04
     2           25000       -2.24766225e+01       5.729415e-04
     5           10000       -2.24766225e+01       5.750222e-04
    10           5000       -2.24766225e+01       5.787137e-04
    20           2500       -2.24766225e+01       5.816483e-04
    50           1000       -2.24766225e+01       5.823258e-04
    70            714       -2.24766114e+01       5.790171e-04
   100            500       -2.24766225e+01       5.932757e-04
   200            250       -2.24766225e+01       7.500288e-04
   500            100       -2.24766225e+01       1.030352e-03
0 0.0005729414649592579 0.0010303518572445896
Stocahstic error estimate: 5.729415e-04

step=95,E=-0.37461037553174154,dE=-8.100109170522766e-05,err=9.549024415987632e-06,gmax=0.037893091281325564
	collect g,Hv time= 0.4807612895965576
	solver time=0.23124432563781738,exit status=0
niter= 45
	g=0.1961207027388395,del=0.28275338689718316,dot=0.013190228912803316,x=16.949813829185377
	prob= 1.9783792348546235e-11
	burn in time= 1.834071397781372
	sample time= 70.38393640518188
	contraction err= 1.2775916720622013e-15 2.796870275579263e-14

Mean energy: -2.24767775e+01
Block size    # of blocks        Mean                Error
     1           50000       -2.24767775e+01       5.282100e-04
     2           25000       -2.24767775e+01       5.282546e-04
     5           10000       -2.24767775e+01       5.289231e-04
    10           5000       -2.24767775e+01       5.221783e-04
    20           2500       -2.24767775e+01       5.221800e-04
    50           1000       -2.24767775e+01       5.051515e-04
    70            714       -2.24767769e+01       5.368367e-04
   100            500       -2.24767775e+01       5.239142e-04
   200            250       -2.24767775e+01       6.377635e-04
   500            100       -2.24767775e+01       8.808902e-04
0 0.0005282545860242555 0.0008808901525877541
Stocahstic error estimate: 5.282546e-04

step=96,E=-0.37461295830007496,dE=-2.5827683334256335e-06,err=8.804243100404259e-06,gmax=0.03471748493202065
	collect g,Hv time= 0.484158992767334
	solver time=0.2472822666168213,exit status=0
niter= 48
	g=0.23138787227258503,del=0.2851510263568071,dot=0.013147752716628339,x=16.94981382918537
	prob= 1.9716538520453423e-11
	burn in time= 1.7472074031829834
	sample time= 70.47604703903198
	contraction err= 1.2472537381264516e-15 2.1291780758512594e-13

Mean energy: -2.24741559e+01
Block size    # of blocks        Mean                Error
     1           50000       -2.24741559e+01       5.286545e-04
     2           25000       -2.24741559e+01       5.299539e-04
     5           10000       -2.24741559e+01       5.321506e-04
    10           5000       -2.24741559e+01       5.386377e-04
    20           2500       -2.24741559e+01       5.487748e-04
    50           1000       -2.24741559e+01       5.623965e-04
    70            714       -2.24741437e+01       5.640270e-04
   100            500       -2.24741559e+01       5.727998e-04
   200            250       -2.24741559e+01       7.008589e-04
   500            100       -2.24741559e+01       9.712657e-04
0 0.0005299539027353213 0.00097126567834479
Stocahstic error estimate: 5.299539e-04

step=97,E=-0.3745692646788136,dE=4.3693621261375884e-05,err=8.832565045588689e-06,gmax=0.04924375006190829
	collect g,Hv time= 0.48676371574401855
	solver time=0.12205243110656738,exit status=0
niter= 23
	g=0.23399444535112418,del=0.13026272877395678,dot=0.01102487998424327,x=16.949813829185377
	prob= 1.9029424947885323e-11
	burn in time= 1.8198449611663818
	sample time= 70.6305820941925
	contraction err= 1.2112306754682799e-15 4.941652327263553e-14

Mean energy: -2.24813395e+01
Block size    # of blocks        Mean                Error
     1           50000       -2.24813395e+01       4.554495e-04
     2           25000       -2.24813395e+01       4.524325e-04
     5           10000       -2.24813395e+01       4.539426e-04
    10           5000       -2.24813395e+01       4.503420e-04
    20           2500       -2.24813395e+01       4.483773e-04
    50           1000       -2.24813395e+01       4.391475e-04
    70            714       -2.24813292e+01       4.488766e-04
   100            500       -2.24813395e+01       4.336934e-04
   200            250       -2.24813395e+01       5.222650e-04
   500            100       -2.24813395e+01       6.937807e-04
0 0.0004554494651890407 0.0006937807117679152
Stocahstic error estimate: 4.554495e-04

step=98,E=-0.3746889910660038,dE=-0.0001197263871902147,err=7.5908244198173444e-06,gmax=0.030044997390217265
	collect g,Hv time= 0.48275113105773926
	solver time=0.19423937797546387,exit status=0
niter= 37
	g=0.16266189251695234,del=0.21720051103888416,dot=0.008264365371581681,x=16.94981382918537
	prob= 1.84194098195117e-11
	burn in time= 1.7897207736968994
	sample time= 70.65270924568176
	contraction err= 1.202483072025844e-15 5.6760558065703205e-14

Mean energy: -2.24782695e+01
Block size    # of blocks        Mean                Error
     1           50000       -2.24782695e+01       5.832343e-04
     2           25000       -2.24782695e+01       5.821930e-04
     5           10000       -2.24782695e+01       5.834759e-04
    10           5000       -2.24782695e+01       5.821605e-04
    20           2500       -2.24782695e+01       5.800437e-04
    50           1000       -2.24782695e+01       5.851857e-04
    70            714       -2.24782612e+01       5.836721e-04
   100            500       -2.24782695e+01       5.911450e-04
   200            250       -2.24782695e+01       7.336335e-04
   500            100       -2.24782695e+01       1.032482e-03
0 0.0005832342709479887 0.001032482316808993
Stocahstic error estimate: 5.832343e-04

step=99,E=-0.3746378250722847,dE=5.116599371911927e-05,err=9.72057118246648e-06,gmax=0.15324785462387425
	collect g,Hv time= 0.4872429370880127
	solver time=0.22629547119140625,exit status=0
niter= 43
	g=0.3218041900466974,del=0.25952997180316384,dot=0.015820631027761937,x=16.949813829185377
