	burn in time= 1.774580717086792
block_dict= [(0, 2820)]
sizes= [2820]
SIZE= 640
L= 60
nspin= (30, 30)
nparam= 2820
	prob= 8.118848040371027e-12
	sample time= 14.124446153640747
	contraction err= 1.4568307716606077e-15 4.220790673525559e-15

Mean energy: -1.66088412e+01
Block size    # of blocks        Mean                Error
     1           50000       -1.66088412e+01       1.224153e-02
     2           25000       -1.66088412e+01       1.226567e-02
     5           10000       -1.66088412e+01       1.233555e-02
    10           5000       -1.66088412e+01       1.246792e-02
    20           2500       -1.66088412e+01       1.280834e-02
    50           1000       -1.66088412e+01       1.301885e-02
    70            714       -1.66086823e+01       1.327449e-02
   100            500       -1.66088412e+01       1.377609e-02
   200            250       -1.66088412e+01       1.405977e-02
   500            100       -1.66088412e+01       1.275556e-02
0 0.01226566937026038 0.012755558310123748
Stocahstic error estimate: 1.226567e-02

step=0,E=-0.27681402022816604,dE=-0.27681402022816604,err=0.000204427822837673,gmax=0.27823939702762335
	collect g,Hv time= 0.4641392230987549
	solver time=0.04919910430908203,exit status=0
niter= 33
	g=2.4658558287522183,del=3.3925949640524835,dot=7.3666783071314725,x=16.949813829185377
	prob= 5.3904038269567015e-11
	burn in time= 1.7899870872497559
	sample time= 68.95706081390381
	contraction err= 1.4577177205789466e-15 4.1578707733098865e-15

Mean energy: -1.78772800e+01
Block size    # of blocks        Mean                Error
     1           50000       -1.78772800e+01       1.073890e-02
     2           25000       -1.78772800e+01       1.071317e-02
     5           10000       -1.78772800e+01       1.065754e-02
    10           5000       -1.78772800e+01       1.054221e-02
    20           2500       -1.78772800e+01       1.053366e-02
    50           1000       -1.78772800e+01       1.043637e-02
    70            714       -1.78774588e+01       1.007870e-02
   100            500       -1.78772800e+01       9.866919e-03
   200            250       -1.78772800e+01       1.195045e-02
   500            100       -1.78772800e+01       1.512073e-02
0 0.010738897758956782 0.015120732532653874
Stocahstic error estimate: 1.073890e-02

step=1,E=-0.2979546669484437,dE=-0.02114064672027762,err=0.00017898162931594637,gmax=0.24357381696390945
	collect g,Hv time= 0.45866870880126953
niter= 39
	solver time=0.2092747688293457,exit status=0
	g=2.1575549039015023,del=3.051403042798109,dot=5.54300652840758,x=16.94981382918537
	prob= 2.0040483706414232e-10
	burn in time= 1.7389986515045166
	sample time= 69.30808353424072
	contraction err= 1.4525729321023393e-15 4.694232127432948e-15

Mean energy: -1.88492263e+01
Block size    # of blocks        Mean                Error
     1           50000       -1.88492263e+01       9.173709e-03
     2           25000       -1.88492263e+01       9.183447e-03
     5           10000       -1.88492263e+01       9.162164e-03
    10           5000       -1.88492263e+01       9.198538e-03
    20           2500       -1.88492263e+01       9.209963e-03
    50           1000       -1.88492263e+01       9.301635e-03
    70            714       -1.88491495e+01       9.419344e-03
   100            500       -1.88492263e+01       9.571679e-03
   200            250       -1.88492263e+01       1.182577e-02
   500            100       -1.88492263e+01       1.554536e-02
0 0.009183447450802063 0.015545356241202603
Stocahstic error estimate: 9.183447e-03

step=2,E=-0.3141537710822895,dE=-0.016199104133845784,err=0.00015305745751336772,gmax=0.20518161139610935
	collect g,Hv time= 0.46025586128234863
	solver time=0.23062992095947266,exit status=0
niter= 44
	g=1.8220096806706416,del=2.979956770923448,dot=3.9119826010695866,x=16.949813829185373
	prob= 5.20237933790305e-10
	burn in time= 1.7855801582336426
	sample time= 69.49691128730774
	contraction err= 1.4534840191806646e-15 4.552639691589993e-15

Mean energy: -1.95692121e+01
Block size    # of blocks        Mean                Error
     1           50000       -1.95692121e+01       7.880065e-03
     2           25000       -1.95692121e+01       7.905588e-03
     5           10000       -1.95692121e+01       7.915172e-03
    10           5000       -1.95692121e+01       7.841192e-03
    20           2500       -1.95692121e+01       7.816333e-03
    50           1000       -1.95692121e+01       7.962782e-03
    70            714       -1.95693019e+01       8.144730e-03
   100            500       -1.95692121e+01       8.300454e-03
   200            250       -1.95692121e+01       1.028584e-02
   500            100       -1.95692121e+01       1.332479e-02
0 0.007905588473097889 0.01332479402671188
Stocahstic error estimate: 7.905588e-03

step=3,E=-0.3261535349143845,dE=-0.011999763832095016,err=0.0001317598078849648,gmax=0.19731010265578508
	collect g,Hv time= 0.4613494873046875
niter= 46
	solver time=0.23754167556762695,exit status=0
	g=1.5126228939921582,del=2.9046659530576417,dot=2.768439120054921,x=16.949813829185377
	prob= 9.949946498384377e-10
	burn in time= 1.8029000759124756
	sample time= 69.40848565101624
	contraction err= 1.426962068372363e-15 4.9707649115851216e-15

Mean energy: -2.00630638e+01
Block size    # of blocks        Mean                Error
     1           50000       -2.00630638e+01       6.862390e-03
     2           25000       -2.00630638e+01       6.887332e-03
     5           10000       -2.00630638e+01       6.896169e-03
    10           5000       -2.00630638e+01       6.971819e-03
    20           2500       -2.00630638e+01       7.109570e-03
    50           1000       -2.00630638e+01       7.253366e-03
    70            714       -2.00628480e+01       7.312228e-03
   100            500       -2.00630638e+01       7.602580e-03
   200            250       -2.00630638e+01       8.863998e-03
   500            100       -2.00630638e+01       1.170976e-02
0 0.006887332224653283 0.011709763976756278
Stocahstic error estimate: 6.887332e-03

step=4,E=-0.33438439630812344,dE=-0.00823086139373898,err=0.00011478887041088806,gmax=0.15544803664376516
	collect g,Hv time= 0.46205639839172363
niter= 46
	solver time=0.23779821395874023,exit status=0
	g=1.317672100499158,del=2.9219191229015826,dot=1.979504770991795,x=16.949813829185373
	prob= 1.4927351451706725e-09
	burn in time= 1.8410634994506836
	sample time= 69.59733772277832
	contraction err= 1.4336334687943771e-15 7.21738428343813e-15

Mean energy: -2.04262332e+01
Block size    # of blocks        Mean                Error
     1           50000       -2.04262332e+01       6.005079e-03
     2           25000       -2.04262332e+01       6.040791e-03
     5           10000       -2.04262332e+01       6.012864e-03
    10           5000       -2.04262332e+01       6.049970e-03
    20           2500       -2.04262332e+01       5.985844e-03
    50           1000       -2.04262332e+01       6.041592e-03
    70            714       -2.04261837e+01       6.062417e-03
   100            500       -2.04262332e+01       6.067240e-03
   200            250       -2.04262332e+01       7.032080e-03
   500            100       -2.04262332e+01       8.476958e-03
0 0.006040790848919331 0.00847695824990292
Stocahstic error estimate: 6.040791e-03

step=5,E=-0.34043721993737464,dE=-0.006052823629251177,err=0.00010067984748198886,gmax=0.11984257785134433
	collect g,Hv time= 0.4597456455230713
niter= 47
	solver time=0.24648427963256836,exit status=0
	g=1.1240724412196987,del=2.915271792327212,dot=1.4302747002611989,x=16.949813829185377
	prob= 1.9480801596256764e-09
	burn in time= 1.8165955543518066
	sample time= 69.8204972743988
	contraction err= 1.4179787113030452e-15 1.1918633432273653e-14

Mean energy: -2.06763736e+01
Block size    # of blocks        Mean                Error
     1           50000       -2.06763736e+01       5.465299e-03
     2           25000       -2.06763736e+01       5.459487e-03
     5           10000       -2.06763736e+01       5.414409e-03
    10           5000       -2.06763736e+01       5.402740e-03
    20           2500       -2.06763736e+01       5.313844e-03
    50           1000       -2.06763736e+01       5.231005e-03
    70            714       -2.06765221e+01       5.063621e-03
   100            500       -2.06763736e+01       5.104990e-03
   200            250       -2.06763736e+01       5.438987e-03
   500            100       -2.06763736e+01       6.245755e-03
0 0.00546529872697157 0.006245754779904699
Stocahstic error estimate: 5.465299e-03

step=6,E=-0.34460622668544405,dE=-0.004169006748069392,err=9.108831211619284e-05,gmax=0.11025791396519002
	collect g,Hv time= 0.45891880989074707
niter= 48
	solver time=0.252561092376709,exit status=0
	g=1.0086105911668597,del=2.902518813137043,dot=1.1283147786349716,x=16.949813829185373
	prob= 2.2504129567125074e-09
	burn in time= 1.876208782196045
	sample time= 69.84109354019165
	contraction err= 1.418197171727186e-15 8.285113326669342e-15

Mean energy: -2.08853317e+01
Block size    # of blocks        Mean                Error
     1           50000       -2.08853317e+01       4.898897e-03
     2           25000       -2.08853317e+01       4.878134e-03
     5           10000       -2.08853317e+01       4.881402e-03
    10           5000       -2.08853317e+01       4.897540e-03
    20           2500       -2.08853317e+01       4.908514e-03
    50           1000       -2.08853317e+01       4.922505e-03
    70            714       -2.08853363e+01       4.980694e-03
   100            500       -2.08853317e+01       5.189569e-03
   200            250       -2.08853317e+01       5.912116e-03
   500            100       -2.08853317e+01       7.212725e-03
0 0.004898896817180925 0.0072127249871313925
Stocahstic error estimate: 4.898897e-03

step=7,E=-0.34808886198941613,dE=-0.0034826353039720814,err=8.164828028634875e-05,gmax=0.10333377846078262
	collect g,Hv time= 0.4661993980407715
niter= 48
	solver time=0.2539942264556885,exit status=0
	g=0.8769708599358276,del=2.9032052933848203,dot=0.8411252976731406,x=16.949813829185377
	prob= 2.4008323288091045e-09
	burn in time= 1.854527235031128
	sample time= 69.92709541320801
	contraction err= 1.4204332934197967e-15 7.607231608045383e-15

Mean energy: -2.10409185e+01
Block size    # of blocks        Mean                Error
     1           50000       -2.10409185e+01       4.485536e-03
     2           25000       -2.10409185e+01       4.481581e-03
     5           10000       -2.10409185e+01       4.501634e-03
    10           5000       -2.10409185e+01       4.529651e-03
    20           2500       -2.10409185e+01       4.490334e-03
    50           1000       -2.10409185e+01       4.486232e-03
    70            714       -2.10408956e+01       4.612296e-03
   100            500       -2.10409185e+01       4.613182e-03
   200            250       -2.10409185e+01       5.096174e-03
   500            100       -2.10409185e+01       6.124540e-03
0 0.004485536491162159 0.0061245396223439386
Stocahstic error estimate: 4.485536e-03

step=8,E=-0.35068197461345485,dE=-0.002593112624038755,err=7.475894151936931e-05,gmax=0.09535907995917103
	collect g,Hv time= 0.4623415470123291
niter= 48
	solver time=0.25235629081726074,exit status=0
	g=0.7937363676258696,del=2.9304600627037547,dot=0.6549517225043562,x=16.949813829185373
	prob= 2.4881551787894673e-09
	burn in time= 1.872471809387207
	sample time= 69.70646977424622
	contraction err= 1.4268842442703163e-15 3.46210784293729e-14

Mean energy: -2.11722886e+01
Block size    # of blocks        Mean                Error
     1           50000       -2.11722886e+01       4.188813e-03
     2           25000       -2.11722886e+01       4.207103e-03
     5           10000       -2.11722886e+01       4.209641e-03
    10           5000       -2.11722886e+01       4.190290e-03
    20           2500       -2.11722886e+01       4.246662e-03
    50           1000       -2.11722886e+01       4.153802e-03
    70            714       -2.11721298e+01       4.296539e-03
   100            500       -2.11722886e+01       4.307782e-03
   200            250       -2.11722886e+01       4.770839e-03
   500            100       -2.11722886e+01       5.495315e-03
0 0.004207102643603872 0.0054953154256612066
Stocahstic error estimate: 4.207103e-03

step=9,E=-0.35287147719995876,dE=-0.0021895025865038774,err=7.011837739339787e-05,gmax=0.09054097434711483
	collect g,Hv time= 0.46069812774658203
	solver time=0.23558640480041504,exit status=0
niter= 46
	g=0.7604290970895802,del=2.5537670921663147,dot=0.5378838981016874,x=16.949813829185377
	prob= 2.4559618340409894e-09
	burn in time= 1.8037567138671875
	sample time= 69.73598885536194
	contraction err= 1.4225398234315728e-15 1.3522126930320296e-14

Mean energy: -2.12496543e+01
Block size    # of blocks        Mean                Error
     1           50000       -2.12496543e+01       4.033344e-03
     2           25000       -2.12496543e+01       4.041349e-03
     5           10000       -2.12496543e+01       4.026310e-03
    10           5000       -2.12496543e+01       3.989466e-03
    20           2500       -2.12496543e+01       4.002612e-03
    50           1000       -2.12496543e+01       3.974303e-03
    70            714       -2.12495749e+01       3.936643e-03
   100            500       -2.12496543e+01       3.965394e-03
   200            250       -2.12496543e+01       4.371064e-03
   500            100       -2.12496543e+01       5.022248e-03
0 0.004041349125067774 0.005022248247709221
Stocahstic error estimate: 4.041349e-03

step=10,E=-0.35416090421390917,dE=-0.0012894270139504134,err=6.735581875112958e-05,gmax=0.0857144829671519
	collect g,Hv time= 0.4705483913421631
	solver time=0.25589442253112793,exit status=0
niter= 49
	g=0.6995479050152865,del=2.9912812641239173,dot=0.46809967921330053,x=16.949813829185373
	prob= 2.29918413398641e-09
	burn in time= 1.8716142177581787
	sample time= 69.98344779014587
	contraction err= 1.4248233339558421e-15 1.1494582954361525e-14

Mean energy: -2.13311493e+01
Block size    # of blocks        Mean                Error
     1           50000       -2.13311493e+01       3.864660e-03
     2           25000       -2.13311493e+01       3.850138e-03
     5           10000       -2.13311493e+01       3.868541e-03
    10           5000       -2.13311493e+01       3.861709e-03
    20           2500       -2.13311493e+01       3.854852e-03
    50           1000       -2.13311493e+01       3.907094e-03
    70            714       -2.13309999e+01       3.802181e-03
   100            500       -2.13311493e+01       3.868036e-03
   200            250       -2.13311493e+01       4.362353e-03
   500            100       -2.13311493e+01       5.158195e-03
0 0.003864659660512563 0.005158194537293519
Stocahstic error estimate: 3.864660e-03

step=11,E=-0.3555191552346733,dE=-0.00135825102076416,err=6.441099434187605e-05,gmax=0.07308226533701756
	collect g,Hv time= 0.46547842025756836
	solver time=0.2473907470703125,exit status=0
niter= 47
	g=0.7161118487183175,del=2.7416300040241923,dot=0.42232989276899624,x=16.949813829185377
	prob= 2.115912365344259e-09
	burn in time= 1.8060283660888672
	sample time= 70.10229206085205
	contraction err= 1.4540589416027879e-15 2.0415877654514217e-14

Mean energy: -2.14092376e+01
Block size    # of blocks        Mean                Error
     1           50000       -2.14092376e+01       3.728390e-03
     2           25000       -2.14092376e+01       3.730126e-03
     5           10000       -2.14092376e+01       3.716468e-03
    10           5000       -2.14092376e+01       3.763930e-03
    20           2500       -2.14092376e+01       3.834895e-03
    50           1000       -2.14092376e+01       3.784511e-03
    70            714       -2.14094551e+01       3.750159e-03
   100            500       -2.14092376e+01       3.872532e-03
   200            250       -2.14092376e+01       4.291919e-03
   500            100       -2.14092376e+01       5.240561e-03
0 0.0037301259615317925 0.00524056107782351
Stocahstic error estimate: 3.730126e-03

step=12,E=-0.35682062716323787,dE=-0.0013014719285645644,err=6.216876602552988e-05,gmax=0.18101923492754324
	collect g,Hv time= 0.4695706367492676
niter= 48
	solver time=0.2511124610900879,exit status=0
	g=0.8200701741950572,del=2.475879755245857,dot=0.39697860724881584,x=16.949813829185377
	prob= 1.947805434582145e-09
	burn in time= 1.8613245487213135
	sample time= 70.00953245162964
	contraction err= 1.4562886414883574e-15 3.7723998780504106e-14

Mean energy: -2.14528414e+01
Block size    # of blocks        Mean                Error
     1           50000       -2.14528414e+01       3.599032e-03
     2           25000       -2.14528414e+01       3.600860e-03
     5           10000       -2.14528414e+01       3.626049e-03
    10           5000       -2.14528414e+01       3.619392e-03
    20           2500       -2.14528414e+01       3.690975e-03
    50           1000       -2.14528414e+01       3.815024e-03
    70            714       -2.14527596e+01       3.727056e-03
   100            500       -2.14528414e+01       3.804776e-03
   200            250       -2.14528414e+01       4.350675e-03
   500            100       -2.14528414e+01       5.304184e-03
0 0.0036008599045984305 0.0053041837766620685
Stocahstic error estimate: 3.600860e-03

step=13,E=-0.35754735725035874,dE=-0.0007267300871208822,err=6.0014331743307173e-05,gmax=0.06710306944673139
	collect g,Hv time= 0.46433019638061523
niter= 48
	solver time=0.2514066696166992,exit status=0
	g=0.7135992955688767,del=2.445687534005897,dot=0.3350109090005914,x=16.94981382918538
	prob= 1.7245770157138952e-09
	burn in time= 1.8043208122253418
	sample time= 69.89352583885193
	contraction err= 1.4972987831066006e-15 1.422507213370625e-14

Mean energy: -2.14961760e+01
Block size    # of blocks        Mean                Error
     1           50000       -2.14961760e+01       3.544154e-03
     2           25000       -2.14961760e+01       3.544849e-03
     5           10000       -2.14961760e+01       3.571537e-03
    10           5000       -2.14961760e+01       3.594722e-03
    20           2500       -2.14961760e+01       3.614274e-03
    50           1000       -2.14961760e+01       3.640725e-03
    70            714       -2.14961471e+01       3.476314e-03
   100            500       -2.14961760e+01       3.569847e-03
   200            250       -2.14961760e+01       3.777307e-03
   500            100       -2.14961760e+01       4.385926e-03
0 0.0035448490380836075 0.004385925885897086
Stocahstic error estimate: 3.544849e-03

step=14,E=-0.3582696007424194,dE=-0.0007222434920606702,err=5.908081730139346e-05,gmax=0.06186037074724737
	collect g,Hv time= 0.4626603126525879
niter= 47
	solver time=0.24250197410583496,exit status=0
	g=0.7393899196543162,del=2.464702254936415,dot=0.3368354788468325,x=16.94981382918538
	prob= 1.5553905433511374e-09
	burn in time= 1.8811330795288086
	sample time= 69.79787492752075
	contraction err= 1.4730112734993631e-15 4.506477048965457e-14

Mean energy: -2.15406871e+01
Block size    # of blocks        Mean                Error
     1           50000       -2.15406871e+01       3.558871e-03
     2           25000       -2.15406871e+01       3.548992e-03
     5           10000       -2.15406871e+01       3.522159e-03
    10           5000       -2.15406871e+01       3.504147e-03
    20           2500       -2.15406871e+01       3.514460e-03
    50           1000       -2.15406871e+01       3.569495e-03
    70            714       -2.15407034e+01       3.492568e-03
   100            500       -2.15406871e+01       3.504701e-03
   200            250       -2.15406871e+01       3.990368e-03
   500            100       -2.15406871e+01       4.823214e-03
0 0.003558871328544841 0.004823214149399533
Stocahstic error estimate: 3.558871e-03

step=15,E=-0.3590114511630839,dE=-0.0007418504206645101,err=5.931452214241402e-05,gmax=0.07240775914864717
	collect g,Hv time= 0.46372079849243164
	solver time=0.15139102935791016,exit status=0
niter= 29
	g=0.780675773505954,del=1.4762137605268464,dot=0.3126940079640812,x=16.94981382918538
	prob= 1.5084544320222638e-09
	burn in time= 1.7994730472564697
	sample time= 70.09947681427002
	contraction err= 1.4962645586530667e-15 1.4570678517525573e-14

Mean energy: -2.16075152e+01
Block size    # of blocks        Mean                Error
     1           50000       -2.16075152e+01       3.302830e-03
     2           25000       -2.16075152e+01       3.295196e-03
     5           10000       -2.16075152e+01       3.311285e-03
    10           5000       -2.16075152e+01       3.302245e-03
    20           2500       -2.16075152e+01       3.326758e-03
    50           1000       -2.16075152e+01       3.228733e-03
    70            714       -2.16075605e+01       3.392567e-03
   100            500       -2.16075152e+01       3.290322e-03
   200            250       -2.16075152e+01       3.714883e-03
   500            100       -2.16075152e+01       4.650803e-03
0 0.0033028300560138425 0.00465080347763586
Stocahstic error estimate: 3.302830e-03

step=16,E=-0.360125253017479,dE=-0.0011138018543950543,err=5.504716760023071e-05,gmax=0.07166217457140256
	collect g,Hv time= 0.46572279930114746
	solver time=0.24089670181274414,exit status=0
niter= 46
	g=0.7540210805810174,del=2.1409302626267515,dot=0.27765953170119173,x=16.949813829185384
	prob= 1.3498184803131433e-09
	burn in time= 1.852752685546875
	sample time= 70.11462712287903
	contraction err= 1.5293590677801841e-15 1.7945195863553852e-14

Mean energy: -2.16304632e+01
Block size    # of blocks        Mean                Error
     1           50000       -2.16304632e+01       3.367273e-03
     2           25000       -2.16304632e+01       3.363759e-03
     5           10000       -2.16304632e+01       3.388199e-03
    10           5000       -2.16304632e+01       3.392932e-03
    20           2500       -2.16304632e+01       3.369137e-03
    50           1000       -2.16304632e+01       3.296736e-03
    70            714       -2.16303843e+01       3.317746e-03
   100            500       -2.16304632e+01       3.221722e-03
   200            250       -2.16304632e+01       3.677319e-03
   500            100       -2.16304632e+01       4.332158e-03
0 0.0033672731210197225 0.004332157584020669
Stocahstic error estimate: 3.367273e-03

step=17,E=-0.3605077199337163,dE=-0.0003824669162372748,err=5.612121868366204e-05,gmax=0.07420758716464704
	collect g,Hv time= 0.46575212478637695
niter= 46
	solver time=0.24086356163024902,exit status=0
	g=0.8142481681627424,del=2.188074853413948,dot=0.30091377492614163,x=16.949813829185377
	prob= 1.2091138622966074e-09
	burn in time= 1.8122639656066895
	sample time= 70.1092529296875
	contraction err= 1.534821263219895e-15 1.970630645630708e-14

Mean energy: -2.16800608e+01
Block size    # of blocks        Mean                Error
     1           50000       -2.16800608e+01       3.217244e-03
     2           25000       -2.16800608e+01       3.211477e-03
     5           10000       -2.16800608e+01       3.248831e-03
    10           5000       -2.16800608e+01       3.234581e-03
    20           2500       -2.16800608e+01       3.221890e-03
    50           1000       -2.16800608e+01       3.282550e-03
    70            714       -2.16799829e+01       3.161770e-03
   100            500       -2.16800608e+01       3.089509e-03
   200            250       -2.16800608e+01       3.264133e-03
   500            100       -2.16800608e+01       3.815204e-03
0 0.0032172442171123183 0.003815203711478369
Stocahstic error estimate: 3.217244e-03

step=18,E=-0.3613343470895675,dE=-0.0008266271558512746,err=5.3620736951871975e-05,gmax=0.08432888659358873
	collect g,Hv time= 0.4601452350616455
	solver time=0.2456073760986328,exit status=0
niter= 47
	g=0.8539956780979167,del=1.920497689182461,dot=0.2772565557240858,x=16.949813829185373
	prob= 1.0753764842778025e-09
	burn in time= 1.842339038848877
	sample time= 70.04161429405212
	contraction err= 1.5660428203801325e-15 6.71619178443187e-14

Mean energy: -2.17311890e+01
Block size    # of blocks        Mean                Error
     1           50000       -2.17311890e+01       3.142832e-03
     2           25000       -2.17311890e+01       3.149103e-03
     5           10000       -2.17311890e+01       3.139888e-03
    10           5000       -2.17311890e+01       3.178908e-03
    20           2500       -2.17311890e+01       3.234165e-03
    50           1000       -2.17311890e+01       3.293141e-03
    70            714       -2.17311538e+01       3.295884e-03
   100            500       -2.17311890e+01       3.263850e-03
   200            250       -2.17311890e+01       3.801307e-03
   500            100       -2.17311890e+01       4.709635e-03
0 0.0031491034028448993 0.004709634649332644
Stocahstic error estimate: 3.149103e-03

step=19,E=-0.36218648392288555,dE=-0.0008521368333180253,err=5.2485056714081656e-05,gmax=0.64757148301763
	collect g,Hv time= 0.47108888626098633
	solver time=0.15558457374572754,exit status=0
niter= 30
	g=1.71251086000514,del=1.0525362885865703,dot=0.2543168494902217,x=16.949813829185377
	prob= 9.9103022770795e-10
	burn in time= 1.797276496887207
	sample time= 69.91130185127258
	contraction err= 1.5818400329394812e-15 2.894357589095539e-14

Mean energy: -2.17546983e+01
Block size    # of blocks        Mean                Error
     1           50000       -2.17546983e+01       2.979385e-03
     2           25000       -2.17546983e+01       2.973138e-03
     5           10000       -2.17546983e+01       2.979035e-03
    10           5000       -2.17546983e+01       2.972781e-03
    20           2500       -2.17546983e+01       3.010744e-03
    50           1000       -2.17546983e+01       3.071331e-03
    70            714       -2.17547104e+01       3.012199e-03
   100            500       -2.17546983e+01       3.053692e-03
   200            250       -2.17546983e+01       3.269100e-03
   500            100       -2.17546983e+01       3.932323e-03
0 0.0029793845043276103 0.00393232257765712
Stocahstic error estimate: 2.979385e-03

step=20,E=-0.36257830458025175,dE=-0.00039182065736618197,err=4.9656408405460174e-05,gmax=0.10854320223712577
	collect g,Hv time= 0.4632701873779297
niter= 38
	solver time=0.19713640213012695,exit status=0
	g=0.9014419795446835,del=1.174310714152873,dot=0.2111431950055077,x=16.949813829185377
	prob= 8.989143870225183e-10
	burn in time= 1.8121883869171143
	sample time= 70.08756995201111
	contraction err= 1.6103162421399662e-15 8.044124241714051e-14

Mean energy: -2.17786121e+01
Block size    # of blocks        Mean                Error
     1           50000       -2.17786121e+01       3.004813e-03
     2           25000       -2.17786121e+01       3.000816e-03
     5           10000       -2.17786121e+01       3.007395e-03
    10           5000       -2.17786121e+01       3.032721e-03
    20           2500       -2.17786121e+01       3.072289e-03
    50           1000       -2.17786121e+01       3.080431e-03
    70            714       -2.17786392e+01       3.048106e-03
   100            500       -2.17786121e+01       3.006650e-03
   200            250       -2.17786121e+01       3.302827e-03
   500            100       -2.17786121e+01       4.116247e-03
0 0.0030048133836552936 0.004116246673614852
Stocahstic error estimate: 3.004813e-03

step=21,E=-0.3629768686130237,dE=-0.00039856403277192717,err=5.008022306092156e-05,gmax=0.11125604748721685
	collect g,Hv time= 0.4641537666320801
	solver time=0.2398972511291504,exit status=0
niter= 46
	g=0.9976870613981532,del=1.5039896144657043,dot=0.2385109394023656,x=16.949813829185377
	prob= 8.347942919217353e-10
	burn in time= 1.8000249862670898
	sample time= 70.18591070175171
	contraction err= 1.6407444516699823e-15 8.124483011385406e-14

Mean energy: -2.18080292e+01
Block size    # of blocks        Mean                Error
     1           50000       -2.18080292e+01       3.009379e-03
     2           25000       -2.18080292e+01       3.008823e-03
     5           10000       -2.18080292e+01       3.028024e-03
    10           5000       -2.18080292e+01       3.057828e-03
    20           2500       -2.18080292e+01       3.049829e-03
    50           1000       -2.18080292e+01       3.095599e-03
    70            714       -2.18080926e+01       3.181723e-03
   100            500       -2.18080292e+01       3.161655e-03
   200            250       -2.18080292e+01       3.705892e-03
   500            100       -2.18080292e+01       4.679836e-03
0 0.0030093793925134965 0.004679836204790847
Stocahstic error estimate: 3.009379e-03

step=22,E=-0.36346715382052763,dE=-0.0004902852075039377,err=5.015632320855828e-05,gmax=0.15621518764921483
	collect g,Hv time= 0.4659445285797119
	solver time=0.22342395782470703,exit status=0
niter= 43
	g=1.1962646949163647,del=1.2842968254584308,dot=0.23938892219264274,x=16.949813829185377
	prob= 7.483056753028118e-10
	burn in time= 1.8271334171295166
	sample time= 70.24392676353455
	contraction err= 1.6489136713086233e-15 3.3945441131193043e-14

Mean energy: -2.18507672e+01
Block size    # of blocks        Mean                Error
     1           50000       -2.18507672e+01       2.880445e-03
     2           25000       -2.18507672e+01       2.871278e-03
     5           10000       -2.18507672e+01       2.865961e-03
    10           5000       -2.18507672e+01       2.878804e-03
    20           2500       -2.18507672e+01       2.851619e-03
    50           1000       -2.18507672e+01       2.928418e-03
    70            714       -2.18507056e+01       2.867510e-03
   100            500       -2.18507672e+01       2.844909e-03
   200            250       -2.18507672e+01       3.158578e-03
   500            100       -2.18507672e+01       3.749276e-03
0 0.0028804445511262213 0.0037492764380731448
Stocahstic error estimate: 2.880445e-03

step=23,E=-0.36417945290409864,dE=-0.0007122990835710515,err=4.800740918543702e-05,gmax=0.17887224936403623
	collect g,Hv time= 0.46433234214782715
niter= 47
	solver time=0.2444772720336914,exit status=0
	g=1.0691593870745157,del=1.3668873726826933,dot=0.22685965281867512,x=16.949813829185373
	prob= 6.598023700234711e-10
	burn in time= 1.8684523105621338
	sample time= 70.24664831161499
	contraction err= 1.6818502279155945e-15 3.941454148072029e-14

Mean energy: -2.18777620e+01
Block size    # of blocks        Mean                Error
     1           50000       -2.18777620e+01       2.833711e-03
     2           25000       -2.18777620e+01       2.812368e-03
     5           10000       -2.18777620e+01       2.798787e-03
    10           5000       -2.18777620e+01       2.781583e-03
    20           2500       -2.18777620e+01       2.754653e-03
    50           1000       -2.18777620e+01       2.635439e-03
    70            714       -2.18777739e+01       2.667479e-03
   100            500       -2.18777620e+01       2.511865e-03
   200            250       -2.18777620e+01       2.831976e-03
   500            100       -2.18777620e+01       3.254630e-03
0 0.0028337113384633125 0.0032546304005525674
Stocahstic error estimate: 2.833711e-03

step=24,E=-0.36462936675728413,dE=-0.0004499138531854759,err=4.7228522307721876e-05,gmax=0.1140339698116275
	collect g,Hv time= 0.4624173641204834
	solver time=0.24216127395629883,exit status=0
niter= 47
	g=1.001525243925622,del=1.3285423335011322,dot=0.22402381134122806,x=16.94981382918538
	prob= 5.95811464183525e-10
	burn in time= 1.8299963474273682
	sample time= 70.00802540779114
	contraction err= 1.7085504440428015e-15 2.134891989520135e-14

Mean energy: -2.19011447e+01
Block size    # of blocks        Mean                Error
     1           50000       -2.19011447e+01       2.778683e-03
     2           25000       -2.19011447e+01       2.777153e-03
     5           10000       -2.19011447e+01       2.784421e-03
    10           5000       -2.19011447e+01       2.797127e-03
    20           2500       -2.19011447e+01       2.822251e-03
    50           1000       -2.19011447e+01       2.823746e-03
    70            714       -2.19010891e+01       2.787842e-03
   100            500       -2.19011447e+01       2.880573e-03
   200            250       -2.19011447e+01       3.125716e-03
   500            100       -2.19011447e+01       3.907006e-03
0 0.0027786830060378856 0.003907005747268913
Stocahstic error estimate: 2.778683e-03

step=25,E=-0.3650190779122326,dE=-0.00038971115494845776,err=4.631138343396476e-05,gmax=0.11983516451585796
	collect g,Hv time= 0.4659886360168457
niter= 47
	solver time=0.24200105667114258,exit status=0
	g=0.9652209144750282,del=1.3354458146639074,dot=0.21552130530142172,x=16.94981382918537
	prob= 5.330144484734032e-10
	burn in time= 1.7366883754730225
	sample time= 70.06628227233887
	contraction err= 1.7316610435837332e-15 3.321431526941548e-14

Mean energy: -2.19243748e+01
Block size    # of blocks        Mean                Error
     1           50000       -2.19243748e+01       2.703140e-03
     2           25000       -2.19243748e+01       2.705147e-03
     5           10000       -2.19243748e+01       2.727964e-03
    10           5000       -2.19243748e+01       2.734845e-03
    20           2500       -2.19243748e+01       2.717820e-03
    50           1000       -2.19243748e+01       2.700351e-03
    70            714       -2.19242791e+01       2.652506e-03
   100            500       -2.19243748e+01       2.622378e-03
   200            250       -2.19243748e+01       2.881371e-03
   500            100       -2.19243748e+01       3.516890e-03
0 0.0027051470850095656 0.003516890099356461
Stocahstic error estimate: 2.705147e-03

step=26,E=-0.3654062462443998,dE=-0.00038716833216720186,err=4.5085784750159426e-05,gmax=0.11564886697034282
	collect g,Hv time= 0.46524524688720703
niter= 48
	solver time=0.25138068199157715,exit status=0
	g=1.1042747488851314,del=1.239147178764013,dot=0.20047071714833786,x=16.949813829185377
	prob= 5.026603937282088e-10
	burn in time= 1.8668975830078125
	sample time= 70.25061130523682
	contraction err= 1.715274650541639e-15 2.8444125912782906e-14

Mean energy: -2.19321187e+01
Block size    # of blocks        Mean                Error
     1           50000       -2.19321187e+01       2.801540e-03
     2           25000       -2.19321187e+01       2.798033e-03
     5           10000       -2.19321187e+01       2.792540e-03
    10           5000       -2.19321187e+01       2.790987e-03
    20           2500       -2.19321187e+01       2.815821e-03
    50           1000       -2.19321187e+01       2.780104e-03
    70            714       -2.19322162e+01       2.851173e-03
   100            500       -2.19321187e+01       2.769709e-03
   200            250       -2.19321187e+01       3.183326e-03
   500            100       -2.19321187e+01       4.230327e-03
0 0.0028015402247744217 0.0042303274338237875
Stocahstic error estimate: 2.801540e-03

step=27,E=-0.36553531202212947,dE=-0.00012906577772966443,err=4.669233707957369e-05,gmax=0.10806007316065092
	collect g,Hv time= 0.46617746353149414
	solver time=0.25104689598083496,exit status=0
niter= 48
	g=1.0765572641672705,del=1.2464029638102645,dot=0.22216013845128968,x=16.949813829185377
	prob= 4.4732970728116904e-10
	burn in time= 1.8549151420593262
	sample time= 70.35989689826965
	contraction err= 1.7537154249246542e-15 1.0706104294905503e-13

Mean energy: -2.19728705e+01
Block size    # of blocks        Mean                Error
     1           50000       -2.19728705e+01       2.480566e-03
     2           25000       -2.19728705e+01       2.482238e-03
     5           10000       -2.19728705e+01       2.462569e-03
    10           5000       -2.19728705e+01       2.471945e-03
    20           2500       -2.19728705e+01       2.407416e-03
    50           1000       -2.19728705e+01       2.418653e-03
    70            714       -2.19728965e+01       2.373007e-03
   100            500       -2.19728705e+01       2.370557e-03
   200            250       -2.19728705e+01       2.650109e-03
   500            100       -2.19728705e+01       3.223402e-03
0 0.0024822379392193984 0.003223401834177253
Stocahstic error estimate: 2.482238e-03

step=28,E=-0.36621450817794987,dE=-0.0006791961558204088,err=4.1370632320323304e-05,gmax=0.1300531052827233
	collect g,Hv time= 0.4655122756958008
niter= 43
	solver time=0.22656702995300293,exit status=0
	g=1.0278051943662534,del=0.9496697137130009,dot=0.16130224050784947,x=16.949813829185373
	prob= 4.073871953741862e-10
	burn in time= 1.8544692993164062
	sample time= 70.32741641998291
	contraction err= 1.7898965702937745e-15 3.8783416292057086e-14

Mean energy: -2.19841422e+01
Block size    # of blocks        Mean                Error
     1           50000       -2.19841422e+01       2.466240e-03
     2           25000       -2.19841422e+01       2.469121e-03
     5           10000       -2.19841422e+01       2.438988e-03
    10           5000       -2.19841422e+01       2.418768e-03
    20           2500       -2.19841422e+01       2.381383e-03
    50           1000       -2.19841422e+01       2.308072e-03
    70            714       -2.19841284e+01       2.345304e-03
   100            500       -2.19841422e+01       2.377239e-03
   200            250       -2.19841422e+01       2.642271e-03
   500            100       -2.19841422e+01       3.318542e-03
0 0.002469120634605169 0.003318541928381064
Stocahstic error estimate: 2.469121e-03

step=29,E=-0.3664023692316901,dE=-0.00018786105374021627,err=4.115201057675282e-05,gmax=0.10694479992795003
	collect g,Hv time= 0.46721625328063965
	solver time=0.25211453437805176,exit status=0
niter= 48
	g=1.0030529263184813,del=1.0775803981733116,dot=0.16783326345247954,x=16.949813829185377
	prob= 3.678271777699167e-10
	burn in time= 1.8940925598144531
	sample time= 70.06346917152405
	contraction err= 1.7663368564003989e-15 5.210372054162268e-14

Mean energy: -2.20156705e+01
Block size    # of blocks        Mean                Error
     1           50000       -2.20156705e+01       2.467314e-03
     2           25000       -2.20156705e+01       2.475674e-03
     5           10000       -2.20156705e+01       2.453262e-03
    10           5000       -2.20156705e+01       2.439640e-03
    20           2500       -2.20156705e+01       2.449682e-03
    50           1000       -2.20156705e+01       2.453926e-03
    70            714       -2.20156088e+01       2.445706e-03
   100            500       -2.20156705e+01       2.411749e-03
   200            250       -2.20156705e+01       2.581972e-03
   500            100       -2.20156705e+01       3.284645e-03
0 0.0024756744470127733 0.0032846446005277766
Stocahstic error estimate: 2.475674e-03

step=30,E=-0.36692784122578126,dE=-0.0005254719940911793,err=4.126124078354622e-05,gmax=0.18925625067701723
	collect g,Hv time= 0.4668240547180176
niter= 45
	solver time=0.23276257514953613,exit status=0
	g=1.229193149063837,del=0.8688147609681521,dot=0.16300898668698688,x=16.949813829185377
	prob= 3.5611603997567153e-10
	burn in time= 1.8046865463256836
	sample time= 70.07217860221863
	contraction err= 1.7704448718388181e-15 4.398008973950294e-14

Mean energy: -2.20182898e+01
Block size    # of blocks        Mean                Error
     1           50000       -2.20182898e+01       2.504247e-03
     2           25000       -2.20182898e+01       2.506452e-03
     5           10000       -2.20182898e+01       2.500846e-03
    10           5000       -2.20182898e+01       2.482429e-03
    20           2500       -2.20182898e+01       2.452640e-03
    50           1000       -2.20182898e+01       2.496868e-03
    70            714       -2.20183192e+01       2.504420e-03
   100            500       -2.20182898e+01       2.574313e-03
   200            250       -2.20182898e+01       3.038004e-03
   500            100       -2.20182898e+01       4.017997e-03
0 0.0025064515935052786 0.004017997116129008
Stocahstic error estimate: 2.506452e-03

step=31,E=-0.36697149702131665,dE=-4.365579553535781e-05,err=4.177419322508798e-05,gmax=0.11128602245645602
	collect g,Hv time= 0.4678976535797119
niter= 48
	solver time=0.25138330459594727,exit status=0
	g=1.061219823220539,del=1.067123957062069,dot=0.1854055913766478,x=16.949813829185373
	prob= 3.3432563542553497e-10
	burn in time= 1.8560514450073242
	sample time= 70.335857629776
	contraction err= 1.7396859191817978e-15 3.068458146349132e-14

Mean energy: -2.20489121e+01
Block size    # of blocks        Mean                Error
     1           50000       -2.20489121e+01       2.323631e-03
     2           25000       -2.20489121e+01       2.320445e-03
     5           10000       -2.20489121e+01       2.330836e-03
    10           5000       -2.20489121e+01       2.332295e-03
    20           2500       -2.20489121e+01       2.307226e-03
    50           1000       -2.20489121e+01       2.304951e-03
    70            714       -2.20489278e+01       2.337954e-03
   100            500       -2.20489121e+01       2.344144e-03
   200            250       -2.20489121e+01       2.790119e-03
   500            100       -2.20489121e+01       3.598830e-03
0 0.0023236307288576805 0.0035988301224559043
Stocahstic error estimate: 2.323631e-03

step=32,E=-0.36748186872027494,dE=-0.0005103716989583045,err=3.8727178814294674e-05,gmax=0.1021061352579462
	collect g,Hv time= 0.4687325954437256
niter= 48
	solver time=0.25366950035095215,exit status=0
	g=1.0206361063006641,del=0.9759815266050452,dot=0.15148685306360765,x=16.949813829185377
	prob= 3.028010718223618e-10
	burn in time= 1.8677501678466797
	sample time= 70.3179714679718
	contraction err= 1.75587214430066e-15 5.362334898836041e-14

Mean energy: -2.20771831e+01
Block size    # of blocks        Mean                Error
     1           50000       -2.20771831e+01       2.224850e-03
     2           25000       -2.20771831e+01       2.226801e-03
     5           10000       -2.20771831e+01       2.240031e-03
    10           5000       -2.20771831e+01       2.274514e-03
    20           2500       -2.20771831e+01       2.255775e-03
    50           1000       -2.20771831e+01       2.245037e-03
    70            714       -2.20771596e+01       2.307690e-03
   100            500       -2.20771831e+01       2.315630e-03
   200            250       -2.20771831e+01       2.709251e-03
   500            100       -2.20771831e+01       3.508213e-03
0 0.0022268011985113892 0.0035082130155961273
Stocahstic error estimate: 2.226801e-03

step=33,E=-0.36795305239371373,dE=-0.00047118367343882046,err=3.711335330852315e-05,gmax=0.11959530673756014
	collect g,Hv time= 0.467132568359375
niter= 47
	solver time=0.2540431022644043,exit status=0
	g=0.9349632697427334,del=0.8704208970315317,dot=0.12471626407469114,x=16.949813829185377
	prob= 2.7348958937578706e-10
	burn in time= 1.8101015090942383
	sample time= 70.30935025215149
	contraction err= 1.7682488835424435e-15 3.120918207025344e-14

Mean energy: -2.20887052e+01
Block size    # of blocks        Mean                Error
     1           50000       -2.20887052e+01       2.193985e-03
     2           25000       -2.20887052e+01       2.201637e-03
     5           10000       -2.20887052e+01       2.197953e-03
    10           5000       -2.20887052e+01       2.168769e-03
    20           2500       -2.20887052e+01       2.174708e-03
    50           1000       -2.20887052e+01       2.154998e-03
    70            714       -2.20887104e+01       2.138637e-03
   100            500       -2.20887052e+01       2.053762e-03
   200            250       -2.20887052e+01       2.364097e-03
   500            100       -2.20887052e+01       3.020293e-03
0 0.0022016365518761952 0.0030202929937220534
Stocahstic error estimate: 2.201637e-03

step=34,E=-0.3681450865311795,dE=-0.00019203413746572787,err=3.669394253126992e-05,gmax=0.11972779270684875
	collect g,Hv time= 0.4630136489868164
	solver time=0.25292468070983887,exit status=0
niter= 48
	g=0.9725652875959773,del=0.950217829099476,dot=0.13393453843978104,x=16.949813829185377
	prob= 2.529752960664252e-10
	burn in time= 1.8551454544067383
	sample time= 70.23012924194336
	contraction err= 1.7542675551087721e-15 4.139714838298242e-14

Mean energy: -2.21108189e+01
Block size    # of blocks        Mean                Error
     1           50000       -2.21108189e+01       2.100154e-03
     2           25000       -2.21108189e+01       2.083481e-03
     5           10000       -2.21108189e+01       2.093974e-03
    10           5000       -2.21108189e+01       2.100631e-03
    20           2500       -2.21108189e+01       2.137472e-03
    50           1000       -2.21108189e+01       2.096775e-03
    70            714       -2.21107337e+01       2.110413e-03
   100            500       -2.21108189e+01       2.178845e-03
   200            250       -2.21108189e+01       2.502526e-03
   500            100       -2.21108189e+01       3.323348e-03
0 0.002100153802559192 0.0033233481351667236
Stocahstic error estimate: 2.100154e-03

step=35,E=-0.36851364868230013,dE=-0.00036856215112065864,err=3.500256337598653e-05,gmax=0.10469334843124134
	collect g,Hv time= 0.4646172523498535
niter= 48
	solver time=0.24790716171264648,exit status=0
	g=0.9449753587849781,del=0.8161045750393059,dot=0.12634707424390854,x=16.94981382918538
	prob= 2.334941505220654e-10
	burn in time= 1.8340108394622803
	sample time= 70.07806825637817
	contraction err= 1.7602900838862474e-15 2.958597765718727e-14

Mean energy: -2.21255937e+01
Block size    # of blocks        Mean                Error
     1           50000       -2.21255937e+01       2.006653e-03
     2           25000       -2.21255937e+01       1.996310e-03
     5           10000       -2.21255937e+01       1.992874e-03
    10           5000       -2.21255937e+01       1.974180e-03
    20           2500       -2.21255937e+01       1.953582e-03
    50           1000       -2.21255937e+01       1.931343e-03
    70            714       -2.21255766e+01       1.909030e-03
   100            500       -2.21255937e+01       1.843839e-03
   200            250       -2.21255937e+01       2.127385e-03
   500            100       -2.21255937e+01       2.442574e-03
0 0.002006653366267231 0.0024425738328734507
Stocahstic error estimate: 2.006653e-03

step=36,E=-0.36875989435788425,dE=-0.00024624567558409656,err=3.344422277112052e-05,gmax=0.09657291764175202
	collect g,Hv time= 0.46976733207702637
niter= 49
	solver time=0.25291943550109863,exit status=0
	g=0.9263102078072579,del=0.8014593088492378,dot=0.11023522341203958,x=16.94981382918538
	prob= 2.1192620547879472e-10
	burn in time= 1.8471717834472656
	sample time= 70.32453966140747
	contraction err= 1.7721801102715586e-15 3.0312656284077547e-14

Mean energy: -2.21356490e+01
Block size    # of blocks        Mean                Error
     1           50000       -2.21356490e+01       2.016691e-03
     2           25000       -2.21356490e+01       2.016441e-03
     5           10000       -2.21356490e+01       2.029047e-03
    10           5000       -2.21356490e+01       2.001621e-03
    20           2500       -2.21356490e+01       2.029546e-03
    50           1000       -2.21356490e+01       2.024379e-03
    70            714       -2.21356023e+01       1.984380e-03
   100            500       -2.21356490e+01       2.032912e-03
   200            250       -2.21356490e+01       2.328383e-03
   500            100       -2.21356490e+01       2.899629e-03
0 0.0020166913647536337 0.002899628826987453
Stocahstic error estimate: 2.016691e-03

step=37,E=-0.3689274828227674,dE=-0.00016758846488311717,err=3.3611522745893895e-05,gmax=0.10886693731916885
	collect g,Hv time= 0.475355863571167
	solver time=0.2568955421447754,exit status=0
niter= 49
	g=0.9564907433490663,del=0.8093400561478638,dot=0.11546195200461228,x=16.949813829185377
	prob= 1.9518618941187715e-10
	burn in time= 1.881528377532959
	sample time= 70.34826636314392
	contraction err= 1.7844876679218027e-15 3.631835657150533e-14

Mean energy: -2.21479907e+01
Block size    # of blocks        Mean                Error
     1           50000       -2.21479907e+01       1.935684e-03
     2           25000       -2.21479907e+01       1.932878e-03
     5           10000       -2.21479907e+01       1.918134e-03
    10           5000       -2.21479907e+01       1.916821e-03
    20           2500       -2.21479907e+01       1.935413e-03
    50           1000       -2.21479907e+01       1.881979e-03
    70            714       -2.21479786e+01       1.943319e-03
   100            500       -2.21479907e+01       1.952653e-03
   200            250       -2.21479907e+01       2.287787e-03
   500            100       -2.21479907e+01       3.032121e-03
0 0.0019356835457096293 0.0030321208577674757
Stocahstic error estimate: 1.935684e-03

step=38,E=-0.36913317912964794,dE=-0.00020569630688059467,err=3.226139242849382e-05,gmax=0.11848919339030495
	collect g,Hv time= 0.46778154373168945
niter= 48
	solver time=0.25221943855285645,exit status=0
	g=0.940388740710586,del=0.7287574847147908,dot=0.09983234212610106,x=16.94981382918538
	prob= 1.81497428615328e-10
	burn in time= 1.8148906230926514
	sample time= 70.37176561355591
	contraction err= 1.8180701233169183e-15 3.4009744926693725e-14

Mean energy: -2.21551141e+01
Block size    # of blocks        Mean                Error
     1           50000       -2.21551141e+01       2.087000e-03
     2           25000       -2.21551141e+01       2.084323e-03
     5           10000       -2.21551141e+01       2.066604e-03
    10           5000       -2.21551141e+01       2.067789e-03
    20           2500       -2.21551141e+01       2.050754e-03
    50           1000       -2.21551141e+01       1.981041e-03
    70            714       -2.21551440e+01       1.983720e-03
   100            500       -2.21551141e+01       1.921013e-03
   200            250       -2.21551141e+01       2.130203e-03
   500            100       -2.21551141e+01       2.842234e-03
0 0.0020869995820639643 0.0028422342247244855
Stocahstic error estimate: 2.087000e-03

step=39,E=-0.3692519020734839,dE=-0.00011872294383596937,err=3.478332636773274e-05,gmax=0.08612141899295556
	collect g,Hv time= 0.47115421295166016
niter= 50
	solver time=0.26194310188293457,exit status=0
	g=0.9936766812778973,del=0.8100037288737065,dot=0.13026370186575228,x=16.94981382918538
	prob= 1.7176201172174596e-10
	burn in time= 1.863682508468628
	sample time= 70.35246753692627
	contraction err= 1.7843444046704113e-15 3.792626250474926e-14

Mean energy: -2.21764512e+01
Block size    # of blocks        Mean                Error
     1           50000       -2.21764512e+01       1.860783e-03
     2           25000       -2.21764512e+01       1.853211e-03
     5           10000       -2.21764512e+01       1.844527e-03
    10           5000       -2.21764512e+01       1.844243e-03
    20           2500       -2.21764512e+01       1.857531e-03
    50           1000       -2.21764512e+01       1.835548e-03
    70            714       -2.21764209e+01       1.790279e-03
   100            500       -2.21764512e+01       1.797230e-03
   200            250       -2.21764512e+01       2.020763e-03
   500            100       -2.21764512e+01       2.502175e-03
0 0.001860782948263154 0.002502174982685386
Stocahstic error estimate: 1.860783e-03

step=40,E=-0.36960751950570586,dE=-0.0003556174322219145,err=3.101304913771923e-05,gmax=0.14882443931235922
	collect g,Hv time= 0.46640872955322266
	solver time=0.2626955509185791,exit status=0
niter= 51
	g=0.9056032983213863,del=0.7036371275656023,dot=0.09982250770218502,x=16.94981382918538
	prob= 1.6004501312986804e-10
	burn in time= 1.8353548049926758
	sample time= 70.11935186386108
	contraction err= 1.7458574461936517e-15 6.859893517489476e-14

Mean energy: -2.21785245e+01
Block size    # of blocks        Mean                Error
     1           50000       -2.21785245e+01       2.011816e-03
     2           25000       -2.21785245e+01       2.001306e-03
     5           10000       -2.21785245e+01       2.006749e-03
    10           5000       -2.21785245e+01       1.993114e-03
    20           2500       -2.21785245e+01       1.984201e-03
    50           1000       -2.21785245e+01       1.950272e-03
    70            714       -2.21785483e+01       1.974671e-03
   100            500       -2.21785245e+01       1.966662e-03
   200            250       -2.21785245e+01       2.282014e-03
   500            100       -2.21785245e+01       2.744912e-03
0 0.0020118163030704663 0.0027449118291330283
Stocahstic error estimate: 2.011816e-03

step=41,E=-0.3696420756164193,dE=-3.455611071346472e-05,err=3.3530271717841104e-05,gmax=0.11089036147056941
	collect g,Hv time= 0.46744298934936523
niter= 48
	solver time=0.24735212326049805,exit status=0
	g=0.8901821710976258,del=0.7727697614379916,dot=0.11612943457235038,x=16.949813829185377
	prob= 1.504383394781592e-10
	burn in time= 1.8848488330841064
	sample time= 70.26851797103882
	contraction err= 1.7551287194573722e-15 4.2480773989657534e-14

Mean energy: -2.21982789e+01
Block size    # of blocks        Mean                Error
     1           50000       -2.21982789e+01       1.886995e-03
     2           25000       -2.21982789e+01       1.882874e-03
     5           10000       -2.21982789e+01       1.879174e-03
    10           5000       -2.21982789e+01       1.874084e-03
    20           2500       -2.21982789e+01       1.861126e-03
    50           1000       -2.21982789e+01       1.876780e-03
    70            714       -2.21983198e+01       1.861216e-03
   100            500       -2.21982789e+01       1.823245e-03
   200            250       -2.21982789e+01       2.081814e-03
   500            100       -2.21982789e+01       2.470408e-03
0 0.001886995385651216 0.0024704084496694955
Stocahstic error estimate: 1.886995e-03

step=42,E=-0.36997131557490615,dE=-0.00032923995848683775,err=3.1449923094186935e-05,gmax=0.10044966892879792
	collect g,Hv time= 0.46816372871398926
niter= 49
	solver time=0.25597596168518066,exit status=0
	g=0.9162446795411694,del=0.7273488185265818,dot=0.10378522688221034,x=16.949813829185377
	prob= 1.4162296621744424e-10
	burn in time= 1.8046684265136719
	sample time= 70.40853571891785
	contraction err= 1.7296676874670408e-15 4.358647337868176e-14

Mean energy: -2.22100457e+01
Block size    # of blocks        Mean                Error
     1           50000       -2.22100457e+01       1.757712e-03
     2           25000       -2.22100457e+01       1.755855e-03
     5           10000       -2.22100457e+01       1.764232e-03
    10           5000       -2.22100457e+01       1.768780e-03
    20           2500       -2.22100457e+01       1.768605e-03
    50           1000       -2.22100457e+01       1.755829e-03
    70            714       -2.22100143e+01       1.746556e-03
   100            500       -2.22100457e+01       1.736575e-03
   200            250       -2.22100457e+01       1.982235e-03
   500            100       -2.22100457e+01       2.493940e-03
0 0.0017577116454035812 0.002493940445223454
Stocahstic error estimate: 1.757712e-03

step=43,E=-0.37016742893975396,dE=-0.00019611336484780159,err=2.9295194090059688e-05,gmax=0.10146487366009538
	collect g,Hv time= 0.46636295318603516
niter= 50
	solver time=0.26268839836120605,exit status=0
	g=0.8895492881698658,del=0.6532805938975541,dot=0.09533875934037622,x=16.94981382918538
	prob= 1.327457556975571e-10
	burn in time= 1.8252849578857422
	sample time= 70.42205429077148
	contraction err= 1.7334284377020623e-15 3.8565416611985604e-14

Mean energy: -2.22112932e+01
Block size    # of blocks        Mean                Error
     1           50000       -2.22112932e+01       1.993581e-03
     2           25000       -2.22112932e+01       1.991874e-03
     5           10000       -2.22112932e+01       2.008558e-03
    10           5000       -2.22112932e+01       1.979559e-03
    20           2500       -2.22112932e+01       2.010869e-03
    50           1000       -2.22112932e+01       2.030330e-03
    70            714       -2.22112487e+01       1.994910e-03
   100            500       -2.22112932e+01       1.994383e-03
   200            250       -2.22112932e+01       2.360479e-03
   500            100       -2.22112932e+01       3.278271e-03
0 0.001993581241859108 0.003278270922060971
Stocahstic error estimate: 1.993581e-03

step=44,E=-0.37018821965514,dE=-2.0790715386039455e-05,err=3.3226354030985134e-05,gmax=0.09722746912417524
	collect g,Hv time= 0.46883392333984375
niter= 49
	solver time=0.25643062591552734,exit status=0
	g=0.945349993739572,del=0.7879969704238731,dot=0.1278494703032591,x=16.949813829185377
	prob= 1.2572508725260186e-10
	burn in time= 1.7911372184753418
	sample time= 70.42576789855957
	contraction err= 1.7013257214190684e-15 3.942312346021476e-14

Mean energy: -2.22366735e+01
Block size    # of blocks        Mean                Error
     1           50000       -2.22366735e+01       1.708926e-03
     2           25000       -2.22366735e+01       1.714459e-03
     5           10000       -2.22366735e+01       1.700436e-03
    10           5000       -2.22366735e+01       1.699394e-03
    20           2500       -2.22366735e+01       1.707162e-03
    50           1000       -2.22366735e+01       1.696864e-03
    70            714       -2.22366902e+01       1.750751e-03
   100            500       -2.22366735e+01       1.735567e-03
   200            250       -2.22366735e+01       2.111733e-03
   500            100       -2.22366735e+01       2.679958e-03
0 0.0017144593242270111 0.0026799579453775173
Stocahstic error estimate: 1.714459e-03

step=45,E=-0.37061122489899495,dE=-0.00042300524385498287,err=2.8574322070450185e-05,gmax=0.2262686928504234
	collect g,Hv time= 0.46642088890075684
niter= 51
	solver time=0.2686164379119873,exit status=0
	g=0.9742151233477284,del=0.6215971677284792,dot=0.08928070554013086,x=16.94981382918538
	prob= 1.1438018515154045e-10
	burn in time= 1.7902491092681885
	sample time= 70.20378136634827
	contraction err= 1.7133996702214331e-15 2.494292105006118e-14

Mean energy: -2.22453663e+01
Block size    # of blocks        Mean                Error
     1           50000       -2.22453663e+01       1.704145e-03
     2           25000       -2.22453663e+01       1.703076e-03
     5           10000       -2.22453663e+01       1.697958e-03
    10           5000       -2.22453663e+01       1.697824e-03
    20           2500       -2.22453663e+01       1.718644e-03
    50           1000       -2.22453663e+01       1.737865e-03
    70            714       -2.22453781e+01       1.747313e-03
   100            500       -2.22453663e+01       1.716435e-03
   200            250       -2.22453663e+01       1.974960e-03
   500            100       -2.22453663e+01       2.630342e-03
0 0.0017041447895823209 0.0026303424592300046
Stocahstic error estimate: 1.704145e-03

step=46,E=-0.3707561052989414,dE=-0.0001448803999464232,err=2.8402413159705348e-05,gmax=0.08529498715524308
	collect g,Hv time= 0.4647204875946045
niter= 50
	solver time=0.2597062587738037,exit status=0
	g=0.9173678956883693,del=0.6133549783966139,dot=0.08998695797371159,x=16.949813829185377
	prob= 1.0720566718890763e-10
	burn in time= 1.793921947479248
	sample time= 70.21012544631958
	contraction err= 1.710454213038977e-15 3.588748553026676e-14

Mean energy: -2.22461849e+01
Block size    # of blocks        Mean                Error
     1           50000       -2.22461849e+01       1.738352e-03
     2           25000       -2.22461849e+01       1.740157e-03
     5           10000       -2.22461849e+01       1.722128e-03
    10           5000       -2.22461849e+01       1.716109e-03
    20           2500       -2.22461849e+01       1.705664e-03
    50           1000       -2.22461849e+01       1.645832e-03
    70            714       -2.22461886e+01       1.640040e-03
   100            500       -2.22461849e+01       1.615739e-03
   200            250       -2.22461849e+01       1.799094e-03
   500            100       -2.22461849e+01       2.195562e-03
0 0.001740156507676866 0.0021955617804686207
Stocahstic error estimate: 1.740157e-03

step=47,E=-0.37076974912223776,dE=-1.3643823296346133e-05,err=2.90026084612811e-05,gmax=0.08475865399377724
	collect g,Hv time= 0.4669044017791748
	solver time=0.2387099266052246,exit status=0
niter= 46
	g=0.8595586842161521,del=0.5823240736287207,dot=0.10343241082774413,x=16.94981382918538
	prob= 1.0349352162896198e-10
	burn in time= 1.7847692966461182
	sample time= 70.45741176605225
	contraction err= 1.721326902685151e-15 4.996518987109131e-14

Mean energy: -2.22555468e+01
Block size    # of blocks        Mean                Error
     1           50000       -2.22555468e+01       1.705200e-03
     2           25000       -2.22555468e+01       1.708627e-03
     5           10000       -2.22555468e+01       1.716862e-03
    10           5000       -2.22555468e+01       1.695850e-03
    20           2500       -2.22555468e+01       1.702302e-03
    50           1000       -2.22555468e+01       1.694542e-03
    70            714       -2.22555327e+01       1.720423e-03
   100            500       -2.22555468e+01       1.708929e-03
   200            250       -2.22555468e+01       1.960978e-03
   500            100       -2.22555468e+01       2.342723e-03
0 0.0017086266175658413 0.0023427231482574962
Stocahstic error estimate: 1.708627e-03

step=48,E=-0.3709257794795636,dE=-0.0001560303573259129,err=2.8477110292764022e-05,gmax=0.11802013121715227
	collect g,Hv time= 0.46742987632751465
niter= 48
	solver time=0.2515108585357666,exit status=0
	g=0.9170704326230389,del=0.5221054009613268,dot=0.08196005067358016,x=16.949813829185373
	prob= 9.578702828307798e-11
	burn in time= 1.798783779144287
	sample time= 70.47721648216248
	contraction err= 1.6556193361171986e-15 7.671120960910923e-14

Mean energy: -2.22687864e+01
Block size    # of blocks        Mean                Error
     1           50000       -2.22687864e+01       1.641932e-03
     2           25000       -2.22687864e+01       1.640845e-03
     5           10000       -2.22687864e+01       1.634644e-03
    10           5000       -2.22687864e+01       1.625971e-03
    20           2500       -2.22687864e+01       1.642731e-03
    50           1000       -2.22687864e+01       1.620247e-03
    70            714       -2.22687970e+01       1.685733e-03
   100            500       -2.22687864e+01       1.590565e-03
   200            250       -2.22687864e+01       1.877416e-03
   500            100       -2.22687864e+01       2.352749e-03
0 0.0016419317765932748 0.002352748817493271
Stocahstic error estimate: 1.641932e-03

step=49,E=-0.3711464402250116,dE=-0.00022066074544794626,err=2.7365529609887913e-05,gmax=0.08688638358604761
	collect g,Hv time= 0.4676237106323242
	solver time=0.2574636936187744,exit status=0
niter= 49
	g=0.8043301618660639,del=0.7021995004531292,dot=0.09643515713836467,x=16.949813829185373
