[[ 0.13293  -0.991125]
 [ 0.756408 -0.6541  ]
 [ 0.561189 -0.827688]
 [ 0.352382 -0.935856]
 [ 0.705194 -0.709015]
 [ 0.758899 -0.651209]
 [ 0.991208 -0.132311]
 [ 0.586377 -0.810038]
 [ 0.680185 -0.733041]
 [ 0.286832 -0.957981]
 [ 0.87339  -0.487022]
 [ 0.956711 -0.29104 ]
 [ 0.625064 -0.780573]
 [ 0.907451 -0.420157]
 [ 0.373361 -0.927686]
 [ 0.917544 -0.397633]
 [ 0.566047 -0.824373]
 [ 0.834136 -0.551558]
 [ 0.54586  -0.837876]
 [ 0.841885 -0.539657]
 [ 0.974559 -0.22413 ]
 [ 0.866735 -0.49877 ]
 [ 0.373079 -0.9278  ]
 [ 0.859334 -0.511416]
 [ 0.530093 -0.847939]
 [ 0.227258 -0.973835]
 [ 0.665188 -0.746676]
 [ 0.856703 -0.515809]
 [ 0.504446 -0.863443]
 [ 0.87735  -0.479851]
 [ 0.949474 -0.313847]
 [ 0.827621 -0.561287]
 [ 0.619601 -0.784917]
 [ 0.490669 -0.871346]
 [ 0.844458 -0.535621]
 [ 0.953317  0.30197 ]
 [ 0.803925 -0.594731]
 [ 0.510845 -0.859673]
 [ 0.821351 -0.570423]
 [ 0.678912 -0.73422 ]
 [ 0.631718 -0.775198]
 [ 0.893084 -0.44989 ]
 [ 0.969098 -0.246674]
 [ 0.915505 -0.402306]
 [ 0.938868 -0.344277]
 [ 0.731939 -0.68137 ]
 [ 0.373217 -0.927744]
 [ 0.339784  0.940504]
 [ 0.956138 -0.292918]
 [ 0.501839 -0.864961]
 [ 0.997674 -0.068171]
 [ 0.670855 -0.741589]
 [ 0.802792 -0.596259]
 [ 0.929945  0.367698]
 [ 0.681924 -0.731423]
 [ 0.605023 -0.796208]
 [ 0.378102 -0.925764]
 [ 0.269085 -0.963116]
 [ 0.603678 -0.797228]
 [ 0.90797  -0.419035]
 [ 0.309214 -0.950992]
 [ 0.693146 -0.720797]
 [ 0.824588 -0.565734]
 [ 0.502444 -0.86461 ]
 [ 0.845266 -0.534345]
 [ 0.656738 -0.754119]
 [ 0.56311  -0.826382]
 [ 0.494551 -0.869149]
 [ 0.66264  -0.748938]
 [ 0.945786 -0.32479 ]
 [ 0.892555 -0.450938]
 [ 0.68371  -0.729754]
 [ 0.538223 -0.842802]
 [ 0.880872 -0.473354]
 [ 0.726957 -0.686683]
 [ 0.625931 -0.779879]
 [ 0.513617 -0.85802 ]
 [ 0.744273 -0.667876]
 [ 0.501507 -0.865153]
 [ 0.676271 -0.736653]
 [ 0.687598 -0.726091]
 [ 0.851826 -0.523825]
 [ 0.820653 -0.571427]
 [ 0.053093 -0.99859 ]
 [ 0.698137 -0.715964]
 [ 0.544381 -0.838838]
 [ 0.489711 -0.871885]
 [ 0.772114 -0.635484]
 [ 0.385982 -0.922506]
 [ 0.787049 -0.616891]
 [ 0.838909 -0.544272]
 [ 0.833262 -0.552879]
 [ 0.986558 -0.16341 ]
 [ 0.319772 -0.947494]
 [ 0.595597 -0.803283]
 [ 0.881994  0.471261]
 [ 0.899387 -0.437154]
 [ 0.372542 -0.928015]
 [ 0.622131 -0.782913]
 [ 0.597593 -0.8018  ]
 [ 0.988075 -0.153974]
 [ 0.879684 -0.475559]
 [ 0.678442 -0.734654]
 [ 0.334751 -0.942307]
 [ 0.748444 -0.663198]
 [ 0.144782 -0.989464]
 [ 0.894487 -0.447094]
 [ 0.86566  -0.500633]
 [ 0.495235 -0.868759]
 [ 0.665616 -0.746295]
 [ 0.552676 -0.833396]
 [ 0.630271 -0.776375]
 [ 0.951485 -0.307695]
 [ 0.905459 -0.424434]
 [ 0.464272 -0.885693]
 [ 0.898038 -0.439917]
 [ 0.729189 -0.684312]
 [ 0.933632 -0.358233]
 [ 0.743509 -0.668726]
 [ 0.325106 -0.945678]
 [ 0.304444 -0.95253 ]
 [ 0.688628 -0.725115]
 [ 0.837884 -0.545849]
 [ 0.358844 -0.933398]
 [ 0.768085 -0.640347]
 [ 0.702374 -0.711808]
 [ 0.2431   -0.970001]
 [ 0.863698 -0.504009]
 [ 0.755163 -0.655537]
 [ 0.536716 -0.843763]
 [ 0.547617 -0.836729]
 [ 0.986955 -0.160997]
 [ 0.818837 -0.574026]
 [ 0.834493 -0.551018]
 [ 0.946687 -0.322153]
 [ 0.678834 -0.734292]
 [ 0.533506 -0.845797]
 [ 0.652436 -0.757844]
 [ 0.592993 -0.805208]
 [ 0.640171 -0.768233]
 [ 0.69078  -0.723065]
 [ 0.571991 -0.82026 ]
 [ 0.923733 -0.383037]
 [ 0.350088 -0.936717]
 [ 0.903     0.429642]
 [ 0.636692 -0.771119]
 [ 0.436622 -0.899645]
 [ 0.998918  0.046507]
 [ 0.48728  -0.873246]
 [ 0.605483 -0.795858]
 [ 0.920899 -0.389802]
 [ 0.78843  -0.615124]
 [ 0.119121 -0.99288 ]
 [ 0.6011   -0.799174]
 [ 0.892089 -0.451859]
 [ 0.772588 -0.634908]
 [ 0.946742 -0.321994]
 [ 0.443961 -0.896046]
 [ 0.60904  -0.79314 ]
 [ 0.366069 -0.930588]]
rgn= True
L= 160
sample size= 20000

nparam= 320
	log prob= -149.88707367402262
	burn in time= 0.49466562271118164
	sample time= 6.107097625732422
	contraction err= 0.0 0.0
nsamples= 20048

Mean energy: -1.22517495e+02
Block size    # of blocks        Mean                Error
     1           20048       -1.22517495e+02       4.916829e-02
     2           10024       -1.22517495e+02       4.977143e-02
     5           4009       -1.22517922e+02       4.910950e-02
    10           2004       -1.22517921e+02       4.894440e-02
    20           1002       -1.22517921e+02       5.004205e-02
    50            400       -1.22519313e+02       4.896728e-02
    70            286       -1.22520152e+02       4.753926e-02
   100            200       -1.22519313e+02       4.438521e-02
   200            100       -1.22519313e+02       4.458384e-02
   500             40       -1.22519313e+02       4.828843e-02
Stocahstic error estimate: 4.977143e-02

step=0,E=-0.7657343441265116,dE=0.0,err=0.0003110714406766855,gmax=1.2479811326406036
	collect g,Hv time= 0.18246102333068848
niter= 5
	solver time=0.003098726272583008,exit status=0
	collect S matrix time= 0.017721891403198242
	collect H matrix time= 0.012864828109741211
	RGN solver time=0.03208637237548828,least eigenvalue=0.0019999999315695864,eps=0.5
pure_newton= False
	solver time=0.017572402954101562,exit status=0
niter= 19
hessian inversion error= 0.000323837995545177
rgn delta error= 0.00047417636862955064
	log prob= -117.17193980392167
	burn in time= 0.5135669708251953
	sample time= 5.835657835006714
	contraction err= 0.0 0.0
nsamples= 20048

Mean energy: -1.38146636e+02
Block size    # of blocks        Mean                Error
     1           20048       -1.38146636e+02       4.068946e-02
     2           10024       -1.38146636e+02       4.073084e-02
     5           4009       -1.38146897e+02       4.150635e-02
    10           2004       -1.38147162e+02       4.134762e-02
    20           1002       -1.38147162e+02       4.092236e-02
    50            400       -1.38146771e+02       4.182249e-02
    70            286       -1.38146063e+02       4.131922e-02
   100            200       -1.38146771e+02       4.103355e-02
   200            100       -1.38146771e+02       4.195237e-02
   500             40       -1.38146771e+02       4.318529e-02
Stocahstic error estimate: 4.073084e-02

	predict=-9.016233186859669,actual=(array([-15.629141]), array([0.040731]))
	g=7.03257398364786,del=3.123400431215536,dot=18.032467437535104,x=13.02903028832022

nparam= 320
	log prob= -117.17193980392167
	burn in time= 0.5136077404022217
	sample time= 6.3509557247161865
	contraction err= 0.0 0.0
nsamples= 20048

Mean energy: -1.38186004e+02
Block size    # of blocks        Mean                Error
     1           20048       -1.38186004e+02       4.070416e-02
     2           10024       -1.38186004e+02       4.106444e-02
     5           4009       -1.38186118e+02       4.121626e-02
    10           2004       -1.38186269e+02       4.124850e-02
    20           1002       -1.38186269e+02       4.146149e-02
    50            400       -1.38185419e+02       4.111051e-02
    70            286       -1.38185870e+02       4.326190e-02
   100            200       -1.38185419e+02       4.102576e-02
   200            100       -1.38185419e+02       4.144045e-02
   500             40       -1.38185419e+02       4.518114e-02
Stocahstic error estimate: 4.106444e-02

step=1,E=-0.8636625219101252,dE=-0.09792817778361344,err=0.00025665274990794386,gmax=0.9516635763389658
	collect g,Hv time= 0.18457293510437012
	solver time=0.0026769638061523438,exit status=0
niter= 5
	collect S matrix time= 0.01691412925720215
	collect H matrix time= 0.013179540634155273
	RGN solver time=0.031363487243652344,least eigenvalue=0.0019999999464411257,eps=0.5
pure_newton= False
	solver time=0.010310173034667969,exit status=0
niter= 11
hessian inversion error= 0.00029380912666427794
rgn delta error= 9.28908039110734e-05
	log prob= -109.59404130623045
	burn in time= 0.5425269603729248
	sample time= 6.075252056121826
	contraction err= 0.0 0.0
nsamples= 20048

Mean energy: -1.48053878e+02
Block size    # of blocks        Mean                Error
     1           20048       -1.48053878e+02       3.146045e-02
     2           10024       -1.48053878e+02       3.541403e-02
     5           4009       -1.48054314e+02       4.082198e-02
    10           2004       -1.48053201e+02       4.572497e-02
    20           1002       -1.48053201e+02       5.075784e-02
    50            400       -1.48049229e+02       5.458995e-02
    70            286       -1.48050749e+02       5.538510e-02
   100            200       -1.48049229e+02       5.873800e-02
   200            100       -1.48049229e+02       5.694929e-02
   500             40       -1.48049229e+02       5.349931e-02
Stocahstic error estimate: 5.538510e-02

	predict=-5.784573842606141,actual=(array([-9.867875]), array([0.055385]))
	g=5.798436381443898,del=2.1743894475570023,dot=11.569147782105919,x=12.834639436665938

nparam= 320
	log prob= -109.59404130623045
	burn in time= 0.540968656539917
	sample time= 6.574068069458008
	contraction err= 0.0 0.0
nsamples= 20048

Mean energy: -1.48084843e+02
Block size    # of blocks        Mean                Error
     1           20048       -1.48084843e+02       3.192899e-02
     2           10024       -1.48084843e+02       3.582328e-02
     5           4009       -1.48084683e+02       4.227750e-02
    10           2004       -1.48084018e+02       4.691403e-02
    20           1002       -1.48084018e+02       5.317355e-02
    50            400       -1.48088921e+02       5.986248e-02
    70            286       -1.48087857e+02       6.185486e-02
   100            200       -1.48088921e+02       6.316358e-02
   200            100       -1.48088921e+02       6.405202e-02
   500             40       -1.48088921e+02       6.593914e-02
Stocahstic error estimate: 6.185486e-02

step=2,E=-0.9255302697119607,dE=-0.06186774780183555,err=0.0003865928734915338,gmax=0.7831137344470562
	collect g,Hv time= 0.18624424934387207
	solver time=0.003042936325073242,exit status=0
niter= 6
	collect S matrix time= 0.015455484390258789
	collect H matrix time= 0.01317906379699707
	RGN solver time=0.03007793426513672,least eigenvalue=0.0019999999549173745,eps=0.5
pure_newton= False
	solver time=0.008388280868530273,exit status=0
niter= 9
hessian inversion error= 0.00010032182182364438
rgn delta error= 2.7079181937163336e-05
	log prob= -113.86128590553068
	burn in time= 0.5363640785217285
	sample time= 5.9831202030181885
	contraction err= 0.0 0.0
nsamples= 20048

Mean energy: -1.53100518e+02
Block size    # of blocks        Mean                Error
     1           20048       -1.53100518e+02       2.497336e-02
     2           10024       -1.53100518e+02       2.584016e-02
     5           4009       -1.53100512e+02       2.688695e-02
    10           2004       -1.53100451e+02       2.733419e-02
    20           1002       -1.53100451e+02       2.850423e-02
    50            400       -1.53099860e+02       2.824983e-02
    70            286       -1.53100628e+02       2.949377e-02
   100            200       -1.53099860e+02       2.801188e-02
   200            100       -1.53099860e+02       2.838530e-02
   500             40       -1.53099860e+02       2.937634e-02
Stocahstic error estimate: 2.584016e-02

	predict=-2.8363139147866168,actual=(array([-5.015675]), array([0.02584]))
	g=4.5585437473746335,del=1.2725395570903815,dot=5.672628632200123,x=12.712960195200065

nparam= 320
	log prob= -113.86128590553068
	burn in time= 0.5388596057891846
	sample time= 6.508009910583496
	contraction err= 0.0 0.0
nsamples= 20048

Mean energy: -1.53080980e+02
Block size    # of blocks        Mean                Error
     1           20048       -1.53080980e+02       2.491230e-02
     2           10024       -1.53080980e+02       2.582692e-02
     5           4009       -1.53081183e+02       2.704442e-02
    10           2004       -1.53081192e+02       2.749800e-02
    20           1002       -1.53081192e+02       2.873135e-02
    50            400       -1.53079662e+02       2.948591e-02
    70            286       -1.53079928e+02       3.078846e-02
   100            200       -1.53079662e+02       3.036522e-02
   200            100       -1.53079662e+02       2.930513e-02
   500             40       -1.53079662e+02       2.513841e-02
Stocahstic error estimate: 2.582692e-02

step=3,E=-0.9567561269130955,dE=-0.031225857201134844,err=0.00016141825291488354,gmax=0.7632287225106325
	collect g,Hv time= 0.18487024307250977
	solver time=0.0023305416107177734,exit status=0
niter= 5
	collect S matrix time= 0.0166628360748291
	collect H matrix time= 0.012997627258300781
	RGN solver time=0.03024601936340332,least eigenvalue=0.0019999999436168337,eps=0.5
pure_newton= False
	solver time=0.007618904113769531,exit status=0
niter= 8
hessian inversion error= 9.850884841354813e-05
rgn delta error= 2.6611803267245332e-05
	log prob= -122.29464705233731
	burn in time= 0.5345795154571533
	sample time= 5.87139105796814
	contraction err= 0.0 0.0
nsamples= 20048

Mean energy: -1.56115503e+02
Block size    # of blocks        Mean                Error
     1           20048       -1.56115503e+02       1.917429e-02
     2           10024       -1.56115503e+02       1.930410e-02
     5           4009       -1.56115775e+02       1.995483e-02
    10           2004       -1.56115409e+02       1.986254e-02
    20           1002       -1.56115409e+02       1.923677e-02
    50            400       -1.56114929e+02       1.890904e-02
    70            286       -1.56115381e+02       1.981063e-02
   100            200       -1.56114929e+02       1.926417e-02
   200            100       -1.56114929e+02       1.910649e-02
   500             40       -1.56114929e+02       1.907192e-02
Stocahstic error estimate: 1.930410e-02

	predict=-1.6980840878322248,actual=(array([-3.034523]), array([0.019304]))
	g=3.528691081052563,del=0.9774466970157,dot=3.396168412163026,x=12.68682001313123

nparam= 320
	log prob= -122.29464705233731
	burn in time= 0.5235629081726074
	sample time= 6.378347873687744
	contraction err= 0.0 0.0
nsamples= 20048

Mean energy: -1.56142681e+02
Block size    # of blocks        Mean                Error
     1           20048       -1.56142681e+02       1.919023e-02
     2           10024       -1.56142681e+02       1.927185e-02
     5           4009       -1.56142828e+02       1.940941e-02
    10           2004       -1.56142537e+02       1.973019e-02
    20           1002       -1.56142537e+02       1.973677e-02
    50            400       -1.56143153e+02       2.053567e-02
    70            286       -1.56143232e+02       2.021862e-02
   100            200       -1.56143153e+02       2.057960e-02
   200            100       -1.56143153e+02       1.932819e-02
   500             40       -1.56143153e+02       2.011159e-02
Stocahstic error estimate: 1.927185e-02

step=4,E=-0.9758917577510106,dE=-0.01913563083791505,err=0.0001204490767478477,gmax=0.690880633798642
	collect g,Hv time= 0.18176531791687012
	solver time=0.002469301223754883,exit status=0
niter= 5
	collect S matrix time= 0.01593947410583496
	collect H matrix time= 0.013121843338012695
	RGN solver time=0.03215980529785156,least eigenvalue=0.001999999952232955,eps=0.5
pure_newton= False
	solver time=0.007452726364135742,exit status=0
hessian inversion error= 0.00010123738489760152
rgn delta error= 2.8621429698057114e-05
niter= 8
	log prob= -135.64890366158966
	burn in time= 0.5104708671569824
	sample time= 5.769495725631714
	contraction err= 0.0 0.0
nsamples= 20048

Mean energy: -1.57871390e+02
Block size    # of blocks        Mean                Error
     1           20048       -1.57871390e+02       1.429312e-02
     2           10024       -1.57871390e+02       1.430352e-02
     5           4009       -1.57871335e+02       1.447317e-02
    10           2004       -1.57871243e+02       1.437517e-02
    20           1002       -1.57871243e+02       1.431842e-02
    50            400       -1.57871718e+02       1.376145e-02
    70            286       -1.57871758e+02       1.380789e-02
   100            200       -1.57871718e+02       1.357405e-02
   200            100       -1.57871718e+02       1.405655e-02
   500             40       -1.57871718e+02       1.255252e-02
Stocahstic error estimate: 1.430352e-02

	predict=-1.0001329828715477,actual=(array([-1.728708]), array([0.014304]))
	g=2.7299718616016944,del=0.7418614285625077,dot=2.000265713757244,x=12.670846790130824

nparam= 320
	log prob= -135.64890366158966
	burn in time= 0.5092661380767822
	sample time= 6.2845189571380615
	contraction err= 0.0 0.0
nsamples= 20048

Mean energy: -1.57877686e+02
Block size    # of blocks        Mean                Error
     1           20048       -1.57877686e+02       1.451797e-02
     2           10024       -1.57877686e+02       1.458656e-02
     5           4009       -1.57877998e+02       1.454826e-02
    10           2004       -1.57877638e+02       1.456206e-02
    20           1002       -1.57877638e+02       1.425304e-02
    50            400       -1.57876752e+02       1.442920e-02
    70            286       -1.57876816e+02       1.380845e-02
   100            200       -1.57876752e+02       1.379416e-02
   200            100       -1.57876752e+02       1.436038e-02
   500             40       -1.57876752e+02       1.589014e-02
Stocahstic error estimate: 1.458656e-02

step=5,E=-0.986735539033541,dE=-0.01084378128253043,err=9.116602041248857e-05,gmax=0.6251201463882765
	collect g,Hv time= 0.18399524688720703
	solver time=0.0027382373809814453,exit status=0
niter= 6
	collect S matrix time= 0.014868021011352539
	collect H matrix time= 0.013178825378417969
	RGN solver time=0.029854536056518555,least eigenvalue=0.0019999999406768946,eps=0.5
pure_newton= False
	solver time=0.008375167846679688,exit status=0
niter= 9
hessian inversion error= 4.541173768055967e-05
rgn delta error= 1.2871622027002976e-05
	log prob= -148.70430636072396
	burn in time= 0.5197274684906006
	sample time= 5.717596054077148
	contraction err= 0.0 0.0
nsamples= 20048

Mean energy: -1.58858236e+02
Block size    # of blocks        Mean                Error
     1           20048       -1.58858236e+02       1.069999e-02
     2           10024       -1.58858236e+02       1.066443e-02
     5           4009       -1.58858223e+02       1.078694e-02
    10           2004       -1.58858390e+02       1.081184e-02
    20           1002       -1.58858390e+02       1.071680e-02
    50            400       -1.58857919e+02       1.095696e-02
    70            286       -1.58858171e+02       1.100133e-02
   100            200       -1.58857919e+02       1.144293e-02
   200            100       -1.58857919e+02       1.195858e-02
   500             40       -1.58857919e+02       1.130048e-02
Stocahstic error estimate: 1.069999e-02

	predict=-0.5879889187099439,actual=(array([-0.98055]), array([0.0107]))
	g=2.0807598832937146,del=0.5740842533250673,dot=1.1759777741373396,x=12.662131444977135

nparam= 320
	log prob= -148.70430636072396
	burn in time= 0.5039620399475098
	sample time= 6.222879648208618
	contraction err= 0.0 0.0
nsamples= 20048

Mean energy: -1.58853714e+02
Block size    # of blocks        Mean                Error
     1           20048       -1.58853714e+02       1.062743e-02
     2           10024       -1.58853714e+02       1.070430e-02
     5           4009       -1.58853643e+02       1.079719e-02
    10           2004       -1.58853815e+02       1.081619e-02
    20           1002       -1.58853815e+02       1.089360e-02
    50            400       -1.58853691e+02       1.105409e-02
    70            286       -1.58853774e+02       1.103198e-02
   100            200       -1.58853691e+02       1.103474e-02
   200            100       -1.58853691e+02       1.125455e-02
   500             40       -1.58853691e+02       1.157844e-02
Stocahstic error estimate: 1.070430e-02

step=6,E=-0.9928357153836401,dE=-0.00610017635009914,err=6.690190541963503e-05,gmax=0.44489532891539696
	collect g,Hv time= 0.18538999557495117
	solver time=0.0027654170989990234,exit status=0
niter= 6
	collect S matrix time= 0.016051530838012695
	collect H matrix time= 0.013161897659301758
	RGN solver time=0.029325246810913086,least eigenvalue=0.001999999927085399,eps=0.5
pure_newton= False
	solver time=0.008363008499145508,exit status=0
niter= 9
hessian inversion error= 4.1037593668763116e-05
rgn delta error= 1.1480371494887704e-05
	log prob= -143.6347201727215
	burn in time= 0.5054094791412354
	sample time= 5.688765287399292
	contraction err= 0.0 0.0
nsamples= 20048

Mean energy: -1.59396953e+02
Block size    # of blocks        Mean                Error
     1           20048       -1.59396953e+02       7.641057e-03
     2           10024       -1.59396953e+02       7.657586e-03
     5           4009       -1.59396937e+02       7.747327e-03
    10           2004       -1.59396957e+02       7.679400e-03
    20           1002       -1.59396957e+02       7.812469e-03
    50            400       -1.59397082e+02       7.765502e-03
    70            286       -1.59397128e+02       7.659249e-03
   100            200       -1.59397082e+02       7.804480e-03
   200            100       -1.59397082e+02       8.046714e-03
   500             40       -1.59397082e+02       7.473967e-03
Stocahstic error estimate: 7.657586e-03

	predict=-0.3180377746414125,actual=(array([-0.543238]), array([0.007658]))
	g=1.5279477517213196,del=0.42553145627385114,dot=0.636075627313534,x=12.656266314372642

nparam= 320
	log prob= -143.6347201727215
	burn in time= 0.505955696105957
	sample time= 6.182631015777588
	contraction err= 0.0 0.0
nsamples= 20048

Mean energy: -1.59398075e+02
Block size    # of blocks        Mean                Error
     1           20048       -1.59398075e+02       7.701710e-03
     2           10024       -1.59398075e+02       7.717207e-03
     5           4009       -1.59398026e+02       7.743370e-03
    10           2004       -1.59398039e+02       7.698931e-03
    20           1002       -1.59398039e+02       7.569055e-03
    50            400       -1.59397650e+02       7.624947e-03
    70            286       -1.59397572e+02       7.892053e-03
   100            200       -1.59397650e+02       7.658818e-03
   200            100       -1.59397650e+02       7.623048e-03
   500             40       -1.59397650e+02       7.298945e-03
Stocahstic error estimate: 7.717207e-03

step=7,E=-0.9962379703457153,dE=-0.003402254962075091,err=4.823254579723515e-05,gmax=0.2781318967026607
	collect g,Hv time= 0.18487811088562012
	solver time=0.002402782440185547,exit status=0
niter= 5
	collect S matrix time= 0.015228271484375
	collect H matrix time= 0.013125896453857422
	RGN solver time=0.031711578369140625,least eigenvalue=0.0019999999257670547,eps=0.5
pure_newton= False
	solver time=0.009937047958374023,exit status=0
niter= 9
hessian inversion error= 2.2209913393080057e-05
rgn delta error= 7.368959027920469e-06
	log prob= -144.9197885257155
	burn in time= 0.49988651275634766
	sample time= 5.635090112686157
	contraction err= 0.0 0.0
nsamples= 20048

Mean energy: -1.59699712e+02
Block size    # of blocks        Mean                Error
     1           20048       -1.59699712e+02       5.508610e-03
     2           10024       -1.59699712e+02       5.535686e-03
     5           4009       -1.59699698e+02       5.632764e-03
    10           2004       -1.59699718e+02       5.548863e-03
    20           1002       -1.59699718e+02       5.454784e-03
    50            400       -1.59699724e+02       5.487359e-03
    70            286       -1.59699729e+02       5.577526e-03
   100            200       -1.59699724e+02       5.445442e-03
   200            100       -1.59699724e+02       5.136996e-03
   500             40       -1.59699724e+02       5.533333e-03
Stocahstic error estimate: 5.535686e-03

	predict=-0.17474485750911944,actual=(array([-0.301637]), array([0.005536]))
	g=1.0953953642709298,del=0.324253966094314,dot=0.3494897577061896,x=12.653266006630693

nparam= 320
	log prob= -144.9197885257155
	burn in time= 0.49155092239379883
	sample time= 6.150241851806641
	contraction err= 0.0 0.0
nsamples= 20048

Mean energy: -1.59695866e+02
Block size    # of blocks        Mean                Error
     1           20048       -1.59695866e+02       5.428415e-03
     2           10024       -1.59695866e+02       5.410036e-03
     5           4009       -1.59695869e+02       5.281667e-03
    10           2004       -1.59695656e+02       5.175261e-03
    20           1002       -1.59695656e+02       5.148440e-03
    50            400       -1.59695690e+02       4.865477e-03
    70            286       -1.59695772e+02       4.829380e-03
   100            200       -1.59695690e+02       4.688133e-03
   200            100       -1.59695690e+02       4.531638e-03
   500             40       -1.59695690e+02       4.729919e-03
Stocahstic error estimate: 5.428415e-03

step=8,E=-0.9980991617222761,dE=-0.001861191376560889,err=3.3927596410855045e-05,gmax=0.17379274633817232
	collect g,Hv time= 0.18496108055114746
	solver time=0.0022885799407958984,exit status=0
niter= 5
	collect S matrix time= 0.02649211883544922
	collect H matrix time= 0.02734375
	RGN solver time=0.030025720596313477,least eigenvalue=0.0019999999158055296,eps=0.5
pure_newton= False
	solver time=0.0076923370361328125,exit status=0
niter= 8
hessian inversion error= 9.003295347183055e-05
rgn delta error= 3.1016293318255314e-05
	log prob= -147.83379982727226
	burn in time= 0.4944922924041748
	sample time= 5.619175434112549
	contraction err= 0.0 0.0
nsamples= 20048

Mean energy: -1.59848762e+02
Block size    # of blocks        Mean                Error
     1           20048       -1.59848762e+02       3.883013e-03
     2           10024       -1.59848762e+02       3.919585e-03
     5           4009       -1.59848759e+02       3.932986e-03
    10           2004       -1.59848683e+02       3.931524e-03
    20           1002       -1.59848683e+02       3.913607e-03
    50            400       -1.59848619e+02       3.880867e-03
    70            286       -1.59848524e+02       4.057318e-03
   100            200       -1.59848619e+02       4.067584e-03
   200            100       -1.59848619e+02       4.065530e-03
   500             40       -1.59848619e+02       4.253038e-03
Stocahstic error estimate: 3.919585e-03

	predict=-0.08782692924552113,actual=(array([-0.152896]), array([0.00392]))
	g=0.7645805842390426,del=0.23375512605119034,dot=0.17565359728365865,x=12.651270349611757

nparam= 320
	log prob= -147.83379982727226
	burn in time= 0.5017478466033936
	sample time= 6.1128363609313965
	contraction err= 0.0 0.0
nsamples= 20048

Mean energy: -1.59855418e+02
Block size    # of blocks        Mean                Error
     1           20048       -1.59855418e+02       3.874671e-03
     2           10024       -1.59855418e+02       3.903661e-03
     5           4009       -1.59855438e+02       3.957610e-03
    10           2004       -1.59855461e+02       4.065128e-03
    20           1002       -1.59855461e+02       4.187977e-03
    50            400       -1.59855726e+02       4.321173e-03
    70            286       -1.59855757e+02       4.198460e-03
   100            200       -1.59855726e+02       4.275179e-03
   200            100       -1.59855726e+02       4.183562e-03
   500             40       -1.59855726e+02       3.606722e-03
Stocahstic error estimate: 3.903661e-03

step=9,E=-0.9990963650929642,dE=-0.0009972033706880268,err=2.439788024118662e-05,gmax=0.10206126521081416
	collect g,Hv time= 0.18186521530151367
	solver time=0.002235889434814453,exit status=0
niter= 5
	collect S matrix time= 0.015863895416259766
	collect H matrix time= 0.013366460800170898
	RGN solver time=0.030185937881469727,least eigenvalue=0.001999999936780357,eps=0.5
pure_newton= False
	solver time=0.007452487945556641,exit status=0
niter= 8
hessian inversion error= 7.606187291593244e-05
rgn delta error= 2.5898492206616334e-05
	log prob= -151.48183540626533
	burn in time= 0.4966435432434082
	sample time= 5.593303203582764
	contraction err= 0.0 0.0
nsamples= 20048

Mean energy: -1.59925137e+02
Block size    # of blocks        Mean                Error
     1           20048       -1.59925137e+02       2.748918e-03
     2           10024       -1.59925137e+02       2.741204e-03
     5           4009       -1.59925156e+02       2.754075e-03
    10           2004       -1.59925169e+02       2.778321e-03
    20           1002       -1.59925169e+02       2.745092e-03
    50            400       -1.59925215e+02       2.775887e-03
    70            286       -1.59925209e+02       2.912891e-03
   100            200       -1.59925215e+02       2.887282e-03
   200            100       -1.59925215e+02       3.024818e-03
   500             40       -1.59925215e+02       2.913850e-03
Stocahstic error estimate: 2.748918e-03

	predict=-0.04348185311957548,actual=(array([-0.069718]), array([0.002749]))
	g=0.5515359683134313,del=0.16104859636978155,dot=0.08696367567416968,x=12.650135835255686

nparam= 320
	log prob= -151.48183540626533
	burn in time= 0.4969794750213623
	sample time= 6.0938029289245605
	contraction err= 0.0 0.0
nsamples= 20048

Mean energy: -1.59922439e+02
Block size    # of blocks        Mean                Error
     1           20048       -1.59922439e+02       2.795269e-03
     2           10024       -1.59922439e+02       2.779040e-03
     5           4009       -1.59922393e+02       2.755366e-03
    10           2004       -1.59922449e+02       2.697682e-03
    20           1002       -1.59922449e+02       2.687487e-03
    50            400       -1.59922438e+02       2.591198e-03
    70            286       -1.59922496e+02       2.623577e-03
   100            200       -1.59922438e+02       2.677715e-03
   200            100       -1.59922438e+02       2.626369e-03
   500             40       -1.59922438e+02       2.383841e-03
Stocahstic error estimate: 2.795269e-03

step=10,E=-0.9995152460753491,dE=-0.00041888098238498375,err=1.7470431589690338e-05,gmax=0.12493307756857241
	collect g,Hv time= 0.18708038330078125
	solver time=0.0025854110717773438,exit status=0
niter= 6
	collect S matrix time= 0.015027523040771484
	collect H matrix time= 0.013105630874633789
	RGN solver time=0.02898406982421875,least eigenvalue=0.001999999907613395,eps=0.5
pure_newton= False
	solver time=0.00850057601928711,exit status=0
hessian inversion error= 2.5775511886628774e-05
rgn delta error= 8.611836303081785e-06
niter= 9
	log prob= -159.27897266582073
	burn in time= 0.4944138526916504
	sample time= 5.578873157501221
	contraction err= 0.0 0.0
nsamples= 20048

Mean energy: -1.59961708e+02
Block size    # of blocks        Mean                Error
     1           20048       -1.59961708e+02       1.945412e-03
     2           10024       -1.59961708e+02       1.933846e-03
     5           4009       -1.59961710e+02       1.957531e-03
    10           2004       -1.59961726e+02       1.979302e-03
    20           1002       -1.59961726e+02       2.009815e-03
    50            400       -1.59961546e+02       2.029679e-03
    70            286       -1.59961629e+02       1.932227e-03
   100            200       -1.59961546e+02       2.022135e-03
   200            100       -1.59961546e+02       2.170893e-03
   500             40       -1.59961546e+02       2.174888e-03
Stocahstic error estimate: 1.945412e-03

	predict=-0.022518010960401708,actual=(array([-0.039268]), array([0.001945]))
	g=0.40626806710081964,del=0.11355374515678131,dot=0.045036019390448684,x=12.649620328414501

nparam= 320
	log prob= -159.27897266582073
	burn in time= 0.5034801959991455
	sample time= 6.084710121154785
	contraction err= 0.0 0.0
nsamples= 20048

Mean energy: -1.59962118e+02
Block size    # of blocks        Mean                Error
     1           20048       -1.59962118e+02       1.942871e-03
     2           10024       -1.59962118e+02       1.950807e-03
     5           4009       -1.59962148e+02       1.942721e-03
    10           2004       -1.59962160e+02       1.956381e-03
    20           1002       -1.59962160e+02       2.011882e-03
    50            400       -1.59962243e+02       2.082545e-03
    70            286       -1.59962270e+02       2.055688e-03
   100            200       -1.59962243e+02       2.181576e-03
   200            100       -1.59962243e+02       2.188358e-03
   500             40       -1.59962243e+02       2.217366e-03
Stocahstic error estimate: 1.950807e-03

step=11,E=-0.999763240567132,dE=-0.0002479944917828547,err=1.2192540775347988e-05,gmax=0.044732997852444
	collect g,Hv time= 0.18525314331054688
	solver time=0.002254486083984375,exit status=0
niter= 5
	collect S matrix time= 0.01591205596923828
	collect H matrix time= 0.013025283813476562
	RGN solver time=0.02888321876525879,least eigenvalue=0.0019999999125075085,eps=0.5
pure_newton= False
	solver time=0.007709980010986328,exit status=0
niter= 8
hessian inversion error= 3.7227520395343043e-05
rgn delta error= 1.4201865109108307e-05
	log prob= -160.66620897002338
	burn in time= 0.5048470497131348
	sample time= 5.570817947387695
	contraction err= 0.0 0.0
nsamples= 20048

Mean energy: -1.59977060e+02
Block size    # of blocks        Mean                Error
     1           20048       -1.59977060e+02       1.399553e-03
     2           10024       -1.59977060e+02       1.399109e-03
     5           4009       -1.59977065e+02       1.398404e-03
    10           2004       -1.59977030e+02       1.395214e-03
    20           1002       -1.59977030e+02       1.391833e-03
    50            400       -1.59976987e+02       1.484088e-03
    70            286       -1.59976992e+02       1.430070e-03
   100            200       -1.59976987e+02       1.456541e-03
   200            100       -1.59976987e+02       1.505125e-03
   500             40       -1.59976987e+02       1.393941e-03
Stocahstic error estimate: 1.399553e-03

	predict=-0.010668308243312883,actual=(array([-0.014942]), array([0.0014]))
	g=0.2756778625872616,del=0.07842734506306434,dot=0.02133659486933106,x=12.649353771969189

nparam= 320
	log prob= -160.66620897002338
	burn in time= 0.49248743057250977
	sample time= 6.072123050689697
	contraction err= 0.0 0.0
nsamples= 20048

Mean energy: -1.59979938e+02
Block size    # of blocks        Mean                Error
     1           20048       -1.59979938e+02       1.388266e-03
     2           10024       -1.59979938e+02       1.391106e-03
     5           4009       -1.59979967e+02       1.412643e-03
    10           2004       -1.59979937e+02       1.393210e-03
    20           1002       -1.59979937e+02       1.375476e-03
    50            400       -1.59979983e+02       1.442069e-03
    70            286       -1.59980001e+02       1.385172e-03
   100            200       -1.59979983e+02       1.429223e-03
   200            100       -1.59979983e+02       1.359116e-03
   500             40       -1.59979983e+02       1.420931e-03
Stocahstic error estimate: 1.391106e-03

step=12,E=-0.9998746134858288,dE=-0.00011137291869687261,err=8.694410051426531e-06,gmax=0.031005053275450223
	collect g,Hv time= 0.18377423286437988
	solver time=0.002305746078491211,exit status=0
niter= 5
	collect S matrix time= 0.015060186386108398
	collect H matrix time= 0.013182878494262695
	RGN solver time=0.02850961685180664,least eigenvalue=0.0019999999149186796,eps=0.5
pure_newton= False
	solver time=0.0074961185455322266,exit status=0
niter= 8
hessian inversion error= 2.720241295278471e-05
rgn delta error= 1.0564345034239612e-05
	log prob= -161.76316047867516
	burn in time= 0.4962587356567383
	sample time= 5.567790269851685
	contraction err= 0.0 0.0
nsamples= 20048

Mean energy: -1.59987510e+02
Block size    # of blocks        Mean                Error
     1           20048       -1.59987510e+02       1.013460e-03
     2           10024       -1.59987510e+02       1.018913e-03
     5           4009       -1.59987498e+02       1.036128e-03
    10           2004       -1.59987528e+02       1.041651e-03
    20           1002       -1.59987528e+02       1.059000e-03
    50            400       -1.59987532e+02       1.038983e-03
    70            286       -1.59987520e+02       1.079295e-03
   100            200       -1.59987532e+02       1.044312e-03
   200            100       -1.59987532e+02       1.023163e-03
   500             40       -1.59987532e+02       1.098788e-03
Stocahstic error estimate: 1.018913e-03

	predict=-0.005381200541676241,actual=(array([-0.007572]), array([0.001019]))
	g=0.19550285064465747,del=0.0557551250661284,dot=0.010762392033620883,x=12.64923351962247

nparam= 320
	log prob= -161.76316047867516
	burn in time= 0.5000231266021729
	sample time= 6.0751259326934814
	contraction err= 0.0 0.0
nsamples= 20048

Mean energy: -1.59987723e+02
Block size    # of blocks        Mean                Error
     1           20048       -1.59987723e+02       1.012135e-03
     2           10024       -1.59987723e+02       1.016663e-03
     5           4009       -1.59987726e+02       1.020704e-03
    10           2004       -1.59987711e+02       1.025003e-03
    20           1002       -1.59987711e+02       1.011321e-03
    50            400       -1.59987602e+02       1.018991e-03
    70            286       -1.59987670e+02       1.071401e-03
   100            200       -1.59987602e+02       1.007750e-03
   200            100       -1.59987602e+02       9.805007e-04
   500             40       -1.59987602e+02       8.765701e-04
Stocahstic error estimate: 1.016663e-03

step=13,E=-0.99992327096119,dE=-4.865747536122456e-05,err=6.354143623713256e-06,gmax=0.0230366723546922
	collect g,Hv time= 0.18612074851989746
	solver time=0.0024538040161132812,exit status=0
niter= 5
	collect S matrix time= 0.015442609786987305
	collect H matrix time= 0.013073205947875977
	RGN solver time=0.029729604721069336,least eigenvalue=0.0019999998967901267,eps=0.5
pure_newton= False
	solver time=0.04661417007446289,exit status=0
niter= 7
hessian inversion error= 9.367028374104172e-05
rgn delta error= 3.135098025945619e-05
	log prob= -162.60542986814497
	burn in time= 0.49636006355285645
	sample time= 5.581634759902954
	contraction err= 0.0 0.0
nsamples= 20048

Mean energy: -1.59992938e+02
Block size    # of blocks        Mean                Error
     1           20048       -1.59992938e+02       7.340294e-04
     2           10024       -1.59992938e+02       7.367515e-04
     5           4009       -1.59992924e+02       7.371697e-04
    10           2004       -1.59992910e+02       7.375255e-04
    20           1002       -1.59992910e+02       7.254821e-04
    50            400       -1.59992916e+02       7.316555e-04
    70            286       -1.59992897e+02       7.153099e-04
   100            200       -1.59992916e+02       7.158314e-04
   200            100       -1.59992916e+02       7.002079e-04
   500             40       -1.59992916e+02       6.777635e-04
Stocahstic error estimate: 7.367515e-04

	predict=-0.002838381687512479,actual=(array([-0.005215]), array([0.000737]))
	g=0.14406356234102116,del=0.03976932933242068,dot=0.0056767362521098,x=12.64917315872914

nparam= 320
	log prob= -162.60542986814497
	burn in time= 0.49186134338378906
	sample time= 6.086143493652344
	contraction err= 0.0 0.0
nsamples= 20048

Mean energy: -1.59993590e+02
Block size    # of blocks        Mean                Error
     1           20048       -1.59993590e+02       7.364018e-04
     2           10024       -1.59993590e+02       7.349636e-04
     5           4009       -1.59993595e+02       7.399743e-04
    10           2004       -1.59993619e+02       7.462094e-04
    20           1002       -1.59993619e+02       7.364091e-04
    50            400       -1.59993653e+02       7.756530e-04
    70            286       -1.59993622e+02       7.635525e-04
   100            200       -1.59993653e+02       7.639985e-04
   200            100       -1.59993653e+02       7.284004e-04
   500             40       -1.59993653e+02       7.231498e-04
Stocahstic error estimate: 7.364018e-04

step=14,E=-0.9999599389283731,dE=-3.6667967182957285e-05,err=4.6025115303518385e-06,gmax=0.01889222120786549
	collect g,Hv time= 0.18436336517333984
	solver time=0.002350330352783203,exit status=0
niter= 5
	collect S matrix time= 0.014914989471435547
	collect H matrix time= 0.013050556182861328
	RGN solver time=0.03066849708557129,least eigenvalue=0.0019999999102775115,eps=0.5
pure_newton= False
	solver time=0.006855010986328125,exit status=0
hessian inversion error= 5.4318906708026725e-05
rgn delta error= 1.8456372726705736e-05
niter= 7
	log prob= -163.2409879484921
	burn in time= 0.501136064529419
	sample time= 5.577271461486816
	contraction err= 0.0 0.0
nsamples= 20048

Mean energy: -1.59996320e+02
Block size    # of blocks        Mean                Error
     1           20048       -1.59996320e+02       5.264913e-04
     2           10024       -1.59996320e+02       5.299532e-04
     5           4009       -1.59996320e+02       5.333377e-04
    10           2004       -1.59996330e+02       5.338774e-04
    20           1002       -1.59996330e+02       5.365506e-04
    50            400       -1.59996313e+02       5.655086e-04
    70            286       -1.59996319e+02       5.568063e-04
   100            200       -1.59996313e+02       5.720590e-04
   200            100       -1.59996313e+02       5.262951e-04
   500             40       -1.59996313e+02       5.458006e-04
Stocahstic error estimate: 5.299532e-04

	predict=-0.0014949265584608103,actual=(array([-0.00273]), array([0.00053]))
	g=0.10526673230741652,del=0.028621578500807814,dot=0.002989849937130429,x=12.649143022146811

nparam= 320
	log prob= -163.2409879484921
	burn in time= 0.494492769241333
	sample time= 6.084828853607178
	contraction err= 0.0 0.0
nsamples= 20048

Mean energy: -1.59996641e+02
Block size    # of blocks        Mean                Error
     1           20048       -1.59996641e+02       5.347740e-04
     2           10024       -1.59996641e+02       5.378406e-04
     5           4009       -1.59996645e+02       5.409598e-04
    10           2004       -1.59996643e+02       5.396553e-04
    20           1002       -1.59996643e+02       5.303609e-04
    50            400       -1.59996660e+02       5.297150e-04
    70            286       -1.59996658e+02       5.105327e-04
   100            200       -1.59996660e+02       5.031069e-04
   200            100       -1.59996660e+02       4.647960e-04
   500             40       -1.59996660e+02       4.685584e-04
Stocahstic error estimate: 5.378406e-04

step=15,E=-0.999979006395496,dE=-1.906746712290186e-05,err=3.36150387777445e-06,gmax=0.013161246969653817
	collect g,Hv time= 0.18599700927734375
	solver time=0.0023827552795410156,exit status=0
niter= 5
	collect S matrix time= 0.014162540435791016
	collect H matrix time= 0.013013362884521484
	RGN solver time=0.029917240142822266,least eigenvalue=0.0019999999152337405,eps=0.5
pure_newton= False
	solver time=0.00682830810546875,exit status=0
niter= 7
hessian inversion error= 4.549930549797845e-05
rgn delta error= 1.5137152369129472e-05
	log prob= -163.70875737103412
	burn in time= 0.49387645721435547
	sample time= 5.5742034912109375
	contraction err= 0.0 0.0
nsamples= 20048

Mean energy: -1.59996892e+02
Block size    # of blocks        Mean                Error
     1           20048       -1.59996892e+02       3.906234e-04
     2           10024       -1.59996892e+02       3.918211e-04
     5           4009       -1.59996888e+02       3.896613e-04
    10           2004       -1.59996890e+02       3.850173e-04
    20           1002       -1.59996890e+02       3.899068e-04
    50            400       -1.59996902e+02       4.118331e-04
    70            286       -1.59996888e+02       3.951710e-04
   100            200       -1.59996902e+02       4.303972e-04
   200            100       -1.59996902e+02       4.304769e-04
   500             40       -1.59996902e+02       5.009309e-04
Stocahstic error estimate: 3.918211e-04

	predict=-0.0007838098407862669,actual=(array([-0.000251]), array([0.000392]))
	g=0.07660052382826812,del=0.020636479138667483,dot=0.001567619305615197,x=12.649127474425445

nparam= 320
	log prob= -163.70875737103412
	burn in time= 0.4982795715332031
	sample time= 6.072999000549316
	contraction err= 0.0 0.0
nsamples= 20048

Mean energy: -1.59997840e+02
Block size    # of blocks        Mean                Error
     1           20048       -1.59997840e+02       3.899193e-04
     2           10024       -1.59997840e+02       3.923633e-04
     5           4009       -1.59997828e+02       3.911550e-04
    10           2004       -1.59997830e+02       3.943741e-04
    20           1002       -1.59997830e+02       4.038405e-04
    50            400       -1.59997826e+02       4.150577e-04
    70            286       -1.59997838e+02       3.967483e-04
   100            200       -1.59997826e+02       4.367500e-04
   200            100       -1.59997826e+02       4.648598e-04
   500             40       -1.59997826e+02       5.022830e-04
Stocahstic error estimate: 3.923633e-04

step=16,E=-0.9999864993786958,dE=-7.492983199774983e-06,err=2.4522705543124903e-06,gmax=0.008363528639918627
	collect g,Hv time= 0.18355059623718262
	solver time=0.0024127960205078125,exit status=0
niter= 5
	collect S matrix time= 0.015599489212036133
	collect H matrix time= 0.013150691986083984
	RGN solver time=0.02942514419555664,least eigenvalue=0.0019999999038191225,eps=0.5
pure_newton= False
	solver time=0.0074541568756103516,exit status=0
niter= 7
hessian inversion error= 2.073617138757673e-05
rgn delta error= 6.4469505961334435e-06
	log prob= -164.0534260081095
	burn in time= 0.48907971382141113
	sample time= 5.563477516174316
	contraction err= 0.0 0.0
nsamples= 20048

Mean energy: -1.59998043e+02
Block size    # of blocks        Mean                Error
     1           20048       -1.59998043e+02       2.818282e-04
     2           10024       -1.59998043e+02       2.807241e-04
     5           4009       -1.59998043e+02       2.819627e-04
    10           2004       -1.59998050e+02       2.853121e-04
    20           1002       -1.59998050e+02       2.912179e-04
    50            400       -1.59998069e+02       2.848262e-04
    70            286       -1.59998055e+02       2.808853e-04
   100            200       -1.59998069e+02       2.882063e-04
   200            100       -1.59998069e+02       2.854598e-04
   500             40       -1.59998069e+02       2.669016e-04
Stocahstic error estimate: 2.818282e-04

	predict=-0.0004152895252773306,actual=(array([-0.000203]), array([0.000282]))
	g=0.05589744149618474,del=0.014946413789092913,dot=0.0008305766119585119,x=12.649119471142967

nparam= 320
	log prob= -164.0534260081095
	burn in time= 0.48981475830078125
	sample time= 6.0557262897491455
	contraction err= 0.0 0.0
nsamples= 20048

Mean energy: -1.59998607e+02
Block size    # of blocks        Mean                Error
     1           20048       -1.59998607e+02       2.796656e-04
     2           10024       -1.59998607e+02       2.804142e-04
     5           4009       -1.59998603e+02       2.856900e-04
    10           2004       -1.59998595e+02       2.876306e-04
    20           1002       -1.59998595e+02       2.851419e-04
    50            400       -1.59998584e+02       2.791017e-04
    70            286       -1.59998587e+02       2.886227e-04
   100            200       -1.59998584e+02       2.909682e-04
   200            100       -1.59998584e+02       2.857905e-04
   500             40       -1.59998584e+02       2.746189e-04
Stocahstic error estimate: 2.804142e-04

step=17,E=-0.9999912907396575,dE=-4.791360961853286e-06,err=1.7525886606592558e-06,gmax=0.005977760558423029
	collect g,Hv time= 0.18420982360839844
	solver time=0.0028753280639648438,exit status=0
niter= 6
	collect S matrix time= 0.01503753662109375
	collect H matrix time= 0.01300358772277832
	RGN solver time=0.02959442138671875,least eigenvalue=0.001999999902121624,eps=0.5
pure_newton= False
	solver time=0.006724119186401367,exit status=0
niter= 7
hessian inversion error= 1.867567219845139e-05
rgn delta error= 6.052284758928052e-06
	log prob= -164.3049207895129
	burn in time= 0.4989767074584961
	sample time= 5.556415319442749
	contraction err= 0.0 0.0
nsamples= 20048

Mean energy: -1.59998201e+02
Block size    # of blocks        Mean                Error
     1           20048       -1.59998201e+02       2.069943e-04
     2           10024       -1.59998201e+02       2.090275e-04
     5           4009       -1.59998201e+02       2.110316e-04
    10           2004       -1.59998200e+02       2.135515e-04
    20           1002       -1.59998200e+02       2.190778e-04
    50            400       -1.59998196e+02       2.080179e-04
    70            286       -1.59998197e+02       2.122096e-04
   100            200       -1.59998196e+02       2.089152e-04
   200            100       -1.59998196e+02       2.245484e-04
   500             40       -1.59998196e+02       2.286233e-04
Stocahstic error estimate: 2.090275e-04

	predict=-0.00021268661393464053,actual=(array([0.000405]), array([0.000209]))
	g=0.03950190576983754,del=0.039796991681452495,dot=0.00156626581732791,x=12.64911126672552

nparam= 320
	log prob= -164.14281891404116
	burn in time= 0.49569034576416016
	sample time= 6.066166162490845
	contraction err= 0.0 0.0
nsamples= 20048

Mean energy: -1.59998724e+02
Block size    # of blocks        Mean                Error
     1           20048       -1.59998724e+02       2.536002e-04
     2           10024       -1.59998724e+02       2.542235e-04
     5           4009       -1.59998727e+02       2.511817e-04
    10           2004       -1.59998719e+02       2.531730e-04
    20           1002       -1.59998719e+02       2.579519e-04
    50            400       -1.59998713e+02       2.537066e-04
    70            286       -1.59998724e+02       2.799176e-04
   100            200       -1.59998713e+02       2.769054e-04
   200            100       -1.59998713e+02       2.691094e-04
   500             40       -1.59998713e+02       2.759389e-04
Stocahstic error estimate: 2.542235e-04

step=18,E=-0.9999920272186662,dE=-7.364790086228368e-07,err=1.5888970754464245e-06,gmax=0.005280915294598287
	collect g,Hv time= 0.18441200256347656
	solver time=0.002467632293701172,exit status=0
niter= 5
	collect S matrix time= 0.015250682830810547
	collect H matrix time= 0.013135671615600586
	RGN solver time=0.0299069881439209,least eigenvalue=0.001999999918666993,eps=0.5
pure_newton= False
	solver time=0.0060732364654541016,exit status=0
niter= 6
hessian inversion error= 7.842809306517438e-05
rgn delta error= 2.9148329427407627e-05
	log prob= -164.36983138356055
	burn in time= 0.4986245632171631
	sample time= 5.564924478530884
	contraction err= 0.0 0.0
nsamples= 20048

Mean energy: -1.59998516e+02
Block size    # of blocks        Mean                Error
     1           20048       -1.59998516e+02       1.839951e-04
     2           10024       -1.59998516e+02       1.852349e-04
     5           4009       -1.59998517e+02       1.863363e-04
    10           2004       -1.59998517e+02       1.828347e-04
    20           1002       -1.59998517e+02       1.898482e-04
    50            400       -1.59998506e+02       1.941978e-04
    70            286       -1.59998508e+02       1.934331e-04
   100            200       -1.59998506e+02       1.971874e-04
   200            100       -1.59998506e+02       1.994951e-04
   500             40       -1.59998506e+02       1.914576e-04
Stocahstic error estimate: 1.852349e-04

	predict=-0.00017513720014732253,actual=(array([0.000208]), array([0.000185]))
	g=0.03610798306719082,del=0.03582303105961102,dot=0.0012879733560913617,x=12.649111147938386

nparam= 320
	log prob= -164.22348354476938
	burn in time= 0.4916374683380127
	sample time= 6.0706946849823
	contraction err= 0.0 0.0
nsamples= 20048

Mean energy: -1.59998277e+02
Block size    # of blocks        Mean                Error
     1           20048       -1.59998277e+02       2.277009e-04
     2           10024       -1.59998277e+02       2.277871e-04
     5           4009       -1.59998274e+02       2.303815e-04
    10           2004       -1.59998279e+02       2.279203e-04
    20           1002       -1.59998279e+02       2.217475e-04
    50            400       -1.59998290e+02       2.178616e-04
    70            286       -1.59998285e+02       2.154107e-04
   100            200       -1.59998290e+02       2.243315e-04
   200            100       -1.59998290e+02       2.316654e-04
   500             40       -1.59998290e+02       2.410867e-04
Stocahstic error estimate: 2.277871e-04

step=19,E=-0.9999892334165684,dE=2.7938020977558153e-06,err=1.4236693193891399e-06,gmax=0.005134641262266371
	collect g,Hv time= 0.1841564178466797
niter= 5
	solver time=0.002360820770263672,exit status=0
	collect S matrix time= 0.014931440353393555
	collect H matrix time= 0.013263225555419922
	RGN solver time=0.029647350311279297,least eigenvalue=0.001999999910111048,eps=0.5
pure_newton= False
	solver time=0.005779743194580078,exit status=0
niter= 6
hessian inversion error= 6.200728483281966e-05
rgn delta error= 2.378802728710041e-05
	log prob= -164.42837771163198
	burn in time= 0.4936809539794922
	sample time= 5.55769419670105
	contraction err= 0.0 0.0
nsamples= 20048

Mean energy: -1.59998786e+02
Block size    # of blocks        Mean                Error
     1           20048       -1.59998786e+02       1.669596e-04
     2           10024       -1.59998786e+02       1.651264e-04
     5           4009       -1.59998788e+02       1.646417e-04
    10           2004       -1.59998792e+02       1.616651e-04
    20           1002       -1.59998792e+02       1.624621e-04
    50            400       -1.59998791e+02       1.664602e-04
    70            286       -1.59998793e+02       1.652518e-04
   100            200       -1.59998791e+02       1.619892e-04
   200            100       -1.59998791e+02       1.713153e-04
   500             40       -1.59998791e+02       1.725843e-04
Stocahstic error estimate: 1.669596e-04

	predict=-0.00014137422609583887,actual=(array([-0.000509]), array([0.000167]))
	g=0.03232969526228343,del=0.008787293530229306,dot=0.0002827476920277222,x=12.649113692923885
[0m[0m[0m[0m[0m[0m[0m[0m[0m[0m[0m[0m[0m[0m[0m[0m[0m[0m[0m[0m[0m[0m[0m[0m[0m[0m[0m[0m[0m[0m[0m[0m[0m[0m[0m[0m[0m[0m[0m[0m[[ 0.990891 -0.134664]
 [ 0.654433 -0.75612 ]
 [ 0.82691  -0.562334]
 [ 0.935029 -0.354573]
 [ 0.708853 -0.705356]
 [ 0.652238 -0.758014]
 [ 0.134818 -0.99087 ]
 [ 0.809061 -0.587724]
 [ 0.732622 -0.680636]
 [ 0.957234 -0.289316]
 [ 0.488688 -0.872458]
 [ 0.293329 -0.956012]
 [ 0.779898 -0.625907]
 [ 0.422158 -0.906522]
 [ 0.926712 -0.375772]
 [ 0.399517 -0.916726]
 [ 0.823157 -0.567814]
 [ 0.552137 -0.833753]
 [ 0.836984 -0.547228]
 [ 0.540433 -0.841387]
 [ 0.226511 -0.974009]
 [ 0.500108 -0.865963]
 [ 0.926829 -0.375484]
 [ 0.513363 -0.858171]
 [ 0.847004 -0.531587]
 [ 0.973231 -0.22983 ]
 [ 0.747011 -0.664811]
 [ 0.517416 -0.855734]
 [ 0.86246  -0.506125]
 [ 0.482226 -0.876047]
 [ 0.316263 -0.948671]
 [ 0.562599 -0.82673 ]
 [ 0.783949 -0.620826]
 [ 0.870493 -0.49218 ]
 [ 0.538052 -0.842912]
 [-0.301441 -0.953485]
 [ 0.595914 -0.803048]
 [ 0.858937 -0.512082]
 [ 0.571406 -0.820668]
 [ 0.734111 -0.67903 ]
 [ 0.774791 -0.632217]
 [ 0.451502 -0.89227 ]
 [ 0.249863 -0.968281]
 [ 0.404873 -0.914373]
 [ 0.347133 -0.937816]
 [ 0.681774 -0.731563]
 [ 0.926883 -0.375349]
 [-0.94063  -0.339433]
 [ 0.295729 -0.955272]
 [ 0.864359 -0.502875]
 [ 0.070073 -0.997542]
 [ 0.741465 -0.670991]
 [ 0.596478 -0.80263 ]
 [-0.367147 -0.930163]
 [ 0.731484 -0.681859]
 [ 0.795575 -0.605855]
 [ 0.924264 -0.381753]
 [ 0.962552 -0.271097]
 [ 0.797039 -0.603928]
 [ 0.421714 -0.906729]
 [ 0.950044 -0.312115]
 [ 0.720857 -0.693083]
 [ 0.567054 -0.823681]
 [ 0.863637 -0.504115]
 [ 0.535832 -0.844325]
 [ 0.753496 -0.657452]
 [ 0.825522 -0.564371]
 [ 0.868312 -0.496018]
 [ 0.74826  -0.663406]
 [ 0.327092 -0.944993]
 [ 0.453292 -0.891362]
 [ 0.729778 -0.683684]
 [ 0.84209  -0.539337]
 [ 0.475085 -0.87994 ]
 [ 0.687069 -0.726592]
 [ 0.779135 -0.626856]
 [ 0.857324 -0.514777]
 [ 0.668345 -0.743852]
 [ 0.86438  -0.502839]
 [ 0.736657 -0.676266]
 [ 0.725662 -0.688051]
 [ 0.525399 -0.850856]
 [ 0.572748 -0.819731]
 [ 0.998451 -0.055634]
 [ 0.716052 -0.698047]
 [ 0.838157 -0.545429]
 [ 0.870974 -0.491329]
 [ 0.635886 -0.771783]
 [ 0.921454 -0.388488]
 [ 0.617677 -0.786432]
 [ 0.545606 -0.838042]
 [ 0.554104 -0.832448]
 [ 0.165673 -0.986181]
 [ 0.946403 -0.322989]
 [ 0.802418 -0.596762]
 [-0.470982 -0.882143]
 [ 0.440001 -0.897997]
 [ 0.926906 -0.375294]
 [ 0.782374 -0.622809]
 [ 0.801021 -0.598636]
 [ 0.156561 -0.987668]
 [ 0.477701 -0.878523]
 [ 0.734078 -0.679066]
 [ 0.941509 -0.336987]
 [ 0.663262 -0.748387]
 [ 0.989083 -0.147362]
 [ 0.448919 -0.893572]
 [ 0.502259 -0.864717]
 [ 0.867862 -0.496805]
 [ 0.746005 -0.66594 ]
 [ 0.832278 -0.554359]
 [ 0.776096 -0.630614]
 [ 0.310534 -0.950562]
 [ 0.425757 -0.904838]
 [ 0.884846 -0.465885]
 [ 0.442218 -0.896908]
 [ 0.684446 -0.729064]
 [ 0.360454 -0.932777]
 [ 0.669021 -0.743243]
 [ 0.944955 -0.327201]
 [ 0.951555 -0.307479]
 [ 0.725239 -0.688498]
 [ 0.547389 -0.836878]
 [ 0.932569 -0.360992]
 [ 0.640846 -0.76767 ]
 [ 0.71131  -0.702879]
 [ 0.969292 -0.245911]
 [ 0.505738 -0.862687]
 [ 0.655923 -0.754828]
 [ 0.842945 -0.538   ]
 [ 0.835846 -0.548965]
 [ 0.163809 -0.986492]
 [ 0.575245 -0.817981]
 [ 0.552854 -0.833278]
 [ 0.32429  -0.945958]
 [ 0.733702 -0.679472]
 [ 0.844421 -0.535681]
 [ 0.757775 -0.652516]
 [ 0.803945 -0.594703]
 [ 0.767727 -0.640777]
 [ 0.722275 -0.691606]
 [ 0.819469 -0.573123]
 [ 0.385707 -0.922621]
 [ 0.93576  -0.352636]
 [-0.429241 -0.90319 ]
 [ 0.770402 -0.637559]
 [ 0.898685 -0.438595]
 [-0.000998 -1.      ]
 [ 0.872425 -0.488748]
 [ 0.79487  -0.60678 ]
 [ 0.39202  -0.919957]
 [ 0.616234 -0.787563]
 [ 0.9926   -0.121429]
 [ 0.798736 -0.601681]
 [ 0.454127 -0.890937]
 [ 0.63576  -0.771887]
 [ 0.324614 -0.945847]
 [ 0.895133 -0.445798]
 [ 0.793104 -0.609086]
 [ 0.929836 -0.367975]]
[0m[0m[0m[0m[0m[0m[0m[0m[0m[0m