nbatch= 1
FPEPS([
    FermionTensor(shape=(4, 4, 4), inds=('I0,0_I1,0', 'I0,0_I0,1', 'k0,0'), tags=oset(['I0,0', 'ROW0', 'COL0'])),
    FermionTensor(shape=(4, 4, 4, 4), inds=('I0,0_I0,1', 'I0,1_I1,1', 'I0,1_I0,2', 'k0,1'), tags=oset(['I0,1', 'ROW0', 'COL1'])),
    FermionTensor(shape=(4, 4, 4, 4), inds=('I0,1_I0,2', 'I0,2_I1,2', 'I0,2_I0,3', 'k0,2'), tags=oset(['I0,2', 'ROW0', 'COL2'])),
    FermionTensor(shape=(4, 4, 4, 4), inds=('I0,2_I0,3', 'I0,3_I1,3', 'I0,3_I0,4', 'k0,3'), tags=oset(['I0,3', 'ROW0', 'COL3'])),
    FermionTensor(shape=(4, 4, 4, 4), inds=('I0,3_I0,4', 'I0,4_I1,4', 'I0,4_I0,5', 'k0,4'), tags=oset(['I0,4', 'ROW0', 'COL4'])),
    FermionTensor(shape=(4, 4, 4), inds=('I0,4_I0,5', 'I0,5_I1,5', 'k0,5'), tags=oset(['I0,5', 'ROW0', 'COL5'])),
    FermionTensor(shape=(4, 4, 4, 4), inds=('I1,0_I2,0', 'I1,0_I1,1', 'I0,0_I1,0', 'k1,0'), tags=oset(['I1,0', 'ROW1', 'COL0'])),
    FermionTensor(shape=(4, 4, 4, 4, 4), inds=('I1,0_I1,1', 'I1,1_I2,1', 'I1,1_I1,2', 'I0,1_I1,1', 'k1,1'), tags=oset(['I1,1', 'ROW1', 'COL1'])),
    FermionTensor(shape=(4, 4, 4, 4, 4), inds=('I1,1_I1,2', 'I1,2_I2,2', 'I1,2_I1,3', 'I0,2_I1,2', 'k1,2'), tags=oset(['I1,2', 'ROW1', 'COL2'])),
    FermionTensor(shape=(4, 4, 4, 4, 4), inds=('I1,2_I1,3', 'I1,3_I2,3', 'I1,3_I1,4', 'I0,3_I1,3', 'k1,3'), tags=oset(['I1,3', 'ROW1', 'COL3'])),
    FermionTensor(shape=(4, 4, 4, 4, 4), inds=('I1,3_I1,4', 'I1,4_I2,4', 'I1,4_I1,5', 'I0,4_I1,4', 'k1,4'), tags=oset(['I1,4', 'ROW1', 'COL4'])),
    FermionTensor(shape=(4, 4, 4, 4), inds=('I1,4_I1,5', 'I1,5_I2,5', 'I0,5_I1,5', 'k1,5'), tags=oset(['I1,5', 'ROW1', 'COL5'])),
    FermionTensor(shape=(4, 4, 4, 4), inds=('I2,0_I3,0', 'I2,0_I2,1', 'I1,0_I2,0', 'k2,0'), tags=oset(['I2,0', 'ROW2', 'COL0'])),
    FermionTensor(shape=(4, 4, 4, 4, 4), inds=('I2,0_I2,1', 'I2,1_I3,1', 'I2,1_I2,2', 'I1,1_I2,1', 'k2,1'), tags=oset(['I2,1', 'ROW2', 'COL1'])),
    FermionTensor(shape=(4, 4, 4, 4, 4), inds=('I2,1_I2,2', 'I2,2_I3,2', 'I2,2_I2,3', 'I1,2_I2,2', 'k2,2'), tags=oset(['I2,2', 'ROW2', 'COL2'])),
    FermionTensor(shape=(4, 4, 4, 4, 4), inds=('I2,2_I2,3', 'I2,3_I3,3', 'I2,3_I2,4', 'I1,3_I2,3', 'k2,3'), tags=oset(['I2,3', 'ROW2', 'COL3'])),
    FermionTensor(shape=(4, 4, 4, 4, 4), inds=('I2,3_I2,4', 'I2,4_I3,4', 'I2,4_I2,5', 'I1,4_I2,4', 'k2,4'), tags=oset(['I2,4', 'ROW2', 'COL4'])),
    FermionTensor(shape=(4, 4, 4, 4), inds=('I2,4_I2,5', 'I2,5_I3,5', 'I1,5_I2,5', 'k2,5'), tags=oset(['I2,5', 'ROW2', 'COL5'])),
    FermionTensor(shape=(4, 4, 4, 4), inds=('I3,0_I4,0', 'I3,0_I3,1', 'I2,0_I3,0', 'k3,0'), tags=oset(['I3,0', 'ROW3', 'COL0'])),
    FermionTensor(shape=(4, 4, 4, 4, 4), inds=('I3,0_I3,1', 'I3,1_I4,1', 'I3,1_I3,2', 'I2,1_I3,1', 'k3,1'), tags=oset(['I3,1', 'ROW3', 'COL1'])),
    FermionTensor(shape=(4, 4, 4, 4, 4), inds=('I3,1_I3,2', 'I3,2_I4,2', 'I3,2_I3,3', 'I2,2_I3,2', 'k3,2'), tags=oset(['I3,2', 'ROW3', 'COL2'])),
    FermionTensor(shape=(4, 4, 4, 4, 4), inds=('I3,2_I3,3', 'I3,3_I4,3', 'I3,3_I3,4', 'I2,3_I3,3', 'k3,3'), tags=oset(['I3,3', 'ROW3', 'COL3'])),
    FermionTensor(shape=(4, 4, 4, 4, 4), inds=('I3,3_I3,4', 'I3,4_I4,4', 'I3,4_I3,5', 'I2,4_I3,4', 'k3,4'), tags=oset(['I3,4', 'ROW3', 'COL4'])),
    FermionTensor(shape=(4, 4, 4, 4), inds=('I3,4_I3,5', 'I3,5_I4,5', 'I2,5_I3,5', 'k3,5'), tags=oset(['I3,5', 'ROW3', 'COL5'])),
    FermionTensor(shape=(4, 4, 4, 4), inds=('I4,0_I5,0', 'I4,0_I4,1', 'I3,0_I4,0', 'k4,0'), tags=oset(['I4,0', 'ROW4', 'COL0'])),
    FermionTensor(shape=(4, 4, 4, 4, 4), inds=('I4,0_I4,1', 'I4,1_I5,1', 'I4,1_I4,2', 'I3,1_I4,1', 'k4,1'), tags=oset(['I4,1', 'ROW4', 'COL1'])),
    FermionTensor(shape=(4, 4, 4, 4, 4), inds=('I4,1_I4,2', 'I4,2_I5,2', 'I4,2_I4,3', 'I3,2_I4,2', 'k4,2'), tags=oset(['I4,2', 'ROW4', 'COL2'])),
    FermionTensor(shape=(4, 4, 4, 4, 4), inds=('I4,2_I4,3', 'I4,3_I5,3', 'I4,3_I4,4', 'I3,3_I4,3', 'k4,3'), tags=oset(['I4,3', 'ROW4', 'COL3'])),
    FermionTensor(shape=(4, 4, 4, 4, 4), inds=('I4,3_I4,4', 'I4,4_I5,4', 'I4,4_I4,5', 'I3,4_I4,4', 'k4,4'), tags=oset(['I4,4', 'ROW4', 'COL4'])),
    FermionTensor(shape=(4, 4, 4, 4), inds=('I4,4_I4,5', 'I4,5_I5,5', 'I3,5_I4,5', 'k4,5'), tags=oset(['I4,5', 'ROW4', 'COL5'])),
    FermionTensor(shape=(4, 4, 4), inds=('I5,0_I5,1', 'I4,0_I5,0', 'k5,0'), tags=oset(['I5,0', 'ROW5', 'COL0'])),
    FermionTensor(shape=(4, 4, 4, 4), inds=('I5,0_I5,1', 'I5,1_I5,2', 'I4,1_I5,1', 'k5,1'), tags=oset(['I5,1', 'ROW5', 'COL1'])),
    FermionTensor(shape=(4, 4, 4, 4), inds=('I5,1_I5,2', 'I5,2_I5,3', 'I4,2_I5,2', 'k5,2'), tags=oset(['I5,2', 'ROW5', 'COL2'])),
    FermionTensor(shape=(4, 4, 4, 4), inds=('I5,2_I5,3', 'I5,3_I5,4', 'I4,3_I5,3', 'k5,3'), tags=oset(['I5,3', 'ROW5', 'COL3'])),
    FermionTensor(shape=(4, 4, 4, 4), inds=('I5,3_I5,4', 'I5,4_I5,5', 'I4,4_I5,4', 'k5,4'), tags=oset(['I5,4', 'ROW5', 'COL4'])),
    FermionTensor(shape=(4, 4, 4), inds=('I5,4_I5,5', 'I4,5_I5,5', 'k5,5'), tags=oset(['I5,5', 'ROW5', 'COL5'])),
], Lx=6, Ly=6, max_bond=4)
block_dict= [(0, 5021)]
sizes= [5021]
SIZE= 640
Lx,Ly= 6 6
nelec= (16, 16)
nparam= [ 5021 81072]
D= 4
chi= 16
	log prob= -4.253364275382703
	burn in time= 36.66691565513611
	sample time= 194.86208701133728
	contraction err= 3.326176103459226e-06 0.0007405569621870507

Mean energy: -2.16029712e+01
Block size    # of blocks        Mean                Error
     1           50000       -2.16029712e+01       1.365406e-02
     2           25000       -2.16029712e+01       1.363285e-02
     5           10000       -2.16029712e+01       1.370539e-02
    10           5000       -2.16029712e+01       1.367737e-02
    20           2500       -2.16029712e+01       1.365217e-02
    50           1000       -2.16029712e+01       1.377121e-02
    70            714       -2.16028424e+01       1.414853e-02
   100            500       -2.16029712e+01       1.367767e-02
   200            250       -2.16029712e+01       1.429757e-02
   500            100       -2.16029712e+01       1.368230e-02
0 0.013654056175677802 0.0136822973248691
Stocahstic error estimate: 1.365406e-02

step=0,E=-0.6000825336451031,dE=-0.6000825336451031,err=0.0003792793382132723,gmax=0.23047500704043772
	collect g,Hv time= 0.464031457901001
	solver time=1.9722349643707275,exit status=0
niter= 40
	g=0.7636212172248972,del=20.816547863474774,dot=2.7034958633057284,x=21.346212643620497
saving to  ./psi1_0
	log prob= -4.765446173164451
	burn in time= 36.12777018547058
	sample time= 824.4763102531433
	contraction err= 3.632983878719743e-06 0.0009435836897855672

Mean energy: -2.16123409e+01
Block size    # of blocks        Mean                Error
     1           50000       -2.16123409e+01       1.341983e-02
     2           25000       -2.16123409e+01       1.339532e-02
     5           10000       -2.16123409e+01       1.326340e-02
    10           5000       -2.16123409e+01       1.325196e-02
    20           2500       -2.16123409e+01       1.321530e-02
    50           1000       -2.16123409e+01       1.310300e-02
    70            714       -2.16126096e+01       1.342782e-02
   100            500       -2.16123409e+01       1.314126e-02
   200            250       -2.16123409e+01       1.350048e-02
   500            100       -2.16123409e+01       1.302042e-02
0 0.013419828904710442 0.013020420939420864
Stocahstic error estimate: 1.341983e-02

step=1,E=-0.6003428027580494,dE=-0.0002602691129463726,err=0.0003727730251308456,gmax=0.09626030320721976
	collect g,Hv time= 0.45850062370300293
	solver time=8.075274467468262,exit status=0
niter= 39
	g=0.2767504577873763,del=21.317422709167353,dot=2.3900327630028597,x=21.346212643620536
saving to  ./psi2_0
	log prob= -5.032606424604951
	burn in time= 36.41918897628784
	sample time= 831.2789421081543
	contraction err= 4.237126743085802e-06 0.002179055121580483

Mean energy: -2.16573619e+01
Block size    # of blocks        Mean                Error
     1           50000       -2.16573619e+01       1.189572e-02
     2           25000       -2.16573619e+01       1.186127e-02
     5           10000       -2.16573619e+01       1.185323e-02
    10           5000       -2.16573619e+01       1.187858e-02
    20           2500       -2.16573619e+01       1.198444e-02
    50           1000       -2.16573619e+01       1.186364e-02
    70            714       -2.16575449e+01       1.195819e-02
   100            500       -2.16573619e+01       1.206709e-02
   200            250       -2.16573619e+01       1.228030e-02
   500            100       -2.16573619e+01       1.381852e-02
0 0.011895721763236703 0.013818522595681244
Stocahstic error estimate: 1.189572e-02

step=2,E=-0.6015933849961834,dE=-0.0012505822381340002,err=0.000330436715645464,gmax=0.02991968221930423
	collect g,Hv time= 0.4592592716217041
	solver time=8.28467845916748,exit status=0
niter= 40
	g=0.21654632044696673,del=17.38449496015957,dot=1.6431974018158193,x=21.346212643620518
saving to  ./psi3_0
	log prob= -4.936630394436345
	burn in time= 35.93518090248108
	sample time= 831.7038915157318
	contraction err= 4.298607979114033e-06 0.005221697692036028

Mean energy: -2.16250974e+01
Block size    # of blocks        Mean                Error
     1           50000       -2.16250974e+01       1.250691e-02
     2           25000       -2.16250974e+01       1.249811e-02
     5           10000       -2.16250974e+01       1.242995e-02
    10           5000       -2.16250974e+01       1.238251e-02
    20           2500       -2.16250974e+01       1.236357e-02
    50           1000       -2.16250974e+01       1.253956e-02
    70            714       -2.16246172e+01       1.254207e-02
   100            500       -2.16250974e+01       1.233724e-02
   200            250       -2.16250974e+01       1.187408e-02
   500            100       -2.16250974e+01       1.099914e-02
0 0.012506909907459576 0.010999140125683824
Stocahstic error estimate: 1.250691e-02

step=3,E=-0.6006971506251129,dE=0.0008962343710706083,err=0.00034741416409609933,gmax=0.16809811931770396
	collect g,Hv time= 0.4568452835083008
	solver time=8.527510166168213,exit status=0
niter= 41
	g=0.3577250390433628,del=18.211474398560487,dot=1.9614178130556126,x=21.3462126436205
saving to  ./psi4_0
	log prob= -5.204083590562316
	burn in time= 35.670427083969116
	sample time= 832.5868020057678
	contraction err= 4.371224841403589e-06 0.00388395841382095

Mean energy: -2.16507829e+01
Block size    # of blocks        Mean                Error
     1           50000       -2.16507829e+01       1.405371e-02
     2           25000       -2.16507829e+01       1.409348e-02
     5           10000       -2.16507829e+01       1.410820e-02
    10           5000       -2.16507829e+01       1.404099e-02
    20           2500       -2.16507829e+01       1.397809e-02
    50           1000       -2.16507829e+01       1.377871e-02
    70            714       -2.16506565e+01       1.378241e-02
   100            500       -2.16507829e+01       1.321822e-02
   200            250       -2.16507829e+01       1.306630e-02
   500            100       -2.16507829e+01       1.294313e-02
0 0.014093484090853918 0.01294313108816247
Stocahstic error estimate: 1.409348e-02

step=4,E=-0.6014106361070517,dE=-0.0007134854819388852,err=0.0003914856691903866,gmax=0.058190405569988224
	collect g,Hv time= 0.4508376121520996
	solver time=7.657721996307373,exit status=0
niter= 37
	g=0.30463502183930063,del=22.25423015132415,dot=2.7722640884334195,x=21.3462126436205
saving to  ./psi5_0
	log prob= -5.478934487545643
	burn in time= 35.141828298568726
	sample time= 832.6319816112518
	contraction err= 5.064444367006965e-06 0.0019454918926252555

Mean energy: -2.16075230e+01
Block size    # of blocks        Mean                Error
     1           50000       -2.16075230e+01       1.211685e-02
     2           25000       -2.16075230e+01       1.210704e-02
     5           10000       -2.16075230e+01       1.211798e-02
    10           5000       -2.16075230e+01       1.200148e-02
    20           2500       -2.16075230e+01       1.195103e-02
    50           1000       -2.16075230e+01       1.206712e-02
    70            714       -2.16073814e+01       1.205673e-02
   100            500       -2.16075230e+01       1.200582e-02
   200            250       -2.16075230e+01       1.221401e-02
   500            100       -2.16075230e+01       1.235785e-02
0 0.012116851097412801 0.012357848262990198
Stocahstic error estimate: 1.211685e-02

step=5,E=-0.6002089720125984,dE=0.0012016640944533129,err=0.0003365791971503556,gmax=0.040463285780581476
	collect g,Hv time= 0.45736145973205566
	solver time=8.306768655776978,exit status=0
niter= 40
	g=0.21640974611472633,del=16.760814180210133,dot=1.6629517977950026,x=21.346212643620493
saving to  ./psi6_0
	log prob= -5.644980623511119
	burn in time= 36.25632119178772
	sample time= 833.0734419822693
	contraction err= 5.282730203862413e-06 0.003112096132300469

Mean energy: -2.16317677e+01
Block size    # of blocks        Mean                Error
     1           50000       -2.16317677e+01       1.374952e-02
     2           25000       -2.16317677e+01       1.368515e-02
     5           10000       -2.16317677e+01       1.377420e-02
    10           5000       -2.16317677e+01       1.383164e-02
    20           2500       -2.16317677e+01       1.383851e-02
    50           1000       -2.16317677e+01       1.407172e-02
    70            714       -2.16318260e+01       1.399906e-02
   100            500       -2.16317677e+01       1.409751e-02
   200            250       -2.16317677e+01       1.379644e-02
   500            100       -2.16317677e+01       1.380548e-02
0 0.013749523376132711 0.0138054812924015
Stocahstic error estimate: 1.374952e-02

step=6,E=-0.6008824373946174,dE=-0.0006734653820190672,err=0.0003819312048925753,gmax=0.06276854544123522
	collect g,Hv time= 0.4587576389312744
	solver time=7.881552457809448,exit status=0
niter= 38
	g=0.240526559995358,del=21.208841632777442,dot=2.2159250558406067,x=21.346212643620504
saving to  ./psi7_0
	log prob= -5.838141164818151
	burn in time= 36.543497800827026
	sample time= 832.9335119724274
	contraction err= 5.445530726241826e-06 0.0018745348165989547

Mean energy: -2.16206410e+01
Block size    # of blocks        Mean                Error
     1           50000       -2.16206410e+01       1.234141e-02
     2           25000       -2.16206410e+01       1.228293e-02
     5           10000       -2.16206410e+01       1.226299e-02
    10           5000       -2.16206410e+01       1.246772e-02
    20           2500       -2.16206410e+01       1.228875e-02
    50           1000       -2.16206410e+01       1.236821e-02
    70            714       -2.16203467e+01       1.232392e-02
   100            500       -2.16206410e+01       1.165273e-02
   200            250       -2.16206410e+01       1.174770e-02
   500            100       -2.16206410e+01       1.204838e-02
0 0.012341409377191083 0.012048380387442752
Stocahstic error estimate: 1.234141e-02

step=7,E=-0.6005733608124789,dE=0.0003090765821385233,err=0.0003428169271441968,gmax=0.039671908548593385
	collect g,Hv time= 0.45754551887512207
	solver time=8.288552522659302,exit status=0
niter= 40
	g=0.25122041593281336,del=17.606666092387055,dot=1.9810276377267322,x=21.346212643620518
saving to  ./psi8_0
	log prob= -5.975558001935954
	burn in time= 37.17638921737671
	sample time= 833.3105878829956
	contraction err= 5.575747340640571e-06 0.0016865736384163135

Mean energy: -2.16682345e+01
Block size    # of blocks        Mean                Error
     1           50000       -2.16682345e+01       1.156438e-02
     2           25000       -2.16682345e+01       1.158522e-02
     5           10000       -2.16682345e+01       1.161722e-02
    10           5000       -2.16682345e+01       1.173791e-02
    20           2500       -2.16682345e+01       1.156011e-02
    50           1000       -2.16682345e+01       1.156099e-02
    70            714       -2.16678355e+01       1.140229e-02
   100            500       -2.16682345e+01       1.129356e-02
   200            250       -2.16682345e+01       1.223374e-02
   500            100       -2.16682345e+01       1.164060e-02
0 0.011585217623035528 0.011640603875100644
Stocahstic error estimate: 1.158522e-02

step=8,E=-0.6018954038147686,dE=-0.0013220430022896758,err=0.00032181160063987575,gmax=0.03560720292551136
	collect g,Hv time= 0.4532809257507324
	solver time=8.293233871459961,exit status=0
niter= 40
	g=0.2241646686098103,del=15.32181728779347,dot=1.5170735338291068,x=21.346212643620508
saving to  ./psi9_0
	log prob= -6.192295701745783
	burn in time= 36.011093616485596
	sample time= 833.4332659244537
	contraction err= 5.822770256080139e-06 0.001749936250219507

Mean energy: -2.16990219e+01
Block size    # of blocks        Mean                Error
     1           50000       -2.16990219e+01       1.267520e-02
     2           25000       -2.16990219e+01       1.259705e-02
     5           10000       -2.16990219e+01       1.250355e-02
    10           5000       -2.16990219e+01       1.250494e-02
    20           2500       -2.16990219e+01       1.250888e-02
    50           1000       -2.16990219e+01       1.289571e-02
    70            714       -2.16989156e+01       1.294935e-02
   100            500       -2.16990219e+01       1.246560e-02
   200            250       -2.16990219e+01       1.281016e-02
   500            100       -2.16990219e+01       1.221463e-02
0 0.012675203004716102 0.012214631395808447
Stocahstic error estimate: 1.267520e-02

step=9,E=-0.6027506084217011,dE=-0.000855204606932484,err=0.00035208897235322503,gmax=0.048020673249829886
	collect g,Hv time= 0.4575495719909668
	solver time=8.295969009399414,exit status=0
niter= 40
	g=0.23660739287201887,del=19.043871548401466,dot=2.1499756121453895,x=21.346212643620504
saving to  ./psi10_0
	log prob= -6.664590541940559
	burn in time= 35.548583030700684
	sample time= 833.1969916820526
	contraction err= 6.092799128189866e-06 0.0016455814113736933

Mean energy: -2.16720518e+01
Block size    # of blocks        Mean                Error
     1           50000       -2.16720518e+01       1.147436e-02
     2           25000       -2.16720518e+01       1.142860e-02
     5           10000       -2.16720518e+01       1.151143e-02
    10           5000       -2.16720518e+01       1.144634e-02
    20           2500       -2.16720518e+01       1.136736e-02
    50           1000       -2.16720518e+01       1.156978e-02
    70            714       -2.16719265e+01       1.128880e-02
   100            500       -2.16720518e+01       1.150078e-02
   200            250       -2.16720518e+01       1.180859e-02
   500            100       -2.16720518e+01       1.225518e-02
0 0.011474358079162675 0.012255178377863643
Stocahstic error estimate: 1.147436e-02

step=10,E=-0.6020014378540958,dE=0.0007491705676053605,err=0.0003187321688656299,gmax=0.02964803599404031
	collect g,Hv time= 0.4513399600982666
	solver time=8.311932802200317,exit status=0
niter= 40
	g=0.22427294805718836,del=15.585298837989027,dot=1.5381836179873383,x=21.346212643620493
saving to  ./psi11_0
	log prob= -6.5540183011291395
	burn in time= 36.65202784538269
	sample time= 832.7714931964874
	contraction err= 6.190718979347415e-06 0.002027488343538906

Mean energy: -2.16875709e+01
Block size    # of blocks        Mean                Error
     1           50000       -2.16875709e+01       1.248701e-02
     2           25000       -2.16875709e+01       1.247887e-02
     5           10000       -2.16875709e+01       1.244354e-02
    10           5000       -2.16875709e+01       1.252338e-02
    20           2500       -2.16875709e+01       1.244926e-02
    50           1000       -2.16875709e+01       1.232920e-02
    70            714       -2.16876087e+01       1.228599e-02
   100            500       -2.16875709e+01       1.228984e-02
   200            250       -2.16875709e+01       1.256316e-02
   500            100       -2.16875709e+01       1.310317e-02
0 0.01248700530791104 0.01310316513876967
Stocahstic error estimate: 1.248701e-02

step=11,E=-0.602432524913235,dE=-0.00043108705913920257,err=0.00034686125855308444,gmax=0.07000773826619844
	collect g,Hv time= 0.45610618591308594
	solver time=8.303111791610718,exit status=0
niter= 40
	g=0.29444336472170385,del=16.68428913560289,dot=1.751715606875252,x=21.3462126436205
saving to  ./psi12_0
	log prob= -6.496904902968296
	burn in time= 35.52616262435913
	sample time= 833.1498875617981
	contraction err= 6.465572541849893e-06 0.002749745537184648

Mean energy: -2.17029023e+01
Block size    # of blocks        Mean                Error
     1           50000       -2.17029023e+01       1.313679e-02
     2           25000       -2.17029023e+01       1.316129e-02
     5           10000       -2.17029023e+01       1.316077e-02
    10           5000       -2.17029023e+01       1.319466e-02
    20           2500       -2.17029023e+01       1.302308e-02
    50           1000       -2.17029023e+01       1.343251e-02
    70            714       -2.17028633e+01       1.332413e-02
   100            500       -2.17029023e+01       1.319268e-02
   200            250       -2.17029023e+01       1.345422e-02
   500            100       -2.17029023e+01       1.319957e-02
0 0.013161293312046699 0.013199569827029602
Stocahstic error estimate: 1.316129e-02

step=12,E=-0.6028583961676144,dE=-0.0004258712543794532,err=0.0003655914808901861,gmax=0.08368169448330229
	collect g,Hv time= 0.45659470558166504
	solver time=8.298391819000244,exit status=0
niter= 40
	g=0.2925905160241885,del=17.52062388113225,dot=2.4612413947602194,x=21.3462126436205
saving to  ./psi13_0
	log prob= -6.748179786249866
	burn in time= 36.84417366981506
	sample time= 833.4544451236725
	contraction err= 6.856750384113184e-06 0.0027723890366348767

Mean energy: -2.16844704e+01
Block size    # of blocks        Mean                Error
     1           50000       -2.16844704e+01       1.206719e-02
     2           25000       -2.16844704e+01       1.205462e-02
     5           10000       -2.16844704e+01       1.209998e-02
    10           5000       -2.16844704e+01       1.204663e-02
    20           2500       -2.16844704e+01       1.197118e-02
    50           1000       -2.16844704e+01       1.199296e-02
    70            714       -2.16842824e+01       1.199064e-02
   100            500       -2.16844704e+01       1.236523e-02
   200            250       -2.16844704e+01       1.188147e-02
   500            100       -2.16844704e+01       1.243757e-02
0 0.01206718786376788 0.01243756921149124
Stocahstic error estimate: 1.206719e-02

step=13,E=-0.602346400577404,dE=0.0005119955902104481,err=0.0003351996628824411,gmax=0.11876136244569344
	collect g,Hv time= 0.45858120918273926
	solver time=8.29842472076416,exit status=0
niter= 40
	g=0.31266594479355325,del=15.291041240468605,dot=1.6538102220680733,x=21.346212643620504
saving to  ./psi14_0
	log prob= -6.797905685452422
	burn in time= 36.69893026351929
	sample time= 833.5932977199554
	contraction err= 6.442344319282854e-06 0.0024361994267709263

Mean energy: -2.16887460e+01
Block size    # of blocks        Mean                Error
     1           50000       -2.16887460e+01       1.155794e-02
     2           25000       -2.16887460e+01       1.156829e-02
     5           10000       -2.16887460e+01       1.161450e-02
    10           5000       -2.16887460e+01       1.156899e-02
    20           2500       -2.16887460e+01       1.136832e-02
    50           1000       -2.16887460e+01       1.169143e-02
    70            714       -2.16885462e+01       1.155381e-02
   100            500       -2.16887460e+01       1.148899e-02
   200            250       -2.16887460e+01       1.179927e-02
   500            100       -2.16887460e+01       1.190916e-02
0 0.011568294847505248 0.011909160626320336
Stocahstic error estimate: 1.156829e-02

step=14,E=-0.6024651670926662,dE=-0.00011876651526223882,err=0.00032134152354181244,gmax=0.13827609537252472
	collect g,Hv time= 0.45380544662475586
	solver time=8.077723264694214,exit status=0
niter= 39
	g=0.27679347863006487,del=14.86114537646089,dot=1.441098860486252,x=21.346212643620504
saving to  ./psi15_0
	log prob= -7.107055307211612
	burn in time= 36.438440799713135
	sample time= 833.1902799606323
	contraction err= 7.043889332339093e-06 0.009695908375303068

Mean energy: -2.16833427e+01
Block size    # of blocks        Mean                Error
     1           50000       -2.16833427e+01       1.235148e-02
     2           25000       -2.16833427e+01       1.238461e-02
     5           10000       -2.16833427e+01       1.244287e-02
    10           5000       -2.16833427e+01       1.244891e-02
    20           2500       -2.16833427e+01       1.223455e-02
    50           1000       -2.16833427e+01       1.231862e-02
    70            714       -2.16833658e+01       1.220216e-02
   100            500       -2.16833427e+01       1.234644e-02
   200            250       -2.16833427e+01       1.284210e-02
   500            100       -2.16833427e+01       1.189494e-02
0 0.012384607482325137 0.011894937991061703
Stocahstic error estimate: 1.238461e-02

step=15,E=-0.6023150761779267,dE=0.00015009091473948565,err=0.0003440168745090316,gmax=0.32476703499026255
	collect g,Hv time= 0.4554896354675293
	solver time=8.29602837562561,exit status=0
niter= 40
	g=0.7750674837767862,del=15.301182566580252,dot=2.15203194117052,x=21.34621264362048
saving to  ./psi16_0
	log prob= -7.300179227022367
	burn in time= 35.931257486343384
	sample time= 832.7381212711334
	contraction err= 6.535561746957348e-06 0.0027573095775275374

Mean energy: -2.16918798e+01
Block size    # of blocks        Mean                Error
     1           50000       -2.16918798e+01       1.351990e-02
     2           25000       -2.16918798e+01       1.349562e-02
     5           10000       -2.16918798e+01       1.340171e-02
    10           5000       -2.16918798e+01       1.338143e-02
    20           2500       -2.16918798e+01       1.325424e-02
    50           1000       -2.16918798e+01       1.363796e-02
    70            714       -2.16918479e+01       1.355465e-02
   100            500       -2.16918798e+01       1.400762e-02
   200            250       -2.16918798e+01       1.397564e-02
   500            100       -2.16918798e+01       1.283219e-02
0 0.013519900819460142 0.012832190256829204
Stocahstic error estimate: 1.351990e-02

step=16,E=-0.6025522164045315,dE=-0.00023714022660481504,err=0.0003755528005405595,gmax=0.3642712411268593
	collect g,Hv time= 0.4575612545013428
	solver time=7.864635944366455,exit status=0
niter= 38
	g=0.5730572509736034,del=20.379442891412314,dot=2.276142214878732,x=21.346212643620532
saving to  ./psi17_0
	log prob= -7.622959864889947
	burn in time= 36.516483306884766
	sample time= 833.6036970615387
	contraction err= 7.3942326520862065e-06 0.002659056819411088

Mean energy: -2.16894570e+01
Block size    # of blocks        Mean                Error
     1           50000       -2.16894570e+01       1.183145e-02
     2           25000       -2.16894570e+01       1.183564e-02
     5           10000       -2.16894570e+01       1.186309e-02
    10           5000       -2.16894570e+01       1.192270e-02
    20           2500       -2.16894570e+01       1.171365e-02
    50           1000       -2.16894570e+01       1.171461e-02
    70            714       -2.16891855e+01       1.134142e-02
   100            500       -2.16894570e+01       1.141131e-02
   200            250       -2.16894570e+01       1.146095e-02
   500            100       -2.16894570e+01       1.226256e-02
0 0.011835641781452536 0.012262558305869475
Stocahstic error estimate: 1.183564e-02

step=17,E=-0.6024849161184159,dE=6.730028611556804e-05,err=0.00032876782726257045,gmax=0.12906559764983724
	collect g,Hv time= 0.4571554660797119
	solver time=8.304339170455933,exit status=0
niter= 40
	g=0.374004545393984,del=15.404251673824863,dot=1.976970645635674,x=21.3462126436205
saving to  ./psi18_0
	log prob= -7.566865081571979
	burn in time= 36.663028717041016
	sample time= 833.791600227356
	contraction err= 7.3375869428033135e-06 0.004291241373253086

Mean energy: -2.16799922e+01
Block size    # of blocks        Mean                Error
     1           50000       -2.16799922e+01       1.295788e-02
     2           25000       -2.16799922e+01       1.288682e-02
     5           10000       -2.16799922e+01       1.288123e-02
    10           5000       -2.16799922e+01       1.285399e-02
    20           2500       -2.16799922e+01       1.279022e-02
    50           1000       -2.16799922e+01       1.283447e-02
    70            714       -2.16802073e+01       1.291555e-02
   100            500       -2.16799922e+01       1.239043e-02
   200            250       -2.16799922e+01       1.209493e-02
   500            100       -2.16799922e+01       1.197915e-02
0 0.012957883681345178 0.011979151218661787
Stocahstic error estimate: 1.295788e-02

step=18,E=-0.6022220052080817,dE=0.0002629109103343315,err=0.0003599412133706994,gmax=0.13022487187626036
	collect g,Hv time= 0.45836424827575684
	solver time=8.287455081939697,exit status=0
niter= 40
	g=0.5121309621186464,del=17.03174515895984,dot=2.868219992776254,x=21.346212643620497
saving to  ./psi19_0
	log prob= -7.932446899114459
	burn in time= 36.93306493759155
	sample time= 833.2513463497162
	contraction err= 7.550020679119207e-06 0.004189529174921805

Mean energy: -2.16877685e+01
Block size    # of blocks        Mean                Error
     1           50000       -2.16877685e+01       1.195189e-02
     2           25000       -2.16877685e+01       1.195094e-02
     5           10000       -2.16877685e+01       1.189446e-02
    10           5000       -2.16877685e+01       1.202281e-02
    20           2500       -2.16877685e+01       1.200304e-02
    50           1000       -2.16877685e+01       1.192147e-02
    70            714       -2.16873997e+01       1.173926e-02
   100            500       -2.16877685e+01       1.138600e-02
   200            250       -2.16877685e+01       1.155545e-02
   500            100       -2.16877685e+01       1.095880e-02
0 0.011951892662618745 0.010958795457507008
Stocahstic error estimate: 1.195189e-02

step=19,E=-0.6024380144324306,dE=-0.00021600922434898232,err=0.00033199701840607625,gmax=0.0755579204978189
	collect g,Hv time= 0.4557840824127197
	solver time=8.076993703842163,exit status=0
niter= 39
	g=0.3279735260300382,del=15.099113296350177,dot=1.8852082790622728,x=21.346212643620508
saving to  ./psi20_0
