nbatch= 1
FPEPS([
    FermionTensor(shape=(18, 18, 4), inds=('_9d4e10AAAAA', '_9d4e10AAAAB', 'k0,0'), tags=oset(['I0,0', 'ROW0', 'COL0'])),
    FermionTensor(shape=(18, 18, 18, 4), inds=('_9d4e10AAAAC', '_9d4e10AAAAD', '_9d4e10AAAAB', 'k0,1'), tags=oset(['I0,1', 'ROW0', 'COL1'])),
    FermionTensor(shape=(18, 18, 18, 4), inds=('_9d4e10AAAAE', '_9d4e10AAAAF', '_9d4e10AAAAD', 'k0,2'), tags=oset(['I0,2', 'ROW0', 'COL2'])),
    FermionTensor(shape=(18, 18, 18, 4), inds=('_9d4e10AAAAG', '_9d4e10AAAAH', '_9d4e10AAAAF', 'k0,3'), tags=oset(['I0,3', 'ROW0', 'COL3'])),
    FermionTensor(shape=(18, 18, 18, 4), inds=('_9d4e10AAAAI', '_9d4e10AAAAJ', '_9d4e10AAAAH', 'k0,4'), tags=oset(['I0,4', 'ROW0', 'COL4'])),
    FermionTensor(shape=(18, 18, 4), inds=('_9d4e10AAAAK', '_9d4e10AAAAJ', 'k0,5'), tags=oset(['I0,5', 'ROW0', 'COL5'])),
    FermionTensor(shape=(18, 18, 18, 4), inds=('_9d4e10AAAAL', '_9d4e10AAAAM', '_9d4e10AAAAA', 'k1,0'), tags=oset(['I1,0', 'ROW1', 'COL0'])),
    FermionTensor(shape=(18, 18, 18, 18, 4), inds=('_9d4e10AAAAN', '_9d4e10AAAAO', '_9d4e10AAAAC', '_9d4e10AAAAM', 'k1,1'), tags=oset(['I1,1', 'ROW1', 'COL1'])),
    FermionTensor(shape=(18, 18, 18, 18, 4), inds=('_9d4e10AAAAP', '_9d4e10AAAAQ', '_9d4e10AAAAE', '_9d4e10AAAAO', 'k1,2'), tags=oset(['I1,2', 'ROW1', 'COL2'])),
    FermionTensor(shape=(18, 18, 18, 18, 4), inds=('_9d4e10AAAAR', '_9d4e10AAAAS', '_9d4e10AAAAG', '_9d4e10AAAAQ', 'k1,3'), tags=oset(['I1,3', 'ROW1', 'COL3'])),
    FermionTensor(shape=(18, 18, 18, 18, 4), inds=('_9d4e10AAAAT', '_9d4e10AAAAU', '_9d4e10AAAAI', '_9d4e10AAAAS', 'k1,4'), tags=oset(['I1,4', 'ROW1', 'COL4'])),
    FermionTensor(shape=(18, 18, 18, 4), inds=('_9d4e10AAAAV', '_9d4e10AAAAK', '_9d4e10AAAAU', 'k1,5'), tags=oset(['I1,5', 'ROW1', 'COL5'])),
    FermionTensor(shape=(18, 18, 18, 4), inds=('_9d4e10AAAAW', '_9d4e10AAAAX', '_9d4e10AAAAL', 'k2,0'), tags=oset(['I2,0', 'ROW2', 'COL0'])),
    FermionTensor(shape=(18, 18, 18, 18, 4), inds=('_9d4e10AAAAY', '_9d4e10AAAAZ', '_9d4e10AAAAN', '_9d4e10AAAAX', 'k2,1'), tags=oset(['I2,1', 'ROW2', 'COL1'])),
    FermionTensor(shape=(18, 18, 18, 18, 4), inds=('_9d4e10AAAAa', '_9d4e10AAAAb', '_9d4e10AAAAP', '_9d4e10AAAAZ', 'k2,2'), tags=oset(['I2,2', 'ROW2', 'COL2'])),
    FermionTensor(shape=(18, 18, 18, 18, 4), inds=('_9d4e10AAAAc', '_9d4e10AAAAd', '_9d4e10AAAAR', '_9d4e10AAAAb', 'k2,3'), tags=oset(['I2,3', 'ROW2', 'COL3'])),
    FermionTensor(shape=(18, 18, 18, 18, 4), inds=('_9d4e10AAAAe', '_9d4e10AAAAf', '_9d4e10AAAAT', '_9d4e10AAAAd', 'k2,4'), tags=oset(['I2,4', 'ROW2', 'COL4'])),
    FermionTensor(shape=(18, 18, 18, 4), inds=('_9d4e10AAAAg', '_9d4e10AAAAV', '_9d4e10AAAAf', 'k2,5'), tags=oset(['I2,5', 'ROW2', 'COL5'])),
    FermionTensor(shape=(18, 18, 18, 4), inds=('_9d4e10AAAAh', '_9d4e10AAAAi', '_9d4e10AAAAW', 'k3,0'), tags=oset(['I3,0', 'ROW3', 'COL0'])),
    FermionTensor(shape=(18, 18, 18, 18, 4), inds=('_9d4e10AAAAj', '_9d4e10AAAAk', '_9d4e10AAAAY', '_9d4e10AAAAi', 'k3,1'), tags=oset(['I3,1', 'ROW3', 'COL1'])),
    FermionTensor(shape=(18, 18, 18, 18, 4), inds=('_9d4e10AAAAl', '_9d4e10AAAAm', '_9d4e10AAAAa', '_9d4e10AAAAk', 'k3,2'), tags=oset(['I3,2', 'ROW3', 'COL2'])),
    FermionTensor(shape=(18, 18, 18, 18, 4), inds=('_9d4e10AAAAn', '_9d4e10AAAAo', '_9d4e10AAAAc', '_9d4e10AAAAm', 'k3,3'), tags=oset(['I3,3', 'ROW3', 'COL3'])),
    FermionTensor(shape=(18, 18, 18, 18, 4), inds=('_9d4e10AAAAp', '_9d4e10AAAAq', '_9d4e10AAAAe', '_9d4e10AAAAo', 'k3,4'), tags=oset(['I3,4', 'ROW3', 'COL4'])),
    FermionTensor(shape=(18, 18, 18, 4), inds=('_9d4e10AAAAr', '_9d4e10AAAAg', '_9d4e10AAAAq', 'k3,5'), tags=oset(['I3,5', 'ROW3', 'COL5'])),
    FermionTensor(shape=(18, 18, 18, 4), inds=('_9d4e10AAAAs', '_9d4e10AAAAt', '_9d4e10AAAAh', 'k4,0'), tags=oset(['I4,0', 'ROW4', 'COL0'])),
    FermionTensor(shape=(18, 18, 18, 18, 4), inds=('_9d4e10AAAAu', '_9d4e10AAAAv', '_9d4e10AAAAj', '_9d4e10AAAAt', 'k4,1'), tags=oset(['I4,1', 'ROW4', 'COL1'])),
    FermionTensor(shape=(18, 18, 18, 18, 4), inds=('_9d4e10AAAAw', '_9d4e10AAAAx', '_9d4e10AAAAl', '_9d4e10AAAAv', 'k4,2'), tags=oset(['I4,2', 'ROW4', 'COL2'])),
    FermionTensor(shape=(18, 18, 18, 18, 4), inds=('_9d4e10AAAAy', '_9d4e10AAAAz', '_9d4e10AAAAn', '_9d4e10AAAAx', 'k4,3'), tags=oset(['I4,3', 'ROW4', 'COL3'])),
    FermionTensor(shape=(18, 18, 18, 18, 4), inds=('_9d4e10AAABA', '_9d4e10AAABB', '_9d4e10AAAAp', '_9d4e10AAAAz', 'k4,4'), tags=oset(['I4,4', 'ROW4', 'COL4'])),
    FermionTensor(shape=(18, 18, 18, 4), inds=('_9d4e10AAABC', '_9d4e10AAAAr', '_9d4e10AAABB', 'k4,5'), tags=oset(['I4,5', 'ROW4', 'COL5'])),
    FermionTensor(shape=(18, 18, 4), inds=('_9d4e10AAABD', '_9d4e10AAAAs', 'k5,0'), tags=oset(['I5,0', 'ROW5', 'COL0'])),
    FermionTensor(shape=(18, 18, 18, 4), inds=('_9d4e10AAABE', '_9d4e10AAAAu', '_9d4e10AAABD', 'k5,1'), tags=oset(['I5,1', 'ROW5', 'COL1'])),
    FermionTensor(shape=(18, 18, 18, 4), inds=('_9d4e10AAABF', '_9d4e10AAAAw', '_9d4e10AAABE', 'k5,2'), tags=oset(['I5,2', 'ROW5', 'COL2'])),
    FermionTensor(shape=(18, 18, 18, 4), inds=('_9d4e10AAABG', '_9d4e10AAAAy', '_9d4e10AAABF', 'k5,3'), tags=oset(['I5,3', 'ROW5', 'COL3'])),
    FermionTensor(shape=(18, 18, 18, 4), inds=('_9d4e10AAABH', '_9d4e10AAABA', '_9d4e10AAABG', 'k5,4'), tags=oset(['I5,4', 'ROW5', 'COL4'])),
    FermionTensor(shape=(18, 18, 4), inds=('_9d4e10AAABC', '_9d4e10AAABH', 'k5,5'), tags=oset(['I5,5', 'ROW5', 'COL5'])),
], Lx=6, Ly=6, max_bond=18)
block_dict= [(0, 1237519)]
sizes= [1237519]
SIZE= 640
Lx,Ly= 6 6
nelec= (16, 16)
nparam= 1237519
D= 18
chi= 20
	log prob= -2.608243127293465
	burn in time= 187.51632523536682
	sample time= 266.8795487880707
	contraction err= 0.0013528252585221826 0.06982649893255234

Mean energy: -2.23161315e+01
Block size    # of blocks        Mean                Error
     1           5000       -2.23161315e+01       8.989734e-03
     2           2500       -2.23161315e+01       8.961183e-03
     5           1000       -2.23161315e+01       9.045476e-03
    10            500       -2.23161315e+01       9.333563e-03
    20            250       -2.23161315e+01       9.709189e-03
    50            100       -2.23161315e+01       1.016771e-02
    70             71       -2.23157075e+01       9.649863e-03
   100             50       -2.23161315e+01       1.008419e-02
   200             25       -2.23161315e+01       9.055652e-03
   500             10       -2.23161315e+01       1.133517e-02
0 0.008989733648163014 0.011335168733030586
Stocahstic error estimate: 8.989734e-03

step=0,E=-0.6198925424788473,dE=-0.6198925424788473,err=0.00024971482356008374,gmax=0.15385879613619124
	collect g,Hv time= 3.983461380004883
	solver time=8.850191354751587,exit status=0
niter= 42
	g=0.5789531495350706,del=2.200518837034963,dot=0.4420780340131065,x=22.29689087295567
saving to  ./psi1
	log prob= -2.9821332511334537
	burn in time= 189.38924407958984
	sample time= 557.4298403263092
	contraction err= 0.0015325802092253254 0.09028992772834415

Mean energy: -2.23814457e+01
Block size    # of blocks        Mean                Error
     1           5000       -2.23814457e+01       8.516736e-03
     2           2500       -2.23814457e+01       8.555371e-03
     5           1000       -2.23814457e+01       8.653158e-03
    10            500       -2.23814457e+01       8.202654e-03
    20            250       -2.23814457e+01       7.860967e-03
    50            100       -2.23814457e+01       7.841700e-03
    70             71       -2.23812166e+01       8.050753e-03
   100             50       -2.23814457e+01       8.585774e-03
   200             25       -2.23814457e+01       9.618819e-03
   500             10       -2.23814457e+01       1.003598e-02
0 0.008555370597339098 0.0100359788343024
Stocahstic error estimate: 8.555371e-03

step=1,E=-0.6217068237997975,dE=-0.0018142813209502703,err=0.0002376491832594194,gmax=0.12481094536463289
	collect g,Hv time= 5.2510035037994385
	solver time=18.255754470825195,exit status=0
niter= 38
	g=0.5386742238302517,del=2.2736186325817904,dot=0.3949563432938674,x=22.29689087295571
saving to  ./psi2
	log prob= -3.3721988965098206
	burn in time= 186.01517128944397
	sample time= 559.3830063343048
	contraction err= 0.0016920174720970447 0.14046816134208168

Mean energy: -2.24402712e+01
Block size    # of blocks        Mean                Error
     1           5000       -2.24402712e+01       8.332288e-03
     2           2500       -2.24402712e+01       8.224364e-03
     5           1000       -2.24402712e+01       8.288748e-03
    10            500       -2.24402712e+01       8.179323e-03
    20            250       -2.24402712e+01       8.276512e-03
    50            100       -2.24402712e+01       8.030966e-03
    70             71       -2.24418096e+01       7.970908e-03
   100             50       -2.24402712e+01       7.715116e-03
   200             25       -2.24402712e+01       8.362710e-03
   500             10       -2.24402712e+01       9.014031e-03
0 0.008332288059843831 0.009014031476272506
Stocahstic error estimate: 8.332288e-03

step=2,E=-0.6233408654388892,dE=-0.0016340416390917174,err=0.0002314524461067731,gmax=0.21893110318899256
	collect g,Hv time= 6.042212963104248
	solver time=17.248330116271973,exit status=0
niter= 36
	g=0.5344309011738002,del=2.15336952576806,dot=0.35897473884241704,x=22.296890872955668
saving to  ./psi3
	log prob= -3.725460176600461
	burn in time= 189.1746542453766
	sample time= 559.5071227550507
	contraction err= 0.0019684022815839113 0.21349272934395006

Mean energy: -2.24920531e+01
Block size    # of blocks        Mean                Error
     1           5000       -2.24920531e+01       8.950013e-03
     2           2500       -2.24920531e+01       9.045429e-03
     5           1000       -2.24920531e+01       9.053427e-03
    10            500       -2.24920531e+01       9.373758e-03
    20            250       -2.24920531e+01       9.106234e-03
    50            100       -2.24920531e+01       9.214116e-03
    70             71       -2.24930250e+01       1.052928e-02
   100             50       -2.24920531e+01       9.225032e-03
   200             25       -2.24920531e+01       1.044030e-02
   500             10       -2.24920531e+01       1.327169e-02
0 0.009045429192647666 0.013271694719949205
Stocahstic error estimate: 9.045429e-03

step=3,E=-0.624779252668276,dE=-0.0014383872293868036,err=0.00025126192201799073,gmax=0.12333986326141705
	collect g,Hv time= 7.181428670883179
	solver time=20.538007736206055,exit status=0
niter= 43
	g=0.5233847677498585,del=2.4964887407908005,dot=0.4173797235228611,x=22.296890872955682
saving to  ./psi4
	log prob= -4.070063660752216
	burn in time= 193.68002843856812
	sample time= 560.3090622425079
	contraction err= 0.0019155234475853103 0.10456913674931316

Mean energy: -2.24869203e+01
Block size    # of blocks        Mean                Error
     1           5000       -2.24869203e+01       7.913565e-03
     2           2500       -2.24869203e+01       7.986709e-03
     5           1000       -2.24869203e+01       7.777850e-03
    10            500       -2.24869203e+01       7.728499e-03
    20            250       -2.24869203e+01       7.381492e-03
    50            100       -2.24869203e+01       7.709524e-03
    70             71       -2.24867289e+01       8.246059e-03
   100             50       -2.24869203e+01       8.501152e-03
   200             25       -2.24869203e+01       9.135745e-03
   500             10       -2.24869203e+01       1.232782e-02
0 0.007986709018564447 0.012327823745455593
Stocahstic error estimate: 7.986709e-03

step=4,E=-0.6246366760031447,dE=0.00014257666513136277,err=0.00022185302829345684,gmax=0.08493968978087935
	collect g,Hv time= 5.64583420753479
	solver time=18.561539888381958,exit status=0
niter= 39
	g=0.43084422823610147,del=2.2745796820061415,dot=0.3244969097203102,x=22.29689087295571
saving to  ./psi5
	log prob= -4.3936047967963825
	burn in time= 192.90526962280273
	sample time= 560.9272880554199
	contraction err= 0.0019317673061908255 0.24186208736726575

Mean energy: -2.25338963e+01
Block size    # of blocks        Mean                Error
     1           5000       -2.25338963e+01       7.231507e-03
     2           2500       -2.25338963e+01       7.124634e-03
     5           1000       -2.25338963e+01       7.069053e-03
    10            500       -2.25338963e+01       7.172157e-03
    20            250       -2.25338963e+01       7.098688e-03
    50            100       -2.25338963e+01       7.748997e-03
    70             71       -2.25342100e+01       7.938366e-03
   100             50       -2.25338963e+01       7.704052e-03
   200             25       -2.25338963e+01       9.521253e-03
   500             10       -2.25338963e+01       1.249876e-02
0 0.007231506515612852 0.012498762929362235
Stocahstic error estimate: 7.231507e-03

step=5,E=-0.6259415640287466,dE=-0.0013048880256018888,err=0.0002008751809892459,gmax=0.05899703484319829
	collect g,Hv time= 7.290996313095093
	solver time=20.842622756958008,exit status=0
niter= 43
	g=0.3673052708267345,del=2.404995161646387,dot=0.29173253500602203,x=22.29689087295572
saving to  ./psi6
	log prob= -4.704876084469808
	burn in time= 195.62336945533752
	sample time= 561.3359062671661
	contraction err= 0.0020739521657181445 0.138282108189836

Mean energy: -2.25472893e+01
Block size    # of blocks        Mean                Error
     1           5000       -2.25472893e+01       7.463437e-03
     2           2500       -2.25472893e+01       7.477272e-03
     5           1000       -2.25472893e+01       7.389704e-03
    10            500       -2.25472893e+01       7.191380e-03
    20            250       -2.25472893e+01       7.479810e-03
    50            100       -2.25472893e+01       7.232832e-03
    70             71       -2.25463190e+01       6.506152e-03
   100             50       -2.25472893e+01       8.133788e-03
   200             25       -2.25472893e+01       7.618177e-03
   500             10       -2.25472893e+01       8.813331e-03
0 0.007477272185817378 0.008813330898097146
Stocahstic error estimate: 7.477272e-03

step=6,E=-0.626313592675301,dE=-0.0003720286465544515,err=0.00020770200516159385,gmax=0.07026806622667348
	collect g,Hv time= 7.852808952331543
	solver time=20.661552667617798,exit status=0
niter= 43
	g=0.3775604552755846,del=2.4847078441869734,dot=0.296029090721907,x=22.29689087295569
saving to  ./psi7
	log prob= -5.012034273436143
	burn in time= 193.23696660995483
	sample time= 561.5816822052002
	contraction err= 0.0024092831104236237 0.3515969747472937

Mean energy: -2.25767418e+01
Block size    # of blocks        Mean                Error
     1           5000       -2.25767418e+01       7.308867e-03
     2           2500       -2.25767418e+01       7.181411e-03
     5           1000       -2.25767418e+01       7.223979e-03
    10            500       -2.25767418e+01       7.078134e-03
    20            250       -2.25767418e+01       6.919406e-03
    50            100       -2.25767418e+01       6.214325e-03
    70             71       -2.25773726e+01       6.228682e-03
   100             50       -2.25767418e+01       5.686363e-03
   200             25       -2.25767418e+01       6.415025e-03
   500             10       -2.25767418e+01       7.377511e-03
0 0.007308866558150381 0.007377510968673739
Stocahstic error estimate: 7.308867e-03

step=7,E=-0.6271317167811898,dE=-0.0008181241058887857,err=0.0002030240710597328,gmax=0.09562113309203091
	collect g,Hv time= 7.391170024871826
	solver time=18.212412118911743,exit status=0
niter= 38
	g=0.4665208454213973,del=2.240224067655396,dot=0.28309195777464247,x=22.296890872955682
saving to  ./psi8
	log prob= -5.289697041233509
	burn in time= 189.1034893989563
	sample time= 562.7972030639648
	contraction err= 0.0025076583437466673 0.10574943766554407

Mean energy: -2.26139959e+01
Block size    # of blocks        Mean                Error
     1           5000       -2.26139959e+01       8.115000e-03
     2           2500       -2.26139959e+01       8.185801e-03
     5           1000       -2.26139959e+01       8.112040e-03
    10            500       -2.26139959e+01       8.132258e-03
    20            250       -2.26139959e+01       8.055687e-03
    50            100       -2.26139959e+01       7.498481e-03
    70             71       -2.26134942e+01       7.350341e-03
   100             50       -2.26139959e+01       7.966736e-03
   200             25       -2.26139959e+01       9.516488e-03
   500             10       -2.26139959e+01       1.147156e-02
0 0.008185801409691756 0.01147156071991143
Stocahstic error estimate: 8.185801e-03

step=8,E=-0.6281665540382033,dE=-0.0010348372570135014,err=0.00022738337249143765,gmax=0.15541724199430396
	collect g,Hv time= 6.580157518386841
	solver time=11.003591775894165,exit status=0
niter= 23
	g=0.5992927288583736,del=1.5777515600902863,dot=0.304354126496873,x=22.29689087295571
saving to  ./psi9
	log prob= -5.519944295271897
	burn in time= 191.74437928199768
	sample time= 561.8225665092468
	contraction err= 0.002746491179281203 0.17211669480823555

Mean energy: -2.26195402e+01
Block size    # of blocks        Mean                Error
     1           5000       -2.26195402e+01       7.529022e-03
     2           2500       -2.26195402e+01       7.413711e-03
     5           1000       -2.26195402e+01       7.363218e-03
    10            500       -2.26195402e+01       7.387330e-03
    20            250       -2.26195402e+01       7.236980e-03
    50            100       -2.26195402e+01       7.754804e-03
    70             71       -2.26189522e+01       7.882566e-03
   100             50       -2.26195402e+01       7.674496e-03
   200             25       -2.26195402e+01       8.537428e-03
   500             10       -2.26195402e+01       8.645560e-03
0 0.007529022269117831 0.008645560033506205
Stocahstic error estimate: 7.529022e-03

step=9,E=-0.6283205624255316,dE=-0.00015400838732827616,err=0.0002091395074754953,gmax=0.1531722461451086
	collect g,Hv time= 6.715583086013794
	solver time=19.305996417999268,exit status=0
niter= 40
	g=0.6312595456589275,del=2.441552785353331,dot=0.3026650293940478,x=22.29689087295569
saving to  ./psi10
nbatch= 1
block_dict= [(0, 1237519)]
sizes= [1237519]
SIZE= 640
Lx,Ly= 6 6
nelec= (16, 16)
nparam= 1237519
D= 18
chi= 20
	log prob= -2.2779810606536817
	burn in time= 160.06224536895752
	sample time= 1192.2426731586456
	contraction err= 0.0027507121316560678 0.3408217398433312

Mean energy: -2.26406080e+01
Block size    # of blocks        Mean                Error
     1           10000       -2.26406080e+01       5.491568e-03
     2           5000       -2.26406080e+01       5.482255e-03
     5           2000       -2.26406080e+01       5.518505e-03
    10           1000       -2.26406080e+01       5.561674e-03
    20            500       -2.26406080e+01       5.559246e-03
    50            200       -2.26406080e+01       5.421884e-03
    70            142       -2.26406372e+01       5.451236e-03
   100            100       -2.26406080e+01       5.088971e-03
   200             50       -2.26406080e+01       5.584079e-03
   500             20       -2.26406080e+01       4.583609e-03
0 0.005491567837215617 0.004583608874558679
Stocahstic error estimate: 5.491568e-03

step=10,E=-0.628905778663039,dE=-0.628905778663039,err=0.00015254355103376714,gmax=0.06862497473564444
	collect g,Hv time= 66.933114528656
	solver time=6.710639476776123,exit status=0
niter= 44
pure_newton= False
	solver time=53.05750298500061,exit status=0
niter= 182
	log prob= -3.265347560105097
	burn in time= 158.81052923202515
	sample time= 274.206538438797
	contraction err= 0.0034622726095414995 0.8134026466488273

Mean energy: -2.26878652e+01
Block size    # of blocks        Mean                Error
     1           10000       -2.26878652e+01       5.204650e-03
     2           5000       -2.26878652e+01       5.252426e-03
     5           2000       -2.26878652e+01       5.227030e-03
    10           1000       -2.26878652e+01       5.298870e-03
    20            500       -2.26878652e+01       5.167218e-03
    50            200       -2.26878652e+01       5.318769e-03
    70            142       -2.26875460e+01       5.571396e-03
   100            100       -2.26878652e+01       5.146411e-03
   200             50       -2.26878652e+01       5.546859e-03
   500             20       -2.26878652e+01       5.254581e-03
0 0.005252425774524971 0.005254581107487652
Stocahstic error estimate: 5.252426e-03

	predict=-0.028148951471441974,actual=(-0.0472571933796786, 0.007599032427068281)
	g=0.3521423591293941,del=0.7863585511588009,dot=0.05629764610539782,x=23.411735416603904
saving to  ./psi11
nbatch= 1
block_dict= [(0, 1237519)]
sizes= [1237519]
SIZE= 640
Lx,Ly= 6 6
nelec= (16, 16)
nparam= 1237519
D= 18
chi= 20
	log prob= 0.24754426009399064
	burn in time= 153.49268865585327
	sample time= 1188.0946798324585
	contraction err= 0.0034576900906760854 0.8353547219624446

Mean energy: -2.27049601e+01
Block size    # of blocks        Mean                Error
     1           10000       -2.27049601e+01       5.167767e-03
     2           5000       -2.27049601e+01       5.204556e-03
     5           2000       -2.27049601e+01       5.281281e-03
    10           1000       -2.27049601e+01       5.254683e-03
    20            500       -2.27049601e+01       5.334262e-03
    50            200       -2.27049601e+01       5.314986e-03
    70            142       -2.27045301e+01       5.908637e-03
   100            100       -2.27049601e+01       5.627111e-03
   200             50       -2.27049601e+01       5.994225e-03
   500             20       -2.27049601e+01       6.020496e-03
0 0.00520455574041196 0.006020495593065183
Stocahstic error estimate: 5.204556e-03

step=11,E=-0.6306933363385253,dE=-0.6306933363385253,err=0.0001445709927892211,gmax=0.0414172172199892
	collect g,Hv time= 67.43023991584778
	solver time=6.573509454727173,exit status=0
niter= 43
pure_newton= False
	solver time=130.54193878173828,exit status=0
niter= 453
	log prob= -0.6157767236614092
	burn in time= 157.30794596672058
	sample time= 274.46490955352783
	contraction err= 0.004000109843409184 0.4070445708483536

Mean energy: -2.27450398e+01
Block size    # of blocks        Mean                Error
     1           10000       -2.27450398e+01       5.540223e-03
     2           5000       -2.27450398e+01       5.553893e-03
     5           2000       -2.27450398e+01       5.507784e-03
    10           1000       -2.27450398e+01       5.495492e-03
    20            500       -2.27450398e+01       5.552562e-03
    50            200       -2.27450398e+01       5.532477e-03
    70            142       -2.27448036e+01       5.883209e-03
   100            100       -2.27450398e+01       5.651669e-03
   200             50       -2.27450398e+01       5.868747e-03
   500             20       -2.27450398e+01       6.235871e-03
0 0.005553893275874891 0.006235871060960162
Stocahstic error estimate: 5.553893e-03

	predict=-0.024419876719376926,actual=(-0.040079674823356726, 0.007611381673182828)
	g=0.2558949846753382,del=0.8133972521241172,dot=0.04883514231095004,x=24.58232218743407
saving to  ./psi12
nbatch= 1
block_dict= [(0, 1237519)]
sizes= [1237519]
SIZE= 640
Lx,Ly= 6 6
nelec= (16, 16)
nparam= 1237519
D= 18
chi= 20
	log prob= -0.6157767236614092
	burn in time= 157.1447775363922
	sample time= 1180.7415990829468
	contraction err= 0.00403307576776121 0.22235844111332126

Mean energy: -2.27405497e+01
Block size    # of blocks        Mean                Error
     1           10000       -2.27405497e+01       5.650618e-03
     2           5000       -2.27405497e+01       5.637657e-03
     5           2000       -2.27405497e+01       5.618810e-03
    10           1000       -2.27405497e+01       5.706681e-03
    20            500       -2.27405497e+01       5.801772e-03
    50            200       -2.27405497e+01       6.198196e-03
    70            142       -2.27414821e+01       6.178755e-03
   100            100       -2.27405497e+01       6.295322e-03
   200             50       -2.27405497e+01       6.515992e-03
   500             20       -2.27405497e+01       5.257725e-03
0 0.005650617963219701 0.005257724833790489
Stocahstic error estimate: 5.650618e-03

step=12,E=-0.6316819357919379,dE=-0.6316819357919379,err=0.00015696161008943614,gmax=0.03964064041910975
	collect g,Hv time= 65.9764473438263
	solver time=6.543494462966919,exit status=0
niter= 43
pure_newton= False
	solver time=54.39289927482605,exit status=0
niter= 187
	log prob= -1.380413352270453
	burn in time= 161.37058544158936
	sample time= 274.5718376636505
	contraction err= 0.004638805903543398 0.31857285909168936

Mean energy: -2.27750639e+01
Block size    # of blocks        Mean                Error
     1           10000       -2.27750639e+01       5.923346e-03
     2           5000       -2.27750639e+01       5.864485e-03
     5           2000       -2.27750639e+01       5.820271e-03
    10           1000       -2.27750639e+01       5.759305e-03
    20            500       -2.27750639e+01       5.654280e-03
    50            200       -2.27750639e+01       5.950169e-03
    70            142       -2.27751837e+01       5.785740e-03
   100            100       -2.27750639e+01       6.026138e-03
   200             50       -2.27750639e+01       6.329622e-03
   500             20       -2.27750639e+01       6.657758e-03
0 0.0059233456572370365 0.006657757988630386
Stocahstic error estimate: 5.923346e-03

	predict=-0.02469080781386173,actual=(-0.03451420189490406, 0.008186299966490968)
	g=0.23504344096855317,del=0.8288830922081629,dot=0.04939060764832094,x=24.582322187434045
saving to  ./psi13
nbatch= 1
block_dict= [(0, 1237519)]
sizes= [1237519]
SIZE= 640
Lx,Ly= 6 6
nelec= (16, 16)
nparam= 1237519
D= 18
chi= 20
	log prob= -1.380413352270453
	burn in time= 161.3284604549408
	sample time= 2172.7668998241425
	contraction err= 0.004605808429658105 0.22700717554998176

Mean energy: -2.27709640e+01
Block size    # of blocks        Mean                Error
     1           20000       -2.27709640e+01       3.991929e-03
     2           10000       -2.27709640e+01       4.042004e-03
     5           4000       -2.27709640e+01       4.025111e-03
    10           2000       -2.27709640e+01       4.030329e-03
    20           1000       -2.27709640e+01       3.996638e-03
    50            400       -2.27709640e+01       3.790774e-03
    70            285       -2.27709251e+01       3.909545e-03
   100            200       -2.27709640e+01       3.852696e-03
   200            100       -2.27709640e+01       3.789994e-03
   500             40       -2.27709640e+01       3.912648e-03
0 0.0040420041441977875 0.0039126483051242925
Stocahstic error estimate: 4.042004e-03

step=13,E=-0.632526777870498,dE=-0.632526777870498,err=0.00011227789289438298,gmax=0.02681784917442756
	collect g,Hv time= 69.94592356681824
	solver time=9.75985860824585,exit status=0
niter= 44
pure_newton= False
	solver time=82.45781517028809,exit status=0
niter= 190
	log prob= -2.233847895669369
	burn in time= 161.5289328098297
	sample time= 391.0484092235565
	contraction err= 0.005515360159421768 0.9362591630758293

Mean energy: -2.27905625e+01
Block size    # of blocks        Mean                Error
     1           20000       -2.27905625e+01       4.146697e-03
     2           10000       -2.27905625e+01       4.150030e-03
     5           4000       -2.27905625e+01       4.167655e-03
    10           2000       -2.27905625e+01       4.180967e-03
    20           1000       -2.27905625e+01       4.095118e-03
    50            400       -2.27905625e+01       4.211045e-03
    70            285       -2.27909036e+01       4.124833e-03
   100            200       -2.27905625e+01       3.992889e-03
   200            100       -2.27905625e+01       3.936405e-03
   500             40       -2.27905625e+01       4.260251e-03
0 0.004150029898261249 0.00426025066694091
Stocahstic error estimate: 4.150030e-03

	predict=-0.02110270241981939,actual=(-0.019598504017260154, 0.005793146438523228)
	g=0.21182695489463696,del=0.9973927594315177,dot=0.042202653127067245,x=24.582322187434062
saving to  ./psi14
nbatch= 1
block_dict= [(0, 1237519)]
sizes= [1237519]
SIZE= 640
Lx,Ly= 6 6
nelec= (16, 16)
nparam= 1237519
D= 18
chi= 20
	log prob= -2.233847895669369
	burn in time= 151.96131348609924
trouble in torch gesdd routine, falling back to gesvd
trouble in torch gesdd routine, falling back to gesvd
	sample time= 5137.931428670883
	contraction err= 0.005469606757429601 3.601499325786266

Mean energy: -2.27908577e+01
Block size    # of blocks        Mean                Error
     1           50000       -2.27908577e+01       2.975696e-03
     2           25000       -2.27908577e+01       2.968052e-03
     5           10000       -2.27908577e+01       2.983110e-03
    10           5000       -2.27908577e+01       2.986034e-03
    20           2500       -2.27908577e+01       2.996513e-03
    50           1000       -2.27908577e+01       3.006627e-03
    70            714       -2.27908817e+01       2.826719e-03
   100            500       -2.27908577e+01       3.005490e-03
   200            250       -2.27908577e+01       3.128440e-03
   500            100       -2.27908577e+01       3.200437e-03
0 0.0029756957683027083 0.0032004372813994124
Stocahstic error estimate: 2.975696e-03

step=14,E=-0.6330793811988397,dE=-0.6330793811988397,err=8.265821578618634e-05,gmax=0.10995035980891199
	collect g,Hv time= 65.90523290634155
	solver time=20.82181215286255,exit status=0
niter= 44
pure_newton= False
	solver time=298.7424781322479,exit status=0
niter= 312
	log prob= -3.2999301731042334
	burn in time= 163.999990940094
	sample time= 738.2405462265015
	contraction err= 0.006612107043172066 2.0074014563713867

Mean energy: -2.28194229e+01
Block size    # of blocks        Mean                Error
     1           50000       -2.28194229e+01       8.148439e-03
     2           25000       -2.28194229e+01       8.150248e-03
     5           10000       -2.28194229e+01       8.172672e-03
    10           5000       -2.28194229e+01       8.179926e-03
    20           2500       -2.28194229e+01       8.146657e-03
    50           1000       -2.28194229e+01       8.251831e-03
    70            714       -2.28194856e+01       8.326817e-03
   100            500       -2.28194229e+01       8.004495e-03
   200            250       -2.28194229e+01       7.907495e-03
   500            100       -2.28194229e+01       7.935855e-03
0 0.008150248290553842 0.007935855085455407
Stocahstic error estimate: 8.150248e-03

	predict=-0.022727901071566976,actual=(-0.028565208441563072, 0.008676480421413424)
	g=0.4782828632122897,del=1.239251098992531,dot=0.04543836133527788,x=24.582322187434073
saving to  ./psi15
nbatch= 1
block_dict= [(0, 1237519)]
sizes= [1237519]
SIZE= 640
Lx,Ly= 6 6
nelec= (16, 16)
nparam= 1237519
D= 18
chi= 20
	log prob= 0.21296164709488197
	burn in time= 157.02850151062012
trouble in torch gesdd routine, falling back to gesvd
trouble in torch gesdd routine, falling back to gesvd
	sample time= 5113.684770345688
	contraction err= 0.0065534561076951835 0.6551405445413278

Mean energy: -2.28258268e+01
Block size    # of blocks        Mean                Error
     1           50000       -2.28258268e+01       2.501248e-03
     2           25000       -2.28258268e+01       2.505748e-03
     5           10000       -2.28258268e+01       2.483331e-03
    10           5000       -2.28258268e+01       2.471526e-03
    20           2500       -2.28258268e+01       2.493383e-03
    50           1000       -2.28258268e+01       2.508101e-03
    70            714       -2.28258177e+01       2.498715e-03
   100            500       -2.28258268e+01       2.495702e-03
   200            250       -2.28258268e+01       2.387066e-03
   500            100       -2.28258268e+01       2.377052e-03
0 0.002505747600347268 0.0023770520770458664
Stocahstic error estimate: 2.505748e-03

step=15,E=-0.6340507444948733,dE=-0.6340507444948733,err=6.960410000964634e-05,gmax=0.031144115416159024
	collect g,Hv time= 64.37161421775818
	solver time=20.884729146957397,exit status=0
niter= 45
pure_newton= False
	solver time=206.14565181732178,exit status=0
niter= 219
	log prob= -0.7053833795887929
	burn in time= 161.11214089393616
	sample time= 741.032904624939
	contraction err= 0.00767800113333805 3.2369717171355528

Mean energy: -2.28486471e+01
Block size    # of blocks        Mean                Error
     1           50000       -2.28486471e+01       2.606487e-03
     2           25000       -2.28486471e+01       2.600284e-03
     5           10000       -2.28486471e+01       2.581047e-03
    10           5000       -2.28486471e+01       2.579050e-03
    20           2500       -2.28486471e+01       2.589402e-03
    50           1000       -2.28486471e+01       2.566963e-03
    70            714       -2.28486524e+01       2.606668e-03
   100            500       -2.28486471e+01       2.477549e-03
   200            250       -2.28486471e+01       2.484142e-03
   500            100       -2.28486471e+01       2.579630e-03
0 0.002606486556941301 0.0025796300424322277
Stocahstic error estimate: 2.606487e-03

	predict=-0.017875404156457407,actual=(-0.022820256146911078, 0.003615597213208602)
	g=0.1785607696967346,del=1.2124423616755107,dot=0.03577438270181564,x=25.811438296805758
saving to  ./psi16
nbatch= 1
block_dict= [(0, 1237519)]
sizes= [1237519]
SIZE= 640
Lx,Ly= 6 6
nelec= (16, 16)
nparam= 1237519
D= 18
chi= 20
	log prob= -0.7053833795887929
	burn in time= 157.52703261375427
	sample time= 5095.8985986709595
	contraction err= 0.007678545403682038 0.5149775279779817

Mean energy: -2.28447671e+01
Block size    # of blocks        Mean                Error
     1           50000       -2.28447671e+01       2.579655e-03
     2           25000       -2.28447671e+01       2.577222e-03
     5           10000       -2.28447671e+01       2.571076e-03
    10           5000       -2.28447671e+01       2.579024e-03
    20           2500       -2.28447671e+01       2.547461e-03
    50           1000       -2.28447671e+01       2.588523e-03
    70            714       -2.28447972e+01       2.567603e-03
   100            500       -2.28447671e+01       2.531235e-03
   200            250       -2.28447671e+01       2.432077e-03
   500            100       -2.28447671e+01       2.368122e-03
0 0.0025796549010515387 0.002368122088850973
Stocahstic error estimate: 2.579655e-03

step=16,E=-0.6345768641999748,dE=-0.6345768641999748,err=7.165708058476497e-05,gmax=0.05540549565462994
	collect g,Hv time= 68.44275903701782
	solver time=21.722845554351807,exit status=0
niter= 45
pure_newton= False
	solver time=391.84687209129333,exit status=0
niter= 405
	log prob= -1.525344357917303
	burn in time= 164.17313385009766
	sample time= 739.600418806076
	contraction err= 0.0088566903325532 1.7907948338772233

Mean energy: -2.28636678e+01
Block size    # of blocks        Mean                Error
     1           50000       -2.28636678e+01       2.588091e-03
     2           25000       -2.28636678e+01       2.584158e-03
     5           10000       -2.28636678e+01       2.618229e-03
    10           5000       -2.28636678e+01       2.599998e-03
    20           2500       -2.28636678e+01       2.616842e-03
    50           1000       -2.28636678e+01       2.603837e-03
    70            714       -2.28636498e+01       2.654633e-03
   100            500       -2.28636678e+01       2.645637e-03
   200            250       -2.28636678e+01       2.666660e-03
   500            100       -2.28636678e+01       2.753547e-03
0 0.0025880906939121104 0.0027535474084818224
Stocahstic error estimate: 2.588091e-03

	predict=-0.017694676901372573,actual=(-0.018900693085992515, 0.0036541528222604064)
	g=0.2766638719759249,del=1.2696491621503054,dot=0.03537346717030419,x=25.811438296805786
saving to  ./psi17
nbatch= 1
block_dict= [(0, 1237519)]
sizes= [1237519]
SIZE= 640
Lx,Ly= 6 6
nelec= (16, 16)
nparam= 1237519
D= 18
chi= 20
	log prob= -1.525344357917303
	burn in time= 152.1074137687683
	sample time= 5082.418466806412
	contraction err= 0.008675162655170654 0.442666688289592

Mean energy: -2.28607437e+01
Block size    # of blocks        Mean                Error
     1           50000       -2.28607437e+01       2.563714e-03
     2           25000       -2.28607437e+01       2.558866e-03
     5           10000       -2.28607437e+01       2.554768e-03
    10           5000       -2.28607437e+01       2.582284e-03
    20           2500       -2.28607437e+01       2.571155e-03
    50           1000       -2.28607437e+01       2.487704e-03
    70            714       -2.28607255e+01       2.500132e-03
   100            500       -2.28607437e+01       2.627021e-03
   200            250       -2.28607437e+01       2.704135e-03
   500            100       -2.28607437e+01       2.755031e-03
0 0.002563714288090016 0.002755030663683865
Stocahstic error estimate: 2.563714e-03

step=17,E=-0.6350206593541612,dE=-0.6350206593541612,err=7.121428578027823e-05,gmax=0.030197278603171583
	collect g,Hv time= 69.2202365398407
	solver time=21.102965354919434,exit status=0
niter= 45
pure_newton= False
	solver time=296.7163074016571,exit status=0
niter= 312
	log prob= -2.25142589864214
	burn in time= 161.64800596237183
	sample time= 738.7043573856354
	contraction err= 0.009425488476136588 0.6202298634013669

Mean energy: -2.28781276e+01
Block size    # of blocks        Mean                Error
     1           50000       -2.28781276e+01       2.535033e-03
     2           25000       -2.28781276e+01       2.540053e-03
     5           10000       -2.28781276e+01       2.536628e-03
    10           5000       -2.28781276e+01       2.538688e-03
    20           2500       -2.28781276e+01       2.496617e-03
    50           1000       -2.28781276e+01       2.422116e-03
    70            714       -2.28781186e+01       2.426543e-03
   100            500       -2.28781276e+01       2.449170e-03
   200            250       -2.28781276e+01       2.493578e-03
   500            100       -2.28781276e+01       2.356814e-03
0 0.002540052844310727 0.0023568139864137685
Stocahstic error estimate: 2.540053e-03

	predict=-0.01667252751645236,actual=(-0.01738384608572474, 0.0036089471321769056)
	g=0.1885940673853534,del=1.1870054053538128,dot=0.03334022889067517,x=25.811438296805775
saving to  ./psi18
nbatch= 1
block_dict= [(0, 1237519)]
sizes= [1237519]
SIZE= 640
Lx,Ly= 6 6
nelec= (16, 16)
nparam= 1237519
D= 18
chi= 20
	log prob= 1.2614659215569914
	burn in time= 158.10034656524658
trouble in torch gesdd routine, falling back to gesvd
	sample time= 5080.142894268036
	contraction err= 0.0098336073975269 0.7977509716151331

Mean energy: -2.28800882e+01
Block size    # of blocks        Mean                Error
     1           50000       -2.28800882e+01       2.742777e-03
     2           25000       -2.28800882e+01       2.735188e-03
     5           10000       -2.28800882e+01       2.754922e-03
    10           5000       -2.28800882e+01       2.726772e-03
    20           2500       -2.28800882e+01       2.738976e-03
    50           1000       -2.28800882e+01       2.694293e-03
    70            714       -2.28801309e+01       2.683282e-03
   100            500       -2.28800882e+01       2.637857e-03
   200            250       -2.28800882e+01       2.709922e-03
   500            100       -2.28800882e+01       2.874027e-03
0 0.002742776710652909 0.0028740269707144875
Stocahstic error estimate: 2.742777e-03

step=18,E=-0.6355580055305748,dE=-0.6355580055305748,err=7.618824196258081e-05,gmax=0.13668107741226024
	collect g,Hv time= 67.20494794845581
	solver time=19.98059320449829,exit status=0
niter= 44
pure_newton= False
	solver time=1320.3973486423492,exit status=0
niter= 1427
	log prob= 0.5949764987157063
	burn in time= 163.96047234535217
	sample time= 740.8930325508118
	contraction err= 0.01062078993483083 3.1017673797733436

Mean energy: -2.28853999e+01
Block size    # of blocks        Mean                Error
     1           50000       -2.28853999e+01       3.169291e-03
     2           25000       -2.28853999e+01       3.165739e-03
     5           10000       -2.28853999e+01       3.147891e-03
    10           5000       -2.28853999e+01       3.108285e-03
    20           2500       -2.28853999e+01       3.122248e-03
    50           1000       -2.28853999e+01       3.100505e-03
    70            714       -2.28853737e+01       3.209357e-03
   100            500       -2.28853999e+01       3.178071e-03
   200            250       -2.28853999e+01       3.273457e-03
   500            100       -2.28853999e+01       3.205308e-03
0 0.0031692908735738404 0.003205307524534885
Stocahstic error estimate: 3.169291e-03

	predict=-0.018182743781172725,actual=(-0.0053116898606724305, 0.004191327799852742)
	g=0.3397899065448285,del=1.2197302611632361,dot=0.036367790215259446,x=27.102010211646057
saving to  ./psi19
