block_dict= [(0, 3820)]
sizes= [3820]
SIZE= 640
L= 80
nspin= (40, 40)
nparam= 3820
	prob= 0.6328380040534213
	burn in time= 3.0855937004089355
	sample time= 12.541738748550415
	contraction err= 2.3927067214005823e-15 3.610256172162618e-14

Mean energy: -2.98190604e+01
Block size    # of blocks        Mean                Error
     1           20000       -2.98190604e+01       2.790422e-03
     2           10000       -2.98190604e+01       2.779426e-03
     5           4000       -2.98190604e+01       2.736489e-03
    10           2000       -2.98190604e+01       2.749722e-03
    20           1000       -2.98190604e+01       2.713808e-03
    50            400       -2.98190604e+01       2.752562e-03
    70            285       -2.98192108e+01       2.634656e-03
   100            200       -2.98190604e+01       2.719332e-03
   200            100       -2.98190604e+01       2.491573e-03
   500             40       -2.98190604e+01       2.071124e-03
0 0.0027904218556307732 0.002071124267949326
Stocahstic error estimate: 2.790422e-03

step=100,E=-0.372738255437232,dE=-0.372738255437232,err=3.488027319538467e-05,gmax=0.26980339057074865
	collect g,Hv time= 0.1904301643371582
	solver time=0.056113481521606445,exit status=0
niter= 38
pure_newton= False
	solver time=2.5077743530273438,exit status=0
niter= 1112
	prob= 0.33489105222337573
	burn in time= 2.6788196563720703
	sample time= 36.789610862731934
	contraction err= 2.4721991021848745e-15 6.499454700326244e-14

Mean energy: -2.97742773e+01
Block size    # of blocks        Mean                Error
     1           20000       -2.97742773e+01       4.222346e-03
     2           10000       -2.97742773e+01       4.221049e-03
     5           4000       -2.97742773e+01       4.215966e-03
    10           2000       -2.97742773e+01       4.207167e-03
    20           1000       -2.97742773e+01       4.119091e-03
    50            400       -2.97742773e+01       3.964653e-03
    70            285       -2.97739275e+01       3.986509e-03
   100            200       -2.97742773e+01       3.933491e-03
   200            100       -2.97742773e+01       4.708635e-03
   500             40       -2.97742773e+01       6.570238e-03
0 0.004222345918792762 0.006570237538425128
Stocahstic error estimate: 4.222346e-03

	predict=-0.01960816780943428,actual=(0.04478309847698014, 0.0050610926873875545)
	g=1.4623973046141534,del=0.2860325867645474,dot=0.10827472172631813,x=23.61956497679343
	prob= 0.5862226993272026
	burn in time= 2.759535074234009
	sample time= 54.63685464859009
	contraction err= 2.345687925266407e-15 5.1134691414264076e-14

Mean energy: -2.98302561e+01
Block size    # of blocks        Mean                Error
     1           20000       -2.98302561e+01       2.805211e-03
     2           10000       -2.98302561e+01       2.805915e-03
     5           4000       -2.98302561e+01       2.800844e-03
    10           2000       -2.98302561e+01       2.823426e-03
    20           1000       -2.98302561e+01       2.813134e-03
    50            400       -2.98302561e+01       2.732430e-03
    70            285       -2.98303638e+01       2.918091e-03
   100            200       -2.98302561e+01       2.792709e-03
   200            100       -2.98302561e+01       3.412960e-03
   500             40       -2.98302561e+01       4.109958e-03
0 0.00280591520124592 0.0041099581429319704
Stocahstic error estimate: 2.805915e-03

step=101,E=-0.3728782012169484,dE=-0.00013994577971643274,err=3.5073940015574e-05,gmax=0.4467943549956459
	collect g,Hv time= 0.22445464134216309
	solver time=0.0982363224029541,exit status=0
niter= 46
pure_newton= False
	solver time=4.69131064414978,exit status=0
niter= 901
	prob= 0.2802127020288921
	burn in time= 2.821784257888794
	sample time= 36.81091523170471
	contraction err= 2.5920015260904078e-15 1.2061269871506478e-13

Mean energy: -2.97381570e+01
Block size    # of blocks        Mean                Error
     1           20000       -2.97381570e+01       4.441358e-03
     2           10000       -2.97381570e+01       4.472872e-03
     5           4000       -2.97381570e+01       4.482321e-03
    10           2000       -2.97381570e+01       4.497434e-03
    20           1000       -2.97381570e+01       4.557415e-03
    50            400       -2.97381570e+01       4.773936e-03
    70            285       -2.97378354e+01       5.028274e-03
   100            200       -2.97381570e+01       5.220629e-03
   200            100       -2.97381570e+01       6.677404e-03
   500             40       -2.97381570e+01       9.695966e-03
0 0.004472872067556015 0.009695966088502067
Stocahstic error estimate: 4.472872e-03

	predict=-0.018685839838141614,actual=(0.09209913689658933, 0.005280127332679179)
	g=1.3214987905312072,del=0.4584214748759482,dot=0.10609476632530943,x=23.61956497679343
	prob= 0.5369511845341185
	burn in time= 2.7793054580688477
	sample time= 54.89187479019165
	contraction err= 2.3821626866420687e-15 7.329089802587544e-14

Mean energy: -2.98534487e+01
Block size    # of blocks        Mean                Error
     1           20000       -2.98534487e+01       2.326064e-03
     2           10000       -2.98534487e+01       2.334186e-03
     5           4000       -2.98534487e+01       2.326077e-03
    10           2000       -2.98534487e+01       2.328147e-03
    20           1000       -2.98534487e+01       2.318415e-03
    50            400       -2.98534487e+01       2.377506e-03
    70            285       -2.98534632e+01       2.458066e-03
   100            200       -2.98534487e+01       2.464168e-03
   200            100       -2.98534487e+01       2.908847e-03
   500             40       -2.98534487e+01       4.042519e-03
0 0.002334186222641269 0.004042519113521943
Stocahstic error estimate: 2.334186e-03

step=102,E=-0.37316810930277194,dE=-0.0002899080858234981,err=2.917732778301586e-05,gmax=0.5391440324184522
	collect g,Hv time= 0.2791755199432373
	solver time=0.1054685115814209,exit status=0
niter= 49
pure_newton= False
niter= 1152
	solver time=6.159541845321655,exit status=0
	prob= 0.29751678021375066
	burn in time= 2.733336925506592
	sample time= 36.86619424819946
	contraction err= 2.4226866317564226e-15 4.838529685495857e-14

Mean energy: -2.97451548e+01
Block size    # of blocks        Mean                Error
     1           20000       -2.97451548e+01       4.664167e-03
     2           10000       -2.97451548e+01       4.668487e-03
     5           4000       -2.97451548e+01       4.581120e-03
    10           2000       -2.97451548e+01       4.524191e-03
    20           1000       -2.97451548e+01       4.435777e-03
    50            400       -2.97451548e+01       4.187562e-03
    70            285       -2.97451409e+01       4.272821e-03
   100            200       -2.97451548e+01       3.954125e-03
   200            100       -2.97451548e+01       4.724705e-03
   500             40       -2.97451548e+01       6.272468e-03
0 0.004668487479002814 0.006272467616704005
Stocahstic error estimate: 4.668487e-03

	predict=-0.015420413046874689,actual=(0.10829394580043328, 0.005219501955510158)
	g=1.6307171455789033,del=0.29771626361556225,dot=0.07570763478898748,x=23.619564976793438
	prob= 0.510000434369544
	burn in time= 2.7287962436676025
	sample time= 54.8629367351532
	contraction err= 2.3958910502272402e-15 8.970708591528131e-14

Mean energy: -2.98338692e+01
Block size    # of blocks        Mean                Error
     1           20000       -2.98338692e+01       2.630334e-03
     2           10000       -2.98338692e+01       2.633197e-03
     5           4000       -2.98338692e+01       2.653731e-03
    10           2000       -2.98338692e+01       2.657737e-03
    20           1000       -2.98338692e+01       2.795446e-03
    50            400       -2.98338692e+01       3.074525e-03
    70            285       -2.98337998e+01       3.329527e-03
   100            200       -2.98338692e+01       3.602959e-03
   200            100       -2.98338692e+01       4.709277e-03
   500             40       -2.98338692e+01       6.650528e-03
0 0.002633197090171751 0.006650528066221108
Stocahstic error estimate: 2.633197e-03

step=103,E=-0.3729233653814892,dE=0.0002447439212827529,err=3.2914963627146885e-05,gmax=0.1837019764251746
	collect g,Hv time= 0.27193474769592285
	solver time=0.10641813278198242,exit status=0
niter= 50
pure_newton= False
	solver time=5.421314477920532,exit status=0
niter= 1027
	prob= 0.2567260518800785
	burn in time= 2.7356998920440674
	sample time= 36.92369031906128
	contraction err= 2.425004751457066e-15 1.4165875250371028e-13

Mean energy: -2.97794508e+01
Block size    # of blocks        Mean                Error
     1           20000       -2.97794508e+01       4.714415e-03
     2           10000       -2.97794508e+01       4.711916e-03
     5           4000       -2.97794508e+01       4.665342e-03
    10           2000       -2.97794508e+01       4.559503e-03
    20           1000       -2.97794508e+01       4.498348e-03
    50            400       -2.97794508e+01       4.420097e-03
    70            285       -2.97792739e+01       4.160439e-03
   100            200       -2.97794508e+01       3.893475e-03
   200            100       -2.97794508e+01       4.540540e-03
   500             40       -2.97794508e+01       6.076513e-03
0 0.0047144148777366795 0.006076512830549648
Stocahstic error estimate: 4.714415e-03

	predict=-0.015453619089864415,actual=(0.05441838484589567, 0.005399947643738218)
	g=1.2126910835083395,del=0.39107118288304543,dot=0.07599281856345524,x=23.619564976793445
	prob= 0.46704507672703005
	burn in time= 2.7508809566497803
	sample time= 54.91547775268555
	contraction err= 2.4019854890872294e-15 4.744611966063147e-14

Mean energy: -2.98289505e+01
Block size    # of blocks        Mean                Error
     1           20000       -2.98289505e+01       3.079620e-03
     2           10000       -2.98289505e+01       3.050918e-03
     5           4000       -2.98289505e+01       2.986666e-03
    10           2000       -2.98289505e+01       2.982641e-03
    20           1000       -2.98289505e+01       2.909129e-03
    50            400       -2.98289505e+01       2.801520e-03
    70            285       -2.98288642e+01       2.868142e-03
   100            200       -2.98289505e+01       2.800501e-03
   200            100       -2.98289505e+01       3.290337e-03
   500             40       -2.98289505e+01       4.402150e-03
0 0.0030796202048284115 0.004402149940418712
Stocahstic error estimate: 3.079620e-03

step=104,E=-0.3728618815046293,dE=6.148387685991352e-05,err=3.849525256035515e-05,gmax=0.3077846160860602
	collect g,Hv time= 0.2971045970916748
	solver time=0.10581612586975098,exit status=0
niter= 51
pure_newton= False
	solver time=5.580065965652466,exit status=0
niter= 1084
	prob= 0.29041469102171635
	burn in time= 2.737360954284668
	sample time= 36.80327773094177
	contraction err= 2.453695559355312e-15 4.3088990793431466e-14

Mean energy: -2.98073109e+01
Block size    # of blocks        Mean                Error
     1           20000       -2.98073109e+01       3.755212e-03
     2           10000       -2.98073109e+01       3.773447e-03
     5           4000       -2.98073109e+01       3.744738e-03
    10           2000       -2.98073109e+01       3.718317e-03
    20           1000       -2.98073109e+01       3.659138e-03
    50            400       -2.98073109e+01       3.435698e-03
    70            285       -2.98074471e+01       3.188283e-03
   100            200       -2.98073109e+01       2.974068e-03
   200            100       -2.98073109e+01       3.259245e-03
   500             40       -2.98073109e+01       4.096892e-03
0 0.0037734472937399994 0.004096891676509263
Stocahstic error estimate: 3.773447e-03

	predict=-0.022741264738063267,actual=(0.021639615082047925, 0.004870622658821058)
	g=1.889584310442033,del=0.4749334261296367,dot=0.13889286077027513,x=23.619564976793438
	prob= 0.4433256616148066
	burn in time= 2.7758078575134277
	sample time= 54.67254900932312
	contraction err= 2.363699442860233e-15 8.366296820702011e-14

Mean energy: -2.98493740e+01
Block size    # of blocks        Mean                Error
     1           20000       -2.98493740e+01       2.846998e-03
     2           10000       -2.98493740e+01       2.856688e-03
     5           4000       -2.98493740e+01       2.870880e-03
    10           2000       -2.98493740e+01       2.882680e-03
    20           1000       -2.98493740e+01       2.972939e-03
    50            400       -2.98493740e+01       2.910789e-03
    70            285       -2.98492357e+01       3.039832e-03
   100            200       -2.98493740e+01       2.827907e-03
   200            100       -2.98493740e+01       3.366989e-03
   500             40       -2.98493740e+01       4.520778e-03
0 0.0028566877995387387 0.004520777691965599
Stocahstic error estimate: 2.856688e-03

step=105,E=-0.37311717544020606,dE=-0.0002552939355767947,err=3.5708597494234235e-05,gmax=0.23472392949642185
	collect g,Hv time= 0.29042792320251465
	solver time=0.08726286888122559,exit status=0
niter= 41
pure_newton= False
	solver time=5.574768781661987,exit status=0
niter= 1087
	prob= 0.27872632164518224
	burn in time= 2.7152597904205322
	sample time= 36.898430824279785
	contraction err= 2.3727146256086234e-15 4.504103718811987e-14

Mean energy: -2.98370407e+01
Block size    # of blocks        Mean                Error
     1           20000       -2.98370407e+01       3.372572e-03
     2           10000       -2.98370407e+01       3.380268e-03
     5           4000       -2.98370407e+01       3.343294e-03
    10           2000       -2.98370407e+01       3.388885e-03
    20           1000       -2.98370407e+01       3.324028e-03
    50            400       -2.98370407e+01       3.218207e-03
    70            285       -2.98370767e+01       3.262457e-03
   100            200       -2.98370407e+01       3.239690e-03
   200            100       -2.98370407e+01       3.836093e-03
   500             40       -2.98370407e+01       5.169027e-03
0 0.0033802675674408683 0.005169026704687681
Stocahstic error estimate: 3.380268e-03

	predict=-0.01832277284340171,actual=(0.012333330956568744, 0.0044257060466694)
	g=1.4208127247388094,del=0.34765268016727763,dot=0.10786242897658746,x=23.61956497679343
	prob= 0.4198311706054077
	burn in time= 2.755401134490967
	sample time= 54.97510361671448
	contraction err= 2.389480540861498e-15 9.836570606517164e-14

Mean energy: -2.98486091e+01
Block size    # of blocks        Mean                Error
     1           20000       -2.98486091e+01       3.049933e-03
     2           10000       -2.98486091e+01       3.076055e-03
     5           4000       -2.98486091e+01       3.037830e-03
    10           2000       -2.98486091e+01       2.960067e-03
    20           1000       -2.98486091e+01       2.856077e-03
    50            400       -2.98486091e+01       2.883078e-03
    70            285       -2.98485295e+01       3.097871e-03
   100            200       -2.98486091e+01       3.028884e-03
   200            100       -2.98486091e+01       3.721953e-03
   500             40       -2.98486091e+01       5.182211e-03
0 0.0030760546626465543 0.005182210789438918
Stocahstic error estimate: 3.076055e-03

step=106,E=-0.37310761377891716,dE=9.561661288914892e-06,err=3.845068328308193e-05,gmax=0.3647912489698806
	collect g,Hv time= 0.29783010482788086
	solver time=0.09046292304992676,exit status=0
niter= 42
pure_newton= False
	solver time=6.016783714294434,exit status=0
niter= 1135
	prob= 0.2729040334184635
	burn in time= 2.7116339206695557
	sample time= 36.98837113380432
	contraction err= 2.3978516982181105e-15 3.835446301376702e-14

Mean energy: -2.98667519e+01
Block size    # of blocks        Mean                Error
     1           20000       -2.98667519e+01       2.677419e-03
     2           10000       -2.98667519e+01       2.663928e-03
     5           4000       -2.98667519e+01       2.677877e-03
    10           2000       -2.98667519e+01       2.678162e-03
    20           1000       -2.98667519e+01       2.708702e-03
    50            400       -2.98667519e+01       2.657044e-03
    70            285       -2.98668813e+01       2.562725e-03
   100            200       -2.98667519e+01       2.521763e-03
   200            100       -2.98667519e+01       3.033945e-03
   500             40       -2.98667519e+01       3.927731e-03
0 0.002677419352651668 0.003927730902274199
Stocahstic error estimate: 2.677419e-03

	predict=-0.02060124970138083,actual=(-0.018142773212392882, 0.0040780738930950335)
	g=2.033059577449914,del=0.6142002044082515,dot=0.04120380092840796,x=23.61956497679343
	prob= 0.2729040334184635
	burn in time= 2.7379984855651855
	sample time= 54.94790434837341
	contraction err= 2.3427810473867227e-15 3.350982211370329e-14

Mean energy: -2.98603259e+01
Block size    # of blocks        Mean                Error
     1           20000       -2.98603259e+01       3.050422e-03
     2           10000       -2.98603259e+01       3.040988e-03
     5           4000       -2.98603259e+01       3.024594e-03
    10           2000       -2.98603259e+01       3.029316e-03
    20           1000       -2.98603259e+01       3.016195e-03
    50            400       -2.98603259e+01       2.967493e-03
    70            285       -2.98602770e+01       2.985686e-03
   100            200       -2.98603259e+01       3.057942e-03
   200            100       -2.98603259e+01       3.862891e-03
   500             40       -2.98603259e+01       5.397320e-03
0 0.0030504220578724626 0.005397319922277431
Stocahstic error estimate: 3.050422e-03

step=107,E=-0.37325407332287147,dE=-0.0001464595439543359,err=3.813027572340578e-05,gmax=0.19530904584292674
	collect g,Hv time= 0.3688850402832031
	solver time=0.09800863265991211,exit status=0
niter= 45
pure_newton= False
	solver time=4.129032611846924,exit status=0
niter= 777
	prob= 0.1865548497859534
	burn in time= 2.6493587493896484
	sample time= 36.95100450515747
	contraction err= 2.312239978917032e-15 4.219098688497346e-14

Mean energy: -2.98164484e+01
Block size    # of blocks        Mean                Error
     1           20000       -2.98164484e+01       3.798138e-03
     2           10000       -2.98164484e+01       3.802962e-03
     5           4000       -2.98164484e+01       3.793637e-03
    10           2000       -2.98164484e+01       3.817822e-03
    20           1000       -2.98164484e+01       3.895919e-03
    50            400       -2.98164484e+01       3.813504e-03
    70            285       -2.98165376e+01       3.817187e-03
   100            200       -2.98164484e+01       3.458876e-03
   200            100       -2.98164484e+01       3.911311e-03
   500             40       -2.98164484e+01       5.256821e-03
0 0.003802961861332785 0.005256821161777404
Stocahstic error estimate: 3.802962e-03

	predict=-0.020523850105276197,actual=(0.04387748142429615, 0.004875201908629692)
	g=1.333991873614796,del=0.43141211781826744,dot=0.15029837191517864,x=23.619564976793445
	prob= 0.26307625101801163
	burn in time= 2.6840338706970215
	sample time= 54.8782913684845
	contraction err= 2.3547104305280665e-15 4.7040680029230595e-14

Mean energy: -2.98481722e+01
Block size    # of blocks        Mean                Error
     1           20000       -2.98481722e+01       3.098579e-03
     2           10000       -2.98481722e+01       3.103227e-03
     5           4000       -2.98481722e+01       3.160653e-03
    10           2000       -2.98481722e+01       3.171334e-03
    20           1000       -2.98481722e+01       3.120809e-03
    50            400       -2.98481722e+01       3.189604e-03
    70            285       -2.98480883e+01       3.208109e-03
   100            200       -2.98481722e+01       3.147566e-03
   200            100       -2.98481722e+01       3.605121e-03
   500             40       -2.98481722e+01       4.956880e-03
0 0.003103226806709791 0.004956879609930656
Stocahstic error estimate: 3.103227e-03

step=108,E=-0.3731021519938317,dE=0.00015192132903982803,err=3.879033508387239e-05,gmax=0.3291623275944957
	collect g,Hv time= 0.3893699645996094
	solver time=0.1001291275024414,exit status=0
niter= 47
pure_newton= False
	solver time=3.9824652671813965,exit status=0
niter= 773
	prob= 0.15667997148220703
	burn in time= 2.7536027431488037
	sample time= 36.84062480926514
	contraction err= 2.235712420040137e-15 1.137208813163848e-13

Mean energy: -2.98863656e+01
Block size    # of blocks        Mean                Error
     1           20000       -2.98863656e+01       2.744566e-03
     2           10000       -2.98863656e+01       2.735713e-03
     5           4000       -2.98863656e+01       2.722672e-03
    10           2000       -2.98863656e+01       2.667889e-03
    20           1000       -2.98863656e+01       2.644235e-03
    50            400       -2.98863656e+01       2.677188e-03
    70            285       -2.98862040e+01       2.610420e-03
   100            200       -2.98863656e+01       2.654734e-03
   200            100       -2.98863656e+01       3.129730e-03
   500             40       -2.98863656e+01       3.805425e-03
0 0.0027445664378320106 0.0038054245441330246
Stocahstic error estimate: 2.744566e-03

	predict=-0.02005516050222155,actual=(-0.03819340469731358, 0.004142784274561752)
	g=1.5091080319145493,del=0.4986558827798908,dot=0.04009885518375294,x=23.619564976793427
	prob= 0.15667997148220703
	burn in time= 2.709664821624756
	sample time= 54.59980010986328
	contraction err= 2.2502597948895737e-15 2.98484119768714e-14

Mean energy: -2.98243586e+01
Block size    # of blocks        Mean                Error
     1           20000       -2.98243586e+01       3.747935e-03
     2           10000       -2.98243586e+01       3.749845e-03
     5           4000       -2.98243586e+01       3.635284e-03
    10           2000       -2.98243586e+01       3.494448e-03
    20           1000       -2.98243586e+01       3.503267e-03
    50            400       -2.98243586e+01       2.989647e-03
    70            285       -2.98243022e+01       3.239054e-03
   100            200       -2.98243586e+01       2.888722e-03
   200            100       -2.98243586e+01       3.433815e-03
   500             40       -2.98243586e+01       4.484838e-03
0 0.00374984534954051 0.004484838037199398
Stocahstic error estimate: 3.749845e-03

step=109,E=-0.37280448199278654,dE=0.00029767000104512497,err=4.687306686925638e-05,gmax=0.3769263172799189
	collect g,Hv time= 0.3768882751464844
	solver time=0.09837174415588379,exit status=0
niter= 47
pure_newton= False
	solver time=2.7142767906188965,exit status=0
niter= 529
	prob= 0.1328555142139148
	burn in time= 2.7517571449279785
	sample time= 36.905736446380615
	contraction err= 2.1462096390183587e-15 3.345083237520988e-14

Mean energy: -2.98927690e+01
Block size    # of blocks        Mean                Error
     1           20000       -2.98927690e+01       2.793244e-03
     2           10000       -2.98927690e+01       2.804459e-03
     5           4000       -2.98927690e+01       2.804677e-03
    10           2000       -2.98927690e+01       2.768682e-03
    20           1000       -2.98927690e+01       2.727143e-03
    50            400       -2.98927690e+01       2.747278e-03
    70            285       -2.98928319e+01       2.754235e-03
   100            200       -2.98927690e+01       2.849111e-03
   200            100       -2.98927690e+01       3.623955e-03
   500             40       -2.98927690e+01       5.120763e-03
0 0.0028044585814788877 0.005120763073864289
Stocahstic error estimate: 2.804459e-03

	predict=-0.03451986619764214,actual=(-0.06841039655046899, 0.004682555721046058)
	g=1.9273035024000778,del=0.4571123524485672,dot=0.06902587297085476,x=23.619564976793438
	prob= 0.1328555142139148
	burn in time= 2.7077198028564453
	sample time= 54.81363010406494
	contraction err= 2.1195937326957636e-15 3.30556638639891e-14

Mean energy: -2.99158298e+01
Block size    # of blocks        Mean                Error
     1           20000       -2.99158298e+01       2.114255e-03
     2           10000       -2.99158298e+01       2.130434e-03
     5           4000       -2.99158298e+01       2.130403e-03
    10           2000       -2.99158298e+01       2.150582e-03
    20           1000       -2.99158298e+01       2.138419e-03
    50            400       -2.99158298e+01       2.098768e-03
    70            285       -2.99159478e+01       2.249740e-03
   100            200       -2.99158298e+01       2.199320e-03
   200            100       -2.99158298e+01       2.649346e-03
   500             40       -2.99158298e+01       3.631645e-03
0 0.002130433819197021 0.0036316453492417277
Stocahstic error estimate: 2.130434e-03

step=110,E=-0.37394787279186437,dE=-0.0011433907990778369,err=2.6630422739962764e-05,gmax=0.13811869544174193
	collect g,Hv time= 0.40766239166259766
	solver time=0.09651708602905273,exit status=0
niter= 45
pure_newton= False
	solver time=2.93879771232605,exit status=0
niter= 556
	prob= 0.10570947584857597
	burn in time= 2.7310256958007812
	sample time= 36.89935088157654
	contraction err= 2.0847073519511772e-15 5.181208835503818e-14

Mean energy: -2.99307829e+01
Block size    # of blocks        Mean                Error
     1           20000       -2.99307829e+01       2.173769e-03
     2           10000       -2.99307829e+01       2.175182e-03
     5           4000       -2.99307829e+01       2.159169e-03
    10           2000       -2.99307829e+01       2.141353e-03
    20           1000       -2.99307829e+01       2.150830e-03
    50            400       -2.99307829e+01       2.230137e-03
    70            285       -2.99306997e+01       2.232984e-03
   100            200       -2.99307829e+01       2.261092e-03
   200            100       -2.99307829e+01       2.849405e-03
   500             40       -2.99307829e+01       4.099347e-03
0 0.002175182214213569 0.004099346591999862
Stocahstic error estimate: 2.175182e-03

	predict=-0.01228712987878838,actual=(-0.014953109333522008, 0.0030446947175389277)
	g=0.8268417334643262,del=0.3584596491668129,dot=0.024567214232156156,x=23.619564976793438
	prob= 0.10570947584857597
	burn in time= 2.668471336364746
	sample time= 54.84079551696777
	contraction err= 2.107724699083221e-15 2.747686524708881e-14

Mean energy: -2.99249544e+01
Block size    # of blocks        Mean                Error
     1           20000       -2.99249544e+01       2.087090e-03
     2           10000       -2.99249544e+01       2.086306e-03
     5           4000       -2.99249544e+01       2.079195e-03
    10           2000       -2.99249544e+01       2.072324e-03
    20           1000       -2.99249544e+01       2.060333e-03
    50            400       -2.99249544e+01       1.982370e-03
    70            285       -2.99251098e+01       1.902536e-03
   100            200       -2.99249544e+01       1.946764e-03
   200            100       -2.99249544e+01       2.305141e-03
   500             40       -2.99249544e+01       3.010595e-03
0 0.0020870901863402334 0.003010595068037995
Stocahstic error estimate: 2.087090e-03

step=111,E=-0.3740619302592336,dE=-0.00011405746736925515,err=2.6088627329252918e-05,gmax=0.22312531773442856
	collect g,Hv time= 0.3209242820739746
	solver time=0.09363818168640137,exit status=0
niter= 43
pure_newton= False
	solver time=2.8115148544311523,exit status=0
niter= 529
	prob= 0.0935051647106587
	burn in time= 2.769566535949707
	sample time= 36.83012580871582
	contraction err= 2.038706368865319e-15 3.5466841006853453e-14

Mean energy: -2.99173274e+01
Block size    # of blocks        Mean                Error
     1           20000       -2.99173274e+01       2.591520e-03
     2           10000       -2.99173274e+01       2.606093e-03
     5           4000       -2.99173274e+01       2.567815e-03
    10           2000       -2.99173274e+01       2.580155e-03
    20           1000       -2.99173274e+01       2.507259e-03
    50            400       -2.99173274e+01       2.364041e-03
    70            285       -2.99172801e+01       2.306980e-03
   100            200       -2.99173274e+01       2.126076e-03
   200            100       -2.99173274e+01       2.574304e-03
   500             40       -2.99173274e+01       3.657424e-03
0 0.0026060931788226944 0.0036574235360094546
Stocahstic error estimate: 2.606093e-03

	predict=-0.011413116512364313,actual=(0.0076269851258992105, 0.0033388122293150726)
	g=0.9533533200744974,del=0.3773061411988591,dot=0.07794548265880619,x=23.61956497679343
	prob= 0.10583654409160086
	burn in time= 2.703556537628174
	sample time= 54.63390898704529
	contraction err= 2.0523182600823954e-15 3.89628333028604e-14

Mean energy: -2.99168092e+01
Block size    # of blocks        Mean                Error
     1           20000       -2.99168092e+01       2.499195e-03
     2           10000       -2.99168092e+01       2.488872e-03
     5           4000       -2.99168092e+01       2.479045e-03
    10           2000       -2.99168092e+01       2.395607e-03
    20           1000       -2.99168092e+01       2.294857e-03
    50            400       -2.99168092e+01       2.143349e-03
    70            285       -2.99169010e+01       2.085226e-03
   100            200       -2.99168092e+01       1.929341e-03
   200            100       -2.99168092e+01       2.292989e-03
   500             40       -2.99168092e+01       2.721106e-03
0 0.002499195442045709 0.0027211059880786355
Stocahstic error estimate: 2.499195e-03

step=112,E=-0.3739601147764499,dE=0.0001018154827836959,err=3.1239943025571365e-05,gmax=0.19378160710759085
	collect g,Hv time= 0.419323205947876
	solver time=0.09205508232116699,exit status=0
niter= 43
pure_newton= False
	solver time=2.5636892318725586,exit status=0
niter= 498
	prob= 0.0863907233207281
	burn in time= 2.8098795413970947
	sample time= 36.76273250579834
	contraction err= 1.9281269638762868e-15 1.3951926818629064e-14

Mean energy: -2.99467322e+01
Block size    # of blocks        Mean                Error
     1           20000       -2.99467322e+01       2.082466e-03
     2           10000       -2.99467322e+01       2.091340e-03
     5           4000       -2.99467322e+01       2.090297e-03
    10           2000       -2.99467322e+01       2.100456e-03
    20           1000       -2.99467322e+01       2.064028e-03
    50            400       -2.99467322e+01       2.212946e-03
    70            285       -2.99466601e+01       2.206528e-03
   100            200       -2.99467322e+01       2.181161e-03
   200            100       -2.99467322e+01       2.749104e-03
   500             40       -2.99467322e+01       3.846058e-03
0 0.0020913402092904497 0.0038460579244215913
Stocahstic error estimate: 2.091340e-03

	predict=-0.014455797999248548,actual=(-0.029923048256573992, 0.0032587853148891336)
	g=1.0894768310209564,del=0.3067748253880562,dot=0.028906567380666555,x=23.619564976793434
	prob= 0.0863907233207281
	burn in time= 2.7354209423065186
	sample time= 54.619465351104736
	contraction err= 1.951662784881751e-15 2.0590180391637023e-14

Mean energy: -2.99471877e+01
Block size    # of blocks        Mean                Error
     1           20000       -2.99471877e+01       1.807756e-03
     2           10000       -2.99471877e+01       1.818867e-03
     5           4000       -2.99471877e+01       1.850452e-03
    10           2000       -2.99471877e+01       1.900463e-03
    20           1000       -2.99471877e+01       1.966910e-03
    50            400       -2.99471877e+01       2.150266e-03
    70            285       -2.99470722e+01       2.267280e-03
   100            200       -2.99471877e+01       2.292027e-03
   200            100       -2.99471877e+01       2.996693e-03
   500             40       -2.99471877e+01       4.435983e-03
0 0.001818866521086794 0.00443598267148887
Stocahstic error estimate: 1.818867e-03

step=113,E=-0.37433984661498065,dE=-0.0003797318385307058,err=2.2735831513584927e-05,gmax=0.13700944748809185
	collect g,Hv time= 0.42263102531433105
	solver time=0.08998966217041016,exit status=0
niter= 40
pure_newton= False
	solver time=2.304708480834961,exit status=0
niter= 432
	prob= 0.07152102303554289
	burn in time= 2.6672675609588623
	sample time= 36.847126722335815
	contraction err= 1.967344421515115e-15 7.205052414105032e-14

Mean energy: -2.99283001e+01
Block size    # of blocks        Mean                Error
     1           20000       -2.99283001e+01       2.307986e-03
     2           10000       -2.99283001e+01       2.318907e-03
     5           4000       -2.99283001e+01       2.294604e-03
    10           2000       -2.99283001e+01       2.321603e-03
    20           1000       -2.99283001e+01       2.292863e-03
    50            400       -2.99283001e+01       2.149772e-03
    70            285       -2.99281733e+01       2.083664e-03
   100            200       -2.99283001e+01       1.885670e-03
   200            100       -2.99283001e+01       2.172164e-03
   500             40       -2.99283001e+01       2.792452e-03
0 0.0023189066160447134 0.002792452274063833
Stocahstic error estimate: 2.318907e-03

	predict=-0.008700117500317232,actual=(0.01888762723571702, 0.0029471347637097154)
	g=0.6520457688404968,del=0.36725558240911077,dot=0.0645598730052611,x=23.619564976793438
	prob= 0.08549873958763707
	burn in time= 2.7423207759857178
	sample time= 54.82158613204956
	contraction err= 1.95612932685239e-15 2.380503444761015e-14

Mean energy: -2.99447438e+01
Block size    # of blocks        Mean                Error
     1           20000       -2.99447438e+01       1.949564e-03
     2           10000       -2.99447438e+01       1.941489e-03
     5           4000       -2.99447438e+01       1.908545e-03
    10           2000       -2.99447438e+01       1.907691e-03
    20           1000       -2.99447438e+01       1.867082e-03
    50            400       -2.99447438e+01       1.848331e-03
    70            285       -2.99446700e+01       1.857053e-03
   100            200       -2.99447438e+01       1.664889e-03
   200            100       -2.99447438e+01       1.954809e-03
   500             40       -2.99447438e+01       2.596482e-03
0 0.0019495643209981911 0.002596481511198384
Stocahstic error estimate: 1.949564e-03

step=114,E=-0.3743092972801366,dE=3.0549334844032217e-05,err=2.436955401247739e-05,gmax=0.37505792337679367
	collect g,Hv time= 0.4468555450439453
	solver time=0.09953975677490234,exit status=0
niter= 45
pure_newton= False
	solver time=2.213979959487915,exit status=0
niter= 417
	prob= 0.07167813603050067
	burn in time= 2.7511658668518066
	sample time= 36.83514904975891
	contraction err= 2.0143675894087796e-15 5.204522961078598e-14

Mean energy: -2.99414094e+01
Block size    # of blocks        Mean                Error
     1           20000       -2.99414094e+01       2.135617e-03
     2           10000       -2.99414094e+01       2.127808e-03
     5           4000       -2.99414094e+01       2.109761e-03
    10           2000       -2.99414094e+01       2.068913e-03
    20           1000       -2.99414094e+01       2.013041e-03
    50            400       -2.99414094e+01       1.862557e-03
    70            285       -2.99413272e+01       1.789435e-03
   100            200       -2.99414094e+01       1.728080e-03
   200            100       -2.99414094e+01       1.839612e-03
   500             40       -2.99414094e+01       2.413686e-03
0 0.0021356165150896683 0.0024136860768997656
Stocahstic error estimate: 2.135617e-03

	predict=-0.009227342403636776,actual=(0.003334370854712887, 0.0028916533231410843)
	g=0.8966174373726612,del=0.34490233470414655,dot=0.07047864702906892,x=23.61956497679343
	prob= 0.08355511970895299
	burn in time= 2.8010902404785156
	sample time= 54.76873755455017
	contraction err= 1.9417209036692407e-15 3.60292668816887e-14

Mean energy: -2.99386262e+01
Block size    # of blocks        Mean                Error
     1           20000       -2.99386262e+01       2.306010e-03
     2           10000       -2.99386262e+01       2.306219e-03
     5           4000       -2.99386262e+01       2.281468e-03
    10           2000       -2.99386262e+01       2.285348e-03
    20           1000       -2.99386262e+01       2.315605e-03
    50            400       -2.99386262e+01       2.236076e-03
    70            285       -2.99384987e+01       2.242661e-03
   100            200       -2.99386262e+01       2.083162e-03
   200            100       -2.99386262e+01       2.536840e-03
   500             40       -2.99386262e+01       3.552919e-03
0 0.0023062190299502163 0.0035529185803319712
Stocahstic error estimate: 2.306219e-03

step=115,E=-0.3742328279189092,dE=7.646936122736036e-05,err=2.8827737874377705e-05,gmax=0.32979212830971205
	collect g,Hv time= 0.5478525161743164
	solver time=0.08882594108581543,exit status=0
niter= 39
pure_newton= False
	solver time=2.2444159984588623,exit status=0
niter= 422
	prob= 0.0652154611711281
	burn in time= 2.7508113384246826
	sample time= 36.80733561515808
	contraction err= 1.923593333588944e-15 5.1961082118034273e-14

Mean energy: -2.99542888e+01
Block size    # of blocks        Mean                Error
     1           20000       -2.99542888e+01       1.587703e-03
     2           10000       -2.99542888e+01       1.583980e-03
     5           4000       -2.99542888e+01       1.589022e-03
    10           2000       -2.99542888e+01       1.563198e-03
    20           1000       -2.99542888e+01       1.588638e-03
    50            400       -2.99542888e+01       1.498501e-03
    70            285       -2.99545324e+01       1.454490e-03
   100            200       -2.99542888e+01       1.400750e-03
   200            100       -2.99542888e+01       1.649649e-03
   500             40       -2.99542888e+01       1.936186e-03
0 0.0015877027780959651 0.001936186238197613
Stocahstic error estimate: 1.587703e-03

	predict=-0.010588299667398863,actual=(-0.015662609646721393, 0.0027999011278397245)
	g=0.9132547441442568,del=0.2270007392136908,dot=0.021172814238347392,x=23.619564976793434
	prob= 0.0652154611711281
	burn in time= 2.649292230606079
	sample time= 54.52625751495361
	contraction err= 1.900434043516682e-15 4.123530094622203e-14

Mean energy: -2.99628656e+01
Block size    # of blocks        Mean                Error
     1           20000       -2.99628656e+01       1.393108e-03
     2           10000       -2.99628656e+01       1.384183e-03
     5           4000       -2.99628656e+01       1.376402e-03
    10           2000       -2.99628656e+01       1.357257e-03
    20           1000       -2.99628656e+01       1.293795e-03
    50            400       -2.99628656e+01       1.237894e-03
    70            285       -2.99627930e+01       1.220041e-03
   100            200       -2.99628656e+01       1.208977e-03
   200            100       -2.99628656e+01       1.393433e-03
   500             40       -2.99628656e+01       1.901805e-03
0 0.0013931077118301035 0.001901804899042981
Stocahstic error estimate: 1.393108e-03

step=116,E=-0.3745358202233183,dE=-0.00030299230440911096,err=1.7413846397876293e-05,gmax=0.09923410008262756
	collect g,Hv time= 0.4679069519042969
	solver time=0.09276890754699707,exit status=0
niter= 40
pure_newton= False
	solver time=1.6148123741149902,exit status=0
niter= 308
	prob= 0.047795596320225585
	burn in time= 2.7081689834594727
	sample time= 36.74168920516968
	contraction err= 1.8643911198487664e-15 2.3578704877307673e-14

Mean energy: -2.99699203e+01
Block size    # of blocks        Mean                Error
     1           20000       -2.99699203e+01       1.293717e-03
     2           10000       -2.99699203e+01       1.316483e-03
     5           4000       -2.99699203e+01       1.312041e-03
    10           2000       -2.99699203e+01       1.318883e-03
    20           1000       -2.99699203e+01       1.322851e-03
    50            400       -2.99699203e+01       1.298998e-03
    70            285       -2.99700151e+01       1.287847e-03
   100            200       -2.99699203e+01       1.165032e-03
   200            100       -2.99699203e+01       1.382452e-03
   500             40       -2.99699203e+01       1.838141e-03
0 0.001316483220661609 0.0018381409994231608
Stocahstic error estimate: 1.316483e-03

	predict=-0.003238636544773351,actual=(-0.007054729970214169, 0.0019167360713056114)
	g=0.41519429196682117,del=0.15832662097772798,dot=0.006473341978924244,x=23.619564976793434
	prob= 0.047795596320225585
	burn in time= 2.71987247467041
	sample time= 54.58335638046265
	contraction err= 1.9156951795834188e-15 6.682513247683083e-14

Mean energy: -2.99562985e+01
Block size    # of blocks        Mean                Error
     1           20000       -2.99562985e+01       1.811915e-03
     2           10000       -2.99562985e+01       1.799478e-03
     5           4000       -2.99562985e+01       1.814601e-03
    10           2000       -2.99562985e+01       1.783572e-03
    20           1000       -2.99562985e+01       1.747622e-03
    50            400       -2.99562985e+01       1.586469e-03
    70            285       -2.99563739e+01       1.592082e-03
   100            200       -2.99562985e+01       1.493068e-03
   200            100       -2.99562985e+01       1.726975e-03
   500             40       -2.99562985e+01       2.420033e-03
0 0.0018119147085610716 0.002420032984644075
Stocahstic error estimate: 1.811915e-03

step=117,E=-0.37445373151404593,dE=8.208870927242095e-05,err=2.2648933857013394e-05,gmax=0.1978473098413307
	collect g,Hv time= 0.5272998809814453
	solver time=0.10457706451416016,exit status=0
niter= 44
pure_newton= False
	solver time=2.3312580585479736,exit status=0
niter= 436
	prob= 0.04718786293720431
	burn in time= 2.760282278060913
	sample time= 36.82075619697571
	contraction err= 1.8314586338471277e-15 3.368052705775438e-14

Mean energy: -2.99719533e+01
Block size    # of blocks        Mean                Error
     1           20000       -2.99719533e+01       1.421151e-03
     2           10000       -2.99719533e+01       1.420165e-03
     5           4000       -2.99719533e+01       1.442081e-03
    10           2000       -2.99719533e+01       1.428200e-03
    20           1000       -2.99719533e+01       1.405638e-03
    50            400       -2.99719533e+01       1.416792e-03
    70            285       -2.99719671e+01       1.406898e-03
   100            200       -2.99719533e+01       1.390715e-03
   200            100       -2.99719533e+01       1.742736e-03
   500             40       -2.99719533e+01       2.483957e-03
0 0.0014211509407082731 0.0024839574929255213
Stocahstic error estimate: 1.421151e-03

	predict=-0.008457617483355707,actual=(-0.01565478085396066, 0.002302760280050002)
	g=0.7904994313754474,del=0.1935481663541236,dot=0.016911469895334246,x=23.619564976793438
	prob= 0.04718786293720431
	burn in time= 2.707476854324341
	sample time= 54.65900540351868
	contraction err= 1.815442389602539e-15 3.553256926913931e-14

Mean energy: -2.99743784e+01
Block size    # of blocks        Mean                Error
     1           20000       -2.99743784e+01       1.451515e-03
     2           10000       -2.99743784e+01       1.449108e-03
     5           4000       -2.99743784e+01       1.452950e-03
    10           2000       -2.99743784e+01       1.449041e-03
    20           1000       -2.99743784e+01       1.429067e-03
    50            400       -2.99743784e+01       1.367502e-03
    70            285       -2.99744865e+01       1.375015e-03
   100            200       -2.99743784e+01       1.266452e-03
   200            100       -2.99743784e+01       1.473055e-03
   500             40       -2.99743784e+01       2.054798e-03
0 0.001451514829912389 0.0020547984412936805
Stocahstic error estimate: 1.451515e-03

step=118,E=-0.37467973019895023,dE=-0.00022599868490429386,err=1.8143935373904863e-05,gmax=0.1372889871611025
	collect g,Hv time= 0.564185619354248
	solver time=0.07513546943664551,exit status=0
niter= 30
pure_newton= False
	solver time=1.7094061374664307,exit status=0
niter= 312
	prob= 0.04500188920060668
	burn in time= 2.7397572994232178
	sample time= 36.679542779922485
	contraction err= 1.7868664153251472e-15 3.0144678225695644e-14

Mean energy: -2.99670740e+01
Block size    # of blocks        Mean                Error
     1           20000       -2.99670740e+01       1.836156e-03
     2           10000       -2.99670740e+01       1.827715e-03
     5           4000       -2.99670740e+01       1.821213e-03
    10           2000       -2.99670740e+01       1.805348e-03
    20           1000       -2.99670740e+01       1.758224e-03
    50            400       -2.99670740e+01       1.704519e-03
    70            285       -2.99670002e+01       1.662326e-03
   100            200       -2.99670740e+01       1.607380e-03
   200            100       -2.99670740e+01       1.980508e-03
   500             40       -2.99670740e+01       2.745653e-03
0 0.001836155806155284 0.002745652813205009
Stocahstic error estimate: 1.836156e-03

	predict=-0.005389301195159069,actual=(0.007304403607502508, 0.002340590405417691)
	g=0.5409352882752065,del=0.26300459696214024,dot=0.04434673244836267,x=23.619564976793438
	prob= 0.04692011865828051
	burn in time= 2.7682154178619385
	sample time= 54.72080063819885
	contraction err= 1.8283656574322362e-15 4.180457917842382e-14

Mean energy: -2.99750493e+01
Block size    # of blocks        Mean                Error
     1           20000       -2.99750493e+01       1.187000e-03
     2           10000       -2.99750493e+01       1.185774e-03
     5           4000       -2.99750493e+01       1.182274e-03
    10           2000       -2.99750493e+01       1.185375e-03
    20           1000       -2.99750493e+01       1.185961e-03
    50            400       -2.99750493e+01       1.173636e-03
    70            285       -2.99750082e+01       1.225280e-03
   100            200       -2.99750493e+01       1.183297e-03
   200            100       -2.99750493e+01       1.445333e-03
   500             40       -2.99750493e+01       1.947057e-03
0 0.0011870000741896298 0.00194705701844598
Stocahstic error estimate: 1.187000e-03

step=119,E=-0.374688116821852,dE=-8.386622901790375e-06,err=1.4837500927370373e-05,gmax=0.0782983320895605
	collect g,Hv time= 0.5047850608825684
	solver time=0.09525060653686523,exit status=0
niter= 39
pure_newton= False
	solver time=1.7401342391967773,exit status=0
niter= 309
	prob= 0.04204534269557356
	burn in time= 2.759821891784668
	sample time= 36.72615194320679
	contraction err= 1.8064652785245087e-15 4.483589123001379e-14

Mean energy: -2.99768901e+01
Block size    # of blocks        Mean                Error
     1           20000       -2.99768901e+01       1.120819e-03
     2           10000       -2.99768901e+01       1.117952e-03
     5           4000       -2.99768901e+01       1.122935e-03
    10           2000       -2.99768901e+01       1.133529e-03
    20           1000       -2.99768901e+01       1.131960e-03
    50            400       -2.99768901e+01       1.104882e-03
    70            285       -2.99768385e+01       1.081257e-03
   100            200       -2.99768901e+01       1.041097e-03
   200            100       -2.99768901e+01       1.247774e-03
   500             40       -2.99768901e+01       1.568859e-03
0 0.001120819484416005 0.0015688585188147037
Stocahstic error estimate: 1.120819e-03

	predict=-0.003269072624401634,actual=(-0.0018407882829087896, 0.0016325457092445364)
	g=0.3855852036721097,del=0.13465677240483678,dot=0.006534544368751085,x=23.619564976793434
