block_dict= [(0, 820)]
sizes= [820]
SIZE= 640
L= 20
nspin= (10, 10)
nparam= 820
	prob= 4.467273665751001e-05
	sample time= 8.882761001586914
	contraction err= 1.7698280725501421e-15 5.0454730234666085e-14

Mean energy: -7.47289128e+00
Block size    # of blocks        Mean                Error
     1           50000       -7.47289128e+00       6.743490e-04
     2           25000       -7.47289128e+00       6.743793e-04
     5           10000       -7.47289128e+00       6.794159e-04
    10           5000       -7.47289128e+00       6.825020e-04
    20           2500       -7.47289128e+00       6.901864e-04
    50           1000       -7.47289128e+00       6.678976e-04
    70            714       -7.47288364e+00       6.693735e-04
   100            500       -7.47289128e+00       6.823484e-04
   200            250       -7.47289128e+00       6.853547e-04
   500            100       -7.47289128e+00       8.115197e-04
0 0.0006743792757765353 0.0008115197074065584
Stocahstic error estimate: 6.743793e-04

	burn in time= 0.49181437492370605
step=50,E=-0.3736445639159408,dE=-0.3736445639159408,err=3.3718963788826767e-05,gmax=0.12852948364198014
	collect g,Hv time= 14.103293180465698
	solver time=0.03872847557067871,exit status=0
niter= 47
pure_newton= True
	solver time=0.7539329528808594,exit status=0
niter= 591
	prob= 5.7610449119045486e-06
	burn in time= 0.5085742473602295
	sample time= 14.716533422470093
	contraction err= 2.3859045124479383e-15 1.795994246682071e-13

Mean energy: -7.39390344e+00
Block size    # of blocks        Mean                Error
     1           50000       -7.39390344e+00       2.061816e-03
     2           25000       -7.39390344e+00       2.058890e-03
     5           10000       -7.39390344e+00       2.069364e-03
    10           5000       -7.39390344e+00       2.110581e-03
    20           2500       -7.39390344e+00       2.165977e-03
    50           1000       -7.39390344e+00       2.233753e-03
    70            714       -7.39393714e+00       2.295338e-03
   100            500       -7.39390344e+00       2.269736e-03
   200            250       -7.39390344e+00       2.942251e-03
   500            100       -7.39390344e+00       4.449094e-03
0 0.00206181575816257 0.004449093807209832
Stocahstic error estimate: 2.061816e-03

	predict=-0.01530348739498429,actual=(0.07898784030187578, 0.0021693021062554603)
	g=0.7355304574287987,del=0.16382421924875654,dot=0.014763374309084719,x=9.331682660772694
	prob= 4.400609310132108e-05
	burn in time= 0.47865843772888184
	sample time= 22.248258113861084
	contraction err= 1.7535641260944113e-15 6.893981525585008e-14

Mean energy: -7.47517605e+00
Block size    # of blocks        Mean                Error
     1           50000       -7.47517605e+00       6.116788e-04
     2           25000       -7.47517605e+00       6.110014e-04
     5           10000       -7.47517605e+00       6.129580e-04
    10           5000       -7.47517605e+00       6.178998e-04
    20           2500       -7.47517605e+00       6.375034e-04
    50           1000       -7.47517605e+00       6.949471e-04
    70            714       -7.47516396e+00       7.373442e-04
   100            500       -7.47517605e+00       7.723199e-04
   200            250       -7.47517605e+00       9.776484e-04
   500            100       -7.47517605e+00       1.206109e-03
0 0.0006116787511121012 0.001206109022180922
Stocahstic error estimate: 6.116788e-04

step=51,E=-0.3737588026271871,dE=-0.00011423871124622842,err=3.058393755560506e-05,gmax=0.1418950952411635
	collect g,Hv time= 0.4916379451751709
	solver time=0.05586123466491699,exit status=0
niter= 48
pure_newton= True
	solver time=0.8851001262664795,exit status=0
niter= 473
	prob= 5.16088175643655e-05
	burn in time= 0.49573540687561035
	sample time= 14.791447639465332
	contraction err= 1.7107494926408984e-15 1.0887149088680914e-13

Mean energy: -7.48864818e+00
Block size    # of blocks        Mean                Error
     1           50000       -7.48864818e+00       5.459140e-04
     2           25000       -7.48864818e+00       5.445400e-04
     5           10000       -7.48864818e+00       5.509993e-04
    10           5000       -7.48864818e+00       5.607098e-04
    20           2500       -7.48864818e+00       5.586007e-04
    50           1000       -7.48864818e+00       5.556110e-04
    70            714       -7.48864472e+00       5.642846e-04
   100            500       -7.48864818e+00       5.508009e-04
   200            250       -7.48864818e+00       6.658580e-04
   500            100       -7.48864818e+00       8.823436e-04
0 0.0005459140339886725 0.0008823436047680943
Stocahstic error estimate: 5.459140e-04

	predict=-0.013409357648056192,actual=(-0.013472124266352026, 0.0008198615901893717)
	g=0.666985389493549,del=0.397852691646183,dot=0.026810219593717675,x=9.331682660772694
	prob= 5.16088175643655e-05
	burn in time= 0.47902822494506836
	sample time= 22.356865644454956
	contraction err= 1.716077986821414e-15 7.755992819721279e-14

Mean energy: -7.48680850e+00
Block size    # of blocks        Mean                Error
     1           50000       -7.48680850e+00       6.171631e-04
     2           25000       -7.48680850e+00       6.175321e-04
     5           10000       -7.48680850e+00       6.184348e-04
    10           5000       -7.48680850e+00       6.195019e-04
    20           2500       -7.48680850e+00       6.088474e-04
    50           1000       -7.48680850e+00       6.103364e-04
    70            714       -7.48680342e+00       6.110161e-04
   100            500       -7.48680850e+00       6.089306e-04
   200            250       -7.48680850e+00       7.388362e-04
   500            100       -7.48680850e+00       1.059455e-03
0 0.0006175321488732283 0.0010594553764287742
Stocahstic error estimate: 6.175321e-04

step=52,E=-0.3743404248920167,dE=-0.0005816222648296066,err=3.087660744366141e-05,gmax=0.18180597406424615
	collect g,Hv time= 0.4849874973297119
niter= 46
	solver time=0.05247902870178223,exit status=0
pure_newton= True
	solver time=0.5880825519561768,exit status=0
niter= 374
	prob= 4.888463798510071e-05
	burn in time= 0.4684615135192871
	sample time= 14.802716493606567
	contraction err= 1.3979116934791862e-15 5.3130275863904225e-14

Mean energy: -7.49652075e+00
Block size    # of blocks        Mean                Error
     1           50000       -7.49652075e+00       3.211810e-04
     2           25000       -7.49652075e+00       3.207466e-04
     5           10000       -7.49652075e+00       3.206181e-04
    10           5000       -7.49652075e+00       3.197757e-04
    20           2500       -7.49652075e+00       3.173769e-04
    50           1000       -7.49652075e+00       3.162811e-04
    70            714       -7.49652111e+00       3.174610e-04
   100            500       -7.49652075e+00       3.145677e-04
   200            250       -7.49652075e+00       3.815613e-04
   500            100       -7.49652075e+00       4.986130e-04
0 0.0003211809814351318 0.0004986129943376115
Stocahstic error estimate: 3.211810e-04

	predict=-0.006509911555053996,actual=(-0.009712248930416223, 0.0006960626248604514)
	g=0.5450229207000464,del=0.19158358349678967,dot=0.013012992732517891,x=9.331682660772692
	prob= 4.888463798510071e-05
	burn in time= 0.46146130561828613
	sample time= 22.34666156768799
	contraction err= 1.4063198962674849e-15 6.872278073141823e-14

Mean energy: -7.49400680e+00
Block size    # of blocks        Mean                Error
     1           50000       -7.49400680e+00       4.668359e-04
     2           25000       -7.49400680e+00       4.662539e-04
     5           10000       -7.49400680e+00       4.655697e-04
    10           5000       -7.49400680e+00       4.632837e-04
    20           2500       -7.49400680e+00       4.595724e-04
    50           1000       -7.49400680e+00       4.683507e-04
    70            714       -7.49400573e+00       4.529144e-04
   100            500       -7.49400680e+00       4.559518e-04
   200            250       -7.49400680e+00       5.591327e-04
   500            100       -7.49400680e+00       7.801948e-04
0 0.00046683585254839546 0.0007801948394093575
Stocahstic error estimate: 4.668359e-04

step=53,E=-0.37470034016320136,dE=-0.00035991527118470754,err=2.3341792627419773e-05,gmax=0.06770244874120046
	collect g,Hv time= 0.48667240142822266
	solver time=0.04647707939147949,exit status=0
niter= 41
pure_newton= True
	solver time=5.554581880569458,exit status=100
niter= 3101
	prob= 4.544427474011839e-05
	burn in time= 0.47217750549316406
	sample time= 14.815191268920898
	contraction err= 1.622357157574956e-15 5.963939989860024e-14

Mean energy: -7.49334533e+00
Block size    # of blocks        Mean                Error
     1           50000       -7.49334533e+00       5.323105e-04
     2           25000       -7.49334533e+00       5.317946e-04
     5           10000       -7.49334533e+00       5.294227e-04
    10           5000       -7.49334533e+00       5.278339e-04
    20           2500       -7.49334533e+00       5.341474e-04
    50           1000       -7.49334533e+00       5.251982e-04
    70            714       -7.49334357e+00       5.305536e-04
   100            500       -7.49334533e+00       5.187489e-04
   200            250       -7.49334533e+00       6.718055e-04
   500            100       -7.49334533e+00       9.659983e-04
0 0.0005323104811533456 0.0009659983211642922
Stocahstic error estimate: 5.323105e-04

	predict=-0.002519722153444376,actual=(0.0006614777268652006, 0.0007080184754441748)
	g=0.31503815876300423,del=0.13977602462882047,dot=0.009815326261124392,x=9.331682660772694
	prob= 4.895498077514253e-05
	burn in time= 0.46407318115234375
	sample time= 22.39964532852173
	contraction err= 1.4889685167230693e-15 1.0836546920969071e-13

Mean energy: -7.49688939e+00
Block size    # of blocks        Mean                Error
     1           50000       -7.49688939e+00       3.043863e-04
     2           25000       -7.49688939e+00       3.041812e-04
     5           10000       -7.49688939e+00       3.029622e-04
    10           5000       -7.49688939e+00       3.036456e-04
    20           2500       -7.49688939e+00       3.007375e-04
    50           1000       -7.49688939e+00       2.946831e-04
    70            714       -7.49688943e+00       2.960562e-04
   100            500       -7.49688939e+00       3.035656e-04
   200            250       -7.49688939e+00       3.650233e-04
   500            100       -7.49688939e+00       5.301752e-04
0 0.000304386270961588 0.0005301752342007503
Stocahstic error estimate: 3.043863e-04

step=54,E=-0.3748444692813332,dE=-0.00014412911813179718,err=1.52193135480794e-05,gmax=0.06771017425039089
	collect g,Hv time= 0.49091339111328125
	solver time=0.04462742805480957,exit status=0
pure_newton= True
niter= 40
	solver time=2.5117599964141846,exit status=0
niter= 1366
	prob= 1.7002525688736168e-05
	burn in time= 0.4761505126953125
	sample time= 14.785759449005127
	contraction err= 1.9110218530518687e-15 6.207087083471805e-14

Mean energy: -7.48468086e+00
Block size    # of blocks        Mean                Error
     1           50000       -7.48468086e+00       1.130237e-03
     2           25000       -7.48468086e+00       1.135509e-03
     5           10000       -7.48468086e+00       1.130145e-03
    10           5000       -7.48468086e+00       1.122305e-03
    20           2500       -7.48468086e+00       1.129870e-03
    50           1000       -7.48468086e+00       1.123940e-03
    70            714       -7.48467534e+00       1.121741e-03
   100            500       -7.48468086e+00       1.101900e-03
   200            250       -7.48468086e+00       1.452164e-03
   500            100       -7.48468086e+00       2.203018e-03
0 0.0011355090648171166 0.0022030181344643183
Stocahstic error estimate: 1.135509e-03

	predict=-0.001428903855678263,actual=(0.01220852983872689, 0.0011755985021391206)
	g=0.2135281408388409,del=0.09297249067967688,dot=0.004027751875214794,x=9.331682660772694
	prob= 4.869633756410325e-05
	burn in time= 0.4801788330078125
	sample time= 22.3610577583313
	contraction err= 1.4866749302866301e-15 4.4620558012265806e-14

Mean energy: -7.49600501e+00
Block size    # of blocks        Mean                Error
     1           50000       -7.49600501e+00       3.122624e-04
     2           25000       -7.49600501e+00       3.120611e-04
     5           10000       -7.49600501e+00       3.111389e-04
    10           5000       -7.49600501e+00       3.086902e-04
    20           2500       -7.49600501e+00       3.078177e-04
    50           1000       -7.49600501e+00       3.057860e-04
    70            714       -7.49600495e+00       3.080561e-04
   100            500       -7.49600501e+00       3.005563e-04
   200            250       -7.49600501e+00       3.639485e-04
   500            100       -7.49600501e+00       4.731311e-04
0 0.00031226237042357007 0.0004731311339557463
Stocahstic error estimate: 3.122624e-04

step=55,E=-0.374800250374548,dE=4.4218906785165045e-05,err=1.5613118521178502e-05,gmax=0.04678157744988809
	collect g,Hv time= 0.48755598068237305
	solver time=0.049976348876953125,exit status=0
niter= 45
pure_newton= True
	solver time=5.655614614486694,exit status=100
niter= 3101
	prob= 6.862759383070152e-05
	burn in time= 0.474609375
	sample time= 14.840889930725098
	contraction err= 1.5321034815887335e-15 5.820550416091964e-14

Mean energy: -7.49653980e+00
Block size    # of blocks        Mean                Error
     1           50000       -7.49653980e+00       3.822699e-04
     2           25000       -7.49653980e+00       3.817612e-04
     5           10000       -7.49653980e+00       3.816802e-04
    10           5000       -7.49653980e+00       3.803126e-04
    20           2500       -7.49653980e+00       3.774209e-04
    50           1000       -7.49653980e+00       3.815476e-04
    70            714       -7.49653810e+00       3.756009e-04
   100            500       -7.49653980e+00       3.744467e-04
   200            250       -7.49653980e+00       4.745687e-04
   500            100       -7.49653980e+00       6.505365e-04
0 0.0003822698691398724 0.0006505364958396467
Stocahstic error estimate: 3.822699e-04

	predict=-0.0015909118397801998,actual=(-0.0005347953712409037, 0.0004935970429761123)
	g=0.21320791320610366,del=0.10411313194965145,dot=0.003178307024050529,x=9.331682660772696
	prob= 6.862759383070152e-05
	burn in time= 0.4602506160736084
	sample time= 22.339929580688477
	contraction err= 1.527616108510103e-15 1.2019724700734429e-13

Mean energy: -7.49181310e+00
Block size    # of blocks        Mean                Error
     1           50000       -7.49181310e+00       6.801461e-04
     2           25000       -7.49181310e+00       6.793983e-04
     5           10000       -7.49181310e+00       6.763164e-04
    10           5000       -7.49181310e+00       6.726892e-04
    20           2500       -7.49181310e+00       6.760409e-04
    50           1000       -7.49181310e+00       6.798290e-04
    70            714       -7.49181019e+00       6.824463e-04
   100            500       -7.49181310e+00       6.965343e-04
   200            250       -7.49181310e+00       9.018137e-04
   500            100       -7.49181310e+00       1.334896e-03
0 0.0006801460542459409 0.0013348962293099028
Stocahstic error estimate: 6.801461e-04

step=56,E=-0.37459065522366763,dE=0.00020959515088039282,err=3.4007302712297044e-05,gmax=1.0251394489141614
	collect g,Hv time= 0.49579930305480957
	solver time=0.0249025821685791,exit status=0
pure_newton= True
niter= 22
	solver time=0.48804616928100586,exit status=0
niter= 250
	prob= 0.00012159616590138821
	burn in time= 0.4399240016937256
	sample time= 14.820808172225952
	contraction err= 1.1768458093066898e-15 7.50771637331179e-14

Mean energy: -7.49898202e+00
Block size    # of blocks        Mean                Error
     1           50000       -7.49898202e+00       1.333331e-04
     2           25000       -7.49898202e+00       1.331300e-04
     5           10000       -7.49898202e+00       1.332318e-04
    10           5000       -7.49898202e+00       1.329582e-04
    20           2500       -7.49898202e+00       1.329748e-04
    50           1000       -7.49898202e+00       1.331709e-04
    70            714       -7.49898193e+00       1.336672e-04
   100            500       -7.49898202e+00       1.367937e-04
   200            250       -7.49898202e+00       1.488015e-04
   500            100       -7.49898202e+00       1.796908e-04
0 0.00013333310493383904 0.00017969083655919175
Stocahstic error estimate: 1.333331e-04

	predict=-0.004142003626399645,actual=(-0.0071689109694945685, 0.0006930918928811825)
	g=1.6755223929410943,del=0.13069959935203235,dot=0.008277851992815177,x=9.331682660772696
	prob= 0.00012159616590138821
	burn in time= 0.4695088863372803
	sample time= 22.371978282928467
	contraction err= 1.1729802186018288e-15 4.95028862060831e-14

Mean energy: -7.49837877e+00
Block size    # of blocks        Mean                Error
     1           50000       -7.49837877e+00       2.134372e-04
     2           25000       -7.49837877e+00       2.134103e-04
     5           10000       -7.49837877e+00       2.131799e-04
    10           5000       -7.49837877e+00       2.128172e-04
    20           2500       -7.49837877e+00       2.120405e-04
    50           1000       -7.49837877e+00       2.104119e-04
    70            714       -7.49837785e+00       2.301841e-04
   100            500       -7.49837877e+00       2.270715e-04
   200            250       -7.49837877e+00       2.403441e-04
   500            100       -7.49837877e+00       2.702074e-04
0 0.00021343716874602325 0.0002702074176087356
Stocahstic error estimate: 2.134372e-04

step=57,E=-0.3749189385682971,dE=-0.0003282833446295097,err=1.0671858437301163e-05,gmax=0.05024188585048606
	collect g,Hv time= 0.4889693260192871
	solver time=0.03698873519897461,exit status=0
niter= 33
pure_newton= True
	solver time=0.24046659469604492,exit status=0
niter= 117
	prob= 0.0001943407657981246
	burn in time= 0.4540534019470215
	sample time= 14.753803968429565
	contraction err= 1.0688107891561998e-15 7.798193489720678e-14

Mean energy: -7.49550425e+00
Block size    # of blocks        Mean                Error
     1           50000       -7.49550425e+00       4.405701e-04
     2           25000       -7.49550425e+00       4.402663e-04
     5           10000       -7.49550425e+00       4.391001e-04
    10           5000       -7.49550425e+00       4.374404e-04
    20           2500       -7.49550425e+00       4.402180e-04
    50           1000       -7.49550425e+00       4.386619e-04
    70            714       -7.49550302e+00       4.337651e-04
   100            500       -7.49550425e+00       4.246125e-04
   200            250       -7.49550425e+00       5.380790e-04
   500            100       -7.49550425e+00       7.548897e-04
0 0.00044057013736989486 0.0007548896866157031
Stocahstic error estimate: 4.405701e-04

	predict=-0.0007132938660302215,actual=(0.002874523946792884, 0.0004895482314792348)
	g=0.16948141128443614,del=0.03945363870515969,dot=0.002082720487199545,x=9.331682660772694
	prob= 0.00012125389275728249
	burn in time= 0.45168638229370117
	sample time= 22.34523892402649
	contraction err= 1.1527541214754703e-15 3.3748200589327813e-14

Mean energy: -7.49904930e+00
Block size    # of blocks        Mean                Error
     1           50000       -7.49904930e+00       1.523135e-04
     2           25000       -7.49904930e+00       1.522982e-04
     5           10000       -7.49904930e+00       1.524230e-04
    10           5000       -7.49904930e+00       1.521654e-04
    20           2500       -7.49904930e+00       1.520583e-04
    50           1000       -7.49904930e+00       1.527059e-04
    70            714       -7.49904968e+00       1.535086e-04
   100            500       -7.49904930e+00       1.530758e-04
   200            250       -7.49904930e+00       1.767383e-04
   500            100       -7.49904930e+00       1.933574e-04
0 0.00015231351548290991 0.00019335741448507366
Stocahstic error estimate: 1.523135e-04

step=58,E=-0.37495246484044653,dE=-3.3526272149408956e-05,err=7.615675774145496e-06,gmax=0.054422177642657776
	collect g,Hv time= 0.48860883712768555
	solver time=0.04184913635253906,exit status=0
niter= 38
pure_newton= True
	solver time=0.515425443649292,exit status=0
niter= 281
	prob= 0.0002639992630611842
	burn in time= 0.4600811004638672
	sample time= 14.749632358551025
	contraction err= 9.602225829104573e-16 2.581309690249701e-14

Mean energy: -7.49873434e+00
Block size    # of blocks        Mean                Error
     1           50000       -7.49873434e+00       2.023738e-04
     2           25000       -7.49873434e+00       2.022924e-04
     5           10000       -7.49873434e+00       2.023246e-04
    10           5000       -7.49873434e+00       2.019423e-04
    20           2500       -7.49873434e+00       2.009478e-04
    50           1000       -7.49873434e+00       1.986463e-04
    70            714       -7.49873416e+00       2.080419e-04
   100            500       -7.49873434e+00       2.059170e-04
   200            250       -7.49873434e+00       2.472083e-04
   500            100       -7.49873434e+00       3.379922e-04
0 0.00020237382635964024 0.0003379921737464516
Stocahstic error estimate: 2.023738e-04

	predict=-0.00045845976644171493,actual=(0.0003149581210033503, 0.00025328752948813817)
	g=0.1578584886375476,del=0.06814617640340986,dot=0.0021300832045020356,x=9.331682660772694
	prob= 0.00012188983933658253
	burn in time= 0.4558680057525635
	sample time= 22.315205097198486
	contraction err= 1.1693357547304286e-15 4.2656054863288614e-14

Mean energy: -7.49720717e+00
Block size    # of blocks        Mean                Error
     1           50000       -7.49720717e+00       2.679023e-04
     2           25000       -7.49720717e+00       2.678776e-04
     5           10000       -7.49720717e+00       2.671005e-04
    10           5000       -7.49720717e+00       2.661280e-04
    20           2500       -7.49720717e+00       2.641403e-04
    50           1000       -7.49720717e+00       2.594344e-04
    70            714       -7.49720657e+00       2.572301e-04
   100            500       -7.49720717e+00       2.546504e-04
   200            250       -7.49720717e+00       3.128771e-04
   500            100       -7.49720717e+00       4.424819e-04
0 0.0002679023387018763 0.0004424819278166553
Stocahstic error estimate: 2.679023e-04

step=59,E=-0.37486035840661297,dE=9.210643383354978e-05,err=1.3395116935093817e-05,gmax=0.2636866069244359
	collect g,Hv time= 0.4919891357421875
	solver time=0.040643930435180664,exit status=0
niter= 38
pure_newton= True
	solver time=5.473353385925293,exit status=100
niter= 3101
	prob= 0.00010576218388400275
	burn in time= 0.4822540283203125
	sample time= 14.8276686668396
	contraction err= 1.2243720190408582e-15 3.4839637082889145e-14

Mean energy: -7.49707771e+00
Block size    # of blocks        Mean                Error
     1           50000       -7.49707771e+00       3.319615e-04
     2           25000       -7.49707771e+00       3.317629e-04
     5           10000       -7.49707771e+00       3.310836e-04
    10           5000       -7.49707771e+00       3.345179e-04
    20           2500       -7.49707771e+00       3.323513e-04
    50           1000       -7.49707771e+00       3.272090e-04
    70            714       -7.49707594e+00       3.227944e-04
   100            500       -7.49707771e+00       3.163230e-04
   200            250       -7.49707771e+00       3.882614e-04
   500            100       -7.49707771e+00       5.405042e-04
0 0.0003319615014258537 0.000540504150154154
Stocahstic error estimate: 3.319615e-04

	predict=-0.0011054363345369537,actual=(0.00012946045213091395, 0.00042657953714499944)
	g=0.45554114018820985,del=0.04551874125540599,dot=0.003481953361596982,x=9.331682660772694
block_dict= [(0, 820)]
sizes= [820]
SIZE= 640
L= 20
nspin= (10, 10)
nparam= 820
	prob= 0.00012192761536434138
	burn in time= 0.4720606803894043
	sample time= 12.010298490524292
	contraction err= 1.1075270450460934e-15 8.337398100584972e-14

Mean energy: -7.49869309e+00
Block size    # of blocks        Mean                Error
     1           50000       -7.49869309e+00       1.235829e-04
     2           25000       -7.49869309e+00       1.236966e-04
     5           10000       -7.49869309e+00       1.235982e-04
    10           5000       -7.49869309e+00       1.237638e-04
    20           2500       -7.49869309e+00       1.239587e-04
    50           1000       -7.49869309e+00       1.233623e-04
    70            714       -7.49869361e+00       1.234041e-04
   100            500       -7.49869309e+00       1.235060e-04
   200            250       -7.49869309e+00       1.234219e-04
   500            100       -7.49869309e+00       1.360683e-04
0 0.00012369659307331107 0.0001360682638906817
Stocahstic error estimate: 1.236966e-04

step=60,E=-0.37493465461012976,dE=-0.37493465461012976,err=6.184829653665554e-06,gmax=0.030988206739905877
	collect g,Hv time= 0.45001864433288574
	solver time=0.031137704849243164,exit status=0
niter= 36
pure_newton= True
	solver time=3.810417890548706,exit status=100
niter= 3101
	prob= 0.00011985880536708988
	burn in time= 0.457705020904541
	sample time= 14.458590745925903
	contraction err= 1.0612462230532032e-15 4.1979398074026874e-14

Mean energy: -7.49764975e+00
Block size    # of blocks        Mean                Error
     1           50000       -7.49764975e+00       3.108752e-04
     2           25000       -7.49764975e+00       3.105043e-04
     5           10000       -7.49764975e+00       3.097051e-04
    10           5000       -7.49764975e+00       3.088383e-04
    20           2500       -7.49764975e+00       3.067524e-04
    50           1000       -7.49764975e+00       3.086084e-04
    70            714       -7.49764930e+00       3.084258e-04
   100            500       -7.49764975e+00       3.020611e-04
   200            250       -7.49764975e+00       3.747537e-04
   500            100       -7.49764975e+00       5.272558e-04
0 0.00031087520415806557 0.00052725581171214
Stocahstic error estimate: 3.108752e-04

	predict=-0.00012124578216301287,actual=(0.00104334252812599, 0.0003345806923572597)
	g=0.12381456148079055,del=0.02649452733482944,dot=0.0007417231490682544,x=9.331682660772696
	prob= 0.0001218968322003685
	burn in time= 0.4739072322845459
	sample time= 21.975395679473877
	contraction err= 1.1325229360875067e-15 1.3765030999504445e-13

Mean energy: -7.48007491e+00
Block size    # of blocks        Mean                Error
     1           50000       -7.48007491e+00       1.306801e-03
     2           25000       -7.48007491e+00       1.303957e-03
     5           10000       -7.48007491e+00       1.293981e-03
    10           5000       -7.48007491e+00       1.279147e-03
    20           2500       -7.48007491e+00       1.250442e-03
    50           1000       -7.48007491e+00       1.173797e-03
    70            714       -7.48006752e+00       1.106336e-03
   100            500       -7.48007491e+00       1.005187e-03
   200            250       -7.48007491e+00       1.308138e-03
   500            100       -7.48007491e+00       1.962576e-03
0 0.0013068006814837853 0.00196257594031809
Stocahstic error estimate: 1.306801e-03

step=61,E=-0.3740037457110728,dE=0.0009309088990569591,err=6.534003407418927e-05,gmax=0.36919786558585077
	collect g,Hv time= 0.4633486270904541
	solver time=0.036283016204833984,exit status=0
pure_newton= True
niter= 31
	solver time=5.668634414672852,exit status=100
niter= 3101
	prob= 0.00011079773586038385
	burn in time= 0.4896240234375
	sample time= 14.591909170150757
	contraction err= 1.1475909991131628e-15 1.4811552588072018e-13

Mean energy: -7.49348382e+00
Block size    # of blocks        Mean                Error
     1           50000       -7.49348382e+00       5.116409e-04
     2           25000       -7.49348382e+00       5.106642e-04
     5           10000       -7.49348382e+00       5.083255e-04
    10           5000       -7.49348382e+00       5.036048e-04
    20           2500       -7.49348382e+00       5.020432e-04
    50           1000       -7.49348382e+00       5.016729e-04
    70            714       -7.49348084e+00       4.788778e-04
   100            500       -7.49348382e+00       4.637995e-04
   200            250       -7.49348382e+00       5.866299e-04
   500            100       -7.49348382e+00       8.362258e-04
0 0.0005116408508277437 0.0008362258196459055
Stocahstic error estimate: 5.116409e-04

	predict=-0.009278507089629805,actual=(-0.013408904474153438, 0.0014033903168264427)
	g=1.2304428319953522,del=0.08981850018563373,dot=0.01855296996930036,x=9.331682660772694
	prob= 0.00011079773586038385
	burn in time= 0.48079609870910645
	sample time= 21.977371215820312
	contraction err= 1.1374977098530836e-15 4.0173624342396794e-14

Mean energy: -7.49763524e+00
Block size    # of blocks        Mean                Error
     1           50000       -7.49763524e+00       2.875977e-04
     2           25000       -7.49763524e+00       2.874439e-04
     5           10000       -7.49763524e+00       2.875210e-04
    10           5000       -7.49763524e+00       2.865819e-04
    20           2500       -7.49763524e+00       2.858949e-04
    50           1000       -7.49763524e+00       2.908644e-04
    70            714       -7.49763410e+00       2.869934e-04
   100            500       -7.49763524e+00       2.943299e-04
   200            250       -7.49763524e+00       3.598054e-04
   500            100       -7.49763524e+00       4.603502e-04
0 0.0002875977115540504 0.00046035019191185386
Stocahstic error estimate: 2.875977e-04

step=62,E=-0.37488176208672347,dE=-0.0008780163756506809,err=1.437988557770252e-05,gmax=0.1520046095764338
	collect g,Hv time= 0.4540855884552002
	solver time=0.037001609802246094,exit status=0
niter= 33
pure_newton= True
	solver time=0.28287339210510254,exit status=0
niter= 145
	prob= 0.00019464952207371138
	burn in time= 0.4638690948486328
	sample time= 14.469289064407349
	contraction err= 1.0337095537379068e-15 7.556030369271387e-14

Mean energy: -7.49715102e+00
Block size    # of blocks        Mean                Error
     1           50000       -7.49715102e+00       3.539995e-04
     2           25000       -7.49715102e+00       3.537863e-04
     5           10000       -7.49715102e+00       3.529264e-04
    10           5000       -7.49715102e+00       3.517296e-04
    20           2500       -7.49715102e+00       3.496265e-04
    50           1000       -7.49715102e+00       3.479167e-04
    70            714       -7.49714971e+00       3.482123e-04
   100            500       -7.49715102e+00       3.406161e-04
   200            250       -7.49715102e+00       4.380192e-04
   500            100       -7.49715102e+00       6.021490e-04
0 0.0003539994891550755 0.0006021490284325474
Stocahstic error estimate: 3.539995e-04

	predict=-0.0012049129805149414,actual=(0.0004842265337163809, 0.00045610095594416505)
	g=0.2605625939536483,del=0.04331945317518279,dot=0.0033457752740296753,x=9.331682660772694
	prob= 0.00011079910682673587
	burn in time= 0.4855926036834717
	sample time= 21.96554160118103
	contraction err= 1.1165771806140454e-15 4.2972743416724246e-14

Mean energy: -7.49860376e+00
Block size    # of blocks        Mean                Error
     1           50000       -7.49860376e+00       1.950266e-04
     2           25000       -7.49860376e+00       1.950206e-04
     5           10000       -7.49860376e+00       1.949415e-04
    10           5000       -7.49860376e+00       1.947077e-04
    20           2500       -7.49860376e+00       1.937177e-04
    50           1000       -7.49860376e+00       1.921578e-04
    70            714       -7.49860293e+00       1.925832e-04
   100            500       -7.49860376e+00       1.890456e-04
   200            250       -7.49860376e+00       2.231183e-04
   500            100       -7.49860376e+00       2.656653e-04
0 0.0001950266461840648 0.0002656653385176292
Stocahstic error estimate: 1.950266e-04

step=63,E=-0.3749301879247423,dE=-4.842583801880629e-05,err=9.75133230920324e-06,gmax=0.027287122243463635
	collect g,Hv time= 0.45472264289855957
	solver time=0.0356442928314209,exit status=0
pure_newton= True
niter= 32
	solver time=5.654314041137695,exit status=100
niter= 3101
	prob= 0.0003251928473077548
	burn in time= 0.486483097076416
	sample time= 14.594335079193115
	contraction err= 9.049695193076078e-16 1.9079618751347255e-14

Mean energy: -7.49583935e+00
Block size    # of blocks        Mean                Error
     1           50000       -7.49583935e+00       3.697371e-04
     2           25000       -7.49583935e+00       3.690869e-04
     5           10000       -7.49583935e+00       3.682165e-04
    10           5000       -7.49583935e+00       3.654021e-04
    20           2500       -7.49583935e+00       3.701522e-04
    50           1000       -7.49583935e+00       3.764009e-04
    70            714       -7.49583707e+00       3.802782e-04
   100            500       -7.49583935e+00       3.819863e-04
   200            250       -7.49583935e+00       4.362503e-04
   500            100       -7.49583935e+00       5.762580e-04
0 0.0003697370582959194 0.0005762580306449032
Stocahstic error estimate: 3.697371e-04

	predict=-0.0006325988897284431,actual=(0.0027644079576951697, 0.00041802019687943844)
	g=0.12380505262100165,del=0.03981552918265206,dot=0.002000824919000858,x=9.331682660772694
	prob= 0.00011103069842455196
	burn in time= 0.48784494400024414
	sample time= 21.987756729125977
	contraction err= 1.2082911909898604e-15 4.4049408499073835e-14

Mean energy: -7.49780100e+00
Block size    # of blocks        Mean                Error
     1           50000       -7.49780100e+00       3.019625e-04
     2           25000       -7.49780100e+00       3.018302e-04
     5           10000       -7.49780100e+00       3.068869e-04
    10           5000       -7.49780100e+00       3.077459e-04
    20           2500       -7.49780100e+00       3.131021e-04
    50           1000       -7.49780100e+00       3.029335e-04
    70            714       -7.49780019e+00       3.107752e-04
   100            500       -7.49780100e+00       3.147486e-04
   200            250       -7.49780100e+00       3.916147e-04
   500            100       -7.49780100e+00       5.704872e-04
0 0.0003019625421606852 0.0005704871853761302
Stocahstic error estimate: 3.019625e-04

step=64,E=-0.3748900498514104,dE=4.013807333191899e-05,err=1.5098127108034259e-05,gmax=0.09284341161127874
	collect g,Hv time= 0.4578545093536377
niter= 35
	solver time=0.03887367248535156,exit status=0
pure_newton= True
	solver time=0.3009171485900879,exit status=0
niter= 157
	prob= 9.85086616916944e-05
	burn in time= 0.4643552303314209
	sample time= 14.51809573173523
	contraction err= 1.1160072858899174e-15 2.9074414595089735e-14

Mean energy: -7.49822939e+00
Block size    # of blocks        Mean                Error
     1           50000       -7.49822939e+00       1.972786e-04
     2           25000       -7.49822939e+00       1.971001e-04
     5           10000       -7.49822939e+00       1.966852e-04
    10           5000       -7.49822939e+00       1.961287e-04
    20           2500       -7.49822939e+00       2.005920e-04
    50           1000       -7.49822939e+00       1.984731e-04
    70            714       -7.49822880e+00       2.022893e-04
   100            500       -7.49822939e+00       2.060583e-04
   200            250       -7.49822939e+00       2.113516e-04
   500            100       -7.49822939e+00       2.212216e-04
0 0.00019727861833016442 0.00022122156751502357
Stocahstic error estimate: 1.972786e-04

	predict=-0.0011748308375267062,actual=(-0.0004283974121559453, 0.0003606940949314284)
	g=0.22043705168310185,del=0.06673486420468092,dot=0.0023467602238830933,x=9.331682660772694
	prob= 9.85086616916944e-05
	burn in time= 0.4600059986114502
	sample time= 21.980907440185547
	contraction err= 1.1315022972446265e-15 4.347711845472278e-14

Mean energy: -7.49798602e+00
Block size    # of blocks        Mean                Error
     1           50000       -7.49798602e+00       2.123642e-04
     2           25000       -7.49798602e+00       2.122246e-04
     5           10000       -7.49798602e+00       2.120892e-04
    10           5000       -7.49798602e+00       2.141947e-04
    20           2500       -7.49798602e+00       2.139290e-04
    50           1000       -7.49798602e+00       2.139403e-04
    70            714       -7.49798557e+00       2.135055e-04
   100            500       -7.49798602e+00       2.172733e-04
   200            250       -7.49798602e+00       2.514349e-04
   500            100       -7.49798602e+00       2.976743e-04
0 0.00021236419130898316 0.0002976742609364299
Stocahstic error estimate: 2.123642e-04

step=65,E=-0.3748993008462876,dE=-9.25099487720793e-06,err=1.0618209565449157e-05,gmax=0.06434108351627099
	collect g,Hv time= 0.45317959785461426
	solver time=0.03772616386413574,exit status=0
niter= 34
pure_newton= True
	solver time=0.8240549564361572,exit status=0
niter= 498
	prob= 7.740383870912114e-06
	burn in time= 0.49776291847229004
	sample time= 14.39297366142273
	contraction err= 7.574845725290132e-16 2.3230548800043086e-14

Mean energy: -6.68166976e+00
Block size    # of blocks        Mean                Error
     1           50000       -6.68166976e+00       4.208807e-03
     2           25000       -6.68166976e+00       4.266969e-03
     5           10000       -6.68166976e+00       4.378385e-03
    10           5000       -6.68166976e+00       4.552933e-03
    20           2500       -6.68166976e+00       4.869136e-03
    50           1000       -6.68166976e+00       5.884752e-03
    70            714       -6.68185441e+00       6.441480e-03
   100            500       -6.68166976e+00       7.226245e-03
   200            250       -6.68166976e+00       9.562459e-03
   500            100       -6.68166976e+00       1.413536e-02
0 0.004266969436876843 0.014135355730409237
Stocahstic error estimate: 4.266969e-03

	predict=-0.0006656646711392482,actual=(0.8163162559044341, 0.004272250779740277)
	g=0.19307761134209933,del=0.03942458440776882,dot=0.0022606752947914696,x=9.331682660772694
	prob= 9.8562332190851e-05
	burn in time= 0.48850202560424805
	sample time= 21.991806507110596
	contraction err= 1.0991937598922047e-15 3.6630235170520185e-14

Mean energy: -7.47092775e+00
Block size    # of blocks        Mean                Error
     1           50000       -7.47092775e+00       1.048829e-03
     2           25000       -7.47092775e+00       1.246940e-03
     5           10000       -7.47092775e+00       1.709258e-03
    10           5000       -7.47092775e+00       2.274604e-03
    20           2500       -7.47092775e+00       3.110316e-03
    50           1000       -7.47092775e+00       4.804245e-03
    70            714       -7.47091646e+00       5.678552e-03
   100            500       -7.47092775e+00       6.757306e-03
   200            250       -7.47092775e+00       9.379586e-03
   500            100       -7.47092775e+00       1.513149e-02
0 None 0.015131485721511984
step=66,E=-0.3735463875614785,dE=0.0013529132848090874,err=0.0007565742860755992,gmax=0.3185127614304018
	collect g,Hv time= 0.4633026123046875
niter= 22
	solver time=0.024945735931396484,exit status=0
pure_newton= True
niter= 151
	solver time=0.2936365604400635,exit status=0
	prob= 0.0002140194458362891
	burn in time= 0.46367311477661133
	sample time= 14.46340012550354
	contraction err= 9.313819089218883e-16 7.327625389837506e-14

Mean energy: -7.49667135e+00
Block size    # of blocks        Mean                Error
     1           50000       -7.49667135e+00       3.642348e-04
     2           25000       -7.49667135e+00       3.638224e-04
     5           10000       -7.49667135e+00       3.628874e-04
    10           5000       -7.49667135e+00       3.629370e-04
    20           2500       -7.49667135e+00       3.632926e-04
    50           1000       -7.49667135e+00       3.617108e-04
    70            714       -7.49666996e+00       3.599907e-04
   100            500       -7.49667135e+00       3.739901e-04
   200            250       -7.49667135e+00       4.583075e-04
   500            100       -7.49667135e+00       5.480899e-04
0 0.0003642348194102861 0.0005480898804634574
Stocahstic error estimate: 3.642348e-04

	predict=-0.014341158619089314,actual=(-0.025743598520161726, 0.015135868892930854)
	g=0.7807154362846732,del=0.11264061395594459,dot=0.028680355821899296,x=9.331682660772694
	prob= 0.0002140194458362891
	burn in time= 0.47780394554138184
	sample time= 21.897325038909912
	contraction err= 9.114955697658826e-16 4.295698186718732e-14

Mean energy: -7.49747170e+00
Block size    # of blocks        Mean                Error
     1           50000       -7.49747170e+00       2.626583e-04
     2           25000       -7.49747170e+00       2.623869e-04
     5           10000       -7.49747170e+00       2.623394e-04
    10           5000       -7.49747170e+00       2.612574e-04
    20           2500       -7.49747170e+00       2.584303e-04
    50           1000       -7.49747170e+00       2.554617e-04
    70            714       -7.49747050e+00       2.591272e-04
   100            500       -7.49747170e+00       2.544447e-04
   200            250       -7.49747170e+00       2.876642e-04
   500            100       -7.49747170e+00       3.634443e-04
0 0.0002626583070432975 0.0003634443090476455
Stocahstic error estimate: 2.626583e-04

step=67,E=-0.3748735850812069,dE=-0.0013271975197283847,err=1.3132915352164875e-05,gmax=0.07165120432868721
	collect g,Hv time= 0.4584169387817383
niter= 41
	solver time=0.043817996978759766,exit status=0
pure_newton= True
	solver time=0.44168782234191895,exit status=0
niter= 243
	prob= 0.00037679612125409275
	burn in time= 0.4710886478424072
	sample time= 14.438120126724243
	contraction err= 8.865952542481812e-16 2.5529330601311077e-14

Mean energy: -7.49849353e+00
Block size    # of blocks        Mean                Error
     1           50000       -7.49849353e+00       2.090647e-04
     2           25000       -7.49849353e+00       2.111962e-04
     5           10000       -7.49849353e+00       2.108092e-04
    10           5000       -7.49849353e+00       2.101598e-04
    20           2500       -7.49849353e+00       2.090015e-04
    50           1000       -7.49849353e+00       2.055713e-04
    70            714       -7.49849288e+00       2.073138e-04
   100            500       -7.49849353e+00       2.047515e-04
   200            250       -7.49849353e+00       2.377137e-04
   500            100       -7.49849353e+00       3.091937e-04
0 0.00021119616336274643 0.0003091936728064699
Stocahstic error estimate: 2.111962e-04

	predict=-0.001243716985623932,actual=(-0.0010218235429713118, 0.00033703591155542317)
	g=0.1643817377071598,del=0.1325011748671213,dot=0.002487267267662301,x=9.331682660772694
	prob= 0.00037679612125409275
	burn in time= 0.4742438793182373
	sample time= 21.902682065963745
	contraction err= 8.935497454731976e-16 1.635268788048681e-14

Mean energy: -7.49749999e+00
Block size    # of blocks        Mean                Error
     1           50000       -7.49749999e+00       3.113672e-04
     2           25000       -7.49749999e+00       3.111622e-04
     5           10000       -7.49749999e+00       3.104403e-04
    10           5000       -7.49749999e+00       3.095149e-04
    20           2500       -7.49749999e+00       3.073563e-04
    50           1000       -7.49749999e+00       3.018273e-04
    70            714       -7.49749905e+00       3.039815e-04
   100            500       -7.49749999e+00       2.982883e-04
   200            250       -7.49749999e+00       3.802073e-04
   500            100       -7.49749999e+00       5.335140e-04
0 0.0003113672248727554 0.0005335140169698796
Stocahstic error estimate: 3.113672e-04

step=68,E=-0.37487499947915875,dE=-1.4143979518710381e-06,err=1.556836124363777e-05,gmax=0.04740038759712162
	collect g,Hv time= 0.45923662185668945
niter= 36
	solver time=0.040555477142333984,exit status=0
pure_newton= True
	solver time=0.45340585708618164,exit status=0
niter= 250
	prob= 0.0008275132882572723
	burn in time= 0.46030759811401367
	sample time= 14.428706884384155
	contraction err= 8.338450120469697e-16 1.6959758907528734e-14

Mean energy: -7.49702218e+00
Block size    # of blocks        Mean                Error
     1           50000       -7.49702218e+00       4.300945e-04
     2           25000       -7.49702218e+00       4.299737e-04
     5           10000       -7.49702218e+00       4.403865e-04
    10           5000       -7.49702218e+00       4.396467e-04
    20           2500       -7.49702218e+00       4.386537e-04
    50           1000       -7.49702218e+00       4.494712e-04
    70            714       -7.49702106e+00       4.648567e-04
   100            500       -7.49702218e+00       4.797312e-04
   200            250       -7.49702218e+00       6.240427e-04
   500            100       -7.49702218e+00       9.216990e-04
0 0.0004300945130659535 0.0009216990074560345
Stocahstic error estimate: 4.300945e-04

	predict=-0.001258376157821012,actual=(0.00047780677639241986, 0.000530971598952713)
	g=0.1840545873912633,del=0.19311880390322606,dot=0.011462770991202633,x=9.331682660772694
	prob= 0.00038672185905693315
	burn in time= 0.48458290100097656
	sample time= 21.855306386947632
	contraction err= 8.446136478567675e-16 3.282010887160071e-14

Mean energy: -7.49896086e+00
Block size    # of blocks        Mean                Error
     1           50000       -7.49896086e+00       2.025769e-04
     2           25000       -7.49896086e+00       2.024473e-04
     5           10000       -7.49896086e+00       2.021896e-04
    10           5000       -7.49896086e+00       2.013436e-04
    20           2500       -7.49896086e+00       2.058995e-04
    50           1000       -7.49896086e+00       2.069321e-04
    70            714       -7.49896048e+00       2.039224e-04
   100            500       -7.49896086e+00       1.994310e-04
   200            250       -7.49896086e+00       2.230557e-04
   500            100       -7.49896086e+00       2.948385e-04
0 0.0002025769091775314 0.0002948385212335266
Stocahstic error estimate: 2.025769e-04

step=69,E=-0.3749480431873174,dE=-7.30437081586377e-05,err=1.012884545887657e-05,gmax=0.027190422691293792
	collect g,Hv time= 0.4538111686706543
niter= 37
	solver time=0.039911508560180664,exit status=0
pure_newton= True
niter= 69
	solver time=0.13590478897094727,exit status=0
	prob= 0.0003837892189462856
	burn in time= 0.4601871967315674
	sample time= 14.48123025894165
	contraction err= 9.417833638413588e-16 1.3886008530520327e-14

Mean energy: -7.49957104e+00
Block size    # of blocks        Mean                Error
     1           50000       -7.49957104e+00       1.427035e-04
     2           25000       -7.49957104e+00       1.427469e-04
     5           10000       -7.49957104e+00       1.426717e-04
    10           5000       -7.49957104e+00       1.425522e-04
    20           2500       -7.49957104e+00       1.425115e-04
    50           1000       -7.49957104e+00       1.419838e-04
    70            714       -7.49957085e+00       1.419143e-04
   100            500       -7.49957104e+00       1.417835e-04
   200            250       -7.49957104e+00       1.627429e-04
   500            100       -7.49957104e+00       2.224986e-04
0 0.00014274686829049044 0.00022249857474897902
Stocahstic error estimate: 1.427469e-04

	predict=-0.0008033657375299938,actual=(-0.0006101783776655267, 0.00024781862831245037)
	g=0.09167204422378085,del=0.041550183071959575,dot=0.0016056886752657692,x=9.331682660772694
