block_dict= [(0, 320000)]
sizes= [320000]
SIZE= 640
Lx,Ly= 8 8
D= 8
chi= 8
rate= 0.1 0.5
cond= 0.001 0.001
guess= 1

nparam= 320000
	log prob= -12.277642187080161
	burn in time= 22.501797437667847
	sample time= 41.21714925765991
	contraction err= 0.003442672541588337 0.12129307821718621
nsamples= 2638

Mean energy: -3.06478967e+01
Block size    # of blocks        Mean                Error
     1           2638       -3.06478967e+01       7.606427e-03
     2           1319       -3.06478967e+01       8.577536e-03
     5            527       -3.06467465e+01       9.361646e-03
    10            263       -3.06469902e+01       9.477404e-03
    20            131       -3.06467819e+01       9.383635e-03
    50             52       -3.06469167e+01       1.015645e-02
    70             37       -3.06471849e+01       1.037733e-02
   100             26       -3.06469167e+01       7.943159e-03
   200             13       -3.06469167e+01       9.347164e-03
   500              5       -3.06466607e+01       8.217091e-03
Stocahstic error estimate: 9.477404e-03

step=10,E=-0.4788733864421156,dE=0.0,err=0.00014808443015624267,gmax=0.10036416954493538
	collect g,Hv time= 0.0662376880645752
	solver time=1.571744680404663,exit status=0
niter= 40
pure_newton= False
	solver time=7.268815755844116,exit status=0
niter= 97
hessian inversion error= 0.00018039199239549398
	log prob= -10.70639509790913
	burn in time= 19.609086990356445
	sample time= 56.550166606903076
	contraction err= 0.0038615535201425824 0.09494843954146812
nsamples= 2638

Mean energy: -3.07488535e+01
Block size    # of blocks        Mean                Error
     1           2638       -3.07488535e+01       6.390804e-03
     2           1319       -3.07488535e+01       7.374971e-03
     5            527       -3.07484699e+01       8.519069e-03
    10            263       -3.07488058e+01       9.115758e-03
    20            131       -3.07493097e+01       8.680105e-03
    50             52       -3.07489369e+01       8.614067e-03
    70             37       -3.07494242e+01       1.009766e-02
   100             26       -3.07489369e+01       9.124360e-03
   200             13       -3.07489369e+01       1.097190e-02
   500              5       -3.07490924e+01       9.889825e-03
Stocahstic error estimate: 9.115758e-03

	predict=-0.02892286290802579,actual=(array([-0.10095674]), array([0.00911576]))
	g=0.5538922678439442,del=0.3772981371435869,dot=0.0578400160575491,x=22.257977948907257

nparam= 320000
	log prob= -10.70639509790913
	burn in time= 21.13603925704956
	sample time= 42.982316732406616
	contraction err= 0.0036002198556928694 0.060551045237646
nsamples= 2638

Mean energy: -3.07312523e+01
Block size    # of blocks        Mean                Error
     1           2638       -3.07312523e+01       6.138698e-03
     2           1319       -3.07312523e+01       6.891532e-03
     5            527       -3.07313653e+01       7.834333e-03
    10            263       -3.07317723e+01       8.300433e-03
    20            131       -3.07313008e+01       8.541414e-03
    50             52       -3.07303902e+01       9.335858e-03
    70             37       -3.07306644e+01       9.359251e-03
   100             26       -3.07303902e+01       9.432239e-03
   200             13       -3.07303902e+01       8.508715e-03
   500              5       -3.07295641e+01       8.186954e-03
Stocahstic error estimate: 8.541414e-03

step=11,E=-0.48017581737791065,dE=-0.0013024309357950736,err=0.00013345958795220276,gmax=0.06039902566233235
	collect g,Hv time= 0.06258058547973633
	solver time=1.5301666259765625,exit status=0
niter= 41
pure_newton= False
	solver time=6.84637451171875,exit status=0
niter= 95
hessian inversion error= 0.00023251415598583294
	log prob= -8.869337010257516
	burn in time= 18.376218557357788
	sample time= 57.141531229019165
	contraction err= 0.00428584068318378 0.12210252794656451
nsamples= 2638

Mean energy: -3.07780545e+01
Block size    # of blocks        Mean                Error
     1           2638       -3.07780545e+01       5.406684e-03
     2           1319       -3.07780545e+01       6.032180e-03
     5            527       -3.07781104e+01       6.878977e-03
    10            263       -3.07783030e+01       7.193936e-03
    20            131       -3.07790032e+01       7.282261e-03
    50             52       -3.07796730e+01       6.445520e-03
    70             37       -3.07798939e+01       6.816865e-03
   100             26       -3.07796730e+01       5.612087e-03
   200             13       -3.07796730e+01       5.595632e-03
   500              5       -3.07799649e+01       5.037956e-03
Stocahstic error estimate: 7.193936e-03

	predict=-0.01794339529211182,actual=(array([-0.04680215]), array([0.00719394]))
	g=0.3752735258383519,del=0.3865445993570933,dot=0.03588082402339897,x=22.257977948907296

nparam= 320000
	log prob= -8.869337010257516
	burn in time= 17.740925788879395
	sample time= 42.88326025009155
	contraction err= 0.004307949101688086 0.09806393925631172
nsamples= 2638

Mean energy: -3.07805497e+01
Block size    # of blocks        Mean                Error
     1           2638       -3.07805497e+01       5.540933e-03
     2           1319       -3.07805497e+01       6.344990e-03
     5            527       -3.07802602e+01       7.392133e-03
    10            263       -3.07795068e+01       7.238406e-03
    20            131       -3.07792259e+01       7.536372e-03
    50             52       -3.07781912e+01       7.902381e-03
    70             37       -3.07778685e+01       7.493225e-03
   100             26       -3.07781912e+01       6.951090e-03
   200             13       -3.07781912e+01       5.012016e-03
   500              5       -3.07767668e+01       4.561849e-03
Stocahstic error estimate: 7.392133e-03

step=12,E=-0.480946088820459,dE=-0.0007702714425483204,err=0.00011550207476680415,gmax=0.06567155279246517
	collect g,Hv time= 0.06334948539733887
	solver time=1.458827257156372,exit status=0
niter= 39
pure_newton= False
	solver time=6.868025541305542,exit status=0
niter= 95
hessian inversion error= 0.0002532340563633645
	log prob= -8.189310665085596
	burn in time= 19.710050582885742
	sample time= 56.93162226676941
	contraction err= 0.004690294244419534 0.11648769414157367
nsamples= 2638

Mean energy: -3.08175397e+01
Block size    # of blocks        Mean                Error
     1           2638       -3.08175397e+01       5.331991e-03
     2           1319       -3.08175397e+01       6.131561e-03
     5            527       -3.08176000e+01       6.875020e-03
    10            263       -3.08175080e+01       7.371073e-03
    20            131       -3.08170922e+01       7.916722e-03
    50             52       -3.08174156e+01       6.719982e-03
    70             37       -3.08172325e+01       7.869482e-03
   100             26       -3.08174156e+01       7.367931e-03
   200             13       -3.08174156e+01       7.428677e-03
   500              5       -3.08163377e+01       1.003587e-02
Stocahstic error estimate: 7.916722e-03

	predict=-0.013705742357322342,actual=(array([-0.03699]), array([0.00791672]))
	g=0.31405891555936266,del=0.39619882622482533,dot=0.02740520966634532,x=22.257977948907282

nparam= 320000
	log prob= -8.189310665085596
	burn in time= 19.543800354003906
	sample time= 43.35747766494751
	contraction err= 0.004498978812857178 0.12331042734504707
nsamples= 2638

Mean energy: -3.08295644e+01
Block size    # of blocks        Mean                Error
     1           2638       -3.08295644e+01       4.940835e-03
     2           1319       -3.08295644e+01       5.574977e-03
     5            527       -3.08297508e+01       5.955069e-03
    10            263       -3.08297131e+01       6.036445e-03
    20            131       -3.08300862e+01       5.540286e-03
    50             52       -3.08297621e+01       5.306362e-03
    70             37       -3.08297456e+01       5.920703e-03
   100             26       -3.08297621e+01       4.850034e-03
   200             13       -3.08297621e+01       4.489389e-03
   500              5       -3.08284771e+01       5.282904e-03
Stocahstic error estimate: 6.036445e-03

step=13,E=-0.48171194379959015,dE=-0.0007658549791311753,err=9.431946035838202e-05,gmax=0.02953556144802505
	collect g,Hv time= 0.061269521713256836
	solver time=1.5186409950256348,exit status=0
niter= 41
pure_newton= False
	solver time=6.782075881958008,exit status=0
niter= 95
hessian inversion error= 0.00040650823283345275
	log prob= -7.988228224119613
	burn in time= 15.326690673828125
	sample time= 56.2935791015625
	contraction err= 0.005086680994900661 0.09233917950935476
nsamples= 2638

Mean energy: -3.08448639e+01
Block size    # of blocks        Mean                Error
     1           2638       -3.08448639e+01       5.005863e-03
     2           1319       -3.08448639e+01       5.729920e-03
     5            527       -3.08448474e+01       6.911372e-03
    10            263       -3.08451668e+01       7.320505e-03
    20            131       -3.08451148e+01       7.904583e-03
    50             52       -3.08455451e+01       8.262100e-03
    70             37       -3.08451230e+01       8.614328e-03
   100             26       -3.08455451e+01       8.329087e-03
   200             13       -3.08455451e+01       7.273785e-03
   500              5       -3.08432633e+01       7.107796e-03
Stocahstic error estimate: 8.262100e-03

	predict=-0.0104422055886465,actual=(array([-0.01529949]), array([0.0082621]))
	g=0.24230349844619248,del=0.4233243615643542,dot=0.020864645885561455,x=22.257977948907232

nparam= 320000
	log prob= -7.988228224119613
	burn in time= 20.433703184127808
	sample time= 43.21950697898865
	contraction err= 0.0053363095338729806 0.12715759487837267
nsamples= 2638

Mean energy: -3.08346474e+01
Block size    # of blocks        Mean                Error
     1           2638       -3.08346474e+01       5.178406e-03
     2           1319       -3.08346474e+01       5.866629e-03
     5            527       -3.08343603e+01       6.692899e-03
    10            263       -3.08342592e+01       7.202567e-03
    20            131       -3.08340099e+01       7.193569e-03
    50             52       -3.08338088e+01       7.037051e-03
    70             37       -3.08348166e+01       8.353876e-03
   100             26       -3.08338088e+01       7.491683e-03
   200             13       -3.08338088e+01       7.840221e-03
   500              5       -3.08339111e+01       8.594172e-03
Stocahstic error estimate: 7.202567e-03

step=14,E=-0.4817913658245384,dE=-7.942202494826134e-05,err=0.00011254010391361666,gmax=0.034325682931928725
	collect g,Hv time= 0.06135201454162598
	solver time=1.4604527950286865,exit status=0
niter= 40
pure_newton= False
	solver time=6.7432873249053955,exit status=0
niter= 95
hessian inversion error= 0.0003377497431743558
	log prob= -7.853799068054046
	burn in time= 23.3816921710968
	sample time= 57.146121978759766
	contraction err= 0.006054916797129218 0.19957895087660543
nsamples= 2638

Mean energy: -3.08650076e+01
Block size    # of blocks        Mean                Error
     1           2638       -3.08650076e+01       5.744511e-03
     2           1319       -3.08650076e+01       6.434170e-03
     5            527       -3.08647437e+01       7.365315e-03
    10            263       -3.08649167e+01       7.691423e-03
    20            131       -3.08645351e+01       7.705204e-03
    50             52       -3.08647888e+01       7.077615e-03
    70             37       -3.08645443e+01       6.890175e-03
   100             26       -3.08647888e+01       6.607949e-03
   200             13       -3.08647888e+01       7.683152e-03
   500              5       -3.08642754e+01       5.569097e-03
Stocahstic error estimate: 7.691423e-03

	predict=-0.00988862814279972,actual=(array([-0.03036023]), array([0.00769142]))
	g=0.25683915838425475,del=0.3955756236075517,dot=0.01977140183174371,x=22.25797794890728

nparam= 320000
	log prob= -7.853799068054046
	burn in time= 17.202589988708496
	sample time= 43.34250235557556
	contraction err= 0.005883936850221459 0.3665782604219793
nsamples= 2638

Mean energy: -3.08659153e+01
Block size    # of blocks        Mean                Error
     1           2638       -3.08659153e+01       4.897075e-03
     2           1319       -3.08659153e+01       5.468094e-03
     5            527       -3.08660251e+01       6.033231e-03
    10            263       -3.08663439e+01       6.304348e-03
    20            131       -3.08660612e+01       6.239178e-03
    50             52       -3.08655342e+01       6.215684e-03
    70             37       -3.08648843e+01       5.619558e-03
   100             26       -3.08655342e+01       6.458481e-03
   200             13       -3.08655342e+01       5.508985e-03
   500              5       -3.08651611e+01       6.175379e-03
Stocahstic error estimate: 6.304348e-03

step=15,E=-0.4822799273268424,dE=-0.0004885615023039747,err=9.850544258028089e-05,gmax=0.031595998492434774
	collect g,Hv time= 0.062270164489746094
	solver time=1.25746488571167,exit status=0
niter= 34
pure_newton= False
	solver time=7.314696550369263,exit status=0
niter= 102
hessian inversion error= 0.0004530745929465635
	log prob= -7.990754328666272
	burn in time= 20.81920838356018
	sample time= 57.56989002227783
	contraction err= 0.006243900310982366 0.1490050805350795
nsamples= 2638

Mean energy: -3.08864747e+01
Block size    # of blocks        Mean                Error
     1           2638       -3.08864747e+01       5.019490e-03
     2           1319       -3.08864747e+01       5.529616e-03
     5            527       -3.08863946e+01       6.050524e-03
    10            263       -3.08864295e+01       6.180060e-03
    20            131       -3.08865315e+01       6.001210e-03
    50             52       -3.08866123e+01       5.627140e-03
    70             37       -3.08869962e+01       6.048230e-03
   100             26       -3.08866123e+01       6.697275e-03
   200             13       -3.08866123e+01       8.081135e-03
   500              5       -3.08875765e+01       2.755555e-03
Stocahstic error estimate: 6.180060e-03

	predict=-0.008423207584104503,actual=(array([-0.02055935]), array([0.00618006]))
	g=0.21957952548441217,del=0.41400459706774173,dot=0.016837878876169783,x=22.257977948907246

nparam= 320000
	log prob= -7.990754328666272
	burn in time= 20.70911741256714
	sample time= 43.3553204536438
	contraction err= 0.0060136481362436 0.14217885805883282
nsamples= 2638

Mean energy: -3.08702127e+01
Block size    # of blocks        Mean                Error
     1           2638       -3.08702127e+01       5.252754e-03
     2           1319       -3.08702127e+01       5.624965e-03
     5            527       -3.08703758e+01       6.383050e-03
    10            263       -3.08703420e+01       6.417619e-03
    20            131       -3.08699849e+01       6.034596e-03
    50             52       -3.08702220e+01       6.165921e-03
    70             37       -3.08704259e+01       6.661737e-03
   100             26       -3.08702220e+01       7.589643e-03
   200             13       -3.08702220e+01       5.922559e-03
   500              5       -3.08694408e+01       6.553761e-03
Stocahstic error estimate: 6.417619e-03

step=16,E=-0.48234707396511267,dE=-6.714663827028788e-05,err=0.00010027530351971,gmax=0.02604010693067238
	collect g,Hv time= 0.0636289119720459
	solver time=1.3818461894989014,exit status=0
niter= 38
pure_newton= False
	solver time=6.762893915176392,exit status=0
niter= 95
hessian inversion error= 0.0004583581555862437
	log prob= -8.050275703796924
	burn in time= 23.334136486053467
	sample time= 57.245917320251465
	contraction err= 0.006760096306768045 0.1696629835808176
nsamples= 2638

Mean energy: -3.08818770e+01
Block size    # of blocks        Mean                Error
     1           2638       -3.08818770e+01       5.516151e-03
     2           1319       -3.08818770e+01       6.395664e-03
     5            527       -3.08816558e+01       7.261324e-03
    10            263       -3.08817321e+01       7.545856e-03
    20            131       -3.08814087e+01       7.636073e-03
    50             52       -3.08812286e+01       8.450901e-03
    70             37       -3.08813415e+01       9.477762e-03
   100             26       -3.08812286e+01       9.226797e-03
   200             13       -3.08812286e+01       9.638002e-03
   500              5       -3.08811857e+01       1.159584e-02
Stocahstic error estimate: 7.545856e-03

	predict=-0.008964327334459652,actual=(array([-0.0116643]), array([0.00754586]))
	g=0.20827262812550654,del=0.40752483366695746,dot=0.017921254062658213,x=22.257977948907264

nparam= 320000
	log prob= -8.050275703796924
	burn in time= 19.311434268951416
	sample time= 43.50863003730774
	contraction err= 0.0061607489593989454 0.22552643480409196
nsamples= 2638

Mean energy: -3.08961154e+01
Block size    # of blocks        Mean                Error
     1           2638       -3.08961154e+01       5.484189e-03
     2           1319       -3.08961154e+01       6.050579e-03
     5            527       -3.08962118e+01       6.571524e-03
    10            263       -3.08968553e+01       6.839561e-03
    20            131       -3.08963739e+01       6.802175e-03
    50             52       -3.08958240e+01       7.604499e-03
    70             37       -3.08961427e+01       6.964004e-03
   100             26       -3.08958240e+01       8.200698e-03
   200             13       -3.08958240e+01       1.036289e-02
   500              5       -3.08959882e+01       1.118197e-02
Stocahstic error estimate: 6.839561e-03

step=17,E=-0.4827518030992272,dE=-0.00040472913411454536,err=0.00010686813371357887,gmax=0.04299387736429783
	collect g,Hv time= 0.06196022033691406
	solver time=1.4508628845214844,exit status=0
niter= 40
pure_newton= False
	solver time=6.93133807182312,exit status=0
niter= 98
hessian inversion error= 0.00046153858607452094
	log prob= -8.067244948108153
	burn in time= 19.609981775283813
	sample time= 57.91013526916504
	contraction err= 0.00728965131109875 0.24879715746969633
nsamples= 2638

Mean energy: -3.09036202e+01
Block size    # of blocks        Mean                Error
     1           2638       -3.09036202e+01       5.435363e-03
     2           1319       -3.09036202e+01       5.894133e-03
     5            527       -3.09034745e+01       6.652402e-03
    10            263       -3.09037869e+01       6.688023e-03
    20            131       -3.09038354e+01       7.094372e-03
    50             52       -3.09037891e+01       6.767719e-03
    70             37       -3.09032342e+01       7.562343e-03
   100             26       -3.09037891e+01       5.943860e-03
   200             13       -3.09037891e+01       7.336715e-03
   500              5       -3.09052890e+01       1.252245e-02
Stocahstic error estimate: 6.688023e-03

	predict=-0.008463847079444784,actual=(array([-0.00750485]), array([0.00668802]))
	g=0.21552900380984263,del=0.41797440827041593,dot=0.016919656679996613,x=22.257977948907236

nparam= 320000
	log prob= -8.067244948108153
	burn in time= 23.23066735267639
	sample time= 43.26401138305664
	contraction err= 0.00739491111881509 0.3789903281757841
nsamples= 2638

Mean energy: -3.08975207e+01
Block size    # of blocks        Mean                Error
     1           2638       -3.08975207e+01       6.340314e-03
     2           1319       -3.08975207e+01       6.863898e-03
     5            527       -3.08976630e+01       7.499720e-03
    10            263       -3.08977612e+01       7.856901e-03
    20            131       -3.08973740e+01       7.606319e-03
    50             52       -3.08966999e+01       7.820564e-03
    70             37       -3.08973911e+01       7.518520e-03
   100             26       -3.08966999e+01       6.944956e-03
   200             13       -3.08966999e+01       6.638267e-03
   500              5       -3.08975900e+01       4.687291e-03
Stocahstic error estimate: 7.856901e-03

step=18,E=-0.4827737606752861,dE=-2.1957576058884154e-05,err=0.00012276407309666816,gmax=0.11904953198585827
	collect g,Hv time= 0.060254812240600586
	solver time=1.4662022590637207,exit status=0
niter= 40
pure_newton= False
	solver time=8.068343877792358,exit status=0
niter= 114
hessian inversion error= 0.00026539580643633284
	log prob= -8.227272187239704
	burn in time= 19.019094705581665
	sample time= 57.20445919036865
	contraction err= 0.007427216247094084 0.24923670712172766
nsamples= 2638

Mean energy: -3.08922949e+01
Block size    # of blocks        Mean                Error
     1           2638       -3.08922949e+01       5.980266e-03
     2           1319       -3.08922949e+01       6.910041e-03
     5            527       -3.08923678e+01       7.878418e-03
    10            263       -3.08924408e+01       7.969612e-03
    20            131       -3.08923805e+01       7.587781e-03
    50             52       -3.08923204e+01       7.774394e-03
    70             37       -3.08927636e+01       7.555755e-03
   100             26       -3.08923204e+01       7.911467e-03
   200             13       -3.08923204e+01       8.392168e-03
   500              5       -3.08916436e+01       6.220970e-03
Stocahstic error estimate: 7.969612e-03

	predict=-0.010465926593272439,actual=(array([0.00522579]), array([0.00796961]))
	g=0.37442228222490026,del=1.483926748590593,dot=0.10072000883396115,x=22.257977948907257

nparam= 320000
	log prob= -8.090580108069693
	burn in time= 19.840978622436523
	sample time= 43.59248685836792
	contraction err= 0.006756639210155282 0.16096807787418072
nsamples= 2638

Mean energy: -3.08951033e+01
Block size    # of blocks        Mean                Error
     1           2638       -3.08951033e+01       5.310753e-03
     2           1319       -3.08951033e+01       5.731682e-03
     5            527       -3.08951420e+01       6.726630e-03
    10            263       -3.08950535e+01       6.944646e-03
    20            131       -3.08953756e+01       6.778257e-03
    50             52       -3.08951570e+01       6.675019e-03
    70             37       -3.08949378e+01       7.461376e-03
   100             26       -3.08951570e+01       6.626214e-03
   200             13       -3.08951570e+01       7.023091e-03
   500              5       -3.08961897e+01       6.131631e-03
Stocahstic error estimate: 6.944646e-03

step=19,E=-0.4827359885249377,dE=3.7772150348391875e-05,err=0.00010851008756111807,gmax=0.050752140807769686
	collect g,Hv time= 0.06154131889343262
	solver time=1.4181103706359863,exit status=0
niter= 39
pure_newton= False
	solver time=7.219754219055176,exit status=0
niter= 101
hessian inversion error= 0.00044349420196567086
	log prob= -8.247399333144685
	burn in time= 19.293877124786377
	sample time= 57.61666989326477
	contraction err= 0.00722644148113236 0.21826174695082343
nsamples= 2638

Mean energy: -3.08981788e+01
Block size    # of blocks        Mean                Error
     1           2638       -3.08981788e+01       5.904481e-03
     2           1319       -3.08981788e+01       6.655481e-03
     5            527       -3.08982920e+01       8.212645e-03
    10            263       -3.08980603e+01       8.026515e-03
    20            131       -3.08978100e+01       8.392483e-03
    50             52       -3.08977223e+01       8.682928e-03
    70             37       -3.08976443e+01       9.031642e-03
   100             26       -3.08977223e+01       8.377877e-03
   200             13       -3.08977223e+01       9.731340e-03
   500              5       -3.08992481e+01       6.145985e-03
Stocahstic error estimate: 8.212645e-03

	predict=-0.007751679206579151,actual=(array([-0.00307554]), array([0.00821265]))
	g=0.22238162385611066,del=0.4018783130172789,dot=0.015495631974859252,x=22.257977948907236

nparam= 320000
	log prob= -8.247399333144685
	burn in time= 23.30678939819336
	sample time= 43.649497509002686
	contraction err= 0.007056194681363498 0.2140178031085475
nsamples= 2638

Mean energy: -3.09018461e+01
Block size    # of blocks        Mean                Error
     1           2638       -3.09018461e+01       5.700957e-03
     2           1319       -3.09018461e+01       6.640009e-03
     5            527       -3.09014830e+01       6.812234e-03
    10            263       -3.09016634e+01       7.431170e-03
    20            131       -3.09020704e+01       7.262888e-03
    50             52       -3.09016570e+01       6.887454e-03
    70             37       -3.09016197e+01       7.030444e-03
   100             26       -3.09016570e+01       7.029328e-03
   200             13       -3.09016570e+01       6.256513e-03
   500              5       -3.09017168e+01       7.499198e-03
Stocahstic error estimate: 6.812234e-03

step=20,E=-0.48284134500973985,dE=-0.00010535648480214377,err=0.0001064411625221318,gmax=0.043579177171132744
	collect g,Hv time= 0.06090688705444336
	solver time=1.4900436401367188,exit status=0
niter= 41
pure_newton= False
	solver time=1102.3333520889282,exit status=500
niter= 15501
hessian inversion error= 0.003084223421678952
	log prob= -10.044886889656466
	burn in time= 19.924319744110107
	sample time= 57.55978846549988
	contraction err= 0.009131355998797205 0.360497719871447
nsamples= 2638

Mean energy: -2.87837088e+01
Block size    # of blocks        Mean                Error
     1           2638       -2.87837088e+01       3.219689e-02
     2           1319       -2.87837088e+01       3.861429e-02
     5            527       -2.87816243e+01       4.841437e-02
    10            263       -2.87820687e+01       5.602357e-02
    20            131       -2.87808232e+01       6.317799e-02
    50             52       -2.87826461e+01       6.427195e-02
    70             37       -2.87800128e+01       6.229627e-02
   100             26       -2.87826461e+01       7.056361e-02
   200             13       -2.87826461e+01       5.815195e-02
   500              5       -2.87791470e+01       8.238422e-02
Stocahstic error estimate: 6.427195e-02

	predict=0.004643754573793347,actual=(array([2.11813729]), array([0.06427195]))
	g=0.23342388672360265,del=1.4027359538089144,dot=0.08093619198347282,x=22.257977948907243

nparam= 320000
	log prob= -8.208907215871589
	burn in time= 20.202624320983887
	sample time= 44.03328251838684
	contraction err= 0.007107735735305934 0.09960933861690792
nsamples= 2638

Mean energy: -3.09006840e+01
Block size    # of blocks        Mean                Error
     1           2638       -3.09006840e+01       5.970266e-03
     2           1319       -3.09006840e+01       6.791332e-03
     5            527       -3.09006673e+01       7.134003e-03
    10            263       -3.08998897e+01       7.557872e-03
    20            131       -3.09000170e+01       8.031176e-03
    50             52       -3.08994794e+01       7.386544e-03
    70             37       -3.08995430e+01       8.379660e-03
   100             26       -3.08994794e+01       7.636730e-03
   200             13       -3.08994794e+01       6.688644e-03
   500              5       -3.09000455e+01       4.022821e-03
Stocahstic error estimate: 8.031176e-03

step=21,E=-0.48282318810641295,dE=1.8156903326904672e-05,err=0.00012548712231810635,gmax=0.05416410245454867
	collect g,Hv time= 0.058979034423828125
	solver time=1.4627878665924072,exit status=0
niter= 40
pure_newton= False
	solver time=8.105774641036987,exit status=0
niter= 117
hessian inversion error= 0.0002769890546096966
	log prob= -8.276129176564552
	burn in time= 20.378793239593506
	sample time= 57.37219548225403
	contraction err= 0.007881829098249613 0.1432865054532115
nsamples= 2638

Mean energy: -3.09125476e+01
Block size    # of blocks        Mean                Error
     1           2638       -3.09125476e+01       5.723483e-03
     2           1319       -3.09125476e+01       6.711949e-03
     5            527       -3.09124306e+01       7.599205e-03
    10            263       -3.09124989e+01       8.242688e-03
    20            131       -3.09135834e+01       7.693515e-03
    50             52       -3.09137192e+01       8.491398e-03
    70             37       -3.09139135e+01       9.883204e-03
   100             26       -3.09137192e+01       9.268903e-03
   200             13       -3.09137192e+01       8.597048e-03
   500              5       -3.09147856e+01       4.204953e-03
Stocahstic error estimate: 8.242688e-03

	predict=-0.009439826303364558,actual=(array([-0.01186356]), array([0.00824269]))
	g=0.35175575403399134,del=0.386114708978107,dot=0.018873794400565046,x=22.25797794890726

nparam= 320000
	log prob= -8.276129176564552
	burn in time= 17.607547998428345
	sample time= 43.7515754699707
	contraction err= 0.007667207377188124 0.4908162872300037
nsamples= 2638

Mean energy: -3.09211006e+01
Block size    # of blocks        Mean                Error
     1           2638       -3.09211006e+01       7.380268e-03
     2           1319       -3.09211006e+01       8.656710e-03
     5            527       -3.09212039e+01       9.074872e-03
    10            263       -3.09214816e+01       1.123048e-02
    20            131       -3.09211019e+01       1.114492e-02
    50             52       -3.09211260e+01       1.217727e-02
    70             37       -3.09208154e+01       1.209724e-02
   100             26       -3.09211260e+01       1.288628e-02
   200             13       -3.09211260e+01       1.332121e-02
   500              5       -3.09216399e+01       1.414368e-02
Stocahstic error estimate: 9.074872e-03

step=22,E=-0.48314219737146286,dE=-0.0003190092650499077,err=0.00014179486945354203,gmax=0.22995649630593662
	collect g,Hv time= 0.061489105224609375
	solver time=1.354095697402954,exit status=0
niter= 37
pure_newton= False
	solver time=7.986746072769165,exit status=0
niter= 114
hessian inversion error= 0.00015208483469177506
	log prob= -8.347517939754235
	burn in time= 19.72115159034729
	sample time= 57.921430349349976
	contraction err= 0.007296541480480781 0.3156191335536091
nsamples= 2638

Mean energy: -3.09154783e+01
Block size    # of blocks        Mean                Error
     1           2638       -3.09154783e+01       5.389190e-03
     2           1319       -3.09154783e+01       5.890864e-03
     5            527       -3.09153005e+01       6.627192e-03
    10            263       -3.09153787e+01       7.187237e-03
    20            131       -3.09153578e+01       7.424622e-03
    50             52       -3.09152782e+01       7.737605e-03
    70             37       -3.09154414e+01       7.380297e-03
   100             26       -3.09152782e+01       7.115923e-03
   200             13       -3.09152782e+01       6.942031e-03
   500              5       -3.09161553e+01       9.422876e-03
Stocahstic error estimate: 7.424622e-03

	predict=-0.013600104405897151,actual=(array([0.00562233]), array([0.00742462]))
	g=0.6413077296271911,del=1.3107925326823056,dot=0.1379951045937899,x=22.257977948907268

nparam= 320000
	log prob= -8.262303267267354
	burn in time= 18.481563329696655
	sample time= 43.1481990814209
	contraction err= 0.007704753616035173 0.1501325920612481
nsamples= 2638

Mean energy: -3.09229120e+01
Block size    # of blocks        Mean                Error
     1           2638       -3.09229120e+01       6.213184e-03
     2           1319       -3.09229120e+01       6.767493e-03
     5            527       -3.09228767e+01       7.252175e-03
    10            263       -3.09229777e+01       7.714887e-03
    20            131       -3.09235473e+01       8.006080e-03
    50             52       -3.09240814e+01       7.664896e-03
    70             37       -3.09242849e+01       6.978910e-03
   100             26       -3.09240814e+01       5.790354e-03
   200             13       -3.09240814e+01       5.496680e-03
   500              5       -3.09234901e+01       3.405998e-03
Stocahstic error estimate: 8.006080e-03

step=23,E=-0.4831704997217348,dE=-2.8302350271958154e-05,err=0.00012509500165960627,gmax=0.05815681653183924
	collect g,Hv time= 0.061243295669555664
	solver time=1.4181861877441406,exit status=0
niter= 39
pure_newton= False
	solver time=7.423243284225464,exit status=0
niter= 107
hessian inversion error= 0.0003585541670294282
	log prob= -8.294083785383764
	burn in time= 21.409077167510986
	sample time= 57.92678785324097
	contraction err= 0.008166403544533272 0.3678338218888623
nsamples= 2638

Mean energy: -3.09092245e+01
Block size    # of blocks        Mean                Error
     1           2638       -3.09092245e+01       5.236263e-03
     2           1319       -3.09092245e+01       5.719532e-03
     5            527       -3.09089848e+01       6.210664e-03
    10            263       -3.09088730e+01       6.281820e-03
    20            131       -3.09087202e+01       6.517760e-03
    50             52       -3.09079522e+01       6.875394e-03
    70             37       -3.09081508e+01       7.465569e-03
   100             26       -3.09079522e+01       8.008954e-03
   200             13       -3.09079522e+01       8.867201e-03
   500              5       -3.09058886e+01       6.936603e-03
Stocahstic error estimate: 6.281820e-03

	predict=-0.00973259773978549,actual=(array([0.01368743]), array([0.00628182]))
	g=0.27598846614926387,del=1.4276691874705811,dot=0.09664576132710019,x=22.257977948907257

nparam= 320000
	log prob= -8.238074835542237
	burn in time= 21.897616386413574
	sample time= 43.964876651763916
	contraction err= 0.007540090350774354 0.14999442949649397
nsamples= 2638

Mean energy: -3.09214357e+01
Block size    # of blocks        Mean                Error
     1           2638       -3.09214357e+01       6.033341e-03
     2           1319       -3.09214357e+01       6.665275e-03
     5            527       -3.09214998e+01       7.241028e-03
    10            263       -3.09214135e+01       7.343817e-03
    20            131       -3.09216557e+01       7.739394e-03
    50             52       -3.09212726e+01       8.137208e-03
    70             37       -3.09211229e+01       8.128890e-03
   100             26       -3.09212726e+01       8.011334e-03
   200             13       -3.09212726e+01       1.010941e-02
   500              5       -3.09199547e+01       1.424324e-02
Stocahstic error estimate: 7.343817e-03

step=24,E=-0.4831474333403887,dE=2.3066381346137366e-05,err=0.00011474714555149355,gmax=0.06154278622215467
	collect g,Hv time= 0.05935811996459961
	solver time=1.4859161376953125,exit status=0
niter= 41
pure_newton= False
	solver time=7.346781969070435,exit status=0
niter= 106
hessian inversion error= 0.0003671245659110049
	log prob= -8.48788345391772
	burn in time= 17.96803069114685
	sample time= 57.494767904281616
	contraction err= 0.008000726141752667 0.17545685159937768
nsamples= 2638

Mean energy: -3.09242980e+01
Block size    # of blocks        Mean                Error
     1           2638       -3.09242980e+01       5.163815e-03
     2           1319       -3.09242980e+01       5.750239e-03
     5            527       -3.09242544e+01       6.294249e-03
    10            263       -3.09242544e+01       6.705808e-03
    20            131       -3.09242855e+01       7.149464e-03
    50             52       -3.09242364e+01       7.558183e-03
    70             37       -3.09242523e+01       6.924029e-03
   100             26       -3.09242364e+01       6.590707e-03
   200             13       -3.09242364e+01       6.367086e-03
   500              5       -3.09233608e+01       7.898644e-03
Stocahstic error estimate: 7.558183e-03

	predict=-0.008234187046016868,actual=(array([-0.00286231]), array([0.00755818]))
	g=0.27120032108289494,del=0.4120618602528668,dot=0.016460410418471273,x=22.257977948907264

nparam= 320000
	log prob= -8.48788345391772
	burn in time= 19.78133463859558
	sample time= 43.53261995315552
	contraction err= 0.0077439659231769015 0.13429439712195115
nsamples= 2638

Mean energy: -3.09015425e+01
Block size    # of blocks        Mean                Error
     1           2638       -3.09015425e+01       5.606840e-03
     2           1319       -3.09015425e+01       6.329734e-03
     5            527       -3.09016660e+01       6.959234e-03
    10            263       -3.09018267e+01       7.142451e-03
    20            131       -3.09024671e+01       6.366732e-03
    50             52       -3.09024369e+01       6.353171e-03
    70             37       -3.09021834e+01       7.087053e-03
   100             26       -3.09024369e+01       7.021678e-03
   200             13       -3.09024369e+01       6.860795e-03
   500              5       -3.09038984e+01       8.969340e-03
Stocahstic error estimate: 7.142451e-03

step=25,E=-0.48283660123243444,dE=0.00031083210795423977,err=0.0001116007891745581,gmax=0.028085573098568184
	collect g,Hv time= 0.060372352600097656
	solver time=1.4613676071166992,exit status=0
niter= 40
pure_newton= False
	solver time=6.990246295928955,exit status=0
niter= 101
hessian inversion error= 0.0005180866417103449
	log prob= -8.62624050509823
	burn in time= 19.909213542938232
	sample time= 58.117714405059814
	contraction err= 0.008121520288162593 0.20356980097744337
nsamples= 2638

Mean energy: -3.09226620e+01
Block size    # of blocks        Mean                Error
     1           2638       -3.09226620e+01       4.939679e-03
     2           1319       -3.09226620e+01       5.417921e-03
     5            527       -3.09226377e+01       6.297055e-03
    10            263       -3.09228121e+01       6.536763e-03
    20            131       -3.09223056e+01       7.085478e-03
    50             52       -3.09223813e+01       7.583807e-03
    70             37       -3.09220544e+01       7.648084e-03
   100             26       -3.09223813e+01       7.691491e-03
   200             13       -3.09223813e+01       9.461857e-03
   500              5       -3.09197233e+01       8.187594e-03
Stocahstic error estimate: 6.536763e-03

	predict=-0.00789992689914596,actual=(array([-0.02111954]), array([0.00653676]))
	g=0.19171145975723228,del=0.39939329223294634,dot=0.01579241346444181,x=22.257977948907264

nparam= 320000
	log prob= -8.62624050509823
	burn in time= 18.48817801475525
	sample time= 43.86896061897278
	contraction err= 0.008044289510795471 0.17392993456304456
nsamples= 2638

Mean energy: -3.09214807e+01
Block size    # of blocks        Mean                Error
     1           2638       -3.09214807e+01       5.087338e-03
     2           1319       -3.09214807e+01       5.642592e-03
     5            527       -3.09215279e+01       6.079232e-03
    10            263       -3.09218098e+01       6.275389e-03
    20            131       -3.09217534e+01       6.489212e-03
    50             52       -3.09225156e+01       6.916435e-03
    70             37       -3.09224468e+01       7.138078e-03
   100             26       -3.09225156e+01       6.556512e-03
   200             13       -3.09225156e+01       7.647900e-03
   500              5       -3.09227251e+01       7.750585e-03
Stocahstic error estimate: 6.275389e-03

step=26,E=-0.48314813533272427,dE=-0.0003115341002898342,err=9.805294535588349e-05,gmax=0.01875063222209683
	collect g,Hv time= 0.06074094772338867
	solver time=1.4247076511383057,exit status=0
niter= 39
pure_newton= False
	solver time=11.341177225112915,exit status=0
niter= 163
hessian inversion error= 0.0006804879339336303
	log prob= -8.630588281733987
	burn in time= 18.36080551147461
	sample time= 58.13155555725098
	contraction err= 0.007853870280260496 0.2866547105112005
nsamples= 2638

Mean energy: -3.09312349e+01
Block size    # of blocks        Mean                Error
     1           2638       -3.09312349e+01       5.728481e-03
     2           1319       -3.09312349e+01       6.141683e-03
     5            527       -3.09309714e+01       6.179070e-03
    10            263       -3.09311299e+01       6.529818e-03
    20            131       -3.09306302e+01       6.839138e-03
    50             52       -3.09305049e+01       6.517704e-03
    70             37       -3.09306341e+01       6.915142e-03
   100             26       -3.09305049e+01       6.776911e-03
   200             13       -3.09305049e+01       6.232707e-03
   500              5       -3.09320230e+01       5.827393e-03
Stocahstic error estimate: 6.179070e-03

	predict=-0.0065735454430290875,actual=(array([-0.00975423]), array([0.00617907]))
	g=0.14570226238326162,del=0.3927397804025891,dot=0.013147920018377005,x=22.257977948907243

nparam= 320000
	log prob= -8.630588281733987
	burn in time= 16.364885568618774
	sample time= 44.00622224807739
	contraction err= 0.007813711970412179 0.2519337555863386
nsamples= 2638

Mean energy: -3.09276183e+01
Block size    # of blocks        Mean                Error
     1           2638       -3.09276183e+01       5.038757e-03
     2           1319       -3.09276183e+01       5.381248e-03
     5            527       -3.09274989e+01       6.012266e-03
    10            263       -3.09272666e+01       5.950982e-03
    20            131       -3.09273968e+01       6.115629e-03
    50             52       -3.09279311e+01       6.111237e-03
    70             37       -3.09282260e+01       6.840084e-03
   100             26       -3.09279311e+01       5.964402e-03
   200             13       -3.09279311e+01       6.337135e-03
   500              5       -3.09311422e+01       8.311054e-03
Stocahstic error estimate: 6.012266e-03

step=27,E=-0.48324403549394684,dE=-9.590016122257294e-05,err=9.394165322813603e-05,gmax=0.014853774839556522
	collect g,Hv time= 0.07134222984313965
	solver time=1.4282212257385254,exit status=0
niter= 39
pure_newton= False
	solver time=6.612163543701172,exit status=0
niter= 95
hessian inversion error= 0.0006593018658700372
	log prob= -8.756862374898825
	burn in time= 20.692686557769775
	sample time= 57.246395111083984
	contraction err= 0.00858831626455144 0.22116209592457736
nsamples= 2638

Mean energy: -3.09284482e+01
Block size    # of blocks        Mean                Error
     1           2638       -3.09284482e+01       5.369961e-03
     2           1319       -3.09284482e+01       5.937078e-03
     5            527       -3.09285580e+01       7.101803e-03
    10            263       -3.09279622e+01       6.775234e-03
    20            131       -3.09282079e+01       6.764386e-03
    50             52       -3.09275425e+01       7.163095e-03
    70             37       -3.09278510e+01       6.244249e-03
   100             26       -3.09275425e+01       7.564317e-03
   200             13       -3.09275425e+01       7.115202e-03
   500              5       -3.09292018e+01       1.057476e-02
Stocahstic error estimate: 7.101803e-03

	predict=-0.006296075467191238,actual=(array([-0.00082989]), array([0.0071018]))
	g=0.14249536632094692,del=0.38457979211325555,dot=0.012585412848573809,x=22.25797794890724

nparam= 320000
	log prob= -8.756862374898825
	burn in time= 24.72829294204712
	sample time= 43.588470458984375
	contraction err= 0.008077980578701682 0.17870350192183102
nsamples= 2638

Mean energy: -3.09342819e+01
Block size    # of blocks        Mean                Error
     1           2638       -3.09342819e+01       5.040248e-03
     2           1319       -3.09342819e+01       5.570835e-03
     5            527       -3.09342927e+01       6.048664e-03
    10            263       -3.09337588e+01       6.240881e-03
    20            131       -3.09325383e+01       6.166040e-03
    50             52       -3.09317519e+01       5.676595e-03
    70             37       -3.09317693e+01       6.005964e-03
   100             26       -3.09317519e+01       5.850918e-03
   200             13       -3.09317519e+01       6.777069e-03
   500              5       -3.09299653e+01       8.748749e-03
Stocahstic error estimate: 6.240881e-03

step=28,E=-0.48334815545844845,dE=-0.00010411996450160332,err=9.751376902250511e-05,gmax=0.022372761321943102
	collect g,Hv time= 0.05857706069946289
	solver time=1.428283452987671,exit status=0
niter= 39
pure_newton= False
	solver time=6.663961410522461,exit status=0
niter= 95
hessian inversion error= 0.0007381551606577494
	log prob= -8.891133628141752
	burn in time= 17.75421690940857
	sample time= 57.8414671421051
	contraction err= 0.008800654401957759 0.25841512564101243
nsamples= 2638

Mean energy: -3.09253073e+01
Block size    # of blocks        Mean                Error
     1           2638       -3.09253073e+01       5.287887e-03
     2           1319       -3.09253073e+01       5.847448e-03
     5            527       -3.09254972e+01       6.237302e-03
    10            263       -3.09251688e+01       6.119206e-03
    20            131       -3.09250799e+01       6.690609e-03
    50             52       -3.09235094e+01       6.656028e-03
    70             37       -3.09231504e+01       6.995251e-03
   100             26       -3.09235094e+01       6.985121e-03
   200             13       -3.09235094e+01       6.301190e-03
   500              5       -3.09219071e+01       6.057331e-03
Stocahstic error estimate: 6.237302e-03

	predict=-0.006176547648910838,actual=(array([0.00897468]), array([0.0062373]))
	g=0.1273437967753139,del=1.4246107425429972,dot=0.062320248976521116,x=22.25797794890725

nparam= 320000
	log prob= -8.77229441690249
	burn in time= 22.67156481742859
	sample time= 43.692481994628906
	contraction err= 0.008087639538159658 0.15828310985228408
nsamples= 2638

Mean energy: -3.09187320e+01
Block size    # of blocks        Mean                Error
     1           2638       -3.09187320e+01       5.587543e-03
     2           1319       -3.09187320e+01       5.811868e-03
     5            527       -3.09185929e+01       5.870542e-03
    10            263       -3.09186811e+01       6.038571e-03
    20            131       -3.09190355e+01       6.043422e-03
    50             52       -3.09190128e+01       5.677082e-03
    70             37       -3.09189065e+01       5.568003e-03
   100             26       -3.09190128e+01       5.325984e-03
   200             13       -3.09190128e+01       5.992465e-03
   500              5       -3.09186264e+01       7.585453e-03
Stocahstic error estimate: 5.811868e-03

step=29,E=-0.4831051869563068,dE=0.00024296850214167165,err=9.081043929568492e-05,gmax=0.10147478701490042
	collect g,Hv time= 0.07101559638977051
	solver time=1.4155280590057373,exit status=0
niter= 39
pure_newton= False
	solver time=7.710490465164185,exit status=0
niter= 111
hessian inversion error= 0.00027791766983184605
	log prob= -8.8163504281229
	burn in time= 17.981207370758057
	sample time= 57.37738490104675
	contraction err= 0.008189338259259207 0.12422107542971601
nsamples= 2638

Mean energy: -3.09241603e+01
Block size    # of blocks        Mean                Error
     1           2638       -3.09241603e+01       4.912177e-03
     2           1319       -3.09241603e+01       5.440358e-03
     5            527       -3.09242089e+01       5.948988e-03
    10            263       -3.09245652e+01       6.074863e-03
    20            131       -3.09244242e+01       5.919102e-03
    50             52       -3.09247985e+01       5.856570e-03
    70             37       -3.09249330e+01       7.004265e-03
   100             26       -3.09247985e+01       6.458700e-03
   200             13       -3.09247985e+01       5.692351e-03
   500              5       -3.09263403e+01       5.707943e-03
Stocahstic error estimate: 6.074863e-03

	predict=-0.006600794603449258,actual=(array([-0.00542837]), array([0.00607486]))
	g=0.35133114566228674,del=0.35308705513366534,dot=0.013195480449978196,x=22.257977948907254

nparam= 320000
	log prob= -8.8163504281229
	burn in time= 18.803147315979004
	sample time= 43.6019983291626
	contraction err= 0.008094909862952783 0.1621081074695333
nsamples= 2638

Mean energy: -3.09209235e+01
Block size    # of blocks        Mean                Error
     1           2638       -3.09209235e+01       4.727196e-03
     2           1319       -3.09209235e+01       5.079272e-03
     5            527       -3.09209004e+01       5.516754e-03
    10            263       -3.09210545e+01       5.581967e-03
    20            131       -3.09208199e+01       6.026300e-03
    50             52       -3.09204825e+01       5.573153e-03
    70             37       -3.09203299e+01       6.674879e-03
   100             26       -3.09204825e+01       5.698363e-03
   200             13       -3.09204825e+01       7.307866e-03
   500              5       -3.09189826e+01       2.514532e-03
Stocahstic error estimate: 5.581967e-03

step=30,E=-0.48313942948046,dE=-3.4242524153238474e-05,err=8.721822773079763e-05,gmax=0.038445138293353553
	collect g,Hv time= 0.05816984176635742
	solver time=1.4648339748382568,exit status=0
niter= 40
pure_newton= False
	solver time=7.020925760269165,exit status=0
niter= 101
hessian inversion error= 0.0006840870252378772
	log prob= -8.883652896338727
	burn in time= 17.85713505744934
	sample time= 58.10167932510376
	contraction err= 0.008203392534553614 0.1955895443916254
nsamples= 2638

Mean energy: -3.09343958e+01
Block size    # of blocks        Mean                Error
     1           2638       -3.09343958e+01       5.024317e-03
     2           1319       -3.09343958e+01       5.815836e-03
     5            527       -3.09342025e+01       6.879384e-03
    10            263       -3.09344162e+01       7.111377e-03
    20            131       -3.09346115e+01       7.024399e-03
    50             52       -3.09339434e+01       6.584759e-03
    70             37       -3.09338400e+01       6.728426e-03
   100             26       -3.09339434e+01       6.387586e-03
   200             13       -3.09339434e+01       7.277367e-03
   500              5       -3.09334315e+01       9.331219e-03
Stocahstic error estimate: 7.111377e-03

	predict=-0.0053577243372483745,actual=(array([-0.01347235]), array([0.00711138]))
	g=0.14542114261274294,del=0.3502884837467792,dot=0.010707921160818236,x=22.257977948907286

nparam= 320000
	log prob= -8.883652896338727
	burn in time= 19.139259815216064
	sample time= 43.65830326080322
	contraction err= 0.008434697205927036 0.2626880419806415
nsamples= 2638

Mean energy: -3.09281073e+01
Block size    # of blocks        Mean                Error
     1           2638       -3.09281073e+01       5.744721e-03
     2           1319       -3.09281073e+01       6.019878e-03
     5            527       -3.09279287e+01       7.096196e-03
    10            263       -3.09279781e+01       6.920247e-03
    20            131       -3.09280322e+01       6.910809e-03
    50             52       -3.09282573e+01       7.408992e-03
    70             37       -3.09283515e+01       7.441442e-03
   100             26       -3.09282573e+01       7.719681e-03
   200             13       -3.09282573e+01       9.579740e-03
   500              5       -3.09269256e+01       4.278453e-03
Stocahstic error estimate: 6.019878e-03

step=31,E=-0.4832516758972111,dE=-0.00011224641675106062,err=9.406059890273053e-05,gmax=0.12933733648216617
	collect g,Hv time= 0.06015443801879883
	solver time=1.1472289562225342,exit status=0
niter= 32
pure_newton= False
	solver time=7.713302373886108,exit status=0
niter= 112
hessian inversion error= 0.00018118091362505123
	log prob= -9.004803397068597
	burn in time= 15.710219383239746
	sample time= 57.15324258804321
	contraction err= 0.009059651821433898 0.1697301237561987
nsamples= 2638

Mean energy: -3.09208563e+01
Block size    # of blocks        Mean                Error
     1           2638       -3.09208563e+01       6.315007e-03
     2           1319       -3.09208563e+01       6.991303e-03
     5            527       -3.09206289e+01       7.370206e-03
    10            263       -3.09207936e+01       7.633598e-03
    20            131       -3.09209128e+01       7.414366e-03
    50             52       -3.09209696e+01       7.872383e-03
    70             37       -3.09207778e+01       8.428083e-03
   100             26       -3.09209696e+01       9.027917e-03
   200             13       -3.09209696e+01       8.149354e-03
   500              5       -3.09213201e+01       9.049561e-03
Stocahstic error estimate: 7.633598e-03

	predict=-0.006807751345204405,actual=(array([0.00725099]), array([0.0076336]))
	g=0.5370295992067419,del=1.1573328450011768,dot=0.08146766036167724,x=22.257977948907236

nparam= 320000
	log prob= -8.895659629617022
	burn in time= 22.880391836166382
	sample time= 43.99592328071594
	contraction err= 0.008191326490662199 0.09347367508179491
nsamples= 2638

Mean energy: -3.09396958e+01
Block size    # of blocks        Mean                Error
     1           2638       -3.09396958e+01       4.758992e-03
     2           1319       -3.09396958e+01       5.065853e-03
     5            527       -3.09395547e+01       5.723318e-03
    10            263       -3.09395601e+01       5.885990e-03
    20            131       -3.09389298e+01       5.557642e-03
    50             52       -3.09392808e+01       6.095269e-03
    70             37       -3.09391339e+01       5.961978e-03
   100             26       -3.09392808e+01       7.167707e-03
   200             13       -3.09392808e+01       8.514932e-03
   500              5       -3.09403995e+01       1.051954e-02
Stocahstic error estimate: 5.885990e-03

step=32,E=-0.48343274743812886,dE=-0.00018107154091778765,err=9.19685984833605e-05,gmax=0.012532371114034824
	collect g,Hv time= 0.06045055389404297
	solver time=1.427860975265503,exit status=0
niter= 39
pure_newton= False
	solver time=6.626393556594849,exit status=0
niter= 95
hessian inversion error= 0.0008126153989435723
	log prob= -9.14504333219711
	burn in time= 18.962796211242676
	sample time= 57.54841923713684
	contraction err= 0.00841631065824866 0.16187499452651155
nsamples= 2638

Mean energy: -3.09295427e+01
Block size    # of blocks        Mean                Error
     1           2638       -3.09295427e+01       5.095574e-03
     2           1319       -3.09295427e+01       5.604167e-03
     5            527       -3.09295756e+01       6.238325e-03
    10            263       -3.09295310e+01       6.790861e-03
    20            131       -3.09293085e+01       7.233574e-03
    50             52       -3.09293817e+01       6.996707e-03
    70             37       -3.09293026e+01       6.725643e-03
   100             26       -3.09293817e+01       6.414148e-03
   200             13       -3.09293817e+01       7.270494e-03
   500              5       -3.09293769e+01       1.196219e-02
Stocahstic error estimate: 7.233574e-03

	predict=-0.00534875287469594,actual=(array([0.01015317]), array([0.00723357]))
	g=0.11007655471967788,del=1.3521034524176676,dot=0.055352345566654915,x=22.257977948907257

nparam= 320000
	log prob= -8.961618843684096
	burn in time= 20.908133506774902
	sample time= 43.731855630874634
	contraction err= 0.008192902884717917 0.10872613568959641
nsamples= 2638

Mean energy: -3.09331809e+01
Block size    # of blocks        Mean                Error
     1           2638       -3.09331809e+01       5.042930e-03
     2           1319       -3.09331809e+01       5.461405e-03
     5            527       -3.09330945e+01       6.158987e-03
    10            263       -3.09329064e+01       6.459975e-03
    20            131       -3.09338196e+01       6.352719e-03
    50             52       -3.09346713e+01       6.055138e-03
    70             37       -3.09345969e+01       6.098412e-03
   100             26       -3.09346713e+01       6.060125e-03
   200             13       -3.09346713e+01       5.819523e-03
   500              5       -3.09345746e+01       7.341985e-03
Stocahstic error estimate: 6.459975e-03

step=33,E=-0.4833309521978881,dE=0.00010179524024078734,err=0.00010093710743568737,gmax=0.023352857613710643
	collect g,Hv time= 0.06018209457397461
	solver time=1.3856980800628662,exit status=0
niter= 38
pure_newton= False
	solver time=13.322778224945068,exit status=0
niter= 190
hessian inversion error= 0.0005390301428813812
	log prob= -9.117506683403537
	burn in time= 25.194424867630005
	sample time= 58.040807485580444
	contraction err= 0.00871435587096602 0.19318113678146018
nsamples= 2638

Mean energy: -3.09393755e+01
Block size    # of blocks        Mean                Error
     1           2638       -3.09393755e+01       5.197903e-03
     2           1319       -3.09393755e+01       5.473351e-03
     5            527       -3.09394821e+01       6.179004e-03
    10            263       -3.09398027e+01       6.245774e-03
    20            131       -3.09397037e+01       6.532598e-03
    50             52       -3.09389991e+01       6.366913e-03
    70             37       -3.09388134e+01       5.944413e-03
   100             26       -3.09389991e+01       6.622779e-03
   200             13       -3.09389991e+01       7.371495e-03
   500              5       -3.09392370e+01       3.306829e-03
Stocahstic error estimate: 6.245774e-03

	predict=-0.006278886426264583,actual=(array([-0.0061946]), array([0.00624577]))
	g=0.18289261489007644,del=0.3975281215429538,dot=0.01256260051838895,x=22.257977948907268

nparam= 320000
	log prob= -9.117506683403537
	burn in time= 23.30218529701233
	sample time= 43.59451651573181
	contraction err= 0.00868066650922133 0.2810056209409134
nsamples= 2638

Mean energy: -3.09373680e+01
Block size    # of blocks        Mean                Error
     1           2638       -3.09373680e+01       5.601362e-03
     2           1319       -3.09373680e+01       6.093633e-03
     5            527       -3.09373372e+01       5.889291e-03
    10            263       -3.09373080e+01       5.914940e-03
    20            131       -3.09371344e+01       6.170944e-03
    50             52       -3.09367957e+01       6.559343e-03
    70             37       -3.09375606e+01       6.808950e-03
   100             26       -3.09367957e+01       7.285736e-03
   200             13       -3.09367957e+01       8.312840e-03
   500              5       -3.09353726e+01       8.073218e-03
Stocahstic error estimate: 6.093633e-03

step=34,E=-0.4833963750091214,dE=-6.542281123333993e-05,err=9.521300942496481e-05,gmax=0.09852819705208521
	collect g,Hv time= 0.06271815299987793
	solver time=1.1025657653808594,exit status=0
niter= 30
pure_newton= False
	solver time=7.608604431152344,exit status=0
niter= 108
hessian inversion error= 0.0003110721303193574
	log prob= -9.251020341557323
	burn in time= 20.30149555206299
	sample time= 57.49385666847229
	contraction err= 0.008646571840809929 0.2007663193752825
nsamples= 2638

Mean energy: -3.09178869e+01
Block size    # of blocks        Mean                Error
     1           2638       -3.09178869e+01       4.835324e-03
     2           1319       -3.09178869e+01       5.577962e-03
     5            527       -3.09179155e+01       6.018953e-03
    10            263       -3.09175997e+01       6.639303e-03
    20            131       -3.09169674e+01       6.740866e-03
    50             52       -3.09168856e+01       6.752820e-03
    70             37       -3.09168885e+01       6.701808e-03
   100             26       -3.09168856e+01       6.124748e-03
   200             13       -3.09168856e+01       6.332361e-03
   500              5       -3.09159873e+01       4.657062e-03
Stocahstic error estimate: 6.740866e-03

	predict=-0.006990620625720135,actual=(array([0.0194811]), array([0.00674087]))
	g=0.3176216782509141,del=1.1221517376602086,dot=0.07627150470905472,x=22.25797794890725

nparam= 320000
	log prob= -9.121892557203362
	burn in time= 17.325414657592773
	sample time= 43.84399223327637
	contraction err= 0.009062363165549906 0.1965906656701642
nsamples= 2638

Mean energy: -3.09372467e+01
Block size    # of blocks        Mean                Error
     1           2638       -3.09372467e+01       5.383222e-03
     2           1319       -3.09372467e+01       5.906916e-03
     5            527       -3.09372572e+01       6.359992e-03
    10            263       -3.09375661e+01       6.291137e-03
    20            131       -3.09372570e+01       6.506141e-03
    50             52       -3.09370184e+01       7.105189e-03
    70             37       -3.09385115e+01       7.401238e-03
   100             26       -3.09370184e+01       8.615568e-03
   200             13       -3.09370184e+01       7.743428e-03
   500              5       -3.09388091e+01       1.061104e-02
Stocahstic error estimate: 6.359992e-03

step=35,E=-0.4833944798335821,dE=1.8951755393348257e-06,err=9.93748740517802e-05,gmax=0.02565636513483227
	collect g,Hv time= 0.0584108829498291
	solver time=1.4574291706085205,exit status=0
niter= 40
pure_newton= False
	solver time=6.76819920539856,exit status=0
niter= 97
hessian inversion error= 0.0005366741919637983
	log prob= -9.304413523758727
	burn in time= 18.770463943481445
	sample time= 57.78756093978882
	contraction err= 0.00911777884749478 0.6033160851869834
nsamples= 2638

Mean energy: -3.09345591e+01
Block size    # of blocks        Mean                Error
     1           2638       -3.09345591e+01       6.552586e-03
     2           1319       -3.09345591e+01       7.379074e-03
     5            527       -3.09345483e+01       8.304426e-03
    10            263       -3.09344280e+01       8.283408e-03
    20            131       -3.09344103e+01       8.019653e-03
    50             52       -3.09345255e+01       7.928003e-03
    70             37       -3.09350151e+01       8.191274e-03
   100             26       -3.09345255e+01       8.213843e-03
   200             13       -3.09345255e+01       7.289771e-03
   500              5       -3.09346242e+01       7.953541e-03
Stocahstic error estimate: 8.304426e-03

	predict=-0.006731462265120307,actual=(array([0.00268758]), array([0.00830443]))
	g=0.18415945821676877,del=1.3362793404135875,dot=0.07222361161253243,x=22.257977948907257

nparam= 320000
	log prob= -9.174701008753841
	burn in time= 18.186800718307495
	sample time= 43.65976595878601
	contraction err= 0.008252342211620573 0.14170638920471668
nsamples= 2638

Mean energy: -3.09379671e+01
Block size    # of blocks        Mean                Error
     1           2638       -3.09379671e+01       4.552289e-03
     2           1319       -3.09379671e+01       4.858727e-03
     5            527       -3.09379146e+01       5.089477e-03
    10            263       -3.09378471e+01       5.303056e-03
    20            131       -3.09382608e+01       5.606398e-03
    50             52       -3.09385442e+01       5.047739e-03
    70             37       -3.09383702e+01       5.401514e-03
   100             26       -3.09385442e+01       5.078005e-03
   200             13       -3.09385442e+01       4.767703e-03
   500              5       -3.09377801e+01       6.139387e-03
Stocahstic error estimate: 5.089477e-03

step=36,E=-0.48340573610703036,dE=-1.1256273448279064e-05,err=7.952308409747653e-05,gmax=0.017526758120733184
	collect g,Hv time= 0.05868649482727051
	solver time=1.4493746757507324,exit status=0
niter= 40
pure_newton= False
	solver time=6.571638345718384,exit status=0
niter= 95
hessian inversion error= 0.0006788326730217903
	log prob= -9.352899418330304
	burn in time= 21.667950868606567
	sample time= 57.666443824768066
	contraction err= 0.008621165809452911 0.22156766571987077
nsamples= 2638

Mean energy: -3.09397481e+01
Block size    # of blocks        Mean                Error
     1           2638       -3.09397481e+01       5.112693e-03
     2           1319       -3.09397481e+01       5.625242e-03
     5            527       -3.09397348e+01       5.845559e-03
    10            263       -3.09398876e+01       6.050243e-03
    20            131       -3.09397412e+01       6.506497e-03
    50             52       -3.09398462e+01       6.435160e-03
    70             37       -3.09395731e+01       6.709721e-03
   100             26       -3.09398462e+01       5.999578e-03
   200             13       -3.09398462e+01       5.757715e-03
   500              5       -3.09394235e+01       4.553560e-03
Stocahstic error estimate: 5.845559e-03

	predict=-0.004872183547364439,actual=(array([-0.00178098]), array([0.00584556]))
	g=0.131155739853803,del=0.3304768161544808,dot=0.00973838188783142,x=22.257977948907236

nparam= 320000
	log prob= -9.352899418330304
	burn in time= 20.380958318710327
	sample time= 43.60968589782715
	contraction err= 0.00863861556383827 0.793310872481282
nsamples= 2638

Mean energy: -3.09345788e+01
Block size    # of blocks        Mean                Error
     1           2638       -3.09345788e+01       4.147097e-03
     2           1319       -3.09345788e+01       4.481513e-03
     5            527       -3.09345620e+01       4.691034e-03
    10            263       -3.09345493e+01       4.772009e-03
    20            131       -3.09344434e+01       5.040201e-03
    50             52       -3.09349832e+01       4.714304e-03
    70             37       -3.09351442e+01       5.066057e-03
   100             26       -3.09349832e+01       4.450637e-03
   200             13       -3.09349832e+01       4.704561e-03
   500              5       -3.09350622e+01       6.498577e-03
Stocahstic error estimate: 4.691034e-03

step=37,E=-0.48335279344566595,dE=5.294266136440795e-05,err=7.329740618587117e-05,gmax=0.022143864061393237
	collect g,Hv time= 0.05979776382446289
	solver time=1.4201743602752686,exit status=0
niter= 39
pure_newton= False
	solver time=7.052258729934692,exit status=0
niter= 102
hessian inversion error= 0.0008218826150690156
	log prob= -9.379267532345942
	burn in time= 20.221105098724365
	sample time= 57.644797563552856
	contraction err= 0.008995155459301364 0.22261384191850903
nsamples= 2638

Mean energy: -3.09390107e+01
Block size    # of blocks        Mean                Error
     1           2638       -3.09390107e+01       4.724636e-03
     2           1319       -3.09390107e+01       5.387998e-03
     5            527       -3.09388252e+01       5.823102e-03
    10            263       -3.09386493e+01       6.130409e-03
    20            131       -3.09387215e+01       6.434528e-03
    50             52       -3.09388664e+01       6.011390e-03
    70             37       -3.09389980e+01       6.522649e-03
   100             26       -3.09388664e+01       6.504934e-03
   200             13       -3.09388664e+01       6.125208e-03
   500              5       -3.09387177e+01       6.170871e-03
Stocahstic error estimate: 6.434528e-03

	predict=-0.003980456570508561,actual=(array([-0.00443191]), array([0.00643453]))
	g=0.11945954677562096,del=0.32199523740377084,dot=0.007954069411488244,x=22.257977948907254

nparam= 320000
	log prob= -9.379267532345942
	burn in time= 18.58418369293213
	sample time= 43.788007974624634
	contraction err= 0.009109726872335657 0.14078314567837721
nsamples= 2638

Mean energy: -3.09304498e+01
Block size    # of blocks        Mean                Error
     1           2638       -3.09304498e+01       5.291842e-03
     2           1319       -3.09304498e+01       5.894197e-03
     5            527       -3.09305450e+01       6.194247e-03
    10            263       -3.09306615e+01       6.430923e-03
    20            131       -3.09296111e+01       6.630938e-03
    50             52       -3.09305960e+01       6.998462e-03
    70             37       -3.09307737e+01       6.606038e-03
   100             26       -3.09305960e+01       5.665761e-03
   200             13       -3.09305960e+01       7.000165e-03
   500              5       -3.09307978e+01       9.376735e-03
Stocahstic error estimate: 6.430923e-03

step=38,E=-0.48328827823041404,dE=6.451521525191461e-05,err=0.00010048317206740247,gmax=0.03903585562318179
	collect g,Hv time= 0.058879852294921875
	solver time=1.4526312351226807,exit status=0
niter= 40
pure_newton= False
	solver time=7.508429050445557,exit status=0
niter= 109
hessian inversion error= 0.000513830190717329
	log prob= -9.403649856148169
	burn in time= 19.28699779510498
	sample time= 57.64504265785217
	contraction err= 0.009504171332108404 0.2323865218141882
nsamples= 2638

Mean energy: -3.09304068e+01
Block size    # of blocks        Mean                Error
     1           2638       -3.09304068e+01       5.512859e-03
     2           1319       -3.09304068e+01       6.203948e-03
     5            527       -3.09304187e+01       7.421730e-03
    10            263       -3.09303916e+01       6.765680e-03
    20            131       -3.09303653e+01       6.365972e-03
    50             52       -3.09306087e+01       6.988659e-03
    70             37       -3.09301363e+01       8.150658e-03
   100             26       -3.09306087e+01       6.902429e-03
   200             13       -3.09306087e+01       7.256362e-03
   500              5       -3.09295794e+01       8.508202e-03
Stocahstic error estimate: 7.421730e-03

	predict=-0.006791501135225248,actual=(array([4.30305064e-05]), array([0.00742173]))
	g=0.18996574543304184,del=1.2891240525029763,dot=0.06985598559107567,x=22.25797794890727

nparam= 320000
	log prob= -9.384496837163198
	burn in time= 18.22647738456726
	sample time= 43.26359224319458
	contraction err= 0.008486570383624362 0.14231480317643888
nsamples= 2638

Mean energy: -3.09421139e+01
Block size    # of blocks        Mean                Error
     1           2638       -3.09421139e+01       4.708349e-03
     2           1319       -3.09421139e+01       5.177980e-03
     5            527       -3.09421503e+01       5.583759e-03
    10            263       -3.09421875e+01       5.636572e-03
    20            131       -3.09421246e+01       5.896731e-03
    50             52       -3.09423906e+01       5.888500e-03
    70             37       -3.09422886e+01       6.542009e-03
   100             26       -3.09423906e+01       5.564839e-03
   200             13       -3.09423906e+01       4.967433e-03
   500              5       -3.09423781e+01       1.497177e-03
Stocahstic error estimate: 5.636572e-03

step=39,E=-0.4834705297776909,dE=-0.0001822515472768571,err=8.807144219546371e-05,gmax=0.01389017700649886
	collect g,Hv time= 0.05926179885864258
	solver time=1.4422645568847656,exit status=0
niter= 39
pure_newton= False
	solver time=7.270758867263794,exit status=0
niter= 104
hessian inversion error= 0.0007195458853894141
	log prob= -9.447506717337225
	burn in time= 21.896302461624146
	sample time= 57.305744886398315
	contraction err= 0.010219996788700756 0.38290674080507237
nsamples= 2638

Mean energy: -3.09349661e+01
Block size    # of blocks        Mean                Error
     1           2638       -3.09349661e+01       6.696073e-03
     2           1319       -3.09349661e+01       7.286246e-03
     5            527       -3.09350933e+01       8.070726e-03
    10            263       -3.09352181e+01       8.472460e-03
    20            131       -3.09353436e+01       8.310662e-03
    50             52       -3.09366673e+01       8.399969e-03
    70             37       -3.09372026e+01       9.167213e-03
   100             26       -3.09366673e+01       7.976438e-03
   200             13       -3.09366673e+01       5.731327e-03
   500              5       -3.09353372e+01       8.637029e-03
Stocahstic error estimate: 8.472460e-03

	predict=-0.004899009961443674,actual=(array([0.00714782]), array([0.00847246]))
	g=0.135688555111369,del=1.228222451772927,dot=0.05478503551960476,x=22.25797794890725

nparam= 320000
	log prob= -9.37500623225262
	burn in time= 18.89803719520569
	sample time= 44.313417196273804
	contraction err= 0.00881803290189204 0.12828619227266416
nsamples= 2638

Mean energy: -3.09459804e+01
Block size    # of blocks        Mean                Error
     1           2638       -3.09459804e+01       4.798582e-03
     2           1319       -3.09459804e+01       4.920593e-03
     5            527       -3.09459515e+01       5.563651e-03
    10            263       -3.09461052e+01       5.604749e-03
    20            131       -3.09459016e+01       5.350691e-03
    50             52       -3.09459301e+01       6.187532e-03
    70             37       -3.09458803e+01       5.255987e-03
   100             26       -3.09459301e+01       4.901794e-03
   200             13       -3.09459301e+01       4.691935e-03
   500              5       -3.09449658e+01       6.043929e-03
Stocahstic error estimate: 4.920593e-03

step=40,E=-0.48353094363784244,dE=-6.041386015154249e-05,err=7.688426400094509e-05,gmax=0.029962846495968004
	collect g,Hv time= 0.059061527252197266
	solver time=1.41947340965271,exit status=0
niter= 39
pure_newton= False
	solver time=7.083747386932373,exit status=0
niter= 103
hessian inversion error= 0.0006040915004571809
	log prob= -9.510069124839436
	burn in time= 19.76269817352295
	sample time= 57.878026247024536
	contraction err= 0.009890834918627476 0.2275850664760791
nsamples= 2638

Mean energy: -3.09310740e+01
Block size    # of blocks        Mean                Error
     1           2638       -3.09310740e+01       5.826544e-03
     2           1319       -3.09310740e+01       6.288663e-03
     5            527       -3.09311922e+01       6.760346e-03
    10            263       -3.09312379e+01       6.541178e-03
    20            131       -3.09314835e+01       6.729927e-03
    50             52       -3.09315960e+01       7.421827e-03
    70             37       -3.09322550e+01       7.412163e-03
   100             26       -3.09315960e+01       8.794609e-03
   200             13       -3.09315960e+01       9.052120e-03
   500              5       -3.09345801e+01       1.048405e-02
Stocahstic error estimate: 6.760346e-03

	predict=-0.005184229242018548,actual=(array([0.01490638]), array([0.00676035]))
	g=0.16457893789665326,del=1.2294443708121385,dot=0.056694812219998544,x=22.25797794890727

nparam= 320000
	log prob= -9.40544157732405
	burn in time= 22.143659353256226
	sample time= 43.549649238586426
	contraction err= 0.009320120938508378 0.34142649094219846
nsamples= 2638

Mean energy: -3.09478262e+01
Block size    # of blocks        Mean                Error
     1           2638       -3.09478262e+01       6.917566e-03
     2           1319       -3.09478262e+01       7.218236e-03
     5            527       -3.09478835e+01       7.552604e-03
    10            263       -3.09482379e+01       7.717669e-03
    20            131       -3.09484598e+01       7.922681e-03
    50             52       -3.09481974e+01       8.329837e-03
    70             37       -3.09481986e+01       8.283499e-03
   100             26       -3.09481974e+01       8.928600e-03
   200             13       -3.09481974e+01       9.920963e-03
   500              5       -3.09479275e+01       1.486184e-02
Stocahstic error estimate: 7.218236e-03

step=41,E=-0.4835597837892722,dE=-2.8840151429787575e-05,err=0.0001127849376191454,gmax=0.08700939710206204
	collect g,Hv time= 0.06082296371459961
	solver time=1.392894983291626,exit status=0
niter= 39
pure_newton= False
	solver time=6.5244927406311035,exit status=0
niter= 95
hessian inversion error= 0.0002917183546366447
	log prob= -9.480509080111437
	burn in time= 16.635191917419434
	sample time= 57.41948699951172
	contraction err= 0.009677110321429653 0.6183594790760734
nsamples= 2638

Mean energy: -3.09237441e+01
Block size    # of blocks        Mean                Error
     1           2638       -3.09237441e+01       6.925022e-03
     2           1319       -3.09237441e+01       7.281119e-03
     5            527       -3.09237584e+01       7.417283e-03
    10            263       -3.09235790e+01       7.535660e-03
    20            131       -3.09236225e+01       7.920036e-03
    50             52       -3.09228202e+01       8.053625e-03
    70             37       -3.09225258e+01       7.474680e-03
   100             26       -3.09228202e+01       6.782667e-03
   200             13       -3.09228202e+01       5.599288e-03
   500              5       -3.09225684e+01       5.945038e-03
Stocahstic error estimate: 7.417283e-03

	predict=-0.009037424664188293,actual=(array([0.02408203]), array([0.00741728]))
	g=0.3411850110879618,del=1.2720747393887517,dot=0.12227956804288714,x=22.25797794890727

nparam= 320000
	log prob= -9.400610278514604
	burn in time= 19.484719038009644
	sample time= 43.68452453613281
	contraction err= 0.009453812588372749 0.16587888300138307
nsamples= 2638

Mean energy: -3.09448969e+01
Block size    # of blocks        Mean                Error
     1           2638       -3.09448969e+01       4.788726e-03
     2           1319       -3.09448969e+01       5.052153e-03
     5            527       -3.09452193e+01       5.600960e-03
    10            263       -3.09454325e+01       5.489076e-03
    20            131       -3.09454214e+01       5.641850e-03
    50             52       -3.09454100e+01       5.724865e-03
    70             37       -3.09452435e+01       5.846461e-03
   100             26       -3.09454100e+01       5.641607e-03
   200             13       -3.09454100e+01       4.729418e-03
   500              5       -3.09447543e+01       2.259271e-03
Stocahstic error estimate: 5.600960e-03

step=42,E=-0.48351401434478686,dE=4.576944448536624e-05,err=8.751500546259808e-05,gmax=0.01600770152542197
	collect g,Hv time= 0.05844259262084961
	solver time=1.4555630683898926,exit status=0
niter= 40
pure_newton= False
	solver time=6.709253787994385,exit status=0
niter= 95
hessian inversion error= 0.0007562408508577843
	log prob= -9.494641663584577
	burn in time= 17.571649312973022
	sample time= 57.964600563049316
	contraction err= 0.00970057581957885 0.3760047273448734
nsamples= 2638

Mean energy: -3.09368600e+01
Block size    # of blocks        Mean                Error
     1           2638       -3.09368600e+01       4.554008e-03
     2           1319       -3.09368600e+01       5.140109e-03
     5            527       -3.09369574e+01       5.769057e-03
    10            263       -3.09369050e+01       6.143102e-03
    20            131       -3.09370629e+01       6.098252e-03
    50             52       -3.09371366e+01       6.572938e-03
    70             37       -3.09372367e+01       6.347335e-03
   100             26       -3.09371366e+01       6.264686e-03
   200             13       -3.09371366e+01       5.342228e-03
   500              5       -3.09367874e+01       5.689143e-03
Stocahstic error estimate: 6.143102e-03

	predict=-0.00517251820218887,actual=(array([0.00803693]), array([0.0061431]))
	g=0.12246719357829391,del=1.2574240811085706,dot=0.05680822582170549,x=22.25797794890726

nparam= 320000
	log prob= -9.405731480035232
	burn in time= 15.480258703231812
	sample time= 43.29617881774902
	contraction err= 0.008600223150030605 0.17932656165104918
nsamples= 2638

Mean energy: -3.09405998e+01
Block size    # of blocks        Mean                Error
     1           2638       -3.09405998e+01       4.300997e-03
     2           1319       -3.09405998e+01       4.839104e-03
     5            527       -3.09406743e+01       5.515114e-03
    10            263       -3.09406976e+01       5.595691e-03
    20            131       -3.09399751e+01       5.305198e-03
    50             52       -3.09401991e+01       6.027717e-03
    70             37       -3.09405132e+01       6.091306e-03
   100             26       -3.09401991e+01       7.120230e-03
   200             13       -3.09401991e+01       6.305586e-03
   500              5       -3.09387011e+01       9.540897e-03
Stocahstic error estimate: 5.595691e-03

step=43,E=-0.48344687199501446,dE=6.714234977239775e-05,err=8.743266543449928e-05,gmax=0.017939423124778364
	collect g,Hv time= 0.06898188591003418
	solver time=1.4822301864624023,exit status=0
niter= 40
pure_newton= False
	solver time=6.605082273483276,exit status=0
niter= 95
hessian inversion error= 0.000756908105702738
	log prob= -9.481416620065335
	burn in time= 20.274081230163574
	sample time= 57.71986269950867
	contraction err= 0.008828384365610547 0.1284472767263533
nsamples= 2638

Mean energy: -3.09445302e+01
Block size    # of blocks        Mean                Error
     1           2638       -3.09445302e+01       4.392668e-03
     2           1319       -3.09445302e+01       4.689542e-03
     5            527       -3.09445407e+01       5.020302e-03
    10            263       -3.09446005e+01       5.210037e-03
    20            131       -3.09444648e+01       5.260603e-03
    50             52       -3.09445219e+01       4.846581e-03
    70             37       -3.09445636e+01       5.006163e-03
   100             26       -3.09445219e+01       5.786932e-03
   200             13       -3.09445219e+01       5.407878e-03
   500              5       -3.09443711e+01       6.682197e-03
Stocahstic error estimate: 5.210037e-03

	predict=-0.004067682742347121,actual=(array([-0.00393035]), array([0.00521004]))
	g=0.12527166816602403,del=0.30955331584798274,dot=0.008130665686263729,x=22.257977948907243

nparam= 320000
	log prob= -9.481416620065335
	burn in time= 21.256982564926147
	sample time= 43.96392297744751
	contraction err= 0.008927650242462027 0.1919797951917036
nsamples= 2638

Mean energy: -3.09393424e+01
Block size    # of blocks        Mean                Error
     1           2638       -3.09393424e+01       4.211081e-03
     2           1319       -3.09393424e+01       4.744161e-03
     5            527       -3.09392628e+01       4.843167e-03
    10            263       -3.09391989e+01       5.225327e-03
    20            131       -3.09391651e+01       5.271112e-03
    50             52       -3.09389929e+01       5.342324e-03
    70             37       -3.09390210e+01       6.035946e-03
   100             26       -3.09389929e+01       5.720434e-03
   200             13       -3.09389929e+01       4.084839e-03
   500              5       -3.09382154e+01       7.949659e-03
Stocahstic error estimate: 4.843167e-03

step=44,E=-0.4834272254921738,dE=1.9646502840642288e-05,err=7.567448105560992e-05,gmax=0.023341426246139108
	collect g,Hv time= 0.059721946716308594
	solver time=1.4446725845336914,exit status=0
niter= 40
pure_newton= False
	solver time=8.2510986328125,exit status=0
niter= 119
hessian inversion error= 0.0008193422596601474
	log prob= -9.684910475305319
	burn in time= 20.225497007369995
	sample time= 58.10292053222656
	contraction err= 0.00997851975664262 0.24255957503462502
nsamples= 2638

Mean energy: -3.09400529e+01
Block size    # of blocks        Mean                Error
     1           2638       -3.09400529e+01       4.651223e-03
     2           1319       -3.09400529e+01       5.245004e-03
     5            527       -3.09401063e+01       5.950927e-03
    10            263       -3.09399843e+01       6.480576e-03
    20            131       -3.09399980e+01       6.869661e-03
    50             52       -3.09401697e+01       6.927688e-03
    70             37       -3.09403794e+01       6.730729e-03
   100             26       -3.09401697e+01       5.292893e-03
   200             13       -3.09401697e+01       3.857601e-03
   500              5       -3.09418759e+01       4.860805e-03
Stocahstic error estimate: 6.927688e-03

	predict=-0.004323384949041787,actual=(array([-0.00071045]), array([0.00692769]))
	g=0.11828910555251923,del=0.3161933288433345,dot=0.00864550890605742,x=22.25797794890723

nparam= 320000
	log prob= -9.684910475305319
	burn in time= 18.75970149040222
	sample time= 43.476773738861084
	contraction err= 0.009872329302212855 0.27828557852902436
nsamples= 2638

Mean energy: -3.09415330e+01
Block size    # of blocks        Mean                Error
     1           2638       -3.09415330e+01       4.869736e-03
     2           1319       -3.09415330e+01       5.081945e-03
     5            527       -3.09413950e+01       5.158013e-03
    10            263       -3.09413395e+01       5.256823e-03
    20            131       -3.09414712e+01       5.427821e-03
    50             52       -3.09414277e+01       5.617659e-03
    70             37       -3.09416532e+01       5.542471e-03
   100             26       -3.09414277e+01       6.589746e-03
   200             13       -3.09414277e+01       7.181905e-03
   500              5       -3.09421137e+01       7.293354e-03
Stocahstic error estimate: 5.081945e-03

step=45,E=-0.4834614535703918,dE=-3.422807821795715e-05,err=7.940539680628602e-05,gmax=0.034581839702620965
	collect g,Hv time= 0.058960914611816406
	solver time=1.3777241706848145,exit status=0
niter= 38
pure_newton= False
	solver time=8.030731916427612,exit status=0
niter= 116
hessian inversion error= 0.0005310300994305078
	log prob= -9.79938146086696
	burn in time= 18.38714909553528
	sample time= 57.55053448677063
	contraction err= 0.009642351458531168 0.17550144201121992
nsamples= 2638

Mean energy: -3.09392950e+01
Block size    # of blocks        Mean                Error
     1           2638       -3.09392950e+01       4.700524e-03
     2           1319       -3.09392950e+01       5.357314e-03
     5            527       -3.09393509e+01       5.900972e-03
    10            263       -3.09392655e+01       6.299229e-03
    20            131       -3.09393795e+01       6.535887e-03
    50             52       -3.09390691e+01       5.891598e-03
    70             37       -3.09392821e+01       5.840375e-03
   100             26       -3.09390691e+01       5.514499e-03
   200             13       -3.09390691e+01       5.686284e-03
   500              5       -3.09392064e+01       5.346203e-03
Stocahstic error estimate: 6.535887e-03

	predict=-0.005362970166229218,actual=(array([0.00223807]), array([0.00653589]))
	g=0.18302936649250942,del=1.1633216130972401,dot=0.05891667686286359,x=22.25797794890724

nparam= 320000
	log prob= -9.696254127824922
	burn in time= 18.61311411857605
	sample time= 43.5717191696167
	contraction err= 0.009252716022452262 0.1720275809351619
nsamples= 2638

Mean energy: -3.09355163e+01
Block size    # of blocks        Mean                Error
     1           2638       -3.09355163e+01       4.651898e-03
     2           1319       -3.09355163e+01       4.939931e-03
     5            527       -3.09354497e+01       5.445575e-03
    10            263       -3.09355471e+01       5.542830e-03
    20            131       -3.09355994e+01       5.506407e-03
    50             52       -3.09351149e+01       5.880881e-03
    70             37       -3.09351680e+01       6.290041e-03
   100             26       -3.09351149e+01       5.874710e-03
   200             13       -3.09351149e+01       6.077981e-03
   500              5       -3.09339319e+01       9.201251e-03
Stocahstic error estimate: 5.542830e-03

step=46,E=-0.4833674417054874,dE=9.40118649043753e-05,err=8.660672250790179e-05,gmax=0.024688291103430515
	collect g,Hv time= 0.0576481819152832
	solver time=1.4532842636108398,exit status=0
niter= 40
pure_newton= False
	solver time=7.074386358261108,exit status=0
niter= 102
hessian inversion error= 0.0006602648760324506
	log prob= -9.86711976789532
	burn in time= 18.507911682128906
	sample time= 57.80902361869812
	contraction err= 0.009281393990874253 0.18912282077826414
nsamples= 2638

Mean energy: -3.09287520e+01
Block size    # of blocks        Mean                Error
     1           2638       -3.09287520e+01       7.431626e-03
     2           1319       -3.09287520e+01       9.175929e-03
     5            527       -3.09289201e+01       8.522525e-03
    10            263       -3.09287913e+01       8.537601e-03
    20            131       -3.09285118e+01       1.007918e-02
    50             52       -3.09287179e+01       1.035159e-02
    70             37       -3.09284617e+01       1.032744e-02
   100             26       -3.09287179e+01       1.013272e-02
   200             13       -3.09287179e+01       9.939650e-03
   500              5       -3.09288621e+01       1.112633e-02
Stocahstic error estimate: 9.175929e-03

	predict=-0.004737869496450322,actual=(array([0.0067643]), array([0.00917593]))
	g=0.15103463066070436,del=1.241030981279824,dot=0.05338681159472737,x=22.257977948907243

nparam= 320000
	log prob= -9.743044736168951
	burn in time= 21.59005832672119
	sample time= 43.43600583076477
	contraction err= 0.00922420617620037 0.22934586181919786
nsamples= 2638

Mean energy: -3.09414554e+01
Block size    # of blocks        Mean                Error
     1           2638       -3.09414554e+01       4.584717e-03
     2           1319       -3.09414554e+01       4.989374e-03
     5            527       -3.09414248e+01       5.694891e-03
    10            263       -3.09418334e+01       5.737756e-03
    20            131       -3.09419717e+01       5.231388e-03
    50             52       -3.09424126e+01       4.978440e-03
    70             37       -3.09425676e+01       5.819187e-03
   100             26       -3.09424126e+01       5.411977e-03
   200             13       -3.09424126e+01       5.619481e-03
   500              5       -3.09409613e+01       5.252171e-03
Stocahstic error estimate: 5.737756e-03

step=47,E=-0.4834602411174027,dE=-9.279941191531194e-05,err=8.965242977949421e-05,gmax=0.024347135494600436
	collect g,Hv time= 0.05868077278137207
	solver time=1.455139398574829,exit status=0
niter= 40
pure_newton= False
	solver time=7.040672302246094,exit status=0
niter= 102
hessian inversion error= 0.0005675871950721352
	log prob= -9.830355066218546
	burn in time= 20.70909595489502
	sample time= 57.82262349128723
	contraction err= 0.009668155909835274 0.2412187361148531
nsamples= 2638

Mean energy: -3.09318974e+01
Block size    # of blocks        Mean                Error
     1           2638       -3.09318974e+01       5.654601e-03
     2           1319       -3.09318974e+01       6.730449e-03
     5            527       -3.09318716e+01       7.811891e-03
    10            263       -3.09317672e+01       9.402853e-03
    20            131       -3.09314215e+01       1.015534e-02
    50             52       -3.09317128e+01       1.074960e-02
    70             37       -3.09315595e+01       1.069215e-02
   100             26       -3.09317128e+01       1.187973e-02
   200             13       -3.09317128e+01       1.318588e-02
   500              5       -3.09312951e+01       1.489354e-02
Stocahstic error estimate: 1.074960e-02

	predict=-0.00456386273116908,actual=(array([0.00955802]), array([0.0107496]))
	g=0.17614603939354784,del=1.216087814527075,dot=0.051769905091409836,x=22.257977948907264

nparam= 320000
	log prob= -9.756948359669416
	burn in time= 21.71395468711853
	sample time= 44.1054003238678
	contraction err= 0.009426551064304014 0.24096992049314778
nsamples= 2638

Mean energy: -3.09514685e+01
Block size    # of blocks        Mean                Error
     1           2638       -3.09514685e+01       4.520614e-03
     2           1319       -3.09514685e+01       4.953468e-03
     5            527       -3.09515042e+01       5.073953e-03
    10            263       -3.09515860e+01       5.109608e-03
    20            131       -3.09514815e+01       5.455113e-03
    50             52       -3.09499065e+01       4.716070e-03
    70             37       -3.09500197e+01       5.023076e-03
   100             26       -3.09499065e+01       5.393810e-03
   200             13       -3.09499065e+01       4.996496e-03
   500              5       -3.09509379e+01       5.331877e-03
Stocahstic error estimate: 5.073953e-03

step=48,E=-0.48361669461383744,dE=-0.0001564534964347275,err=7.928052322461346e-05,gmax=0.02694907934233015
	collect g,Hv time= 0.06722164154052734
	solver time=1.4316725730895996,exit status=0
niter= 39
pure_newton= False
	solver time=7.537159442901611,exit status=0
niter= 108
hessian inversion error= 0.00061874437680643
	log prob= -9.859504281234699
	burn in time= 20.286116123199463
	sample time= 57.69838333129883
	contraction err= 0.009101347583880745 0.318743066755018
nsamples= 2638

Mean energy: -3.09449859e+01
Block size    # of blocks        Mean                Error
     1           2638       -3.09449859e+01       4.070719e-03
     2           1319       -3.09449859e+01       4.498737e-03
     5            527       -3.09450231e+01       5.066353e-03
    10            263       -3.09452793e+01       5.174775e-03
    20            131       -3.09460374e+01       5.474734e-03
    50             52       -3.09457563e+01       5.610231e-03
    70             37       -3.09456861e+01       5.300912e-03
   100             26       -3.09457563e+01       5.994184e-03
   200             13       -3.09457563e+01       6.411296e-03
   500              5       -3.09452043e+01       6.131827e-03
Stocahstic error estimate: 5.174775e-03

	predict=-0.004053988902211103,actual=(array([0.00648251]), array([0.00517478]))
	g=0.15804250866010505,del=1.112091286431367,dot=0.05029738229787066,x=22.257977948907257

nparam= 320000
	log prob= -9.776402954304134
	burn in time= 20.726688385009766
	sample time= 43.442514181137085
	contraction err= 0.008846383612488509 0.46957196470484563
nsamples= 2638

Mean energy: -3.09401516e+01
Block size    # of blocks        Mean                Error
     1           2638       -3.09401516e+01       4.932887e-03
     2           1319       -3.09401516e+01       5.429517e-03
     5            527       -3.09400782e+01       5.624395e-03
    10            263       -3.09397155e+01       5.708001e-03
    20            131       -3.09396827e+01       5.880531e-03
    50             52       -3.09391183e+01       6.097957e-03
    70             37       -3.09389797e+01       7.089548e-03
   100             26       -3.09391183e+01       5.829424e-03
   200             13       -3.09391183e+01       6.913409e-03
   500              5       -3.09375536e+01       6.877707e-03
Stocahstic error estimate: 5.624395e-03

step=49,E=-0.4834398683174135,dE=0.00017682629642395975,err=8.788117581956105e-05,gmax=0.38729545221221606
	collect g,Hv time= 0.058814287185668945
	solver time=0.5282673835754395,exit status=0
niter= 15
pure_newton= False
	solver time=9.111934661865234,exit status=0
niter= 131
hessian inversion error= 9.897095843115151e-05
	log prob= -9.82457812633005
	burn in time= 19.237571477890015
	sample time= 58.14938139915466
	contraction err= 0.008969515077142677 0.31298368659275255
nsamples= 2638

Mean energy: -3.09439015e+01
Block size    # of blocks        Mean                Error
     1           2638       -3.09439015e+01       5.606241e-03
     2           1319       -3.09439015e+01       6.279527e-03
     5            527       -3.09434301e+01       6.803619e-03
    10            263       -3.09431673e+01       6.791143e-03
    20            131       -3.09430786e+01       6.450525e-03
    50             52       -3.09428818e+01       7.660104e-03
    70             37       -3.09427814e+01       7.364494e-03
   100             26       -3.09428818e+01       6.737294e-03
   200             13       -3.09428818e+01       5.196747e-03
   500              5       -3.09423907e+01       6.584032e-03
Stocahstic error estimate: 6.803619e-03

	predict=-0.005132415526839511,actual=(array([-0.00374994]), array([0.00680362]))
	g=1.0715600230770796,del=0.3024981185790955,dot=0.01026032227988528,x=22.257977948907257
