	burn in time= 0.5306088924407959
block_dict= [(0, 820)]
sizes= [820]
SIZE= 640
L= 20
nspin= (10, 10)
nparam= 820
	prob= 4.467273665751001e-05
	sample time= 1.0307998657226562
	contraction err= 1.7745752500966662e-15 3.116252868694137e-14

Mean energy: -7.47258922e+00
Block size    # of blocks        Mean                Error
     1           10000       -7.47258922e+00       1.490678e-03
     2           5000       -7.47258922e+00       1.482547e-03
     5           2000       -7.47258922e+00       1.499851e-03
    10           1000       -7.47258922e+00       1.504607e-03
    20            500       -7.47258922e+00       1.518094e-03
    50            200       -7.47258922e+00       1.605135e-03
    70            142       -7.47272706e+00       1.694114e-03
   100            100       -7.47258922e+00       1.567484e-03
   200             50       -7.47258922e+00       1.601475e-03
   500             20       -7.47258922e+00       1.349924e-03
0 0.0014906780022890971 0.0013499238144420345
Stocahstic error estimate: 1.490678e-03

step=50,E=-0.3736294612021586,dE=-0.3736294612021586,err=7.453390011445485e-05,gmax=0.17106871342852026
	collect g,Hv time= 0.10179376602172852
	solver time=0.03171944618225098,exit status=0
niter= 43
pure_newton= False
	solver time=0.5810539722442627,exit status=0
niter= 630
	prob= 3.9500760703309336e-05
	burn in time= 0.4788188934326172
	sample time= 3.2962169647216797
	contraction err= 1.8264690377887835e-15 1.0260787418677767e-13

Mean energy: -7.46605284e+00
Block size    # of blocks        Mean                Error
     1           10000       -7.46605284e+00       2.414481e-03
     2           5000       -7.46605284e+00       2.404586e-03
     5           2000       -7.46605284e+00       2.390777e-03
    10           1000       -7.46605284e+00       2.379190e-03
    20            500       -7.46605284e+00       2.346408e-03
    50            200       -7.46605284e+00       2.328352e-03
    70            142       -7.46614140e+00       2.543286e-03
   100            100       -7.46605284e+00       2.251934e-03
   200             50       -7.46605284e+00       2.693562e-03
   500             20       -7.46605284e+00       3.995362e-03
0 0.0024144808861051538 0.003995361826924051
Stocahstic error estimate: 2.414481e-03

	predict=-0.0034458589042166195,actual=(0.006536386381984727, 0.0028375762290863203)
	g=0.8229746912807919,del=0.16398044330077402,dot=0.018867620581872538,x=9.331682660772694
	prob= 4.388117088778977e-05
	burn in time= 0.517805814743042
	sample time= 5.2026262283325195
	contraction err= 1.6249627791792263e-15 3.564561054445662e-14

Mean energy: -7.46134915e+00
Block size    # of blocks        Mean                Error
     1           10000       -7.46134915e+00       2.621388e-03
     2           5000       -7.46134915e+00       2.610379e-03
     5           2000       -7.46134915e+00       2.616275e-03
    10           1000       -7.46134915e+00       2.586595e-03
    20            500       -7.46134915e+00       2.524765e-03
    50            200       -7.46134915e+00       2.367366e-03
    70            142       -7.46141618e+00       2.273437e-03
   100            100       -7.46134915e+00       2.243169e-03
   200             50       -7.46134915e+00       2.880133e-03
   500             20       -7.46134915e+00       4.200161e-03
0 0.002621388002210084 0.004200161149285578
Stocahstic error estimate: 2.621388e-03

step=51,E=-0.373067457476747,dE=0.0005620037254116195,err=0.0001310694001105042,gmax=0.746225722929865
	collect g,Hv time= 0.1004629135131836
	solver time=0.020673274993896484,exit status=0
niter= 43
pure_newton= False
	solver time=0.4627249240875244,exit status=0
niter= 547
	prob= 3.953573323187938e-05
	burn in time= 0.5279066562652588
	sample time= 3.2796802520751953
	contraction err= 1.7744074277476077e-15 2.560755565006019e-14

Mean energy: -7.47116439e+00
Block size    # of blocks        Mean                Error
     1           10000       -7.47116439e+00       1.879642e-03
     2           5000       -7.47116439e+00       1.859804e-03
     5           2000       -7.47116439e+00       1.846312e-03
    10           1000       -7.47116439e+00       1.882392e-03
    20            500       -7.47116439e+00       1.941514e-03
    50            200       -7.47116439e+00       1.966623e-03
    70            142       -7.47123890e+00       1.899900e-03
   100            100       -7.47116439e+00       1.995512e-03
   200             50       -7.47116439e+00       2.320266e-03
   500             20       -7.47116439e+00       2.956419e-03
0 0.0018796422851216374 0.0029564186691545097
Stocahstic error estimate: 1.879642e-03

	predict=-0.0069791777902852865,actual=(-0.009815242780606859, 0.0032256363989371564)
	g=1.3896564045237834,del=0.21498884431311802,dot=0.01395123754895487,x=9.331682660772694
	prob= 3.953573323187938e-05
	burn in time= 0.5222911834716797
	sample time= 5.217338562011719
	contraction err= 1.8035593348202712e-15 3.560140386153848e-14

Mean energy: -7.47758133e+00
Block size    # of blocks        Mean                Error
     1           10000       -7.47758133e+00       1.731058e-03
     2           5000       -7.47758133e+00       1.729622e-03
     5           2000       -7.47758133e+00       1.713561e-03
    10           1000       -7.47758133e+00       1.692018e-03
    20            500       -7.47758133e+00       1.684608e-03
    50            200       -7.47758133e+00       1.732669e-03
    70            142       -7.47746182e+00       1.688667e-03
   100            100       -7.47758133e+00       1.827722e-03
   200             50       -7.47758133e+00       2.162724e-03
   500             20       -7.47758133e+00       2.924464e-03
0 0.0017310577333222417 0.00292446429762136
Stocahstic error estimate: 1.731058e-03

step=52,E=-0.37387906647240776,dE=-0.0008116089956607287,err=8.655288666611208e-05,gmax=0.19185698234884474
	collect g,Hv time= 0.10118722915649414
	solver time=0.017882823944091797,exit status=0
niter= 40
pure_newton= False
	solver time=0.4329085350036621,exit status=0
niter= 506
	prob= 3.646595648030642e-05
	burn in time= 0.5155448913574219
	sample time= 3.2779996395111084
	contraction err= 1.6874108245425423e-15 2.4824076732151433e-14

Mean energy: -7.47430533e+00
Block size    # of blocks        Mean                Error
     1           10000       -7.47430533e+00       2.063781e-03
     2           5000       -7.47430533e+00       2.054611e-03
     5           2000       -7.47430533e+00       2.034955e-03
    10           1000       -7.47430533e+00       2.068963e-03
    20            500       -7.47430533e+00       2.082413e-03
    50            200       -7.47430533e+00       1.981876e-03
    70            142       -7.47462429e+00       1.945694e-03
   100            100       -7.47430533e+00       1.716037e-03
   200             50       -7.47430533e+00       2.074209e-03
   500             20       -7.47430533e+00       2.526354e-03
0 0.0020637810580798797 0.002526353947006447
Stocahstic error estimate: 2.063781e-03

	predict=-0.00366969101391236,actual=(0.0032759975925396034, 0.0026936505214641424)
	g=0.7319107591856767,del=0.15344376065596071,dot=0.02502611115261721,x=9.331682660772694
	prob= 3.895660773269942e-05
	burn in time= 0.5179672241210938
	sample time= 5.209904193878174
	contraction err= 1.705105111177769e-15 2.4375171600721638e-14

Mean energy: -7.46950754e+00
Block size    # of blocks        Mean                Error
     1           10000       -7.46950754e+00       2.016481e-03
     2           5000       -7.46950754e+00       2.012015e-03
     5           2000       -7.46950754e+00       2.033981e-03
    10           1000       -7.46950754e+00       2.017240e-03
    20            500       -7.46950754e+00       2.028318e-03
    50            200       -7.46950754e+00       2.101837e-03
    70            142       -7.46945346e+00       2.028481e-03
   100            100       -7.46950754e+00       2.029917e-03
   200             50       -7.46950754e+00       2.187443e-03
   500             20       -7.46950754e+00       2.976266e-03
0 0.002016480913986577 0.0029762656215433212
Stocahstic error estimate: 2.016481e-03

step=53,E=-0.37347537709513806,dE=0.0004036893772696892,err=0.00010082404569932885,gmax=0.2800469640638503
	collect g,Hv time= 0.10013675689697266
	solver time=0.01951432228088379,exit status=0
niter= 43
pure_newton= False
	solver time=0.5039670467376709,exit status=0
niter= 586
	prob= 3.709488542489643e-05
	burn in time= 0.527101993560791
	sample time= 3.285985231399536
	contraction err= 1.6108229073976115e-15 3.1932669961059776e-14

Mean energy: -7.48193481e+00
Block size    # of blocks        Mean                Error
     1           10000       -7.48193481e+00       1.466318e-03
     2           5000       -7.48193481e+00       1.478102e-03
     5           2000       -7.48193481e+00       1.487885e-03
    10           1000       -7.48193481e+00       1.483945e-03
    20            500       -7.48193481e+00       1.502774e-03
    50            200       -7.48193481e+00       1.457396e-03
    70            142       -7.48189318e+00       1.445827e-03
   100            100       -7.48193481e+00       1.405837e-03
   200             50       -7.48193481e+00       1.727305e-03
   500             20       -7.48193481e+00       2.105412e-03
0 0.0014781021717445331 0.0021054120452425433
Stocahstic error estimate: 1.478102e-03

	predict=-0.005076369996864891,actual=(-0.012427269717861122, 0.002500196253614513)
	g=1.2296944340919251,del=0.1530189956303179,dot=0.010149199987484014,x=9.331682660772694
	prob= 3.709488542489643e-05
	burn in time= 0.5199339389801025
	sample time= 5.201833963394165
	contraction err= 1.6184568280675985e-15 3.717925426700786e-14

Mean energy: -7.48100773e+00
Block size    # of blocks        Mean                Error
     1           10000       -7.48100773e+00       1.412965e-03
     2           5000       -7.48100773e+00       1.413521e-03
     5           2000       -7.48100773e+00       1.408587e-03
    10           1000       -7.48100773e+00       1.392344e-03
    20            500       -7.48100773e+00       1.354117e-03
    50            200       -7.48100773e+00       1.383665e-03
    70            142       -7.48109767e+00       1.472529e-03
   100            100       -7.48100773e+00       1.482591e-03
   200             50       -7.48100773e+00       1.713445e-03
   500             20       -7.48100773e+00       2.030273e-03
0 0.001413520736778461 0.0020302726362529267
Stocahstic error estimate: 1.413521e-03

step=54,E=-0.37405038657991685,dE=-0.0005750094847788212,err=7.067603683892305e-05,gmax=0.16008112337085845
	collect g,Hv time= 0.10052132606506348
	solver time=0.016907930374145508,exit status=0
niter= 37
pure_newton= False
	solver time=0.454801082611084,exit status=0
niter= 529
	prob= 3.4945603048080613e-05
	burn in time= 0.5248949527740479
	sample time= 3.282407522201538
	contraction err= 1.7541477711718899e-15 2.9867949846713843e-14

Mean energy: -7.47408765e+00
Block size    # of blocks        Mean                Error
     1           10000       -7.47408765e+00       1.983400e-03
     2           5000       -7.47408765e+00       1.983855e-03
     5           2000       -7.47408765e+00       1.984862e-03
    10           1000       -7.47408765e+00       1.966671e-03
    20            500       -7.47408765e+00       1.943915e-03
    50            200       -7.47408765e+00       2.117503e-03
    70            142       -7.47398678e+00       1.945068e-03
   100            100       -7.47408765e+00       1.968873e-03
   200             50       -7.47408765e+00       2.413611e-03
   500             20       -7.47408765e+00       3.118103e-03
0 0.0019838547548201883 0.0031181031509472388
Stocahstic error estimate: 1.983855e-03

	predict=-0.0027405650889144105,actual=(0.0069200830056113105, 0.0024359229383388533)
	g=0.7996541893796726,del=0.10603594722005073,dot=0.019615056184157022,x=9.331682660772692
	prob= 3.662815560496461e-05
	burn in time= 0.5258111953735352
	sample time= 5.203035831451416
	contraction err= 1.634403667760401e-15 2.6154077397011945e-14

Mean energy: -7.48610177e+00
Block size    # of blocks        Mean                Error
     1           10000       -7.48610177e+00       1.038253e-03
     2           5000       -7.48610177e+00       1.044472e-03
     5           2000       -7.48610177e+00       1.037913e-03
    10           1000       -7.48610177e+00       1.027454e-03
    20            500       -7.48610177e+00       1.001339e-03
    50            200       -7.48610177e+00       1.057687e-03
    70            142       -7.48620356e+00       1.048913e-03
   100            100       -7.48610177e+00       1.017411e-03
   200             50       -7.48610177e+00       1.068857e-03
   500             20       -7.48610177e+00       1.490169e-03
0 0.0010444719763104465 0.0014901690497264883
Stocahstic error estimate: 1.044472e-03

step=55,E=-0.3743050884843761,dE=-0.00025470190445924245,err=5.2223598815522326e-05,gmax=0.24493378214549194
	collect g,Hv time= 0.10164904594421387
	solver time=0.019733667373657227,exit status=0
niter= 41
pure_newton= False
	solver time=0.4078514575958252,exit status=0
niter= 467
	prob= 3.449402203730334e-05
	burn in time= 0.5075571537017822
	sample time= 3.285335063934326
	contraction err= 1.6164037423095149e-15 4.492375099475883e-14

Mean energy: -7.47757204e+00
Block size    # of blocks        Mean                Error
     1           10000       -7.47757204e+00       1.888086e-03
     2           5000       -7.47757204e+00       1.904151e-03
     5           2000       -7.47757204e+00       1.893063e-03
    10           1000       -7.47757204e+00       1.910993e-03
    20            500       -7.47757204e+00       1.854208e-03
    50            200       -7.47757204e+00       1.778026e-03
    70            142       -7.47755973e+00       1.770472e-03
   100            100       -7.47757204e+00       1.646239e-03
   200             50       -7.47757204e+00       1.893033e-03
   500             20       -7.47757204e+00       2.108453e-03
0 0.0019041512868800416 0.00210845309535028
Stocahstic error estimate: 1.904151e-03

	predict=-0.0020516448397719716,actual=(0.008529729047666912, 0.0021717996759887336)
	g=0.8267497761314309,del=0.07603249975896234,dot=0.014292777866052247,x=9.331682660772694
	prob= 3.6212978974555425e-05
	burn in time= 0.5048508644104004
	sample time= 5.2151267528533936
	contraction err= 1.675539133471871e-15 3.13079452816677e-14

Mean energy: -7.48444803e+00
Block size    # of blocks        Mean                Error
     1           10000       -7.48444803e+00       1.287278e-03
     2           5000       -7.48444803e+00       1.294522e-03
     5           2000       -7.48444803e+00       1.281530e-03
    10           1000       -7.48444803e+00       1.283849e-03
    20            500       -7.48444803e+00       1.274737e-03
    50            200       -7.48444803e+00       1.178649e-03
    70            142       -7.48445426e+00       1.193463e-03
   100            100       -7.48444803e+00       1.222387e-03
   200             50       -7.48444803e+00       1.320943e-03
   500             20       -7.48444803e+00       1.517346e-03
0 0.0012945217988651443 0.0015173459606697486
Stocahstic error estimate: 1.294522e-03

step=56,E=-0.37422240170539883,dE=8.268677897729226e-05,err=6.472608994325722e-05,gmax=0.15942672290046478
	collect g,Hv time= 0.10275745391845703
	solver time=0.018918275833129883,exit status=0
niter= 40
pure_newton= False
	solver time=0.4416768550872803,exit status=0
niter= 492
	prob= 3.3198341880648516e-05
	burn in time= 0.5325648784637451
	sample time= 3.2743451595306396
	contraction err= 1.7043979727039923e-15 2.58519424336861e-14

Mean energy: -7.47860888e+00
Block size    # of blocks        Mean                Error
     1           10000       -7.47860888e+00       1.705204e-03
     2           5000       -7.47860888e+00       1.695110e-03
     5           2000       -7.47860888e+00       1.695168e-03
    10           1000       -7.47860888e+00       1.666415e-03
    20            500       -7.47860888e+00       1.667687e-03
    50            200       -7.47860888e+00       1.608191e-03
    70            142       -7.47855361e+00       1.654333e-03
   100            100       -7.47860888e+00       1.641919e-03
   200             50       -7.47860888e+00       1.880910e-03
   500             20       -7.47860888e+00       2.541133e-03
0 0.0017052037808688526 0.0025411327682926103
Stocahstic error estimate: 1.705204e-03

	predict=-0.0024798528692093905,actual=(0.005839153822965848, 0.002140912567581049)
	g=0.7182094357826097,del=0.10816461409418349,dot=0.014894099129177347,x=9.331682660772694
	prob= 3.5681430708572357e-05
	burn in time= 0.5373239517211914
	sample time= 5.22585916519165
	contraction err= 1.6694122152565047e-15 2.2863959800919992e-14

Mean energy: -7.48408130e+00
Block size    # of blocks        Mean                Error
     1           10000       -7.48408130e+00       1.427909e-03
     2           5000       -7.48408130e+00       1.425614e-03
     5           2000       -7.48408130e+00       1.427322e-03
    10           1000       -7.48408130e+00       1.408810e-03
    20            500       -7.48408130e+00       1.406394e-03
    50            200       -7.48408130e+00       1.393041e-03
    70            142       -7.48406077e+00       1.528192e-03
   100            100       -7.48408130e+00       1.310333e-03
   200             50       -7.48408130e+00       1.642940e-03
   500             20       -7.48408130e+00       2.123674e-03
0 0.0014279093265970458 0.0021236739068504883
Stocahstic error estimate: 1.427909e-03

step=57,E=-0.37420406504376824,dE=1.8336661630602436e-05,err=7.139546632985229e-05,gmax=0.14557257941824342
	collect g,Hv time= 0.10090422630310059
	solver time=0.01676177978515625,exit status=0
niter= 34
pure_newton= False
	solver time=0.37177443504333496,exit status=0
niter= 405
	prob= 3.229150395612161e-05
	burn in time= 0.48745036125183105
	sample time= 3.279092788696289
	contraction err= 1.6405035425458972e-15 5.5495772208115303e-14

Mean energy: -7.48984435e+00
Block size    # of blocks        Mean                Error
     1           10000       -7.48984435e+00       1.012756e-03
     2           5000       -7.48984435e+00       1.011352e-03
     5           2000       -7.48984435e+00       1.004169e-03
    10           1000       -7.48984435e+00       9.910079e-04
    20            500       -7.48984435e+00       9.729094e-04
    50            200       -7.48984435e+00       9.410922e-04
    70            142       -7.49006535e+00       9.179955e-04
   100            100       -7.48984435e+00       9.681344e-04
   200             50       -7.48984435e+00       1.045661e-03
   500             20       -7.48984435e+00       1.477593e-03
0 0.0010127562809492893 0.0014775933890726468
Stocahstic error estimate: 1.012756e-03

	predict=-0.0018624495973889306,actual=(-0.005763050467049169, 0.0017505999913129968)
	g=0.6126775640475579,del=0.06876021208874011,dot=0.0037231562230801204,x=9.331682660772694
	prob= 3.229150395612161e-05
	burn in time= 0.5097341537475586
	sample time= 5.2258710861206055
	contraction err= 1.6604099948813742e-15 4.553842123442079e-14

Mean energy: -7.48838068e+00
Block size    # of blocks        Mean                Error
     1           10000       -7.48838068e+00       1.189856e-03
     2           5000       -7.48838068e+00       1.194873e-03
     5           2000       -7.48838068e+00       1.199835e-03
    10           1000       -7.48838068e+00       1.213926e-03
    20            500       -7.48838068e+00       1.211663e-03
    50            200       -7.48838068e+00       1.264110e-03
    70            142       -7.48838731e+00       1.293853e-03
   100            100       -7.48838068e+00       1.339255e-03
   200             50       -7.48838068e+00       1.690762e-03
   500             20       -7.48838068e+00       2.355163e-03
0 0.0011948730370605854 0.0023551628300077757
Stocahstic error estimate: 1.194873e-03

step=58,E=-0.37441903412633365,dE=-0.00021496908256541937,err=5.974365185302927e-05,gmax=0.33140078445273646
	collect g,Hv time= 0.10139703750610352
	solver time=0.017386436462402344,exit status=0
niter= 34
pure_newton= False
	solver time=0.385847806930542,exit status=0
niter= 405
	prob= 3.010294241051725e-05
	burn in time= 0.5179002285003662
	sample time= 3.2826662063598633
	contraction err= 1.6734527907476558e-15 3.9721478989846696e-14

Mean energy: -7.48874776e+00
Block size    # of blocks        Mean                Error
     1           10000       -7.48874776e+00       1.225134e-03
     2           5000       -7.48874776e+00       1.221874e-03
     5           2000       -7.48874776e+00       1.219208e-03
    10           1000       -7.48874776e+00       1.213156e-03
    20            500       -7.48874776e+00       1.220047e-03
    50            200       -7.48874776e+00       1.232323e-03
    70            142       -7.48869320e+00       1.189669e-03
   100            100       -7.48874776e+00       1.223873e-03
   200             50       -7.48874776e+00       1.408715e-03
   500             20       -7.48874776e+00       1.993168e-03
0 0.0012251337546050174 0.00199316828657751
Stocahstic error estimate: 1.225134e-03

	predict=-0.0017642346381952386,actual=(-0.00036707772601829447, 0.0017113369894228823)
	g=1.0941621870648315,del=0.06211512693090652,dot=0.0035262664225115484,x=9.331682660772692
	prob= 3.010294241051725e-05
	burn in time= 0.5062298774719238
	sample time= 5.223636150360107
	contraction err= 1.6088921812326685e-15 3.808398623272603e-14

Mean energy: -7.47565552e+00
Block size    # of blocks        Mean                Error
     1           10000       -7.47565552e+00       2.338743e-03
     2           5000       -7.47565552e+00       2.332633e-03
     5           2000       -7.47565552e+00       2.319110e-03
    10           1000       -7.47565552e+00       2.331415e-03
    20            500       -7.47565552e+00       2.233099e-03
    50            200       -7.47565552e+00       2.174127e-03
    70            142       -7.47550447e+00       2.204460e-03
   100            100       -7.47565552e+00       2.122920e-03
   200             50       -7.47565552e+00       2.703773e-03
   500             20       -7.47565552e+00       4.285156e-03
0 0.002338743466406067 0.004285155718283955
Stocahstic error estimate: 2.338743e-03

step=59,E=-0.3737827760208,dE=0.0006362581055336491,err=0.00011693717332030335,gmax=0.2625900854252322
	collect g,Hv time= 0.10084080696105957
	solver time=0.017381906509399414,exit status=0
niter= 33
pure_newton= False
	solver time=0.3956878185272217,exit status=0
niter= 403
	prob= 2.944405552433497e-05
	burn in time= 0.5123424530029297
	sample time= 3.282087802886963
	contraction err= 1.6188741537790652e-15 6.297979403433428e-14

Mean energy: -7.48916672e+00
Block size    # of blocks        Mean                Error
     1           10000       -7.48916672e+00       1.176099e-03
     2           5000       -7.48916672e+00       1.170765e-03
     5           2000       -7.48916672e+00       1.166191e-03
    10           1000       -7.48916672e+00       1.171996e-03
    20            500       -7.48916672e+00       1.168428e-03
    50            200       -7.48916672e+00       1.130893e-03
    70            142       -7.48918669e+00       1.186398e-03
   100            100       -7.48916672e+00       1.286303e-03
   200             50       -7.48916672e+00       1.463474e-03
   500             20       -7.48916672e+00       1.815380e-03
0 0.00117609949707075 0.0018153798331475375
Stocahstic error estimate: 1.176099e-03

	predict=-0.006570190682494453,actual=(-0.013511199842393573, 0.0026178103500191026)
	g=0.7921636731186233,del=0.06665744429420502,dot=0.0131378438614973,x=9.331682660772694
	prob= 2.944405552433497e-05
	burn in time= 0.49416017532348633
	sample time= 5.241608142852783
	contraction err= 1.6035301511592974e-15 2.5010861665332648e-14

Mean energy: -7.48252499e+00
Block size    # of blocks        Mean                Error
     1           10000       -7.48252499e+00       2.407235e-03
     2           5000       -7.48252499e+00       2.405224e-03
     5           2000       -7.48252499e+00       2.414589e-03
    10           1000       -7.48252499e+00       2.419678e-03
    20            500       -7.48252499e+00       2.409396e-03
    50            200       -7.48252499e+00       2.534863e-03
    70            142       -7.48245224e+00       2.455761e-03
   100            100       -7.48252499e+00       2.464567e-03
   200             50       -7.48252499e+00       2.632791e-03
   500             20       -7.48252499e+00       3.443757e-03
0 0.0024072352865575197 0.0034437573060597687
Stocahstic error estimate: 2.407235e-03

step=60,E=-0.3741262497481471,dE=-0.00034347372734711,err=0.00012036176432787598,gmax=1.200913518811782
	collect g,Hv time= 0.10003781318664551
	solver time=0.022945880889892578,exit status=0
niter= 42
pure_newton= False
	solver time=0.34513258934020996,exit status=0
niter= 343
	prob= 2.9614608927424642e-05
	burn in time= 0.5215747356414795
	sample time= 3.2905783653259277
	contraction err= 1.4824360547812181e-15 2.2246264876939823e-14

Mean energy: -7.48450623e+00
Block size    # of blocks        Mean                Error
     1           10000       -7.48450623e+00       1.618824e-03
     2           5000       -7.48450623e+00       1.614641e-03
     5           2000       -7.48450623e+00       1.634972e-03
    10           1000       -7.48450623e+00       1.642364e-03
    20            500       -7.48450623e+00       1.638246e-03
    50            200       -7.48450623e+00       1.656668e-03
    70            142       -7.48458903e+00       1.632816e-03
   100            100       -7.48450623e+00       1.475318e-03
   200             50       -7.48450623e+00       1.763113e-03
   500             20       -7.48450623e+00       2.226655e-03
0 0.0016188242967012745 0.0022266545554365056
Stocahstic error estimate: 1.618824e-03

	predict=-0.007732385815869186,actual=(-0.0019812354026917944, 0.002900926374184295)
	g=1.873332516016168,del=0.07007863689236357,dot=0.01545974635978847,x=9.331682660772694
	prob= 2.9614608927424642e-05
	burn in time= 0.5128560066223145
	sample time= 5.221184730529785
	contraction err= 1.45527332914196e-15 4.630989314438603e-14

Mean energy: -7.48884567e+00
Block size    # of blocks        Mean                Error
     1           10000       -7.48884567e+00       1.302045e-03
     2           5000       -7.48884567e+00       1.301464e-03
     5           2000       -7.48884567e+00       1.299319e-03
    10           1000       -7.48884567e+00       1.306328e-03
    20            500       -7.48884567e+00       1.281907e-03
    50            200       -7.48884567e+00       1.305434e-03
    70            142       -7.48878407e+00       1.263724e-03
   100            100       -7.48884567e+00       1.264582e-03
   200             50       -7.48884567e+00       1.522724e-03
   500             20       -7.48884567e+00       1.830492e-03
0 0.0013020451285975163 0.0018304922124366635
Stocahstic error estimate: 1.302045e-03

step=61,E=-0.3744422836868461,dE=-0.00031603393869903405,err=6.510225642987582e-05,gmax=0.20348544337184737
	collect g,Hv time= 0.12005233764648438
	solver time=0.01771235466003418,exit status=0
niter= 31
pure_newton= False
	solver time=0.2558295726776123,exit status=0
niter= 250
	prob= 2.89319615766485e-05
	burn in time= 0.5136077404022217
	sample time= 3.2970480918884277
	contraction err= 1.501011463462316e-15 2.315105541526603e-14

Mean energy: -7.49240236e+00
Block size    # of blocks        Mean                Error
     1           10000       -7.49240236e+00       1.106749e-03
     2           5000       -7.49240236e+00       1.105140e-03
     5           2000       -7.49240236e+00       1.112302e-03
    10           1000       -7.49240236e+00       1.104191e-03
    20            500       -7.49240236e+00       1.088766e-03
    50            200       -7.49240236e+00       1.020028e-03
    70            142       -7.49239441e+00       1.060614e-03
   100            100       -7.49240236e+00       1.031256e-03
   200             50       -7.49240236e+00       1.124368e-03
   500             20       -7.49240236e+00       1.381466e-03
0 0.0011067492637228228 0.0013814658696323214
Stocahstic error estimate: 1.106749e-03

	predict=-0.001962133886329069,actual=(-0.003556686308214374, 0.0017088637890878059)
	g=0.7128987796567555,del=0.04087620883270967,dot=0.003923298228399734,x=9.331682660772694
	prob= 2.89319615766485e-05
	burn in time= 0.5013000965118408
	sample time= 5.232922792434692
	contraction err= 1.5396080160378506e-15 1.4350922573948176e-14

Mean energy: -7.48906637e+00
Block size    # of blocks        Mean                Error
     1           10000       -7.48906637e+00       1.282079e-03
     2           5000       -7.48906637e+00       1.304525e-03
     5           2000       -7.48906637e+00       1.307670e-03
    10           1000       -7.48906637e+00       1.291805e-03
    20            500       -7.48906637e+00       1.382306e-03
    50            200       -7.48906637e+00       1.431379e-03
    70            142       -7.48900034e+00       1.379378e-03
   100            100       -7.48906637e+00       1.364942e-03
   200             50       -7.48906637e+00       1.564643e-03
   500             20       -7.48906637e+00       2.235688e-03
0 0.0013045246547967878 0.0022356880692650516
Stocahstic error estimate: 1.304525e-03

step=62,E=-0.37445331836796386,dE=-1.1034681117738643e-05,err=6.522623273983939e-05,gmax=0.10108893125213925
	collect g,Hv time= 0.10317063331604004
	solver time=0.021048307418823242,exit status=0
niter= 36
pure_newton= False
	solver time=0.23511338233947754,exit status=0
niter= 221
	prob= 2.800354235916603e-05
	burn in time= 0.5080564022064209
	sample time= 3.307718515396118
	contraction err= 1.6467372377035968e-15 5.009148935947875e-14

Mean energy: -7.49356561e+00
Block size    # of blocks        Mean                Error
     1           10000       -7.49356561e+00       8.068310e-04
     2           5000       -7.49356561e+00       8.055076e-04
     5           2000       -7.49356561e+00       8.047668e-04
    10           1000       -7.49356561e+00       7.940539e-04
    20            500       -7.49356561e+00       7.980159e-04
    50            200       -7.49356561e+00       8.265439e-04
    70            142       -7.49363142e+00       7.961186e-04
   100            100       -7.49356561e+00       7.735514e-04
   200             50       -7.49356561e+00       7.766138e-04
   500             20       -7.49356561e+00       9.600996e-04
0 0.0008068309722245315 0.0009600996095814112
Stocahstic error estimate: 8.068310e-04

	predict=-0.0017040967697874408,actual=(-0.004499242523235303, 0.001533871178656624)
	g=0.5242546400606188,del=0.02833140166389643,dot=0.0034074719936099786,x=9.331682660772694
	prob= 2.800354235916603e-05
	burn in time= 0.4979734420776367
	sample time= 5.242114782333374
	contraction err= 1.6816001306223002e-15 3.469141159907338e-14

Mean energy: -7.49160188e+00
Block size    # of blocks        Mean                Error
     1           10000       -7.49160188e+00       1.030934e-03
     2           5000       -7.49160188e+00       1.028154e-03
     5           2000       -7.49160188e+00       1.018213e-03
    10           1000       -7.49160188e+00       1.001917e-03
    20            500       -7.49160188e+00       9.822260e-04
    50            200       -7.49160188e+00       9.777064e-04
    70            142       -7.49155775e+00       1.029165e-03
   100            100       -7.49160188e+00       1.025746e-03
   200             50       -7.49160188e+00       1.132915e-03
   500             20       -7.49160188e+00       1.531459e-03
0 0.0010309344419105208 0.001531459272770312
Stocahstic error estimate: 1.030934e-03

step=63,E=-0.3745800942458575,dE=-0.00012677587789360344,err=5.1546722095526044e-05,gmax=0.16118792069651167
	collect g,Hv time= 0.1623222827911377
	solver time=0.026840925216674805,exit status=0
niter= 36
pure_newton= False
	solver time=0.2850959300994873,exit status=0
niter= 213
	prob= 2.7002205707044484e-05
	burn in time= 0.4958043098449707
	sample time= 3.293734550476074
	contraction err= 1.5941636875169924e-15 6.292669739273772e-14

Mean energy: -7.49025890e+00
Block size    # of blocks        Mean                Error
     1           10000       -7.49025890e+00       1.241889e-03
     2           5000       -7.49025890e+00       1.240377e-03
     5           2000       -7.49025890e+00       1.230648e-03
    10           1000       -7.49025890e+00       1.216271e-03
    20            500       -7.49025890e+00       1.186060e-03
    50            200       -7.49025890e+00       1.158667e-03
    70            142       -7.49026958e+00       1.163597e-03
   100            100       -7.49025890e+00       1.130279e-03
   200             50       -7.49025890e+00       1.408463e-03
   500             20       -7.49025890e+00       2.043600e-03
0 0.0012418888563129774 0.002043600315433132
Stocahstic error estimate: 1.241889e-03

	predict=-0.0011031046861216683,actual=(0.0013429862639808832, 0.001614036478816917)
	g=0.5433444467555252,del=0.05328415565692524,dot=0.008191297019126883,x=9.331682660772692
	prob= 2.7761758562416495e-05
	burn in time= 0.5083961486816406
	sample time= 5.247270822525024
	contraction err= 1.5729989270345172e-15 5.158073425118488e-14

Mean energy: -7.48457103e+00
Block size    # of blocks        Mean                Error
     1           10000       -7.48457103e+00       1.508676e-03
     2           5000       -7.48457103e+00       1.500804e-03
     5           2000       -7.48457103e+00       1.505600e-03
    10           1000       -7.48457103e+00       1.490508e-03
    20            500       -7.48457103e+00       1.437126e-03
    50            200       -7.48457103e+00       1.340103e-03
    70            142       -7.48464781e+00       1.404641e-03
   100            100       -7.48457103e+00       1.279101e-03
   200             50       -7.48457103e+00       1.471826e-03
   500             20       -7.48457103e+00       1.796348e-03
0 0.0015086761512566357 0.0017963483452918035
Stocahstic error estimate: 1.508676e-03

step=64,E=-0.3742285513076726,dE=0.00035154293818489,err=7.543380756283179e-05,gmax=0.4313597880730111
	collect g,Hv time= 0.12064719200134277
	solver time=0.028717041015625,exit status=0
niter= 39
pure_newton= False
	solver time=0.5493464469909668,exit status=0
niter= 371
	prob= 2.6193553610500627e-05
	burn in time= 0.5157465934753418
	sample time= 3.291109085083008
	contraction err= 1.5583371608742682e-15 2.5130169560094086e-14

Mean energy: -7.49506468e+00
Block size    # of blocks        Mean                Error
     1           10000       -7.49506468e+00       8.671694e-04
     2           5000       -7.49506468e+00       8.654079e-04
     5           2000       -7.49506468e+00       8.628138e-04
    10           1000       -7.49506468e+00       8.570007e-04
    20            500       -7.49506468e+00       8.431826e-04
    50            200       -7.49506468e+00       8.342334e-04
    70            142       -7.49505532e+00       8.449312e-04
   100            100       -7.49506468e+00       8.306665e-04
   200             50       -7.49506468e+00       9.521666e-04
   500             20       -7.49506468e+00       1.283652e-03
0 0.0008671694463530015 0.0012836515291179196
Stocahstic error estimate: 8.671694e-04

	predict=-0.002441404892998594,actual=(-0.010493656473457236, 0.0017401398156638753)
	g=0.9946986776535658,del=0.04496872293330891,dot=0.004881366334863968,x=9.331682660772694
	prob= 2.6193553610500627e-05
	burn in time= 0.5217807292938232
	sample time= 5.229084014892578
	contraction err= 1.5879505477217543e-15 6.37628996405052e-14

Mean energy: -7.49383345e+00
Block size    # of blocks        Mean                Error
     1           10000       -7.49383345e+00       9.313321e-04
     2           5000       -7.49383345e+00       9.297915e-04
     5           2000       -7.49383345e+00       9.278817e-04
    10           1000       -7.49383345e+00       9.220045e-04
    20            500       -7.49383345e+00       9.057289e-04
    50            200       -7.49383345e+00       9.155572e-04
    70            142       -7.49379607e+00       9.275994e-04
   100            100       -7.49383345e+00       8.940175e-04
   200             50       -7.49383345e+00       9.804416e-04
   500             20       -7.49383345e+00       1.107209e-03
0 0.0009313321152449877 0.001107208841314315
Stocahstic error estimate: 9.313321e-04

step=65,E=-0.3746916725708029,dE=-0.0004631212631303061,err=4.6566605762249384e-05,gmax=0.30965226124182166
	collect g,Hv time= 0.13840603828430176
	solver time=0.02471160888671875,exit status=0
niter= 34
pure_newton= False
	solver time=0.2514989376068115,exit status=0
niter= 172
	prob= 2.604021968026352e-05
	burn in time= 0.4958982467651367
	sample time= 3.290536880493164
	contraction err= 1.6021913924795194e-15 3.801081223268047e-14

Mean energy: -7.49048648e+00
Block size    # of blocks        Mean                Error
     1           10000       -7.49048648e+00       1.173225e-03
     2           5000       -7.49048648e+00       1.170790e-03
     5           2000       -7.49048648e+00       1.170483e-03
    10           1000       -7.49048648e+00       1.161203e-03
    20            500       -7.49048648e+00       1.148137e-03
    50            200       -7.49048648e+00       1.169013e-03
    70            142       -7.49043506e+00       1.217607e-03
   100            100       -7.49048648e+00       1.176356e-03
   200             50       -7.49048648e+00       1.402562e-03
   500             20       -7.49048648e+00       2.016613e-03
0 0.001173224834869059 0.0020166134610668835
Stocahstic error estimate: 1.173225e-03

	predict=-0.0014902923106929933,actual=(0.003346975383687223, 0.0014979439315409085)
	g=0.802617308042781,del=0.045741863409825376,dot=0.010947911477153563,x=9.331682660772694
	prob= 2.619283584366339e-05
	burn in time= 0.5107710361480713
	sample time= 5.237039089202881
	contraction err= 1.5262706627316992e-15 1.884581661302635e-14

Mean energy: -7.49433805e+00
Block size    # of blocks        Mean                Error
     1           10000       -7.49433805e+00       8.898728e-04
     2           5000       -7.49433805e+00       8.878451e-04
     5           2000       -7.49433805e+00       8.809355e-04
    10           1000       -7.49433805e+00       8.738251e-04
    20            500       -7.49433805e+00       8.632486e-04
    50            200       -7.49433805e+00       8.334905e-04
    70            142       -7.49431004e+00       8.547926e-04
   100            100       -7.49433805e+00       8.789716e-04
   200             50       -7.49433805e+00       1.104446e-03
   500             20       -7.49433805e+00       1.409102e-03
0 0.000889872759551218 0.0014091015906817885
Stocahstic error estimate: 8.898728e-04

step=66,E=-0.37471690259706175,dE=-2.5230026258871163e-05,err=4.44936379775609e-05,gmax=0.20597828513018912
	collect g,Hv time= 0.12419819831848145
	solver time=0.030476093292236328,exit status=0
niter= 38
pure_newton= False
	solver time=0.28577232360839844,exit status=0
niter= 188
	prob= 2.6375881526370902e-05
	burn in time= 0.505791187286377
	sample time= 3.287368059158325
	contraction err= 1.6770715076614208e-15 3.191368654531831e-14

Mean energy: -7.49148746e+00
Block size    # of blocks        Mean                Error
     1           10000       -7.49148746e+00       1.191315e-03
     2           5000       -7.49148746e+00       1.189609e-03
     5           2000       -7.49148746e+00       1.186076e-03
    10           1000       -7.49148746e+00       1.175071e-03
    20            500       -7.49148746e+00       1.151148e-03
    50            200       -7.49148746e+00       1.092383e-03
    70            142       -7.49143793e+00       1.076627e-03
   100            100       -7.49148746e+00       9.741249e-04
   200             50       -7.49148746e+00       1.168139e-03
   500             20       -7.49148746e+00       1.308324e-03
0 0.001191314864190896 0.001308323511361899
Stocahstic error estimate: 1.191315e-03

	predict=-0.0012789081256061186,actual=(0.0028505873376474256, 0.0014869783568813208)
	g=0.5181346132300596,del=0.05850482187041371,dot=0.010257037784585296,x=9.331682660772694
	prob= 2.6227704020017757e-05
	burn in time= 0.5053966045379639
	sample time= 5.23256516456604
	contraction err= 1.6722997229918611e-15 4.0376728013166647e-14

Mean energy: -7.49492236e+00
Block size    # of blocks        Mean                Error
     1           10000       -7.49492236e+00       8.393280e-04
     2           5000       -7.49492236e+00       8.389749e-04
     5           2000       -7.49492236e+00       8.387754e-04
    10           1000       -7.49492236e+00       8.352802e-04
    20            500       -7.49492236e+00       8.283231e-04
    50            200       -7.49492236e+00       8.130895e-04
    70            142       -7.49490036e+00       8.382636e-04
   100            100       -7.49492236e+00       7.866397e-04
   200             50       -7.49492236e+00       8.257010e-04
   500             20       -7.49492236e+00       8.864622e-04
0 0.0008393279735169134 0.0008864622145228593
Stocahstic error estimate: 8.393280e-04

step=67,E=-0.3747461179713201,dE=-2.921537425835119e-05,err=4.196639867584567e-05,gmax=0.14011934171588758
	collect g,Hv time= 0.13614273071289062
	solver time=0.01949763298034668,exit status=0
niter= 25
pure_newton= False
	solver time=0.29557228088378906,exit status=0
niter= 188
	prob= 2.5406481144838524e-05
	burn in time= 0.49623870849609375
	sample time= 3.2958195209503174
	contraction err= 1.6023823985019504e-15 7.932091684668553e-14

Mean energy: -7.49468943e+00
Block size    # of blocks        Mean                Error
     1           10000       -7.49468943e+00       8.475749e-04
     2           5000       -7.49468943e+00       8.464529e-04
     5           2000       -7.49468943e+00       8.442554e-04
    10           1000       -7.49468943e+00       8.402027e-04
    20            500       -7.49468943e+00       8.438686e-04
    50            200       -7.49468943e+00       9.510704e-04
    70            142       -7.49466529e+00       9.792800e-04
   100            100       -7.49468943e+00       1.011219e-03
   200             50       -7.49468943e+00       1.227009e-03
   500             20       -7.49468943e+00       1.601784e-03
0 0.0008475748516703479 0.0016017843672473406
Stocahstic error estimate: 8.475749e-04

	predict=-0.0008664957623133022,actual=(0.00023293018109704633, 0.0011928346810484766)
	g=0.4996311029316683,del=0.044280042375853514,dot=0.007216871146804302,x=9.331682660772696
	prob= 2.610470417384071e-05
	burn in time= 0.5006651878356934
	sample time= 5.247631788253784
	contraction err= 1.5928827858072233e-15 3.021310228407436e-14

Mean energy: -7.49607168e+00
Block size    # of blocks        Mean                Error
     1           10000       -7.49607168e+00       7.886760e-04
     2           5000       -7.49607168e+00       7.879699e-04
     5           2000       -7.49607168e+00       7.870542e-04
    10           1000       -7.49607168e+00       7.839745e-04
    20            500       -7.49607168e+00       8.043093e-04
    50            200       -7.49607168e+00       7.983091e-04
    70            142       -7.49604747e+00       7.957270e-04
   100            100       -7.49607168e+00       7.894728e-04
   200             50       -7.49607168e+00       7.498576e-04
   500             20       -7.49607168e+00       9.077979e-04
0 0.0007886759676496291 0.0009077978820245605
Stocahstic error estimate: 7.886760e-04

step=68,E=-0.3748035838711579,dE=-5.7465899837794154e-05,err=3.943379838248146e-05,gmax=0.22822049751135465
	collect g,Hv time= 0.12896299362182617
	solver time=0.025073528289794922,exit status=0
niter= 32
pure_newton= False
	solver time=0.44005250930786133,exit status=0
niter= 253
	prob= 2.5803549954426563e-05
	burn in time= 0.505192756652832
	sample time= 3.288008689880371
	contraction err= 1.6098805730165218e-15 3.27356784056991e-14

Mean energy: -7.49324859e+00
Block size    # of blocks        Mean                Error
     1           10000       -7.49324859e+00       9.319075e-04
     2           5000       -7.49324859e+00       9.314763e-04
     5           2000       -7.49324859e+00       9.620558e-04
    10           1000       -7.49324859e+00       9.591108e-04
    20            500       -7.49324859e+00       9.543453e-04
    50            200       -7.49324859e+00       9.499855e-04
    70            142       -7.49321648e+00       9.417740e-04
   100            100       -7.49324859e+00       9.239747e-04
   200             50       -7.49324859e+00       1.116672e-03
   500             20       -7.49324859e+00       1.575653e-03
0 0.0009319074968904157 0.0015756525471783262
Stocahstic error estimate: 9.319075e-04

	predict=-0.001108359340213446,actual=(0.002823092090916468, 0.001220844529294635)
	g=0.6526413451628712,del=0.05998561309292237,dot=0.009272696697542649,x=9.331682660772696
	prob= 2.610528759160418e-05
	burn in time= 0.47556090354919434
	sample time= 5.239697694778442
	contraction err= 1.643734384180656e-15 4.142889083093065e-14

Mean energy: -7.48307901e+00
Block size    # of blocks        Mean                Error
     1           10000       -7.48307901e+00       2.293568e-03
     2           5000       -7.48307901e+00       2.288427e-03
     5           2000       -7.48307901e+00       2.285562e-03
    10           1000       -7.48307901e+00       2.262717e-03
    20            500       -7.48307901e+00       2.219003e-03
    50            200       -7.48307901e+00       2.136615e-03
    70            142       -7.48298304e+00       2.119049e-03
   100            100       -7.48307901e+00       2.065793e-03
   200             50       -7.48307901e+00       2.490583e-03
   500             20       -7.48307901e+00       3.666670e-03
0 0.002293568165011241 0.0036666703050420124
Stocahstic error estimate: 2.293568e-03

step=69,E=-0.37415395045791433,dE=0.0006496334132435777,err=0.00011467840825056205,gmax=0.8129282910884159
	collect g,Hv time= 0.11771965026855469
	solver time=0.029577016830444336,exit status=0
niter= 33
pure_newton= False
	solver time=0.38557004928588867,exit status=0
niter= 219
	prob= 3.147807260164057e-05
	burn in time= 0.49558138847351074
	sample time= 3.3101446628570557
	contraction err= 1.6199380757499555e-15 4.6588003012230096e-14

Mean energy: -7.47908309e+00
Block size    # of blocks        Mean                Error
     1           10000       -7.47908309e+00       2.830435e-03
     2           5000       -7.47908309e+00       2.820309e-03
     5           2000       -7.47908309e+00       2.798119e-03
    10           1000       -7.47908309e+00       2.753843e-03
    20            500       -7.47908309e+00       2.751200e-03
    50            200       -7.47908309e+00       2.503157e-03
    70            142       -7.47896114e+00       2.482960e-03
   100            100       -7.47908309e+00       2.256329e-03
   200             50       -7.47908309e+00       2.701336e-03
   500             20       -7.47908309e+00       4.115086e-03
0 0.0028304353287362033 0.004115085580477353
Stocahstic error estimate: 2.830435e-03

	predict=-0.009344598614870964,actual=(0.0039959231816917296, 0.0036430507926339772)
	g=1.8795570227334728,del=0.14808789921526583,dot=0.12156657343018487,x=9.331682660772694
