RANK= 0
SIZE= 640
Lx,Ly= 8 8
D= 6
chi= 6
rate= 0.1 0.5
cond= 0.001 0.001
nparams= 103968
	burn in time= 352.56135058403015
trouble in torch gesdd routine, falling back to gesvd
trouble in torch gesdd routine, falling back to gesvd
trouble in torch gesdd routine, falling back to gesvd
trouble in torch gesdd routine, falling back to gesvd
trouble in torch gesdd routine, falling back to gesvd
trouble in torch gesdd routine, falling back to gesvd
trouble in torch gesdd routine, falling back to gesvd
trouble in torch gesdd routine, falling back to gesvd
trouble in torch gesdd routine, falling back to gesvd
trouble in torch gesdd routine, falling back to gesvd
trouble in torch gesdd routine, falling back to gesvd
trouble in torch gesdd routine, falling back to gesvd
trouble in torch gesdd routine, falling back to gesvd
trouble in torch gesdd routine, falling back to gesvd
trouble in torch gesdd routine, falling back to gesvd
trouble in torch gesdd routine, falling back to gesvd
trouble in torch gesdd routine, falling back to gesvd
trouble in torch gesdd routine, falling back to gesvd
	sample time= 17634.701767206192
	contraction err= 0.0 0.0

Mean energy: -3.09560447e+01
Block size    # of blocks        Mean                Error
     1           300000       -3.09560447e+01       3.532869e-04
     2           150000       -3.09560447e+01       3.532730e-04
     5           60000       -3.09560447e+01       3.520424e-04
    10           30000       -3.09560447e+01       3.515839e-04
    20           15000       -3.09560447e+01       3.519936e-04
    50           6000       -3.09560447e+01       3.584826e-04
    70           4285       -3.09560297e+01       3.500913e-04
   100           3000       -3.09560447e+01       3.607247e-04
   200           1500       -3.09560447e+01       3.575803e-04
   500            600       -3.09560447e+01       3.627515e-04
0 0.000353286879191415 0.000362751475055377
Stocahstic error estimate: 3.532869e-04

step=24,E=-0.4836881988750991,dE=-0.4836881988750991,err=5.520107487365859e-06,gmax=0.00732498490827993
	collect data time= 37.362060546875
	solver time=32.86354327201843,exit status=0
niter= 106
	solver time=6.889524698257446,exit status=0
niter= 45
	burn in time= 349.9498293399811
	sample time= 8246.767677307129
	contraction err= 0.0 0.0

Mean energy: -3.09571935e+01
Block size    # of blocks        Mean                Error
     1           300000       -3.09571935e+01       3.688916e-04
     2           150000       -3.09571935e+01       3.682600e-04
     5           60000       -3.09571935e+01       3.685062e-04
    10           30000       -3.09571935e+01       3.664374e-04
    20           15000       -3.09571935e+01       3.643997e-04
    50           6000       -3.09571935e+01       3.630385e-04
    70           4285       -3.09571937e+01       3.622862e-04
   100           3000       -3.09571935e+01       3.637703e-04
   200           1500       -3.09571935e+01       3.598960e-04
   500            600       -3.09571935e+01       3.597866e-04
0 0.0003688915764104784 0.0003597866058699068
Stocahstic error estimate: 3.688916e-04

	predict=-0.002854582275839294,actual=(-0.0011488020150949296, 0.0005107764815997476)
	g=0.028020779877321718,del=0.9602945216233342,dot=0.0047634987487781425,x=17.82018454185908
