block_dict= [(0, 422400)]
sizes= [422400]
SIZE= 640
Lx,Ly= 10 8
D= 8
rate= 0.1 0.5
cond= 0.001 0.001
guess= 1

nparam= 422400
	log prob= -9.602292623585816
	burn in time= 27.492321968078613
	sample time= 584.2396323680878
	contraction err= 0.009215689107504884 0.6532449089386672
nsamples= 50638

Mean energy: -3.84219351e+01
Block size    # of blocks        Mean                Error
     1           50638       -3.84219351e+01       1.967290e-03
     2           25319       -3.84219351e+01       2.288814e-03
     5           10127       -3.84219317e+01       2.600877e-03
    10           5063       -3.84219165e+01       2.785847e-03
    20           2531       -3.84218481e+01       2.885080e-03
    50           1012       -3.84218726e+01       2.985134e-03
    70            723       -3.84218701e+01       2.958118e-03
   100            506       -3.84218726e+01       2.972819e-03
   200            253       -3.84218726e+01       2.956400e-03
   500            101       -3.84218271e+01       2.952680e-03
Stocahstic error estimate: 2.885080e-03

step=20,E=-0.4802741893439986,dE=0.0,err=3.6063495863493756e-05,gmax=0.08070608622180409
	collect g,Hv time= 0.5148165225982666
	solver time=9.267480611801147,exit status=0
niter= 32
pure_newton= False
	solver time=102.52509546279907,exit status=0
niter= 175
hessian inversion error= 0.0001941112661673928
	log prob= -11.504605308129294
	burn in time= 27.717488050460815
	sample time= 1222.1917946338654
	contraction err= 0.010212377346960207 0.454352828696601
nsamples= 50638

Mean energy: -3.85244703e+01
Block size    # of blocks        Mean                Error
     1           50638       -3.85244703e+01       1.701719e-03
     2           25319       -3.85244703e+01       1.984840e-03
     5           10127       -3.85244735e+01       2.309723e-03
    10           5063       -3.85244851e+01       2.469492e-03
    20           2531       -3.85244568e+01       2.568412e-03
    50           1012       -3.85244591e+01       2.537367e-03
    70            723       -3.85244538e+01       2.558211e-03
   100            506       -3.85244591e+01       2.602900e-03
   200            253       -3.85244591e+01       2.419380e-03
   500            101       -3.85244237e+01       2.437777e-03
Stocahstic error estimate: 2.568412e-03

	predict=-0.03115517466176891,actual=(array([-0.10253513]), array([0.00256841]))
	g=0.51302804591791,del=1.0121531239352122,dot=0.06230083098929707,x=30.75777780770956

nparam= 422400
	log prob= -11.504605308129294
	burn in time= 27.487444400787354
	sample time= 583.3466243743896
	contraction err= 0.010147300227957524 3.4811908225908765
nsamples= 50638

Mean energy: -3.85190790e+01
Block size    # of blocks        Mean                Error
     1           50638       -3.85190790e+01       2.270471e-03
     2           25319       -3.85190790e+01       2.472781e-03
     5           10127       -3.85190965e+01       2.698838e-03
    10           5063       -3.85191059e+01       2.793454e-03
    20           2531       -3.85192304e+01       2.873749e-03
    50           1012       -3.85192837e+01       3.002141e-03
    70            723       -3.85192665e+01       2.951003e-03
   100            506       -3.85192837e+01       2.949132e-03
   200            253       -3.85192837e+01       2.803380e-03
   500            101       -3.85193195e+01       2.983592e-03
Stocahstic error estimate: 2.793454e-03

step=21,E=-0.48148848741615363,dE=-0.0012142980721550067,err=3.491817600403474e-05,gmax=0.24102215900649782
	collect g,Hv time= 0.5088744163513184
	solver time=11.081570148468018,exit status=0
niter= 38
pure_newton= False
	solver time=81.80426287651062,exit status=0
niter= 139
hessian inversion error= 0.00010947613878572187
	log prob= -13.476092720539796
	burn in time= 28.9103524684906
	sample time= 1234.6302733421326
	contraction err= 0.011456847458358791 6.798621609558421
nsamples= 50638

Mean energy: -3.85939246e+01
Block size    # of blocks        Mean                Error
     1           50638       -3.85939246e+01       3.530490e-03
     2           25319       -3.85939246e+01       3.638070e-03
     5           10127       -3.85939317e+01       3.781749e-03
    10           5063       -3.85939190e+01       3.852910e-03
    20           2531       -3.85939261e+01       3.870305e-03
    50           1012       -3.85939770e+01       3.879617e-03
    70            723       -3.85939773e+01       3.891139e-03
   100            506       -3.85939770e+01       3.885924e-03
   200            253       -3.85939770e+01       3.786763e-03
   500            101       -3.85940831e+01       3.809802e-03
Stocahstic error estimate: 3.638070e-03

	predict=-0.029737546295272265,actual=(array([-0.07484564]), array([0.00363807]))
	g=0.9005127093111409,del=0.8860441950509439,dot=0.059463612670549455,x=30.75777780770955

nparam= 422400
	log prob= -13.476092720539796
	burn in time= 26.531195878982544
	sample time= 588.8163814544678
	contraction err= 0.011274866512853981 2.5884915143014946
nsamples= 50638

Mean energy: -3.86002538e+01
Block size    # of blocks        Mean                Error
     1           50638       -3.86002538e+01       8.545116e-03
     2           25319       -3.86002538e+01       8.588965e-03
     5           10127       -3.86002493e+01       8.644052e-03
    10           5063       -3.86002499e+01       8.671466e-03
    20           2531       -3.86002233e+01       8.724640e-03
    50           1012       -3.86002954e+01       8.763594e-03
    70            723       -3.86002503e+01       8.763380e-03
   100            506       -3.86002954e+01       8.763765e-03
   200            253       -3.86002954e+01       8.781341e-03
   500            101       -3.86003307e+01       8.674323e-03
Stocahstic error estimate: 8.588965e-03

step=22,E=-0.4825031726590594,dE=-0.0010146852429057773,err=0.00010736206843637531,gmax=5.166277907452375
	collect g,Hv time= 0.5110414028167725
	solver time=1.512303113937378,exit status=0
niter= 6
pure_newton= False
	solver time=30.92860460281372,exit status=0
niter= 53
hessian inversion error= 9.999904658966124e-05
	log prob= -14.73550115329892
	burn in time= 27.997069597244263
	sample time= 1237.8930323123932
	contraction err= 0.012457665696963098 1.1245682653069136
nsamples= 50638

Mean energy: -3.86360883e+01
Block size    # of blocks        Mean                Error
     1           50638       -3.86360883e+01       1.437349e-03
     2           25319       -3.86360883e+01       1.680839e-03
     5           10127       -3.86360886e+01       1.900469e-03
    10           5063       -3.86360804e+01       2.035424e-03
    20           2531       -3.86360715e+01       2.097473e-03
    50           1012       -3.86360671e+01       2.241855e-03
    70            723       -3.86360801e+01       2.208366e-03
   100            506       -3.86360671e+01       2.255937e-03
   200            253       -3.86360671e+01       2.310342e-03
   500            101       -3.86360569e+01       2.238718e-03
Stocahstic error estimate: 2.097473e-03

	predict=-0.12303325655927214,actual=(array([-0.03583453]), array([0.00209747]))
	g=18.128063671083005,del=0.545385187471536,dot=0.24543310140484054,x=30.75777780770952

nparam= 422400
	log prob= -14.73550115329892
	burn in time= 30.20220685005188
	sample time= 594.1256115436554
	contraction err= 0.012456610249457335 0.7917199513057733
nsamples= 50638

Mean energy: -3.86362531e+01
Block size    # of blocks        Mean                Error
     1           50638       -3.86362531e+01       1.398063e-03
     2           25319       -3.86362531e+01       1.610865e-03
     5           10127       -3.86362366e+01       1.828523e-03
    10           5063       -3.86362331e+01       1.918119e-03
    20           2531       -3.86362356e+01       1.981928e-03
    50           1012       -3.86362178e+01       2.021565e-03
    70            723       -3.86362455e+01       2.018624e-03
   100            506       -3.86362178e+01       1.974502e-03
   200            253       -3.86362178e+01       1.873103e-03
   500            101       -3.86363487e+01       1.935691e-03
Stocahstic error estimate: 1.918119e-03

step=23,E=-0.48295316367549335,dE=-0.00044999101643394823,err=2.3976483549315662e-05,gmax=0.03304107725620753
	collect g,Hv time= 0.5147671699523926
	solver time=12.531451940536499,exit status=0
niter= 43
pure_newton= False
	solver time=84.97948551177979,exit status=0
niter= 145
hessian inversion error= 0.0003794388657176184
	log prob= -16.33304801979491
	burn in time= 26.59759211540222
	sample time= 1246.7647240161896
	contraction err= 0.013833726058092178 0.8824562660399073
nsamples= 50638

Mean energy: -3.86739506e+01
Block size    # of blocks        Mean                Error
     1           50638       -3.86739506e+01       1.385167e-03
     2           25319       -3.86739506e+01       1.583462e-03
     5           10127       -3.86739357e+01       1.832511e-03
    10           5063       -3.86739370e+01       1.926239e-03
    20           2531       -3.86739323e+01       1.998287e-03
    50           1012       -3.86739747e+01       2.065089e-03
    70            723       -3.86739462e+01       2.016286e-03
   100            506       -3.86739747e+01       2.076739e-03
   200            253       -3.86739747e+01       1.994539e-03
   500            101       -3.86740215e+01       1.966006e-03
Stocahstic error estimate: 1.998287e-03

	predict=-0.011852993622210416,actual=(array([-0.0376975]), array([0.00199829]))
	g=0.2589693852367598,del=0.810256832721061,dot=0.02368938561334208,x=30.75777780770955

nparam= 422400
	log prob= -16.33304801979491
	burn in time= 35.20445656776428
	sample time= 597.1123201847076
	contraction err= 0.013834456051026529 1.5338739568394844
nsamples= 50638

Mean energy: -3.86695715e+01
Block size    # of blocks        Mean                Error
     1           50638       -3.86695715e+01       1.563336e-03
     2           25319       -3.86695715e+01       1.742881e-03
     5           10127       -3.86695761e+01       1.940140e-03
    10           5063       -3.86695446e+01       2.017205e-03
    20           2531       -3.86695632e+01       2.110979e-03
    50           1012       -3.86695460e+01       2.169377e-03
    70            723       -3.86695552e+01       2.125366e-03
   100            506       -3.86695460e+01       2.187309e-03
   200            253       -3.86695460e+01       2.319633e-03
   500            101       -3.86694879e+01       2.369454e-03
Stocahstic error estimate: 2.017205e-03

step=24,E=-0.4833696441102629,dE=-0.00041648043476953943,err=2.5215061169367936e-05,gmax=0.07892709959181232
	collect g,Hv time= 0.5037174224853516
	solver time=12.518509149551392,exit status=0
niter= 43
pure_newton= False
	solver time=124.84646248817444,exit status=0
niter= 213
hessian inversion error= 0.000290278664577757
	log prob= -17.886750353314778
	burn in time= 34.43170642852783
	sample time= 1252.555965423584
	contraction err= 0.01563369974358945 1.0554040229260773
nsamples= 50638

Mean energy: -3.86946416e+01
Block size    # of blocks        Mean                Error
     1           50638       -3.86946416e+01       1.324692e-03
     2           25319       -3.86946416e+01       1.517881e-03
     5           10127       -3.86946248e+01       1.716358e-03
    10           5063       -3.86946491e+01       1.822394e-03
    20           2531       -3.86946393e+01       1.866677e-03
    50           1012       -3.86946706e+01       1.919231e-03
    70            723       -3.86946656e+01       1.977381e-03
   100            506       -3.86946706e+01       1.932859e-03
   200            253       -3.86946706e+01       1.975511e-03
   500            101       -3.86946399e+01       2.094473e-03
Stocahstic error estimate: 1.866677e-03

	predict=-0.015724817156841278,actual=(array([-0.02507008]), array([0.00186668]))
	g=0.3424952888410103,del=1.0494951127195937,dot=0.031415588927490405,x=30.757777807709548

nparam= 422400
	log prob= -17.886750353314778
	burn in time= 26.410210371017456
	sample time= 600.002495765686
	contraction err= 0.015724746883033894 0.9919359710016763
nsamples= 50638

Mean energy: -3.86927775e+01
Block size    # of blocks        Mean                Error
     1           50638       -3.86927775e+01       1.282228e-03
     2           25319       -3.86927775e+01       1.474121e-03
     5           10127       -3.86927731e+01       1.687163e-03
    10           5063       -3.86928075e+01       1.760718e-03
    20           2531       -3.86927992e+01       1.782478e-03
    50           1012       -3.86928404e+01       1.794005e-03
    70            723       -3.86928204e+01       1.868053e-03
   100            506       -3.86928404e+01       1.856085e-03
   200            253       -3.86928404e+01       1.857546e-03
   500            101       -3.86929582e+01       1.911161e-03
Stocahstic error estimate: 1.760718e-03

step=25,E=-0.48365971877506836,dE=-0.0002900746648054842,err=2.2008974274005188e-05,gmax=0.028970668923591347
	collect g,Hv time= 0.5084502696990967
	solver time=12.550076007843018,exit status=0
niter= 43
pure_newton= False
	solver time=122.25219225883484,exit status=0
niter= 209
hessian inversion error= 0.0004884055222624521
	log prob= -19.03752453857886
	burn in time= 26.89013147354126
	sample time= 1254.8436076641083
	contraction err= 0.01658465374892279 4.489917898758218
nsamples= 50638

Mean energy: -3.87133868e+01
Block size    # of blocks        Mean                Error
     1           50638       -3.87133868e+01       1.343504e-03
     2           25319       -3.87133868e+01       1.527384e-03
     5           10127       -3.87133883e+01       1.697347e-03
    10           5063       -3.87133933e+01       1.795488e-03
    20           2531       -3.87134569e+01       1.835337e-03
    50           1012       -3.87134796e+01       1.846721e-03
    70            723       -3.87134669e+01       1.840524e-03
   100            506       -3.87134796e+01       1.790085e-03
   200            253       -3.87134796e+01       1.737825e-03
   500            101       -3.87134737e+01       1.725222e-03
Stocahstic error estimate: 1.835337e-03

	predict=-0.008113924679589674,actual=(array([-0.02060932]), array([0.00183534]))
	g=0.20273198423902075,del=0.9645930800932787,dot=0.01621490865220128,x=30.75777780770958

nparam= 422400
	log prob= -19.03752453857886
	burn in time= 25.640623092651367
	sample time= 602.4015805721283
	contraction err= 0.016820287051153602 3.1599597702056443
nsamples= 50638

Mean energy: -3.87128567e+01
Block size    # of blocks        Mean                Error
     1           50638       -3.87128567e+01       1.549794e-03
     2           25319       -3.87128567e+01       1.703743e-03
     5           10127       -3.87128509e+01       1.875442e-03
    10           5063       -3.87128497e+01       1.927941e-03
    20           2531       -3.87128404e+01       1.919757e-03
    50           1012       -3.87128178e+01       1.899861e-03
    70            723       -3.87128512e+01       1.910049e-03
   100            506       -3.87128178e+01       1.915315e-03
   200            253       -3.87128178e+01       2.035021e-03
   500            101       -3.87127558e+01       2.301247e-03
Stocahstic error estimate: 1.927941e-03

step=26,E=-0.48391070814700743,dE=-0.000250989371939081,err=2.409926627738811e-05,gmax=0.07276301774060231
	collect g,Hv time= 0.5099325180053711
	solver time=12.512209177017212,exit status=0
niter= 43
pure_newton= False
	solver time=491.9608244895935,exit status=0
niter= 839
hessian inversion error= 0.00028687247188841704
	log prob= -20.03305092516029
	burn in time= 24.30082106590271
	sample time= 1259.5225262641907
	contraction err= 0.0177335921286593 2.23162828284986
nsamples= 50638

Mean energy: -3.86461697e+01
Block size    # of blocks        Mean                Error
     1           50638       -3.86461697e+01       3.641782e-02
     2           25319       -3.86461697e+01       4.885411e-02
     5           10127       -3.86461742e+01       6.714194e-02
    10           5063       -3.86461674e+01       8.142133e-02
    20           2531       -3.86461620e+01       8.144615e-02
    50           1012       -3.86461366e+01       8.149054e-02
    70            723       -3.86461671e+01       8.145333e-02
   100            506       -3.86461366e+01       8.144934e-02
   200            253       -3.86461366e+01       8.149465e-02
   500            101       -3.86459661e+01       8.172561e-02
Stocahstic error estimate: 8.144615e-02

	predict=-0.009007669784461953,actual=(array([0.06668697]), array([0.08144615]))
	g=0.3379870516517917,del=1.9758774552706522,dot=0.09766307566817174,x=30.757777807709548

nparam= 422400
	log prob= -19.204802552438963
	burn in time= 27.28420639038086
	sample time= 603.916745185852
	contraction err= 0.016707439585443663 0.6720697607362814
nsamples= 50638

Mean energy: -3.87244491e+01
Block size    # of blocks        Mean                Error
     1           50638       -3.87244491e+01       1.266988e-03
     2           25319       -3.87244491e+01       1.420620e-03
     5           10127       -3.87244459e+01       1.618804e-03
    10           5063       -3.87244467e+01       1.684832e-03
    20           2531       -3.87244583e+01       1.745282e-03
    50           1012       -3.87244660e+01       1.782993e-03
    70            723       -3.87244233e+01       1.820469e-03
   100            506       -3.87244660e+01       1.815864e-03
   200            253       -3.87244660e+01       1.932430e-03
   500            101       -3.87244798e+01       2.223196e-03
Stocahstic error estimate: 1.684832e-03

step=27,E=-0.48405561425056065,dE=-0.00014490610355322175,err=2.1060394705099017e-05,gmax=0.03305832826875843
	collect g,Hv time= 0.5055265426635742
	solver time=12.535479307174683,exit status=0
niter= 43
pure_newton= False
	solver time=9133.280224561691,exit status=500
niter= 15501
hessian inversion error= 0.0023200034987712914
	log prob= -20.235836216031203
	burn in time= 31.163270473480225
	sample time= 1260.7100238800049
	contraction err= 0.018362692710508652 5.389643077575834
nsamples= 50638

Mean energy: -3.87272198e+01
Block size    # of blocks        Mean                Error
     1           50638       -3.87272198e+01       3.264040e-03
     2           25319       -3.87272198e+01       3.343689e-03
     5           10127       -3.87272227e+01       3.446931e-03
    10           5063       -3.87272181e+01       3.501898e-03
    20           2531       -3.87272272e+01       3.521088e-03
    50           1012       -3.87272422e+01       3.570561e-03
    70            723       -3.87272287e+01       3.556591e-03
   100            506       -3.87272422e+01       3.552967e-03
   200            253       -3.87272422e+01       3.460512e-03
   500            101       -3.87272472e+01       3.602018e-03
Stocahstic error estimate: 3.343689e-03

	predict=-0.007115793257294104,actual=(array([-0.0027707]), array([0.00334369]))
	g=0.2181327201352598,del=0.9736936143303231,dot=0.013930933417274537,x=30.75777780770957

nparam= 422400
	log prob= -20.235836216031203
	burn in time= 30.88773226737976
	sample time= 605.0062556266785
	contraction err= 0.01838543993083436 2.0653810318803227
nsamples= 50638

Mean energy: -3.87304432e+01
Block size    # of blocks        Mean                Error
     1           50638       -3.87304432e+01       1.674559e-03
     2           25319       -3.87304432e+01       1.796118e-03
     5           10127       -3.87304504e+01       1.988652e-03
    10           5063       -3.87304693e+01       2.054315e-03
    20           2531       -3.87304748e+01       2.082363e-03
    50           1012       -3.87304837e+01       2.112809e-03
    70            723       -3.87304722e+01       2.189882e-03
   100            506       -3.87304837e+01       2.214841e-03
   200            253       -3.87304837e+01       2.206618e-03
   500            101       -3.87304642e+01       2.272909e-03
Stocahstic error estimate: 2.054315e-03

step=28,E=-0.4841305401347918,dE=-7.492588423110291e-05,err=2.567893631182339e-05,gmax=0.21015124417234665
	collect g,Hv time= 0.507997989654541
	solver time=11.25492548942566,exit status=0
niter= 39
pure_newton= False
	solver time=1052.0101068019867,exit status=0
niter= 1800
hessian inversion error= 0.00015355993631113458
	log prob= -21.040071972874788
	burn in time= 25.715503692626953
	sample time= 1259.0949561595917
	contraction err= 0.019017281830462602 2.150009377931509
nsamples= 50638

Mean energy: -3.87464511e+01
Block size    # of blocks        Mean                Error
     1           50638       -3.87464511e+01       1.245499e-03
     2           25319       -3.87464511e+01       1.425790e-03
     5           10127       -3.87464397e+01       1.632368e-03
    10           5063       -3.87464484e+01       1.673478e-03
    20           2531       -3.87464564e+01       1.750943e-03
    50           1012       -3.87464820e+01       1.737777e-03
    70            723       -3.87464775e+01       1.723764e-03
   100            506       -3.87464820e+01       1.744260e-03
   200            253       -3.87464820e+01       1.820225e-03
   500            101       -3.87464552e+01       1.887542e-03
Stocahstic error estimate: 1.673478e-03

	predict=-0.00805544484441867,actual=(array([-0.01600786]), array([0.00167348]))
	g=0.6489981945997144,del=0.7454571044004441,dot=0.01609862659151266,x=30.757777807709537

nparam= 422400
	log prob= -21.040071972874788
	burn in time= 29.7931067943573
	sample time= 606.6689219474792
	contraction err= 0.01898038792322049 1.357313646445833
nsamples= 50638

Mean energy: -3.87459765e+01
Block size    # of blocks        Mean                Error
     1           50638       -3.87459765e+01       1.246786e-03
     2           25319       -3.87459765e+01       1.405378e-03
     5           10127       -3.87459668e+01       1.568938e-03
    10           5063       -3.87459765e+01       1.659557e-03
    20           2531       -3.87459825e+01       1.708235e-03
    50           1012       -3.87460125e+01       1.724717e-03
    70            723       -3.87459960e+01       1.723950e-03
   100            506       -3.87460125e+01       1.748414e-03
   200            253       -3.87460125e+01       1.732162e-03
   500            101       -3.87460336e+01       1.724450e-03
Stocahstic error estimate: 1.708235e-03

step=29,E=-0.48432470681030776,dE=-0.0001941666755159943,err=2.135293878025447e-05,gmax=0.057980260187486476
	collect g,Hv time= 0.5086455345153809
	solver time=12.341095924377441,exit status=0
niter= 42
pure_newton= False
	solver time=9155.816199064255,exit status=500
niter= 15501
hessian inversion error= 0.0026986563171068926
	log prob= -21.780953575885466
	burn in time= 26.470332384109497
	sample time= 1260.9988226890564
	contraction err= 0.020034958136728606 1.156166018521724
nsamples= 50638

Mean energy: -3.87513224e+01
Block size    # of blocks        Mean                Error
     1           50638       -3.87513224e+01       1.328319e-03
     2           25319       -3.87513224e+01       1.513408e-03
     5           10127       -3.87513181e+01       1.705031e-03
    10           5063       -3.87513040e+01       1.820886e-03
    20           2531       -3.87512879e+01       1.853608e-03
    50           1012       -3.87512594e+01       1.877875e-03
    70            723       -3.87512733e+01       1.866609e-03
   100            506       -3.87512594e+01       1.907314e-03
   200            253       -3.87512594e+01       1.960202e-03
   500            101       -3.87511836e+01       1.996569e-03
Stocahstic error estimate: 1.853608e-03

	predict=-0.005993754023074147,actual=(array([-0.00534583]), array([0.00185361]))
	g=0.22168774541279354,del=0.708409002033784,dot=0.011744822919417666,x=30.757777807709516

nparam= 422400
	log prob= -21.780953575885466
	burn in time= 25.763052225112915
	sample time= 607.4864645004272
	contraction err= 0.01997527118022073 1.9348208071817554
nsamples= 50638

Mean energy: -3.87530662e+01
Block size    # of blocks        Mean                Error
     1           50638       -3.87530662e+01       1.252101e-03
     2           25319       -3.87530662e+01       1.421282e-03
     5           10127       -3.87530716e+01       1.554994e-03
    10           5063       -3.87530923e+01       1.625400e-03
    20           2531       -3.87530941e+01       1.644311e-03
    50           1012       -3.87531021e+01       1.750664e-03
    70            723       -3.87530820e+01       1.725000e-03
   100            506       -3.87531021e+01       1.742556e-03
   200            253       -3.87531021e+01       1.710834e-03
   500            101       -3.87531261e+01       1.711828e-03
Stocahstic error estimate: 1.625400e-03

step=30,E=-0.48441332700901657,dE=-8.862019870878868e-05,err=2.0317498914721584e-05,gmax=0.047480181311045
	collect g,Hv time= 0.5091729164123535
	solver time=12.221265077590942,exit status=0
niter= 42
pure_newton= False
