block_dict= [(0, 9820)]
sizes= [9820]
SIZE= 640
L= 200
nspin= (100, 100)
nparam= 9820

nparam= 9820
	log prob= 31.34219346425367
	burn in time= 111.08387327194214
	sample time= 201.78571248054504
	contraction err= 3.1352574448340498e-15 2.993177483606487e-14
nsamples= 16638

Mean energy: -7.04789727e+01
Block size    # of blocks        Mean                Error
     1           16638       -7.04789727e+01       1.559549e-02
     2           8319       -7.04789727e+01       1.561156e-02
     5           3327       -7.04790388e+01       1.592981e-02
    10           1663       -7.04786843e+01       1.610097e-02
    20            831       -7.04786802e+01       1.582427e-02
    50            332       -7.04801286e+01       1.609028e-02
    70            237       -7.04799475e+01       1.678626e-02
   100            166       -7.04801286e+01       1.624100e-02
   200             83       -7.04801286e+01       1.513647e-02
   500             33       -7.04814278e+01       1.592209e-02
Stocahstic error estimate: 1.561156e-02

step=0,E=-0.35239486336746884,dE=0.0,err=7.805780207618637e-05,gmax=0.09475247038949253
	collect g,h time= 0.1707603931427002
	solver time=0.0546870231628418,exit status=0
niter= 34
pure_newton= False
	solver time=4.717563629150391,exit status=0
niter= 2236
hessian inversion error= 9.99495466395883e-05
	log prob= 9.394010163499779
	burn in time= 111.41108822822571
	sample time= 520.7872805595398
	contraction err= 3.2272241133168154e-15 1.7492106044318164e-14
nsamples= 16638

Mean energy: -6.99190885e+01
Block size    # of blocks        Mean                Error
     1           16638       -6.99190885e+01       2.004176e-02
     2           8319       -6.99190885e+01       2.382349e-02
     5           3327       -6.99193219e+01       3.132749e-02
    10           1663       -6.99188634e+01       3.849326e-02
    20            831       -6.99192319e+01       4.647593e-02
    50            332       -6.99186347e+01       5.883465e-02
    70            237       -6.99187300e+01       6.112518e-02
   100            166       -6.99186347e+01       6.558058e-02
   200             83       -6.99186347e+01       6.564414e-02
   500             33       -6.99192317e+01       6.821632e-02
Stocahstic error estimate: 6.112518e-02

	predict=-0.6049978565868684,actual=(array([0.5599]), array([0.0611]))
	g=0.9240605861336906,del=8.737592979222306,dot=3.239199098950893,x=37.71896074920411

nparam= 9820
	log prob= 27.1730133311768
	burn in time= 110.7060489654541
	sample time= 205.27896761894226
	contraction err= 3.1450775079949565e-15 3.272403773663046e-14
nsamples= 16638

Mean energy: -7.10223300e+01
Block size    # of blocks        Mean                Error
     1           16638       -7.10223300e+01       1.384523e-02
     2           8319       -7.10223300e+01       1.379297e-02
     5           3327       -7.10223742e+01       1.360470e-02
    10           1663       -7.10224528e+01       1.374772e-02
    20            831       -7.10221257e+01       1.368798e-02
    50            332       -7.10222500e+01       1.375323e-02
    70            237       -7.10218893e+01       1.286556e-02
   100            166       -7.10222500e+01       1.297047e-02
   200             83       -7.10222500e+01       1.354491e-02
   500             33       -7.10221078e+01       1.468097e-02
Stocahstic error estimate: 1.384523e-02

step=1,E=-0.3551116498950535,dE=-0.0027167865275846735,err=6.922616807383862e-05,gmax=0.154861016301318
	collect g,h time= 0.16655373573303223
	solver time=0.04142928123474121,exit status=0
niter= 29
pure_newton= False
	solver time=0.9869048595428467,exit status=0
niter= 469
hessian inversion error= 9.874600678708296e-05
	log prob= 5.248042419271578
	burn in time= 111.82172083854675
	sample time= 520.3371188640594
	contraction err= 3.256140311862709e-15 1.8572395709740316e-14
nsamples= 16638

Mean energy: -6.98940111e+01
Block size    # of blocks        Mean                Error
     1           16638       -6.98940111e+01       1.941545e-02
     2           8319       -6.98940111e+01       2.347427e-02
     5           3327       -6.98940020e+01       3.149880e-02
    10           1663       -6.98936816e+01       3.960269e-02
    20            831       -6.98942308e+01       4.934772e-02
    50            332       -6.98943652e+01       6.318721e-02
    70            237       -6.98946202e+01       6.522458e-02
   100            166       -6.98943652e+01       7.123033e-02
   200             83       -6.98943652e+01       7.741822e-02
   500             33       -6.98947734e+01       7.822684e-02
Stocahstic error estimate: 6.522458e-02

	predict=-0.4931106322931821,actual=(array([1.1283]), array([0.0652]))
	g=0.9244653734385359,del=5.3730072882675985,dot=2.1481805686982023,x=37.71896074920411

nparam= 9820
	log prob= 24.38911161858072
	burn in time= 111.95832419395447
	sample time= 205.24562311172485
	contraction err= 3.1436302248122205e-15 2.1770525028562954e-14
nsamples= 16638

Mean energy: -7.13747809e+01
Block size    # of blocks        Mean                Error
     1           16638       -7.13747809e+01       1.270990e-02
     2           8319       -7.13747809e+01       1.285612e-02
     5           3327       -7.13746972e+01       1.287046e-02
    10           1663       -7.13746560e+01       1.286933e-02
    20            831       -7.13746318e+01       1.301347e-02
    50            332       -7.13753355e+01       1.341697e-02
    70            237       -7.13752344e+01       1.320180e-02
   100            166       -7.13753355e+01       1.350217e-02
   200             83       -7.13753355e+01       1.258316e-02
   500             33       -7.13759160e+01       1.321936e-02
Stocahstic error estimate: 1.285612e-02

step=2,E=-0.3568739043741874,dE=-0.0017622544791338869,err=6.428058661210073e-05,gmax=0.10041595298264674
	collect g,h time= 0.16643333435058594
	solver time=0.04859280586242676,exit status=0
niter= 35
pure_newton= False
	solver time=0.7923166751861572,exit status=0
niter= 374
hessian inversion error= 9.271220748701119e-05
	log prob= 3.5188274206385954
	burn in time= 112.55353736877441
	sample time= 521.9559969902039
	contraction err= 3.2638486810599492e-15 2.3108968457662162e-14
nsamples= 16638

Mean energy: -7.12945147e+01
Block size    # of blocks        Mean                Error
     1           16638       -7.12945147e+01       1.618319e-02
     2           8319       -7.12945147e+01       1.937453e-02
     5           3327       -7.12947936e+01       2.560956e-02
    10           1663       -7.12946115e+01       3.179374e-02
    20            831       -7.12950372e+01       3.893979e-02
    50            332       -7.12952713e+01       4.866794e-02
    70            237       -7.12953241e+01       5.197568e-02
   100            166       -7.12952713e+01       5.438543e-02
   200             83       -7.12952713e+01       5.757057e-02
   500             33       -7.12937188e+01       5.546313e-02
Stocahstic error estimate: 5.438543e-02

	predict=-0.3805645819455411,actual=(array([0.0803]), array([0.0544]))
	g=0.8056252732256772,del=6.525577888599155,dot=1.8850883358945534,x=37.71896074920411

nparam= 9820
	log prob= 21.33443069360942
	burn in time= 111.01281762123108
	sample time= 205.36022520065308
	contraction err= 3.1632416123799474e-15 1.4551388488310815e-14
nsamples= 16638

Mean energy: -7.16871258e+01
Block size    # of blocks        Mean                Error
     1           16638       -7.16871258e+01       1.188555e-02
     2           8319       -7.16871258e+01       1.191327e-02
     5           3327       -7.16868019e+01       1.194909e-02
    10           1663       -7.16865329e+01       1.185963e-02
    20            831       -7.16863874e+01       1.224485e-02
    50            332       -7.16862546e+01       1.168610e-02
    70            237       -7.16863379e+01       1.163324e-02
   100            166       -7.16862546e+01       1.276059e-02
   200             83       -7.16862546e+01       1.273576e-02
   500             33       -7.16876299e+01       1.375692e-02
Stocahstic error estimate: 1.191327e-02

step=3,E=-0.3584356289398443,dE=-0.0015617245656569167,err=5.956633282880814e-05,gmax=0.2804737877116612
	collect g,h time= 0.1672220230102539
	solver time=0.05193448066711426,exit status=0
niter= 38
pure_newton= False
	solver time=0.8004612922668457,exit status=0
niter= 374
hessian inversion error= 9.913901490799255e-05
	log prob= 1.0383429411291056
	burn in time= 112.01930856704712
	sample time= 521.6881384849548
	contraction err= 3.2142391114451373e-15 2.4937680535417346e-14
nsamples= 16638

Mean energy: -7.17706265e+01
Block size    # of blocks        Mean                Error
     1           16638       -7.17706265e+01       1.411059e-02
     2           8319       -7.17706265e+01       1.683599e-02
     5           3327       -7.17706490e+01       2.226520e-02
    10           1663       -7.17709102e+01       2.766759e-02
    20            831       -7.17707982e+01       3.446168e-02
    50            332       -7.17702250e+01       4.270688e-02
    70            237       -7.17698030e+01       4.658129e-02
   100            166       -7.17702250e+01       4.809354e-02
   200             83       -7.17702250e+01       4.848088e-02
   500             33       -7.17707746e+01       4.390785e-02
Stocahstic error estimate: 4.809354e-02

	predict=-0.3342732426206859,actual=(array([-0.0835]), array([0.0481]))
	g=0.8384483100815886,del=5.222065977263897,dot=0.6685098043000436,x=37.7189607492041

nparam= 9820
	log prob= 1.0383429411291056
	burn in time= 111.34334349632263
	sample time= 205.0344786643982
	contraction err= 3.2256468633426995e-15 1.627474396680325e-14
nsamples= 16638

Mean energy: -7.17935059e+01
Block size    # of blocks        Mean                Error
     1           16638       -7.17935059e+01       1.383886e-02
     2           8319       -7.17935059e+01       1.640915e-02
     5           3327       -7.17934018e+01       2.115057e-02
    10           1663       -7.17934121e+01       2.558180e-02
    20            831       -7.17930911e+01       3.004760e-02
    50            332       -7.17925355e+01       3.250463e-02
    70            237       -7.17937106e+01       3.247847e-02
   100            166       -7.17925355e+01       3.408664e-02
   200             83       -7.17925355e+01       3.229551e-02
   500             33       -7.17972863e+01       3.219053e-02
Stocahstic error estimate: 3.250463e-02

step=4,E=-0.3589675292699569,dE=-0.0005319003301125491,err=0.000162523151710265,gmax=0.2646836171753151
	collect g,h time= 0.1673903465270996
	solver time=0.04439520835876465,exit status=0
niter= 32
pure_newton= False
	solver time=0.7646236419677734,exit status=0
niter= 361
hessian inversion error= 0.00017285256586117024
	log prob= -14.359056078485956
	burn in time= 111.636953830719
	sample time= 521.013188123703
	contraction err= 3.2617554956956755e-15 2.6372705567640403e-14
nsamples= 16638

Mean energy: -7.29787366e+01
Block size    # of blocks        Mean                Error
     1           16638       -7.29787366e+01       1.027469e-02
     2           8319       -7.29787366e+01       1.180127e-02
     5           3327       -7.29786417e+01       1.505558e-02
    10           1663       -7.29785592e+01       1.833279e-02
    20            831       -7.29784627e+01       2.234556e-02
    50            332       -7.29787049e+01       2.748795e-02
    70            237       -7.29792675e+01       2.832091e-02
   100            166       -7.29787049e+01       2.998249e-02
   200             83       -7.29787049e+01       3.129912e-02
   500             33       -7.29798190e+01       3.465056e-02
Stocahstic error estimate: 2.832091e-02

	predict=-0.4759799876138427,actual=(array([-1.1852]), array([0.0283]))
	g=1.736053354514554,del=4.053772542821308,dot=0.9519231508088776,x=37.7189607492041

nparam= 9820
	log prob= -14.359056078485956
	burn in time= 110.87631464004517
	sample time= 204.98383021354675
	contraction err= 3.255317910848848e-15 2.159899416419289e-14
nsamples= 16638

Mean energy: -7.29643977e+01
Block size    # of blocks        Mean                Error
     1           16638       -7.29643977e+01       1.018618e-02
     2           8319       -7.29643977e+01       1.185598e-02
     5           3327       -7.29643045e+01       1.529892e-02
    10           1663       -7.29640635e+01       1.843682e-02
    20            831       -7.29639463e+01       2.186910e-02
    50            332       -7.29633890e+01       2.272436e-02
    70            237       -7.29634064e+01       2.506006e-02
   100            166       -7.29633890e+01       2.484626e-02
   200             83       -7.29633890e+01       2.643028e-02
   500             33       -7.29656448e+01       2.150225e-02
Stocahstic error estimate: 2.272436e-02

step=5,E=-0.3648219887089178,dE=-0.005854459438960902,err=0.00011362181579367392,gmax=0.2323366937078054
	collect g,h time= 0.16781044006347656
	solver time=0.05747246742248535,exit status=0
niter= 43
pure_newton= False
	solver time=0.9218037128448486,exit status=0
niter= 439
hessian inversion error= 0.00013382734174955408
	log prob= -23.898042788705528
	burn in time= 112.36012864112854
	sample time= 520.6930403709412
	contraction err= 3.288021289650302e-15 2.8905745284229666e-14
nsamples= 16638

Mean energy: -7.35981741e+01
Block size    # of blocks        Mean                Error
     1           16638       -7.35981741e+01       7.367138e-03
     2           8319       -7.35981741e+01       8.394810e-03
     5           3327       -7.35980573e+01       1.044422e-02
    10           1663       -7.35985733e+01       1.269082e-02
    20            831       -7.35987542e+01       1.579003e-02
    50            332       -7.35986403e+01       2.050873e-02
    70            237       -7.35984971e+01       2.262987e-02
   100            166       -7.35986403e+01       2.506560e-02
   200             83       -7.35986403e+01       2.933935e-02
   500             33       -7.35987292e+01       2.731967e-02
Stocahstic error estimate: 2.933935e-02

	predict=-0.2310328434099205,actual=(array([-0.6338]), array([0.0293]))
	g=1.3408023377418565,del=2.3757083884169847,dot=0.46205263137514635,x=37.7189607492041

nparam= 9820
	log prob= -23.898042788705528
	burn in time= 111.18834018707275
	sample time= 205.13114857673645
	contraction err= 3.2675055235649e-15 3.3556552682660045e-14
nsamples= 16638

Mean energy: -7.36045774e+01
Block size    # of blocks        Mean                Error
     1           16638       -7.36045774e+01       7.520875e-03
     2           8319       -7.36045774e+01       8.321716e-03
     5           3327       -7.36045910e+01       9.852657e-03
    10           1663       -7.36044237e+01       1.154886e-02
    20            831       -7.36042953e+01       1.320419e-02
    50            332       -7.36041345e+01       1.464708e-02
    70            237       -7.36041453e+01       1.550618e-02
   100            166       -7.36041345e+01       1.501424e-02
   200             83       -7.36041345e+01       1.634792e-02
   500             33       -7.36054533e+01       1.460440e-02
Stocahstic error estimate: 1.550618e-02

step=6,E=-0.36802288703907565,dE=-0.0032008983301578552,err=7.753088632206712e-05,gmax=0.19613586734046096
	collect g,h time= 0.16695475578308105
	solver time=0.05269217491149902,exit status=0
niter= 39
pure_newton= False
	solver time=0.9231741428375244,exit status=0
niter= 441
hessian inversion error= 0.00012196666007472877
	log prob= -30.201059617244457
	burn in time= 111.76526188850403
	sample time= 520.6265377998352
	contraction err= 3.267152343172476e-15 1.769332469652416e-14
nsamples= 16638

Mean energy: -7.39182734e+01
Block size    # of blocks        Mean                Error
     1           16638       -7.39182734e+01       6.040631e-03
     2           8319       -7.39182734e+01       6.678439e-03
     5           3327       -7.39182728e+01       7.978537e-03
    10           1663       -7.39182270e+01       9.366085e-03
    20            831       -7.39182225e+01       1.103214e-02
    50            332       -7.39181639e+01       1.387017e-02
    70            237       -7.39180564e+01       1.472498e-02
   100            166       -7.39181639e+01       1.557069e-02
   200             83       -7.39181639e+01       1.959629e-02
   500             33       -7.39191414e+01       2.019384e-02
Stocahstic error estimate: 2.019384e-02

	predict=-0.12674911815678294,actual=(array([-0.3137]), array([0.0202]))
	g=1.2213404841872673,del=1.4412157129214747,dot=0.2534877045770263,x=37.718960749204115

nparam= 9820
	log prob= -30.201059617244457
	burn in time= 110.89910173416138
	sample time= 205.06553530693054
	contraction err= 3.277987872406135e-15 2.208626391508577e-14
nsamples= 16638

Mean energy: -7.38884316e+01
Block size    # of blocks        Mean                Error
     1           16638       -7.38884316e+01       6.214908e-03
     2           8319       -7.38884316e+01       6.998170e-03
     5           3327       -7.38884862e+01       8.679918e-03
    10           1663       -7.38884203e+01       1.025511e-02
    20            831       -7.38886041e+01       1.188883e-02
    50            332       -7.38884850e+01       1.313050e-02
    70            237       -7.38883508e+01       1.461737e-02
   100            166       -7.38884850e+01       1.476327e-02
   200             83       -7.38884850e+01       1.566881e-02
   500             33       -7.38873713e+01       1.720878e-02
Stocahstic error estimate: 1.476327e-02

step=7,E=-0.36944215792797225,dE=-0.0014192708888965911,err=7.381636580723238e-05,gmax=0.42974238949300103
	collect g,h time= 0.16673040390014648
	solver time=0.04069375991821289,exit status=0
niter= 29
pure_newton= False
	solver time=0.974597692489624,exit status=0
niter= 466
hessian inversion error= 0.0001719338846948798
	log prob= -33.800550561767466
	burn in time= 112.11114549636841
	sample time= 520.3848977088928
	contraction err= 3.272993059383019e-15 3.5632407310835466e-14
nsamples= 16638

Mean energy: -7.40818482e+01
Block size    # of blocks        Mean                Error
     1           16638       -7.40818482e+01       5.343243e-03
     2           8319       -7.40818482e+01       6.070645e-03
     5           3327       -7.40817923e+01       7.626992e-03
    10           1663       -7.40817661e+01       9.190860e-03
    20            831       -7.40818625e+01       1.086643e-02
    50            332       -7.40819413e+01       1.346953e-02
    70            237       -7.40819819e+01       1.366360e-02
   100            166       -7.40819413e+01       1.399929e-02
   200             83       -7.40819413e+01       1.570425e-02
   500             33       -7.40822953e+01       1.755628e-02
Stocahstic error estimate: 1.366360e-02

	predict=-0.08821400947405272,actual=(array([-0.1934]), array([0.0137]))
	g=1.7279281854819504,del=0.9628554142988865,dot=0.17639946714733323,x=37.71896074920411

nparam= 9820
	log prob= -33.800550561767466
	burn in time= 111.33382320404053
	sample time= 204.8085687160492
	contraction err= 3.2901337749190173e-15 2.6791336646904e-14
nsamples= 16638

Mean energy: -7.40683139e+01
Block size    # of blocks        Mean                Error
     1           16638       -7.40683139e+01       5.643026e-03
     2           8319       -7.40683139e+01       6.458278e-03
     5           3327       -7.40682801e+01       8.031259e-03
    10           1663       -7.40683673e+01       9.489406e-03
    20            831       -7.40683657e+01       1.068436e-02
    50            332       -7.40682274e+01       1.166389e-02
    70            237       -7.40681852e+01       1.259955e-02
   100            166       -7.40682274e+01       1.204757e-02
   200             83       -7.40682274e+01       1.305069e-02
   500             33       -7.40680876e+01       1.320170e-02
Stocahstic error estimate: 1.259955e-02

step=8,E=-0.3703415693075709,dE=-0.0008994113795986891,err=6.299776446207306e-05,gmax=0.16118298512882134
	collect g,h time= 0.16685914993286133
	solver time=0.057630300521850586,exit status=0
niter= 43
pure_newton= False
	solver time=0.9954848289489746,exit status=0
niter= 478
hessian inversion error= 0.00011709965779890549
	log prob= -36.43371506307531
	burn in time= 111.33491277694702
	sample time= 520.2112727165222
	contraction err= 3.270567674768994e-15 2.357809823898624e-14
nsamples= 16638

Mean energy: -7.42315430e+01
Block size    # of blocks        Mean                Error
     1           16638       -7.42315430e+01       4.698263e-03
     2           8319       -7.42315430e+01       5.240217e-03
     5           3327       -7.42315170e+01       6.104769e-03
    10           1663       -7.42315171e+01       6.844975e-03
    20            831       -7.42318322e+01       7.617584e-03
    50            332       -7.42319154e+01       8.412162e-03
    70            237       -7.42318151e+01       8.526489e-03
   100            166       -7.42319154e+01       8.867690e-03
   200             83       -7.42319154e+01       9.430915e-03
   500             33       -7.42319790e+01       9.188419e-03
Stocahstic error estimate: 8.526489e-03

	predict=-0.07058935718099296,actual=(array([-0.1632]), array([0.0085]))
	g=1.1770652057827005,del=0.7810871884797052,dot=0.1411683117953649,x=37.71896074920411

nparam= 9820
	log prob= -36.43371506307531
	burn in time= 111.62327289581299
	sample time= 204.61016011238098
	contraction err= 3.2813050430676574e-15 7.59063046444854e-14
nsamples= 16638

Mean energy: -7.41949225e+01
Block size    # of blocks        Mean                Error
     1           16638       -7.41949225e+01       5.179172e-03
     2           8319       -7.41949225e+01       6.024728e-03
     5           3327       -7.41949003e+01       7.651245e-03
    10           1663       -7.41948880e+01       9.261011e-03
    20            831       -7.41949115e+01       1.107019e-02
    50            332       -7.41948759e+01       1.190273e-02
    70            237       -7.41948651e+01       1.248895e-02
   100            166       -7.41948759e+01       1.187493e-02
   200             83       -7.41948759e+01       1.246129e-02
   500             33       -7.41952649e+01       1.443215e-02
Stocahstic error estimate: 1.248895e-02

step=9,E=-0.37097461245172736,dE=-0.0006330431441564599,err=6.244476145578349e-05,gmax=0.27993262350874104
	collect g,h time= 0.1690354347229004
	solver time=0.033997535705566406,exit status=0
niter= 24
pure_newton= False
	solver time=1.2534050941467285,exit status=0
niter= 560
hessian inversion error= 0.00011049750861409466
	log prob= -38.0837217848622
	burn in time= 112.01113152503967
	sample time= 521.3818876743317
	contraction err= 3.2540644222042027e-15 2.0920846405860943e-14
nsamples= 16638

Mean energy: -7.43274120e+01
Block size    # of blocks        Mean                Error
     1           16638       -7.43274120e+01       4.403629e-03
     2           8319       -7.43274120e+01       4.950864e-03
     5           3327       -7.43274192e+01       6.019386e-03
    10           1663       -7.43274925e+01       6.922996e-03
    20            831       -7.43274932e+01       8.025711e-03
    50            332       -7.43276253e+01       9.093073e-03
    70            237       -7.43276148e+01       9.547416e-03
   100            166       -7.43276253e+01       1.004458e-02
   200             83       -7.43276253e+01       1.048826e-02
   500             33       -7.43273734e+01       1.189385e-02
Stocahstic error estimate: 9.547416e-03

	predict=-0.05912701485468111,actual=(array([-0.1325]), array([0.0095]))
	g=1.186182429641004,del=0.7037653449831979,dot=0.11825935896939954,x=37.71896074920412

nparam= 9820
	log prob= -38.0837217848622
	burn in time= 111.35868048667908
	sample time= 204.57356142997742
	contraction err= 3.2855391594072664e-15 2.370196474072568e-14
nsamples= 16638

Mean energy: -7.43130346e+01
Block size    # of blocks        Mean                Error
     1           16638       -7.43130346e+01       4.817195e-03
     2           8319       -7.43130346e+01       5.625181e-03
     5           3327       -7.43130478e+01       7.085937e-03
    10           1663       -7.43129525e+01       8.635981e-03
    20            831       -7.43128933e+01       1.013362e-02
    50            332       -7.43128721e+01       1.093772e-02
    70            237       -7.43132956e+01       1.154292e-02
   100            166       -7.43128721e+01       1.109172e-02
   200             83       -7.43128721e+01       1.120315e-02
   500             33       -7.43127818e+01       1.192970e-02
Stocahstic error estimate: 1.154292e-02

step=10,E=-0.3715651729093854,dE=-0.0005905604576580003,err=5.77145883046781e-05,gmax=0.18523479066269355
	collect g,h time= 0.1676945686340332
	solver time=0.04683637619018555,exit status=0
niter= 34
pure_newton= False
	solver time=1.09224271774292,exit status=0
niter= 529
hessian inversion error= 9.81970849599069e-05
	log prob= -39.2965232924362
	burn in time= 111.47837686538696
	sample time= 519.6516137123108
	contraction err= 3.266565184233036e-15 2.906910192064176e-14
nsamples= 16638

Mean energy: -7.43866189e+01
Block size    # of blocks        Mean                Error
     1           16638       -7.43866189e+01       4.706450e-03
     2           8319       -7.43866189e+01       5.625169e-03
     5           3327       -7.43865892e+01       7.471177e-03
    10           1663       -7.43867299e+01       9.266351e-03
    20            831       -7.43866580e+01       1.180446e-02
    50            332       -7.43865924e+01       1.573119e-02
    70            237       -7.43865339e+01       1.580347e-02
   100            166       -7.43865924e+01       1.814002e-02
   200             83       -7.43865924e+01       1.856619e-02
   500             33       -7.43866010e+01       1.849033e-02
Stocahstic error estimate: 1.580347e-02

	predict=-0.05224448025842948,actual=(array([-0.0736]), array([0.0158]))
	g=1.059918404507592,del=0.6045848972932095,dot=0.10447992650220082,x=37.71896074920411

nparam= 9820
	log prob= -39.2965232924362
	burn in time= 110.998291015625
	sample time= 204.29880046844482
	contraction err= 3.2643344386174746e-15 1.8383423935219233e-14
nsamples= 16638

Mean energy: -7.43998440e+01
Block size    # of blocks        Mean                Error
     1           16638       -7.43998440e+01       4.269225e-03
     2           8319       -7.43998440e+01       5.008469e-03
     5           3327       -7.43997887e+01       6.261807e-03
    10           1663       -7.43998883e+01       7.617494e-03
    20            831       -7.43997951e+01       8.671582e-03
    50            332       -7.43996598e+01       9.547580e-03
    70            237       -7.43995546e+01       1.001306e-02
   100            166       -7.43996598e+01       9.776704e-03
   200             83       -7.43996598e+01       9.678266e-03
   500             33       -7.43989143e+01       1.140109e-02
Stocahstic error estimate: 1.001306e-02

step=11,E=-0.3719992199599075,dE=-0.00043404705052211054,err=5.006527960174989e-05,gmax=0.4858182889874376
	collect g,h time= 0.16960453987121582
	solver time=0.05641531944274902,exit status=0
niter= 42
pure_newton= False
	solver time=1.0328476428985596,exit status=0
niter= 498
hessian inversion error= 0.00010935946703088687
	log prob= -40.47387246202055
	burn in time= 111.93693518638611
	sample time= 519.1177208423615
	contraction err= 3.266609298564059e-15 3.2472969767457835e-14
nsamples= 16638

Mean energy: -7.44573109e+01
Block size    # of blocks        Mean                Error
     1           16638       -7.44573109e+01       4.233943e-03
     2           8319       -7.44573109e+01       5.101259e-03
     5           3327       -7.44572889e+01       6.712769e-03
    10           1663       -7.44573022e+01       8.342838e-03
    20            831       -7.44572477e+01       1.056199e-02
    50            332       -7.44570150e+01       1.360101e-02
    70            237       -7.44569963e+01       1.442090e-02
   100            166       -7.44570150e+01       1.428231e-02
   200             83       -7.44570150e+01       1.685800e-02
   500             33       -7.44568256e+01       1.550659e-02
Stocahstic error estimate: 1.442090e-02

	predict=-0.04156015871561847,actual=(array([-0.0575]), array([0.0144]))
	g=1.171493343107592,del=0.5351805031808096,dot=0.08310906192146701,x=37.7189607492041

nparam= 9820
	log prob= -40.47387246202055
	burn in time= 110.78279519081116
	sample time= 204.29057574272156
	contraction err= 3.263111515261812e-15 3.1420745730017844e-14
nsamples= 16638

Mean energy: -7.44542028e+01
Block size    # of blocks        Mean                Error
     1           16638       -7.44542028e+01       4.365185e-03
     2           8319       -7.44542028e+01       5.270462e-03
     5           3327       -7.44542393e+01       6.969722e-03
    10           1663       -7.44541757e+01       8.513676e-03
    20            831       -7.44542139e+01       1.009689e-02
    50            332       -7.44541150e+01       1.113249e-02
    70            237       -7.44539475e+01       1.147096e-02
   100            166       -7.44541150e+01       1.144255e-02
   200             83       -7.44541150e+01       1.246337e-02
   500             33       -7.44531125e+01       1.147804e-02
Stocahstic error estimate: 1.147096e-02

step=12,E=-0.3722710141620501,dE=-0.00027179420214260117,err=5.7354812001606586e-05,gmax=0.2767016847702486
	collect g,h time= 0.16747450828552246
	solver time=0.04561638832092285,exit status=0
niter= 33
pure_newton= False
	solver time=1.1179871559143066,exit status=0
niter= 529
hessian inversion error= 0.0001306237950913626
	log prob= -41.27927484291937
	burn in time= 112.76429033279419
	sample time= 519.0990340709686
	contraction err= 3.237073294001908e-15 6.341420629868678e-14
nsamples= 16638

Mean energy: -7.45301345e+01
Block size    # of blocks        Mean                Error
     1           16638       -7.45301345e+01       3.855999e-03
     2           8319       -7.45301345e+01       4.541748e-03
     5           3327       -7.45301027e+01       5.905663e-03
    10           1663       -7.45301357e+01       7.275309e-03
    20            831       -7.45300904e+01       8.852394e-03
    50            332       -7.45300358e+01       9.593817e-03
    70            237       -7.45299367e+01       1.078413e-02
   100            166       -7.45300358e+01       1.038022e-02
   200             83       -7.45300358e+01       1.089683e-02
   500             33       -7.45297017e+01       1.086140e-02
Stocahstic error estimate: 1.078413e-02

	predict=-0.04205020724475664,actual=(array([-0.0759]), array([0.0108]))
	g=1.360517120169158,del=0.4932997426249007,dot=0.08409103883125407,x=37.7189607492041

nparam= 9820
	log prob= -41.27927484291937
	burn in time= 111.54806637763977
	sample time= 204.05258107185364
	contraction err= 3.2258639436177623e-15 2.3815550389474358e-14
nsamples= 16638

Mean energy: -7.45412008e+01
Block size    # of blocks        Mean                Error
     1           16638       -7.45412008e+01       3.561270e-03
     2           8319       -7.45412008e+01       4.059031e-03
     5           3327       -7.45413371e+01       4.976436e-03
    10           1663       -7.45413413e+01       5.679736e-03
    20            831       -7.45411518e+01       6.343247e-03
    50            332       -7.45410868e+01       7.390724e-03
    70            237       -7.45410181e+01       7.112623e-03
   100            166       -7.45410868e+01       7.617007e-03
   200             83       -7.45410868e+01       7.986022e-03
   500             33       -7.45409285e+01       7.606031e-03
Stocahstic error estimate: 7.390724e-03

step=13,E=-0.37270600412453936,dE=-0.00043498996248928276,err=3.6953619948174986e-05,gmax=0.4649955046045573
	collect g,h time= 0.16673588752746582
	solver time=0.04022645950317383,exit status=0
niter= 29
pure_newton= False
	solver time=0.9734146595001221,exit status=0
niter= 462
hessian inversion error= 0.00013261091499698987
	log prob= -42.04146390743652
	burn in time= 111.81982231140137
	sample time= 518.4912552833557
	contraction err= 3.217342300390483e-15 2.777899597896946e-14
nsamples= 16638

Mean energy: -7.45695400e+01
Block size    # of blocks        Mean                Error
     1           16638       -7.45695400e+01       4.346843e-03
     2           8319       -7.45695400e+01       5.404542e-03
     5           3327       -7.45694973e+01       7.504321e-03
    10           1663       -7.45694432e+01       9.628753e-03
    20            831       -7.45693963e+01       1.220681e-02
    50            332       -7.45693582e+01       1.716319e-02
    70            237       -7.45692580e+01       1.751869e-02
   100            166       -7.45693582e+01       1.836139e-02
   200             83       -7.45693582e+01       2.090847e-02
   500             33       -7.45694927e+01       2.575653e-02
Stocahstic error estimate: 1.751869e-02

	predict=-0.030875263970828334,actual=(array([-0.0283]), array([0.0175]))
	g=1.3305430576536892,del=0.4006782221147267,dot=0.06173912249891195,x=37.71896074920411

nparam= 9820
	log prob= -42.04146390743652
	burn in time= 110.37700963020325
	sample time= 204.05149626731873
	contraction err= 3.2398493042451746e-15 5.859297994623337e-14
nsamples= 16638

Mean energy: -7.45812727e+01
Block size    # of blocks        Mean                Error
     1           16638       -7.45812727e+01       3.670652e-03
     2           8319       -7.45812727e+01       4.353159e-03
     5           3327       -7.45812697e+01       5.615022e-03
    10           1663       -7.45812660e+01       6.784721e-03
    20            831       -7.45815064e+01       7.798986e-03
    50            332       -7.45814569e+01       8.708993e-03
    70            237       -7.45814332e+01       8.479694e-03
   100            166       -7.45814569e+01       8.745299e-03
   200             83       -7.45814569e+01       8.406628e-03
   500             33       -7.45817672e+01       8.930627e-03
Stocahstic error estimate: 8.708993e-03

step=14,E=-0.37290636344236183,dE=-0.0002003593178224605,err=4.3544965947823744e-05,gmax=0.3799575388498475
	collect g,h time= 0.16976594924926758
	solver time=0.03651785850524902,exit status=0
niter= 26
pure_newton= False
	solver time=0.9761154651641846,exit status=0
niter= 467
hessian inversion error= 0.00013553580380595005
	log prob= -42.65382310516908
	burn in time= 111.24197912216187
	sample time= 518.1763422489166
	contraction err= 3.176468006228983e-15 3.880678569460254e-14
nsamples= 16638

Mean energy: -7.46660774e+01
Block size    # of blocks        Mean                Error
     1           16638       -7.46660774e+01       3.024242e-03
     2           8319       -7.46660774e+01       3.462850e-03
     5           3327       -7.46660638e+01       4.167508e-03
    10           1663       -7.46660876e+01       4.783125e-03
    20            831       -7.46662409e+01       5.264718e-03
    50            332       -7.46662431e+01       6.095709e-03
    70            237       -7.46662392e+01       5.956911e-03
   100            166       -7.46662431e+01       6.179087e-03
   200             83       -7.46662431e+01       6.270175e-03
   500             33       -7.46663464e+01       5.857661e-03
Stocahstic error estimate: 6.095709e-03

	predict=-0.030543961666509765,actual=(array([-0.0848]), array([0.0061]))
	g=1.4296220477505681,del=0.384630347619082,dot=0.0610780487621402,x=37.718960749204115

nparam= 9820
	log prob= -42.65382310516908
	burn in time= 110.33305358886719
	sample time= 203.9905333518982
	contraction err= 3.2169723536179357e-15 4.459265854430428e-14
nsamples= 16638

Mean energy: -7.46262679e+01
Block size    # of blocks        Mean                Error
     1           16638       -7.46262679e+01       3.731713e-03
     2           8319       -7.46262679e+01       4.626460e-03
     5           3327       -7.46262704e+01       6.261815e-03
    10           1663       -7.46262332e+01       7.904897e-03
    20            831       -7.46263004e+01       9.634420e-03
    50            332       -7.46262324e+01       1.041142e-02
    70            237       -7.46261403e+01       1.031670e-02
   100            166       -7.46262324e+01       1.193944e-02
   200             83       -7.46262324e+01       1.134052e-02
   500             33       -7.46255893e+01       1.103502e-02
Stocahstic error estimate: 1.041142e-02

step=15,E=-0.37313133971602575,dE=-0.0002249762736639127,err=5.205710648700411e-05,gmax=0.19123910915470177
	collect g,h time= 0.16583824157714844
	solver time=0.05384469032287598,exit status=0
niter= 40
pure_newton= False
	solver time=1.0376105308532715,exit status=0
niter= 498
hessian inversion error= 0.00012288204145394165
	log prob= -43.22194382880903
	burn in time= 111.58614778518677
	sample time= 518.7473773956299
	contraction err= 3.177532122818625e-15 1.9946602033999434e-14
nsamples= 16638

Mean energy: -7.46888322e+01
Block size    # of blocks        Mean                Error
     1           16638       -7.46888322e+01       3.250384e-03
     2           8319       -7.46888322e+01       3.885994e-03
     5           3327       -7.46888255e+01       5.163750e-03
    10           1663       -7.46888216e+01       6.524959e-03
    20            831       -7.46888382e+01       8.236572e-03
    50            332       -7.46886790e+01       9.683526e-03
    70            237       -7.46886113e+01       9.534107e-03
   100            166       -7.46886790e+01       9.578852e-03
   200             83       -7.46886790e+01       1.100645e-02
   500             33       -7.46888330e+01       1.190059e-02
Stocahstic error estimate: 9.683526e-03

	predict=-0.029851538566362947,actual=(array([-0.0626]), array([0.0097]))
	g=1.2352630374494402,del=0.3521416658570064,dot=0.059693471076325735,x=37.7189607492041

nparam= 9820
	log prob= -43.22194382880903
	burn in time= 109.32014799118042
	sample time= 203.80232858657837
	contraction err= 3.1905569859430206e-15 2.594681514155342e-14
nsamples= 16638

Mean energy: -7.46656166e+01
Block size    # of blocks        Mean                Error
     1           16638       -7.46656166e+01       3.780456e-03
     2           8319       -7.46656166e+01       4.673152e-03
     5           3327       -7.46655738e+01       6.399759e-03
    10           1663       -7.46655033e+01       8.008791e-03
    20            831       -7.46654686e+01       9.378996e-03
    50            332       -7.46654859e+01       1.091034e-02
    70            237       -7.46654873e+01       1.046203e-02
   100            166       -7.46654859e+01       1.136183e-02
   200             83       -7.46654859e+01       1.160930e-02
   500             33       -7.46653851e+01       1.328726e-02
Stocahstic error estimate: 1.091034e-02

step=16,E=-0.37332808317648675,dE=-0.00019674346046102186,err=5.455172204794353e-05,gmax=0.6576074388391859
	collect g,h time= 0.16631412506103516
	solver time=0.05163979530334473,exit status=0
niter= 38
pure_newton= False
	solver time=0.8855381011962891,exit status=0
niter= 405
hessian inversion error= 0.00014802197023962302
	log prob= -43.786504447525225
	burn in time= 110.33624649047852
	sample time= 517.7821600437164
	contraction err= 3.1448143171390886e-15 1.9696947276374277e-14
nsamples= 16638

Mean energy: -7.47207936e+01
Block size    # of blocks        Mean                Error
     1           16638       -7.47207936e+01       3.145368e-03
     2           8319       -7.47207936e+01       3.706173e-03
     5           3327       -7.47207698e+01       4.742680e-03
    10           1663       -7.47207637e+01       5.801226e-03
    20            831       -7.47207498e+01       6.981658e-03
    50            332       -7.47207124e+01       8.689565e-03
    70            237       -7.47206732e+01       9.746746e-03
   100            166       -7.47207124e+01       9.584238e-03
   200             83       -7.47207124e+01       9.850889e-03
   500             33       -7.47208657e+01       1.172860e-02
Stocahstic error estimate: 9.746746e-03

	predict=-0.030817507977505217,actual=(array([-0.0552]), array([0.0097]))
	g=1.5699655389176828,del=0.3165586618055675,dot=0.06162429629107992,x=37.718960749204115

nparam= 9820
	log prob= -43.786504447525225
	burn in time= 109.33537673950195
	sample time= 203.6812286376953
	contraction err= 3.1175064553649782e-15 2.7512013087271254e-14
nsamples= 16638

Mean energy: -7.47230585e+01
Block size    # of blocks        Mean                Error
     1           16638       -7.47230585e+01       3.338918e-03
     2           8319       -7.47230585e+01       4.035982e-03
     5           3327       -7.47230040e+01       5.461650e-03
    10           1663       -7.47229728e+01       6.902227e-03
    20            831       -7.47230051e+01       8.390482e-03
    50            332       -7.47227581e+01       8.820762e-03
    70            237       -7.47226801e+01       9.198161e-03
   100            166       -7.47227581e+01       9.820071e-03
   200             83       -7.47227581e+01       1.062376e-02
   500             33       -7.47220790e+01       8.676656e-03
Stocahstic error estimate: 9.198161e-03

step=17,E=-0.3736152926232302,dE=-0.00028720944674340385,err=4.599080301267963e-05,gmax=0.2324554436236852
	collect g,h time= 0.16506457328796387
	solver time=0.04808807373046875,exit status=0
niter= 35
pure_newton= False
	solver time=0.8446638584136963,exit status=0
niter= 405
hessian inversion error= 0.00014516638543858658
	log prob= -44.32631974200181
	burn in time= 110.15449666976929
	sample time= 517.2085430622101
	contraction err= 3.1281825808942498e-15 1.9573656279190203e-14
nsamples= 16638

Mean energy: -7.47585767e+01
Block size    # of blocks        Mean                Error
     1           16638       -7.47585767e+01       3.025232e-03
     2           8319       -7.47585767e+01       3.505549e-03
     5           3327       -7.47586016e+01       4.422895e-03
    10           1663       -7.47586277e+01       5.341496e-03
    20            831       -7.47587339e+01       6.249342e-03
    50            332       -7.47587965e+01       7.721285e-03
    70            237       -7.47588024e+01       8.092669e-03
   100            166       -7.47587965e+01       8.393511e-03
   200             83       -7.47587965e+01       9.618884e-03
   500             33       -7.47585569e+01       1.016748e-02
Stocahstic error estimate: 8.092669e-03

	predict=-0.024490770217133064,actual=(array([-0.0355]), array([0.0081]))
	g=1.457653262640023,del=0.2828260308573942,dot=0.048973643600362576,x=37.71896074920411

nparam= 9820
	log prob= -44.32631974200181
	burn in time= 108.6645450592041
	sample time= 203.50667357444763
	contraction err= 3.142437883631942e-15 2.5826488011448757e-14
nsamples= 16638

Mean energy: -7.47293515e+01
Block size    # of blocks        Mean                Error
     1           16638       -7.47293515e+01       5.227848e-03
     2           8319       -7.47293515e+01       6.203856e-03
     5           3327       -7.47293030e+01       8.221210e-03
    10           1663       -7.47295377e+01       1.029296e-02
    20            831       -7.47297153e+01       1.264046e-02
    50            332       -7.47298416e+01       1.405953e-02
    70            237       -7.47298266e+01       1.466492e-02
   100            166       -7.47298416e+01       1.492301e-02
   200             83       -7.47298416e+01       1.467489e-02
   500             33       -7.47345805e+01       1.573440e-02
Stocahstic error estimate: 1.466492e-02

step=18,E=-0.37364675734506364,dE=-3.14647218334585e-05,err=7.332457661067783e-05,gmax=11.397250813347352
	collect g,h time= 0.16734075546264648
	solver time=0.01300048828125,exit status=0
niter= 9
pure_newton= False
	solver time=0.29032468795776367,exit status=0
niter= 124
hessian inversion error= 0.0015781398985749984
	log prob= -45.03706516518913
	burn in time= 110.20388913154602
	sample time= 517.1496431827545
	contraction err= 3.132241918191757e-15 2.6818196088246966e-14
nsamples= 16638

Mean energy: -7.47571154e+01
Block size    # of blocks        Mean                Error
     1           16638       -7.47571154e+01       3.986355e-03
     2           8319       -7.47571154e+01       5.164962e-03
     5           3327       -7.47570314e+01       7.428214e-03
    10           1663       -7.47569714e+01       1.001978e-02
    20            831       -7.47573919e+01       1.338624e-02
    50            332       -7.47577056e+01       1.903394e-02
    70            237       -7.47576845e+01       2.244674e-02
   100            166       -7.47577056e+01       2.510437e-02
   200             83       -7.47577056e+01       2.807670e-02
   500             33       -7.47573897e+01       2.910308e-02
Stocahstic error estimate: 2.910308e-02

	predict=-0.04989847356131442,actual=(array([-0.0278]), array([0.0291]))
	g=15.929234325718607,del=0.1614775682988376,dot=0.099706421676839,x=37.718960749204115

nparam= 9820
	log prob= -45.03706516518913
	burn in time= 109.36325669288635
	sample time= 203.48088788986206
	contraction err= 3.0815065171227767e-15 2.2878638159069433e-14
nsamples= 16638

Mean energy: -7.47787012e+01
Block size    # of blocks        Mean                Error
     1           16638       -7.47787012e+01       3.463552e-03
     2           8319       -7.47787012e+01       4.471323e-03
     5           3327       -7.47786730e+01       6.419844e-03
    10           1663       -7.47786104e+01       8.301607e-03
    20            831       -7.47784946e+01       1.060809e-02
    50            332       -7.47783981e+01       1.211730e-02
    70            237       -7.47782931e+01       1.290281e-02
   100            166       -7.47783981e+01       1.341179e-02
   200             83       -7.47783981e+01       1.361530e-02
   500             33       -7.47777271e+01       1.319905e-02
Stocahstic error estimate: 1.341179e-02

step=19,E=-0.37389350600740323,dE=-0.00024674866233958425,err=6.705897317677969e-05,gmax=0.25184230914251593
	collect g,h time= 0.16642284393310547
	solver time=0.04892539978027344,exit status=0
niter= 36
pure_newton= False
	solver time=0.7857029438018799,exit status=0
niter= 374
hessian inversion error= 0.0001499379255373368
	log prob= -45.49790669996013
	burn in time= 110.79059743881226
	sample time= 516.9631402492523
	contraction err= 3.0518590010909888e-15 2.9071966711589615e-14
nsamples= 16638

Mean energy: -7.48172018e+01
Block size    # of blocks        Mean                Error
     1           16638       -7.48172018e+01       3.182759e-03
     2           8319       -7.48172018e+01       4.066831e-03
     5           3327       -7.48172168e+01       5.826738e-03
    10           1663       -7.48171588e+01       7.643085e-03
    20            831       -7.48171613e+01       1.006028e-02
    50            332       -7.48173214e+01       1.392287e-02
    70            237       -7.48172316e+01       1.520124e-02
   100            166       -7.48173214e+01       1.811813e-02
   200             83       -7.48173214e+01       1.876830e-02
   500             33       -7.48175287e+01       2.161636e-02
Stocahstic error estimate: 1.876830e-02

	predict=-0.02383143522981039,actual=(array([-0.0385]), array([0.0188]))
	g=1.6047009502409537,del=0.23360986806332087,dot=0.04765442619175192,x=37.718960749204115

nparam= 9820
	log prob= -45.49790669996013
	burn in time= 110.02158331871033
	sample time= 203.23213863372803
	contraction err= 3.0666125806980676e-15 2.332102915495878e-14
nsamples= 16638

Mean energy: -7.48120885e+01
Block size    # of blocks        Mean                Error
     1           16638       -7.48120885e+01       3.303156e-03
     2           8319       -7.48120885e+01       4.180611e-03
     5           3327       -7.48127020e+01       5.951339e-03
    10           1663       -7.48138674e+01       7.451679e-03
    20            831       -7.48162386e+01       8.878486e-03
    50            332       -7.48187121e+01       9.214347e-03
    70            237       -7.48187646e+01       1.061751e-02
   100            166       -7.48187121e+01       1.069431e-02
   200             83       -7.48187121e+01       1.118488e-02
   500             33       -7.48185820e+01       9.931947e-03
Stocahstic error estimate: 9.214347e-03

step=20,E=-0.3740604425437246,dE=-0.00016693653632138706,err=4.6071735476105724e-05,gmax=0.46479771358082456
	collect g,h time= 0.16774868965148926
	solver time=0.04887795448303223,exit status=0
niter= 36
pure_newton= False
	solver time=0.772057056427002,exit status=0
niter= 370
hessian inversion error= 0.00016962036845506826
	log prob= -46.073125146389955
	burn in time= 109.88780927658081
	sample time= 516.723592042923
	contraction err= 3.0472102209015e-15 2.350047390429155e-14
nsamples= 16638

Mean energy: -7.48468054e+01
Block size    # of blocks        Mean                Error
     1           16638       -7.48468054e+01       2.482310e-03
     2           8319       -7.48468054e+01       3.043269e-03
     5           3327       -7.48468085e+01       4.138807e-03
    10           1663       -7.48467852e+01       5.173676e-03
    20            831       -7.48467126e+01       6.282036e-03
    50            332       -7.48469553e+01       7.876344e-03
    70            237       -7.48469564e+01       8.070374e-03
   100            166       -7.48469553e+01       9.509718e-03
   200             83       -7.48469553e+01       9.950829e-03
   500             33       -7.48470620e+01       1.099421e-02
Stocahstic error estimate: 8.070374e-03

	predict=-0.021846946530775284,actual=(array([-0.0347]), array([0.0081]))
	g=1.699262774507294,del=0.19992075055045547,dot=0.04368337515241179,x=37.718960749204115

nparam= 9820
	log prob= -46.073125146389955
	burn in time= 109.22694706916809
	sample time= 203.30122804641724
	contraction err= 3.032521839003518e-15 3.6325737631295645e-14
nsamples= 16638

Mean energy: -7.48481956e+01
Block size    # of blocks        Mean                Error
     1           16638       -7.48481956e+01       2.713446e-03
     2           8319       -7.48481956e+01       3.373226e-03
     5           3327       -7.48481700e+01       4.612931e-03
    10           1663       -7.48481763e+01       5.857209e-03
    20            831       -7.48480998e+01       7.261061e-03
    50            332       -7.48480798e+01       9.046623e-03
    70            237       -7.48481403e+01       9.369742e-03
   100            166       -7.48480798e+01       9.527917e-03
   200             83       -7.48480798e+01       9.533344e-03
   500             33       -7.48479969e+01       7.834113e-03
Stocahstic error estimate: 9.369742e-03

step=21,E=-0.37424097802983824,dE=-0.00018053548611362657,err=4.684871086776984e-05,gmax=0.26660530732510423
	collect g,h time= 0.16670632362365723
	solver time=0.03395342826843262,exit status=0
niter= 24
pure_newton= False
	solver time=0.7787151336669922,exit status=0
niter= 368
hessian inversion error= 0.00014789195492520367
	log prob= -46.45849274422091
	burn in time= 110.49494910240173
	sample time= 516.5736899375916
	contraction err= 3.0215141684251206e-15 3.39088430683443e-14
nsamples= 16638

Mean energy: -7.48601006e+01
Block size    # of blocks        Mean                Error
     1           16638       -7.48601006e+01       2.736549e-03
     2           8319       -7.48601006e+01       3.456344e-03
     5           3327       -7.48601322e+01       4.907551e-03
    10           1663       -7.48601133e+01       6.291870e-03
    20            831       -7.48600522e+01       7.823153e-03
    50            332       -7.48600886e+01       9.741961e-03
    70            237       -7.48600620e+01       1.107694e-02
   100            166       -7.48600886e+01       1.144871e-02
   200             83       -7.48600886e+01       1.149950e-02
   500             33       -7.48598142e+01       1.199304e-02
Stocahstic error estimate: 1.144871e-02

	predict=-0.015711262182710406,actual=(array([-0.0119]), array([0.0114]))
	g=1.4815701859141033,del=0.1710015898854385,dot=0.03141474554588697,x=37.71896074920411

nparam= 9820
	log prob= -46.45849274422091
	burn in time= 108.82442545890808
	sample time= 203.04302763938904
	contraction err= 3.012766531177933e-15 3.11070862178589e-14
nsamples= 16638

Mean energy: -7.48487383e+01
Block size    # of blocks        Mean                Error
     1           16638       -7.48487383e+01       3.193252e-03
     2           8319       -7.48487383e+01       4.125915e-03
     5           3327       -7.48487154e+01       5.945573e-03
    10           1663       -7.48486784e+01       7.715789e-03
    20            831       -7.48486024e+01       9.875769e-03
    50            332       -7.48484315e+01       1.146924e-02
    70            237       -7.48483409e+01       1.229479e-02
   100            166       -7.48484315e+01       1.208690e-02
   200             83       -7.48484315e+01       1.135986e-02
   500             33       -7.48477023e+01       1.458296e-02
Stocahstic error estimate: 1.229479e-02

step=22,E=-0.3742436915144382,dE=-2.7134845999654546e-06,err=6.147392535516249e-05,gmax=0.2964462203823821
	collect g,h time= 0.16689467430114746
	solver time=0.05032062530517578,exit status=0
niter= 37
pure_newton= False
	solver time=0.6956534385681152,exit status=0
niter= 330
hessian inversion error= 0.00016987757051254725
	log prob= -46.935472746910456
	burn in time= 110.33809804916382
	sample time= 516.2114827632904
	contraction err= 2.936121230676778e-15 2.1797170282225668e-14
nsamples= 16638

Mean energy: -7.48898534e+01
Block size    # of blocks        Mean                Error
     1           16638       -7.48898534e+01       2.574635e-03
     2           8319       -7.48898534e+01       3.287168e-03
     5           3327       -7.48898478e+01       4.735104e-03
    10           1663       -7.48898398e+01       6.343774e-03
    20            831       -7.48898307e+01       8.092433e-03
    50            332       -7.48899534e+01       9.881373e-03
    70            237       -7.48900103e+01       1.097456e-02
   100            166       -7.48899534e+01       1.162896e-02
   200             83       -7.48899534e+01       1.283931e-02
   500             33       -7.48899288e+01       1.492655e-02
	predict=-0.020129341445119908,actual=(array([-0.0411]), array([0.0149]))
	g=1.700040987235654,del=0.17699315002153046,dot=0.04024963512814923,x=37.71896074920411

nparam= 9820
	log prob= -46.935472746910456
	burn in time= 109.20596480369568
	sample time= 202.93320751190186
	contraction err= 2.962745894539835e-15 1.95140740449809e-14
nsamples= 16638

Mean energy: -7.48680191e+01
Block size    # of blocks        Mean                Error
     1           16638       -7.48680191e+01       3.295177e-03
     2           8319       -7.48680191e+01       4.283330e-03
     5           3327       -7.48680495e+01       6.249645e-03
    10           1663       -7.48681545e+01       8.263017e-03
    20            831       -7.48681239e+01       1.031853e-02
    50            332       -7.48679949e+01       1.252116e-02
    70            237       -7.48679932e+01       1.200076e-02
   100            166       -7.48679949e+01       1.281284e-02
   200             83       -7.48679949e+01       1.321056e-02
   500             33       -7.48674474e+01       1.403052e-02
Stocahstic error estimate: 1.252116e-02

step=23,E=-0.37434009556082737,dE=-9.640404638915357e-05,err=6.260579767764024e-05,gmax=0.4003075499339239
	collect g,h time= 0.1664876937866211
	solver time=0.05259442329406738,exit status=0
niter= 39
pure_newton= False
	solver time=0.6508584022521973,exit status=0
niter= 311
hessian inversion error= 0.00016894861397926707
	log prob= -47.38037083826005
	burn in time= 109.70867657661438
	sample time= 515.9374303817749
	contraction err= 2.9299511137859837e-15 2.610006490306942e-14
nsamples= 16638

Mean energy: -7.48979768e+01
Block size    # of blocks        Mean                Error
     1           16638       -7.48979768e+01       2.440484e-03
     2           8319       -7.48979768e+01       3.104213e-03
     5           3327       -7.48979665e+01       4.395945e-03
    10           1663       -7.48979340e+01       5.830537e-03
    20            831       -7.48978946e+01       7.706488e-03
    50            332       -7.48979530e+01       1.079255e-02
    70            237       -7.48979758e+01       1.133058e-02
   100            166       -7.48979530e+01       1.128854e-02
   200             83       -7.48979530e+01       1.095764e-02
   500             33       -7.48978265e+01       1.204520e-02
Stocahstic error estimate: 1.133058e-02

	predict=-0.01972373520320677,actual=(array([-0.03]), array([0.0113]))
	g=1.6967369678359319,del=0.1606741664352568,dot=0.039438822926870884,x=37.7189607492041

nparam= 9820
	log prob= -47.38037083826005
	burn in time= 109.8531847000122
	sample time= 202.91975903511047
	contraction err= 2.928563975495457e-15 6.677019104262655e-14
nsamples= 16638

Mean energy: -7.48859334e+01
Block size    # of blocks        Mean                Error
     1           16638       -7.48859334e+01       3.204850e-03
     2           8319       -7.48859334e+01       4.204296e-03
     5           3327       -7.48859177e+01       6.063030e-03
    10           1663       -7.48859377e+01       8.019615e-03
    20            831       -7.48858519e+01       1.048983e-02
    50            332       -7.48857090e+01       1.106388e-02
    70            237       -7.48856372e+01       1.155405e-02
   100            166       -7.48857090e+01       1.216882e-02
   200             83       -7.48857090e+01       1.303061e-02
   500             33       -7.48851940e+01       1.306202e-02
Stocahstic error estimate: 1.155405e-02

step=24,E=-0.37442966707339775,dE=-8.957151257042995e-05,err=5.7770259849307135e-05,gmax=0.5053678383264262
	collect g,h time= 0.1673901081085205
	solver time=0.04654264450073242,exit status=0
niter= 34
pure_newton= False
	solver time=0.6142106056213379,exit status=0
niter= 281
hessian inversion error= 0.0001848767328885174
	log prob= -47.81080176316095
	burn in time= 111.04149174690247
