SIZE= 140
Lx,Ly= 4 4
nelec= (7, 7)
D= 8
chi= 8
burn in= 40
nparam= 16364
	burn in time= 12.919965744018555
	sample time= 1757.0254745483398
	contraction err= 3.481758508116543e-20 2.6020852139652106e-18

Mean energy: -1.00198389e+01
Block size    # of blocks        Mean                Error
     1           60000       -1.00198389e+01       4.178795e-03
     2           30000       -1.00198389e+01       4.373181e-03
     5           12000       -1.00198389e+01       4.882212e-03
    10           6000       -1.00198389e+01       5.624114e-03
    20           3000       -1.00198389e+01       6.936456e-03
    50           1200       -1.00198389e+01       9.794884e-03
    70            857       -1.00198654e+01       1.125910e-02
   100            600       -1.00198389e+01       1.308629e-02
   200            300       -1.00198389e+01       1.789284e-02
   500            120       -1.00198389e+01       2.670180e-02
0 0.004373181301572153 0.02670180370196009
Stocahstic error estimate: 4.373181e-03

step=16,E=-0.6262399331374644,dE=-0.6262399331374644,err=0.00027332383134825956
	collect data time= 5.269325256347656
	solver time=15.2392737865448,exit status=0
niter= 174
niter= 42
	solver time=1.910888433456421,exit status=0
	burn in time= 14.95171070098877
	sample time= 279.3556776046753
	contraction err= 7.033961516272852e-20 6.071532165918825e-18

Mean energy: -9.98211300e+00
Block size    # of blocks        Mean                Error
     1           60000       -9.98211300e+00       4.450771e-03
     2           30000       -9.98211300e+00       4.448407e-03
     5           12000       -9.98211300e+00       4.506787e-03
    10           6000       -9.98211300e+00       4.576347e-03
    20           3000       -9.98211300e+00       4.621747e-03
    50           1200       -9.98211300e+00       4.685260e-03
    70            857       -9.98219336e+00       4.858637e-03
   100            600       -9.98211300e+00       4.883308e-03
   200            300       -9.98211300e+00       5.338154e-03
   500            120       -9.98211300e+00       6.355494e-03
0 0.0044507706048927224 0.0063554935682133265
Stocahstic error estimate: 4.450771e-03

	predict=-0.07856817886734183,actual=(0.037725932719734345, 0.006239717435413036)
	g=1.0604996825585142,del=2.1486421642009024,dot=1.0433212629122113,x=13.367841583884008
saving to  ./psi17
	burn in time= 13.77942442893982
	sample time= 1749.5088012218475
	contraction err= 4.3218773537409497e-20 3.469446951953614e-18

Mean energy: -1.00019064e+01
Block size    # of blocks        Mean                Error
     1           60000       -1.00019064e+01       4.342474e-03
     2           30000       -1.00019064e+01       4.336659e-03
     5           12000       -1.00019064e+01       4.295398e-03
    10           6000       -1.00019064e+01       4.301115e-03
    20           3000       -1.00019064e+01       4.344274e-03
    50           1200       -1.00019064e+01       4.404339e-03
    70            857       -1.00019292e+01       4.297461e-03
   100            600       -1.00019064e+01       4.485955e-03
   200            300       -1.00019064e+01       4.394232e-03
   500            120       -1.00019064e+01       4.689438e-03
0 0.00434247389189709 0.004689438174833569
Stocahstic error estimate: 4.342474e-03

step=17,E=-0.6251191526358566,dE=0.0011207805016077987,err=0.00027140461824356815
	collect data time= 13.989272594451904
niter= 1550
	solver time=131.14165258407593,exit status=0
	solver time=1.9940025806427002,exit status=0
niter= 48
	burn in time= 14.418591022491455
	sample time= 277.23783898353577
	contraction err= 7.671527333646594e-20 4.336808689942018e-18

Mean energy: -1.00092447e+01
Block size    # of blocks        Mean                Error
     1           60000       -1.00092447e+01       3.677351e-03
     2           30000       -1.00092447e+01       3.681396e-03
     5           12000       -1.00092447e+01       3.698746e-03
    10           6000       -1.00092447e+01       3.698720e-03
    20           3000       -1.00092447e+01       3.709607e-03
    50           1200       -1.00092447e+01       3.729680e-03
    70            857       -1.00092401e+01       3.713374e-03
   100            600       -1.00092447e+01       3.716772e-03
   200            300       -1.00092447e+01       3.937348e-03
   500            120       -1.00092447e+01       4.367926e-03
0 0.0036813963501328307 0.00436792610389386
Stocahstic error estimate: 3.681396e-03

	predict=-0.05440768555879382,actual=(-0.007338277612591426, 0.00569295692839663)
	g=0.4183089483692312,del=7.271877069855574,dot=0.678832735631195,x=13.367841583884008
saving to  ./psi18
	burn in time= 13.741638660430908
	sample time= 1727.1689500808716
	contraction err= 7.782833018685029e-20 4.336808689942018e-18

Mean energy: -1.00085562e+01
Block size    # of blocks        Mean                Error
     1           60000       -1.00085562e+01       3.675519e-03
     2           30000       -1.00085562e+01       3.666436e-03
     5           12000       -1.00085562e+01       3.664839e-03
    10           6000       -1.00085562e+01       3.681930e-03
    20           3000       -1.00085562e+01       3.663142e-03
    50           1200       -1.00085562e+01       3.655491e-03
    70            857       -1.00085619e+01       3.671240e-03
   100            600       -1.00085562e+01       3.741299e-03
   200            300       -1.00085562e+01       3.692947e-03
   500            120       -1.00085562e+01       3.509665e-03
0 0.0036755186673566105 0.003509664947346968
Stocahstic error estimate: 3.675519e-03

step=18,E=-0.6255347621608265,dE=-0.00041560952496988435,err=0.00022971991670978816
	collect data time= 23.31647253036499
	solver time=22.910919427871704,exit status=0
niter= 281
	solver time=1.279247522354126,exit status=0
niter= 30
	burn in time= 14.478951454162598
	sample time= 275.1385500431061
	contraction err= 1.4387154187705795e-19 8.673617379884035e-18

Mean energy: -1.00126035e+01
Block size    # of blocks        Mean                Error
     1           60000       -1.00126035e+01       3.843606e-03
     2           30000       -1.00126035e+01       3.837062e-03
     5           12000       -1.00126035e+01       3.781208e-03
    10           6000       -1.00126035e+01       3.797706e-03
    20           3000       -1.00126035e+01       3.803997e-03
    50           1200       -1.00126035e+01       3.916552e-03
    70            857       -1.00126687e+01       3.887884e-03
   100            600       -1.00126035e+01       4.012718e-03
   200            300       -1.00126035e+01       4.042069e-03
   500            120       -1.00126035e+01       4.075788e-03
0 0.0038436062215465292 0.0040757875544074965
Stocahstic error estimate: 3.843606e-03

	predict=-0.0410271975653053,actual=(-0.004047285341860274, 0.005318152523235686)
	g=0.30976584404488633,del=5.722286458394699,dot=0.3713585952797961,x=13.367841583884006
saving to  ./psi19
	burn in time= 13.909773588180542
	sample time= 1706.5028319358826
	contraction err= 1.574962742008759e-19 1.214306433183765e-17

Mean energy: -1.00102327e+01
Block size    # of blocks        Mean                Error
     1           60000       -1.00102327e+01       4.306003e-03
     2           30000       -1.00102327e+01       4.315967e-03
     5           12000       -1.00102327e+01       4.278868e-03
    10           6000       -1.00102327e+01       4.301674e-03
    20           3000       -1.00102327e+01       4.335806e-03
    50           1200       -1.00102327e+01       4.391896e-03
    70            857       -1.00102400e+01       4.417222e-03
   100            600       -1.00102327e+01       4.393965e-03
   200            300       -1.00102327e+01       4.245486e-03
   500            120       -1.00102327e+01       4.076030e-03
0 0.0043159667551059605 0.004076030404631295
Stocahstic error estimate: 4.315967e-03

step=19,E=-0.6256395446393384,dE=-0.00010478247851186673,err=0.00026974792219412253
	collect data time= 33.94961190223694
	solver time=14.035752534866333,exit status=0
niter= 168
niter= 52
	solver time=2.0313830375671387,exit status=0
	burn in time= 13.784483432769775
	sample time= 273.1161949634552
	contraction err= 1.1645133520490897e-19 6.938893903907228e-18

Mean energy: -1.00168312e+01
Block size    # of blocks        Mean                Error
     1           60000       -1.00168312e+01       3.781018e-03
     2           30000       -1.00168312e+01       3.792665e-03
     5           12000       -1.00168312e+01       3.827316e-03
    10           6000       -1.00168312e+01       3.834521e-03
    20           3000       -1.00168312e+01       3.838030e-03
    50           1200       -1.00168312e+01       3.767971e-03
    70            857       -1.00168535e+01       3.784496e-03
   100            600       -1.00168312e+01       3.773810e-03
   200            300       -1.00168312e+01       3.929836e-03
   500            120       -1.00168312e+01       3.214833e-03
0 0.003792664956643602 0.0032148328234232765
Stocahstic error estimate: 3.792665e-03

	predict=-0.05208505517540524,actual=(-0.006598502093661196, 0.005745596270582566)
	g=0.6746725271788249,del=7.348112080760362,dot=0.661681305748737,x=13.367841583884006
saving to  ./psi20
[0m[0m[0m[0m[0m[0m[0m[0m[0m[0m[0m[0m[0m[0m[0m[0m[0m[0m[0m[0m[0m[0m[0m[0m[0m[0m[0m[0m[0m[0m[0m[0m[0m[0m[0m[0m[0m[0m[0m[0m[0m[0m[0m[0m[0m[0m[0m[0m[0m[0m[0m[0m[0m[0m[0m[0m[0m[0m[0m[0m[0m[0m[0m[0m[0m[0m[0m[0m[0m[0m[0m[0m[0m[0m[0m[0m[0m[0m[0m[0m[0m[0m[0m[0m[0m[0m[0m[0m[0m[0m[0m[0m[0m[0m[0m[0m[0m[0m[0m[0m[0m[0m[0m[0m[0m[0m[0m[0m[0m[0m[0m[0m[0m[0m[0m[0m[0m[0m[0m[0m[0m[0m[0m[0m[0m[0m[0m[0m[0m[0m[0m[0m[0m[0m[0m[0m[0m[0m[0m[0m