block_dict= [(0, 1663488)]
sizes= [1663488]
RANK= 0
SIZE= 640
Lx,Ly= 16 16
D= 8
chi= 6
rate= 0.1 0.1
cond= 0.001 0.001
nparams= 1663488 1662416
256 128 128
size= 12.691505432128906
	prob= 0.0006621209716406982
	burn in time= 2454.1418442726135
	sample time= 5106.6421155929565
	contraction err= 0.0 0.0

Mean energy: -1.25513679e+02
Block size    # of blocks        Mean                Error
     1           10000       -1.25513679e+02       5.067774e-03
     2           5000       -1.25513679e+02       5.031810e-03
     5           2000       -1.25513679e+02       5.030770e-03
    10           1000       -1.25513679e+02       4.849116e-03
    20            500       -1.25513679e+02       4.659601e-03
    50            200       -1.25513679e+02       4.535753e-03
    70            142       -1.25513139e+02       4.871917e-03
   100            100       -1.25513679e+02       5.027086e-03
   200             50       -1.25513679e+02       4.967529e-03
   500             20       -1.25513679e+02       4.677157e-03
0 0.00506777447457005 0.004677157428061114
Stocahstic error estimate: 5.067774e-03

step=0,E=-0.49028780672085304,dE=-0.49028780672085304,err=1.9795994041289256e-05,gmax=0.017337538374533112
	collect g,Hv time= 57.696253061294556
	solver time=15.304831743240356,exit status=0
niter= 38
	g=0.12458022023000712,del=4.274053368625423,dot=0.2033766937387948,x=54.38824140641008
	prob= 0.0005929368087462772
	burn in time= 2430.5779094696045
	sample time= 15058.583697080612
	contraction err= 0.0 0.0

Mean energy: -1.25494190e+02
Block size    # of blocks        Mean                Error
     1           10000       -1.25494190e+02       5.831000e-03
     2           5000       -1.25494190e+02       5.854772e-03
     5           2000       -1.25494190e+02       5.950634e-03
    10           1000       -1.25494190e+02       5.819888e-03
    20            500       -1.25494190e+02       5.622687e-03
    50            200       -1.25494190e+02       6.147742e-03
    70            142       -1.25493423e+02       5.597624e-03
   100            100       -1.25494190e+02       5.994362e-03
   200             50       -1.25494190e+02       6.333224e-03
   500             20       -1.25494190e+02       7.277056e-03
0 0.0058547717028934855 0.0072770562475199
Stocahstic error estimate: 5.854772e-03

step=1,E=-0.49021168163473894,dE=7.61250861140983e-05,err=2.2870201964427678e-05,gmax=0.01290584144900464
	collect g,Hv time= 91.53743267059326
	solver time=44.20298624038696,exit status=0
niter= 38
	g=0.1411185762631059,del=4.793133471430166,dot=0.27424807283149155,x=54.38824140641012
	prob= 0.0005799249117007765
	burn in time= 2434.425647497177
	sample time= 15052.26803779602
	contraction err= 0.0 0.0

Mean energy: -1.25507598e+02
Block size    # of blocks        Mean                Error
     1           10000       -1.25507598e+02       5.183286e-03
     2           5000       -1.25507598e+02       5.213945e-03
     5           2000       -1.25507598e+02       5.222205e-03
    10           1000       -1.25507598e+02       5.176405e-03
    20            500       -1.25507598e+02       5.151979e-03
    50            200       -1.25507598e+02       5.371166e-03
    70            142       -1.25506994e+02       5.123245e-03
   100            100       -1.25507598e+02       5.070642e-03
   200             50       -1.25507598e+02       5.109246e-03
   500             20       -1.25507598e+02       5.394554e-03
0 0.005213944922003471 0.005394554259123944
Stocahstic error estimate: 5.213945e-03

step=2,E=-0.49026405396577527,dE=-5.237233103633221e-05,err=2.0366972351576058e-05,gmax=0.01792825303148149
	collect g,Hv time= 102.41133952140808
	solver time=43.62589359283447,exit status=0
niter= 38
	g=0.14653048989689116,del=4.694283868994903,dot=0.23808748812598493,x=54.38824140641016
	prob= 0.0005458870890418402
	burn in time= 2426.011232852936
