block_dict= [(0, 28288)]
sizes= [28288]
SIZE= 640
Lx,Ly= 10 8
D= 4
rate= 0.1 0.5
cond= 0.001 0.001
guess= 1

nparam= 28288
	log prob= -6.376612245187166
	burn in time= 12.717277526855469
	sample time= 147.03816509246826
	contraction err= 0.00012056172320259173 0.028795267102774292
nsamples= 50638

Mean energy: -3.83171420e+01
Block size    # of blocks        Mean                Error
     1           50638       -3.83171420e+01       3.425930e-03
     2           25319       -3.83171420e+01       3.952924e-03
     5           10127       -3.83171281e+01       4.540960e-03
    10           5063       -3.83171222e+01       4.858873e-03
    20           2531       -3.83171334e+01       5.058672e-03
    50           1012       -3.83170846e+01       5.091199e-03
    70            723       -3.83171017e+01       5.030113e-03
   100            506       -3.83170846e+01       5.170854e-03
   200            253       -3.83170846e+01       5.004536e-03
   500            101       -3.83167599e+01       4.466071e-03
Stocahstic error estimate: 5.058672e-03

step=0,E=-0.4789642744907619,dE=0.0,err=6.323339798009579e-05,gmax=0.019728269358090245
	collect g,Hv time= 0.4779200553894043
	solver time=0.5796709060668945,exit status=0
niter= 38
pure_newton= False
	solver time=476.8066442012787,exit status=500
niter= 15501
hessian inversion error= 0.42040682755501724
	log prob= -9.278066478085263
	burn in time= 10.331689834594727
	sample time= 374.05429220199585
	contraction err= 0.0001654569659165514 0.05185355527074089
nsamples= 50638

Mean energy: -3.83644968e+01
Block size    # of blocks        Mean                Error
     1           50638       -3.83644968e+01       3.489022e-03
     2           25319       -3.83644968e+01       3.957722e-03
     5           10127       -3.83645086e+01       4.449307e-03
    10           5063       -3.83645017e+01       4.652929e-03
    20           2531       -3.83645057e+01       4.750665e-03
    50           1012       -3.83645452e+01       4.830439e-03
    70            723       -3.83645910e+01       4.728155e-03
   100            506       -3.83645452e+01       4.949860e-03
   200            253       -3.83645452e+01       4.675382e-03
   500            101       -3.83647506e+01       4.479922e-03
Stocahstic error estimate: 4.652929e-03

	predict=-0.05505947596650898,actual=(array([-0.04735487]), array([0.00465293]))
	g=0.20237428764421983,del=1.133185545179631,dot=0.05582043362227119,x=16.45010093119681

nparam= 28288
	log prob= -9.278066478085263
	burn in time= 10.328369855880737
	sample time= 150.06391167640686
	contraction err= 0.00016334759939945414 0.023674551547053786
nsamples= 50638

Mean energy: -3.83726193e+01
Block size    # of blocks        Mean                Error
     1           50638       -3.83726193e+01       3.293442e-03
     2           25319       -3.83726193e+01       3.788928e-03
     5           10127       -3.83726401e+01       4.268329e-03
    10           5063       -3.83725848e+01       4.416721e-03
    20           2531       -3.83726621e+01       4.546641e-03
    50           1012       -3.83725205e+01       4.703871e-03
    70            723       -3.83725754e+01       4.819893e-03
   100            506       -3.83725205e+01       4.835692e-03
   200            253       -3.83725205e+01       4.904740e-03
   500            101       -3.83722871e+01       5.168006e-03
Stocahstic error estimate: 4.416721e-03

step=1,E=-0.47965774175309955,dE=-0.000693467262337677,err=5.520901570095797e-05,gmax=0.022521864706463113
	collect g,Hv time= 0.47482919692993164
	solver time=0.60025954246521,exit status=0
niter= 40
pure_newton= False
	solver time=474.20965242385864,exit status=500
niter= 15501
hessian inversion error= 1.3806646835400074
	log prob= -11.392129188252197
	burn in time= 11.974525451660156
	sample time= 373.8679201602936
	contraction err= 0.00019584204767279686 0.015387598191990478
nsamples= 50638

Mean energy: -3.83761530e+01
Block size    # of blocks        Mean                Error
     1           50638       -3.83761530e+01       3.401985e-03
     2           25319       -3.83761530e+01       3.901711e-03
     5           10127       -3.83761586e+01       4.444098e-03
    10           5063       -3.83761531e+01       4.716361e-03
    20           2531       -3.83761283e+01       4.800713e-03
    50           1012       -3.83763446e+01       4.876499e-03
    70            723       -3.83762115e+01       5.046029e-03
   100            506       -3.83763446e+01       5.006813e-03
   200            253       -3.83763446e+01       4.926540e-03
   500            101       -3.83760683e+01       5.180888e-03
Stocahstic error estimate: 4.800713e-03

	predict=-0.07451556330297758,actual=(array([-0.00353364]), array([0.00480071]))
	g=0.20300565461449138,del=0.8837992376630349,dot=0.045236196889443074,x=16.45010093119681

nparam= 28288
	log prob= -11.392129188252197
	burn in time= 9.989787101745605
trouble in torch gesdd routine, falling back to gesvd
trouble in torch gesdd routine, falling back to gesvd
	sample time= 150.1043918132782
	contraction err= 0.00020040196501770115 0.025015049470881432
nsamples= 50638

Mean energy: -3.83705494e+01
Block size    # of blocks        Mean                Error
     1           50638       -3.83705494e+01       3.649431e-03
     2           25319       -3.83705494e+01       4.121324e-03
     5           10127       -3.83705453e+01       4.640514e-03
    10           5063       -3.83706484e+01       4.907861e-03
    20           2531       -3.83707197e+01       4.987543e-03
    50           1012       -3.83707000e+01       5.175377e-03
    70            723       -3.83706628e+01       5.372672e-03
   100            506       -3.83707000e+01       5.287510e-03
   200            253       -3.83707000e+01       5.469354e-03
   500            101       -3.83704780e+01       5.917089e-03
Stocahstic error estimate: 4.987543e-03

step=2,E=-0.4796318672293324,dE=2.5874523767210887e-05,err=6.234428791640183e-05,gmax=0.13170088128551694
	collect g,Hv time= 0.47382521629333496
	solver time=0.6370265483856201,exit status=0
niter= 42
pure_newton= False
	solver time=476.38835740089417,exit status=500
niter= 15501
hessian inversion error= 0.5851976460853557
	log prob= -13.53535627918439
	burn in time= 10.748528718948364
	sample time= 374.94943833351135
	contraction err= 0.0002405877381076775 0.030776321303108697
nsamples= 50638

Mean energy: -3.83203254e+01
Block size    # of blocks        Mean                Error
     1           50638       -3.83203254e+01       3.921988e-03
     2           25319       -3.83203254e+01       4.504043e-03
     5           10127       -3.83202894e+01       5.063622e-03
    10           5063       -3.83202577e+01       5.316901e-03
    20           2531       -3.83203701e+01       5.364823e-03
    50           1012       -3.83203864e+01       5.438501e-03
    70            723       -3.83203403e+01       5.460066e-03
   100            506       -3.83203864e+01       5.484899e-03
   200            253       -3.83203864e+01       5.208945e-03
   500            101       -3.83204158e+01       5.487658e-03
Stocahstic error estimate: 5.364823e-03

	predict=-0.1074989619488101,actual=(array([0.05022403]), array([0.00536482]))
	g=0.47116085350651987,del=5.567244834425451,dot=0.48516445030784605,x=16.450100931196808

nparam= 28288
	log prob= -12.477218295067972
	burn in time= 12.831966400146484
	sample time= 149.9465775489807
	contraction err= 0.00021330099366679057 0.02172081360691211
nsamples= 50638

Mean energy: -3.84318877e+01
Block size    # of blocks        Mean                Error
     1           50638       -3.84318877e+01       3.158398e-03
     2           25319       -3.84318877e+01       3.589716e-03
     5           10127       -3.84319327e+01       4.025066e-03
    10           5063       -3.84319488e+01       4.223917e-03
    20           2531       -3.84318928e+01       4.378926e-03
    50           1012       -3.84319902e+01       4.434765e-03
    70            723       -3.84320560e+01       4.445642e-03
   100            506       -3.84319902e+01       4.403166e-03
   200            253       -3.84319902e+01       4.509159e-03
   500            101       -3.84318460e+01       4.309616e-03
Stocahstic error estimate: 4.223917e-03

step=3,E=-0.4803985961795392,dE=-0.0007667289502068187,err=5.2798960091519495e-05,gmax=0.02853218398500701
	collect g,Hv time= 0.47501349449157715
	solver time=0.6295027732849121,exit status=0
niter= 42
pure_newton= False
	solver time=470.7912166118622,exit status=500
niter= 15501
hessian inversion error= 0.8799071075216951
	log prob= -14.288752051401575
	burn in time= 12.329459428787231
	sample time= 372.9085602760315
	contraction err= 0.00025242206805204043 0.04904936341724365
nsamples= 50638

Mean energy: -3.84044407e+01
Block size    # of blocks        Mean                Error
     1           50638       -3.84044407e+01       3.566810e-03
     2           25319       -3.84044407e+01       4.051627e-03
     5           10127       -3.84044580e+01       4.617528e-03
    10           5063       -3.84044402e+01       4.812818e-03
    20           2531       -3.84044798e+01       4.968678e-03
    50           1012       -3.84044498e+01       4.968832e-03
    70            723       -3.84044583e+01       5.106918e-03
   100            506       -3.84044498e+01       5.075057e-03
   200            253       -3.84044498e+01       5.052540e-03
   500            101       -3.84043142e+01       5.481641e-03
Stocahstic error estimate: 4.812818e-03

	predict=-0.05431677276381832,actual=(array([0.02744699]), array([0.00481282]))
	g=0.25387725510373227,del=5.292012001087466,dot=0.3330726219940363,x=16.450100931196808

nparam= 28288
	log prob= -13.549817712508746
	burn in time= 12.689937114715576
	sample time= 149.80322003364563
	contraction err= 0.00023431075776515582 0.046569051403552615
nsamples= 50638

Mean energy: -3.84745539e+01
Block size    # of blocks        Mean                Error
     1           50638       -3.84745539e+01       2.860685e-03
     2           25319       -3.84745539e+01       3.272842e-03
     5           10127       -3.84745665e+01       3.678727e-03
    10           5063       -3.84745678e+01       3.846889e-03
    20           2531       -3.84744894e+01       3.891409e-03
    50           1012       -3.84744953e+01       4.104524e-03
    70            723       -3.84744956e+01       3.976416e-03
   100            506       -3.84744953e+01       4.037110e-03
   200            253       -3.84744953e+01       4.198748e-03
   500            101       -3.84744262e+01       3.976466e-03
Stocahstic error estimate: 3.846889e-03

step=4,E=-0.4809319242890006,dE=-0.0005333281094614506,err=4.808611869813317e-05,gmax=0.03988896751370033
	collect g,Hv time= 0.47347021102905273
	solver time=0.6358966827392578,exit status=0
niter= 42
pure_newton= False
	solver time=473.6059091091156,exit status=500
niter= 15501
hessian inversion error= 1.5592861605662989
	log prob= -15.958705286513249
	burn in time= 13.741128921508789
	sample time= 373.722487449646
	contraction err= 0.0002884135664673142 0.059998333243745226
nsamples= 50638

Mean energy: -3.83210365e+01
Block size    # of blocks        Mean                Error
     1           50638       -3.83210365e+01       3.977270e-03
     2           25319       -3.83210365e+01       4.620220e-03
     5           10127       -3.83210974e+01       5.358050e-03
    10           5063       -3.83211063e+01       5.671773e-03
    20           2531       -3.83210888e+01       5.849845e-03
    50           1012       -3.83210616e+01       6.032521e-03
    70            723       -3.83211006e+01       6.125235e-03
   100            506       -3.83210616e+01       6.097903e-03
   200            253       -3.83210616e+01       6.217639e-03
   500            101       -3.83207572e+01       6.240124e-03
Stocahstic error estimate: 5.849845e-03

	predict=-0.16433200045440743,actual=(array([0.15351744]), array([0.00584984]))
	g=0.23800514397673603,del=4.7970352297265055,dot=0.25817121201363263,x=16.450100931196815

nparam= 28288
	log prob= -14.469869372676323
	burn in time= 12.985388278961182
	sample time= 149.7808632850647
	contraction err= 0.00024987590818723417 0.0625400056490603
nsamples= 50638

Mean energy: -3.85115553e+01
Block size    # of blocks        Mean                Error
     1           50638       -3.85115553e+01       2.970019e-03
     2           25319       -3.85115553e+01       3.589311e-03
     5           10127       -3.85115534e+01       3.962795e-03
    10           5063       -3.85115283e+01       4.130432e-03
    20           2531       -3.85116583e+01       4.198002e-03
    50           1012       -3.85116048e+01       4.240791e-03
    70            723       -3.85116481e+01       4.330743e-03
   100            506       -3.85116048e+01       4.397228e-03
   200            253       -3.85116048e+01       4.326852e-03
   500            101       -3.85114671e+01       4.469400e-03
Stocahstic error estimate: 4.130432e-03

step=5,E=-0.4813944415640411,dE=-0.0004625172750404971,err=5.1630399447950444e-05,gmax=0.6189652093120719
	collect g,Hv time= 0.4753422737121582
	solver time=0.4320368766784668,exit status=0
niter= 29
pure_newton= False
	solver time=478.43020009994507,exit status=500
niter= 15501
hessian inversion error= 0.1073717012597556
	log prob= -15.84031861103061
	burn in time= 11.694489479064941
	sample time= 372.6478989124298
	contraction err= 0.00028876429813677287 0.02139558809949878
nsamples= 50638

Mean energy: -3.85286675e+01
Block size    # of blocks        Mean                Error
     1           50638       -3.85286675e+01       2.800220e-03
     2           25319       -3.85286675e+01       3.255355e-03
     5           10127       -3.85286642e+01       3.685934e-03
    10           5063       -3.85286709e+01       3.882043e-03
    20           2531       -3.85286810e+01       3.999493e-03
    50           1012       -3.85286636e+01       3.966092e-03
    70            723       -3.85286851e+01       3.934910e-03
   100            506       -3.85286636e+01       3.882597e-03
   200            253       -3.85286636e+01       3.863283e-03
   500            101       -3.85285650e+01       3.844442e-03
Stocahstic error estimate: 3.999493e-03

	predict=-0.026624575095760383,actual=(array([-0.01711213]), array([0.00399949]))
	g=1.031625523216668,del=0.6328954614029242,dot=0.03463918900566497,x=16.45010093119681

nparam= 28288
	log prob= -15.84031861103061
	burn in time= 12.726073026657104
	sample time= 149.95764636993408
	contraction err= 0.0002837446490438922 0.023302102195422635
nsamples= 50638

Mean energy: -3.85257638e+01
Block size    # of blocks        Mean                Error
     1           50638       -3.85257638e+01       2.819704e-03
     2           25319       -3.85257638e+01       3.228246e-03
     5           10127       -3.85257740e+01       3.667585e-03
    10           5063       -3.85257122e+01       3.874270e-03
    20           2531       -3.85257115e+01       3.897212e-03
    50           1012       -3.85256834e+01       3.995063e-03
    70            723       -3.85256945e+01       3.873960e-03
   100            506       -3.85256834e+01       3.985472e-03
   200            253       -3.85256834e+01       4.031954e-03
   500            101       -3.85258008e+01       3.828976e-03
Stocahstic error estimate: 3.897212e-03

step=6,E=-0.48157204693320416,dE=-0.00017760536916302527,err=4.871515551371414e-05,gmax=0.06578489261710097
	collect g,Hv time= 0.47658824920654297
	solver time=0.6280553340911865,exit status=0
niter= 42
pure_newton= False
	solver time=472.4149241447449,exit status=500
niter= 15501
hessian inversion error= 0.4335885450239049
	log prob= -17.079278003995267
	burn in time= 13.674133062362671
	sample time= 374.4604091644287
	contraction err= 0.0003247583120198141 0.03994959437690091
nsamples= 50638

Mean energy: -3.85312024e+01
Block size    # of blocks        Mean                Error
     1           50638       -3.85312024e+01       2.941402e-03
     2           25319       -3.85312024e+01       3.395216e-03
     5           10127       -3.85312104e+01       3.781782e-03
    10           5063       -3.85312360e+01       3.974450e-03
    20           2531       -3.85312057e+01       4.054625e-03
    50           1012       -3.85311964e+01       4.090386e-03
    70            723       -3.85312155e+01       4.033233e-03
   100            506       -3.85311964e+01       4.055098e-03
   200            253       -3.85311964e+01       4.026978e-03
   500            101       -3.85312179e+01       3.888383e-03
Stocahstic error estimate: 4.054625e-03

	predict=-0.03967963551726393,actual=(array([-0.0054386]), array([0.00405462]))
	g=0.28561189554139527,del=0.8195189516366836,dot=0.032209771293546366,x=16.450100931196808

nparam= 28288
	log prob= -17.079278003995267
	burn in time= 16.057727813720703
	sample time= 149.94622039794922
	contraction err= 0.0003342604408533238 0.20159009495919006
nsamples= 50638

Mean energy: -3.85290688e+01
Block size    # of blocks        Mean                Error
     1           50638       -3.85290688e+01       3.111497e-03
     2           25319       -3.85290688e+01       3.547888e-03
     5           10127       -3.85290777e+01       4.023306e-03
    10           5063       -3.85290825e+01       4.300501e-03
    20           2531       -3.85290696e+01       4.427993e-03
    50           1012       -3.85290072e+01       4.404331e-03
    70            723       -3.85290047e+01       4.402626e-03
   100            506       -3.85290072e+01       4.370687e-03
   200            253       -3.85290072e+01       4.351668e-03
   500            101       -3.85291153e+01       4.771641e-03
Stocahstic error estimate: 4.427993e-03

step=7,E=-0.4816133598804796,dE=-4.1312947275429226e-05,err=5.5349916183273305e-05,gmax=0.10406840853997368
	collect g,Hv time= 0.4773268699645996
	solver time=0.6254541873931885,exit status=0
niter= 42
pure_newton= False
	solver time=473.0399703979492,exit status=500
niter= 15501
hessian inversion error= 0.2752776836690937
	log prob= -18.141814831833674
	burn in time= 13.188329696655273
	sample time= 373.6780250072479
	contraction err= 0.0003745968956442516 0.045932000338602175
nsamples= 50638

Mean energy: -3.85314168e+01
Block size    # of blocks        Mean                Error
     1           50638       -3.85314168e+01       2.997721e-03
     2           25319       -3.85314168e+01       3.470640e-03
     5           10127       -3.85314330e+01       4.007561e-03
    10           5063       -3.85314291e+01       4.250796e-03
    20           2531       -3.85314121e+01       4.434183e-03
    50           1012       -3.85314256e+01       4.659578e-03
    70            723       -3.85313881e+01       4.687717e-03
   100            506       -3.85314256e+01       4.546800e-03
   200            253       -3.85314256e+01       4.635723e-03
   500            101       -3.85312555e+01       4.609099e-03
Stocahstic error estimate: 4.434183e-03

	predict=-0.05161114855828686,actual=(array([-0.00234799]), array([0.00443418]))
	g=0.39519243661677295,del=0.8847002056634555,dot=0.037618519811428566,x=16.4501009311968

nparam= 28288
	log prob= -18.141814831833674
	burn in time= 12.42046594619751
trouble in torch gesdd routine, falling back to gesvd
	sample time= 150.13304352760315
	contraction err= 0.00036492064498514263 0.05087991901169699
nsamples= 50638

Mean energy: -3.85386137e+01
Block size    # of blocks        Mean                Error
     1           50638       -3.85386137e+01       3.202949e-03
     2           25319       -3.85386137e+01       3.725070e-03
     5           10127       -3.85386314e+01       4.527257e-03
    10           5063       -3.85387142e+01       4.732214e-03
    20           2531       -3.85387668e+01       4.826972e-03
    50           1012       -3.85388388e+01       4.884786e-03
    70            723       -3.85388009e+01       5.057181e-03
   100            506       -3.85388388e+01       5.074126e-03
   200            253       -3.85388388e+01       5.059627e-03
   500            101       -3.85388213e+01       5.187641e-03
Stocahstic error estimate: 4.732214e-03

step=8,E=-0.48173267180710244,dE=-0.00011931192662286704,err=5.915267271775917e-05,gmax=0.15192618863994597
	collect g,Hv time= 0.46791601181030273
	solver time=0.635545015335083,exit status=0
niter= 43
pure_newton= False
	solver time=469.30363941192627,exit status=500
niter= 15501
hessian inversion error= 0.4243013618603909
	log prob= -19.120018223212586
	burn in time= 12.423553705215454
	sample time= 372.5236849784851
	contraction err= 0.00040278139453437875 0.0546195567134115
nsamples= 50638

Mean energy: -3.85312426e+01
Block size    # of blocks        Mean                Error
     1           50638       -3.85312426e+01       3.161314e-03
     2           25319       -3.85312426e+01       3.651466e-03
     5           10127       -3.85312734e+01       4.248633e-03
    10           5063       -3.85312645e+01       4.546090e-03
    20           2531       -3.85312687e+01       4.753806e-03
    50           1012       -3.85313577e+01       4.785831e-03
    70            723       -3.85313344e+01       4.747852e-03
   100            506       -3.85313577e+01       4.758529e-03
   200            253       -3.85313577e+01       4.657141e-03
   500            101       -3.85314447e+01       4.416583e-03
Stocahstic error estimate: 4.753806e-03

	predict=-0.03519048650217441,actual=(array([0.00737117]), array([0.00475381]))
	g=0.3645580357921466,del=4.781451974596966,dot=0.3693789196180377,x=16.450100931196808

nparam= 28288
	log prob= -18.72666434424685
	burn in time= 13.051523923873901
	sample time= 149.88811469078064
	contraction err= 0.00037945050959524044 0.03586769184983106
nsamples= 50638

Mean energy: -3.85718319e+01
Block size    # of blocks        Mean                Error
     1           50638       -3.85718319e+01       2.753813e-03
     2           25319       -3.85718319e+01       3.205248e-03
     5           10127       -3.85718750e+01       3.605148e-03
    10           5063       -3.85719054e+01       3.811785e-03
    20           2531       -3.85720746e+01       3.926969e-03
    50           1012       -3.85720125e+01       3.981534e-03
    70            723       -3.85720350e+01       3.994206e-03
   100            506       -3.85720125e+01       4.011109e-03
   200            253       -3.85720125e+01       3.982923e-03
   500            101       -3.85717061e+01       4.091083e-03
Stocahstic error estimate: 3.926969e-03

step=9,E=-0.48214789850115813,dE=-0.0004152266940557148,err=4.908711083834027e-05,gmax=0.06105329210155386
	collect g,Hv time= 0.4655342102050781
	solver time=0.5988256931304932,exit status=0
niter= 40
pure_newton= False
	solver time=473.6861503124237,exit status=500
niter= 15501
hessian inversion error= 0.40532286689666447
	log prob= -19.640196454778437
	burn in time= 13.10673213005066
	sample time= 373.15626406669617
	contraction err= 0.0004128892695917389 0.0448321505751069
nsamples= 50638

Mean energy: -3.85888550e+01
Block size    # of blocks        Mean                Error
     1           50638       -3.85888550e+01       2.785389e-03
     2           25319       -3.85888550e+01       3.161766e-03
     5           10127       -3.85888648e+01       3.573168e-03
    10           5063       -3.85888548e+01       3.786217e-03
    20           2531       -3.85889020e+01       3.865463e-03
    50           1012       -3.85889893e+01       4.038684e-03
    70            723       -3.85889503e+01       4.078278e-03
   100            506       -3.85889893e+01       4.079942e-03
   200            253       -3.85889893e+01       4.025131e-03
   500            101       -3.85889515e+01       3.904574e-03
Stocahstic error estimate: 3.865463e-03

	predict=-0.01955770162740348,actual=(array([-0.01702312]), array([0.00386546]))
	g=0.2599835085091728,del=0.5831579619529514,dot=0.029332497203370764,x=16.450100931196808

nparam= 28288
	log prob= -19.640196454778437
	burn in time= 11.649401187896729
	sample time= 150.0500464439392
	contraction err= 0.00041611483702330855 0.06382261963004163
nsamples= 50638

Mean energy: -3.85917161e+01
Block size    # of blocks        Mean                Error
     1           50638       -3.85917161e+01       2.813282e-03
     2           25319       -3.85917161e+01       3.207201e-03
     5           10127       -3.85917291e+01       3.692760e-03
    10           5063       -3.85917217e+01       3.876439e-03
    20           2531       -3.85916972e+01       4.056637e-03
    50           1012       -3.85918623e+01       4.058832e-03
    70            723       -3.85918090e+01       4.103127e-03
   100            506       -3.85918623e+01       4.151747e-03
   200            253       -3.85918623e+01       4.071353e-03
   500            101       -3.85916280e+01       4.417073e-03
Stocahstic error estimate: 3.876439e-03

step=10,E=-0.4823964510946415,dE=-0.00024855259348335326,err=4.845549253293059e-05,gmax=0.038593544882916414
	collect g,Hv time= 0.47437024116516113
	solver time=0.6291177272796631,exit status=0
niter= 42
pure_newton= False
	solver time=470.8965973854065,exit status=500
niter= 15501
hessian inversion error= 0.27033457230920344
	log prob= -20.27055587006524
	burn in time= 14.073808431625366
	sample time= 373.2018096446991
	contraction err= 0.0004416888680962605 0.03337405968167123
nsamples= 50638

Mean energy: -3.86117729e+01
Block size    # of blocks        Mean                Error
     1           50638       -3.86117729e+01       2.758215e-03
     2           25319       -3.86117729e+01       3.147422e-03
     5           10127       -3.86117994e+01       3.604355e-03
    10           5063       -3.86117463e+01       3.826971e-03
    20           2531       -3.86117332e+01       3.963926e-03
    50           1012       -3.86117950e+01       4.000804e-03
    70            723       -3.86117966e+01       4.136789e-03
   100            506       -3.86117950e+01       4.277574e-03
   200            253       -3.86117950e+01       4.154674e-03
   500            101       -3.86120684e+01       3.831018e-03
Stocahstic error estimate: 3.963926e-03

	predict=-0.0238082058076917,actual=(array([-0.02005684]), array([0.00396393]))
	g=0.24523312869605873,del=0.5783173263743562,dot=0.02939783408023523,x=16.450100931196797

nparam= 28288
	log prob= -20.27055587006524
	burn in time= 11.209895849227905
	sample time= 150.02437019348145
	contraction err= 0.0004357740582445021 0.04211297407835417
nsamples= 50638

Mean energy: -3.86149438e+01
Block size    # of blocks        Mean                Error
     1           50638       -3.86149438e+01       2.613515e-03
     2           25319       -3.86149438e+01       3.016125e-03
     5           10127       -3.86149493e+01       3.446027e-03
    10           5063       -3.86149104e+01       3.713639e-03
    20           2531       -3.86149227e+01       3.760826e-03
    50           1012       -3.86149721e+01       3.693666e-03
    70            723       -3.86149314e+01       3.836671e-03
   100            506       -3.86149721e+01       3.795771e-03
   200            253       -3.86149721e+01       3.760802e-03
   500            101       -3.86149428e+01       3.882663e-03
Stocahstic error estimate: 3.760826e-03

step=11,E=-0.4826867979189962,dE=-0.0002903468243546925,err=4.7010319554929276e-05,gmax=0.04399799735545873
	collect g,Hv time= 0.4761953353881836
	solver time=0.6463403701782227,exit status=0
niter= 43
pure_newton= False
	solver time=473.16979932785034,exit status=500
niter= 15501
hessian inversion error= 0.2543044593081275
	log prob= -20.88439432194308
	burn in time= 10.113909721374512
	sample time= 372.0043988227844
	contraction err= 0.0004623995640399859 0.10251668445165973
nsamples= 50638

Mean energy: -3.86285726e+01
Block size    # of blocks        Mean                Error
     1           50638       -3.86285726e+01       2.825422e-03
     2           25319       -3.86285726e+01       3.157453e-03
     5           10127       -3.86285638e+01       3.528573e-03
    10           5063       -3.86285760e+01       3.667701e-03
    20           2531       -3.86285501e+01       3.989155e-03
    50           1012       -3.86285869e+01       4.023861e-03
    70            723       -3.86285566e+01       3.940132e-03
   100            506       -3.86285869e+01       3.919258e-03
   200            253       -3.86285869e+01       3.801186e-03
   500            101       -3.86286083e+01       3.529955e-03
Stocahstic error estimate: 3.667701e-03

	predict=-0.018808892844614303,actual=(array([-0.01362878]), array([0.0036677]))
	g=0.2111107027404634,del=0.5519644606558326,dot=0.02495722424066565,x=16.450100931196815

nparam= 28288
	log prob= -20.88439432194308
	burn in time= 9.89502477645874
	sample time= 149.85547137260437
	contraction err= 0.00045330885777192714 0.018286559771086917
nsamples= 50638

Mean energy: -3.86276446e+01
Block size    # of blocks        Mean                Error
     1           50638       -3.86276446e+01       2.520988e-03
     2           25319       -3.86276446e+01       2.929184e-03
     5           10127       -3.86276435e+01       3.365836e-03
    10           5063       -3.86276120e+01       3.580539e-03
    20           2531       -3.86276099e+01       3.662418e-03
    50           1012       -3.86276288e+01       3.686765e-03
    70            723       -3.86276137e+01       3.748962e-03
   100            506       -3.86276288e+01       3.745336e-03
   200            253       -3.86276288e+01       3.761843e-03
   500            101       -3.86278993e+01       3.052518e-03
Stocahstic error estimate: 3.662418e-03

step=12,E=-0.4828455578953082,dE=-0.00015875997631198402,err=4.578022800353451e-05,gmax=0.03064397407666597
	collect g,Hv time= 0.47372913360595703
	solver time=0.6420421600341797,exit status=0
niter= 43
pure_newton= False
	solver time=472.72757148742676,exit status=500
niter= 15501
hessian inversion error= 0.2612653383744174
	log prob= -21.467823893408703
	burn in time= 9.999257564544678
	sample time= 372.3478946685791
	contraction err= 0.0004945560018620787 0.14836432965009366
nsamples= 50638

Mean energy: -3.86388609e+01
Block size    # of blocks        Mean                Error
     1           50638       -3.86388609e+01       2.560544e-03
     2           25319       -3.86388609e+01       3.006987e-03
     5           10127       -3.86388588e+01       3.389901e-03
    10           5063       -3.86388709e+01       3.565341e-03
    20           2531       -3.86388894e+01       3.686147e-03
    50           1012       -3.86388887e+01       3.749540e-03
    70            723       -3.86388801e+01       3.802043e-03
   100            506       -3.86388887e+01       3.662729e-03
   200            253       -3.86388887e+01       3.630616e-03
   500            101       -3.86389891e+01       4.046169e-03
Stocahstic error estimate: 3.686147e-03

	predict=-0.011442795540647987,actual=(array([-0.01121625]), array([0.00368615]))
	g=0.1826125463570859,del=0.5364184336350052,dot=0.021368624301716096,x=16.450100931196808

nparam= 28288
	log prob= -21.467823893408703
	burn in time= 10.514709234237671
	sample time= 149.78523564338684
	contraction err= 0.00047925275197062585 0.029743883962005772
nsamples= 50638

Mean energy: -3.86494564e+01
Block size    # of blocks        Mean                Error
     1           50638       -3.86494564e+01       2.477304e-03
     2           25319       -3.86494564e+01       2.847833e-03
     5           10127       -3.86494532e+01       3.264057e-03
    10           5063       -3.86494798e+01       3.452845e-03
    20           2531       -3.86495085e+01       3.508591e-03
    50           1012       -3.86496421e+01       3.547756e-03
    70            723       -3.86495695e+01       3.542339e-03
   100            506       -3.86496421e+01       3.565424e-03
   200            253       -3.86496421e+01       3.676775e-03
   500            101       -3.86497597e+01       3.506758e-03
Stocahstic error estimate: 3.508591e-03

step=13,E=-0.48311820502102487,dE=-0.00027264712571666293,err=4.38573886747011e-05,gmax=0.01836091223922262
	collect g,Hv time= 0.47785067558288574
	solver time=0.6311497688293457,exit status=0
niter= 42
pure_newton= False
	solver time=472.5264060497284,exit status=500
niter= 15501
hessian inversion error= 0.2021741357345937
	log prob= -22.101463729762234
	burn in time= 12.692777156829834
	sample time= 372.6163001060486
	contraction err= 0.0005280465533320925 0.05912839634612994
nsamples= 50638

Mean energy: -3.86603677e+01
Block size    # of blocks        Mean                Error
     1           50638       -3.86603677e+01       2.415323e-03
     2           25319       -3.86603677e+01       2.792972e-03
     5           10127       -3.86603687e+01       3.206954e-03
    10           5063       -3.86603840e+01       3.406354e-03
    20           2531       -3.86603903e+01       3.494563e-03
    50           1012       -3.86603833e+01       3.628138e-03
    70            723       -3.86603886e+01       3.522698e-03
   100            506       -3.86603833e+01       3.397357e-03
   200            253       -3.86603833e+01       3.440191e-03
   500            101       -3.86604524e+01       3.377693e-03
Stocahstic error estimate: 3.494563e-03

	predict=-0.013986786521311185,actual=(array([-0.01091127]), array([0.00349456]))
	g=0.16108406574511144,del=0.5191443370877047,dot=0.0214154896935361,x=16.450100931196808

nparam= 28288
	log prob= -22.101463729762234
	burn in time= 13.812716722488403
	sample time= 149.67384934425354
	contraction err= 0.0005184312468166287 0.03570761783631648
nsamples= 50638

Mean energy: -3.86577164e+01
Block size    # of blocks        Mean                Error
     1           50638       -3.86577164e+01       2.462733e-03
     2           25319       -3.86577164e+01       2.794471e-03
     5           10127       -3.86577195e+01       3.168226e-03
    10           5063       -3.86577064e+01       3.295889e-03
    20           2531       -3.86577050e+01       3.420522e-03
    50           1012       -3.86577515e+01       3.387407e-03
    70            723       -3.86577231e+01       3.456408e-03
   100            506       -3.86577515e+01       3.479015e-03
   200            253       -3.86577515e+01       3.495862e-03
   500            101       -3.86576267e+01       3.181193e-03
Stocahstic error estimate: 3.295889e-03

step=14,E=-0.4832214546112811,dE=-0.00010324959025620473,err=4.119861847145971e-05,gmax=0.028555660469741007
	collect g,Hv time= 0.474475622177124
	solver time=0.6471235752105713,exit status=0
niter= 43
pure_newton= False
	solver time=472.0863313674927,exit status=500
niter= 15501
hessian inversion error= 0.17581296412449324
	log prob= -22.71869255311693
	burn in time= 13.118274688720703
	sample time= 372.22840690612793
	contraction err= 0.0005529212783635847 0.06331944467400448
nsamples= 50638

Mean energy: -3.86692461e+01
Block size    # of blocks        Mean                Error
     1           50638       -3.86692461e+01       2.482185e-03
     2           25319       -3.86692461e+01       2.856260e-03
     5           10127       -3.86692178e+01       3.290039e-03
    10           5063       -3.86692257e+01       3.472462e-03
    20           2531       -3.86692026e+01       3.613657e-03
    50           1012       -3.86691867e+01       3.602196e-03
    70            723       -3.86692113e+01       3.612004e-03
   100            506       -3.86691867e+01       3.717013e-03
   200            253       -3.86691867e+01       3.558379e-03
   500            101       -3.86690209e+01       3.757395e-03
Stocahstic error estimate: 3.613657e-03

	predict=-0.014135465717809144,actual=(array([-0.01152972]), array([0.00361366]))
	g=0.17456034032166867,del=0.5463511732455862,dot=0.019087568932794993,x=16.450100931196808

nparam= 28288
	log prob= -22.71869255311693
	burn in time= 11.875924587249756
	sample time= 149.7575364112854
	contraction err= 0.0005672157543034462 0.05700086680396069
nsamples= 50638

Mean energy: -3.86671410e+01
Block size    # of blocks        Mean                Error
     1           50638       -3.86671410e+01       2.567974e-03
     2           25319       -3.86671410e+01       2.977785e-03
     5           10127       -3.86671540e+01       3.349703e-03
    10           5063       -3.86671598e+01       3.511447e-03
    20           2531       -3.86671747e+01       3.607834e-03
    50           1012       -3.86671401e+01       3.753586e-03
    70            723       -3.86671555e+01       3.853208e-03
   100            506       -3.86671401e+01       3.788138e-03
   200            253       -3.86671401e+01       3.389314e-03
   500            101       -3.86671079e+01       3.430008e-03
Stocahstic error estimate: 3.511447e-03

step=15,E=-0.48333926242010294,dE=-0.00011780780882189034,err=4.389308602206526e-05,gmax=0.10871412659251134
	collect g,Hv time= 0.47664904594421387
	solver time=0.6068108081817627,exit status=0
niter= 40
pure_newton= False
	solver time=471.9599075317383,exit status=500
niter= 15501
hessian inversion error= 0.08532966357218345
	log prob= -23.32689914156601
	burn in time= 10.509255409240723
	sample time= 372.70593643188477
	contraction err= 0.0005914646355233591 0.034074519992031864
nsamples= 50638

Mean energy: -3.86849176e+01
Block size    # of blocks        Mean                Error
     1           50638       -3.86849176e+01       2.310984e-03
     2           25319       -3.86849176e+01       2.651044e-03
     5           10127       -3.86849264e+01       3.057133e-03
    10           5063       -3.86848872e+01       3.191326e-03
    20           2531       -3.86849103e+01       3.259030e-03
    50           1012       -3.86849186e+01       3.245259e-03
    70            723       -3.86848724e+01       3.403208e-03
   100            506       -3.86849186e+01       3.275553e-03
   200            253       -3.86849186e+01       3.189174e-03
   500            101       -3.86849423e+01       2.997295e-03
Stocahstic error estimate: 3.191326e-03

	predict=-0.012541350628577965,actual=(array([-0.01777661]), array([0.00319133]))
	g=0.28951050443554655,del=0.44299641640845144,dot=0.01998931096240933,x=16.4501009311968

nparam= 28288
	log prob= -23.32689914156601
	burn in time= 9.279654026031494
trouble in torch gesdd routine, falling back to gesvd
	sample time= 149.8687756061554
	contraction err= 0.0005968462086501572 0.0772772664462255
nsamples= 50638

Mean energy: -3.86896517e+01
Block size    # of blocks        Mean                Error
     1           50638       -3.86896517e+01       2.414576e-03
     2           25319       -3.86896517e+01       2.697287e-03
     5           10127       -3.86896395e+01       3.117267e-03
    10           5063       -3.86896455e+01       3.241953e-03
    20           2531       -3.86896097e+01       3.301849e-03
    50           1012       -3.86896845e+01       3.381728e-03
    70            723       -3.86896807e+01       3.424485e-03
   100            506       -3.86896845e+01       3.431997e-03
   200            253       -3.86896845e+01       3.233411e-03
   500            101       -3.86897791e+01       3.330301e-03
Stocahstic error estimate: 3.241953e-03

step=16,E=-0.4836206467250207,dE=-0.0002813843049177756,err=4.052441062011502e-05,gmax=0.14302629149486634
	collect g,Hv time= 0.4770081043243408
	solver time=0.6274828910827637,exit status=0
niter= 42
pure_newton= False
	solver time=469.6964325904846,exit status=500
niter= 15501
hessian inversion error= 0.0612820952235496
	log prob= -23.888844345223813
	burn in time= 11.42365026473999
	sample time= 372.04496026039124
	contraction err= 0.0006328502681255597 0.09116697040900724
nsamples= 50638

Mean energy: -3.86893006e+01
Block size    # of blocks        Mean                Error
     1           50638       -3.86893006e+01       2.282008e-03
     2           25319       -3.86893006e+01       2.605526e-03
     5           10127       -3.86892868e+01       3.008836e-03
    10           5063       -3.86892927e+01       3.165876e-03
    20           2531       -3.86892850e+01       3.241060e-03
    50           1012       -3.86892850e+01       3.224413e-03
    70            723       -3.86892640e+01       3.210576e-03
   100            506       -3.86892850e+01       3.200057e-03
   200            253       -3.86892850e+01       3.190614e-03
   500            101       -3.86894165e+01       3.394067e-03
Stocahstic error estimate: 3.241060e-03

	predict=-0.010568271781859748,actual=(array([0.0003511]), array([0.00324106]))
	g=0.3703420117193482,del=3.595495527456081,dot=0.18716337178870612,x=16.45010093119681

nparam= 28288
	log prob= -23.715585894792312
	burn in time= 10.311755418777466
trouble in torch gesdd routine, falling back to gesvd
trouble in torch gesdd routine, falling back to gesvd
trouble in torch gesdd routine, falling back to gesvd
	sample time= 149.83493280410767
	contraction err= 0.0006202278662283998 0.06036383997604454
nsamples= 50638

Mean energy: -3.86845319e+01
Block size    # of blocks        Mean                Error
     1           50638       -3.86845319e+01       2.315364e-03
     2           25319       -3.86845319e+01       2.714605e-03
     5           10127       -3.86845367e+01       3.227282e-03
    10           5063       -3.86845540e+01       3.609276e-03
    20           2531       -3.86845521e+01       3.800685e-03
    50           1012       -3.86845236e+01       4.451444e-03
    70            723       -3.86845488e+01       4.408971e-03
   100            506       -3.86845236e+01       4.463705e-03
   200            253       -3.86845236e+01       4.573571e-03
   500            101       -3.86845121e+01       4.689880e-03
Stocahstic error estimate: 4.451444e-03

step=17,E=-0.4835566483315721,dE=6.399839344863877e-05,err=5.5643054462579326e-05,gmax=0.0684609125444989
	collect g,Hv time= 0.47647595405578613
	solver time=0.6536598205566406,exit status=0
niter= 43
pure_newton= False
	solver time=472.6207904815674,exit status=500
niter= 15501
hessian inversion error= 0.10159358964104746
	log prob= -24.27985037952167
	burn in time= 14.02909255027771
	sample time= 372.2411651611328
	contraction err= 0.0006557921836674296 0.04755781885237009
nsamples= 50638

Mean energy: -3.86999235e+01
Block size    # of blocks        Mean                Error
     1           50638       -3.86999235e+01       2.384227e-03
     2           25319       -3.86999235e+01       2.828024e-03
     5           10127       -3.86999363e+01       3.403645e-03
    10           5063       -3.86999182e+01       3.847737e-03
    20           2531       -3.86998894e+01       4.186616e-03
    50           1012       -3.86999007e+01       4.575314e-03
    70            723       -3.86999176e+01       5.174538e-03
   100            506       -3.86999007e+01       4.625862e-03
   200            253       -3.86999007e+01       5.486714e-03
   500            101       -3.86998110e+01       4.383815e-03
Stocahstic error estimate: 5.174538e-03

	predict=-0.01072169971504933,actual=(array([-0.01539163]), array([0.00517454]))
	g=0.18664599609250576,del=0.49308509654732624,dot=0.016106155120832827,x=16.450100931196808

nparam= 28288
	log prob= -24.27985037952167
	burn in time= 11.458486080169678
	sample time= 149.7274341583252
	contraction err= 0.000641345500904411 0.08249659671449831
nsamples= 50638

Mean energy: -3.86998172e+01
Block size    # of blocks        Mean                Error
     1           50638       -3.86998172e+01       2.241827e-03
     2           25319       -3.86998172e+01       2.568654e-03
     5           10127       -3.86998211e+01       2.875110e-03
    10           5063       -3.86998165e+01       2.992460e-03
    20           2531       -3.86997762e+01       3.073732e-03
    50           1012       -3.86997618e+01       3.059100e-03
    70            723       -3.86997692e+01       3.098735e-03
   100            506       -3.86997618e+01       3.076155e-03
   200            253       -3.86997618e+01       3.192597e-03
   500            101       -3.86999170e+01       3.227994e-03
Stocahstic error estimate: 2.992460e-03

step=18,E=-0.48374771481481,dE=-0.00019106648323790053,err=3.740575159035031e-05,gmax=0.06122305691452645
	collect g,Hv time= 0.4775047302246094
	solver time=0.6258909702301025,exit status=0
niter= 42
pure_newton= False
	solver time=474.5278661251068,exit status=500
niter= 15501
hessian inversion error= 0.1308525876598287
	log prob= -24.722906392320905
	burn in time= 11.968959331512451
	sample time= 370.9709689617157
	contraction err= 0.0006945524672956207 0.3822251252646564
nsamples= 50638

Mean energy: -3.87024310e+01
Block size    # of blocks        Mean                Error
     1           50638       -3.87024310e+01       2.514311e-03
     2           25319       -3.87024310e+01       2.841120e-03
     5           10127       -3.87024259e+01       3.196671e-03
    10           5063       -3.87024173e+01       3.460773e-03
    20           2531       -3.87024176e+01       3.529284e-03
    50           1012       -3.87024402e+01       3.564893e-03
    70            723       -3.87024327e+01       3.504250e-03
   100            506       -3.87024402e+01       3.469348e-03
   200            253       -3.87024402e+01       3.524588e-03
   500            101       -3.87024094e+01       3.494292e-03
Stocahstic error estimate: 3.529284e-03

	predict=-0.010291649706308583,actual=(array([-0.00261384]), array([0.00352928]))
	g=0.19495139341103496,del=0.41458481783257733,dot=0.015192796007196094,x=16.450100931196808

nparam= 28288
	log prob= -24.722906392320905
	burn in time= 13.876512050628662
	sample time= 149.73414754867554
	contraction err= 0.0006870737110685296 0.06435741157571262
nsamples= 50638

Mean energy: -3.87040889e+01
Block size    # of blocks        Mean                Error
     1           50638       -3.87040889e+01       2.319858e-03
     2           25319       -3.87040889e+01       2.638666e-03
     5           10127       -3.87040783e+01       3.021605e-03
    10           5063       -3.87040854e+01       3.115544e-03
    20           2531       -3.87040832e+01       3.251351e-03
    50           1012       -3.87041426e+01       3.197055e-03
    70            723       -3.87041376e+01       3.259603e-03
   100            506       -3.87041426e+01       3.227871e-03
   200            253       -3.87041426e+01       3.105847e-03
   500            101       -3.87049320e+01       2.902572e-03
Stocahstic error estimate: 3.115544e-03

step=19,E=-0.48380111133915776,dE=-5.339652434779296e-05,err=3.8944296482498144e-05,gmax=0.036435732059189284
	collect g,Hv time= 0.4738132953643799
	solver time=0.6302871704101562,exit status=0
niter= 42
pure_newton= False
	solver time=472.7165207862854,exit status=500
niter= 15501
hessian inversion error= 0.13888318773487413
	log prob= -25.112282449765754
	burn in time= 11.450896739959717
	sample time= 372.85971689224243
	contraction err= 0.0007019800283358169 0.07816879772820104
nsamples= 50638

Mean energy: -3.87095791e+01
Block size    # of blocks        Mean                Error
     1           50638       -3.87095791e+01       2.330784e-03
     2           25319       -3.87095791e+01       2.666186e-03
     5           10127       -3.87095805e+01       3.022430e-03
    10           5063       -3.87095858e+01       3.221767e-03
    20           2531       -3.87096202e+01       3.357952e-03
    50           1012       -3.87096624e+01       3.434061e-03
    70            723       -3.87096531e+01       3.448306e-03
   100            506       -3.87096624e+01       3.307095e-03
   200            253       -3.87096624e+01       3.471375e-03
   500            101       -3.87094992e+01       3.310472e-03
Stocahstic error estimate: 3.357952e-03

	predict=-0.009301156761081522,actual=(array([-0.00549019]), array([0.00335795]))
	g=0.18172198329702133,del=0.516960198656292,dot=0.014920240710986106,x=16.4501009311968

nparam= 28288
	log prob= -25.112282449765754
	burn in time= 10.254753828048706
	sample time= 149.7329330444336
	contraction err= 0.0007184669725281254 0.05389881466237256
nsamples= 50638

Mean energy: -3.87012747e+01
Block size    # of blocks        Mean                Error
     1           50638       -3.87012747e+01       2.363520e-03
     2           25319       -3.87012747e+01       2.751959e-03
     5           10127       -3.87012908e+01       3.328225e-03
    10           5063       -3.87012804e+01       3.583784e-03
    20           2531       -3.87012940e+01       3.651591e-03
    50           1012       -3.87014189e+01       3.832695e-03
    70            723       -3.87012930e+01       3.852446e-03
   100            506       -3.87014189e+01       3.851300e-03
   200            253       -3.87014189e+01       3.636662e-03
   500            101       -3.87014133e+01       3.879935e-03
Stocahstic error estimate: 3.651591e-03

step=20,E=-0.4837659336357425,dE=3.5177703415278924e-05,err=4.5644892433101646e-05,gmax=0.026551009668781766
	collect g,Hv time= 0.47605276107788086
	solver time=0.6326375007629395,exit status=0
niter= 42
pure_newton= False
	solver time=471.501323223114,exit status=500
niter= 15501
hessian inversion error= 0.09029748008078488
	log prob= -25.704507407991237
	burn in time= 12.584516763687134
	sample time= 371.83571553230286
	contraction err= 0.0007487036127054098 0.07487399050563032
nsamples= 50638

Mean energy: -3.87114974e+01
Block size    # of blocks        Mean                Error
     1           50638       -3.87114974e+01       2.317873e-03
     2           25319       -3.87114974e+01       2.657639e-03
     5           10127       -3.87114884e+01       3.161051e-03
    10           5063       -3.87115112e+01       3.257013e-03
    20           2531       -3.87115323e+01       3.388817e-03
    50           1012       -3.87115564e+01       3.421816e-03
    70            723       -3.87115436e+01       3.390757e-03
   100            506       -3.87115564e+01       3.481683e-03
   200            253       -3.87115564e+01       3.618842e-03
   500            101       -3.87115337e+01       3.849115e-03
Stocahstic error estimate: 3.257013e-03

	predict=-0.01064907851739782,actual=(array([-0.01022273]), array([0.00325701]))
	g=0.19954341160010944,del=0.47552698710589353,dot=0.016582391607902435,x=16.45010093119681

nparam= 28288
	log prob= -25.704507407991237
	burn in time= 11.830777645111084
trouble in torch gesdd routine, falling back to gesvd
	sample time= 149.98212027549744
	contraction err= 0.0007560104517545773 0.06820490033611852
nsamples= 50638

Mean energy: -3.87105247e+01
Block size    # of blocks        Mean                Error
     1           50638       -3.87105247e+01       2.286034e-03
     2           25319       -3.87105247e+01       2.622154e-03
     5           10127       -3.87105855e+01       2.995196e-03
    10           5063       -3.87105848e+01       3.111624e-03
    20           2531       -3.87106187e+01       3.196602e-03
    50           1012       -3.87105408e+01       3.301037e-03
    70            723       -3.87106371e+01       3.354094e-03
   100            506       -3.87105408e+01       3.268901e-03
   200            253       -3.87105408e+01       3.178066e-03
   500            101       -3.87103389e+01       2.942228e-03
Stocahstic error estimate: 3.111624e-03

step=21,E=-0.48388155884054995,dE=-0.00011562520480747906,err=3.8895298355223265e-05,gmax=0.022168196820879338
	collect g,Hv time= 0.4711792469024658
	solver time=0.6360933780670166,exit status=0
niter= 42
pure_newton= False
	solver time=472.0352327823639,exit status=500
niter= 15501
hessian inversion error= 0.08014676092752933
	log prob= -26.251982014733684
	burn in time= 14.376060247421265
	sample time= 372.0083384513855
	contraction err= 0.0008006374573093272 0.08590100478245365
nsamples= 50638

Mean energy: -3.87161986e+01
Block size    # of blocks        Mean                Error
     1           50638       -3.87161986e+01       2.234919e-03
     2           25319       -3.87161986e+01       2.542693e-03
     5           10127       -3.87162103e+01       2.892696e-03
    10           5063       -3.87162048e+01       3.045299e-03
    20           2531       -3.87161568e+01       3.098621e-03
    50           1012       -3.87161651e+01       3.120506e-03
    70            723       -3.87161501e+01       3.145260e-03
   100            506       -3.87161651e+01       3.107673e-03
   200            253       -3.87161651e+01       3.093261e-03
   500            101       -3.87162821e+01       3.303683e-03
Stocahstic error estimate: 3.098621e-03

	predict=-0.009221240856584335,actual=(array([-0.00567387]), array([0.00309862]))
	g=0.16667806439977353,del=0.5392225156123531,dot=0.014899961952872666,x=16.450100931196808

nparam= 28288
	log prob= -26.251982014733684
	burn in time= 12.858604669570923
	sample time= 149.6095163822174
	contraction err= 0.0007842054850546577 0.16736862427989904
nsamples= 50638

Mean energy: -3.87165381e+01
Block size    # of blocks        Mean                Error
     1           50638       -3.87165381e+01       2.263860e-03
     2           25319       -3.87165381e+01       2.660235e-03
     5           10127       -3.87165525e+01       2.972182e-03
    10           5063       -3.87165583e+01       3.245193e-03
    20           2531       -3.87165392e+01       3.294625e-03
    50           1012       -3.87165451e+01       3.327667e-03
    70            723       -3.87165480e+01       3.311760e-03
   100            506       -3.87165451e+01       3.224784e-03
   200            253       -3.87165451e+01       3.189578e-03
   500            101       -3.87165271e+01       2.959968e-03
Stocahstic error estimate: 3.294625e-03

step=22,E=-0.4839567267161026,dE=-7.516787555266191e-05,err=4.118281014874801e-05,gmax=0.038493490981735726
	collect g,Hv time= 0.4896965026855469
	solver time=0.627241849899292,exit status=0
niter= 42
pure_newton= False
	solver time=474.15782022476196,exit status=500
niter= 15501
hessian inversion error= 0.11480777655292401
	log prob= -26.660584020631532
	burn in time= 11.834389925003052
	sample time= 371.73374819755554
	contraction err= 0.0008191810659224181 0.08772872482029011
nsamples= 50638

Mean energy: -3.87196065e+01
Block size    # of blocks        Mean                Error
     1           50638       -3.87196065e+01       2.282427e-03
     2           25319       -3.87196065e+01       2.642900e-03
     5           10127       -3.87196061e+01       3.187269e-03
    10           5063       -3.87195684e+01       3.504947e-03
    20           2531       -3.87195751e+01       3.810783e-03
    50           1012       -3.87195894e+01       3.847287e-03
    70            723       -3.87195806e+01       4.200209e-03
   100            506       -3.87195894e+01       3.862006e-03
   200            253       -3.87195894e+01       4.163080e-03
   500            101       -3.87194524e+01       4.138038e-03
Stocahstic error estimate: 3.847287e-03

	predict=-0.008525058269359197,actual=(array([-0.00306838]), array([0.00384729]))
	g=0.20785541482714176,del=0.406130052536943,dot=0.014892294865944983,x=16.450100931196815

nparam= 28288
	log prob= -26.660584020631532
	burn in time= 12.715507507324219
	sample time= 149.8555564880371
	contraction err= 0.0008289527722095261 0.11930739719719297
nsamples= 50638

Mean energy: -3.87209588e+01
Block size    # of blocks        Mean                Error
     1           50638       -3.87209588e+01       2.375001e-03
     2           25319       -3.87209588e+01       2.827578e-03
     5           10127       -3.87209674e+01       3.387474e-03
    10           5063       -3.87209695e+01       3.942709e-03
    20           2531       -3.87209180e+01       4.419916e-03
    50           1012       -3.87209893e+01       5.013060e-03
    70            723       -3.87209249e+01       5.233222e-03
   100            506       -3.87209893e+01       5.552587e-03
   200            253       -3.87209893e+01       5.597559e-03
   500            101       -3.87208230e+01       5.532930e-03
Stocahstic error estimate: 5.233222e-03

step=23,E=-0.4840119853696896,dE=-5.52586535869537e-05,err=6.541527238345028e-05,gmax=0.04432141964400091
	collect g,Hv time= 0.47906947135925293
	solver time=0.6431243419647217,exit status=0
niter= 42
pure_newton= False
	solver time=472.52265644073486,exit status=500
niter= 15501
hessian inversion error= 0.14304035551246985
	log prob= -26.811895800229987
	burn in time= 12.248565196990967
	sample time= 371.4334166049957
	contraction err= 0.0008296827893626372 0.11397520199715563
nsamples= 50638

Mean energy: -3.87275514e+01
Block size    # of blocks        Mean                Error
     1           50638       -3.87275514e+01       2.122390e-03
     2           25319       -3.87275514e+01       2.440965e-03
     5           10127       -3.87275797e+01       2.732664e-03
    10           5063       -3.87275910e+01       2.845670e-03
    20           2531       -3.87275563e+01       2.907469e-03
    50           1012       -3.87275409e+01       3.035161e-03
    70            723       -3.87275389e+01       3.007721e-03
   100            506       -3.87275409e+01       3.097929e-03
   200            253       -3.87275409e+01       3.053232e-03
   500            101       -3.87273972e+01       3.108685e-03
Stocahstic error estimate: 2.845670e-03

	predict=-0.012217416264226273,actual=(array([-0.00659256]), array([0.00284567]))
	g=0.22599070886922584,del=0.44002769360332766,dot=0.017055139248229323,x=16.450100931196808

nparam= 28288
	log prob= -26.811895800229987
	burn in time= 12.053010702133179
	sample time= 149.77905106544495
	contraction err= 0.0008274335554800512 0.05919071583028903
nsamples= 50638

Mean energy: -3.87267840e+01
Block size    # of blocks        Mean                Error
     1           50638       -3.87267840e+01       2.070863e-03
     2           25319       -3.87267840e+01       2.366564e-03
     5           10127       -3.87267783e+01       2.679737e-03
    10           5063       -3.87267712e+01       2.810785e-03
    20           2531       -3.87269371e+01       2.837280e-03
    50           1012       -3.87269276e+01       2.968152e-03
    70            723       -3.87269360e+01       2.978860e-03
   100            506       -3.87269276e+01       3.088732e-03
   200            253       -3.87269276e+01       3.055452e-03
   500            101       -3.87268710e+01       3.181312e-03
Stocahstic error estimate: 2.810785e-03

step=24,E=-0.4840847997402101,dE=-7.28143705205575e-05,err=3.51348083542659e-05,gmax=0.02236155638654047
	collect g,Hv time= 0.47794294357299805
	solver time=0.6308197975158691,exit status=0
niter= 42
pure_newton= False
	solver time=470.7997398376465,exit status=500
niter= 15501
hessian inversion error= 0.14007209362912362
	log prob= -27.23440029408875
	burn in time= 12.24645709991455
	sample time= 371.40963983535767
	contraction err= 0.000872941723193433 0.09901358198318166
nsamples= 50638

Mean energy: -3.87296395e+01
Block size    # of blocks        Mean                Error
     1           50638       -3.87296395e+01       2.269948e-03
     2           25319       -3.87296395e+01       2.516299e-03
     5           10127       -3.87296397e+01       2.856634e-03
    10           5063       -3.87296134e+01       2.990541e-03
    20           2531       -3.87296146e+01       3.007395e-03
    50           1012       -3.87296245e+01       3.051302e-03
    70            723       -3.87296192e+01       2.986099e-03
   100            506       -3.87296245e+01       3.048852e-03
   200            253       -3.87296245e+01       3.035322e-03
   500            101       -3.87296022e+01       3.039125e-03
Stocahstic error estimate: 2.990541e-03

	predict=-0.007275889078195224,actual=(array([-0.00285555]), array([0.00299054]))
	g=0.14500900021823995,del=0.3619208409739733,dot=0.012022352729332438,x=16.4501009311968

nparam= 28288
	log prob= -27.23440029408875
	burn in time= 12.94499397277832
	sample time= 149.73131394386292
	contraction err= 0.0008700871649972917 0.11671074339583497
nsamples= 50638

Mean energy: -3.87250695e+01
Block size    # of blocks        Mean                Error
     1           50638       -3.87250695e+01       2.210413e-03
     2           25319       -3.87250695e+01       2.547260e-03
     5           10127       -3.87250629e+01       3.010503e-03
    10           5063       -3.87250520e+01       3.176915e-03
    20           2531       -3.87250484e+01       3.271335e-03
    50           1012       -3.87250067e+01       3.281994e-03
    70            723       -3.87250358e+01       3.442687e-03
   100            506       -3.87250067e+01       3.330849e-03
   200            253       -3.87250067e+01       3.605197e-03
   500            101       -3.87248518e+01       3.657296e-03
Stocahstic error estimate: 3.271335e-03

step=25,E=-0.4840633682231359,dE=2.143151707425517e-05,err=4.089168842095461e-05,gmax=0.07888579750629532
	collect g,Hv time= 0.47841620445251465
	solver time=0.6386990547180176,exit status=0
niter= 43
pure_newton= False
	solver time=471.2449104785919,exit status=500
niter= 15501
hessian inversion error= 0.060150072842415886
	log prob= -27.554756419071193
	burn in time= 12.557366132736206
	sample time= 371.5755183696747
	contraction err= 0.0008695806698915221 0.06269365322271951
nsamples= 50638

Mean energy: -3.87338031e+01
Block size    # of blocks        Mean                Error
     1           50638       -3.87338031e+01       2.112304e-03
     2           25319       -3.87338031e+01       2.443219e-03
     5           10127       -3.87338137e+01       2.731687e-03
    10           5063       -3.87338815e+01       2.857103e-03
    20           2531       -3.87338694e+01       2.933474e-03
    50           1012       -3.87338730e+01       2.934629e-03
    70            723       -3.87338770e+01       2.976101e-03
   100            506       -3.87338730e+01       2.949992e-03
   200            253       -3.87338730e+01       2.854972e-03
   500            101       -3.87339583e+01       2.898778e-03
Stocahstic error estimate: 2.857103e-03

	predict=-0.00790265894202288,actual=(array([-0.00873369]), array([0.0028571]))
	g=0.2293194951924287,del=0.3664909940437412,dot=0.014201253164440045,x=16.450100931196815

nparam= 28288
	log prob= -27.554756419071193
	burn in time= 11.892411708831787
	sample time= 149.54990339279175
	contraction err= 0.0008727726813620205 0.15689852379688715
nsamples= 50638

Mean energy: -3.87336087e+01
Block size    # of blocks        Mean                Error
     1           50638       -3.87336087e+01       2.173961e-03
     2           25319       -3.87336087e+01       2.536040e-03
     5           10127       -3.87335983e+01       2.935678e-03
    10           5063       -3.87335672e+01       3.148589e-03
    20           2531       -3.87335756e+01       3.261829e-03
    50           1012       -3.87335529e+01       3.330497e-03
    70            723       -3.87335524e+01       3.333927e-03
   100            506       -3.87335529e+01       3.263418e-03
   200            253       -3.87335529e+01       3.207450e-03
   500            101       -3.87335025e+01       3.179154e-03
Stocahstic error estimate: 3.261829e-03

step=26,E=-0.48417010844374786,dE=-0.0001067402206119894,err=4.077286722686437e-05,gmax=0.02800293860892289
	collect g,Hv time= 0.4834604263305664
	solver time=0.6302535533905029,exit status=0
niter= 42
pure_newton= False
	solver time=473.06721925735474,exit status=500
niter= 15501
hessian inversion error= 0.10616007736304897
	log prob= -28.011630202247453
	burn in time= 11.535780191421509
	sample time= 370.7886769771576
	contraction err= 0.0009477400673017133 0.26564421017834317
nsamples= 50638

Mean energy: -3.87285758e+01
Block size    # of blocks        Mean                Error
     1           50638       -3.87285758e+01       2.245278e-03
     2           25319       -3.87285758e+01       2.633592e-03
     5           10127       -3.87285736e+01       3.065546e-03
    10           5063       -3.87285653e+01       3.329134e-03
    20           2531       -3.87286305e+01       3.535481e-03
    50           1012       -3.87286332e+01       3.701645e-03
    70            723       -3.87286437e+01       3.536577e-03
   100            506       -3.87286332e+01       3.794340e-03
   200            253       -3.87286332e+01       3.697235e-03
   500            101       -3.87284319e+01       4.004069e-03
Stocahstic error estimate: 3.701645e-03

	predict=-0.008712551853847398,actual=(array([0.00503292]), array([0.00370165]))
	g=0.15252924214707467,del=3.237256505082672,dot=0.15635971850552213,x=16.450100931196804

nparam= 28288
	log prob= -27.788113194907705
	burn in time= 13.31196904182434
	sample time= 149.74570608139038
	contraction err= 0.0008976477434386722 0.1821113755186458
nsamples= 50638

Mean energy: -3.87390138e+01
Block size    # of blocks        Mean                Error
     1           50638       -3.87390138e+01       2.022010e-03
     2           25319       -3.87390138e+01       2.314418e-03
     5           10127       -3.87390184e+01       2.676212e-03
    10           5063       -3.87390172e+01       2.805459e-03
    20           2531       -3.87390185e+01       2.909204e-03
    50           1012       -3.87389670e+01       3.018534e-03
    70            723       -3.87389846e+01       3.028116e-03
   100            506       -3.87389670e+01       3.069908e-03
   200            253       -3.87389670e+01       3.058667e-03
   500            101       -3.87388358e+01       2.963149e-03
Stocahstic error estimate: 2.805459e-03

step=27,E=-0.4842376722740346,dE=-6.756383028667656e-05,err=3.506824298519228e-05,gmax=0.0638124435336902
	collect g,Hv time= 0.4786839485168457
	solver time=0.49774932861328125,exit status=0
niter= 33
pure_newton= False
