0 {}
1 {}
2 {}
3 {}
4 {}
5 {}
6 {}
7 {}
8 {}
9 {}
10 {}
11 {}
12 {}
13 {}
14 {}
15 {}
0 {}
1 {}
2 {}
3 {}
4 {}
5 {}
6 {}
7 {}
8 {}
9 {}
10 {}
11 {}
12 {}
13 {}
14 {}
15 {}
block_dict= [(0, 772)]
sizes= [772]
block_dict= [(0, 772)]
sizes= [772]
block_dict= [(0, 576)]
sizes= [576]
nbatch= 1
SIZE= 640
Lx,Ly= 4 4
nelec= (7, 7)
D= 4
nparam= 2120
	prob= 0.0002590856838980228
	burn in time= 19.93114948272705
	sample time= 250.61629629135132
	contraction err= 5.729795341965174e-14 7.482947215536722e-12

Mean energy: -1.46103256e+01
Block size    # of blocks        Mean                Error
     1           50000       -1.46103256e+01       5.371460e-03
     2           25000       -1.46103256e+01       5.380540e-03
     5           10000       -1.46103256e+01       5.401283e-03
    10           5000       -1.46103256e+01       5.366201e-03
    20           2500       -1.46103256e+01       5.310245e-03
    50           1000       -1.46103256e+01       5.442115e-03
    70            714       -1.46104430e+01       5.507990e-03
   100            500       -1.46103256e+01       5.442721e-03
   200            250       -1.46103256e+01       5.152618e-03
   500            100       -1.46103256e+01       5.692128e-03
0 0.005380540176492499 0.0056921283995956485
Stocahstic error estimate: 5.380540e-03

step=0,E=-0.9131453492133026,dE=-0.9131453492133026,err=0.0003362837610307812,gmax=1.1841950346113208
	collect g,Hv time= 1.6225357055664062
	solver time=0.041045188903808594,exit status=0
niter= 30
pure_newton= False
	solver time=4.931615829467773,exit status=100
niter= 3101
	prob= 0.0014221189479598157
	burn in time= 19.000046253204346
	sample time= 342.33998680114746
	contraction err= 2.7858632799697482e-14 2.8289474390781156e-11

Mean energy: -1.47841476e+01
Block size    # of blocks        Mean                Error
     1           50000       -1.47841476e+01       3.771933e-03
     2           25000       -1.47841476e+01       3.763238e-03
     5           10000       -1.47841476e+01       3.767964e-03
    10           5000       -1.47841476e+01       3.759900e-03
    20           2500       -1.47841476e+01       3.768442e-03
    50           1000       -1.47841476e+01       3.788816e-03
    70            714       -1.47841186e+01       3.882033e-03
   100            500       -1.47841476e+01       3.914861e-03
   200            250       -1.47841476e+01       4.096665e-03
   500            100       -1.47841476e+01       4.328162e-03
0 0.0037719329217362953 0.004328161984250983
Stocahstic error estimate: 3.771933e-03

	predict=-0.07394780838728948,actual=(-0.1738219641883294, 0.006570973334060034)
	g=3.09132465816377,del=0.5765111147962548,dot=0.14767973626208114,x=25.909446100743338
saving to  ./psi1_0
saving to  ./psi1_1
	prob= 0.0014221189479598157
	burn in time= 19.48274064064026
	sample time= 1195.89368891716
	contraction err= 5.180728162410951e-14 2.8304023557175287e-11

Mean energy: -1.47880591e+01
Block size    # of blocks        Mean                Error
     1           50000       -1.47880591e+01       3.734535e-03
     2           25000       -1.47880591e+01       3.721561e-03
     5           10000       -1.47880591e+01       3.702164e-03
    10           5000       -1.47880591e+01       3.654879e-03
    20           2500       -1.47880591e+01       3.609825e-03
    50           1000       -1.47880591e+01       3.738507e-03
    70            714       -1.47881346e+01       3.710931e-03
   100            500       -1.47880591e+01       3.748044e-03
   200            250       -1.47880591e+01       4.039548e-03
   500            100       -1.47880591e+01       4.215467e-03
0 0.0037345350082437813 0.004215467499137771
Stocahstic error estimate: 3.734535e-03

step=1,E=-0.9242536930110118,dE=-0.011108343797709197,err=0.00023340843801523633,gmax=0.358249597906223
	collect g,Hv time= 2.4233179092407227
	solver time=0.10356378555297852,exit status=0
niter= 29
pure_newton= False
	solver time=24.687780141830444,exit status=100
niter= 3101
	prob= 6.0022323609515516e-05
	burn in time= 19.350870847702026
	sample time= 343.7199285030365
	contraction err= 2.5451657780728238e-14 6.55217047811837e-12

Mean energy: -1.48064573e+01
Block size    # of blocks        Mean                Error
     1           50000       -1.48064573e+01       3.817062e-03
     2           25000       -1.48064573e+01       3.809256e-03
     5           10000       -1.48064573e+01       3.783180e-03
    10           5000       -1.48064573e+01       3.815634e-03
    20           2500       -1.48064573e+01       3.826249e-03
    50           1000       -1.48064573e+01       3.976349e-03
    70            714       -1.48065198e+01       3.762251e-03
   100            500       -1.48064573e+01       3.780555e-03
   200            250       -1.48064573e+01       3.513089e-03
   500            100       -1.48064573e+01       3.665679e-03
0 0.0038170619418080825 0.003665678725557555
Stocahstic error estimate: 3.817062e-03

	predict=-0.010603527698508912,actual=(-0.01839818327204057, 0.005340104268214065)
	g=1.6672355765348308,del=0.5786966076684193,dot=0.021087621592856366,x=25.909446100743338
saving to  ./psi2_0
saving to  ./psi2_1
	prob= 6.0022323609515516e-05
	burn in time= 19.21242094039917
	sample time= 1198.4849581718445
	contraction err= 4.858956183308737e-14 4.085564614906668e-12

Mean energy: -1.48067938e+01
Block size    # of blocks        Mean                Error
     1           50000       -1.48067938e+01       4.062885e-03
     2           25000       -1.48067938e+01       4.072761e-03
     5           10000       -1.48067938e+01       4.062568e-03
    10           5000       -1.48067938e+01       4.139688e-03
    20           2500       -1.48067938e+01       4.170863e-03
    50           1000       -1.48067938e+01       4.169715e-03
    70            714       -1.48066705e+01       4.307090e-03
   100            500       -1.48067938e+01       4.290577e-03
   200            250       -1.48067938e+01       4.462514e-03
   500            100       -1.48067938e+01       4.397972e-03
0 0.004072761053423486 0.004397972192526988
Stocahstic error estimate: 4.072761e-03

step=2,E=-0.9254246138295377,dE=-0.001170920818525878,err=0.0002545475658389679,gmax=1.5433905588435266
	collect g,Hv time= 2.862415313720703
	solver time=0.10935068130493164,exit status=0
niter= 31
pure_newton= False
	solver time=24.696489095687866,exit status=100
niter= 3101
	prob= 1.054328415631842e-05
	burn in time= 18.57950496673584
	sample time= 343.8868420124054
	contraction err= 2.9281981228507016e-13 1.3393542430842108e-08

Mean energy: -1.48041257e+01
Block size    # of blocks        Mean                Error
     1           50000       -1.48041257e+01       3.877491e-03
     2           25000       -1.48041257e+01       3.864577e-03
     5           10000       -1.48041257e+01       3.868169e-03
    10           5000       -1.48041257e+01       3.878869e-03
    20           2500       -1.48041257e+01       3.893107e-03
    50           1000       -1.48041257e+01       3.891393e-03
    70            714       -1.48040890e+01       3.861716e-03
   100            500       -1.48041257e+01       3.994538e-03
   200            250       -1.48041257e+01       3.930958e-03
   500            100       -1.48041257e+01       4.029338e-03
0 0.003877491470471025 0.0040293383853555525
Stocahstic error estimate: 3.877491e-03

	predict=-0.010646357568937559,actual=(0.0026681679699152028, 0.005623372893723013)
	g=5.30388935751081,del=0.15152757707430672,dot=0.16607133420676828,x=25.909446100743338
saving to  ./psi3_0
saving to  ./psi3_1
	prob= 2.6581324063595306e-05
	burn in time= 18.97603940963745
	sample time= 1198.7778401374817
	contraction err= 7.54793445711408e-14 1.3366989300234445e-09

Mean energy: -1.48038276e+01
Block size    # of blocks        Mean                Error
     1           50000       -1.48038276e+01       3.778007e-03
     2           25000       -1.48038276e+01       3.779055e-03
     5           10000       -1.48038276e+01       3.802667e-03
    10           5000       -1.48038276e+01       3.821299e-03
    20           2500       -1.48038276e+01       3.803422e-03
    50           1000       -1.48038276e+01       3.828590e-03
    70            714       -1.48037218e+01       3.854312e-03
   100            500       -1.48038276e+01       3.747277e-03
   200            250       -1.48038276e+01       3.697444e-03
   500            100       -1.48038276e+01       4.124830e-03
0 0.0037790548838889586 0.004124830154317848
Stocahstic error estimate: 3.779055e-03

step=3,E=-0.9252392270262908,dE=0.00018538680324686752,err=0.0002361909302430599,gmax=0.20513347725163555
	collect g,Hv time= 2.870919942855835
	solver time=0.14964771270751953,exit status=0
niter= 44
pure_newton= False
	solver time=24.071622133255005,exit status=100
niter= 3101
	prob= 5.172887233197653e-05
	burn in time= 18.74454951286316
	sample time= 343.7970452308655
	contraction err= 2.7002739279899576e-14 3.2079135660774805e-12

Mean energy: -1.48075391e+01
Block size    # of blocks        Mean                Error
     1           50000       -1.48075391e+01       3.839987e-03
     2           25000       -1.48075391e+01       3.840305e-03
     5           10000       -1.48075391e+01       3.860745e-03
    10           5000       -1.48075391e+01       3.853936e-03
    20           2500       -1.48075391e+01       3.832334e-03
    50           1000       -1.48075391e+01       3.755295e-03
    70            714       -1.48074852e+01       3.784233e-03
   100            500       -1.48075391e+01       3.770595e-03
   200            250       -1.48075391e+01       3.946268e-03
   500            100       -1.48075391e+01       3.923599e-03
0 0.0038403045810097365 0.003923598829662808
Stocahstic error estimate: 3.840305e-03

	predict=-0.0057138333438609724,actual=(-0.00371141838463096, 0.005387874821334415)
	g=0.80441825032858,del=0.6248895463570044,dot=0.01131224147097254,x=25.909446100743345
saving to  ./psi4_0
saving to  ./psi4_1
	prob= 5.172887233197653e-05
	burn in time= 19.39721989631653
	sample time= 1198.719711303711
	contraction err= 4.949549827676853e-14 4.092556914017871e-12

Mean energy: -1.48053810e+01
Block size    # of blocks        Mean                Error
     1           50000       -1.48053810e+01       3.882790e-03
     2           25000       -1.48053810e+01       3.870304e-03
     5           10000       -1.48053810e+01       3.879270e-03
    10           5000       -1.48053810e+01       3.856246e-03
    20           2500       -1.48053810e+01       3.874240e-03
    50           1000       -1.48053810e+01       3.798613e-03
    70            714       -1.48054022e+01       3.792071e-03
   100            500       -1.48053810e+01       3.836280e-03
   200            250       -1.48053810e+01       3.797007e-03
   500            100       -1.48053810e+01       3.540541e-03
0 0.0038827900377827775 0.0035405408137093868
Stocahstic error estimate: 3.882790e-03

step=4,E=-0.9253363140752123,dE=-9.70870489215292e-05,err=0.0002426743773614236,gmax=1.1771520568434433
	collect g,Hv time= 2.759105682373047
	solver time=0.10674548149108887,exit status=0
niter= 31
pure_newton= False
	solver time=24.110169172286987,exit status=100
niter= 3101
	prob= 6.57479817167893e-05
	burn in time= 18.731480360031128
	sample time= 344.32235956192017
	contraction err= 2.4197162888643196e-14 1.7149333226266212e-11

Mean energy: -1.48066281e+01
Block size    # of blocks        Mean                Error
     1           50000       -1.48066281e+01       3.827474e-03
     2           25000       -1.48066281e+01       3.838135e-03
     5           10000       -1.48066281e+01       3.850250e-03
    10           5000       -1.48066281e+01       3.829169e-03
    20           2500       -1.48066281e+01       3.803381e-03
    50           1000       -1.48066281e+01       3.786914e-03
    70            714       -1.48067076e+01       3.754917e-03
   100            500       -1.48066281e+01       3.733812e-03
   200            250       -1.48066281e+01       4.001338e-03
   500            100       -1.48066281e+01       4.135668e-03
0 0.0038381349193344493 0.004135667764908364
Stocahstic error estimate: 3.838135e-03

	predict=-0.008698885766499673,actual=(-0.0012470878693964238, 0.005459609705511891)
	g=3.034256793230971,del=0.6517504303674665,dot=0.01732046781269715,x=25.909446100743335
saving to  ./psi5_0
saving to  ./psi5_1
	prob= 6.57479817167893e-05
	burn in time= 19.292285919189453
	sample time= 1198.8022372722626
	contraction err= 4.840294557861278e-14 6.388705794217346e-12

Mean energy: -1.48084838e+01
Block size    # of blocks        Mean                Error
     1           50000       -1.48084838e+01       3.843385e-03
     2           25000       -1.48084838e+01       3.843455e-03
     5           10000       -1.48084838e+01       3.811919e-03
    10           5000       -1.48084838e+01       3.798114e-03
    20           2500       -1.48084838e+01       3.835073e-03
    50           1000       -1.48084838e+01       3.822743e-03
    70            714       -1.48084978e+01       3.934277e-03
   100            500       -1.48084838e+01       3.935415e-03
   200            250       -1.48084838e+01       4.030025e-03
   500            100       -1.48084838e+01       4.446171e-03
0 0.0038434549220342272 0.0044461711620641135
Stocahstic error estimate: 3.843455e-03

step=5,E=-0.9255302391064755,dE=-0.00019392503126314242,err=0.0002402159326271392,gmax=0.3044024155926728
	collect g,Hv time= 3.2418570518493652
	solver time=0.14777207374572754,exit status=0
niter= 46
pure_newton= False
	solver time=24.586714506149292,exit status=100
niter= 3101
	prob= 4.946940032689497e-05
	burn in time= 19.282970428466797
	sample time= 344.24858021736145
	contraction err= 2.6843314846395957e-14 6.238517379077389e-12

Mean energy: -1.48094599e+01
Block size    # of blocks        Mean                Error
     1           50000       -1.48094599e+01       3.865847e-03
     2           25000       -1.48094599e+01       3.865721e-03
     5           10000       -1.48094599e+01       3.897176e-03
    10           5000       -1.48094599e+01       3.852818e-03
    20           2500       -1.48094599e+01       3.817293e-03
    50           1000       -1.48094599e+01       3.888417e-03
    70            714       -1.48094541e+01       3.939958e-03
   100            500       -1.48094599e+01       4.037241e-03
   200            250       -1.48094599e+01       3.988574e-03
   500            100       -1.48094599e+01       3.932628e-03
0 0.0038658466004463554 0.003932628194210933
Stocahstic error estimate: 3.865847e-03

	predict=-0.006269108672481357,actual=(-0.0009760713437536594, 0.0054513223786427974)
	g=0.8963729427297249,del=0.6886687509086671,dot=0.01245481754645816,x=25.909446100743335
saving to  ./psi6_0
saving to  ./psi6_1
	prob= 4.946940032689497e-05
	burn in time= 19.101158618927002
	sample time= 1198.685895204544
	contraction err= 5.919735874210625e-14 4.399522212396023e-12

Mean energy: -1.48113956e+01
Block size    # of blocks        Mean                Error
     1           50000       -1.48113956e+01       4.008973e-03
     2           25000       -1.48113956e+01       4.034053e-03
     5           10000       -1.48113956e+01       4.032996e-03
    10           5000       -1.48113956e+01       4.060842e-03
    20           2500       -1.48113956e+01       4.054640e-03
    50           1000       -1.48113956e+01       4.029478e-03
    70            714       -1.48114404e+01       4.016575e-03
   100            500       -1.48113956e+01       3.951009e-03
   200            250       -1.48113956e+01       3.729146e-03
   500            100       -1.48113956e+01       3.459946e-03
0 0.004034052716675929 0.0034599457756880844
Stocahstic error estimate: 4.034053e-03

step=6,E=-0.9257122240339425,dE=-0.000181984927467016,err=0.0002521282947922456,gmax=0.4039113351102328
	collect g,Hv time= 3.392813205718994
	solver time=0.1201479434967041,exit status=0
niter= 38
pure_newton= False
	solver time=24.850308179855347,exit status=100
niter= 3101
	prob= 3.797011719615785e-05
	burn in time= 18.637303590774536
	sample time= 343.6997740268707
	contraction err= 2.665868101730529e-14 1.1766117641433808e-11

Mean energy: -1.48151633e+01
Block size    # of blocks        Mean                Error
     1           50000       -1.48151633e+01       3.858120e-03
     2           25000       -1.48151633e+01       3.857173e-03
     5           10000       -1.48151633e+01       3.848683e-03
    10           5000       -1.48151633e+01       3.872636e-03
    20           2500       -1.48151633e+01       3.884555e-03
    50           1000       -1.48151633e+01       3.756991e-03
    70            714       -1.48151849e+01       3.693180e-03
   100            500       -1.48151633e+01       3.705391e-03
   200            250       -1.48151633e+01       3.802157e-03
   500            100       -1.48151633e+01       3.962955e-03
0 0.0038581197011197796 0.0039629553052140535
Stocahstic error estimate: 3.858120e-03

	predict=-0.011794033502434128,actual=(-0.0037677394186701463, 0.005581995068887917)
	g=1.2624655546204453,del=0.6738086009786963,dot=0.02337180777314846,x=25.909446100743338
saving to  ./psi7_0
saving to  ./psi7_1
	prob= 3.797011719615785e-05
	burn in time= 18.90674376487732
	sample time= 1198.581548690796
	contraction err= 5.367533941695415e-14 1.6885321193133539e-10

Mean energy: -1.48157448e+01
Block size    # of blocks        Mean                Error
     1           50000       -1.48157448e+01       3.789188e-03
     2           25000       -1.48157448e+01       3.811103e-03
     5           10000       -1.48157448e+01       3.805202e-03
    10           5000       -1.48157448e+01       3.825768e-03
    20           2500       -1.48157448e+01       3.828842e-03
    50           1000       -1.48157448e+01       3.806192e-03
    70            714       -1.48157549e+01       3.809962e-03
   100            500       -1.48157448e+01       3.695927e-03
   200            250       -1.48157448e+01       3.712146e-03
   500            100       -1.48157448e+01       3.451006e-03
0 0.0038111033785022054 0.003451005885578152
Stocahstic error estimate: 3.811103e-03

step=7,E=-0.9259840521514174,dE=-0.00027182811747494817,err=0.00023819396115638784,gmax=0.9470540170273409
	collect g,Hv time= 3.9160869121551514
	solver time=0.0913538932800293,exit status=0
niter= 29
pure_newton= False
	solver time=24.884957313537598,exit status=100
niter= 3101
	prob= 6.570173618307771e-07
	burn in time= 19.76083278656006
	sample time= 343.7716624736786
	contraction err= 2.6688410437148047e-14 5.224411867646282e-12

Mean energy: -1.48187273e+01
Block size    # of blocks        Mean                Error
     1           50000       -1.48187273e+01       3.756974e-03
     2           25000       -1.48187273e+01       3.742911e-03
     5           10000       -1.48187273e+01       3.785627e-03
    10           5000       -1.48187273e+01       3.793346e-03
    20           2500       -1.48187273e+01       3.831391e-03
    50           1000       -1.48187273e+01       3.779054e-03
    70            714       -1.48187498e+01       3.900737e-03
   100            500       -1.48187273e+01       3.913103e-03
   200            250       -1.48187273e+01       3.731318e-03
   500            100       -1.48187273e+01       3.977227e-03
0 0.0037569735937382745 0.003977226746218294
Stocahstic error estimate: 3.756974e-03

	predict=-0.006273775095774467,actual=(-0.0029824358271124396, 0.005351575426514851)
	g=2.5650879747735256,del=0.5868778392414139,dot=0.01232350102592588,x=25.90944610074334
saving to  ./psi8_0
saving to  ./psi8_1
	prob= 6.570173618307771e-07
	burn in time= 18.879163026809692
	sample time= 1198.3568789958954
	contraction err= 5.004113631963781e-14 2.5293483315269366e-12

Mean energy: -1.48110661e+01
Block size    # of blocks        Mean                Error
     1           50000       -1.48110661e+01       3.778451e-03
     2           25000       -1.48110661e+01       3.784179e-03
     5           10000       -1.48110661e+01       3.788393e-03
    10           5000       -1.48110661e+01       3.729538e-03
    20           2500       -1.48110661e+01       3.682667e-03
    50           1000       -1.48110661e+01       3.606630e-03
    70            714       -1.48110549e+01       3.604004e-03
   100            500       -1.48110661e+01       3.657440e-03
   200            250       -1.48110661e+01       3.580419e-03
   500            100       -1.48110661e+01       3.662871e-03
0 0.0037841788364789183 0.003662871291260768
Stocahstic error estimate: 3.784179e-03

step=8,E=-0.9256916320341952,dE=0.00029242011722219186,err=0.0002365111772799324,gmax=0.7082036945724894
	collect g,Hv time= 4.022930383682251
	solver time=0.11345648765563965,exit status=0
niter= 33
pure_newton= False
	solver time=24.21491813659668,exit status=100
niter= 3101
	prob= 0.00012725384877371594
	burn in time= 18.524208545684814
	sample time= 343.857714176178
	contraction err= 2.465446053092997e-14 4.247096827115475e-12

Mean energy: -1.48190369e+01
Block size    # of blocks        Mean                Error
     1           50000       -1.48190369e+01       3.790113e-03
     2           25000       -1.48190369e+01       3.801549e-03
     5           10000       -1.48190369e+01       3.802308e-03
    10           5000       -1.48190369e+01       3.788151e-03
    20           2500       -1.48190369e+01       3.791624e-03
    50           1000       -1.48190369e+01       3.730671e-03
    70            714       -1.48190915e+01       3.743888e-03
   100            500       -1.48190369e+01       3.555959e-03
   200            250       -1.48190369e+01       3.494728e-03
   500            100       -1.48190369e+01       3.558167e-03
0 0.0038015491770963506 0.00355816679396071
Stocahstic error estimate: 3.801549e-03

	predict=-0.006395877744946398,actual=(-0.007970786346835013, 0.005363933781501864)
	g=1.6110981393842525,del=0.6748970248436612,dot=0.012602356366949698,x=25.909446100743335
saving to  ./psi9_0
saving to  ./psi9_1
	prob= 0.00012725384877371594
	burn in time= 18.727046012878418
	sample time= 1197.8525710105896
	contraction err= 4.428453563475004e-14 2.314911957000397e-12

Mean energy: -1.48135148e+01
Block size    # of blocks        Mean                Error
     1           50000       -1.48135148e+01       3.666957e-03
     2           25000       -1.48135148e+01       3.691795e-03
     5           10000       -1.48135148e+01       3.714117e-03
    10           5000       -1.48135148e+01       3.738348e-03
    20           2500       -1.48135148e+01       3.758976e-03
    50           1000       -1.48135148e+01       3.726868e-03
    70            714       -1.48131682e+01       3.647704e-03
   100            500       -1.48135148e+01       3.774128e-03
   200            250       -1.48135148e+01       3.733466e-03
   500            100       -1.48135148e+01       3.802988e-03
0 0.0036917949205928957 0.003802987642769859
Stocahstic error estimate: 3.691795e-03

step=9,E=-0.925844675839261,dE=-0.00015304380506575566,err=0.00023073718253705598,gmax=0.3421391457127996
	collect g,Hv time= 3.695230007171631
	solver time=0.15597772598266602,exit status=0
niter= 48
pure_newton= False
	solver time=24.833480834960938,exit status=100
niter= 3101
	prob= 4.8888355649986705e-05
	burn in time= 19.097382307052612
	sample time= 343.5691571235657
	contraction err= 2.4443097754973756e-14 4.684225461530104e-12

Mean energy: -1.48225183e+01
Block size    # of blocks        Mean                Error
     1           50000       -1.48225183e+01       3.673920e-03
     2           25000       -1.48225183e+01       3.672066e-03
     5           10000       -1.48225183e+01       3.666039e-03
    10           5000       -1.48225183e+01       3.696087e-03
    20           2500       -1.48225183e+01       3.691210e-03
    50           1000       -1.48225183e+01       3.717487e-03
    70            714       -1.48224854e+01       3.569277e-03
   100            500       -1.48225183e+01       3.656474e-03
   200            250       -1.48225183e+01       3.775738e-03
   500            100       -1.48225183e+01       3.970613e-03
0 0.003673919848216429 0.003970613105154792
Stocahstic error estimate: 3.673920e-03

	predict=-0.0047583702425585545,actual=(-0.009003463208289375, 0.005208362198122758)
	g=0.9288593268995173,del=0.6691641030744038,dot=0.009358429938888023,x=25.909446100743338
saving to  ./psi10_0
saving to  ./psi10_1
0 {}
1 {}
2 {}
3 {}
4 {}
5 {}
6 {}
7 {}
8 {}
9 {}
10 {}
11 {}
12 {}
13 {}
14 {}
15 {}
0 {}
1 {}
2 {}
3 {}
4 {}
5 {}
6 {}
7 {}
8 {}
9 {}
10 {}
11 {}
12 {}
13 {}
14 {}
15 {}
block_dict= [(0, 772)]
sizes= [772]
block_dict= [(0, 772)]
sizes= [772]
block_dict= [(0, 576)]
sizes= [576]
nbatch= 1
SIZE= 640
Lx,Ly= 4 4
nelec= (7, 7)
D= 4
nparam= 2120
	prob= 0.005289055701694312
	burn in time= 19.47828722000122
	sample time= 257.96221375465393
	contraction err= 4.480162840454125e-14 4.2197623294140105e-12

Mean energy: -1.48178160e+01
Block size    # of blocks        Mean                Error
     1           50000       -1.48178160e+01       3.681633e-03
     2           25000       -1.48178160e+01       3.682799e-03
     5           10000       -1.48178160e+01       3.668343e-03
    10           5000       -1.48178160e+01       3.656808e-03
    20           2500       -1.48178160e+01       3.645066e-03
    50           1000       -1.48178160e+01       3.552049e-03
    70            714       -1.48178032e+01       3.652517e-03
   100            500       -1.48178160e+01       3.567191e-03
   200            250       -1.48178160e+01       3.579605e-03
   500            100       -1.48178160e+01       3.495616e-03
0 0.0036827990375856473 0.0034956162207148483
Stocahstic error estimate: 3.682799e-03

step=10,E=-0.926113500566242,dE=-0.926113500566242,err=0.00023017493984910296,gmax=0.31619784438315435
	collect g,Hv time= 1.6738672256469727
	solver time=0.06120800971984863,exit status=0
niter= 49
pure_newton= False
	solver time=3.254927158355713,exit status=0
niter= 2077
	prob= 0.004898110941524888
	burn in time= 18.417688846588135
	sample time= 343.6076555252075
	contraction err= 2.2260748180233003e-14 1.0370572605670722e-12

Mean energy: -1.48205467e+01
Block size    # of blocks        Mean                Error
     1           50000       -1.48205467e+01       3.813794e-03
     2           25000       -1.48205467e+01       3.812973e-03
     5           10000       -1.48205467e+01       3.817799e-03
    10           5000       -1.48205467e+01       3.846074e-03
    20           2500       -1.48205467e+01       3.880859e-03
    50           1000       -1.48205467e+01       3.829654e-03
    70            714       -1.48205450e+01       3.739208e-03
   100            500       -1.48205467e+01       3.829966e-03
   200            250       -1.48205467e+01       3.890190e-03
   500            100       -1.48205467e+01       4.075870e-03
0 0.0038137937450138165 0.004075870040696947
Stocahstic error estimate: 3.813794e-03

	predict=-0.00495424263371391,actual=(-0.002730668351107468, 0.005301700810188018)
	g=1.3005626283113079,del=0.2309473521707847,dot=0.00990886106725757,x=27.2049184057805
saving to  ./psi11_0
saving to  ./psi11_1
	prob= 0.004898110941524888
	burn in time= 19.00107216835022
	sample time= 1215.9199132919312
	contraction err= 4.4145413734133957e-14 5.409408579800267e-12

Mean energy: -1.48231554e+01
Block size    # of blocks        Mean                Error
     1           50000       -1.48231554e+01       3.637075e-03
     2           25000       -1.48231554e+01       3.651817e-03
     5           10000       -1.48231554e+01       3.623739e-03
    10           5000       -1.48231554e+01       3.625383e-03
    20           2500       -1.48231554e+01       3.690073e-03
    50           1000       -1.48231554e+01       3.712777e-03
    70            714       -1.48232042e+01       3.601497e-03
   100            500       -1.48231554e+01       3.716628e-03
   200            250       -1.48231554e+01       3.778604e-03
   500            100       -1.48231554e+01       4.091174e-03
0 0.0036518173089438695 0.004091173658171009
Stocahstic error estimate: 3.651817e-03

step=11,E=-0.9264472147649226,dE=-0.000333714198680668,err=0.00022823858180899185,gmax=0.5112568284123924
	collect g,Hv time= 2.635908842086792
	solver time=0.1482858657836914,exit status=0
niter= 48
pure_newton= False
	solver time=12.972714900970459,exit status=0
niter= 1616
	prob= 0.0021342505305369393
	burn in time= 18.38753914833069
	sample time= 344.9255619049072
	contraction err= 2.3821075177247145e-14 1.0315206093617866e-12

Mean energy: -1.48208004e+01
Block size    # of blocks        Mean                Error
     1           50000       -1.48208004e+01       3.738061e-03
     2           25000       -1.48208004e+01       3.734168e-03
     5           10000       -1.48208004e+01       3.728865e-03
    10           5000       -1.48208004e+01       3.684627e-03
    20           2500       -1.48208004e+01       3.594836e-03
    50           1000       -1.48208004e+01       3.583180e-03
    70            714       -1.48208864e+01       3.457425e-03
   100            500       -1.48208004e+01       3.475542e-03
   200            250       -1.48208004e+01       3.522571e-03
   500            100       -1.48208004e+01       3.597137e-03
0 0.003738061418038102 0.0035971372822027046
Stocahstic error estimate: 3.738061e-03

	predict=-0.0035142678747157575,actual=(0.0023550233912015273, 0.005225789205749412)
	g=1.3525206990016896,del=0.1008477438847467,dot=0.019704343575337024,x=27.2049184057805
saving to  ./psi12_0
saving to  ./psi12_1
	prob= 0.007719771321381746
	burn in time= 18.836121082305908
	sample time= 1216.7611100673676
	contraction err= 4.5901987437746585e-14 1.5004438679076206e-12

Mean energy: -1.48185506e+01
Block size    # of blocks        Mean                Error
     1           50000       -1.48185506e+01       3.729177e-03
     2           25000       -1.48185506e+01       3.718897e-03
     5           10000       -1.48185506e+01       3.708522e-03
    10           5000       -1.48185506e+01       3.704107e-03
    20           2500       -1.48185506e+01       3.713387e-03
    50           1000       -1.48185506e+01       3.722593e-03
    70            714       -1.48185880e+01       3.738194e-03
   100            500       -1.48185506e+01       3.693365e-03
   200            250       -1.48185506e+01       3.747123e-03
   500            100       -1.48185506e+01       4.129773e-03
0 0.0037291765714769593 0.00412977306753581
Stocahstic error estimate: 3.729177e-03

step=12,E=-0.9261594144671447,dE=0.00028780029777797367,err=0.00023307353571730996,gmax=0.15784786772564985
	collect g,Hv time= 2.8912720680236816
niter= 39
	solver time=0.12283778190612793,exit status=0
pure_newton= False
	solver time=17.68554377555847,exit status=0
niter= 2201
	prob= 0.0015606687491533937
	burn in time= 19.541686534881592
	sample time= 345.2860813140869
	contraction err= 2.3746075013378497e-14 1.5715383571844676e-12

Mean energy: -1.48229663e+01
Block size    # of blocks        Mean                Error
     1           50000       -1.48229663e+01       3.750240e-03
     2           25000       -1.48229663e+01       3.758528e-03
     5           10000       -1.48229663e+01       3.782684e-03
    10           5000       -1.48229663e+01       3.768580e-03
    20           2500       -1.48229663e+01       3.747115e-03
    50           1000       -1.48229663e+01       3.629526e-03
    70            714       -1.48229159e+01       3.724247e-03
   100            500       -1.48229663e+01       3.551395e-03
   200            250       -1.48229663e+01       3.583517e-03
   500            100       -1.48229663e+01       3.373949e-03
0 0.0037585283107189286 0.0033739494205660327
Stocahstic error estimate: 3.758528e-03

	predict=-0.0044081297558888335,actual=(-0.004415700650625354, 0.005294647576914665)
	g=0.6579279130083575,del=0.23208021158399839,dot=0.00881615342382435,x=27.204918405780496
saving to  ./psi13_0
saving to  ./psi13_1
	prob= 0.0015606687491533937
	burn in time= 18.78099513053894
	sample time= 1216.5584661960602
	contraction err= 4.610095398510283e-14 1.54647816310136e-12

Mean energy: -1.48227294e+01
Block size    # of blocks        Mean                Error
     1           50000       -1.48227294e+01       3.614211e-03
     2           25000       -1.48227294e+01       3.632655e-03
     5           10000       -1.48227294e+01       3.633169e-03
    10           5000       -1.48227294e+01       3.646078e-03
    20           2500       -1.48227294e+01       3.619650e-03
    50           1000       -1.48227294e+01       3.729516e-03
    70            714       -1.48226089e+01       3.754445e-03
   100            500       -1.48227294e+01       3.755958e-03
   200            250       -1.48227294e+01       3.653145e-03
   500            100       -1.48227294e+01       3.390668e-03
0 0.003632655112321801 0.0033906682995198524
Stocahstic error estimate: 3.632655e-03

step=13,E=-0.9264205851373241,dE=-0.0002611706701793892,err=0.00022704094452011256,gmax=0.19692273792665915
	collect g,Hv time= 2.7980825901031494
	solver time=0.17457890510559082,exit status=0
niter= 50
pure_newton= False
	solver time=16.998841047286987,exit status=0
niter= 2110
	prob= 0.0005663319637331874
	burn in time= 17.870320320129395
	sample time= 345.0612189769745
	contraction err= 2.3896965763880582e-14 1.1653212097989047e-12

Mean energy: -1.48270258e+01
Block size    # of blocks        Mean                Error
     1           50000       -1.48270258e+01       3.760372e-03
     2           25000       -1.48270258e+01       3.744108e-03
     5           10000       -1.48270258e+01       3.740750e-03
    10           5000       -1.48270258e+01       3.691060e-03
    20           2500       -1.48270258e+01       3.709397e-03
    50           1000       -1.48270258e+01       3.730261e-03
    70            714       -1.48269886e+01       3.697359e-03
   100            500       -1.48270258e+01       3.599310e-03
   200            250       -1.48270258e+01       3.854988e-03
   500            100       -1.48270258e+01       3.730023e-03
0 0.0037603719684249754 0.003730023201719601
Stocahstic error estimate: 3.760372e-03

	predict=-0.003273443607842124,actual=(-0.004296486126445842, 0.005228439586147481)
	g=0.7354302441375051,del=0.22551021557822956,dot=0.006547640538298558,x=27.204918405780504
saving to  ./psi14_0
saving to  ./psi14_1
	prob= 0.0005663319637331874
	burn in time= 18.96319055557251
	sample time= 1215.4564247131348
	contraction err= 4.7346377300600355e-14 6.481741783755254e-12

Mean energy: -1.48236179e+01
Block size    # of blocks        Mean                Error
     1           50000       -1.48236179e+01       3.654412e-03
     2           25000       -1.48236179e+01       3.663490e-03
     5           10000       -1.48236179e+01       3.691341e-03
    10           5000       -1.48236179e+01       3.677049e-03
    20           2500       -1.48236179e+01       3.680504e-03
    50           1000       -1.48236179e+01       3.660549e-03
    70            714       -1.48235279e+01       3.646680e-03
   100            500       -1.48236179e+01       3.555034e-03
   200            250       -1.48236179e+01       3.693530e-03
   500            100       -1.48236179e+01       3.777377e-03
0 0.00366349019368349 0.003777377035915271
Stocahstic error estimate: 3.663490e-03

step=14,E=-0.9264761164342195,dE=-5.553129689539471e-05,err=0.00022896813710521812,gmax=0.23976216242830617
	collect g,Hv time= 3.2546191215515137
niter= 49
	solver time=0.16876006126403809,exit status=0
pure_newton= False
	solver time=18.07826328277588,exit status=0
niter= 2296
	prob= 0.0011434268488777176
	burn in time= 18.90996551513672
	sample time= 345.117267370224
	contraction err= 2.457290404822013e-14 6.483564229544567e-13

Mean energy: -1.48250032e+01
Block size    # of blocks        Mean                Error
     1           50000       -1.48250032e+01       3.723889e-03
     2           25000       -1.48250032e+01       3.722128e-03
     5           10000       -1.48250032e+01       3.716971e-03
    10           5000       -1.48250032e+01       3.705678e-03
    20           2500       -1.48250032e+01       3.659046e-03
    50           1000       -1.48250032e+01       3.704422e-03
    70            714       -1.48250799e+01       3.792913e-03
   100            500       -1.48250032e+01       3.754450e-03
   200            250       -1.48250032e+01       3.961481e-03
   500            100       -1.48250032e+01       3.814181e-03
0 0.0037238890059689456 0.003814181265772808
Stocahstic error estimate: 3.723889e-03

	predict=-0.003914129551335672,actual=(-0.0013852988803311206, 0.005223840515175734)
	g=0.9966040789726678,del=0.21844878741683885,dot=0.007830107559499793,x=27.204918405780504
saving to  ./psi15_0
saving to  ./psi15_1
	prob= 0.0011434268488777176
	burn in time= 18.30286478996277
	sample time= 1215.0055215358734
	contraction err= 4.518651967359125e-14 2.72619412757582e-12

Mean energy: -1.48197172e+01
Block size    # of blocks        Mean                Error
     1           50000       -1.48197172e+01       3.734617e-03
     2           25000       -1.48197172e+01       3.721249e-03
     5           10000       -1.48197172e+01       3.712967e-03
    10           5000       -1.48197172e+01       3.708145e-03
    20           2500       -1.48197172e+01       3.706912e-03
    50           1000       -1.48197172e+01       3.578151e-03
    70            714       -1.48197330e+01       3.553662e-03
   100            500       -1.48197172e+01       3.589707e-03
   200            250       -1.48197172e+01       3.684801e-03
   500            100       -1.48197172e+01       3.647315e-03
0 0.003734616843185408 0.0036473145120841173
Stocahstic error estimate: 3.734617e-03

step=15,E=-0.9262323266872241,dE=0.00024378974699534872,err=0.000233413552699088,gmax=0.4031310086029194
	collect g,Hv time= 3.7035787105560303
niter= 39
	solver time=0.12368416786193848,exit status=0
pure_newton= False
	solver time=17.746757745742798,exit status=0
niter= 2200
	prob= 0.00024324103428962309
	burn in time= 18.77924156188965
	sample time= 344.6055212020874
	contraction err= 2.440411847010293e-14 6.447541526169406e-13

Mean energy: -1.48260527e+01
Block size    # of blocks        Mean                Error
     1           50000       -1.48260527e+01       3.645638e-03
     2           25000       -1.48260527e+01       3.642979e-03
     5           10000       -1.48260527e+01       3.630538e-03
    10           5000       -1.48260527e+01       3.665465e-03
    20           2500       -1.48260527e+01       3.655564e-03
    50           1000       -1.48260527e+01       3.675175e-03
    70            714       -1.48259419e+01       3.836767e-03
   100            500       -1.48260527e+01       3.777682e-03
   200            250       -1.48260527e+01       3.896840e-03
   500            100       -1.48260527e+01       3.971623e-03
0 0.0036456383977035126 0.003971623140241005
Stocahstic error estimate: 3.645638e-03

	predict=-0.00442303334808346,actual=(-0.006335497029537507, 0.005219007788096735)
	g=1.3370768267255757,del=0.22614916926661063,dot=0.008848588543522978,x=27.204918405780504
saving to  ./psi16_0
saving to  ./psi16_1
	prob= 0.00024324103428962309
	burn in time= 18.95053744316101
	sample time= 1214.1424057483673
	contraction err= 4.821269125677853e-14 4.22839907555253e-12

Mean energy: -1.48254922e+01
Block size    # of blocks        Mean                Error
     1           50000       -1.48254922e+01       3.605986e-03
     2           25000       -1.48254922e+01       3.606722e-03
     5           10000       -1.48254922e+01       3.610213e-03
    10           5000       -1.48254922e+01       3.628673e-03
    20           2500       -1.48254922e+01       3.610101e-03
    50           1000       -1.48254922e+01       3.680872e-03
    70            714       -1.48254601e+01       3.742997e-03
   100            500       -1.48254922e+01       3.700182e-03
   200            250       -1.48254922e+01       3.958888e-03
   500            100       -1.48254922e+01       3.922105e-03
0 0.0036067224129861498 0.0039221053594379555
Stocahstic error estimate: 3.606722e-03

step=16,E=-0.926593261232979,dE=-0.0003609345457549207,err=0.00022542015081163436,gmax=0.22747428694376026
	collect g,Hv time= 4.684218883514404
	solver time=0.15399408340454102,exit status=0
niter= 48
pure_newton= False
	solver time=15.734805345535278,exit status=0
niter= 1959
	prob= 0.0004706981134135396
	burn in time= 18.49932885169983
	sample time= 344.50237679481506
	contraction err= 2.479551701879948e-14 1.5251804365460756e-12

Mean energy: -1.48341680e+01
Block size    # of blocks        Mean                Error
     1           50000       -1.48341680e+01       3.648102e-03
     2           25000       -1.48341680e+01       3.646304e-03
     5           10000       -1.48341680e+01       3.622624e-03
    10           5000       -1.48341680e+01       3.643544e-03
    20           2500       -1.48341680e+01       3.661105e-03
    50           1000       -1.48341680e+01       3.813594e-03
    70            714       -1.48342611e+01       3.682185e-03
   100            500       -1.48341680e+01       3.654874e-03
   200            250       -1.48341680e+01       3.589397e-03
   500            100       -1.48341680e+01       3.793264e-03
0 0.003648101933746788 0.0037932642215355024
Stocahstic error estimate: 3.648102e-03

	predict=-0.0036324072502202107,actual=(-0.008675821471630485, 0.005130018935963462)
	g=0.7235765096246406,del=0.2259313643122372,dot=0.007264729981218608,x=27.2049184057805
saving to  ./psi17_0
saving to  ./psi17_1
	prob= 0.0004706981134135396
	burn in time= 18.987905502319336
	sample time= 1214.175197839737
	contraction err= 4.7937726364885896e-14 2.365416967089534e-12

Mean energy: -1.48274995e+01
Block size    # of blocks        Mean                Error
     1           50000       -1.48274995e+01       3.652061e-03
     2           25000       -1.48274995e+01       3.657870e-03
     5           10000       -1.48274995e+01       3.645716e-03
    10           5000       -1.48274995e+01       3.683097e-03
    20           2500       -1.48274995e+01       3.656470e-03
    50           1000       -1.48274995e+01       3.656137e-03
    70            714       -1.48274851e+01       3.675879e-03
   100            500       -1.48274995e+01       3.639609e-03
   200            250       -1.48274995e+01       3.766934e-03
   500            100       -1.48274995e+01       3.857500e-03
0 0.0036578701197335986 0.0038575004975475217
Stocahstic error estimate: 3.657870e-03

step=17,E=-0.9267187204252367,dE=-0.0001254591922577042,err=0.0002286168824833499,gmax=0.2943389826480036
	collect g,Hv time= 3.639744997024536
niter= 49
	solver time=0.16798758506774902,exit status=0
pure_newton= False
	solver time=17.709283113479614,exit status=0
niter= 2238
	prob= 0.009332294426464086
	burn in time= 19.04633069038391
	sample time= 344.67999744415283
	contraction err= 2.6704772184458457e-14 1.20905742669614e-12

Mean energy: -1.48252892e+01
Block size    # of blocks        Mean                Error
     1           50000       -1.48252892e+01       3.595872e-03
     2           25000       -1.48252892e+01       3.594329e-03
     5           10000       -1.48252892e+01       3.581781e-03
    10           5000       -1.48252892e+01       3.568472e-03
    20           2500       -1.48252892e+01       3.501373e-03
    50           1000       -1.48252892e+01       3.575957e-03
    70            714       -1.48252642e+01       3.549063e-03
   100            500       -1.48252892e+01       3.467884e-03
   200            250       -1.48252892e+01       3.441213e-03
   500            100       -1.48252892e+01       3.429643e-03
0 0.0035958718322754877 0.0034296430853410615
Stocahstic error estimate: 3.595872e-03

	predict=-0.004796686625405952,actual=(0.002210307132717304, 0.005129357469215044)
	g=1.030835181932919,del=0.12440365795551826,dot=0.02857006279339233,x=27.2049184057805
saving to  ./psi18_0
saving to  ./psi18_1
	prob= 0.0010898292399578917
	burn in time= 18.92522931098938
	sample time= 1213.7785568237305
	contraction err= 4.673586098148769e-14 2.910097792371483e-12

Mean energy: -1.48212080e+01
Block size    # of blocks        Mean                Error
     1           50000       -1.48212080e+01       3.652325e-03
     2           25000       -1.48212080e+01       3.649707e-03
     5           10000       -1.48212080e+01       3.684941e-03
    10           5000       -1.48212080e+01       3.634162e-03
    20           2500       -1.48212080e+01       3.671804e-03
    50           1000       -1.48212080e+01       3.591176e-03
    70            714       -1.48212636e+01       3.569932e-03
   100            500       -1.48212080e+01       3.670162e-03
   200            250       -1.48212080e+01       3.555170e-03
   500            100       -1.48212080e+01       3.615272e-03
0 0.0036523251457260533 0.003615271528406339
Stocahstic error estimate: 3.652325e-03

step=18,E=-0.9263255021260498,dE=0.00039321829918692597,err=0.00022827032160787833,gmax=0.3085177701190105
	collect g,Hv time= 3.444711446762085
	solver time=0.1199331283569336,exit status=0
niter= 34
pure_newton= False
	solver time=13.992589235305786,exit status=0
niter= 1738
	prob= 0.00012486929636024326
	burn in time= 18.195750951766968
	sample time= 344.5075943470001
	contraction err= 2.666028903612192e-14 8.269432876728463e-13

Mean energy: -1.48238032e+01
Block size    # of blocks        Mean                Error
     1           50000       -1.48238032e+01       3.679105e-03
     2           25000       -1.48238032e+01       3.696864e-03
     5           10000       -1.48238032e+01       3.669827e-03
    10           5000       -1.48238032e+01       3.677871e-03
    20           2500       -1.48238032e+01       3.633048e-03
    50           1000       -1.48238032e+01       3.535056e-03
    70            714       -1.48237842e+01       3.551013e-03
   100            500       -1.48238032e+01       3.456592e-03
   200            250       -1.48238032e+01       3.540770e-03
   500            100       -1.48238032e+01       3.686872e-03
0 0.0036968642046179526 0.003686872426613587
Stocahstic error estimate: 3.696864e-03

	predict=-0.0038234421193166918,actual=(-0.002595154444341219, 0.005196757057770582)
	g=0.7730525667705296,del=0.22287620645514933,dot=0.007648420161911751,x=27.2049184057805
saving to  ./psi19_0
saving to  ./psi19_1
	prob= 0.00012486929636024326
	burn in time= 19.050647974014282
	sample time= 1212.2459561824799
	contraction err= 4.992341975430913e-14 4.108559584791488e-12

Mean energy: -1.48302321e+01
Block size    # of blocks        Mean                Error
     1           50000       -1.48302321e+01       3.655086e-03
     2           25000       -1.48302321e+01       3.642537e-03
     5           10000       -1.48302321e+01       3.627807e-03
    10           5000       -1.48302321e+01       3.633992e-03
    20           2500       -1.48302321e+01       3.635126e-03
    50           1000       -1.48302321e+01       3.610928e-03
    70            714       -1.48303042e+01       3.687653e-03
   100            500       -1.48302321e+01       3.729817e-03
   200            250       -1.48302321e+01       3.808270e-03
   500            100       -1.48302321e+01       3.961235e-03
0 0.003655086199509524 0.003961234812034762
Stocahstic error estimate: 3.655086e-03

step=19,E=-0.9268895070403503,dE=-0.000564004914300531,err=0.00022844288746934525,gmax=0.6383007615835368
	collect g,Hv time= 4.62454628944397
	solver time=0.15849685668945312,exit status=0
niter= 49
pure_newton= False
	solver time=16.55547785758972,exit status=0
niter= 2048
	prob= 6.6357483754203855e-06
	burn in time= 18.610172748565674
	sample time= 344.512175321579
	contraction err= 2.4988420548042636e-14 2.4554084660926553e-12

Mean energy: -1.48303902e+01
Block size    # of blocks        Mean                Error
     1           50000       -1.48303902e+01       3.780353e-03
     2           25000       -1.48303902e+01       3.801938e-03
     5           10000       -1.48303902e+01       3.770647e-03
    10           5000       -1.48303902e+01       3.775127e-03
    20           2500       -1.48303902e+01       3.770084e-03
    50           1000       -1.48303902e+01       3.733119e-03
    70            714       -1.48304378e+01       3.789242e-03
   100            500       -1.48303902e+01       3.642935e-03
   200            250       -1.48303902e+01       3.766788e-03
   500            100       -1.48303902e+01       4.010778e-03
0 0.003801937568664771 0.004010777566905316
Stocahstic error estimate: 3.801938e-03

	predict=-0.004852839161088788,actual=(-0.0001581309382192586, 0.005273934432837554)
	g=1.3255087895978808,del=0.2245183818541962,dot=0.009709265204428566,x=27.204918405780514
saving to  ./psi20_0
saving to  ./psi20_1
