block_dict= [(0, 1320)]
sizes= [1320]
SIZE= 640
L= 30
nspin= (15, 15)
nparam= 1320
	prob= 9.08700855989803e-07
	burn in time= 0.8460361957550049
	sample time= 9.651722192764282
	contraction err= 3.932724194053262e-15 8.832748353227461e-14

Mean energy: -1.11063574e+01
Block size    # of blocks        Mean                Error
     1           50000       -1.11063574e+01       1.619024e-03
     2           25000       -1.11063574e+01       1.615513e-03
     5           10000       -1.11063574e+01       1.610074e-03
    10           5000       -1.11063574e+01       1.606629e-03
    20           2500       -1.11063574e+01       1.605608e-03
    50           1000       -1.11063574e+01       1.638165e-03
    70            714       -1.11062992e+01       1.614278e-03
   100            500       -1.11063574e+01       1.671200e-03
   200            250       -1.11063574e+01       1.730095e-03
   500            100       -1.11063574e+01       1.778497e-03
0 0.0016190238685939455 0.0017784974202326533
Stocahstic error estimate: 1.619024e-03

step=50,E=-0.3702119118893507,dE=-0.3702119118893507,err=5.396746228646485e-05,gmax=0.5044415929928565
	collect g,Hv time= 0.4848916530609131
	solver time=0.06508302688598633,exit status=0
niter= 63
	g=2.733823935180359,del=0.16502356855935693,dot=0.049756413019691775,x=11.71027537344926
	prob= 8.601985747782036e-07
	burn in time= 0.7457139492034912
	sample time= 26.45558261871338
	contraction err= 3.858263906284593e-15 1.8832498009492825e-13

Mean energy: -1.11052803e+01
Block size    # of blocks        Mean                Error
     1           50000       -1.11052803e+01       1.691375e-03
     2           25000       -1.11052803e+01       1.687894e-03
     5           10000       -1.11052803e+01       1.699010e-03
    10           5000       -1.11052803e+01       1.707587e-03
    20           2500       -1.11052803e+01       1.716104e-03
    50           1000       -1.11052803e+01       1.737598e-03
    70            714       -1.11052315e+01       1.723002e-03
   100            500       -1.11052803e+01       1.658480e-03
   200            250       -1.11052803e+01       1.949921e-03
   500            100       -1.11052803e+01       2.456138e-03
0 0.001691374518756865 0.0024561384215934993
Stocahstic error estimate: 1.691375e-03

step=51,E=-0.37017601044816,dE=3.5901441190707334e-05,err=5.637915062522883e-05,gmax=0.4113800335274411
	collect g,Hv time= 0.4841122627258301
	solver time=0.10288572311401367,exit status=0
niter= 56
	g=2.790482639874983,del=0.14451662235406315,dot=0.05604815956581525,x=11.710275373449257
	prob= 8.456741205387533e-07
	burn in time= 0.7239577770233154
	sample time= 26.473580837249756
	contraction err= 3.877935386204762e-15 8.869400458007431e-14

Mean energy: -1.11103783e+01
Block size    # of blocks        Mean                Error
     1           50000       -1.11103783e+01       1.765297e-03
     2           25000       -1.11103783e+01       1.765932e-03
     5           10000       -1.11103783e+01       1.782578e-03
    10           5000       -1.11103783e+01       1.783987e-03
    20           2500       -1.11103783e+01       1.770154e-03
    50           1000       -1.11103783e+01       1.710906e-03
    70            714       -1.11103760e+01       1.687721e-03
   100            500       -1.11103783e+01       1.661254e-03
   200            250       -1.11103783e+01       1.822758e-03
   500            100       -1.11103783e+01       2.226532e-03
0 0.0017659318225827687 0.0022265320094327456
Stocahstic error estimate: 1.765932e-03

step=52,E=-0.3703459436690543,dE=-0.00016993322089433604,err=5.886439408609229e-05,gmax=0.4770581490061039
	collect g,Hv time= 0.484283447265625
	solver time=0.09368467330932617,exit status=0
niter= 64
	g=2.8769174280875376,del=0.1693672329599518,dot=0.0629726068840771,x=11.710275373449257
	prob= 8.184270189243396e-07
	burn in time= 0.777580738067627
	sample time= 26.449098348617554
	contraction err= 3.905012133722001e-15 1.9558887209265822e-13

Mean energy: -1.11252438e+01
Block size    # of blocks        Mean                Error
     1           50000       -1.11252438e+01       1.506819e-03
     2           25000       -1.11252438e+01       1.505719e-03
     5           10000       -1.11252438e+01       1.511667e-03
    10           5000       -1.11252438e+01       1.499861e-03
    20           2500       -1.11252438e+01       1.496619e-03
    50           1000       -1.11252438e+01       1.506888e-03
    70            714       -1.11252505e+01       1.507005e-03
   100            500       -1.11252438e+01       1.503199e-03
   200            250       -1.11252438e+01       1.674823e-03
   500            100       -1.11252438e+01       1.907954e-03
0 0.0015068192094486702 0.0019079536140446335
Stocahstic error estimate: 1.506819e-03

step=53,E=-0.3708414601253582,dE=-0.0004955164563038868,err=5.022730698162234e-05,gmax=0.5881595378093916
	collect g,Hv time= 0.48012876510620117
	solver time=0.08532261848449707,exit status=0
niter= 47
	g=3.1998636866824874,del=0.13148650455244199,dot=0.04850231200313394,x=11.710275373449255
	prob= 7.23486426404145e-07
	burn in time= 0.7833032608032227
	sample time= 26.409761428833008
	contraction err= 4.05623299060384e-15 1.568689087919088e-13

Mean energy: -1.11184640e+01
Block size    # of blocks        Mean                Error
     1           50000       -1.11184640e+01       1.674822e-03
     2           25000       -1.11184640e+01       1.687709e-03
     5           10000       -1.11184640e+01       1.696665e-03
    10           5000       -1.11184640e+01       1.703465e-03
    20           2500       -1.11184640e+01       1.743956e-03
    50           1000       -1.11184640e+01       1.792692e-03
    70            714       -1.11184607e+01       1.788992e-03
   100            500       -1.11184640e+01       1.767393e-03
   200            250       -1.11184640e+01       2.025636e-03
   500            100       -1.11184640e+01       2.572865e-03
0 0.0016877089679983137 0.0025728653944058935
Stocahstic error estimate: 1.687709e-03

step=54,E=-0.37061546833287545,dE=0.00022599179248275665,err=5.625696559994379e-05,gmax=0.6861294667029325
	collect g,Hv time= 0.48038363456726074
	solver time=0.10413455963134766,exit status=0
	g=3.35297904995632,del=0.1429656626858643,dot=0.05955379705958435,x=11.710275373449253
niter= 60
	prob= 7.042146963130816e-07
	burn in time= 0.7718698978424072
	sample time= 26.402583599090576
	contraction err= 3.999435780804826e-15 1.4144448511723985e-13

Mean energy: -1.11253335e+01
Block size    # of blocks        Mean                Error
     1           50000       -1.11253335e+01       1.595609e-03
     2           25000       -1.11253335e+01       1.594685e-03
     5           10000       -1.11253335e+01       1.609960e-03
    10           5000       -1.11253335e+01       1.619159e-03
    20           2500       -1.11253335e+01       1.636596e-03
    50           1000       -1.11253335e+01       1.553554e-03
    70            714       -1.11253434e+01       1.591225e-03
   100            500       -1.11253335e+01       1.572045e-03
   200            250       -1.11253335e+01       1.734851e-03
   500            100       -1.11253335e+01       2.114900e-03
0 0.0015956088506132418 0.0021149002847971605
Stocahstic error estimate: 1.595609e-03

step=55,E=-0.37084444866342714,dE=-0.00022898033055168316,err=5.318696168710806e-05,gmax=1.0065980167970587
	collect g,Hv time= 0.4840691089630127
	solver time=0.1013798713684082,exit status=0
niter= 58
	g=3.295585842963728,del=0.1459201488499542,dot=0.052353777631377246,x=11.710275373449257
	prob= 6.829398199650337e-07
	burn in time= 0.775343656539917
	sample time= 26.418506145477295
	contraction err= 4.010687133468135e-15 1.688423474624055e-13

Mean energy: -1.11314610e+01
Block size    # of blocks        Mean                Error
     1           50000       -1.11314610e+01       1.556010e-03
     2           25000       -1.11314610e+01       1.561376e-03
     5           10000       -1.11314610e+01       1.543120e-03
    10           5000       -1.11314610e+01       1.559077e-03
    20           2500       -1.11314610e+01       1.549352e-03
    50           1000       -1.11314610e+01       1.535976e-03
    70            714       -1.11314641e+01       1.553192e-03
   100            500       -1.11314610e+01       1.507545e-03
   200            250       -1.11314610e+01       1.726830e-03
   500            100       -1.11314610e+01       2.114621e-03
0 0.0015613755416699277 0.0021146206820664734
Stocahstic error estimate: 1.561376e-03

step=56,E=-0.3710487013123591,dE=-0.00020425264893197219,err=5.204585138899759e-05,gmax=1.2253543414875736
	collect g,Hv time= 0.4878568649291992
	solver time=0.06476521492004395,exit status=0
niter= 36
	g=4.041696150475327,del=0.14511930105248427,dot=0.050467730343277825,x=11.710275373449257
	prob= 7.423219872314932e-07
	burn in time= 0.7631981372833252
	sample time= 26.431222438812256
	contraction err= 3.806713692047618e-15 1.3351193003437747e-13

Mean energy: -1.11367895e+01
Block size    # of blocks        Mean                Error
     1           50000       -1.11367895e+01       1.519351e-03
     2           25000       -1.11367895e+01       1.522123e-03
     5           10000       -1.11367895e+01       1.529505e-03
    10           5000       -1.11367895e+01       1.524894e-03
    20           2500       -1.11367895e+01       1.499155e-03
    50           1000       -1.11367895e+01       1.486354e-03
    70            714       -1.11367855e+01       1.415995e-03
   100            500       -1.11367895e+01       1.459636e-03
   200            250       -1.11367895e+01       1.629953e-03
   500            100       -1.11367895e+01       2.031034e-03
0 0.0015221230758317758 0.0020310343213361653
Stocahstic error estimate: 1.522123e-03

step=57,E=-0.37122631524870653,dE=-0.000177613936347439,err=5.073743586105919e-05,gmax=0.44183116481228524
	collect g,Hv time= 0.48482608795166016
	solver time=0.1020505428314209,exit status=0
	g=2.989351457745735,del=0.145178917953202,dot=0.04789556253210092,x=11.710275373449255
niter= 62
	prob= 7.091559549684135e-07
	burn in time= 0.7873375415802002
	sample time= 26.491961240768433
	contraction err= 3.916720666102123e-15 7.085437183738427e-14

Mean energy: -1.11367104e+01
Block size    # of blocks        Mean                Error
     1           50000       -1.11367104e+01       1.488111e-03
     2           25000       -1.11367104e+01       1.488059e-03
     5           10000       -1.11367104e+01       1.475029e-03
    10           5000       -1.11367104e+01       1.486652e-03
    20           2500       -1.11367104e+01       1.478618e-03
    50           1000       -1.11367104e+01       1.440165e-03
    70            714       -1.11367244e+01       1.466945e-03
   100            500       -1.11367104e+01       1.438867e-03
   200            250       -1.11367104e+01       1.637267e-03
   500            100       -1.11367104e+01       2.032778e-03
0 0.0014881106516332829 0.0020327778616671534
Stocahstic error estimate: 1.488111e-03

step=58,E=-0.37122368022340935,dE=2.635025297218855e-06,err=4.9603688387776096e-05,gmax=0.5443367099446377
	collect g,Hv time= 0.48288679122924805
	solver time=0.10118556022644043,exit status=0
niter= 59
	g=2.8596251163871425,del=0.14394342896277199,dot=0.04490636366325875,x=11.710275373449257
	prob= 6.659308847740163e-07
	burn in time= 0.7570977210998535
	sample time= 26.517321348190308
	contraction err= 4.036176505825074e-15 1.1444006297355939e-13

Mean energy: -1.11365429e+01
Block size    # of blocks        Mean                Error
     1           50000       -1.11365429e+01       1.572526e-03
     2           25000       -1.11365429e+01       1.570955e-03
     5           10000       -1.11365429e+01       1.566530e-03
    10           5000       -1.11365429e+01       1.574919e-03
    20           2500       -1.11365429e+01       1.548061e-03
    50           1000       -1.11365429e+01       1.577600e-03
    70            714       -1.11365201e+01       1.589223e-03
   100            500       -1.11365429e+01       1.604946e-03
   200            250       -1.11365429e+01       1.912891e-03
   500            100       -1.11365429e+01       2.371460e-03
0 0.0015725259689245762 0.0023714603740029898
Stocahstic error estimate: 1.572526e-03

step=59,E=-0.3712180962045427,dE=5.584018866618597e-06,err=5.241753229748587e-05,gmax=0.5546705496643352
	collect g,Hv time= 0.48386526107788086
	solver time=0.11195206642150879,exit status=0
niter= 65
	g=2.799263459345469,del=0.1474369923580673,dot=0.05294295510228556,x=11.710275373449257
	prob= 6.422771292725388e-07
	burn in time= 0.766880989074707
	sample time= 26.514753818511963
	contraction err= 4.0477840425894475e-15 1.0172527065772032e-13

Mean energy: -1.11460860e+01
Block size    # of blocks        Mean                Error
     1           50000       -1.11460860e+01       1.491202e-03
     2           25000       -1.11460860e+01       1.486640e-03
     5           10000       -1.11460860e+01       1.492167e-03
    10           5000       -1.11460860e+01       1.487767e-03
    20           2500       -1.11460860e+01       1.495450e-03
    50           1000       -1.11460860e+01       1.494505e-03
    70            714       -1.11460785e+01       1.522388e-03
   100            500       -1.11460860e+01       1.554151e-03
   200            250       -1.11460860e+01       1.785081e-03
   500            100       -1.11460860e+01       2.240422e-03
0 0.001491202253597217 0.0022404217593758632
Stocahstic error estimate: 1.491202e-03

step=60,E=-0.3715361991027832,dE=-0.00031810289824048726,err=4.9706741786573906e-05,gmax=0.6110656573818625
	collect g,Hv time= 0.4860801696777344
	solver time=0.10624432563781738,exit status=0
niter= 63
	g=2.835494115604592,del=0.13033568921521801,dot=0.043778656402493496,x=11.710275373449253
	prob= 6.140024984715632e-07
	burn in time= 0.7518165111541748
	sample time= 26.50873565673828
	contraction err= 4.092973193887285e-15 1.2427973108159208e-13

Mean energy: -1.11498288e+01
Block size    # of blocks        Mean                Error
     1           50000       -1.11498288e+01       1.412648e-03
     2           25000       -1.11498288e+01       1.418256e-03
     5           10000       -1.11498288e+01       1.418676e-03
    10           5000       -1.11498288e+01       1.421022e-03
    20           2500       -1.11498288e+01       1.420689e-03
    50           1000       -1.11498288e+01       1.419173e-03
    70            714       -1.11498562e+01       1.449046e-03
   100            500       -1.11498288e+01       1.425793e-03
   200            250       -1.11498288e+01       1.660160e-03
   500            100       -1.11498288e+01       2.009839e-03
0 0.001418256008322697 0.0020098389971509372
Stocahstic error estimate: 1.418256e-03

step=61,E=-0.3716609614198242,dE=-0.00012476231704100133,err=4.727520027742324e-05,gmax=0.4794357061010146
	collect g,Hv time= 0.48237133026123047
	solver time=0.10651373863220215,exit status=0
	g=2.868236626742753,del=0.12645456237239974,dot=0.03989120245808525,x=11.710275373449257
niter= 62
	prob= 5.969338889727063e-07
	burn in time= 0.772101879119873
	sample time= 26.54509997367859
	contraction err= 4.08765347528958e-15 1.3901022955558891e-13

Mean energy: -1.11499522e+01
Block size    # of blocks        Mean                Error
     1           50000       -1.11499522e+01       1.508895e-03
     2           25000       -1.11499522e+01       1.508792e-03
     5           10000       -1.11499522e+01       1.513934e-03
    10           5000       -1.11499522e+01       1.503945e-03
    20           2500       -1.11499522e+01       1.519319e-03
    50           1000       -1.11499522e+01       1.539904e-03
    70            714       -1.11499688e+01       1.554311e-03
   100            500       -1.11499522e+01       1.520137e-03
   200            250       -1.11499522e+01       1.788542e-03
   500            100       -1.11499522e+01       2.277158e-03
0 0.0015088948278979225 0.002277158031205037
Stocahstic error estimate: 1.508895e-03

step=62,E=-0.3716650742885054,dE=-4.1128686812423135e-06,err=5.0296494263264087e-05,gmax=0.6398388373521358
	collect g,Hv time= 0.47928428649902344
	solver time=0.08451366424560547,exit status=0
niter= 57
	g=2.8552935712071923,del=0.132888052310894,dot=0.049359194449074675,x=11.710275373449255
	prob= 5.687118541663167e-07
	burn in time= 0.770068883895874
	sample time= 26.554229259490967
	contraction err= 4.207331667550045e-15 1.0441810772354637e-13

Mean energy: -1.11605751e+01
Block size    # of blocks        Mean                Error
     1           50000       -1.11605751e+01       1.398590e-03
     2           25000       -1.11605751e+01       1.398489e-03
     5           10000       -1.11605751e+01       1.411141e-03
    10           5000       -1.11605751e+01       1.428645e-03
    20           2500       -1.11605751e+01       1.440467e-03
    50           1000       -1.11605751e+01       1.435511e-03
    70            714       -1.11605893e+01       1.469399e-03
   100            500       -1.11605751e+01       1.451904e-03
   200            250       -1.11605751e+01       1.679713e-03
   500            100       -1.11605751e+01       2.181647e-03
0 0.0013985904014575947 0.0021816468060969455
Stocahstic error estimate: 1.398590e-03

step=63,E=-0.37201917145107305,dE=-0.0003540971625676311,err=4.661968004858649e-05,gmax=0.4895688618175953
	collect g,Hv time= 0.4848906993865967
	solver time=0.10253381729125977,exit status=0
	g=2.616091481933647,del=0.13502093444228966,dot=0.044086887167777034,x=11.710275373449258
niter= 59
	prob= 5.555769610578477e-07
	burn in time= 0.7631158828735352
	sample time= 26.58034086227417
	contraction err= 3.990045388101789e-15 1.2055321270047984e-13

Mean energy: -1.11597541e+01
Block size    # of blocks        Mean                Error
     1           50000       -1.11597541e+01       1.443715e-03
     2           25000       -1.11597541e+01       1.447825e-03
     5           10000       -1.11597541e+01       1.458956e-03
    10           5000       -1.11597541e+01       1.471448e-03
    20           2500       -1.11597541e+01       1.479250e-03
    50           1000       -1.11597541e+01       1.483957e-03
    70            714       -1.11597298e+01       1.471759e-03
   100            500       -1.11597541e+01       1.461359e-03
   200            250       -1.11597541e+01       1.763504e-03
   500            100       -1.11597541e+01       2.344087e-03
0 0.001447824813304604 0.0023440871556280087
Stocahstic error estimate: 1.447825e-03

step=64,E=-0.37199180383243974,dE=2.7367618633356016e-05,err=4.826082711015346e-05,gmax=1.9476808591260735
	collect g,Hv time= 0.48466944694519043
	solver time=0.08796501159667969,exit status=0
niter= 49
	g=4.148138443654311,del=0.13287951040994125,dot=0.04713935395509321,x=11.710275373449258
	prob= 5.44212564941646e-07
	burn in time= 0.7792363166809082
	sample time= 26.572376251220703
	contraction err= 4.145130533028835e-15 1.1345804375683993e-13

Mean energy: -1.11656290e+01
Block size    # of blocks        Mean                Error
     1           50000       -1.11656290e+01       1.391357e-03
     2           25000       -1.11656290e+01       1.398070e-03
     5           10000       -1.11656290e+01       1.398801e-03
    10           5000       -1.11656290e+01       1.412932e-03
    20           2500       -1.11656290e+01       1.424138e-03
    50           1000       -1.11656290e+01       1.422141e-03
    70            714       -1.11656237e+01       1.399405e-03
   100            500       -1.11656290e+01       1.427768e-03
   200            250       -1.11656290e+01       1.682550e-03
   500            100       -1.11656290e+01       2.103609e-03
0 0.0013980704775335535 0.002103608960076685
Stocahstic error estimate: 1.398070e-03

step=65,E=-0.3721876340429301,dE=-0.00019583021049035903,err=4.660234925111845e-05,gmax=0.5122873516112318
	collect g,Hv time= 0.48180127143859863
	solver time=0.09835624694824219,exit status=0
	g=2.6436459784741566,del=0.1422512402452111,dot=0.04577591685056397,x=11.710275373449258
niter= 57
	prob= 5.06918874792379e-07
	burn in time= 0.7293481826782227
	sample time= 26.572770357131958
	contraction err= 4.173203248064886e-15 1.120504648921834e-13

Mean energy: -1.11651931e+01
Block size    # of blocks        Mean                Error
     1           50000       -1.11651931e+01       1.416278e-03
     2           25000       -1.11651931e+01       1.411277e-03
     5           10000       -1.11651931e+01       1.410008e-03
    10           5000       -1.11651931e+01       1.413706e-03
    20           2500       -1.11651931e+01       1.398429e-03
    50           1000       -1.11651931e+01       1.451654e-03
    70            714       -1.11652079e+01       1.433323e-03
   100            500       -1.11651931e+01       1.430120e-03
   200            250       -1.11651931e+01       1.657353e-03
   500            100       -1.11651931e+01       2.195430e-03
0 0.0014162776356305886 0.002195429630868602
Stocahstic error estimate: 1.416278e-03

step=66,E=-0.37217310303205137,dE=1.4531010878708154e-05,err=4.720925452101962e-05,gmax=0.544120541711504
	collect g,Hv time= 0.48294496536254883
	solver time=0.10310530662536621,exit status=0
niter= 60
	g=2.722898480283897,del=0.12307745527359294,dot=0.04189709373857774,x=11.710275373449257
	prob= 4.876929652090465e-07
	burn in time= 0.7532551288604736
	sample time= 26.55974316596985
	contraction err= 4.281369013196667e-15 3.346198634041721e-13

Mean energy: -1.11659226e+01
Block size    # of blocks        Mean                Error
     1           50000       -1.11659226e+01       1.420914e-03
     2           25000       -1.11659226e+01       1.419174e-03
     5           10000       -1.11659226e+01       1.418649e-03
    10           5000       -1.11659226e+01       1.411837e-03
    20           2500       -1.11659226e+01       1.415515e-03
    50           1000       -1.11659226e+01       1.404829e-03
    70            714       -1.11659189e+01       1.404142e-03
   100            500       -1.11659226e+01       1.437060e-03
   200            250       -1.11659226e+01       1.676373e-03
   500            100       -1.11659226e+01       2.193403e-03
0 0.0014209139791376264 0.0021934033780842558
Stocahstic error estimate: 1.420914e-03

step=67,E=-0.37219741905023046,dE=-2.4316018179071362e-05,err=4.7363799304587545e-05,gmax=0.5321942227299932
	collect g,Hv time= 0.4794275760650635
	solver time=0.09618258476257324,exit status=0
niter= 57
	g=2.8074338352054427,del=0.13650822947615981,dot=0.044692990384976664,x=11.710275373449255
	prob= 4.717397465690125e-07
	burn in time= 0.7767302989959717
	sample time= 26.525230646133423
	contraction err= 4.257638239205819e-15 2.2101478475886001e-13

Mean energy: -1.11770125e+01
Block size    # of blocks        Mean                Error
     1           50000       -1.11770125e+01       1.253283e-03
     2           25000       -1.11770125e+01       1.257089e-03
     5           10000       -1.11770125e+01       1.253452e-03
    10           5000       -1.11770125e+01       1.261870e-03
    20           2500       -1.11770125e+01       1.252903e-03
    50           1000       -1.11770125e+01       1.274484e-03
    70            714       -1.11770048e+01       1.312433e-03
   100            500       -1.11770125e+01       1.313348e-03
   200            250       -1.11770125e+01       1.553726e-03
   500            100       -1.11770125e+01       1.947359e-03
0 0.0012570885747892897 0.0019473594559470434
Stocahstic error estimate: 1.257089e-03

step=68,E=-0.3725670827360042,dE=-0.00036966368577378005,err=4.190295249297632e-05,gmax=0.3976543864248807
	collect g,Hv time= 0.4827613830566406
	solver time=0.09531259536743164,exit status=0
niter= 57
	g=2.585682987369636,del=0.11729301997078645,dot=0.03232182386452012,x=11.710275373449255
	prob= 4.353467294577395e-07
	burn in time= 0.7575550079345703
	sample time= 26.530653715133667
	contraction err= 4.445977223119204e-15 1.346485774885911e-13

Mean energy: -1.11701504e+01
Block size    # of blocks        Mean                Error
     1           50000       -1.11701504e+01       1.404912e-03
     2           25000       -1.11701504e+01       1.407331e-03
     5           10000       -1.11701504e+01       1.406523e-03
    10           5000       -1.11701504e+01       1.401279e-03
    20           2500       -1.11701504e+01       1.400176e-03
    50           1000       -1.11701504e+01       1.333120e-03
    70            714       -1.11701592e+01       1.355921e-03
   100            500       -1.11701504e+01       1.306621e-03
   200            250       -1.11701504e+01       1.505700e-03
   500            100       -1.11701504e+01       1.882259e-03
0 0.001407330770171664 0.001882258918832173
Stocahstic error estimate: 1.407331e-03

step=69,E=-0.37233834614232314,dE=0.00022873659368105592,err=4.6911025672388794e-05,gmax=0.565497226386431
	collect g,Hv time= 0.4876079559326172
	solver time=0.09180927276611328,exit status=0
niter= 54
	g=2.8235460845543154,del=0.13072422152110902,dot=0.05065703447571862,x=11.710275373449257
