block_dict= [(0, 532512)]
sizes= [532512]
RANK= 0
SIZE= 640
Lx,Ly= 16 16
D= 6
chi= 5
rate= 0.1 0.1
cond= 0.001 0.001
nparams= 532512 532325
256 128 128
size= 4.062843322753906
	prob= 284.53614892232054
	burn in time= 1462.8079798221588
	sample time= 3045.7679562568665
	contraction err= 0.0 0.0

Mean energy: -1.25451858e+02
Block size    # of blocks        Mean                Error
     1           10000       -1.25451858e+02       7.944731e-03
     2           5000       -1.25451858e+02       7.956571e-03
     5           2000       -1.25451858e+02       8.034553e-03
    10           1000       -1.25451858e+02       7.990453e-03
    20            500       -1.25451858e+02       7.954355e-03
    50            200       -1.25451858e+02       7.958824e-03
    70            142       -1.25451656e+02       8.317339e-03
   100            100       -1.25451858e+02       7.432586e-03
   200             50       -1.25451858e+02       6.867791e-03
   500             20       -1.25451858e+02       7.397976e-03
0 0.007956571315048544 0.007397975845093053
Stocahstic error estimate: 7.956571e-03

step=0,E=-0.49004631847139146,dE=-0.49004631847139146,err=3.1080356699408374e-05,gmax=0.10060253959786669
	collect g,Hv time= 34.96352529525757
	solver time=4.6391870975494385,exit status=0
niter= 39
	g=0.450115978290706,del=5.079022584421896,dot=0.5820650171436422,x=50.8435513988551
	prob= 296.68042769150253
	burn in time= 1473.2901766300201
	sample time= 8978.66928076744
	contraction err= 0.0 0.0

Mean energy: -1.25440063e+02
Block size    # of blocks        Mean                Error
     1           10000       -1.25440063e+02       7.363151e-03
     2           5000       -1.25440063e+02       7.301562e-03
     5           2000       -1.25440063e+02       7.110001e-03
    10           1000       -1.25440063e+02       7.078182e-03
    20            500       -1.25440063e+02       7.031122e-03
    50            200       -1.25440063e+02       6.769479e-03
    70            142       -1.25440418e+02       6.725088e-03
   100            100       -1.25440063e+02       6.966004e-03
   200             50       -1.25440063e+02       7.180643e-03
   500             20       -1.25440063e+02       8.513010e-03
0 0.007363150782000043 0.008513010401388918
Stocahstic error estimate: 7.363151e-03

step=1,E=-0.4900002448556492,dE=4.607361574227031e-05,err=2.8762307742187666e-05,gmax=0.024973629160090383
	collect g,Hv time= 54.21244406700134
	solver time=13.647380113601685,exit status=0
niter= 38
	g=0.2458169430013662,del=4.99053280344982,dot=0.4915329006345347,x=50.84355139885511
	prob= 315.7435366542863
	burn in time= 1463.9118928909302
trouble in torch gesdd routine, falling back to gesvd
	sample time= 8967.875435113907
	contraction err= 0.0 0.0

Mean energy: -1.25453601e+02
Block size    # of blocks        Mean                Error
     1           10000       -1.25453601e+02       7.046555e-03
     2           5000       -1.25453601e+02       6.996565e-03
     5           2000       -1.25453601e+02       6.912280e-03
    10           1000       -1.25453601e+02       6.820642e-03
    20            500       -1.25453601e+02       6.972326e-03
    50            200       -1.25453601e+02       7.480477e-03
    70            142       -1.25454235e+02       7.251047e-03
   100            100       -1.25453601e+02       7.342182e-03
   200             50       -1.25453601e+02       6.568230e-03
   500             20       -1.25453601e+02       7.889695e-03
0 0.007046555480451764 0.007889695126778952
Stocahstic error estimate: 7.046555e-03

step=2,E=-0.490053128634766,dE=-5.2883779116830176e-05,err=2.7525607345514702e-05,gmax=0.07328866133320489
	collect g,Hv time= 72.98841285705566
	solver time=13.561547040939331,exit status=0
niter= 38
	g=0.28371294609229153,del=4.932607079619643,dot=0.4734619825842741,x=50.843551398855006
	prob= 331.667979445662
	burn in time= 1468.9390609264374
	sample time= 8978.122771263123
	contraction err= 0.0 0.0

Mean energy: -1.25446776e+02
Block size    # of blocks        Mean                Error
     1           10000       -1.25446776e+02       7.319688e-03
     2           5000       -1.25446776e+02       7.387420e-03
     5           2000       -1.25446776e+02       7.284964e-03
    10           1000       -1.25446776e+02       7.127062e-03
    20            500       -1.25446776e+02       7.016780e-03
    50            200       -1.25446776e+02       6.883066e-03
    70            142       -1.25447276e+02       7.050405e-03
   100            100       -1.25446776e+02       6.992855e-03
   200             50       -1.25446776e+02       6.693939e-03
   500             20       -1.25446776e+02       7.646099e-03
0 0.0073874203833005974 0.0076460990285713935
Stocahstic error estimate: 7.387420e-03

step=3,E=-0.490026470192761,dE=2.6658442005000893e-05,err=2.885711087226796e-05,gmax=0.015425414904978396
	collect g,Hv time= 69.96571922302246
	solver time=13.554574728012085,exit status=0
niter= 38
	g=0.22297623257111734,del=5.119792995713115,dot=0.4946330033813579,x=50.84355139885512
	prob= 361.884219603868
	burn in time= 1464.6349349021912
	sample time= 8971.329352617264
	contraction err= 0.0 0.0

Mean energy: -1.25437858e+02
Block size    # of blocks        Mean                Error
     1           10000       -1.25437858e+02       7.884397e-03
     2           5000       -1.25437858e+02       7.963608e-03
     5           2000       -1.25437858e+02       7.942765e-03
    10           1000       -1.25437858e+02       7.858694e-03
    20            500       -1.25437858e+02       7.861215e-03
    50            200       -1.25437858e+02       7.727853e-03
    70            142       -1.25437877e+02       7.711762e-03
   100            100       -1.25437858e+02       7.709243e-03
   200             50       -1.25437858e+02       8.331527e-03
   500             20       -1.25437858e+02       8.842136e-03
0 0.007963608095044471 0.008842135833013912
Stocahstic error estimate: 7.963608e-03

step=4,E=-0.4899916313861062,dE=3.483880665483552e-05,err=3.1107844121267465e-05,gmax=0.034362300959628556
	collect g,Hv time= 78.74078464508057
	solver time=13.53390383720398,exit status=0
niter= 38
	g=0.29254427748611955,del=5.333629580135628,dot=0.5660121987152475,x=50.843551398855084
	prob= 392.8832150196245
	burn in time= 1443.1024334430695
