block_dict= [(0, 422400)]
sizes= [422400]
SIZE= 640
Lx,Ly= 10 8
D= 8
rate= 0.1 0.5
cond= 0.001 0.001

nparam= 422400
	log prob= -16.133811746826645
	burn in time= 28.356438636779785
	sample time= 1126.8228912353516
	contraction err= 0.009052195482240781 1.200740398045713

Mean energy: -3.84229996e+01
Block size    # of blocks        Mean                Error
     1           100000       -3.84229996e+01       1.394363e-03
     2           50000       -3.84229996e+01       1.395411e-03
     5           20000       -3.84229996e+01       1.389150e-03
    10           10000       -3.84229996e+01       1.391605e-03
    20           5000       -3.84229996e+01       1.391202e-03
    50           2000       -3.84229996e+01       1.422599e-03
    70           1428       -3.84229799e+01       1.423999e-03
   100           1000       -3.84229996e+01       1.451710e-03
   200            500       -3.84229996e+01       1.435539e-03
   500            200       -3.84229996e+01       1.409419e-03
Stocahstic error estimate: 1.395411e-03

step=20,E=-0.480287495410127,dE=0.0,err=1.744263690885025e-05,gmax=0.08599268177340491
	collect g,Hv time= 0.9547150135040283
	solver time=26.135947704315186,exit status=0
niter= 45
pure_newton= False
	solver time=233.76296710968018,exit status=0
niter= 198
	log prob= -16.77832881429023
	burn in time= 23.085370540618896
	sample time= 2401.7386260032654
	contraction err= 0.009483767251619372 0.7893961037554383

Mean energy: -3.85193796e+01
Block size    # of blocks        Mean                Error
     1           100000       -3.85193796e+01       1.216428e-03
     2           50000       -3.85193796e+01       1.218322e-03
     5           20000       -3.85193796e+01       1.224674e-03
    10           10000       -3.85193796e+01       1.233249e-03
    20           5000       -3.85193796e+01       1.226412e-03
    50           2000       -3.85193796e+01       1.213457e-03
    70           1428       -3.85193569e+01       1.200878e-03
   100           1000       -3.85193796e+01       1.220572e-03
   200            500       -3.85193796e+01       1.364442e-03
   500            200       -3.85193796e+01       1.532307e-03
Stocahstic error estimate: 1.218322e-03

	predict=-0.02814386552223335,actual=(array([-0.09637992]), array([0.00121832]))
	g=0.5202266663237887,del=1.0723319909751403,dot=0.0562637760807999,x=29.527466695401205

nparam= 422400
	log prob= -16.77832881429023
	burn in time= 21.390981197357178
	sample time= 1123.0212953090668
	contraction err= 0.009535972052465966 0.48385694178341343

Mean energy: -3.85189108e+01
Block size    # of blocks        Mean                Error
     1           100000       -3.85189108e+01       1.203764e-03
     2           50000       -3.85189108e+01       1.210355e-03
     5           20000       -3.85189108e+01       1.217253e-03
    10           10000       -3.85189108e+01       1.217798e-03
    20           5000       -3.85189108e+01       1.216467e-03
    50           2000       -3.85189108e+01       1.187162e-03
    70           1428       -3.85189148e+01       1.173899e-03
   100           1000       -3.85189108e+01       1.166511e-03
   200            500       -3.85189108e+01       1.121867e-03
   500            200       -3.85189108e+01       1.157903e-03
Stocahstic error estimate: 1.210355e-03

step=21,E=-0.4814863845417029,dE=-0.0011988891315758642,err=1.5129439638984687e-05,gmax=0.045778043205736196
	collect g,Hv time= 0.9593298435211182
	solver time=26.47257161140442,exit status=0
niter= 46
pure_newton= False
	solver time=190.81790781021118,exit status=0
niter= 162
	log prob= -17.464941355469637
	burn in time= 24.369414567947388
	sample time= 2424.787469148636
	contraction err= 0.010197553301162217 0.7284898715866709

Mean energy: -3.85867462e+01
Block size    # of blocks        Mean                Error
     1           100000       -3.85867462e+01       1.105883e-03
     2           50000       -3.85867462e+01       1.102314e-03
     5           20000       -3.85867462e+01       1.106068e-03
    10           10000       -3.85867462e+01       1.105396e-03
    20           5000       -3.85867462e+01       1.107781e-03
    50           2000       -3.85867462e+01       1.091483e-03
    70           1428       -3.85867778e+01       1.114893e-03
   100           1000       -3.85867462e+01       1.105766e-03
   200            500       -3.85867462e+01       1.284689e-03
   500            200       -3.85867462e+01       1.519842e-03
Stocahstic error estimate: 1.105883e-03

	predict=-0.01976558805075578,actual=(array([-0.06783542]), array([0.00110588]))
	g=0.38575550932637215,del=0.9340897541947973,dot=0.03952745529516564,x=29.52746669540121

nparam= 422400
	log prob= -17.464941355469637
	burn in time= 33.91782474517822
	sample time= 1131.6524488925934
	contraction err= 0.010019671849265792 0.9256595627572113

Mean energy: -3.85807440e+01
Block size    # of blocks        Mean                Error
     1           100000       -3.85807440e+01       1.090598e-03
     2           50000       -3.85807440e+01       1.091702e-03
     5           20000       -3.85807440e+01       1.093032e-03
    10           10000       -3.85807440e+01       1.084141e-03
    20           5000       -3.85807440e+01       1.071131e-03
    50           2000       -3.85807440e+01       1.066825e-03
    70           1428       -3.85807319e+01       1.058102e-03
   100           1000       -3.85807440e+01       1.024562e-03
   200            500       -3.85807440e+01       1.013461e-03
   500            200       -3.85807440e+01       9.931090e-04
Stocahstic error estimate: 1.091702e-03

step=22,E=-0.4822592998582742,dE=-0.0007729153165713321,err=1.3646270825935777e-05,gmax=0.03584791480767713
	collect g,Hv time= 0.9553515911102295
	solver time=26.700307607650757,exit status=0
niter= 46
pure_newton= False
	solver time=200.60976648330688,exit status=0
niter= 168
	log prob= -18.19114459195345
	burn in time= 29.62187170982361
	sample time= 2437.738857269287
	contraction err= 0.01082694665726098 1.1756304494180239

Mean energy: -3.86335283e+01
Block size    # of blocks        Mean                Error
     1           100000       -3.86335283e+01       9.822713e-04
     2           50000       -3.86335283e+01       9.833949e-04
     5           20000       -3.86335283e+01       9.794427e-04
    10           10000       -3.86335283e+01       9.803610e-04
    20           5000       -3.86335283e+01       9.625588e-04
    50           2000       -3.86335283e+01       9.600553e-04
    70           1428       -3.86335335e+01       9.767038e-04
   100           1000       -3.86335283e+01       9.969113e-04
   200            500       -3.86335283e+01       1.156438e-03
   500            200       -3.86335283e+01       1.315286e-03
Stocahstic error estimate: 9.833949e-04

	predict=-0.015269297087206072,actual=(array([-0.05278428]), array([0.00098339]))
	g=0.3262365566743635,del=0.8372828979658661,dot=0.03053158087365449,x=29.52746669540116

nparam= 422400
	log prob= -18.19114459195345
	burn in time= 19.23272180557251
	sample time= 1142.4132330417633
	contraction err= 0.010903377568358722 3.4255388964993556

Mean energy: -3.86341763e+01
Block size    # of blocks        Mean                Error
     1           100000       -3.86341763e+01       1.147511e-03
     2           50000       -3.86341763e+01       1.147445e-03
     5           20000       -3.86341763e+01       1.148448e-03
    10           10000       -3.86341763e+01       1.152722e-03
    20           5000       -3.86341763e+01       1.161728e-03
    50           2000       -3.86341763e+01       1.159413e-03
    70           1428       -3.86341800e+01       1.169044e-03
   100           1000       -3.86341763e+01       1.170247e-03
   200            500       -3.86341763e+01       1.190160e-03
   500            200       -3.86341763e+01       1.102692e-03
Stocahstic error estimate: 1.147511e-03

step=23,E=-0.48292720352543783,dE=-0.0006679036671636496,err=1.434388308341762e-05,gmax=0.8817273251689546
	collect g,Hv time= 0.9537887573242188
	solver time=7.807233095169067,exit status=0
niter= 14
pure_newton= False
	solver time=462.30953216552734,exit status=0
niter= 383
	log prob= -18.93629967380775
	burn in time= 29.896396160125732
	sample time= 2454.929293870926
	contraction err= 0.012322356652862507 76.73510053257586

Mean energy: -3.86629341e+01
Block size    # of blocks        Mean                Error
     1           100000       -3.86629341e+01       4.587557e-03
     2           50000       -3.86629341e+01       4.589203e-03
     5           20000       -3.86629341e+01       4.588053e-03
    10           10000       -3.86629341e+01       4.590651e-03
    20           5000       -3.86629341e+01       4.591539e-03
    50           2000       -3.86629341e+01       4.619347e-03
    70           1428       -3.86629552e+01       4.598756e-03
   100           1000       -3.86629341e+01       4.601628e-03
   200            500       -3.86629341e+01       4.662571e-03
   500            200       -3.86629341e+01       4.602793e-03
Stocahstic error estimate: 4.589203e-03

	predict=-0.011621829849505667,actual=(array([-0.02875777]), array([0.0045892]))
	g=2.2822692731380734,del=0.8038650225120001,dot=0.023193488624464485,x=29.527466695401184

nparam= 422400
	log prob= -18.93629967380775
	burn in time= 22.92096710205078
	sample time= 1148.0476200580597
	contraction err= 0.011378669456335738 0.72498770286502

Mean energy: -3.86687554e+01
Block size    # of blocks        Mean                Error
     1           100000       -3.86687554e+01       9.416668e-04
     2           50000       -3.86687554e+01       9.405805e-04
     5           20000       -3.86687554e+01       9.408404e-04
    10           10000       -3.86687554e+01       9.349889e-04
    20           5000       -3.86687554e+01       9.502697e-04
    50           2000       -3.86687554e+01       9.353376e-04
    70           1428       -3.86687626e+01       9.345148e-04
   100           1000       -3.86687554e+01       9.276345e-04
   200            500       -3.86687554e+01       9.101198e-04
   500            200       -3.86687554e+01       8.294363e-04
Stocahstic error estimate: 9.416668e-04

step=24,E=-0.4833594423059959,dE=-0.0004322387805580696,err=1.1770835559309984e-05,gmax=0.03815100142828953
	collect g,Hv time= 0.9538204669952393
	solver time=26.7917742729187,exit status=0
niter= 46
pure_newton= False
	solver time=257.0000159740448,exit status=0
niter= 214
	log prob= -19.55717007009314
	burn in time= 23.659796714782715
	sample time= 2462.090727329254
	contraction err= 0.012240425319575882 1.4339157971607202

Mean energy: -3.86914139e+01
Block size    # of blocks        Mean                Error
     1           100000       -3.86914139e+01       8.873316e-04
     2           50000       -3.86914139e+01       8.878862e-04
     5           20000       -3.86914139e+01       8.875030e-04
    10           10000       -3.86914139e+01       8.903852e-04
    20           5000       -3.86914139e+01       8.854817e-04
    50           2000       -3.86914139e+01       8.842671e-04
    70           1428       -3.86914158e+01       9.083564e-04
   100           1000       -3.86914139e+01       9.193465e-04
   200            500       -3.86914139e+01       1.057717e-03
   500            200       -3.86914139e+01       1.263623e-03
Stocahstic error estimate: 8.878862e-04

	predict=-0.009471682764211859,actual=(array([-0.02265847]), array([0.00088789]))
	g=0.2576880384178808,del=0.8227221720911907,dot=0.01892543493548538,x=29.527466695401227

nparam= 422400
	log prob= -19.55717007009314
	burn in time= 28.412784576416016
	sample time= 1153.6694724559784
	contraction err= 0.01223663763394332 1.4582898956217625

Mean energy: -3.86914834e+01
Block size    # of blocks        Mean                Error
     1           100000       -3.86914834e+01       8.954291e-04
     2           50000       -3.86914834e+01       8.934246e-04
     5           20000       -3.86914834e+01       8.974579e-04
    10           10000       -3.86914834e+01       8.940872e-04
    20           5000       -3.86914834e+01       8.899382e-04
    50           2000       -3.86914834e+01       8.931042e-04
    70           1428       -3.86914841e+01       8.806707e-04
   100           1000       -3.86914834e+01       9.027026e-04
   200            500       -3.86914834e+01       9.290805e-04
   500            200       -3.86914834e+01       9.267887e-04
Stocahstic error estimate: 8.954291e-04

step=25,E=-0.483643542561777,dE=-0.00028410025578109457,err=1.1192863574292089e-05,gmax=0.02795782890823517
	collect g,Hv time= 0.9600985050201416
	solver time=26.643128395080566,exit status=0
niter= 46
pure_newton= False
niter= 3101
	solver time=3705.3111395835876,exit status=100
	log prob= -20.173240794513735
	burn in time= 30.61030340194702
	sample time= 2467.822835922241
	contraction err= 0.01294741000718219 1.1732000338502977

Mean energy: -3.87123085e+01
Block size    # of blocks        Mean                Error
     1           100000       -3.87123085e+01       9.111835e-04
     2           50000       -3.87123085e+01       9.112466e-04
     5           20000       -3.87123085e+01       9.124955e-04
    10           10000       -3.87123085e+01       9.077807e-04
    20           5000       -3.87123085e+01       9.045247e-04
    50           2000       -3.87123085e+01       8.946143e-04
    70           1428       -3.87122976e+01       8.879302e-04
   100           1000       -3.87123085e+01       8.862084e-04
   200            500       -3.87123085e+01       1.026914e-03
   500            200       -3.87123085e+01       1.149260e-03
Stocahstic error estimate: 9.112466e-04

	predict=-0.006789851169946933,actual=(array([-0.02082512]), array([0.00091125]))
	g=0.2178120905411947,del=0.8259399002824566,dot=0.013531438782500627,x=29.527466695401205

nparam= 422400
	log prob= -20.173240794513735
	burn in time= 25.621208667755127
	sample time= 1158.268956899643
	contraction err= 0.01285927777973095 0.6680452976988396

Mean energy: -3.87123774e+01
Block size    # of blocks        Mean                Error
     1           100000       -3.87123774e+01       8.350741e-04
     2           50000       -3.87123774e+01       8.352503e-04
     5           20000       -3.87123774e+01       8.347055e-04
    10           10000       -3.87123774e+01       8.378046e-04
    20           5000       -3.87123774e+01       8.374195e-04
    50           2000       -3.87123774e+01       8.481095e-04
    70           1428       -3.87123611e+01       8.331015e-04
   100           1000       -3.87123774e+01       8.521812e-04
   200            500       -3.87123774e+01       8.477058e-04
   500            200       -3.87123774e+01       8.588963e-04
Stocahstic error estimate: 8.352503e-04

step=26,E=-0.48390471808404356,dE=-0.0002611755222665657,err=1.0440628482585212e-05,gmax=0.025716700323769714
	collect g,Hv time= 0.9534816741943359
	solver time=27.03184151649475,exit status=0
niter= 46
pure_newton= False
	solver time=3727.6247420310974,exit status=100
niter= 3101
	log prob= -20.709699834836705
	burn in time= 28.048763513565063
	sample time= 2473.5571522712708
	contraction err= 0.01385407731032371 2.0308192719680265

Mean energy: -3.87307576e+01
Block size    # of blocks        Mean                Error
     1           100000       -3.87307576e+01       1.521699e-03
     2           50000       -3.87307576e+01       1.521352e-03
     5           20000       -3.87307576e+01       1.520762e-03
    10           10000       -3.87307576e+01       1.518527e-03
    20           5000       -3.87307576e+01       1.521872e-03
    50           2000       -3.87307576e+01       1.507250e-03
    70           1428       -3.87307466e+01       1.509894e-03
   100           1000       -3.87307576e+01       1.492605e-03
   200            500       -3.87307576e+01       1.947556e-03
   500            200       -3.87307576e+01       1.673190e-03
Stocahstic error estimate: 1.521699e-03

	predict=-0.006194305228347968,actual=(array([-0.01838019]), array([0.0015217]))
	g=0.18981853064535675,del=0.8355127659664464,dot=0.012287342479256263,x=29.527466695401234

nparam= 422400
	log prob= -20.709699834836705
	burn in time= 29.8112530708313
	sample time= 1161.8083267211914
	contraction err= 0.013944361994981662 9.378031893134203

Mean energy: -3.87251221e+01
Block size    # of blocks        Mean                Error
     1           100000       -3.87251221e+01       3.323299e-03
     2           50000       -3.87251221e+01       3.324839e-03
     5           20000       -3.87251221e+01       3.324068e-03
    10           10000       -3.87251221e+01       3.350342e-03
    20           5000       -3.87251221e+01       3.330447e-03
    50           2000       -3.87251221e+01       3.343972e-03
    70           1428       -3.87251177e+01       3.337436e-03
   100           1000       -3.87251221e+01       3.348570e-03
   200            500       -3.87251221e+01       3.362903e-03
   500            200       -3.87251221e+01       3.276333e-03
Stocahstic error estimate: 3.324839e-03

step=27,E=-0.4840640256972321,dE=-0.0001593076131885418,err=4.156049083417489e-05,gmax=2.7622420676800896
	collect g,Hv time= 0.955582857131958
	solver time=7.919999599456787,exit status=0
niter= 14
pure_newton= False
	solver time=228.18770265579224,exit status=0
niter= 188
	log prob= -21.143129206008815
	burn in time= 29.045427083969116
	sample time= 2480.5027985572815
	contraction err= 0.01438981788566211 2.0516259793333527

Mean energy: -3.87424741e+01
Block size    # of blocks        Mean                Error
     1           100000       -3.87424741e+01       8.522730e-04
     2           50000       -3.87424741e+01       8.526957e-04
     5           20000       -3.87424741e+01       8.469587e-04
    10           10000       -3.87424741e+01       8.536965e-04
    20           5000       -3.87424741e+01       8.479774e-04
    50           2000       -3.87424741e+01       8.568880e-04
    70           1428       -3.87424520e+01       8.639726e-04
   100           1000       -3.87424741e+01       8.614355e-04
   200            500       -3.87424741e+01       9.710847e-04
   500            200       -3.87424741e+01       1.190336e-03
Stocahstic error estimate: 8.526957e-04

	predict=-0.023678502341620927,actual=(array([-0.01735204]), array([0.0008527]))
	g=8.352416442261932,del=0.6687166592728124,dot=0.04721552685490071,x=29.52746669540117

nparam= 422400
#	log prob= -21.143129206008815
#	burn in time= 27.560149908065796
#	sample time= 1164.8225042819977
#	contraction err= 0.014656213356073429 1.3135684270090993
#
#Mean energy: -3.87415211e+01
#Block size    # of blocks        Mean                Error
#     1           100000       -3.87415211e+01       8.395880e-04
#     2           50000       -3.87415211e+01       8.370748e-04
#     5           20000       -3.87415211e+01       8.392105e-04
#    10           10000       -3.87415211e+01       8.374827e-04
#    20           5000       -3.87415211e+01       8.362194e-04
#    50           2000       -3.87415211e+01       8.430301e-04
#    70           1428       -3.87415113e+01       8.230308e-04
#   100           1000       -3.87415211e+01       8.282301e-04
#   200            500       -3.87415211e+01       8.431107e-04
#   500            200       -3.87415211e+01       8.507274e-04
#Stocahstic error estimate: 8.395880e-04
#
#step=28,E=-0.4842690136706542,dE=-0.0002049879734220994,err=1.0494850045422103e-05,gmax=0.020770074732411103
#	collect g,Hv time= 0.9392166137695312
#	solver time=25.86316156387329,exit status=0
niter= 44
pure_newton= False
block_dict= [(0, 422400)]
sizes= [422400]
SIZE= 640
Lx,Ly= 10 8
D= 8
rate= 0.1 0.5
cond= 0.001 0.001

nparam= 422400
	log prob= -16.35728852455812
	burn in time= 22.550118923187256
	sample time= 1190.5911269187927
	contraction err= 0.014486706882573199 1.9230714134626083

Mean energy: -3.87401246e+01
Block size    # of blocks        Mean                Error
     1           100000       -3.87401246e+01       9.033420e-04
     2           50000       -3.87401246e+01       9.030325e-04
     5           20000       -3.87401246e+01       9.082298e-04
    10           10000       -3.87401246e+01       9.115464e-04
    20           5000       -3.87401246e+01       9.137426e-04
    50           2000       -3.87401246e+01       9.220486e-04
    70           1428       -3.87401310e+01       9.320362e-04
   100           1000       -3.87401246e+01       9.295565e-04
   200            500       -3.87401246e+01       8.939664e-04
   500            200       -3.87401246e+01       8.921213e-04
Stocahstic error estimate: 9.033420e-04

step=28,E=-0.4842515579564993,dE=0.0,err=1.1291775237723182e-05,gmax=0.047069380710511366
	collect g,Hv time= 0.991264820098877
	solver time=25.663462162017822,exit status=0
niter= 45
pure_newton= False
	solver time=2204.423721551895,exit status=0
niter= 1893
	log prob= -16.585760497181553
	burn in time= 28.141112565994263
	sample time= 2497.1357548236847
	contraction err= 0.01508606037070959 1.217378969812868

Mean energy: -3.87522122e+01
Block size    # of blocks        Mean                Error
     1           100000       -3.87522122e+01       8.075057e-04
     2           50000       -3.87522122e+01       8.050099e-04
     5           20000       -3.87522122e+01       8.080055e-04
    10           10000       -3.87522122e+01       8.049825e-04
    20           5000       -3.87522122e+01       8.045933e-04
    50           2000       -3.87522122e+01       7.949105e-04
    70           1428       -3.87522252e+01       7.687220e-04
   100           1000       -3.87522122e+01       7.707025e-04
   200            500       -3.87522122e+01       8.766591e-04
   500            200       -3.87522122e+01       9.956411e-04
Stocahstic error estimate: 8.075057e-04

	predict=-0.006807950282307451,actual=(array([-0.01208753]), array([0.00080751]))
	g=0.251452851696995,del=0.7408747641626858,dot=0.013636176188390475,x=31.003840030171233

nparam= 422400
	log prob= -16.585760497181553
	burn in time= 28.549465656280518
	sample time= 1172.0758202075958
	contraction err= 0.015185642649884583 2.9523581417405618

Mean energy: -3.87534006e+01
Block size    # of blocks        Mean                Error
     1           100000       -3.87534006e+01       8.447889e-04
     2           50000       -3.87534006e+01       8.439005e-04
     5           20000       -3.87534006e+01       8.432959e-04
    10           10000       -3.87534006e+01       8.416156e-04
    20           5000       -3.87534006e+01       8.428911e-04
    50           2000       -3.87534006e+01       8.604361e-04
    70           1428       -3.87533824e+01       8.415257e-04
   100           1000       -3.87534006e+01       8.364565e-04
   200            500       -3.87534006e+01       8.367873e-04
   500            200       -3.87534006e+01       8.038368e-04
Stocahstic error estimate: 8.447889e-04

step=29,E=-0.4844175080047354,dE=-0.00016595004823605208,err=1.0559861282760166e-05,gmax=0.07424175996202442
	collect g,Hv time= 1.5989956855773926
	solver time=27.300837755203247,exit status=0
niter= 45
pure_newton= False
	solver time=398.6107759475708,exit status=0
niter= 322
	log prob= -16.829412382315162
	burn in time= 24.82654309272766
	sample time= 2500.417621612549
	contraction err= 0.01560885558674735 1.8429930112060595

Mean energy: -3.87647500e+01
Block size    # of blocks        Mean                Error
     1           100000       -3.87647500e+01       1.239395e-03
     2           50000       -3.87647500e+01       1.240175e-03
     5           20000       -3.87647500e+01       1.238673e-03
    10           10000       -3.87647500e+01       1.235966e-03
    20           5000       -3.87647500e+01       1.240791e-03
    50           2000       -3.87647500e+01       1.234067e-03
    70           1428       -3.87647388e+01       1.270307e-03
   100           1000       -3.87647500e+01       1.267403e-03
   200            500       -3.87647500e+01       1.388282e-03
   500            200       -3.87647500e+01       1.467037e-03
Stocahstic error estimate: 1.240175e-03

	predict=-0.0050158223278675765,actual=(array([-0.01134934]), array([0.00124017]))
	g=0.2741802425862295,del=0.6941307369091394,dot=0.010028132526931768,x=31.00384003017118

nparam= 422400
	log prob= -16.829412382315162
	burn in time= 32.969043254852295
	sample time= 1173.1297001838684
	contraction err= 0.015518031878846289 0.8669650756820754

Mean energy: -3.87634786e+01
Block size    # of blocks        Mean                Error
     1           100000       -3.87634786e+01       7.607481e-04
     2           50000       -3.87634786e+01       7.593525e-04
     5           20000       -3.87634786e+01       7.602272e-04
    10           10000       -3.87634786e+01       7.549735e-04
    20           5000       -3.87634786e+01       7.498180e-04
    50           2000       -3.87634786e+01       7.441092e-04
    70           1428       -3.87634739e+01       7.506427e-04
   100           1000       -3.87634786e+01       7.588930e-04
   200            500       -3.87634786e+01       7.445786e-04
   500            200       -3.87634786e+01       7.525404e-04
Stocahstic error estimate: 7.607481e-04

step=30,E=-0.48454348214147414,dE=-0.00012597413673880452,err=9.509351832283107e-06,gmax=0.020865273657342698
	collect g,Hv time= 0.9958593845367432
	solver time=25.09921956062317,exit status=0
niter= 45
pure_newton= False
	solver time=577.2793824672699,exit status=0
niter= 507
	log prob= -17.104128221604885
	burn in time= 27.907907962799072
	sample time= 2501.2666890621185
	contraction err= 0.01618705733899922 1.327876372032154

Mean energy: -3.87707982e+01
Block size    # of blocks        Mean                Error
     1           100000       -3.87707982e+01       7.962172e-04
     2           50000       -3.87707982e+01       7.923592e-04
     5           20000       -3.87707982e+01       7.955799e-04
    10           10000       -3.87707982e+01       7.911961e-04
    20           5000       -3.87707982e+01       7.959462e-04
    50           2000       -3.87707982e+01       7.943696e-04
    70           1428       -3.87708052e+01       7.968557e-04
   100           1000       -3.87707982e+01       8.132706e-04
   200            500       -3.87707982e+01       8.789807e-04
   500            200       -3.87707982e+01       1.024636e-03
Stocahstic error estimate: 7.962172e-04

	predict=-0.004673221702599907,actual=(array([-0.00731962]), array([0.00079622]))
	g=0.14314386803734955,del=0.6766186592924451,dot=0.009349033008528771,x=31.00384003017124

nparam= 422400
	log prob= -17.104128221604885
	burn in time= 29.241567611694336
	sample time= 1173.7994368076324
	contraction err= 0.016273268589894644 2.090472685899892

Mean energy: -3.87707813e+01
Block size    # of blocks        Mean                Error
     1           100000       -3.87707813e+01       7.390282e-04
     2           50000       -3.87707813e+01       7.386818e-04
     5           20000       -3.87707813e+01       7.406927e-04
    10           10000       -3.87707813e+01       7.438823e-04
    20           5000       -3.87707813e+01       7.418750e-04
    50           2000       -3.87707813e+01       7.719874e-04
    70           1428       -3.87707854e+01       7.703514e-04
   100           1000       -3.87707813e+01       7.762878e-04
   200            500       -3.87707813e+01       7.871206e-04
   500            200       -3.87707813e+01       8.091862e-04
Stocahstic error estimate: 7.390282e-04

step=31,E=-0.48463476676470324,dE=-9.128462322909315e-05,err=9.237853120215969e-06,gmax=0.018746916601102726
	collect g,Hv time= 0.9842851161956787
	solver time=25.532336711883545,exit status=0
niter= 46
pure_newton= False
	solver time=1432.9918982982635,exit status=0
niter= 1256
	log prob= -17.573433432788242
	burn in time= 24.713655948638916
	sample time= 2503.865706920624
	contraction err= 0.017401329217413854 3.083595867621164

Mean energy: -3.87555977e+01
Block size    # of blocks        Mean                Error
     1           100000       -3.87555977e+01       8.460895e-03
     2           50000       -3.87555977e+01       8.493658e-03
     5           20000       -3.87555977e+01       8.491052e-03
    10           10000       -3.87555977e+01       8.493858e-03
    20           5000       -3.87555977e+01       8.532449e-03
    50           2000       -3.87555977e+01       8.514375e-03
    70           1428       -3.87556141e+01       8.511840e-03
   100           1000       -3.87555977e+01       8.505061e-03
   200            500       -3.87555977e+01       8.544261e-03
   500            200       -3.87555977e+01       8.551361e-03
Stocahstic error estimate: 8.493658e-03

	predict=-0.003313147245692099,actual=(array([0.01518363]), array([0.00849366]))
	g=0.13720888567462075,del=1.6425469549547145,dot=0.033881868514286914,x=31.003840030171265

nparam= 422400
	log prob= -17.12859983085287
	burn in time= 27.79105567932129
	sample time= 1173.8224947452545
	contraction err= 0.016420174652062934 1.8505490477230309

Mean energy: -3.87717658e+01
Block size    # of blocks        Mean                Error
     1           100000       -3.87717658e+01       8.488957e-04
     2           50000       -3.87717658e+01       8.502210e-04
     5           20000       -3.87717658e+01       8.473827e-04
    10           10000       -3.87717658e+01       8.398041e-04
    20           5000       -3.87717658e+01       8.461065e-04
    50           2000       -3.87717658e+01       8.488376e-04
    70           1428       -3.87717701e+01       8.488947e-04
   100           1000       -3.87717658e+01       8.353050e-04
   200            500       -3.87717658e+01       8.108739e-04
   500            200       -3.87717658e+01       8.585969e-04
Stocahstic error estimate: 8.502210e-04

step=32,E=-0.48464707303920596,dE=-1.2306274502726922e-05,err=1.0627762157496877e-05,gmax=0.1349458299783869
	collect g,Hv time= 0.9910540580749512
	solver time=22.439014434814453,exit status=0
niter= 39
pure_newton= False
	solver time=991.7680323123932,exit status=0
niter= 839
	log prob= -17.372865402871646
	burn in time= 27.25578212738037
	sample time= 2503.9022336006165
	contraction err= 0.016741180611183782 1.1194411304136351

Mean energy: -3.87796149e+01
Block size    # of blocks        Mean                Error
     1           100000       -3.87796149e+01       7.528980e-04
     2           50000       -3.87796149e+01       7.541782e-04
     5           20000       -3.87796149e+01       7.563140e-04
    10           10000       -3.87796149e+01       7.567820e-04
    20           5000       -3.87796149e+01       7.605646e-04
    50           2000       -3.87796149e+01       7.471359e-04
    70           1428       -3.87796270e+01       7.671152e-04
   100           1000       -3.87796149e+01       7.644316e-04
   200            500       -3.87796149e+01       8.558325e-04
   500            200       -3.87796149e+01       9.269530e-04
Stocahstic error estimate: 7.541782e-04

	predict=-0.004560601095157475,actual=(array([-0.00784909]), array([0.00075418]))
	g=0.34246964723592255,del=0.6917616311010183,dot=0.00911815050154848,x=31.00384003017117

nparam= 422400
	log prob= -17.372865402871646
	burn in time= 30.54461908340454
	sample time= 1173.4467613697052
	contraction err= 0.01681709592092717 1.049258198202329

Mean energy: -3.87794163e+01
Block size    # of blocks        Mean                Error
     1           100000       -3.87794163e+01       7.103102e-04
     2           50000       -3.87794163e+01       7.121630e-04
     5           20000       -3.87794163e+01       7.157390e-04
    10           10000       -3.87794163e+01       7.112226e-04
    20           5000       -3.87794163e+01       7.116926e-04
    50           2000       -3.87794163e+01       7.060821e-04
    70           1428       -3.87794200e+01       7.078189e-04
   100           1000       -3.87794163e+01       6.768489e-04
   200            500       -3.87794163e+01       6.908954e-04
   500            200       -3.87794163e+01       7.001907e-04
Stocahstic error estimate: 7.121630e-04

step=33,E=-0.4847427040898208,dE=-9.563105061483057e-05,err=8.902038019928391e-06,gmax=0.015609807951342702
	collect g,Hv time= 1.00124192237854
	solver time=26.342077016830444,exit status=0
niter= 44
pure_newton= False
	solver time=185.67277789115906,exit status=0
niter= 151
	log prob= -17.593708522007738
	burn in time= 29.908002853393555
	sample time= 2509.2584068775177
	contraction err= 0.01718583514475813 6.154593091965945

Mean energy: -3.87884087e+01
Block size    # of blocks        Mean                Error
     1           100000       -3.87884087e+01       4.856038e-03
     2           50000       -3.87884087e+01       4.855379e-03
     5           20000       -3.87884087e+01       4.855011e-03
    10           10000       -3.87884087e+01       4.853176e-03
    20           5000       -3.87884087e+01       4.851061e-03
    50           2000       -3.87884087e+01       4.861517e-03
    70           1428       -3.87884087e+01       4.873124e-03
   100           1000       -3.87884087e+01       4.859593e-03
   200            500       -3.87884087e+01       4.887548e-03
   500            200       -3.87884087e+01       4.958894e-03
Stocahstic error estimate: 4.856038e-03

	predict=-0.003566450233152424,actual=(array([-0.0089924]), array([0.00485604]))
	g=0.12105675108981971,del=0.636357646382395,dot=0.007126229930735884,x=31.003840030171204

nparam= 422400
	log prob= -17.593708522007738
	burn in time= 30.42434525489807
	sample time= 1174.1072895526886
	contraction err= 0.01730656376424992 1.2450298193122598

Mean energy: -3.87822288e+01
Block size    # of blocks        Mean                Error
     1           100000       -3.87822288e+01       7.380179e-04
     2           50000       -3.87822288e+01       7.397990e-04
     5           20000       -3.87822288e+01       7.380009e-04
    10           10000       -3.87822288e+01       7.437788e-04
    20           5000       -3.87822288e+01       7.471081e-04
    50           2000       -3.87822288e+01       7.505052e-04
    70           1428       -3.87822379e+01       7.496670e-04
   100           1000       -3.87822288e+01       7.448282e-04
   200            500       -3.87822288e+01       7.354798e-04
   500            200       -3.87822288e+01       6.849210e-04
Stocahstic error estimate: 7.397990e-04

step=34,E=-0.4847778598254379,dE=-3.51557356171206e-05,err=9.247487794626599e-06,gmax=0.01619651645306419
	collect g,Hv time= 1.010321855545044
	solver time=24.83327007293701,exit status=0
niter= 44
pure_newton= False
	solver time=178.10292220115662,exit status=0
niter= 154
	log prob= -17.830333920305133
	burn in time= 26.793818950653076
	sample time= 2515.014735221863
	contraction err= 0.017879277218430224 8.29611305613988

Mean energy: -3.87902351e+01
Block size    # of blocks        Mean                Error
     1           100000       -3.87902351e+01       7.747466e-04
     2           50000       -3.87902351e+01       7.729663e-04
     5           20000       -3.87902351e+01       7.746773e-04
    10           10000       -3.87902351e+01       7.690584e-04
    20           5000       -3.87902351e+01       7.708388e-04
    50           2000       -3.87902351e+01       7.759229e-04
    70           1428       -3.87902475e+01       7.744080e-04
   100           1000       -3.87902351e+01       7.522352e-04
   200            500       -3.87902351e+01       8.408560e-04
   500            200       -3.87902351e+01       9.463464e-04
Stocahstic error estimate: 7.747466e-04

	predict=-0.0036207074672032647,actual=(array([-0.00800632]), array([0.00077475]))
	g=0.11367155681936851,del=0.6199473876370734,dot=0.007234949705298516,x=31.003840030171183

nparam= 422400
	log prob= -17.830333920305133
	burn in time= 30.83687734603882
	sample time= 1176.6791892051697
	contraction err= 0.017483274208931275 1.7205408616298943

Mean energy: -3.87875686e+01
Block size    # of blocks        Mean                Error
     1           100000       -3.87875686e+01       7.316750e-04
     2           50000       -3.87875686e+01       7.263346e-04
     5           20000       -3.87875686e+01       7.280701e-04
    10           10000       -3.87875686e+01       7.239088e-04
    20           5000       -3.87875686e+01       7.221400e-04
    50           2000       -3.87875686e+01       7.176065e-04
    70           1428       -3.87875747e+01       7.123219e-04
   100           1000       -3.87875686e+01       7.067169e-04
   200            500       -3.87875686e+01       7.360747e-04
   500            200       -3.87875686e+01       7.336851e-04
Stocahstic error estimate: 7.316750e-04

step=35,E=-0.4848446070882216,dE=-6.674726278363963e-05,err=9.145937365501111e-06,gmax=0.01374853739362436
	collect g,Hv time= 1.496183156967163
	solver time=25.709473848342896,exit status=0
niter= 45
pure_newton= False
	solver time=336.58321833610535,exit status=0
niter= 288
	log prob= -18.02274119975935
	burn in time= 25.880384922027588
	sample time= 2511.9476323127747
	contraction err= 0.018237581271030808 9.094751732866312

Mean energy: -3.87892833e+01
Block size    # of blocks        Mean                Error
     1           100000       -3.87892833e+01       1.118727e-03
     2           50000       -3.87892833e+01       1.119518e-03
     5           20000       -3.87892833e+01       1.118976e-03
    10           10000       -3.87892833e+01       1.117658e-03
    20           5000       -3.87892833e+01       1.115236e-03
    50           2000       -3.87892833e+01       1.123407e-03
    70           1428       -3.87892914e+01       1.107763e-03
   100           1000       -3.87892833e+01       1.120508e-03
   200            500       -3.87892833e+01       1.407764e-03
   500            200       -3.87892833e+01       1.799715e-03
Stocahstic error estimate: 1.119518e-03

	predict=-0.003494855561815353,actual=(array([-0.00171476]), array([0.00111952]))
	g=0.11595907338637268,del=0.6337481279549484,dot=0.0069876012232785185,x=31.00384003017118

nparam= 422400
	log prob= -18.02274119975935
	burn in time= 27.40480899810791
	sample time= 1176.6983568668365
	contraction err= 0.018047583773514193 2.541971294135534

Mean energy: -3.87903722e+01
Block size    # of blocks        Mean                Error
     1           100000       -3.87903722e+01       8.293955e-04
     2           50000       -3.87903722e+01       8.306527e-04
     5           20000       -3.87903722e+01       8.291924e-04
    10           10000       -3.87903722e+01       8.281343e-04
    20           5000       -3.87903722e+01       8.363484e-04
    50           2000       -3.87903722e+01       8.546423e-04
    70           1428       -3.87903646e+01       8.502165e-04
   100           1000       -3.87903722e+01       8.652448e-04
   200            500       -3.87903722e+01       8.250468e-04
   500            200       -3.87903722e+01       8.528263e-04
Stocahstic error estimate: 8.306527e-04

step=36,E=-0.48487965200312627,dE=-3.504491490469164e-05,err=1.0383158806663334e-05,gmax=0.5212686506667734
	collect g,Hv time= 1.011549472808838
	solver time=5.906537294387817,exit status=0
niter= 11
pure_newton= False
	solver time=179.7150433063507,exit status=0
niter= 155
	log prob= -18.26301247342175
	burn in time= 26.585339784622192
	sample time= 2507.7667944431305
	contraction err= 0.018126076666765353 1.3799160018212522

Mean energy: -3.87972577e+01
Block size    # of blocks        Mean                Error
     1           100000       -3.87972577e+01       6.767210e-04
     2           50000       -3.87972577e+01       6.779626e-04
     5           20000       -3.87972577e+01       6.809846e-04
    10           10000       -3.87972577e+01       6.833249e-04
    20           5000       -3.87972577e+01       6.764181e-04
    50           2000       -3.87972577e+01       6.736192e-04
    70           1428       -3.87972460e+01       6.523435e-04
   100           1000       -3.87972577e+01       6.538712e-04
   200            500       -3.87972577e+01       7.281467e-04
   500            200       -3.87972577e+01       7.910229e-04
Stocahstic error estimate: 6.779626e-04

	predict=-0.003707677244447315,actual=(array([-0.00688549]), array([0.00067796]))
	g=1.7031489006963692,del=0.5696337139657922,dot=0.007383296817040395,x=31.00384003017116

nparam= 422400
	log prob= -18.26301247342175
	burn in time= 27.095205307006836
trouble in torch gesdd routine, falling back to gesvd
	sample time= 1177.8370370864868
	contraction err= 0.018287597661726544 4.5192319523829925

Mean energy: -3.87965574e+01
Block size    # of blocks        Mean                Error
     1           100000       -3.87965574e+01       7.063215e-04
     2           50000       -3.87965574e+01       7.080229e-04
     5           20000       -3.87965574e+01       7.024465e-04
    10           10000       -3.87965574e+01       7.069753e-04
    20           5000       -3.87965574e+01       7.060113e-04
    50           2000       -3.87965574e+01       7.097233e-04
    70           1428       -3.87965576e+01       7.091732e-04
   100           1000       -3.87965574e+01       7.000496e-04
   200            500       -3.87965574e+01       7.107378e-04
   500            200       -3.87965574e+01       7.195233e-04
Stocahstic error estimate: 7.080229e-04

step=37,E=-0.4849569670888134,dE=-7.731508568715739e-05,err=8.850286524155308e-06,gmax=0.04206581038831725
	collect g,Hv time= 0.9836616516113281
	solver time=25.302995681762695,exit status=0
niter= 44
pure_newton= False
