SIZE= 140
Lx,Ly= 8 8
nelec= (28, 28)
D= 8
chi= 8
burn in= 40
nparam= 320000
	burn in time= 100.85459995269775
	sample time= 2078.852314710617
	contraction err= 1.405674422565293e-22 5.082197683525802e-20

Mean energy: -4.08150718e+01
Block size    # of blocks        Mean                Error
     1           60000       -4.08150718e+01       8.010827e-03
     2           30000       -4.08150718e+01       8.730711e-03
     5           12000       -4.08150718e+01       1.052111e-02
    10           6000       -4.08150718e+01       1.298195e-02
    20           3000       -4.08150718e+01       1.687611e-02
    50           1200       -4.08150718e+01       2.503683e-02
    70            857       -4.08150326e+01       2.912934e-02
   100            600       -4.08150718e+01       3.411246e-02
   200            300       -4.08150718e+01       4.562748e-02
   500            120       -4.08150718e+01       6.042430e-02
0 None 0.060424301626829484
step=0,E=-0.6377354963776255,dE=-0.6377354963776255,err=0.0009441297129192107,gmax=0.27321037650371505
	collect data time= 5.228594779968262
	solver time=25.201131105422974,exit status=0
	g=1.4891636455840502,del=4.3780479854330885,dot=3.8351081025980966,x=19.01606659102401
niter= 33
saving to  ./psi1
	burn in time= 106.20503568649292
	sample time= 2110.058518409729
	contraction err= 1.3316972044563535e-22 8.131516293641283e-19

Mean energy: -4.08556946e+01
Block size    # of blocks        Mean                Error
     1           60000       -4.08556946e+01       9.511405e-03
     2           30000       -4.08556946e+01       9.571094e-03
     5           12000       -4.08556946e+01       9.895379e-03
    10           6000       -4.08556946e+01       1.041559e-02
    20           3000       -4.08556946e+01       1.131776e-02
    50           1200       -4.08556946e+01       1.361351e-02
    70            857       -4.08557448e+01       1.451605e-02
   100            600       -4.08556946e+01       1.578690e-02
   200            300       -4.08556946e+01       1.804081e-02
   500            120       -4.08556946e+01       2.082245e-02
0 0.009571093901962672 0.020822451383121124
Stocahstic error estimate: 9.571094e-03

step=1,E=-0.6383702286749048,dE=-0.0006347322972792835,err=0.00014954834221816675,gmax=0.5215018200550138
	collect data time= 9.676928043365479
	solver time=36.536659479141235,exit status=0
niter= 49
	g=0.9558626425958308,del=16.20618451762877,dot=4.3140063645612265,x=19.01606659102402
saving to  ./psi2
	burn in time= 107.60132336616516
[0m	sample time= 2113.5807342529297
	contraction err= 5.72276612886762e-23 8.131516293641283e-19

Mean energy: -4.10122979e+01
Block size    # of blocks        Mean                Error
     1           60000       -4.10122979e+01       8.682529e-03
     2           30000       -4.10122979e+01       8.692473e-03
     5           12000       -4.10122979e+01       8.704017e-03
    10           6000       -4.10122979e+01       8.746939e-03
    20           3000       -4.10122979e+01       8.785272e-03
    50           1200       -4.10122979e+01       9.219084e-03
    70            857       -4.10121965e+01       9.225760e-03
   100            600       -4.10122979e+01       9.931173e-03
   200            300       -4.10122979e+01       1.072736e-02
   500            120       -4.10122979e+01       1.180152e-02
0 0.008692472556691581 0.011801515355118648
Stocahstic error estimate: 8.692473e-03

--------------------------------------------------------------------------
ORTE has lost communication with its daemon located on node:

  hostname:  pauling030

This is usually due to either a failure of the TCP network
connection to the node, or possibly an internal failure of
the daemon itself. We cannot recover from this failure, and
therefore will terminate the job.

--------------------------------------------------------------------------
SIZE= 280
Lx,Ly= 8 8
nelec= (28, 28)
D= 8
chi= 8
burn in= 40
nparam= 320000
	burn in time= 97.94322633743286
	sample time= 1059.047218799591
	contraction err= 1.3138591995650271e-24 1.5881867761018131e-22

Mean energy: -4.10009453e+01
Block size    # of blocks        Mean                Error
     1           60000       -4.10009453e+01       8.695653e-03
     2           30000       -4.10009453e+01       9.731443e-03
     5           12000       -4.10009453e+01       1.230736e-02
    10           6000       -4.10009453e+01       1.563541e-02
    20           3000       -4.10009453e+01       2.077276e-02
    50           1200       -4.10009453e+01       3.151418e-02
    70            857       -4.10010030e+01       3.699053e-02
   100            600       -4.10009453e+01       4.375034e-02
   200            300       -4.10009453e+01       6.063764e-02
   500            120       -4.10009453e+01       8.844251e-02
0 None 0.08844251223881147
step=2,E=-0.6406397700501333,dE=-0.6406397700501333,err=0.0013819142537314292,gmax=0.35576916848047757
	collect data time= 5.032860517501831
	solver time=12.204282283782959,exit status=0
niter= 25
	g=2.255502924914585,del=2.708450855764953,dot=4.531405426684944,x=19.016066591024007
saving to  ./psi3
	burn in time= 98.84858655929565
	sample time= 1060.0877542495728
	contraction err= 2.7085591979226595e-23 1.1858461261560205e-20

Mean energy: -4.10447073e+01
Block size    # of blocks        Mean                Error
     1           60000       -4.10447073e+01       8.779050e-03
     2           30000       -4.10447073e+01       9.060338e-03
     5           12000       -4.10447073e+01       9.690023e-03
    10           6000       -4.10447073e+01       1.073813e-02
    20           3000       -4.10447073e+01       1.260206e-02
    50           1200       -4.10447073e+01       1.685020e-02
    70            857       -4.10448143e+01       1.933068e-02
   100            600       -4.10447073e+01       2.225362e-02
   200            300       -4.10447073e+01       2.903121e-02
   500            120       -4.10447073e+01       4.112839e-02
0 0.009060337863170039 0.04112838531694108
Stocahstic error estimate: 9.060338e-03

step=3,E=-0.6413235522547583,dE=-0.0006837822046250608,err=0.00014156777911203186,gmax=1.14011619757688
	collect data time= 9.346028327941895
	solver time=20.717047214508057,exit status=0
niter= 44
	g=1.6513700044694064,del=11.46356552381794,dot=4.248912631856493,x=19.016066591024018
saving to  ./psi4
	burn in time= 101.92212247848511
[0m[0m[0m[0m[0m[0m[0m[0m[0m[0m[0m[0m	sample time= 1067.754682302475
	contraction err= 2.0633224282338757e-23 1.3552527156068805e-19

Mean energy: -4.09868389e+01
Block size    # of blocks        Mean                Error
     1           60000       -4.09868389e+01       8.758090e-03
     2           30000       -4.09868389e+01       8.841856e-03
     5           12000       -4.09868389e+01       8.993679e-03
    10           6000       -4.09868389e+01       9.202550e-03
    20           3000       -4.09868389e+01       9.681305e-03
    50           1200       -4.09868389e+01       1.089060e-02
    70            857       -4.09866997e+01       1.188021e-02
   100            600       -4.09868389e+01       1.263105e-02
   200            300       -4.09868389e+01       1.558254e-02
   500            120       -4.09868389e+01       2.027601e-02
0 0.008841855873860216 0.020276013970677166
Stocahstic error estimate: 8.841856e-03

--------------------------------------------------------------------------
ORTE has lost communication with its daemon located on node:

  hostname:  pauling031

This is usually due to either a failure of the TCP network
connection to the node, or possibly an internal failure of
the daemon itself. We cannot recover from this failure, and
therefore will terminate the job.

--------------------------------------------------------------------------
SIZE= 140
Lx,Ly= 8 8
nelec= (28, 28)
D= 8
chi= 8
burn in= 40
nparam= 320000
	burn in time= 96.5449230670929
	sample time= 2025.4806990623474
	contraction err= 1.3875955376454523e-24 4.235164736271502e-22

Mean energy: -4.09816795e+01
Block size    # of blocks        Mean                Error
     1           60000       -4.09816795e+01       9.169313e-03
     2           30000       -4.09816795e+01       1.006803e-02
     5           12000       -4.09816795e+01       1.242311e-02
    10           6000       -4.09816795e+01       1.550869e-02
    20           3000       -4.09816795e+01       2.030283e-02
    50           1200       -4.09816795e+01       3.028600e-02
    70            857       -4.09817349e+01       3.547829e-02
   100            600       -4.09816795e+01       4.160069e-02
   200            300       -4.09816795e+01       5.481501e-02
   500            120       -4.09816795e+01       7.866302e-02
0 None 0.07866301810096961
step=4,E=-0.6403387418876045,dE=-0.6403387418876045,err=0.0012291096578276501,gmax=1.1991788356080368
	collect data time= 5.240372657775879
	solver time=24.786423683166504,exit status=0
niter= 32
	g=2.473412839923772,del=4.101087202392883,dot=5.038437342974184,x=19.016066591024003
saving to  ./psi5
	burn in time= 98.52776527404785
[0m[0m[0m	sample time= 2043.2894942760468
	contraction err= 1.534657370024176e-23 2.439454888092385e-19

Mean energy: -4.08992727e+01
Block size    # of blocks        Mean                Error
     1           60000       -4.08992727e+01       9.048045e-03
     2           30000       -4.08992727e+01       9.111295e-03
     5           12000       -4.08992727e+01       9.355430e-03
    10           6000       -4.08992727e+01       9.861041e-03
    20           3000       -4.08992727e+01       1.071432e-02
    50           1200       -4.08992727e+01       1.297271e-02
    70            857       -4.08989710e+01       1.427063e-02
   100            600       -4.08992727e+01       1.551843e-02
   200            300       -4.08992727e+01       1.915562e-02
   500            120       -4.08992727e+01       2.310154e-02
0 0.009111294905172198 0.023101540186338622
Stocahstic error estimate: 9.111295e-03

--------------------------------------------------------------------------
ORTE has lost communication with its daemon located on node:

  hostname:  pauling030

This is usually due to either a failure of the TCP network
connection to the node, or possibly an internal failure of
the daemon itself. We cannot recover from this failure, and
therefore will terminate the job.

--------------------------------------------------------------------------
