	burn in time= 39.04677891731262
block_dict= [(0, 4820)]
sizes= [4820]
SIZE= 640
L= 100
nspin= (50, 50)
nparam= 4820

nparam= 4820
	log prob= -23.528869051004165
	sample time= 91.90389037132263
	contraction err= 2.2247926997066916e-15 1.0254196166992418e-14
nsamples= 32638

Mean energy: -3.52865687e+01
Block size    # of blocks        Mean                Error
     1           32638       -3.52865687e+01       7.709348e-03
     2           16319       -3.52865687e+01       7.698592e-03
     5           6527       -3.52864778e+01       7.737075e-03
    10           3263       -3.52864161e+01       7.925187e-03
    20           1631       -3.52867367e+01       7.914230e-03
    50            652       -3.52870406e+01       8.468401e-03
    70            466       -3.52867367e+01       8.470966e-03
   100            326       -3.52870406e+01       8.799230e-03
   200            163       -3.52870406e+01       8.662236e-03
   500             65       -3.52863967e+01       8.363921e-03
Stocahstic error estimate: 7.709348e-03

step=0,E=-0.35286568684606806,dE=0.0,err=7.70934785700119e-05,gmax=0.13098738487379724
	collect g,h time= 0.315779447555542
	solver time=0.04924178123474121,exit status=0
niter= 34
	g=0.6862704483057099,del=5.940618015388311,dot=1.6100360869152321,x=23.19525813609325

nparam= 4820
	log prob= -24.771762513222566
	burn in time= 38.85835266113281
	sample time= 98.62813806533813
	contraction err= 2.1935446056728795e-15 1.1370240878265278e-14
nsamples= 32638

Mean energy: -3.55760952e+01
Block size    # of blocks        Mean                Error
     1           32638       -3.55760952e+01       6.765174e-03
     2           16319       -3.55760952e+01       6.752561e-03
     5           6527       -3.55760802e+01       6.811572e-03
    10           3263       -3.55760699e+01       6.890772e-03
    20           1631       -3.55764592e+01       6.884534e-03
    50            652       -3.55763389e+01       6.593189e-03
    70            466       -3.55764592e+01       6.895600e-03
   100            326       -3.55763389e+01       6.781573e-03
   200            163       -3.55763389e+01       6.792859e-03
   500             65       -3.55760360e+01       6.569803e-03
Stocahstic error estimate: 6.765174e-03

step=1,E=-0.3557609518983712,dE=-0.0028952650523031307,err=6.765173512767922e-05,gmax=0.1141675752124166
	collect g,h time= 0.3152787685394287
	solver time=0.04755997657775879,exit status=0
niter= 43
	g=0.6161286348635283,del=5.900980903853999,dot=1.221705849415259,x=23.19525813609325

nparam= 4820
	log prob= -26.00641852319923
	burn in time= 38.939658880233765
	sample time= 98.6186306476593
	contraction err= 2.2308246506766208e-15 1.3315374219746763e-14
nsamples= 32638

Mean energy: -3.57920938e+01
Block size    # of blocks        Mean                Error
     1           32638       -3.57920938e+01       6.177997e-03
     2           16319       -3.57920938e+01       6.185150e-03
     5           6527       -3.57920578e+01       6.141697e-03
    10           3263       -3.57920775e+01       6.167918e-03
    20           1631       -3.57920997e+01       6.201633e-03
    50            652       -3.57921479e+01       6.468849e-03
    70            466       -3.57920997e+01       6.466742e-03
   100            326       -3.57921479e+01       6.425833e-03
   200            163       -3.57921479e+01       6.745905e-03
   500             65       -3.57920725e+01       7.022336e-03
Stocahstic error estimate: 6.185150e-03

step=2,E=-0.3579209384352171,dE=-0.002159986536845935,err=6.185150393740281e-05,gmax=0.1208883884325298
	collect g,h time= 0.31396961212158203
	solver time=0.04546189308166504,exit status=0
niter= 42
	g=0.5790494987014625,del=5.219290286149698,dot=0.9760558448266268,x=23.19525813609325

nparam= 4820
	log prob= -27.82211139487843
	burn in time= 38.75910234451294
	sample time= 98.61388301849365
	contraction err= 2.2224645348426082e-15 1.1297358929709188e-14
nsamples= 32638

Mean energy: -3.59557779e+01
Block size    # of blocks        Mean                Error
     1           32638       -3.59557779e+01       5.745020e-03
     2           16319       -3.59557779e+01       5.747669e-03
     5           6527       -3.59559731e+01       5.706413e-03
    10           3263       -3.59561212e+01       5.714856e-03
    20           1631       -3.59562672e+01       5.708560e-03
    50            652       -3.59563856e+01       5.649001e-03
    70            466       -3.59562672e+01       5.407225e-03
   100            326       -3.59563856e+01       5.209149e-03
   200            163       -3.59563856e+01       4.893481e-03
   500             65       -3.59559005e+01       4.747958e-03
Stocahstic error estimate: 5.747669e-03

step=3,E=-0.3595577788239793,dE=-0.0016368403887621953,err=5.747669332619798e-05,gmax=0.10012451377746512
	collect g,h time= 0.3171505928039551
	solver time=0.04690289497375488,exit status=0
niter= 44
	g=0.5741389319462562,del=5.0798717670019,dot=0.8398082506824784,x=23.19525813609325

nparam= 4820
	log prob= -30.06270146912754
	burn in time= 38.94211483001709
	sample time= 98.6185941696167
	contraction err= 2.217494307269303e-15 1.7212464947135466e-14
nsamples= 32638

Mean energy: -3.60954102e+01
Block size    # of blocks        Mean                Error
     1           32638       -3.60954102e+01       5.613532e-03
     2           16319       -3.60954102e+01       5.683754e-03
     5           6527       -3.60953973e+01       5.817823e-03
    10           3263       -3.60954458e+01       5.956209e-03
    20           1631       -3.60953845e+01       6.118583e-03
    50            652       -3.60954249e+01       6.375381e-03
    70            466       -3.60953845e+01       6.191830e-03
   100            326       -3.60954249e+01       6.467778e-03
   200            163       -3.60954249e+01       6.684649e-03
   500             65       -3.60955342e+01       5.468638e-03
Stocahstic error estimate: 5.683754e-03

step=4,E=-0.3609541017177322,dE=-0.0013963228937528527,err=5.683753880905737e-05,gmax=0.24924422752751052
	collect g,h time= 0.3158762454986572
	solver time=0.04780006408691406,exit status=0
niter= 45
	g=0.7681605912034587,del=4.322520229886971,dot=0.8095594958140144,x=23.19525813609325

nparam= 4820
	log prob= -31.915812545496408
	burn in time= 38.84906983375549
	sample time= 98.62314677238464
	contraction err= 2.206619628208909e-15 8.580242342424323e-15
nsamples= 32638

Mean energy: -3.62038741e+01
Block size    # of blocks        Mean                Error
     1           32638       -3.62038741e+01       4.856952e-03
     2           16319       -3.62038741e+01       4.937588e-03
     5           6527       -3.62038677e+01       5.057999e-03
    10           3263       -3.62038483e+01       5.249382e-03
    20           1631       -3.62039003e+01       5.614611e-03
    50            652       -3.62040327e+01       5.718539e-03
    70            466       -3.62039003e+01       5.984990e-03
   100            326       -3.62040327e+01       6.154965e-03
   200            163       -3.62040327e+01       6.427455e-03
   500             65       -3.62042767e+01       6.735395e-03
Stocahstic error estimate: 4.937588e-03

step=5,E=-0.362038740555644,dE=-0.001084638837911811,err=4.937588103553012e-05,gmax=0.15229820294595114
	collect g,h time= 0.314608097076416
	solver time=0.04755663871765137,exit status=0
niter= 45
	g=0.5401166787838849,del=3.9953419578053655,dot=0.5576254531478975,x=23.19525813609325

nparam= 4820
	log prob= -33.83540979338053
	burn in time= 38.78648138046265
	sample time= 98.60962462425232
	contraction err= 2.2187679710862425e-15 1.515675475773681e-14
nsamples= 32638

Mean energy: -3.62877637e+01
Block size    # of blocks        Mean                Error
     1           32638       -3.62877637e+01       4.785921e-03
     2           16319       -3.62877637e+01       4.916592e-03
     5           6527       -3.62877087e+01       5.108468e-03
    10           3263       -3.62876684e+01       5.442240e-03
    20           1631       -3.62877351e+01       5.965497e-03
    50            652       -3.62875581e+01       6.479559e-03
    70            466       -3.62877351e+01       6.502589e-03
   100            326       -3.62875581e+01       7.133289e-03
   200            163       -3.62875581e+01       7.291713e-03
   500             65       -3.62868095e+01       6.836439e-03
Stocahstic error estimate: 4.916592e-03

step=6,E=-0.3628776365703324,dE=-0.0008388960146884016,err=4.9165920143916066e-05,gmax=0.08772339913218907
	collect g,h time= 0.3147914409637451
	solver time=0.04832768440246582,exit status=0
niter= 46
	g=0.525644471817536,del=3.549408414834055,dot=0.5468427836423049,x=23.195258136093244

nparam= 4820
	log prob= -35.31355685482052
	burn in time= 38.73233509063721
	sample time= 98.59051084518433
	contraction err= 2.2309676347480837e-15 6.2514653815415634e-15
nsamples= 32638

Mean energy: -3.63621805e+01
Block size    # of blocks        Mean                Error
     1           32638       -3.63621805e+01       4.512066e-03
     2           16319       -3.63621805e+01       4.673331e-03
     5           6527       -3.63622769e+01       5.128500e-03
    10           3263       -3.63623052e+01       5.790054e-03
    20           1631       -3.63622235e+01       6.731805e-03
    50            652       -3.63622155e+01       8.070439e-03
    70            466       -3.63622235e+01       8.835690e-03
   100            326       -3.63622155e+01       8.860205e-03
   200            163       -3.63622155e+01       9.891656e-03
   500             65       -3.63622883e+01       8.731317e-03
Stocahstic error estimate: 4.673331e-03

step=7,E=-0.36362180549971673,dE=-0.0007441689293843723,err=4.6733310569985786e-05,gmax=0.08819342868864855
	collect g,h time= 0.31557703018188477
	solver time=0.047667503356933594,exit status=0
niter= 45
	g=0.5088529778965503,del=3.26080413985429,dot=0.47939842716722403,x=23.195258136093248

nparam= 4820
	log prob= -36.75543290954709
	burn in time= 38.652713775634766
	sample time= 98.60109257698059
	contraction err= 2.242252625563345e-15 1.1971056878036378e-14
nsamples= 32638

Mean energy: -3.64193197e+01
Block size    # of blocks        Mean                Error
     1           32638       -3.64193197e+01       4.244598e-03
     2           16319       -3.64193197e+01       4.369086e-03
     5           6527       -3.64192871e+01       4.686262e-03
    10           3263       -3.64193091e+01       5.001466e-03
    20           1631       -3.64193303e+01       5.372350e-03
    50            652       -3.64190893e+01       5.940260e-03
    70            466       -3.64193303e+01       5.907146e-03
   100            326       -3.64190893e+01       6.087490e-03
   200            163       -3.64190893e+01       6.570678e-03
   500             65       -3.64189139e+01       7.176857e-03
Stocahstic error estimate: 4.369086e-03

step=8,E=-0.3641931972464074,dE=-0.0005713917466906793,err=4.369085869688588e-05,gmax=0.07654060675138918
	collect g,h time= 0.3151848316192627
	solver time=0.04848051071166992,exit status=0
niter= 46
	g=0.5222018981568819,del=3.0263442671836303,dot=0.4160903950923436,x=23.19525813609326

nparam= 4820
	log prob= -37.78059971651604
	burn in time= 38.70492076873779
	sample time= 98.58904027938843
	contraction err= 2.2474866541798213e-15 1.0722058938819933e-14
nsamples= 32638

Mean energy: -3.64781926e+01
Block size    # of blocks        Mean                Error
     1           32638       -3.64781926e+01       4.106593e-03
     2           16319       -3.64781926e+01       4.302369e-03
     5           6527       -3.64782577e+01       4.761085e-03
    10           3263       -3.64782607e+01       5.353440e-03
    20           1631       -3.64782774e+01       6.131686e-03
    50            652       -3.64781600e+01       7.521025e-03
    70            466       -3.64782774e+01       7.714082e-03
   100            326       -3.64781600e+01       7.653267e-03
   200            163       -3.64781600e+01       7.518826e-03
   500             65       -3.64780513e+01       7.303152e-03
Stocahstic error estimate: 4.302369e-03

step=9,E=-0.364781925930021,dE=-0.000588728683613553,err=4.3023688210522294e-05,gmax=0.09676645758477298
	collect g,h time= 0.31360816955566406
	solver time=0.04741406440734863,exit status=0
niter= 45
	g=0.5166167096705762,del=2.7694959736705513,dot=0.3857419406355997,x=23.19525813609325

nparam= 4820
	log prob= -38.733918236298535
	burn in time= 38.38718891143799
	sample time= 98.59698486328125
	contraction err= 2.2263686049143634e-15 7.582208815865475e-15
nsamples= 32638

Mean energy: -3.65338023e+01
Block size    # of blocks        Mean                Error
     1           32638       -3.65338023e+01       3.832177e-03
     2           16319       -3.65338023e+01       3.959401e-03
     5           6527       -3.65338006e+01       4.316407e-03
    10           3263       -3.65337936e+01       4.752646e-03
    20           1631       -3.65337286e+01       5.256932e-03
    50            652       -3.65336902e+01       6.251525e-03
    70            466       -3.65337286e+01       5.755138e-03
   100            326       -3.65336902e+01       6.651425e-03
   200            163       -3.65336902e+01       6.513443e-03
   500             65       -3.65332738e+01       7.309788e-03
Stocahstic error estimate: 3.959401e-03

step=10,E=-0.3653380234916546,dE=-0.000556097561633635,err=3.959401324048603e-05,gmax=0.09414826685004751
	collect g,h time= 0.3151249885559082
	solver time=0.049745798110961914,exit status=0
niter= 46
	g=0.5013857600554347,del=2.6166005842197935,dot=0.3378638608818534,x=23.195258136093255

nparam= 4820
	log prob= -39.42373792819619
	burn in time= 38.837894678115845
	sample time= 98.53970098495483
	contraction err= 2.2159998049229367e-15 3.0908976715483657e-14
nsamples= 32638

Mean energy: -3.65826320e+01
Block size    # of blocks        Mean                Error
     1           32638       -3.65826320e+01       3.899058e-03
     2           16319       -3.65826320e+01       4.157891e-03
     5           6527       -3.65826194e+01       4.789324e-03
    10           3263       -3.65826274e+01       5.544784e-03
    20           1631       -3.65826642e+01       6.398902e-03
    50            652       -3.65827311e+01       8.000259e-03
    70            466       -3.65826642e+01       8.364666e-03
   100            326       -3.65827311e+01       7.800652e-03
   200            163       -3.65827311e+01       8.605201e-03
   500             65       -3.65828605e+01       8.692641e-03
Stocahstic error estimate: 8.364666e-03

step=11,E=-0.3658263204481528,dE=-0.0004882969564981466,err=8.364665663318841e-05,gmax=0.1706723819167852
	collect g,h time= 0.3166043758392334
	solver time=0.040836334228515625,exit status=0
niter= 38
	g=0.6034814602354874,del=2.033791361866815,dot=0.35151559384293585,x=23.19525813609325

nparam= 4820
	log prob= -39.75593546085064
	burn in time= 38.56996750831604
	sample time= 98.58469104766846
	contraction err= 2.247654250173205e-15 8.599379109635143e-15
nsamples= 32638

Mean energy: -3.66180420e+01
Block size    # of blocks        Mean                Error
     1           32638       -3.66180420e+01       3.706269e-03
     2           16319       -3.66180420e+01       3.876065e-03
     5           6527       -3.66180175e+01       4.196340e-03
    10           3263       -3.66179933e+01       4.654007e-03
    20           1631       -3.66179752e+01       5.242250e-03
    50            652       -3.66179349e+01       5.997299e-03
    70            466       -3.66179752e+01       5.987770e-03
   100            326       -3.66179349e+01       6.112160e-03
   200            163       -3.66179349e+01       6.635012e-03
   500             65       -3.66178046e+01       5.334663e-03
Stocahstic error estimate: 3.876065e-03

step=12,E=-0.36618042010593577,dE=-0.0003540996577829958,err=3.876065170418946e-05,gmax=0.06823321463296428
	collect g,h time= 0.3147590160369873
	solver time=0.04735708236694336,exit status=0
niter= 45
	g=0.5206419375275376,del=2.2988156798635866,dot=0.318568031121738,x=23.19525813609325

nparam= 4820
	log prob= -40.3322248307686
	burn in time= 38.77824091911316
	sample time= 98.50374579429626
	contraction err= 2.212322070347744e-15 1.4790333946429695e-14
nsamples= 32638

Mean energy: -3.66546759e+01
Block size    # of blocks        Mean                Error
     1           32638       -3.66546759e+01       3.764501e-03
     2           16319       -3.66546759e+01       4.041414e-03
     5           6527       -3.66546701e+01       4.649185e-03
    10           3263       -3.66546450e+01       5.415216e-03
    20           1631       -3.66546357e+01       6.489051e-03
    50            652       -3.66545756e+01       8.466821e-03
    70            466       -3.66546357e+01       8.645186e-03
   100            326       -3.66545756e+01       8.558423e-03
   200            163       -3.66545756e+01       8.429196e-03
   500             65       -3.66542942e+01       9.295688e-03
Stocahstic error estimate: 8.645186e-03

step=13,E=-0.36654675850644935,dE=-0.0003663384005135839,err=8.645186260966685e-05,gmax=0.09160183087989451
	collect g,h time= 0.3172740936279297
	solver time=0.04699516296386719,exit status=0
niter= 45
	g=0.5706332414140362,del=1.9693342114742143,dot=0.34054769779984384,x=23.195258136093255

nparam= 4820
	log prob= -40.57697631917198
	burn in time= 39.01473593711853
	sample time= 98.54806351661682
	contraction err= 2.2093735442123673e-15 1.6403290838746117e-14
nsamples= 32638

Mean energy: -3.66766333e+01
Block size    # of blocks        Mean                Error
     1           32638       -3.66766333e+01       3.833518e-03
     2           16319       -3.66766333e+01       4.298033e-03
     5           6527       -3.66766653e+01       5.318256e-03
    10           3263       -3.66766475e+01       6.599803e-03
    20           1631       -3.66766014e+01       8.149052e-03
    50            652       -3.66764905e+01       9.917707e-03
    70            466       -3.66766014e+01       1.047343e-02
   100            326       -3.66764905e+01       1.043208e-02
   200            163       -3.66764905e+01       1.026549e-02
   500             65       -3.66791193e+01       1.172074e-02
Stocahstic error estimate: 1.047343e-02

step=14,E=-0.3667663325550709,dE=-0.00021957404862156692,err=0.000104734299119853,gmax=0.11005055751963155
	collect g,h time= 0.31523895263671875
	solver time=0.048505306243896484,exit status=0
niter= 46
	g=0.5787702855102373,del=2.0611004914530295,dot=0.36208597586530944,x=23.19525813609325

nparam= 4820
	log prob= -41.34300473276094
	burn in time= 38.880441665649414
	sample time= 98.5407395362854
	contraction err= 2.2053188820388993e-15 1.5115716296177225e-14
nsamples= 32638

Mean energy: -3.67261874e+01
Block size    # of blocks        Mean                Error
     1           32638       -3.67261874e+01       3.588259e-03
     2           16319       -3.67261874e+01       3.918190e-03
     5           6527       -3.67261626e+01       4.659679e-03
    10           3263       -3.67261489e+01       5.618744e-03
    20           1631       -3.67261884e+01       6.925405e-03
    50            652       -3.67260636e+01       8.274704e-03
    70            466       -3.67261884e+01       9.356366e-03
   100            326       -3.67260636e+01       9.027378e-03
   200            163       -3.67260636e+01       9.316485e-03
   500             65       -3.67259412e+01       1.006901e-02
Stocahstic error estimate: 9.356366e-03

step=15,E=-0.36726187438724095,dE=-0.0004955418321700478,err=9.356366446558296e-05,gmax=0.2522102022498074
	collect g,h time= 0.3141171932220459
	solver time=0.03757953643798828,exit status=0
niter= 35
	g=0.715391310875725,del=1.5359190751883987,dot=0.3066782345211363,x=23.19525813609325

nparam= 4820
	log prob= -41.527177335285074
	burn in time= 38.57295203208923
	sample time= 98.58595061302185
	contraction err= 2.2343131543519023e-15 2.3286730306084954e-14
nsamples= 32638

Mean energy: -3.67605148e+01
Block size    # of blocks        Mean                Error
     1           32638       -3.67605148e+01       3.500406e-03
     2           16319       -3.67605148e+01       3.664658e-03
     5           6527       -3.67605017e+01       4.071325e-03
    10           3263       -3.67605405e+01       4.614150e-03
    20           1631       -3.67605463e+01       5.410284e-03
    50            652       -3.67604666e+01       6.061825e-03
    70            466       -3.67605463e+01       6.370459e-03
   100            326       -3.67604666e+01       6.101989e-03
   200            163       -3.67604666e+01       6.219946e-03
   500             65       -3.67606146e+01       7.906586e-03
Stocahstic error estimate: 3.664658e-03

step=16,E=-0.36760514832297864,dE=-0.0003432739357376846,err=3.6646575746298335e-05,gmax=0.22149183726466926
	collect g,h time= 0.31417083740234375
	solver time=0.04602408409118652,exit status=0
niter= 44
	g=0.6243539292806114,del=1.8927010728585743,dot=0.29901134985214617,x=23.195258136093255

nparam= 4820
	log prob= -41.80027423248302
	burn in time= 38.6488983631134
	sample time= 98.54234886169434
	contraction err= 2.2526953433909195e-15 9.12878390931083e-15
nsamples= 32638

Mean energy: -3.68010696e+01
Block size    # of blocks        Mean                Error
     1           32638       -3.68010696e+01       3.233311e-03
     2           16319       -3.68010696e+01       3.479812e-03
     5           6527       -3.68010516e+01       4.065321e-03
    10           3263       -3.68010133e+01       4.827544e-03
    20           1631       -3.68010442e+01       5.784640e-03
    50            652       -3.68010008e+01       6.726493e-03
    70            466       -3.68010442e+01       6.522148e-03
   100            326       -3.68010008e+01       6.770005e-03
   200            163       -3.68010008e+01       6.882333e-03
   500             65       -3.68011377e+01       7.647806e-03
Stocahstic error estimate: 6.726493e-03

step=17,E=-0.36801069600920383,dE=-0.000405547686225205,err=6.726493455582858e-05,gmax=0.15444875355945964
	collect g,h time= 0.31337475776672363
	solver time=0.04679369926452637,exit status=0
niter= 44
	g=0.5513782996082152,del=1.6746159213539904,dot=0.25748455392017494,x=23.19525813609324

nparam= 4820
	log prob= -41.98375045071739
	burn in time= 38.78443956375122
	sample time= 98.56535625457764
	contraction err= 2.215805649075148e-15 8.930859356549716e-15
nsamples= 32638

Mean energy: -3.68260660e+01
Block size    # of blocks        Mean                Error
     1           32638       -3.68260660e+01       3.173848e-03
     2           16319       -3.68260660e+01       3.478390e-03
     5           6527       -3.68260901e+01       4.041070e-03
    10           3263       -3.68260701e+01       4.766550e-03
    20           1631       -3.68261178e+01       5.461371e-03
    50            652       -3.68261039e+01       7.270129e-03
    70            466       -3.68261178e+01       7.270752e-03
   100            326       -3.68261039e+01       7.325652e-03
   200            163       -3.68261039e+01       7.324767e-03
   500             65       -3.68261991e+01       7.641700e-03
Stocahstic error estimate: 7.270752e-03

step=18,E=-0.36826066028952686,dE=-0.0002499642803230273,err=7.270752343423642e-05,gmax=0.14164172290763155
	collect g,h time= 0.31384897232055664
	solver time=0.04647636413574219,exit status=0
niter= 44
	g=0.5652331510799103,del=1.6591098725089355,dot=0.25336867155572307,x=23.19525813609326

nparam= 4820
	log prob= -42.12949556037754
	burn in time= 38.390888690948486
	sample time= 98.52826237678528
	contraction err= 2.1957856885093145e-15 1.2915531031460734e-14
nsamples= 32638

Mean energy: -3.68477575e+01
Block size    # of blocks        Mean                Error
     1           32638       -3.68477575e+01       3.304136e-03
     2           16319       -3.68477575e+01       3.689337e-03
     5           6527       -3.68477534e+01       4.553522e-03
    10           3263       -3.68477178e+01       5.609670e-03
    20           1631       -3.68477344e+01       6.996965e-03
    50            652       -3.68478223e+01       8.939168e-03
    70            466       -3.68477344e+01       1.046716e-02
   100            326       -3.68478223e+01       9.825860e-03
   200            163       -3.68478223e+01       9.547332e-03
   500             65       -3.68475343e+01       1.096507e-02
Stocahstic error estimate: 1.046716e-02

step=19,E=-0.3684775747487661,dE=-0.00021691445923920582,err=0.0001046716223713759,gmax=0.8981380309720389
	collect g,h time= 0.31513500213623047
	solver time=0.0338594913482666,exit status=0
niter= 31
	g=1.166436996081637,del=1.1341330947674895,dot=0.2751241102377061,x=23.19525813609325

nparam= 4820
	log prob= -42.370539472843255
	burn in time= 38.76575255393982
	sample time= 98.4923141002655
	contraction err= 2.2137220001434603e-15 1.642588803586566e-14
nsamples= 32638

Mean energy: -3.68797530e+01
Block size    # of blocks        Mean                Error
     1           32638       -3.68797530e+01       3.011695e-03
     2           16319       -3.68797530e+01       3.328859e-03
     5           6527       -3.68797347e+01       4.014080e-03
    10           3263       -3.68797454e+01       4.809818e-03
    20           1631       -3.68797108e+01       5.661169e-03
    50            652       -3.68796666e+01       7.766056e-03
    70            466       -3.68797108e+01       7.559181e-03
   100            326       -3.68796666e+01       7.790487e-03
   200            163       -3.68796666e+01       8.255343e-03
   500             65       -3.68796681e+01       7.964639e-03
Stocahstic error estimate: 7.766056e-03

step=20,E=-0.36879753040954233,dE=-0.0003199556607762588,err=7.766056110782749e-05,gmax=0.08806201688670123
	collect g,h time= 0.3146209716796875
	solver time=0.04654741287231445,exit status=0
niter= 45
	g=0.5923023406712979,del=1.4018773364350703,dot=0.23669599535861535,x=23.19525813609325

nparam= 4820
	log prob= -42.50101275729697
	burn in time= 38.766605377197266
	sample time= 98.5024995803833
	contraction err= 2.2246267497991345e-15 1.07876072267452e-14
nsamples= 32638

Mean energy: -3.69102879e+01
Block size    # of blocks        Mean                Error
     1           32638       -3.69102879e+01       2.826564e-03
     2           16319       -3.69102879e+01       3.023001e-03
     5           6527       -3.69102675e+01       3.501625e-03
    10           3263       -3.69102895e+01       4.061063e-03
    20           1631       -3.69102089e+01       4.747069e-03
    50            652       -3.69101771e+01       6.603170e-03
    70            466       -3.69102089e+01       7.104305e-03
   100            326       -3.69101771e+01       6.940669e-03
   200            163       -3.69101771e+01       7.524313e-03
   500             65       -3.69102315e+01       7.532057e-03
Stocahstic error estimate: 7.104305e-03

step=21,E=-0.3691028790827709,dE=-0.00030534867322856485,err=7.104305267757619e-05,gmax=0.15961587126321453
	collect g,h time= 0.314084529876709
	solver time=0.04611372947692871,exit status=0
niter= 44
	g=0.5830339213616456,del=1.3303518815140702,dot=0.2037185964512502,x=23.195258136093248

nparam= 4820
	log prob= -42.69980197848877
	burn in time= 38.824761390686035
	sample time= 98.51508140563965
	contraction err= 2.221428260674796e-15 1.1087250451233639e-14
nsamples= 32638

Mean energy: -3.69141968e+01
Block size    # of blocks        Mean                Error
     1           32638       -3.69141968e+01       2.999568e-03
     2           16319       -3.69141968e+01       3.412529e-03
     5           6527       -3.69141832e+01       4.301837e-03
    10           3263       -3.69141917e+01       5.320482e-03
    20           1631       -3.69142089e+01       6.559049e-03
    50            652       -3.69143015e+01       7.970729e-03
    70            466       -3.69142089e+01       8.437981e-03
   100            326       -3.69143015e+01       9.451986e-03
   200            163       -3.69143015e+01       1.029333e-02
   500             65       -3.69140769e+01       1.027120e-02
Stocahstic error estimate: 1.029333e-02

step=22,E=-0.3691419682238113,dE=-3.908914104037819e-05,err=0.00010293327682110354,gmax=0.17955608606061002
	collect g,h time= 0.3147706985473633
	solver time=0.046871185302734375,exit status=0
niter= 45
	g=0.6729332566867738,del=1.3136713889074811,dot=0.23674052198566434,x=23.195258136093255

nparam= 4820
	log prob= -42.819340627037946
	burn in time= 38.58006548881531
	sample time= 98.567880153656
	contraction err= 2.2296113230259333e-15 1.482253086342531e-14
nsamples= 32638

Mean energy: -3.69471906e+01
Block size    # of blocks        Mean                Error
     1           32638       -3.69471906e+01       2.776232e-03
     2           16319       -3.69471906e+01       3.059721e-03
     5           6527       -3.69471512e+01       3.710994e-03
    10           3263       -3.69471546e+01       4.331823e-03
    20           1631       -3.69472091e+01       5.229380e-03
    50            652       -3.69471561e+01       6.585034e-03
    70            466       -3.69472091e+01       6.031708e-03
   100            326       -3.69471561e+01       7.116244e-03
   200            163       -3.69471561e+01       7.329927e-03
   500             65       -3.69471184e+01       7.082779e-03
Stocahstic error estimate: 6.585034e-03

step=23,E=-0.36947190565888965,dE=-0.00032993743507837793,err=6.585034052574912e-05,gmax=0.24284764677875348
	collect g,h time= 0.31320834159851074
	solver time=0.04585003852844238,exit status=0
niter= 44
	g=0.6293246745496949,del=1.2316187470717346,dot=0.20275965178783778,x=23.19525813609325

nparam= 4820
	log prob= -42.94129806602712
	burn in time= 38.430094480514526
	sample time= 98.52519011497498
	contraction err= 2.218717131663691e-15 9.934458230722119e-15
nsamples= 32638

Mean energy: -3.69657584e+01
Block size    # of blocks        Mean                Error
     1           32638       -3.69657584e+01       2.747741e-03
     2           16319       -3.69657584e+01       2.953767e-03
     5           6527       -3.69657585e+01       3.344650e-03
    10           3263       -3.69657071e+01       3.774793e-03
    20           1631       -3.69656899e+01       4.393315e-03
    50            652       -3.69655658e+01       4.942993e-03
    70            466       -3.69656899e+01       5.207320e-03
   100            326       -3.69655658e+01       5.203054e-03
   200            163       -3.69655658e+01       5.091423e-03
   500             65       -3.69653479e+01       5.480526e-03
Stocahstic error estimate: 5.207320e-03

step=24,E=-0.36965758408529953,dE=-0.00018567842640983655,err=5.20731976032898e-05,gmax=0.15013231453952436
	collect g,h time= 0.31484484672546387
	solver time=0.04500246047973633,exit status=0
niter= 43
	g=0.6121639638548723,del=1.2267924968889514,dot=0.19425987837920228,x=23.19525813609326

nparam= 4820
	log prob= -43.112612813642805
	burn in time= 38.50027799606323
	sample time= 98.54667067527771
	contraction err= 2.230381497069978e-15 2.2799870161402806e-14
nsamples= 32638

Mean energy: -3.69936006e+01
Block size    # of blocks        Mean                Error
     1           32638       -3.69936006e+01       2.453578e-03
     2           16319       -3.69936006e+01       2.601022e-03
     5           6527       -3.69936014e+01       2.821295e-03
    10           3263       -3.69936071e+01       3.101997e-03
    20           1631       -3.69936076e+01       3.424222e-03
    50            652       -3.69935921e+01       3.828399e-03
    70            466       -3.69936076e+01       3.920519e-03
   100            326       -3.69935921e+01       3.673620e-03
   200            163       -3.69935921e+01       3.637150e-03
   500             65       -3.69938572e+01       3.790940e-03
Stocahstic error estimate: 3.920519e-03

step=25,E=-0.3699360064959745,dE=-0.00027842241067503436,err=3.920519152447171e-05,gmax=0.1757817650380904
	collect g,h time= 0.31375694274902344
	solver time=0.04610919952392578,exit status=0
niter= 44
	g=0.5700496183153598,del=1.1265563209725344,dot=0.15580018727605988,x=23.19525813609326

nparam= 4820
	log prob= -43.26643333699481
	burn in time= 38.219040870666504
	sample time= 98.5481972694397
	contraction err= 2.229115416313214e-15 2.9084697687942454e-14
nsamples= 32638

Mean energy: -3.69990305e+01
Block size    # of blocks        Mean                Error
     1           32638       -3.69990305e+01       2.690546e-03
     2           16319       -3.69990305e+01       3.078296e-03
     5           6527       -3.69990346e+01       3.896612e-03
    10           3263       -3.69989955e+01       4.809986e-03
    20           1631       -3.69989453e+01       6.014214e-03
    50            652       -3.69988936e+01       7.583893e-03
    70            466       -3.69989453e+01       7.933375e-03
   100            326       -3.69988936e+01       8.116004e-03
   200            163       -3.69988936e+01       8.102225e-03
   500             65       -3.69986818e+01       8.019479e-03
Stocahstic error estimate: 7.933375e-03

step=26,E=-0.36999030475098627,dE=-5.429825501174435e-05,err=7.933375215775715e-05,gmax=0.0899261424700192
	collect g,h time= 0.3144195079803467
	solver time=0.045900821685791016,exit status=0
niter= 44
	g=0.6013702605548823,del=1.1270336922231574,dot=0.1929997556117918,x=23.19525813609325

nparam= 4820
	log prob= -43.50104440752555
	burn in time= 38.61488389968872
	sample time= 98.46937012672424
	contraction err= 2.2098489397758337e-15 1.4933906045264488e-14
nsamples= 32638

Mean energy: -3.70189082e+01
Block size    # of blocks        Mean                Error
     1           32638       -3.70189082e+01       2.824146e-03
     2           16319       -3.70189082e+01       3.102595e-03
     5           6527       -3.70189047e+01       3.727392e-03
    10           3263       -3.70189428e+01       4.495286e-03
    20           1631       -3.70189495e+01       5.369319e-03
    50            652       -3.70189326e+01       6.979671e-03
    70            466       -3.70189495e+01       7.087175e-03
   100            326       -3.70189326e+01       7.089246e-03
   200            163       -3.70189326e+01       7.300806e-03
   500             65       -3.70188510e+01       7.526566e-03
Stocahstic error estimate: 7.087175e-03

step=27,E=-0.37018908173163667,dE=-0.0001987769806503792,err=7.087174630774352e-05,gmax=0.12100880171319561
	collect g,h time= 0.31360936164855957
	solver time=0.04510855674743652,exit status=0
niter= 43
	g=0.6816711041970444,del=1.0579223249489265,dot=0.21811054755629256,x=23.19525813609325

nparam= 4820
	log prob= -43.67817411737627
	burn in time= 38.66535830497742
	sample time= 98.50413513183594
	contraction err= 2.2278813737571153e-15 1.1685947203820473e-14
nsamples= 32638

Mean energy: -3.70381367e+01
Block size    # of blocks        Mean                Error
     1           32638       -3.70381367e+01       2.466096e-03
     2           16319       -3.70381367e+01       2.695256e-03
     5           6527       -3.70381229e+01       3.079027e-03
    10           3263       -3.70381356e+01       3.593556e-03
    20           1631       -3.70381250e+01       4.185036e-03
    50            652       -3.70381805e+01       5.156342e-03
    70            466       -3.70381250e+01       5.269434e-03
   100            326       -3.70381805e+01       5.219779e-03
   200            163       -3.70381805e+01       5.459379e-03
   500             65       -3.70378410e+01       6.177431e-03
Stocahstic error estimate: 5.269434e-03

step=28,E=-0.37038136714397685,dE=-0.0001922854123402118,err=5.26943364967137e-05,gmax=0.14735708126081204
	collect g,h time= 0.31626057624816895
	solver time=0.038495540618896484,exit status=0
niter= 36
	g=0.6414417228872619,del=0.862319062488362,dot=0.156417057839079,x=23.195258136093244

nparam= 4820
	log prob= -43.858482211493424
	burn in time= 38.91587424278259
	sample time= 98.48282623291016
	contraction err= 2.223763513075202e-15 7.174876029992683e-15
nsamples= 32638

Mean energy: -3.70620432e+01
Block size    # of blocks        Mean                Error
     1           32638       -3.70620432e+01       2.270278e-03
     2           16319       -3.70620432e+01       2.436121e-03
     5           6527       -3.70620047e+01       2.735622e-03
    10           3263       -3.70620517e+01       2.977128e-03
    20           1631       -3.70620030e+01       3.277259e-03
    50            652       -3.70620152e+01       3.455576e-03
    70            466       -3.70620030e+01       3.657009e-03
   100            326       -3.70620152e+01       3.485445e-03
   200            163       -3.70620152e+01       3.686165e-03
   500             65       -3.70619922e+01       4.077985e-03
Stocahstic error estimate: 3.657009e-03

step=29,E=-0.37062043185498744,dE=-0.00023906471101057037,err=3.657008747524388e-05,gmax=0.05353478322601246
	collect g,h time= 0.31591105461120605
	solver time=0.04575991630554199,exit status=0
niter= 44
	g=0.5473805491990184,del=0.9283081935434645,dot=0.1362205091720494,x=23.19525813609325
