block_dict= [(0, 4820)]
sizes= [4820]
SIZE= 640
L= 100
nspin= (50, 50)
nparam= 4820

nparam= 4820
	log prob= -14.22486592402559
	burn in time= 40.56842637062073
	sample time= 47.110036849975586
	contraction err= 2.18197626738025e-15 5.534098237088471e-15
nsamples= 5638

Mean energy: -3.52791055e+01
Block size    # of blocks        Mean                Error
     1           5638       -3.52791055e+01       1.859165e-02
     2           2819       -3.52791055e+01       1.854928e-02
     5           1127       -3.52790420e+01       1.921725e-02
    10            563       -3.52783199e+01       1.913549e-02
    20            281       -3.52779738e+01       1.923259e-02
    50            112       -3.52772219e+01       2.040394e-02
    70             80       -3.52772219e+01       1.823071e-02
   100             56       -3.52772219e+01       2.015166e-02
   200             28       -3.52772219e+01       1.773839e-02
   500             11       -3.52757851e+01       1.787388e-02
Stocahstic error estimate: 1.859165e-02

step=0,E=-0.3527910545784863,dE=0.0,err=0.0001859164899551611,gmax=0.12344201832484408
	collect g,h time= 0.06001019477844238
	solver time=0.03730297088623047,exit status=0
niter= 40
pure_newton= False
	solver time=0.23451995849609375,exit status=0
niter= 188
hessian inversion error= 9.7910406052312e-05
	log prob= -17.889766528188897
	burn in time= 40.17698121070862
	sample time= 83.54659843444824
	contraction err= 2.212516184954723e-15 6.42667222985556e-15
nsamples= 5638

Mean energy: -3.49296908e+01
Block size    # of blocks        Mean                Error
     1           5638       -3.49296908e+01       2.158883e-02
     2           2819       -3.49296908e+01       2.314650e-02
     5           1127       -3.49299677e+01       2.609870e-02
    10            563       -3.49312077e+01       2.828210e-02
    20            281       -3.49295696e+01       3.186669e-02
    50            112       -3.49301697e+01       3.453435e-02
    70             80       -3.49301697e+01       3.468398e-02
   100             56       -3.49301697e+01       3.778233e-02
   200             28       -3.49301697e+01       4.211072e-02
   500             11       -3.49365293e+01       4.164690e-02
Stocahstic error estimate: 3.468398e-02

	predict=-0.29246479971908795,actual=(array([0.3494]), array([0.0347]))
	g=0.7069399361089216,del=6.672528397264078,dot=1.6987864962909374,x=24.29979423781198

nparam= 4820
	log prob= -15.238323002125055
	burn in time= 40.745994091033936
	sample time= 50.704620361328125
	contraction err= 2.1995610179303777e-15 5.900570545944279e-15
nsamples= 5638

Mean energy: -3.56105701e+01
Block size    # of blocks        Mean                Error
     1           5638       -3.56105701e+01       1.616553e-02
     2           2819       -3.56105701e+01       1.630203e-02
     5           1127       -3.56116928e+01       1.588130e-02
    10            563       -3.56116667e+01       1.584381e-02
    20            281       -3.56111172e+01       1.592352e-02
    50            112       -3.56126808e+01       1.674195e-02
    70             80       -3.56126808e+01       1.552549e-02
   100             56       -3.56126808e+01       1.695473e-02
   200             28       -3.56126808e+01       1.823199e-02
   500             11       -3.56106100e+01       1.975905e-02
Stocahstic error estimate: 1.630203e-02

step=1,E=-0.35610570131092073,dE=-0.0033146467324344543,err=0.00016302030072235456,gmax=0.11000677594140407
	collect g,h time= 0.058263540267944336
	solver time=0.021780729293823242,exit status=0
niter= 37
pure_newton= False
	solver time=0.21515107154846191,exit status=0
niter= 194
hessian inversion error= 9.86908404543106e-05
	log prob= -20.14783746332526
	burn in time= 40.28307247161865
	sample time= 83.65634560585022
	contraction err= 2.2275398792285306e-15 8.733623552506292e-15
nsamples= 5638

Mean energy: -3.52350676e+01
Block size    # of blocks        Mean                Error
     1           5638       -3.52350676e+01       2.139808e-02
     2           2819       -3.52350676e+01       2.491766e-02
     5           1127       -3.52357155e+01       3.115023e-02
    10            563       -3.52351226e+01       3.890382e-02
    20            281       -3.52342193e+01       4.643427e-02
    50            112       -3.52348238e+01       5.792682e-02
    70             80       -3.52348238e+01       6.071740e-02
   100             56       -3.52348238e+01       6.709711e-02
   200             28       -3.52348238e+01       6.890366e-02
   500             11       -3.52372598e+01       9.580905e-02
Stocahstic error estimate: 6.071740e-02

	predict=-0.21205980528016355,actual=(array([0.3755]), array([0.0607]))
	g=0.6573426731348047,del=5.476809908484932,dot=1.2471011335847058,x=24.299794237811984

nparam= 4820
	log prob= -15.748988414043508
	burn in time= 40.59588313102722
	sample time= 50.66310787200928
	contraction err= 2.2023310875755135e-15 7.751546925471627e-15
nsamples= 5638

Mean energy: -3.58155759e+01
Block size    # of blocks        Mean                Error
     1           5638       -3.58155759e+01       1.459636e-02
     2           2819       -3.58155759e+01       1.481173e-02
     5           1127       -3.58154660e+01       1.516609e-02
    10            563       -3.58151667e+01       1.518564e-02
    20            281       -3.58147124e+01       1.462167e-02
    50            112       -3.58141782e+01       1.408218e-02
    70             80       -3.58141782e+01       1.499520e-02
   100             56       -3.58141782e+01       1.477729e-02
   200             28       -3.58141782e+01       1.611308e-02
   500             11       -3.58126707e+01       1.959862e-02
Stocahstic error estimate: 1.481173e-02

step=2,E=-0.35815575890154705,dE=-0.0020500575906262954,err=0.0001481173154494141,gmax=0.1216688334537197
	collect g,h time= 0.056715965270996094
	solver time=0.025738239288330078,exit status=0
niter= 44
pure_newton= False
	solver time=0.3380746841430664,exit status=0
niter= 219
hessian inversion error= 9.6468281816649e-05
	log prob= -22.84065913075391
	burn in time= 40.02654027938843
	sample time= 83.86278629302979
	contraction err= 2.2617493225092268e-15 1.1663220859096167e-14
nsamples= 5638

Mean energy: -3.57201165e+01
Block size    # of blocks        Mean                Error
     1           5638       -3.57201165e+01       2.040230e-02
     2           2819       -3.57201165e+01       2.407565e-02
     5           1127       -3.57196788e+01       3.150187e-02
    10            563       -3.57187525e+01       3.820830e-02
    20            281       -3.57189564e+01       4.593747e-02
    50            112       -3.57195768e+01       5.571068e-02
    70             80       -3.57195768e+01       5.806652e-02
   100             56       -3.57195768e+01       5.890520e-02
   200             28       -3.57195768e+01       6.291646e-02
   500             11       -3.57207745e+01       6.512748e-02
Stocahstic error estimate: 5.806652e-02

	predict=-0.16945597240847216,actual=(array([0.0955]), array([0.0581]))
	g=0.6604626678787894,del=5.054157640445694,dot=1.0060127979273998,x=24.299794237811977

nparam= 4820
	log prob= -17.05094186392285
	burn in time= 40.18147301673889
	sample time= 50.68954133987427
	contraction err= 2.230335105979016e-15 5.8094988535968315e-15
nsamples= 5638

Mean energy: -3.59421498e+01
Block size    # of blocks        Mean                Error
     1           5638       -3.59421498e+01       1.420107e-02
     2           2819       -3.59421498e+01       1.433585e-02
     5           1127       -3.59423360e+01       1.430588e-02
    10            563       -3.59417886e+01       1.469933e-02
    20            281       -3.59419520e+01       1.531948e-02
    50            112       -3.59408876e+01       1.499998e-02
    70             80       -3.59408876e+01       1.364987e-02
   100             56       -3.59408876e+01       1.426452e-02
   200             28       -3.59408876e+01       1.363713e-02
   500             11       -3.59434466e+01       1.683543e-02
Stocahstic error estimate: 1.433585e-02

step=3,E=-0.3594214981933828,dE=-0.0012657392918357857,err=0.00014335851350819604,gmax=0.14527977859768626
	collect g,h time= 0.05843758583068848
	solver time=0.0233309268951416,exit status=0
niter= 40
pure_newton= False
	solver time=0.24679136276245117,exit status=0
niter= 224
hessian inversion error= 9.980885224164026e-05
	log prob= -23.01286703322517
	burn in time= 40.359410524368286
	sample time= 83.73048067092896
	contraction err= 2.2693411725599693e-15 4.1751073659403095e-14
nsamples= 5638

Mean energy: -3.57073847e+01
Block size    # of blocks        Mean                Error
     1           5638       -3.57073847e+01       2.224363e-02
     2           2819       -3.57073847e+01       2.670069e-02
     5           1127       -3.57070223e+01       3.581077e-02
    10            563       -3.57065008e+01       4.478386e-02
    20            281       -3.57063083e+01       5.464313e-02
    50            112       -3.57041127e+01       6.647920e-02
    70             80       -3.57041127e+01       6.610639e-02
   100             56       -3.57041127e+01       6.757653e-02
   200             28       -3.57041127e+01       6.238217e-02
   500             11       -3.57048800e+01       7.564741e-02
Stocahstic error estimate: 6.647920e-02

	predict=-0.1462426851813781,actual=(array([0.2348]), array([0.0665]))
	g=0.7396129996259432,del=4.288982843250191,dot=0.943467181668778,x=24.29979423781198

nparam= 4820
	log prob= -18.45665820584135
	burn in time= 40.30233955383301
	sample time= 50.65762686729431
	contraction err= 2.1968875361102386e-15 6.861675390878417e-15
nsamples= 5638

Mean energy: -3.60871377e+01
Block size    # of blocks        Mean                Error
     1           5638       -3.60871377e+01       1.323408e-02
     2           2819       -3.60871377e+01       1.334299e-02
     5           1127       -3.60872960e+01       1.361473e-02
    10            563       -3.60878226e+01       1.371121e-02
    20            281       -3.60873250e+01       1.379962e-02
    50            112       -3.60876969e+01       1.417171e-02
    70             80       -3.60876969e+01       1.395062e-02
   100             56       -3.60876969e+01       1.513486e-02
   200             28       -3.60876969e+01       1.139480e-02
   500             11       -3.60850992e+01       1.385478e-02
Stocahstic error estimate: 1.334299e-02

step=4,E=-0.36087137703153505,dE=-0.0014498788381521876,err=0.00013342987357347843,gmax=0.15004309357962675
	collect g,h time= 0.05769515037536621
	solver time=0.025586605072021484,exit status=0
niter= 44
pure_newton= False
	solver time=0.2375926971435547,exit status=0
niter= 219
hessian inversion error= 9.905326278550945e-05
	log prob= -24.582284746105167
	burn in time= 40.36993932723999
	sample time= 83.7563807964325
	contraction err= 2.2538475941522295e-15 1.4819750658229642e-14
nsamples= 5638

Mean energy: -3.59069847e+01
Block size    # of blocks        Mean                Error
     1           5638       -3.59069847e+01       2.069041e-02
     2           2819       -3.59069847e+01       2.534233e-02
     5           1127       -3.59071061e+01       3.420261e-02
    10            563       -3.59065049e+01       4.287289e-02
    20            281       -3.59055161e+01       5.241319e-02
    50            112       -3.59040636e+01       6.539354e-02
    70             80       -3.59040636e+01       7.084589e-02
   100             56       -3.59040636e+01       6.893875e-02
   200             28       -3.59040636e+01       7.389184e-02
   500             11       -3.59035632e+01       6.621768e-02
Stocahstic error estimate: 7.084589e-02

	predict=-0.13496616454855592,actual=(array([0.1802]), array([0.0708]))
	g=0.6873186242891531,del=4.439422968937534,dot=0.833000358754285,x=24.29979423781198

nparam= 4820
	log prob= -19.927661210501874
	burn in time= 40.56650352478027
	sample time= 50.66625499725342
	contraction err= 2.231930261259445e-15 6.047701880602852e-15
nsamples= 5638

Mean energy: -3.61612914e+01
Block size    # of blocks        Mean                Error
     1           5638       -3.61612914e+01       1.216847e-02
     2           2819       -3.61612914e+01       1.238344e-02
     5           1127       -3.61616447e+01       1.298413e-02
    10            563       -3.61616034e+01       1.370200e-02
    20            281       -3.61620274e+01       1.357102e-02
    50            112       -3.61637930e+01       1.372811e-02
    70             80       -3.61637930e+01       1.427323e-02
   100             56       -3.61637930e+01       1.429390e-02
   200             28       -3.61637930e+01       1.410262e-02
   500             11       -3.61667645e+01       1.383890e-02
Stocahstic error estimate: 1.238344e-02

step=5,E=-0.3616129137016214,dE=-0.0007415366700863757,err=0.00012383437337464839,gmax=0.36721826404614977
	collect g,h time= 0.058663368225097656
	solver time=0.024890422821044922,exit status=0
niter= 43
pure_newton= False
	solver time=0.26109766960144043,exit status=0
niter= 241
hessian inversion error= 9.95013047195348e-05
	log prob= -25.65680341508068
	burn in time= 40.056467056274414
	sample time= 83.81203126907349
	contraction err= 2.233775430377072e-15 8.14399906523456e-15
nsamples= 5638

Mean energy: -3.60877630e+01
Block size    # of blocks        Mean                Error
     1           5638       -3.60877630e+01       1.868001e-02
     2           2819       -3.60877630e+01       2.280549e-02
     5           1127       -3.60880568e+01       3.108948e-02
    10            563       -3.60888481e+01       3.916346e-02
    20            281       -3.60892980e+01       4.802566e-02
    50            112       -3.60900359e+01       5.796069e-02
    70             80       -3.60900359e+01       5.691377e-02
   100             56       -3.60900359e+01       6.202767e-02
   200             28       -3.60900359e+01       7.054925e-02
   500             11       -3.60902545e+01       6.796230e-02
Stocahstic error estimate: 5.796069e-02

	predict=-0.12695807814466323,actual=(array([0.0735]), array([0.058]))
	g=0.7637695549092334,del=3.8270004058219538,dot=0.678566622672569,x=24.299794237811987

nparam= 4820
	log prob= -20.933496239064187
	burn in time= 40.54442882537842
	sample time= 50.64190196990967
	contraction err= 2.201924541523866e-15 9.084480951745227e-15
nsamples= 5638

Mean energy: -3.62597026e+01
Block size    # of blocks        Mean                Error
     1           5638       -3.62597026e+01       1.144356e-02
     2           2819       -3.62597026e+01       1.182544e-02
     5           1127       -3.62595064e+01       1.219410e-02
    10            563       -3.62597807e+01       1.258690e-02
    20            281       -3.62593897e+01       1.331204e-02
    50            112       -3.62596480e+01       1.199544e-02
    70             80       -3.62596480e+01       1.214986e-02
   100             56       -3.62596480e+01       1.274987e-02
   200             28       -3.62596480e+01       1.069656e-02
   500             11       -3.62599677e+01       1.561485e-02
Stocahstic error estimate: 1.182544e-02

step=6,E=-0.3625970257851768,dE=-0.0009841120835553596,err=0.0001182544043549516,gmax=0.37766962873397714
	collect g,h time= 0.05772280693054199
	solver time=0.02273273468017578,exit status=0
niter= 39
pure_newton= False
	solver time=0.2978980541229248,exit status=0
niter= 230
hessian inversion error= 9.890168718626879e-05
	log prob= -25.24710119736256
	burn in time= 40.25089168548584
	sample time= 83.94735980033875
	contraction err= 2.2233430964233538e-15 5.773032833692778e-15
nsamples= 5638

Mean energy: -3.62914981e+01
Block size    # of blocks        Mean                Error
     1           5638       -3.62914981e+01       1.555396e-02
     2           2819       -3.62914981e+01       1.837539e-02
     5           1127       -3.62913988e+01       2.426782e-02
    10            563       -3.62913898e+01       3.017522e-02
    20            281       -3.62909730e+01       3.578854e-02
    50            112       -3.62918751e+01       4.171311e-02
    70             80       -3.62918751e+01       4.194017e-02
   100             56       -3.62918751e+01       3.991936e-02
   200             28       -3.62918751e+01       4.061965e-02
   500             11       -3.62890229e+01       3.913764e-02
Stocahstic error estimate: 4.194017e-02

	predict=-0.10751389881306353,actual=(array([-0.0318]), array([0.0419]))
	g=0.7515925905673615,del=2.0653510000479827,dot=0.21501551090448842,x=24.29979423781198

nparam= 4820
	log prob= -25.24710119736256
	burn in time= 40.116668939590454
	sample time= 50.62139558792114
	contraction err= 2.231318293695465e-15 1.878275136984811e-14
nsamples= 5638

Mean energy: -3.63666623e+01
Block size    # of blocks        Mean                Error
     1           5638       -3.63666623e+01       1.385044e-02
     2           2819       -3.63666623e+01       1.594462e-02
     5           1127       -3.63665146e+01       1.978770e-02
    10            563       -3.63660782e+01       2.185676e-02
    20            281       -3.63658171e+01       2.418197e-02
    50            112       -3.63678458e+01       2.337343e-02
    70             80       -3.63678458e+01       2.635080e-02
   100             56       -3.63678458e+01       2.415759e-02
   200             28       -3.63678458e+01       2.678746e-02
   500             11       -3.63670072e+01       1.240972e-02
Stocahstic error estimate: 2.418197e-02

step=7,E=-0.3636666232215005,dE=-0.0010695974363237326,err=0.00024181966171763787,gmax=0.32691596428543457
	collect g,h time= 0.057854652404785156
	solver time=0.019461393356323242,exit status=0
niter= 34
pure_newton= False
	solver time=0.29627227783203125,exit status=0
niter= 275
hessian inversion error= 0.00011637123450587777
	log prob= -28.402154320992906
	burn in time= 40.407071590423584
	sample time= 83.80477738380432
	contraction err= 2.2376428614526634e-15 6.7152807759180175e-15
nsamples= 5638

Mean energy: -3.65438720e+01
Block size    # of blocks        Mean                Error
     1           5638       -3.65438720e+01       1.471267e-02
     2           2819       -3.65438720e+01       1.789791e-02
     5           1127       -3.65437171e+01       2.420739e-02
    10            563       -3.65436274e+01       3.102684e-02
    20            281       -3.65431448e+01       3.797173e-02
    50            112       -3.65437248e+01       4.887879e-02
    70             80       -3.65437248e+01       4.791053e-02
   100             56       -3.65437248e+01       5.215440e-02
   200             28       -3.65437248e+01       5.087526e-02
   500             11       -3.65417820e+01       5.214784e-02
Stocahstic error estimate: 4.887879e-02

	predict=-0.13852766515536574,actual=(array([-0.1772]), array([0.0489]))
	g=1.1649782097509016,del=1.6740386102973606,dot=0.2770393420994896,x=24.299794237811984

nparam= 4820
	log prob= -28.402154320992906
	burn in time= 40.48650336265564
	sample time= 50.56722164154053
	contraction err= 2.2339758289602147e-15 1.3385789229191029e-14
nsamples= 5638

Mean energy: -3.66401064e+01
Block size    # of blocks        Mean                Error
     1           5638       -3.66401064e+01       1.199817e-02
     2           2819       -3.66401064e+01       1.378607e-02
     5           1127       -3.66402022e+01       1.743171e-02
    10            563       -3.66399863e+01       1.997302e-02
    20            281       -3.66395386e+01       2.097173e-02
    50            112       -3.66399142e+01       2.316599e-02
    70             80       -3.66399142e+01       2.109237e-02
   100             56       -3.66399142e+01       2.290619e-02
   200             28       -3.66399142e+01       2.349328e-02
   500             11       -3.66377670e+01       1.993251e-02
Stocahstic error estimate: 2.316599e-02

step=8,E=-0.36640106380212406,dE=-0.002734440580623598,err=0.00023165989333547867,gmax=0.1714154864974391
	collect g,h time= 0.05757284164428711
	solver time=0.02484416961669922,exit status=0
niter= 43
pure_newton= False
	solver time=0.31029582023620605,exit status=0
niter= 281
hessian inversion error= 9.921761415369297e-05
	log prob= -30.000126229562177
	burn in time= 40.04040789604187
	sample time= 83.8137218952179
	contraction err= 2.226502530059177e-15 1.1237356122106305e-14
nsamples= 5638

Mean energy: -3.67791029e+01
Block size    # of blocks        Mean                Error
     1           5638       -3.67791029e+01       1.243810e-02
     2           2819       -3.67791029e+01       1.521285e-02
     5           1127       -3.67789885e+01       2.059271e-02
    10            563       -3.67788046e+01       2.631003e-02
    20            281       -3.67783648e+01       3.391697e-02
    50            112       -3.67783910e+01       4.610954e-02
    70             80       -3.67783910e+01       4.871427e-02
   100             56       -3.67783910e+01       4.976090e-02
   200             28       -3.67783910e+01       4.691720e-02
   500             11       -3.67793239e+01       5.977952e-02
Stocahstic error estimate: 4.976090e-02

	predict=-0.10087033951046533,actual=(array([-0.139]), array([0.0498]))
	g=0.9806428136035948,del=1.173368031748825,dot=0.20173344486103156,x=24.29979423781198

nparam= 4820
	log prob= -30.000126229562177
	burn in time= 40.104334115982056
	sample time= 50.59181523323059
	contraction err= 2.2284378705396096e-15 1.703002874593625e-14
nsamples= 5638

Mean energy: -3.67272045e+01
Block size    # of blocks        Mean                Error
     1           5638       -3.67272045e+01       1.319160e-02
     2           2819       -3.67272045e+01       1.634478e-02
     5           1127       -3.67271039e+01       2.151034e-02
    10            563       -3.67273340e+01       2.481167e-02
    20            281       -3.67270956e+01       2.754108e-02
    50            112       -3.67273342e+01       2.790298e-02
    70             80       -3.67273342e+01       2.670037e-02
   100             56       -3.67273342e+01       2.729084e-02
   200             28       -3.67273342e+01       3.377651e-02
   500             11       -3.67268620e+01       4.218590e-02
Stocahstic error estimate: 2.790298e-02

step=9,E=-0.3672720449294158,dE=-0.0008709811272917278,err=0.000279029779970811,gmax=0.24021865729769187
	collect g,h time= 0.05791425704956055
	solver time=0.022562265396118164,exit status=0
niter= 39
pure_newton= False
	solver time=0.30343079566955566,exit status=0
niter= 281
hessian inversion error= 0.00010634355506824025
	log prob= -30.252082711995406
	burn in time= 40.3437774181366
	sample time= 83.79957795143127
	contraction err= 2.194661331801599e-15 9.15023969737299e-15
nsamples= 5638

Mean energy: -3.68380087e+01
Block size    # of blocks        Mean                Error
     1           5638       -3.68380087e+01       1.516565e-02
     2           2819       -3.68380087e+01       1.833481e-02
     5           1127       -3.68380146e+01       2.524964e-02
    10            563       -3.68378453e+01       3.231317e-02
    20            281       -3.68373162e+01       4.110512e-02
    50            112       -3.68370181e+01       5.342988e-02
    70             80       -3.68370181e+01       6.403607e-02
   100             56       -3.68370181e+01       6.246013e-02
   200             28       -3.68370181e+01       6.402402e-02
   500             11       -3.68359665e+01       7.977706e-02
Stocahstic error estimate: 6.403607e-02

	predict=-0.1098441183677732,actual=(array([-0.1108]), array([0.064]))
	g=1.149319371964913,del=1.0102043882136715,dot=0.2196796165273227,x=24.29979423781198

nparam= 4820
	log prob= -30.252082711995406
	burn in time= 40.19520115852356
	sample time= 50.54557752609253
	contraction err= 2.2002573836754174e-15 6.5870767198450294e-15
nsamples= 5638

Mean energy: -3.69111680e+01
Block size    # of blocks        Mean                Error
     1           5638       -3.69111680e+01       1.073818e-02
     2           2819       -3.69111680e+01       1.296443e-02
     5           1127       -3.69111383e+01       1.700365e-02
    10            563       -3.69110798e+01       2.022113e-02
    20            281       -3.69110357e+01       2.153241e-02
    50            112       -3.69104996e+01       2.214962e-02
    70             80       -3.69104996e+01       2.427655e-02
   100             56       -3.69104996e+01       2.454031e-02
   200             28       -3.69104996e+01       2.271436e-02
   500             11       -3.69094353e+01       2.719366e-02
Stocahstic error estimate: 2.214962e-02

step=10,E=-0.36911168047150567,dE=-0.0018396355420898659,err=0.00022149623926130856,gmax=0.1545999292695206
	collect g,h time= 0.05755257606506348
	solver time=0.023070812225341797,exit status=0
niter= 40
pure_newton= False
	solver time=0.2968158721923828,exit status=0
niter= 273
hessian inversion error= 0.0001030376988603058
	log prob= -30.885357300342502
	burn in time= 40.4654176235199
	sample time= 83.8501832485199
	contraction err= 2.230991580872205e-15 1.7661451348187074e-14
nsamples= 5638

Mean energy: -3.70116199e+01
Block size    # of blocks        Mean                Error
     1           5638       -3.70116199e+01       1.101702e-02
     2           2819       -3.70116199e+01       1.365324e-02
     5           1127       -3.70114608e+01       1.869660e-02
    10            563       -3.70116775e+01       2.456722e-02
    20            281       -3.70114599e+01       3.116958e-02
    50            112       -3.70131755e+01       4.638639e-02
    70             80       -3.70131755e+01       4.280578e-02
   100             56       -3.70131755e+01       4.700511e-02
   200             28       -3.70131755e+01       4.423427e-02
   500             11       -3.70133347e+01       3.564074e-02
Stocahstic error estimate: 4.638639e-02

	predict=-0.07345392586465027,actual=(array([-0.1005]), array([0.0464]))
	g=1.0340037599642498,del=0.7239878659615614,dot=0.14689720682875976,x=24.29979423781198

nparam= 4820
	log prob= -30.885357300342502
	burn in time= 40.5163996219635
	sample time= 50.542356729507446
	contraction err= 2.223299589334358e-15 1.05202878589384e-14
nsamples= 5638

Mean energy: -3.70337860e+01
Block size    # of blocks        Mean                Error
     1           5638       -3.70337860e+01       8.963991e-03
     2           2819       -3.70337860e+01       1.096896e-02
     5           1127       -3.70337867e+01       1.460358e-02
    10            563       -3.70337581e+01       1.679902e-02
    20            281       -3.70334416e+01       1.829235e-02
    50            112       -3.70337472e+01       1.925844e-02
    70             80       -3.70337472e+01       1.929887e-02
   100             56       -3.70337472e+01       2.196105e-02
   200             28       -3.70337472e+01       1.931179e-02
   500             11       -3.70322684e+01       2.184023e-02
Stocahstic error estimate: 1.929887e-02

step=11,E=-0.3703378596487024,dE=-0.0012261791771967267,err=0.00019298874458410688,gmax=0.1639942700881376
	collect g,h time= 0.05761098861694336
	solver time=0.021353483200073242,exit status=0
niter= 37
pure_newton= False
	solver time=0.29018163681030273,exit status=0
niter= 269
hessian inversion error= 9.962763102306429e-05
	log prob= -31.578193605983312
	burn in time= 40.28878927230835
	sample time= 83.76983761787415
	contraction err= 2.2023538704317302e-15 6.29858637407339e-15
nsamples= 5638

Mean energy: -3.70846785e+01
Block size    # of blocks        Mean                Error
     1           5638       -3.70846785e+01       8.950667e-03
     2           2819       -3.70846785e+01       1.104249e-02
     5           1127       -3.70846121e+01       1.544399e-02
    10            563       -3.70844831e+01       2.038016e-02
    20            281       -3.70843364e+01       2.671795e-02
    50            112       -3.70850518e+01       3.680725e-02
    70             80       -3.70850518e+01       3.055408e-02
   100             56       -3.70850518e+01       3.925709e-02
   200             28       -3.70850518e+01       3.661035e-02
   500             11       -3.70835379e+01       3.277819e-02
Stocahstic error estimate: 3.680725e-02

	predict=-0.05231327399380464,actual=(array([-0.0509]), array([0.0368]))
	g=0.8744757212703974,del=0.5579671101375493,dot=0.10461942620083106,x=24.29979423781198

nparam= 4820
	log prob= -31.578193605983312
	burn in time= 40.25858020782471
	sample time= 50.534669637680054
	contraction err= 2.1986405176569684e-15 7.120094056891072e-15
nsamples= 5638

Mean energy: -3.71057984e+01
Block size    # of blocks        Mean                Error
     1           5638       -3.71057984e+01       9.042409e-03
     2           2819       -3.71057984e+01       1.092936e-02
     5           1127       -3.71061392e+01       1.422005e-02
    10            563       -3.71061800e+01       1.742624e-02
    20            281       -3.71070017e+01       1.737612e-02
    50            112       -3.71066050e+01       2.016048e-02
    70             80       -3.71066050e+01       1.999419e-02
   100             56       -3.71066050e+01       2.182840e-02
   200             28       -3.71066050e+01       1.938604e-02
   500             11       -3.71046505e+01       1.994722e-02
Stocahstic error estimate: 1.742624e-02

step=12,E=-0.3710579835051071,dE=-0.0007201238564046974,err=0.0001742624392319081,gmax=0.14799888412723794
	collect g,h time= 0.0580747127532959
	solver time=0.022990703582763672,exit status=0
niter= 40
pure_newton= False
	solver time=0.26264142990112305,exit status=0
niter= 243
hessian inversion error= 0.00010484385406260774
	log prob= -31.80561146846669
	burn in time= 39.90510272979736
	sample time= 83.75657749176025
	contraction err= 2.195842993820654e-15 7.24882702322872e-14
nsamples= 5638

Mean energy: -3.71659543e+01
Block size    # of blocks        Mean                Error
     1           5638       -3.71659543e+01       9.665349e-03
     2           2819       -3.71659543e+01       1.128702e-02
     5           1127       -3.71658258e+01       1.566852e-02
    10            563       -3.71658409e+01       2.063155e-02
    20            281       -3.71664445e+01       2.718534e-02
    50            112       -3.71664487e+01       3.818007e-02
    70             80       -3.71664487e+01       3.306533e-02
   100             56       -3.71664487e+01       3.790984e-02
   200             28       -3.71664487e+01       3.771229e-02
   500             11       -3.71653841e+01       3.843711e-02
Stocahstic error estimate: 3.818007e-02

	predict=-0.052347562063919426,actual=(array([-0.0602]), array([0.0382]))
	g=1.0617927547008996,del=0.4827970449949904,dot=0.10468656565076254,x=24.29979423781198

nparam= 4820
	log prob= -31.80561146846669
	burn in time= 40.53359079360962
	sample time= 50.525400161743164
	contraction err= 2.185526330599145e-15 8.494425285943837e-15
nsamples= 5638

Mean energy: -3.71461512e+01
Block size    # of blocks        Mean                Error
     1           5638       -3.71461512e+01       8.814192e-03
     2           2819       -3.71461512e+01       1.093559e-02
     5           1127       -3.71464765e+01       1.424308e-02
    10            563       -3.71462747e+01       1.782773e-02
    20            281       -3.71462246e+01       1.923951e-02
    50            112       -3.71458775e+01       2.341057e-02
    70             80       -3.71458775e+01       2.348848e-02
   100             56       -3.71458775e+01       2.470166e-02
   200             28       -3.71458775e+01       2.402804e-02
   500             11       -3.71436595e+01       2.455292e-02
Stocahstic error estimate: 2.348848e-02

step=13,E=-0.37146151233707103,dE=-0.00040352883196391074,err=0.00023488481204712717,gmax=0.16826601851345435
	collect g,h time= 0.05776619911193848
	solver time=0.022493362426757812,exit status=0
niter= 39
pure_newton= False
	solver time=0.2795369625091553,exit status=0
niter= 258
hessian inversion error= 0.00011255040383551125
	log prob= -31.813983484977832
	burn in time= 40.09096431732178
	sample time= 83.85130953788757
	contraction err= 2.1827597373236076e-15 7.170402995132235e-15
nsamples= 5638

Mean energy: -3.72168569e+01
Block size    # of blocks        Mean                Error
     1           5638       -3.72168569e+01       7.521007e-03
     2           2819       -3.72168569e+01       9.536747e-03
     5           1127       -3.72170432e+01       1.346469e-02
    10            563       -3.72169034e+01       1.763536e-02
    20            281       -3.72168200e+01       2.288078e-02
    50            112       -3.72166622e+01       3.081914e-02
    70             80       -3.72166622e+01       3.459034e-02
   100             56       -3.72166622e+01       3.798578e-02
   200             28       -3.72166622e+01       3.799299e-02
   500             11       -3.72158884e+01       4.277777e-02
Stocahstic error estimate: 3.799299e-02

	predict=-0.04718021374529194,actual=(array([-0.0707]), array([0.038]))
	g=1.129313438996429,del=0.40703100920279356,dot=0.09435337319148773,x=24.29979423781198

nparam= 4820
	log prob= -31.813983484977832
	burn in time= 40.52486968040466
	sample time= 50.53271245956421
	contraction err= 2.1817294045738386e-15 1.1202776611764222e-14
nsamples= 5638

Mean energy: -3.72443889e+01
Block size    # of blocks        Mean                Error
     1           5638       -3.72443889e+01       6.170837e-03
     2           2819       -3.72443889e+01       7.410976e-03
     5           1127       -3.72445131e+01       9.498994e-03
    10            563       -3.72444500e+01       1.156747e-02
    20            281       -3.72444637e+01       1.204465e-02
    50            112       -3.72447066e+01       1.223829e-02
    70             80       -3.72447066e+01       1.204255e-02
   100             56       -3.72447066e+01       1.215383e-02
   200             28       -3.72447066e+01       1.202849e-02
   500             11       -3.72444124e+01       1.156070e-02
Stocahstic error estimate: 1.204465e-02

step=14,E=-0.37244388929473077,dE=-0.0009823769576597385,err=0.0001204465151293395,gmax=0.24701513503568684
	collect g,h time= 0.056436777114868164
	solver time=0.02065134048461914,exit status=0
niter= 36
pure_newton= False
	solver time=0.24408292770385742,exit status=0
niter= 219
hessian inversion error= 9.728842655963262e-05
	log prob= -32.00788128443302
	burn in time= 40.30248427391052
	sample time= 83.70964813232422
	contraction err= 2.1770123807263084e-15 9.426183405153586e-15
nsamples= 5638

Mean energy: -3.72260455e+01
Block size    # of blocks        Mean                Error
     1           5638       -3.72260455e+01       8.981230e-03
     2           2819       -3.72260455e+01       1.156876e-02
     5           1127       -3.72259916e+01       1.706310e-02
    10            563       -3.72258806e+01       2.280844e-02
    20            281       -3.72256300e+01       2.902287e-02
    50            112       -3.72253735e+01       3.811763e-02
    70             80       -3.72253735e+01       4.611513e-02
   100             56       -3.72253735e+01       4.297033e-02
   200             28       -3.72253735e+01       5.488088e-02
   500             11       -3.72236342e+01       4.179002e-02
Stocahstic error estimate: 4.611513e-02

	predict=-0.02584725334811817,actual=(array([0.0183]), array([0.0461]))
	g=1.0297994035261406,del=0.6906876325477314,dot=0.20795533071697536,x=24.299794237811984

nparam= 4820
	log prob= -31.81122891141006
	burn in time= 40.430944204330444
	sample time= 50.54435324668884
	contraction err= 2.1579927067462964e-15 9.058352106215484e-15
nsamples= 5638

Mean energy: -3.72227728e+01
Block size    # of blocks        Mean                Error
     1           5638       -3.72227728e+01       7.949878e-03
     2           2819       -3.72227728e+01       1.005841e-02
     5           1127       -3.72231499e+01       1.341649e-02
    10            563       -3.72229553e+01       1.594985e-02
    20            281       -3.72232151e+01       1.913267e-02
    50            112       -3.72229799e+01       1.904535e-02
    70             80       -3.72229799e+01       1.872498e-02
   100             56       -3.72229799e+01       1.937450e-02
   200             28       -3.72229799e+01       1.748330e-02
   500             11       -3.72222264e+01       2.125923e-02
Stocahstic error estimate: 1.913267e-02

step=15,E=-0.37222772754165523,dE=0.0002161617530754967,err=0.00019132670540584007,gmax=0.2451693435448783
	collect g,h time= 0.05875349044799805
	solver time=0.022421836853027344,exit status=0
niter= 39
pure_newton= False
	solver time=0.25217390060424805,exit status=0
niter= 233
hessian inversion error= 0.00011114747192193341
	log prob= -31.833090582380525
	burn in time= 39.8298065662384
	sample time= 83.781977891922
	contraction err= 2.1601369617648193e-15 8.6319645125703e-15
nsamples= 5638

Mean energy: -3.72411019e+01
Block size    # of blocks        Mean                Error
     1           5638       -3.72411019e+01       8.389710e-03
     2           2819       -3.72411019e+01       1.072145e-02
     5           1127       -3.72410302e+01       1.550936e-02
    10            563       -3.72410500e+01       2.043207e-02
    20            281       -3.72410676e+01       2.711405e-02
    50            112       -3.72408171e+01       3.021533e-02
    70             80       -3.72408171e+01       3.788955e-02
   100             56       -3.72408171e+01       3.756738e-02
   200             28       -3.72408171e+01       3.778651e-02
   500             11       -3.72405583e+01       3.739898e-02
Stocahstic error estimate: 3.788955e-02

	predict=-0.03790004948302335,actual=(array([-0.0183]), array([0.0379]))
	g=1.1195627713529979,del=0.31748029354445945,dot=0.07579333801709114,x=24.29979423781198

nparam= 4820
	log prob= -31.833090582380525
	burn in time= 40.43438696861267
	sample time= 50.51723074913025
	contraction err= 2.167984504480477e-15 1.1289667762604361e-14
nsamples= 5638

Mean energy: -3.72642910e+01
Block size    # of blocks        Mean                Error
     1           5638       -3.72642910e+01       6.927587e-03
     2           2819       -3.72642910e+01       8.424072e-03
     5           1127       -3.72642497e+01       1.113540e-02
    10            563       -3.72648281e+01       1.381670e-02
    20            281       -3.72657711e+01       1.486695e-02
    50            112       -3.72654094e+01       1.420166e-02
    70             80       -3.72654094e+01       1.421651e-02
   100             56       -3.72654094e+01       1.394167e-02
   200             28       -3.72654094e+01       1.346342e-02
   500             11       -3.72644561e+01       1.288945e-02
Stocahstic error estimate: 1.486695e-02

step=16,E=-0.37264290969802816,dE=-0.00041518215637289304,err=0.00014866948998877444,gmax=0.24634847163952744
	collect g,h time= 0.057585716247558594
	solver time=0.02132129669189453,exit status=0
niter= 37
pure_newton= False
	solver time=0.24699091911315918,exit status=0
niter= 228
hessian inversion error= 0.00010865713316822571
	log prob= -32.02013033044322
	burn in time= 40.06854581832886
	sample time= 83.76601648330688
	contraction err= 2.1759345075946493e-15 1.3035595753521254e-14
nsamples= 5638

Mean energy: -3.73070664e+01
Block size    # of blocks        Mean                Error
     1           5638       -3.73070664e+01       6.436576e-03
     2           2819       -3.73070664e+01       8.017485e-03
     5           1127       -3.73070083e+01       1.127413e-02
    10            563       -3.73070331e+01       1.456607e-02
    20            281       -3.73067977e+01       1.929338e-02
    50            112       -3.73064893e+01       2.154333e-02
    70             80       -3.73064893e+01       2.875174e-02
   100             56       -3.73064893e+01       2.899866e-02
   200             28       -3.73064893e+01       2.874371e-02
   500             11       -3.73071655e+01       2.861812e-02
Stocahstic error estimate: 2.899866e-02

	predict=-0.03130872570297887,actual=(array([-0.0428]), array([0.029]))
	g=1.0883122577026718,del=0.26299619659645723,dot=0.06261165409513197,x=24.299794237811984

nparam= 4820
	log prob= -32.02013033044322
	burn in time= 40.07002639770508
	sample time= 50.516496419906616
	contraction err= 2.1621111961663673e-15 9.501046528108416e-15
nsamples= 5638

Mean energy: -3.73147296e+01
Block size    # of blocks        Mean                Error
     1           5638       -3.73147296e+01       5.876142e-03
     2           2819       -3.73147296e+01       7.308404e-03
     5           1127       -3.73147190e+01       9.870832e-03
    10            563       -3.73148170e+01       1.221496e-02
    20            281       -3.73146217e+01       1.342405e-02
    50            112       -3.73144161e+01       1.347043e-02
    70             80       -3.73144161e+01       1.304136e-02
   100             56       -3.73144161e+01       1.270214e-02
   200             28       -3.73144161e+01       1.402691e-02
   500             11       -3.73130973e+01       1.435731e-02
Stocahstic error estimate: 1.347043e-02

step=17,E=-0.3731472959157609,dE=-0.0005043862177327441,err=0.00013470432863299926,gmax=0.14087169438462321
	collect g,h time= 0.05763649940490723
	solver time=0.021244287490844727,exit status=0
niter= 37
pure_newton= False
	solver time=0.2540123462677002,exit status=0
niter= 230
hessian inversion error= 9.981332368382055e-05
	log prob= -32.09135935817122
	burn in time= 40.27875304222107
	sample time= 83.71142339706421
	contraction err= 2.127659942571776e-15 9.277682736614024e-15
nsamples= 5638

Mean energy: -3.73565433e+01
Block size    # of blocks        Mean                Error
     1           5638       -3.73565433e+01       5.061530e-03
     2           2819       -3.73565433e+01       5.989889e-03
     5           1127       -3.73565188e+01       7.816207e-03
    10            563       -3.73565089e+01       9.202958e-03
    20            281       -3.73564613e+01       1.073344e-02
    50            112       -3.73563829e+01       1.193395e-02
    70             80       -3.73563829e+01       1.003894e-02
   100             56       -3.73563829e+01       1.185282e-02
   200             28       -3.73563829e+01       1.183480e-02
   500             11       -3.73564093e+01       1.210377e-02
Stocahstic error estimate: 1.193395e-02

	predict=-0.02239834956208555,actual=(array([-0.0418]), array([0.0119]))
	g=0.912583588857362,del=0.2318439340630138,dot=0.04479158779937155,x=24.29979423781198

nparam= 4820
	log prob= -32.09135935817122
	burn in time= 40.1261146068573
	sample time= 50.53369665145874
	contraction err= 2.119828631222708e-15 9.196680574775504e-15
nsamples= 5638

Mean energy: -3.73513153e+01
Block size    # of blocks        Mean                Error
     1           5638       -3.73513153e+01       5.317585e-03
     2           2819       -3.73513153e+01       6.529532e-03
     5           1127       -3.73513014e+01       8.629145e-03
    10            563       -3.73512620e+01       1.001479e-02
    20            281       -3.73512539e+01       1.147051e-02
    50            112       -3.73523261e+01       1.139432e-02
    70             80       -3.73523261e+01       1.173927e-02
   100             56       -3.73523261e+01       1.161805e-02
   200             28       -3.73523261e+01       1.087273e-02
   500             11       -3.73522982e+01       8.044401e-03
Stocahstic error estimate: 1.147051e-02

step=18,E=-0.37351315303578125,dE=-0.0003658571200203653,err=0.00011470512348688445,gmax=0.22561919281880405
	collect g,h time= 0.0576169490814209
	solver time=0.01895737648010254,exit status=0
niter= 33
pure_newton= False
	solver time=0.22466683387756348,exit status=0
niter= 208
hessian inversion error= 9.908793716289637e-05
	log prob= -32.05774902484674
	burn in time= 40.1552209854126
	sample time= 83.81547355651855
	contraction err= 2.117895289298013e-15 1.3137430504316997e-14
nsamples= 5638

Mean energy: -3.73675526e+01
Block size    # of blocks        Mean                Error
     1           5638       -3.73675526e+01       4.928022e-03
     2           2819       -3.73675526e+01       6.114210e-03
     5           1127       -3.73674684e+01       8.171775e-03
    10            563       -3.73675257e+01       1.033991e-02
    20            281       -3.73676199e+01       1.221439e-02
    50            112       -3.73673579e+01       1.622484e-02
    70             80       -3.73673579e+01       1.291576e-02
   100             56       -3.73673579e+01       1.646946e-02
   200             28       -3.73673579e+01       1.571226e-02
   500             11       -3.73676874e+01       1.990626e-02
Stocahstic error estimate: 1.622484e-02

	predict=-0.01866587221656385,actual=(array([-0.0162]), array([0.0162]))
	g=0.9470593434776341,del=0.17583840168260756,dot=0.037326914450527396,x=24.29979423781198

nparam= 4820
	log prob= -32.05774902484674
	burn in time= 40.2738938331604
	sample time= 50.522603034973145
	contraction err= 2.1017196783228054e-15 1.2119327845956776e-14
nsamples= 5638

Mean energy: -3.73670659e+01
Block size    # of blocks        Mean                Error
     1           5638       -3.73670659e+01       5.499155e-03
     2           2819       -3.73670659e+01       7.031099e-03
     5           1127       -3.73669828e+01       9.644431e-03
    10            563       -3.73669543e+01       1.163727e-02
    20            281       -3.73671225e+01       1.264497e-02
    50            112       -3.73673350e+01       1.329433e-02
    70             80       -3.73673350e+01       1.314797e-02
   100             56       -3.73673350e+01       1.327757e-02
   200             28       -3.73673350e+01       1.259000e-02
   500             11       -3.73666549e+01       1.158488e-02
Stocahstic error estimate: 1.329433e-02

step=19,E=-0.37367065856599474,dE=-0.00015750553021348423,err=0.00013294329620631477,gmax=0.15807742207229047
	collect g,h time= 0.05642056465148926
	solver time=0.021903514862060547,exit status=0
niter= 38
pure_newton= False
	solver time=0.25179147720336914,exit status=0
niter= 231
hessian inversion error= 9.977318490742738e-05
	log prob= -32.21459856864309
	burn in time= 40.13535976409912
	sample time= 83.71554183959961
	contraction err= 2.0862522629354855e-15 8.920303615249848e-15
nsamples= 5638

Mean energy: -3.73994359e+01
Block size    # of blocks        Mean                Error
     1           5638       -3.73994359e+01       4.099141e-03
     2           2819       -3.73994359e+01       5.056708e-03
     5           1127       -3.73993706e+01       7.056392e-03
    10            563       -3.73993871e+01       9.081320e-03
    20            281       -3.73999110e+01       1.122089e-02
    50            112       -3.74003258e+01       1.556106e-02
    70             80       -3.74003258e+01       1.141025e-02
   100             56       -3.74003258e+01       1.550244e-02
   200             28       -3.74003258e+01       1.586631e-02
   500             11       -3.73995709e+01       1.482958e-02
Stocahstic error estimate: 1.556106e-02

	predict=-0.018597195563892128,actual=(array([-0.0324]), array([0.0156]))
	g=0.9325720800539758,del=0.16592126254899342,dot=0.03719021843437285,x=24.29979423781198

nparam= 4820
	log prob= -32.21459856864309
	burn in time= 40.250645875930786
	sample time= 50.48711919784546
	contraction err= 2.099047314213634e-15 1.0451737666581852e-14
nsamples= 5638

Mean energy: -3.73920105e+01
Block size    # of blocks        Mean                Error
     1           5638       -3.73920105e+01       4.614567e-03
     2           2819       -3.73920105e+01       5.712171e-03
     5           1127       -3.73919655e+01       7.324108e-03
    10            563       -3.73920549e+01       8.223854e-03
    20            281       -3.73918419e+01       9.315845e-03
    50            112       -3.73922781e+01       1.001668e-02
    70             80       -3.73922781e+01       1.048394e-02
   100             56       -3.73922781e+01       1.042838e-02
   200             28       -3.73922781e+01       1.171549e-02
   500             11       -3.73918076e+01       9.832737e-03
Stocahstic error estimate: 1.048394e-02

step=20,E=-0.3739201049769547,dE=-0.00024944641095999033,err=0.00010483940463637392,gmax=0.12339732325098929
	collect g,h time= 0.05787348747253418
	solver time=0.01910567283630371,exit status=0
niter= 33
pure_newton= False
	solver time=0.20724034309387207,exit status=0
niter= 188
hessian inversion error= 8.57408230841827e-05
	log prob= -32.26406358342047
	burn in time= 39.92205309867859
	sample time= 83.61444973945618
	contraction err= 2.084665150263139e-15 1.82971124031691e-14
nsamples= 5638

Mean energy: -3.74061262e+01
Block size    # of blocks        Mean                Error
     1           5638       -3.74061262e+01       4.411805e-03
     2           2819       -3.74061262e+01       5.354736e-03
     5           1127       -3.74060703e+01       7.082267e-03
    10            563       -3.74062935e+01       8.730072e-03
    20            281       -3.74062385e+01       9.126331e-03
    50            112       -3.74060611e+01       1.071691e-02
    70             80       -3.74060611e+01       1.093375e-02
   100             56       -3.74060611e+01       1.101028e-02
   200             28       -3.74060611e+01       1.252665e-02
   500             11       -3.74053719e+01       1.367919e-02
Stocahstic error estimate: 9.126331e-03

	predict=-0.01381076104590803,actual=(array([-0.0141]), array([0.0091]))
	g=0.7673526748485804,del=0.14155408669414565,dot=0.02761874765709279,x=24.29979423781198

nparam= 4820
	log prob= -32.26406358342047
	burn in time= 40.71012258529663
	sample time= 50.50199747085571
	contraction err= 2.060533471085768e-15 1.0043641116893246e-14
nsamples= 5638

Mean energy: -3.74206344e+01
Block size    # of blocks        Mean                Error
     1           5638       -3.74206344e+01       3.554207e-03
     2           2819       -3.74206344e+01       4.388828e-03
     5           1127       -3.74205921e+01       5.125358e-03
    10            563       -3.74205194e+01       5.420764e-03
    20            281       -3.74214865e+01       6.094739e-03
    50            112       -3.74212750e+01       5.964032e-03
    70             80       -3.74212750e+01       5.438704e-03
   100             56       -3.74212750e+01       5.679792e-03
   200             28       -3.74212750e+01       4.634110e-03
   500             11       -3.74239039e+01       3.640771e-03
Stocahstic error estimate: 6.094739e-03

step=21,E=-0.3742063437900482,dE=-0.0002862388130934335,err=6.0947386436597156e-05,gmax=0.07269610960642581
	collect g,h time= 0.056466102600097656
	solver time=0.020565032958984375,exit status=0
niter= 36
pure_newton= False
	solver time=0.24072265625,exit status=0
niter= 179
hessian inversion error= 9.919605723273983e-05
	log prob= -32.33274440144618
	burn in time= 40.221237897872925
	sample time= 83.69233250617981
	contraction err= 2.0820509934221234e-15 1.809247683107221e-14
nsamples= 5638

Mean energy: -3.74134515e+01
Block size    # of blocks        Mean                Error
     1           5638       -3.74134515e+01       4.640512e-03
     2           2819       -3.74134515e+01       5.809692e-03
     5           1127       -3.74135255e+01       7.760578e-03
    10            563       -3.74134505e+01       9.813740e-03
    20            281       -3.74146610e+01       1.265106e-02
    50            112       -3.74145063e+01       1.623372e-02
    70             80       -3.74145063e+01       1.786031e-02
   100             56       -3.74145063e+01       1.582324e-02
   200             28       -3.74145063e+01       1.748025e-02
   500             11       -3.74134970e+01       1.738448e-02
Stocahstic error estimate: 1.786031e-02

	predict=-0.009077142362437564,actual=(array([0.0072]), array([0.0179]))
	g=0.5412942821955754,del=0.3256407928753189,dot=0.0700052638777298,x=24.299794237811984

nparam= 4820
	log prob= -32.269721158428325
	burn in time= 40.120373487472534
	sample time= 50.462762117385864
	contraction err= 2.0726294563972234e-15 1.1574869309986645e-14
nsamples= 5638

Mean energy: -3.74205577e+01
Block size    # of blocks        Mean                Error
     1           5638       -3.74205577e+01       3.666336e-03
     2           2819       -3.74205577e+01       4.371900e-03
     5           1127       -3.74206417e+01       6.017257e-03
    10            563       -3.74206379e+01       6.173154e-03
    20            281       -3.74205259e+01       6.655398e-03
    50            112       -3.74211209e+01       6.785850e-03
    70             80       -3.74211209e+01       7.061959e-03
   100             56       -3.74211209e+01       7.107012e-03
   200             28       -3.74211209e+01       8.070284e-03
   500             11       -3.74228234e+01       6.404994e-03
Stocahstic error estimate: 6.173154e-03

step=22,E=-0.37420557663047,dE=7.671595781744145e-07,err=6.173153756880792e-05,gmax=0.14564948757350926
	collect g,h time= 0.05835556983947754
	solver time=0.02059030532836914,exit status=0
niter= 36
pure_newton= False
	solver time=0.2043163776397705,exit status=0
niter= 185
hessian inversion error= 9.945292228886564e-05
	log prob= -32.27486251113701
	burn in time= 40.695618867874146
	sample time= 83.69499254226685
	contraction err= 2.0183577868074743e-15 1.2908640459072373e-14
nsamples= 5638

Mean energy: -3.74383713e+01
Block size    # of blocks        Mean                Error
     1           5638       -3.74383713e+01       2.671368e-03
     2           2819       -3.74383713e+01       3.066423e-03
     5           1127       -3.74383859e+01       3.786438e-03
    10            563       -3.74383410e+01       4.005162e-03
    20            281       -3.74383190e+01       4.072837e-03
    50            112       -3.74383478e+01       4.279505e-03
    70             80       -3.74383478e+01       3.785058e-03
   100             56       -3.74383478e+01       4.258280e-03
   200             28       -3.74383478e+01       4.201033e-03
   500             11       -3.74383335e+01       4.650553e-03
Stocahstic error estimate: 4.072837e-03

	predict=-0.009832298322573693,actual=(array([-0.0178]), array([0.0041]))
	g=0.6474153842195026,del=0.10167857218799368,dot=0.01966098384292474,x=24.29979423781198

nparam= 4820
	log prob= -32.27486251113701
	burn in time= 40.416736364364624
	sample time= 50.476229667663574
	contraction err= 2.025746388467608e-15 1.1991004852007438e-14
nsamples= 5638

Mean energy: -3.74284466e+01
Block size    # of blocks        Mean                Error
     1           5638       -3.74284466e+01       3.904764e-03
     2           2819       -3.74284466e+01       4.886905e-03
     5           1127       -3.74284112e+01       5.856798e-03
    10            563       -3.74284622e+01       6.700951e-03
    20            281       -3.74283739e+01       6.969186e-03
    50            112       -3.74283330e+01       7.682145e-03
    70             80       -3.74283330e+01       7.975842e-03
   100             56       -3.74283330e+01       7.874327e-03
   200             28       -3.74283330e+01       8.169987e-03
   500             11       -3.74276505e+01       6.728398e-03
Stocahstic error estimate: 6.969186e-03

step=23,E=-0.37428446617344613,dE=-7.888954297612826e-05,err=6.969186107169296e-05,gmax=0.12477258606500241
	collect g,h time= 0.0575861930847168
	solver time=0.020726919174194336,exit status=0
niter= 36
pure_newton= False
	solver time=0.23698210716247559,exit status=0
niter= 178
hessian inversion error= 9.95963662354358e-05
	log prob= -32.252603386240764
	burn in time= 40.182920694351196
	sample time= 83.62163519859314
	contraction err= 2.053917615851049e-15 1.3821929438854752e-14
nsamples= 5638

Mean energy: -3.74271937e+01
Block size    # of blocks        Mean                Error
     1           5638       -3.74271937e+01       4.710699e-03
     2           2819       -3.74271937e+01       6.150755e-03
     5           1127       -3.74271493e+01       8.704768e-03
    10            563       -3.74270959e+01       1.169409e-02
    20            281       -3.74276808e+01       1.180493e-02
    50            112       -3.74275499e+01       1.585862e-02
    70             80       -3.74275499e+01       1.610382e-02
   100             56       -3.74275499e+01       1.597837e-02
   200             28       -3.74275499e+01       1.768599e-02
   500             11       -3.74276546e+01       1.836556e-02
Stocahstic error estimate: 1.180493e-02

	predict=-0.010588674435339424,actual=(array([0.0013]), array([0.0118]))
	g=0.6629878994646793,del=0.32801981696049437,dot=0.08508899810804844,x=24.29979423781198

nparam= 4820
	log prob= -32.24880207216756
	burn in time= 40.09105110168457
	sample time= 50.479965686798096
	contraction err= 2.0653680966035403e-15 1.4214528672583425e-14
nsamples= 5638

Mean energy: -3.74241949e+01
Block size    # of blocks        Mean                Error
     1           5638       -3.74241949e+01       4.522500e-03
     2           2819       -3.74241949e+01       5.636983e-03
     5           1127       -3.74241493e+01       7.418619e-03
    10            563       -3.74242556e+01       8.107777e-03
    20            281       -3.74241539e+01       9.963730e-03
    50            112       -3.74239740e+01       9.523580e-03
    70             80       -3.74239740e+01       8.809334e-03
   100             56       -3.74239740e+01       1.174067e-02
   200             28       -3.74239740e+01       1.122337e-02
   500             11       -3.74232644e+01       1.196659e-02
Stocahstic error estimate: 9.963730e-03

step=24,E=-0.3742419493590813,dE=4.25168143648591e-05,err=9.963730452760514e-05,gmax=0.31885867776037147
	collect g,h time= 0.05849409103393555
	solver time=0.020641565322875977,exit status=0
niter= 36
pure_newton= False
	solver time=0.20792078971862793,exit status=0
niter= 188
hessian inversion error= 9.966659039511573e-05
	log prob= -32.202444883334636
	burn in time= 39.898821115493774
	sample time= 83.71643328666687
	contraction err= 2.0205869524384883e-15 1.4978652256004185e-14
nsamples= 5638

Mean energy: -3.74513267e+01
Block size    # of blocks        Mean                Error
     1           5638       -3.74513267e+01       2.865597e-03
     2           2819       -3.74513267e+01       3.157634e-03
     5           1127       -3.74513441e+01       3.894388e-03
    10            563       -3.74513501e+01       4.131954e-03
    20            281       -3.74512972e+01       4.215752e-03
    50            112       -3.74511273e+01       3.922867e-03
    70             80       -3.74511273e+01       3.909092e-03
   100             56       -3.74511273e+01       3.779187e-03
   200             28       -3.74511273e+01       4.004547e-03
   500             11       -3.74516478e+01       4.258826e-03
Stocahstic error estimate: 4.215752e-03

	predict=-0.012736345981762447,actual=(array([-0.0271]), array([0.0042]))
	g=0.8878269389349872,del=0.11130287369973982,dot=0.02546984678630391,x=24.299794237811984

nparam= 4820
	log prob= -32.202444883334636
	burn in time= 40.4245719909668
	sample time= 50.49914193153381
	contraction err= 2.035209435468101e-15 1.0748511566331254e-14
nsamples= 5638

Mean energy: -3.74416500e+01
Block size    # of blocks        Mean                Error
     1           5638       -3.74416500e+01       3.491020e-03
     2           2819       -3.74416500e+01       4.325215e-03
     5           1127       -3.74417826e+01       5.384768e-03
    10            563       -3.74418574e+01       6.212770e-03
    20            281       -3.74417609e+01       6.438827e-03
    50            112       -3.74415278e+01       6.688358e-03
    70             80       -3.74415278e+01       6.673907e-03
   100             56       -3.74415278e+01       6.613516e-03
   200             28       -3.74415278e+01       6.458759e-03
   500             11       -3.74414174e+01       7.303633e-03
Stocahstic error estimate: 6.438827e-03

step=25,E=-0.37441649960091133,dE=-0.00017455024183007594,err=6.438826813493978e-05,gmax=0.09189108052656625
	collect g,h time= 0.05782651901245117
	solver time=0.0200045108795166,exit status=0
niter= 35
pure_newton= False
	solver time=0.16050243377685547,exit status=0
niter= 146
hessian inversion error= 9.928946991377542e-05
	log prob= -32.204561335188
	burn in time= 40.069416761398315
	sample time= 83.63825106620789
	contraction err= 2.0142757810090206e-15 1.099186301328631e-14
nsamples= 5638

Mean energy: -3.74550018e+01
Block size    # of blocks        Mean                Error
     1           5638       -3.74550018e+01       4.515864e-03
     2           2819       -3.74550018e+01       4.833397e-03
     5           1127       -3.74549788e+01       5.393263e-03
    10            563       -3.74549308e+01       5.566936e-03
    20            281       -3.74548337e+01       6.206548e-03
    50            112       -3.74548123e+01       6.325822e-03
    70             80       -3.74548123e+01       6.222341e-03
   100             56       -3.74548123e+01       6.537462e-03
   200             28       -3.74548123e+01       6.724602e-03
   500             11       -3.74547050e+01       8.249996e-03
Stocahstic error estimate: 5.566936e-03

	predict=-0.007996619993193834,actual=(array([-0.0134]), array([0.0056]))
	g=0.5211688644281214,del=0.08840579983547281,dot=0.015990419708088226,x=24.29979423781198

nparam= 4820
	log prob= -32.204561335188
	burn in time= 40.36913537979126
	sample time= 50.45408010482788
	contraction err= 2.0611537597319317e-15 1.7017508086094014e-14
nsamples= 5638

Mean energy: -3.74304163e+01
Block size    # of blocks        Mean                Error
     1           5638       -3.74304163e+01       4.964843e-03
     2           2819       -3.74304163e+01       6.246720e-03
     5           1127       -3.74303641e+01       8.219826e-03
    10            563       -3.74303865e+01       8.710136e-03
    20            281       -3.74302562e+01       8.591725e-03
    50            112       -3.74300904e+01       1.077914e-02
    70             80       -3.74300904e+01       1.205405e-02
   100             56       -3.74300904e+01       1.021274e-02
   200             28       -3.74300904e+01       1.021257e-02
   500             11       -3.74293323e+01       1.279230e-02
Stocahstic error estimate: 8.710136e-03

step=26,E=-0.3743041631010413,dE=0.00011233649987005379,err=8.710136270222926e-05,gmax=0.4261358215037534
	collect g,h time= 0.057839393615722656
	solver time=0.01309657096862793,exit status=0
niter= 23
pure_newton= False
	solver time=0.2592616081237793,exit status=0
niter= 186
hessian inversion error= 0.00011800576973884579
	log prob= -32.2243820273794
	burn in time= 40.58134627342224
	sample time= 83.70816898345947
	contraction err= 2.044238210302942e-15 3.112604383051713e-14
nsamples= 5638

Mean energy: -3.74552732e+01
Block size    # of blocks        Mean                Error
     1           5638       -3.74552732e+01       3.319137e-03
     2           2819       -3.74552732e+01       4.067796e-03
     5           1127       -3.74552565e+01       5.830073e-03
    10            563       -3.74552196e+01       7.575056e-03
    20            281       -3.74551477e+01       1.026469e-02
    50            112       -3.74551423e+01       1.487241e-02
    70             80       -3.74551423e+01       1.177559e-02
   100             56       -3.74551423e+01       1.544298e-02
   200             28       -3.74551423e+01       1.630939e-02
   500             11       -3.74559691e+01       1.771781e-02
Stocahstic error estimate: 1.487241e-02

	predict=-0.014027797471710436,actual=(array([-0.0249]), array([0.0149]))
	g=1.185733335075941,del=0.10131968118520297,dot=0.028051117828607915,x=24.299794237811987

nparam= 4820
	log prob= -32.2243820273794
	burn in time= 40.44989347457886
	sample time= 50.47795104980469
	contraction err= 2.0153205923653293e-15 3.9207103168763066e-14
nsamples= 5638

Mean energy: -3.74683677e+01
Block size    # of blocks        Mean                Error
     1           5638       -3.74683677e+01       2.309904e-03
     2           2819       -3.74683677e+01       2.607767e-03
     5           1127       -3.74683526e+01       3.146132e-03
    10            563       -3.74683240e+01       3.374170e-03
    20            281       -3.74683070e+01       4.072855e-03
    50            112       -3.74682908e+01       4.149821e-03
    70             80       -3.74682908e+01       4.003877e-03
   100             56       -3.74682908e+01       4.344786e-03
   200             28       -3.74682908e+01       3.673892e-03
   500             11       -3.74680019e+01       3.790768e-03
Stocahstic error estimate: 4.149821e-03

step=27,E=-0.37468367672550257,dE=-0.0003795136244612962,err=4.149821429694065e-05,gmax=0.06050875888054885
	collect g,h time= 0.05796170234680176
	solver time=0.01613783836364746,exit status=0
niter= 28
pure_newton= False
	solver time=0.1701366901397705,exit status=0
niter= 139
hessian inversion error= 9.948834756010427e-05
	log prob= -32.24310606478561
	burn in time= 40.05076336860657
	sample time= 83.76458191871643
	contraction err= 1.9446758017409137e-15 1.7653292805288264e-14
nsamples= 5638

Mean energy: -3.74783880e+01
Block size    # of blocks        Mean                Error
     1           5638       -3.74783880e+01       1.824371e-03
     2           2819       -3.74783880e+01       1.989580e-03
     5           1127       -3.74783755e+01       2.259696e-03
    10            563       -3.74783986e+01       2.370333e-03
    20            281       -3.74783734e+01       2.525580e-03
    50            112       -3.74782964e+01       2.595951e-03
    70             80       -3.74782964e+01       2.694320e-03
   100             56       -3.74782964e+01       2.513652e-03
   200             28       -3.74782964e+01       2.520695e-03
   500             11       -3.74782744e+01       1.872229e-03
Stocahstic error estimate: 2.370333e-03

	predict=-0.0039860189778591695,actual=(array([-0.01]), array([0.0024]))
	g=0.3821437010667016,del=0.060723086896058126,dot=0.00797016418604372,x=24.29979423781198

nparam= 4820
	log prob= -32.24310606478561
	burn in time= 40.569854497909546
	sample time= 50.47434163093567
	contraction err= 1.9659198517201304e-15 1.2486644775948166e-14
nsamples= 5638

Mean energy: -3.74517311e+01
Block size    # of blocks        Mean                Error
     1           5638       -3.74517311e+01       4.553622e-03
     2           2819       -3.74517311e+01       5.947197e-03
     5           1127       -3.74516971e+01       7.604789e-03
    10            563       -3.74516381e+01       8.922822e-03
    20            281       -3.74515309e+01       1.022346e-02
    50            112       -3.74514865e+01       9.408732e-03
    70             80       -3.74514865e+01       1.037304e-02
   100             56       -3.74514865e+01       9.864497e-03
   200             28       -3.74514865e+01       1.140842e-02
   500             11       -3.74508546e+01       1.047252e-02
Stocahstic error estimate: 1.022346e-02

step=28,E=-0.37451731060369065,dE=0.0001663661218119472,err=0.00010223460277297212,gmax=0.1563216026388088
	collect g,h time= 0.05757570266723633
	solver time=0.016601085662841797,exit status=0
niter= 29
pure_newton= False
	solver time=0.1757059097290039,exit status=0
niter= 157
hessian inversion error= 8.986431162893646e-05
	log prob= -32.18856085724594
	burn in time= 40.1480188369751
	sample time= 83.68912553787231
	contraction err= 1.961547255981741e-15 1.2422081730210927e-14
nsamples= 5638

Mean energy: -3.74805235e+01
Block size    # of blocks        Mean                Error
     1           5638       -3.74805235e+01       1.658953e-03
     2           2819       -3.74805235e+01       1.764861e-03
     5           1127       -3.74805095e+01       2.003780e-03
    10            563       -3.74804900e+01       2.147869e-03
    20            281       -3.74804912e+01       2.245139e-03
    50            112       -3.74805234e+01       2.488315e-03
    70             80       -3.74805234e+01       2.643075e-03
   100             56       -3.74805234e+01       2.515227e-03
   200             28       -3.74805234e+01       2.905861e-03
   500             11       -3.74804206e+01       3.476950e-03
Stocahstic error estimate: 2.245139e-03

	predict=-0.011109025487487344,actual=(array([-0.0288]), array([0.0022]))
	g=0.7515349139258302,del=0.07038921979434938,dot=0.022216382170008122,x=24.29979423781198

nparam= 4820
	log prob= -32.18856085724594
	burn in time= 40.12366008758545
	sample time= 50.47990608215332
	contraction err= 1.9753334011237673e-15 2.5289034295069783e-14
nsamples= 5638

Mean energy: -3.74625405e+01
Block size    # of blocks        Mean                Error
     1           5638       -3.74625405e+01       3.626541e-03
     2           2819       -3.74625405e+01       4.654703e-03
     5           1127       -3.74625190e+01       6.515462e-03
    10            563       -3.74624776e+01       6.797602e-03
    20            281       -3.74624153e+01       8.022356e-03
    50            112       -3.74629270e+01       9.053993e-03
    70             80       -3.74629270e+01       9.077129e-03
   100             56       -3.74629270e+01       9.226392e-03
   200             28       -3.74629270e+01       9.562772e-03
   500             11       -3.74632625e+01       1.034394e-02
Stocahstic error estimate: 6.797602e-03

step=29,E=-0.3746254051956809,dE=-0.00010809459199023763,err=6.797602185131812e-05,gmax=0.20868184908900123
	collect g,h time= 0.05644488334655762
	solver time=0.02023625373840332,exit status=0
niter= 35
pure_newton= False
	solver time=0.16083073616027832,exit status=0
niter= 145
hessian inversion error= 9.992592132573362e-05
	log prob= -32.153499493743965
	burn in time= 39.96459245681763
	sample time= 83.637686252594
	contraction err= 1.9617134080176216e-15 1.8305021254503192e-14
nsamples= 5638

Mean energy: -3.74818645e+01
Block size    # of blocks        Mean                Error
     1           5638       -3.74818645e+01       2.191341e-03
     2           2819       -3.74818645e+01       2.251581e-03
     5           1127       -3.74818560e+01       2.388009e-03
    10            563       -3.74818895e+01       2.507702e-03
    20            281       -3.74818885e+01       2.527431e-03
    50            112       -3.74821585e+01       2.659789e-03
    70             80       -3.74821585e+01       3.212494e-03
   100             56       -3.74821585e+01       2.890405e-03
   200             28       -3.74821585e+01       3.481387e-03
   500             11       -3.74837942e+01       2.213450e-03
Stocahstic error estimate: 2.251581e-03

	predict=-0.0078089872036090635,actual=(array([-0.0193]), array([0.0023]))
	g=0.5885804977270642,del=0.06483846375926985,dot=0.015616239062204553,x=24.299794237811984

nparam= 4820
	log prob= -32.153499493743965
	burn in time= 40.51761770248413
	sample time= 50.55141830444336
	contraction err= 1.961236465799e-15 2.4529455554072345e-14
nsamples= 5638

Mean energy: -3.74711598e+01
Block size    # of blocks        Mean                Error
     1           5638       -3.74711598e+01       3.528280e-03
     2           2819       -3.74711598e+01       4.669855e-03
     5           1127       -3.74711467e+01       6.590947e-03
    10            563       -3.74711355e+01       8.680940e-03
    20            281       -3.74710764e+01       8.764627e-03
    50            112       -3.74709571e+01       9.825980e-03
    70             80       -3.74709571e+01       1.012325e-02
   100             56       -3.74709571e+01       1.003679e-02
   200             28       -3.74709571e+01       9.827194e-03
   500             11       -3.74706581e+01       1.001134e-02
Stocahstic error estimate: 8.764627e-03

step=30,E=-0.3747115975067208,dE=-8.619231103992319e-05,err=8.764626983805352e-05,gmax=0.184197169489295
	collect g,h time= 0.05779695510864258
	solver time=0.01254892349243164,exit status=0
niter= 22
pure_newton= False
	solver time=0.14042878150939941,exit status=0
niter= 126
hessian inversion error= 8.721348406296492e-05
	log prob= -32.10720669585138
	burn in time= 39.67123770713806
	sample time= 83.64575934410095
	contraction err= 1.9372351618198413e-15 1.856988516222464e-14
nsamples= 5638

Mean energy: -3.74595579e+01
Block size    # of blocks        Mean                Error
     1           5638       -3.74595579e+01       4.528678e-03
     2           2819       -3.74595579e+01       6.150861e-03
     5           1127       -3.74595294e+01       9.451376e-03
    10            563       -3.74596144e+01       1.262834e-02
    20            281       -3.74595496e+01       1.730787e-02
    50            112       -3.74594599e+01       2.417686e-02
    70             80       -3.74594599e+01       2.716099e-02
   100             56       -3.74594599e+01       2.417619e-02
   200             28       -3.74594599e+01       2.790100e-02
   500             11       -3.74589722e+01       2.875582e-02
Stocahstic error estimate: 2.716099e-02

	predict=-0.006603080679956995,actual=(array([0.0116]), array([0.0272]))
	g=0.6061351095602566,del=0.1911962995551075,dot=0.06964234320169939,x=24.299794237811977

nparam= 4820
	log prob= -32.13187199401013
	burn in time= 40.191150188446045
	sample time= 50.447362184524536
	contraction err= 1.965292400327316e-15 2.240999029767087e-14
nsamples= 5638

Mean energy: -3.74710361e+01
Block size    # of blocks        Mean                Error
     1           5638       -3.74710361e+01       3.464066e-03
     2           2819       -3.74710361e+01       4.659244e-03
     5           1127       -3.74710243e+01       6.628156e-03
    10            563       -3.74710375e+01       6.802066e-03
    20            281       -3.74709866e+01       8.534919e-03
    50            112       -3.74710554e+01       9.181933e-03
    70             80       -3.74710554e+01       9.079338e-03
   100             56       -3.74710554e+01       9.032385e-03
   200             28       -3.74710554e+01       1.026114e-02
   500             11       -3.74706341e+01       9.433499e-03
Stocahstic error estimate: 6.802066e-03

step=31,E=-0.37471036147627773,dE=1.236030443081404e-06,err=6.802066420359611e-05,gmax=0.2953204255364148
	collect g,h time= 0.05726122856140137
	solver time=0.01722860336303711,exit status=0
niter= 30
pure_newton= False
	solver time=0.14139628410339355,exit status=0
niter= 126
hessian inversion error= 8.883978162035689e-05
	log prob= -32.09485482512465
	burn in time= 40.11385488510132
	sample time= 83.73585987091064
	contraction err= 1.9212559823726466e-15 3.5883642930038566e-14
nsamples= 5638

Mean energy: -3.74647059e+01
Block size    # of blocks        Mean                Error
     1           5638       -3.74647059e+01       4.732592e-03
     2           2819       -3.74647059e+01       6.414418e-03
     5           1127       -3.74646846e+01       9.780521e-03
    10            563       -3.74647148e+01       1.364608e-02
    20            281       -3.74646959e+01       1.728492e-02
    50            112       -3.74645848e+01       2.355542e-02
    70             80       -3.74645848e+01       2.352595e-02
   100             56       -3.74645848e+01       2.375516e-02
   200             28       -3.74645848e+01       2.387756e-02
   500             11       -3.74640952e+01       2.524316e-02
Stocahstic error estimate: 2.355542e-02

	predict=-0.006478530662352501,actual=(array([0.0063]), array([0.0236]))
	g=0.727553563143007,del=0.19999535964085335,dot=0.06734268106380291,x=24.299794237811973

nparam= 4820
	log prob= -32.11840028439013
	burn in time= 40.29030704498291
	sample time= 50.47220993041992
	contraction err= 1.9641481297023298e-15 2.129591375241821e-14
nsamples= 5638

Mean energy: -3.74753971e+01
Block size    # of blocks        Mean                Error
     1           5638       -3.74753971e+01       2.981156e-03
     2           2819       -3.74753971e+01       3.840980e-03
     5           1127       -3.74755678e+01       5.576471e-03
    10            563       -3.74756218e+01       7.628962e-03
    20            281       -3.74755720e+01       7.627662e-03
    50            112       -3.74754723e+01       8.255359e-03
    70             80       -3.74754723e+01       8.187017e-03
   100             56       -3.74754723e+01       8.436914e-03
   200             28       -3.74754723e+01       8.668177e-03
   500             11       -3.74752949e+01       9.106389e-03
Stocahstic error estimate: 7.628962e-03

step=32,E=-0.3747539707425986,dE=-4.360926632088536e-05,err=7.62896188830271e-05,gmax=0.2908285207004475
	collect g,h time= 0.058182477951049805
	solver time=0.018933534622192383,exit status=0
niter= 33
pure_newton= False
	solver time=0.14133596420288086,exit status=0
niter= 126
hessian inversion error= 9.763556727484062e-05
	log prob= -32.09488620445639
	burn in time= 40.23958492279053
	sample time= 83.69603061676025
	contraction err= 1.96590270681266e-15 1.3595388941682835e-14
nsamples= 5638

Mean energy: -3.74573808e+01
Block size    # of blocks        Mean                Error
     1           5638       -3.74573808e+01       5.244534e-03
     2           2819       -3.74573808e+01       7.126791e-03
     5           1127       -3.74573575e+01       1.092300e-02
    10            563       -3.74573176e+01       1.452604e-02
    20            281       -3.74572414e+01       1.944206e-02
    50            112       -3.74571045e+01       2.723737e-02
    70             80       -3.74571045e+01       3.105875e-02
   100             56       -3.74571045e+01       2.731343e-02
   200             28       -3.74571045e+01       3.130779e-02
   500             11       -3.74554538e+01       3.311174e-02
Stocahstic error estimate: 3.105875e-02

	predict=-0.0049083307230610934,actual=(array([0.018]), array([0.0311]))
	g=0.786960392155516,del=0.13866536134095048,dot=0.04982942769199224,x=24.29979423781198

nparam= 4820
	log prob= -32.10905974732288
	burn in time= 40.38135361671448
	sample time= 50.4867901802063
	contraction err= 1.9694733245044193e-15 1.2975458562791426e-14
nsamples= 5638

Mean energy: -3.74547344e+01
Block size    # of blocks        Mean                Error
     1           5638       -3.74547344e+01       4.971218e-03
     2           2819       -3.74547344e+01       6.532804e-03
     5           1127       -3.74547055e+01       9.204381e-03
    10            563       -3.74546608e+01       1.167712e-02
    20            281       -3.74546109e+01       1.363344e-02
    50            112       -3.74545072e+01       1.363635e-02
    70             80       -3.74545072e+01       1.404826e-02
   100             56       -3.74545072e+01       1.378165e-02
   200             28       -3.74545072e+01       1.295465e-02
   500             11       -3.74537759e+01       1.400227e-02
Stocahstic error estimate: 1.363635e-02

step=33,E=-0.3745473441078637,dE=0.00020662663473487443,err=0.0001363635440550306,gmax=0.3435112493221233
	collect g,h time= 0.05764603614807129
	solver time=0.017321348190307617,exit status=0
niter= 30
pure_newton= False
	solver time=0.14940786361694336,exit status=0
niter= 133
hessian inversion error= 9.950986180871506e-05
	log prob= -32.0452878820237
	burn in time= 40.44155693054199
	sample time= 83.72862505912781
	contraction err= 1.9365310995690715e-15 1.5468143965197703e-14
nsamples= 5638

Mean energy: -3.74569265e+01
Block size    # of blocks        Mean                Error
     1           5638       -3.74569265e+01       4.907234e-03
     2           2819       -3.74569265e+01       6.713733e-03
     5           1127       -3.74569740e+01       9.898331e-03
    10            563       -3.74569297e+01       1.346456e-02
    20            281       -3.74568577e+01       1.684051e-02
    50            112       -3.74567988e+01       2.235734e-02
    70             80       -3.74567988e+01       2.785434e-02
   100             56       -3.74567988e+01       2.222989e-02
   200             28       -3.74567988e+01       2.838019e-02
   500             11       -3.74560653e+01       2.880268e-02
Stocahstic error estimate: 2.785434e-02

	predict=-0.011831296246410612,actual=(array([-0.0022]), array([0.0279]))
	g=0.8729342324848627,del=0.05601129362647358,dot=0.02366128567723731,x=24.299794237811984

nparam= 4820
	log prob= -32.0452878820237
	burn in time= 40.431978702545166
	sample time= 50.43697762489319
	contraction err= 1.9599822358085106e-15 2.2169082498238716e-14
nsamples= 5638

Mean energy: -3.74787110e+01
Block size    # of blocks        Mean                Error
     1           5638       -3.74787110e+01       3.049000e-03
     2           2819       -3.74787110e+01       3.841185e-03
     5           1127       -3.74786995e+01       5.571397e-03
    10            563       -3.74786809e+01       7.610194e-03
    20            281       -3.74786349e+01       7.577430e-03
    50            112       -3.74787557e+01       7.626121e-03
    70             80       -3.74787557e+01       7.594463e-03
   100             56       -3.74787557e+01       7.542408e-03
   200             28       -3.74787557e+01       7.574987e-03
   500             11       -3.74783933e+01       8.285134e-03
Stocahstic error estimate: 7.610194e-03

step=34,E=-0.37478711041896823,dE=-0.0002397663111045034,err=7.610193826182634e-05,gmax=0.7594372075850861
	collect g,h time= 0.0582273006439209
	solver time=0.017708301544189453,exit status=0
niter= 31
pure_newton= False
niter= 95
	solver time=0.10676264762878418,exit status=0
hessian inversion error= 0.00012565353676024282
	log prob= -32.02203834805699
	burn in time= 39.708014726638794
	sample time= 83.65891480445862
	contraction err= 1.9831596939529162e-15 3.304693151226802e-14
nsamples= 5638

Mean energy: -3.74549604e+01
Block size    # of blocks        Mean                Error
     1           5638       -3.74549604e+01       4.542103e-03
     2           2819       -3.74549604e+01       5.959951e-03
     5           1127       -3.74549416e+01       8.770491e-03
    10            563       -3.74549075e+01       1.120284e-02
    20            281       -3.74548265e+01       1.441178e-02
    50            112       -3.74546677e+01       1.732836e-02
    70             80       -3.74546677e+01       1.986246e-02
   100             56       -3.74546677e+01       1.811533e-02
   200             28       -3.74546677e+01       2.032179e-02
   500             11       -3.74538299e+01       1.950717e-02
Stocahstic error estimate: 1.986246e-02

	predict=-0.004836373810952612,actual=(array([0.0238]), array([0.0199]))
	g=1.2586807337804036,del=0.10994919007137463,dot=0.05226032578933216,x=24.29979423781198

nparam= 4820
	log prob= -32.03722065510532
	burn in time= 40.407002687454224
	sample time= 50.48181343078613
	contraction err= 1.935431732892417e-15 2.155258160810237e-14
nsamples= 5638

Mean energy: -3.74856597e+01
Block size    # of blocks        Mean                Error
     1           5638       -3.74856597e+01       1.728644e-03
     2           2819       -3.74856597e+01       1.774571e-03
     5           1127       -3.74856539e+01       1.873395e-03
    10            563       -3.74856454e+01       1.927153e-03
    20            281       -3.74856150e+01       1.956204e-03
    50            112       -3.74857822e+01       1.934980e-03
    70             80       -3.74857822e+01       2.013501e-03
   100             56       -3.74857822e+01       2.068887e-03
   200             28       -3.74857822e+01       2.342502e-03
   500             11       -3.74862705e+01       1.786989e-03
Stocahstic error estimate: 1.774571e-03

step=35,E=-0.3748565974674755,dE=-6.948704850728404e-05,err=1.7745713648939047e-05,gmax=0.1293609106977731
	collect g,h time= 0.05772733688354492
	solver time=0.015416145324707031,exit status=0
niter= 27
pure_newton= False
	solver time=0.1289653778076172,exit status=0
niter= 114
hessian inversion error= 9.888568387312515e-05
	log prob= -32.00945345967146
	burn in time= 40.476768493652344
	sample time= 83.64242839813232
	contraction err= 1.929056828747846e-15 2.0980055311371605e-14
nsamples= 5638

Mean energy: -3.74882883e+01
Block size    # of blocks        Mean                Error
     1           5638       -3.74882883e+01       1.711338e-03
     2           2819       -3.74882883e+01       1.952284e-03
     5           1127       -3.74882859e+01       2.428469e-03
    10            563       -3.74882760e+01       2.655502e-03
    20            281       -3.74882532e+01       2.614480e-03
    50            112       -3.74882514e+01       3.315629e-03
    70             80       -3.74882514e+01       3.278411e-03
   100             56       -3.74882514e+01       3.220787e-03
   200             28       -3.74882514e+01       3.057690e-03
   500             11       -3.74881448e+01       3.427540e-03
Stocahstic error estimate: 2.655502e-03

	predict=-0.002165642090423718,actual=(array([-0.0026]), array([0.0027]))
	g=0.34565996720908,del=0.03264795098434383,dot=0.004330349631096679,x=24.29979423781198

nparam= 4820
	log prob= -32.00945345967146
	burn in time= 40.25782775878906
	sample time= 50.463502407073975
	contraction err= 1.922426263260014e-15 2.5459897262466638e-14
nsamples= 5638

Mean energy: -3.74848328e+01
Block size    # of blocks        Mean                Error
     1           5638       -3.74848328e+01       2.398521e-03
     2           2819       -3.74848328e+01       3.076522e-03
     5           1127       -3.74848221e+01       3.650444e-03
    10            563       -3.74847957e+01       4.843098e-03
    20            281       -3.74847936e+01       5.258842e-03
    50            112       -3.74848046e+01       5.229068e-03
    70             80       -3.74848046e+01       5.344407e-03
   100             56       -3.74848046e+01       5.198499e-03
   200             28       -3.74848046e+01       5.178166e-03
   500             11       -3.74845718e+01       5.059690e-03
Stocahstic error estimate: 5.258842e-03

step=36,E=-0.37484832819899355,dE=8.26926848198184e-06,err=5.2588419937627076e-05,gmax=0.18929698211681284
	collect g,h time= 0.05781388282775879
	solver time=0.016009092330932617,exit status=0
niter= 28
pure_newton= False
	solver time=0.10377907752990723,exit status=0
niter= 93
hessian inversion error= 9.857819354148831e-05
	log prob= -31.964936953718247
	burn in time= 40.09509754180908
	sample time= 83.71444606781006
	contraction err= 1.8540615640565603e-15 2.8016046192871498e-14
nsamples= 5638

Mean energy: -3.74897921e+01
Block size    # of blocks        Mean                Error
     1           5638       -3.74897921e+01       1.840693e-03
     2           2819       -3.74897921e+01       2.306117e-03
     5           1127       -3.74897859e+01       3.102718e-03
    10            563       -3.74897750e+01       3.808232e-03
    20            281       -3.74899853e+01       3.867343e-03
    50            112       -3.74899577e+01       4.319697e-03
    70             80       -3.74899577e+01       4.347658e-03
   100             56       -3.74899577e+01       4.330366e-03
   200             28       -3.74899577e+01       4.205262e-03
   500             11       -3.74900205e+01       4.586279e-03
Stocahstic error estimate: 3.867343e-03

	predict=-0.003440235095392845,actual=(array([-0.005]), array([0.0039]))
	g=0.48462760160603674,del=0.02994706305146317,dot=0.006879559855390772,x=24.299794237811984

nparam= 4820
	log prob= -31.964936953718247
	burn in time= 40.46652007102966
	sample time= 50.44665861129761
	contraction err= 1.88620175144478e-15 1.8435603607064885e-14
nsamples= 5638

Mean energy: -3.74926987e+01
Block size    # of blocks        Mean                Error
     1           5638       -3.74926987e+01       1.110408e-03
     2           2819       -3.74926987e+01       1.280969e-03
     5           1127       -3.74926904e+01       1.377349e-03
    10            563       -3.74926772e+01       1.413772e-03
    20            281       -3.74926621e+01       1.474704e-03
    50            112       -3.74926126e+01       1.595320e-03
    70             80       -3.74926126e+01       1.526791e-03
   100             56       -3.74926126e+01       1.549789e-03
   200             28       -3.74926126e+01       1.597518e-03
   500             11       -3.74926608e+01       2.123983e-03
Stocahstic error estimate: 1.413772e-03

step=37,E=-0.37492698665040547,dE=-7.865845141196814e-05,err=1.4137723443309633e-05,gmax=0.06741628997809102
	collect g,h time= 0.05784320831298828
	solver time=0.018346309661865234,exit status=0
niter= 32
pure_newton= False
	solver time=0.09536290168762207,exit status=0
niter= 85
hessian inversion error= 9.924805760003547e-05
	log prob= -31.917903999327436
	burn in time= 40.13937854766846
	sample time= 83.7013623714447
	contraction err= 1.9100007680347263e-15 1.517939276814669e-14
nsamples= 5638

Mean energy: -3.74689878e+01
Block size    # of blocks        Mean                Error
     1           5638       -3.74689878e+01       3.974098e-03
     2           2819       -3.74689878e+01       5.401119e-03
     5           1127       -3.74689698e+01       8.129415e-03
    10            563       -3.74689426e+01       1.090301e-02
    20            281       -3.74688893e+01       1.506505e-02
    50            112       -3.74687763e+01       2.012889e-02
    70             80       -3.74687763e+01       2.393142e-02
   100             56       -3.74687763e+01       2.395007e-02
   200             28       -3.74687763e+01       2.432560e-02
   500             11       -3.74682275e+01       2.506829e-02
Stocahstic error estimate: 2.395007e-02

	predict=-0.0009974342793779788,actual=(array([0.0237]), array([0.024]))
	g=0.20255302818867288,del=0.08024263081691696,dot=0.00689697171460441,x=24.29979423781198

nparam= 4820
	log prob= -31.957788606902145
	burn in time= 40.31909966468811
	sample time= 50.55015444755554
	contraction err= 1.903815055452995e-15 1.5895760011947258e-14
nsamples= 5638

Mean energy: -3.74838379e+01
Block size    # of blocks        Mean                Error
     1           5638       -3.74838379e+01       2.627123e-03
     2           2819       -3.74838379e+01       3.434736e-03
     5           1127       -3.74838297e+01       4.775696e-03
    10            563       -3.74838173e+01       5.436989e-03
    20            281       -3.74837953e+01       6.979822e-03
    50            112       -3.74837657e+01       7.106511e-03
    70             80       -3.74837657e+01       7.109657e-03
   100             56       -3.74837657e+01       7.080057e-03
   200             28       -3.74837657e+01       7.170605e-03
   500             11       -3.74835211e+01       8.186306e-03
Stocahstic error estimate: 7.106511e-03

step=38,E=-0.3748383792898058,dE=8.860736059972396e-05,err=7.10651082936729e-05,gmax=0.15452399101168718
	collect g,h time= 0.05776858329772949
	solver time=0.015949249267578125,exit status=0
niter= 28
pure_newton= False
	solver time=0.0981299877166748,exit status=0
niter= 88
hessian inversion error= 9.887780373351332e-05
	log prob= -31.926204706996504
	burn in time= 39.98804831504822
	sample time= 83.66385984420776
	contraction err= 1.920071475996911e-15 1.471926420753955e-14
nsamples= 5638

Mean energy: -3.74708053e+01
Block size    # of blocks        Mean                Error
     1           5638       -3.74708053e+01       3.447884e-03
     2           2819       -3.74708053e+01       4.720295e-03
     5           1127       -3.74709428e+01       7.241739e-03
    10            563       -3.74709160e+01       9.998110e-03
    20            281       -3.74708629e+01       1.282230e-02
    50            112       -3.74707456e+01       1.981674e-02
    70             80       -3.74707456e+01       2.032418e-02
   100             56       -3.74707456e+01       2.032501e-02
   200             28       -3.74707456e+01       2.053801e-02
   500             11       -3.74703041e+01       2.109347e-02
Stocahstic error estimate: 2.032418e-02

	predict=-0.0037121965902058656,actual=(array([0.013]), array([0.0203]))
	g=0.37197268710655446,del=0.1453709215932569,dot=0.038813947869978285,x=24.299794237811984

nparam= 4820
	log prob= -31.944287291516982
	burn in time= 40.458003282547
	sample time= 50.43185877799988
	contraction err= 1.9260329100610268e-15 2.279171257070919e-14
nsamples= 5638

Mean energy: -3.74900085e+01
Block size    # of blocks        Mean                Error
     1           5638       -3.74900085e+01       1.476140e-03
     2           2819       -3.74900085e+01       1.547013e-03
     5           1127       -3.74900021e+01       1.669741e-03
    10            563       -3.74899921e+01       1.728530e-03
    20            281       -3.74899857e+01       1.824861e-03
    50            112       -3.74899718e+01       1.754342e-03
    70             80       -3.74899718e+01       1.807980e-03
   100             56       -3.74899718e+01       1.649289e-03
   200             28       -3.74899718e+01       1.693842e-03
   500             11       -3.74899978e+01       1.725885e-03
Stocahstic error estimate: 1.547013e-03

step=39,E=-0.3749000852290936,dE=-6.170593928786161e-05,err=1.5470128499645097e-05,gmax=0.0996784009947147
	collect g,h time= 0.057779788970947266
	solver time=0.01620650291442871,exit status=0
niter= 28
pure_newton= False
niter= 89
	solver time=0.09990811347961426,exit status=0
hessian inversion error= 9.787582489041304e-05
	log prob= -31.907071581972744
	burn in time= 39.88757061958313
	sample time= 83.60095596313477
	contraction err= 1.928224582641268e-15 2.0194469855476864e-14
nsamples= 5638

Mean energy: -3.74797073e+01
Block size    # of blocks        Mean                Error
     1           5638       -3.74797073e+01       2.619738e-03
     2           2819       -3.74797073e+01       3.316537e-03
     5           1127       -3.74796977e+01       4.850676e-03
    10            563       -3.74796709e+01       6.298791e-03
    20            281       -3.74796316e+01       8.491233e-03
    50            112       -3.74795540e+01       1.308058e-02
    70             80       -3.74795540e+01       9.855432e-03
   100             56       -3.74795540e+01       1.308300e-02
   200             28       -3.74795540e+01       1.313594e-02
   500             11       -3.74792327e+01       1.402843e-02
Stocahstic error estimate: 1.308058e-02

	predict=-0.0016318261077246702,actual=(array([0.0103]), array([0.0131]))
	g=0.31366573828056465,del=0.07284590669326256,dot=0.012224142590564327,x=24.299794237811984
