SIZE= 420
Lx,Ly= 8 8
D= 8
rate= 0.01 0.5
cond= 0.001 0.001
nparams= 320000
	burn in time= 51.09619927406311
	sample time= 664.2490952014923
	contraction err= 1.475114026951096e-21 5.204170427930421e-18

Mean energy: -3.08769204e+01
Block size    # of blocks        Mean                Error
     1           60000       -3.08769204e+01       8.956239e-04
     2           30000       -3.08769204e+01       8.918749e-04
     5           12000       -3.08769204e+01       8.857061e-04
    10           6000       -3.08769204e+01       8.811375e-04
    20           3000       -3.08769204e+01       8.806725e-04
    50           1200       -3.08769204e+01       8.776891e-04
    70            857       -3.08769094e+01       8.813291e-04
   100            600       -3.08769204e+01       8.842667e-04
   200            300       -3.08769204e+01       8.616645e-04
   500            120       -3.08769204e+01       8.566688e-04
0 0.0008956239324656218 0.0008566688089916015
Stocahstic error estimate: 8.956239e-04

step=35,E=-0.4824518814644426,dE=-0.4824518814644426,err=1.399412394477534e-05
	collect data time= 3.7867588996887207
	solver time=16.530874252319336,exit status=0
niter= 46
	g=0.17858636525028473,del=1.4917498984037005,dot=0.0306357216931755,x=21.86318831514512
	burn in time= 50.655969858169556
	sample time= 664.5043413639069
	contraction err= 1.3031834355178277e-21 4.9873299934333204e-18

Mean energy: -3.08761155e+01
Block size    # of blocks        Mean                Error
     1           60000       -3.08761155e+01       9.169208e-04
     2           30000       -3.08761155e+01       9.172697e-04
     5           12000       -3.08761155e+01       9.160985e-04
    10           6000       -3.08761155e+01       9.111618e-04
    20           3000       -3.08761155e+01       9.091934e-04
    50           1200       -3.08761155e+01       9.324568e-04
    70            857       -3.08761148e+01       9.283495e-04
   100            600       -3.08761155e+01       9.246323e-04
   200            300       -3.08761155e+01       9.075220e-04
   500            120       -3.08761155e+01       9.557335e-04
0 0.0009172697469326173 0.0009557335225868829
Stocahstic error estimate: 9.172697e-04

step=36,E=-0.4824393041752089,dE=1.2577289233706157e-05,err=1.4332339795822145e-05
	collect data time= 8.60999321937561
	solver time=16.342817544937134,exit status=0
niter= 47
	g=0.1803914067222866,del=1.4770054343649281,dot=0.031386187767353496,x=21.865164235366166
	burn in time= 49.79346966743469
	sample time= 661.3860311508179
	contraction err= 1.1435494084595673e-21 5.637851296924623e-18

Mean energy: -3.08791091e+01
Block size    # of blocks        Mean                Error
     1           60000       -3.08791091e+01       8.840746e-04
     2           30000       -3.08791091e+01       8.876596e-04
     5           12000       -3.08791091e+01       8.824352e-04
    10           6000       -3.08791091e+01       8.824181e-04
    20           3000       -3.08791091e+01       8.822168e-04
    50           1200       -3.08791091e+01       8.886930e-04
    70            857       -3.08791022e+01       8.589159e-04
   100            600       -3.08791091e+01       8.802355e-04
   200            300       -3.08791091e+01       8.800721e-04
   500            120       -3.08791091e+01       9.564133e-04
0 0.000887659584546217 0.000956413302250285
Stocahstic error estimate: 8.876596e-04

step=37,E=-0.4824860795854766,dE=-4.6775410267707596e-05,err=1.3869681008534641e-05
	collect data time= 12.54798150062561
	solver time=16.217949390411377,exit status=0
niter= 47
	g=0.1808103470422778,del=1.4636485433601623,dot=0.029411828476039736,x=21.867205731107003
	burn in time= 51.935367822647095
	sample time= 657.3917925357819
	contraction err= 2.8957800184013385e-21 2.949029909160572e-17

Mean energy: -3.08757174e+01
Block size    # of blocks        Mean                Error
     1           60000       -3.08757174e+01       9.408939e-04
     2           30000       -3.08757174e+01       9.428991e-04
     5           12000       -3.08757174e+01       9.534414e-04
    10           6000       -3.08757174e+01       9.546062e-04
    20           3000       -3.08757174e+01       9.531869e-04
    50           1200       -3.08757174e+01       9.668755e-04
    70            857       -3.08756885e+01       9.556927e-04
   100            600       -3.08757174e+01       9.757910e-04
   200            300       -3.08757174e+01       9.496157e-04
   500            120       -3.08757174e+01       8.802291e-04
0 0.0009428990653247058 0.0008802290889999902
Stocahstic error estimate: 9.428991e-04

step=38,E=-0.48243308446442007,dE=5.2995121056553796e-05,err=1.4732797895698528e-05
	collect data time= 17.34227418899536
niter= 46
	solver time=16.019482374191284,exit status=0
	g=0.18202602086885789,del=1.4783921890487062,dot=0.03448691613022612,x=21.869293881589353
	burn in time= 50.7250657081604
	sample time= 652.612958908081
	contraction err= 1.6563507506282797e-21 3.9898639947466563e-17

Mean energy: -3.08792269e+01
Block size    # of blocks        Mean                Error
     1           60000       -3.08792269e+01       1.001055e-03
     2           30000       -3.08792269e+01       9.983299e-04
     5           12000       -3.08792269e+01       1.002222e-03
    10           6000       -3.08792269e+01       1.006071e-03
    20           3000       -3.08792269e+01       9.985125e-04
    50           1200       -3.08792269e+01       1.011148e-03
    70            857       -3.08792338e+01       1.016926e-03
   100            600       -3.08792269e+01       1.018801e-03
   200            300       -3.08792269e+01       1.043441e-03
   500            120       -3.08792269e+01       1.006385e-03
0 0.0010010547766553157 0.0010063853404072673
Stocahstic error estimate: 1.001055e-03

step=39,E=-0.48248792104779636,dE=-5.483658337629427e-05,err=1.5641480885239308e-05
	collect data time= 21.30629801750183
	solver time=16.602192163467407,exit status=0
niter= 47
	g=0.23866872634890354,del=1.449857941782606,dot=0.041791417753822446,x=21.8712690983273
	burn in time= 51.51556181907654
	sample time= 648.1176874637604
	contraction err= 2.127127592777714e-21 1.3877787807814457e-17

Mean energy: -3.08803185e+01
Block size    # of blocks        Mean                Error
     1           60000       -3.08803185e+01       9.408013e-04
     2           30000       -3.08803185e+01       9.428152e-04
     5           12000       -3.08803185e+01       9.415653e-04
    10           6000       -3.08803185e+01       9.399352e-04
    20           3000       -3.08803185e+01       9.418573e-04
    50           1200       -3.08803185e+01       9.409035e-04
    70            857       -3.08803328e+01       9.111044e-04
   100            600       -3.08803185e+01       9.643627e-04
   200            300       -3.08803185e+01       9.676034e-04
   500            120       -3.08803185e+01       9.710857e-04
0 0.0009428151571269727 0.0009710856944746076
Stocahstic error estimate: 9.428152e-04

step=40,E=-0.48250497613954046,dE=-1.705509174410036e-05,err=1.4731486830108949e-05
	collect data time= 25.86202597618103
	solver time=17.095725297927856,exit status=0
niter= 47
	g=0.1850711130888989,del=1.4698090651738471,dot=0.03531494481873641,x=21.873457163820547
	burn in time= 50.30365777015686
	sample time= 643.7305207252502
	contraction err= 1.7837717992261935e-21 7.37257477290143e-18

Mean energy: -3.08776912e+01
Block size    # of blocks        Mean                Error
     1           60000       -3.08776912e+01       9.697528e-04
     2           30000       -3.08776912e+01       9.728599e-04
     5           12000       -3.08776912e+01       9.668522e-04
    10           6000       -3.08776912e+01       9.738761e-04
    20           3000       -3.08776912e+01       9.773731e-04
    50           1200       -3.08776912e+01       9.870287e-04
    70            857       -3.08776860e+01       9.785364e-04
   100            600       -3.08776912e+01       9.918880e-04
   200            300       -3.08776912e+01       1.000072e-03
   500            120       -3.08776912e+01       1.068712e-03
0 0.000972859877652432 0.0010687124126299251
Stocahstic error estimate: 9.728599e-04

step=41,E=-0.4824639249641514,dE=4.105117538905079e-05,err=1.520093558831925e-05
	collect data time= 30.7169828414917
	solver time=16.499340057373047,exit status=0
	g=0.23410282843243813,del=1.430921885915229,dot=0.037708353566093186,x=21.8753655937762
niter= 46
	burn in time= 49.44074320793152
	sample time= 638.9378969669342
	contraction err= 1.0119552866127e-21 2.3852447794681098e-18

Mean energy: -3.08812433e+01
Block size    # of blocks        Mean                Error
     1           60000       -3.08812433e+01       1.062250e-03
     2           30000       -3.08812433e+01       1.062410e-03
     5           12000       -3.08812433e+01       1.073229e-03
    10           6000       -3.08812433e+01       1.068216e-03
    20           3000       -3.08812433e+01       1.058616e-03
    50           1200       -3.08812433e+01       1.059070e-03
    70            857       -3.08812448e+01       1.048334e-03
   100            600       -3.08812433e+01       1.057531e-03
   200            300       -3.08812433e+01       1.079584e-03
   500            120       -3.08812433e+01       1.009509e-03
0 0.001062410005298953 0.0010095088756960878
Stocahstic error estimate: 1.062410e-03

step=42,E=-0.4825194262691787,dE=-5.5501305027294556e-05,err=1.6600156332796142e-05
	collect data time= 34.834983110427856
	solver time=16.82737970352173,exit status=0
niter= 47
	g=0.20978497832781712,del=1.4855811704660182,dot=0.04947112973841121,x=21.877268197744815
	burn in time= 49.02896428108215
	sample time= 634.7187178134918
	contraction err= 2.112059440239285e-21 6.938893903907228e-18

Mean energy: -3.08812402e+01
Block size    # of blocks        Mean                Error
     1           60000       -3.08812402e+01       8.791486e-04
     2           30000       -3.08812402e+01       8.810431e-04
     5           12000       -3.08812402e+01       8.906787e-04
    10           6000       -3.08812402e+01       8.947848e-04
    20           3000       -3.08812402e+01       9.014135e-04
    50           1200       -3.08812402e+01       9.182639e-04
    70            857       -3.08812427e+01       9.171482e-04
   100            600       -3.08812402e+01       9.187223e-04
   200            300       -3.08812402e+01       8.943780e-04
   500            120       -3.08812402e+01       8.423832e-04
0 0.0008810431224146747 0.0008423831557208046
Stocahstic error estimate: 8.810431e-04

step=43,E=-0.4825193775178415,dE=4.8751337189401056e-08,err=1.3766298787729293e-05
	collect data time= 38.875322580337524
niter= 41
	solver time=14.403789281845093,exit status=0
	g=0.39199280438844436,del=1.1876733329795486,dot=0.046180842871777185,x=21.878860016741566
	burn in time= 53.77869391441345
	sample time= 630.4020297527313
	contraction err= 2.426812300299159e-21 4.336808689942018e-17

Mean energy: -3.08799388e+01
Block size    # of blocks        Mean                Error
     1           60000       -3.08799388e+01       1.079413e-03
     2           30000       -3.08799388e+01       1.077104e-03
     5           12000       -3.08799388e+01       1.076416e-03
    10           6000       -3.08799388e+01       1.068839e-03
    20           3000       -3.08799388e+01       1.075714e-03
    50           1200       -3.08799388e+01       1.103886e-03
    70            857       -3.08799363e+01       1.083728e-03
   100            600       -3.08799388e+01       1.089568e-03
   200            300       -3.08799388e+01       1.078517e-03
   500            120       -3.08799388e+01       1.101639e-03
0 0.0010794134910443315 0.001101639025359295
Stocahstic error estimate: 1.079413e-03

step=44,E=-0.4824990443885515,dE=2.0333129290006635e-05,err=1.686583579756768e-05
	collect data time= 43.42091155052185
	solver time=16.954994916915894,exit status=0
	g=0.17564861330206255,del=1.4742889177756842,dot=0.03321591741989752,x=21.88090270169841
niter= 47
	burn in time= 50.98083758354187
	sample time= 625.7776265144348
	contraction err= 1.1868421858589754e-21 4.7704895589362195e-18

Mean energy: -3.08804134e+01
Block size    # of blocks        Mean                Error
     1           60000       -3.08804134e+01       8.920590e-04
     2           30000       -3.08804134e+01       8.879518e-04
     5           12000       -3.08804134e+01       8.861947e-04
    10           6000       -3.08804134e+01       8.849192e-04
    20           3000       -3.08804134e+01       8.933223e-04
    50           1200       -3.08804134e+01       9.133599e-04
    70            857       -3.08804075e+01       9.085550e-04
   100            600       -3.08804134e+01       9.057795e-04
   200            300       -3.08804134e+01       8.681244e-04
   500            120       -3.08804134e+01       8.761271e-04
0 0.000892058958296714 0.0008761270749804074
Stocahstic error estimate: 8.920590e-04

step=45,E=-0.4825064586393412,dE=-7.414250789705701e-06,err=1.3938421223386157e-05
	collect data time= 48.34837293624878
	solver time=16.557252883911133,exit status=0
niter= 47
	g=0.17282825435144678,del=1.4831818193297115,dot=0.02960581129831204,x=21.883027896921945
	burn in time= 49.10104751586914
	sample time= 621.0100984573364
	contraction err= 1.472513190195755e-21 1.214306433183765e-17

Mean energy: -3.08834369e+01
Block size    # of blocks        Mean                Error
     1           60000       -3.08834369e+01       2.085241e-03
     2           30000       -3.08834369e+01       2.085715e-03
     5           12000       -3.08834369e+01       2.085125e-03
    10           6000       -3.08834369e+01       2.092650e-03
    20           3000       -3.08834369e+01       2.096491e-03
    50           1200       -3.08834369e+01       2.100145e-03
    70            857       -3.08834193e+01       2.094842e-03
   100            600       -3.08834369e+01       2.122104e-03
   200            300       -3.08834369e+01       2.135120e-03
   500            120       -3.08834369e+01       2.233009e-03
0 0.002085715186414369 0.002233008661977922
Stocahstic error estimate: 2.085715e-03

step=46,E=-0.4825537012584053,dE=-4.724261906408067e-05,err=3.2589299787724514e-05
	collect data time= 52.81114339828491
	solver time=3.876347303390503,exit status=0
niter= 12
	g=11.883011250026781,del=0.2333457776003915,dot=0.23041380038300902,x=21.883271903247568
	burn in time= 49.49351668357849
	sample time= 616.3947050571442
	contraction err= 1.2278092323106243e-21 5.204170427930421e-18

Mean energy: -3.08823944e+01
Block size    # of blocks        Mean                Error
     1           60000       -3.08823944e+01       1.122282e-03
     2           30000       -3.08823944e+01       1.120979e-03
     5           12000       -3.08823944e+01       1.123033e-03
    10           6000       -3.08823944e+01       1.132648e-03
    20           3000       -3.08823944e+01       1.134624e-03
    50           1200       -3.08823944e+01       1.097623e-03
    70            857       -3.08824034e+01       1.100723e-03
   100            600       -3.08823944e+01       1.110141e-03
   200            300       -3.08823944e+01       1.091935e-03
   500            120       -3.08823944e+01       1.016722e-03
0 0.001122282261937576 0.001016722166028534
Stocahstic error estimate: 1.122282e-03

step=47,E=-0.48253741310381393,dE=1.6288154591370674e-05,err=1.7535660342774626e-05
	collect data time= 56.70532774925232
	solver time=15.440117597579956,exit status=0
niter= 47
	g=0.23871263337740167,del=1.510889392495669,dot=0.05694077609052592,x=21.885134429957372
	burn in time= 52.66809272766113
	sample time= 612.525887966156
	contraction err= 2.75618352853914e-21 2.42861286636753e-17

Mean energy: -3.08809746e+01
Block size    # of blocks        Mean                Error
     1           60000       -3.08809746e+01       8.796402e-04
     2           30000       -3.08809746e+01       8.785220e-04
     5           12000       -3.08809746e+01       8.773893e-04
    10           6000       -3.08809746e+01       8.745624e-04
    20           3000       -3.08809746e+01       8.658482e-04
    50           1200       -3.08809746e+01       8.655513e-04
    70            857       -3.08809817e+01       8.684971e-04
   100            600       -3.08809746e+01       8.983138e-04
   200            300       -3.08809746e+01       9.034413e-04
   500            120       -3.08809746e+01       8.831673e-04
0 0.0008796401591335711 0.0008831672974652417
Stocahstic error estimate: 8.796402e-04

step=48,E=-0.48251522750355236,dE=2.218560026157057e-05,err=1.3744377486462049e-05
	collect data time= 62.05892038345337
	solver time=15.751551628112793,exit status=0
	g=0.16910700165641898,del=1.4887545555988284,dot=0.028010414174494735,x=21.887105100708432
niter= 47
	burn in time= 50.8477623462677
	sample time= 607.6158397197723
	contraction err= 1.77157861701658e-21 1.0408340855860843e-17

Mean energy: -3.08809556e+01
Block size    # of blocks        Mean                Error
     1           60000       -3.08809556e+01       8.889577e-04
     2           30000       -3.08809556e+01       8.922049e-04
     5           12000       -3.08809556e+01       8.837115e-04
    10           6000       -3.08809556e+01       8.800193e-04
    20           3000       -3.08809556e+01       8.810479e-04
    50           1200       -3.08809556e+01       8.717831e-04
    70            857       -3.08809600e+01       8.726578e-04
   100            600       -3.08809556e+01       8.765075e-04
   200            300       -3.08809556e+01       9.128127e-04
   500            120       -3.08809556e+01       9.734696e-04
0 0.0008922049119117336 0.0009734696080257068
Stocahstic error estimate: 8.922049e-04

step=49,E=-0.4825149312342732,dE=2.9626927916526213e-07,err=1.3940701748620837e-05
	collect data time= 65.7335638999939
	solver time=14.897888660430908,exit status=0
	g=0.17403215832406949,del=1.449683564422704,dot=0.02975161638347188,x=21.888960785777375
niter= 46
[0m[0m[0m[0m[0m[0m[0m[0m[0m[0m[0m[0m[0m[0m[0m[0m[0m[0m[0m[0m[0m[0m[0m[0m[0m[0m[0m[0m[0m[0m[0m[0m[0m[0m[0m[0m[0m[0m[0m[0m[0m[0m[0m[0m[0m[0m[0m[0m[0m[0m[0m[0m[0m[0m[0m[0m[0m[0m[0m[0m[0m[0m[0m[0m[0m[0m[0m[0m[0m[0m[0m[0m[0m[0m[0m[0m[0m[0m[0m[0m[0m[0m[0m[0m[0m[0m[0m[0m[0m[0m[0m[0m[0m[0m[0m[0m[0m[0m[0m[0m[0m[0m[0m[0m[0m[0m[0m[0m[0m[0m[0m[0m[0m[0m[0m[0m[0m[0m[0m[0m[0m[0m[0m[0m[0m[0m[0m[0m[0m[0m[0m[0m[0m[0m[0m[0m[0m[0m[0m[0m[0m[0m[0m[0m[0m[0m[0m[0m[0m[0m[0m[0m[0m[0m[0m[0m[0m[0m[0m[0m[0m[0m[0m[0m[0m[0m[0m[0m[0m[0m[0m[0m[0m[0m[0m[0m[0m[0m[0m[0m[0m[0m[0m[0m[0m[0m[0m[0m[0m[0m[0m[0m[0m[0m[0m[0m[0m[0m[0m[0m[0m[0m[0m[0m[0m[0m[0m[0m[0m[0m[0m[0m[0m[0m[0m[0m[0m[0m[0m[0m[0m[0m[0m[0m[0m[0m[0m[0m[0m[0m[0m[0m[0m[0m[0m[0m[0m[0m[0m[0m[0m[0m[0m[0m[0m[0m[0m[0m[0m[0m[0m[0m[0m[0m[0m[0m[0m[0m[0m[0m[0m[0m[0m[0m[0m[0m[0m[0m[0m[0m[0m[0m[0m[0m[0m[0m[0m[0m[0m[0m[0m[0m[0m[0m[0m[0m[0m[0m[0m[0m[0m[0m[0m[0m[0m[0m[0m[0m[0m[0m[0m[0m[0m[0m[0m[0m[0m[0m[0m[0m[0m[0m[0m[0m[0m[0m[0m[0m[0m[0m[0m[0m[0m[0m[0m[0m[0m[0m[0m[0m[0m[0m[0m[0m[0m[0m[0m[0m[0m[0m[0m[0m[0m[0m[0m[0m[0m[0m[0m[0m[0m[0m[0m[0m[0m[0m[0m[0m[0m[0m[0m[0m[0m[0m[0m[0m[0m[0m[0m[0m[0m[0m[0m[0m[0m[0m[0m[0m[0m[0m[0m[0m[0m[0m[0m[0m[0m[0m[0m[0m[0m[0m[0m[0m[0m[0m[0m[0m[0m[0m[0m[0m[0m[0m[0m[0m[0m[0m[0m[0m[0m[0m[0m[0m[0m[0m[0m[0m[0m[0m