[(0, 0), (0, 1), (1, 0), (1, 1)]
[(0, 2), (0, 3), (1, 2), (1, 3)]
[(2, 0), (2, 1), (3, 0), (3, 1)]
[(2, 2), (2, 3), (3, 2), (3, 3)]
block_dict= [(0, 288)]
sizes= [288]
nbatch= 1
SIZE= 401
Lx,Ly= 4 4
D= 2
rate= 0.1 0.5
cond= 0.001 0.001
nparams= 288
	dense amplitude time= 1.5219285488128662
	nsamples per process= 33
	sample time= 6.901765584945679
	contraction err= 8.034345994344378e-19 7.941734904703277e-17
step=0,E=-0.44483269174686224,dE=-0.44483269174686224,err=0.0,gmax=0.038192759412830846
	collect data time= 0.09213519096374512
ix=0,eigval=(-3.0684456243480988e-15+0j)
	RGN solver time=0.1367170810699463,least eigenvalue=-3.0684456243480988e-15
	solver time=2.0457732677459717,exit status=0
niter= 27
	dense amplitude time= 0.20153093338012695
	nsamples per process= 33
	sample time= 2.0910651683807373
	contraction err= 1.5005935052467542e-18 6.060048217493244e-17
	predict=-0.13837471867708234,actual=(-0.0038070433829080486, 0.0)
	g=0.20809502337787883,del=5.015152907890192,dot=0.25159767866456806,x=5.65926631107716
	dense amplitude time= 0.20569944381713867
	nsamples per process= 33
	sample time= 6.20355486869812
	contraction err= 1.4539620100857766e-18 1.2610848005362447e-16
step=1,E=-0.445070631958294,dE=-0.00023794021143175303,err=0.0,gmax=0.06624663645103734
	collect data time= 0.08853435516357422
ix=0,eigval=(-3.2438573522057086e-15+0j)
	RGN solver time=0.021445274353027344,least eigenvalue=-3.2438573522057086e-15
	solver time=0.03150153160095215,exit status=0
niter= 25
	dense amplitude time= 0.2246999740600586
	nsamples per process= 33
	sample time= 2.102496385574341
	contraction err= 2.0066812490829914e-18 8.304002968196608e-17
	predict=-0.16085894988012422,actual=(-0.2207981331969604, 0.0)
	g=0.4394882257288536,del=0.9441085750485378,dot=0.3208265587587653,x=5.678919829515885
	dense amplitude time= 0.19979619979858398
	nsamples per process= 33
	sample time= 6.2209084033966064
	contraction err= 1.9111108999610074e-18 1.0903687303810473e-16
step=2,E=-0.4588705152831043,dE=-0.013799883324810303,err=0.0,gmax=0.02914850830937543
	collect data time= 0.08623194694519043
ix=0,eigval=(-5.399115252215621e-15+0j)
	RGN solver time=0.02182149887084961,least eigenvalue=-5.399115252215621e-15
	solver time=0.07509660720825195,exit status=0
niter= 25
	dense amplitude time= 0.24498867988586426
	nsamples per process= 33
	sample time= 2.1116013526916504
	contraction err= 2.3916140921264858e-18 1.6300171199225936e-16
	predict=-0.043499347887160075,actual=(-0.06080642588740659, 0.0)
	g=0.1898309290360933,del=0.7552713407057343,dot=0.08642826097622563,x=5.6914619501131956
	dense amplitude time= 0.1997225284576416
	nsamples per process= 33
	sample time= 6.234290361404419
	contraction err= 2.391696580105354e-18 3.2695371516567414e-16
step=3,E=-0.4626709169010672,dE=-0.003800401617962912,err=0.0,gmax=0.014681178542416018
	collect data time= 0.08814597129821777
ix=0,eigval=(-1.724506698576117e-14+0j)
	RGN solver time=0.02077484130859375,least eigenvalue=-1.724506698576117e-14
niter= 27
	solver time=0.03257870674133301,exit status=0
	dense amplitude time= 0.24638032913208008
	nsamples per process= 33
	sample time= 2.114428997039795
	contraction err= 2.524899966311027e-18 1.4355816736593658e-16
	predict=-0.011788770442270596,actual=(-0.017482535560267465, 0.0)
	g=0.08921254716440978,del=0.5562064329662488,dot=0.023268175288462818,x=5.698252410044432
	dense amplitude time= 0.19858551025390625
	nsamples per process= 33
	sample time= 6.234873056411743
	contraction err= 2.5151502640491616e-18 1.4355816736593658e-16
step=4,E=-0.46376357537358404,dE=-0.0010926584725168276,err=0.0,gmax=0.008433958702879663
	collect data time= 0.09223127365112305
ix=0,eigval=(-1.4766791552586976e-15+0j)
	RGN solver time=0.02106308937072754,least eigenvalue=-1.4766791552586976e-15
	solver time=0.04483199119567871,exit status=0
niter= 34
	dense amplitude time= 0.24744558334350586
	nsamples per process= 33
	sample time= 2.1143014430999756
	contraction err= 2.4000853755797508e-18 2.868940466904206e-16
	predict=-0.004686774148981523,actual=(-0.008913493320607202, 0.0)
	g=0.04554694400950509,del=0.9788927824520114,dot=0.00841531721842499,x=5.719234065739193
	dense amplitude time= 0.20038366317749023
	nsamples per process= 33
	sample time= 6.2552618980407715
	contraction err= 2.4122393082921943e-18 1.1456078679408012e-16
step=5,E=-0.46432066870612226,dE=-0.0005570933325382277,err=0.0,gmax=0.006452115248584689
	collect data time= 0.0893406867980957
ix=0,eigval=(-8.123809929726134e-15+0j)
	RGN solver time=0.020685434341430664,least eigenvalue=-8.123809929726134e-15
	solver time=0.06492900848388672,exit status=0
niter= 32
	dense amplitude time= 0.2443091869354248
	nsamples per process= 33
	sample time= 2.117785930633545
	contraction err= 2.0506547002692417e-18 2.0186833912698183e-16
	predict=-0.006029195519362901,actual=(-0.010695376627040787, 0.0)
	g=0.026916973119040042,del=1.309107462738209,dot=0.010344628689715004,x=5.75656832548263
	dense amplitude time= 0.19957995414733887
	nsamples per process= 33
	sample time= 6.24437141418457
	contraction err= 2.0386812400151438e-18 2.0277872454963346e-16
step=6,E=-0.4649891297453121,dE=-0.0006684610391898271,err=0.0,gmax=0.005674948412438985
	collect data time= 0.07895302772521973
ix=0,eigval=(-1.0722043390265622e-15+1.3848840137209422e-16j)
	RGN solver time=0.021492719650268555,least eigenvalue=-1.0722043390265622e-15
niter= 35
	solver time=0.044744014739990234,exit status=0
	dense amplitude time= 0.2362217903137207
	nsamples per process= 33
	sample time= 2.086390972137451
	contraction err= 1.877693677864071e-18 2.2306191195016727e-16
	predict=-0.003040440953623354,actual=(-0.004839756859042588, 0.0)
	g=0.02392734857791916,del=0.6144173273544514,dot=0.005703373255092915,x=5.764759843210535
	dense amplitude time= 0.20074057579040527
	nsamples per process= 33
	sample time= 6.173331260681152
	contraction err= 1.831774250753368e-18 9.724054982941296e-17
step=7,E=-0.46529161454900225,dE=-0.00030248480369016173,err=0.0,gmax=0.003350209191324227
	collect data time= 0.07024431228637695
ix=0,eigval=(-1.6556248128406398e-15+0j)
	RGN solver time=0.021756410598754883,least eigenvalue=-1.6556248128406398e-15
	solver time=0.04608654975891113,exit status=0
niter= 37
	dense amplitude time= 0.24705290794372559
	nsamples per process= 33
	sample time= 2.086198568344116
	contraction err= 1.7517754168187408e-18 1.7179201112224275e-16
	predict=-0.0014655917950395182,actual=(-0.0023572412724544023, 0.0)
	g=0.015979685497806626,del=0.4742032705961536,dot=0.002706314848234577,x=5.76963371761795
	dense amplitude time= 0.2314009666442871
	nsamples per process= 33
	sample time= 6.168446779251099
	contraction err= 1.7591821626055586e-18 1.7179201112224243e-16
step=8,E=-0.4654389421285306,dE=-0.00014732757952834463,err=0.0,gmax=0.001890019158047762
	collect data time= 0.0714726448059082
ix=0,eigval=(-1.4699792153010664e-15+4.403003615513837e-16j)
	RGN solver time=0.021234750747680664,least eigenvalue=-1.4699792153010664e-15
	solver time=0.044484615325927734,exit status=0
niter= 38
	dense amplitude time= 0.24326586723327637
	nsamples per process= 33
	sample time= 2.1474146842956543
	contraction err= 1.6745379880299294e-18 1.4590292301015547e-16
	predict=-0.0008511555011213221,actual=(-0.001371726975645693, 0.0)
	g=0.010904786446706203,del=0.42303757717774004,dot=0.0015233502105379696,x=5.773509628766443
	dense amplitude time= 0.19962835311889648
	nsamples per process= 33
	sample time= 6.283698320388794
	contraction err= 1.611904599017133e-18 7.985538519661756e-17
step=9,E=-0.46552467506450856,dE=-8.573293597796683e-05,err=0.0,gmax=0.0012718515561286892
	collect data time= 0.0937051773071289
ix=0,eigval=(-1.3497219299177733e-15+0j)
	RGN solver time=0.022080421447753906,least eigenvalue=-1.3497219299177733e-15
	solver time=0.04352998733520508,exit status=0
niter= 37
	dense amplitude time= 0.2462449073791504
	nsamples per process= 33
	sample time= 2.148900032043457
	contraction err= 1.5247852355674705e-18 1.164126025663872e-16
	predict=-0.0005855990181653337,actual=(-0.0009289401876850789, 0.0)
	g=0.007966613539891735,del=0.4104578947992674,dot=0.0010027223529273923,x=5.777156078482797
	dense amplitude time= 0.20182085037231445
	nsamples per process= 33
	sample time= 6.18113112449646
	contraction err= 1.5248704009674114e-18 1.1641260256638706e-16
step=10,E=-0.46558273382623894,dE=-5.805876173037294e-05,err=0.0,gmax=0.0009147771391795345
	collect data time= 0.07102775573730469
ix=0,eigval=(-1.5389854535867488e-15+2.9430760724697704e-16j)
	RGN solver time=0.021834850311279297,least eigenvalue=-1.5389854535867488e-15
	solver time=0.047119140625,exit status=0
niter= 36
	dense amplitude time= 0.23553776741027832
	nsamples per process= 33
	sample time= 2.123274326324463
	contraction err= 1.4279495921094693e-18 7.883976700580864e-17
	predict=-0.00046291312665148256,actual=(-0.0007152038731543797, 0.0)
	g=0.006261108205317424,del=0.4132399836341596,dot=0.0007550589692287416,x=5.780849779874499
	dense amplitude time= 0.20026659965515137
	nsamples per process= 33
	sample time= 6.284373998641968
	contraction err= 1.4053174525758747e-18 7.584712650749654e-17
step=11,E=-0.4656274340683112,dE=-4.4700242072259755e-05,err=0.0,gmax=0.0008249403471992101
	collect data time= 0.08868527412414551
ix=0,eigval=(-2.049501359621646e-14+0j)
	RGN solver time=0.02204298973083496,least eigenvalue=-2.049501359621646e-14
niter= 35
	solver time=0.08191323280334473,exit status=0
	dense amplitude time= 0.2503085136413574
	nsamples per process= 33
	sample time= 2.1223082542419434
	contraction err= 1.3151485070642508e-18 6.650001403765756e-17
	predict=-0.0003977746537305789,actual=(-0.0005972777363503212, 0.0)
	g=0.0052875570253771275,del=0.4123365349939044,dot=0.0006255278893668934,x=5.7845250048684935
	dense amplitude time= 0.20039749145507812
	nsamples per process= 33
	sample time= 6.28206729888916
	contraction err= 1.2903625664537608e-18 7.959420322512278e-17
step=12,E=-0.4656647639268331,dE=-3.7329858521895076e-05,err=0.0,gmax=0.0008516185137088517
	collect data time= 0.08743715286254883
ix=0,eigval=(-1.4963464206584139e-15+0j)
	RGN solver time=0.021614789962768555,least eigenvalue=-1.4963464206584139e-15
niter= 34
	solver time=0.041268110275268555,exit status=0
	dense amplitude time= 0.2471470832824707
	nsamples per process= 33
	sample time= 2.121723175048828
	contraction err= 1.2338833931390123e-18 6.744188570984892e-17
	predict=-0.00034442500201074225,actual=(-0.0005042713049006053, 0.0)
	g=0.004730998725066176,del=0.3958906063975445,dot=0.0005321206317874345,x=5.787910838696856
	dense amplitude time= 0.20024514198303223
	nsamples per process= 33
	sample time= 6.278958797454834
	contraction err= 1.229255543196151e-18 7.386342745087297e-17
step=13,E=-0.46569628088338944,dE=-3.1516956556343345e-05,err=0.0,gmax=0.0008488918595267458
	collect data time= 0.08871626853942871
ix=0,eigval=(-2.066290463240805e-15+0j)
	RGN solver time=0.021941423416137695,least eigenvalue=-2.066290463240805e-15
	solver time=0.04105544090270996,exit status=0
niter= 34
	dense amplitude time= 0.24620890617370605
	nsamples per process= 33
	sample time= 2.1212801933288574
	contraction err= 1.1110111679040048e-18 5.5146206904075655e-17
	predict=-0.0002844642977413137,actual=(-0.00040904380734829715, 0.0)
	g=0.004322478974747549,del=0.3621270166246328,dot=0.00043779261931289936,x=5.7907422555974675
	dense amplitude time= 0.19996118545532227
	nsamples per process= 33
	sample time= 6.283473491668701
	contraction err= 1.1160417381849674e-18 5.599139014700113e-17
step=14,E=-0.4657218461213489,dE=-2.5565237959490617e-05,err=0.0,gmax=0.0007806616527308297
	collect data time= 0.08817815780639648
ix=0,eigval=(-3.052616311117657e-15+0j)
	RGN solver time=0.021529436111450195,least eigenvalue=-3.052616311117657e-15
	solver time=0.04208874702453613,exit status=0
niter= 34
	dense amplitude time= 0.25907373428344727
	nsamples per process= 33
	sample time= 2.1224143505096436
	contraction err= 1.0732539378766885e-18 7.316389401223704e-17
	predict=-0.0002210499843055634,actual=(-0.00031426527606903676, 0.0)
	g=0.003874789056165064,del=0.31875933331315376,dot=0.0003404924560365696,x=5.792935158355175
	dense amplitude time= 0.19982457160949707
	nsamples per process= 33
	sample time= 6.291869640350342
	contraction err= 1.0287503792798874e-18 5.846176288638366e-17
step=15,E=-0.465741487701103,dE=-1.9641579754092753e-05,err=0.0,gmax=0.0006779509444481691
	collect data time= 0.09060168266296387
ix=0,eigval=(-1.1887354103867403e-15+6.431305151654155e-17j)
	RGN solver time=0.022554636001586914,least eigenvalue=-1.1887354103867403e-15
	solver time=0.042333364486694336,exit status=0
niter= 34
	dense amplitude time= 0.24449777603149414
	nsamples per process= 33
	sample time= 2.1220614910125732
	contraction err= 9.716129304590665e-19 5.1572747256244566e-17
	predict=-0.00016339652187228983,actual=(-0.00023097553835782492, 0.0)
	g=0.0033553065851312466,del=0.273381896650827,dot=0.0002520553823280874,x=5.794547623792923
	dense amplitude time= 0.20017528533935547
	nsamples per process= 33
	sample time= 6.278982400894165
	contraction err= 9.572443091095514e-19 7.895513913948796e-17
step=16,E=-0.4657559236722504,dE=-1.4435971147364057e-05,err=0.0,gmax=0.000562800778894923
	collect data time= 0.08840370178222656
ix=0,eigval=(-1.675245603201723e-15+0j)
	RGN solver time=0.021506071090698242,least eigenvalue=-1.675245603201723e-15
	solver time=0.040984153747558594,exit status=0
niter= 34
	dense amplitude time= 0.23576021194458008
	nsamples per process= 33
	sample time= 2.121047258377075
	contraction err= 9.046524181603834e-19 5.109900734038799e-17
	predict=-0.00011690388971350681,actual=(-0.00016497439238882805, 0.0)
	g=0.002814649973000792,del=0.23098183945720172,dot=0.00018045516926789234,x=5.795698432196954
	dense amplitude time= 0.20004534721374512
	nsamples per process= 33
	sample time= 6.282395839691162
	contraction err= 8.872907239596349e-19 6.774692895118137e-17
step=17,E=-0.4657662345717747,dE=-1.0310899524301753e-05,err=0.0,gmax=0.00045322127217178876
	collect data time= 0.08728814125061035
ix=0,eigval=(-1.390620427098863e-15+3.7748191980117103e-16j)
	RGN solver time=0.02144789695739746,least eigenvalue=-1.390620427098863e-15
niter= 34
	solver time=0.04115605354309082,exit status=0
	dense amplitude time= 0.24801206588745117
	nsamples per process= 33
	sample time= 2.122403621673584
	contraction err= 8.482398854339191e-19 7.20084879247902e-17
	predict=-8.227920227531538e-05,actual=(-0.00011620425975955584, 0.0)
	g=0.002316175861446309,del=0.19385094232017036,dot=0.0001269802167121607,x=5.796508851375287
	dense amplitude time= 0.20053720474243164
	nsamples per process= 33
	sample time= 6.278229475021362
	contraction err= 8.478447649965007e-19 5.400636594359269e-17
step=18,E=-0.46577349733800977,dE=-7.262766235083262e-06,err=0.0,gmax=0.0003892652043764322
	collect data time= 0.08680009841918945
ix=0,eigval=(-1.2107567870813558e-15+3.25568731624434e-16j)
	RGN solver time=0.021755695343017578,least eigenvalue=-1.2107567870813558e-15
	solver time=0.04092264175415039,exit status=0
niter= 34
	dense amplitude time= 0.24747395515441895
	nsamples per process= 33
	sample time= 2.124079465866089
	contraction err= 8.109515239672011e-19 9.494840709443396e-17
	predict=-5.791887899864227e-05,actual=(-8.15744767539428e-05, 0.0)
	g=0.0019471873590483817,del=0.16181358391861825,dot=8.965412205666474e-05,x=5.797073466283274
	dense amplitude time= 0.1998908519744873
	nsamples per process= 33
	sample time= 6.286106824874878
	contraction err= 7.777588366937444e-19 5.1395373009691464e-17
step=19,E=-0.4657785957428068,dE=-5.098404797010403e-06,err=0.0,gmax=0.00028451345775754033
	collect data time= 0.0907127857208252
ix=0,eigval=(-1.3836314095058959e-15+0j)
	RGN solver time=0.0219571590423584,least eigenvalue=-1.3836314095058959e-15
	solver time=0.04187321662902832,exit status=0
niter= 34
	dense amplitude time= 0.2565431594848633
	nsamples per process= 33
	sample time= 2.1195147037506104
	contraction err= 7.63019668468348e-19 8.958444176858888e-17
	predict=-4.0711857946263766e-05,actual=(-5.7617665548903574e-05, 0.0)
	g=0.0015509962099540455,del=0.13684960633712195,dot=6.269590113787631e-05,x=5.797477272889174
[0m[0m[0m[0m[0m[0m[0m[0m[0m[0m[0m[0m[0m[0m[0m[0m[0m[0m[0m[0m[0m[0m[0m[0m[0m[0m[0m[0m[0m[0m[0m[0m[0m[0m[0m[0m[0m[0m[0m[0m[0m[0m[0m[0m[0m[0m[0m[0m[0m[0m[0m[0m[0m[0m[0m[0m[0m[0m[0m[0m[0m[0m[0m[0m[0m[0m[0m[0m[0m[0m[0m[0m[0m[0m[0m[0m[0m[0m[0m[0m[0m[0m[0m[0m[0m[0m[0m[0m[0m[0m[0m[0m[0m[0m[0m[0m[0m[0m[0m[0m[0m[0m[0m[0m[0m[0m[0m[0m[0m[0m[0m[0m[0m[0m[0m[0m[0m[0m[0m[0m[0m[0m[0m[0m[0m[0m[0m[0m[0m[0m[0m[0m[0m[0m[0m[0m[0m[0m[0m[0m[0m[0m[0m[0m[0m[0m[0m[0m[0m[0m[0m[0m[0m[0m[0m[0m[0m[0m[0m[0m[0m[0m[0m[0m[0m[0m[0m[0m[0m[0m[0m[0m[0m[0m[0m[0m[0m[0m[0m[0m[0m[0m[0m[0m[0m[0m[0m[0m[0m[0m[0m[0m[0m[0m[0m[0m[0m[0m[0m[0m[0m[0m[0m[0m[0m[0m[0m[0m[0m[0m[0m[0m[0m[0m[0m[0m[0m[0m[0m[0m[0m[0m[0m[0m[0m[0m[0m[0m[0m[0m[0m[0m[0m[0m[0m[0m[0m[0m[0m[0m[0m[0m[0m[0m[0m[0m[0m[0m[0m[0m[0m[0m[0m[0m[0m[0m[0m[0m[0m[0m[0m[0m[0m[0m[0m[0m[0m[0m[0m[0m[0m[0m[0m[0m[0m[0m[0m[0m[0m[0m[0m[0m[0m[0m[0m[0m[0m[0m[0m[0m[0m[0m[0m[0m[0m[0m[0m[0m[0m[0m[0m[0m[0m[0m[0m[0m[0m[0m[0m[0m[0m[0m[0m[0m[0m[0m[0m[0m[0m[0m[0m[0m[0m[0m[0m[0m[0m[0m[0m[0m[0m[0m[0m[0m[0m[0m[0m[0m[0m[0m[0m[0m[0m[0m[0m[0m[0m[0m[0m[0m[0m[0m[0m[0m[0m[0m[0m[0m[0m[0m[0m[0m[0m[0m[0m[0m[0m[0m[0m[0m[0m[0m[0m[0m[0m[0m[0m[0m[0m[0m[0m[0m[0m[0m[0m[0m[0m[0m[0m[0m[0m[0m[0m[0m[0m[0m[0m[0m[0m[0m[0m