[(0, 0), (0, 1), (1, 0), (1, 1)]
[(0, 2), (0, 3), (1, 2), (1, 3)]
[(2, 0), (2, 1), (3, 0), (3, 1)]
[(2, 2), (2, 3), (3, 2), (3, 3)]
block_dict= [(0, 288)]
sizes= [288]
nbatch= 1
SIZE= 401
Lx,Ly= 4 4
D= 2
rate= 0.1 0.5
cond= 0.001 0.001
nparams= 288
	dense amplitude time= 0.9602363109588623
	nsamples per process= 33
	sample time= 6.251663684844971
	contraction err= 8.19697642316582e-19 1.737585380268177e-16
step=0,E=-0.4448326917468624,dE=-0.4448326917468624,err=0.0,gmax=0.038192759412830846
	collect data time= 0.08185243606567383
	RGN solver time=0.017924785614013672,least eigenvalue=(-3.4434185490041906e-15+0j)
	solver time=2.044893741607666,exit status=0
niter= 27
	dense amplitude time= 0.2344367504119873
	nsamples per process= 33
	sample time= 2.087322950363159
	contraction err= 1.513300271167821e-18 5.60482133589804e-17
	predict=-0.1383747186770879,actual=(-0.0038070433819914484, 0.0)
	g=0.20809502337788163,del=5.015152907889885,dot=0.25159767866457283,x=5.659266311067944
	dense amplitude time= 0.19126582145690918
	nsamples per process= 33
	sample time= 6.116495847702026
	contraction err= 1.478512171889767e-18 7.491305299096122e-17
step=1,E=-0.445070631958237,dE=-0.00023794021137457655,err=0.0,gmax=0.06624663645107809
	collect data time= 0.07584571838378906
	RGN solver time=0.021897077560424805,least eigenvalue=(-9.622324518587618e-15+0j)
	solver time=0.02902698516845703,exit status=0
niter= 25
	dense amplitude time= 0.22680282592773438
	nsamples per process= 33
	sample time= 2.100571870803833
	contraction err= 1.9861382776853022e-18 1.0903687304140094e-16
	predict=-0.16085894988042668,actual=(-0.22079813319743646, 0.0)
	g=0.4394882257298402,del=0.9441085750495205,dot=0.3208265587593627,x=5.678919829506155
	dense amplitude time= 0.20195436477661133
	nsamples per process= 33
	sample time= 6.139526128768921
	contraction err= 1.9414026813254952e-18 1.483960481415572e-16
step=2,E=-0.45887051528307665,dE=-0.013799883324839668,err=0.0,gmax=0.02914850830943405
	collect data time= 0.0769650936126709
	RGN solver time=0.020900249481201172,least eigenvalue=(-1.9967355896277296e-15+0j)
	solver time=0.051505088806152344,exit status=0
niter= 25
	dense amplitude time= 0.2294933795928955
	nsamples per process= 33
	sample time= 2.1087872982025146
	contraction err= 2.3914306310544983e-18 1.1360770841860326e-16
	predict=-0.04349934788731727,actual=(-0.060806425887638405, 0.0)
	g=0.1898309290367376,del=0.755271340706566,dot=0.0864282609765407,x=5.691461950105785
	dense amplitude time= 0.2116086483001709
	nsamples per process= 33
	sample time= 6.143284320831299
	contraction err= 2.3938432057353864e-18 1.1229332074246357e-16
step=3,E=-0.462670916901054,dE=-0.0038004016179773448,err=0.0,gmax=0.014681178542480522
	collect data time= 0.0767672061920166
	RGN solver time=0.02047133445739746,least eigenvalue=(-7.0392487773684724e-15+0j)
niter= 27
	solver time=0.03234148025512695,exit status=0
	dense amplitude time= 0.23709607124328613
	nsamples per process= 33
	sample time= 2.1061861515045166
	contraction err= 2.534474863141121e-18 1.147921961796769e-16
	predict=-0.011788770442346915,actual=(-0.01748253556038115, 0.0)
	g=0.08921254716480981,del=0.5562064329692563,dot=0.023268175288615273,x=5.698252410038922
	dense amplitude time= 0.1961522102355957
	nsamples per process= 33
	sample time= 6.142143726348877
	contraction err= 2.5096111749552835e-18 1.9141088982457654e-16
step=4,E=-0.46376357537357804,dE=-0.001092658472524044,err=0.0,gmax=0.008433958702919353
	collect data time= 0.07573866844177246
	RGN solver time=0.02143716812133789,least eigenvalue=(-1.5122353118731474e-15+1.4446213586520627e-16j)
	solver time=0.04019975662231445,exit status=0
niter= 34
	dense amplitude time= 0.24000978469848633
	nsamples per process= 33
	sample time= 2.10860276222229
	contraction err= 2.511455249118688e-18 1.290320582783903e-16
	predict=-0.004686774149011737,actual=(-0.008913493320646282, 0.0)
	g=0.0455469440097903,del=0.9788927824498556,dot=0.008415317218489616,x=5.7192340657366385
	dense amplitude time= 0.1975696086883545
	nsamples per process= 33
	sample time= 6.103681564331055
	contraction err= 2.414146476690007e-18 1.5882803148400222e-16
step=5,E=-0.46432066870611854,dE=-0.0005570933325405036,err=0.0,gmax=0.006452115248606338
	collect data time= 0.08892273902893066
	RGN solver time=0.02071666717529297,least eigenvalue=(-9.960322521819327e-15+0j)
niter= 32
	solver time=0.036923885345458984,exit status=0
	dense amplitude time= 0.24087190628051758
	nsamples per process= 33
	sample time= 2.1100287437438965
	contraction err= 2.063467249306529e-18 2.896838922170274e-16
	predict=-0.00602919551933467,actual=(-0.010695376627007036, 0.0)
	g=0.026916973119199515,del=1.3091074627303865,dot=0.010344628689675874,x=5.75656832547847
	dense amplitude time= 0.1957259178161621
	nsamples per process= 33
	sample time= 6.214724540710449
	contraction err= 1.987907214424851e-18 1.7303000496790729e-16
step=6,E=-0.46498912974530626,dE=-0.0006684610391877177,err=0.0,gmax=0.005674948412423442
	collect data time= 0.06932520866394043
	RGN solver time=0.020982742309570312,least eigenvalue=(-1.725329275295869e-15+0j)
	solver time=0.03957796096801758,exit status=0
niter= 34
--------------------------------------------------------------------------
ORTE has lost communication with its daemon located on node:

  hostname:  pauling016

This is usually due to either a failure of the TCP network
connection to the node, or possibly an internal failure of
the daemon itself. We cannot recover from this failure, and
therefore will terminate the job.

--------------------------------------------------------------------------
