[(0, 0), (0, 1), (1, 0), (1, 1)]
[(0, 2), (0, 3), (1, 2), (1, 3)]
[(2, 0), (2, 1), (3, 0), (3, 1)]
[(2, 2), (2, 3), (3, 2), (3, 3)]
block_dict= [(0, 72), (72, 144), (144, 216), (216, 288)]
sizes= [72, 72, 72, 72]
nbatch= 1
SIZE= 401
Lx,Ly= 4 4
D= 2
rate= 0.1 0.5
cond= 0.001 0.001
nparams= 288
	dense amplitude time= 1.3447635173797607
	nsamples per process= 33
	sample time= 6.251776218414307
	contraction err= 8.185503921874418e-19 1.737585380268177e-16
step=0,E=-0.44483269174686235,dE=-0.44483269174686235,err=0.0,gmax=0.038192759412831734
	collect data time= 0.0010848045349121094
	solver time=2.058505058288574,exit status=0
niter= 27
	solver time=0.22708535194396973,exit status=0
niter= 74
	dense amplitude time= 0.22677087783813477
	nsamples per process= 33
	sample time= 2.0661392211914062
	contraction err= 1.4836826078697332e-18 1.1205569912241201e-16
	predict=-0.12579666161483813,actual=(-0.007609808436315646, 0.0)
	g=0.208095023377881,del=4.997191705815804,dot=0.251422438488968,x=5.655292807731714
	dense amplitude time= 0.19632387161254883
	nsamples per process= 33
	sample time= 6.125759840011597
	contraction err= 1.4374321751930984e-18 6.048141299543899e-17
step=1,E=-0.445308304774132,dE=-0.00047561302726967236,err=0.0,gmax=0.06686144549961659
	collect data time= 0.0005822181701660156
	solver time=0.03189730644226074,exit status=0
niter= 25
niter= 40
	solver time=0.14236092567443848,exit status=0
	dense amplitude time= 0.23008108139038086
	nsamples per process= 33
	sample time= 2.086763381958008
	contraction err= 1.9498582917412134e-18 7.300849916148866e-17
	predict=-0.15856059621761398,actual=(-0.2182007041147438, 0.0)
	g=0.43923476937652833,del=0.9373578650545533,dot=0.3171128893487155,x=5.674680315486237
	dense amplitude time= 0.19820213317871094
	nsamples per process= 33
	sample time= 6.138434410095215
	contraction err= 1.890571206721785e-18 6.88484249697607e-17
step=2,E=-0.4589458487813035,dE=-0.013637544007171487,err=0.0,gmax=0.029213468702693035
	collect data time= 0.0007300376892089844
	solver time=0.030379533767700195,exit status=0
niter= 25
niter= 37
	solver time=0.12472200393676758,exit status=0
	dense amplitude time= 0.22887682914733887
	nsamples per process= 33
	sample time= 2.0859622955322266
	contraction err= 2.3263626779115484e-18 1.131378835258545e-16
	predict=-0.04272046226937296,actual=(-0.06008049484448463, 0.0)
	g=0.18876410678291639,del=0.7525568713243346,dot=0.08543999570953527,x=5.687141825567983
	dense amplitude time= 0.20044517517089844
	nsamples per process= 33
	sample time= 6.145267724990845
	contraction err= 2.3262313401956617e-18 1.6427050619238028e-16
step=3,E=-0.4627008797090841,dE=-0.003755030927780567,err=0.0,gmax=0.014461434261172745
	collect data time= 0.0006072521209716797
	solver time=0.03307628631591797,exit status=0
niter= 26
niter= 48
	solver time=0.15331220626831055,exit status=0
	dense amplitude time= 0.24793529510498047
	nsamples per process= 33
	sample time= 2.0912153720855713
	contraction err= 2.5478479482831397e-18 1.3205177234354396e-16
	predict=-0.011419844765642752,actual=(-0.017009452122144886, 0.0)
	g=0.08827045710002779,del=0.5084437985804434,dot=0.022827936956551782,x=5.692820998257538
	dense amplitude time= 0.1984727382659912
	nsamples per process= 33
	sample time= 6.143322467803955
	contraction err= 2.469247096874496e-18 1.1561379798242377e-16
step=4,E=-0.4637639704667181,dE=-0.0010630907576339998,err=0.0,gmax=0.008149509286935863
	collect data time= 0.000728607177734375
	solver time=0.06206178665161133,exit status=0
niter= 35
niter= 44
	solver time=0.1447129249572754,exit status=0
	dense amplitude time= 0.22918105125427246
	nsamples per process= 33
	sample time= 2.091747760772705
	contraction err= 2.5260852713531395e-18 1.8868217244049092e-16
	predict=-0.0036702345285395998,actual=(-0.007108524142057426, 0.0)
	g=0.044766166624926766,del=0.7702615891403175,dot=0.007376429075051295,x=5.705833562865747
	dense amplitude time= 0.19831562042236328
	nsamples per process= 33
	sample time= 6.148218154907227
	contraction err= 2.4947271118763312e-18 1.2861268673309706e-16
step=5,E=-0.46420825322559667,dE=-0.00044428275887858915,err=0.0,gmax=0.0059970010927441475
	collect data time= 0.0005600452423095703
	solver time=0.07763910293579102,exit status=0
niter= 32
	solver time=0.20647406578063965,exit status=0
niter= 55
	dense amplitude time= 0.252932071685791
	nsamples per process= 33
	sample time= 2.092423677444458
	contraction err= 2.108924397830155e-18 1.288150203990912e-16
	predict=-0.004305803170693534,actual=(-0.010335764350013044, 0.0)
	g=0.025461571350487433,del=1.3960764696648462,dot=0.008688666870331397,x=5.74837316329063
	dense amplitude time= 0.1996009349822998
	nsamples per process= 33
	sample time= 6.16434645652771
	contraction err= 2.0783678633888223e-18 2.760739316009953e-16
step=6,E=-0.4648542384974724,dE=-0.0006459852718757597,err=0.0,gmax=0.005503228931865056
	collect data time= 0.0005772113800048828
	solver time=0.04267764091491699,exit status=0
niter= 34
niter= 50
	solver time=0.15675973892211914,exit status=0
	dense amplitude time= 0.2477099895477295
	nsamples per process= 33
	sample time= 2.0946784019470215
	contraction err= 1.9053522228952844e-18 9.369068329421595e-17
	predict=-0.003457295973738733,actual=(-0.0060121699465467415, 0.0)
	g=0.023950627458088337,del=0.7268054510166739,dot=0.006918048789366584,x=5.759848571393182
	dense amplitude time= 0.20255255699157715
	nsamples per process= 33
	sample time= 6.181795597076416
	contraction err= 1.8644480847978268e-18 1.8620592770339417e-16
step=7,E=-0.4652299991191313,dE=-0.0003757606216588938,err=0.0,gmax=0.003635322313906064
	collect data time= 0.0007665157318115234
niter= 36
	solver time=0.044851064682006836,exit status=0
niter= 47
	solver time=0.11241888999938965,exit status=0
	dense amplitude time= 0.24497461318969727
	nsamples per process= 33
	sample time= 2.0940160751342773
	contraction err= 1.8194202463509423e-18 1.0076296776553824e-16
	predict=-0.001603904872172911,actual=(-0.0027862555152253776, 0.0)
	g=0.01705712673956779,del=0.500871982519798,dot=0.0032117537555536604,x=5.7652904307699755
	dense amplitude time= 0.19805312156677246
	nsamples per process= 33
	sample time= 6.190272092819214
	contraction err= 1.7885192314497228e-18 1.3342742873092152e-16
step=8,E=-0.46540414008883263,dE=-0.00017414096970130855,err=0.0,gmax=0.002073242317874202
	collect data time= 0.0006320476531982422
niter= 38
	solver time=0.04588890075683594,exit status=0
	solver time=0.15342092514038086,exit status=0
niter= 48
	dense amplitude time= 0.23429179191589355
	nsamples per process= 33
	sample time= 2.093935489654541
	contraction err= 1.7258116541417292e-18 1.0687162352524154e-16
	predict=-0.0008650001904529385,actual=(-0.0015573928808079174, 0.0)
	g=0.011632656866947371,del=0.43056509225902767,dot=0.0017417854252684886,x=5.7693084790188385
	dense amplitude time= 0.19836664199829102
	nsamples per process= 33
	sample time= 6.183206558227539
	contraction err= 1.6602927722863146e-18 1.0618400565927742e-16
step=9,E=-0.46550147714388307,dE=-9.733705505043933e-05,err=0.0,gmax=0.0014001152397689065
	collect data time= 0.0006060600280761719
	solver time=0.04519081115722656,exit status=0
niter= 37
niter= 45
	solver time=0.10716915130615234,exit status=0
	dense amplitude time= 0.24248552322387695
	nsamples per process= 33
	sample time= 2.095590114593506
	contraction err= 1.5923049644892625e-18 7.779188239125629e-17
	predict=-0.0005428735734658505,actual=(-0.0010054713736744603, 0.0)
	g=0.008402527311813148,del=0.4019866639694882,dot=0.0010946670994758426,x=5.772808557850381
	dense amplitude time= 0.19550061225891113
	nsamples per process= 33
	sample time= 6.184729814529419
	contraction err= 1.5975240516268544e-18 9.252796041172149e-17
step=10,E=-0.4655643191047377,dE=-6.284196085465377e-05,err=0.0,gmax=0.0009594913085843593
	collect data time= 0.0005970001220703125
	solver time=0.08375716209411621,exit status=0
niter= 37
niter= 42
	solver time=0.09596467018127441,exit status=0
	dense amplitude time= 0.2501344680786133
	nsamples per process= 33
	sample time= 2.097141981124878
	contraction err= 1.4881176798375207e-18 1.2019640230543455e-16
	predict=-0.0003893794177636132,actual=(-0.0007533590501020981, 0.0)
	g=0.006470822876277734,del=0.4175215922701844,dot=0.0007989880660509651,x=5.776582009787611
	dense amplitude time= 0.22127747535705566
	nsamples per process= 33
	sample time= 6.184455156326294
	contraction err= 1.4656935521887423e-18 1.6026186974057954e-16
step=11,E=-0.4656114040453694,dE=-4.708494063165869e-05,err=0.0,gmax=0.0008467696114456413
	collect data time= 0.0005877017974853516
	solver time=0.08564424514770508,exit status=0
niter= 36
niter= 42
	solver time=0.10099959373474121,exit status=0
	dense amplitude time= 0.252443790435791
	nsamples per process= 33
	sample time= 2.0929808616638184
	contraction err= 1.3628853277705152e-18 8.687099579284416e-17
	predict=-0.00031632114704188404,actual=(-0.0006350076828525175, 0.0)
	g=0.005384510523730545,del=0.43639689734305737,dot=0.0006625271740266925,x=5.780701538655051
	dense amplitude time= 0.19727039337158203
	nsamples per process= 33
	sample time= 6.183370351791382
	contraction err= 1.367699549651877e-18 8.687099579284416e-17
step=12,E=-0.4656510920255478,dE=-3.968798017839337e-05,err=0.0,gmax=0.0009147830067184892
	collect data time= 0.0007104873657226562
	solver time=0.0498967170715332,exit status=0
niter= 35
niter= 44
	solver time=0.1029672622680664,exit status=0
	dense amplitude time= 0.24242281913757324
	nsamples per process= 33
	sample time= 2.0926718711853027
	contraction err= 1.27204745708347e-18 7.171827343441125e-17
	predict=-0.00027419439051575364,actual=(-0.0005585942817472045, 0.0)
	g=0.00486480071674326,del=0.43974645324421663,dot=0.0005862732750418495,x=5.784881547170514
	dense amplitude time= 0.1980724334716797
	nsamples per process= 33
	sample time= 6.2131524085998535
	contraction err= 1.234513716269511e-18 5.771522522518199e-17
step=13,E=-0.46568600416815675,dE=-3.4912142608978236e-05,err=0.0,gmax=0.0009441539615050454
	collect data time= 0.0006086826324462891
	solver time=0.041417598724365234,exit status=0
niter= 34
niter= 42
	solver time=0.1139533519744873,exit status=0
	dense amplitude time= 0.24753475189208984
	nsamples per process= 33
	sample time= 2.104520559310913
	contraction err= 1.1471065134987197e-18 1.5785946928960106e-16
	predict=-0.00023305279885007683,actual=(-0.0004674635280075279, 0.0)
	g=0.004629940761875169,del=0.40902430537012024,dot=0.0005002745587848598,x=5.788495463883062
	dense amplitude time= 0.2027301788330078
	nsamples per process= 33
	sample time= 6.174633026123047
	contraction err= 1.1328570739055341e-18 7.904464339244027e-17
step=14,E=-0.46571522063865717,dE=-2.921647050041498e-05,err=0.0,gmax=0.0008981592542448569
	collect data time= 0.0005877017974853516
niter= 34
	solver time=0.04162788391113281,exit status=0
niter= 41
	solver time=0.09648466110229492,exit status=0
	dense amplitude time= 0.24893641471862793
	nsamples per process= 33
	sample time= 2.1008551120758057
	contraction err= 1.0641498496527621e-18 7.236171794268803e-17
	predict=-0.00018375969521461355,actual=(-0.00036534572137725263, 0.0)
	g=0.004301379634471503,del=0.36444373022635046,dot=0.0003983487622977141,x=5.791362926249928
	dense amplitude time= 0.2026512622833252
	nsamples per process= 33
	sample time= 6.171180248260498
	contraction err= 1.0504386101351868e-18 5.82897765267718e-17
step=15,E=-0.46573805474624336,dE=-2.283410758618931e-05,err=0.0,gmax=0.0007969745188756705
	collect data time= 0.00060272216796875
	solver time=0.04652094841003418,exit status=0
niter= 35
niter= 42
	solver time=0.17572283744812012,exit status=0
	dense amplitude time= 0.25190258026123047
	nsamples per process= 33
	sample time= 2.103025436401367
	contraction err= 9.880426153466439e-19 5.923151864355351e-17
	predict=-0.000134432920647186,actual=(-0.0002688985887573381, 0.0)
	g=0.003814991119659004,del=0.3151908287085316,dot=0.0002968400202649535,x=5.793506784295293
	dense amplitude time= 0.20649313926696777
	nsamples per process= 33
	sample time= 6.170640230178833
	contraction err= 9.611404061509219e-19 6.325008494742653e-17
step=16,E=-0.4657548609080408,dE=-1.6806161797444652e-05,err=0.0,gmax=0.000669123854863285
	collect data time= 0.0005998611450195312
	solver time=0.04175233840942383,exit status=0
niter= 35
niter= 39
	solver time=0.09502148628234863,exit status=0
	dense amplitude time= 0.2496497631072998
	nsamples per process= 33
	sample time= 2.103947401046753
	contraction err= 8.926153702513678e-19 1.0261932331696336e-16
	predict=-9.334470775430488e-05,actual=(-0.00018774754726980092, 0.0)
	g=0.0032505348392827533,del=0.26219692934330474,dot=0.00020815344994837092,x=5.794989876567673
	dense amplitude time= 0.20302534103393555
	nsamples per process= 33
	sample time= 6.168872594833374
	contraction err= 8.73249683343834e-19 5.139188034963522e-17
step=17,E=-0.46576659512974505,dE=-1.1734221704251535e-05,err=0.0,gmax=0.0005370127605534569
	collect data time= 0.0005793571472167969
	solver time=0.04332613945007324,exit status=0
niter= 35
niter= 35
	solver time=0.08246874809265137,exit status=0
	dense amplitude time= 0.2510526180267334
	nsamples per process= 33
	sample time= 2.114044666290283
	contraction err= 8.187902805425743e-19 4.616949990966153e-17
	predict=-6.278558848007794e-05,actual=(-0.00012755765152228093, 0.0)
	g=0.002656433291219905,del=0.21537396111809284,dot=0.0001413082840027383,x=5.795990351553914
	dense amplitude time= 0.2023470401763916
	nsamples per process= 33
	sample time= 6.255105018615723
	contraction err= 8.26407118336149e-19 5.498600628786314e-17
step=18,E=-0.46577456748296536,dE=-7.972353220309092e-06,err=0.0,gmax=0.0004192122306618251
	collect data time= 0.0007538795471191406
	solver time=0.04293179512023926,exit status=0
niter= 35
	niter= 31
solver time=0.07405924797058105,exit status=0
	dense amplitude time= 0.26001691818237305
	nsamples per process= 33
	sample time= 2.1277499198913574
	contraction err= 7.775116003642094e-19 4.15171435562243e-17
	predict=-4.1324602407673494e-05,actual=(-8.747965305833105e-05, 0.0)
	g=0.002138959821433338,del=0.18101427727822492,dot=9.666666455682591e-05,x=5.7966969645810265
	dense amplitude time= 0.20198941230773926
	nsamples per process= 33
	sample time= 6.250486373901367
	contraction err= 7.733979512700697e-19 5.845700765900028e-17
step=19,E=-0.4657800349612815,dE=-5.467478316145691e-06,err=0.0,gmax=0.00032295739897342246
	collect data time= 0.0007157325744628906
	solver time=0.04599928855895996,exit status=0
niter= 35
niter= 26
	solver time=0.05889153480529785,exit status=0
	dense amplitude time= 0.24986767768859863
	nsamples per process= 33
	sample time= 2.1267077922821045
	contraction err= 7.32077033564725e-19 4.113414346606832e-17
	predict=-2.703196174110282e-05,actual=(-6.0146187378151694e-05, 0.0)
	g=0.001733613717342892,del=0.1536891203638863,dot=6.645715535570144e-05,x=5.797206291538102
[0m[0m[0m[0m[0m[0m[0m[0m[0m[0m[0m[0m[0m[0m[0m[0m[0m[0m[0m[0m[0m[0m[0m[0m[0m[0m[0m[0m[0m[0m[0m[0m[0m[0m[0m[0m[0m[0m[0m[0m[0m[0m[0m[0m[0m[0m[0m[0m[0m[0m[0m[0m[0m[0m[0m[0m[0m[0m[0m[0m[0m[0m[0m[0m[0m[0m[0m[0m[0m[0m[0m[0m[0m[0m[0m[0m[0m[0m[0m[0m[0m[0m[0m[0m[0m[0m[0m[0m[0m[0m[0m[0m[0m[0m[0m[0m[0m[0m[0m[0m[0m[0m[0m[0m[0m[0m[0m[0m[0m[0m[0m[0m[0m[0m[0m[0m[0m[0m[0m[0m[0m[0m[0m[0m[0m[0m[0m[0m[0m[0m[0m[0m[0m[0m[0m[0m[0m[0m[0m[0m[0m[0m[0m[0m[0m[0m[0m[0m[0m[0m[0m[0m[0m[0m[0m[0m[0m[0m[0m[0m[0m[0m[0m[0m[0m[0m[0m[0m[0m[0m[0m[0m[0m[0m[0m[0m[0m[0m[0m[0m[0m[0m[0m[0m[0m[0m[0m[0m[0m[0m[0m[0m[0m[0m[0m[0m[0m[0m[0m[0m[0m[0m[0m[0m[0m[0m[0m[0m[0m[0m[0m[0m[0m[0m[0m[0m[0m[0m[0m[0m[0m[0m[0m[0m[0m[0m[0m[0m[0m[0m[0m[0m[0m[0m[0m[0m[0m[0m[0m[0m[0m[0m[0m[0m[0m[0m[0m[0m[0m[0m[0m[0m[0m[0m[0m[0m[0m[0m[0m[0m[0m[0m[0m[0m[0m[0m[0m[0m[0m[0m[0m[0m[0m[0m[0m[0m[0m[0m[0m[0m[0m[0m[0m[0m[0m[0m[0m[0m[0m[0m[0m[0m[0m[0m[0m[0m[0m[0m[0m[0m[0m[0m[0m[0m[0m[0m[0m[0m[0m[0m[0m[0m[0m[0m[0m[0m[0m[0m[0m[0m[0m[0m[0m[0m[0m[0m[0m[0m[0m[0m[0m[0m[0m[0m[0m[0m[0m[0m[0m[0m[0m[0m[0m[0m[0m[0m[0m[0m[0m[0m[0m[0m[0m[0m[0m[0m[0m[0m[0m[0m[0m[0m[0m[0m[0m[0m[0m[0m[0m[0m[0m[0m[0m[0m[0m[0m[0m[0m[0m[0m[0m[0m[0m[0m[0m[0m[0m[0m[0m[0m[0m[0m[0m[0m[0m[0m[0m[0m[0m[0m[0m