block_dict= [(0, 36992)]
sizes= [36992]
SIZE= 640
Lx,Ly= 10 10
D= 4
rate= 0.1 0.5
cond= 0.001 0.001
guess= 1

nparam= 36992
	log prob= 4.516331964887037
	burn in time= 14.195821523666382
	sample time= 368.0275321006775
	contraction err= 0.00017115614048540177 0.8061419927436636
nsamples= 100638

Mean energy: -4.76927666e+01
Block size    # of blocks        Mean                Error
     1           100638       -4.76927666e+01       2.830111e-03
     2           50319       -4.76927666e+01       3.388856e-03
     5           20127       -4.76927524e+01       4.172644e-03
    10           10063       -4.76927685e+01       4.851278e-03
    20           5031       -4.76927981e+01       5.743242e-03
    50           2012       -4.76927782e+01       7.084777e-03
    70           1437       -4.76927611e+01       7.125729e-03
   100           1006       -4.76927782e+01       7.524298e-03
   200            503       -4.76927782e+01       7.930697e-03
   500            201       -4.76927156e+01       7.954878e-03
Stocahstic error estimate: 7.125729e-03

step=10,E=-0.4769276663188098,dE=0.0,err=7.125728966428092e-05
	gnorm= 0.5082081909661469
	collect g,h time= 0.9361793994903564
symmetric= True
	solver time=1.6055254936218262,exit status=0
niter= 40
	xnorm=19.905368224633975,dnorm=0.6568558338222259
pure_newton= False
ix=0,sh=36992
symmetric= False
	solver time=1262.5592420101166,exit status=500
niter= 15501
hessian inversion error= 0.041024815338074304
SR delta norm= 0.656855833822226
RGN delta norm= 1.3565907473458698
	xnorm=19.905368224633975,dnorm=1.3565907473458698
	log prob= 5.484259392619694
	burn in time= 19.473978757858276
	sample time= 1000.264990568161
	contraction err= 0.0002428119173708786 0.05895519354339377
nsamples= 100638

Mean energy: -4.78697839e+01
Block size    # of blocks        Mean                Error
     1           100638       -4.78697839e+01       3.336300e-03
     2           50319       -4.78697839e+01       4.061220e-03
     5           20127       -4.78698150e+01       5.351335e-03
    10           10063       -4.78698116e+01       6.654046e-03
    20           5031       -4.78698050e+01       8.320456e-03
    50           2012       -4.78697937e+01       1.091497e-02
    70           1437       -4.78697795e+01       1.168072e-02
   100           1006       -4.78697937e+01       1.222408e-02
   200            503       -4.78697937e+01       1.271043e-02
   500            201       -4.78697630e+01       1.368216e-02
Stocahstic error estimate: 1.222408e-02

	predict=-0.0009637230253758608,actual=(array([-0.00177017]), array([0.00012224]))

nparam= 36992
	log prob= 5.484259392619694
	burn in time= 17.173789978027344
	sample time= 368.37707328796387
	contraction err= 0.00024442326923123243 0.04844671994910131
nsamples= 100638

Mean energy: -4.78977708e+01
Block size    # of blocks        Mean                Error
     1           100638       -4.78977708e+01       2.892781e-03
     2           50319       -4.78977708e+01       3.515844e-03
     5           20127       -4.78977405e+01       4.450286e-03
    10           10063       -4.78977466e+01       5.269880e-03
    20           5031       -4.78977687e+01       6.242788e-03
    50           2012       -4.78978098e+01       7.380414e-03
    70           1437       -4.78978008e+01       7.648426e-03
   100           1006       -4.78978098e+01       8.385240e-03
   200            503       -4.78978098e+01       8.124429e-03
   500            201       -4.78983618e+01       8.295933e-03
Stocahstic error estimate: 7.648426e-03

step=11,E=-0.47897770846057475,dE=-0.0020500421417649762,err=7.648425934717448e-05
	gnorm= 0.37057927104699045
	collect g,h time= 0.9365792274475098
symmetric= True
	solver time=1.5937588214874268,exit status=0
niter= 40
	xnorm=20.59080095500809,dnorm=0.7660985232344625
pure_newton= False
ix=0,sh=36992
symmetric= False
	solver time=1262.111592054367,exit status=500
niter= 15501
hessian inversion error= 0.056358850825869396
SR delta norm= 0.7660985232344627
RGN delta norm= 1.0794737764417077
	xnorm=20.59080095500809,dnorm=1.0794737764417077
	log prob= 6.0456306592113
	burn in time= 13.230153799057007
	sample time= 1000.9827909469604
	contraction err= 0.00028411597108831776 0.06605503072180778
nsamples= 100638

Mean energy: -4.79982147e+01
Block size    # of blocks        Mean                Error
     1           100638       -4.79982147e+01       3.002283e-03
     2           50319       -4.79982147e+01       3.651869e-03
     5           20127       -4.79982091e+01       4.724568e-03
    10           10063       -4.79981977e+01       5.708500e-03
    20           5031       -4.79981567e+01       6.932693e-03
    50           2012       -4.79981539e+01       7.946169e-03
    70           1437       -4.79982115e+01       8.289026e-03
   100           1006       -4.79981539e+01       8.641344e-03
   200            503       -4.79981539e+01       8.716498e-03
   500            201       -4.79982192e+01       8.452993e-03
Stocahstic error estimate: 8.289026e-03

	predict=-0.0007116340082771276,actual=(array([-0.00100444]), array([8.28902584e-05]))

nparam= 36992
	log prob= 6.0456306592113
	burn in time= 16.65899968147278
trouble in torch gesdd routine, falling back to gesvd
trouble in torch gesdd routine, falling back to gesvd
	sample time= 368.1342306137085
	contraction err= 0.000285218636590932 0.07090302336789346
nsamples= 100638

Mean energy: -4.79923836e+01
Block size    # of blocks        Mean                Error
     1           100638       -4.79923836e+01       2.991616e-03
     2           50319       -4.79923836e+01       3.653220e-03
     5           20127       -4.79923925e+01       4.771075e-03
    10           10063       -4.79923994e+01       5.815684e-03
    20           5031       -4.79923671e+01       7.047849e-03
    50           2012       -4.79923741e+01       8.758065e-03
    70           1437       -4.79923489e+01       9.441520e-03
   100           1006       -4.79923741e+01       9.255789e-03
   200            503       -4.79923741e+01       1.038877e-02
   500            201       -4.79923274e+01       1.083829e-02
Stocahstic error estimate: 9.441520e-03

step=12,E=-0.4799238364019211,dE=-0.0009461279413463331,err=9.441520115451603e-05
	gnorm= 0.2921165700886936
	collect g,h time= 0.9528331756591797
symmetric= True
	solver time=1.640315055847168,exit status=0
niter= 41
	xnorm=20.965237213800407,dnorm=0.8265589676222523
pure_newton= False
ix=0,sh=36992
symmetric= False
	solver time=1266.1403510570526,exit status=500
niter= 15501
hessian inversion error= 0.04598896868178393
SR delta norm= 0.8265589676222524
RGN delta norm= 1.894031985990547
	xnorm=20.965237213800407,dnorm=1.894031985990547
	log prob= 6.7130522557775025
	burn in time= 14.328625440597534
	sample time= 1001.2112593650818
	contraction err= 0.00033245619181996114 0.14417611751616122
nsamples= 100638

Mean energy: -4.79351257e+01
Block size    # of blocks        Mean                Error
     1           100638       -4.79351257e+01       3.724112e-03
     2           50319       -4.79351257e+01       4.736056e-03
     5           20127       -4.79351095e+01       6.563191e-03
    10           10063       -4.79351013e+01       8.409320e-03
    20           5031       -4.79350997e+01       1.064344e-02
    50           2012       -4.79351170e+01       1.404654e-02
    70           1437       -4.79352434e+01       1.548427e-02
   100           1006       -4.79351170e+01       1.715276e-02
   200            503       -4.79351170e+01       1.843528e-02
   500            201       -4.79352434e+01       1.722307e-02
Stocahstic error estimate: 1.843528e-02

	predict=-0.000765450701823822,actual=(array([0.00057258]), array([0.00018435]))

nparam= 36992
	log prob= 6.424347712165432
	burn in time= 18.03090262413025
trouble in torch gesdd routine, falling back to gesvd
	sample time= 367.4740104675293
	contraction err= 0.00029346055678875106 0.10262905587015572
nsamples= 100638

Mean energy: -4.80245612e+01
Block size    # of blocks        Mean                Error
     1           100638       -4.80245612e+01       2.903314e-03
     2           50319       -4.80245612e+01       3.558496e-03
     5           20127       -4.80245688e+01       4.641635e-03
    10           10063       -4.80245568e+01       5.612563e-03
    20           5031       -4.80245006e+01       6.768859e-03
    50           2012       -4.80244612e+01       8.473539e-03
    70           1437       -4.80244852e+01       8.938070e-03
   100           1006       -4.80244612e+01       8.748818e-03
   200            503       -4.80244612e+01       9.305951e-03
   500            201       -4.80244558e+01       9.402275e-03
Stocahstic error estimate: 8.938070e-03

step=13,E=-0.4802456118651156,dE=-0.0003217754631945269,err=8.938069587940538e-05
	gnorm= 0.26093701382947354
	collect g,h time= 0.9418535232543945
symmetric= True
	solver time=1.6000564098358154,exit status=0
niter= 40
	xnorm=21.108954773069996,dnorm=0.8222216177605836
pure_newton= False
ix=0,sh=36992
symmetric= False
	solver time=1265.9212126731873,exit status=500
niter= 15501
hessian inversion error= 0.05387362568949385
SR delta norm= 0.8222216177605838
RGN delta norm= 1.71767070558134
	xnorm=21.108954773069996,dnorm=1.71767070558134
	log prob= 6.998575604381489
	burn in time= 17.785028219223022
	sample time= 1000.8840808868408
	contraction err= 0.00032877949067173644 0.15525284172982726
nsamples= 100638

Mean energy: -4.80298861e+01
Block size    # of blocks        Mean                Error
     1           100638       -4.80298861e+01       3.229282e-03
     2           50319       -4.80298861e+01       3.968535e-03
     5           20127       -4.80298894e+01       5.211431e-03
    10           10063       -4.80298916e+01       6.286913e-03
    20           5031       -4.80298962e+01       7.546946e-03
    50           2012       -4.80298781e+01       9.161800e-03
    70           1437       -4.80298650e+01       9.389614e-03
   100           1006       -4.80298781e+01       9.973228e-03
   200            503       -4.80298781e+01       1.022496e-02
   500            201       -4.80299734e+01       1.017443e-02
Stocahstic error estimate: 9.389614e-03

	predict=-0.0008087726440039921,actual=(array([-5.32491853e-05]), array([9.38961391e-05]))

nparam= 36992
	log prob= 6.998575604381489
	burn in time= 19.546128034591675
	sample time= 367.05573868751526
	contraction err= 0.00033549198046197055 0.4044399704855789
nsamples= 100638

Mean energy: -4.80347661e+01
Block size    # of blocks        Mean                Error
     1           100638       -4.80347661e+01       3.152668e-03
     2           50319       -4.80347661e+01       3.905078e-03
     5           20127       -4.80347563e+01       5.003345e-03
    10           10063       -4.80347716e+01       6.065315e-03
    20           5031       -4.80347252e+01       7.045319e-03
    50           2012       -4.80347310e+01       8.416388e-03
    70           1437       -4.80347528e+01       8.377591e-03
   100           1006       -4.80347310e+01       9.006025e-03
   200            503       -4.80347310e+01       8.936866e-03
   500            201       -4.80345501e+01       8.979421e-03
Stocahstic error estimate: 8.416388e-03

step=14,E=-0.4803476612143624,dE=-0.00010204934924679777,err=8.416388231643855e-05
	gnorm= 0.30059029924304237
	collect g,h time= 1.0180103778839111
symmetric= True
	solver time=1.6458723545074463,exit status=0
niter= 41
	xnorm=21.440382571057462,dnorm=0.8317116675872972
pure_newton= False
ix=0,sh=36992
symmetric= False
	solver time=1271.200798034668,exit status=500
niter= 15501
hessian inversion error= 0.0988899819707539
SR delta norm= 0.8317116675872973
RGN delta norm= 1.7125934385397783
	xnorm=21.440382571057462,dnorm=1.7125934385397783
	log prob= 7.583001192521425
	burn in time= 18.746719360351562
	sample time= 1001.5454103946686
	contraction err= 0.00036461021501631505 0.09718504610793204
nsamples= 100638

Mean energy: -4.80258229e+01
Block size    # of blocks        Mean                Error
     1           100638       -4.80258229e+01       3.446731e-03
     2           50319       -4.80258229e+01       4.292985e-03
     5           20127       -4.80258143e+01       5.607376e-03
    10           10063       -4.80258059e+01       6.800340e-03
    20           5031       -4.80258098e+01       8.105947e-03
    50           2012       -4.80258165e+01       9.647154e-03
    70           1437       -4.80258304e+01       1.002614e-02
   100           1006       -4.80258165e+01       1.001372e-02
   200            503       -4.80258165e+01       1.025558e-02
   500            201       -4.80257922e+01       1.030099e-02
Stocahstic error estimate: 1.002614e-02

	predict=-0.0008009740084257267,actual=(array([8.94319265e-05]), array([0.00010026]))

nparam= 36992
	log prob= 7.344315536343311
	burn in time= 18.410709142684937
	sample time= 366.7361662387848
	contraction err= 0.0003324036377277823 0.04423016812120539
nsamples= 100638

Mean energy: -4.80795584e+01
Block size    # of blocks        Mean                Error
     1           100638       -4.80795584e+01       3.235773e-03
     2           50319       -4.80795584e+01       3.878808e-03
     5           20127       -4.80795438e+01       4.941485e-03
    10           10063       -4.80795312e+01       5.883933e-03
    20           5031       -4.80795074e+01       6.966617e-03
    50           2012       -4.80794950e+01       8.024704e-03
    70           1437       -4.80795556e+01       8.176987e-03
   100           1006       -4.80794950e+01       8.423316e-03
   200            503       -4.80794950e+01       8.520568e-03
   500            201       -4.80796173e+01       8.402770e-03
Stocahstic error estimate: 8.176987e-03

step=15,E=-0.4807955844360719,dE=-0.0004479232217094875,err=8.176987410833433e-05
	gnorm= 0.45200367757737253
	collect g,h time= 0.9448146820068359
symmetric= True
	solver time=1.3131544589996338,exit status=0
niter= 33
	xnorm=21.559627879856794,dnorm=0.7001649150968132
pure_newton= False
ix=0,sh=36992
symmetric= False
	solver time=1262.8406863212585,exit status=500
niter= 15501
hessian inversion error= 0.036570608205334504
SR delta norm= 0.7001649150968131
RGN delta norm= 1.251315890312021
	xnorm=21.559627879856794,dnorm=1.251315890312021
	log prob= 7.900000026769221
	burn in time= 14.699997663497925
	sample time= 1000.5217509269714
	contraction err= 0.0003559837466482803 0.11921846299207703
nsamples= 100638

Mean energy: -4.81131720e+01
Block size    # of blocks        Mean                Error
     1           100638       -4.81131720e+01       3.031653e-03
     2           50319       -4.81131720e+01       3.745022e-03
     5           20127       -4.81131725e+01       4.993866e-03
    10           10063       -4.81131511e+01       6.177530e-03
    20           5031       -4.81131528e+01       7.541930e-03
    50           2012       -4.81132072e+01       9.443591e-03
    70           1437       -4.81132006e+01       1.024986e-02
   100           1006       -4.81132072e+01       1.062974e-02
   200            503       -4.81132072e+01       1.146044e-02
   500            201       -4.81131135e+01       1.092095e-02
Stocahstic error estimate: 1.062974e-02

	predict=-0.0006399677623008418,actual=(array([-0.00033614]), array([0.0001063]))

nparam= 36992
	log prob= 7.900000026769221
	burn in time= 13.165879726409912
trouble in torch gesdd routine, falling back to gesvd
	sample time= 365.5267252922058
	contraction err= 0.0003548966147778176 0.08945620316651745
nsamples= 100638

Mean energy: -4.81317450e+01
Block size    # of blocks        Mean                Error
     1           100638       -4.81317450e+01       2.947868e-03
     2           50319       -4.81317450e+01       3.601308e-03
     5           20127       -4.81317381e+01       4.676393e-03
    10           10063       -4.81317385e+01       5.645662e-03
    20           5031       -4.81317193e+01       6.703274e-03
    50           2012       -4.81317477e+01       7.913464e-03
    70           1437       -4.81317438e+01       8.375437e-03
   100           1006       -4.81317477e+01       8.639090e-03
   200            503       -4.81317477e+01       8.884689e-03
   500            201       -4.81316598e+01       8.825982e-03
Stocahstic error estimate: 8.639090e-03

step=16,E=-0.48131745001313186,dE=-0.0005218655770599412,err=8.639090043056106e-05
	gnorm= 0.22900052153852857
	collect g,h time= 0.9496572017669678
symmetric= True
	solver time=1.6660380363464355,exit status=0
niter= 41
	xnorm=21.819461886713103,dnorm=0.8171767691131231
pure_newton= False
ix=0,sh=36992
symmetric= False
	solver time=1271.0838901996613,exit status=500
niter= 15501
hessian inversion error= 0.10852216260806853
SR delta norm= 0.8171767691131229
RGN delta norm= 1.7410824077727316
	xnorm=21.819461886713103,dnorm=1.7410824077727316
	log prob= 8.251551773768508
	burn in time= 18.778356075286865
	sample time= 1000.0798704624176
	contraction err= 0.0003814448716530918 0.18834451600162508
nsamples= 100638

Mean energy: -4.80576270e+01
Block size    # of blocks        Mean                Error
     1           100638       -4.80576270e+01       3.450868e-03
     2           50319       -4.80576270e+01       4.238441e-03
     5           20127       -4.80576409e+01       5.525278e-03
    10           10063       -4.80576375e+01       6.633917e-03
    20           5031       -4.80576221e+01       7.916907e-03
    50           2012       -4.80575972e+01       9.713057e-03
    70           1437       -4.80575940e+01       1.015132e-02
   100           1006       -4.80575972e+01       1.093778e-02
   200            503       -4.80575972e+01       1.135573e-02
   500            201       -4.80576015e+01       1.162107e-02
Stocahstic error estimate: 1.015132e-02

	predict=-2.5708080555439384e-06,actual=(array([0.00074118]), array([0.00010151]))

nparam= 36992
	log prob= 8.21548922662333
	burn in time= 16.583415985107422
	sample time= 365.2107651233673
	contraction err= 0.00035607529658964463 0.08537288802529541
nsamples= 100638

Mean energy: -4.81639142e+01
Block size    # of blocks        Mean                Error
     1           100638       -4.81639142e+01       2.642505e-03
     2           50319       -4.81639142e+01       3.196048e-03
     5           20127       -4.81638988e+01       4.042777e-03
    10           10063       -4.81639035e+01       4.775420e-03
    20           5031       -4.81639033e+01       5.629710e-03
    50           2012       -4.81639807e+01       6.150547e-03
    70           1437       -4.81639796e+01       6.215258e-03
   100           1006       -4.81639807e+01       6.105970e-03
   200            503       -4.81639807e+01       6.212451e-03
   500            201       -4.81641372e+01       6.358481e-03
Stocahstic error estimate: 6.215258e-03

step=17,E=-0.48163914209636105,dE=-0.00032169208322919474,err=6.215257531387396e-05
	gnorm= 0.20188705353261474
	collect g,h time= 0.9459328651428223
symmetric= True
	solver time=1.6404898166656494,exit status=0
niter= 41
	xnorm=21.93057926589179,dnorm=0.7508685090893271
pure_newton= False
ix=0,sh=36992
symmetric= False
	solver time=1268.8418004512787,exit status=500
niter= 15501
hessian inversion error= 0.042154698760324016
SR delta norm= 0.7508685090893273
RGN delta norm= 1.3068193039798277
	xnorm=21.93057926589179,dnorm=1.3068193039798277
	log prob= 8.688082159492453
	burn in time= 18.30736255645752
	sample time= 1000.0778017044067
	contraction err= 0.0003976032140892872 0.10899286733532253
nsamples= 100638

Mean energy: -4.81761989e+01
Block size    # of blocks        Mean                Error
     1           100638       -4.81761989e+01       2.863655e-03
     2           50319       -4.81761989e+01       3.469012e-03
     5           20127       -4.81761943e+01       4.430022e-03
    10           10063       -4.81761778e+01       5.250896e-03
    20           5031       -4.81761717e+01       6.257596e-03
    50           2012       -4.81761667e+01       7.488721e-03
    70           1437       -4.81761879e+01       7.931902e-03
   100           1006       -4.81761667e+01       8.227233e-03
   200            503       -4.81761667e+01       8.077493e-03
   500            201       -4.81761000e+01       8.318982e-03
Stocahstic error estimate: 8.227233e-03

	predict=-0.00040473253366725843,actual=(array([-0.00012285]), array([8.22723347e-05]))

nparam= 36992
	log prob= 8.688082159492453
	burn in time= 15.605637311935425
	sample time= 364.701687335968
	contraction err= 0.00040029107962515493 0.084054040771532
nsamples= 100638

Mean energy: -4.81622894e+01
Block size    # of blocks        Mean                Error
     1           100638       -4.81622894e+01       3.001363e-03
     2           50319       -4.81622894e+01       3.697091e-03
     5           20127       -4.81622694e+01       4.735789e-03
    10           10063       -4.81622303e+01       5.736181e-03
    20           5031       -4.81622643e+01       6.854986e-03
    50           2012       -4.81623066e+01       8.491951e-03
    70           1437       -4.81622942e+01       8.951343e-03
   100           1006       -4.81623066e+01       8.943638e-03
   200            503       -4.81623066e+01       9.074742e-03
   500            201       -4.81622149e+01       9.875900e-03
Stocahstic error estimate: 8.951343e-03

step=18,E=-0.4816228939958133,dE=1.6248100547713308e-05,err=8.95134296406623e-05
	gnorm= 0.20782154352196708
	collect g,h time= 0.9473280906677246
symmetric= True
	solver time=1.6576213836669922,exit status=0
niter= 41
	xnorm=22.165915716861967,dnorm=0.8249896096572531
pure_newton= False
ix=0,sh=36992
symmetric= False
	solver time=1263.621770143509,exit status=500
niter= 15501
hessian inversion error= 0.05411321302386497
SR delta norm= 0.824989609657253
RGN delta norm= 2.219149855450421
	xnorm=22.165915716861967,dnorm=2.219149855450421
	log prob= 9.182179129206137
	burn in time= 13.833876371383667
	sample time= 1000.1269381046295
	contraction err= 0.0005046321095614974 0.10866163529729216
nsamples= 100638

Mean energy: -4.80901866e+01
Block size    # of blocks        Mean                Error
     1           100638       -4.80901866e+01       3.614696e-03
     2           50319       -4.80901866e+01       4.557887e-03
     5           20127       -4.80901885e+01       6.201065e-03
    10           10063       -4.80901998e+01       7.785349e-03
    20           5031       -4.80901621e+01       9.556138e-03
    50           2012       -4.80901470e+01       1.159950e-02
    70           1437       -4.80901263e+01       1.248307e-02
   100           1006       -4.80901470e+01       1.302462e-02
   200            503       -4.80901470e+01       1.367609e-02
   500            201       -4.80901010e+01       1.449645e-02
Stocahstic error estimate: 1.302462e-02

	predict=-0.0009367931025171161,actual=(array([0.00072103]), array([0.00013025]))

nparam= 36992
	log prob= 8.968438880213757
	burn in time= 19.217408180236816
trouble in torch gesdd routine, falling back to gesvd
trouble in torch gesdd routine, falling back to gesvd
trouble in torch gesdd routine, falling back to gesvd
	sample time= 364.27478289604187
	contraction err= 0.0004088441500428791 0.15298005024872421
nsamples= 100638

Mean energy: -4.82024463e+01
Block size    # of blocks        Mean                Error
     1           100638       -4.82024463e+01       2.937084e-03
     2           50319       -4.82024463e+01       3.573181e-03
     5           20127       -4.82024519e+01       4.562459e-03
    10           10063       -4.82024075e+01       5.471962e-03
    20           5031       -4.82024298e+01       6.515774e-03
    50           2012       -4.82024479e+01       8.113499e-03
    70           1437       -4.82024160e+01       7.981529e-03
   100           1006       -4.82024479e+01       8.724333e-03
   200            503       -4.82024479e+01       8.967082e-03
   500            201       -4.82024010e+01       8.903477e-03
Stocahstic error estimate: 8.113499e-03

step=19,E=-0.4820244627746038,dE=-0.0004015687787904909,err=8.113499430556459e-05
	gnorm= 0.2371749087112624
	collect g,h time= 0.9373328685760498
symmetric= True
	solver time=1.6502337455749512,exit status=0
niter= 41
	xnorm=22.264266782249674,dnorm=0.7601337077769996
pure_newton= False
ix=0,sh=36992
symmetric= False
	solver time=1266.660740852356,exit status=500
niter= 15501
hessian inversion error= 0.06225083547966711
SR delta norm= 0.760133707777
RGN delta norm= 1.588779736757066
	xnorm=22.264266782249674,dnorm=1.588779736757066
	log prob= 9.31157430016272
	burn in time= 15.604312419891357
	sample time= 999.5907440185547
	contraction err= 0.0004934156467970792 0.10077280671261767
nsamples= 100638

Mean energy: -4.81112793e+01
Block size    # of blocks        Mean                Error
     1           100638       -4.81112793e+01       3.544762e-03
     2           50319       -4.81112793e+01       4.484737e-03
     5           20127       -4.81112711e+01       6.115855e-03
    10           10063       -4.81112549e+01       7.678273e-03
    20           5031       -4.81112499e+01       9.425137e-03
    50           2012       -4.81114359e+01       1.196347e-02
    70           1437       -4.81114228e+01       1.238509e-02
   100           1006       -4.81114359e+01       1.312074e-02
   200            503       -4.81114359e+01       1.348282e-02
   500            201       -4.81112469e+01       1.421456e-02
Stocahstic error estimate: 1.238509e-02

	predict=-0.0005723861363668588,actual=(array([0.00091167]), array([0.00012385]))

nparam= 36992
	log prob= 9.230486094384734
	burn in time= 16.619152784347534
	sample time= 363.92386269569397
	contraction err= 0.0004125403311677657 0.08834058023160789
nsamples= 100638

Mean energy: -4.82332766e+01
Block size    # of blocks        Mean                Error
     1           100638       -4.82332766e+01       2.645451e-03
     2           50319       -4.82332766e+01       3.196708e-03
     5           20127       -4.82332738e+01       4.031572e-03
    10           10063       -4.82332626e+01       4.773604e-03
    20           5031       -4.82332667e+01       5.603170e-03
    50           2012       -4.82332232e+01       6.964715e-03
    70           1437       -4.82332038e+01       7.283946e-03
   100           1006       -4.82332232e+01       8.016857e-03
   200            503       -4.82332232e+01       8.238979e-03
   500            201       -4.82331692e+01       9.641605e-03
Stocahstic error estimate: 7.283946e-03

step=20,E=-0.482332766089624,dE=-0.0003083033150201686,err=7.283945560146454e-05
	gnorm= 0.17752967842273837
	collect g,h time= 0.9573643207550049
symmetric= True
	solver time=1.646104097366333,exit status=0
niter= 41
	xnorm=22.36158344368263,dnorm=0.7366838026696702
pure_newton= False
ix=0,sh=36992
symmetric= False
	solver time=1271.7373721599579,exit status=500
niter= 15501
hessian inversion error= 0.05127409973739721
SR delta norm= 0.7366838026696705
RGN delta norm= 3.849288653344985
	xnorm=22.36158344368263,dnorm=3.849288653344985
	log prob= 9.51872060589819
	burn in time= 19.571181774139404
	sample time= 999.1754927635193
	contraction err= 0.0005914111836635124 0.09645437025032197
nsamples= 100638

Mean energy: -4.80740276e+01
Block size    # of blocks        Mean                Error
     1           100638       -4.80740276e+01       3.777598e-03
     2           50319       -4.80740276e+01       4.711245e-03
     5           20127       -4.80740439e+01       6.237885e-03
    10           10063       -4.80740698e+01       7.594700e-03
    20           5031       -4.80741274e+01       8.931548e-03
    50           2012       -4.80740963e+01       1.050011e-02
    70           1437       -4.80740669e+01       1.146035e-02
   100           1006       -4.80740963e+01       1.139244e-02
   200            503       -4.80740963e+01       1.177810e-02
   500            201       -4.80740640e+01       1.247505e-02
Stocahstic error estimate: 1.146035e-02

	predict=-0.0003312802035339544,actual=(array([0.00159249]), array([0.0001146]))

nparam= 36992
	log prob= 9.47689552113528
	burn in time= 17.105246543884277
	sample time= 363.3649752140045
	contraction err= 0.0004387604128437938 0.2533017217792215
nsamples= 100638

Mean energy: -4.82513990e+01
Block size    # of blocks        Mean                Error
     1           100638       -4.82513990e+01       2.704420e-03
     2           50319       -4.82513990e+01       3.275363e-03
     5           20127       -4.82513903e+01       4.180648e-03
    10           10063       -4.82514223e+01       4.863479e-03
    20           5031       -4.82514178e+01       5.600693e-03
    50           2012       -4.82514266e+01       6.467002e-03
    70           1437       -4.82514079e+01       6.731238e-03
   100           1006       -4.82514266e+01       6.739018e-03
   200            503       -4.82514266e+01       7.343146e-03
   500            201       -4.82512705e+01       7.896554e-03
Stocahstic error estimate: 6.731238e-03

step=21,E=-0.4825139904923699,dE=-0.0001812244027459542,err=6.73123808484665e-05
	gnorm= 1.0241440564482094
	collect g,h time= 0.9501049518585205
symmetric= True
	solver time=0.7816879749298096,exit status=0
niter= 20
	xnorm=22.468332675085602,dnorm=0.38948026095174254
pure_newton= False
ix=0,sh=36992
symmetric= False
	solver time=1268.4155039787292,exit status=500
niter= 15501
hessian inversion error= 0.020123596639766206
SR delta norm= 0.3894802609517425
RGN delta norm= 0.9130477598750688
	xnorm=22.468332675085602,dnorm=0.9130477598750688
	log prob= 9.794568809280177
	burn in time= 19.922813415527344
	sample time= 999.2333104610443
	contraction err= 0.00048246788155633383 0.09453161605157613
nsamples= 100638

Mean energy: -4.82661331e+01
Block size    # of blocks        Mean                Error
     1           100638       -4.82661331e+01       2.652085e-03
     2           50319       -4.82661331e+01       3.204416e-03
     5           20127       -4.82661438e+01       4.082355e-03
    10           10063       -4.82661313e+01       4.883653e-03
    20           5031       -4.82661065e+01       5.667466e-03
    50           2012       -4.82661025e+01       6.626640e-03
    70           1437       -4.82661058e+01       7.060955e-03
   100           1006       -4.82661025e+01       6.714334e-03
   200            503       -4.82661025e+01       6.698297e-03
   500            201       -4.82659979e+01       7.320519e-03
Stocahstic error estimate: 7.060955e-03

	predict=-0.00035344258628909234,actual=(array([-0.00014734]), array([7.06095517e-05]))

nparam= 36992
	log prob= 9.794568809280177
	burn in time= 14.93908953666687
trouble in torch gesdd routine, falling back to gesvd
	sample time= 363.312185049057
	contraction err= 0.00046629915272727114 0.06255102484233831
nsamples= 100638

Mean energy: -4.82725602e+01
Block size    # of blocks        Mean                Error
     1           100638       -4.82725602e+01       2.640467e-03
     2           50319       -4.82725602e+01       3.167856e-03
     5           20127       -4.82725763e+01       3.961316e-03
    10           10063       -4.82725827e+01       4.654286e-03
    20           5031       -4.82725972e+01       5.344487e-03
    50           2012       -4.82725545e+01       6.113142e-03
    70           1437       -4.82725563e+01       6.057934e-03
   100           1006       -4.82725545e+01       6.461937e-03
   200            503       -4.82725545e+01       6.584381e-03
   500            201       -4.82724706e+01       6.588038e-03
Stocahstic error estimate: 6.113142e-03

step=22,E=-0.4827256015998497,dE=-0.00021161110747975443,err=6.113142020293817e-05
	gnorm= 0.1779176468881788
	collect g,h time= 0.9559402465820312
symmetric= True
	solver time=1.6505787372589111,exit status=0
niter= 41
	xnorm=22.625887829418016,dnorm=0.7406336778980569
pure_newton= False
ix=0,sh=36992
symmetric= False
	solver time=1268.5654604434967,exit status=500
niter= 15501
hessian inversion error= 0.021302802515418082
SR delta norm= 0.740633677898057
RGN delta norm= 1.1272244651246717
	xnorm=22.625887829418016,dnorm=1.1272244651246717
	log prob= 10.110811449107148
	burn in time= 16.174089431762695
	sample time= 999.015251159668
	contraction err= 0.0005428706890589646 0.16864611926887024
nsamples= 100638

Mean energy: -4.82724021e+01
Block size    # of blocks        Mean                Error
     1           100638       -4.82724021e+01       2.845504e-03
     2           50319       -4.82724021e+01       3.504780e-03
     5           20127       -4.82723869e+01       4.610153e-03
    10           10063       -4.82723973e+01       5.686666e-03
    20           5031       -4.82724278e+01       6.866540e-03
    50           2012       -4.82724232e+01       8.414541e-03
    70           1437       -4.82723836e+01       9.025993e-03
   100           1006       -4.82724232e+01       9.318757e-03
   200            503       -4.82724232e+01       1.071159e-02
   500            201       -4.82723762e+01       1.083404e-02
Stocahstic error estimate: 9.318757e-03

	predict=-0.0003914449461325423,actual=(array([1.58056532e-06]), array([9.31875736e-05]))

nparam= 36992
	log prob= 9.973794720894043
	burn in time= 14.198158979415894
	sample time= 363.14740562438965
	contraction err= 0.0005184358718825351 0.16264031931784875
nsamples= 100638

Mean energy: -4.82757102e+01
Block size    # of blocks        Mean                Error
     1           100638       -4.82757102e+01       2.751804e-03
     2           50319       -4.82757102e+01       3.311493e-03
     5           20127       -4.82756937e+01       4.310968e-03
    10           10063       -4.82756877e+01       5.152494e-03
    20           5031       -4.82756745e+01       6.017560e-03
    50           2012       -4.82756777e+01       6.954549e-03
    70           1437       -4.82756396e+01       7.659285e-03
   100           1006       -4.82756777e+01       7.667165e-03
   200            503       -4.82756777e+01       7.994599e-03
   500            201       -4.82755888e+01       8.196766e-03
Stocahstic error estimate: 7.667165e-03

step=23,E=-0.4827571019098794,dE=-3.150031002974174e-05,err=7.667164899728956e-05
	gnorm= 0.37024528054659545
	collect g,h time= 0.9463677406311035
symmetric= True
	solver time=1.6433987617492676,exit status=0
niter= 41
	xnorm=22.715048080214476,dnorm=0.7188220187385397
pure_newton= False
ix=0,sh=36992
symmetric= False
	solver time=1265.980212688446,exit status=500
niter= 15501
hessian inversion error= 0.04891824885780288
SR delta norm= 0.7188220187385395
RGN delta norm= 1.192555080498306
	xnorm=22.715048080214476,dnorm=1.192555080498306
	log prob= 10.277378946850334
	burn in time= 16.20403504371643
	sample time= 997.6360657215118
	contraction err= 0.0005687186898220747 0.2167675942562693
nsamples= 100638

Mean energy: -4.82698374e+01
Block size    # of blocks        Mean                Error
     1           100638       -4.82698374e+01       2.870451e-03
     2           50319       -4.82698374e+01       3.577532e-03
     5           20127       -4.82698311e+01       4.745874e-03
    10           10063       -4.82698958e+01       5.830759e-03
    20           5031       -4.82699233e+01       7.176161e-03
    50           2012       -4.82698960e+01       9.194993e-03
    70           1437       -4.82699103e+01       9.454271e-03
   100           1006       -4.82698960e+01       1.051394e-02
   200            503       -4.82698960e+01       1.128000e-02
   500            201       -4.82699890e+01       1.153485e-02
Stocahstic error estimate: 9.454271e-03

	predict=-0.0004633117410181468,actual=(array([5.87280358e-05]), array([9.45427122e-05]))

nparam= 36992
	log prob= 10.18321594634313
	burn in time= 13.623950242996216
	sample time= 362.44894218444824
	contraction err= 0.0005255474953012527 0.13121429625268777
nsamples= 100638

Mean energy: -4.82892039e+01
Block size    # of blocks        Mean                Error
     1           100638       -4.82892039e+01       2.643639e-03
     2           50319       -4.82892039e+01       3.269747e-03
     5           20127       -4.82891981e+01       4.244266e-03
    10           10063       -4.82891924e+01       5.048668e-03
    20           5031       -4.82892248e+01       6.077410e-03
    50           2012       -4.82892245e+01       7.406272e-03
    70           1437       -4.82892222e+01       7.251623e-03
   100           1006       -4.82892245e+01       7.645559e-03
   200            503       -4.82892245e+01       7.689079e-03
   500            201       -4.82892323e+01       8.251765e-03
Stocahstic error estimate: 7.406272e-03

step=24,E=-0.48289203867505215,dE=-0.0001349367651727107,err=7.406272495084807e-05
	gnorm= 0.25596522821405415
	collect g,h time= 0.9461455345153809
symmetric= True
	solver time=1.5578274726867676,exit status=0
niter= 39
	xnorm=22.810725752269416,dnorm=0.705649007552365
pure_newton= False
ix=0,sh=36992
symmetric= False
	solver time=1260.525139093399,exit status=500
niter= 15501
hessian inversion error= 0.025065181678651603
SR delta norm= 0.7056490075523648
RGN delta norm= 2.1385730495505513
	xnorm=22.810725752269416,dnorm=2.1385730495505513
	log prob= 10.634323337378884
	burn in time= 17.827783823013306
	sample time= 996.6991412639618
	contraction err= 0.0006633090257774722 0.13174339977574237
nsamples= 100638

Mean energy: -4.82417837e+01
Block size    # of blocks        Mean                Error
     1           100638       -4.82417837e+01       3.047929e-03
     2           50319       -4.82417837e+01       3.748742e-03
     5           20127       -4.82417793e+01       4.816534e-03
    10           10063       -4.82417345e+01       5.780841e-03
    20           5031       -4.82417193e+01       6.667876e-03
    50           2012       -4.82418607e+01       7.610205e-03
    70           1437       -4.82418522e+01       8.044573e-03
   100           1006       -4.82418607e+01       8.075156e-03
   200            503       -4.82418607e+01       7.833902e-03
   500            201       -4.82417644e+01       7.736340e-03
Stocahstic error estimate: 8.075156e-03

	predict=-0.0005522714113519443,actual=(array([0.0004742]), array([8.07515619e-05]))

nparam= 36992
	log prob= 10.39470495504649
	burn in time= 18.642353296279907
	sample time= 362.02206015586853
	contraction err= 0.0005536640365870502 0.15058336358029056
nsamples= 100638

Mean energy: -4.82955889e+01
Block size    # of blocks        Mean                Error
     1           100638       -4.82955889e+01       2.654366e-03
     2           50319       -4.82955889e+01       3.226485e-03
     5           20127       -4.82955928e+01       4.048455e-03
    10           10063       -4.82955927e+01       4.768232e-03
    20           5031       -4.82955764e+01       5.446312e-03
    50           2012       -4.82955763e+01       6.396860e-03
    70           1437       -4.82955828e+01       6.505507e-03
   100           1006       -4.82955763e+01       7.131518e-03
   200            503       -4.82955763e+01       7.252611e-03
   500            201       -4.82954857e+01       7.224132e-03
Stocahstic error estimate: 6.505507e-03

step=25,E=-0.482955889465562,dE=-6.385079050986065e-05,err=6.505507498286919e-05
	gnorm= 0.3918810451557333
	collect g,h time= 0.9511556625366211
symmetric= True
	solver time=1.2696201801300049,exit status=0
niter= 32
	xnorm=22.908269412697155,dnorm=0.5544718339707336
pure_newton= False
ix=0,sh=36992
symmetric= False
	solver time=1264.0518169403076,exit status=500
niter= 15501
hessian inversion error= 0.016405321965685178
SR delta norm= 0.5544718339707336
RGN delta norm= 2.702212909237638
	xnorm=22.908269412697155,dnorm=2.702212909237638
	log prob= 10.785538279275736
	burn in time= 15.301604270935059
	sample time= 997.2957963943481
	contraction err= 0.0006956591073164273 0.16801880473257938
nsamples= 100638

Mean energy: -4.82517003e+01
Block size    # of blocks        Mean                Error
     1           100638       -4.82517003e+01       3.061172e-03
     2           50319       -4.82517003e+01       3.813751e-03
     5           20127       -4.82516888e+01       5.054092e-03
    10           10063       -4.82516921e+01       6.189376e-03
    20           5031       -4.82517195e+01       7.377194e-03
    50           2012       -4.82517395e+01       8.666534e-03
    70           1437       -4.82517244e+01       8.784489e-03
   100           1006       -4.82517395e+01       8.999484e-03
   200            503       -4.82517395e+01       9.575183e-03
   500            201       -4.82517181e+01       1.108451e-02
Stocahstic error estimate: 8.784489e-03

	predict=-0.00046803013561642415,actual=(array([0.00043889]), array([8.78448902e-05]))

nparam= 36992
	log prob= 10.549153138744042
	burn in time= 14.156220436096191
	sample time= 362.17479252815247
	contraction err= 0.0005653128202422784 0.18901481761120684
nsamples= 100638

Mean energy: -4.83213693e+01
Block size    # of blocks        Mean                Error
     1           100638       -4.83213693e+01       2.465350e-03
     2           50319       -4.83213693e+01       2.951827e-03
     5           20127       -4.83213740e+01       3.616039e-03
    10           10063       -4.83213748e+01       4.082848e-03
    20           5031       -4.83213503e+01       4.728762e-03
    50           2012       -4.83213834e+01       5.195359e-03
    70           1437       -4.83213911e+01       5.646585e-03
   100           1006       -4.83213834e+01       5.415561e-03
   200            503       -4.83213834e+01       5.291222e-03
   500            201       -4.83213060e+01       5.367873e-03
Stocahstic error estimate: 5.646585e-03

step=26,E=-0.48321369341863324,dE=-0.0002578039530712317,err=5.646584545841898e-05
	gnorm= 0.2258149933570322
	collect g,h time= 0.9488675594329834
symmetric= True
	solver time=1.428724765777588,exit status=0
niter= 36
	xnorm=22.980147518294736,dnorm=0.5963679334676193
pure_newton= False
ix=0,sh=36992
symmetric= False
