block_dict= [(0, 36992)]
sizes= [36992]
SIZE= 640
Lx,Ly= 10 10
D= 4
rate= 0.1 0.5
cond= 0.001 0.001
guess= 1

nparam= 36992
	log prob= 4.516331964887037
	burn in time= 14.195821523666382
	sample time= 368.0275321006775
	contraction err= 0.00017115614048540177 0.8061419927436636
nsamples= 100638

Mean energy: -4.76927666e+01
Block size    # of blocks        Mean                Error
     1           100638       -4.76927666e+01       2.830111e-03
     2           50319       -4.76927666e+01       3.388856e-03
     5           20127       -4.76927524e+01       4.172644e-03
    10           10063       -4.76927685e+01       4.851278e-03
    20           5031       -4.76927981e+01       5.743242e-03
    50           2012       -4.76927782e+01       7.084777e-03
    70           1437       -4.76927611e+01       7.125729e-03
   100           1006       -4.76927782e+01       7.524298e-03
   200            503       -4.76927782e+01       7.930697e-03
   500            201       -4.76927156e+01       7.954878e-03
Stocahstic error estimate: 7.125729e-03

step=10,E=-0.4769276663188098,dE=0.0,err=7.125728966428092e-05
	gnorm= 0.5082081909661469
	collect g,h time= 0.9361793994903564
symmetric= True
	solver time=1.6055254936218262,exit status=0
niter= 40
	xnorm=19.905368224633975,dnorm=0.6568558338222259
pure_newton= False
ix=0,sh=36992
symmetric= False
	solver time=1262.5592420101166,exit status=500
niter= 15501
hessian inversion error= 0.041024815338074304
SR delta norm= 0.656855833822226
RGN delta norm= 1.3565907473458698
	xnorm=19.905368224633975,dnorm=1.3565907473458698
	log prob= 5.484259392619694
	burn in time= 19.473978757858276
	sample time= 1000.264990568161
	contraction err= 0.0002428119173708786 0.05895519354339377
nsamples= 100638

Mean energy: -4.78697839e+01
Block size    # of blocks        Mean                Error
     1           100638       -4.78697839e+01       3.336300e-03
     2           50319       -4.78697839e+01       4.061220e-03
     5           20127       -4.78698150e+01       5.351335e-03
    10           10063       -4.78698116e+01       6.654046e-03
    20           5031       -4.78698050e+01       8.320456e-03
    50           2012       -4.78697937e+01       1.091497e-02
    70           1437       -4.78697795e+01       1.168072e-02
   100           1006       -4.78697937e+01       1.222408e-02
   200            503       -4.78697937e+01       1.271043e-02
   500            201       -4.78697630e+01       1.368216e-02
Stocahstic error estimate: 1.222408e-02

	predict=-0.0009637230253758608,actual=(array([-0.00177017]), array([0.00012224]))

nparam= 36992
	log prob= 5.484259392619694
	burn in time= 17.173789978027344
	sample time= 368.37707328796387
	contraction err= 0.00024442326923123243 0.04844671994910131
nsamples= 100638

Mean energy: -4.78977708e+01
Block size    # of blocks        Mean                Error
     1           100638       -4.78977708e+01       2.892781e-03
     2           50319       -4.78977708e+01       3.515844e-03
     5           20127       -4.78977405e+01       4.450286e-03
    10           10063       -4.78977466e+01       5.269880e-03
    20           5031       -4.78977687e+01       6.242788e-03
    50           2012       -4.78978098e+01       7.380414e-03
    70           1437       -4.78978008e+01       7.648426e-03
   100           1006       -4.78978098e+01       8.385240e-03
   200            503       -4.78978098e+01       8.124429e-03
   500            201       -4.78983618e+01       8.295933e-03
Stocahstic error estimate: 7.648426e-03

step=11,E=-0.47897770846057475,dE=-0.0020500421417649762,err=7.648425934717448e-05
	gnorm= 0.37057927104699045
	collect g,h time= 0.9365792274475098
symmetric= True
	solver time=1.5937588214874268,exit status=0
niter= 40
	xnorm=20.59080095500809,dnorm=0.7660985232344625
pure_newton= False
ix=0,sh=36992
symmetric= False
	solver time=1262.111592054367,exit status=500
niter= 15501
hessian inversion error= 0.056358850825869396
SR delta norm= 0.7660985232344627
RGN delta norm= 1.0794737764417077
	xnorm=20.59080095500809,dnorm=1.0794737764417077
	log prob= 6.0456306592113
	burn in time= 13.230153799057007
	sample time= 1000.9827909469604
	contraction err= 0.00028411597108831776 0.06605503072180778
nsamples= 100638

Mean energy: -4.79982147e+01
Block size    # of blocks        Mean                Error
     1           100638       -4.79982147e+01       3.002283e-03
     2           50319       -4.79982147e+01       3.651869e-03
     5           20127       -4.79982091e+01       4.724568e-03
    10           10063       -4.79981977e+01       5.708500e-03
    20           5031       -4.79981567e+01       6.932693e-03
    50           2012       -4.79981539e+01       7.946169e-03
    70           1437       -4.79982115e+01       8.289026e-03
   100           1006       -4.79981539e+01       8.641344e-03
   200            503       -4.79981539e+01       8.716498e-03
   500            201       -4.79982192e+01       8.452993e-03
Stocahstic error estimate: 8.289026e-03

	predict=-0.0007116340082771276,actual=(array([-0.00100444]), array([8.28902584e-05]))

nparam= 36992
	log prob= 6.0456306592113
	burn in time= 16.65899968147278
trouble in torch gesdd routine, falling back to gesvd
trouble in torch gesdd routine, falling back to gesvd
	sample time= 368.1342306137085
	contraction err= 0.000285218636590932 0.07090302336789346
nsamples= 100638

Mean energy: -4.79923836e+01
Block size    # of blocks        Mean                Error
     1           100638       -4.79923836e+01       2.991616e-03
     2           50319       -4.79923836e+01       3.653220e-03
     5           20127       -4.79923925e+01       4.771075e-03
    10           10063       -4.79923994e+01       5.815684e-03
    20           5031       -4.79923671e+01       7.047849e-03
    50           2012       -4.79923741e+01       8.758065e-03
    70           1437       -4.79923489e+01       9.441520e-03
   100           1006       -4.79923741e+01       9.255789e-03
   200            503       -4.79923741e+01       1.038877e-02
   500            201       -4.79923274e+01       1.083829e-02
Stocahstic error estimate: 9.441520e-03

step=12,E=-0.4799238364019211,dE=-0.0009461279413463331,err=9.441520115451603e-05
	gnorm= 0.2921165700886936
	collect g,h time= 0.9528331756591797
symmetric= True
	solver time=1.640315055847168,exit status=0
niter= 41
	xnorm=20.965237213800407,dnorm=0.8265589676222523
pure_newton= False
ix=0,sh=36992
symmetric= False
	solver time=1266.1403510570526,exit status=500
niter= 15501
hessian inversion error= 0.04598896868178393
SR delta norm= 0.8265589676222524
RGN delta norm= 1.894031985990547
	xnorm=20.965237213800407,dnorm=1.894031985990547
	log prob= 6.7130522557775025
	burn in time= 14.328625440597534
	sample time= 1001.2112593650818
	contraction err= 0.00033245619181996114 0.14417611751616122
nsamples= 100638

Mean energy: -4.79351257e+01
Block size    # of blocks        Mean                Error
     1           100638       -4.79351257e+01       3.724112e-03
     2           50319       -4.79351257e+01       4.736056e-03
     5           20127       -4.79351095e+01       6.563191e-03
    10           10063       -4.79351013e+01       8.409320e-03
    20           5031       -4.79350997e+01       1.064344e-02
    50           2012       -4.79351170e+01       1.404654e-02
    70           1437       -4.79352434e+01       1.548427e-02
   100           1006       -4.79351170e+01       1.715276e-02
   200            503       -4.79351170e+01       1.843528e-02
   500            201       -4.79352434e+01       1.722307e-02
Stocahstic error estimate: 1.843528e-02

	predict=-0.000765450701823822,actual=(array([0.00057258]), array([0.00018435]))

nparam= 36992
	log prob= 6.424347712165432
	burn in time= 18.03090262413025
trouble in torch gesdd routine, falling back to gesvd
	sample time= 367.4740104675293
	contraction err= 0.00029346055678875106 0.10262905587015572
nsamples= 100638

Mean energy: -4.80245612e+01
Block size    # of blocks        Mean                Error
     1           100638       -4.80245612e+01       2.903314e-03
     2           50319       -4.80245612e+01       3.558496e-03
     5           20127       -4.80245688e+01       4.641635e-03
    10           10063       -4.80245568e+01       5.612563e-03
    20           5031       -4.80245006e+01       6.768859e-03
    50           2012       -4.80244612e+01       8.473539e-03
    70           1437       -4.80244852e+01       8.938070e-03
   100           1006       -4.80244612e+01       8.748818e-03
   200            503       -4.80244612e+01       9.305951e-03
   500            201       -4.80244558e+01       9.402275e-03
Stocahstic error estimate: 8.938070e-03

step=13,E=-0.4802456118651156,dE=-0.0003217754631945269,err=8.938069587940538e-05
	gnorm= 0.26093701382947354
	collect g,h time= 0.9418535232543945
symmetric= True
	solver time=1.6000564098358154,exit status=0
niter= 40
	xnorm=21.108954773069996,dnorm=0.8222216177605836
pure_newton= False
ix=0,sh=36992
symmetric= False
	solver time=1265.9212126731873,exit status=500
niter= 15501
hessian inversion error= 0.05387362568949385
SR delta norm= 0.8222216177605838
RGN delta norm= 1.71767070558134
	xnorm=21.108954773069996,dnorm=1.71767070558134
	log prob= 6.998575604381489
	burn in time= 17.785028219223022
	sample time= 1000.8840808868408
	contraction err= 0.00032877949067173644 0.15525284172982726
nsamples= 100638

Mean energy: -4.80298861e+01
Block size    # of blocks        Mean                Error
     1           100638       -4.80298861e+01       3.229282e-03
     2           50319       -4.80298861e+01       3.968535e-03
     5           20127       -4.80298894e+01       5.211431e-03
    10           10063       -4.80298916e+01       6.286913e-03
    20           5031       -4.80298962e+01       7.546946e-03
    50           2012       -4.80298781e+01       9.161800e-03
    70           1437       -4.80298650e+01       9.389614e-03
   100           1006       -4.80298781e+01       9.973228e-03
   200            503       -4.80298781e+01       1.022496e-02
   500            201       -4.80299734e+01       1.017443e-02
Stocahstic error estimate: 9.389614e-03

	predict=-0.0008087726440039921,actual=(array([-5.32491853e-05]), array([9.38961391e-05]))

nparam= 36992
	log prob= 6.998575604381489
	burn in time= 19.546128034591675
	sample time= 367.05573868751526
	contraction err= 0.00033549198046197055 0.4044399704855789
nsamples= 100638

Mean energy: -4.80347661e+01
Block size    # of blocks        Mean                Error
     1           100638       -4.80347661e+01       3.152668e-03
     2           50319       -4.80347661e+01       3.905078e-03
     5           20127       -4.80347563e+01       5.003345e-03
    10           10063       -4.80347716e+01       6.065315e-03
    20           5031       -4.80347252e+01       7.045319e-03
    50           2012       -4.80347310e+01       8.416388e-03
    70           1437       -4.80347528e+01       8.377591e-03
   100           1006       -4.80347310e+01       9.006025e-03
   200            503       -4.80347310e+01       8.936866e-03
   500            201       -4.80345501e+01       8.979421e-03
Stocahstic error estimate: 8.416388e-03

step=14,E=-0.4803476612143624,dE=-0.00010204934924679777,err=8.416388231643855e-05
	gnorm= 0.30059029924304237
	collect g,h time= 1.0180103778839111
symmetric= True
	solver time=1.6458723545074463,exit status=0
niter= 41
	xnorm=21.440382571057462,dnorm=0.8317116675872972
pure_newton= False
ix=0,sh=36992
symmetric= False
	solver time=1271.200798034668,exit status=500
niter= 15501
hessian inversion error= 0.0988899819707539
SR delta norm= 0.8317116675872973
RGN delta norm= 1.7125934385397783
	xnorm=21.440382571057462,dnorm=1.7125934385397783
	log prob= 7.583001192521425
	burn in time= 18.746719360351562
	sample time= 1001.5454103946686
	contraction err= 0.00036461021501631505 0.09718504610793204
nsamples= 100638

Mean energy: -4.80258229e+01
Block size    # of blocks        Mean                Error
     1           100638       -4.80258229e+01       3.446731e-03
     2           50319       -4.80258229e+01       4.292985e-03
     5           20127       -4.80258143e+01       5.607376e-03
    10           10063       -4.80258059e+01       6.800340e-03
    20           5031       -4.80258098e+01       8.105947e-03
    50           2012       -4.80258165e+01       9.647154e-03
    70           1437       -4.80258304e+01       1.002614e-02
   100           1006       -4.80258165e+01       1.001372e-02
   200            503       -4.80258165e+01       1.025558e-02
   500            201       -4.80257922e+01       1.030099e-02
Stocahstic error estimate: 1.002614e-02

	predict=-0.0008009740084257267,actual=(array([8.94319265e-05]), array([0.00010026]))

nparam= 36992
	log prob= 7.344315536343311
	burn in time= 18.410709142684937
	sample time= 366.7361662387848
	contraction err= 0.0003324036377277823 0.04423016812120539
nsamples= 100638

Mean energy: -4.80795584e+01
Block size    # of blocks        Mean                Error
     1           100638       -4.80795584e+01       3.235773e-03
     2           50319       -4.80795584e+01       3.878808e-03
     5           20127       -4.80795438e+01       4.941485e-03
    10           10063       -4.80795312e+01       5.883933e-03
    20           5031       -4.80795074e+01       6.966617e-03
    50           2012       -4.80794950e+01       8.024704e-03
    70           1437       -4.80795556e+01       8.176987e-03
   100           1006       -4.80794950e+01       8.423316e-03
   200            503       -4.80794950e+01       8.520568e-03
   500            201       -4.80796173e+01       8.402770e-03
Stocahstic error estimate: 8.176987e-03

step=15,E=-0.4807955844360719,dE=-0.0004479232217094875,err=8.176987410833433e-05
	gnorm= 0.45200367757737253
	collect g,h time= 0.9448146820068359
symmetric= True
	solver time=1.3131544589996338,exit status=0
niter= 33
	xnorm=21.559627879856794,dnorm=0.7001649150968132
pure_newton= False
ix=0,sh=36992
symmetric= False
	solver time=1262.8406863212585,exit status=500
niter= 15501
hessian inversion error= 0.036570608205334504
SR delta norm= 0.7001649150968131
RGN delta norm= 1.251315890312021
	xnorm=21.559627879856794,dnorm=1.251315890312021
	log prob= 7.900000026769221
	burn in time= 14.699997663497925
	sample time= 1000.5217509269714
	contraction err= 0.0003559837466482803 0.11921846299207703
nsamples= 100638

Mean energy: -4.81131720e+01
Block size    # of blocks        Mean                Error
     1           100638       -4.81131720e+01       3.031653e-03
     2           50319       -4.81131720e+01       3.745022e-03
     5           20127       -4.81131725e+01       4.993866e-03
    10           10063       -4.81131511e+01       6.177530e-03
    20           5031       -4.81131528e+01       7.541930e-03
    50           2012       -4.81132072e+01       9.443591e-03
    70           1437       -4.81132006e+01       1.024986e-02
   100           1006       -4.81132072e+01       1.062974e-02
   200            503       -4.81132072e+01       1.146044e-02
   500            201       -4.81131135e+01       1.092095e-02
Stocahstic error estimate: 1.062974e-02

	predict=-0.0006399677623008418,actual=(array([-0.00033614]), array([0.0001063]))

nparam= 36992
	log prob= 7.900000026769221
	burn in time= 13.165879726409912
trouble in torch gesdd routine, falling back to gesvd
	sample time= 365.5267252922058
	contraction err= 0.0003548966147778176 0.08945620316651745
nsamples= 100638

Mean energy: -4.81317450e+01
Block size    # of blocks        Mean                Error
     1           100638       -4.81317450e+01       2.947868e-03
     2           50319       -4.81317450e+01       3.601308e-03
     5           20127       -4.81317381e+01       4.676393e-03
    10           10063       -4.81317385e+01       5.645662e-03
    20           5031       -4.81317193e+01       6.703274e-03
    50           2012       -4.81317477e+01       7.913464e-03
    70           1437       -4.81317438e+01       8.375437e-03
   100           1006       -4.81317477e+01       8.639090e-03
   200            503       -4.81317477e+01       8.884689e-03
   500            201       -4.81316598e+01       8.825982e-03
Stocahstic error estimate: 8.639090e-03

step=16,E=-0.48131745001313186,dE=-0.0005218655770599412,err=8.639090043056106e-05
	gnorm= 0.22900052153852857
	collect g,h time= 0.9496572017669678
symmetric= True
	solver time=1.6660380363464355,exit status=0
niter= 41
	xnorm=21.819461886713103,dnorm=0.8171767691131231
pure_newton= False
ix=0,sh=36992
symmetric= False
	solver time=1271.0838901996613,exit status=500
niter= 15501
hessian inversion error= 0.10852216260806853
SR delta norm= 0.8171767691131229
RGN delta norm= 1.7410824077727316
	xnorm=21.819461886713103,dnorm=1.7410824077727316
	log prob= 8.251551773768508
	burn in time= 18.778356075286865
	sample time= 1000.0798704624176
	contraction err= 0.0003814448716530918 0.18834451600162508
nsamples= 100638

Mean energy: -4.80576270e+01
Block size    # of blocks        Mean                Error
     1           100638       -4.80576270e+01       3.450868e-03
     2           50319       -4.80576270e+01       4.238441e-03
     5           20127       -4.80576409e+01       5.525278e-03
    10           10063       -4.80576375e+01       6.633917e-03
    20           5031       -4.80576221e+01       7.916907e-03
    50           2012       -4.80575972e+01       9.713057e-03
    70           1437       -4.80575940e+01       1.015132e-02
   100           1006       -4.80575972e+01       1.093778e-02
   200            503       -4.80575972e+01       1.135573e-02
   500            201       -4.80576015e+01       1.162107e-02
Stocahstic error estimate: 1.015132e-02

	predict=-2.5708080555439384e-06,actual=(array([0.00074118]), array([0.00010151]))

nparam= 36992
	log prob= 8.21548922662333
	burn in time= 16.583415985107422
	sample time= 365.2107651233673
	contraction err= 0.00035607529658964463 0.08537288802529541
nsamples= 100638

Mean energy: -4.81639142e+01
Block size    # of blocks        Mean                Error
     1           100638       -4.81639142e+01       2.642505e-03
     2           50319       -4.81639142e+01       3.196048e-03
     5           20127       -4.81638988e+01       4.042777e-03
    10           10063       -4.81639035e+01       4.775420e-03
    20           5031       -4.81639033e+01       5.629710e-03
    50           2012       -4.81639807e+01       6.150547e-03
    70           1437       -4.81639796e+01       6.215258e-03
   100           1006       -4.81639807e+01       6.105970e-03
   200            503       -4.81639807e+01       6.212451e-03
   500            201       -4.81641372e+01       6.358481e-03
Stocahstic error estimate: 6.215258e-03

step=17,E=-0.48163914209636105,dE=-0.00032169208322919474,err=6.215257531387396e-05
	gnorm= 0.20188705353261474
	collect g,h time= 0.9459328651428223
symmetric= True
	solver time=1.6404898166656494,exit status=0
niter= 41
	xnorm=21.93057926589179,dnorm=0.7508685090893271
pure_newton= False
ix=0,sh=36992
symmetric= False
	solver time=1268.8418004512787,exit status=500
niter= 15501
hessian inversion error= 0.042154698760324016
SR delta norm= 0.7508685090893273
RGN delta norm= 1.3068193039798277
	xnorm=21.93057926589179,dnorm=1.3068193039798277
	log prob= 8.688082159492453
	burn in time= 18.30736255645752
	sample time= 1000.0778017044067
	contraction err= 0.0003976032140892872 0.10899286733532253
nsamples= 100638

Mean energy: -4.81761989e+01
Block size    # of blocks        Mean                Error
     1           100638       -4.81761989e+01       2.863655e-03
     2           50319       -4.81761989e+01       3.469012e-03
     5           20127       -4.81761943e+01       4.430022e-03
    10           10063       -4.81761778e+01       5.250896e-03
    20           5031       -4.81761717e+01       6.257596e-03
    50           2012       -4.81761667e+01       7.488721e-03
    70           1437       -4.81761879e+01       7.931902e-03
   100           1006       -4.81761667e+01       8.227233e-03
   200            503       -4.81761667e+01       8.077493e-03
   500            201       -4.81761000e+01       8.318982e-03
Stocahstic error estimate: 8.227233e-03

	predict=-0.00040473253366725843,actual=(array([-0.00012285]), array([8.22723347e-05]))

nparam= 36992
	log prob= 8.688082159492453
	burn in time= 15.605637311935425
	sample time= 364.701687335968
	contraction err= 0.00040029107962515493 0.084054040771532
nsamples= 100638

Mean energy: -4.81622894e+01
Block size    # of blocks        Mean                Error
     1           100638       -4.81622894e+01       3.001363e-03
     2           50319       -4.81622894e+01       3.697091e-03
     5           20127       -4.81622694e+01       4.735789e-03
    10           10063       -4.81622303e+01       5.736181e-03
    20           5031       -4.81622643e+01       6.854986e-03
    50           2012       -4.81623066e+01       8.491951e-03
    70           1437       -4.81622942e+01       8.951343e-03
   100           1006       -4.81623066e+01       8.943638e-03
   200            503       -4.81623066e+01       9.074742e-03
   500            201       -4.81622149e+01       9.875900e-03
Stocahstic error estimate: 8.951343e-03

step=18,E=-0.4816228939958133,dE=1.6248100547713308e-05,err=8.95134296406623e-05
	gnorm= 0.20782154352196708
	collect g,h time= 0.9473280906677246
symmetric= True
	solver time=1.6576213836669922,exit status=0
niter= 41
	xnorm=22.165915716861967,dnorm=0.8249896096572531
pure_newton= False
ix=0,sh=36992
symmetric= False
	solver time=1263.621770143509,exit status=500
niter= 15501
hessian inversion error= 0.05411321302386497
SR delta norm= 0.824989609657253
RGN delta norm= 2.219149855450421
	xnorm=22.165915716861967,dnorm=2.219149855450421
	log prob= 9.182179129206137
	burn in time= 13.833876371383667
	sample time= 1000.1269381046295
	contraction err= 0.0005046321095614974 0.10866163529729216
nsamples= 100638

Mean energy: -4.80901866e+01
Block size    # of blocks        Mean                Error
     1           100638       -4.80901866e+01       3.614696e-03
     2           50319       -4.80901866e+01       4.557887e-03
     5           20127       -4.80901885e+01       6.201065e-03
    10           10063       -4.80901998e+01       7.785349e-03
    20           5031       -4.80901621e+01       9.556138e-03
    50           2012       -4.80901470e+01       1.159950e-02
    70           1437       -4.80901263e+01       1.248307e-02
   100           1006       -4.80901470e+01       1.302462e-02
   200            503       -4.80901470e+01       1.367609e-02
   500            201       -4.80901010e+01       1.449645e-02
Stocahstic error estimate: 1.302462e-02

	predict=-0.0009367931025171161,actual=(array([0.00072103]), array([0.00013025]))

nparam= 36992
	log prob= 8.968438880213757
	burn in time= 19.217408180236816
trouble in torch gesdd routine, falling back to gesvd
trouble in torch gesdd routine, falling back to gesvd
trouble in torch gesdd routine, falling back to gesvd
	sample time= 364.27478289604187
	contraction err= 0.0004088441500428791 0.15298005024872421
nsamples= 100638

Mean energy: -4.82024463e+01
Block size    # of blocks        Mean                Error
     1           100638       -4.82024463e+01       2.937084e-03
     2           50319       -4.82024463e+01       3.573181e-03
     5           20127       -4.82024519e+01       4.562459e-03
    10           10063       -4.82024075e+01       5.471962e-03
    20           5031       -4.82024298e+01       6.515774e-03
    50           2012       -4.82024479e+01       8.113499e-03
    70           1437       -4.82024160e+01       7.981529e-03
   100           1006       -4.82024479e+01       8.724333e-03
   200            503       -4.82024479e+01       8.967082e-03
   500            201       -4.82024010e+01       8.903477e-03
Stocahstic error estimate: 8.113499e-03

step=19,E=-0.4820244627746038,dE=-0.0004015687787904909,err=8.113499430556459e-05
	gnorm= 0.2371749087112624
	collect g,h time= 0.9373328685760498
symmetric= True
	solver time=1.6502337455749512,exit status=0
niter= 41
	xnorm=22.264266782249674,dnorm=0.7601337077769996
pure_newton= False
ix=0,sh=36992
symmetric= False
	solver time=1266.660740852356,exit status=500
niter= 15501
hessian inversion error= 0.06225083547966711
SR delta norm= 0.760133707777
RGN delta norm= 1.588779736757066
	xnorm=22.264266782249674,dnorm=1.588779736757066
	log prob= 9.31157430016272
	burn in time= 15.604312419891357
	sample time= 999.5907440185547
	contraction err= 0.0004934156467970792 0.10077280671261767
nsamples= 100638

Mean energy: -4.81112793e+01
Block size    # of blocks        Mean                Error
     1           100638       -4.81112793e+01       3.544762e-03
     2           50319       -4.81112793e+01       4.484737e-03
     5           20127       -4.81112711e+01       6.115855e-03
    10           10063       -4.81112549e+01       7.678273e-03
    20           5031       -4.81112499e+01       9.425137e-03
    50           2012       -4.81114359e+01       1.196347e-02
    70           1437       -4.81114228e+01       1.238509e-02
   100           1006       -4.81114359e+01       1.312074e-02
   200            503       -4.81114359e+01       1.348282e-02
   500            201       -4.81112469e+01       1.421456e-02
Stocahstic error estimate: 1.238509e-02

	predict=-0.0005723861363668588,actual=(array([0.00091167]), array([0.00012385]))

nparam= 36992
	log prob= 9.230486094384734
	burn in time= 16.619152784347534
	sample time= 363.92386269569397
	contraction err= 0.0004125403311677657 0.08834058023160789
nsamples= 100638

Mean energy: -4.82332766e+01
Block size    # of blocks        Mean                Error
     1           100638       -4.82332766e+01       2.645451e-03
     2           50319       -4.82332766e+01       3.196708e-03
     5           20127       -4.82332738e+01       4.031572e-03
    10           10063       -4.82332626e+01       4.773604e-03
    20           5031       -4.82332667e+01       5.603170e-03
    50           2012       -4.82332232e+01       6.964715e-03
    70           1437       -4.82332038e+01       7.283946e-03
   100           1006       -4.82332232e+01       8.016857e-03
   200            503       -4.82332232e+01       8.238979e-03
   500            201       -4.82331692e+01       9.641605e-03
Stocahstic error estimate: 7.283946e-03

step=20,E=-0.482332766089624,dE=-0.0003083033150201686,err=7.283945560146454e-05
	gnorm= 0.17752967842273837
	collect g,h time= 0.9573643207550049
symmetric= True
	solver time=1.646104097366333,exit status=0
niter= 41
	xnorm=22.36158344368263,dnorm=0.7366838026696702
pure_newton= False
ix=0,sh=36992
symmetric= False
	solver time=1271.7373721599579,exit status=500
niter= 15501
hessian inversion error= 0.05127409973739721
SR delta norm= 0.7366838026696705
RGN delta norm= 3.849288653344985
	xnorm=22.36158344368263,dnorm=3.849288653344985
	log prob= 9.51872060589819
	burn in time= 19.571181774139404
	sample time= 999.1754927635193
	contraction err= 0.0005914111836635124 0.09645437025032197
nsamples= 100638

Mean energy: -4.80740276e+01
Block size    # of blocks        Mean                Error
     1           100638       -4.80740276e+01       3.777598e-03
     2           50319       -4.80740276e+01       4.711245e-03
     5           20127       -4.80740439e+01       6.237885e-03
    10           10063       -4.80740698e+01       7.594700e-03
    20           5031       -4.80741274e+01       8.931548e-03
    50           2012       -4.80740963e+01       1.050011e-02
    70           1437       -4.80740669e+01       1.146035e-02
   100           1006       -4.80740963e+01       1.139244e-02
   200            503       -4.80740963e+01       1.177810e-02
   500            201       -4.80740640e+01       1.247505e-02
Stocahstic error estimate: 1.146035e-02

	predict=-0.0003312802035339544,actual=(array([0.00159249]), array([0.0001146]))

nparam= 36992
	log prob= 9.47689552113528
	burn in time= 17.105246543884277
	sample time= 363.3649752140045
	contraction err= 0.0004387604128437938 0.2533017217792215
nsamples= 100638

Mean energy: -4.82513990e+01
Block size    # of blocks        Mean                Error
     1           100638       -4.82513990e+01       2.704420e-03
     2           50319       -4.82513990e+01       3.275363e-03
     5           20127       -4.82513903e+01       4.180648e-03
    10           10063       -4.82514223e+01       4.863479e-03
    20           5031       -4.82514178e+01       5.600693e-03
    50           2012       -4.82514266e+01       6.467002e-03
    70           1437       -4.82514079e+01       6.731238e-03
   100           1006       -4.82514266e+01       6.739018e-03
   200            503       -4.82514266e+01       7.343146e-03
   500            201       -4.82512705e+01       7.896554e-03
Stocahstic error estimate: 6.731238e-03

step=21,E=-0.4825139904923699,dE=-0.0001812244027459542,err=6.73123808484665e-05
	gnorm= 1.0241440564482094
	collect g,h time= 0.9501049518585205
symmetric= True
	solver time=0.7816879749298096,exit status=0
niter= 20
	xnorm=22.468332675085602,dnorm=0.38948026095174254
pure_newton= False
ix=0,sh=36992
symmetric= False
	solver time=1268.4155039787292,exit status=500
niter= 15501
hessian inversion error= 0.020123596639766206
SR delta norm= 0.3894802609517425
RGN delta norm= 0.9130477598750688
	xnorm=22.468332675085602,dnorm=0.9130477598750688
	log prob= 9.794568809280177
	burn in time= 19.922813415527344
	sample time= 999.2333104610443
	contraction err= 0.00048246788155633383 0.09453161605157613
nsamples= 100638

Mean energy: -4.82661331e+01
Block size    # of blocks        Mean                Error
     1           100638       -4.82661331e+01       2.652085e-03
     2           50319       -4.82661331e+01       3.204416e-03
     5           20127       -4.82661438e+01       4.082355e-03
    10           10063       -4.82661313e+01       4.883653e-03
    20           5031       -4.82661065e+01       5.667466e-03
    50           2012       -4.82661025e+01       6.626640e-03
    70           1437       -4.82661058e+01       7.060955e-03
   100           1006       -4.82661025e+01       6.714334e-03
   200            503       -4.82661025e+01       6.698297e-03
   500            201       -4.82659979e+01       7.320519e-03
Stocahstic error estimate: 7.060955e-03

	predict=-0.00035344258628909234,actual=(array([-0.00014734]), array([7.06095517e-05]))

nparam= 36992
	log prob= 9.794568809280177
	burn in time= 14.93908953666687
trouble in torch gesdd routine, falling back to gesvd
	sample time= 363.312185049057
	contraction err= 0.00046629915272727114 0.06255102484233831
nsamples= 100638

Mean energy: -4.82725602e+01
Block size    # of blocks        Mean                Error
     1           100638       -4.82725602e+01       2.640467e-03
     2           50319       -4.82725602e+01       3.167856e-03
     5           20127       -4.82725763e+01       3.961316e-03
    10           10063       -4.82725827e+01       4.654286e-03
    20           5031       -4.82725972e+01       5.344487e-03
    50           2012       -4.82725545e+01       6.113142e-03
    70           1437       -4.82725563e+01       6.057934e-03
   100           1006       -4.82725545e+01       6.461937e-03
   200            503       -4.82725545e+01       6.584381e-03
   500            201       -4.82724706e+01       6.588038e-03
Stocahstic error estimate: 6.113142e-03

step=22,E=-0.4827256015998497,dE=-0.00021161110747975443,err=6.113142020293817e-05
	gnorm= 0.1779176468881788
	collect g,h time= 0.9559402465820312
symmetric= True
	solver time=1.6505787372589111,exit status=0
niter= 41
	xnorm=22.625887829418016,dnorm=0.7406336778980569
pure_newton= False
ix=0,sh=36992
symmetric= False
	solver time=1268.5654604434967,exit status=500
niter= 15501
hessian inversion error= 0.021302802515418082
SR delta norm= 0.740633677898057
RGN delta norm= 1.1272244651246717
	xnorm=22.625887829418016,dnorm=1.1272244651246717
	log prob= 10.110811449107148
	burn in time= 16.174089431762695
	sample time= 999.015251159668
	contraction err= 0.0005428706890589646 0.16864611926887024
nsamples= 100638

Mean energy: -4.82724021e+01
Block size    # of blocks        Mean                Error
     1           100638       -4.82724021e+01       2.845504e-03
     2           50319       -4.82724021e+01       3.504780e-03
     5           20127       -4.82723869e+01       4.610153e-03
    10           10063       -4.82723973e+01       5.686666e-03
    20           5031       -4.82724278e+01       6.866540e-03
    50           2012       -4.82724232e+01       8.414541e-03
    70           1437       -4.82723836e+01       9.025993e-03
   100           1006       -4.82724232e+01       9.318757e-03
   200            503       -4.82724232e+01       1.071159e-02
   500            201       -4.82723762e+01       1.083404e-02
Stocahstic error estimate: 9.318757e-03

	predict=-0.0003914449461325423,actual=(array([1.58056532e-06]), array([9.31875736e-05]))

nparam= 36992
	log prob= 9.973794720894043
	burn in time= 14.198158979415894
	sample time= 363.14740562438965
	contraction err= 0.0005184358718825351 0.16264031931784875
nsamples= 100638

Mean energy: -4.82757102e+01
Block size    # of blocks        Mean                Error
     1           100638       -4.82757102e+01       2.751804e-03
     2           50319       -4.82757102e+01       3.311493e-03
     5           20127       -4.82756937e+01       4.310968e-03
    10           10063       -4.82756877e+01       5.152494e-03
    20           5031       -4.82756745e+01       6.017560e-03
    50           2012       -4.82756777e+01       6.954549e-03
    70           1437       -4.82756396e+01       7.659285e-03
   100           1006       -4.82756777e+01       7.667165e-03
   200            503       -4.82756777e+01       7.994599e-03
   500            201       -4.82755888e+01       8.196766e-03
Stocahstic error estimate: 7.667165e-03

step=23,E=-0.4827571019098794,dE=-3.150031002974174e-05,err=7.667164899728956e-05
	gnorm= 0.37024528054659545
	collect g,h time= 0.9463677406311035
symmetric= True
	solver time=1.6433987617492676,exit status=0
niter= 41
	xnorm=22.715048080214476,dnorm=0.7188220187385397
pure_newton= False
ix=0,sh=36992
symmetric= False
	solver time=1265.980212688446,exit status=500
niter= 15501
hessian inversion error= 0.04891824885780288
SR delta norm= 0.7188220187385395
RGN delta norm= 1.192555080498306
	xnorm=22.715048080214476,dnorm=1.192555080498306
	log prob= 10.277378946850334
	burn in time= 16.20403504371643
	sample time= 997.6360657215118
	contraction err= 0.0005687186898220747 0.2167675942562693
nsamples= 100638

Mean energy: -4.82698374e+01
Block size    # of blocks        Mean                Error
     1           100638       -4.82698374e+01       2.870451e-03
     2           50319       -4.82698374e+01       3.577532e-03
     5           20127       -4.82698311e+01       4.745874e-03
    10           10063       -4.82698958e+01       5.830759e-03
    20           5031       -4.82699233e+01       7.176161e-03
    50           2012       -4.82698960e+01       9.194993e-03
    70           1437       -4.82699103e+01       9.454271e-03
   100           1006       -4.82698960e+01       1.051394e-02
   200            503       -4.82698960e+01       1.128000e-02
   500            201       -4.82699890e+01       1.153485e-02
Stocahstic error estimate: 9.454271e-03

	predict=-0.0004633117410181468,actual=(array([5.87280358e-05]), array([9.45427122e-05]))

nparam= 36992
	log prob= 10.18321594634313
	burn in time= 13.623950242996216
	sample time= 362.44894218444824
	contraction err= 0.0005255474953012527 0.13121429625268777
nsamples= 100638

Mean energy: -4.82892039e+01
Block size    # of blocks        Mean                Error
     1           100638       -4.82892039e+01       2.643639e-03
     2           50319       -4.82892039e+01       3.269747e-03
     5           20127       -4.82891981e+01       4.244266e-03
    10           10063       -4.82891924e+01       5.048668e-03
    20           5031       -4.82892248e+01       6.077410e-03
    50           2012       -4.82892245e+01       7.406272e-03
    70           1437       -4.82892222e+01       7.251623e-03
   100           1006       -4.82892245e+01       7.645559e-03
   200            503       -4.82892245e+01       7.689079e-03
   500            201       -4.82892323e+01       8.251765e-03
Stocahstic error estimate: 7.406272e-03

step=24,E=-0.48289203867505215,dE=-0.0001349367651727107,err=7.406272495084807e-05
	gnorm= 0.25596522821405415
	collect g,h time= 0.9461455345153809
symmetric= True
	solver time=1.5578274726867676,exit status=0
niter= 39
	xnorm=22.810725752269416,dnorm=0.705649007552365
pure_newton= False
ix=0,sh=36992
symmetric= False
	solver time=1260.525139093399,exit status=500
niter= 15501
hessian inversion error= 0.025065181678651603
SR delta norm= 0.7056490075523648
RGN delta norm= 2.1385730495505513
	xnorm=22.810725752269416,dnorm=2.1385730495505513
	log prob= 10.634323337378884
	burn in time= 17.827783823013306
	sample time= 996.6991412639618
	contraction err= 0.0006633090257774722 0.13174339977574237
nsamples= 100638

Mean energy: -4.82417837e+01
Block size    # of blocks        Mean                Error
     1           100638       -4.82417837e+01       3.047929e-03
     2           50319       -4.82417837e+01       3.748742e-03
     5           20127       -4.82417793e+01       4.816534e-03
    10           10063       -4.82417345e+01       5.780841e-03
    20           5031       -4.82417193e+01       6.667876e-03
    50           2012       -4.82418607e+01       7.610205e-03
    70           1437       -4.82418522e+01       8.044573e-03
   100           1006       -4.82418607e+01       8.075156e-03
   200            503       -4.82418607e+01       7.833902e-03
   500            201       -4.82417644e+01       7.736340e-03
Stocahstic error estimate: 8.075156e-03

	predict=-0.0005522714113519443,actual=(array([0.0004742]), array([8.07515619e-05]))

nparam= 36992
	log prob= 10.39470495504649
	burn in time= 18.642353296279907
	sample time= 362.02206015586853
	contraction err= 0.0005536640365870502 0.15058336358029056
nsamples= 100638

Mean energy: -4.82955889e+01
Block size    # of blocks        Mean                Error
     1           100638       -4.82955889e+01       2.654366e-03
     2           50319       -4.82955889e+01       3.226485e-03
     5           20127       -4.82955928e+01       4.048455e-03
    10           10063       -4.82955927e+01       4.768232e-03
    20           5031       -4.82955764e+01       5.446312e-03
    50           2012       -4.82955763e+01       6.396860e-03
    70           1437       -4.82955828e+01       6.505507e-03
   100           1006       -4.82955763e+01       7.131518e-03
   200            503       -4.82955763e+01       7.252611e-03
   500            201       -4.82954857e+01       7.224132e-03
Stocahstic error estimate: 6.505507e-03

step=25,E=-0.482955889465562,dE=-6.385079050986065e-05,err=6.505507498286919e-05
	gnorm= 0.3918810451557333
	collect g,h time= 0.9511556625366211
symmetric= True
	solver time=1.2696201801300049,exit status=0
niter= 32
	xnorm=22.908269412697155,dnorm=0.5544718339707336
pure_newton= False
ix=0,sh=36992
symmetric= False
	solver time=1264.0518169403076,exit status=500
niter= 15501
hessian inversion error= 0.016405321965685178
SR delta norm= 0.5544718339707336
RGN delta norm= 2.702212909237638
	xnorm=22.908269412697155,dnorm=2.702212909237638
	log prob= 10.785538279275736
	burn in time= 15.301604270935059
	sample time= 997.2957963943481
	contraction err= 0.0006956591073164273 0.16801880473257938
nsamples= 100638

Mean energy: -4.82517003e+01
Block size    # of blocks        Mean                Error
     1           100638       -4.82517003e+01       3.061172e-03
     2           50319       -4.82517003e+01       3.813751e-03
     5           20127       -4.82516888e+01       5.054092e-03
    10           10063       -4.82516921e+01       6.189376e-03
    20           5031       -4.82517195e+01       7.377194e-03
    50           2012       -4.82517395e+01       8.666534e-03
    70           1437       -4.82517244e+01       8.784489e-03
   100           1006       -4.82517395e+01       8.999484e-03
   200            503       -4.82517395e+01       9.575183e-03
   500            201       -4.82517181e+01       1.108451e-02
Stocahstic error estimate: 8.784489e-03

	predict=-0.00046803013561642415,actual=(array([0.00043889]), array([8.78448902e-05]))

nparam= 36992
	log prob= 10.549153138744042
	burn in time= 14.156220436096191
	sample time= 362.17479252815247
	contraction err= 0.0005653128202422784 0.18901481761120684
nsamples= 100638

Mean energy: -4.83213693e+01
Block size    # of blocks        Mean                Error
     1           100638       -4.83213693e+01       2.465350e-03
     2           50319       -4.83213693e+01       2.951827e-03
     5           20127       -4.83213740e+01       3.616039e-03
    10           10063       -4.83213748e+01       4.082848e-03
    20           5031       -4.83213503e+01       4.728762e-03
    50           2012       -4.83213834e+01       5.195359e-03
    70           1437       -4.83213911e+01       5.646585e-03
   100           1006       -4.83213834e+01       5.415561e-03
   200            503       -4.83213834e+01       5.291222e-03
   500            201       -4.83213060e+01       5.367873e-03
Stocahstic error estimate: 5.646585e-03

step=26,E=-0.48321369341863324,dE=-0.0002578039530712317,err=5.646584545841898e-05
	gnorm= 0.2258149933570322
	collect g,h time= 0.9488675594329834
symmetric= True
	solver time=1.428724765777588,exit status=0
niter= 36
	xnorm=22.980147518294736,dnorm=0.5963679334676193
pure_newton= False
ix=0,sh=36992
symmetric= False
	burn in time= 14.420618534088135
block_dict= [(0, 36992)]
sizes= [36992]
SIZE= 640
Lx,Ly= 10 10
D= 4
rate= 0.1 0.5
cond= 0.001 0.001
guess= 1

nparam= 36992
	log prob= -20.40617384498344
	sample time= 355.5074644088745
	contraction err= 0.0005627446994130514 0.23193700195273206
nsamples= 100638

Mean energy: -4.83074283e+01
Block size    # of blocks        Mean                Error
     1           100638       -4.83074283e+01       2.540831e-03
     2           50319       -4.83074283e+01       3.078137e-03
     5           20127       -4.83074247e+01       3.913496e-03
    10           10063       -4.83074070e+01       4.688915e-03
    20           5031       -4.83073846e+01       5.572289e-03
    50           2012       -4.83074162e+01       6.663387e-03
    70           1437       -4.83074039e+01       6.786010e-03
   100           1006       -4.83074162e+01       6.848485e-03
   200            503       -4.83074162e+01       7.004242e-03
   500            201       -4.83072430e+01       7.334534e-03
Stocahstic error estimate: 6.786010e-03

step=26,E=-0.48307428287354975,dE=0.0,err=6.786010124601689e-05
	gnorm= 0.8874993061403144
	collect g,h time= 0.9316892623901367
symmetric= True
	solver time=0.7179625034332275,exit status=0
niter= 18
	xnorm=22.980147518294736,dnorm=0.34905614557552733
pure_newton= False
ix=0,sh=36992
symmetric= False
	solver time=1283.641508102417,exit status=500
niter= 15501
hessian inversion error= 0.015755791597604315
SR delta norm= 0.34905614557552733
RGN delta norm= 1.069918685716542
	xnorm=22.980147518294736,dnorm=1.069918685716542
	log prob= -19.948264958112677
	burn in time= 19.80029606819153
	sample time= 1005.9862115383148
	contraction err= 0.0006391143118311699 0.2276071403243853
nsamples= 100638

Mean energy: -4.83218785e+01
Block size    # of blocks        Mean                Error
     1           100638       -4.83218785e+01       2.577133e-03
     2           50319       -4.83218785e+01       3.094589e-03
     5           20127       -4.83218823e+01       3.871426e-03
    10           10063       -4.83218786e+01       4.467568e-03
    20           5031       -4.83219022e+01       4.901082e-03
    50           2012       -4.83219325e+01       5.358184e-03
    70           1437       -4.83219324e+01       5.277519e-03
   100           1006       -4.83219325e+01       5.362939e-03
   200            503       -4.83219325e+01       5.606562e-03
   500            201       -4.83219721e+01       5.668610e-03
Stocahstic error estimate: 5.358184e-03

	predict=-0.00027066902251112845,actual=(array([-0.0001445]), array([5.35818374e-05]))

nparam= 36992
	log prob= -19.948264958112677
	burn in time= 18.477993488311768
	sample time= 368.0277273654938
	contraction err= 0.0006269481418729219 0.28271456552144003
nsamples= 100638

Mean energy: -4.83191566e+01
Block size    # of blocks        Mean                Error
     1           100638       -4.83191566e+01       2.510689e-03
     2           50319       -4.83191566e+01       3.033755e-03
     5           20127       -4.83191481e+01       3.841145e-03
    10           10063       -4.83191221e+01       4.452172e-03
    20           5031       -4.83191233e+01       5.004601e-03
    50           2012       -4.83190859e+01       5.383913e-03
    70           1437       -4.83191126e+01       5.556887e-03
   100           1006       -4.83190859e+01       5.603779e-03
   200            503       -4.83190859e+01       5.602714e-03
   500            201       -4.83191051e+01       5.560295e-03
Stocahstic error estimate: 5.556887e-03

step=27,E=-0.48319156587844164,dE=-0.00011728300489188825,err=5.5568866954911486e-05
	gnorm= 0.17117725719414284
	collect g,h time= 0.9297037124633789
symmetric= True
	solver time=1.6312124729156494,exit status=0
niter= 41
	xnorm=23.140851935345644,dnorm=0.6850101941701972
pure_newton= False
ix=0,sh=36992
symmetric= False
	solver time=1258.128966331482,exit status=500
niter= 15501
hessian inversion error= 0.016843966976156546
SR delta norm= 0.6850101941701974
RGN delta norm= 2.21507371600253
	xnorm=23.140851935345644,dnorm=2.21507371600253
	log prob= -19.590599423697338
	burn in time= 16.01338481903076
	sample time= 1006.302531003952
	contraction err= 0.0007782128488289483 0.12992132125682945
nsamples= 100638

Mean energy: -4.83024166e+01
Block size    # of blocks        Mean                Error
     1           100638       -4.83024166e+01       2.788656e-03
     2           50319       -4.83024166e+01       3.371449e-03
     5           20127       -4.83024247e+01       4.269946e-03
    10           10063       -4.83024170e+01       4.986617e-03
    20           5031       -4.83023995e+01       5.711783e-03
    50           2012       -4.83024098e+01       6.678837e-03
    70           1437       -4.83024019e+01       7.012183e-03
   100           1006       -4.83024098e+01       6.924027e-03
   200            503       -4.83024098e+01       7.041854e-03
   500            201       -4.83023880e+01       6.756814e-03
Stocahstic error estimate: 7.012183e-03

	predict=-0.0004287811887825128,actual=(array([0.0001674]), array([7.01218314e-05]))

nparam= 36992
	log prob= -19.78182869344482
	burn in time= 13.917302370071411
trouble in torch gesdd routine, falling back to gesvd
	sample time= 367.923335313797
	contraction err= 0.0006400127158268431 0.10495116800332652
nsamples= 100638

Mean energy: -4.83428091e+01
Block size    # of blocks        Mean                Error
     1           100638       -4.83428091e+01       2.385089e-03
     2           50319       -4.83428091e+01       2.853141e-03
     5           20127       -4.83428072e+01       3.527159e-03
    10           10063       -4.83428096e+01       4.011706e-03
    20           5031       -4.83428138e+01       4.491247e-03
    50           2012       -4.83428238e+01       5.061419e-03
    70           1437       -4.83428260e+01       4.935657e-03
   100           1006       -4.83428238e+01       5.051240e-03
   200            503       -4.83428238e+01       5.103419e-03
   500            201       -4.83429118e+01       5.320762e-03
Stocahstic error estimate: 5.061419e-03

step=28,E=-0.48342809149727173,dE=-0.00023652561883011458,err=5.0614188296425666e-05
	gnorm= 0.15786542991169022
	collect g,h time= 0.9235432147979736
symmetric= True
	solver time=1.5895774364471436,exit status=0
niter= 40
	xnorm=23.20653238181453,dnorm=0.6374192530604268
pure_newton= False
ix=0,sh=36992
symmetric= False
	solver time=1261.4189794063568,exit status=500
niter= 15501
hessian inversion error= 0.00793511722039352
SR delta norm= 0.6374192530604268
RGN delta norm= 1.5465347643045144
	xnorm=23.20653238181453,dnorm=1.5465347643045144
	log prob= -20.05237288802569
	burn in time= 15.201528787612915
	sample time= 1003.5634732246399
	contraction err= 0.0007930794139244483 0.1417727132570829
nsamples= 100638

Mean energy: -4.83423521e+01
Block size    # of blocks        Mean                Error
     1           100638       -4.83423521e+01       2.592922e-03
     2           50319       -4.83423521e+01       3.172910e-03
     5           20127       -4.83423556e+01       4.041833e-03
    10           10063       -4.83423371e+01       4.784388e-03
    20           5031       -4.83423379e+01       5.400668e-03
    50           2012       -4.83423143e+01       6.350382e-03
    70           1437       -4.83422949e+01       6.280529e-03
   100           1006       -4.83423143e+01       6.305136e-03
   200            503       -4.83423143e+01       6.704019e-03
   500            201       -4.83421993e+01       6.199545e-03
Stocahstic error estimate: 6.350382e-03

	predict=-0.00030026215418180283,actual=(array([4.57050069e-06]), array([6.35038196e-05]))

nparam= 36992
	log prob= -19.72664008181278
	burn in time= 16.6165509223938
	sample time= 367.610967874527
	contraction err= 0.0007060518674634418 0.31861435055005505
nsamples= 100638

Mean energy: -4.83376658e+01
Block size    # of blocks        Mean                Error
     1           100638       -4.83376658e+01       2.570568e-03
     2           50319       -4.83376658e+01       3.105649e-03
     5           20127       -4.83376753e+01       3.928807e-03
    10           10063       -4.83376777e+01       4.713394e-03
    20           5031       -4.83376546e+01       5.515829e-03
    50           2012       -4.83376724e+01       6.479036e-03
    70           1437       -4.83376595e+01       6.674620e-03
   100           1006       -4.83376724e+01       7.105847e-03
   200            503       -4.83376724e+01       7.116587e-03
   500            201       -4.83376133e+01       6.652837e-03
Stocahstic error estimate: 6.674620e-03

step=29,E=-0.4833766580870326,dE=5.143341023909898e-05,err=6.674620168335298e-05
	gnorm= 0.19627200938213904
	collect g,h time= 0.931673526763916
symmetric= True
	solver time=1.6383545398712158,exit status=0
niter= 41
	xnorm=23.28377452246202,dnorm=0.672290902105075
pure_newton= False
ix=0,sh=36992
symmetric= False
	solver time=1256.5438063144684,exit status=500
niter= 15501
hessian inversion error= 0.0174592131774714
SR delta norm= 0.672290902105075
RGN delta norm= 1.5359118744647533
	xnorm=23.28377452246202,dnorm=1.5359118744647533
	log prob= -19.0120452717337
	burn in time= 14.333664178848267
	sample time= 1003.0516490936279
	contraction err= 0.0007839515115951917 0.14180873061939997
nsamples= 100638

Mean energy: -4.83316436e+01
Block size    # of blocks        Mean                Error
     1           100638       -4.83316436e+01       2.731318e-03
     2           50319       -4.83316436e+01       3.322718e-03
     5           20127       -4.83316407e+01       4.195529e-03
    10           10063       -4.83316447e+01       4.972233e-03
    20           5031       -4.83316352e+01       5.807094e-03
    50           2012       -4.83316167e+01       6.356644e-03
    70           1437       -4.83315424e+01       6.631615e-03
   100           1006       -4.83316167e+01       6.667550e-03
   200            503       -4.83316167e+01       6.949193e-03
   500            201       -4.83314697e+01       6.257513e-03
Stocahstic error estimate: 6.631615e-03

	predict=-0.00027238858866713867,actual=(array([6.0222058e-05]), array([6.63161515e-05]))

nparam= 36992
	log prob= -19.606663392236918
	burn in time= 20.156855583190918
	sample time= 367.2650384902954
	contraction err= 0.0007126364048115531 0.29148824752578584
nsamples= 100638

Mean energy: -4.83726517e+01
Block size    # of blocks        Mean                Error
     1           100638       -4.83726517e+01       2.268438e-03
     2           50319       -4.83726517e+01       2.660791e-03
     5           20127       -4.83726374e+01       3.175722e-03
    10           10063       -4.83726545e+01       3.571757e-03
    20           5031       -4.83726733e+01       3.889317e-03
    50           2012       -4.83726749e+01       4.051482e-03
    70           1437       -4.83726679e+01       4.146940e-03
   100           1006       -4.83726749e+01       4.345432e-03
   200            503       -4.83726749e+01       4.421333e-03
   500            201       -4.83726899e+01       4.610896e-03
Stocahstic error estimate: 4.051482e-03

step=30,E=-0.4837265167861281,dE=-0.0003498586990954777,err=4.051482174962295e-05
	gnorm= 0.1940490362216929
	collect g,h time= 0.9358317852020264
symmetric= True
	solver time=1.6319043636322021,exit status=0
niter= 41
	xnorm=23.36493385367903,dnorm=0.6062355906051783
pure_newton= False
ix=0,sh=36992
symmetric= False
	solver time=1259.1843132972717,exit status=500
niter= 15501
hessian inversion error= 0.00017026065194197546
SR delta norm= 0.6062355906051782
RGN delta norm= 3.891555194269699
	xnorm=23.36493385367903,dnorm=3.891555194269699
	log prob= -19.750964896582445
	burn in time= 16.134666442871094
	sample time= 1004.3828580379486
	contraction err= 0.001205641620251093 0.16553210766900542
nsamples= 100638

Mean energy: -4.83160080e+01
Block size    # of blocks        Mean                Error
     1           100638       -4.83160080e+01       3.099731e-03
     2           50319       -4.83160080e+01       3.824273e-03
     5           20127       -4.83160131e+01       5.006615e-03
    10           10063       -4.83160066e+01       6.036280e-03
    20           5031       -4.83159942e+01       7.134519e-03
    50           2012       -4.83159607e+01       8.189453e-03
    70           1437       -4.83159122e+01       8.547234e-03
   100           1006       -4.83159607e+01       8.708831e-03
   200            503       -4.83159607e+01       8.779195e-03
   500            201       -4.83158579e+01       8.653369e-03
Stocahstic error estimate: 8.547234e-03

	predict=-0.0003195724080216929,actual=(array([0.00056644]), array([8.54723382e-05]))

nparam= 36992
	log prob= -19.598828192662047
	burn in time= 19.44442057609558
	sample time= 367.0187973976135
	contraction err= 0.0007642532329531099 0.2605769812723604
nsamples= 100638

Mean energy: -4.83688804e+01
Block size    # of blocks        Mean                Error
     1           100638       -4.83688804e+01       2.449918e-03
     2           50319       -4.83688804e+01       2.944879e-03
     5           20127       -4.83688808e+01       3.620650e-03
    10           10063       -4.83689104e+01       4.160537e-03
    20           5031       -4.83688882e+01       4.765226e-03
    50           2012       -4.83688860e+01       5.200652e-03
    70           1437       -4.83688483e+01       5.407612e-03
   100           1006       -4.83688860e+01       5.298735e-03
   200            503       -4.83688860e+01       5.294888e-03
   500            201       -4.83687543e+01       5.064848e-03
Stocahstic error estimate: 5.407612e-03

step=31,E=-0.483688804339667,dE=3.771244646110006e-05,err=5.407611817903594e-05
	gnorm= 0.1668145466358035
	collect g,h time= 0.9556021690368652
symmetric= True
	solver time=1.6337676048278809,exit status=0
niter= 41
	xnorm=23.430692899255753,dnorm=0.6538809658963373
pure_newton= False
ix=0,sh=36992
symmetric= False
	solver time=1260.4098446369171,exit status=500
niter= 15501
hessian inversion error= 0.0015354554371968007
SR delta norm= 0.6538809658963369
RGN delta norm= 4.781494555582977
	xnorm=23.430692899255753,dnorm=4.781494555582977
	log prob= -20.185294023957802
	burn in time= 17.40974760055542
	sample time= 1004.3127911090851
	contraction err= 0.0014163897946309221 0.171837756897829
nsamples= 100638

Mean energy: -4.82544982e+01
Block size    # of blocks        Mean                Error
     1           100638       -4.82544982e+01       3.497957e-03
     2           50319       -4.82544982e+01       4.384033e-03
     5           20127       -4.82544828e+01       5.767966e-03
    10           10063       -4.82544794e+01       6.944353e-03
    20           5031       -4.82544832e+01       8.024444e-03
    50           2012       -4.82545025e+01       9.271424e-03
    70           1437       -4.82545081e+01       9.601521e-03
   100           1006       -4.82545025e+01       9.424138e-03
   200            503       -4.82545025e+01       9.495726e-03
   500            201       -4.82545694e+01       1.002725e-02
Stocahstic error estimate: 9.601521e-03

	predict=-0.0003584982570371424,actual=(array([0.00114382]), array([9.60152094e-05]))

nparam= 36992
	log prob= -19.507488292250727
	burn in time= 16.862171173095703
trouble in torch gesdd routine, falling back to gesvd
trouble in torch gesdd routine, falling back to gesvd
trouble in torch gesdd routine, falling back to gesvd
	sample time= 366.7261652946472
	contraction err= 0.0007982445480367434 0.27745681055578497
nsamples= 100638

Mean energy: -4.83687159e+01
Block size    # of blocks        Mean                Error
     1           100638       -4.83687159e+01       2.431032e-03
     2           50319       -4.83687159e+01       2.933938e-03
     5           20127       -4.83687223e+01       3.691620e-03
    10           10063       -4.83687188e+01       4.361813e-03
    20           5031       -4.83687228e+01       4.923835e-03
    50           2012       -4.83687158e+01       5.896575e-03
    70           1437       -4.83687151e+01       5.833155e-03
   100           1006       -4.83687158e+01       5.934071e-03
   200            503       -4.83687158e+01       5.977209e-03
   500            201       -4.83686969e+01       6.760232e-03
Stocahstic error estimate: 5.896575e-03

step=32,E=-0.4836871594936503,dE=1.6448460166884616e-06,err=5.896575471320986e-05
	gnorm= 0.17862705491962635
	collect g,h time= 0.9343197345733643
symmetric= True
	solver time=1.6407279968261719,exit status=0
niter= 41
	xnorm=23.507493280933023,dnorm=0.6379927062551703
pure_newton= False
ix=0,sh=36992
symmetric= False
	solver time=1265.912434577942,exit status=500
niter= 15501
hessian inversion error= 0.0049069247280092935
SR delta norm= 0.6379927062551705
RGN delta norm= 1.70993843569657
	xnorm=23.507493280933023,dnorm=1.70993843569657
	log prob= -19.336303177608904
	burn in time= 17.063040494918823
	sample time= 1003.2116210460663
	contraction err= 0.0009661242560497675 0.1770090292915201
nsamples= 100638

Mean energy: -4.83598946e+01
Block size    # of blocks        Mean                Error
     1           100638       -4.83598946e+01       2.706582e-03
     2           50319       -4.83598946e+01       3.290564e-03
     5           20127       -4.83598918e+01       4.197211e-03
    10           10063       -4.83598851e+01       5.017932e-03
    20           5031       -4.83598895e+01       5.854954e-03
    50           2012       -4.83599465e+01       6.598249e-03
    70           1437       -4.83599456e+01       6.688387e-03
   100           1006       -4.83599465e+01       7.023966e-03
   200            503       -4.83599465e+01       6.929300e-03
   500            201       -4.83599513e+01       6.951238e-03
Stocahstic error estimate: 6.688387e-03

	predict=-0.00032751556035010465,actual=(array([8.82131629e-05]), array([6.68838665e-05]))

nparam= 36992
	log prob= -19.4422760477832
	burn in time= 15.89130973815918
	sample time= 366.40551257133484
	contraction err= 0.0008263092962543803 0.17870882715159614
nsamples= 100638

Mean energy: -4.83739903e+01
Block size    # of blocks        Mean                Error
     1           100638       -4.83739903e+01       2.346554e-03
     2           50319       -4.83739903e+01       2.785646e-03
     5           20127       -4.83739013e+01       3.461018e-03
    10           10063       -4.83738896e+01       3.993098e-03
    20           5031       -4.83738886e+01       4.380141e-03
    50           2012       -4.83738892e+01       4.745253e-03
    70           1437       -4.83738684e+01       5.027564e-03
   100           1006       -4.83738892e+01       4.990046e-03
   200            503       -4.83738892e+01       5.036616e-03
   500            201       -4.83739689e+01       5.035588e-03
Stocahstic error estimate: 5.027564e-03

step=33,E=-0.4837399034498542,dE=-5.274395620382677e-05,err=5.027563618135912e-05
	gnorm= 0.17068964924456306
	collect g,h time= 0.9321520328521729
symmetric= True
	solver time=1.5142874717712402,exit status=0
niter= 38
	xnorm=23.579523534561908,dnorm=0.5900995445545809
pure_newton= False
ix=0,sh=36992
symmetric= False
	solver time=1263.2241756916046,exit status=500
niter= 15501
hessian inversion error= 0.0015711368061203568
SR delta norm= 0.5900995445545811
RGN delta norm= 5.505376899923595
	xnorm=23.579523534561908,dnorm=5.505376899923595
	log prob= -20.460479193820664
	burn in time= 15.30118703842163
	sample time= 1004.8272941112518
	contraction err= 0.0016010791651679271 0.23870018251313332
nsamples= 100638

Mean energy: -4.82654768e+01
Block size    # of blocks        Mean                Error
     1           100638       -4.82654768e+01       3.452374e-03
     2           50319       -4.82654768e+01       4.270810e-03
     5           20127       -4.82654826e+01       5.647301e-03
    10           10063       -4.82654786e+01       6.918181e-03
    20           5031       -4.82655055e+01       8.412527e-03
    50           2012       -4.82656491e+01       1.002327e-02
    70           1437       -4.82656945e+01       1.079292e-02
   100           1006       -4.82656491e+01       1.128725e-02
   200            503       -4.82656491e+01       1.132845e-02
   500            201       -4.82657746e+01       1.260097e-02
Stocahstic error estimate: 1.128725e-02

	predict=-0.00037284818668983824,actual=(array([0.00108514]), array([0.00011287]))

nparam= 36992
	log prob= -19.42765709492161
	burn in time= 17.52100133895874
	sample time= 366.27453446388245
	contraction err= 0.000839405703420255 0.2624404617667114
nsamples= 100638

Mean energy: -4.83866534e+01
Block size    # of blocks        Mean                Error
     1           100638       -4.83866534e+01       2.307247e-03
     2           50319       -4.83866534e+01       2.758575e-03
     5           20127       -4.83866497e+01       3.366060e-03
    10           10063       -4.83866419e+01       3.788218e-03
    20           5031       -4.83866693e+01       4.070626e-03
    50           2012       -4.83866790e+01       4.476288e-03
    70           1437       -4.83866397e+01       4.507438e-03
   100           1006       -4.83866790e+01       4.472506e-03
   200            503       -4.83866790e+01       4.384649e-03
   500            201       -4.83867543e+01       4.818576e-03
Stocahstic error estimate: 4.507438e-03

step=34,E=-0.48386653366280863,dE=-0.00012663021295445276,err=4.5074375932591455e-05
	gnorm= 0.2650596920349727
	collect g,h time= 0.9344234466552734
symmetric= True
	solver time=1.6382989883422852,exit status=0
niter= 41
	xnorm=23.651627632560267,dnorm=0.5901229592687329
pure_newton= False
ix=0,sh=36992
symmetric= False
	solver time=1260.1272809505463,exit status=500
niter= 15501
hessian inversion error= 0.00258861945776009
SR delta norm= 0.5901229592687328
RGN delta norm= 3.347824088385142
	xnorm=23.651627632560267,dnorm=3.347824088385142
	log prob= -19.172824800011824
	burn in time= 15.764980554580688
	sample time= 1001.0373792648315
	contraction err= 0.0013040358142680439 0.42243370767163163
nsamples= 100638

Mean energy: -4.83576644e+01
Block size    # of blocks        Mean                Error
     1           100638       -4.83576644e+01       2.940161e-03
     2           50319       -4.83576644e+01       3.664602e-03
     5           20127       -4.83576685e+01       4.807308e-03
    10           10063       -4.83576709e+01       5.919769e-03
    20           5031       -4.83576731e+01       7.121866e-03
    50           2012       -4.83576789e+01       8.365102e-03
    70           1437       -4.83576761e+01       8.461860e-03
   100           1006       -4.83576789e+01       9.064102e-03
   200            503       -4.83576789e+01       9.539120e-03
   500            201       -4.83577763e+01       9.857301e-03
Stocahstic error estimate: 8.461860e-03

	predict=-0.0003133783602020935,actual=(array([0.00028989]), array([8.46185965e-05]))

nparam= 36992
	log prob= -19.054588488163304
	burn in time= 15.884228944778442
	sample time= 365.63606572151184
	contraction err= 0.0008787294207331565 0.15233788692739028
nsamples= 100638

Mean energy: -4.83926261e+01
Block size    # of blocks        Mean                Error
     1           100638       -4.83926261e+01       2.215467e-03
     2           50319       -4.83926261e+01       2.653068e-03
     5           20127       -4.83926285e+01       3.237658e-03
    10           10063       -4.83926264e+01       3.685921e-03
    20           5031       -4.83926273e+01       3.966869e-03
    50           2012       -4.83926138e+01       4.450727e-03
    70           1437       -4.83927083e+01       4.509182e-03
   100           1006       -4.83926138e+01       4.560059e-03
   200            503       -4.83926138e+01       4.641313e-03
   500            201       -4.83930248e+01       4.658433e-03
Stocahstic error estimate: 4.509182e-03

step=35,E=-0.483926261448143,dE=-5.972778533440248e-05,err=4.509182230704074e-05
	gnorm= 0.14810285270809745
	collect g,h time= 0.9127237796783447
symmetric= True
	solver time=1.6379497051239014,exit status=0
niter= 41
	xnorm=23.71315683986978,dnorm=0.6055135520065457
pure_newton= False
ix=0,sh=36992
symmetric= False
	solver time=1261.1819417476654,exit status=500
niter= 15501
hessian inversion error= 0.006353977871113937
SR delta norm= 0.6055135520065454
RGN delta norm= 1.3528726158286843
	xnorm=23.71315683986978,dnorm=1.3528726158286843
	log prob= -18.663317803820544
	burn in time= 17.365499019622803
	sample time= 1003.5827264785767
	contraction err= 0.001064406890041218 0.899022677550633
nsamples= 100638

Mean energy: -4.83878430e+01
Block size    # of blocks        Mean                Error
     1           100638       -4.83878430e+01       2.425371e-03
     2           50319       -4.83878430e+01       2.904348e-03
     5           20127       -4.83878388e+01       3.644239e-03
    10           10063       -4.83878396e+01       4.231763e-03
    20           5031       -4.83878144e+01       4.805402e-03
    50           2012       -4.83878246e+01       5.238680e-03
    70           1437       -4.83878247e+01       5.184115e-03
   100           1006       -4.83878246e+01       5.196219e-03
   200            503       -4.83878246e+01       5.238311e-03
   500            201       -4.83877307e+01       5.084234e-03
Stocahstic error estimate: 5.238680e-03

	predict=-0.00027520389469240557,actual=(array([4.78313897e-05]), array([5.23867967e-05]))

nparam= 36992
	log prob= -18.907125415630816
	burn in time= 15.296335458755493
trouble in torch gesdd routine, falling back to gesvd
	sample time= 365.3479781150818
	contraction err= 0.0009056220869440206 0.16198873797800445
nsamples= 100638

Mean energy: -4.84016923e+01
Block size    # of blocks        Mean                Error
     1           100638       -4.84016923e+01       2.239142e-03
     2           50319       -4.84016923e+01       2.651545e-03
     5           20127       -4.84016813e+01       3.282326e-03
    10           10063       -4.84016639e+01       3.754407e-03
    20           5031       -4.84016726e+01       4.099404e-03
    50           2012       -4.84016973e+01       4.261379e-03
    70           1437       -4.84016944e+01       4.300439e-03
   100           1006       -4.84016973e+01       4.348708e-03
   200            503       -4.84016973e+01       4.557981e-03
   500            201       -4.84017242e+01       4.630401e-03
Stocahstic error estimate: 4.261379e-03

step=36,E=-0.4840169233429022,dE=-9.066189475916531e-05,err=4.2613792546495696e-05
	gnorm= 0.16171795131468694
	collect g,h time= 0.9311888217926025
symmetric= True
	solver time=1.6352121829986572,exit status=0
niter= 41
	xnorm=23.7723254082012,dnorm=0.5956053466473434
pure_newton= False
ix=0,sh=36992
symmetric= False
	solver time=95.89480185508728,exit status=0
niter= 1179
hessian inversion error= 9.970297637836672e-05
SR delta norm= 0.5956053466473432
RGN delta norm= 3.189856158087684
	xnorm=23.7723254082012,dnorm=3.189856158087684
	log prob= -19.306375773799168
	burn in time= 18.088924646377563
	sample time= 1000.1311013698578
	contraction err= 0.001329775709125581 0.2506679095440098
nsamples= 100638

Mean energy: -4.83901845e+01
Block size    # of blocks        Mean                Error
     1           100638       -4.83901845e+01       2.611036e-03
     2           50319       -4.83901845e+01       3.195386e-03
     5           20127       -4.83901793e+01       4.122587e-03
    10           10063       -4.83901630e+01       4.895964e-03
    20           5031       -4.83901681e+01       5.678418e-03
    50           2012       -4.83902679e+01       6.314652e-03
    70           1437       -4.83902629e+01       6.699863e-03
   100           1006       -4.83902679e+01       6.635878e-03
   200            503       -4.83902679e+01       6.758119e-03
   500            201       -4.83902899e+01       6.479009e-03
Stocahstic error estimate: 6.699863e-03

	predict=-0.0002916692723731567,actual=(array([0.00011508]), array([6.69986273e-05]))

nparam= 36992
	log prob= -19.042932198636233
	burn in time= 17.3384907245636
	sample time= 365.39527797698975
	contraction err= 0.0009616009686304033 0.17237350316468625
nsamples= 100638

Mean energy: -4.84033712e+01
Block size    # of blocks        Mean                Error
     1           100638       -4.84033712e+01       2.242048e-03
     2           50319       -4.84033712e+01       2.690546e-03
     5           20127       -4.84033846e+01       3.299708e-03
    10           10063       -4.84033709e+01       3.801229e-03
    20           5031       -4.84033524e+01       4.197655e-03
    50           2012       -4.84032811e+01       4.372280e-03
    70           1437       -4.84032896e+01       4.539913e-03
   100           1006       -4.84032811e+01       4.677083e-03
   200            503       -4.84032811e+01       4.658534e-03
   500            201       -4.84033402e+01       4.865871e-03
Stocahstic error estimate: 4.372280e-03

step=37,E=-0.48403371163603737,dE=-1.6788293135192588e-05,err=4.372279926146472e-05
	gnorm= 0.15926450135456
	collect g,h time= 0.9309008121490479
symmetric= True
	solver time=1.6449880599975586,exit status=0
niter= 41
	xnorm=23.849200588324933,dnorm=0.599444312157815
pure_newton= False
ix=0,sh=36992
symmetric= False
	solver time=37.92519426345825,exit status=0
niter= 467
hessian inversion error= 9.92013030733385e-05
SR delta norm= 0.5994443121578149
RGN delta norm= 4.252732083849366
	xnorm=23.849200588324933,dnorm=4.252732083849366
	log prob= -18.385398462390423
	burn in time= 13.882538318634033
	sample time= 1000.5160222053528
	contraction err= 0.0016986017957572224 0.3804964277826749
nsamples= 100638

Mean energy: -4.83133944e+01
Block size    # of blocks        Mean                Error
     1           100638       -4.83133944e+01       3.373628e-03
     2           50319       -4.83133944e+01       4.325570e-03
     5           20127       -4.83133841e+01       5.889461e-03
    10           10063       -4.83134023e+01       7.347590e-03
    20           5031       -4.83134060e+01       9.006784e-03
    50           2012       -4.83133669e+01       1.114608e-02
    70           1437       -4.83133356e+01       1.166995e-02
   100           1006       -4.83133669e+01       1.191124e-02
   200            503       -4.83133669e+01       1.217617e-02
   500            201       -4.83133320e+01       1.309742e-02
Stocahstic error estimate: 1.166995e-02

	predict=-0.0002949476860777871,actual=(array([0.00089977]), array([0.0001167]))

nparam= 36992
	log prob= -18.931283609265087
	burn in time= 15.321217775344849
	sample time= 365.58505606651306
	contraction err= 0.0010277810626595498 0.16405961691988172
nsamples= 100638

Mean energy: -4.84149677e+01
Block size    # of blocks        Mean                Error
     1           100638       -4.84149677e+01       2.354840e-03
     2           50319       -4.84149677e+01       2.744424e-03
     5           20127       -4.84149597e+01       3.310345e-03
    10           10063       -4.84149364e+01       3.660910e-03
    20           5031       -4.84149430e+01       3.858907e-03
    50           2012       -4.84149747e+01       4.273877e-03
    70           1437       -4.84149899e+01       4.234475e-03
   100           1006       -4.84149747e+01       4.377185e-03
   200            503       -4.84149747e+01       4.423053e-03
   500            201       -4.84150281e+01       4.649109e-03
Stocahstic error estimate: 4.273877e-03

step=38,E=-0.48414967693498284,dE=-0.00011596529894546847,err=4.273876675743621e-05
	gnorm= 0.29028402935013325
	collect g,h time= 0.952385663986206
symmetric= True
	solver time=1.6374642848968506,exit status=0
niter= 41
	xnorm=23.910864693393545,dnorm=0.5749254678456932
pure_newton= False
ix=0,sh=36992
symmetric= False
	solver time=1261.0812876224518,exit status=500
niter= 15501
hessian inversion error= 0.0009593743586822905
SR delta norm= 0.5749254678456928
RGN delta norm= 4.0993129319496955
	xnorm=23.910864693393545,dnorm=4.0993129319496955
	log prob= -18.525392548880248
	burn in time= 16.884793996810913
	sample time= 1000.4704301357269
	contraction err= 0.0016248085753243623 0.4533924845089079
nsamples= 100638

Mean energy: -4.83519333e+01
Block size    # of blocks        Mean                Error
     1           100638       -4.83519333e+01       2.937632e-03
     2           50319       -4.83519333e+01       3.632968e-03
     5           20127       -4.83519286e+01       4.782310e-03
    10           10063       -4.83519263e+01       5.790929e-03
    20           5031       -4.83519009e+01       6.802455e-03
    50           2012       -4.83519252e+01       8.155380e-03
    70           1437       -4.83519652e+01       8.232612e-03
   100           1006       -4.83519252e+01       8.537435e-03
   200            503       -4.83519252e+01       8.382351e-03
   500            201       -4.83520116e+01       8.293725e-03
Stocahstic error estimate: 8.232612e-03

	predict=-0.0003445858084330665,actual=(array([0.00063034]), array([8.23261212e-05]))

nparam= 36992
	log prob= -18.986065264157396
	burn in time= 15.223069190979004
	sample time= 365.10134172439575
	contraction err= 0.0010427025734698794 0.2589509046256828
nsamples= 100638

Mean energy: -4.84163857e+01
Block size    # of blocks        Mean                Error
     1           100638       -4.84163857e+01       2.183509e-03
     2           50319       -4.84163857e+01       2.620119e-03
     5           20127       -4.84163973e+01       3.120617e-03
    10           10063       -4.84164014e+01       3.479861e-03
    20           5031       -4.84163997e+01       3.710323e-03
    50           2012       -4.84163938e+01       3.863578e-03
    70           1437       -4.84163720e+01       3.892839e-03
   100           1006       -4.84163938e+01       3.997969e-03
   200            503       -4.84163938e+01       3.919164e-03
   500            201       -4.84162506e+01       3.671738e-03
Stocahstic error estimate: 3.863578e-03

step=39,E=-0.4841638569374643,dE=-1.418000248143869e-05,err=3.863577676061015e-05
	gnorm= 0.1575721411507489
	collect g,h time= 0.9327516555786133
symmetric= True
	solver time=1.635204792022705,exit status=0
niter= 41
	xnorm=23.967859746737698,dnorm=0.5763758806624998
pure_newton= False
ix=0,sh=36992
symmetric= False
	solver time=1263.974149465561,exit status=500
niter= 15501
hessian inversion error= 0.0013673508116763696
SR delta norm= 0.5763758806624997
RGN delta norm= 2.531073897628109
	xnorm=23.967859746737698,dnorm=2.531073897628109
	log prob= -18.64276580271122
	burn in time= 15.020003318786621
	sample time= 1000.2190811634064
	contraction err= 0.0014272823209782975 0.2068086626687565
nsamples= 100638

Mean energy: -4.84106359e+01
Block size    # of blocks        Mean                Error
     1           100638       -4.84106359e+01       2.564627e-03
     2           50319       -4.84106359e+01       3.176944e-03
     5           20127       -4.84106537e+01       4.136715e-03
    10           10063       -4.84107209e+01       5.021512e-03
    20           5031       -4.84107139e+01       6.074052e-03
    50           2012       -4.84107137e+01       7.313640e-03
    70           1437       -4.84106995e+01       7.421593e-03
   100           1006       -4.84107137e+01       7.949052e-03
   200            503       -4.84107137e+01       7.984442e-03
   500            201       -4.84106229e+01       8.174956e-03
Stocahstic error estimate: 7.421593e-03

	predict=-0.00029655709602036465,actual=(array([5.74975051e-05]), array([7.42159267e-05]))

nparam= 36992
	log prob= -18.832740233006728
	burn in time= 14.865535497665405
	sample time= 364.6864905357361
	contraction err= 0.0010488331991878597 0.20162068841120875
nsamples= 100638

Mean energy: -4.84229977e+01
Block size    # of blocks        Mean                Error
     1           100638       -4.84229977e+01       2.043967e-03
     2           50319       -4.84229977e+01       2.428165e-03
     5           20127       -4.84229945e+01       2.894762e-03
    10           10063       -4.84229801e+01       3.153803e-03
    20           5031       -4.84229720e+01       3.402703e-03
    50           2012       -4.84229812e+01       3.627815e-03
    70           1437       -4.84229745e+01       3.413421e-03
   100           1006       -4.84229812e+01       3.627882e-03
   200            503       -4.84229812e+01       3.668666e-03
   500            201       -4.84229082e+01       3.960980e-03
Stocahstic error estimate: 3.627815e-03

step=40,E=-0.48422997704543697,dE=-6.612010797269364e-05,err=3.627815307083868e-05
	gnorm= 0.14115659811539968
	collect g,h time= 0.9354448318481445
symmetric= True
	solver time=1.6357908248901367,exit status=0
niter= 41
	xnorm=24.029122147814803,dnorm=0.5447724516868838
pure_newton= False
ix=0,sh=36992
symmetric= False
	solver time=31.271993398666382,exit status=0
niter= 385
hessian inversion error= 9.902968105834293e-05
SR delta norm= 0.5447724516868838
RGN delta norm= 2.875636945525969
	xnorm=24.029122147814803,dnorm=2.875636945525969
	log prob= -19.759790622939978
	burn in time= 17.931896448135376
	sample time= 999.3757932186127
	contraction err= 0.0015116080362538916 0.21423465710895856
nsamples= 100638

Mean energy: -4.84124122e+01
Block size    # of blocks        Mean                Error
     1           100638       -4.84124122e+01       2.545058e-03
     2           50319       -4.84124122e+01       3.097894e-03
     5           20127       -4.84124026e+01       3.996912e-03
    10           10063       -4.84124308e+01       4.712312e-03
    20           5031       -4.84124640e+01       5.462032e-03
    50           2012       -4.84124626e+01       6.521084e-03
    70           1437       -4.84124629e+01       6.547419e-03
   100           1006       -4.84124626e+01       7.163061e-03
   200            503       -4.84124626e+01       7.313928e-03
   500            201       -4.84125414e+01       7.172805e-03
Stocahstic error estimate: 6.547419e-03

	predict=-0.0002642864138802553,actual=(array([0.00010585]), array([6.54741859e-05]))

nparam= 36992
	log prob= -18.91609671542374
	burn in time= 14.682721853256226
	sample time= 364.644047498703
	contraction err= 0.0011091142442995342 0.1522940956139284
nsamples= 100638

Mean energy: -4.84293596e+01
Block size    # of blocks        Mean                Error
     1           100638       -4.84293596e+01       2.126692e-03
     2           50319       -4.84293596e+01       2.524200e-03
     5           20127       -4.84293454e+01       3.077630e-03
    10           10063       -4.84293380e+01       3.446273e-03
    20           5031       -4.84292937e+01       3.838830e-03
    50           2012       -4.84293044e+01       3.791543e-03
    70           1437       -4.84293529e+01       4.138132e-03
   100           1006       -4.84293044e+01       3.958273e-03
   200            503       -4.84293044e+01       4.018102e-03
   500            201       -4.84292588e+01       4.222128e-03
Stocahstic error estimate: 3.838830e-03

step=41,E=-0.4842935958135452,dE=-6.361876810821343e-05,err=3.8388300716646414e-05
	gnorm= 0.16458596934053105
	collect g,h time= 0.9330489635467529
symmetric= True
	solver time=1.6742885112762451,exit status=0
niter= 42
	xnorm=24.073710454292947,dnorm=0.5563388627954572
pure_newton= False
ix=0,sh=36992
symmetric= False
	solver time=17.76278018951416,exit status=0
niter= 219
hessian inversion error= 8.75459586285027e-05
SR delta norm= 0.5563388627954573
RGN delta norm= 3.734362952680422
	xnorm=24.073710454292947,dnorm=3.734362952680422
	log prob= -19.384640296870096
	burn in time= 15.052457094192505
	sample time= 1001.4743142127991
	contraction err= 0.0016675465864802298 0.7986181308095676
nsamples= 100638

Mean energy: -4.83983786e+01
Block size    # of blocks        Mean                Error
     1           100638       -4.83983786e+01       2.584326e-03
     2           50319       -4.83983786e+01       3.133355e-03
     5           20127       -4.83983878e+01       3.941244e-03
    10           10063       -4.83983798e+01       4.503784e-03
    20           5031       -4.83983710e+01       5.104663e-03
    50           2012       -4.83984251e+01       5.904297e-03
    70           1437       -4.83984315e+01       5.969969e-03
   100           1006       -4.83984251e+01       6.136121e-03
   200            503       -4.83984251e+01       6.086734e-03
   500            201       -4.83983588e+01       6.216496e-03
Stocahstic error estimate: 5.969969e-03

	predict=-0.000283457294182477,actual=(array([0.00030981]), array([5.96996852e-05]))

nparam= 36992
	log prob= -18.852728513940484
	burn in time= 15.1455397605896
	sample time= 364.52088236808777
	contraction err= 0.0011451303491358728 0.1949989359156227
nsamples= 100638

Mean energy: -4.84310866e+01
Block size    # of blocks        Mean                Error
     1           100638       -4.84310866e+01       2.147457e-03
     2           50319       -4.84310866e+01       2.568011e-03
     5           20127       -4.84310832e+01       3.142732e-03
    10           10063       -4.84310786e+01       3.535862e-03
    20           5031       -4.84310693e+01       3.915362e-03
    50           2012       -4.84310484e+01       4.672785e-03
    70           1437       -4.84310417e+01       4.740058e-03
   100           1006       -4.84310484e+01       4.723026e-03
   200            503       -4.84310484e+01       4.652545e-03
   500            201       -4.84310942e+01       4.577532e-03
Stocahstic error estimate: 4.740058e-03

step=42,E=-0.48431086644678834,dE=-1.7270633243171572e-05,err=4.7400579261725826e-05
	gnorm= 0.16470150053170357
	collect g,h time= 0.9377999305725098
symmetric= True
	solver time=1.6303856372833252,exit status=0
niter= 41
	xnorm=24.123471479804337,dnorm=0.5586058810665127
pure_newton= False
ix=0,sh=36992
symmetric= False
	solver time=47.976675033569336,exit status=0
niter= 591
hessian inversion error= 9.982979234744826e-05
SR delta norm= 0.5586058810665127
RGN delta norm= 2.6734931401546063
	xnorm=24.123471479804337,dnorm=2.6734931401546063
	log prob= -19.175319734837856
	burn in time= 19.28157663345337
	sample time= 998.9438526630402
	contraction err= 0.001504386355351363 0.390899225028632
nsamples= 100638

Mean energy: -4.84357233e+01
Block size    # of blocks        Mean                Error
     1           100638       -4.84357233e+01       2.254406e-03
     2           50319       -4.84357233e+01       2.724338e-03
     5           20127       -4.84357329e+01       3.364171e-03
    10           10063       -4.84357576e+01       3.832030e-03
    20           5031       -4.84357532e+01       4.157552e-03
    50           2012       -4.84356925e+01       4.512840e-03
    70           1437       -4.84357063e+01       4.464016e-03
   100           1006       -4.84356925e+01       4.537838e-03
   200            503       -4.84356925e+01       4.616142e-03
   500            201       -4.84356362e+01       4.342229e-03
Stocahstic error estimate: 4.512840e-03

	predict=-0.0002806295698224902,actual=(array([-4.63663335e-05]), array([4.51283971e-05]))

nparam= 36992
	log prob= -19.175319734837856
	burn in time= 16.635307788848877
	sample time= 364.6201112270355
	contraction err= 0.0015274637842153957 0.28268886294125756
nsamples= 100638

Mean energy: -4.84364227e+01
Block size    # of blocks        Mean                Error
     1           100638       -4.84364227e+01       2.380625e-03
     2           50319       -4.84364227e+01       2.847925e-03
     5           20127       -4.84364185e+01       3.564960e-03
    10           10063       -4.84364286e+01       4.074513e-03
    20           5031       -4.84364167e+01       4.688003e-03
    50           2012       -4.84364036e+01       4.762696e-03
    70           1437       -4.84363893e+01       5.078372e-03
   100           1006       -4.84364036e+01       4.773491e-03
   200            503       -4.84364036e+01       4.927464e-03
   500            201       -4.84364773e+01       5.195801e-03
Stocahstic error estimate: 4.762696e-03

step=43,E=-0.48436422654734484,dE=-5.33601005565032e-05,err=4.762696229288774e-05
	gnorm= 0.3255514318550635
	collect g,h time= 0.9306695461273193
symmetric= True
	solver time=1.5510163307189941,exit status=0
niter= 39
	xnorm=24.45804758851523,dnorm=0.5610703013225807
pure_newton= False
ix=0,sh=36992
symmetric= False
	solver time=1260.1819808483124,exit status=500
niter= 15501
hessian inversion error= 0.0022559043623159593
SR delta norm= 0.5610703013225807
RGN delta norm= 2.242277889096093
	xnorm=24.45804758851523,dnorm=2.242277889096093
	log prob= -18.451613675955713
	burn in time= 19.041789770126343
	sample time= 998.6815299987793
	contraction err= 0.0017285426215138924 0.4154137052913119
nsamples= 100638

Mean energy: -4.84575300e+01
Block size    # of blocks        Mean                Error
     1           100638       -4.84575300e+01       2.178553e-03
     2           50319       -4.84575300e+01       2.574220e-03
     5           20127       -4.84575303e+01       3.150221e-03
    10           10063       -4.84575228e+01       3.515025e-03
    20           5031       -4.84575236e+01       3.836856e-03
    50           2012       -4.84574711e+01       3.845147e-03
    70           1437       -4.84574704e+01       4.061289e-03
   100           1006       -4.84574711e+01       4.178981e-03
   200            503       -4.84574711e+01       4.188904e-03
   500            201       -4.84575366e+01       4.457378e-03
Stocahstic error estimate: 3.845147e-03

	predict=-0.00033680228586062606,actual=(array([-0.00021107]), array([3.84514691e-05]))

nparam= 36992
	log prob= -18.451613675955713
	burn in time= 14.966018199920654
trouble in torch gesdd routine, falling back to gesvd
	sample time= 364.2365953922272
	contraction err= 0.0017704500645577654 0.35266713343837197
nsamples= 100638

Mean energy: -4.84540713e+01
Block size    # of blocks        Mean                Error
     1           100638       -4.84540713e+01       2.326945e-03
     2           50319       -4.84540713e+01       2.808620e-03
     5           20127       -4.84540674e+01       3.423540e-03
    10           10063       -4.84540779e+01       3.898393e-03
    20           5031       -4.84540841e+01       4.238030e-03
    50           2012       -4.84540641e+01       4.465555e-03
    70           1437       -4.84540200e+01       4.579004e-03
   100           1006       -4.84540641e+01       4.445724e-03
   200            503       -4.84540641e+01       4.649454e-03
   500            201       -4.84539788e+01       4.900456e-03
Stocahstic error estimate: 4.579004e-03

step=44,E=-0.4845407128841581,dE=-0.00017648633681325521,err=4.579003791030751e-05
	gnorm= 0.2883441287051238
	collect g,h time= 0.9306895732879639
symmetric= True
	solver time=1.5945355892181396,exit status=0
niter= 40
	xnorm=24.718514887341033,dnorm=0.5793237111187917
pure_newton= False
ix=0,sh=36992
symmetric= False
	solver time=70.56314420700073,exit status=0
niter= 870
hessian inversion error= 9.983077191771682e-05
SR delta norm= 0.5793237111187916
RGN delta norm= 2.583174648622221
	xnorm=24.718514887341033,dnorm=2.583174648622221
	log prob= -19.242360089507795
	burn in time= 17.333370208740234
	sample time= 998.1743922233582
	contraction err= 0.0019999662054855194 0.2697893678612558
nsamples= 100638

Mean energy: -4.84675914e+01
Block size    # of blocks        Mean                Error
     1           100638       -4.84675914e+01       2.371077e-03
     2           50319       -4.84675914e+01       2.788180e-03
     5           20127       -4.84675748e+01       3.422495e-03
    10           10063       -4.84675650e+01       3.954679e-03
    20           5031       -4.84675498e+01       4.518847e-03
    50           2012       -4.84676629e+01       4.942331e-03
    70           1437       -4.84676841e+01       4.945292e-03
   100           1006       -4.84676629e+01       5.035242e-03
   200            503       -4.84676629e+01       5.142551e-03
   500            201       -4.84677270e+01       5.237188e-03
Stocahstic error estimate: 4.945292e-03

	predict=-0.00032499055315695106,actual=(array([-0.0001352]), array([4.94529199e-05]))

nparam= 36992
	log prob= -19.242360089507795
	burn in time= 13.529628038406372
