RANK= 0
SIZE= 640
Lx,Ly= 8 8
D= 8
chi= 6
rate= 0.1 0.5
cond= 0.001 0.001
nparams= 524288
	burn in time= 1163.883217573166
	sample time= 10173.807822704315
	contraction err= 0.0 0.0

Mean energy: -4.30735741e+01
Block size    # of blocks        Mean                Error
     1           60000       -4.30735741e+01       9.797399e-04
     2           30000       -4.30735741e+01       9.787707e-04
     5           12000       -4.30735741e+01       9.931021e-04
    10           6000       -4.30735741e+01       9.918881e-04
    20           3000       -4.30735741e+01       1.000668e-03
    50           1200       -4.30735741e+01       1.004850e-03
    70            857       -4.30735838e+01       1.011352e-03
   100            600       -4.30735741e+01       1.005050e-03
   200            300       -4.30735741e+01       1.036467e-03
   500            120       -4.30735741e+01       1.067599e-03
0 0.0009797399216894128 0.0010675991752560714
Stocahstic error estimate: 9.797399e-04

step=25,E=-0.6730245948653979,dE=-0.6730245948653979,err=1.5308436276397075e-05,gmax=0.007948602018544193
	collect data time= 105.24456334114075
	solver time=56.95832562446594,exit status=0
niter= 268
	solver time=3.8458797931671143,exit status=0
niter= 36
	burn in time= 1188.342215538025
	sample time= 5565.420214653015
	contraction err= 0.0 0.0

Mean energy: -4.30602472e+01
Block size    # of blocks        Mean                Error
     1           60000       -4.30602472e+01       1.724741e-03
     2           30000       -4.30602472e+01       1.717765e-03
     5           12000       -4.30602472e+01       1.721561e-03
    10           6000       -4.30602472e+01       1.709765e-03
    20           3000       -4.30602472e+01       1.699451e-03
    50           1200       -4.30602472e+01       1.668891e-03
    70            857       -4.30602429e+01       1.656293e-03
   100            600       -4.30602472e+01       1.691770e-03
   200            300       -4.30602472e+01       1.762367e-03
   500            120       -4.30602472e+01       1.742164e-03
0 0.0017247406597860968 0.0017421639590472157
Stocahstic error estimate: 1.724741e-03

	predict=-0.03312743499737309,actual=(0.013326821442362302, 0.0019835878245420234)
	g=0.0710350506601002,del=1.3633074152041884,dot=0.011962745307076578,x=20.376634529228653
