block_dict= [(0, 1663488)]
sizes= [1663488]
RANK= 0
SIZE= 640
Lx,Ly= 16 16
D= 8
chi= 4
rate= 0.1 0.1
cond= 0.001 0.001
nparams= 1663488 1662416
256 128 128
size= 12.691505432128906
	prob= 0.0005403730113510558
	burn in time= 1680.8402514457703
	sample time= 3539.1852264404297
	contraction err= 0.0 0.0

Mean energy: -1.25443257e+02
Block size    # of blocks        Mean                Error
     1           10000       -1.25443257e+02       7.166105e-03
     2           5000       -1.25443257e+02       7.177133e-03
     5           2000       -1.25443257e+02       7.098852e-03
    10           1000       -1.25443257e+02       7.151976e-03
    20            500       -1.25443257e+02       7.292852e-03
    50            200       -1.25443257e+02       7.135557e-03
    70            142       -1.25442943e+02       7.320391e-03
   100            100       -1.25443257e+02       6.975813e-03
   200             50       -1.25443257e+02       7.114519e-03
   500             20       -1.25443257e+02       6.888276e-03
0 0.00717713332615646 0.006888276260987627
Stocahstic error estimate: 7.177133e-03

step=0,E=-0.49001272278968017,dE=-0.49001272278968017,err=2.803567705529867e-05,gmax=0.026510538583920606
	collect g,Hv time= 39.895039558410645
	solver time=16.281980752944946,exit status=0
niter= 39
	g=0.17889620654615723,del=6.019921980675941,dot=0.41208136928850514,x=54.38824140641006
	prob= 0.0005627474204530396
	burn in time= 1705.5288395881653
	sample time= 10429.054277896881
	contraction err= 0.0 0.0

Mean energy: -1.25449154e+02
Block size    # of blocks        Mean                Error
     1           10000       -1.25449154e+02       7.561436e-03
     2           5000       -1.25449154e+02       7.556474e-03
     5           2000       -1.25449154e+02       7.675811e-03
    10           1000       -1.25449154e+02       7.722276e-03
    20            500       -1.25449154e+02       7.955991e-03
    50            200       -1.25449154e+02       7.595044e-03
    70            142       -1.25449385e+02       7.480656e-03
   100            100       -1.25449154e+02       7.627260e-03
   200             50       -1.25449154e+02       7.382487e-03
   500             20       -1.25449154e+02       6.421524e-03
0 0.007561435779290733 0.006421524440353051
Stocahstic error estimate: 7.561436e-03

step=1,E=-0.4900357575091103,dE=-2.3034719430159445e-05,err=2.9536858512854424e-05,gmax=0.01830003785754286
	collect g,Hv time= 74.79102301597595
	solver time=44.41145586967468,exit status=0
niter= 38
	g=0.19304280945272603,del=6.241158347419924,dot=0.46649612154414144,x=54.38824140641002
	prob= 0.0005739471049252866
	burn in time= 1723.1654250621796
	sample time= 10430.689804315567
	contraction err= 0.0 0.0

Mean energy: -1.25452869e+02
Block size    # of blocks        Mean                Error
     1           10000       -1.25452869e+02       7.036221e-03
     2           5000       -1.25452869e+02       7.023466e-03
     5           2000       -1.25452869e+02       7.069939e-03
    10           1000       -1.25452869e+02       6.925754e-03
    20            500       -1.25452869e+02       7.045217e-03
    50            200       -1.25452869e+02       7.193413e-03
    70            142       -1.25452503e+02       7.098496e-03
   100            100       -1.25452869e+02       7.281231e-03
   200             50       -1.25452869e+02       7.930368e-03
   500             20       -1.25452869e+02       9.269432e-03
0 0.007036221404886601 0.009269431842002693
Stocahstic error estimate: 7.036221e-03

step=2,E=-0.4900502713442379,dE=-1.4513835127571983e-05,err=2.7485239862838286e-05,gmax=0.02275580150217138
	collect g,Hv time= 73.51640462875366
	solver time=43.36818051338196,exit status=0
niter= 38
	g=0.17819246016701396,del=5.952841886850204,dot=0.4066927460634965,x=54.38824140640991
	prob= 0.0005797067573647314
	burn in time= 1672.8055000305176
	sample time= 10444.736384868622
	contraction err= 0.0 0.0

Mean energy: -1.25432663e+02
Block size    # of blocks        Mean                Error
     1           10000       -1.25432663e+02       7.588096e-03
     2           5000       -1.25432663e+02       7.558320e-03
     5           2000       -1.25432663e+02       7.409973e-03
    10           1000       -1.25432663e+02       7.522001e-03
    20            500       -1.25432663e+02       7.385356e-03
    50            200       -1.25432663e+02       7.512197e-03
    70            142       -1.25432353e+02       7.236298e-03
   100            100       -1.25432663e+02       7.503192e-03
   200             50       -1.25432663e+02       7.980165e-03
   500             20       -1.25432663e+02       8.331035e-03
0 0.007588096089068172 0.008331035155225203
Stocahstic error estimate: 7.588096e-03

step=3,E=-0.4899713380175238,dE=7.893332671410347e-05,err=2.9641000347922547e-05,gmax=0.024127688479321036
	collect g,Hv time= 67.33353972434998
	solver time=45.44428586959839,exit status=0
niter= 39
	g=0.2474100867763168,del=5.813736707423479,dot=0.4571112694019899,x=54.38824140641009
	prob= 0.0006371024836372581
	burn in time= 1682.9524579048157
