block_dict= [(0, 12320)]
sizes= [12320]
SIZE= 640
L= 250
nspin= (125, 125)
nparam= 12320

nparam= 12320
	log prob= -2.4198264559941536
	burn in time= 161.0414810180664
	sample time= 235.36812901496887
	contraction err= 3.5208447862832824e-15 1.790491110508841e-14
nsamples= 8638

Mean energy: -8.80718658e+01
Block size    # of blocks        Mean                Error
     1           8638       -8.80718658e+01       2.490325e-02
     2           4319       -8.80718658e+01       2.498434e-02
     5           1727       -8.80723883e+01       2.534216e-02
    10            863       -8.80718167e+01       2.538259e-02
    20            431       -8.80724413e+01       2.597101e-02
    50            172       -8.80732377e+01       2.662378e-02
    70            123       -8.80731427e+01       2.618501e-02
   100             86       -8.80732377e+01       2.777644e-02
   200             43       -8.80732377e+01       2.803029e-02
   500             17       -8.80737309e+01       2.954867e-02
Stocahstic error estimate: 2.498434e-02

step=0,E=-0.3522874633997333,dE=0.0,err=9.993736575274591e-05,gmax=0.2035490874273007
	collect g,h time= 0.08774304389953613
	solver time=0.042792320251464844,exit status=0
niter= 25
pure_newton= False
	solver time=29.098081827163696,exit status=500
niter= 15501
hessian inversion error= 0.030808801380126073
	log prob= -38.89153572832053
	burn in time= 161.65368843078613
	sample time= 449.74049282073975
	contraction err= 3.624061613047057e-15 1.926987407384496e-14
nsamples= 8638

Mean energy: -7.47843925e+01
Block size    # of blocks        Mean                Error
     1           8638       -7.47843925e+01       5.261990e-02
     2           4319       -7.47843925e+01       5.967014e-02
     5           1727       -7.47863889e+01       7.314551e-02
    10            863       -7.47853495e+01       8.496019e-02
    20            431       -7.47832448e+01       9.522799e-02
    50            172       -7.47778477e+01       1.085921e-01
    70            123       -7.47806414e+01       1.044778e-01
   100             86       -7.47778477e+01       1.103860e-01
   200             43       -7.47778477e+01       1.037459e-01
   500             17       -7.47791858e+01       9.376997e-02
Stocahstic error estimate: 1.085921e-01

	predict=-0.9791035089233371,actual=(array([13.2875]), array([0.1086]))
	g=1.4286132520980475,del=5.375726745321809,dot=3.9346815591135647,x=38.70374658867021

nparam= 12320
	log prob= -5.165469022049617
	burn in time= 163.6035761833191
	sample time= 230.21058177947998
	contraction err= 3.556212887616762e-15 1.5249672563554387e-14
nsamples= 8638

Mean energy: -8.86608745e+01
Block size    # of blocks        Mean                Error
     1           8638       -8.86608745e+01       2.184016e-02
     2           4319       -8.86608745e+01       2.209833e-02
     5           1727       -8.86603518e+01       2.177666e-02
    10            863       -8.86605203e+01       2.177665e-02
    20            431       -8.86611637e+01       2.271779e-02
    50            172       -8.86606968e+01       2.499625e-02
    70            123       -8.86607954e+01       2.547945e-02
   100             86       -8.86606968e+01       2.575581e-02
   200             43       -8.86606968e+01       2.696639e-02
   500             17       -8.86657471e+01       2.682335e-02
Stocahstic error estimate: 2.209833e-02

step=1,E=-0.35464349814194607,dE=-0.002356034742212728,err=8.839330551482944e-05,gmax=0.2547764104911252
	collect g,h time= 0.08604216575622559
	solver time=0.053034067153930664,exit status=0
niter= 39
pure_newton= False
	solver time=29.1938738822937,exit status=500
niter= 15501
hessian inversion error= 0.005055095315453293
	log prob= -79.68116998442291
	burn in time= 157.1324119567871
	sample time= 436.983517408371
	contraction err= 3.497929261833043e-15 2.3745996741974782e-14
nsamples= 8638

Mean energy: -4.77000577e+01
Block size    # of blocks        Mean                Error
     1           8638       -4.77000577e+01       7.222040e-02
     2           4319       -4.77000577e+01       7.996141e-02
     5           1727       -4.76997739e+01       9.280544e-02
    10            863       -4.76985103e+01       1.018725e-01
    20            431       -4.76967788e+01       1.113464e-01
    50            172       -4.76957453e+01       1.221908e-01
    70            123       -4.76953482e+01       1.306105e-01
   100             86       -4.76957453e+01       1.280959e-01
   200             43       -4.76957453e+01       1.347161e-01
   500             17       -4.76967364e+01       1.530952e-01
Stocahstic error estimate: 1.306105e-01

	predict=-0.7051742428867553,actual=(array([40.9608]), array([0.1306]))
	g=1.3024224092111454,del=6.74425549940022,dot=3.2066498887006176,x=38.70374658867019

nparam= 12320
	log prob= -8.850333423485075
	burn in time= 163.04394459724426
	sample time= 230.42675399780273
	contraction err= 3.5703912038444685e-15 1.4539101133918152e-14
nsamples= 8638

Mean energy: -8.91310181e+01
Block size    # of blocks        Mean                Error
     1           8638       -8.91310181e+01       2.011246e-02
     2           4319       -8.91310181e+01       2.045397e-02
     5           1727       -8.91307350e+01       2.093878e-02
    10            863       -8.91305047e+01       2.149396e-02
    20            431       -8.91313844e+01       2.107997e-02
    50            172       -8.91300860e+01       1.993702e-02
    70            123       -8.91304763e+01       1.903032e-02
   100             86       -8.91300860e+01       1.932498e-02
   200             43       -8.91300860e+01       1.676207e-02
   500             17       -8.91302157e+01       1.936665e-02
Stocahstic error estimate: 2.045397e-02

step=2,E=-0.35652407225151567,dE=-0.0018805741095696362,err=8.181587930915026e-05,gmax=0.13161162724975561
	collect g,h time= 0.08565092086791992
	solver time=0.05102086067199707,exit status=0
niter= 38
pure_newton= False
	solver time=29.10582399368286,exit status=500
niter= 15501
hessian inversion error= 0.0027729059028944857
	log prob= -51.413118572761455
	burn in time= 159.99218845367432
	sample time= 446.36408495903015
	contraction err= 3.605089039275886e-15 4.14011568305168e-14
nsamples= 8638

Mean energy: -6.96748227e+01
Block size    # of blocks        Mean                Error
     1           8638       -6.96748227e+01       6.015860e-02
     2           4319       -6.96748227e+01       6.890695e-02
     5           1727       -6.96746521e+01       8.495470e-02
    10            863       -6.96722324e+01       9.946666e-02
    20            431       -6.96709963e+01       1.123658e-01
    50            172       -6.96721060e+01       1.270683e-01
    70            123       -6.96698692e+01       1.303981e-01
   100             86       -6.96721060e+01       1.256987e-01
   200             43       -6.96721060e+01       1.177004e-01
   500             17       -6.96709568e+01       1.423792e-01
Stocahstic error estimate: 1.303981e-01

	predict=-0.6040359191322677,actual=(array([19.4562]), array([0.1304]))
	g=1.2295301437378812,del=5.969898173848281,dot=2.6066807849670828,x=38.70374658867021

nparam= 12320
	log prob= -11.970661032049914
	burn in time= 163.43161845207214
	sample time= 230.16166591644287
	contraction err= 3.626477555949021e-15 1.519298263992274e-14
nsamples= 8638

Mean energy: -8.94470187e+01
Block size    # of blocks        Mean                Error
     1           8638       -8.94470187e+01       1.908526e-02
     2           4319       -8.94470187e+01       1.924627e-02
     5           1727       -8.94472187e+01       1.909799e-02
    10            863       -8.94463143e+01       1.954555e-02
    20            431       -8.94459690e+01       2.017800e-02
    50            172       -8.94454075e+01       2.196672e-02
    70            123       -8.94453383e+01       2.277744e-02
   100             86       -8.94454075e+01       2.055180e-02
   200             43       -8.94454075e+01       1.953993e-02
   500             17       -8.94456473e+01       1.570999e-02
Stocahstic error estimate: 1.924627e-02

step=3,E=-0.3577880747631817,dE=-0.0012640025116659786,err=7.698508142070276e-05,gmax=0.25985715387418074
	collect g,h time= 0.08517599105834961
	solver time=0.05740523338317871,exit status=0
niter= 43
pure_newton= False
	solver time=8.126549005508423,exit status=0
niter= 4290
hessian inversion error= 0.00012410754420805436
	log prob= -50.24716997126187
	burn in time= 161.51515460014343
	sample time= 450.4190492630005
	contraction err= 3.7107570978759834e-15 2.61327177302262e-14
nsamples= 8638

Mean energy: -7.77575027e+01
Block size    # of blocks        Mean                Error
     1           8638       -7.77575027e+01       5.107424e-02
     2           4319       -7.77575027e+01       6.000700e-02
     5           1727       -7.77588374e+01       7.507503e-02
    10            863       -7.77590680e+01       8.971056e-02
    20            431       -7.77560214e+01       1.042784e-01
    50            172       -7.77528323e+01       1.237237e-01
    70            123       -7.77542074e+01       1.290153e-01
   100             86       -7.77528323e+01       1.310280e-01
   200             43       -7.77528323e+01       1.434712e-01
   500             17       -7.77507727e+01       2.090859e-01
Stocahstic error estimate: 1.290153e-01

	predict=-0.5525927561567789,actual=(array([11.6895]), array([0.129]))
	g=1.241599830331697,del=6.3225229954791065,dot=2.3502745996324954,x=38.70374658867021

nparam= 12320
	log prob= -14.876353415646422
	burn in time= 162.17581033706665
	sample time= 230.29177570343018
	contraction err= 3.5996656686103035e-15 1.4001059420461561e-14
nsamples= 8638

Mean energy: -8.97123719e+01
Block size    # of blocks        Mean                Error
     1           8638       -8.97123719e+01       1.868113e-02
     2           4319       -8.97123719e+01       1.888052e-02
     5           1727       -8.97128422e+01       1.937683e-02
    10            863       -8.97125810e+01       2.039831e-02
    20            431       -8.97136584e+01       2.053280e-02
    50            172       -8.97128184e+01       2.137574e-02
    70            123       -8.97137447e+01       2.160475e-02
   100             86       -8.97128184e+01       2.160285e-02
   200             43       -8.97128184e+01       1.836664e-02
   500             17       -8.97144870e+01       1.651594e-02
Stocahstic error estimate: 1.888052e-02

step=4,E=-0.35884948751135376,dE=-0.0010614127481720743,err=7.552209888528302e-05,gmax=0.5103195418907411
	collect g,h time= 0.08515286445617676
	solver time=0.045984745025634766,exit status=0
niter= 34
pure_newton= False
	solver time=29.20653247833252,exit status=500
niter= 15501
hessian inversion error= 0.0017392854310123735
	log prob= -45.07979943979249
	burn in time= 161.85661959648132
	sample time= 452.39850544929504
	contraction err= 3.631695282739368e-15 1.7851311424294175e-14
nsamples= 8638

Mean energy: -8.13724304e+01
Block size    # of blocks        Mean                Error
     1           8638       -8.13724304e+01       4.436626e-02
     2           4319       -8.13724304e+01       5.293424e-02
     5           1727       -8.13719875e+01       6.873541e-02
    10            863       -8.13717628e+01       8.319073e-02
    20            431       -8.13703487e+01       9.910394e-02
    50            172       -8.13706886e+01       1.183041e-01
    70            123       -8.13724420e+01       1.162349e-01
   100             86       -8.13706886e+01       1.269027e-01
   200             43       -8.13706886e+01       1.256902e-01
   500             17       -8.13734253e+01       1.283156e-01
Stocahstic error estimate: 1.183041e-01

	predict=-0.508513282381725,actual=(array([8.3399]), array([0.1183]))
	g=1.4214046282692956,del=4.5969527866756765,dot=2.117315920999331,x=38.7037465886702

nparam= 12320
	log prob= -16.934009246440723
	burn in time= 162.86827659606934
	sample time= 230.29842495918274
	contraction err= 3.58886054333764e-15 1.567709690278472e-14
nsamples= 8638

Mean energy: -8.99339075e+01
Block size    # of blocks        Mean                Error
     1           8638       -8.99339075e+01       1.832270e-02
     2           4319       -8.99339075e+01       1.893914e-02
     5           1727       -8.99336930e+01       1.943816e-02
    10            863       -8.99339919e+01       1.992198e-02
    20            431       -8.99340172e+01       2.001728e-02
    50            172       -8.99341308e+01       2.083158e-02
    70            123       -8.99339546e+01       2.130348e-02
   100             86       -8.99341308e+01       2.106501e-02
   200             43       -8.99341308e+01       2.127423e-02
   500             17       -8.99371057e+01       2.237870e-02
Stocahstic error estimate: 1.893914e-02

step=5,E=-0.35973562984129914,dE=-0.0008861423299454146,err=7.575657518447493e-05,gmax=0.40721590166493904
	collect g,h time= 0.08600068092346191
	solver time=0.05595970153808594,exit status=0
niter= 42
pure_newton= False
	solver time=19.42469310760498,exit status=0
niter= 10263
hessian inversion error= 0.0001683908647524968
	log prob= -44.51098956584497
	burn in time= 162.29561042785645
	sample time= 452.5921938419342
	contraction err= 3.682011937479694e-15 1.7489712593228738e-14
nsamples= 8638

Mean energy: -8.21584330e+01
Block size    # of blocks        Mean                Error
     1           8638       -8.21584330e+01       4.294426e-02
     2           4319       -8.21584330e+01       5.130742e-02
     5           1727       -8.21591342e+01       6.696732e-02
    10            863       -8.21591458e+01       8.304261e-02
    20            431       -8.21570063e+01       9.952145e-02
    50            172       -8.21534448e+01       1.165207e-01
    70            123       -8.21541240e+01       1.248993e-01
   100             86       -8.21534448e+01       1.296776e-01
   200             43       -8.21534448e+01       1.413644e-01
   500             17       -8.21423069e+01       1.638565e-01
Stocahstic error estimate: 1.296776e-01

	predict=-0.43043321074298224,actual=(array([7.7755]), array([0.1297]))
	g=1.6887400389260647,del=5.808046680059972,dot=2.213999277750528,x=38.7037465886702

nparam= 12320
	log prob= -19.077943987277415
	burn in time= 163.21584582328796
	sample time= 230.16517329216003
	contraction err= 3.605117227637479e-15 3.219157254899542e-14
nsamples= 8638

Mean energy: -9.01160964e+01
Block size    # of blocks        Mean                Error
     1           8638       -9.01160964e+01       1.735645e-02
     2           4319       -9.01160964e+01       1.785384e-02
     5           1727       -9.01163834e+01       1.868290e-02
    10            863       -9.01159736e+01       1.960926e-02
    20            431       -9.01161854e+01       2.052737e-02
    50            172       -9.01176058e+01       2.219297e-02
    70            123       -9.01167013e+01       2.246548e-02
   100             86       -9.01176058e+01       2.243120e-02
   200             43       -9.01176058e+01       2.219962e-02
   500             17       -9.01159394e+01       2.446124e-02
Stocahstic error estimate: 1.785384e-02

step=6,E=-0.3604643857165146,dE=-0.0007287558752154837,err=7.141534783864053e-05,gmax=0.3516302404501046
	collect g,h time= 0.08274412155151367
	solver time=0.05346035957336426,exit status=0
niter= 40
pure_newton= False
	solver time=8.990246295928955,exit status=0
niter= 4745
hessian inversion error= 0.00014258067583634105
	log prob= -41.33679183415673
	burn in time= 164.49548935890198
	sample time= 453.62060165405273
	contraction err= 3.684317550509923e-15 3.5024203593829756e-14
nsamples= 8638

Mean energy: -8.46405441e+01
Block size    # of blocks        Mean                Error
     1           8638       -8.46405441e+01       3.875187e-02
     2           4319       -8.46405441e+01       4.576610e-02
     5           1727       -8.46400903e+01       5.948964e-02
    10            863       -8.46394586e+01       7.336619e-02
    20            431       -8.46381209e+01       8.905979e-02
    50            172       -8.46365494e+01       1.049537e-01
    70            123       -8.46363604e+01       1.139637e-01
   100             86       -8.46365494e+01       1.175075e-01
   200             43       -8.46365494e+01       1.232281e-01
   500             17       -8.46313858e+01       1.203480e-01
Stocahstic error estimate: 1.175075e-01

	predict=-0.40815368547377795,actual=(array([5.4756]), array([0.1175]))
	g=1.5128450327364333,del=5.294857240173661,dot=1.9609984026466565,x=38.70374658867021

nparam= 12320
	log prob= -20.71769175792983
	burn in time= 164.02392983436584
	sample time= 230.0526258945465
	contraction err= 3.613771955996367e-15 1.6739681658877205e-14
nsamples= 8638

Mean energy: -9.03392384e+01
Block size    # of blocks        Mean                Error
     1           8638       -9.03392384e+01       1.631154e-02
     2           4319       -9.03392384e+01       1.669416e-02
     5           1727       -9.03399410e+01       1.765754e-02
    10            863       -9.03405586e+01       1.857251e-02
    20            431       -9.03411582e+01       1.896335e-02
    50            172       -9.03393736e+01       2.006021e-02
    70            123       -9.03401714e+01       1.896792e-02
   100             86       -9.03393736e+01       1.969861e-02
   200             43       -9.03393736e+01       2.013059e-02
   500             17       -9.03395737e+01       2.205561e-02
Stocahstic error estimate: 1.669416e-02

step=7,E=-0.36135695365153303,dE=-0.0008925679350184055,err=6.677664644938591e-05,gmax=0.2188125937695471
	collect g,h time= 0.0850365161895752
	solver time=0.04680156707763672,exit status=0
niter= 35
pure_newton= False
	solver time=24.188129663467407,exit status=0
niter= 12901
hessian inversion error= 0.0001219403218018535
	log prob= -54.24013874934691
	burn in time= 163.59064245224
	sample time= 452.8904321193695
	contraction err= 3.6785495842639816e-15 2.654508320130026e-14
nsamples= 8638

Mean energy: -8.26279990e+01
Block size    # of blocks        Mean                Error
     1           8638       -8.26279990e+01       4.073923e-02
     2           4319       -8.26279990e+01       4.836027e-02
     5           1727       -8.26272136e+01       6.218641e-02
    10            863       -8.26285595e+01       7.514446e-02
    20            431       -8.26286407e+01       8.975709e-02
    50            172       -8.26275356e+01       1.063849e-01
    70            123       -8.26288021e+01       1.107056e-01
   100             86       -8.26275356e+01       1.216280e-01
   200             43       -8.26275356e+01       1.299934e-01
   500             17       -8.26225507e+01       1.469504e-01
Stocahstic error estimate: 1.107056e-01

	predict=-0.36509587576585006,actual=(array([7.7112]), array([0.1107]))
	g=1.219406181874621,del=4.684994411813418,dot=1.6604642828719047,x=38.7037465886702

nparam= 12320
	log prob= -21.98182607987546
	burn in time= 162.28106498718262
	sample time= 229.9698565006256
	contraction err= 3.6118126175131114e-15 3.7711402109591956e-14
nsamples= 8638

Mean energy: -9.04782288e+01
Block size    # of blocks        Mean                Error
     1           8638       -9.04782288e+01       1.659656e-02
     2           4319       -9.04782288e+01       1.702940e-02
     5           1727       -9.04779527e+01       1.816550e-02
    10            863       -9.04780413e+01       1.872170e-02
    20            431       -9.04773216e+01       1.915374e-02
    50            172       -9.04778077e+01       1.796553e-02
    70            123       -9.04784743e+01       1.744781e-02
   100             86       -9.04778077e+01       1.727310e-02
   200             43       -9.04778077e+01       1.686780e-02
   500             17       -9.04774713e+01       1.833423e-02
Stocahstic error estimate: 1.702940e-02

step=8,E=-0.3619129152247904,dE=-0.0005559615732573775,err=6.811758449460034e-05,gmax=1.8750537197812989
	collect g,h time= 0.08508443832397461
	solver time=0.01649332046508789,exit status=0
niter= 12
pure_newton= False
	solver time=0.6706357002258301,exit status=0
niter= 317
hessian inversion error= 0.0004884699030884569
	log prob= -39.74342545658689
	burn in time= 163.67408680915833
	sample time= 454.8409113883972
	contraction err= 3.707001208750058e-15 2.4491422873583136e-13
nsamples= 8638

Mean energy: -8.89120648e+01
Block size    # of blocks        Mean                Error
     1           8638       -8.89120648e+01       2.922502e-02
     2           4319       -8.89120648e+01       3.470156e-02
     5           1727       -8.89119668e+01       4.511513e-02
    10            863       -8.89119242e+01       5.573713e-02
    20            431       -8.89121588e+01       6.809356e-02
    50            172       -8.89124691e+01       8.538376e-02
    70            123       -8.89132705e+01       9.361861e-02
   100             86       -8.89124691e+01       9.123518e-02
   200             43       -8.89124691e+01       9.341967e-02
   500             17       -8.89075302e+01       8.835352e-02
Stocahstic error estimate: 9.361861e-02

	predict=-0.4286849076220064,actual=(array([1.5662]), array([0.0936]))
	g=4.907313650639487,del=1.3922705960537107,dot=1.204199853365679,x=38.7037465886702

nparam= 12320
	log prob= -22.35999660032638
	burn in time= 163.25037479400635
	sample time= 229.83737111091614
	contraction err= 3.599275880200658e-15 1.872269834753902e-14
nsamples= 8638

Mean energy: -9.05551383e+01
Block size    # of blocks        Mean                Error
     1           8638       -9.05551383e+01       1.543590e-02
     2           4319       -9.05551383e+01       1.589112e-02
     5           1727       -9.05549045e+01       1.674880e-02
    10            863       -9.05549819e+01       1.741495e-02
    20            431       -9.05556839e+01       1.859528e-02
    50            172       -9.05553537e+01       1.809040e-02
    70            123       -9.05556305e+01       1.766565e-02
   100             86       -9.05553537e+01       1.897769e-02
   200             43       -9.05553537e+01       1.955042e-02
   500             17       -9.05561097e+01       2.229143e-02
Stocahstic error estimate: 1.589112e-02

step=9,E=-0.3622205530630219,dE=-0.0003076378382314715,err=6.356447875163654e-05,gmax=0.11501634032186914
	collect g,h time= 0.08514213562011719
	solver time=0.05317878723144531,exit status=0
niter= 40
pure_newton= False
	solver time=1.0425546169281006,exit status=0
niter= 538
hessian inversion error= 0.00011812870349503667
	log prob= -40.0942771841175
	burn in time= 164.27908849716187
	sample time= 454.6770668029785
	contraction err= 3.672581937132797e-15 4.3929821057763964e-14
nsamples= 8638

Mean energy: -8.90590740e+01
Block size    # of blocks        Mean                Error
     1           8638       -8.90590740e+01       2.725938e-02
     2           4319       -8.90590740e+01       3.327653e-02
     5           1727       -8.90585343e+01       4.460260e-02
    10            863       -8.90579769e+01       5.624567e-02
    20            431       -8.90585513e+01       6.839975e-02
    50            172       -8.90573936e+01       8.778817e-02
    70            123       -8.90584152e+01       9.621355e-02
   100             86       -8.90573936e+01       9.623473e-02
   200             43       -8.90573936e+01       9.656390e-02
   500             17       -8.90541707e+01       1.070172e-01
Stocahstic error estimate: 9.623473e-02

	predict=-0.3272472947399417,actual=(array([1.4961]), array([0.0962]))
	g=1.184371606940208,del=4.619395116587829,dot=1.5063547474648242,x=38.70374658867019

nparam= 12320
	log prob= -23.57288695436624
	burn in time= 163.49441862106323
	sample time= 229.87366890907288
	contraction err= 3.612342510117084e-15 2.4561644727892325e-14
nsamples= 8638

Mean energy: -9.06656041e+01
Block size    # of blocks        Mean                Error
     1           8638       -9.06656041e+01       1.668486e-02
     2           4319       -9.06656041e+01       1.724624e-02
     5           1727       -9.06654903e+01       1.809534e-02
    10            863       -9.06659863e+01       1.885218e-02
    20            431       -9.06652912e+01       1.910868e-02
    50            172       -9.06646426e+01       1.990373e-02
    70            123       -9.06647100e+01       2.017051e-02
   100             86       -9.06646426e+01       1.870539e-02
   200             43       -9.06646426e+01       1.728415e-02
   500             17       -9.06660837e+01       1.633640e-02
Stocahstic error estimate: 1.724624e-02

step=10,E=-0.36266241650037107,dE=-0.00044186343734918407,err=6.898494292668327e-05,gmax=0.27417678645581195
	collect g,h time= 0.08569741249084473
	solver time=0.04710507392883301,exit status=0
niter= 35
pure_newton= False
	solver time=1.1044485569000244,exit status=0
niter= 529
hessian inversion error= 0.00014221151342741503
	log prob= -41.13085446924044
	burn in time= 162.40500736236572
	sample time= 454.5277898311615
	contraction err= 3.69545770228404e-15 1.4088455939864572e-13
nsamples= 8638

Mean energy: -8.95634178e+01
Block size    # of blocks        Mean                Error
     1           8638       -8.95634178e+01       2.576565e-02
     2           4319       -8.95634178e+01       3.090108e-02
     5           1727       -8.95630662e+01       4.167994e-02
    10            863       -8.95622657e+01       5.248757e-02
    20            431       -8.95610265e+01       6.540627e-02
    50            172       -8.95596728e+01       8.338339e-02
    70            123       -8.95608047e+01       9.087222e-02
   100             86       -8.95596728e+01       9.018739e-02
   200             43       -8.95596728e+01       9.797320e-02
   500             17       -8.95553264e+01       1.118697e-01
Stocahstic error estimate: 9.087222e-02

	predict=-0.36941681781750063,actual=(array([1.1022]), array([0.0909]))
	g=1.57056884387792,del=4.043429749126037,dot=1.7985319338318593,x=38.703746588670185

nparam= 12320
	log prob= -24.7699451023462
	burn in time= 161.17423152923584
	sample time= 229.80394458770752
	contraction err= 3.619757448541268e-15 1.846676499159407e-14
nsamples= 8638

Mean energy: -9.07286846e+01
Block size    # of blocks        Mean                Error
     1           8638       -9.07286846e+01       1.767671e-02
     2           4319       -9.07286846e+01       1.836665e-02
     5           1727       -9.07287731e+01       1.998769e-02
    10            863       -9.07289384e+01       2.155475e-02
    20            431       -9.07293842e+01       2.233107e-02
    50            172       -9.07299206e+01       2.264737e-02
    70            123       -9.07292737e+01       2.448425e-02
   100             86       -9.07299206e+01       2.416765e-02
   200             43       -9.07299206e+01       2.540996e-02
   500             17       -9.07335651e+01       2.953969e-02
Stocahstic error estimate: 1.836665e-02

step=11,E=-0.3629147383470196,dE=-0.0002523218466484991,err=7.346661120623336e-05,gmax=0.907961876078051
	collect g,h time= 0.08517789840698242
	solver time=0.05327439308166504,exit status=0
niter= 40
pure_newton= False
