RANK= 0
SIZE= 640
Lx,Ly= 8 8
D= 8
chi= 4
rate= 0.1 0.5
cond= 0.001 0.001
nparams= 524288
	burn in time= 972.8122775554657
	sample time= 14393.486875534058
	contraction err= 0.0 0.0

Mean energy: -4.30898329e+01
Block size    # of blocks        Mean                Error
     1           100000       -4.30898329e+01       8.565518e-04
     2           50000       -4.30898329e+01       8.564821e-04
     5           20000       -4.30898329e+01       8.570585e-04
    10           10000       -4.30898329e+01       8.497859e-04
    20           5000       -4.30898329e+01       8.516914e-04
    50           2000       -4.30898329e+01       8.584304e-04
    70           1428       -4.30898488e+01       8.639116e-04
   100           1000       -4.30898329e+01       8.410717e-04
   200            500       -4.30898329e+01       8.654641e-04
   500            200       -4.30898329e+01       8.688001e-04
0 0.0008565518148742492 0.0008688001252184704
Stocahstic error estimate: 8.565518e-04

step=33,E=-0.6732786390731286,dE=-0.6732786390731286,err=1.3383622107410144e-05,gmax=0.0028072486378896144
	collect data time= 85.84747648239136
	solver time=111.83105421066284,exit status=0
niter= 172
	solver time=10.934877157211304,exit status=0
niter= 34
	burn in time= 1001.1875593662262
	sample time= 7203.264911413193
	contraction err= 0.0 0.0

Mean energy: -4.30919422e+01
Block size    # of blocks        Mean                Error
     1           100000       -4.30919422e+01       8.161047e-04
     2           50000       -4.30919422e+01       8.165538e-04
     5           20000       -4.30919422e+01       8.097381e-04
    10           10000       -4.30919422e+01       8.157020e-04
    20           5000       -4.30919422e+01       8.151337e-04
    50           2000       -4.30919422e+01       7.994146e-04
    70           1428       -4.30919566e+01       8.175956e-04
   100           1000       -4.30919422e+01       7.907427e-04
   200            500       -4.30919422e+01       8.159448e-04
   500            200       -4.30919422e+01       7.804926e-04
0 0.0008165537887675414 0.0007804925819663627
Stocahstic error estimate: 8.165538e-04

	predict=-0.0026725113158788476,actual=(-0.002109317265691857, 0.0011834023413509864)
	g=0.022777386640353996,del=1.1402435784068234,dot=0.004025476126813812,x=20.376634529228596
