	burn in time= 5.50384259223938
block_dict= [(0, 5820)]
sizes= [5820]
SIZE= 640
L= 120
nspin= (60, 60)
nparam= 5820
	prob= 0.7182562406802979
	sample time= 455.31214475631714
	contraction err= 1.997712856680555e-15 2.25745950408058e-13

Mean energy: -4.47335506e+01
Block size    # of blocks        Mean                Error
     1           500000       -4.47335506e+01       4.369010e-04
     2           250000       -4.47335506e+01       4.365708e-04
     5           100000       -4.47335506e+01       4.361589e-04
    10           50000       -4.47335506e+01       4.368634e-04
    20           25000       -4.47335506e+01       4.366865e-04
    50           10000       -4.47335506e+01       4.349609e-04
    70           7142       -4.47335561e+01       4.351437e-04
   100           5000       -4.47335506e+01       4.346241e-04
   200           2500       -4.47335506e+01       4.378731e-04
   500           1000       -4.47335506e+01       4.430915e-04
0 0.00043690099671680755 0.00044309151344409134
Stocahstic error estimate: 4.369010e-04

step=106,E=-0.3727795886016486,dE=-0.3727795886016486,err=3.6408416393067296e-06,gmax=0.14207896807785048
	collect g,Hv time= 4.712769269943237
	solver time=1.4179675579071045,exit status=0
niter= 49
pure_newton= False
	solver time=64.87155866622925,exit status=0
niter= 1118
	prob= 0.6813425401540593
	burn in time= 5.0579423904418945
	sample time= 1544.4154665470123
	contraction err= 1.977662168105118e-15 2.1753255533641546e-13

Mean energy: -4.47618562e+01
Block size    # of blocks        Mean                Error
     1           500000       -4.47618562e+01       3.973641e-04
     2           250000       -4.47618562e+01       3.969189e-04
     5           100000       -4.47618562e+01       3.967131e-04
    10           50000       -4.47618562e+01       3.967608e-04
    20           25000       -4.47618562e+01       3.955136e-04
    50           10000       -4.47618562e+01       3.929973e-04
    70           7142       -4.47618575e+01       3.923090e-04
   100           5000       -4.47618562e+01       3.869960e-04
   200           2500       -4.47618562e+01       4.473567e-04
   500           1000       -4.47618562e+01       5.797834e-04
0 0.00039736413528130025 0.0005797834486082732
Stocahstic error estimate: 3.973641e-04

	predict=-0.010728207042452306,actual=(-0.028305592364176846, 0.0005905766139460615)
	g=0.5794040614685416,del=0.5920636297224181,dot=0.021451579224729664,x=29.091116841877586
	prob= 0.6813425401540593
	burn in time= 5.1505677700042725
	sample time= 2281.2959814071655
	contraction err= 1.962972076830519e-15 9.47036233732344e-14

Mean energy: -4.47609753e+01
Block size    # of blocks        Mean                Error
     1           500000       -4.47609753e+01       3.753070e-04
     2           250000       -4.47609753e+01       3.754360e-04
     5           100000       -4.47609753e+01       3.743861e-04
    10           50000       -4.47609753e+01       3.743759e-04
    20           25000       -4.47609753e+01       3.754489e-04
    50           10000       -4.47609753e+01       3.767376e-04
    70           7142       -4.47609721e+01       3.744202e-04
   100           5000       -4.47609753e+01       3.717077e-04
   200           2500       -4.47609753e+01       4.280589e-04
   500           1000       -4.47609753e+01       5.547059e-04
0 0.0003754359606026351 0.0005547058627063939
Stocahstic error estimate: 3.754360e-04

step=107,E=-0.373008127816268,dE=-0.000228539214619398,err=3.128633005021959e-06,gmax=0.10696853110947124
	collect g,Hv time= 4.739782810211182
	solver time=7.316225290298462,exit status=0
niter= 54
pure_newton= False
	solver time=281.4642724990845,exit status=0
niter= 1023
	prob= 0.628680293067726
	burn in time= 4.941354751586914
	sample time= 1547.321720123291
	contraction err= 1.934401793047548e-15 8.18320149770999e-14

Mean energy: -4.47875731e+01
Block size    # of blocks        Mean                Error
     1           500000       -4.47875731e+01       3.292702e-04
     2           250000       -4.47875731e+01       3.295597e-04
     5           100000       -4.47875731e+01       3.304348e-04
    10           50000       -4.47875731e+01       3.303718e-04
    20           25000       -4.47875731e+01       3.317120e-04
    50           10000       -4.47875731e+01       3.326598e-04
    70           7142       -4.47875734e+01       3.363265e-04
   100           5000       -4.47875731e+01       3.373114e-04
   200           2500       -4.47875731e+01       4.032704e-04
   500           1000       -4.47875731e+01       5.376130e-04
0 0.00032955965577793363 0.0005376130091558816
Stocahstic error estimate: 3.295597e-04

	predict=-0.008546958783142117,actual=(-0.026597791348798694, 0.0004995615349785184)
	g=0.5868485555869659,del=0.501383580336817,dot=0.017096057672865726,x=29.091116841877586
	prob= 0.628680293067726
	burn in time= 5.022010326385498
	sample time= 2279.6740918159485
	contraction err= 1.9118976020531046e-15 1.046326263544658e-13

Mean energy: -4.47907640e+01
Block size    # of blocks        Mean                Error
     1           500000       -4.47907640e+01       3.283598e-04
     2           250000       -4.47907640e+01       3.280312e-04
     5           100000       -4.47907640e+01       3.274955e-04
    10           50000       -4.47907640e+01       3.278485e-04
    20           25000       -4.47907640e+01       3.259516e-04
    50           10000       -4.47907640e+01       3.259867e-04
    70           7142       -4.47907647e+01       3.209398e-04
   100           5000       -4.47907640e+01       3.212069e-04
   200           2500       -4.47907640e+01       3.627788e-04
   500           1000       -4.47907640e+01       4.705947e-04
0 0.00032835981930327997 0.00047059465259135976
Stocahstic error estimate: 3.283598e-04

step=108,E=-0.3732563667260747,dE=-0.00024823890980668986,err=2.736331827527333e-06,gmax=0.10938676996079355
	collect g,Hv time= 4.774993896484375
	solver time=6.4804816246032715,exit status=0
niter= 48
pure_newton= False
	solver time=197.91774940490723,exit status=0
niter= 718
	prob= 0.5464187305087107
	burn in time= 5.026970386505127
	sample time= 1546.3254714012146
	contraction err= 1.9286568571189035e-15 7.307608199472484e-14

Mean energy: -4.48126301e+01
Block size    # of blocks        Mean                Error
     1           500000       -4.48126301e+01       3.019269e-04
     2           250000       -4.48126301e+01       3.017199e-04
     5           100000       -4.48126301e+01       3.011020e-04
    10           50000       -4.48126301e+01       3.010023e-04
    20           25000       -4.48126301e+01       3.000549e-04
    50           10000       -4.48126301e+01       2.985869e-04
    70           7142       -4.48126273e+01       2.961408e-04
   100           5000       -4.48126301e+01       2.955802e-04
   200           2500       -4.48126301e+01       3.401356e-04
   500           1000       -4.48126301e+01       4.455316e-04
0 0.0003019269026190441 0.000445531590499305
Stocahstic error estimate: 3.019269e-04

	predict=-0.007021933635174871,actual=(-0.021866074294401017, 0.00044607177164444336)
	g=0.6071314424225632,del=0.45333272889005377,dot=0.014038301548117227,x=29.09111684187759
	prob= 0.5464187305087107
	burn in time= 5.040028810501099
	sample time= 2278.1785027980804
	contraction err= 1.9465081432504987e-15 7.519630307294827e-14

Mean energy: -4.48047236e+01
Block size    # of blocks        Mean                Error
     1           500000       -4.48047236e+01       3.934085e-04
     2           250000       -4.48047236e+01       3.936932e-04
     5           100000       -4.48047236e+01       3.920430e-04
    10           50000       -4.48047236e+01       3.915313e-04
    20           25000       -4.48047236e+01       3.909920e-04
    50           10000       -4.48047236e+01       3.891076e-04
    70           7142       -4.48047313e+01       3.888489e-04
   100           5000       -4.48047236e+01       3.931194e-04
   200           2500       -4.48047236e+01       4.761742e-04
   500           1000       -4.48047236e+01       6.743683e-04
0 0.00039369321918436095 0.0006743683329477176
Stocahstic error estimate: 3.936932e-04

step=109,E=-0.3733726968468945,dE=-0.00011633012081979643,err=3.2807768265363413e-06,gmax=0.10004379997185153
	collect g,Hv time= 4.681592702865601
	solver time=6.629369735717773,exit status=0
niter= 49
pure_newton= False
	solver time=189.62318468093872,exit status=0
niter= 687
	prob= 0.5138168728862299
	burn in time= 5.000892877578735
	sample time= 1545.245507478714
	contraction err= 1.8808104115969868e-15 1.0955158403787546e-13

Mean energy: -4.48347506e+01
Block size    # of blocks        Mean                Error
     1           500000       -4.48347506e+01       2.817542e-04
     2           250000       -4.48347506e+01       2.816830e-04
     5           100000       -4.48347506e+01       2.817405e-04
    10           50000       -4.48347506e+01       2.814495e-04
    20           25000       -4.48347506e+01       2.810796e-04
    50           10000       -4.48347506e+01       2.821010e-04
    70           7142       -4.48347505e+01       2.816493e-04
   100           5000       -4.48347506e+01       2.811236e-04
   200           2500       -4.48347506e+01       3.309608e-04
   500           1000       -4.48347506e+01       4.521654e-04
0 0.0002817541902333811 0.00045216539669492206
Stocahstic error estimate: 2.817542e-04

	predict=-0.00955537035612179,actual=(-0.030026989925495684, 0.0004841278493805263)
	g=0.6725481228318968,del=0.3907439501542166,dot=0.01910432249806237,x=29.091116841877582
	prob= 0.5138168728862299
	burn in time= 4.889675140380859
	sample time= 2277.6376049518585
	contraction err= 1.8850834591583087e-15 1.1984880326702675e-13

Mean energy: -4.48321593e+01
Block size    # of blocks        Mean                Error
     1           500000       -4.48321593e+01       2.948726e-04
     2           250000       -4.48321593e+01       2.945719e-04
     5           100000       -4.48321593e+01       2.939790e-04
    10           50000       -4.48321593e+01       2.931752e-04
    20           25000       -4.48321593e+01       2.913886e-04
    50           10000       -4.48321593e+01       2.861326e-04
    70           7142       -4.48321598e+01       2.817638e-04
   100           5000       -4.48321593e+01       2.757068e-04
   200           2500       -4.48321593e+01       3.135815e-04
   500           1000       -4.48321593e+01       4.068817e-04
0 0.0002948725576354864 0.0004068817350119258
Stocahstic error estimate: 2.948726e-04

step=110,E=-0.3736013271525382,dE=-0.00022863030564372147,err=2.4572713136290534e-06,gmax=0.09674709037999821
	collect g,Hv time= 4.71968936920166
	solver time=6.481754302978516,exit status=0
niter= 48
pure_newton= False
	solver time=164.70101356506348,exit status=0
niter= 598
	prob= 0.4596529200276065
	burn in time= 5.036319971084595
	sample time= 1544.0359354019165
	contraction err= 1.8987927487296824e-15 8.938280169323264e-14

Mean energy: -4.48478534e+01
Block size    # of blocks        Mean                Error
     1           500000       -4.48478534e+01       3.126792e-04
     2           250000       -4.48478534e+01       3.125851e-04
     5           100000       -4.48478534e+01       3.123011e-04
    10           50000       -4.48478534e+01       3.127748e-04
    20           25000       -4.48478534e+01       3.128922e-04
    50           10000       -4.48478534e+01       3.111678e-04
    70           7142       -4.48478491e+01       3.156113e-04
   100           5000       -4.48478534e+01       3.176470e-04
   200           2500       -4.48478534e+01       3.822137e-04
   500           1000       -4.48478534e+01       5.264099e-04
0 0.0003126792332078537 0.0005264099003237778
Stocahstic error estimate: 3.126792e-04

	predict=-0.0064015186346283405,actual=(-0.01569413412647691, 0.00042978846904721)
	g=0.6872578343933438,del=0.37109613614742987,dot=0.012792382061911661,x=29.091116841877582
	prob= 0.4596529200276065
	burn in time= 5.102104187011719
	sample time= 2275.6800146102905
	contraction err= 1.892026651062076e-15 6.125605102715854e-14

Mean energy: -4.48541501e+01
Block size    # of blocks        Mean                Error
     1           500000       -4.48541501e+01       2.848313e-04
     2           250000       -4.48541501e+01       2.851010e-04
     5           100000       -4.48541501e+01       2.847339e-04
    10           50000       -4.48541501e+01       2.849932e-04
    20           25000       -4.48541501e+01       2.844909e-04
    50           10000       -4.48541501e+01       2.856138e-04
    70           7142       -4.48541478e+01       2.811824e-04
   100           5000       -4.48541501e+01       2.833081e-04
   200           2500       -4.48541501e+01       3.437762e-04
   500           1000       -4.48541501e+01       4.780055e-04
0 0.0002851010215996111 0.0004780054525602506
Stocahstic error estimate: 2.851010e-04

step=111,E=-0.3737845841582576,dE=-0.00018325700571940237,err=2.375841846663426e-06,gmax=0.09371182020724378
	collect g,Hv time= 4.723012685775757
	solver time=4.963844060897827,exit status=0
niter= 37
pure_newton= False
	solver time=124.09336996078491,exit status=0
niter= 451
	prob= 0.39406878194520195
	burn in time= 4.862372636795044
	sample time= 1542.3554520606995
	contraction err= 1.839052635760034e-15 5.226188162529549e-14

Mean energy: -4.48748489e+01
Block size    # of blocks        Mean                Error
     1           500000       -4.48748489e+01       2.412162e-04
     2           250000       -4.48748489e+01       2.415798e-04
     5           100000       -4.48748489e+01       2.415551e-04
    10           50000       -4.48748489e+01       2.410904e-04
    20           25000       -4.48748489e+01       2.418739e-04
    50           10000       -4.48748489e+01       2.407530e-04
    70           7142       -4.48748472e+01       2.388480e-04
   100           5000       -4.48748489e+01       2.384419e-04
   200           2500       -4.48748489e+01       2.877700e-04
   500           1000       -4.48748489e+01       3.997853e-04
0 0.00024157975020938389 0.0003997852978188401
Stocahstic error estimate: 2.415798e-04

	predict=-0.006108325680333196,actual=(-0.020698850841242233, 0.0003736888655397298)
	g=0.729674865064904,del=0.3090957467097911,dot=0.012211604763899792,x=29.091116841877582
	prob= 0.39406878194520195
	burn in time= 4.980378150939941
	sample time= 2273.514058828354
	contraction err= 1.8322477877779442e-15 7.233581106267547e-14

Mean energy: -4.48690901e+01
Block size    # of blocks        Mean                Error
     1           500000       -4.48690901e+01       2.997687e-04
     2           250000       -4.48690901e+01       2.995833e-04
     5           100000       -4.48690901e+01       2.988012e-04
    10           50000       -4.48690901e+01       2.969779e-04
    20           25000       -4.48690901e+01       2.949126e-04
    50           10000       -4.48690901e+01       2.915611e-04
    70           7142       -4.48690880e+01       2.918644e-04
   100           5000       -4.48690901e+01       2.927196e-04
   200           2500       -4.48690901e+01       3.558505e-04
   500           1000       -4.48690901e+01       5.028136e-04
0 0.0002997687139976249 0.0005028136334663308
Stocahstic error estimate: 2.997687e-04

step=112,E=-0.37390908392018246,dE=-0.00012449976192486408,err=2.4980726166468744e-06,gmax=0.0936337582621074
	collect g,Hv time= 4.726677894592285
	solver time=5.7922093868255615,exit status=0
niter= 43
pure_newton= False
	solver time=114.32173347473145,exit status=0
niter= 415
	prob= 0.35388845270542574
	burn in time= 4.89840292930603
	sample time= 1540.63307762146
	contraction err= 1.8192948474460257e-15 4.86839217865133e-14

Mean energy: -4.48888813e+01
Block size    # of blocks        Mean                Error
     1           500000       -4.48888813e+01       2.388816e-04
     2           250000       -4.48888813e+01       2.390296e-04
     5           100000       -4.48888813e+01       2.383575e-04
    10           50000       -4.48888813e+01       2.387450e-04
    20           25000       -4.48888813e+01       2.392825e-04
    50           10000       -4.48888813e+01       2.396231e-04
    70           7142       -4.48888806e+01       2.386716e-04
   100           5000       -4.48888813e+01       2.365515e-04
   200           2500       -4.48888813e+01       2.897492e-04
   500           1000       -4.48888813e+01       4.099035e-04
0 0.00023902961646530912 0.0004099035438256032
Stocahstic error estimate: 2.390296e-04

	predict=-0.006527501677301057,actual=(-0.01979121433368647, 0.0003834011468936193)
	g=0.7161948306092312,del=0.2904972937937642,dot=0.013049591503869591,x=29.091116841877582
	prob= 0.35388845270542574
	burn in time= 5.06096339225769
	sample time= 2270.822879076004
	contraction err= 1.825751974762791e-15 5.781243229957859e-14

Mean energy: -4.48874342e+01
Block size    # of blocks        Mean                Error
     1           500000       -4.48874342e+01       2.368179e-04
     2           250000       -4.48874342e+01       2.365558e-04
     5           100000       -4.48874342e+01       2.370732e-04
    10           50000       -4.48874342e+01       2.367803e-04
    20           25000       -4.48874342e+01       2.354610e-04
    50           10000       -4.48874342e+01       2.341755e-04
    70           7142       -4.48874395e+01       2.347126e-04
   100           5000       -4.48874342e+01       2.347261e-04
   200           2500       -4.48874342e+01       2.902476e-04
   500           1000       -4.48874342e+01       4.111652e-04
0 0.00023681794780641975 0.00041116515689695437
Stocahstic error estimate: 2.368179e-04

step=113,E=-0.3740619520350457,dE=-0.00015286811486324344,err=1.9734828983868313e-06,gmax=0.0983021864800584
	collect g,Hv time= 4.682014226913452
	solver time=6.045086860656738,exit status=0
niter= 45
pure_newton= False
	solver time=111.51490879058838,exit status=0
niter= 407
	prob= 0.312112182059742
	burn in time= 4.917101621627808
	sample time= 1538.8793416023254
	contraction err= 1.862325401421782e-15 8.687062244364755e-14

Mean energy: -4.49011569e+01
Block size    # of blocks        Mean                Error
     1           500000       -4.49011569e+01       2.475576e-04
     2           250000       -4.49011569e+01       2.476306e-04
     5           100000       -4.49011569e+01       2.474445e-04
    10           50000       -4.49011569e+01       2.464111e-04
    20           25000       -4.49011569e+01       2.462089e-04
    50           10000       -4.49011569e+01       2.463554e-04
    70           7142       -4.49011560e+01       2.450190e-04
   100           5000       -4.49011569e+01       2.438475e-04
   200           2500       -4.49011569e+01       2.977486e-04
   500           1000       -4.49011569e+01       4.201662e-04
0 0.0002476306371178669 0.0004201661553444759
Stocahstic error estimate: 2.476306e-04

	predict=-0.004776547326398583,actual=(-0.013722635031186314, 0.0003426421936111267)
	g=0.7111789666000156,del=0.2394585766086345,dot=0.009548011981019065,x=29.091116841877586
	prob= 0.312112182059742
	burn in time= 4.8092780113220215
	sample time= 2268.11318564415
	contraction err= 1.8575855608963336e-15 5.937622164934603e-14

Mean energy: -4.48997767e+01
Block size    # of blocks        Mean                Error
     1           500000       -4.48997767e+01       2.630013e-04
     2           250000       -4.48997767e+01       2.626763e-04
     5           100000       -4.48997767e+01       2.623036e-04
    10           50000       -4.48997767e+01       2.620760e-04
    20           25000       -4.48997767e+01       2.608593e-04
    50           10000       -4.48997767e+01       2.560524e-04
    70           7142       -4.48997760e+01       2.574319e-04
   100           5000       -4.48997767e+01       2.513090e-04
   200           2500       -4.48997767e+01       3.076819e-04
   500           1000       -4.48997767e+01       4.406236e-04
0 0.0002630013359275968 0.00044062362941772563
Stocahstic error estimate: 2.630013e-04

step=114,E=-0.3741648061145732,dE=-0.00010285407952750347,err=2.19167779939664e-06,gmax=0.0891237162072267
	collect g,Hv time= 4.707253694534302
	solver time=6.067495107650757,exit status=0
niter= 45
pure_newton= False
	solver time=111.24386429786682,exit status=0
niter= 405
	prob= 0.2598365569610874
	burn in time= 4.9979002475738525
	sample time= 1536.7755732536316
	contraction err= 1.8255981256590454e-15 4.867116718403413e-14

Mean energy: -4.49189082e+01
Block size    # of blocks        Mean                Error
     1           500000       -4.49189082e+01       2.278857e-04
     2           250000       -4.49189082e+01       2.281571e-04
     5           100000       -4.49189082e+01       2.284387e-04
    10           50000       -4.49189082e+01       2.295251e-04
    20           25000       -4.49189082e+01       2.321883e-04
    50           10000       -4.49189082e+01       2.397119e-04
    70           7142       -4.49189077e+01       2.412220e-04
   100           5000       -4.49189082e+01       2.462904e-04
   200           2500       -4.49189082e+01       3.060022e-04
   500           1000       -4.49189082e+01       4.400133e-04
0 0.00022815710427758227 0.0004400133040744565
Stocahstic error estimate: 2.281571e-04

	predict=-0.005333651294789819,actual=(-0.019131513165035585, 0.0003481743341086936)
	g=0.7005203145488048,del=0.22806371825758875,dot=0.010661241638632806,x=29.091116841877582
	prob= 0.2598365569610874
	burn in time= 4.924757242202759
	sample time= 2266.1515951156616
	contraction err= 1.826458415585978e-15 5.27840221858354e-14

Mean energy: -4.49181288e+01
Block size    # of blocks        Mean                Error
     1           500000       -4.49181288e+01       2.038477e-04
     2           250000       -4.49181288e+01       2.038755e-04
     5           100000       -4.49181288e+01       2.032115e-04
    10           50000       -4.49181288e+01       2.027675e-04
    20           25000       -4.49181288e+01       1.997623e-04
    50           10000       -4.49181288e+01       1.987941e-04
    70           7142       -4.49181301e+01       1.973249e-04
   100           5000       -4.49181288e+01       1.952581e-04
   200           2500       -4.49181288e+01       2.393708e-04
   500           1000       -4.49181288e+01       3.368193e-04
0 0.00020387554647572278 0.0003368193073914587
Stocahstic error estimate: 2.038755e-04

step=115,E=-0.3743177402920696,dE=-0.00015293417749635553,err=1.6989628872976898e-06,gmax=0.08782242972308651
	collect g,Hv time= 4.727155447006226
	solver time=6.032902479171753,exit status=0
niter= 45
pure_newton= False
	solver time=96.36128187179565,exit status=0
niter= 352
	prob= 0.2230566558045214
	burn in time= 4.91094970703125
	sample time= 1535.3977453708649
	contraction err= 1.809272340831863e-15 8.513125638410024e-14

Mean energy: -4.49274832e+01
Block size    # of blocks        Mean                Error
     1           500000       -4.49274832e+01       1.980039e-04
     2           250000       -4.49274832e+01       1.979656e-04
     5           100000       -4.49274832e+01       1.984895e-04
    10           50000       -4.49274832e+01       1.982611e-04
    20           25000       -4.49274832e+01       1.991808e-04
    50           10000       -4.49274832e+01       2.004355e-04
    70           7142       -4.49274819e+01       2.035525e-04
   100           5000       -4.49274832e+01       2.047511e-04
   200           2500       -4.49274832e+01       2.549337e-04
   500           1000       -4.49274832e+01       3.662993e-04
0 0.00019800385349502003 0.00036629926570881557
Stocahstic error estimate: 1.980039e-04

	predict=-0.003787581718652993,actual=(-0.009354393797558203, 0.0002842019782648459)
	g=0.6504158805827586,del=0.18563961691119832,dot=0.00756851696604367,x=29.09111684187759
	prob= 0.2230566558045214
	burn in time= 4.972182512283325
	sample time= 2264.3352138996124
	contraction err= 1.80744809040181e-15 1.2054558104897098e-13

Mean energy: -4.49283648e+01
Block size    # of blocks        Mean                Error
     1           500000       -4.49283648e+01       1.976245e-04
     2           250000       -4.49283648e+01       1.981009e-04
     5           100000       -4.49283648e+01       1.981320e-04
    10           50000       -4.49283648e+01       1.987642e-04
    20           25000       -4.49283648e+01       2.006746e-04
    50           10000       -4.49283648e+01       2.047959e-04
    70           7142       -4.49283634e+01       2.075966e-04
   100           5000       -4.49283648e+01       2.105969e-04
   200           2500       -4.49283648e+01       2.666847e-04
   500           1000       -4.49283648e+01       3.883130e-04
0 0.00019810094841349126 0.00038831300838649657
Stocahstic error estimate: 1.981009e-04

step=116,E=-0.3744030402038704,dE=-8.529991180079577e-05,err=1.650841236779094e-06,gmax=0.08218535579669606
	collect g,Hv time= 4.755427360534668
	solver time=4.811166524887085,exit status=0
niter= 36
pure_newton= False
	solver time=102.49689149856567,exit status=0
niter= 374
	prob= 0.19119925221342246
	burn in time= 4.942826271057129
	sample time= 1534.83500790596
	contraction err= 1.800441515186109e-15 1.2109735052763222e-13

Mean energy: -4.49465729e+01
Block size    # of blocks        Mean                Error
     1           500000       -4.49465729e+01       2.067762e-04
     2           250000       -4.49465729e+01       2.067488e-04
     5           100000       -4.49465729e+01       2.059277e-04
    10           50000       -4.49465729e+01       2.041667e-04
    20           25000       -4.49465729e+01       2.017807e-04
    50           10000       -4.49465729e+01       1.951108e-04
    70           7142       -4.49465734e+01       1.905220e-04
   100           5000       -4.49465729e+01       1.800880e-04
   200           2500       -4.49465729e+01       2.092053e-04
   500           1000       -4.49465729e+01       2.805090e-04
0 0.00020677617180027652 0.0002805089792011691
Stocahstic error estimate: 2.067762e-04

	predict=-0.0035057334628885726,actual=(-0.018208032106926453, 0.00028635706903567474)
	g=0.623486799949054,del=0.17666314567378646,dot=0.00700793233653116,x=29.091116841877586
	prob= 0.19119925221342246
	burn in time= 4.940649032592773
