block_dict= [(0, 5820)]
sizes= [5820]
SIZE= 640
L= 120
nspin= (60, 60)
nparam= 5820
	prob= 0.32812852562853045
	burn in time= 5.262287855148315
	sample time= 455.88666892051697
	contraction err= 1.961963490486477e-15 9.609356808876631e-14

Mean energy: -4.47963716e+01
Block size    # of blocks        Mean                Error
     1           500000       -4.47963716e+01       3.751591e-04
     2           250000       -4.47963716e+01       3.755932e-04
     5           100000       -4.47963716e+01       3.753379e-04
    10           50000       -4.47963716e+01       3.741485e-04
    20           25000       -4.47963716e+01       3.751862e-04
    50           10000       -4.47963716e+01       3.760804e-04
    70           7142       -4.47963743e+01       3.770263e-04
   100           5000       -4.47963716e+01       3.764024e-04
   200           2500       -4.47963716e+01       3.740713e-04
   500           1000       -4.47963716e+01       3.616278e-04
0 0.0003755931964837305 0.00036162777974240156
Stocahstic error estimate: 3.755932e-04

step=120,E=-0.3733030969451584,dE=-0.3733030969451584,err=3.1299433040310876e-06,gmax=0.12471714718062721
	collect g,Hv time= 4.8236846923828125
	solver time=1.6703264713287354,exit status=0
niter= 58
pure_newton= False
	solver time=65.10270810127258,exit status=0
niter= 1118
	prob= 0.3399620683271986
	burn in time= 5.129450798034668
	sample time= 1541.479854106903
	contraction err= 1.9165584431174134e-15 1.2219008661070598e-13

Mean energy: -4.48222164e+01
Block size    # of blocks        Mean                Error
     1           500000       -4.48222164e+01       3.164986e-04
     2           250000       -4.48222164e+01       3.165772e-04
     5           100000       -4.48222164e+01       3.159228e-04
    10           50000       -4.48222164e+01       3.154644e-04
    20           25000       -4.48222164e+01       3.135879e-04
    50           10000       -4.48222164e+01       3.119423e-04
    70           7142       -4.48222108e+01       3.106367e-04
   100           5000       -4.48222164e+01       3.101400e-04
   200           2500       -4.48222164e+01       3.619789e-04
   500           1000       -4.48222164e+01       4.857158e-04
0 0.0003165772008742384 0.00048571577759486177
Stocahstic error estimate: 3.165772e-04

	predict=-0.00884466358616889,actual=(-0.025844790579590438, 0.0004912141827739037)
	g=0.7138945208664375,del=0.48167139630607386,dot=0.017679088049325994,x=29.09111684187758
	prob= 0.3399620683271986
	burn in time= 5.211273908615112
	sample time= 2270.4625627994537
	contraction err= 1.927986958988066e-15 1.0747783676348302e-13

Mean energy: -4.48209696e+01
Block size    # of blocks        Mean                Error
     1           500000       -4.48209696e+01       3.063503e-04
     2           250000       -4.48209696e+01       3.065770e-04
     5           100000       -4.48209696e+01       3.081819e-04
    10           50000       -4.48209696e+01       3.081594e-04
    20           25000       -4.48209696e+01       3.080964e-04
    50           10000       -4.48209696e+01       3.089885e-04
    70           7142       -4.48209678e+01       3.076500e-04
   100           5000       -4.48209696e+01       3.085811e-04
   200           2500       -4.48209696e+01       3.652738e-04
   500           1000       -4.48209696e+01       4.902762e-04
0 0.0003065770308428391 0.0004902761887833028
Stocahstic error estimate: 3.065770e-04

step=121,E=-0.3735080798341107,dE=-0.00020498288895230606,err=2.5548085903569927e-06,gmax=0.11599305295763873
	collect g,Hv time= 4.77751898765564
niter= 54
	solver time=7.265836954116821,exit status=0
pure_newton= False
	solver time=212.96725702285767,exit status=0
niter= 777
	prob= 0.32586023139842357
	burn in time= 5.05735445022583
	sample time= 1543.2215445041656
	contraction err= 1.919034179008186e-15 1.2169552265304563e-13

Mean energy: -4.48120513e+01
Block size    # of blocks        Mean                Error
     1           500000       -4.48120513e+01       5.811070e-04
     2           250000       -4.48120513e+01       5.789075e-04
     5           100000       -4.48120513e+01       5.746928e-04
    10           50000       -4.48120513e+01       5.677974e-04
    20           25000       -4.48120513e+01       5.523493e-04
    50           10000       -4.48120513e+01       5.074414e-04
    70           7142       -4.48120494e+01       4.765488e-04
   100           5000       -4.48120513e+01       4.303656e-04
   200           2500       -4.48120513e+01       5.000465e-04
   500           1000       -4.48120513e+01       6.702789e-04
0 0.0005811069656163048 0.000670278929198899
Stocahstic error estimate: 5.811070e-04

	predict=-0.006561966573621588,actual=(0.008918282004756861, 0.000657019620200341)
	g=0.7120444595320327,del=0.3243150631970088,dot=0.026745505766302333,x=29.09111684187758
	prob= 0.33074274856184116
	burn in time= 5.152029514312744
	sample time= 2269.653260707855
	contraction err= 1.909352585806403e-15 7.292873396804858e-14

Mean energy: -4.48193442e+01
Block size    # of blocks        Mean                Error
     1           500000       -4.48193442e+01       3.433872e-04
     2           250000       -4.48193442e+01       3.440393e-04
     5           100000       -4.48193442e+01       3.447033e-04
    10           50000       -4.48193442e+01       3.450362e-04
    20           25000       -4.48193442e+01       3.454697e-04
    50           10000       -4.48193442e+01       3.479853e-04
    70           7142       -4.48193461e+01       3.476246e-04
   100           5000       -4.48193442e+01       3.442252e-04
   200           2500       -4.48193442e+01       4.097488e-04
   500           1000       -4.48193442e+01       5.614613e-04
0 0.00034403931818476465 0.0005614612984851388
Stocahstic error estimate: 3.440393e-04

step=122,E=-0.3734945345909751,dE=1.3545243135600533e-05,err=2.866994318206372e-06,gmax=0.11783685684130862
	collect g,Hv time= 4.790243864059448
	solver time=6.583205699920654,exit status=0
niter= 49
pure_newton= False
	solver time=191.2893123626709,exit status=0
niter= 697
	prob= 0.30933961243501945
	burn in time= 5.005799770355225
	sample time= 1542.9166293144226
	contraction err= 1.9344249657499222e-15 1.5661114604383548e-13

Mean energy: -4.48463902e+01
Block size    # of blocks        Mean                Error
     1           500000       -4.48463902e+01       2.933108e-04
     2           250000       -4.48463902e+01       2.935318e-04
     5           100000       -4.48463902e+01       2.943742e-04
    10           50000       -4.48463902e+01       2.936029e-04
    20           25000       -4.48463902e+01       2.918902e-04
    50           10000       -4.48463902e+01       2.917934e-04
    70           7142       -4.48463930e+01       2.895728e-04
   100           5000       -4.48463902e+01       2.876210e-04
   200           2500       -4.48463902e+01       3.436671e-04
   500           1000       -4.48463902e+01       4.648784e-04
0 0.00029353183209206537 0.00046487837158264855
Stocahstic error estimate: 2.935318e-04

	predict=-0.007623788923163968,actual=(-0.027046098788119366, 0.0004522432850893003)
	g=0.7168441998993905,del=0.4205160993181291,dot=0.015242217679036635,x=29.09111684187758
	prob= 0.30933961243501945
	burn in time= 5.037784099578857
	sample time= 2267.857117176056
	contraction err= 1.9362808160165603e-15 7.50065439370318e-14

Mean energy: -4.48428184e+01
Block size    # of blocks        Mean                Error
     1           500000       -4.48428184e+01       3.129052e-04
     2           250000       -4.48428184e+01       3.131642e-04
     5           100000       -4.48428184e+01       3.131431e-04
    10           50000       -4.48428184e+01       3.132727e-04
    20           25000       -4.48428184e+01       3.136472e-04
    50           10000       -4.48428184e+01       3.133153e-04
    70           7142       -4.48428181e+01       3.159242e-04
   100           5000       -4.48428184e+01       3.171720e-04
   200           2500       -4.48428184e+01       3.839047e-04
   500           1000       -4.48428184e+01       5.309618e-04
0 0.0003131641574169951 0.0005309618129104261
Stocahstic error estimate: 3.131642e-04

step=123,E=-0.37369015299683944,dE=-0.00019561840586437284,err=2.609701311808292e-06,gmax=0.1062357107955707
	collect g,Hv time= 4.772897481918335
	solver time=6.857763290405273,exit status=0
niter= 51
pure_newton= False
	solver time=170.59477996826172,exit status=0
niter= 622
	prob= 0.2889846156653346
	burn in time= 5.044284343719482
	sample time= 1541.2230007648468
	contraction err= 1.9188341489680044e-15 1.1429240047257477e-13

Mean energy: -4.48563549e+01
Block size    # of blocks        Mean                Error
     1           500000       -4.48563549e+01       2.961853e-04
     2           250000       -4.48563549e+01       2.961478e-04
     5           100000       -4.48563549e+01       2.956599e-04
    10           50000       -4.48563549e+01       2.958662e-04
    20           25000       -4.48563549e+01       2.962927e-04
    50           10000       -4.48563549e+01       2.971323e-04
    70           7142       -4.48563509e+01       2.954530e-04
   100           5000       -4.48563549e+01       2.891564e-04
   200           2500       -4.48563549e+01       3.473664e-04
   500           1000       -4.48563549e+01       4.784523e-04
0 0.00029618532571501396 0.00047845229946013245
Stocahstic error estimate: 2.961853e-04

	predict=-0.007063068261214512,actual=(-0.013536560250152263, 0.0004310423838320373)
	g=0.7394234213747025,del=0.3583629637956462,dot=0.014119695536203186,x=29.091116841877582
	prob= 0.2889846156653346
	burn in time= 5.013634443283081
	sample time= 2265.2838220596313
	contraction err= 1.9028182726849145e-15 7.625592040813621e-14

Mean energy: -4.48595383e+01
Block size    # of blocks        Mean                Error
     1           500000       -4.48595383e+01       3.062978e-04
     2           250000       -4.48595383e+01       3.059774e-04
     5           100000       -4.48595383e+01       3.053239e-04
    10           50000       -4.48595383e+01       3.053136e-04
    20           25000       -4.48595383e+01       3.059630e-04
    50           10000       -4.48595383e+01       3.014979e-04
    70           7142       -4.48595410e+01       2.970682e-04
   100           5000       -4.48595383e+01       2.929198e-04
   200           2500       -4.48595383e+01       3.520164e-04
   500           1000       -4.48595383e+01       4.846892e-04
0 0.0003062978073173196 0.00048468915936119184
Stocahstic error estimate: 3.062978e-04

step=124,E=-0.3738294860106607,dE=-0.00013933301382120788,err=2.55248172764433e-06,gmax=0.09729141641309447
	collect g,Hv time= 4.757654428482056
	solver time=6.577717304229736,exit status=0
niter= 49
pure_newton= False
	solver time=136.1892671585083,exit status=0
niter= 498
	prob= 0.25807448948160033
	burn in time= 4.926590442657471
	sample time= 1540.0728418827057
	contraction err= 1.874121988616049e-15 6.355781645454131e-14

Mean energy: -4.48845434e+01
Block size    # of blocks        Mean                Error
     1           500000       -4.48845434e+01       2.728093e-04
     2           250000       -4.48845434e+01       2.727921e-04
     5           100000       -4.48845434e+01       2.729685e-04
    10           50000       -4.48845434e+01       2.720401e-04
    20           25000       -4.48845434e+01       2.716339e-04
    50           10000       -4.48845434e+01       2.732474e-04
    70           7142       -4.48845414e+01       2.710383e-04
   100           5000       -4.48845434e+01       2.652323e-04
   200           2500       -4.48845434e+01       3.173606e-04
   500           1000       -4.48845434e+01       4.384198e-04
0 0.00027280933305353673 0.00043841979885085537
Stocahstic error estimate: 2.728093e-04

	predict=-0.0069045820087451065,actual=(-0.025005062712487813, 0.00041017469323266807)
	g=0.7468783645580664,del=0.3157186425909718,dot=0.013806241366483115,x=29.091116841877582
	prob= 0.25807448948160033
	burn in time= 5.160703420639038
	sample time= 2263.332719564438
	contraction err= 1.867781095360151e-15 4.977077153273755e-14

Mean energy: -4.48825476e+01
Block size    # of blocks        Mean                Error
     1           500000       -4.48825476e+01       2.543556e-04
     2           250000       -4.48825476e+01       2.548369e-04
     5           100000       -4.48825476e+01       2.549468e-04
    10           50000       -4.48825476e+01       2.549994e-04
    20           25000       -4.48825476e+01       2.561473e-04
    50           10000       -4.48825476e+01       2.556481e-04
    70           7142       -4.48825476e+01       2.567343e-04
   100           5000       -4.48825476e+01       2.550147e-04
   200           2500       -4.48825476e+01       3.134387e-04
   500           1000       -4.48825476e+01       4.423225e-04
0 0.00025483685515952196 0.0004423225231917395
Stocahstic error estimate: 2.548369e-04

step=125,E=-0.37402122991994957,dE=-0.0001917439092888884,err=2.123640459662683e-06,gmax=0.09913441072253981
	collect g,Hv time= 4.77909779548645
	solver time=6.454627752304077,exit status=0
niter= 48
pure_newton= False
	solver time=115.7090175151825,exit status=0
niter= 423
	prob= 0.22549962839229262
	burn in time= 4.898897409439087
	sample time= 1538.2301750183105
	contraction err= 1.8171337532198976e-15 6.361489585406068e-14

Mean energy: -4.49044144e+01
Block size    # of blocks        Mean                Error
     1           500000       -4.49044144e+01       2.290228e-04
     2           250000       -4.49044144e+01       2.293937e-04
     5           100000       -4.49044144e+01       2.298329e-04
    10           50000       -4.49044144e+01       2.309686e-04
    20           25000       -4.49044144e+01       2.344895e-04
    50           10000       -4.49044144e+01       2.402151e-04
    70           7142       -4.49044126e+01       2.420699e-04
   100           5000       -4.49044144e+01       2.431064e-04
   200           2500       -4.49044144e+01       3.010730e-04
   500           1000       -4.49044144e+01       4.330051e-04
0 0.00022939367210716584 0.00043300509769488173
Stocahstic error estimate: 2.293937e-04

	predict=-0.005255916567724214,actual=(-0.021866797816656458, 0.0003428750203068242)
	g=0.7367041459265915,del=0.25398857884447595,dot=0.010505161909083467,x=29.091116841877575
	prob= 0.22549962839229262
	burn in time= 5.05852198600769
	sample time= 2262.4395549297333
	contraction err= 1.8280034171103918e-15 1.5960002314366997e-13

Mean energy: -4.49018129e+01
Block size    # of blocks        Mean                Error
     1           500000       -4.49018129e+01       2.315021e-04
     2           250000       -4.49018129e+01       2.313837e-04
     5           100000       -4.49018129e+01       2.310156e-04
    10           50000       -4.49018129e+01       2.299793e-04
    20           25000       -4.49018129e+01       2.287935e-04
    50           10000       -4.49018129e+01       2.252338e-04
    70           7142       -4.49018139e+01       2.210200e-04
   100           5000       -4.49018129e+01       2.214180e-04
   200           2500       -4.49018129e+01       2.703298e-04
   500           1000       -4.49018129e+01       3.755478e-04
0 0.00023150212145556947 0.0003755477833309983
Stocahstic error estimate: 2.315021e-04

step=126,E=-0.3741817744189301,dE=-0.00016054449898052306,err=1.929184345463079e-06,gmax=0.0829101733166997
	collect g,Hv time= 4.834832191467285
	solver time=6.5763490200042725,exit status=0
niter= 49
pure_newton= False
	solver time=110.58661556243896,exit status=0
niter= 405
	prob= 0.20069240286458445
	burn in time= 4.986540794372559
	sample time= 1537.4215614795685
	contraction err= 1.813737770544194e-15 6.371971860417908e-14

Mean energy: -4.49135340e+01
Block size    # of blocks        Mean                Error
     1           500000       -4.49135340e+01       2.404089e-04
     2           250000       -4.49135340e+01       2.402684e-04
     5           100000       -4.49135340e+01       2.414203e-04
    10           50000       -4.49135340e+01       2.418450e-04
    20           25000       -4.49135340e+01       2.409452e-04
    50           10000       -4.49135340e+01       2.434122e-04
    70           7142       -4.49135313e+01       2.432164e-04
   100           5000       -4.49135340e+01       2.467708e-04
   200           2500       -4.49135340e+01       3.024552e-04
   500           1000       -4.49135340e+01       4.287865e-04
0 0.00024040886964910447 0.00042878650045891087
Stocahstic error estimate: 2.404089e-04

	predict=-0.004610511645648338,actual=(-0.011721081315229753, 0.0003337508904023918)
	g=0.6936729034310838,del=0.2249587743685727,dot=0.00921576930995711,x=29.091116841877582
	prob= 0.20069240286458445
	burn in time= 4.98146915435791
	sample time= 2260.3000361919403
	contraction err= 1.796569675529956e-15 6.995707569628942e-14

Mean energy: -4.49212859e+01
Block size    # of blocks        Mean                Error
     1           500000       -4.49212859e+01       2.143193e-04
     2           250000       -4.49212859e+01       2.142036e-04
     5           100000       -4.49212859e+01       2.142666e-04
    10           50000       -4.49212859e+01       2.139647e-04
    20           25000       -4.49212859e+01       2.134699e-04
    50           10000       -4.49212859e+01       2.103448e-04
    70           7142       -4.49212869e+01       2.075848e-04
   100           5000       -4.49212859e+01       2.038661e-04
   200           2500       -4.49212859e+01       2.427279e-04
   500           1000       -4.49212859e+01       3.284075e-04
0 0.00021431934117394582 0.00032840746556843966
Stocahstic error estimate: 2.143193e-04

step=127,E=-0.3743440495103739,dE=-0.0001622750914438124,err=1.7859945097828819e-06,gmax=0.3998878108722188
	collect g,Hv time= 4.7564239501953125
	solver time=2.8669936656951904,exit status=0
niter= 22
pure_newton= False
	solver time=102.1383466720581,exit status=0
niter= 374
	prob= 0.16865113073620963
	burn in time= 5.042715072631836
	sample time= 1536.0491783618927
	contraction err= 1.8317503690755566e-15 5.1214499065501015e-14

Mean energy: -4.49296107e+01
Block size    # of blocks        Mean                Error
     1           500000       -4.49296107e+01       2.194409e-04
     2           250000       -4.49296107e+01       2.194590e-04
     5           100000       -4.49296107e+01       2.189685e-04
    10           50000       -4.49296107e+01       2.191533e-04
    20           25000       -4.49296107e+01       2.186123e-04
    50           10000       -4.49296107e+01       2.147013e-04
    70           7142       -4.49296093e+01       2.134664e-04
   100           5000       -4.49296107e+01       2.079837e-04
   200           2500       -4.49296107e+01       2.538876e-04
   500           1000       -4.49296107e+01       3.589498e-04
0 0.00021945902243082394 0.0003589497509335879
Stocahstic error estimate: 2.194590e-04

	predict=-0.004021862422551738,actual=(-0.00832472201324208, 0.000306749152447936)
	g=0.9531098287139069,del=0.2181834076020241,dot=0.008038412264093023,x=29.091116841877575
	prob= 0.16865113073620963
	burn in time= 5.015043020248413
	sample time= 2258.316452026367
	contraction err= 1.8272001494541932e-15 6.109581703841301e-14

Mean energy: -4.49308198e+01
Block size    # of blocks        Mean                Error
     1           500000       -4.49308198e+01       2.215405e-04
     2           250000       -4.49308198e+01       2.215562e-04
     5           100000       -4.49308198e+01       2.210849e-04
    10           50000       -4.49308198e+01       2.207151e-04
    20           25000       -4.49308198e+01       2.188615e-04
    50           10000       -4.49308198e+01       2.129438e-04
    70           7142       -4.49308217e+01       2.078317e-04
   100           5000       -4.49308198e+01       2.019991e-04
   200           2500       -4.49308198e+01       2.476553e-04
   500           1000       -4.49308198e+01       3.479015e-04
0 0.00022155621073166804 0.000347901451328634
Stocahstic error estimate: 2.215562e-04

step=128,E=-0.37442349868332,dE=-7.944917294609629e-05,err=1.8463017560972337e-06,gmax=0.07454726747625529
	collect g,Hv time= 4.794024467468262
niter= 45
	solver time=6.0242674350738525,exit status=0
pure_newton= False
	solver time=80.36302304267883,exit status=0
niter= 294
	prob= 0.13754585755047846
	burn in time= 5.093458652496338
	sample time= 1533.7206609249115
	contraction err= 1.8073323298298112e-15 7.259649242540154e-14

Mean energy: -4.49442518e+01
Block size    # of blocks        Mean                Error
     1           500000       -4.49442518e+01       1.921937e-04
     2           250000       -4.49442518e+01       1.920365e-04
     5           100000       -4.49442518e+01       1.920324e-04
    10           50000       -4.49442518e+01       1.908050e-04
    20           25000       -4.49442518e+01       1.901600e-04
    50           10000       -4.49442518e+01       1.825783e-04
    70           7142       -4.49442522e+01       1.781303e-04
   100           5000       -4.49442518e+01       1.717430e-04
   200           2500       -4.49442518e+01       1.997558e-04
   500           1000       -4.49442518e+01       2.675160e-04
0 0.00019219366266421962 0.0002675159847319546
Stocahstic error estimate: 1.921937e-04

	predict=-0.003872325751822895,actual=(-0.013431997675581897, 0.0002933011395853469)
	g=0.6048542219682022,del=0.1717571276425082,dot=0.007739096440912701,x=29.091116841877575
	prob= 0.13754585755047846
	burn in time= 5.013363838195801
	sample time= 2255.523309469223
	contraction err= 1.8127944131063386e-15 6.238221842255204e-14

Mean energy: -4.49397015e+01
Block size    # of blocks        Mean                Error
     1           500000       -4.49397015e+01       2.090867e-04
     2           250000       -4.49397015e+01       2.092449e-04
     5           100000       -4.49397015e+01       2.088214e-04
    10           50000       -4.49397015e+01       2.082561e-04
    20           25000       -4.49397015e+01       2.077112e-04
    50           10000       -4.49397015e+01       2.041335e-04
    70           7142       -4.49397020e+01       2.010519e-04
   100           5000       -4.49397015e+01       1.957523e-04
   200           2500       -4.49397015e+01       2.420486e-04
   500           1000       -4.49397015e+01       3.442725e-04
0 0.00020924491929482291 0.000344272541503761
Stocahstic error estimate: 2.092449e-04

step=129,E=-0.37449751275732407,dE=-7.401407400404736e-05,err=1.7437076607901909e-06,gmax=0.06646757731014219
	collect g,Hv time= 4.747835159301758
	solver time=6.167643070220947,exit status=0
niter= 46
pure_newton= False
	solver time=84.15471172332764,exit status=0
niter= 308
	prob= 0.11687665253411232
	burn in time= 5.0149712562561035
	sample time= 1531.5231125354767
	contraction err= 1.7792422837799403e-15 8.173116550646721e-14

Mean energy: -4.49532519e+01
Block size    # of blocks        Mean                Error
     1           500000       -4.49532519e+01       2.111277e-04
     2           250000       -4.49532519e+01       2.113106e-04
     5           100000       -4.49532519e+01       2.113618e-04
    10           50000       -4.49532519e+01       2.114832e-04
    20           25000       -4.49532519e+01       2.109009e-04
    50           10000       -4.49532519e+01       2.100497e-04
    70           7142       -4.49532511e+01       2.101611e-04
   100           5000       -4.49532519e+01       2.082073e-04
   200           2500       -4.49532519e+01       2.556447e-04
   500           1000       -4.49532519e+01       3.642545e-04
0 0.00021131055236588682 0.00036425450053614806
Stocahstic error estimate: 2.113106e-04

	predict=-0.0035210392035571556,actual=(-0.013550415501363489, 0.00029738121291008474)
	g=0.5582724136832408,del=0.16549507628869428,dot=0.007037018151714881,x=29.091116841877575
	prob= 0.11687665253411232
	burn in time= 4.986029863357544
	sample time= 2252.913643360138
	contraction err= 1.7903694132443455e-15 6.961511474727854e-14

Mean energy: -4.49478818e+01
Block size    # of blocks        Mean                Error
     1           500000       -4.49478818e+01       2.116377e-04
     2           250000       -4.49478818e+01       2.111901e-04
     5           100000       -4.49478818e+01       2.116779e-04
    10           50000       -4.49478818e+01       2.108796e-04
    20           25000       -4.49478818e+01       2.100126e-04
    50           10000       -4.49478818e+01       2.100952e-04
    70           7142       -4.49478807e+01       2.082726e-04
   100           5000       -4.49478818e+01       2.087981e-04
   200           2500       -4.49478818e+01       2.632776e-04
   500           1000       -4.49478818e+01       3.836832e-04
0 0.00021163765905104454 0.00038368320685073273
Stocahstic error estimate: 2.116377e-04

step=130,E=-0.37456568192972056,dE=-6.81691723965372e-05,err=1.7636471587587045e-06,gmax=0.061335285218204305
	collect g,Hv time= 4.84024715423584
	solver time=5.8655312061309814,exit status=0
niter= 44
pure_newton= False
	solver time=75.18663668632507,exit status=0
niter= 276
	prob= 0.09893243513980554
	burn in time= 4.871887683868408
	sample time= 1529.6084351539612
	contraction err= 1.7781169491549627e-15 5.3551048960336594e-14

Mean energy: -4.49541634e+01
Block size    # of blocks        Mean                Error
     1           500000       -4.49541634e+01       1.842494e-04
     2           250000       -4.49541634e+01       1.839584e-04
     5           100000       -4.49541634e+01       1.835401e-04
    10           50000       -4.49541634e+01       1.820817e-04
    20           25000       -4.49541634e+01       1.793322e-04
    50           10000       -4.49541634e+01       1.721020e-04
    70           7142       -4.49541673e+01       1.676863e-04
   100           5000       -4.49541634e+01       1.604366e-04
   200           2500       -4.49541634e+01       1.913888e-04
   500           1000       -4.49541634e+01       2.575987e-04
0 0.000184249369703214 0.0002575987085670371
Stocahstic error estimate: 1.842494e-04

	predict=-0.0033820350945982618,actual=(-0.006281536926735498, 0.00028060350846815477)
	g=0.5065035588902043,del=0.15864763214119068,dot=0.006759443140557492,x=29.091116841877582
	prob= 0.09893243513980554
	burn in time= 5.053898811340332
