block_dict= [(0, 217600)]
sizes= [217600]
SIZE= 640
Lx,Ly= 8 6
D= 8
rate= 0.1 0.5
cond= 0.001 0.001

nparam= 217600
	log prob= -14.06965947614727
	burn in time= 12.122425079345703
	sample time= 123.05678963661194
	contraction err= 0.012006342045194938 0.08450755200984239

Mean energy: -2.11176448e+01
Block size    # of blocks        Mean                Error
     1           20000       -2.11176448e+01       1.390365e-02
     2           10000       -2.11176448e+01       1.395317e-02
     5           4000       -2.11176448e+01       1.402057e-02
    10           2000       -2.11176448e+01       1.404397e-02
    20           1000       -2.11176448e+01       1.453074e-02
    50            400       -2.11176448e+01       1.442133e-02
    70            285       -2.11163431e+01       1.447235e-02
   100            200       -2.11176448e+01       1.440350e-02
   200            100       -2.11176448e+01       1.432165e-02
   500             40       -2.11176448e+01       1.277876e-02
Stocahstic error estimate: 1.395317e-02

step=0,E=-0.4399509340565038,dE=0.0,err=0.00029069099541825604,gmax=0.18534024067648858
	collect g,Hv time= 0.21460199356079102
	solver time=2.922501564025879,exit status=0
niter= 41
pure_newton= False
	solver time=101.60504746437073,exit status=0
niter= 709
	log prob= -17.854473738166764
	burn in time= 13.532330513000488
	sample time= 244.8015911579132
	contraction err= 0.11032622162016523 8.100798390233196

Mean energy: -1.89823547e+01
Block size    # of blocks        Mean                Error
     1           20000       -1.89823547e+01       2.952823e-02
     2           10000       -1.89823547e+01       2.961073e-02
     5           4000       -1.89823547e+01       2.923449e-02
    10           2000       -1.89823547e+01       2.957722e-02
    20           1000       -1.89823547e+01       3.008482e-02
    50            400       -1.89823547e+01       3.058935e-02
    70            285       -1.89825100e+01       3.244053e-02
   100            200       -1.89823547e+01       3.309794e-02
   200            100       -1.89823547e+01       4.108313e-02
   500             40       -1.89823547e+01       5.050784e-02
Stocahstic error estimate: 2.961073e-02

	predict=-0.9651700600197436,actual=(array([2.1352901]), array([0.02961073]))
	g=2.3406318965251676,del=4.1215780437111835,dot=3.7715129536047742,x=22.080074048056645

nparam= 217600
	log prob= -12.957499977417225
	burn in time= 12.375574350357056
	sample time= 123.69345712661743
	contraction err= 0.01215898953067543 0.13356832961585965

Mean energy: -2.17234690e+01
Block size    # of blocks        Mean                Error
     1           20000       -2.17234690e+01       1.059547e-02
     2           10000       -2.17234690e+01       1.053094e-02
     5           4000       -2.17234690e+01       1.046587e-02
    10           2000       -2.17234690e+01       1.062401e-02
    20           1000       -2.17234690e+01       1.044824e-02
    50            400       -2.17234690e+01       1.000365e-02
    70            285       -2.17233494e+01       9.989794e-03
   100            200       -2.17234690e+01       9.438041e-03
   200            100       -2.17234690e+01       9.196950e-03
   500             40       -2.17234690e+01       9.362281e-03
Stocahstic error estimate: 1.059547e-02

step=1,E=-0.4525722701285652,dE=-0.012621336072061359,err=0.00022073897489753697,gmax=0.18215811561453776
	collect g,Hv time= 0.21375250816345215
	solver time=2.8964345455169678,exit status=0
niter= 42
pure_newton= False
	solver time=73.53874921798706,exit status=0
niter= 532
	log prob= -12.553312358708865
	burn in time= 14.66998028755188
	sample time= 232.01911091804504
	contraction err= 0.049001918636835354 0.9205622866513059

Mean energy: -2.26445464e+01
Block size    # of blocks        Mean                Error
     1           20000       -2.26445464e+01       8.296614e-03
     2           10000       -2.26445464e+01       8.381497e-03
     5           4000       -2.26445464e+01       8.553605e-03
    10           2000       -2.26445464e+01       8.757908e-03
    20           1000       -2.26445464e+01       8.753355e-03
    50            400       -2.26445464e+01       9.428441e-03
    70            285       -2.26445312e+01       9.875043e-03
   100            200       -2.26445464e+01       1.078439e-02
   200            100       -2.26445464e+01       1.365007e-02
   500             40       -2.26445464e+01       1.575527e-02
Stocahstic error estimate: 8.381497e-03

	predict=-0.4538666822667112,actual=(array([-0.92107743]), array([0.0083815]))
	g=1.9672604666511073,del=5.099366949827521,dot=0.907855468092515,x=22.080074048056648

nparam= 217600
	log prob= -12.553312358708865
	burn in time= 17.70822024345398
	sample time= 117.87271666526794
	contraction err= 0.04998371098400267 1.6949852563210492

Mean energy: -2.26543527e+01
Block size    # of blocks        Mean                Error
     1           20000       -2.26543527e+01       8.405838e-03
     2           10000       -2.26543527e+01       8.422087e-03
     5           4000       -2.26543527e+01       8.388145e-03
    10           2000       -2.26543527e+01       8.351854e-03
    20           1000       -2.26543527e+01       8.320620e-03
    50            400       -2.26543527e+01       9.087663e-03
    70            285       -2.26544380e+01       8.719897e-03
   100            200       -2.26543527e+01       9.243016e-03
   200            100       -2.26543527e+01       8.275594e-03
   500             40       -2.26543527e+01       7.254003e-03
Stocahstic error estimate: 8.422087e-03

step=2,E=-0.47196568089728497,dE=-0.01939341076871977,err=0.0001754601459837923,gmax=0.3914894947587026
	collect g,Hv time= 0.2134532928466797
	solver time=1.983499526977539,exit status=0
niter= 29
pure_newton= False
	solver time=34.6395468711853,exit status=0
niter= 250
	log prob= -12.295810730569043
	burn in time= 12.111078262329102
	sample time= 233.57122015953064
	contraction err= 0.041701520948489806 5.2859908394995765

Mean energy: -2.29077464e+01
Block size    # of blocks        Mean                Error
     1           20000       -2.29077464e+01       7.503191e-03
     2           10000       -2.29077464e+01       7.516506e-03
     5           4000       -2.29077464e+01       7.504365e-03
    10           2000       -2.29077464e+01       7.502467e-03
    20           1000       -2.29077464e+01       7.538516e-03
    50            400       -2.29077464e+01       7.428427e-03
    70            285       -2.29078367e+01       7.725852e-03
   100            200       -2.29077464e+01       7.500922e-03
   200            100       -2.29077464e+01       7.702557e-03
   500             40       -2.29077464e+01       8.851151e-03
Stocahstic error estimate: 7.516506e-03

	predict=-0.13267981725330297,actual=(array([-0.25339371]), array([0.00751651]))
	g=3.6209447212671244,del=1.5356596480568558,dot=0.2652848082838157,x=22.080074048056634

nparam= 217600
	log prob= -12.295810730569043
	burn in time= 15.92850923538208
	sample time= 118.75396680831909
	contraction err= 0.04152735159458601 7.3535500165648005

Mean energy: -2.29152636e+01
Block size    # of blocks        Mean                Error
     1           20000       -2.29152636e+01       6.903159e-03
     2           10000       -2.29152636e+01       6.935562e-03
     5           4000       -2.29152636e+01       6.882470e-03
    10           2000       -2.29152636e+01       6.917121e-03
    20           1000       -2.29152636e+01       6.909753e-03
    50            400       -2.29152636e+01       6.876033e-03
    70            285       -2.29153755e+01       6.829328e-03
   100            200       -2.29152636e+01       6.861157e-03
   200            100       -2.29152636e+01       6.609393e-03
   500             40       -2.29152636e+01       7.104421e-03
Stocahstic error estimate: 6.935562e-03

step=3,E=-0.4774013253660497,dE=-0.005435644468764729,err=0.00014449087025399755,gmax=0.3256575913841857
	collect g,Hv time= 0.2140944004058838
	solver time=1.981454610824585,exit status=0
niter= 29
pure_newton= False
	solver time=26.035914182662964,exit status=0
niter= 188
	log prob= -12.450616682339437
	burn in time= 13.511106967926025
	sample time= 234.45017337799072
	contraction err= 0.03888291241317391 4.345801469035091

Mean energy: -2.30110660e+01
Block size    # of blocks        Mean                Error
     1           20000       -2.30110660e+01       4.337685e-03
     2           10000       -2.30110660e+01       4.344919e-03
     5           4000       -2.30110660e+01       4.307001e-03
    10           2000       -2.30110660e+01       4.346922e-03
    20           1000       -2.30110660e+01       4.247618e-03
    50            400       -2.30110660e+01       4.185036e-03
    70            285       -2.30110960e+01       4.168207e-03
   100            200       -2.30110660e+01       4.269839e-03
   200            100       -2.30110660e+01       4.597738e-03
   500             40       -2.30110660e+01       5.578380e-03
Stocahstic error estimate: 4.344919e-03

	predict=-0.05598489302385222,actual=(array([-0.09580241]), array([0.00434492]))
	g=2.867853200128986,del=1.1634951523933275,dot=0.11191964628340126,x=22.08007404805661

nparam= 217600
	log prob= -12.450616682339437
	burn in time= 9.640730142593384
	sample time= 118.57159733772278
	contraction err= 0.038292278982621886 1.1763484313738348

Mean energy: -2.29927957e+01
Block size    # of blocks        Mean                Error
     1           20000       -2.29927957e+01       5.373349e-03
     2           10000       -2.29927957e+01       5.414086e-03
     5           4000       -2.29927957e+01       5.383909e-03
    10           2000       -2.29927957e+01       5.379355e-03
    20           1000       -2.29927957e+01       5.354631e-03
    50            400       -2.29927957e+01       5.228067e-03
    70            285       -2.29931055e+01       5.140051e-03
   100            200       -2.29927957e+01       5.012846e-03
   200            100       -2.29927957e+01       4.664999e-03
   500             40       -2.29927957e+01       4.631934e-03
Stocahstic error estimate: 5.414086e-03

step=4,E=-0.47901657722755786,dE=-0.001615251861508164,err=0.0001127934536359113,gmax=0.38900331419522644
	collect g,Hv time= 0.21375823020935059
	solver time=1.914208173751831,exit status=0
niter= 28
pure_newton= False
	solver time=24.496891498565674,exit status=0
niter= 177
	log prob= -12.707872212569608
	burn in time= 13.23834490776062
	sample time= 235.87375617027283
	contraction err= 0.038238401036902646 1.2782615361093597

Mean energy: -2.30307495e+01
Block size    # of blocks        Mean                Error
     1           20000       -2.30307495e+01       3.982038e-03
     2           10000       -2.30307495e+01       3.980608e-03
     5           4000       -2.30307495e+01       3.919228e-03
    10           2000       -2.30307495e+01       3.878875e-03
    20           1000       -2.30307495e+01       3.824037e-03
    50            400       -2.30307495e+01       3.820199e-03
    70            285       -2.30306349e+01       3.898847e-03
   100            200       -2.30307495e+01       3.933683e-03
   200            100       -2.30307495e+01       4.691987e-03
   500             40       -2.30307495e+01       6.180411e-03
Stocahstic error estimate: 3.982038e-03

	predict=-0.03333614807018577,actual=(array([-0.03795382]), array([0.00398204]))
	g=1.75652370360479,del=0.9660359312612145,dot=0.06665492351425811,x=22.08007404805662

nparam= 217600
	log prob= -12.707872212569608
	burn in time= 13.080140829086304
	sample time= 119.15429902076721
	contraction err= 0.03844895599502128 1.4206047676224909

Mean energy: -2.30351568e+01
Block size    # of blocks        Mean                Error
     1           20000       -2.30351568e+01       3.863330e-03
     2           10000       -2.30351568e+01       3.883237e-03
     5           4000       -2.30351568e+01       3.817147e-03
    10           2000       -2.30351568e+01       3.764182e-03
    20           1000       -2.30351568e+01       3.760427e-03
    50            400       -2.30351568e+01       3.618905e-03
    70            285       -2.30349697e+01       3.607345e-03
   100            200       -2.30351568e+01       3.909910e-03
   200            100       -2.30351568e+01       4.023844e-03
   500             40       -2.30351568e+01       3.984906e-03
Stocahstic error estimate: 3.883237e-03

step=5,E=-0.4798991001948964,dE=-0.0008825229673385208,err=8.090077732121547e-05,gmax=0.02074176285317808
	collect g,Hv time= 0.2140047550201416
	solver time=2.949439287185669,exit status=0
niter= 43
pure_newton= False
	solver time=25.131961584091187,exit status=0
niter= 182
	log prob= -12.9644286584301
	burn in time= 13.216627597808838
	sample time= 236.65739488601685
	contraction err= 0.03840881858332249 1.4882406893865627

Mean energy: -2.30574655e+01
Block size    # of blocks        Mean                Error
     1           20000       -2.30574655e+01       3.216478e-03
     2           10000       -2.30574655e+01       3.191986e-03
     5           4000       -2.30574655e+01       3.190609e-03
    10           2000       -2.30574655e+01       3.198899e-03
    20           1000       -2.30574655e+01       3.180415e-03
    50            400       -2.30574655e+01       3.077215e-03
    70            285       -2.30574780e+01       2.920374e-03
   100            200       -2.30574655e+01       3.194933e-03
   200            100       -2.30574655e+01       3.330759e-03
   500             40       -2.30574655e+01       3.648415e-03
Stocahstic error estimate: 3.216478e-03

	predict=-0.019365072172477828,actual=(array([-0.02230874]), array([0.00321648]))
	g=0.31011066703407003,del=0.8491672960688347,dot=0.03870501393450558,x=22.080074048056627

nparam= 217600
	log prob= -12.9644286584301
	burn in time= 10.878351926803589
	sample time= 119.61975455284119
	contraction err= 0.03793349806229413 1.5417223170174008

Mean energy: -2.30719086e+01
Block size    # of blocks        Mean                Error
     1           20000       -2.30719086e+01       3.243262e-03
     2           10000       -2.30719086e+01       3.246356e-03
     5           4000       -2.30719086e+01       3.218285e-03
    10           2000       -2.30719086e+01       3.211734e-03
    20           1000       -2.30719086e+01       3.230898e-03
    50            400       -2.30719086e+01       3.175641e-03
    70            285       -2.30718217e+01       3.262694e-03
   100            200       -2.30719086e+01       3.244799e-03
   200            100       -2.30719086e+01       3.015481e-03
   500             40       -2.30719086e+01       3.288012e-03
Stocahstic error estimate: 3.246356e-03

step=6,E=-0.48066476249816786,dE=-0.0007656623032714638,err=6.763242086146343e-05,gmax=0.06066015231262689
	collect g,Hv time= 0.21158432960510254
	solver time=2.8189964294433594,exit status=0
niter= 41
pure_newton= False
	solver time=26.106805086135864,exit status=0
niter= 188
	log prob= -13.169520933372963
	burn in time= 12.71318006515503
	sample time= 236.51971340179443
	contraction err= 0.04035892973115638 3.34944895782014

Mean energy: -2.30482915e+01
Block size    # of blocks        Mean                Error
     1           20000       -2.30482915e+01       3.955344e-03
     2           10000       -2.30482915e+01       3.949395e-03
     5           4000       -2.30482915e+01       3.969088e-03
    10           2000       -2.30482915e+01       3.971521e-03
    20           1000       -2.30482915e+01       4.033702e-03
    50            400       -2.30482915e+01       3.955301e-03
    70            285       -2.30481960e+01       4.052630e-03
   100            200       -2.30482915e+01       4.002104e-03
   200            100       -2.30482915e+01       4.736397e-03
   500             40       -2.30482915e+01       6.300530e-03
Stocahstic error estimate: 3.955344e-03

	predict=-0.011739298160645926,actual=(array([0.02361709]), array([0.00395534]))
	g=0.4278333727396212,del=2.476457972763608,dot=0.18306825254864859,x=22.080074048056645

nparam= 217600
	log prob= -12.992622428099772
	burn in time= 13.207225322723389
	sample time= 119.65330910682678
	contraction err= 0.03906283700072698 1.223735183397999

Mean energy: -2.30581148e+01
Block size    # of blocks        Mean                Error
     1           20000       -2.30581148e+01       3.673609e-03
     2           10000       -2.30581148e+01       3.699561e-03
     5           4000       -2.30581148e+01       3.722277e-03
    10           2000       -2.30581148e+01       3.748660e-03
    20           1000       -2.30581148e+01       3.751053e-03
    50            400       -2.30581148e+01       3.720329e-03
    70            285       -2.30583425e+01       3.814766e-03
   100            200       -2.30581148e+01       3.818811e-03
   200            100       -2.30581148e+01       3.624732e-03
   500             40       -2.30581148e+01       3.306454e-03
Stocahstic error estimate: 3.699561e-03

step=7,E=-0.4803773914385525,dE=0.00028737105961533044,err=7.707419457420701e-05,gmax=0.020409217376212707
	collect g,Hv time= 0.21185660362243652
	solver time=3.0519533157348633,exit status=0
niter= 44
pure_newton= False
	solver time=21.82249140739441,exit status=0
niter= 157
	log prob= -13.198304875103856
	burn in time= 12.202701091766357
	sample time= 235.8906807899475
	contraction err= 0.038849047872689085 1.4712083450725857

Mean energy: -2.30781640e+01
Block size    # of blocks        Mean                Error
     1           20000       -2.30781640e+01       4.418971e-03
     2           10000       -2.30781640e+01       4.422445e-03
     5           4000       -2.30781640e+01       4.427822e-03
    10           2000       -2.30781640e+01       4.392216e-03
    20           1000       -2.30781640e+01       4.393989e-03
    50            400       -2.30781640e+01       4.145761e-03
    70            285       -2.30781886e+01       4.334585e-03
   100            200       -2.30781640e+01       3.896088e-03
   200            100       -2.30781640e+01       4.012552e-03
   500             40       -2.30781640e+01       4.057772e-03
Stocahstic error estimate: 4.422445e-03

	predict=-0.016103059318892537,actual=(array([-0.02004922]), array([0.00442244]))
	g=0.23789742440292597,del=0.7456465280957355,dot=0.032187666210847427,x=22.08007404805664

nparam= 217600
	log prob= -13.198304875103856
	burn in time= 14.108214139938354
	sample time= 119.82488942146301
	contraction err= 0.038043292751648264 1.398717131039422

Mean energy: -2.30701850e+01
Block size    # of blocks        Mean                Error
     1           20000       -2.30701850e+01       3.271443e-03
     2           10000       -2.30701850e+01       3.263625e-03
     5           4000       -2.30701850e+01       3.271619e-03
    10           2000       -2.30701850e+01       3.247132e-03
    20           1000       -2.30701850e+01       3.202175e-03
    50            400       -2.30701850e+01       3.204550e-03
    70            285       -2.30705084e+01       3.134646e-03
   100            200       -2.30701850e+01       3.216126e-03
   200            100       -2.30701850e+01       3.197085e-03
   500             40       -2.30701850e+01       3.422603e-03
Stocahstic error estimate: 3.271443e-03

step=8,E=-0.48062885376162684,dE=-0.00025146232307434363,err=6.815505916817826e-05,gmax=0.5794524108731233
	collect g,Hv time= 0.2111818790435791
	solver time=0.646296501159668,exit status=0
niter= 10
pure_newton= False
	solver time=16.437544107437134,exit status=0
niter= 119
	log prob= -13.364153325049068
	burn in time= 12.1786527633667
	sample time= 236.6480131149292
	contraction err= 0.03919624741414018 7.183300650899768

Mean energy: -2.30751760e+01
Block size    # of blocks        Mean                Error
     1           20000       -2.30751760e+01       3.193796e-03
     2           10000       -2.30751760e+01       3.182236e-03
     5           4000       -2.30751760e+01       3.172314e-03
    10           2000       -2.30751760e+01       3.187956e-03
    20           1000       -2.30751760e+01       3.227534e-03
    50            400       -2.30751760e+01       3.273742e-03
    70            285       -2.30750571e+01       3.161262e-03
   100            200       -2.30751760e+01       3.335138e-03
   200            100       -2.30751760e+01       3.645591e-03
   500             40       -2.30751760e+01       4.081771e-03
Stocahstic error estimate: 3.193796e-03

	predict=-0.011232370651442232,actual=(array([-0.00499101]), array([0.0031938]))
	g=4.140308240865142,del=0.6155067812622466,dot=0.022395224626386413,x=22.080074048056645

nparam= 217600
	log prob= -13.364153325049068
	burn in time= 12.183168411254883
	sample time= 119.89506006240845
	contraction err= 0.04284096844085285 34.04737990805132

Mean energy: -2.30991171e+01
Block size    # of blocks        Mean                Error
     1           20000       -2.30991171e+01       1.349719e-02
     2           10000       -2.30991171e+01       1.349178e-02
     5           4000       -2.30991171e+01       1.346435e-02
    10           2000       -2.30991171e+01       1.345080e-02
    20           1000       -2.30991171e+01       1.340746e-02
    50            400       -2.30991171e+01       1.338150e-02
    70            285       -2.30990509e+01       1.340281e-02
   100            200       -2.30991171e+01       1.355030e-02
   200            100       -2.30991171e+01       1.347468e-02
   500             40       -2.30991171e+01       1.254164e-02
Stocahstic error estimate: 1.349719e-02

step=9,E=-0.48123160531154924,dE=-0.0006027515499223609,err=0.00028119152477312494,gmax=3.953152021570483
	collect g,Hv time= 0.21149659156799316
	solver time=0.2918534278869629,exit status=0
niter= 5
pure_newton= False
	solver time=8.721516847610474,exit status=0
niter= 63
	log prob= -13.431565590903427
	burn in time= 13.014579057693481
	sample time= 236.33460640907288
	contraction err= 0.03961693258399284 1.5122450323945182

Mean energy: -2.30798923e+01
Block size    # of blocks        Mean                Error
     1           20000       -2.30798923e+01       3.187330e-03
     2           10000       -2.30798923e+01       3.189137e-03
     5           4000       -2.30798923e+01       3.168777e-03
    10           2000       -2.30798923e+01       3.267721e-03
    20           1000       -2.30798923e+01       3.320749e-03
    50            400       -2.30798923e+01       3.390488e-03
    70            285       -2.30797738e+01       3.419069e-03
   100            200       -2.30798923e+01       3.456747e-03
   200            100       -2.30798923e+01       3.645887e-03
   500             40       -2.30798923e+01       4.126976e-03
Stocahstic error estimate: 3.189137e-03

	predict=-0.30868956589626884,actual=(array([0.01922473]), array([0.00318914]))
	g=22.189827644079788,del=0.34207950536736403,dot=3.528413175060221,x=22.080074048056627

nparam= 217600
	log prob= -13.367112909997072
	burn in time= 13.423086643218994
RANK=271,cx=2.2793888636155074e-09,ex=3331.721581235107
	sample time= 120.2620894908905
	contraction err= 0.039094608860429 0.9247103870834783

Mean energy: -2.30754687e+01
Block size    # of blocks        Mean                Error
     1           20000       -2.30754687e+01       2.857213e-03
     2           10000       -2.30754687e+01       2.861048e-03
     5           4000       -2.30754687e+01       2.854632e-03
    10           2000       -2.30754687e+01       2.843399e-03
    20           1000       -2.30754687e+01       2.878268e-03
    50            400       -2.30754687e+01       2.965802e-03
    70            285       -2.30754115e+01       2.846425e-03
   100            200       -2.30754687e+01       2.966107e-03
   200            100       -2.30754687e+01       2.870654e-03
   500             40       -2.30754687e+01       2.531798e-03
Stocahstic error estimate: 2.861048e-03

step=10,E=-0.4807389319108341,dE=0.0004926734007151268,err=5.960517080103308e-05,gmax=0.02963670742717195
	collect g,Hv time= 0.21059966087341309
	solver time=3.0761749744415283,exit status=0
niter= 44
pure_newton= False
	solver time=21.495993852615356,exit status=0
niter= 154
	log prob= -13.548836971909815
	burn in time= 15.557861328125
	sample time= 236.70725297927856
	contraction err= 0.03917972089620818 2.689913093976639

Mean energy: -2.30842873e+01
Block size    # of blocks        Mean                Error
     1           20000       -2.30842873e+01       2.428724e-03
     2           10000       -2.30842873e+01       2.441744e-03
     5           4000       -2.30842873e+01       2.467492e-03
    10           2000       -2.30842873e+01       2.491205e-03
    20           1000       -2.30842873e+01       2.467326e-03
    50            400       -2.30842873e+01       2.439073e-03
    70            285       -2.30842857e+01       2.396664e-03
   100            200       -2.30842873e+01       2.461427e-03
   200            100       -2.30842873e+01       2.917564e-03
   500             40       -2.30842873e+01       3.624136e-03
Stocahstic error estimate: 2.441744e-03

	predict=-0.008512055000200308,actual=(array([-0.00881857]), array([0.00244174]))
	g=0.19337658561448212,del=0.5910890588742248,dot=0.01701572453310498,x=22.080074048056616

nparam= 217600
	log prob= -13.548836971909815
	burn in time= 10.722676038742065
	sample time= 120.45553159713745
	contraction err= 0.03825256694301662 1.4754628972751598

Mean energy: -2.30808411e+01
Block size    # of blocks        Mean                Error
     1           20000       -2.30808411e+01       3.991358e-03
     2           10000       -2.30808411e+01       3.985882e-03
     5           4000       -2.30808411e+01       3.943771e-03
    10           2000       -2.30808411e+01       3.919922e-03
    20           1000       -2.30808411e+01       3.928027e-03
    50            400       -2.30808411e+01       3.973664e-03
    70            285       -2.30808540e+01       3.875095e-03
   100            200       -2.30808411e+01       3.890770e-03
   200            100       -2.30808411e+01       4.248414e-03
   500             40       -2.30808411e+01       4.239151e-03
Stocahstic error estimate: 3.991358e-03

step=11,E=-0.48085085653386384,dE=-0.00011192462302974289,err=8.315328875409303e-05,gmax=0.05701453534691936
	collect g,Hv time= 0.21171855926513672
	solver time=2.955517053604126,exit status=0
niter= 43
pure_newton= False
	solver time=20.532837629318237,exit status=0
niter= 149
	log prob= -13.659574272684065
	burn in time= 12.492583274841309
	sample time= 236.74559807777405
	contraction err= 0.03909117068599766 1.4885635215366009

Mean energy: -2.30777073e+01
Block size    # of blocks        Mean                Error
     1           20000       -2.30777073e+01       2.838923e-03
     2           10000       -2.30777073e+01       2.907485e-03
     5           4000       -2.30777073e+01       2.904227e-03
    10           2000       -2.30777073e+01       2.912777e-03
    20           1000       -2.30777073e+01       2.873475e-03
    50            400       -2.30777073e+01       2.817992e-03
    70            285       -2.30779405e+01       2.714602e-03
   100            200       -2.30777073e+01       2.730677e-03
   200            100       -2.30777073e+01       3.223794e-03
   500             40       -2.30777073e+01       4.507328e-03
Stocahstic error estimate: 2.907485e-03

	predict=-0.013927714148312882,actual=(array([0.0031338]), array([0.00290749]))
	g=0.4575026170363939,del=2.052511500856168,dot=0.3054682198163931,x=22.08007404805663

nparam= 217600
	log prob= -13.555806408304248
	burn in time= 12.099936246871948
	sample time= 120.28581476211548
	contraction err= 0.038988077186372504 1.3718601624061735

Mean energy: -2.30877530e+01
Block size    # of blocks        Mean                Error
     1           20000       -2.30877530e+01       2.464803e-03
     2           10000       -2.30877530e+01       2.457249e-03
     5           4000       -2.30877530e+01       2.463838e-03
    10           2000       -2.30877530e+01       2.408730e-03
    20           1000       -2.30877530e+01       2.425497e-03
    50            400       -2.30877530e+01       2.486896e-03
    70            285       -2.30877064e+01       2.502508e-03
   100            200       -2.30877530e+01       2.426467e-03
   200            100       -2.30877530e+01       2.377727e-03
   500             40       -2.30877530e+01       2.017651e-03
Stocahstic error estimate: 2.464803e-03

step=12,E=-0.480994854888112,dE=-0.00014399835424816487,err=5.135005848366941e-05,gmax=0.04921915958205947
	collect g,Hv time= 0.21071410179138184
	solver time=2.9755589962005615,exit status=0
niter= 43
pure_newton= False
	solver time=25.321876764297485,exit status=0
niter= 183
	log prob= -13.668428108180164
	burn in time= 13.946580171585083
	sample time= 236.83147478103638
	contraction err= 0.03915190189616491 1.2288373338815917

Mean energy: -2.30879026e+01
Block size    # of blocks        Mean                Error
     1           20000       -2.30879026e+01       2.590656e-03
     2           10000       -2.30879026e+01       2.591233e-03
     5           4000       -2.30879026e+01       2.626046e-03
    10           2000       -2.30879026e+01       2.632680e-03
    20           1000       -2.30879026e+01       2.618371e-03
    50            400       -2.30879026e+01       2.643462e-03
    70            285       -2.30879586e+01       2.561056e-03
   100            200       -2.30879026e+01       2.700297e-03
   200            100       -2.30879026e+01       3.107573e-03
   500             40       -2.30879026e+01       3.754506e-03
Stocahstic error estimate: 2.591233e-03

	predict=-0.007295722696307968,actual=(array([-0.00014958]), array([0.00259123]))
	g=0.3333136584372862,del=0.5355272370847343,dot=0.014572594993456629,x=22.08007404805662

nparam= 217600
	log prob= -13.668428108180164
	burn in time= 11.586208581924438
	sample time= 120.2568633556366
	contraction err= 0.03828714825844825 1.2533505281797053

Mean energy: -2.30817515e+01
Block size    # of blocks        Mean                Error
     1           20000       -2.30817515e+01       2.440209e-03
     2           10000       -2.30817515e+01       2.424366e-03
     5           4000       -2.30817515e+01       2.418272e-03
    10           2000       -2.30817515e+01       2.433549e-03
    20           1000       -2.30817515e+01       2.436035e-03
    50            400       -2.30817515e+01       2.368799e-03
    70            285       -2.30817499e+01       2.513226e-03
   100            200       -2.30817515e+01       2.277596e-03
   200            100       -2.30817515e+01       2.366420e-03
   500             40       -2.30817515e+01       2.543757e-03
Stocahstic error estimate: 2.440209e-03

step=13,E=-0.4808698233874003,dE=0.0001250315007116735,err=5.083767830056674e-05,gmax=0.012332381947329107
	collect g,Hv time= 0.20972275733947754
	solver time=2.8999710083007812,exit status=0
niter= 42
pure_newton= False
	solver time=20.57781744003296,exit status=0
niter= 149
	log prob= -13.744119160980194
	burn in time= 13.792971134185791
	sample time= 237.01075792312622
	contraction err= 0.0392854003269713 7.469251346095394

Mean energy: -2.30827975e+01
Block size    # of blocks        Mean                Error
     1           20000       -2.30827975e+01       3.301642e-03
     2           10000       -2.30827975e+01       3.309760e-03
     5           4000       -2.30827975e+01       3.329457e-03
    10           2000       -2.30827975e+01       3.331188e-03
    20           1000       -2.30827975e+01       3.350369e-03
    50            400       -2.30827975e+01       3.215721e-03
    70            285       -2.30827559e+01       3.210637e-03
   100            200       -2.30827975e+01       3.126870e-03
   200            100       -2.30827975e+01       3.584430e-03
   500             40       -2.30827975e+01       4.590475e-03
Stocahstic error estimate: 3.309760e-03

	predict=-0.007205589705809938,actual=(array([-0.00104598]), array([0.00330976]))
	g=0.1369583520882641,del=0.5341491301461032,dot=0.014401437468620897,x=22.08007404805662

nparam= 217600
	log prob= -13.744119160980194
	burn in time= 12.344968795776367
	sample time= 120.5833203792572
	contraction err= 0.03837432844358117 3.0545182091364396

Mean energy: -2.30877563e+01
Block size    # of blocks        Mean                Error
     1           20000       -2.30877563e+01       2.605633e-03
     2           10000       -2.30877563e+01       2.593612e-03
     5           4000       -2.30877563e+01       2.585066e-03
    10           2000       -2.30877563e+01       2.573392e-03
    20           1000       -2.30877563e+01       2.541018e-03
    50            400       -2.30877563e+01       2.478599e-03
    70            285       -2.30878122e+01       2.593241e-03
   100            200       -2.30877563e+01       2.578454e-03
   200            100       -2.30877563e+01       2.379913e-03
   500             40       -2.30877563e+01       2.259280e-03
Stocahstic error estimate: 2.605633e-03

step=14,E=-0.480994923574019,dE=-0.00012510018661870959,err=5.4284023722089266e-05,gmax=0.03629268538439534
	collect g,Hv time= 0.20966291427612305
	solver time=2.6801555156707764,exit status=0
niter= 39
pure_newton= False
	solver time=25.16842794418335,exit status=0
niter= 182
	log prob= -13.828347886537488
	burn in time= 13.087960243225098
	sample time= 237.55845737457275
	contraction err= 0.03935586898712459 1.5524541578604727

Mean energy: -2.30907799e+01
Block size    # of blocks        Mean                Error
     1           20000       -2.30907799e+01       2.108950e-03
     2           10000       -2.30907799e+01       2.111234e-03
     5           4000       -2.30907799e+01       2.093519e-03
    10           2000       -2.30907799e+01       2.128124e-03
    20           1000       -2.30907799e+01       2.154518e-03
    50            400       -2.30907799e+01       2.008532e-03
    70            285       -2.30908003e+01       2.019384e-03
   100            200       -2.30907799e+01       2.004490e-03
   200            100       -2.30907799e+01       2.084408e-03
   500             40       -2.30907799e+01       2.181288e-03
Stocahstic error estimate: 2.111234e-03

	predict=-0.00725214951679612,actual=(array([-0.00302362]), array([0.00211123]))
	g=0.3028159972417333,del=0.4918385811687885,dot=0.014482945710405386,x=22.080074048056623

nparam= 217600
	log prob= -13.828347886537488
	burn in time= 10.367056369781494
	sample time= 120.09008812904358
	contraction err= 0.03920337134125032 1.3642887209185273

Mean energy: -2.30850382e+01
Block size    # of blocks        Mean                Error
     1           20000       -2.30850382e+01       3.343298e-03
     2           10000       -2.30850382e+01       3.340621e-03
     5           4000       -2.30850382e+01       3.370633e-03
    10           2000       -2.30850382e+01       3.378086e-03
    20           1000       -2.30850382e+01       3.345828e-03
    50            400       -2.30850382e+01       3.472095e-03
    70            285       -2.30849803e+01       3.484185e-03
   100            200       -2.30850382e+01       3.471545e-03
   200            100       -2.30850382e+01       3.335177e-03
   500             40       -2.30850382e+01       3.099096e-03
Stocahstic error estimate: 3.343298e-03

step=15,E=-0.4809382956793527,dE=5.662789466631679e-05,err=6.965204255985392e-05,gmax=0.17678967362115472
	collect g,Hv time= 0.20964884757995605
	solver time=1.981473445892334,exit status=0
niter= 29
pure_newton= False
	solver time=20.07513976097107,exit status=0
niter= 145
	log prob= -13.931551056113143
	burn in time= 13.161888122558594
	sample time= 236.7405514717102
	contraction err= 0.03970787802627395 4.808628101884379

Mean energy: -2.30901874e+01
Block size    # of blocks        Mean                Error
     1           20000       -2.30901874e+01       3.569838e-03
     2           10000       -2.30901874e+01       3.563610e-03
     5           4000       -2.30901874e+01       3.551201e-03
    10           2000       -2.30901874e+01       3.565303e-03
    20           1000       -2.30901874e+01       3.560519e-03
    50            400       -2.30901874e+01       3.527295e-03
    70            285       -2.30902728e+01       3.528294e-03
   100            200       -2.30901874e+01       3.496339e-03
   200            100       -2.30901874e+01       3.529580e-03
   500             40       -2.30901874e+01       3.462609e-03
Stocahstic error estimate: 3.569838e-03

	predict=-0.010393516808081359,actual=(array([-0.00514923]), array([0.00356984]))
	g=1.2254427922601376,del=0.4841077336729339,dot=0.020770056327865917,x=22.080074048056623

nparam= 217600
	log prob= -13.931551056113143
	burn in time= 12.120319843292236
	sample time= 120.5946991443634
	contraction err= 0.04054335184631767 2.019091624101925

Mean energy: -2.30833775e+01
Block size    # of blocks        Mean                Error
     1           20000       -2.30833775e+01       2.758225e-03
     2           10000       -2.30833775e+01       2.738035e-03
     5           4000       -2.30833775e+01       2.762237e-03
    10           2000       -2.30833775e+01       2.753038e-03
    20           1000       -2.30833775e+01       2.726008e-03
    50            400       -2.30833775e+01       2.619842e-03
    70            285       -2.30833601e+01       2.689624e-03
   100            200       -2.30833775e+01       2.596656e-03
   200            100       -2.30833775e+01       2.481308e-03
   500             40       -2.30833775e+01       2.634276e-03
Stocahstic error estimate: 2.758225e-03

step=16,E=-0.4809036987282957,dE=3.459695105704578e-05,err=5.746302870787246e-05,gmax=0.03734990347726641
	collect g,Hv time= 0.21166682243347168
	solver time=2.2799179553985596,exit status=0
niter= 33
pure_newton= False
	solver time=22.019301176071167,exit status=0
niter= 157
	log prob= -13.991256305974204
	burn in time= 14.171630620956421
	sample time= 237.08732438087463
	contraction err= 0.03942316024932703 2.177848501511548

Mean energy: -2.30883208e+01
Block size    # of blocks        Mean                Error
     1           20000       -2.30883208e+01       2.873900e-03
     2           10000       -2.30883208e+01       2.844710e-03
     5           4000       -2.30883208e+01       2.812738e-03
    10           2000       -2.30883208e+01       2.778347e-03
    20           1000       -2.30883208e+01       2.681076e-03
    50            400       -2.30883208e+01       2.705014e-03
    70            285       -2.30882979e+01       2.553164e-03
   100            200       -2.30883208e+01       2.405611e-03
   200            100       -2.30883208e+01       2.951160e-03
   500             40       -2.30883208e+01       2.979793e-03
Stocahstic error estimate: 2.873900e-03

	predict=-0.008847985747459531,actual=(array([-0.00494325]), array([0.0028739]))
	g=0.2446243933551729,del=0.4797101505630574,dot=0.01769259553316551,x=22.080074048056627

nparam= 217600
	log prob= -13.991256305974204
	burn in time= 12.830155372619629
	sample time= 120.07276701927185
	contraction err= 0.039963002053024825 2.087234777242437

Mean energy: -2.30925709e+01
Block size    # of blocks        Mean                Error
     1           20000       -2.30925709e+01       2.239663e-03
     2           10000       -2.30925709e+01       2.232545e-03
     5           4000       -2.30925709e+01       2.237249e-03
    10           2000       -2.30925709e+01       2.248640e-03
    20           1000       -2.30925709e+01       2.246983e-03
    50            400       -2.30925709e+01       2.126510e-03
    70            285       -2.30925797e+01       2.202467e-03
   100            200       -2.30925709e+01       2.082445e-03
   200            100       -2.30925709e+01       2.040893e-03
   500             40       -2.30925709e+01       2.115331e-03
Stocahstic error estimate: 2.239663e-03

step=17,E=-0.48109522765341,dE=-0.00019152892511435185,err=4.6659650199406795e-05,gmax=0.03177801501641753
	collect g,Hv time= 0.2100362777709961
	solver time=3.12026047706604,exit status=0
niter= 45
pure_newton= False
	solver time=23.57236647605896,exit status=0
niter= 170
	log prob= -14.078636633819139
	burn in time= 11.581270217895508
	sample time= 236.9468536376953
	contraction err= 0.04604139746862243 130.54125283972618

Mean energy: -2.30785604e+01
Block size    # of blocks        Mean                Error
     1           20000       -2.30785604e+01       2.955738e-02
     2           10000       -2.30785604e+01       2.956131e-02
     5           4000       -2.30785604e+01       2.955328e-02
    10           2000       -2.30785604e+01       2.956341e-02
    20           1000       -2.30785604e+01       2.959594e-02
    50            400       -2.30785604e+01       2.968527e-02
    70            285       -2.30785817e+01       2.976191e-02
   100            200       -2.30785604e+01       2.987095e-02
   200            100       -2.30785604e+01       2.995575e-02
   500             40       -2.30785604e+01       3.028440e-02
Stocahstic error estimate: 2.956131e-02

	predict=-0.0054622325564302986,actual=(array([0.01401049]), array([0.02956131]))
	g=0.2161987999245998,del=1.5513006464674095,dot=0.09109660662151563,x=22.0800740480566

nparam= 217600
	log prob= -13.998242899961244
	burn in time= 12.753023386001587
	sample time= 120.44278120994568
	contraction err= 0.03898573673262348 2.4770963991226376

Mean energy: -2.30810384e+01
Block size    # of blocks        Mean                Error
     1           20000       -2.30810384e+01       3.327870e-03
     2           10000       -2.30810384e+01       3.320798e-03
     5           4000       -2.30810384e+01       3.352670e-03
    10           2000       -2.30810384e+01       3.334584e-03
    20           1000       -2.30810384e+01       3.331966e-03
    50            400       -2.30810384e+01       3.343042e-03
    70            285       -2.30809740e+01       3.153090e-03
   100            200       -2.30810384e+01       3.105789e-03
   200            100       -2.30810384e+01       3.101878e-03
   500             40       -2.30810384e+01       2.858329e-03
Stocahstic error estimate: 3.327870e-03

step=18,E=-0.4808549661874754,dE=0.00024026146593462508,err=6.93306244729507e-05,gmax=0.5194315476940492
	collect g,Hv time= 0.21006989479064941
	solver time=0.7149801254272461,exit status=0
niter= 11
pure_newton= False
	solver time=15.610352516174316,exit status=0
niter= 113
	log prob= -14.00879335247507
	burn in time= 11.54288625717163
	sample time= 236.8336317539215
	contraction err= 0.03791452113478341 1.8289537844174717

Mean energy: -2.31174450e+01
Block size    # of blocks        Mean                Error
     1           20000       -2.31174450e+01       1.798257e-02
     2           10000       -2.31174450e+01       1.798687e-02
     5           4000       -2.31174450e+01       1.799002e-02
    10           2000       -2.31174450e+01       1.795769e-02
    20           1000       -2.31174450e+01       1.796133e-02
    50            400       -2.31174450e+01       1.795722e-02
    70            285       -2.31175285e+01       1.812759e-02
   100            200       -2.31174450e+01       1.804404e-02
   200            100       -2.31174450e+01       1.825466e-02
   500             40       -2.31174450e+01       1.854302e-02
Stocahstic error estimate: 1.798687e-02

	predict=-0.011678879173553904,actual=(array([-0.03640667]), array([0.01798687]))
	g=3.148450039134064,del=0.4259794231213571,dot=0.02331677953176329,x=22.080074048056623

nparam= 217600
	log prob= -14.00879335247507
	burn in time= 14.791277885437012
	sample time= 120.17174196243286
	contraction err= 0.03878062138461603 2.471159178738838

Mean energy: -2.30763921e+01
Block size    # of blocks        Mean                Error
     1           20000       -2.30763921e+01       1.356696e-02
     2           10000       -2.30763921e+01       1.356509e-02
     5           4000       -2.30763921e+01       1.356902e-02
    10           2000       -2.30763921e+01       1.357085e-02
    20           1000       -2.30763921e+01       1.356779e-02
    50            400       -2.30763921e+01       1.364533e-02
    70            285       -2.30763515e+01       1.353647e-02
   100            200       -2.30763921e+01       1.353670e-02
   200            100       -2.30763921e+01       1.355637e-02
   500             40       -2.30763921e+01       1.348323e-02
Stocahstic error estimate: 1.356696e-02

step=19,E=-0.48075816794871457,dE=9.679823876081646e-05,err=0.00028264503695447674,gmax=1.5440649763123688
	collect g,Hv time= 0.2102034091949463
	solver time=1.137575387954712,exit status=0
niter= 17
pure_newton= False
	solver time=9.980762243270874,exit status=0
niter= 72
	log prob= -14.051467447213698
	burn in time= 13.103155612945557
	sample time= 237.1081976890564
	contraction err= 0.03960913826045532 2.317193438864153

Mean energy: -2.30796981e+01
Block size    # of blocks        Mean                Error
     1           20000       -2.30796981e+01       1.070479e-02
     2           10000       -2.30796981e+01       1.070633e-02
     5           4000       -2.30796981e+01       1.065289e-02
    10           2000       -2.30796981e+01       1.065572e-02
    20           1000       -2.30796981e+01       1.069743e-02
    50            400       -2.30796981e+01       1.063423e-02
    70            285       -2.30796430e+01       1.076269e-02
   100            200       -2.30796981e+01       1.062427e-02
   200            100       -2.30796981e+01       1.072435e-02
   500             40       -2.30796981e+01       1.113925e-02
Stocahstic error estimate: 1.070633e-02

	predict=-0.08814298084406036,actual=(array([-0.00330604]), array([0.01070633]))
	g=8.806962528664794,del=0.31379466344448703,dot=0.1761866388381281,x=22.08007404805662

nparam= 217600
	log prob= -14.051467447213698
	burn in time= 11.013901472091675
	sample time= 119.74750876426697
	contraction err= 0.039499382170688414 1.8169350751084312

Mean energy: -2.30293607e+01
Block size    # of blocks        Mean                Error
     1           20000       -2.30293607e+01       2.987100e-02
     2           10000       -2.30293607e+01       2.986354e-02
     5           4000       -2.30293607e+01       2.986961e-02
    10           2000       -2.30293607e+01       2.990376e-02
    20           1000       -2.30293607e+01       2.993700e-02
    50            400       -2.30293607e+01       2.989225e-02
    70            285       -2.30292237e+01       3.014188e-02
   100            200       -2.30293607e+01       2.980470e-02
   200            100       -2.30293607e+01       2.975858e-02
   500             40       -2.30293607e+01       2.952405e-02
Stocahstic error estimate: 2.987100e-02

step=20,E=-0.47977834789913115,dE=0.000979820049583413,err=0.0006223124234042056,gmax=48.073934042148295
	collect g,Hv time= 0.2096700668334961
	solver time=0.14242148399353027,exit status=0
niter= 3
pure_newton= False
	solver time=1.78688383102417,exit status=0
niter= 14
	log prob= -14.022314632552153
	burn in time= 14.330429315567017
	sample time= 237.3457748889923
	contraction err= 0.03872247680537665 2.298502559936087

Mean energy: -2.31336576e+01
Block size    # of blocks        Mean                Error
     1           20000       -2.31336576e+01       2.591817e-02
     2           10000       -2.31336576e+01       2.591590e-02
     5           4000       -2.31336576e+01       2.590941e-02
    10           2000       -2.31336576e+01       2.591851e-02
    20           1000       -2.31336576e+01       2.590340e-02
    50            400       -2.31336576e+01       2.588887e-02
    70            285       -2.31337930e+01       2.596826e-02
   100            200       -2.31336576e+01       2.592984e-02
   200            100       -2.31336576e+01       3.681992e-02
   500             40       -2.31336576e+01       3.672345e-02
Stocahstic error estimate: 2.591817e-02

	predict=-0.5361257845670023,actual=(array([-0.1042969]), array([0.02591817]))
	g=200.78858148193217,del=0.11779043038317129,dot=1.070932259601182,x=22.080074048056627

nparam= 217600
	log prob= -14.022314632552153
	burn in time= 11.850963830947876
	sample time= 120.53655529022217
	contraction err= 0.03865771846625813 1.9957755732623228

Mean energy: -2.30942233e+01
Block size    # of blocks        Mean                Error
     1           20000       -2.30942233e+01       2.533305e-03
     2           10000       -2.30942233e+01       2.538650e-03
     5           4000       -2.30942233e+01       2.536747e-03
    10           2000       -2.30942233e+01       2.519122e-03
    20           1000       -2.30942233e+01       2.630775e-03
    50            400       -2.30942233e+01       2.599127e-03
    70            285       -2.30942196e+01       2.699087e-03
   100            200       -2.30942233e+01       2.707552e-03
   200            100       -2.30942233e+01       2.733054e-03
   500             40       -2.30942233e+01       3.391531e-03
Stocahstic error estimate: 2.538650e-03

step=21,E=-0.4811296511270624,dE=-0.001351303227931237,err=5.2888550191496155e-05,gmax=0.2208799149199865
	collect g,Hv time= 0.20992183685302734
	solver time=1.7806644439697266,exit status=0
niter= 26
pure_newton= False
	solver time=29.537583112716675,exit status=0
niter= 212
	log prob= -14.093062571984003
	burn in time= 14.401506662368774
	sample time= 236.83347415924072
	contraction err= 0.03867712287669251 4.42210551956404

Mean energy: -2.31838999e+01
Block size    # of blocks        Mean                Error
     1           20000       -2.31838999e+01       6.185244e-02
     2           10000       -2.31838999e+01       6.183745e-02
     5           4000       -2.31838999e+01       6.183978e-02
    10           2000       -2.31838999e+01       6.186120e-02
    20           1000       -2.31838999e+01       6.188174e-02
    50            400       -2.31838999e+01       6.186487e-02
    70            285       -2.31841337e+01       6.207987e-02
   100            200       -2.31838999e+01       6.189669e-02
   200            100       -2.31838999e+01       8.796429e-02
   500             40       -2.31838999e+01       6.229467e-02
Stocahstic error estimate: 6.185244e-02

	predict=-0.007412291049180817,actual=(array([-0.08967661]), array([0.06185244]))
	g=1.175786901012587,del=0.4157785011798729,dot=0.014816451878687532,x=22.080074048056638

nparam= 217600
	log prob= -14.093062571984003
	burn in time= 13.654041767120361
	sample time= 120.24484300613403
	contraction err= 0.03929861827189254 1.8811680775189155

Mean energy: -2.31011210e+01
Block size    # of blocks        Mean                Error
     1           20000       -2.31011210e+01       2.509723e-03
     2           10000       -2.31011210e+01       2.504448e-03
     5           4000       -2.31011210e+01       2.496305e-03
    10           2000       -2.31011210e+01       2.530992e-03
    20           1000       -2.31011210e+01       2.506053e-03
    50            400       -2.31011210e+01       2.554641e-03
    70            285       -2.31010787e+01       2.503501e-03
   100            200       -2.31011210e+01       2.479351e-03
   200            100       -2.31011210e+01       2.383690e-03
   500             40       -2.31011210e+01       2.130483e-03
Stocahstic error estimate: 2.509723e-03

step=22,E=-0.4812733544053311,dE=-0.0001437032782686624,err=5.2285899551010644e-05,gmax=0.027829241795499726
	collect g,Hv time= 0.21107888221740723
	solver time=1.7692759037017822,exit status=0
niter= 26
pure_newton= False
	solver time=21.663106441497803,exit status=0
niter= 157
	log prob= -14.141576477344751
	burn in time= 12.761763572692871
	sample time= 237.6120457649231
	contraction err= 0.039044635024311526 3.0852308056064097

Mean energy: -2.30939576e+01
Block size    # of blocks        Mean                Error
     1           20000       -2.30939576e+01       6.820481e-03
     2           10000       -2.30939576e+01       6.821748e-03
     5           4000       -2.30939576e+01       6.831251e-03
    10           2000       -2.30939576e+01       6.854022e-03
    20           1000       -2.30939576e+01       6.698315e-03
    50            400       -2.30939576e+01       6.710619e-03
    70            285       -2.30939825e+01       6.699510e-03
   100            200       -2.30939576e+01       6.704945e-03
   200            100       -2.30939576e+01       6.788678e-03
   500             40       -2.30939576e+01       6.787691e-03
Stocahstic error estimate: 6.821748e-03

	predict=-0.006904133290255779,actual=(array([0.00716343]), array([0.00682175]))
	g=0.34188069132463983,del=0.993830763972171,dot=0.11435300645033702,x=22.080074048056616

nparam= 217600
	log prob= -14.084566045790567
	burn in time= 12.639772176742554
	sample time= 120.20023679733276
	contraction err= 0.04071986150391774 10.648928365610328

Mean energy: -2.30836351e+01
Block size    # of blocks        Mean                Error
     1           20000       -2.30836351e+01       3.811129e-03
     2           10000       -2.30836351e+01       3.813405e-03
     5           4000       -2.30836351e+01       3.815265e-03
    10           2000       -2.30836351e+01       3.825711e-03
    20           1000       -2.30836351e+01       3.822944e-03
    50            400       -2.30836351e+01       3.823683e-03
    70            285       -2.30836199e+01       3.805643e-03
   100            200       -2.30836351e+01       3.828636e-03
   200            100       -2.30836351e+01       3.708663e-03
   500             40       -2.30836351e+01       3.522629e-03
Stocahstic error estimate: 3.813405e-03

step=23,E=-0.4809090655259745,dE=0.0003642888793565409,err=7.94459391273724e-05,gmax=0.22607754400155688
	collect g,Hv time= 0.20971441268920898
	solver time=1.5560054779052734,exit status=0
niter= 23
pure_newton= False
	solver time=21.39666175842285,exit status=0
niter= 155
	log prob= -14.15441177308866
	burn in time= 10.964489936828613
	sample time= 236.96859574317932
	contraction err= 0.039324458067809556 3.101860106611351

Mean energy: -2.31027028e+01
Block size    # of blocks        Mean                Error
     1           20000       -2.31027028e+01       6.522927e-03
     2           10000       -2.31027028e+01       6.522694e-03
     5           4000       -2.31027028e+01       6.541821e-03
    10           2000       -2.31027028e+01       6.546598e-03
    20           1000       -2.31027028e+01       6.543035e-03
    50            400       -2.31027028e+01       6.560033e-03
    70            285       -2.31026963e+01       6.546037e-03
   100            200       -2.31027028e+01       6.568282e-03
   200            100       -2.31027028e+01       6.427351e-03
   500             40       -2.31027028e+01       6.847913e-03
Stocahstic error estimate: 6.522927e-03

	predict=-0.010558983210621839,actual=(array([-0.01906765]), array([0.00652293]))
	g=2.0774340253173436,del=0.39000611544025665,dot=0.02108818926530258,x=22.080074048056623

nparam= 217600
	log prob= -14.15441177308866
	burn in time= 12.50000810623169
	sample time= 120.0164065361023
	contraction err= 0.039124749186696034 1.3335019683340676

Mean energy: -2.30908469e+01
Block size    # of blocks        Mean                Error
     1           20000       -2.30908469e+01       7.786883e-03
     2           10000       -2.30908469e+01       7.793484e-03
     5           4000       -2.30908469e+01       7.843485e-03
    10           2000       -2.30908469e+01       7.841603e-03
    20           1000       -2.30908469e+01       7.867986e-03
    50            400       -2.30908469e+01       7.875108e-03
    70            285       -2.30911478e+01       7.881613e-03
   100            200       -2.30908469e+01       7.859403e-03
   200            100       -2.30908469e+01       7.615771e-03
   500             40       -2.30908469e+01       7.790251e-03
Stocahstic error estimate: 7.793484e-03

step=24,E=-0.48105931105215155,dE=-0.00015024552617703968,err=0.0001623642573340422,gmax=0.8248784348510094
	collect g,Hv time= 0.20995235443115234
	solver time=1.1432766914367676,exit status=0
niter= 17
pure_newton= False
	solver time=11.991599321365356,exit status=0
niter= 86
	log prob= -14.178459834026876
	burn in time= 11.383864164352417
RANK=104,cx=-1.594781995375558e-07,ex=1022.994335149448
	sample time= 237.3794891834259
	contraction err= 0.03907502860938833 1.0598870769829694

Mean energy: -2.30970751e+01
Block size    # of blocks        Mean                Error
     1           20000       -2.30970751e+01       2.276119e-03
     2           10000       -2.30970751e+01       2.275966e-03
     5           4000       -2.30970751e+01       2.285932e-03
    10           2000       -2.30970751e+01       2.254009e-03
    20           1000       -2.30970751e+01       2.236762e-03
    50            400       -2.30970751e+01       2.207050e-03
    70            285       -2.30971027e+01       2.271283e-03
   100            200       -2.30970751e+01       2.196431e-03
   200            100       -2.30970751e+01       2.228400e-03
   500             40       -2.30970751e+01       2.311351e-03
Stocahstic error estimate: 2.276119e-03

	predict=-0.03522937833822925,actual=(array([-0.00622817]), array([0.00227612]))
	g=6.03962424721702,del=0.3142586801232509,dot=0.07036222569195645,x=22.080074048056623

nparam= 217600
	log prob= -14.178459834026876
	burn in time= 11.652595520019531
	sample time= 120.78135132789612
	contraction err= 0.03885196981690451 1.0428445162165567

Mean energy: -2.31004788e+01
Block size    # of blocks        Mean                Error
     1           20000       -2.31004788e+01       1.753351e-03
     2           10000       -2.31004788e+01       1.750917e-03
     5           4000       -2.31004788e+01       1.751632e-03
    10           2000       -2.31004788e+01       1.748817e-03
    20           1000       -2.31004788e+01       1.772582e-03
    50            400       -2.31004788e+01       1.760006e-03
    70            285       -2.31004252e+01       1.927218e-03
   100            200       -2.31004788e+01       1.868819e-03
   200            100       -2.31004788e+01       1.930833e-03
   500             40       -2.31004788e+01       1.942393e-03
Stocahstic error estimate: 1.753351e-03

step=25,E=-0.4812599757811234,dE=-0.0002006647289718444,err=3.6528146548903505e-05,gmax=0.029099987731921573
	collect g,Hv time= 0.21053266525268555
	solver time=3.0325851440429688,exit status=0
niter= 44
pure_newton= False
	solver time=35.43822431564331,exit status=0
niter= 256
	log prob= -14.235084638069196
	burn in time= 12.261351823806763
	sample time= 237.1044487953186
	contraction err= 0.04002998486439442 2.054128245686824

Mean energy: -2.31024427e+01
Block size    # of blocks        Mean                Error
     1           20000       -2.31024427e+01       2.699581e-03
     2           10000       -2.31024427e+01       2.698831e-03
     5           4000       -2.31024427e+01       2.693355e-03
    10           2000       -2.31024427e+01       2.725412e-03
    20           1000       -2.31024427e+01       2.762191e-03
    50            400       -2.31024427e+01       2.637627e-03
    70            285       -2.31024516e+01       2.602070e-03
   100            200       -2.31024427e+01       2.567975e-03
   200            100       -2.31024427e+01       2.854855e-03
   500             40       -2.31024427e+01       3.058871e-03
Stocahstic error estimate: 2.699581e-03

	predict=-0.0037478584864229724,actual=(array([-0.0019639]), array([0.00269958]))
	g=0.14841941627967578,del=0.3891706121720013,dot=0.007495993605429819,x=22.080074048056613

nparam= 217600
	log prob= -14.235084638069196
	burn in time= 12.788799047470093
	sample time= 119.91053819656372
	contraction err= 0.03948783249690391 1.2611146815237568

Mean energy: -2.31002837e+01
Block size    # of blocks        Mean                Error
     1           20000       -2.31002837e+01       1.541614e-03
     2           10000       -2.31002837e+01       1.536516e-03
     5           4000       -2.31002837e+01       1.572665e-03
    10           2000       -2.31002837e+01       1.559688e-03
    20           1000       -2.31002837e+01       1.504838e-03
    50            400       -2.31002837e+01       1.454226e-03
    70            285       -2.31002364e+01       1.385033e-03
   100            200       -2.31002837e+01       1.488990e-03
   200            100       -2.31002837e+01       1.566679e-03
   500             40       -2.31002837e+01       1.603219e-03
Stocahstic error estimate: 1.541614e-03

step=26,E=-0.48125591121696293,dE=4.064564160503418e-06,err=3.2116967882712585e-05,gmax=0.0057628061205682035
	collect g,Hv time= 0.2084972858428955
	solver time=2.9802756309509277,exit status=0
niter= 43
pure_newton= False
	solver time=19.835750579833984,exit status=0
niter= 143
	log prob= -14.290222592599608
	burn in time= 15.086958885192871
	sample time= 236.27446031570435
	contraction err= 0.039574729896209124 1.958304573734769

Mean energy: -2.30686538e+01
Block size    # of blocks        Mean                Error
     1           20000       -2.30686538e+01       3.516716e-02
     2           10000       -2.30686538e+01       3.517182e-02
     5           4000       -2.30686538e+01       3.516549e-02
    10           2000       -2.30686538e+01       3.512745e-02
    20           1000       -2.30686538e+01       3.513161e-02
    50            400       -2.30686538e+01       3.511662e-02
    70            285       -2.30685600e+01       3.520285e-02
   100            200       -2.30686538e+01       3.513264e-02
   200            100       -2.30686538e+01       3.526828e-02
   500             40       -2.30686538e+01       3.570289e-02
Stocahstic error estimate: 3.517182e-02

	predict=-0.0026927372622123358,actual=(array([0.03162997]), array([0.03517182]))
	g=0.0790138523882229,del=1.3137679651881515,dot=0.04022216665729232,x=22.080074048056606

nparam= 217600
	log prob= -14.240548606410862
	burn in time= 10.05074954032898
	sample time= 120.37306714057922
	contraction err= 0.03950630115571796 2.5337862096485937

Mean energy: -2.30634191e+01
Block size    # of blocks        Mean                Error
     1           20000       -2.30634191e+01       2.684153e-02
     2           10000       -2.30634191e+01       2.684661e-02
     5           4000       -2.30634191e+01       2.684106e-02
    10           2000       -2.30634191e+01       2.684388e-02
    20           1000       -2.30634191e+01       2.684025e-02
    50            400       -2.30634191e+01       2.704030e-02
    70            285       -2.30632859e+01       2.692916e-02
   100            200       -2.30634191e+01       2.706207e-02
   200            100       -2.30634191e+01       2.727151e-02
   500             40       -2.30634191e+01       2.729872e-02
Stocahstic error estimate: 2.684661e-02

step=27,E=-0.4804878969211004,dE=0.0007680142958625217,err=0.0005593043846218081,gmax=31.614683463936373
	collect g,Hv time= 0.2085278034210205
	solver time=0.14779257774353027,exit status=0
niter= 3
pure_newton= False
	solver time=1.5190999507904053,exit status=0
niter= 12
	log prob= -14.227534789477339
	burn in time= 12.143363952636719
	sample time= 236.29793453216553
	contraction err= 0.03973711417111774 4.813282081187226

Mean energy: -2.31018262e+01
Block size    # of blocks        Mean                Error
     1           20000       -2.31018262e+01       1.849337e-03
     2           10000       -2.31018262e+01       1.845557e-03
     5           4000       -2.31018262e+01       1.843443e-03
    10           2000       -2.31018262e+01       1.809918e-03
    20           1000       -2.31018262e+01       1.823048e-03
    50            400       -2.31018262e+01       1.768632e-03
    70            285       -2.31018508e+01       1.761387e-03
   100            200       -2.31018262e+01       1.781175e-03
   200            100       -2.31018262e+01       1.914690e-03
   500             40       -2.31018262e+01       2.150075e-03
Stocahstic error estimate: 1.849337e-03

	predict=-0.4319595689252104,actual=(array([-0.03840711]), array([0.00184934]))
	g=173.51284386483414,del=0.06702713845245171,dot=0.8633000501616065,x=22.080074048056627

nparam= 217600
	log prob= -14.227534789477339
	burn in time= 10.816312313079834
	sample time= 120.78198266029358
	contraction err= 0.03939733262524623 1.2119687619615636

Mean energy: -2.31029470e+01
Block size    # of blocks        Mean                Error
     1           20000       -2.31029470e+01       2.049880e-03
     2           10000       -2.31029470e+01       2.044065e-03
     5           4000       -2.31029470e+01       2.047353e-03
    10           2000       -2.31029470e+01       2.050511e-03
    20           1000       -2.31029470e+01       2.027046e-03
    50            400       -2.31029470e+01       1.978336e-03
    70            285       -2.31029629e+01       1.922666e-03
   100            200       -2.31029470e+01       1.892620e-03
   200            100       -2.31029470e+01       1.881564e-03
   500             40       -2.31029470e+01       2.075438e-03
Stocahstic error estimate: 2.049880e-03

step=28,E=-0.48131139551590835,dE=-0.0008234985948079773,err=4.270582776832467e-05,gmax=0.027988133848086072
	collect g,Hv time= 0.20953989028930664
	solver time=2.955404281616211,exit status=0
niter= 43
pure_newton= False
	solver time=20.061647415161133,exit status=0
niter= 145
	log prob= -14.261862684157693
	burn in time= 13.163502216339111
RANK=49,cx=-2.884998416120923e-08,ex=1597.1709569831874
	sample time= 236.68988609313965
	contraction err= 0.03943795714452089 1.015260205507443

Mean energy: -2.31025733e+01
Block size    # of blocks        Mean                Error
     1           20000       -2.31025733e+01       1.957087e-03
     2           10000       -2.31025733e+01       1.943687e-03
     5           4000       -2.31025733e+01       1.944866e-03
    10           2000       -2.31025733e+01       1.924362e-03
    20           1000       -2.31025733e+01       1.916752e-03
    50            400       -2.31025733e+01       1.896419e-03
    70            285       -2.31025304e+01       1.975866e-03
   100            200       -2.31025733e+01       1.985475e-03
   200            100       -2.31025733e+01       2.233406e-03
   500             40       -2.31025733e+01       2.602496e-03
Stocahstic error estimate: 1.957087e-03

	predict=-0.004773315329354795,actual=(array([0.00037373]), array([0.00195709]))
	g=0.22168539889386324,del=1.406136695371764,dot=0.08110126526270232,x=22.080074048056623

nparam= 217600
	log prob= -14.220805186918128
	burn in time= 16.784432411193848
	sample time= 120.06271553039551
	contraction err= 0.04182486212064738 17.191549620584627

Mean energy: -2.30986235e+01
Block size    # of blocks        Mean                Error
     1           20000       -2.30986235e+01       2.594091e-03
     2           10000       -2.30986235e+01       2.586324e-03
     5           4000       -2.30986235e+01       2.606199e-03
    10           2000       -2.30986235e+01       2.595171e-03
    20           1000       -2.30986235e+01       2.630779e-03
    50            400       -2.30986235e+01       2.610723e-03
    70            285       -2.30986523e+01       2.595353e-03
   100            200       -2.30986235e+01       2.444922e-03
   200            100       -2.30986235e+01       2.424283e-03
   500             40       -2.30986235e+01       2.478462e-03
Stocahstic error estimate: 2.594091e-03

step=29,E=-0.4812213221324027,dE=9.007338350563998e-05,err=5.4043555445496066e-05,gmax=0.09698736072737013
	collect g,Hv time= 0.20975756645202637
	solver time=2.78425931930542,exit status=0
niter= 40
pure_newton= False
	solver time=33.100926637649536,exit status=0
niter= 237
	log prob= -14.273533451841573
	burn in time= 12.821717262268066
	sample time= 236.84872937202454
	contraction err= 0.039886724546987114 1.696958194220705

Mean energy: -2.30997310e+01
Block size    # of blocks        Mean                Error
     1           20000       -2.30997310e+01       2.051626e-03
     2           10000       -2.30997310e+01       2.058400e-03
     5           4000       -2.30997310e+01       2.048796e-03
    10           2000       -2.30997310e+01       1.991913e-03
    20           1000       -2.30997310e+01       2.007564e-03
    50            400       -2.30997310e+01       2.041209e-03
    70            285       -2.30996793e+01       1.916654e-03
   100            200       -2.30997310e+01       1.968551e-03
   200            100       -2.30997310e+01       2.298623e-03
   500             40       -2.30997310e+01       2.626425e-03
Stocahstic error estimate: 2.058400e-03

	predict=-0.004454462598088873,actual=(array([-0.0011075]), array([0.0020584]))
	g=0.8081204148916243,del=0.3719695099448017,dot=0.008894525869134315,x=22.080074048056627

nparam= 217600
	log prob= -14.273533451841573
	burn in time= 10.365725040435791
	sample time= 120.06456685066223
	contraction err= 0.03929849177593747 1.150564572818606

Mean energy: -2.31014844e+01
Block size    # of blocks        Mean                Error
     1           20000       -2.31014844e+01       3.508396e-03
     2           10000       -2.31014844e+01       3.502026e-03
     5           4000       -2.31014844e+01       3.506257e-03
    10           2000       -2.31014844e+01       3.519334e-03
    20           1000       -2.31014844e+01       3.518762e-03
    50            400       -2.31014844e+01       3.518101e-03
    70            285       -2.31012547e+01       3.536243e-03
   100            200       -2.31014844e+01       3.477379e-03
   200            100       -2.31014844e+01       3.523235e-03
   500             40       -2.31014844e+01       3.501318e-03
Stocahstic error estimate: 3.508396e-03

step=30,E=-0.4812809255755617,dE=-5.960344315895464e-05,err=7.309158864899868e-05,gmax=0.11794076024035216
	collect g,Hv time= 0.20926403999328613
	solver time=2.916883707046509,exit status=0
niter= 42
pure_newton= False
	solver time=20.230944871902466,exit status=0
niter= 145
	log prob= -14.333607813731668
	burn in time= 12.112234115600586
	sample time= 237.13980984687805
	contraction err= 0.04035885083306711 1.1439997973717553

Mean energy: -2.31021584e+01
Block size    # of blocks        Mean                Error
     1           20000       -2.31021584e+01       1.693050e-03
     2           10000       -2.31021584e+01       1.694532e-03
     5           4000       -2.31021584e+01       1.695524e-03
    10           2000       -2.31021584e+01       1.672259e-03
    20           1000       -2.31021584e+01       1.701736e-03
    50            400       -2.31021584e+01       1.649583e-03
    70            285       -2.31022065e+01       1.689563e-03
   100            200       -2.31021584e+01       1.693917e-03
   200            100       -2.31021584e+01       1.888706e-03
   500             40       -2.31021584e+01       1.965836e-03
Stocahstic error estimate: 1.694532e-03

	predict=-0.014516145885219803,actual=(array([-0.00067396]), array([0.00169453]))
	g=1.0861051325040325,del=0.3493600807031259,dot=0.029022977525455518,x=22.080074048056645

nparam= 217600
	log prob= -14.333607813731668
	burn in time= 13.303925275802612
	sample time= 120.93569874763489
	contraction err= 0.03923479230670183 1.0115004758280852

Mean energy: -2.30982997e+01
Block size    # of blocks        Mean                Error
     1           20000       -2.30982997e+01       1.760511e-03
     2           10000       -2.30982997e+01       1.753982e-03
     5           4000       -2.30982997e+01       1.728025e-03
    10           2000       -2.30982997e+01       1.736905e-03
    20           1000       -2.30982997e+01       1.745777e-03
    50            400       -2.30982997e+01       1.770249e-03
    70            285       -2.30983424e+01       1.682242e-03
   100            200       -2.30982997e+01       1.754365e-03
   200            100       -2.30982997e+01       1.751581e-03
   500             40       -2.30982997e+01       1.365735e-03
Stocahstic error estimate: 1.760511e-03

step=31,E=-0.48121457758933306,dE=6.634798622862093e-05,err=3.6677316453719635e-05,gmax=0.012051056321706666
	collect g,Hv time= 0.20797324180603027
	solver time=3.0185651779174805,exit status=0
niter= 44
pure_newton= False
	solver time=18.594037294387817,exit status=0
niter= 135
	log prob= -14.37376443144489
	burn in time= 13.545047521591187
	sample time= 236.93470883369446
	contraction err= 0.039865992666063006 1.4278997652690948

Mean energy: -2.31025553e+01
Block size    # of blocks        Mean                Error
     1           20000       -2.31025553e+01       1.314020e-03
     2           10000       -2.31025553e+01       1.313399e-03
     5           4000       -2.31025553e+01       1.317968e-03
    10           2000       -2.31025553e+01       1.323225e-03
    20           1000       -2.31025553e+01       1.369627e-03
    50            400       -2.31025553e+01       1.374856e-03
    70            285       -2.31025139e+01       1.302963e-03
   100            200       -2.31025553e+01       1.404399e-03
   200            100       -2.31025553e+01       1.521305e-03
   500             40       -2.31025553e+01       1.712671e-03
Stocahstic error estimate: 1.314020e-03

	predict=-0.0033407379827540013,actual=(array([-0.00425561]), array([0.00131402]))
	g=0.13575448512682314,del=0.3590671073545161,dot=0.006680833452345752,x=22.080074048056627

nparam= 217600
	log prob= -14.37376443144489
	burn in time= 11.906521797180176
	sample time= 120.75941038131714
	contraction err= 0.03987931074265014 1.4287748310349864

Mean energy: -2.31061119e+01
Block size    # of blocks        Mean                Error
     1           20000       -2.31061119e+01       1.364246e-03
     2           10000       -2.31061119e+01       1.366675e-03
     5           4000       -2.31061119e+01       1.377485e-03
    10           2000       -2.31061119e+01       1.361696e-03
    20           1000       -2.31061119e+01       1.374359e-03
    50            400       -2.31061119e+01       1.361583e-03
    70            285       -2.31061333e+01       1.348916e-03
   100            200       -2.31061119e+01       1.453384e-03
   200            100       -2.31061119e+01       1.386087e-03
   500             40       -2.31061119e+01       1.299596e-03
Stocahstic error estimate: 1.366675e-03

step=32,E=-0.48137733085252526,dE=-0.00016275326319218722,err=2.8472387392112225e-05,gmax=0.007045861260150943
	collect g,Hv time= 0.20952630043029785
	solver time=2.9562275409698486,exit status=0
niter= 43
pure_newton= False
	solver time=17.103041887283325,exit status=0
niter= 124
	log prob= -14.425432833007205
	burn in time= 12.338283061981201
	sample time= 237.047278881073
	contraction err= 0.04007938440977328 1.4070818771297227

Mean energy: -2.31060325e+01
Block size    # of blocks        Mean                Error
     1           20000       -2.31060325e+01       1.252830e-03
     2           10000       -2.31060325e+01       1.257863e-03
     5           4000       -2.31060325e+01       1.239244e-03
    10           2000       -2.31060325e+01       1.251963e-03
    20           1000       -2.31060325e+01       1.254578e-03
    50            400       -2.31060325e+01       1.277636e-03
    70            285       -2.31060431e+01       1.214460e-03
   100            200       -2.31060325e+01       1.282133e-03
   200            100       -2.31060325e+01       1.322237e-03
   500             40       -2.31060325e+01       1.417053e-03
Stocahstic error estimate: 1.257863e-03

	predict=-0.0023491166828354805,actual=(array([7.94033068e-05]), array([0.00125786]))
	g=0.069370815440359,del=1.1746464522486162,dot=0.031055897341796722,x=22.080074048056627

nparam= 217600
	log prob= -14.376330991533134
	burn in time= 13.369840383529663
	sample time= 120.40469670295715
	contraction err= 0.03884275950693652 2.1087106662624002

Mean energy: -2.31010852e+01
Block size    # of blocks        Mean                Error
     1           20000       -2.31010852e+01       4.562109e-03
     2           10000       -2.31010852e+01       4.560023e-03
     5           4000       -2.31010852e+01       4.570310e-03
    10           2000       -2.31010852e+01       4.574902e-03
    20           1000       -2.31010852e+01       4.582299e-03
    50            400       -2.31010852e+01       4.590841e-03
    70            285       -2.31011636e+01       4.427869e-03
   100            200       -2.31010852e+01       4.623373e-03
   200            100       -2.31010852e+01       4.638101e-03
   500             40       -2.31010852e+01       4.583133e-03
Stocahstic error estimate: 4.562109e-03

step=33,E=-0.48127260818982,dE=0.00010472266270526258,err=9.504393431972364e-05,gmax=4.569896084215504
	collect g,Hv time= 0.2089085578918457
	solver time=0.14146208763122559,exit status=0
niter= 3
pure_newton= False
	solver time=3.9368107318878174,exit status=0
niter= 29
	log prob= -14.370406325802854
	burn in time= 13.0828537940979
