block_dict= [(0, 2820)]
sizes= [2820]
SIZE= 640
L= 60
nspin= (30, 30)
nparam= 2820
	prob= 0.2078861461830409
	burn in time= 1.8501994609832764
	sample time= 2.7232487201690674
	contraction err= 1.5594587438032707e-15 4.141807872564464e-14

Mean energy: -2.23525818e+01
Block size    # of blocks        Mean                Error
     1           5000       -2.23525818e+01       5.528504e-03
     2           2500       -2.23525818e+01       5.538059e-03
     5           1000       -2.23525818e+01       5.584365e-03
    10            500       -2.23525818e+01       5.546894e-03
    20            250       -2.23525818e+01       5.374858e-03
    50            100       -2.23525818e+01       5.199098e-03
    70             71       -2.23523183e+01       4.960432e-03
   100             50       -2.23525818e+01       5.749565e-03
   200             25       -2.23525818e+01       4.939244e-03
   500             10       -2.23525818e+01       3.601877e-03
0 0.005538059185599807 0.0036018766724412827
Stocahstic error estimate: 5.538059e-03

step=60,E=-0.372543029496853,dE=-0.372543029496853,err=9.230098642666345e-05,gmax=0.6616985989197133
	collect g,Hv time= 0.7103114128112793
	solver time=0.0335540771484375,exit status=0
niter= 31
pure_newton= False
	solver time=0.5660052299499512,exit status=0
niter= 342
	prob= 0.14420442021787822
	burn in time= 1.8481335639953613
	sample time= 7.5479583740234375
	contraction err= 1.4724143910651243e-15 1.5328264538345058e-14

Mean energy: -2.23769244e+01
Block size    # of blocks        Mean                Error
     1           5000       -2.23769244e+01       4.460945e-03
     2           2500       -2.23769244e+01       4.427097e-03
     5           1000       -2.23769244e+01       4.480893e-03
    10            500       -2.23769244e+01       4.611889e-03
    20            250       -2.23769244e+01       4.496645e-03
    50            100       -2.23769244e+01       4.275648e-03
    70             71       -2.23768596e+01       3.960024e-03
   100             50       -2.23769244e+01       3.948718e-03
   200             25       -2.23769244e+01       4.457314e-03
   500             10       -2.23769244e+01       5.489511e-03
0 0.004460944518064594 0.005489510629572284
Stocahstic error estimate: 4.460945e-03

	predict=-0.021549336390622516,actual=(-0.0243426146563408, 0.007111267505617895)
	g=2.1236539709414237,del=0.4191660652813955,dot=0.04307501951640347,x=20.339776595022446
	prob= 0.14420442021787822
	burn in time= 1.8082971572875977
	sample time= 10.864344835281372
	contraction err= 1.511221312230303e-15 1.043547511980353e-14

Mean energy: -2.23312702e+01
Block size    # of blocks        Mean                Error
     1           5000       -2.23312702e+01       5.860079e-03
     2           2500       -2.23312702e+01       5.910599e-03
     5           1000       -2.23312702e+01       5.805129e-03
    10            500       -2.23312702e+01       6.042566e-03
    20            250       -2.23312702e+01       5.897895e-03
    50            100       -2.23312702e+01       6.227992e-03
    70             71       -2.23312493e+01       5.924590e-03
   100             50       -2.23312702e+01       5.356082e-03
   200             25       -2.23312702e+01       6.176683e-03
   500             10       -2.23312702e+01       8.496443e-03
0 0.005910599496203266 0.00849644254531527
Stocahstic error estimate: 5.910599e-03

step=61,E=-0.37218783621219015,dE=0.00035519328466282474,err=9.850999160338777e-05,gmax=0.33706174558778024
	collect g,Hv time= 0.16318702697753906
	solver time=0.03515148162841797,exit status=0
niter= 44
pure_newton= False
	solver time=0.5057120323181152,exit status=0
niter= 327
	prob= 0.12259871131663395
	burn in time= 1.795598030090332
	sample time= 7.555670499801636
	contraction err= 1.3648621374394451e-15 1.0194413291552667e-14

Mean energy: -2.23755408e+01
Block size    # of blocks        Mean                Error
     1           5000       -2.23755408e+01       5.460539e-03
     2           2500       -2.23755408e+01       5.392794e-03
     5           1000       -2.23755408e+01       5.356000e-03
    10            500       -2.23755408e+01       5.229851e-03
    20            250       -2.23755408e+01       5.123485e-03
    50            100       -2.23755408e+01       4.973577e-03
    70             71       -2.23755194e+01       5.175494e-03
   100             50       -2.23755408e+01       4.898009e-03
   200             25       -2.23755408e+01       6.025439e-03
   500             10       -2.23755408e+01       7.129683e-03
0 0.005460538915526448 0.007129682520836389
Stocahstic error estimate: 5.460539e-03

	predict=-0.02518446605724757,actual=(-0.044270671141301676, 0.00804690447641185)
	g=1.3118165205592442,del=0.4254048139962022,dot=0.050357823283576006,x=20.33977659502245
	prob= 0.12259871131663395
	burn in time= 1.793760061264038
	sample time= 10.952164649963379
	contraction err= 1.4011948786370096e-15 1.3163326318536125e-14

Mean energy: -2.23434855e+01
Block size    # of blocks        Mean                Error
     1           5000       -2.23434855e+01       6.880717e-03
     2           2500       -2.23434855e+01       6.826963e-03
     5           1000       -2.23434855e+01       6.729778e-03
    10            500       -2.23434855e+01       6.365718e-03
    20            250       -2.23434855e+01       6.574194e-03
    50            100       -2.23434855e+01       6.231638e-03
    70             71       -2.23431357e+01       5.559572e-03
   100             50       -2.23434855e+01       5.722207e-03
   200             25       -2.23434855e+01       7.334772e-03
   500             10       -2.23434855e+01       1.010815e-02
0 0.006880717464229015 0.010108148761622322
Stocahstic error estimate: 6.880717e-03

step=62,E=-0.3723914255603012,dE=-0.0002035893481110662,err=0.00011467862440381692,gmax=0.26363795886103203
	collect g,Hv time= 0.19044852256774902
	solver time=0.0286867618560791,exit status=0
niter= 37
pure_newton= False
	solver time=0.44272375106811523,exit status=0
niter= 281
	prob= 0.10905630870560595
	burn in time= 1.842027187347412
	sample time= 7.575127840042114
	contraction err= 1.377194120798033e-15 1.8084077727772285e-14

Mean energy: -2.24038635e+01
Block size    # of blocks        Mean                Error
     1           5000       -2.24038635e+01       4.298261e-03
     2           2500       -2.24038635e+01       4.318449e-03
     5           1000       -2.24038635e+01       4.343158e-03
    10            500       -2.24038635e+01       4.160866e-03
    20            250       -2.24038635e+01       4.229953e-03
    50            100       -2.24038635e+01       4.305868e-03
    70             71       -2.24037163e+01       4.764835e-03
   100             50       -2.24038635e+01       4.136541e-03
   200             25       -2.24038635e+01       5.090799e-03
   500             10       -2.24038635e+01       5.564286e-03
0 0.004318448652898775 0.005564285936714433
Stocahstic error estimate: 4.318449e-03

	predict=-0.030596304082945648,actual=(-0.06037793017492277, 0.008123624289088548)
	g=1.1389368262447592,del=0.33625434324279824,dot=0.0611852683384097,x=20.33977659502244
	prob= 0.10905630870560595
	burn in time= 1.8386108875274658
	sample time= 10.964945793151855
	contraction err= 1.3812371169724225e-15 9.81653503372901e-15

Mean energy: -2.24140550e+01
Block size    # of blocks        Mean                Error
     1           5000       -2.24140550e+01       3.829424e-03
     2           2500       -2.24140550e+01       3.814176e-03
     5           1000       -2.24140550e+01       3.946194e-03
    10            500       -2.24140550e+01       3.930632e-03
    20            250       -2.24140550e+01       3.926263e-03
    50            100       -2.24140550e+01       4.190509e-03
    70             71       -2.24137538e+01       3.804073e-03
   100             50       -2.24140550e+01       3.022528e-03
   200             25       -2.24140550e+01       3.439184e-03
   500             10       -2.24140550e+01       5.443737e-03
0 0.003829423879360584 0.00544373727446884
Stocahstic error estimate: 3.829424e-03

step=63,E=-0.37356758355650094,dE=-0.001176157996199715,err=6.38237313226764e-05,gmax=0.41043766451326036
	collect g,Hv time= 0.1824791431427002
	solver time=0.03358149528503418,exit status=0
niter= 44
pure_newton= False
	solver time=0.29648923873901367,exit status=0
niter= 188
	prob= 0.0943327169223878
	burn in time= 1.8645389080047607
	sample time= 7.598684310913086
	contraction err= 1.3642331929438513e-15 2.5016661857669972e-14

Mean energy: -2.23928064e+01
Block size    # of blocks        Mean                Error
     1           5000       -2.23928064e+01       7.075194e-03
     2           2500       -2.23928064e+01       7.049215e-03
     5           1000       -2.23928064e+01       6.874611e-03
    10            500       -2.23928064e+01       6.865999e-03
    20            250       -2.23928064e+01       6.662519e-03
    50            100       -2.23928064e+01       5.978892e-03
    70             71       -2.23923552e+01       5.844566e-03
   100             50       -2.23928064e+01       5.768424e-03
   200             25       -2.23928064e+01       5.944465e-03
   500             10       -2.23928064e+01       5.634663e-03
0 0.00707519430977965 0.005634662686349979
Stocahstic error estimate: 7.075194e-03

	predict=-0.012244035338752818,actual=(0.021248616174673884, 0.008045052005360525)
	g=0.8365367104636156,del=0.495413097141751,dot=0.08464979964779386,x=20.339776595022443
	prob= 0.10667460072677376
	burn in time= 1.7860183715820312
	sample time= 10.973116397857666
	contraction err= 1.325129060316056e-15 1.308720502431949e-14

Mean energy: -2.24183264e+01
Block size    # of blocks        Mean                Error
     1           5000       -2.24183264e+01       4.390231e-03
     2           2500       -2.24183264e+01       4.454530e-03
     5           1000       -2.24183264e+01       4.315511e-03
    10            500       -2.24183264e+01       4.318779e-03
    20            250       -2.24183264e+01       4.114529e-03
    50            100       -2.24183264e+01       3.822483e-03
    70             71       -2.24181351e+01       3.265037e-03
   100             50       -2.24183264e+01       3.366917e-03
   200             25       -2.24183264e+01       3.642998e-03
   500             10       -2.24183264e+01       3.940016e-03
0 0.004454530410624407 0.0039400155150838
Stocahstic error estimate: 4.454530e-03

step=64,E=-0.3736387730395823,dE=-7.118948308140935e-05,err=7.424217351040678e-05,gmax=0.3598316927157361
	collect g,Hv time= 0.23162245750427246
	solver time=0.017137765884399414,exit status=0
niter= 23
pure_newton= False
	solver time=0.31446123123168945,exit status=0
niter= 197
	prob= 0.09414407515314155
	burn in time= 1.8540706634521484
	sample time= 7.588215112686157
	contraction err= 1.3150601387650084e-15 6.581024145324205e-15

Mean energy: -2.24258541e+01
Block size    # of blocks        Mean                Error
     1           5000       -2.24258541e+01       2.966760e-03
     2           2500       -2.24258541e+01       2.935238e-03
     5           1000       -2.24258541e+01       2.905505e-03
    10            500       -2.24258541e+01       2.915476e-03
    20            250       -2.24258541e+01       2.796245e-03
    50            100       -2.24258541e+01       3.073880e-03
    70             71       -2.24256947e+01       2.866710e-03
   100             50       -2.24258541e+01       2.877002e-03
   200             25       -2.24258541e+01       3.186499e-03
   500             10       -2.24258541e+01       4.527973e-03
0 0.0029667602038045294 0.004527973171017053
Stocahstic error estimate: 2.966760e-03

	predict=-0.012457198123026189,actual=(-0.0075277405836615685, 0.0053520563605081685)
	g=0.8267873376405822,del=0.23387153412538503,dot=0.024909739433530975,x=20.339776595022443
	prob= 0.09414407515314155
	burn in time= 1.8389174938201904
	sample time= 10.938525199890137
	contraction err= 1.3122621819218712e-15 9.36647729801151e-15

Mean energy: -2.24113831e+01
Block size    # of blocks        Mean                Error
     1           5000       -2.24113831e+01       4.198069e-03
     2           2500       -2.24113831e+01       4.167957e-03
     5           1000       -2.24113831e+01       4.141853e-03
    10            500       -2.24113831e+01       4.063180e-03
    20            250       -2.24113831e+01       4.340971e-03
    50            100       -2.24113831e+01       4.095952e-03
    70             71       -2.24118648e+01       3.629601e-03
   100             50       -2.24113831e+01       3.483128e-03
   200             25       -2.24113831e+01       3.701202e-03
   500             10       -2.24113831e+01       5.459072e-03
0 0.004198068717975913 0.00545907174029203
Stocahstic error estimate: 4.198069e-03

step=65,E=-0.3735230510273743,dE=0.00011572201220797496,err=6.996781196626522e-05,gmax=0.16672860127725375
	collect g,Hv time= 0.22725367546081543
	solver time=0.028275251388549805,exit status=0
niter= 36
pure_newton= False
	solver time=0.3379671573638916,exit status=0
niter= 207
	prob= 0.08343308047803553
	burn in time= 1.814469575881958
	sample time= 7.597532272338867
	contraction err= 1.3039974955371304e-15 9.533276225167426e-15

Mean energy: -2.24076309e+01
Block size    # of blocks        Mean                Error
     1           5000       -2.24076309e+01       4.790475e-03
     2           2500       -2.24076309e+01       4.757941e-03
     5           1000       -2.24076309e+01       4.857066e-03
    10            500       -2.24076309e+01       4.937631e-03
    20            250       -2.24076309e+01       4.823884e-03
    50            100       -2.24076309e+01       4.870105e-03
    70             71       -2.24078642e+01       5.331182e-03
   100             50       -2.24076309e+01       4.665926e-03
   200             25       -2.24076309e+01       5.810872e-03
   500             10       -2.24076309e+01       8.462385e-03
0 0.004790474671375014 0.008462384620561095
Stocahstic error estimate: 4.790475e-03

	predict=-0.013319535452611381,actual=(0.003752142187924079, 0.006369649012146076)
	g=0.7107419750703814,del=0.41762287958957967,dot=0.09122703904331944,x=20.339776595022457
	prob= 0.09223702640690042
	burn in time= 1.7896695137023926
	sample time= 10.959122657775879
	contraction err= 1.297566202915324e-15 9.851062378964726e-15

Mean energy: -2.24246247e+01
Block size    # of blocks        Mean                Error
     1           5000       -2.24246247e+01       4.477917e-03
     2           2500       -2.24246247e+01       4.496655e-03
     5           1000       -2.24246247e+01       4.442948e-03
    10            500       -2.24246247e+01       4.546555e-03
    20            250       -2.24246247e+01       4.705002e-03
    50            100       -2.24246247e+01       4.673266e-03
    70             71       -2.24244456e+01       4.585338e-03
   100             50       -2.24246247e+01       4.796907e-03
   200             25       -2.24246247e+01       5.981320e-03
   500             10       -2.24246247e+01       8.977031e-03
0 0.004496654814008948 0.00897703095068883
Stocahstic error estimate: 4.496655e-03

step=66,E=-0.3737437454306741,dE=-0.0002206944032998,err=7.494424690014914e-05,gmax=0.1404186116452335
	collect g,Hv time= 0.19986414909362793
	solver time=0.03555583953857422,exit status=0
niter= 43
pure_newton= False
	solver time=0.25216221809387207,exit status=0
niter= 157
	prob= 0.07435029659280062
	burn in time= 1.850391149520874
	sample time= 7.579886198043823
	contraction err= 1.3030911317883363e-15 6.081966328220077e-15

Mean energy: -2.24293465e+01
Block size    # of blocks        Mean                Error
     1           5000       -2.24293465e+01       3.549955e-03
     2           2500       -2.24293465e+01       3.512086e-03
     5           1000       -2.24293465e+01       3.522479e-03
    10            500       -2.24293465e+01       3.549125e-03
    20            250       -2.24293465e+01       3.764769e-03
    50            100       -2.24293465e+01       3.458056e-03
    70             71       -2.24292875e+01       3.391521e-03
   100             50       -2.24293465e+01       3.068631e-03
   200             25       -2.24293465e+01       3.237776e-03
   500             10       -2.24293465e+01       4.664409e-03
0 0.003549955215780228 0.004664409451258219
Stocahstic error estimate: 3.549955e-03

	predict=-0.007239149921304162,actual=(-0.004721779756373223, 0.005729056340305539)
	g=0.48777051241968117,del=0.20387405517259155,dot=0.014474928034665394,x=20.339776595022446
	prob= 0.07435029659280062
	burn in time= 1.7674341201782227
	sample time= 10.948818683624268
	contraction err= 1.2943757905435805e-15 8.7676057462836e-15

Mean energy: -2.24412791e+01
Block size    # of blocks        Mean                Error
     1           5000       -2.24412791e+01       2.372879e-03
     2           2500       -2.24412791e+01       2.332262e-03
     5           1000       -2.24412791e+01       2.334715e-03
    10            500       -2.24412791e+01       2.235839e-03
    20            250       -2.24412791e+01       2.172598e-03
    50            100       -2.24412791e+01       2.090877e-03
    70             71       -2.24410785e+01       1.997146e-03
   100             50       -2.24412791e+01       1.985361e-03
   200             25       -2.24412791e+01       2.194617e-03
   500             10       -2.24412791e+01       2.797012e-03
0 0.002372879287888817 0.0027970122388982577
Stocahstic error estimate: 2.372879e-03

step=67,E=-0.3740213181162424,dE=-0.0002775726855682355,err=3.9547988131480285e-05,gmax=0.05739150135307902
	collect g,Hv time= 0.20134353637695312
	solver time=0.037111520767211914,exit status=0
niter= 45
pure_newton= False
	solver time=0.250842809677124,exit status=0
niter= 152
	prob= 0.06628909489141473
	burn in time= 1.8221166133880615
	sample time= 7.56380033493042
	contraction err= 1.3107834626048445e-15 1.1420670162960967e-14

Mean energy: -2.24373546e+01
Block size    # of blocks        Mean                Error
     1           5000       -2.24373546e+01       3.460621e-03
     2           2500       -2.24373546e+01       3.446939e-03
     5           1000       -2.24373546e+01       3.461400e-03
    10            500       -2.24373546e+01       3.341809e-03
    20            250       -2.24373546e+01       3.208120e-03
    50            100       -2.24373546e+01       3.143667e-03
    70             71       -2.24373281e+01       3.234776e-03
   100             50       -2.24373546e+01       3.044701e-03
   200             25       -2.24373546e+01       3.458679e-03
   500             10       -2.24373546e+01       5.285589e-03
0 0.003460620776364375 0.005285589012335991
Stocahstic error estimate: 3.460621e-03

	predict=-0.005480854888108571,actual=(0.003924485751010565, 0.004196004322292401)
	g=0.3560582436552705,del=0.44281866660085906,dot=0.03434872361418674,x=20.339776595022446
	prob= 0.07286939312097017
	burn in time= 1.7968857288360596
	sample time= 10.957877397537231
	contraction err= 1.3083115093854603e-15 1.3985606331615468e-14

Mean energy: -2.24282282e+01
Block size    # of blocks        Mean                Error
     1           5000       -2.24282282e+01       4.505843e-03
     2           2500       -2.24282282e+01       4.480273e-03
     5           1000       -2.24282282e+01       4.484039e-03
    10            500       -2.24282282e+01       4.443453e-03
    20            250       -2.24282282e+01       4.474830e-03
    50            100       -2.24282282e+01       4.498352e-03
    70             71       -2.24284829e+01       4.660687e-03
   100             50       -2.24282282e+01       5.040244e-03
   200             25       -2.24282282e+01       6.513841e-03
   500             10       -2.24282282e+01       9.523419e-03
0 0.0045058425626242965 0.009523418529414837
Stocahstic error estimate: 4.505843e-03

step=68,E=-0.37380380413164105,dE=0.0002175139846013252,err=7.509737604373828e-05,gmax=0.22385950103608288
	collect g,Hv time= 0.2987229824066162
	solver time=0.03303647041320801,exit status=0
niter= 40
pure_newton= False
niter= 188
	solver time=0.32659912109375,exit status=0
	prob= 0.07555213284750195
	burn in time= 1.8785486221313477
	sample time= 7.576172590255737
	contraction err= 1.294672276497092e-15 9.360465503904401e-15

Mean energy: -2.24154252e+01
Block size    # of blocks        Mean                Error
     1           5000       -2.24154252e+01       5.419456e-03
     2           2500       -2.24154252e+01       5.375240e-03
     5           1000       -2.24154252e+01       5.438296e-03
    10            500       -2.24154252e+01       5.487813e-03
    20            250       -2.24154252e+01       5.435645e-03
    50            100       -2.24154252e+01       4.884384e-03
    70             71       -2.24151922e+01       5.449662e-03
   100             50       -2.24154252e+01       5.474830e-03
   200             25       -2.24154252e+01       7.278892e-03
   500             10       -2.24154252e+01       1.126206e-02
0 0.005419455913179973 0.011262056056564274
Stocahstic error estimate: 5.419456e-03

	predict=-0.019899069775144336,actual=(0.012803045025584936, 0.007047915975241054)
	g=0.7257942003417945,del=0.6246415781088435,dot=0.19285446435237685,x=20.339776595022453
	prob= 0.0750466106240093
	burn in time= 1.8751075267791748
	sample time= 10.913486242294312
	contraction err= 1.309251083134538e-15 1.0210688356289962e-14

Mean energy: -2.24418811e+01
Block size    # of blocks        Mean                Error
     1           5000       -2.24418811e+01       2.539554e-03
     2           2500       -2.24418811e+01       2.587251e-03
     5           1000       -2.24418811e+01       2.594607e-03
    10            500       -2.24418811e+01       2.570729e-03
    20            250       -2.24418811e+01       2.658511e-03
    50            100       -2.24418811e+01       2.518990e-03
    70             71       -2.24418777e+01       2.514136e-03
   100             50       -2.24418811e+01       2.125187e-03
   200             25       -2.24418811e+01       2.461532e-03
   500             10       -2.24418811e+01       3.001571e-03
0 0.0025872511756026154 0.003001570563292071
Stocahstic error estimate: 2.587251e-03

step=69,E=-0.3740313512635606,dE=-0.00022754713191949587,err=4.312085292671026e-05,gmax=0.08928962871295631
	collect g,Hv time= 0.23435711860656738
	solver time=0.03957843780517578,exit status=0
niter= 45
pure_newton= False
niter= 157
	solver time=0.2763221263885498,exit status=0
	prob= 0.06753666803625212
	burn in time= 1.7647452354431152
	sample time= 7.588261604309082
	contraction err= 1.3045077430987726e-15 1.2032216938915944e-14

Mean energy: -2.24380690e+01
Block size    # of blocks        Mean                Error
     1           5000       -2.24380690e+01       3.325195e-03
     2           2500       -2.24380690e+01       3.300146e-03
     5           1000       -2.24380690e+01       3.296914e-03
    10            500       -2.24380690e+01       3.226397e-03
    20            250       -2.24380690e+01       3.171127e-03
    50            100       -2.24380690e+01       3.149520e-03
    70             71       -2.24382479e+01       3.049238e-03
   100             50       -2.24380690e+01       3.105314e-03
   200             25       -2.24380690e+01       3.800473e-03
   500             10       -2.24380690e+01       4.733628e-03
0 0.0033251950878131925 0.004733628090556582
Stocahstic error estimate: 3.325195e-03

	predict=-0.006308253706364857,actual=(0.003812058302447241, 0.004213168762069008)
	g=0.3881089927417577,del=0.37203144017003126,dot=0.041740717376138436,x=20.33977659502245
	prob= 0.073944766488252
	burn in time= 1.8219490051269531
	sample time= 10.96754765510559
	contraction err= 1.292478422070381e-15 1.2270374506333927e-14

Mean energy: -2.24322725e+01
Block size    # of blocks        Mean                Error
     1           5000       -2.24322725e+01       4.044509e-03
     2           2500       -2.24322725e+01       4.003951e-03
     5           1000       -2.24322725e+01       3.957613e-03
    10            500       -2.24322725e+01       4.047910e-03
    20            250       -2.24322725e+01       3.912923e-03
    50            100       -2.24322725e+01       3.727062e-03
    70             71       -2.24321812e+01       3.311877e-03
   100             50       -2.24322725e+01       2.577203e-03
   200             25       -2.24322725e+01       2.834826e-03
   500             10       -2.24322725e+01       3.912838e-03
0 0.004044508638250057 0.003912837747733919
Stocahstic error estimate: 4.044509e-03

step=70,E=-0.37387120885299835,dE=0.0001601424105621992,err=6.740847730416761e-05,gmax=0.1392617951631765
	collect g,Hv time= 0.24110937118530273
	solver time=0.03526782989501953,exit status=0
niter= 40
pure_newton= False
	solver time=0.3282897472381592,exit status=0
niter= 186
	prob= 0.06702564228678086
	burn in time= 1.7668445110321045
	sample time= 7.564593076705933
	contraction err= 1.2883972749570655e-15 1.0090127724693244e-14

Mean energy: -2.24384176e+01
Block size    # of blocks        Mean                Error
     1           5000       -2.24384176e+01       3.411421e-03
     2           2500       -2.24384176e+01       3.442194e-03
     5           1000       -2.24384176e+01       3.424058e-03
    10            500       -2.24384176e+01       3.408781e-03
    20            250       -2.24384176e+01       3.472725e-03
    50            100       -2.24384176e+01       3.223239e-03
    70             71       -2.24383489e+01       3.229903e-03
   100             50       -2.24384176e+01       3.074315e-03
   200             25       -2.24384176e+01       2.806933e-03
   500             10       -2.24384176e+01       3.156047e-03
0 0.0034421936734088054 0.0031560469254494866
Stocahstic error estimate: 3.442194e-03

	predict=-0.009177610924243289,actual=(-0.006145048529372588, 0.005311002486361208)
	g=0.5287000185297179,del=0.20426332986895868,dot=0.0183489246216587,x=20.33977659502245
	prob= 0.06702564228678086
	burn in time= 1.857487678527832
	sample time= 10.879370927810669
	contraction err= 1.2833533988916431e-15 4.324476385248058e-14

Mean energy: -2.24425788e+01
Block size    # of blocks        Mean                Error
     1           5000       -2.24425788e+01       3.715745e-03
     2           2500       -2.24425788e+01       3.762983e-03
     5           1000       -2.24425788e+01       3.699438e-03
    10            500       -2.24425788e+01       3.680561e-03
    20            250       -2.24425788e+01       3.577038e-03
    50            100       -2.24425788e+01       3.361183e-03
    70             71       -2.24425107e+01       3.131415e-03
   100             50       -2.24425788e+01       2.471023e-03
   200             25       -2.24425788e+01       2.325599e-03
   500             10       -2.24425788e+01       2.723808e-03
0 0.003762983345288196 0.0027238079141328054
Stocahstic error estimate: 3.762983e-03

step=71,E=-0.3740429802438754,dE=-0.00017177139087702167,err=6.27163890881366e-05,gmax=0.08816129855988653
	collect g,Hv time= 0.3209202289581299
	solver time=0.03906369209289551,exit status=0
niter= 44
pure_newton= False
	solver time=0.25345611572265625,exit status=0
niter= 142
	prob= 0.062075085096664435
	burn in time= 1.853677749633789
	sample time= 7.576008081436157
	contraction err= 1.2742852105062066e-15 1.4189878670494641e-14

Mean energy: -2.24518920e+01
Block size    # of blocks        Mean                Error
     1           5000       -2.24518920e+01       3.101382e-03
     2           2500       -2.24518920e+01       3.101300e-03
     5           1000       -2.24518920e+01       3.066775e-03
    10            500       -2.24518920e+01       3.185532e-03
    20            250       -2.24518920e+01       3.055288e-03
    50            100       -2.24518920e+01       2.927815e-03
    70             71       -2.24522992e+01       2.704518e-03
   100             50       -2.24518920e+01       2.278598e-03
   200             25       -2.24518920e+01       2.503095e-03
   500             10       -2.24518920e+01       3.156687e-03
0 0.0031013822182846314 0.0031566871961189397
Stocahstic error estimate: 3.101382e-03

	predict=-0.008738291895580525,actual=(-0.009313210294678242, 0.004876332158580714)
	g=0.40190935711719666,del=0.1604281036397846,dot=0.017470535279101407,x=20.33977659502245
	prob= 0.062075085096664435
	burn in time= 1.7838475704193115
	sample time= 10.967153310775757
	contraction err= 1.2482370450929169e-15 1.4361353672157423e-14

Mean energy: -2.24548139e+01
Block size    # of blocks        Mean                Error
     1           5000       -2.24548139e+01       3.832106e-03
     2           2500       -2.24548139e+01       3.833774e-03
     5           1000       -2.24548139e+01       3.793509e-03
    10            500       -2.24548139e+01       3.716847e-03
    20            250       -2.24548139e+01       3.557481e-03
    50            100       -2.24548139e+01       3.473823e-03
    70             71       -2.24548049e+01       3.632454e-03
   100             50       -2.24548139e+01       3.363306e-03
   200             25       -2.24548139e+01       3.947469e-03
   500             10       -2.24548139e+01       5.741342e-03
0 0.0038337741045283208 0.005741341703871625
Stocahstic error estimate: 3.833774e-03

step=72,E=-0.37424689842401115,dE=-0.000203918180135787,err=6.389623507547201e-05,gmax=0.17191498426738439
	collect g,Hv time= 0.2903773784637451
	solver time=0.02965712547302246,exit status=0
niter= 32
pure_newton= False
niter= 124
	solver time=0.2277688980102539,exit status=0
	prob= 0.053381334251423405
	burn in time= 1.7715284824371338
	sample time= 7.572538137435913
	contraction err= 1.2333797673244064e-15 6.699284975583882e-15

Mean energy: -2.24734746e+01
Block size    # of blocks        Mean                Error
     1           5000       -2.24734746e+01       1.928505e-03
     2           2500       -2.24734746e+01       1.921501e-03
     5           1000       -2.24734746e+01       1.896585e-03
    10            500       -2.24734746e+01       1.928598e-03
    20            250       -2.24734746e+01       1.872316e-03
    50            100       -2.24734746e+01       1.869104e-03
    70             71       -2.24734454e+01       1.748389e-03
   100             50       -2.24734746e+01       1.682548e-03
   200             25       -2.24734746e+01       1.963081e-03
   500             10       -2.24734746e+01       2.001468e-03
0 0.0019285054848706999 0.0020014683882893887
Stocahstic error estimate: 1.928505e-03

	predict=-0.005425798265178656,actual=(-0.018660650777032828, 0.004291498256987681)
	g=0.5242489178838218,del=0.11840506690304116,dot=0.010847902444881994,x=20.339776595022446
	prob= 0.053381334251423405
	burn in time= 1.7699837684631348
	sample time= 10.897766828536987
	contraction err= 1.2298368142991183e-15 7.069217883029427e-15

Mean energy: -2.24733464e+01
Block size    # of blocks        Mean                Error
     1           5000       -2.24733464e+01       1.741904e-03
     2           2500       -2.24733464e+01       1.746611e-03
     5           1000       -2.24733464e+01       1.738643e-03
    10            500       -2.24733464e+01       1.704508e-03
    20            250       -2.24733464e+01       1.696483e-03
    50            100       -2.24733464e+01       1.640209e-03
    70             71       -2.24732860e+01       1.661388e-03
   100             50       -2.24733464e+01       1.816035e-03
   200             25       -2.24733464e+01       2.079676e-03
   500             10       -2.24733464e+01       2.841903e-03
0 0.001746610616787336 0.0028419032612835705
Stocahstic error estimate: 1.746611e-03

step=73,E=-0.3745557726144936,dE=-0.00030887419048243695,err=2.91101769464556e-05,gmax=0.021757438733985612
	collect g,Hv time= 0.28373265266418457
	solver time=0.04305148124694824,exit status=0
niter= 43
pure_newton= False
	solver time=0.18331265449523926,exit status=0
niter= 90
	prob= 0.04916226049560947
	burn in time= 1.8751749992370605
	sample time= 7.545011281967163
	contraction err= 1.2228763148247387e-15 6.2474079015023515e-15

Mean energy: -2.24747906e+01
Block size    # of blocks        Mean                Error
     1           5000       -2.24747906e+01       1.732671e-03
     2           2500       -2.24747906e+01       1.734143e-03
     5           1000       -2.24747906e+01       1.725132e-03
    10            500       -2.24747906e+01       1.712296e-03
    20            250       -2.24747906e+01       1.673547e-03
    50            100       -2.24747906e+01       1.714838e-03
    70             71       -2.24749946e+01       1.518415e-03
   100             50       -2.24747906e+01       1.718973e-03
   200             25       -2.24747906e+01       2.036929e-03
   500             10       -2.24747906e+01       2.890621e-03
0 0.0017341430446526356 0.0028906208583103048
Stocahstic error estimate: 1.734143e-03

	predict=-0.001970942682728071,actual=(-0.0014442065397588522, 0.0024612803062616317)
	g=0.15574318502535697,del=0.09994433387287038,dot=0.003942214275564434,x=20.33977659502244
	prob= 0.04916226049560947
	burn in time= 1.8675968647003174
	sample time= 10.863712310791016
	contraction err= 1.2071644301987496e-15 7.41024316782367e-15

Mean energy: -2.24736399e+01
Block size    # of blocks        Mean                Error
     1           5000       -2.24736399e+01       2.113056e-03
     2           2500       -2.24736399e+01       2.088803e-03
     5           1000       -2.24736399e+01       2.058495e-03
    10            500       -2.24736399e+01       2.010457e-03
    20            250       -2.24736399e+01       2.053445e-03
    50            100       -2.24736399e+01       1.865689e-03
    70             71       -2.24735722e+01       1.831308e-03
   100             50       -2.24736399e+01       1.510588e-03
   200             25       -2.24736399e+01       1.319939e-03
   500             10       -2.24736399e+01       2.049555e-03
0 0.002113056323227403 0.0020495550120595827
Stocahstic error estimate: 2.113056e-03

step=74,E=-0.3745606649395998,dE=-4.892325106157595e-06,err=3.5217605387123385e-05,gmax=0.038704351116162994
	collect g,Hv time= 0.3573009967803955
	solver time=0.04261422157287598,exit status=0
niter= 42
pure_newton= False
	solver time=0.22606968879699707,exit status=0
niter= 106
	prob= 0.04611188432578887
	burn in time= 1.8007621765136719
	sample time= 7.5204198360443115
	contraction err= 1.2160440506344723e-15 8.966750509993172e-15

Mean energy: -2.24739921e+01
Block size    # of blocks        Mean                Error
     1           5000       -2.24739921e+01       1.656456e-03
     2           2500       -2.24739921e+01       1.658025e-03
     5           1000       -2.24739921e+01       1.648295e-03
    10            500       -2.24739921e+01       1.704633e-03
    20            250       -2.24739921e+01       1.645622e-03
    50            100       -2.24739921e+01       1.411592e-03
    70             71       -2.24739472e+01       1.372540e-03
   100             50       -2.24739921e+01       1.297378e-03
   200             25       -2.24739921e+01       1.233620e-03
   500             10       -2.24739921e+01       1.276470e-03
0 0.001658024787781004 0.001276469920423528
Stocahstic error estimate: 1.658025e-03

	predict=-0.002544792910393223,actual=(-0.00035217848375523886, 0.002685898959757711)
	g=0.2016541495326232,del=0.09192552048579597,dot=0.00508669564919813,x=20.339776595022446
	prob= 0.04611188432578887
	burn in time= 1.8326115608215332
	sample time= 10.91039228439331
	contraction err= 1.2498654919497324e-15 8.84775596710568e-15

Mean energy: -2.24693884e+01
Block size    # of blocks        Mean                Error
     1           5000       -2.24693884e+01       1.926258e-03
     2           2500       -2.24693884e+01       1.921266e-03
     5           1000       -2.24693884e+01       1.835836e-03
    10            500       -2.24693884e+01       1.812401e-03
    20            250       -2.24693884e+01       1.759256e-03
    50            100       -2.24693884e+01       1.726880e-03
    70             71       -2.24692438e+01       1.802102e-03
   100             50       -2.24693884e+01       1.496741e-03
   200             25       -2.24693884e+01       1.628089e-03
   500             10       -2.24693884e+01       1.450727e-03
0 0.0019262583740664778 0.001450726987117143
Stocahstic error estimate: 1.926258e-03

step=75,E=-0.3744898070348272,dE=7.085790477254031e-05,err=3.21043062344413e-05,gmax=0.058611968449460816
	collect g,Hv time= 0.30675792694091797
	solver time=0.04117870330810547,exit status=0
niter= 39
pure_newton= False
	solver time=0.2136986255645752,exit status=0
niter= 97
	prob= 0.043331027808690185
	burn in time= 1.7782292366027832
	sample time= 7.5229949951171875
	contraction err= 1.2214309347212606e-15 9.387811312462989e-15

Mean energy: -2.24683404e+01
Block size    # of blocks        Mean                Error
     1           5000       -2.24683404e+01       3.328346e-03
     2           2500       -2.24683404e+01       3.309963e-03
     5           1000       -2.24683404e+01       3.381778e-03
    10            500       -2.24683404e+01       3.361163e-03
    20            250       -2.24683404e+01       3.441112e-03
    50            100       -2.24683404e+01       3.330747e-03
    70             71       -2.24696805e+01       3.104307e-03
   100             50       -2.24683404e+01       3.104713e-03
   200             25       -2.24683404e+01       3.842190e-03
   500             10       -2.24683404e+01       5.767197e-03
0 0.003328345734762627 0.005767196687982274
Stocahstic error estimate: 3.328346e-03

	predict=-0.003280925881866594,actual=(0.001047988754763196, 0.0038455632427219035)
	g=0.2127618468858752,del=0.3327796193483648,dot=0.024721268359749287,x=20.339776595022446
	prob= 0.04567323469171839
	burn in time= 1.8494277000427246
	sample time= 10.87563419342041
	contraction err= 1.2090850845158743e-15 1.4160003373708281e-14

Mean energy: -2.24563391e+01
Block size    # of blocks        Mean                Error
     1           5000       -2.24563391e+01       4.308972e-03
     2           2500       -2.24563391e+01       4.351178e-03
     5           1000       -2.24563391e+01       4.319039e-03
    10            500       -2.24563391e+01       4.409013e-03
    20            250       -2.24563391e+01       4.190391e-03
    50            100       -2.24563391e+01       3.654530e-03
    70             71       -2.24561522e+01       3.517004e-03
   100             50       -2.24563391e+01       2.684637e-03
   200             25       -2.24563391e+01       2.850764e-03
   500             10       -2.24563391e+01       3.031756e-03
0 0.004351178074968005 0.003031755850640789
Stocahstic error estimate: 4.351178e-03

step=76,E=-0.374272319116372,dE=0.00021748791845522438,err=7.251963458280007e-05,gmax=0.04844423758288663
	collect g,Hv time= 0.2856564521789551
	solver time=0.04020547866821289,exit status=0
niter= 38
pure_newton= False
	solver time=0.20202088356018066,exit status=0
niter= 89
	prob= 0.03949780429379873
	burn in time= 1.8682100772857666
	sample time= 7.521413087844849
	contraction err= 1.2294863165683271e-15 1.0039957368237863e-14

Mean energy: -2.24728776e+01
Block size    # of blocks        Mean                Error
     1           5000       -2.24728776e+01       1.975503e-03
     2           2500       -2.24728776e+01       1.955896e-03
     5           1000       -2.24728776e+01       1.963901e-03
    10            500       -2.24728776e+01       1.934079e-03
    20            250       -2.24728776e+01       1.923532e-03
    50            100       -2.24728776e+01       1.857674e-03
    70             71       -2.24728358e+01       1.825494e-03
   100             50       -2.24728776e+01       2.018810e-03
   200             25       -2.24728776e+01       1.993522e-03
   500             10       -2.24728776e+01       2.274073e-03
0 0.0019755029900147903 0.002274073130045738
Stocahstic error estimate: 1.975503e-03

	predict=-0.0037332731973511845,actual=(-0.01653846840180151, 0.004778636071478937)
	g=0.2973279423113269,del=0.09299646506304285,dot=0.007465701152544338,x=20.33977659502245
	prob= 0.03949780429379873
	burn in time= 1.7996842861175537
	sample time= 10.77379298210144
	contraction err= 1.2410913299878614e-15 8.114364083304328e-15

Mean energy: -2.24735185e+01
Block size    # of blocks        Mean                Error
     1           5000       -2.24735185e+01       1.878520e-03
     2           2500       -2.24735185e+01       1.886694e-03
     5           1000       -2.24735185e+01       1.908249e-03
    10            500       -2.24735185e+01       1.864196e-03
    20            250       -2.24735185e+01       1.862193e-03
    50            100       -2.24735185e+01       1.747328e-03
    70             71       -2.24734990e+01       1.632152e-03
   100             50       -2.24735185e+01       1.788906e-03
   200             25       -2.24735185e+01       2.268123e-03
   500             10       -2.24735185e+01       3.477202e-03
0 0.001886694452893691 0.0034772024433745333
Stocahstic error estimate: 1.886694e-03

step=77,E=-0.37455864147402085,dE=-0.0002863223576488494,err=3.1444907548228184e-05,gmax=0.0792929296707191
	collect g,Hv time= 0.37194180488586426
	solver time=0.044629812240600586,exit status=0
niter= 39
pure_newton= False
	solver time=0.2805941104888916,exit status=0
niter= 117
	prob= 0.03753186512189898
	burn in time= 1.776353120803833
	sample time= 7.531662464141846
	contraction err= 1.246728188863988e-15 1.336883713427894e-14

Mean energy: -2.24691798e+01
Block size    # of blocks        Mean                Error
     1           5000       -2.24691798e+01       2.282594e-03
     2           2500       -2.24691798e+01       2.313715e-03
     5           1000       -2.24691798e+01       2.284598e-03
    10            500       -2.24691798e+01       2.364594e-03
    20            250       -2.24691798e+01       2.311266e-03
    50            100       -2.24691798e+01       2.326744e-03
    70             71       -2.24696869e+01       2.382844e-03
   100             50       -2.24691798e+01       2.127463e-03
   200             25       -2.24691798e+01       2.397050e-03
   500             10       -2.24691798e+01       2.547627e-03
0 0.002313714559265216 0.0025476265108769886
Stocahstic error estimate: 2.313715e-03

	predict=-0.004524692286757214,actual=(0.004338703996040749, 0.002985446536171039)
	g=0.411079379461295,del=0.22820312062966674,dot=0.03219949822034692,x=20.339776595022453
	prob= 0.03900792351081249
	burn in time= 1.7899844646453857
	sample time= 10.77306580543518
	contraction err= 1.2124381650897564e-15 1.2370745931518534e-14

Mean energy: -2.24669957e+01
Block size    # of blocks        Mean                Error
     1           5000       -2.24669957e+01       3.362188e-03
     2           2500       -2.24669957e+01       3.338694e-03
     5           1000       -2.24669957e+01       3.312097e-03
    10            500       -2.24669957e+01       3.297813e-03
    20            250       -2.24669957e+01       3.137350e-03
    50            100       -2.24669957e+01       2.822998e-03
    70             71       -2.24668318e+01       2.713032e-03
   100             50       -2.24669957e+01       2.090122e-03
   200             25       -2.24669957e+01       2.423604e-03
   500             10       -2.24669957e+01       3.432500e-03
0 0.0033621880266463144 0.003432499877863521
Stocahstic error estimate: 3.362188e-03

step=78,E=-0.37444992906377605,dE=0.00010871241024480819,err=5.603646711077191e-05,gmax=0.3949686507292851
	collect g,Hv time= 0.2728259563446045
	solver time=0.040505170822143555,exit status=0
niter= 35
pure_newton= False
	solver time=0.3419013023376465,exit status=0
niter= 143
	prob= 0.040342753040332274
	burn in time= 1.824171781539917
	sample time= 7.49965500831604
	contraction err= 1.2163445821163715e-15 1.1423708673229783e-14

Mean energy: -2.24581510e+01
Block size    # of blocks        Mean                Error
     1           5000       -2.24581510e+01       3.676170e-03
     2           2500       -2.24581510e+01       3.776281e-03
     5           1000       -2.24581510e+01       3.905237e-03
    10            500       -2.24581510e+01       3.903664e-03
    20            250       -2.24581510e+01       3.791917e-03
    50            100       -2.24581510e+01       3.206635e-03
    70             71       -2.24579815e+01       3.159107e-03
   100             50       -2.24581510e+01       2.686269e-03
   200             25       -2.24581510e+01       2.892705e-03
   500             10       -2.24581510e+01       4.113015e-03
0 0.003776280856708557 0.004113015230822071
Stocahstic error estimate: 3.776281e-03

	predict=-0.00840111193708455,actual=(0.008844704987978957, 0.005056145313899449)
	g=0.7739037123388811,del=0.2943019632049364,dot=0.07215308798914233,x=20.33977659502245
	prob= 0.03919279474504524
	burn in time= 1.8434228897094727
	sample time= 10.876508712768555
	contraction err= 1.2141608353821345e-15 9.406856471181459e-15

Mean energy: -2.24822435e+01
Block size    # of blocks        Mean                Error
     1           5000       -2.24822435e+01       2.094103e-03
     2           2500       -2.24822435e+01       2.089217e-03
     5           1000       -2.24822435e+01       2.078466e-03
    10            500       -2.24822435e+01       2.098740e-03
    20            250       -2.24822435e+01       2.063342e-03
    50            100       -2.24822435e+01       1.961746e-03
    70             71       -2.24826202e+01       1.964350e-03
   100             50       -2.24822435e+01       1.927342e-03
   200             25       -2.24822435e+01       2.463371e-03
   500             10       -2.24822435e+01       2.846269e-03
0 0.002094103128664663 0.0028462691636982535
Stocahstic error estimate: 2.094103e-03

step=79,E=-0.3747040588529818,dE=-0.00025412978920578885,err=3.490171881107772e-05,gmax=0.02148073529119543
	collect g,Hv time= 0.3521437644958496
	solver time=0.048391103744506836,exit status=0
niter= 40
pure_newton= False
	solver time=0.17278409004211426,exit status=0
niter= 73
	prob= 0.036427132927138575
	burn in time= 1.796177625656128
	sample time= 7.526119709014893
	contraction err= 1.2125550399865606e-15 8.572249486445431e-15

Mean energy: -2.24854257e+01
Block size    # of blocks        Mean                Error
     1           5000       -2.24854257e+01       9.886747e-04
     2           2500       -2.24854257e+01       9.846278e-04
     5           1000       -2.24854257e+01       9.663547e-04
    10            500       -2.24854257e+01       9.700106e-04
    20            250       -2.24854257e+01       9.885791e-04
    50            100       -2.24854257e+01       9.633169e-04
    70             71       -2.24854491e+01       9.572316e-04
   100             50       -2.24854257e+01       8.882019e-04
   200             25       -2.24854257e+01       9.711412e-04
   500             10       -2.24854257e+01       8.938524e-04
0 0.000988674700047494 0.0008938524170728519
Stocahstic error estimate: 9.886747e-04

	predict=-0.0010803535483373738,actual=(-0.0031822060961168575, 0.002315760258748114)
	g=0.10644266870808253,del=0.0581892877146584,dot=0.0021615165917897835,x=20.33977659502245
