block_dict= [(0, 4820)]
sizes= [4820]
SIZE= 256
L= 100
nspin= (50, 50)
nparam= 4820

nparam= 4820
	log prob= -23.528869051004165
	burn in time= 38.488908529281616
	sample time= 56.988877058029175
	contraction err= 2.229878989076739e-15 6.550854631118713e-15
nsamples= 4254

Mean energy: -3.53030499e+01
Block size    # of blocks        Mean                Error
     1           4254       -3.53030499e+01       2.105698e-02
     2           2127       -3.53030499e+01       2.131078e-02
     5            850       -3.53035887e+01       2.110392e-02
    10            425       -3.53035887e+01       2.021547e-02
    20            212       -3.53009486e+01       1.929013e-02
    50             85       -3.53035887e+01       1.963366e-02
    70             60       -3.52989963e+01       2.330688e-02
   100             42       -3.52989963e+01       2.156625e-02
   200             21       -3.52989963e+01       2.546896e-02
   500              8       -3.52953196e+01       2.192117e-02
Stocahstic error estimate: 2.131078e-02

step=0,E=-0.35303049947136084,dE=0.0,err=0.000213107798779719,gmax=0.11025611573730093
	collect g,h time= 0.04342246055603027
	solver time=0.04018998146057129,exit status=0
niter= 42
pure_newton= False
	solver time=0.2542142868041992,exit status=0
niter= 207
hessian inversion error= 9.742054025218895e-05
	log prob= -27.32008659387304
	burn in time= 38.927253007888794
	sample time= 75.48789978027344
	contraction err= 2.20090499116773e-15 9.024776002176308e-15
nsamples= 4254

Mean energy: -3.40229947e+01
Block size    # of blocks        Mean                Error
     1           4254       -3.40229947e+01       3.146533e-02
     2           2127       -3.40229947e+01       3.374624e-02
     5            850       -3.40230021e+01       3.658824e-02
    10            425       -3.40230021e+01       3.984679e-02
    20            212       -3.40228696e+01       4.311791e-02
    50             85       -3.40230021e+01       4.360515e-02
    70             60       -3.40221130e+01       4.183155e-02
   100             42       -3.40221130e+01       4.103085e-02
   200             21       -3.40221130e+01       4.162513e-02
   500              8       -3.40284239e+01       2.846250e-02
Stocahstic error estimate: 4.360515e-02

	predict=-0.28269490887366033,actual=(array([1.2801]), array([0.0436]))
	g=0.7904843258608357,del=6.329318310640085,dot=1.6590306157238712,x=23.19525813609325

nparam= 4820
	log prob= -24.503468266541095
	burn in time= 39.203540563583374
	sample time= 60.37108135223389
	contraction err= 2.22351409104185e-15 7.8707818901402e-15
nsamples= 4254

Mean energy: -3.55801111e+01
Block size    # of blocks        Mean                Error
     1           4254       -3.55801111e+01       1.956918e-02
     2           2127       -3.55801111e+01       1.989510e-02
     5            850       -3.55795063e+01       1.932258e-02
    10            425       -3.55795063e+01       2.031002e-02
    20            212       -3.55785433e+01       2.165785e-02
    50             85       -3.55795063e+01       2.177515e-02
    70             60       -3.55794184e+01       1.917437e-02
   100             42       -3.55794184e+01       1.935133e-02
   200             21       -3.55794184e+01       1.614033e-02
   500              8       -3.55812708e+01       1.621183e-02
Stocahstic error estimate: 1.989510e-02

step=1,E=-0.3558011114252315,dE=-0.0027706119538706987,err=0.00019895096083171176,gmax=0.12418998753231669
	collect g,h time= 0.04299306869506836
	solver time=0.01815342903137207,exit status=0
niter= 26
pure_newton= False
	solver time=0.2567107677459717,exit status=0
niter= 227
hessian inversion error= 9.903054970331107e-05
	log prob= -32.2071090323182
	burn in time= 38.993868589401245
	sample time= 75.70303416252136
	contraction err= 2.2371080275664345e-15 1.3214950504738518e-14
nsamples= 4254

Mean energy: -3.49778181e+01
Block size    # of blocks        Mean                Error
     1           4254       -3.49778181e+01       3.051100e-02
     2           2127       -3.49778181e+01       3.486697e-02
     5            850       -3.49768426e+01       4.333653e-02
    10            425       -3.49768426e+01       5.114402e-02
    20            212       -3.49779516e+01       5.994307e-02
    50             85       -3.49768426e+01       6.008895e-02
    70             60       -3.49758552e+01       6.666756e-02
   100             42       -3.49758552e+01       5.689020e-02
   200             21       -3.49758552e+01       6.587765e-02
   500              8       -3.49739724e+01       6.183224e-02
Stocahstic error estimate: 6.008895e-02

	predict=-0.23261875384473413,actual=(array([0.6023]), array([0.0601]))
	g=0.773190632526923,del=4.085284922012517,dot=1.311283084167969,x=23.195258136093255

nparam= 4820
	log prob= -25.480200068300917
	burn in time= 38.75496578216553
	sample time= 60.356117963790894
	contraction err= 2.2012739698219486e-15 7.202999532248569e-15
nsamples= 4254

Mean energy: -3.57550646e+01
Block size    # of blocks        Mean                Error
     1           4254       -3.57550646e+01       1.712459e-02
     2           2127       -3.57550646e+01       1.715958e-02
     5            850       -3.57543067e+01       1.766118e-02
    10            425       -3.57543067e+01       1.812210e-02
    20            212       -3.57541834e+01       1.866413e-02
    50             85       -3.57543067e+01       1.909698e-02
    70             60       -3.57520287e+01       1.955643e-02
   100             42       -3.57520287e+01       1.887036e-02
   200             21       -3.57520287e+01       1.606732e-02
   500              8       -3.57550943e+01       1.365995e-02
Stocahstic error estimate: 1.715958e-02

step=2,E=-0.35755064570552536,dE=-0.0017495342802938297,err=0.00017159575656674065,gmax=0.13838412300397673
	collect g,h time= 0.042963504791259766
	solver time=0.03008246421813965,exit status=0
niter= 44
pure_newton= False
	solver time=0.2626833915710449,exit status=0
niter= 236
hessian inversion error= 9.942974449991274e-05
	log prob= -29.651086704818
	burn in time= 38.89746356010437
	sample time= 75.77401423454285
	contraction err= 2.246975039615616e-15 1.0157845767411068e-14
nsamples= 4254

Mean energy: -3.55125106e+01
Block size    # of blocks        Mean                Error
     1           4254       -3.55125106e+01       2.589710e-02
     2           2127       -3.55125106e+01       3.085992e-02
     5            850       -3.55119330e+01       4.078456e-02
    10            425       -3.55119330e+01       5.130105e-02
    20            212       -3.55116158e+01       5.791596e-02
    50             85       -3.55119330e+01       6.169624e-02
    70             60       -3.55096297e+01       7.040963e-02
   100             42       -3.55096297e+01       6.298106e-02
   200             21       -3.55096297e+01       6.085989e-02
   500              8       -3.55121701e+01       7.631576e-02
Stocahstic error estimate: 7.040963e-02

	predict=-0.18991895191076105,actual=(array([0.2426]), array([0.0704]))
	g=0.743327919239963,del=5.025491664366351,dot=1.0601586422877889,x=23.19525813609325

nparam= 4820
	log prob= -26.832394932133607
	burn in time= 38.83058285713196
	sample time= 60.363266706466675
	contraction err= 2.205638882469498e-15 7.159578637666235e-15
nsamples= 4254

Mean energy: -3.59132769e+01
Block size    # of blocks        Mean                Error
     1           4254       -3.59132769e+01       1.619722e-02
     2           2127       -3.59132769e+01       1.625900e-02
     5            850       -3.59139360e+01       1.607850e-02
    10            425       -3.59139360e+01       1.657983e-02
    20            212       -3.59145035e+01       1.717922e-02
    50             85       -3.59139360e+01       1.706410e-02
    70             60       -3.59156520e+01       1.765089e-02
   100             42       -3.59156520e+01       1.821076e-02
   200             21       -3.59156520e+01       1.800927e-02
   500              8       -3.59161948e+01       2.478416e-02
Stocahstic error estimate: 1.625900e-02

step=3,E=-0.35913276880349626,dE=-0.0015821230979709356,err=0.00016259000686892112,gmax=0.2216574944861977
	collect g,h time= 0.04286646842956543
	solver time=0.03083491325378418,exit status=0
niter= 45
pure_newton= False
	solver time=0.24950551986694336,exit status=0
niter= 222
hessian inversion error= 9.929742832915908e-05
	log prob= -32.586428826437974
	burn in time= 39.04107999801636
	sample time= 75.7999472618103
	contraction err= 2.2206763227488015e-15 8.187111189905414e-15
nsamples= 4254

Mean energy: -3.57366124e+01
Block size    # of blocks        Mean                Error
     1           4254       -3.57366124e+01       2.406928e-02
     2           2127       -3.57366124e+01       2.850863e-02
     5            850       -3.57361220e+01       3.662777e-02
    10            425       -3.57361220e+01       4.485085e-02
    20            212       -3.57361697e+01       5.409809e-02
    50             85       -3.57361220e+01       5.649727e-02
    70             60       -3.57342090e+01       6.076125e-02
   100             42       -3.57342090e+01       6.101211e-02
   200             21       -3.57342090e+01       6.682373e-02
   500              8       -3.57315253e+01       6.014688e-02
Stocahstic error estimate: 5.649727e-02

	predict=-0.16662122457367554,actual=(array([0.1767]), array([0.0565]))
	g=0.7268745916339234,del=4.811674561820763,dot=0.9494652129684422,x=23.19525813609326

nparam= 4820
	log prob= -28.127135536768467
	burn in time= 38.98366737365723
	sample time= 60.378177881240845
	contraction err= 2.2105035657687584e-15 1.325287378065215e-14
nsamples= 4254

Mean energy: -3.60719908e+01
Block size    # of blocks        Mean                Error
     1           4254       -3.60719908e+01       1.491668e-02
     2           2127       -3.60719908e+01       1.501978e-02
     5            850       -3.60722380e+01       1.549239e-02
    10            425       -3.60722380e+01       1.629528e-02
    20            212       -3.60715381e+01       1.687592e-02
    50             85       -3.60722380e+01       1.653928e-02
    70             60       -3.60704062e+01       1.434037e-02
   100             42       -3.60704062e+01       1.649999e-02
   200             21       -3.60704062e+01       1.664633e-02
   500              8       -3.60723006e+01       2.276588e-02
Stocahstic error estimate: 1.501978e-02

step=4,E=-0.3607199077309043,dE=-0.0015871389274079916,err=0.0001501977566945369,gmax=1.0162831909228016
	collect g,h time= 0.04296302795410156
	solver time=0.012930870056152344,exit status=0
niter= 19
pure_newton= False
	solver time=0.23877263069152832,exit status=0
niter= 213
hessian inversion error= 0.00021618208892686428
	log prob= -34.31008133595428
	burn in time= 38.883254528045654
	sample time= 75.71116638183594
	contraction err= 2.2237658862741293e-15 6.001788702556303e-15
nsamples= 4254

Mean energy: -3.58714180e+01
Block size    # of blocks        Mean                Error
     1           4254       -3.58714180e+01       2.389253e-02
     2           2127       -3.58714180e+01       2.874120e-02
     5            850       -3.58722193e+01       3.773484e-02
    10            425       -3.58722193e+01       4.716983e-02
    20            212       -3.58743090e+01       5.867138e-02
    50             85       -3.58722193e+01       6.583779e-02
    70             60       -3.58705576e+01       6.695696e-02
   100             42       -3.58705576e+01       6.865734e-02
   200             21       -3.58705576e+01       5.884386e-02
   500              8       -3.58724934e+01       7.038318e-02
Stocahstic error estimate: 6.695696e-02

	predict=-0.13835844530717273,actual=(array([0.2006]), array([0.067]))
	g=2.174316642629785,del=2.078167906920468,dot=0.6783638303690505,x=23.19525813609326

nparam= 4820
	log prob= -28.863212402430594
	burn in time= 38.90637278556824
	sample time= 60.34655737876892
	contraction err= 2.231326850622192e-15 6.168516831220438e-15
nsamples= 4254

Mean energy: -3.61476693e+01
Block size    # of blocks        Mean                Error
     1           4254       -3.61476693e+01       1.361775e-02
     2           2127       -3.61476693e+01       1.379527e-02
     5            850       -3.61480056e+01       1.391200e-02
    10            425       -3.61480056e+01       1.389244e-02
    20            212       -3.61474490e+01       1.430260e-02
    50             85       -3.61480056e+01       1.468499e-02
    70             60       -3.61457154e+01       1.495942e-02
   100             42       -3.61457154e+01       1.260385e-02
   200             21       -3.61457154e+01       1.215500e-02
   500              8       -3.61418283e+01       1.031874e-02
Stocahstic error estimate: 1.379527e-02

step=5,E=-0.3614766926831048,dE=-0.0007567849522005332,err=0.0001379526857892433,gmax=0.08003186797757067
	collect g,h time= 0.042973995208740234
	solver time=0.02972888946533203,exit status=0
niter= 44
pure_newton= False
	solver time=0.24312424659729004,exit status=0
niter= 219
hessian inversion error= 9.518197969422586e-05
	log prob= -40.67284680652579
	burn in time= 39.01901435852051
	sample time= 75.77196502685547
	contraction err= 2.2518447454283596e-15 7.6851353456385e-15
nsamples= 4254

Mean energy: -3.58189945e+01
Block size    # of blocks        Mean                Error
     1           4254       -3.58189945e+01       2.378231e-02
     2           2127       -3.58189945e+01       2.902970e-02
     5            850       -3.58181825e+01       3.923962e-02
    10            425       -3.58181825e+01       4.836285e-02
    20            212       -3.58183910e+01       5.966525e-02
    50             85       -3.58181825e+01       7.046325e-02
    70             60       -3.58166511e+01       7.354137e-02
   100             42       -3.58166511e+01       8.034955e-02
   200             21       -3.58166511e+01       7.737319e-02
   500              8       -3.58099479e+01       5.926204e-02
Stocahstic error estimate: 7.354137e-02

	predict=-0.1183142965991783,actual=(array([0.3287]), array([0.0735]))
	g=0.6124558879140924,del=4.081660658150431,dot=0.6587791824267265,x=23.19525813609325

nparam= 4820
	log prob= -29.778932904418134
	burn in time= 38.96640992164612
	sample time= 60.31279158592224
	contraction err= 2.2109109811087894e-15 5.856375019486614e-15
nsamples= 4254

Mean energy: -3.62176939e+01
Block size    # of blocks        Mean                Error
     1           4254       -3.62176939e+01       1.344715e-02
     2           2127       -3.62176939e+01       1.397272e-02
     5            850       -3.62173981e+01       1.531757e-02
    10            425       -3.62173981e+01       1.637160e-02
    20            212       -3.62178077e+01       1.796524e-02
    50             85       -3.62173981e+01       1.722289e-02
    70             60       -3.62181473e+01       1.741399e-02
   100             42       -3.62181473e+01       1.906369e-02
   200             21       -3.62181473e+01       1.857031e-02
   500              8       -3.62206512e+01       9.037016e-03
Stocahstic error estimate: 1.397272e-02

step=6,E=-0.3621769391383708,dE=-0.0007002464552660115,err=0.00013972723110885815,gmax=0.11836814740548274
	collect g,h time= 0.042932987213134766
	solver time=0.030599117279052734,exit status=0
niter= 45
pure_newton= False
	solver time=0.3096740245819092,exit status=0
niter= 236
hessian inversion error= 9.849059884811994e-05
	log prob= -38.98786586318683
	burn in time= 39.19310808181763
	sample time= 75.87733793258667
	contraction err= 2.2485220277599113e-15 5.989469089923304e-15
nsamples= 4254

Mean energy: -3.62052241e+01
Block size    # of blocks        Mean                Error
     1           4254       -3.62052241e+01       1.910997e-02
     2           2127       -3.62052241e+01       2.285738e-02
     5            850       -3.62050368e+01       2.971598e-02
    10            425       -3.62050368e+01       3.653455e-02
    20            212       -3.62038180e+01       4.396109e-02
    50             85       -3.62050368e+01       5.326923e-02
    70             60       -3.62046702e+01       5.512216e-02
   100             42       -3.62046702e+01       5.498741e-02
   200             21       -3.62046702e+01       6.044236e-02
   500              8       -3.62151804e+01       6.732992e-02
Stocahstic error estimate: 5.512216e-02

	predict=-0.11347375310004554,actual=(array([0.0125]), array([0.0551]))
	g=0.7014775505643929,del=3.8038082401882023,dot=0.6540766285115567,x=23.19525813609325

nparam= 4820
	log prob= -31.497883539084295
	burn in time= 39.07464575767517
	sample time= 60.35725975036621
	contraction err= 2.2094631293423216e-15 9.148145968357983e-15
nsamples= 4254

Mean energy: -3.62713532e+01
Block size    # of blocks        Mean                Error
     1           4254       -3.62713532e+01       1.351486e-02
     2           2127       -3.62713532e+01       1.430350e-02
     5            850       -3.62719938e+01       1.638832e-02
    10            425       -3.62719938e+01       1.822109e-02
    20            212       -3.62741217e+01       2.083255e-02
    50             85       -3.62719938e+01       2.120775e-02
    70             60       -3.62758225e+01       2.095248e-02
   100             42       -3.62758225e+01       2.121866e-02
   200             21       -3.62758225e+01       2.499767e-02
   500              8       -3.62787995e+01       4.134259e-02
Stocahstic error estimate: 2.120775e-02

step=7,E=-0.36271353222095065,dE=-0.0005365930825798415,err=0.00021207747396545336,gmax=0.14776489427264505
	collect g,h time= 0.04297947883605957
	solver time=0.028784751892089844,exit status=0
niter= 43
pure_newton= False
	solver time=0.28342461585998535,exit status=0
niter= 258
hessian inversion error= 9.923267627527114e-05
	log prob= -38.384498951630256
	burn in time= 38.744669675827026
	sample time= 75.82976627349854
	contraction err= 2.2456665665996406e-15 6.854460858942468e-15
nsamples= 4254

Mean energy: -3.60931881e+01
Block size    # of blocks        Mean                Error
     1           4254       -3.60931881e+01       2.157983e-02
     2           2127       -3.60931881e+01       2.615145e-02
     5            850       -3.60923685e+01       3.499184e-02
    10            425       -3.60923685e+01       4.374011e-02
    20            212       -3.60926489e+01       5.399917e-02
    50             85       -3.60923685e+01       6.275645e-02
    70             60       -3.60915792e+01       6.394102e-02
   100             42       -3.60915792e+01       7.412394e-02
   200             21       -3.60915792e+01       6.560341e-02
   500              8       -3.60960713e+01       6.522976e-02
Stocahstic error estimate: 6.394102e-02

	predict=-0.11409135499869777,actual=(array([0.1782]), array([0.0639]))
	g=0.7895321565187338,del=3.3332933500394843,dot=0.6647974527064336,x=23.19525813609325

nparam= 4820
	log prob= -32.58317308056167
	burn in time= 38.77586817741394
	sample time= 60.32377290725708
	contraction err= 2.236669568041762e-15 6.186423127182802e-15
nsamples= 4254

Mean energy: -3.63753762e+01
Block size    # of blocks        Mean                Error
     1           4254       -3.63753762e+01       1.248790e-02
     2           2127       -3.63753762e+01       1.272915e-02
     5            850       -3.63753947e+01       1.323508e-02
    10            425       -3.63753947e+01       1.333271e-02
    20            212       -3.63745306e+01       1.415220e-02
    50             85       -3.63753947e+01       1.515666e-02
    70             60       -3.63738380e+01       1.578641e-02
   100             42       -3.63738380e+01       1.632436e-02
   200             21       -3.63738380e+01       1.726320e-02
   500              8       -3.63682750e+01       2.018548e-02
Stocahstic error estimate: 1.272915e-02

step=8,E=-0.3637537621684758,dE=-0.0010402299475251908,err=0.0001272914822548661,gmax=0.16714792078046026
	collect g,h time= 0.04295659065246582
	solver time=0.030290842056274414,exit status=0
niter= 45
pure_newton= False
	solver time=0.26313281059265137,exit status=0
niter= 239
hessian inversion error= 9.812337650823736e-05
	log prob= -39.05279357585295
	burn in time= 39.13087439537048
	sample time= 75.84733271598816
	contraction err= 2.2323800149952824e-15 8.52051981215637e-15
nsamples= 4254

Mean energy: -3.62181794e+01
Block size    # of blocks        Mean                Error
     1           4254       -3.62181794e+01       2.051696e-02
     2           2127       -3.62181794e+01       2.457760e-02
     5            850       -3.62185110e+01       3.353518e-02
    10            425       -3.62185110e+01       4.224541e-02
    20            212       -3.62188169e+01       5.165529e-02
    50             85       -3.62185110e+01       6.749764e-02
    70             60       -3.62161796e+01       5.597455e-02
   100             42       -3.62161796e+01       6.783019e-02
   200             21       -3.62161796e+01       6.225891e-02
   500              8       -3.62093866e+01       5.684009e-02
Stocahstic error estimate: 6.749764e-02

	predict=-0.09668111117635883,actual=(array([0.1572]), array([0.0675]))
	g=0.6436865047318834,del=3.275189893528186,dot=0.5667479096726666,x=23.19525813609325

nparam= 4820
	log prob= -33.54243753145615
	burn in time= 39.13160157203674
	sample time= 60.336703062057495
	contraction err= 2.2455951320569254e-15 6.996934874738614e-15
nsamples= 4254

Mean energy: -3.63842628e+01
Block size    # of blocks        Mean                Error
     1           4254       -3.63842628e+01       1.331674e-02
     2           2127       -3.63842628e+01       1.419731e-02
     5            850       -3.63847673e+01       1.630306e-02
    10            425       -3.63847673e+01       1.879439e-02
    20            212       -3.63856664e+01       2.058418e-02
    50             85       -3.63847673e+01       2.186900e-02
    70             60       -3.63854823e+01       2.866550e-02
   100             42       -3.63854823e+01       2.849911e-02
   200             21       -3.63854823e+01       2.598278e-02
   500              8       -3.63808708e+01       3.407804e-02
Stocahstic error estimate: 2.866550e-02

step=9,E=-0.3638426280079644,dE=-8.886583948857662e-05,err=0.00028665497545139214,gmax=0.13560012757052298
	collect g,h time= 0.04300355911254883
	solver time=0.028055191040039062,exit status=0
niter= 42
pure_newton= False
	solver time=0.26844000816345215,exit status=0
niter= 247
hessian inversion error= 9.856927111895832e-05
	log prob= -37.98385846287692
	burn in time= 39.05609059333801
	sample time= 75.88236474990845
	contraction err= 2.241559591078824e-15 7.567341123820856e-15
nsamples= 4254

Mean energy: -3.62753318e+01
Block size    # of blocks        Mean                Error
     1           4254       -3.62753318e+01       2.042338e-02
     2           2127       -3.62753318e+01       2.519379e-02
     5            850       -3.62749322e+01       3.441747e-02
    10            425       -3.62749322e+01       4.336110e-02
    20            212       -3.62751686e+01       5.315787e-02
    50             85       -3.62749322e+01       6.457619e-02
    70             60       -3.62788869e+01       5.719459e-02
   100             42       -3.62788869e+01       6.154588e-02
   200             21       -3.62788869e+01       7.727676e-02
   500              8       -3.62695106e+01       8.333559e-02
Stocahstic error estimate: 6.457619e-02

	predict=-0.10643417534322001,actual=(array([0.1089]), array([0.0646]))
	g=0.7977853295459337,del=3.0618098574752386,dot=0.6609838382065293,x=23.195258136093255

nparam= 4820
	log prob= -34.445970345894054
	burn in time= 39.031768560409546
	sample time= 60.36553978919983
	contraction err= 2.2060072145265527e-15 7.169876914244549e-15
nsamples= 4254

Mean energy: -3.64432202e+01
Block size    # of blocks        Mean                Error
     1           4254       -3.64432202e+01       1.256445e-02
     2           2127       -3.64432202e+01       1.346629e-02
     5            850       -3.64430212e+01       1.554764e-02
    10            425       -3.64430212e+01       1.766303e-02
    20            212       -3.64438447e+01       2.025829e-02
    50             85       -3.64430212e+01       2.266557e-02
    70             60       -3.64420925e+01       2.262252e-02
   100             42       -3.64420925e+01       2.558464e-02
   200             21       -3.64420925e+01       2.520240e-02
   500              8       -3.64366499e+01       2.533882e-02
Stocahstic error estimate: 2.266557e-02

step=10,E=-0.36443220222664663,dE=-0.0005895742186822162,err=0.00022665568610551588,gmax=0.20951694230306334
	collect g,h time= 0.04284787178039551
	solver time=0.023411035537719727,exit status=0
niter= 35
pure_newton= False
	solver time=0.2988114356994629,exit status=0
niter= 274
hessian inversion error= 9.926493334446982e-05
	log prob= -36.7420979534324
	burn in time= 39.125664472579956
	sample time= 75.89319634437561
	contraction err= 2.2327994252946084e-15 8.829022440293555e-15
nsamples= 4254

Mean energy: -3.63823545e+01
Block size    # of blocks        Mean                Error
     1           4254       -3.63823545e+01       1.904067e-02
     2           2127       -3.63823545e+01       2.390879e-02
     5            850       -3.63829027e+01       3.393683e-02
    10            425       -3.63829027e+01       4.427023e-02
    20            212       -3.63824336e+01       5.647361e-02
    50             85       -3.63829027e+01       7.547627e-02
    70             60       -3.63826030e+01       7.295419e-02
   100             42       -3.63826030e+01       7.418573e-02
   200             21       -3.63826030e+01       8.377091e-02
   500              8       -3.63803821e+01       6.003088e-02
Stocahstic error estimate: 7.547627e-02

	predict=-0.09484153352368271,actual=(array([0.0609]), array([0.0755]))
	g=0.8778705884561548,del=2.3132309846347088,dot=0.5752585411189431,x=23.195258136093255

nparam= 4820
	log prob= -34.4109221223553
	burn in time= 38.91707396507263
	sample time= 60.291016817092896
	contraction err= 2.2075058032589148e-15 1.2736254032246255e-14
nsamples= 4254

Mean energy: -3.64985910e+01
Block size    # of blocks        Mean                Error
     1           4254       -3.64985910e+01       1.179964e-02
     2           2127       -3.64985910e+01       1.253656e-02
     5            850       -3.64982255e+01       1.424253e-02
    10            425       -3.64982255e+01       1.599607e-02
    20            212       -3.64981276e+01       1.707396e-02
    50             85       -3.64982255e+01       1.762800e-02
    70             60       -3.64963403e+01       1.884235e-02
   100             42       -3.64963403e+01       1.865721e-02
   200             21       -3.64963403e+01       1.811823e-02
   500              8       -3.64973726e+01       1.758646e-02
Stocahstic error estimate: 1.762800e-02

step=11,E=-0.3649859099284245,dE=-0.0005537077017778813,err=0.00017627995542559747,gmax=0.11986645377856442
	collect g,h time= 0.04308342933654785
	solver time=0.01759171485900879,exit status=0
niter= 26
pure_newton= False
	solver time=0.315840482711792,exit status=0
niter= 246
hessian inversion error= 9.909527688852684e-05
	log prob= -36.745613260919775
	burn in time= 39.04973030090332
	sample time= 75.7129282951355
	contraction err= 2.2362465635933133e-15 6.2376964365533415e-15
nsamples= 4254

Mean energy: -3.64161608e+01
Block size    # of blocks        Mean                Error
     1           4254       -3.64161608e+01       1.773166e-02
     2           2127       -3.64161608e+01       2.124699e-02
     5            850       -3.64161271e+01       2.847068e-02
    10            425       -3.64161271e+01       3.596350e-02
    20            212       -3.64179514e+01       4.430613e-02
    50             85       -3.64161271e+01       4.995958e-02
    70             60       -3.64177557e+01       5.414018e-02
   100             42       -3.64177557e+01       5.320323e-02
   200             21       -3.64177557e+01       5.322190e-02
   500              8       -3.64369795e+01       6.527404e-02
Stocahstic error estimate: 5.414018e-02

	predict=-0.08725931168984286,actual=(array([0.0824]), array([0.0541]))
	g=0.7380184046119318,del=1.8383526643081758,dot=0.48943081077139033,x=23.19525813609325

nparam= 4820
	log prob= -34.96937116352855
	burn in time= 38.99379110336304
	sample time= 60.33219289779663
	contraction err= 2.2250493377173058e-15 6.464799940332476e-15
nsamples= 4254

Mean energy: -3.65455911e+01
Block size    # of blocks        Mean                Error
     1           4254       -3.65455911e+01       1.181259e-02
     2           2127       -3.65455911e+01       1.252675e-02
     5            850       -3.65457770e+01       1.381100e-02
    10            425       -3.65457770e+01       1.488482e-02
    20            212       -3.65447283e+01       1.600389e-02
    50             85       -3.65457770e+01       1.626816e-02
    70             60       -3.65439103e+01       1.579249e-02
   100             42       -3.65439103e+01       1.586042e-02
   200             21       -3.65439103e+01       1.816641e-02
   500              8       -3.65443286e+01       1.606912e-02
Stocahstic error estimate: 1.626816e-02

step=12,E=-0.36545591091194923,dE=-0.0004700009835246988,err=0.00016268161302361575,gmax=0.12498424947419196
	collect g,h time= 0.042566537857055664
	solver time=0.029233694076538086,exit status=0
niter= 42
pure_newton= False
	solver time=0.2671928405761719,exit status=0
niter= 243
hessian inversion error= 9.91525103692626e-05
	log prob= -37.369346004061725
	burn in time= 39.03240180015564
	sample time= 75.84606695175171
	contraction err= 2.2259818402166086e-15 9.77130568739343e-15
nsamples= 4254

Mean energy: -3.66022989e+01
Block size    # of blocks        Mean                Error
     1           4254       -3.66022989e+01       1.413306e-02
     2           2127       -3.66022989e+01       1.633685e-02
     5            850       -3.66028031e+01       2.117188e-02
    10            425       -3.66028031e+01       2.543677e-02
    20            212       -3.66034985e+01       2.896222e-02
    50             85       -3.66028031e+01       3.106625e-02
    70             60       -3.66049294e+01       3.525904e-02
   100             42       -3.66049294e+01       3.566006e-02
   200             21       -3.66049294e+01       3.168873e-02
   500              8       -3.66096436e+01       3.083725e-02
Stocahstic error estimate: 3.566006e-02

	predict=-0.08771638193725229,actual=(array([-0.0567]), array([0.0357]))
	g=0.7474769415476419,del=1.4332656644189818,dot=0.17541560280508595,x=23.19525813609325

nparam= 4820
	log prob= -37.369346004061725
	burn in time= 38.90088605880737
	sample time= 60.25606346130371
	contraction err= 2.2181187913260938e-15 6.652778618448354e-15
nsamples= 4254

Mean energy: -3.66327576e+01
Block size    # of blocks        Mean                Error
     1           4254       -3.66327576e+01       1.405018e-02
     2           2127       -3.66327576e+01       1.607407e-02
     5            850       -3.66331159e+01       1.928763e-02
    10            425       -3.66331159e+01       2.268300e-02
    20            212       -3.66330503e+01       2.739273e-02
    50             85       -3.66331159e+01       2.947063e-02
    70             60       -3.66354328e+01       2.949081e-02
   100             42       -3.66354328e+01       3.174135e-02
   200             21       -3.66354328e+01       3.200874e-02
   500              8       -3.66415882e+01       3.715474e-02
Stocahstic error estimate: 2.949081e-02

step=13,E=-0.3663275755680761,dE=-0.000871664656126896,err=0.00029490811455390383,gmax=0.21181920228194007
	collect g,h time= 0.042873382568359375
	solver time=0.027381420135498047,exit status=0
niter= 41
pure_newton= False
	solver time=0.30586838722229004,exit status=0
niter= 281
hessian inversion error= 9.777830615324598e-05
	log prob= -38.35327164760519
	burn in time= 38.994229555130005
	sample time= 75.73348188400269
	contraction err= 2.2187122814652284e-15 1.0459994147581584e-14
nsamples= 4254

Mean energy: -3.66600045e+01
Block size    # of blocks        Mean                Error
     1           4254       -3.66600045e+01       1.569537e-02
     2           2127       -3.66600045e+01       1.937422e-02
     5            850       -3.66599139e+01       2.597762e-02
    10            425       -3.66599139e+01       3.198277e-02
    20            212       -3.66598164e+01       3.762963e-02
    50             85       -3.66599139e+01       4.588374e-02
    70             60       -3.66599942e+01       4.295507e-02
   100             42       -3.66599942e+01       5.312690e-02
   200             21       -3.66599942e+01       5.472201e-02
   500              8       -3.66506989e+01       7.016764e-02
Stocahstic error estimate: 4.588374e-02

	predict=-0.10383975972529912,actual=(array([-0.0272]), array([0.0459]))
	g=1.105137735355695,del=1.1336759190999148,dot=0.2076729103082532,x=23.195258136093255

nparam= 4820
	log prob= -38.35327164760519
	burn in time= 38.83743119239807
	sample time= 60.24791693687439
	contraction err= 2.2425260051650728e-15 7.084863761371204e-15
nsamples= 4254

Mean energy: -3.67057799e+01
Block size    # of blocks        Mean                Error
     1           4254       -3.67057799e+01       1.462883e-02
     2           2127       -3.67057799e+01       1.789271e-02
     5            850       -3.67051903e+01       2.364663e-02
    10            425       -3.67051903e+01       2.859057e-02
    20            212       -3.67047881e+01       3.275408e-02
    50             85       -3.67051903e+01       3.541931e-02
    70             60       -3.67030184e+01       3.337182e-02
   100             42       -3.67030184e+01       3.795851e-02
   200             21       -3.67030184e+01       3.862469e-02
   500              8       -3.67072271e+01       2.386090e-02
Stocahstic error estimate: 3.541931e-02

step=14,E=-0.36705779870078337,dE=-0.0007302231327072661,err=0.00035419305706397105,gmax=0.22942416484730965
	collect g,h time= 0.04281210899353027
	solver time=0.02147984504699707,exit status=0
niter= 32
pure_newton= False
	solver time=0.30771803855895996,exit status=0
niter= 281
hessian inversion error= 0.00012825262928373667
	log prob= -39.370934821898096
	burn in time= 38.996827602386475
	sample time= 75.80354237556458
	contraction err= 2.2081683654813496e-15 1.2004874584237372e-14
nsamples= 4254

Mean energy: -3.68983920e+01
Block size    # of blocks        Mean                Error
     1           4254       -3.68983920e+01       1.252114e-02
     2           2127       -3.68983920e+01       1.540933e-02
     5            850       -3.68986095e+01       2.017853e-02
    10            425       -3.68986095e+01       2.578236e-02
    20            212       -3.68995434e+01       3.099942e-02
    50             85       -3.68986095e+01       3.797846e-02
    70             60       -3.68993214e+01       3.342704e-02
   100             42       -3.68993214e+01       3.751459e-02
   200             21       -3.68993214e+01       4.654182e-02
   500              8       -3.68982199e+01       5.006410e-02
Stocahstic error estimate: 3.797846e-02

	predict=-0.10757854543289562,actual=(array([-0.1926]), array([0.038]))
	g=1.358024933660876,del=0.9431770650843739,dot=0.21514652847645674,x=23.195258136093255

nparam= 4820
	log prob= -39.370934821898096
	burn in time= 39.10032510757446
	sample time= 60.25405764579773
	contraction err= 2.2195947415554777e-15 7.812349134561418e-15
nsamples= 4254

Mean energy: -3.68920378e+01
Block size    # of blocks        Mean                Error
     1           4254       -3.68920378e+01       1.238442e-02
     2           2127       -3.68920378e+01       1.509799e-02
     5            850       -3.68916395e+01       2.001325e-02
    10            425       -3.68916395e+01       2.459183e-02
    20            212       -3.68910845e+01       2.931156e-02
    50             85       -3.68916395e+01       3.231226e-02
    70             60       -3.68885623e+01       3.504793e-02
   100             42       -3.68885623e+01       3.779401e-02
   200             21       -3.68885623e+01       4.422728e-02
   500              8       -3.68811073e+01       4.967056e-02
step=15,E=-0.36892037815932793,dE=-0.0018625794585445732,err=0.0004967056359916531,gmax=0.2334817342167348
	collect g,h time= 0.04290318489074707
	solver time=0.028281211853027344,exit status=0
niter= 42
pure_newton= False
	solver time=0.29236841201782227,exit status=0
niter= 270
hessian inversion error= 0.00011456311939350164
	log prob= -39.955113791945216
	burn in time= 39.16369819641113
	sample time= 75.70982766151428
	contraction err= 2.1984907906590422e-15 7.72116903720726e-15
nsamples= 4254

Mean energy: -3.69997644e+01
Block size    # of blocks        Mean                Error
     1           4254       -3.69997644e+01       1.129962e-02
     2           2127       -3.69997644e+01       1.357765e-02
     5            850       -3.69995963e+01       1.828544e-02
    10            425       -3.69995963e+01       2.243715e-02
    20            212       -3.69996011e+01       2.880479e-02
    50             85       -3.69995963e+01       3.321674e-02
    70             60       -3.69997239e+01       3.914548e-02
   100             42       -3.69997239e+01       4.028859e-02
   200             21       -3.69997239e+01       4.828100e-02
   500              8       -3.69926164e+01       4.679383e-02
Stocahstic error estimate: 4.028859e-02

	predict=-0.0744542871874049,actual=(array([-0.1077]), array([0.0403]))
	g=1.1462970099800573,del=0.6800848527163592,dot=0.1488980546010955,x=23.19525813609325

nparam= 4820
	log prob= -39.955113791945216
	burn in time= 38.91515040397644
	sample time= 60.239097595214844
	contraction err= 2.2182199733185406e-15 2.0521304728336426e-14
nsamples= 4254

Mean energy: -3.69714099e+01
Block size    # of blocks        Mean                Error
     1           4254       -3.69714099e+01       1.390899e-02
     2           2127       -3.69714099e+01       1.654551e-02
     5            850       -3.69713837e+01       2.168118e-02
    10            425       -3.69713837e+01       2.605899e-02
    20            212       -3.69709949e+01       3.152861e-02
    50             85       -3.69713837e+01       3.170520e-02
    70             60       -3.69689811e+01       3.278056e-02
   100             42       -3.69689811e+01       3.301086e-02
   200             21       -3.69689811e+01       2.939282e-02
   500              8       -3.69632766e+01       3.231483e-02
Stocahstic error estimate: 3.170520e-02

step=16,E=-0.369714098946759,dE=-0.0007937207874310559,err=0.0003170519794131843,gmax=0.5212365050944879
	collect g,h time= 0.04308748245239258
	solver time=0.022971153259277344,exit status=0
niter= 34
pure_newton= False
	solver time=0.3066987991333008,exit status=0
niter= 281
hessian inversion error= 0.000162332463718479
	log prob= -40.1855720168438
	burn in time= 39.13478660583496
	sample time= 75.75601935386658
	contraction err= 2.2130039464835783e-15 1.019740421952498e-14
nsamples= 4254

Mean energy: -3.71363010e+01
Block size    # of blocks        Mean                Error
     1           4254       -3.71363010e+01       8.047274e-03
     2           2127       -3.71363010e+01       9.528110e-03
     5            850       -3.71366072e+01       1.237833e-02
    10            425       -3.71366072e+01       1.505911e-02
    20            212       -3.71367763e+01       1.829352e-02
    50             85       -3.71366072e+01       1.829053e-02
    70             60       -3.71361626e+01       1.958911e-02
   100             42       -3.71361626e+01       2.163873e-02
   200             21       -3.71361626e+01       2.078549e-02
   500              8       -3.71466991e+01       2.108547e-02
Stocahstic error estimate: 1.829352e-02

	predict=-0.0841926156751785,actual=(array([-0.1649]), array([0.0183]))
	g=1.8502474721111322,del=0.574179069361205,dot=0.16837392072011084,x=23.19525813609326

nparam= 4820
	log prob= -40.1855720168438
	burn in time= 38.723639488220215
	sample time= 60.244988679885864
	contraction err= 2.201742743791181e-15 1.5254471262600683e-14
nsamples= 4254

Mean energy: -3.70807477e+01
Block size    # of blocks        Mean                Error
     1           4254       -3.70807477e+01       1.346191e-02
     2           2127       -3.70807477e+01       1.590181e-02
     5            850       -3.70806084e+01       2.110267e-02
    10            425       -3.70806084e+01       2.561645e-02
    20            212       -3.70805916e+01       2.712505e-02
    50             85       -3.70806084e+01       3.129981e-02
    70             60       -3.70891773e+01       3.223423e-02
   100             42       -3.70891773e+01       3.315129e-02
   200             21       -3.70891773e+01       3.165493e-02
   500              8       -3.70895184e+01       3.973410e-02
Stocahstic error estimate: 3.223423e-02

step=17,E=-0.37080747736448477,dE=-0.0010933784177257877,err=0.00032234227074121486,gmax=3.6882079874657467
	collect g,h time= 0.042743682861328125
	solver time=0.008749723434448242,exit status=0
niter= 13
pure_newton= False
	solver time=0.17933368682861328,exit status=0
niter= 155
hessian inversion error= 0.0006995026650867004
	log prob= -40.3784556412971
	burn in time= 39.085575342178345
	sample time= 75.67995691299438
	contraction err= 2.1866093616524435e-15 9.230723286519713e-15
nsamples= 4254

Mean energy: -3.71387375e+01
Block size    # of blocks        Mean                Error
     1           4254       -3.71387375e+01       1.101486e-02
     2           2127       -3.71387375e+01       1.451657e-02
     5            850       -3.71386376e+01       2.075025e-02
    10            425       -3.71386376e+01       2.689134e-02
    20            212       -3.71381875e+01       3.574570e-02
    50             85       -3.71386376e+01       4.602404e-02
    70             60       -3.71401029e+01       3.891466e-02
   100             42       -3.71401029e+01       4.534639e-02
   200             21       -3.71401029e+01       5.916510e-02
   500              8       -3.71376381e+01       6.629893e-02
Stocahstic error estimate: 4.602404e-02

	predict=-0.061832369343660445,actual=(array([-0.058]), array([0.046]))
	g=7.000810405350774,del=0.38090526981784956,dot=0.12356034323918755,x=23.19525813609325

nparam= 4820
	log prob= -40.3784556412971
	burn in time= 38.72640371322632
	sample time= 60.1962616443634
	contraction err= 2.185022514010842e-15 6.984357706322752e-15
nsamples= 4254

Mean energy: -3.71601345e+01
Block size    # of blocks        Mean                Error
     1           4254       -3.71601345e+01       9.641563e-03
     2           2127       -3.71601345e+01       1.218116e-02
     5            850       -3.71615839e+01       1.688781e-02
    10            425       -3.71615839e+01       2.162749e-02
    20            212       -3.71641348e+01       2.830716e-02
    50             85       -3.71615839e+01       2.376164e-02
    70             60       -3.71642609e+01       2.669623e-02
   100             42       -3.71642609e+01       2.837960e-02
   200             21       -3.71642609e+01       2.737794e-02
   500              8       -3.71645697e+01       2.950872e-02
Stocahstic error estimate: 2.830716e-02

step=18,E=-0.371601344790775,dE=-0.0007938674262901913,err=0.0002830715713345297,gmax=0.3279661748094034
	collect g,h time= 0.042960405349731445
	solver time=0.02485179901123047,exit status=0
niter= 37
pure_newton= False
	solver time=0.2544078826904297,exit status=0
niter= 230
hessian inversion error= 0.00011681099375393224
	log prob= -40.44365955008577
	burn in time= 38.87013268470764
	sample time= 75.68322086334229
	contraction err= 2.173099379906159e-15 8.067797124788589e-15
nsamples= 4254

Mean energy: -3.72541686e+01
Block size    # of blocks        Mean                Error
     1           4254       -3.72541686e+01       5.846695e-03
     2           2127       -3.72541686e+01       6.207165e-03
     5            850       -3.72541190e+01       6.727769e-03
    10            425       -3.72541190e+01       6.858907e-03
    20            212       -3.72540511e+01       6.906549e-03
    50             85       -3.72541190e+01       7.296698e-03
    70             60       -3.72536374e+01       7.220828e-03
   100             42       -3.72536374e+01       7.642940e-03
   200             21       -3.72536374e+01       8.113915e-03
   500              8       -3.72539023e+01       6.510739e-03
Stocahstic error estimate: 6.858907e-03

	predict=-0.04219166937124647,actual=(array([-0.094]), array([0.0069]))
	g=1.1772026024547604,del=0.32905823205814927,dot=0.0843774073252449,x=23.19525813609325

nparam= 4820
	log prob= -40.44365955008577
	burn in time= 38.757792234420776
	sample time= 60.18009376525879
	contraction err= 2.1734774574580504e-15 8.538332666056364e-15
nsamples= 4254

Mean energy: -3.72295706e+01
Block size    # of blocks        Mean                Error
     1           4254       -3.72295706e+01       7.673871e-03
     2           2127       -3.72295706e+01       9.100619e-03
     5            850       -3.72295241e+01       1.155668e-02
    10            425       -3.72295241e+01       1.277127e-02
    20            212       -3.72292985e+01       1.415203e-02
    50             85       -3.72295241e+01       1.539817e-02
    70             60       -3.72283192e+01       1.561633e-02
   100             42       -3.72283192e+01       1.408291e-02
   200             21       -3.72283192e+01       1.493769e-02
   500              8       -3.72241770e+01       1.463581e-02
Stocahstic error estimate: 1.561633e-02

step=19,E=-0.3722957063564759,dE=-0.0006943615657009161,err=0.00015616333828418893,gmax=0.32856581387788975
	collect g,h time= 0.04160499572753906
	solver time=0.022770404815673828,exit status=0
niter= 34
pure_newton= False
	solver time=0.27346181869506836,exit status=0
niter= 248
hessian inversion error= 0.00011445607818514537
	log prob= -40.45158099494424
	burn in time= 39.17043089866638
	sample time= 75.83937931060791
	contraction err= 2.2078620216663763e-15 1.0294145403912092e-14
nsamples= 4254

Mean energy: -3.72691001e+01
Block size    # of blocks        Mean                Error
     1           4254       -3.72691001e+01       6.386893e-03
     2           2127       -3.72691001e+01       7.589711e-03
     5            850       -3.72695973e+01       9.580966e-03
    10            425       -3.72695973e+01       1.148062e-02
    20            212       -3.72695098e+01       1.338254e-02
    50             85       -3.72695973e+01       1.411314e-02
    70             60       -3.72695056e+01       1.449298e-02
   100             42       -3.72695056e+01       1.384600e-02
   200             21       -3.72695056e+01       1.430097e-02
   500              8       -3.72755689e+01       1.555694e-02
Stocahstic error estimate: 1.449298e-02

	predict=-0.03093558637800109,actual=(array([-0.0395]), array([0.0145]))
	g=1.1504950241273288,del=0.2851979571162269,dot=0.06186285730307868,x=23.19525813609325

nparam= 4820
	log prob= -40.45158099494424
	burn in time= 38.73121118545532
	sample time= 60.227171659469604
	contraction err= 2.2070107127213092e-15 9.419575347690739e-15
nsamples= 4254

Mean energy: -3.72907683e+01
Block size    # of blocks        Mean                Error
     1           4254       -3.72907683e+01       5.765138e-03
     2           2127       -3.72907683e+01       6.846423e-03
     5            850       -3.72907862e+01       8.624527e-03
    10            425       -3.72907862e+01       1.046520e-02
    20            212       -3.72903561e+01       1.051986e-02
    50             85       -3.72907862e+01       1.288962e-02
    70             60       -3.72904097e+01       1.265267e-02
   100             42       -3.72904097e+01       1.250673e-02
   200             21       -3.72904097e+01       1.325790e-02
   500              8       -3.72883834e+01       1.248535e-02
Stocahstic error estimate: 1.051986e-02

step=20,E=-0.37290768306613215,dE=-0.0006119767096562611,err=0.00010519858658507986,gmax=0.13759921927781082
	collect g,h time= 0.04266858100891113
	solver time=0.02667093276977539,exit status=0
niter= 40
pure_newton= False
	solver time=0.24469399452209473,exit status=0
niter= 219
hessian inversion error= 8.804196518360313e-05
	log prob= -40.57156878882985
	burn in time= 39.052934408187866
	sample time= 75.60377407073975
	contraction err= 2.168591484214247e-15 1.7766614249532687e-14
nsamples= 4254

Mean energy: -3.72987498e+01
Block size    # of blocks        Mean                Error
     1           4254       -3.72987498e+01       6.838003e-03
     2           2127       -3.72987498e+01       8.115777e-03
     5            850       -3.72988012e+01       1.041182e-02
    10            425       -3.72988012e+01       1.242299e-02
    20            212       -3.72985779e+01       1.535232e-02
    50             85       -3.72988012e+01       1.643394e-02
    70             60       -3.72980857e+01       1.806403e-02
   100             42       -3.72980857e+01       1.628777e-02
   200             21       -3.72980857e+01       1.735466e-02
   500              8       -3.73108323e+01       1.192526e-02
Stocahstic error estimate: 1.806403e-02

	predict=-0.01914813060279617,actual=(array([-0.008]), array([0.0181]))
	g=0.8648173093014028,del=0.22117198788830694,dot=0.038292544551337064,x=23.195258136093248

nparam= 4820
	log prob= -40.57156878882985
	burn in time= 38.7685649394989
	sample time= 60.20613479614258
	contraction err= 2.151600163324408e-15 9.456818201169359e-15
nsamples= 4254

Mean energy: -3.73147609e+01
Block size    # of blocks        Mean                Error
     1           4254       -3.73147609e+01       6.002020e-03
     2           2127       -3.73147609e+01       7.404835e-03
     5            850       -3.73145994e+01       9.485495e-03
    10            425       -3.73145994e+01       1.065424e-02
    20            212       -3.73142600e+01       1.239570e-02
    50             85       -3.73145994e+01       1.211254e-02
    70             60       -3.73133776e+01       1.355538e-02
   100             42       -3.73133776e+01       1.248038e-02
   200             21       -3.73133776e+01       1.323486e-02
   500              8       -3.73179276e+01       1.393780e-02
Stocahstic error estimate: 1.239570e-02

step=21,E=-0.37314760908817474,dE=-0.00023992602204259584,err=0.0001239569692357783,gmax=0.11871442280295663
	collect g,h time= 0.04291701316833496
	solver time=0.024763107299804688,exit status=0
niter= 37
pure_newton= False
	solver time=0.23240280151367188,exit status=0
niter= 209
hessian inversion error= 9.979860524218064e-05
	log prob= -40.66055223115861
	burn in time= 39.01262402534485
	sample time= 75.76618337631226
	contraction err= 2.1240237071768114e-15 1.0200780037137506e-14
nsamples= 4254

Mean energy: -3.73455645e+01
Block size    # of blocks        Mean                Error
     1           4254       -3.73455645e+01       5.881464e-03
     2           2127       -3.73455645e+01       7.038820e-03
     5            850       -3.73455557e+01       9.284921e-03
    10            425       -3.73455557e+01       1.081373e-02
    20            212       -3.73453655e+01       1.314980e-02
    50             85       -3.73455557e+01       1.138517e-02
    70             60       -3.73450141e+01       1.442625e-02
   100             42       -3.73450141e+01       1.452452e-02
   200             21       -3.73450141e+01       1.379547e-02
   500              8       -3.73451955e+01       1.213662e-02
Stocahstic error estimate: 1.314980e-02

	predict=-0.018801724941760713,actual=(array([-0.0308]), array([0.0131]))
	g=0.7877116066791969,del=0.20253963345829434,dot=0.037598591921729034,x=23.19525813609325

nparam= 4820
	log prob= -40.66055223115861
	burn in time= 38.756288290023804
	sample time= 60.147807359695435
	contraction err= 2.1243484524662993e-15 8.240587130561864e-15
nsamples= 4254

Mean energy: -3.73411050e+01
Block size    # of blocks        Mean                Error
     1           4254       -3.73411050e+01       5.913696e-03
     2           2127       -3.73411050e+01       6.806130e-03
     5            850       -3.73409968e+01       8.869694e-03
    10            425       -3.73409968e+01       9.819729e-03
    20            212       -3.73407974e+01       1.144699e-02
    50             85       -3.73409968e+01       1.051481e-02
    70             60       -3.73455446e+01       9.936459e-03
   100             42       -3.73455446e+01       9.616386e-03
   200             21       -3.73455446e+01       9.524773e-03
   500              8       -3.73445334e+01       1.046651e-02
Stocahstic error estimate: 1.144699e-02

step=22,E=-0.37341105008178216,dE=-0.0002634409936074178,err=0.00011446990970227522,gmax=0.12617086104677977
	collect g,h time= 0.04284524917602539
	solver time=0.024083852767944336,exit status=0
niter= 36
pure_newton= False
	solver time=0.2368626594543457,exit status=0
niter= 214
hessian inversion error= 9.989935190044748e-05
	log prob= -40.688270070721
	burn in time= 38.86335229873657
	sample time= 75.78660559654236
	contraction err= 2.1381889196600537e-15 9.586405824528818e-15
nsamples= 4254

Mean energy: -3.73678990e+01
Block size    # of blocks        Mean                Error
     1           4254       -3.73678990e+01       5.272710e-03
     2           2127       -3.73678990e+01       6.565905e-03
     5            850       -3.73682536e+01       9.458716e-03
    10            425       -3.73682536e+01       1.131404e-02
    20            212       -3.73679702e+01       1.462070e-02
    50             85       -3.73682536e+01       1.407963e-02
    70             60       -3.73672645e+01       1.502629e-02
   100             42       -3.73672645e+01       1.342681e-02
   200             21       -3.73672645e+01       1.712255e-02
   500              8       -3.73659532e+01       2.041927e-02
Stocahstic error estimate: 1.462070e-02

	predict=-0.01886199394744918,actual=(array([-0.0268]), array([0.0146]))
	g=0.8742518578807061,del=0.17961011382881273,dot=0.037718666289966826,x=23.19525813609325

nparam= 4820
	log prob= -40.688270070721
	burn in time= 39.23517417907715
	sample time= 60.178141593933105
	contraction err= 2.12921859215879e-15 1.3360546274920235e-14
nsamples= 4254

Mean energy: -3.73625410e+01
Block size    # of blocks        Mean                Error
     1           4254       -3.73625410e+01       6.064270e-03
     2           2127       -3.73625410e+01       7.510219e-03
     5            850       -3.73625660e+01       1.006814e-02
    10            425       -3.73625660e+01       1.173456e-02
    20            212       -3.73622359e+01       1.203882e-02
    50             85       -3.73625660e+01       1.316473e-02
    70             60       -3.73625779e+01       1.395974e-02
   100             42       -3.73625779e+01       1.430967e-02
   200             21       -3.73625779e+01       1.535844e-02
   500              8       -3.73612089e+01       1.061097e-02
Stocahstic error estimate: 1.203882e-02

step=23,E=-0.37362541017041,dE=-0.00021436008862785628,err=0.000120388213535072,gmax=0.10135372918342789
	collect g,h time= 0.04161429405212402
	solver time=0.023279190063476562,exit status=0
niter= 35
pure_newton= False
	solver time=0.2256603240966797,exit status=0
niter= 203
hessian inversion error= 9.956329280391482e-05
	log prob= -40.67846781013449
	burn in time= 38.666555881500244
	sample time= 75.55066990852356
	contraction err= 2.1245470661430057e-15 1.7958769120941074e-14
nsamples= 4254

Mean energy: -3.73592017e+01
Block size    # of blocks        Mean                Error
     1           4254       -3.73592017e+01       7.037216e-03
     2           2127       -3.73592017e+01       8.956145e-03
     5            850       -3.73592635e+01       1.241744e-02
    10            425       -3.73592635e+01       1.547543e-02
    20            212       -3.73592090e+01       2.043451e-02
    50             85       -3.73592635e+01       2.258667e-02
    70             60       -3.73585281e+01       2.445099e-02
   100             42       -3.73585281e+01       2.123686e-02
   200             21       -3.73585281e+01       2.043996e-02
   500              8       -3.73564094e+01       2.064343e-02
Stocahstic error estimate: 2.445099e-02

	predict=-0.018826625672028745,actual=(array([0.0033]), array([0.0245]))
	g=0.824617234509155,del=0.4611043739990183,dot=0.1543881968054,x=23.19525813609325

#nparam= 4820
#	log prob= -40.672007255122594
#	burn in time= 38.90140199661255
#	sample time= 60.167184591293335
#	contraction err= 2.131689803317604e-15 1.190379520535533e-14
#nsamples= 4254
#
#Mean energy: -3.73635439e+01
#Block size    # of blocks        Mean                Error
#     1           4254       -3.73635439e+01       5.732535e-03
#     2           2127       -3.73635439e+01       6.856597e-03
#     5            850       -3.73640183e+01       8.301120e-03
#    10            425       -3.73640183e+01       1.007767e-02
#    20            212       -3.73639764e+01       1.049035e-02
#    50             85       -3.73640183e+01       1.171054e-02
#    70             60       -3.73639763e+01       1.159675e-02
#   100             42       -3.73639763e+01       1.214614e-02
#   200             21       -3.73639763e+01       1.309897e-02
#   500              8       -3.73605111e+01       1.210464e-02
#Stocahstic error estimate: 1.049035e-02
#
#step=24,E=-0.37363543896224427,dE=-1.0028791834244544e-05,err=0.00010490348784626208,gmax=1.6205275518643312
#	collect g,h time= 0.04285025596618652
#	solver time=0.011291980743408203,exit status=0
#niter= 17
#pure_newton= False
#	solver time=0.18930506706237793,exit status=0
#niter= 165
#hessian inversion error= 0.00023603590910072645
#	log prob= -40.68171820907976
block_dict= [(0, 4820)]
sizes= [4820]
SIZE= 256
L= 100
nspin= (50, 50)
nparam= 4820

nparam= 4820
	log prob= 11.471087203960364
	burn in time= 39.155441999435425
	sample time= 59.386308908462524
	contraction err= 2.1219322890450106e-15 1.5091854330941636e-14
nsamples= 4254

Mean energy: -3.73540795e+01
Block size    # of blocks        Mean                Error
     1           4254       -3.73540795e+01       6.902210e-03
     2           2127       -3.73540795e+01       7.793274e-03
     5            850       -3.73539342e+01       9.598404e-03
    10            425       -3.73539342e+01       1.082703e-02
    20            212       -3.73539068e+01       1.255613e-02
    50             85       -3.73539342e+01       1.579403e-02
    70             60       -3.73537871e+01       1.616978e-02
   100             42       -3.73537871e+01       1.868844e-02
   200             21       -3.73537871e+01       1.922290e-02
   500              8       -3.73521322e+01       1.845650e-02
Stocahstic error estimate: 1.616978e-02

step=24,E=-0.373540794656553,dE=0.0,err=0.0001616977523685753,gmax=1.5023640031311318
	collect g,h time= 0.04369664192199707
	solver time=0.023877859115600586,exit status=0
niter= 24
pure_newton= False
	solver time=0.28464746475219727,exit status=0
niter= 128
hessian inversion error= 0.0002544955374618582
	log prob= 11.46035154735692
	burn in time= 39.028995752334595
	sample time= 75.63913226127625
	contraction err= 2.151817315056171e-15 1.1637649007858598e-14
nsamples= 4254

Mean energy: -3.73604589e+01
Block size    # of blocks        Mean                Error
     1           4254       -3.73604589e+01       7.338760e-03
     2           2127       -3.73604589e+01       9.506100e-03
     5            850       -3.73604572e+01       1.351510e-02
    10            425       -3.73604572e+01       1.618799e-02
    20            212       -3.73602447e+01       1.948344e-02
    50             85       -3.73604572e+01       2.298759e-02
    70             60       -3.73594518e+01       2.441032e-02
   100             42       -3.73594518e+01       2.402768e-02
   200             21       -3.73594518e+01       2.308318e-02
   500              8       -3.73562706e+01       1.457192e-02
Stocahstic error estimate: 2.441032e-02

	predict=-0.024818381773422764,actual=(array([-0.0064]), array([0.0244]))
	g=2.552411471204349,del=0.16165830574618514,dot=0.049627422262298174,x=30.15383557692124

nparam= 4820
	log prob= 11.46035154735692
	burn in time= 39.64605498313904
	sample time= 60.1471152305603
	contraction err= 2.1199485069232314e-15 1.0394079642655736e-14
nsamples= 4254

Mean energy: -3.73994102e+01
Block size    # of blocks        Mean                Error
     1           4254       -3.73994102e+01       5.449129e-03
     2           2127       -3.73994102e+01       6.518666e-03
     5            850       -3.73993620e+01       8.450151e-03
    10            425       -3.73993620e+01       9.789305e-03
    20            212       -3.73995308e+01       1.017427e-02
    50             85       -3.73993620e+01       1.056846e-02
    70             60       -3.73993368e+01       1.097485e-02
   100             42       -3.73993368e+01       9.947276e-03
   200             21       -3.73993368e+01       1.324920e-02
   500              8       -3.73977859e+01       1.286504e-02
Stocahstic error estimate: 1.017427e-02

step=25,E=-0.373994102029033,dE=-0.00045330737248001186,err=0.00010174268515733702,gmax=0.350460399181328
	collect g,h time= 0.04337000846862793
	solver time=0.02251744270324707,exit status=0
niter= 33
pure_newton= False
	solver time=0.16019606590270996,exit status=0
niter= 142
hessian inversion error= 9.971672341697523e-05
	log prob= 11.433883889456359
	burn in time= 38.80425691604614
	sample time= 75.74594521522522
	contraction err= 2.0886183306743155e-15 1.1539471409270548e-14
nsamples= 4254

Mean energy: -3.73584699e+01
Block size    # of blocks        Mean                Error
     1           4254       -3.73584699e+01       8.951435e-03
     2           2127       -3.73584699e+01       1.181052e-02
     5            850       -3.73583858e+01       1.717183e-02
    10            425       -3.73583858e+01       2.233761e-02
    20            212       -3.73580756e+01       2.811781e-02
    50             85       -3.73583858e+01       3.697044e-02
    70             60       -3.73583438e+01       4.071178e-02
   100             42       -3.73583438e+01       3.774233e-02
   200             21       -3.73583438e+01       4.126423e-02
   500              8       -3.73917929e+01       2.659286e-02
Stocahstic error estimate: 4.071178e-02

	predict=-0.014264130582722238,actual=(array([0.0409]), array([0.0407]))
	g=0.816314138603221,del=0.40893087101030806,dot=0.12503526483664595,x=30.15383557692123

nparam= 4820
	log prob= 11.463930542847292
	burn in time= 39.147619009017944
	sample time= 60.16967463493347
	contraction err= 2.089727968994306e-15 1.3874446335459242e-14
nsamples= 4254

Mean energy: -3.73798211e+01
Block size    # of blocks        Mean                Error
     1           4254       -3.73798211e+01       6.828524e-03
     2           2127       -3.73798211e+01       8.752376e-03
     5            850       -3.73797157e+01       1.221385e-02
    10            425       -3.73797157e+01       1.570280e-02
    20            212       -3.73795432e+01       1.774225e-02
    50             85       -3.73797157e+01       1.871335e-02
    70             60       -3.73793356e+01       1.777093e-02
   100             42       -3.73793356e+01       1.939171e-02
   200             21       -3.73793356e+01       2.306141e-02
   500              8       -3.73775862e+01       1.898792e-02
Stocahstic error estimate: 1.871335e-02

step=26,E=-0.3737982112077489,dE=0.00019589082128405267,err=0.00018713349326082956,gmax=0.28052618462084045
	collect g,h time= 0.04213380813598633
	solver time=0.016259193420410156,exit status=0
niter= 24
pure_newton= False
	solver time=0.20110845565795898,exit status=0
niter= 182
hessian inversion error= 9.892656275005707e-05
	log prob= 11.468596413459501
	burn in time= 39.315526723861694
	sample time= 75.6059410572052
	contraction err= 2.1302893680091847e-15 1.2836514224216936e-14
nsamples= 4254

Mean energy: -3.73641375e+01
Block size    # of blocks        Mean                Error
     1           4254       -3.73641375e+01       8.055549e-03
     2           2127       -3.73641375e+01       1.063416e-02
     5            850       -3.73640638e+01       1.549002e-02
    10            425       -3.73640638e+01       2.071055e-02
    20            212       -3.73638482e+01       2.669595e-02
    50             85       -3.73640638e+01       3.342449e-02
    70             60       -3.73631065e+01       4.089676e-02
   100             42       -3.73631065e+01       3.957938e-02
   200             21       -3.73631065e+01       3.999822e-02
   500              8       -3.73615619e+01       4.697053e-02
Stocahstic error estimate: 4.089676e-02

	predict=-0.02000181544133075,actual=(array([0.0157]), array([0.0409]))
	g=0.9112666207407172,del=0.483900956164392,dot=0.19523666666851347,x=30.15383557692122

nparam= 4820
	log prob= 11.494548715581326
	burn in time= 39.14989876747131
	sample time= 60.15500855445862
	contraction err= 2.121359589754041e-15 1.2926697630683593e-14
nsamples= 4254

Mean energy: -3.73650637e+01
Block size    # of blocks        Mean                Error
     1           4254       -3.73650637e+01       8.334964e-03
     2           2127       -3.73650637e+01       1.088211e-02
     5            850       -3.73649323e+01       1.550417e-02
    10            425       -3.73649323e+01       2.025586e-02
    20            212       -3.73646792e+01       2.234417e-02
    50             85       -3.73649323e+01       2.594163e-02
    70             60       -3.73642473e+01       2.293362e-02
   100             42       -3.73642473e+01       2.636759e-02
   200             21       -3.73642473e+01       3.056652e-02
   500              8       -3.73613703e+01       3.123991e-02
Stocahstic error estimate: 2.594163e-02

step=27,E=-0.3736506368137644,dE=0.0001475743939845131,err=0.0002594162906452957,gmax=0.7418270034723449
	collect g,h time= 0.0423884391784668
	solver time=0.024688005447387695,exit status=0
niter= 37
pure_newton= False
	solver time=0.16348910331726074,exit status=0
niter= 147
hessian inversion error= 0.00013079738047227642
	log prob= 11.526320103623341
	burn in time= 38.86133027076721
	sample time= 75.69759488105774
	contraction err= 2.099603827137633e-15 1.2775212934412123e-14
nsamples= 4254

Mean energy: -3.73434154e+01
Block size    # of blocks        Mean                Error
     1           4254       -3.73434154e+01       1.040462e-02
     2           2127       -3.73434154e+01       1.435923e-02
     5            850       -3.73432825e+01       2.175882e-02
    10            425       -3.73432825e+01       2.914906e-02
    20            212       -3.73431287e+01       3.787269e-02
    50             85       -3.73432825e+01       5.050916e-02
    70             60       -3.73421996e+01       5.537626e-02
   100             42       -3.73421996e+01       5.186494e-02
   200             21       -3.73421996e+01       5.671422e-02
   500              8       -3.73789811e+01       6.392530e-02
Stocahstic error estimate: 5.537626e-02

	predict=-0.027803035340193353,actual=(array([0.0216]), array([0.0554]))
	g=1.3128117420143732,del=0.5238393121160881,dot=0.2934893431101033,x=30.15383557692123

nparam= 4820
	log prob= 11.509605799317331
	burn in time= 39.10843563079834
	sample time= 60.18934178352356
	contraction err= 2.0802987079217378e-15 3.838171735844786e-14
nsamples= 4254

Mean energy: -3.73823825e+01
Block size    # of blocks        Mean                Error
     1           4254       -3.73823825e+01       7.254887e-03
     2           2127       -3.73823825e+01       9.605261e-03
     5            850       -3.73822668e+01       1.452571e-02
    10            425       -3.73822668e+01       1.804573e-02
    20            212       -3.73821023e+01       2.263546e-02
    50             85       -3.73822668e+01       2.525875e-02
    70             60       -3.73812579e+01       2.293950e-02
   100             42       -3.73812579e+01       2.531360e-02
   200             21       -3.73812579e+01       2.792586e-02
   500              8       -3.73788776e+01       2.763099e-02
Stocahstic error estimate: 2.525875e-02

step=28,E=-0.3738238252179657,dE=-0.0001731884042013121,err=0.0002525875072558156,gmax=0.44119697721325624
	collect g,h time= 0.04233407974243164
	solver time=0.023339509963989258,exit status=0
niter= 35
pure_newton= False
	solver time=0.1758272647857666,exit status=0
niter= 157
hessian inversion error= 0.00010896007683238956
	log prob= 11.504148369297871
	burn in time= 39.314849853515625
	sample time= 75.68347215652466
	contraction err= 2.0680201151529033e-15 1.4227468050530408e-14
nsamples= 4254

Mean energy: -3.73632377e+01
Block size    # of blocks        Mean                Error
     1           4254       -3.73632377e+01       8.967899e-03
     2           2127       -3.73632377e+01       1.213466e-02
     5            850       -3.73636272e+01       1.821021e-02
    10            425       -3.73636272e+01       2.404852e-02
    20            212       -3.73634084e+01       2.872072e-02
    50             85       -3.73636272e+01       3.538358e-02
    70             60       -3.73627744e+01       4.213863e-02
   100             42       -3.73627744e+01       3.490322e-02
   200             21       -3.73627744e+01       4.043805e-02
   500              8       -3.73973793e+01       2.120838e-02
Stocahstic error estimate: 4.213863e-02

	predict=-0.0211454071115573,actual=(array([0.0191]), array([0.0421]))
	g=1.100668170023326,del=0.4135396617617893,dot=0.2214013621565183,x=30.153835576921228

nparam= 4820
	log prob= 11.518658247371372
	burn in time= 39.062633752822876
	sample time= 60.19374465942383
	contraction err= 2.0772889264765982e-15 8.0901865657474e-15
nsamples= 4254

Mean energy: -3.73499833e+01
Block size    # of blocks        Mean                Error
     1           4254       -3.73499833e+01       9.505793e-03
     2           2127       -3.73499833e+01       1.277151e-02
     5            850       -3.73500679e+01       1.874956e-02
    10            425       -3.73500679e+01       2.506471e-02
    20            212       -3.73498200e+01       2.760026e-02
    50             85       -3.73500679e+01       3.398508e-02
    70             60       -3.73542223e+01       2.844055e-02
   100             42       -3.73542223e+01       3.379477e-02
   200             21       -3.73542223e+01       3.506726e-02
   500              8       -3.73493505e+01       3.576673e-02
Stocahstic error estimate: 3.398508e-02

step=29,E=-0.3734998326190533,dE=0.00032399259891242594,err=0.00033985077551668385,gmax=0.4903925645160876
	collect g,h time= 0.042005300521850586
	solver time=0.023793935775756836,exit status=0
niter= 36
pure_newton= False
	solver time=0.17444825172424316,exit status=0
niter= 157
hessian inversion error= 0.00010890923683981834
	log prob= 11.552459749104194
	burn in time= 38.92742419242859
	sample time= 75.78470873832703
	contraction err= 2.07925130273327e-15 1.251525240245959e-14
nsamples= 4254

Mean energy: -3.73686024e+01
Block size    # of blocks        Mean                Error
     1           4254       -3.73686024e+01       8.277188e-03
     2           2127       -3.73686024e+01       1.123408e-02
     5            850       -3.73686060e+01       1.674511e-02
    10            425       -3.73686060e+01       2.245027e-02
    20            212       -3.73684257e+01       2.955224e-02
    50             85       -3.73686060e+01       3.550914e-02
    70             60       -3.73678114e+01       4.240987e-02
   100             42       -3.73678114e+01       3.848391e-02
   200             21       -3.73678114e+01       4.344510e-02
   500              8       -3.74017452e+01       2.693894e-02
Stocahstic error estimate: 4.240987e-02

	predict=-0.03312471550880268,actual=(array([-0.0186]), array([0.0424]))
	g=1.2342174560557095,del=0.14541109241450675,dot=0.06624641772284409,x=30.15383557692123
