RANK= 0
SIZE= 640
Lx,Ly= 8 8
D= 6
chi= 2
rate= 0.1 0.5
cond= 0.001 0.001
nparams= 103968
	burn in time= 310.5713813304901
	sample time= 12864.986410856247
	contraction err= 0.0 0.0

Mean energy: -3.09354180e+01
Block size    # of blocks        Mean                Error
     1           300000       -3.09354180e+01       5.835772e-04
     2           150000       -3.09354180e+01       5.836023e-04
     5           60000       -3.09354180e+01       5.824504e-04
    10           30000       -3.09354180e+01       5.829498e-04
    20           15000       -3.09354180e+01       5.780474e-04
    50           6000       -3.09354180e+01       5.797326e-04
    70           4285       -3.09353940e+01       5.774674e-04
   100           3000       -3.09354180e+01       5.816299e-04
   200           1500       -3.09354180e+01       5.794981e-04
   500            600       -3.09354180e+01       5.913818e-04
0 0.0005836022824381227 0.0005913818145012536
Stocahstic error estimate: 5.836023e-04

step=29,E=-0.4833659068101068,dE=-0.4833659068101068,err=9.118785663095667e-06,gmax=0.006683666771990282
	collect data time= 27.39318609237671
	solver time=47.53936243057251,exit status=0
niter= 153
	solver time=7.060017347335815,exit status=0
niter= 46
	burn in time= 316.28620433807373
	sample time= 7349.58943104744
	contraction err= 0.0 0.0

Mean energy: -3.09375277e+01
Block size    # of blocks        Mean                Error
     1           300000       -3.09375277e+01       6.115860e-04
     2           150000       -3.09375277e+01       6.115055e-04
     5           60000       -3.09375277e+01       6.132876e-04
    10           30000       -3.09375277e+01       6.120761e-04
    20           15000       -3.09375277e+01       6.052704e-04
    50           6000       -3.09375277e+01       6.057469e-04
    70           4285       -3.09375277e+01       6.019363e-04
   100           3000       -3.09375277e+01       5.989582e-04
   200           1500       -3.09375277e+01       5.937007e-04
   500            600       -3.09375277e+01       6.126649e-04
0 0.0006115860490620162 0.0006126648687425889
Stocahstic error estimate: 6.115860e-04

	predict=-0.007416436273856644,actual=(-0.0021096792072690107, 0.0008453573915654096)
	g=0.0363472882266048,del=1.5251419954823469,dot=0.01246321819923676,x=17.8201845418591
