block_dict= [(0, 12320)]
sizes= [12320]
SIZE= 640
L= 250
nspin= (125, 125)
nparam= 12320

nparam= 12320
	log prob= -2.4198264559941536
	burn in time= 158.12088465690613
	sample time= 286.0871367454529
	contraction err= 3.5133594027591385e-15 1.2600223477801923e-14
nsamples= 16638

Mean energy: -8.80961702e+01
Block size    # of blocks        Mean                Error
     1           16638       -8.80961702e+01       1.724987e-02
     2           8319       -8.80961702e+01       1.725378e-02
     5           3327       -8.80963488e+01       1.724694e-02
    10           1663       -8.80960691e+01       1.753431e-02
    20            831       -8.80960839e+01       1.811994e-02
    50            332       -8.80963746e+01       1.809770e-02
    70            237       -8.80962597e+01       1.812211e-02
   100            166       -8.80963746e+01       1.736000e-02
   200             83       -8.80963746e+01       1.675954e-02
   500             33       -8.80957297e+01       1.600447e-02
Stocahstic error estimate: 1.725378e-02

step=0,E=-0.3523846808903611,dE=0.0,err=6.901511342915019e-05,gmax=0.1357845903527155
	collect g,h time= 0.17086386680603027
	solver time=0.07107663154602051,exit status=0
niter= 38
pure_newton= False
	solver time=44.53359627723694,exit status=500
niter= 15501
hessian inversion error= 0.007867805458495986
	log prob= -50.96447980080824
	burn in time= 159.20533752441406
	sample time= 738.88192486763
	contraction err= 3.586010947186183e-15 2.671529147059493e-14
nsamples= 16638

Mean energy: -7.26121278e+01
Block size    # of blocks        Mean                Error
     1           16638       -7.26121278e+01       3.996487e-02
     2           8319       -7.26121278e+01       4.558294e-02
     5           3327       -7.26122191e+01       5.579400e-02
    10           1663       -7.26116638e+01       6.479461e-02
    20            831       -7.26105294e+01       7.453129e-02
    50            332       -7.26122255e+01       8.664151e-02
    70            237       -7.26126280e+01       8.661946e-02
   100            166       -7.26122255e+01       8.741020e-02
   200             83       -7.26122255e+01       8.783424e-02
   500             33       -7.26128548e+01       8.711336e-02
Stocahstic error estimate: 8.664151e-02

	predict=-0.8751679684605185,actual=(array([15.484]), array([0.0866]))
	g=1.1477519951468245,del=8.743894882465264,dot=4.015991492932067,x=38.70374658867021

nparam= 12320
	log prob= -7.417493576796229
	burn in time= 161.8571653366089
	sample time= 294.2091271877289
	contraction err= 3.5332115337639577e-15 1.6753714854527714e-14
nsamples= 16638

Mean energy: -8.88238877e+01
Block size    # of blocks        Mean                Error
     1           16638       -8.88238877e+01       1.552180e-02
     2           8319       -8.88238877e+01       1.563842e-02
     5           3327       -8.88238082e+01       1.557378e-02
    10           1663       -8.88238038e+01       1.575307e-02
    20            831       -8.88241464e+01       1.581897e-02
    50            332       -8.88228249e+01       1.523170e-02
    70            237       -8.88224216e+01       1.409746e-02
   100            166       -8.88228249e+01       1.404863e-02
   200             83       -8.88228249e+01       1.389359e-02
   500             33       -8.88209146e+01       1.525095e-02
Stocahstic error estimate: 1.563842e-02

step=1,E=-0.3552955508361365,dE=-0.002910869945775403,err=6.255367319661576e-05,gmax=0.11284970888240742
	collect g,h time= 0.16939425468444824
	solver time=0.06215810775756836,exit status=0
niter= 38
pure_newton= False
	solver time=43.03613829612732,exit status=500
niter= 15501
hessian inversion error= 0.00013161341602730675
	log prob= -41.26833984449248
	burn in time= 159.36918330192566
	sample time= 741.2947180271149
	contraction err= 3.644377671107864e-15 2.2065078372650448e-14
nsamples= 16638

Mean energy: -7.87638137e+01
Block size    # of blocks        Mean                Error
     1           16638       -7.87638137e+01       3.416038e-02
     2           8319       -7.87638137e+01       4.105250e-02
     5           3327       -7.87639896e+01       5.470935e-02
    10           1663       -7.87633909e+01       6.746143e-02
    20            831       -7.87632780e+01       8.047631e-02
    50            332       -7.87647008e+01       9.806434e-02
    70            237       -7.87641392e+01       1.035492e-01
   100            166       -7.87647008e+01       1.166218e-01
   200             83       -7.87647008e+01       1.202218e-01
   500             33       -7.87590618e+01       1.187950e-01
Stocahstic error estimate: 1.202218e-01

	predict=-0.6393612104964483,actual=(array([10.0601]), array([0.1202]))
	g=1.0755459061019357,del=7.082871481157127,dot=3.014722578067659,x=38.70374658867019

nparam= 12320
	log prob= -11.576782833510794
	burn in time= 163.32673573493958
	sample time= 294.20909881591797
	contraction err= 3.55884098917385e-15 1.6222404017611486e-14
nsamples= 16638

Mean energy: -8.92785155e+01
Block size    # of blocks        Mean                Error
     1           16638       -8.92785155e+01       1.413071e-02
     2           8319       -8.92785155e+01       1.425502e-02
     5           3327       -8.92789818e+01       1.423571e-02
    10           1663       -8.92790152e+01       1.410029e-02
    20            831       -8.92794674e+01       1.424777e-02
    50            332       -8.92795610e+01       1.435765e-02
    70            237       -8.92800601e+01       1.496894e-02
   100            166       -8.92795610e+01       1.459296e-02
   200             83       -8.92795610e+01       1.492740e-02
   500             33       -8.92798976e+01       1.832663e-02
Stocahstic error estimate: 1.425502e-02

step=2,E=-0.357114061985113,dE=-0.0018185111489764836,err=5.7020074506444294e-05,gmax=0.18486375053798199
	collect g,h time= 0.16898202896118164
	solver time=0.060259103775024414,exit status=0
niter= 37
pure_newton= False
	solver time=9.04062533378601,exit status=0
niter= 3195
hessian inversion error= 0.00010862736108887377
	log prob= -40.28452944499378
	burn in time= 161.1021807193756
	sample time= 749.5512402057648
	contraction err= 3.692928537841366e-15 2.793473994728556e-14
nsamples= 16638

Mean energy: -8.70672569e+01
Block size    # of blocks        Mean                Error
     1           16638       -8.70672569e+01       2.361166e-02
     2           8319       -8.70672569e+01       2.868618e-02
     5           3327       -8.70674299e+01       3.840075e-02
    10           1663       -8.70675223e+01       4.767816e-02
    20            831       -8.70670310e+01       5.834356e-02
    50            332       -8.70661475e+01       7.312048e-02
    70            237       -8.70660996e+01       7.886897e-02
   100            166       -8.70661475e+01       8.107226e-02
   200             83       -8.70661475e+01       8.712229e-02
   500             33       -8.70646648e+01       9.145098e-02
Stocahstic error estimate: 8.107226e-02

	predict=-0.5157124816731611,actual=(array([2.2113]), array([0.0811]))
	g=1.104936717246375,del=5.749306428655776,dot=2.306290987510341,x=38.70374658867019

nparam= 12320
	log prob= -14.911642504633042
	burn in time= 161.4499580860138
	sample time= 294.3122684955597
	contraction err= 3.588999485072059e-15 2.3687930931729426e-14
nsamples= 16638

Mean energy: -8.96092015e+01
Block size    # of blocks        Mean                Error
     1           16638       -8.96092015e+01       1.323204e-02
     2           8319       -8.96092015e+01       1.341829e-02
     5           3327       -8.96092790e+01       1.354742e-02
    10           1663       -8.96092675e+01       1.386447e-02
    20            831       -8.96100944e+01       1.380968e-02
    50            332       -8.96108231e+01       1.449071e-02
    70            237       -8.96109030e+01       1.391230e-02
   100            166       -8.96108231e+01       1.414100e-02
   200             83       -8.96108231e+01       1.339677e-02
   500             33       -8.96117632e+01       1.517887e-02
Stocahstic error estimate: 1.341829e-02

step=3,E=-0.3584368060441034,dE=-0.0013227440589903949,err=5.367316757226531e-05,gmax=0.9735754523219349
	collect g,h time= 0.16453266143798828
	solver time=0.050787925720214844,exit status=0
niter= 30
pure_newton= False
	solver time=43.075003147125244,exit status=500
niter= 15501
hessian inversion error= 0.005751285801602026
	log prob= -44.61544025532075
	burn in time= 160.32253980636597
	sample time= 747.1640183925629
	contraction err= 3.659736469837959e-15 2.7083188068507868e-14
nsamples= 16638

Mean energy: -8.52820134e+01
Block size    # of blocks        Mean                Error
     1           16638       -8.52820134e+01       2.520854e-02
     2           8319       -8.52820134e+01       3.038503e-02
     5           3327       -8.52823898e+01       4.035413e-02
    10           1663       -8.52823719e+01       5.063730e-02
    20            831       -8.52820534e+01       6.277472e-02
    50            332       -8.52815462e+01       8.094562e-02
    70            237       -8.52815698e+01       8.834132e-02
   100            166       -8.52815462e+01       9.365408e-02
   200             83       -8.52815462e+01       1.010625e-01
   500             33       -8.52789943e+01       1.131031e-01
	predict=-0.40815978229377425,actual=(array([4.3272]), array([0.1131]))
	g=2.1337558201911895,del=4.108427864819475,dot=1.7658330852956898,x=38.70374658867021

nparam= 12320
	log prob= -17.147770298363167
	burn in time= 162.09717798233032
	sample time= 294.2007586956024
	contraction err= 3.6053597096476055e-15 1.8282677703113075e-14
nsamples= 16638

Mean energy: -8.98448036e+01
Block size    # of blocks        Mean                Error
     1           16638       -8.98448036e+01       1.280096e-02
     2           8319       -8.98448036e+01       1.299131e-02
     5           3327       -8.98445557e+01       1.346859e-02
    10           1663       -8.98443053e+01       1.378034e-02
    20            831       -8.98447618e+01       1.415205e-02
    50            332       -8.98452496e+01       1.432195e-02
    70            237       -8.98450910e+01       1.433000e-02
   100            166       -8.98452496e+01       1.457780e-02
   200             83       -8.98452496e+01       1.504273e-02
   500             33       -8.98464398e+01       1.388144e-02
Stocahstic error estimate: 1.299131e-02

step=4,E=-0.3593792142996011,dE=-0.0009424082554977531,err=5.196525669685089e-05,gmax=0.946955559725239
	collect g,h time= 0.16915416717529297
	solver time=0.04750800132751465,exit status=0
niter= 28
pure_newton= False
	solver time=3.3675076961517334,exit status=0
niter= 1165
hessian inversion error= 0.00023079062013713696
	log prob= -42.534291043844696
	burn in time= 161.7039623260498
	sample time= 749.3575451374054
	contraction err= 3.6941626612549795e-15 1.9560816801872146e-14
nsamples= 16638

Mean energy: -8.96330773e+01
Block size    # of blocks        Mean                Error
     1           16638       -8.96330773e+01       1.680585e-02
     2           8319       -8.96330773e+01       2.020662e-02
     5           3327       -8.96328424e+01       2.719695e-02
    10           1663       -8.96327548e+01       3.452615e-02
    20            831       -8.96323300e+01       4.347331e-02
    50            332       -8.96311129e+01       5.723850e-02
    70            237       -8.96310743e+01       6.106219e-02
   100            166       -8.96311129e+01       6.617693e-02
   200             83       -8.96311129e+01       6.889399e-02
   500             33       -8.96295646e+01       7.289268e-02
Stocahstic error estimate: 6.889399e-02

	predict=-0.4024169507436103,actual=(array([0.2117]), array([0.0689]))
	g=2.3087094788927867,del=3.4567884508101554,dot=1.4962203613513083,x=38.7037465886702

nparam= 12320
	log prob= -18.941803390308056
	burn in time= 161.37219738960266
	sample time= 293.9183793067932
	contraction err= 3.6065558527590725e-15 2.2532417861988485e-14
nsamples= 16638

Mean energy: -9.00435884e+01
Block size    # of blocks        Mean                Error
     1           16638       -9.00435884e+01       1.217428e-02
     2           8319       -9.00435884e+01       1.234064e-02
     5           3327       -9.00438984e+01       1.285730e-02
    10           1663       -9.00437067e+01       1.342631e-02
    20            831       -9.00436229e+01       1.434810e-02
    50            332       -9.00438711e+01       1.467983e-02
    70            237       -9.00435021e+01       1.484431e-02
   100            166       -9.00438711e+01       1.545856e-02
   200             83       -9.00438711e+01       1.761520e-02
   500             33       -9.00446513e+01       1.815505e-02
Stocahstic error estimate: 1.234064e-02

step=5,E=-0.3601743537138388,dE=-0.0007951394142376671,err=4.936255241263102e-05,gmax=0.27945417360652103
	collect g,h time= 0.1684877872467041
	solver time=0.06015825271606445,exit status=0
niter= 37
pure_newton= False
	solver time=2.5008394718170166,exit status=0
niter= 870
hessian inversion error= 0.00011039788393408923
	log prob= -40.61656447328543
	burn in time= 162.03517985343933
	sample time= 749.2504727840424
	contraction err= 3.683517666236977e-15 2.6548627130023846e-14
nsamples= 16638

Mean energy: -8.99273243e+01
Block size    # of blocks        Mean                Error
     1           16638       -8.99273243e+01       1.616069e-02
     2           8319       -8.99273243e+01       1.924257e-02
     5           3327       -8.99271901e+01       2.563855e-02
    10           1663       -8.99271967e+01       3.253884e-02
    20            831       -8.99269200e+01       4.108299e-02
    50            332       -8.99277407e+01       5.184581e-02
    70            237       -8.99277770e+01       5.781542e-02
   100            166       -8.99277407e+01       6.097533e-02
   200             83       -8.99277407e+01       6.661903e-02
   500             33       -8.99245511e+01       6.903455e-02
Stocahstic error estimate: 6.903455e-02

	predict=-0.3647100673355747,actual=(array([0.1163]), array([0.069]))
	g=1.114421440909333,del=5.217824668019476,dot=1.591482628810143,x=38.7037465886702

nparam= 12320
	log prob= -20.828547393177246
	burn in time= 159.21770358085632
	sample time= 293.7516851425171
	contraction err= 3.630774074713409e-15 4.2008046362344596e-14
nsamples= 16638

Mean energy: -9.02245239e+01
Block size    # of blocks        Mean                Error
     1           16638       -9.02245239e+01       1.306224e-02
     2           8319       -9.02245239e+01       1.325457e-02
     5           3327       -9.02243462e+01       1.340258e-02
    10           1663       -9.02243778e+01       1.399212e-02
    20            831       -9.02243681e+01       1.447195e-02
    50            332       -9.02242852e+01       1.517964e-02
    70            237       -9.02245939e+01       1.539955e-02
   100            166       -9.02242852e+01       1.458694e-02
   200             83       -9.02242852e+01       1.520088e-02
   500             33       -9.02234941e+01       1.504921e-02
Stocahstic error estimate: 1.325457e-02

step=6,E=-0.3608980955792873,dE=-0.0007237418654485169,err=5.3018287928364466e-05,gmax=3.316423446640963
	collect g,h time= 0.1691899299621582
	solver time=0.047280311584472656,exit status=0
niter= 28
pure_newton= False
	solver time=43.06354808807373,exit status=500
niter= 15501
hessian inversion error= 0.007492901505371159
	log prob= -38.876731900186186
	burn in time= 159.06824898719788
	sample time= 749.047269821167
	contraction err= 3.664631155562783e-15 2.400012336041268e-14
nsamples= 16638

Mean energy: -9.01312340e+01
Block size    # of blocks        Mean                Error
     1           16638       -9.01312340e+01       1.547122e-02
     2           8319       -9.01312340e+01       1.860438e-02
     5           3327       -9.01312666e+01       2.510739e-02
    10           1663       -9.01312945e+01       3.202377e-02
    20            831       -9.01310986e+01       4.093426e-02
    50            332       -9.01297330e+01       5.391304e-02
    70            237       -9.01299467e+01       6.008362e-02
   100            166       -9.01297330e+01       6.351781e-02
   200             83       -9.01297330e+01       6.761794e-02
   500             33       -9.01281094e+01       8.954551e-02
	predict=-0.406417148625079,actual=(array([0.0933]), array([0.0895]))
	g=5.375156941123487,del=2.9940854090405846,dot=1.7187657071202664,x=38.703746588670214

nparam= 12320
	log prob= -21.972350149992977
	burn in time= 159.07651257514954
	sample time= 293.44226121902466
	contraction err= 3.6134794877257225e-15 4.8921575599963506e-14
nsamples= 16638

Mean energy: -9.03442335e+01
Block size    # of blocks        Mean                Error
     1           16638       -9.03442335e+01       1.171319e-02
     2           8319       -9.03442335e+01       1.188737e-02
     5           3327       -9.03444458e+01       1.252815e-02
    10           1663       -9.03446493e+01       1.323547e-02
    20            831       -9.03446155e+01       1.351770e-02
    50            332       -9.03452854e+01       1.426354e-02
    70            237       -9.03451767e+01       1.418605e-02
   100            166       -9.03452854e+01       1.444951e-02
   200             83       -9.03452854e+01       1.539858e-02
   500             33       -9.03448333e+01       1.720426e-02
Stocahstic error estimate: 1.188737e-02

step=7,E=-0.36137693411379324,dE=-0.0004788385345059396,err=4.75494713005208e-05,gmax=0.15768657551687726
	collect g,h time= 0.16884636878967285
	solver time=0.06667542457580566,exit status=0
niter= 42
pure_newton= False
	solver time=1.2527477741241455,exit status=0
niter= 430
hessian inversion error= 9.99899451242095e-05
	log prob= -43.18134059475095
	burn in time= 158.0415222644806
	sample time= 748.4320936203003
	contraction err= 3.666402080998249e-15 1.7295207762420135e-14
nsamples= 16638

Mean energy: -9.02279456e+01
Block size    # of blocks        Mean                Error
     1           16638       -9.02279456e+01       1.515843e-02
     2           8319       -9.02279456e+01       1.820988e-02
     5           3327       -9.02277208e+01       2.463000e-02
    10           1663       -9.02278947e+01       3.148173e-02
    20            831       -9.02275033e+01       3.977552e-02
    50            332       -9.02268720e+01       5.229355e-02
    70            237       -9.02269966e+01       5.759129e-02
   100            166       -9.02268720e+01       6.138483e-02
   200             83       -9.02268720e+01       6.756387e-02
   500             33       -9.02276218e+01       7.103793e-02
	predict=-0.32297590682835564,actual=(array([0.1163]), array([0.071]))
	g=0.9572861606598436,del=5.866627991093751,dot=1.57336723291637,x=38.7037465886702

nparam= 12320
	log prob= -23.700057321012356
	burn in time= 159.02936911582947
	sample time= 293.35568714141846
	contraction err= 3.610983570571724e-15 2.5100273536801093e-14
nsamples= 16638

Mean energy: -9.05439023e+01
Block size    # of blocks        Mean                Error
     1           16638       -9.05439023e+01       1.135148e-02
     2           8319       -9.05439023e+01       1.153576e-02
     5           3327       -9.05438176e+01       1.224297e-02
    10           1663       -9.05439251e+01       1.295036e-02
    20            831       -9.05439390e+01       1.410711e-02
    50            332       -9.05436695e+01       1.581386e-02
    70            237       -9.05437580e+01       1.463255e-02
   100            166       -9.05436695e+01       1.533342e-02
   200             83       -9.05436695e+01       1.498647e-02
   500             33       -9.05446165e+01       1.354267e-02
Stocahstic error estimate: 1.153576e-02

step=8,E=-0.3621756093672928,dE=-0.000798675253499539,err=4.6143057611444846e-05,gmax=0.3493292570157849
	collect g,h time= 0.16927313804626465
	solver time=0.05869126319885254,exit status=0
niter= 36
pure_newton= False
	solver time=1.4252214431762695,exit status=0
niter= 484
hessian inversion error= 0.00012905728711053342
	log prob= -44.795304291734546
	burn in time= 158.3627166748047
	sample time= 748.6795899868011
	contraction err= 3.6816732656473944e-15 3.458784962024003e-14
nsamples= 16638

Mean energy: -8.96709924e+01
Block size    # of blocks        Mean                Error
     1           16638       -8.96709924e+01       1.626249e-02
     2           8319       -8.96709924e+01       1.975412e-02
     5           3327       -8.96708697e+01       2.688819e-02
    10           1663       -8.96707897e+01       3.422010e-02
    20            831       -8.96711233e+01       4.304048e-02
    50            332       -8.96712825e+01       5.471133e-02
    70            237       -8.96711280e+01       5.640724e-02
   100            166       -8.96712825e+01       6.047567e-02
   200             83       -8.96712825e+01       6.789693e-02
   500             33       -8.96674999e+01       7.199847e-02
Stocahstic error estimate: 5.640724e-02

	predict=-0.28710888215217334,actual=(array([0.8729]), array([0.0564]))
	g=1.2935937139532974,del=4.738160982960801,dot=1.4558368842106537,x=38.70374658867021

nparam= 12320
	log prob= -25.194548541665135
	burn in time= 158.89138221740723
	sample time= 293.07260823249817
	contraction err= 3.63215921166756e-15 2.681443412115759e-14
nsamples= 16638

Mean energy: -9.06945917e+01
Block size    # of blocks        Mean                Error
     1           16638       -9.06945917e+01       1.093759e-02
     2           8319       -9.06945917e+01       1.127519e-02
     5           3327       -9.06945229e+01       1.219606e-02
    10           1663       -9.06943791e+01       1.294353e-02
    20            831       -9.06944866e+01       1.380749e-02
    50            332       -9.06940872e+01       1.590932e-02
    70            237       -9.06940525e+01       1.580722e-02
   100            166       -9.06940872e+01       1.519508e-02
   200             83       -9.06940872e+01       1.581097e-02
   500             33       -9.06938876e+01       1.621037e-02
Stocahstic error estimate: 1.127519e-02

step=9,E=-0.3627783668210247,dE=-0.0006027574537318969,err=4.510075476481885e-05,gmax=0.40317300156876
	collect g,h time= 0.1683652400970459
	solver time=0.06559228897094727,exit status=0
niter= 41
pure_newton= False
	solver time=4.2705299854278564,exit status=0
niter= 1492
hessian inversion error= 0.00011670096157570978
	log prob= -44.1014417675476
	burn in time= 158.94532656669617
	sample time= 749.0730013847351
	contraction err= 3.715063589042397e-15 3.440939234811586e-14
nsamples= 16638

Mean energy: -9.06614897e+01
Block size    # of blocks        Mean                Error
     1           16638       -9.06614897e+01       1.471494e-02
     2           8319       -9.06614897e+01       1.750682e-02
     5           3327       -9.06617095e+01       2.338865e-02
    10           1663       -9.06618305e+01       2.987254e-02
    20            831       -9.06617240e+01       3.803003e-02
    50            332       -9.06618456e+01       4.909696e-02
    70            237       -9.06617770e+01       5.213767e-02
   100            166       -9.06618456e+01       5.609641e-02
   200             83       -9.06618456e+01       6.549789e-02
   500             33       -9.06607130e+01       7.301509e-02
	predict=-0.2769707858563603,actual=(array([0.0331]), array([0.073]))
	g=1.1730060123499961,del=4.69642359234273,dot=1.368010376891757,x=38.70374658867019

nparam= 12320
	log prob= -26.613874462445768
	burn in time= 158.93380904197693
	sample time= 292.9779713153839
	contraction err= 3.6177302261714826e-15 1.959112201584926e-14
nsamples= 16638

Mean energy: -9.08610053e+01
Block size    # of blocks        Mean                Error
     1           16638       -9.08610053e+01       1.024400e-02
     2           8319       -9.08610053e+01       1.057121e-02
     5           3327       -9.08609886e+01       1.113941e-02
    10           1663       -9.08607452e+01       1.179181e-02
    20            831       -9.08604179e+01       1.285601e-02
    50            332       -9.08605641e+01       1.281515e-02
    70            237       -9.08605798e+01       1.247917e-02
   100            166       -9.08605641e+01       1.334179e-02
   200             83       -9.08605641e+01       1.405552e-02
   500             33       -9.08600298e+01       1.530622e-02
Stocahstic error estimate: 1.057121e-02

step=10,E=-0.36344402135508264,dE=-0.0006656545340579214,err=4.228482787077193e-05,gmax=0.08689953002789297
	collect g,h time= 0.16894054412841797
	solver time=0.06857824325561523,exit status=0
niter= 43
pure_newton= False
	solver time=1.5836646556854248,exit status=0
niter= 548
hessian inversion error= 9.970379782873676e-05
	log prob= -46.6348079373567
	burn in time= 159.04858994483948
	sample time= 747.1576175689697
	contraction err= 3.703499251017766e-15 3.210913857097223e-14
nsamples= 16638

Mean energy: -8.95742026e+01
Block size    # of blocks        Mean                Error
     1           16638       -8.95742026e+01       1.796026e-02
     2           8319       -8.95742026e+01       2.185831e-02
     5           3327       -8.95740343e+01       2.951051e-02
    10           1663       -8.95737447e+01       3.722593e-02
    20            831       -8.95736049e+01       4.749659e-02
    50            332       -8.95735940e+01       6.157838e-02
    70            237       -8.95731598e+01       6.655639e-02
   100            166       -8.95735940e+01       6.938540e-02
   200             83       -8.95735940e+01       8.021306e-02
   500             33       -8.95699791e+01       8.086901e-02
Stocahstic error estimate: 6.938540e-02

	predict=-0.24677225639084027,actual=(array([1.2868]), array([0.0694]))
	g=0.9204799893034925,del=5.037917273969618,dot=1.2461080823753612,x=38.70374658867021

nparam= 12320
	log prob= -28.42059293226437
	burn in time= 159.6842758655548
	sample time= 292.66987919807434
	contraction err= 3.6450187871807835e-15 2.489969782850962e-14
nsamples= 16638

Mean energy: -9.10062479e+01
Block size    # of blocks        Mean                Error
     1           16638       -9.10062479e+01       1.017913e-02
     2           8319       -9.10062479e+01       1.055711e-02
     5           3327       -9.10062497e+01       1.128268e-02
    10           1663       -9.10061865e+01       1.170896e-02
    20            831       -9.10057780e+01       1.253179e-02
    50            332       -9.10060981e+01       1.339162e-02
    70            237       -9.10062147e+01       1.376651e-02
   100            166       -9.10060981e+01       1.406571e-02
   200             83       -9.10060981e+01       1.484339e-02
   500             33       -9.10055786e+01       1.126892e-02
Stocahstic error estimate: 1.055711e-02

step=11,E=-0.364024991752974,dE=-0.000580970397891349,err=4.222842143156047e-05,gmax=0.11439724464502721
	collect g,h time= 0.16807770729064941
	solver time=0.06450247764587402,exit status=0
niter= 40
pure_newton= False
	solver time=1.5420644283294678,exit status=0
niter= 533
hessian inversion error= 0.00010263380080857581
	log prob= -45.78211450272734
	burn in time= 158.55204558372498
	sample time= 747.7945556640625
	contraction err= 3.7358692741525005e-15 4.0169368846672546e-14
nsamples= 16638

Mean energy: -9.06223764e+01
Block size    # of blocks        Mean                Error
     1           16638       -9.06223764e+01       1.390012e-02
     2           8319       -9.06223764e+01       1.695415e-02
     5           3327       -9.06223089e+01       2.317907e-02
    10           1663       -9.06223291e+01       2.962876e-02
    20            831       -9.06223108e+01       3.771878e-02
    50            332       -9.06220006e+01       4.920571e-02
    70            237       -9.06217019e+01       5.116042e-02
   100            166       -9.06220006e+01       5.534556e-02
   200             83       -9.06220006e+01       5.801288e-02
   500             33       -9.06212641e+01       7.156095e-02
Stocahstic error estimate: 5.116042e-02

	predict=-0.24373546533772403,actual=(array([0.3839]), array([0.0512]))
	g=1.0279284121946148,del=4.1614675033059925,dot=1.2077743005593211,x=38.70374658867021

nparam= 12320
	log prob= -30.035825893000805
	burn in time= 159.91876196861267
	sample time= 292.6173906326294
	contraction err= 3.673074043212277e-15 3.3297381596328634e-14
nsamples= 16638

Mean energy: -9.11387298e+01
Block size    # of blocks        Mean                Error
     1           16638       -9.11387298e+01       9.786217e-03
     2           8319       -9.11387298e+01       1.028518e-02
     5           3327       -9.11386143e+01       1.119122e-02
    10           1663       -9.11385741e+01       1.222932e-02
    20            831       -9.11387712e+01       1.349312e-02
    50            332       -9.11388474e+01       1.474546e-02
    70            237       -9.11387382e+01       1.535283e-02
   100            166       -9.11388474e+01       1.578454e-02
   200             83       -9.11388474e+01       1.666145e-02
   500             33       -9.11386992e+01       1.894031e-02
Stocahstic error estimate: 1.535283e-02

step=12,E=-0.36455491902507653,dE=-0.0005299272721025545,err=6.141132935650703e-05,gmax=0.1749174930825217
	collect g,h time= 0.1686079502105713
	solver time=0.06574678421020508,exit status=0
niter= 41
pure_newton= False
	solver time=1.5686533451080322,exit status=0
niter= 543
hessian inversion error= 0.00012019101067129263
	log prob= -46.22873909328677
	burn in time= 158.6166126728058
	sample time= 748.2279744148254
	contraction err= 3.805418228474184e-15 6.33956824538479e-14
nsamples= 16638

Mean energy: -9.12745622e+01
Block size    # of blocks        Mean                Error
     1           16638       -9.12745622e+01       1.155898e-02
     2           8319       -9.12745622e+01       1.371878e-02
     5           3327       -9.12744344e+01       1.809991e-02
    10           1663       -9.12742027e+01       2.279041e-02
    20            831       -9.12739997e+01       2.852704e-02
    50            332       -9.12738974e+01       3.929437e-02
    70            237       -9.12736858e+01       4.200045e-02
   100            166       -9.12738974e+01       4.573635e-02
   200             83       -9.12738974e+01       5.286125e-02
   500             33       -9.12733394e+01       4.000426e-02
Stocahstic error estimate: 5.286125e-02

	predict=-0.22452789034726048,actual=(array([-0.1358]), array([0.0529]))
	g=1.2065717665342655,del=3.0786217769085815,dot=0.44904072674583506,x=38.70374658867019

nparam= 12320
	log prob= -46.22873909328677
	burn in time= 159.220205783844
	sample time= 292.2348380088806
	contraction err= 3.821652443529199e-15 4.0132111417095645e-14
nsamples= 16638

Mean energy: -9.13280604e+01
Block size    # of blocks        Mean                Error
     1           16638       -9.13280604e+01       1.106201e-02
     2           8319       -9.13280604e+01       1.307427e-02
     5           3327       -9.13279553e+01       1.706547e-02
    10           1663       -9.13278251e+01       2.096283e-02
    20            831       -9.13272769e+01       2.496566e-02
    50            332       -9.13282290e+01       2.860187e-02
    70            237       -9.13284713e+01       2.845976e-02
   100            166       -9.13282290e+01       2.953693e-02
   200             83       -9.13282290e+01       3.192640e-02
   500             33       -9.13274022e+01       3.262829e-02
Stocahstic error estimate: 2.860187e-02

step=13,E=-0.3653122416021629,dE=-0.0007573225770863701,err=0.00011440748358744677,gmax=0.38515385448942396
	collect g,h time= 0.16825222969055176
	solver time=0.0697622299194336,exit status=0
niter= 44
pure_newton= False
	solver time=1.6804213523864746,exit status=0
niter= 579
hessian inversion error= 0.0002226991237153318
	log prob= -56.207971454718724
	burn in time= 159.02947974205017
	sample time= 747.1767647266388
	contraction err= 3.834537513540519e-15 3.757346085228945e-14
nsamples= 16638

Mean energy: -9.16139558e+01
Block size    # of blocks        Mean                Error
     1           16638       -9.16139558e+01       1.080993e-02
     2           8319       -9.16139558e+01       1.309869e-02
     5           3327       -9.16138255e+01       1.777782e-02
    10           1663       -9.16138747e+01       2.301258e-02
    20            831       -9.16137825e+01       2.976257e-02
    50            332       -9.16138108e+01       4.158010e-02
    70            237       -9.16134607e+01       4.545613e-02
   100            166       -9.16138108e+01       4.969285e-02
   200             83       -9.16138108e+01       5.143279e-02
   500             33       -9.16110124e+01       5.405930e-02
Stocahstic error estimate: 5.143279e-02

	predict=-0.2909730103297945,actual=(array([-0.2859]), array([0.0514]))
	g=2.2270616604120277,del=2.5280267653732733,dot=0.5818757847552124,x=38.70374658867019

nparam= 12320
	log prob= -56.207971454718724
	burn in time= 159.02640008926392
	sample time= 291.7284128665924
	contraction err= 3.851410826442239e-15 2.8228424225000737e-14
nsamples= 16638

Mean energy: -9.17259020e+01
Block size    # of blocks        Mean                Error
     1           16638       -9.17259020e+01       1.033379e-02
     2           8319       -9.17259020e+01       1.254051e-02
     5           3327       -9.17257524e+01       1.676614e-02
    10           1663       -9.17255480e+01       2.089315e-02
    20            831       -9.17254064e+01       2.583225e-02
    50            332       -9.17274377e+01       2.902995e-02
    70            237       -9.17285257e+01       3.127681e-02
   100            166       -9.17274377e+01       3.159120e-02
   200             83       -9.17274377e+01       3.422412e-02
   500             33       -9.17279644e+01       4.463196e-02
Stocahstic error estimate: 3.159120e-02

step=14,E=-0.3669036080558903,dE=-0.001591366453727403,err=0.00012636481218128692,gmax=0.7096738279496577
	collect g,h time= 0.1695568561553955
	solver time=0.06991696357727051,exit status=0
niter= 44
pure_newton= False
	solver time=1.898254632949829,exit status=0
niter= 653
hessian inversion error= 0.00026555169537930095
	log prob= -61.88131540625711
	burn in time= 157.23778748512268
	sample time= 745.4903500080109
	contraction err= 3.912929978729703e-15 1.98589767870216e-13
nsamples= 16638

Mean energy: -9.22085869e+01
Block size    # of blocks        Mean                Error
     1           16638       -9.22085869e+01       8.454169e-03
     2           8319       -9.22085869e+01       1.013997e-02
     5           3327       -9.22086206e+01       1.347467e-02
    10           1663       -9.22086722e+01       1.716234e-02
    20            831       -9.22085846e+01       2.209855e-02
    50            332       -9.22089927e+01       2.936107e-02
    70            237       -9.22091980e+01       3.222878e-02
   100            166       -9.22089927e+01       3.593271e-02
   200             83       -9.22089927e+01       4.080320e-02
   500             33       -9.22095688e+01       5.099567e-02
	predict=-0.2455157551416589,actual=(array([-0.4827]), array([0.051]))
	g=2.7365667408954293,del=1.9707319546683744,dot=0.49100719374895285,x=38.70374658867019

nparam= 12320
	log prob= -61.88131540625711
	burn in time= 160.21379327774048
	sample time= 291.5685784816742
	contraction err= 3.9013343469895504e-15 5.783955889141931e-14
nsamples= 16638

Mean energy: -9.20908582e+01
Block size    # of blocks        Mean                Error
     1           16638       -9.20908582e+01       9.164920e-03
     2           8319       -9.20908582e+01       1.124737e-02
     5           3327       -9.20908985e+01       1.516436e-02
    10           1663       -9.20911011e+01       1.915119e-02
    20            831       -9.20916195e+01       2.367618e-02
    50            332       -9.20912683e+01       2.717742e-02
    70            237       -9.20908355e+01       2.835112e-02
   100            166       -9.20912683e+01       2.860303e-02
   200             83       -9.20912683e+01       3.275097e-02
   500             33       -9.20932060e+01       3.287219e-02
Stocahstic error estimate: 2.835112e-02

step=15,E=-0.368363432903447,dE=-0.0014598248475566607,err=0.00011340446591667895,gmax=1.316182432295264
	collect g,h time= 0.16884517669677734
	solver time=0.05846714973449707,exit status=0
niter= 36
pure_newton= False
	solver time=2.3232765197753906,exit status=0
niter= 807
hessian inversion error= 0.00034016493156367576
	log prob= -65.59569199123221
	burn in time= 158.28130912780762
	sample time= 744.7704060077667
	contraction err= 3.912363483078637e-15 9.32707997630197e-14
nsamples= 16638

Mean energy: -9.24160836e+01
Block size    # of blocks        Mean                Error
     1           16638       -9.24160836e+01       7.921278e-03
     2           8319       -9.24160836e+01       9.685952e-03
     5           3327       -9.24160325e+01       1.317845e-02
    10           1663       -9.24161053e+01       1.702299e-02
    20            831       -9.24158995e+01       2.176071e-02
    50            332       -9.24167581e+01       3.030460e-02
    70            237       -9.24167127e+01       3.237919e-02
   100            166       -9.24167581e+01       3.592467e-02
   200             83       -9.24167581e+01       4.069379e-02
   500             33       -9.24167969e+01       4.443450e-02
	predict=-0.19307994868850892,actual=(array([-0.3252]), array([0.0444]))
	g=3.405264446447284,del=1.521959946792231,dot=0.3861088631516,x=38.7037465886702

nparam= 12320
	log prob= -65.59569199123221
	burn in time= 159.39256644248962
	sample time= 291.3963749408722
	contraction err= 3.918315726000273e-15 1.0604896903032998e-13
nsamples= 16638

Mean energy: -9.24341403e+01
Block size    # of blocks        Mean                Error
     1           16638       -9.24341403e+01       7.906503e-03
     2           8319       -9.24341403e+01       9.655206e-03
     5           3327       -9.24340881e+01       1.308280e-02
    10           1663       -9.24343533e+01       1.647338e-02
    20            831       -9.24352806e+01       2.018219e-02
    50            332       -9.24357526e+01       2.353077e-02
    70            237       -9.24360725e+01       2.332587e-02
   100            166       -9.24357526e+01       2.392570e-02
   200             83       -9.24357526e+01       2.476795e-02
   500             33       -9.24359440e+01       2.291307e-02
Stocahstic error estimate: 2.353077e-02

step=16,E=-0.36973656138149963,dE=-0.0013731284780527063,err=9.412309855048946e-05,gmax=1.1373697141722516
	collect g,h time= 0.16883492469787598
	solver time=0.05152297019958496,exit status=0
niter= 31
pure_newton= False
	solver time=2.222320795059204,exit status=0
niter= 777
hessian inversion error= 0.00041379793056447935
	log prob= -68.24059791477802
	burn in time= 158.7229266166687
	sample time= 744.5772187709808
	contraction err= 3.855581654992905e-15 3.286579774725055e-14
nsamples= 16638

Mean energy: -9.26003464e+01
Block size    # of blocks        Mean                Error
     1           16638       -9.26003464e+01       7.727487e-03
     2           8319       -9.26003464e+01       9.707495e-03
     5           3327       -9.26002471e+01       1.361041e-02
    10           1663       -9.26003953e+01       1.807754e-02
    20            831       -9.26004826e+01       2.420808e-02
    50            332       -9.26002588e+01       3.425806e-02
    70            237       -9.26001412e+01       3.822452e-02
   100            166       -9.26002588e+01       4.239729e-02
   200             83       -9.26002588e+01       4.892834e-02
   500             33       -9.25993982e+01       6.020674e-02
	predict=-0.14008285699103434,actual=(array([-0.1662]), array([0.0602]))
	g=4.232024485419592,del=1.1304956289565813,dot=0.2800717308053424,x=38.7037465886702

nparam= 12320
	log prob= -68.24059791477802
	burn in time= 159.57292771339417
	sample time= 291.20553731918335
	contraction err= 3.855750292271294e-15 5.0715662707980116e-14
nsamples= 16638

Mean energy: -9.26337113e+01
Block size    # of blocks        Mean                Error
     1           16638       -9.26337113e+01       7.289735e-03
     2           8319       -9.26337113e+01       9.110756e-03
     5           3327       -9.26336657e+01       1.265505e-02
    10           1663       -9.26335846e+01       1.620514e-02
    20            831       -9.26334329e+01       2.005441e-02
    50            332       -9.26332941e+01       2.393071e-02
    70            237       -9.26331593e+01       2.462527e-02
   100            166       -9.26332941e+01       2.641171e-02
   200             83       -9.26332941e+01       2.401315e-02
   500             33       -9.26317626e+01       2.243303e-02
Stocahstic error estimate: 2.462527e-02

step=17,E=-0.37053484508264534,dE=-0.0007982837011456923,err=9.850108673348129e-05,gmax=0.999253519233271
	collect g,h time= 0.1684575080871582
	solver time=0.06272530555725098,exit status=0
niter= 39
pure_newton= False
	solver time=2.388068914413452,exit status=0
niter= 808
hessian inversion error= 0.0002966551768562417
	log prob= -70.67343944643575
	burn in time= 160.15400743484497
	sample time= 745.0548298358917
	contraction err= 3.8110909522178375e-15 8.59153933934608e-14
nsamples= 16638

Mean energy: -9.26628378e+01
Block size    # of blocks        Mean                Error
     1           16638       -9.26628378e+01       7.775459e-03
     2           8319       -9.26628378e+01       9.956468e-03
     5           3327       -9.26629755e+01       1.427556e-02
    10           1663       -9.26627997e+01       1.894402e-02
    20            831       -9.26630375e+01       2.505318e-02
    50            332       -9.26631034e+01       3.520834e-02
    70            237       -9.26629321e+01       3.997036e-02
   100            166       -9.26631034e+01       4.410627e-02
   200             83       -9.26631034e+01       5.025177e-02
   500             33       -9.26623718e+01       5.162475e-02
Stocahstic error estimate: 5.162475e-02

	predict=-0.11943205227137998,actual=(array([-0.0291]), array([0.0516]))
	g=3.0630902510275257,del=0.8849457900485341,dot=0.23879474268986853,x=38.70374658867019

nparam= 12320
	log prob= -70.67343944643575
	burn in time= 159.72464895248413
	sample time= 290.9413630962372
	contraction err= 3.81598828770546e-15 4.617170956700897e-14
nsamples= 16638

Mean energy: -9.27280657e+01
Block size    # of blocks        Mean                Error
     1           16638       -9.27280657e+01       7.222958e-03
     2           8319       -9.27280657e+01       9.122600e-03
     5           3327       -9.27280842e+01       1.280073e-02
    10           1663       -9.27279593e+01       1.647558e-02
    20            831       -9.27277702e+01       2.053549e-02
    50            332       -9.27277333e+01       2.440596e-02
    70            237       -9.27275992e+01       2.429191e-02
   100            166       -9.27277333e+01       2.464003e-02
   200             83       -9.27277333e+01       2.514344e-02
   500             33       -9.27301116e+01       2.045887e-02
Stocahstic error estimate: 2.440596e-02

step=18,E=-0.3709122629842516,dE=-0.00037741790160629305,err=9.762385204237036e-05,gmax=0.8383750395346823
	collect g,h time= 0.1681983470916748
	solver time=0.06258797645568848,exit status=0
niter= 39
pure_newton= False
	solver time=2.0244812965393066,exit status=0
niter= 695
hessian inversion error= 0.000298493069009713
	log prob= -72.52838747564574
	burn in time= 158.45856523513794
	sample time= 743.5517089366913
	contraction err= 3.788426767828258e-15 4.415080172744748e-14
nsamples= 16638

Mean energy: -9.28566261e+01
Block size    # of blocks        Mean                Error
     1           16638       -9.28566261e+01       6.594030e-03
     2           8319       -9.28566261e+01       8.332927e-03
     5           3327       -9.28565435e+01       1.171309e-02
    10           1663       -9.28564906e+01       1.528070e-02
    20            831       -9.28562990e+01       1.982930e-02
    50            332       -9.28560852e+01       2.778468e-02
    70            237       -9.28563275e+01       3.059969e-02
   100            166       -9.28560852e+01       3.378713e-02
   200             83       -9.28560852e+01       3.611870e-02
   500             33       -9.28561451e+01       3.713732e-02
Stocahstic error estimate: 3.713732e-02

	predict=-0.11700038259416791,actual=(array([-0.1286]), array([0.0371]))
	g=2.989805318415393,del=0.7887176818709416,dot=0.23395429689570635,x=38.7037465886702

nparam= 12320
	log prob= -72.52838747564574
	burn in time= 159.07366132736206
	sample time= 290.5571780204773
	contraction err= 3.782008548697067e-15 7.763159599484785e-14
nsamples= 16638

Mean energy: -9.28774352e+01
Block size    # of blocks        Mean                Error
     1           16638       -9.28774352e+01       6.716104e-03
     2           8319       -9.28774352e+01       8.266982e-03
     5           3327       -9.28773912e+01       1.132445e-02
    10           1663       -9.28777220e+01       1.426617e-02
    20            831       -9.28778693e+01       1.732371e-02
    50            332       -9.28776817e+01       2.000169e-02
    70            237       -9.28776216e+01       1.990038e-02
   100            166       -9.28776817e+01       2.110976e-02
   200             83       -9.28776817e+01       2.214290e-02
   500             33       -9.28816786e+01       2.041233e-02
Stocahstic error estimate: 2.000169e-02

step=19,E=-0.3715097406434086,dE=-0.0005974776591569366,err=8.000676550283142e-05,gmax=1.7512654328013397
	collect g,h time= 0.16820621490478516
	solver time=0.03812456130981445,exit status=0
niter= 22
pure_newton= False
	solver time=2.581254720687866,exit status=0
niter= 899
hessian inversion error= 0.00043128760869191494
	log prob= -74.0680538076722
	burn in time= 158.07408905029297
	sample time= 742.6209752559662
	contraction err= 3.733469427872389e-15 7.662096758846184e-14
nsamples= 16638

Mean energy: -9.29620062e+01
Block size    # of blocks        Mean                Error
     1           16638       -9.29620062e+01       6.755617e-03
     2           8319       -9.29620062e+01       8.670932e-03
     5           3327       -9.29620977e+01       1.254091e-02
    10           1663       -9.29623542e+01       1.670207e-02
    20            831       -9.29621954e+01       2.221683e-02
    50            332       -9.29620331e+01       3.271524e-02
    70            237       -9.29618310e+01       3.655006e-02
   100            166       -9.29620331e+01       4.292729e-02
   200             83       -9.29620331e+01       4.506364e-02
   500             33       -9.29609033e+01       5.114310e-02
Stocahstic error estimate: 4.506364e-02

	predict=-0.10324227269303221,actual=(array([-0.0846]), array([0.0451]))
	g=4.319831310167295,del=0.6307284400693361,dot=0.20633794284391727,x=38.703746588670214

nparam= 12320
	log prob= -74.0680538076722
	burn in time= 158.2954113483429
	sample time= 290.5736517906189
	contraction err= 3.7024340532118075e-15 4.154780288754982e-14
nsamples= 16638

Mean energy: -9.30076559e+01
Block size    # of blocks        Mean                Error
     1           16638       -9.30076559e+01       6.601810e-03
     2           8319       -9.30076559e+01       8.170855e-03
     5           3327       -9.30076084e+01       1.121432e-02
    10           1663       -9.30075754e+01       1.443311e-02
    20            831       -9.30074811e+01       1.777028e-02
    50            332       -9.30070610e+01       2.116798e-02
    70            237       -9.30070066e+01       2.033629e-02
   100            166       -9.30070610e+01       2.083726e-02
   200             83       -9.30070610e+01       2.100429e-02
   500             33       -9.30089325e+01       2.543001e-02
Stocahstic error estimate: 2.116798e-02

step=20,E=-0.3720306235451613,dE=-0.0005208829017527137,err=8.467192288561055e-05,gmax=4.807698784262659
	collect g,h time= 0.1702556610107422
	solver time=0.03497028350830078,exit status=0
niter= 20
pure_newton= False
	solver time=1.1886987686157227,exit status=0
niter= 409
hessian inversion error= 0.0005862879793735943
	log prob= -75.59760607780926
	burn in time= 159.08973336219788
	sample time= 743.3884537220001
	contraction err= 3.676109742146275e-15 3.198829049168819e-14
nsamples= 16638

Mean energy: -9.30931340e+01
Block size    # of blocks        Mean                Error
     1           16638       -9.30931340e+01       5.945249e-03
     2           8319       -9.30931340e+01       7.481442e-03
     5           3327       -9.30930780e+01       1.051632e-02
    10           1663       -9.30930730e+01       1.372852e-02
    20            831       -9.30928970e+01       1.803066e-02
    50            332       -9.30927433e+01       2.507405e-02
    70            237       -9.30925235e+01       2.811077e-02
   100            166       -9.30927433e+01       3.034850e-02
   200             83       -9.30927433e+01       3.539229e-02
   500             33       -9.30919423e+01       3.344818e-02
Stocahstic error estimate: 3.539229e-02

	predict=-0.09110794647736198,actual=(array([-0.0855]), array([0.0354]))
	g=5.869721049641503,del=0.5109556803692371,dot=0.18211957259102712,x=38.703746588670214

nparam= 12320
	log prob= -75.59760607780926
	burn in time= 159.11939311027527
	sample time= 290.1989483833313
	contraction err= 3.6784468139715915e-15 3.455059817307269e-14
nsamples= 16638

Mean energy: -9.31142080e+01
Block size    # of blocks        Mean                Error
     1           16638       -9.31142080e+01       5.645228e-03
     2           8319       -9.31142080e+01       7.205152e-03
     5           3327       -9.31142278e+01       1.005383e-02
    10           1663       -9.31141989e+01       1.296885e-02
    20            831       -9.31141342e+01       1.641306e-02
    50            332       -9.31139418e+01       1.938139e-02
    70            237       -9.31138824e+01       1.817762e-02
   100            166       -9.31139418e+01       1.878047e-02
   200             83       -9.31139418e+01       1.959572e-02
   500             33       -9.31130504e+01       2.038200e-02
Stocahstic error estimate: 1.938139e-02

step=21,E=-0.3724568321998667,dE=-0.00042620865470541957,err=7.752556410637476e-05,gmax=0.562852743435009
	collect g,h time= 0.16872763633728027
	solver time=0.06245779991149902,exit status=0
niter= 39
pure_newton= False
	solver time=1.6811630725860596,exit status=0
niter= 566
hessian inversion error= 0.0002502885114297795
	log prob= -76.65206550666407
	burn in time= 158.98874139785767
	sample time= 741.9242217540741
	contraction err= 3.608163796559787e-15 3.0683690655464974e-14
nsamples= 16638

Mean energy: -9.31557124e+01
Block size    # of blocks        Mean                Error
     1           16638       -9.31557124e+01       5.927414e-03
     2           8319       -9.31557124e+01       7.695473e-03
     5           3327       -9.31558299e+01       1.115064e-02
    10           1663       -9.31557661e+01       1.496464e-02
    20            831       -9.31557505e+01       1.983695e-02
    50            332       -9.31558155e+01       2.753732e-02
    70            237       -9.31557021e+01       3.112722e-02
   100            166       -9.31558155e+01       3.414896e-02
   200             83       -9.31558155e+01       3.429653e-02
   500             33       -9.31549643e+01       3.860117e-02
Stocahstic error estimate: 3.429653e-02

	predict=-0.06727490212435189,actual=(array([-0.0415]), array([0.0343]))
	g=2.5033123352916262,del=0.538513560081937,dot=0.13452396656123608,x=38.703746588670214

nparam= 12320
	log prob= -76.65206550666407
	burn in time= 161.12621569633484
	sample time= 289.9426188468933
	contraction err= 3.616571308168349e-15 8.417094804729143e-14
nsamples= 16638

Mean energy: -9.32122289e+01
Block size    # of blocks        Mean                Error
     1           16638       -9.32122289e+01       5.024747e-03
     2           8319       -9.32122289e+01       6.343623e-03
     5           3327       -9.32121867e+01       8.825258e-03
    10           1663       -9.32121307e+01       1.124770e-02
    20            831       -9.32120743e+01       1.360025e-02
    50            332       -9.32118461e+01       1.641524e-02
    70            237       -9.32116903e+01       1.570359e-02
   100            166       -9.32118461e+01       1.641220e-02
   200             83       -9.32118461e+01       1.741138e-02
   500             33       -9.32108582e+01       1.861418e-02
Stocahstic error estimate: 1.641524e-02

step=22,E=-0.37284891564995454,dE=-0.0003920834500878527,err=6.56609733634962e-05,gmax=0.27000226687748885
	collect g,h time= 0.1684737205505371
	solver time=0.06004977226257324,exit status=0
niter= 37
pure_newton= False
	solver time=1.454291582107544,exit status=0
niter= 506
hessian inversion error= 0.00016710782066393012
	log prob= -77.7977204305402
	burn in time= 158.97393560409546
	sample time= 741.2031815052032
	contraction err= 3.5407050150790904e-15 3.172154590151661e-14
nsamples= 16638

Mean energy: -9.33571494e+01
Block size    # of blocks        Mean                Error
     1           16638       -9.33571494e+01       3.807585e-03
     2           8319       -9.33571494e+01       4.616854e-03
     5           3327       -9.33571711e+01       6.113057e-03
    10           1663       -9.33571485e+01       7.654002e-03
    20            831       -9.33572705e+01       9.412970e-03
    50            332       -9.33573649e+01       1.195905e-02
    70            237       -9.33574716e+01       1.307902e-02
   100            166       -9.33573649e+01       1.246804e-02
   200             83       -9.33573649e+01       1.296947e-02
   500             33       -9.33576668e+01       1.519646e-02
Stocahstic error estimate: 1.307902e-02

	predict=-0.05365837431827659,actual=(array([-0.1449]), array([0.0131]))
	g=1.676912692473364,del=0.47124677613903826,dot=0.10730175428117623,x=38.7037465886702

nparam= 12320
	log prob= -77.7977204305402
	burn in time= 159.4921531677246
	sample time= 289.9165794849396
	contraction err= 3.595214233327747e-15 4.090572781857857e-14
nsamples= 16638

Mean energy: -9.32838913e+01
Block size    # of blocks        Mean                Error
     1           16638       -9.32838913e+01       5.298265e-03
     2           8319       -9.32838913e+01       6.635020e-03
     5           3327       -9.32838369e+01       9.092725e-03
    10           1663       -9.32837944e+01       1.136078e-02
    20            831       -9.32836811e+01       1.398963e-02
    50            332       -9.32834460e+01       1.612199e-02
    70            237       -9.32833616e+01       1.580896e-02
   100            166       -9.32834460e+01       1.603480e-02
   200             83       -9.32834460e+01       1.691037e-02
   500             33       -9.32826092e+01       1.695370e-02
Stocahstic error estimate: 1.612199e-02

step=23,E=-0.3731355650148163,dE=-0.0002866493648617734,err=6.448797413637387e-05,gmax=2.395994349776764
	collect g,h time= 0.16847634315490723
	solver time=0.04581809043884277,exit status=0
niter= 27
pure_newton= False
	solver time=1.086237907409668,exit status=0
niter= 374
hessian inversion error= 0.0003321141011966844
	log prob= -78.73212078990147
	burn in time= 158.72350454330444
	sample time= 742.2468912601471
	contraction err= 3.520208763753149e-15 2.932818612970789e-14
nsamples= 16638

Mean energy: -9.33845130e+01
Block size    # of blocks        Mean                Error
     1           16638       -9.33845130e+01       3.759261e-03
     2           8319       -9.33845130e+01       4.608311e-03
     5           3327       -9.33844879e+01       6.191307e-03
    10           1663       -9.33846407e+01       7.866270e-03
    20            831       -9.33845692e+01       9.671328e-03
    50            332       -9.33844617e+01       1.250813e-02
    70            237       -9.33844947e+01       1.343186e-02
   100            166       -9.33844617e+01       1.478621e-02
   200             83       -9.33844617e+01       1.516028e-02
   500             33       -9.33843327e+01       1.547414e-02
Stocahstic error estimate: 1.516028e-02

	predict=-0.060399267013727095,actual=(array([-0.1006]), array([0.0152]))
	g=3.511710880796907,del=0.3919558283575172,dot=0.12075913301135723,x=38.70374658867019

nparam= 12320
	log prob= -78.73212078990147
	burn in time= 158.8475410938263
	sample time= 289.740416765213
	contraction err= 3.539598305911655e-15 3.2363771178067537e-14
nsamples= 16638

Mean energy: -9.33529038e+01
Block size    # of blocks        Mean                Error
     1           16638       -9.33529038e+01       4.533802e-03
     2           8319       -9.33529038e+01       5.823700e-03
     5           3327       -9.33529088e+01       8.276871e-03
    10           1663       -9.33528598e+01       1.083565e-02
    20            831       -9.33528145e+01       1.336749e-02
    50            332       -9.33527672e+01       1.606456e-02
    70            237       -9.33527096e+01       1.596723e-02
   100            166       -9.33527672e+01       1.633880e-02
   200             83       -9.33527672e+01       1.671444e-02
   500             33       -9.33520955e+01       1.623295e-02
Stocahstic error estimate: 1.606456e-02

step=24,E=-0.3734116150445073,dE=-0.00027605002969096406,err=6.425823832197069e-05,gmax=0.4000662987098167
	collect g,h time= 0.1693408489227295
	solver time=0.05874443054199219,exit status=0
niter= 36
pure_newton= False
	solver time=1.2585749626159668,exit status=0
niter= 436
hessian inversion error= 0.00018002213281188866
	log prob= -79.69756524482708
	burn in time= 159.34967732429504
	sample time= 741.7862396240234
	contraction err= 3.484104919774406e-15 1.1170964152447616e-13
nsamples= 16638

Mean energy: -9.34242314e+01
Block size    # of blocks        Mean                Error
     1           16638       -9.34242314e+01       3.947521e-03
     2           8319       -9.34242314e+01       4.914438e-03
     5           3327       -9.34242120e+01       6.863816e-03
    10           1663       -9.34241785e+01       8.807774e-03
    20            831       -9.34241672e+01       1.122014e-02
    50            332       -9.34240497e+01       1.459107e-02
    70            237       -9.34241085e+01       1.690195e-02
   100            166       -9.34240497e+01       1.658264e-02
   200             83       -9.34240497e+01       1.838886e-02
   500             33       -9.34241029e+01       1.967014e-02
Stocahstic error estimate: 1.690195e-02

	predict=-0.04252952173318523,actual=(array([-0.0713]), array([0.0169]))
	g=1.9510462047929806,del=0.35362197442670545,dot=0.08504611877451496,x=38.703746588670214

nparam= 12320
	log prob= -79.69756524482708
	burn in time= 158.78513073921204
	sample time= 289.6532289981842
	contraction err= 3.5079401291541513e-15 2.3375137239356856e-14
nsamples= 16638

Mean energy: -9.33774909e+01
Block size    # of blocks        Mean                Error
     1           16638       -9.33774909e+01       4.802631e-03
     2           8319       -9.33774909e+01       6.151391e-03
     5           3327       -9.33774447e+01       8.818246e-03
    10           1663       -9.33774264e+01       1.160313e-02
    20            831       -9.33773203e+01       1.434288e-02
    50            332       -9.33770113e+01       1.750243e-02
    70            237       -9.33769560e+01       1.679627e-02
   100            166       -9.33770113e+01       1.754752e-02
   200             83       -9.33770113e+01       1.706410e-02
   500             33       -9.33792818e+01       1.626883e-02
Stocahstic error estimate: 1.750243e-02

step=25,E=-0.3735099636083154,dE=-9.834856380808788e-05,err=7.00097098022798e-05,gmax=0.5465215965310968
	collect g,h time= 0.16824555397033691
	solver time=0.06401968002319336,exit status=0
niter= 40
pure_newton= False
	solver time=1.2543549537658691,exit status=0
niter= 436
hessian inversion error= 0.00020877941858653292
	log prob= -80.62911136035338
	burn in time= 157.96439242362976
	sample time= 740.1648244857788
	contraction err= 3.461121560146789e-15 3.2197919879107735e-14
nsamples= 16638

Mean energy: -9.34281288e+01
Block size    # of blocks        Mean                Error
     1           16638       -9.34281288e+01       4.591309e-03
     2           8319       -9.34281288e+01       5.942696e-03
     5           3327       -9.34281091e+01       8.657878e-03
    10           1663       -9.34280952e+01       1.164144e-02
    20            831       -9.34280146e+01       1.567481e-02
    50            332       -9.34278776e+01       2.145740e-02
    70            237       -9.34277941e+01       2.630057e-02
   100            166       -9.34278776e+01       2.349790e-02
   200             83       -9.34278776e+01       2.870077e-02
   500             33       -9.34275737e+01       3.216497e-02
Stocahstic error estimate: 2.630057e-02

	predict=-0.043578362356122294,actual=(array([-0.0506]), array([0.0263]))
	g=2.1471931664609563,del=0.3460828947251438,dot=0.08713992156168618,x=38.70374658867021

nparam= 12320
	log prob= -80.62911136035338
	burn in time= 159.53937339782715
	sample time= 289.8629710674286
	contraction err= 3.4678306028104677e-15 2.3105294262375614e-14
nsamples= 16638

Mean energy: -9.34442398e+01
Block size    # of blocks        Mean                Error
     1           16638       -9.34442398e+01       4.136080e-03
     2           8319       -9.34442398e+01       5.283237e-03
     5           3327       -9.34441921e+01       7.598761e-03
    10           1663       -9.34442368e+01       9.904293e-03
    20            831       -9.34441957e+01       1.246954e-02
    50            332       -9.34440342e+01       1.473999e-02
    70            237       -9.34439810e+01       1.538096e-02
   100            166       -9.34440342e+01       1.544221e-02
   200             83       -9.34440342e+01       1.433971e-02
   500             33       -9.34435916e+01       1.300943e-02
Stocahstic error estimate: 1.538096e-02

step=26,E=-0.37377695935565836,dE=-0.0002669957473429463,err=6.152383133979357e-05,gmax=0.5949346338796175
	collect g,h time= 0.1693863868713379
	solver time=0.06521201133728027,exit status=0
niter= 41
pure_newton= False
	solver time=1.1421339511871338,exit status=0
niter= 374
hessian inversion error= 0.00019918207727821682
	log prob= -81.46340901509572
	burn in time= 158.45612692832947
	sample time= 740.3895931243896
	contraction err= 3.3902233260469642e-15 5.1285198345906194e-14
nsamples= 16638

Mean energy: -9.35205987e+01
Block size    # of blocks        Mean                Error
     1           16638       -9.35205987e+01       3.296020e-03
     2           8319       -9.35205987e+01       4.015730e-03
     5           3327       -9.35205673e+01       5.438053e-03
    10           1663       -9.35205992e+01       6.996905e-03
    20            831       -9.35207172e+01       8.325701e-03
    50            332       -9.35210059e+01       9.920128e-03
    70            237       -9.35209565e+01       1.197435e-02
   100            166       -9.35210059e+01       1.259857e-02
   200             83       -9.35210059e+01       1.329612e-02
   500             33       -9.35214212e+01       1.364099e-02
Stocahstic error estimate: 1.364099e-02

	predict=-0.03649942380976378,actual=(array([-0.0764]), array([0.0136]))
	g=2.0238098176023542,del=0.2829502321373915,dot=0.07298497779731966,x=38.70374658867021

nparam= 12320
	log prob= -81.46340901509572
	burn in time= 158.69830060005188
	sample time= 289.75953340530396
	contraction err= 3.4147989895446426e-15 2.916853941202068e-14
nsamples= 16638

Mean energy: -9.34757932e+01
Block size    # of blocks        Mean                Error
     1           16638       -9.34757932e+01       4.399757e-03
     2           8319       -9.34757932e+01       5.695164e-03
     5           3327       -9.34757465e+01       8.167054e-03
    10           1663       -9.34756707e+01       1.062399e-02
    20            831       -9.34755674e+01       1.359962e-02
    50            332       -9.34753312e+01       1.654311e-02
    70            237       -9.34753370e+01       1.685778e-02
   100            166       -9.34753312e+01       1.662248e-02
   200             83       -9.34753312e+01       1.771868e-02
   500             33       -9.34750597e+01       1.985273e-02
Stocahstic error estimate: 1.685778e-02

step=27,E=-0.373903172715893,dE=-0.00012621336023465801,err=6.743112602096956e-05,gmax=0.5972462768389235
	collect g,h time= 0.16784048080444336
	solver time=0.04553365707397461,exit status=0
niter= 27
pure_newton= False
	solver time=1.0781991481781006,exit status=0
niter= 374
hessian inversion error= 0.00022222675351523812
	log prob= -82.21866589250064
	burn in time= 159.40407180786133
	sample time= 740.2355110645294
	contraction err= 3.3416021503523914e-15 5.466355924731659e-14
nsamples= 16638

Mean energy: -9.35196989e+01
Block size    # of blocks        Mean                Error
     1           16638       -9.35196989e+01       4.104138e-03
     2           8319       -9.35196989e+01       5.409255e-03
     5           3327       -9.35196760e+01       8.014856e-03
    10           1663       -9.35196787e+01       1.086563e-02
    20            831       -9.35196452e+01       1.466178e-02
    50            332       -9.35195716e+01       2.041296e-02
    70            237       -9.35195160e+01       2.302136e-02
   100            166       -9.35195716e+01       2.487955e-02
   200             83       -9.35195716e+01       2.419761e-02
   500             33       -9.35197956e+01       2.692790e-02
Stocahstic error estimate: 2.487955e-02

	predict=-0.038170934737017166,actual=(array([-0.0439]), array([0.0249]))
	g=2.250390208158334,del=0.24829996683759434,dot=0.07632607293818985,x=38.7037465886702

nparam= 12320
	log prob= -82.21866589250064
	burn in time= 159.49766516685486
	sample time= 289.7315876483917
	contraction err= 3.4029754385180557e-15 2.993678505692419e-14
nsamples= 16638

Mean energy: -9.35040824e+01
Block size    # of blocks        Mean                Error
     1           16638       -9.35040824e+01       4.267162e-03
     2           8319       -9.35040824e+01       5.621561e-03
     5           3327       -9.35041007e+01       8.296083e-03
    10           1663       -9.35041484e+01       1.091919e-02
    20            831       -9.35040875e+01       1.409448e-02
    50            332       -9.35040387e+01       1.714074e-02
    70            237       -9.35039420e+01       1.708144e-02
   100            166       -9.35040387e+01       1.684026e-02
   200             83       -9.35040387e+01       1.659747e-02
   500             33       -9.35031805e+01       1.764044e-02
Stocahstic error estimate: 1.714074e-02

step=28,E=-0.37401632943154783,dE=-0.00011315671565483853,err=6.85629596327388e-05,gmax=0.44563642322707864
	collect g,h time= 0.16897845268249512
	solver time=0.056948184967041016,exit status=0
niter= 35
pure_newton= False
	solver time=2.718926429748535,exit status=0
niter= 932
hessian inversion error= 0.00019899071502656895
	log prob= -82.94352317539219
	burn in time= 158.3649559020996
	sample time= 739.9325902462006
	contraction err= 3.317863433328721e-15 5.0019150411094545e-14
nsamples= 16638

Mean energy: -9.35476214e+01
Block size    # of blocks        Mean                Error
     1           16638       -9.35476214e+01       4.089128e-03
     2           8319       -9.35476214e+01       5.163420e-03
     5           3327       -9.35476230e+01       7.328109e-03
    10           1663       -9.35475801e+01       9.793409e-03
    20            831       -9.35476279e+01       1.299482e-02
    50            332       -9.35480169e+01       1.747330e-02
    70            237       -9.35481445e+01       1.930346e-02
   100            166       -9.35480169e+01       2.184259e-02
   200             83       -9.35480169e+01       2.419053e-02
   500             33       -9.35481582e+01       2.419519e-02
Stocahstic error estimate: 2.419519e-02

	predict=-0.03511634139742406,actual=(array([-0.0435]), array([0.0242]))
	g=2.0116870488324476,del=0.2756511015244816,dot=0.07022144594680048,x=38.70374658867019

nparam= 12320
	log prob= -82.94352317539219
	burn in time= 158.9376277923584
	sample time= 289.68223762512207
	contraction err= 3.3427157272106955e-15 4.0260041153086444e-14
nsamples= 16638

Mean energy: -9.35172158e+01
Block size    # of blocks        Mean                Error
     1           16638       -9.35172158e+01       4.679730e-03
     2           8319       -9.35172158e+01       6.060725e-03
     5           3327       -9.35171819e+01       8.775624e-03
    10           1663       -9.35171279e+01       1.145335e-02
    20            831       -9.35171577e+01       1.441091e-02
    50            332       -9.35172036e+01       1.787508e-02
    70            237       -9.35173582e+01       1.710958e-02
   100            166       -9.35172036e+01       1.773923e-02
   200             83       -9.35172036e+01       1.783402e-02
   500             33       -9.35167260e+01       1.935740e-02
Stocahstic error estimate: 1.787508e-02

step=29,E=-0.3740688632328848,dE=-5.253380133694918e-05,err=7.150030097047333e-05,gmax=0.6046941361569047
	collect g,h time= 0.16878604888916016
	solver time=0.05966615676879883,exit status=0
niter= 37
pure_newton= False
	solver time=0.8445632457733154,exit status=0
niter= 294
hessian inversion error= 0.0002274361196202987
	log prob= -83.56954178749082
	burn in time= 158.51488137245178
	sample time= 739.002227306366
	contraction err= 3.347354391400907e-15 4.089737571934638e-14
nsamples= 16638

Mean energy: -9.35269178e+01
Block size    # of blocks        Mean                Error
     1           16638       -9.35269178e+01       4.939841e-03
     2           8319       -9.35269178e+01       6.640478e-03
     5           3327       -9.35268965e+01       1.010012e-02
    10           1663       -9.35268705e+01       1.387536e-02
    20            831       -9.35268055e+01       1.904800e-02
    50            332       -9.35270053e+01       2.836628e-02
    70            237       -9.35269141e+01       3.286010e-02
   100            166       -9.35270053e+01       3.563114e-02
   200             83       -9.35270053e+01       4.307557e-02
   500             33       -9.35268144e+01       3.903810e-02
Stocahstic error estimate: 4.307557e-02

	predict=-0.03941134349642389,actual=(array([-0.0097]), array([0.0431]))
	g=2.2849739222831604,del=0.2214145971607469,dot=0.07880819379489773,x=38.70374658867021

nparam= 12320
	log prob= -83.56954178749082
	burn in time= 159.19113898277283
	sample time= 289.97247552871704
	contraction err= 3.308694785205643e-15 2.409613823928072e-14
nsamples= 16638

Mean energy: -9.35686308e+01
Block size    # of blocks        Mean                Error
     1           16638       -9.35686308e+01       4.371344e-03
     2           8319       -9.35686308e+01       5.786195e-03
     5           3327       -9.35685920e+01       8.566261e-03
    10           1663       -9.35685482e+01       1.150108e-02
    20            831       -9.35684509e+01       1.477460e-02
    50            332       -9.35682774e+01       1.780229e-02
    70            237       -9.35682221e+01       1.893395e-02
   100            166       -9.35682774e+01       2.011573e-02
   200             83       -9.35682774e+01       2.050144e-02
   500             33       -9.35674162e+01       2.135934e-02
Stocahstic error estimate: 2.050144e-02

step=30,E=-0.3742745231451805,dE=-0.00020565991229574366,err=8.200575637426162e-05,gmax=0.5362970638244988
	collect g,h time= 0.16826701164245605
	solver time=0.06087207794189453,exit status=0
niter= 38
pure_newton= False
	solver time=0.9081933498382568,exit status=0
niter= 309
hessian inversion error= 0.00021478957811571253
	log prob= -84.17910664586306
	burn in time= 158.04363894462585
	sample time= 739.2815496921539
	contraction err= 3.255391447307057e-15 3.325713719770132e-14
nsamples= 16638

Mean energy: -9.35975165e+01
Block size    # of blocks        Mean                Error
     1           16638       -9.35975165e+01       3.770238e-03
     2           8319       -9.35975165e+01       5.010287e-03
     5           3327       -9.35974875e+01       7.462266e-03
    10           1663       -9.35974534e+01       1.021891e-02
    20            831       -9.35974089e+01       1.398261e-02
    50            332       -9.35977060e+01       2.077205e-02
    70            237       -9.35976145e+01       2.335337e-02
   100            166       -9.35977060e+01       2.820175e-02
   200             83       -9.35977060e+01       2.849335e-02
   500             33       -9.35981809e+01       3.421748e-02
Stocahstic error estimate: 2.849335e-02

	predict=-0.032920636500090625,actual=(array([-0.0289]), array([0.0285]))
	g=2.155586173520105,del=0.1696792165684344,dot=0.06582929455029411,x=38.70374658867019

nparam= 12320
	log prob= -84.17910664586306
	burn in time= 159.05511903762817
	sample time= 289.7896387577057
	contraction err= 3.2499223720187776e-15 2.8634109964480564e-14
nsamples= 16638

Mean energy: -9.35958354e+01
Block size    # of blocks        Mean                Error
     1           16638       -9.35958354e+01       3.854507e-03
     2           8319       -9.35958354e+01       5.097356e-03
     5           3327       -9.35958824e+01       7.491167e-03
    10           1663       -9.35958326e+01       9.968846e-03
    20            831       -9.35957501e+01       1.304102e-02
    50            332       -9.35957995e+01       1.534270e-02
    70            237       -9.35958521e+01       1.539727e-02
   100            166       -9.35957995e+01       1.493926e-02
   200             83       -9.35957995e+01       1.570541e-02
   500             33       -9.35956613e+01       1.759930e-02
Stocahstic error estimate: 1.539727e-02

step=31,E=-0.3743833416390794,dE=-0.00010881849389886611,err=6.158906655161792e-05,gmax=0.3520506759225013
	collect g,h time= 0.16842961311340332
	solver time=0.0599210262298584,exit status=0
niter= 37
pure_newton= False
	solver time=0.9018280506134033,exit status=0
niter= 312
hessian inversion error= 0.00017099493975303653
	log prob= -84.72659880400404
	burn in time= 158.35201287269592
	sample time= 740.5208494663239
	contraction err= 3.1796635671787485e-15 6.552018966797547e-14
nsamples= 16638

Mean energy: -9.36276647e+01
Block size    # of blocks        Mean                Error
     1           16638       -9.36276647e+01       3.361102e-03
     2           8319       -9.36276647e+01       4.394697e-03
     5           3327       -9.36276413e+01       6.551409e-03
    10           1663       -9.36276020e+01       8.914320e-03
    20            831       -9.36276282e+01       1.202188e-02
    50            332       -9.36279083e+01       1.739108e-02
    70            237       -9.36278454e+01       2.098291e-02
   100            166       -9.36279083e+01       2.267890e-02
   200             83       -9.36279083e+01       2.386796e-02
   500             33       -9.36276867e+01       2.904496e-02
	predict=-0.026908786771823418,actual=(array([-0.0318]), array([0.029]))
	g=1.801433134720283,del=0.16028315789632178,dot=0.053808965167004646,x=38.703746588670214

nparam= 12320
	log prob= -84.72659880400404
	burn in time= 160.20620942115784
	sample time= 289.7250831127167
	contraction err= 3.2165980368518602e-15 2.374107374251428e-14
nsamples= 16638

Mean energy: -9.36173293e+01
Block size    # of blocks        Mean                Error
     1           16638       -9.36173293e+01       3.760537e-03
     2           8319       -9.36173293e+01       4.985976e-03
     5           3327       -9.36173491e+01       7.348530e-03
    10           1663       -9.36173471e+01       9.764900e-03
    20            831       -9.36172841e+01       1.249013e-02
    50            332       -9.36171372e+01       1.508937e-02
    70            237       -9.36170543e+01       1.489709e-02
   100            166       -9.36171372e+01       1.517865e-02
   200             83       -9.36171372e+01       1.560761e-02
   500             33       -9.36169846e+01       1.799797e-02
Stocahstic error estimate: 1.508937e-02

step=32,E=-0.37446931722155297,dE=-8.597558247356573e-05,err=6.0357475834224736e-05,gmax=0.3833602707995949
	collect g,h time= 0.1692795753479004
	solver time=0.06311178207397461,exit status=0
niter= 39
pure_newton= False
	solver time=0.8721053600311279,exit status=0
niter= 303
hessian inversion error= 0.00017033245713435672
	log prob= -85.27159562306667
	burn in time= 159.08121252059937
	sample time= 739.0123636722565
	contraction err= 3.178141556453755e-15 2.5502890758065715e-14
nsamples= 16638

Mean energy: -9.36173910e+01
Block size    # of blocks        Mean                Error
     1           16638       -9.36173910e+01       3.897366e-03
     2           8319       -9.36173910e+01       5.187293e-03
     5           3327       -9.36173861e+01       7.824165e-03
    10           1663       -9.36173552e+01       1.069929e-02
    20            831       -9.36173001e+01       1.448097e-02
    50            332       -9.36174454e+01       2.149095e-02
    70            237       -9.36174758e+01       2.399860e-02
   100            166       -9.36174454e+01       2.850633e-02
   200             83       -9.36174454e+01       3.003512e-02
   500             33       -9.36173993e+01       3.551797e-02
	predict=-0.024181946642140247,actual=(array([-0.0001]), array([0.0355]))
	g=1.7081051187154188,del=0.14147015238188032,dot=0.0483565570260162,x=38.7037465886702

nparam= 12320
	log prob= -85.27159562306667
	burn in time= 160.52460074424744
	sample time= 289.81067872047424
	contraction err= 3.1543233371463356e-15 2.0933625008410588e-14
nsamples= 16638

Mean energy: -9.36412870e+01
Block size    # of blocks        Mean                Error
     1           16638       -9.36412870e+01       3.442797e-03
     2           8319       -9.36412870e+01       4.636437e-03
     5           3327       -9.36412640e+01       6.893554e-03
    10           1663       -9.36412308e+01       9.116273e-03
    20            831       -9.36411963e+01       1.190520e-02
    50            332       -9.36410518e+01       1.443353e-02
    70            237       -9.36409679e+01       1.459469e-02
   100            166       -9.36410518e+01       1.423345e-02
   200             83       -9.36410518e+01       1.436088e-02
   500             33       -9.36409509e+01       1.751791e-02
Stocahstic error estimate: 1.459469e-02

step=33,E=-0.37456514803783764,dE=-9.583081628466062e-05,err=5.8378750853296547e-05,gmax=0.8725010087843312
	collect g,h time= 0.1687772274017334
	solver time=0.05872821807861328,exit status=0
niter= 36
pure_newton= False
	solver time=0.7072889804840088,exit status=0
niter= 235
hessian inversion error= 0.00019824770341938974
	log prob= -85.77033391975219
	burn in time= 160.63035249710083
	sample time= 739.0974659919739
	contraction err= 3.10261625503844e-15 2.4988728653779606e-14
nsamples= 16638

Mean energy: -9.36853602e+01
Block size    # of blocks        Mean                Error
     1           16638       -9.36853602e+01       1.982598e-03
     2           8319       -9.36853602e+01       2.471999e-03
     5           3327       -9.36853479e+01       3.478155e-03
    10           1663       -9.36853767e+01       4.522675e-03
    20            831       -9.36853606e+01       5.688003e-03
    50            332       -9.36856835e+01       7.398179e-03
    70            237       -9.36856780e+01       7.891061e-03
   100            166       -9.36856835e+01       9.592783e-03
   200             83       -9.36856835e+01       9.755042e-03
   500             33       -9.36855959e+01       1.057371e-02
Stocahstic error estimate: 9.755042e-03

	predict=-0.01973500496066446,actual=(array([-0.0441]), array([0.0098]))
	g=1.9915978158198515,del=0.11807476514960565,dot=0.0394626195827454,x=38.70374658867021

nparam= 12320
	log prob= -85.77033391975219
	burn in time= 160.09945344924927
	sample time= 289.6823341846466
	contraction err= 3.0874685439214602e-15 7.390844680976563e-14
nsamples= 16638

Mean energy: -9.36548453e+01
Block size    # of blocks        Mean                Error
     1           16638       -9.36548453e+01       3.539816e-03
     2           8319       -9.36548453e+01       4.729206e-03
     5           3327       -9.36548240e+01       7.008845e-03
    10           1663       -9.36547894e+01       9.367358e-03
    20            831       -9.36547291e+01       1.224385e-02
    50            332       -9.36546413e+01       1.406238e-02
    70            237       -9.36549808e+01       1.535129e-02
   100            166       -9.36546413e+01       1.485446e-02
   200             83       -9.36546413e+01       1.485533e-02
   500             33       -9.36547321e+01       1.729726e-02
Stocahstic error estimate: 1.535129e-02

step=34,E=-0.37461938119588634,dE=-5.423315804870299e-05,err=6.140514164593643e-05,gmax=2.0451704530061576
	collect g,h time= 0.16864633560180664
	solver time=0.04703092575073242,exit status=0
niter= 28
pure_newton= False
	solver time=0.5975420475006104,exit status=0
niter= 205
hessian inversion error= 0.0003332079766040705
	log prob= -86.24503064259311
	burn in time= 158.78386759757996
	sample time= 738.5972452163696
	contraction err= 3.048825240841744e-15 2.0200170240376488e-14
nsamples= 16638

Mean energy: -9.36637111e+01
Block size    # of blocks        Mean                Error
     1           16638       -9.36637111e+01       3.299641e-03
     2           8319       -9.36637111e+01       4.485549e-03
     5           3327       -9.36636958e+01       6.778323e-03
    10           1663       -9.36636884e+01       9.393324e-03
    20            831       -9.36636673e+01       1.278838e-02
    50            332       -9.36640548e+01       1.940938e-02
    70            237       -9.36640199e+01       2.170146e-02
   100            166       -9.36640548e+01       2.530271e-02
   200             83       -9.36640548e+01       2.586228e-02
   500             33       -9.36637977e+01       3.284624e-02
Stocahstic error estimate: 2.586228e-02

	predict=-0.020308458450525542,actual=(array([-0.0089]), array([0.0259]))
	g=3.3519595113930563,del=0.08879749126520482,dot=0.04060815339312773,x=38.70374658867019

nparam= 12320
	log prob= -86.24503064259311
	burn in time= 159.24040412902832
	sample time= 289.7366614341736
	contraction err= 3.0708895871688005e-15 4.818927640038646e-14
nsamples= 16638

Mean energy: -9.36691383e+01
Block size    # of blocks        Mean                Error
     1           16638       -9.36691383e+01       3.270524e-03
     2           8319       -9.36691383e+01       4.375651e-03
     5           3327       -9.36691176e+01       6.613461e-03
    10           1663       -9.36690916e+01       8.671161e-03
    20            831       -9.36691500e+01       1.148768e-02
    50            332       -9.36690711e+01       1.330681e-02
    70            237       -9.36690423e+01       1.353603e-02
   100            166       -9.36690711e+01       1.396589e-02
   200             83       -9.36690711e+01       1.483913e-02
   500             33       -9.36689202e+01       1.489431e-02
Stocahstic error estimate: 1.353603e-02

step=35,E=-0.3746765532924961,dE=-5.7172096609804155e-05,err=5.414413867846447e-05,gmax=0.41588072506483265
	collect g,h time= 0.16810321807861328
	solver time=0.04950428009033203,exit status=0
niter= 30
pure_newton= False
	solver time=0.8177399635314941,exit status=0
niter= 281
hessian inversion error= 0.0001453689433057823
	log prob= -86.64023170608716
	burn in time= 158.9854805469513
	sample time= 739.032220363617
	contraction err= 3.047029787421548e-15 4.1743033228720283e-14
nsamples= 16638

Mean energy: -9.37017024e+01
Block size    # of blocks        Mean                Error
     1           16638       -9.37017024e+01       2.028156e-03
     2           8319       -9.37017024e+01       2.610715e-03
     5           3327       -9.37016925e+01       3.814922e-03
    10           1663       -9.37016757e+01       5.184908e-03
    20            831       -9.37016415e+01       7.032954e-03
    50            332       -9.37019630e+01       1.007087e-02
    70            237       -9.37019390e+01       8.584458e-03
   100            166       -9.37019630e+01       1.004362e-02
   200             83       -9.37019630e+01       1.050767e-02
   500             33       -9.37020009e+01       9.767420e-03
Stocahstic error estimate: 1.007087e-02

	predict=-0.01683439665764034,actual=(array([-0.0326]), array([0.0101]))
	g=1.4918844748646836,del=0.09278805151257524,dot=0.0336650738097308,x=38.703746588670185

nparam= 12320
	log prob= -86.64023170608716
	burn in time= 160.12469506263733
	sample time= 289.75758600234985
	contraction err= 3.0633878101122193e-15 3.3948161374958885e-14
nsamples= 16638

Mean energy: -9.36861020e+01
Block size    # of blocks        Mean                Error
     1           16638       -9.36861020e+01       2.669774e-03
     2           8319       -9.36861020e+01       3.520407e-03
     5           3327       -9.36860910e+01       5.138340e-03
    10           1663       -9.36860709e+01       6.842185e-03
    20            831       -9.36860435e+01       8.753465e-03
    50            332       -9.36859820e+01       1.079259e-02
    70            237       -9.36859536e+01       1.009301e-02
   100            166       -9.36859820e+01       1.078629e-02
   200             83       -9.36859820e+01       1.092960e-02
   500             33       -9.36856785e+01       9.913920e-03
Stocahstic error estimate: 1.079259e-02

step=36,E=-0.3747444078987846,dE=-6.785460628850615e-05,err=4.3170353679295406e-05,gmax=0.5777522420955119
	collect g,h time= 0.16827630996704102
	solver time=0.05408120155334473,exit status=0
niter= 33
pure_newton= False
	solver time=0.6393356323242188,exit status=0
niter= 219
hessian inversion error= 0.00014751560798062627
	log prob= -86.98121834070373
	burn in time= 159.29087448120117
	sample time= 739.2550332546234
	contraction err= 3.0253601316108073e-15 2.3177383697102122e-14
nsamples= 16638

Mean energy: -9.37148661e+01
Block size    # of blocks        Mean                Error
     1           16638       -9.37148661e+01       1.337110e-03
     2           8319       -9.37148661e+01       1.501271e-03
     5           3327       -9.37148627e+01       1.870665e-03
    10           1663       -9.37148754e+01       2.261580e-03
    20            831       -9.37148578e+01       2.766454e-03
    50            332       -9.37152029e+01       3.368235e-03
    70            237       -9.37154473e+01       3.475689e-03
   100            166       -9.37152029e+01       4.053596e-03
   200             83       -9.37152029e+01       4.312597e-03
   500             33       -9.37155580e+01       4.180095e-03
Stocahstic error estimate: 3.475689e-03

	predict=-0.012343550831828243,actual=(array([-0.0288]), array([0.0035]))
	g=1.5291295180916575,del=0.07939404212156048,dot=0.024683746105464758,x=38.70374658867019

nparam= 12320
	log prob= -86.98121834070373
	burn in time= 160.51066279411316
	sample time= 289.5130732059479
	contraction err= 3.0349431530615615e-15 2.9756215039964145e-14
nsamples= 16638

Mean energy: -9.36881176e+01
Block size    # of blocks        Mean                Error
     1           16638       -9.36881176e+01       2.983554e-03
     2           8319       -9.36881176e+01       3.894882e-03
     5           3327       -9.36881404e+01       5.829510e-03
    10           1663       -9.36881905e+01       7.712440e-03
    20            831       -9.36881943e+01       1.030064e-02
    50            332       -9.36882225e+01       1.223789e-02
    70            237       -9.36881873e+01       1.194609e-02
   100            166       -9.36882225e+01       1.230864e-02
   200             83       -9.36882225e+01       1.304472e-02
   500             33       -9.36879544e+01       1.362504e-02
Stocahstic error estimate: 1.223789e-02

step=37,E=-0.37475247056137406,dE=-8.06266258945243e-06,err=4.895154892614906e-05,gmax=0.6197386151782851
	collect g,h time= 0.16827178001403809
	solver time=0.059792280197143555,exit status=0
niter= 37
pure_newton= False
	solver time=0.6359665393829346,exit status=0
niter= 219
hessian inversion error= 0.0001384232036820253
	log prob= -87.31991316327304
	burn in time= 159.59390711784363
	sample time= 739.223313331604
	contraction err= 2.980622895631372e-15 2.856449654171183e-14
nsamples= 16638

Mean energy: -9.37137720e+01
Block size    # of blocks        Mean                Error
     1           16638       -9.37137720e+01       1.773504e-03
     2           8319       -9.37137720e+01       2.228165e-03
     5           3327       -9.37137664e+01       3.170989e-03
    10           1663       -9.37137536e+01       4.248636e-03
    20            831       -9.37137361e+01       5.456563e-03
    50            332       -9.37140615e+01       8.112071e-03
    70            237       -9.37140173e+01       9.143541e-03
   100            166       -9.37140615e+01       1.048401e-02
   200             83       -9.37140615e+01       1.045905e-02
   500             33       -9.37140471e+01       1.297041e-02
Stocahstic error estimate: 1.048401e-02

	predict=-0.013961798463019075,actual=(array([-0.0257]), array([0.0105]))
	g=1.52666359723305,del=0.07309203712484698,dot=0.02792044723531681,x=38.70374658867021

nparam= 12320
	log prob= -87.31991316327304
	burn in time= 158.57994771003723
	sample time= 289.86625146865845
	contraction err= 3.0114383310518507e-15 3.2993335298718255e-14
nsamples= 16638

Mean energy: -9.36917735e+01
Block size    # of blocks        Mean                Error
     1           16638       -9.36917735e+01       2.801068e-03
     2           8319       -9.36917735e+01       3.659041e-03
     5           3327       -9.36917621e+01       5.405410e-03
    10           1663       -9.36917425e+01       7.159006e-03
    20            831       -9.36917045e+01       9.421967e-03
    50            332       -9.36916428e+01       1.099859e-02
    70            237       -9.36916051e+01       1.166819e-02
   100            166       -9.36916428e+01       1.095594e-02
   200             83       -9.36916428e+01       1.153094e-02
   500             33       -9.36913242e+01       1.158009e-02
Stocahstic error estimate: 1.166819e-02

step=38,E=-0.37476709392417845,dE=-1.4623362804343287e-05,err=4.667275264321059e-05,gmax=0.7354459366422813
	collect g,h time= 0.16970443725585938
	solver time=0.04288196563720703,exit status=0
niter= 25
pure_newton= False
	solver time=0.5981254577636719,exit status=0
niter= 197
hessian inversion error= 0.0001895146449975428
	log prob= -87.65174772304447
	burn in time= 157.54850459098816
	sample time= 739.1074731349945
	contraction err= 2.931452528089395e-15 4.771048911379372e-14
nsamples= 16638

Mean energy: -9.37307559e+01
Block size    # of blocks        Mean                Error
     1           16638       -9.37307559e+01       9.784654e-04
     2           8319       -9.37307559e+01       1.067435e-03
     5           3327       -9.37307786e+01       1.285945e-03
    10           1663       -9.37307728e+01       1.516570e-03
    20            831       -9.37307604e+01       1.760325e-03
    50            332       -9.37308443e+01       2.056150e-03
    70            237       -9.37310062e+01       1.962271e-03
   100            166       -9.37308443e+01       2.080356e-03
   200             83       -9.37308443e+01       2.350177e-03
   500             33       -9.37309823e+01       2.502262e-03
Stocahstic error estimate: 2.056150e-03

	predict=-0.013000896879894218,actual=(array([-0.039]), array([0.0021]))
	g=1.8998615837720114,del=0.07331020106894288,dot=0.025997934837609718,x=38.70374658867019

nparam= 12320
	log prob= -87.65174772304447
	burn in time= 158.63221669197083
	sample time= 289.6446809768677
	contraction err= 2.9637320788078124e-15 3.105063149382754e-14
nsamples= 16638

Mean energy: -9.37052743e+01
Block size    # of blocks        Mean                Error
     1           16638       -9.37052743e+01       2.700201e-03
     2           8319       -9.37052743e+01       3.572720e-03
     5           3327       -9.37052654e+01       5.284586e-03
    10           1663       -9.37052509e+01       7.024260e-03
    20            831       -9.37052274e+01       8.711632e-03
    50            332       -9.37053401e+01       1.133674e-02
    70            237       -9.37054557e+01       1.145568e-02
   100            166       -9.37053401e+01       1.157907e-02
   200             83       -9.37053401e+01       1.133763e-02
   500             33       -9.37052833e+01       1.160745e-02
Stocahstic error estimate: 1.145568e-02

step=39,E=-0.374821097275891,dE=-5.400335171259485e-05,err=4.582271719446278e-05,gmax=0.46593996827812667
	collect g,h time= 0.16953587532043457
	solver time=0.054663896560668945,exit status=0
niter= 33
pure_newton= False
	solver time=0.687793493270874,exit status=0
niter= 227
hessian inversion error= 0.0001630241032794772
	log prob= -87.96981071060515
	burn in time= 158.6691222190857
	sample time= 738.9452397823334
	contraction err= 2.941801297167528e-15 2.25867653433839e-14
nsamples= 16638

Mean energy: -9.37226641e+01
Block size    # of blocks        Mean                Error
     1           16638       -9.37226641e+01       1.514954e-03
     2           8319       -9.37226641e+01       1.848436e-03
     5           3327       -9.37226602e+01       2.542571e-03
    10           1663       -9.37226719e+01       3.266055e-03
    20            831       -9.37226579e+01       4.377825e-03
    50            332       -9.37227709e+01       4.946052e-03
    70            237       -9.37228996e+01       4.924075e-03
   100            166       -9.37227709e+01       5.063737e-03
   200             83       -9.37227709e+01       5.051792e-03
   500             33       -9.37228496e+01       5.123481e-03
Stocahstic error estimate: 4.946052e-03

	predict=-0.012242266430185127,actual=(array([-0.0174]), array([0.0049]))
	g=1.6355849740522306,del=0.05610293578778958,dot=0.02448185433349421,x=38.7037465886702

nparam= 12320
	log prob= -87.96981071060515
	burn in time= 158.4853482246399
	sample time= 289.74556159973145
	contraction err= 2.9354520388272285e-15 2.981976767989195e-14
nsamples= 16638

Mean energy: -9.37043880e+01
Block size    # of blocks        Mean                Error
     1           16638       -9.37043880e+01       2.657754e-03
     2           8319       -9.37043880e+01       3.526683e-03
     5           3327       -9.37043801e+01       5.229291e-03
    10           1663       -9.37043660e+01       6.950456e-03
    20            831       -9.37043371e+01       9.381025e-03
    50            332       -9.37042955e+01       1.126320e-02
    70            237       -9.37042788e+01       1.142064e-02
   100            166       -9.37042955e+01       1.112833e-02
   200             83       -9.37042955e+01       1.123226e-02
   500             33       -9.37040072e+01       1.154901e-02
Stocahstic error estimate: 1.142064e-02

step=40,E=-0.37481755214094015,dE=3.545134950854845e-06,err=4.5682566674018115e-05,gmax=1.2539409943303639
	collect g,h time= 0.1689770221710205
	solver time=0.04979062080383301,exit status=0
niter= 30
pure_newton= False
	solver time=0.6408889293670654,exit status=0
niter= 219
hessian inversion error= 0.00020620227779232362
	log prob= -88.16066466051153
	burn in time= 158.87097120285034
	sample time= 738.7881455421448
	contraction err= 2.9372851312108417e-15 5.5540672796607224e-14
nsamples= 16638

Mean energy: -9.37292781e+01
Block size    # of blocks        Mean                Error
     1           16638       -9.37292781e+01       1.263682e-03
     2           8319       -9.37292781e+01       1.461926e-03
     5           3327       -9.37292688e+01       1.940870e-03
    10           1663       -9.37292633e+01       2.391109e-03
    20            831       -9.37294515e+01       2.983310e-03
    50            332       -9.37295517e+01       3.453374e-03
    70            237       -9.37297066e+01       3.408517e-03
   100            166       -9.37295517e+01       3.475628e-03
   200             83       -9.37295517e+01       3.480726e-03
   500             33       -9.37296657e+01       3.434360e-03
Stocahstic error estimate: 3.453374e-03

	predict=-0.01093277303728893,actual=(array([-0.0249]), array([0.0035]))
	g=2.070326530274177,del=0.053658583839409094,dot=0.02186129811228749,x=38.703746588670214

nparam= 12320
	log prob= -88.16066466051153
	burn in time= 158.66893005371094
