block_dict= [(0, 1320)]
sizes= [1320]
SIZE= 640
L= 30
nspin= (15, 15)
nparam= 1320
	prob= 9.08700855989803e-07
	burn in time= 0.8470206260681152
	sample time= 7.494262218475342
	contraction err= 3.868449114513755e-15 1.1610212151816382e-13

Mean energy: -1.11108512e+01
Block size    # of blocks        Mean                Error
     1           50000       -1.11108512e+01       1.614219e-03
     2           25000       -1.11108512e+01       1.624954e-03
     5           10000       -1.11108512e+01       1.629940e-03
    10           5000       -1.11108512e+01       1.633020e-03
    20           2500       -1.11108512e+01       1.652409e-03
    50           1000       -1.11108512e+01       1.695601e-03
    70            714       -1.11108652e+01       1.664168e-03
   100            500       -1.11108512e+01       1.670947e-03
   200            250       -1.11108512e+01       1.649752e-03
   500            100       -1.11108512e+01       1.552038e-03
0 0.0016249539211576566 0.0015520375969008276
Stocahstic error estimate: 1.624954e-03

step=50,E=-0.370361706166176,dE=-0.370361706166176,err=5.416513070525522e-05,gmax=0.4182900641950402
	collect g,Hv time= 0.4552152156829834
	solver time=0.06693506240844727,exit status=0
niter= 61
pure_newton= True
	solver time=2.619210720062256,exit status=0
niter= 1924
	prob= 1.8243085103004572e-10
	burn in time= 0.7231566905975342
	sample time= 23.434377670288086
	contraction err= 1.2093837646036775e-15 2.883308828909218e-14

Mean energy: -1.07027609e+01
Block size    # of blocks        Mean                Error
     1           50000       -1.07027609e+01       4.602365e-03
     2           25000       -1.07027609e+01       4.627283e-03
     5           10000       -1.07027609e+01       4.657926e-03
    10           5000       -1.07027609e+01       4.669640e-03
    20           2500       -1.07027609e+01       4.538047e-03
    50           1000       -1.07027609e+01       4.585788e-03
    70            714       -1.07027007e+01       4.476132e-03
   100            500       -1.07027609e+01       4.636302e-03
   200            250       -1.07027609e+01       5.449615e-03
   500            100       -1.07027609e+01       7.160159e-03
0 0.004627283067685809 0.0071601593693716385
Stocahstic error estimate: 4.627283e-03

	predict=-0.12102925764201652,actual=(0.40809023542813705, 0.004904306661942892)
	g=2.661701516990955,del=0.16253209122514,dot=0.04965002703369464,x=11.710275373449257
	prob= 8.577257343327117e-07
	burn in time= 0.7680778503417969
	sample time= 35.07331299781799
	contraction err= 3.911317144636999e-15 2.119835935306437e-13

Mean energy: -1.11045654e+01
Block size    # of blocks        Mean                Error
     1           50000       -1.11045654e+01       1.819965e-03
     2           25000       -1.11045654e+01       1.822285e-03
     5           10000       -1.11045654e+01       1.847939e-03
    10           5000       -1.11045654e+01       1.867726e-03
    20           2500       -1.11045654e+01       1.895977e-03
    50           1000       -1.11045654e+01       2.097406e-03
    70            714       -1.11045563e+01       2.201435e-03
   100            500       -1.11045654e+01       2.265821e-03
   200            250       -1.11045654e+01       2.766325e-03
   500            100       -1.11045654e+01       3.379312e-03
0 0.001822284667008569 0.0033793119338464492
Stocahstic error estimate: 1.822285e-03

step=51,E=-0.37015218150632606,dE=0.00020952465984992822,err=6.074282223361897e-05,gmax=0.6545186674364576
	collect g,Hv time= 0.4569363594055176
niter= 62
	solver time=0.09789347648620605,exit status=0
pure_newton= True
niter= 3101
	solver time=11.74668264389038,exit status=100
	prob= 3.6303041404399903e-07
	burn in time= 0.7543501853942871
	sample time= 23.569109678268433
	contraction err= 3.4259088270581554e-15 1.4512536192478366e-13

Mean energy: -1.11698117e+01
Block size    # of blocks        Mean                Error
     1           50000       -1.11698117e+01       1.761145e-03
     2           25000       -1.11698117e+01       1.762359e-03
     5           10000       -1.11698117e+01       1.757167e-03
    10           5000       -1.11698117e+01       1.759861e-03
    20           2500       -1.11698117e+01       1.748006e-03
    50           1000       -1.11698117e+01       1.752008e-03
    70            714       -1.11698082e+01       1.748193e-03
   100            500       -1.11698117e+01       1.728093e-03
   200            250       -1.11698117e+01       1.964185e-03
   500            100       -1.11698117e+01       2.636431e-03
0 0.0017623594073193903 0.002636430716279043
Stocahstic error estimate: 1.762359e-03

	predict=-0.08609006098535309,actual=(-0.06524630037324108, 0.002535080292255392)
	g=3.5837281153473732,del=1.5307805974773028,dot=0.17119873016786585,x=11.710275373449255
	prob= 3.6303041404399903e-07
	burn in time= 0.7365162372589111
	sample time= 35.201241970062256
	contraction err= 3.4065372740817324e-15 1.8501693328706335e-13

Mean energy: -1.11485685e+01
Block size    # of blocks        Mean                Error
     1           50000       -1.11485685e+01       2.064080e-03
     2           25000       -1.11485685e+01       2.061243e-03
     5           10000       -1.11485685e+01       2.076759e-03
    10           5000       -1.11485685e+01       2.065015e-03
    20           2500       -1.11485685e+01       2.033717e-03
    50           1000       -1.11485685e+01       2.131752e-03
    70            714       -1.11486370e+01       2.144966e-03
   100            500       -1.11485685e+01       2.185451e-03
   200            250       -1.11485685e+01       2.722582e-03
   500            100       -1.11485685e+01       3.924447e-03
0 0.0020640804365176474 0.0039244470236624454
Stocahstic error estimate: 2.064080e-03

step=52,E=-0.37161895011018553,dE=-0.0014667686038594733,err=6.880268121725491e-05,gmax=0.9526485624830912
	collect g,Hv time= 0.45481395721435547
niter= 37
	solver time=0.0632028579711914,exit status=0
pure_newton= True
	solver time=4.4129111766815186,exit status=0
niter= 1180
	prob= 2.5850593171342502e-06
	burn in time= 0.7475137710571289
	sample time= 23.556763410568237
	contraction err= 1.6998506018150669e-15 8.175081964970328e-14

Mean energy: -1.12209748e+01
Block size    # of blocks        Mean                Error
     1           50000       -1.12209748e+01       1.134200e-03
     2           25000       -1.12209748e+01       1.133581e-03
     5           10000       -1.12209748e+01       1.142202e-03
    10           5000       -1.12209748e+01       1.141149e-03
    20           2500       -1.12209748e+01       1.143903e-03
    50           1000       -1.12209748e+01       1.163170e-03
    70            714       -1.12210309e+01       1.182306e-03
   100            500       -1.12209748e+01       1.226680e-03
   200            250       -1.12209748e+01       1.437237e-03
   500            100       -1.12209748e+01       1.853700e-03
0 0.0011341996693112922 0.0018537000115746946
Stocahstic error estimate: 1.134200e-03

	predict=-0.0520907527045889,actual=(-0.07240627194363647, 0.002355172379737994)
	g=5.047585886799291,del=0.6090693870339268,dot=0.10408180464742002,x=11.710275373449255
	prob= 2.5850593171342502e-06
	burn in time= 0.7636387348175049
	sample time= 35.266297578811646
	contraction err= 1.6795818421551223e-15 6.597634210209356e-14

Mean energy: -1.11777674e+01
Block size    # of blocks        Mean                Error
     1           50000       -1.11777674e+01       1.915210e-03
     2           25000       -1.11777674e+01       1.913387e-03
     5           10000       -1.11777674e+01       1.926673e-03
    10           5000       -1.11777674e+01       1.928663e-03
    20           2500       -1.11777674e+01       1.916704e-03
    50           1000       -1.11777674e+01       1.891274e-03
    70            714       -1.11777527e+01       1.872451e-03
   100            500       -1.11777674e+01       1.800301e-03
   200            250       -1.11777674e+01       2.176006e-03
   500            100       -1.11777674e+01       2.940465e-03
0 0.001915209888102043 0.0029404646762223804
Stocahstic error estimate: 1.915210e-03

step=53,E=-0.3725922471267207,dE=-0.0009732970165351536,err=6.384032960340143e-05,gmax=0.7690222535722631
	collect g,Hv time= 0.4578895568847656
niter= 42
	solver time=0.054633140563964844,exit status=0
pure_newton= True
	solver time=11.278422594070435,exit status=100
niter= 3101
	prob= 4.253557965196752e-07
	burn in time= 0.7088496685028076
	sample time= 23.476805448532104
	contraction err= 2.217480902169124e-15 5.298435940967162e-14

Mean energy: -1.12112098e+01
Block size    # of blocks        Mean                Error
     1           50000       -1.12112098e+01       1.370700e-03
     2           25000       -1.12112098e+01       1.363516e-03
     5           10000       -1.12112098e+01       1.345532e-03
    10           5000       -1.12112098e+01       1.320558e-03
    20           2500       -1.12112098e+01       1.299451e-03
    50           1000       -1.12112098e+01       1.149900e-03
    70            714       -1.12111907e+01       1.106827e-03
   100            500       -1.12112098e+01       9.934748e-04
   200            250       -1.12112098e+01       1.135239e-03
   500            100       -1.12112098e+01       1.500936e-03
0 0.0013706996648503473 0.001500935636908289
Stocahstic error estimate: 1.370700e-03

	predict=-0.03978548749526767,actual=(-0.033442421676717515, 0.0023551744068549775)
	g=2.8304015540766088,del=0.7138460414305582,dot=0.0795177603364976,x=11.710275373449257
	prob= 4.253557965196752e-07
	burn in time= 0.7298469543457031
	sample time= 35.076833963394165
	contraction err= 2.2455234883138197e-15 1.2357700215379383e-13

Mean energy: -1.12359386e+01
Block size    # of blocks        Mean                Error
     1           50000       -1.12359386e+01       7.581583e-04
     2           25000       -1.12359386e+01       7.563538e-04
     5           10000       -1.12359386e+01       7.604441e-04
    10           5000       -1.12359386e+01       7.728488e-04
    20           2500       -1.12359386e+01       7.658466e-04
    50           1000       -1.12359386e+01       7.757996e-04
    70            714       -1.12359321e+01       8.006110e-04
   100            500       -1.12359386e+01       8.579063e-04
   200            250       -1.12359386e+01       1.100254e-03
   500            100       -1.12359386e+01       1.643988e-03
0 0.0007581583287011656 0.0016439878060742295
Stocahstic error estimate: 7.581583e-04

step=54,E=-0.37453128583966794,dE=-0.0019390387129472942,err=2.527194429003885e-05,gmax=0.5134559479774974
	collect g,Hv time= 0.46086907386779785
niter= 43
	solver time=0.06961798667907715,exit status=0
pure_newton= True
niter= 3101
	solver time=10.927928447723389,exit status=100
	prob= 8.962218019007019e-07
	burn in time= 0.7125720977783203
	sample time= 23.495747804641724
	contraction err= 1.7336743937640887e-15 8.247561095954449e-14

Mean energy: -1.12308210e+01
Block size    # of blocks        Mean                Error
     1           50000       -1.12308210e+01       8.975109e-04
     2           25000       -1.12308210e+01       8.978389e-04
     5           10000       -1.12308210e+01       8.906454e-04
    10           5000       -1.12308210e+01       8.893463e-04
    20           2500       -1.12308210e+01       8.972511e-04
    50           1000       -1.12308210e+01       9.176351e-04
    70            714       -1.12308131e+01       9.273876e-04
   100            500       -1.12308210e+01       9.333622e-04
   200            250       -1.12308210e+01       1.182295e-03
   500            100       -1.12308210e+01       1.736938e-03
0 0.0008978389267581893 0.0017369375603949108
Stocahstic error estimate: 8.978389e-04

	predict=-0.006408278480776992,actual=(0.005117529557278289, 0.0011751250102781585)
	g=1.182716287700762,del=0.11651391976969416,dot=0.02235196190884544,x=11.710275373449257
	prob= 4.065650801809137e-07
	burn in time= 0.7355740070343018
	sample time= 35.152262926101685
	contraction err= 2.317261350497415e-15 5.5914467365439715e-14

Mean energy: -1.12224155e+01
Block size    # of blocks        Mean                Error
     1           50000       -1.12224155e+01       1.124718e-03
     2           25000       -1.12224155e+01       1.130236e-03
     5           10000       -1.12224155e+01       1.142538e-03
    10           5000       -1.12224155e+01       1.147473e-03
    20           2500       -1.12224155e+01       1.165794e-03
    50           1000       -1.12224155e+01       1.130124e-03
    70            714       -1.12224039e+01       1.073229e-03
   100            500       -1.12224155e+01       1.030850e-03
   200            250       -1.12224155e+01       1.282957e-03
   500            100       -1.12224155e+01       1.812514e-03
0 0.0011302361275120794 0.0018125137643422774
Stocahstic error estimate: 1.130236e-03

step=55,E=-0.37408051546722043,dE=0.0004507703724475102,err=3.767453758373598e-05,gmax=1.1453888005241852
	collect g,Hv time= 0.46697497367858887
niter= 43
	solver time=0.07054972648620605,exit status=0
pure_newton= True
	solver time=11.552841901779175,exit status=100
niter= 3101
	prob= 5.710517022868484e-07
	burn in time= 0.7291228771209717
	sample time= 23.53630495071411
	contraction err= 2.057424565419249e-15 2.6953888594409527e-13

Mean energy: -1.12392555e+01
Block size    # of blocks        Mean                Error
     1           50000       -1.12392555e+01       5.936652e-04
     2           25000       -1.12392555e+01       5.958384e-04
     5           10000       -1.12392555e+01       5.958162e-04
    10           5000       -1.12392555e+01       5.982119e-04
    20           2500       -1.12392555e+01       5.882307e-04
    50           1000       -1.12392555e+01       5.743820e-04
    70            714       -1.12392510e+01       5.518060e-04
   100            500       -1.12392555e+01       5.485536e-04
   200            250       -1.12392555e+01       6.304936e-04
   500            100       -1.12392555e+01       8.554556e-04
0 0.0005958383880340058 0.0008554556002478507
Stocahstic error estimate: 5.958384e-04

	predict=-0.013467711209708863,actual=(-0.01684004595107247, 0.001277676441274732)
	g=2.6154555581585717,del=0.16421760327935753,dot=0.026922183625072177,x=11.710275373449255
	prob= 5.710517022868484e-07
	burn in time= 0.727311372756958
	sample time= 35.208943367004395
	contraction err= 2.0488012455553e-15 6.202818628932114e-14

Mean energy: -1.12402457e+01
Block size    # of blocks        Mean                Error
     1           50000       -1.12402457e+01       6.162511e-04
     2           25000       -1.12402457e+01       6.152442e-04
     5           10000       -1.12402457e+01       6.137023e-04
    10           5000       -1.12402457e+01       6.072275e-04
    20           2500       -1.12402457e+01       5.972547e-04
    50           1000       -1.12402457e+01       5.883910e-04
    70            714       -1.12402425e+01       5.739934e-04
   100            500       -1.12402457e+01       5.555936e-04
   200            250       -1.12402457e+01       6.700721e-04
   500            100       -1.12402457e+01       9.136415e-04
0 0.0006162511232641871 0.0009136414666415466
Stocahstic error estimate: 6.162511e-04

step=56,E=-0.37467485711881837,dE=-0.0005943416515979294,err=2.054170410880624e-05,gmax=0.2897628351634376
	collect g,Hv time= 0.4547593593597412
niter= 43
	solver time=0.07026362419128418,exit status=0
pure_newton= True
	solver time=11.464111804962158,exit status=100
niter= 3101
	prob= 1.7192692769512292e-06
	burn in time= 0.7304646968841553
	sample time= 23.59181308746338
	contraction err= 1.4220974842535447e-15 3.7969282953362434e-14

Mean energy: -1.12394271e+01
Block size    # of blocks        Mean                Error
     1           50000       -1.12394271e+01       6.377025e-04
     2           25000       -1.12394271e+01       6.370444e-04
     5           10000       -1.12394271e+01       6.388332e-04
    10           5000       -1.12394271e+01       6.320341e-04
    20           2500       -1.12394271e+01       6.352518e-04
    50           1000       -1.12394271e+01       6.250615e-04
    70            714       -1.12394243e+01       6.344784e-04
   100            500       -1.12394271e+01       6.460892e-04
   200            250       -1.12394271e+01       8.117165e-04
   500            100       -1.12394271e+01       1.163462e-03
0 0.0006377024893540647 0.0011634616635013177
Stocahstic error estimate: 6.377025e-04

	predict=-0.004395166937638691,actual=(0.0008186178336533345, 0.0008868088361381743)
	g=0.7980295627516395,del=0.0864905040843911,dot=0.018303575834780803,x=11.710275373449255
	prob= 5.679563927657976e-07
	burn in time= 0.7066097259521484
	sample time= 35.20568871498108
	contraction err= 1.9214190501704158e-15 5.344065495968166e-14

Mean energy: -1.12371742e+01
Block size    # of blocks        Mean                Error
     1           50000       -1.12371742e+01       6.517004e-04
     2           25000       -1.12371742e+01       6.523766e-04
     5           10000       -1.12371742e+01       6.483333e-04
    10           5000       -1.12371742e+01       6.459324e-04
    20           2500       -1.12371742e+01       6.431717e-04
    50           1000       -1.12371742e+01       6.380976e-04
    70            714       -1.12371677e+01       6.358436e-04
   100            500       -1.12371742e+01       6.359405e-04
   200            250       -1.12371742e+01       7.797861e-04
   500            100       -1.12371742e+01       1.095379e-03
0 0.0006523766232415923 0.0010953789646596735
Stocahstic error estimate: 6.523766e-04

step=57,E=-0.3745724717992006,dE=0.00010238531961774082,err=2.174588744138641e-05,gmax=0.19368760391737538
	collect g,Hv time= 0.4469945430755615
niter= 43
	solver time=0.06970548629760742,exit status=0
pure_newton= True
niter= 3101
	solver time=11.5011625289917,exit status=100
	prob= 1.0953578075014177e-06
	burn in time= 0.7441976070404053
	sample time= 23.618667364120483
	contraction err= 1.5758615135901066e-15 4.2636753724629363e-14

Mean energy: -1.12448689e+01
Block size    # of blocks        Mean                Error
     1           50000       -1.12448689e+01       4.226967e-04
     2           25000       -1.12448689e+01       4.227794e-04
     5           10000       -1.12448689e+01       4.241945e-04
    10           5000       -1.12448689e+01       4.243626e-04
    20           2500       -1.12448689e+01       4.245070e-04
    50           1000       -1.12448689e+01       4.143484e-04
    70            714       -1.12448684e+01       4.083517e-04
   100            500       -1.12448689e+01       4.018972e-04
   200            250       -1.12448689e+01       4.998171e-04
   500            100       -1.12448689e+01       6.307464e-04
0 0.0004227793857219603 0.0006307464463087117
Stocahstic error estimate: 4.227794e-04

	predict=-0.005273332838531751,actual=(-0.007694724075772541, 0.000777391579285202)
	g=0.7217184502577575,del=0.09851988839472771,dot=0.010540931053462658,x=11.710275373449258
	prob= 1.0953578075014177e-06
	burn in time= 0.7302289009094238
	sample time= 35.23494267463684
	contraction err= 1.554920622457621e-15 2.495344161784232e-14

Mean energy: -1.12437948e+01
Block size    # of blocks        Mean                Error
     1           50000       -1.12437948e+01       5.139747e-04
     2           25000       -1.12437948e+01       5.133342e-04
     5           10000       -1.12437948e+01       5.115016e-04
    10           5000       -1.12437948e+01       5.154148e-04
    20           2500       -1.12437948e+01       5.095984e-04
    50           1000       -1.12437948e+01       4.989869e-04
    70            714       -1.12437924e+01       4.899161e-04
   100            500       -1.12437948e+01       4.778583e-04
   200            250       -1.12437948e+01       5.872864e-04
   500            100       -1.12437948e+01       8.674926e-04
0 0.0005139746787806682 0.000867492618479224
Stocahstic error estimate: 5.139747e-04

step=58,E=-0.37479316004286495,dE=-0.00022068824366433166,err=1.713248929268894e-05,gmax=0.0671318965071912
	collect g,Hv time= 0.4568440914154053
niter= 34
	solver time=0.059029579162597656,exit status=0
pure_newton= True
niter= 3101
	solver time=11.429064989089966,exit status=100
	prob= 9.894638180092253e-07
	burn in time= 0.7367274761199951
	sample time= 23.602118015289307
	contraction err= 1.5122276576235549e-15 2.8885243522652367e-14

Mean energy: -1.12219581e+01
Block size    # of blocks        Mean                Error
     1           50000       -1.12219581e+01       1.031260e-03
     2           25000       -1.12219581e+01       1.029969e-03
     5           10000       -1.12219581e+01       1.038848e-03
    10           5000       -1.12219581e+01       1.030615e-03
    20           2500       -1.12219581e+01       1.019084e-03
    50           1000       -1.12219581e+01       1.012617e-03
    70            714       -1.12219467e+01       1.024681e-03
   100            500       -1.12219581e+01       1.000856e-03
   200            250       -1.12219581e+01       1.226426e-03
   500            100       -1.12219581e+01       1.708572e-03
0 0.0010312599581707306 0.0017085717399403448
Stocahstic error estimate: 1.031260e-03

	predict=-0.0034826934705976653,actual=(0.0218366747958747, 0.0011522443628649212)
	g=0.2663991214896834,del=0.10366131363911445,dot=0.012796306707870408,x=11.710275373449257
	prob= 1.0917181192453556e-06
	burn in time= 0.712883710861206
	sample time= 35.13695049285889
	contraction err= 1.5862272939226898e-15 3.941219832788868e-14

Mean energy: -1.12359458e+01
Block size    # of blocks        Mean                Error
     1           50000       -1.12359458e+01       8.202094e-04
     2           25000       -1.12359458e+01       8.177396e-04
     5           10000       -1.12359458e+01       8.140334e-04
    10           5000       -1.12359458e+01       8.100233e-04
    20           2500       -1.12359458e+01       8.008283e-04
    50           1000       -1.12359458e+01       7.518101e-04
    70            714       -1.12359407e+01       7.211817e-04
   100            500       -1.12359458e+01       6.586633e-04
   200            250       -1.12359458e+01       7.747019e-04
   500            100       -1.12359458e+01       1.071204e-03
0 0.0008202094149741871 0.001071204052652841
Stocahstic error estimate: 8.202094e-04

step=59,E=-0.3745315259037251,dE=0.0002616341391398436,err=2.7340313832472904e-05,gmax=0.23168020239685283
	collect g,Hv time= 0.45569372177124023
niter= 44
	solver time=0.06852602958679199,exit status=0
pure_newton= True
	solver time=11.04322862625122,exit status=100
niter= 3101
	prob= 2.3163705351830865e-06
	burn in time= 0.7234210968017578
	sample time= 23.54397177696228
	contraction err= 1.288390478976118e-15 3.741104856036643e-14

Mean energy: -1.12434291e+01
Block size    # of blocks        Mean                Error
     1           50000       -1.12434291e+01       5.474313e-04
     2           25000       -1.12434291e+01       5.465000e-04
     5           10000       -1.12434291e+01       5.470759e-04
    10           5000       -1.12434291e+01       5.487548e-04
    20           2500       -1.12434291e+01       5.438030e-04
    50           1000       -1.12434291e+01       5.272757e-04
    70            714       -1.12434263e+01       5.238096e-04
   100            500       -1.12434291e+01       5.042291e-04
   200            250       -1.12434291e+01       5.960973e-04
   500            100       -1.12434291e+01       8.155470e-04
0 0.0005474313172663247 0.0008155469575653803
Stocahstic error estimate: 5.474313e-04

	predict=-0.006876178719519689,actual=(-0.007483346728852425, 0.0009861158813933796)
	g=0.6793729157158349,del=0.08781600534358079,dot=0.013740984531723021,x=11.710275373449257
	prob= 2.3163705351830865e-06
	burn in time= 0.7314796447753906
	sample time= 35.08401107788086
	contraction err= 1.2705488965540612e-15 1.642695483186353e-14

Mean energy: -1.12472286e+01
Block size    # of blocks        Mean                Error
     1           50000       -1.12472286e+01       3.160951e-04
     2           25000       -1.12472286e+01       3.157358e-04
     5           10000       -1.12472286e+01       3.155080e-04
    10           5000       -1.12472286e+01       3.148948e-04
    20           2500       -1.12472286e+01       3.133477e-04
    50           1000       -1.12472286e+01       3.124651e-04
    70            714       -1.12472275e+01       3.125920e-04
   100            500       -1.12472286e+01       3.121825e-04
   200            250       -1.12472286e+01       3.677443e-04
   500            100       -1.12472286e+01       4.796757e-04
0 0.00031609506174877836 0.00047967565642099557
Stocahstic error estimate: 3.160951e-04

step=60,E=-0.3749076196080792,dE=-0.00037609370435411906,err=1.0536502058292611e-05,gmax=0.033844085576625105
	collect g,Hv time= 0.4635744094848633
niter= 35
	solver time=0.058986663818359375,exit status=0
pure_newton= True
	solver time=0.5687425136566162,exit status=0
niter= 156
	prob= 3.8613395695358776e-06
	burn in time= 0.7241706848144531
	sample time= 23.625694036483765
	contraction err= 1.1500701992929636e-15 6.567227632238471e-14

Mean energy: -1.12422841e+01
Block size    # of blocks        Mean                Error
     1           50000       -1.12422841e+01       5.651927e-04
     2           25000       -1.12422841e+01       5.645434e-04
     5           10000       -1.12422841e+01       5.613086e-04
    10           5000       -1.12422841e+01       5.570749e-04
    20           2500       -1.12422841e+01       5.530774e-04
    50           1000       -1.12422841e+01       5.351347e-04
    70            714       -1.12422817e+01       5.451102e-04
   100            500       -1.12422841e+01       5.471519e-04
   200            250       -1.12422841e+01       6.692115e-04
   500            100       -1.12422841e+01       9.225431e-04
0 0.0005651926715312151 0.0009225430612817609
Stocahstic error estimate: 5.651927e-04

	predict=-0.0013420736517777265,actual=(0.004944496945174848, 0.0006475792183312834)
	g=0.15134460875369152,del=0.07656314449855854,dot=0.004529410466844769,x=11.710275373449257
	prob= 2.315555947403346e-06
	burn in time= 0.7356686592102051
	sample time= 35.24499773979187
	contraction err= 1.3020004515322156e-15 3.6743904389849664e-14

Mean energy: -1.12471242e+01
Block size    # of blocks        Mean                Error
     1           50000       -1.12471242e+01       3.486064e-04
     2           25000       -1.12471242e+01       3.483420e-04
     5           10000       -1.12471242e+01       3.475500e-04
    10           5000       -1.12471242e+01       3.459635e-04
    20           2500       -1.12471242e+01       3.443814e-04
    50           1000       -1.12471242e+01       3.423172e-04
    70            714       -1.12471230e+01       3.454466e-04
   100            500       -1.12471242e+01       3.370534e-04
   200            250       -1.12471242e+01       3.896691e-04
   500            100       -1.12471242e+01       5.362266e-04
0 0.00034860643707313767 0.0005362265598068771
Stocahstic error estimate: 3.486064e-04

step=61,E=-0.37490413996438143,dE=3.4796436978012933e-06,err=1.1620214569104589e-05,gmax=0.07658764842499294
	collect g,Hv time= 0.457500696182251
niter= 39
	solver time=0.06411385536193848,exit status=0
pure_newton= True
	solver time=2.1378867626190186,exit status=0
niter= 578
	prob= 4.06028328002949e-06
	burn in time= 0.7168426513671875
	sample time= 23.718388080596924
	contraction err= 1.167502854764007e-15 2.5148114585618858e-14

Mean energy: -1.12399105e+01
Block size    # of blocks        Mean                Error
     1           50000       -1.12399105e+01       6.547762e-04
     2           25000       -1.12399105e+01       6.532001e-04
     5           10000       -1.12399105e+01       6.490478e-04
    10           5000       -1.12399105e+01       6.449151e-04
    20           2500       -1.12399105e+01       6.346246e-04
    50           1000       -1.12399105e+01       6.066884e-04
    70            714       -1.12399639e+01       5.854737e-04
   100            500       -1.12399105e+01       5.492072e-04
   200            250       -1.12399105e+01       6.344307e-04
   500            100       -1.12399105e+01       8.646566e-04
0 0.0006547762320617403 0.0008646565612724152
Stocahstic error estimate: 6.547762e-04

	predict=-0.0020592115164661845,actual=(0.007213719696348875, 0.0007417940159112888)
	g=0.28833764648162663,del=0.08806923047261649,dot=0.005622386204834305,x=11.71027537344926
	prob= 2.319636806550657e-06
	burn in time= 0.7238900661468506
	sample time= 35.39928102493286
	contraction err= 1.2600986950833182e-15 2.4798096817935467e-14

Mean energy: -1.12463834e+01
Block size    # of blocks        Mean                Error
     1           50000       -1.12463834e+01       3.458664e-04
     2           25000       -1.12463834e+01       3.453724e-04
     5           10000       -1.12463834e+01       3.442924e-04
    10           5000       -1.12463834e+01       3.438823e-04
    20           2500       -1.12463834e+01       3.413270e-04
    50           1000       -1.12463834e+01       3.377232e-04
    70            714       -1.12464161e+01       3.485008e-04
   100            500       -1.12463834e+01       3.469262e-04
   200            250       -1.12463834e+01       4.161966e-04
   500            100       -1.12463834e+01       5.800888e-04
0 0.0003458663887928213 0.0005800887733245458
Stocahstic error estimate: 3.458664e-04

step=62,E=-0.3748794470012969,dE=2.4692963084582685e-05,err=1.1528879626427377e-05,gmax=0.052222972164209125
	collect g,Hv time= 0.45095324516296387
niter= 40
	solver time=0.06682562828063965,exit status=0
pure_newton= True
niter= 253
	solver time=0.9429001808166504,exit status=0
	prob= 4.484865161348198e-06
	burn in time= 0.7187480926513672
	sample time= 23.71404719352722
	contraction err= 1.1631764653251627e-15 3.313493194785946e-14

Mean energy: -1.12331645e+01
Block size    # of blocks        Mean                Error
     1           50000       -1.12331645e+01       8.500848e-04
     2           25000       -1.12331645e+01       8.467629e-04
     5           10000       -1.12331645e+01       8.398766e-04
    10           5000       -1.12331645e+01       8.277486e-04
    20           2500       -1.12331645e+01       8.348475e-04
    50           1000       -1.12331645e+01       8.132361e-04
    70            714       -1.12331572e+01       7.739890e-04
   100            500       -1.12331645e+01       7.053942e-04
   200            250       -1.12331645e+01       8.734218e-04
   500            100       -1.12331645e+01       1.220049e-03
0 0.0008500847818070166 0.001220048909136187
Stocahstic error estimate: 8.500848e-04

	predict=-0.001734538126513055,actual=(0.013218952775627457, 0.0009177514342982363)
	g=0.21904086227912908,del=0.053704817039776025,dot=0.00465576622351062,x=11.710275373449257
	prob= 2.299001899768355e-06
	burn in time= 0.7272305488586426
	sample time= 35.37553882598877
	contraction err= 1.2791586121899884e-15 4.225650301324799e-14

Mean energy: -1.12431473e+01
Block size    # of blocks        Mean                Error
     1           50000       -1.12431473e+01       5.255269e-04
     2           25000       -1.12431473e+01       5.248632e-04
     5           10000       -1.12431473e+01       5.234510e-04
    10           5000       -1.12431473e+01       5.200389e-04
    20           2500       -1.12431473e+01       5.158481e-04
    50           1000       -1.12431473e+01       5.218199e-04
    70            714       -1.12431445e+01       5.139333e-04
   100            500       -1.12431473e+01       5.046251e-04
   200            250       -1.12431473e+01       6.299073e-04
   500            100       -1.12431473e+01       8.942085e-04
0 0.0005255268887642229 0.0008942084758478133
Stocahstic error estimate: 5.255269e-04

step=63,E=-0.3747715779420891,dE=0.00010786905920774359,err=1.751756295880743e-05,gmax=0.2014082422429906
	collect g,Hv time= 0.45736002922058105
	solver time=0.06752181053161621,exit status=0
niter= 40
pure_newton= True
	solver time=11.834036827087402,exit status=100
niter= 3101
	prob= 2.257490325876594e-06
	burn in time= 0.7060861587524414
	sample time= 23.76781940460205
	contraction err= 1.2414283788201229e-15 3.064101960940999e-14

Mean energy: -1.12470817e+01
Block size    # of blocks        Mean                Error
     1           50000       -1.12470817e+01       2.871844e-04
     2           25000       -1.12470817e+01       2.868924e-04
     5           10000       -1.12470817e+01       2.860464e-04
    10           5000       -1.12470817e+01       2.891523e-04
    20           2500       -1.12470817e+01       2.865744e-04
    50           1000       -1.12470817e+01       2.800194e-04
    70            714       -1.12470806e+01       2.785298e-04
   100            500       -1.12470817e+01       2.754602e-04
   200            250       -1.12470817e+01       2.905687e-04
   500            100       -1.12470817e+01       3.520949e-04
0 0.000287184394981122 0.0003520949099449881
Stocahstic error estimate: 2.871844e-04

	predict=-0.0033998396770171424,actual=(-0.003934388562985447, 0.0005988767715773229)
	g=0.6467289419376545,del=0.10018811334368787,dot=0.0067913126270486325,x=11.710275373449257
	prob= 2.257490325876594e-06
	burn in time= 0.7294385433197021
	sample time= 35.27042889595032
	contraction err= 1.2375858346601992e-15 2.7478632938688607e-14

Mean energy: -1.12462492e+01
Block size    # of blocks        Mean                Error
     1           50000       -1.12462492e+01       3.253930e-04
     2           25000       -1.12462492e+01       3.251025e-04
     5           10000       -1.12462492e+01       3.309158e-04
    10           5000       -1.12462492e+01       3.292327e-04
    20           2500       -1.12462492e+01       3.273696e-04
    50           1000       -1.12462492e+01       3.296642e-04
    70            714       -1.12462476e+01       3.272959e-04
   100            500       -1.12462492e+01       3.280912e-04
   200            250       -1.12462492e+01       3.640787e-04
   500            100       -1.12462492e+01       4.947330e-04
0 0.00032539296949207796 0.0004947329991690682
Stocahstic error estimate: 3.253930e-04

step=64,E=-0.37487497379359824,dE=-0.0001033958515091508,err=1.0846432316402599e-05,gmax=0.09648957589291884
	collect g,Hv time= 0.45891237258911133
niter= 39
	solver time=0.06647920608520508,exit status=0
pure_newton= True
niter= 166
	solver time=0.6156387329101562,exit status=0
	prob= 3.1788528316760113e-06
	burn in time= 0.6968519687652588
	sample time= 23.63808846473694
	contraction err= 1.1618131185366323e-15 2.005767090396714e-14

Mean energy: -1.12478443e+01
Block size    # of blocks        Mean                Error
     1           50000       -1.12478443e+01       2.544932e-04
     2           25000       -1.12478443e+01       2.543899e-04
     5           10000       -1.12478443e+01       2.539869e-04
    10           5000       -1.12478443e+01       2.533533e-04
    20           2500       -1.12478443e+01       2.529843e-04
    50           1000       -1.12478443e+01       2.557501e-04
    70            714       -1.12478432e+01       2.564706e-04
   100            500       -1.12478443e+01       2.556543e-04
   200            250       -1.12478443e+01       2.975964e-04
   500            100       -1.12478443e+01       4.055739e-04
0 0.0002544931575604251 0.00040557393699521926
Stocahstic error estimate: 2.544932e-04

	predict=-0.0016243684064805638,actual=(-0.0015950572982301736, 0.00041309484605832076)
	g=0.23792577294229464,del=0.06052712623950472,dot=0.0032469136290309334,x=11.710275373449257
	prob= 3.1788528316760113e-06
	burn in time= 0.7033746242523193
	sample time= 35.0440628528595
	contraction err= 1.1461492402685875e-15 5.731440518510047e-14

Mean energy: -1.12478467e+01
Block size    # of blocks        Mean                Error
     1           50000       -1.12478467e+01       2.850152e-04
     2           25000       -1.12478467e+01       2.849349e-04
     5           10000       -1.12478467e+01       2.844700e-04
    10           5000       -1.12478467e+01       2.837137e-04
    20           2500       -1.12478467e+01       2.821572e-04
    50           1000       -1.12478467e+01       2.775052e-04
    70            714       -1.12478457e+01       2.757940e-04
   100            500       -1.12478467e+01       2.766879e-04
   200            250       -1.12478467e+01       3.100535e-04
   500            100       -1.12478467e+01       3.951728e-04
0 0.0002850152070504986 0.0003951727954527614
Stocahstic error estimate: 2.850152e-04

step=65,E=-0.37492822470500603,dE=-5.3250911407746555e-05,err=9.500506901683287e-06,gmax=0.023969641742612513
	collect g,Hv time= 0.4557380676269531
niter= 36
	solver time=0.06119489669799805,exit status=0
pure_newton= True
niter= 219
	solver time=0.8052706718444824,exit status=0
	prob= 6.655551549153085e-06
	burn in time= 0.6935610771179199
	sample time= 23.384464502334595
	contraction err= 1.0967686698125573e-15 1.0421621214955612e-13

Mean energy: -1.12422765e+01
Block size    # of blocks        Mean                Error
     1           50000       -1.12422765e+01       5.921608e-04
     2           25000       -1.12422765e+01       5.909830e-04
     5           10000       -1.12422765e+01       5.880948e-04
    10           5000       -1.12422765e+01       5.831471e-04
    20           2500       -1.12422765e+01       5.736905e-04
    50           1000       -1.12422765e+01       5.476206e-04
    70            714       -1.12422733e+01       5.308445e-04
   100            500       -1.12422765e+01       4.991446e-04
   200            250       -1.12422765e+01       5.742461e-04
   500            100       -1.12422765e+01       7.786170e-04
0 0.0005921607872826543 0.0007786169609112681
Stocahstic error estimate: 5.921608e-04

	predict=-0.0010436648033966829,actual=(0.005570281506056318, 0.000657181912597457)
	g=0.10933543495499555,del=0.09104586880970487,dot=0.0028091051475052633,x=11.710275373449257
	prob= 3.1611130013291152e-06
	burn in time= 0.7147214412689209
	sample time= 34.93110990524292
	contraction err= 1.1412094060220592e-15 2.151127938397507e-14

Mean energy: -1.12493482e+01
Block size    # of blocks        Mean                Error
     1           50000       -1.12493482e+01       1.406753e-04
     2           25000       -1.12493482e+01       1.405374e-04
     5           10000       -1.12493482e+01       1.406908e-04
    10           5000       -1.12493482e+01       1.408359e-04
    20           2500       -1.12493482e+01       1.404197e-04
    50           1000       -1.12493482e+01       1.395597e-04
    70            714       -1.12493473e+01       1.399290e-04
   100            500       -1.12493482e+01       1.380233e-04
   200            250       -1.12493482e+01       1.444042e-04
   500            100       -1.12493482e+01       1.578797e-04
0 0.00014067525189290396 0.00015787970952677944
Stocahstic error estimate: 1.406753e-04

step=66,E=-0.37497827208074314,dE=-5.0047375737113004e-05,err=4.689175063096799e-06,gmax=0.02338307435273923
	collect g,Hv time= 0.4620935916900635
niter= 38
	solver time=0.06409835815429688,exit status=0
pure_newton= True
niter= 1533
	solver time=5.964528322219849,exit status=0
	prob= 7.99833413090711e-06
	burn in time= 0.7376368045806885
	sample time= 23.46456742286682
	contraction err= 1.023765887560175e-15 1.7479969994422852e-14

Mean energy: -1.12416457e+01
Block size    # of blocks        Mean                Error
     1           50000       -1.12416457e+01       5.449732e-04
     2           25000       -1.12416457e+01       5.437488e-04
     5           10000       -1.12416457e+01       5.414951e-04
    10           5000       -1.12416457e+01       5.429806e-04
    20           2500       -1.12416457e+01       5.452601e-04
    50           1000       -1.12416457e+01       5.669234e-04
    70            714       -1.12416795e+01       5.824582e-04
   100            500       -1.12416457e+01       6.175639e-04
   200            250       -1.12416457e+01       7.805200e-04
   500            100       -1.12416457e+01       1.074186e-03
0 0.000544973182391285 0.00107418600553619
Stocahstic error estimate: 5.449732e-04

	predict=-0.00027317013636872874,actual=(0.007702508869201097, 0.0005628368289485122)
	g=0.07036011230328099,del=0.055428981346920925,dot=0.0010941796806233084,x=11.710275373449255
	prob= 3.156444551892446e-06
	burn in time= 0.7084307670593262
	sample time= 35.04385018348694
	contraction err= 1.1279501233297473e-15 3.3820826853418534e-14

Mean energy: -1.12465232e+01
Block size    # of blocks        Mean                Error
     1           50000       -1.12465232e+01       3.657669e-04
     2           25000       -1.12465232e+01       3.655012e-04
     5           10000       -1.12465232e+01       3.648113e-04
    10           5000       -1.12465232e+01       3.636851e-04
    20           2500       -1.12465232e+01       3.613552e-04
    50           1000       -1.12465232e+01       3.559693e-04
    70            714       -1.12465226e+01       3.515626e-04
   100            500       -1.12465232e+01       3.441289e-04
   200            250       -1.12465232e+01       4.257437e-04
   500            100       -1.12465232e+01       5.961543e-04
0 0.00036576694303869727 0.000596154280583
Stocahstic error estimate: 3.657669e-04

step=67,E=-0.3748841052300972,dE=9.416685064594551e-05,err=1.2192231434623242e-05,gmax=0.07855555992668273
	collect g,Hv time= 0.44777345657348633
	solver time=0.06841444969177246,exit status=0
niter= 39
pure_newton= True
niter= 231
	solver time=0.9118568897247314,exit status=0
	prob= 7.481688932295872e-06
	burn in time= 0.7183730602264404
	sample time= 23.3830885887146
	contraction err= 1.02554362191922e-15 2.172116522886338e-14

Mean energy: -1.12388285e+01
Block size    # of blocks        Mean                Error
     1           50000       -1.12388285e+01       7.110188e-04
     2           25000       -1.12388285e+01       7.103438e-04
     5           10000       -1.12388285e+01       7.082836e-04
    10           5000       -1.12388285e+01       6.995296e-04
    20           2500       -1.12388285e+01       6.975828e-04
    50           1000       -1.12388285e+01       6.750133e-04
    70            714       -1.12388239e+01       6.467017e-04
   100            500       -1.12388285e+01       6.073416e-04
   200            250       -1.12388285e+01       7.557437e-04
   500            100       -1.12388285e+01       1.046917e-03
0 0.0007110188052372234 0.0010469166308134813
Stocahstic error estimate: 7.110188e-04

	predict=-0.0015071459614618692,actual=(0.007694681975538131, 0.0007995831401554452)
	g=0.30090551212719513,del=0.1043220805621104,dot=0.010918843632022664,x=11.710275373449257
	prob= 3.2267155642466684e-06
	burn in time= 0.7249844074249268
	sample time= 35.106995582580566
	contraction err= 1.2025522617682739e-15 2.3960034039621826e-14

Mean energy: -1.12471875e+01
Block size    # of blocks        Mean                Error
     1           50000       -1.12471875e+01       3.349132e-04
     2           25000       -1.12471875e+01       3.346860e-04
     5           10000       -1.12471875e+01       3.340917e-04
    10           5000       -1.12471875e+01       3.380738e-04
    20           2500       -1.12471875e+01       3.356321e-04
    50           1000       -1.12471875e+01       3.362311e-04
    70            714       -1.12471859e+01       3.341484e-04
   100            500       -1.12471875e+01       3.366656e-04
   200            250       -1.12471875e+01       4.175464e-04
   500            100       -1.12471875e+01       5.602514e-04
0 0.00033491316487732647 0.0005602513616304562
Stocahstic error estimate: 3.349132e-04

step=68,E=-0.37490625091066393,dE=-2.2145680566746742e-05,err=1.1163772162577549e-05,gmax=0.05419652157655008
	collect g,Hv time= 0.4579658508300781
niter= 36
	solver time=0.0698692798614502,exit status=0
pure_newton= True
	solver time=12.565501928329468,exit status=100
niter= 3101
	prob= 2.634076827753725e-05
	burn in time= 0.7460861206054688
	sample time= 23.636420726776123
	contraction err= 9.362217990972922e-16 1.3344658747508008e-14

Mean energy: -1.12451732e+01
Block size    # of blocks        Mean                Error
     1           50000       -1.12451732e+01       3.967008e-04
     2           25000       -1.12451732e+01       3.956485e-04
     5           10000       -1.12451732e+01       3.949906e-04
    10           5000       -1.12451732e+01       3.949189e-04
    20           2500       -1.12451732e+01       4.026722e-04
    50           1000       -1.12451732e+01       4.027587e-04
    70            714       -1.12451707e+01       4.014216e-04
   100            500       -1.12451732e+01       3.954626e-04
   200            250       -1.12451732e+01       4.494244e-04
   500            100       -1.12451732e+01       5.908923e-04
0 0.00039670075840129445 0.000590892331865704
Stocahstic error estimate: 3.967008e-04

	predict=-0.0010591612026617854,actual=(0.00201435809730377, 0.000519170800146069)
	g=0.24642920070353544,del=0.06854785615546827,dot=0.005595629900707287,x=11.710275373449257
	prob= 3.229928974078287e-06
	burn in time= 0.7155647277832031
	sample time= 35.13087224960327
	contraction err= 1.1576865589536416e-15 3.854817528208818e-14

Mean energy: -1.12413227e+01
Block size    # of blocks        Mean                Error
     1           50000       -1.12413227e+01       5.924732e-04
     2           25000       -1.12413227e+01       5.911853e-04
     5           10000       -1.12413227e+01       5.955991e-04
    10           5000       -1.12413227e+01       5.918104e-04
    20           2500       -1.12413227e+01       5.906599e-04
    50           1000       -1.12413227e+01       6.075574e-04
    70            714       -1.12413193e+01       6.280907e-04
   100            500       -1.12413227e+01       6.600283e-04
   200            250       -1.12413227e+01       8.411662e-04
   500            100       -1.12413227e+01       1.284948e-03
0 0.0005924731611875102 0.001284947730596704
Stocahstic error estimate: 5.924732e-04

step=69,E=-0.3747107564772484,dE=0.00019549443341553284,err=1.9749105372917006e-05,gmax=0.33226483249428185
	collect g,Hv time= 0.460280179977417
niter= 43
	solver time=0.07920074462890625,exit status=0
pure_newton= True
niter= 250
	solver time=1.032463788986206,exit status=0
	prob= 8.69730741851566e-06
	burn in time= 0.7121641635894775
	sample time= 23.542961835861206
	contraction err= 1.037265795237776e-15 1.7626233955443258e-14

Mean energy: -1.12457061e+01
Block size    # of blocks        Mean                Error
     1           50000       -1.12457061e+01       4.123370e-04
     2           25000       -1.12457061e+01       4.121392e-04
     5           10000       -1.12457061e+01       4.122048e-04
    10           5000       -1.12457061e+01       4.127791e-04
    20           2500       -1.12457061e+01       4.092814e-04
    50           1000       -1.12457061e+01       4.186617e-04
    70            714       -1.12457047e+01       4.508286e-04
   100            500       -1.12457061e+01       4.592018e-04
   200            250       -1.12457061e+01       5.971183e-04
   500            100       -1.12457061e+01       8.727130e-04
0 0.0004123369538326426 0.0008727130481884922
Stocahstic error estimate: 4.123370e-04

	predict=-0.0039801768156111925,actual=(-0.004383440272425432, 0.000721835306855729)
	g=0.6283652552909006,del=0.143314793549383,dot=0.007960709727440644,x=11.710275373449257
