block_dict= [(0, 1567)]
sizes= [1567]
nbatch= 1
SIZE= 640
nparam= 1567
	prob= 0.5149191981492153
	burn in time= 9.908241510391235
	sample time= 49.30540728569031
	contraction err= 0.004838729858073244 1.0721732775787032

Mean energy: -1.07948965e+01
Block size    # of blocks        Mean                Error
     1           50000       -1.07948965e+01       7.900570e-03
     2           25000       -1.07948965e+01       7.898971e-03
     5           10000       -1.07948965e+01       7.898750e-03
    10           5000       -1.07948965e+01       7.866256e-03
    20           2500       -1.07948965e+01       7.860129e-03
    50           1000       -1.07948965e+01       7.915514e-03
    70            714       -1.07946949e+01       7.927884e-03
   100            500       -1.07948965e+01       7.847393e-03
   200            250       -1.07948965e+01       7.791697e-03
   500            100       -1.07948965e+01       8.035086e-03
0 0.007900569519507522 0.008035086089774468
Stocahstic error estimate: 7.900570e-03

step=0,E=-0.6746810292769759,dE=-0.6746810292769759,err=0.0004937855949692201,gmax=0.4883425357168273
	collect g,Hv time= 0.4750332832336426
	solver time=0.0673058032989502,exit status=0
niter= 55
	g=2.0955818603956833,del=2.83606515112596,dot=1.5619092061802418,x=14.065001859351328
saving to  ./psi1
	prob= 0.683294741009017
	burn in time= 9.558751583099365
	sample time= 222.04732632637024
	contraction err= 0.004909885429455124 1.5664056896776415

Mean energy: -1.08710240e+01
Block size    # of blocks        Mean                Error
     1           50000       -1.08710240e+01       6.681572e-03
     2           25000       -1.08710240e+01       6.667531e-03
     5           10000       -1.08710240e+01       6.652549e-03
    10           5000       -1.08710240e+01       6.640349e-03
    20           2500       -1.08710240e+01       6.561997e-03
    50           1000       -1.08710240e+01       6.500806e-03
    70            714       -1.08708051e+01       6.592504e-03
   100            500       -1.08710240e+01       6.309412e-03
   200            250       -1.08710240e+01       6.189589e-03
   500            100       -1.08710240e+01       6.315172e-03
0 0.006681571991520667 0.006315172438851799
Stocahstic error estimate: 6.681572e-03

step=1,E=-0.679438999142677,dE=-0.004757969865701095,err=0.00041759824947004167,gmax=0.28698375960524025
	collect g,Hv time= 0.4769585132598877
niter= 56
	solver time=0.1139979362487793,exit status=0
	g=0.9998213559284694,del=2.276526212729837,dot=0.4706337621005829,x=14.065001859351323
saving to  ./psi2
	prob= 0.7538339758862647
	burn in time= 9.827912330627441
	sample time= 221.61442255973816
	contraction err= 0.004901833838498464 0.8404048515219952

Mean energy: -1.08936148e+01
Block size    # of blocks        Mean                Error
     1           50000       -1.08936148e+01       7.425290e-03
     2           25000       -1.08936148e+01       7.436176e-03
     5           10000       -1.08936148e+01       7.444011e-03
    10           5000       -1.08936148e+01       7.517817e-03
    20           2500       -1.08936148e+01       7.488104e-03
    50           1000       -1.08936148e+01       7.341865e-03
    70            714       -1.08937428e+01       7.327569e-03
   100            500       -1.08936148e+01       7.521209e-03
   200            250       -1.08936148e+01       7.667615e-03
   500            100       -1.08936148e+01       7.859704e-03
0 0.007436175778731984 0.00785970416375449
Stocahstic error estimate: 7.436176e-03

step=2,E=-0.6808509273942397,dE=-0.0014119282515626663,err=0.000464760986170749,gmax=0.7423844906750432
	collect g,Hv time= 0.47539401054382324
	solver time=0.1179044246673584,exit status=0
niter= 57
	g=2.3806503451087497,del=2.4355113846314134,dot=0.9099112170920922,x=14.065001859351325
saving to  ./psi3
	prob= 0.7734113872764693
	burn in time= 9.336547374725342
	sample time= 221.9113757610321
	contraction err= 0.00465400082161127 1.0891967108380747

Mean energy: -1.08886322e+01
Block size    # of blocks        Mean                Error
     1           50000       -1.08886322e+01       6.910731e-03
     2           25000       -1.08886322e+01       6.910962e-03
     5           10000       -1.08886322e+01       6.943933e-03
    10           5000       -1.08886322e+01       6.886202e-03
    20           2500       -1.08886322e+01       6.909941e-03
    50           1000       -1.08886322e+01       6.812627e-03
    70            714       -1.08885908e+01       6.653052e-03
   100            500       -1.08886322e+01       6.916584e-03
   200            250       -1.08886322e+01       7.029369e-03
   500            100       -1.08886322e+01       7.251823e-03
0 0.006910962086337814 0.007251823018433504
Stocahstic error estimate: 6.910962e-03

step=3,E=-0.6805395152633836,dE=0.0003114121308560591,err=0.0004319351303961134,gmax=0.11522125686187468
	collect g,Hv time= 0.4742584228515625
niter= 57
	solver time=0.11093568801879883,exit status=0
	g=0.6154559599928556,del=2.5398954838532792,dot=0.42100775423829,x=14.06500185935133
saving to  ./psi4
	prob= 0.7742001423924522
	burn in time= 9.300235033035278
	sample time= 221.91626143455505
	contraction err= 0.004530389482531432 0.8156224393983745

Mean energy: -1.09076735e+01
Block size    # of blocks        Mean                Error
     1           50000       -1.09076735e+01       8.895064e-03
     2           25000       -1.09076735e+01       8.908041e-03
     5           10000       -1.09076735e+01       8.937079e-03
    10           5000       -1.09076735e+01       8.880342e-03
    20           2500       -1.09076735e+01       8.927315e-03
    50           1000       -1.09076735e+01       8.567339e-03
    70            714       -1.09078587e+01       8.654020e-03
   100            500       -1.09076735e+01       8.570369e-03
   200            250       -1.09076735e+01       8.507320e-03
   500            100       -1.09076735e+01       8.820215e-03
0 0.008908040502962344 0.008820215082949676
Stocahstic error estimate: 8.908041e-03

step=4,E=-0.6817295923770093,dE=-0.0011900771136256205,err=0.0005567525314351465,gmax=2.4799034665829773
	collect g,Hv time= 0.47358083724975586
niter= 27
	solver time=0.06217622756958008,exit status=0
	g=7.631150556881831,del=1.6277850293508338,dot=1.97402682637646,x=14.065001859351325
saving to  ./psi5
	prob= 0.8162882047862668
	burn in time= 9.533112525939941
	sample time= 221.79655647277832
	contraction err= 0.004333159613627294 1.1642687636900253

Mean energy: -1.08919756e+01
Block size    # of blocks        Mean                Error
     1           50000       -1.08919756e+01       7.048680e-03
     2           25000       -1.08919756e+01       7.074527e-03
     5           10000       -1.08919756e+01       7.086063e-03
    10           5000       -1.08919756e+01       7.110088e-03
    20           2500       -1.08919756e+01       7.154741e-03
    50           1000       -1.08919756e+01       7.085017e-03
    70            714       -1.08920538e+01       7.078082e-03
   100            500       -1.08919756e+01       7.160749e-03
   200            250       -1.08919756e+01       7.298531e-03
   500            100       -1.08919756e+01       7.935020e-03
0 0.007074527357559874 0.007935020048872097
Stocahstic error estimate: 7.074527e-03

step=5,E=-0.6807484743371249,dE=0.0009811180398843211,err=0.0004421579598474921,gmax=0.37587970795470727
	collect g,Hv time= 0.4781205654144287
niter= 57
	solver time=0.11045575141906738,exit status=0
	g=1.1868127785871738,del=2.219014874836444,dot=0.6163549981291581,x=14.06500185935133
saving to  ./psi6
	prob= 0.8263147202608001
	burn in time= 9.546428442001343
	sample time= 222.21637415885925
	contraction err= 0.004357611707030743 0.9669590050992042

Mean energy: -1.08900928e+01
Block size    # of blocks        Mean                Error
     1           50000       -1.08900928e+01       6.545164e-03
     2           25000       -1.08900928e+01       6.551489e-03
     5           10000       -1.08900928e+01       6.549115e-03
    10           5000       -1.08900928e+01       6.452613e-03
    20           2500       -1.08900928e+01       6.511231e-03
    50           1000       -1.08900928e+01       6.418824e-03
    70            714       -1.08899352e+01       6.435715e-03
   100            500       -1.08900928e+01       6.254831e-03
   200            250       -1.08900928e+01       6.006749e-03
   500            100       -1.08900928e+01       5.749855e-03
0 0.006551489486419463 0.005749854933816759
Stocahstic error estimate: 6.551489e-03

step=6,E=-0.680630799628113,dE=0.00011767470901191679,err=0.0004094680929012164,gmax=0.15402633167794821
	collect g,Hv time= 0.47948455810546875
	solver time=0.09700751304626465,exit status=0
niter= 47
	g=0.6688711244950746,del=1.6207648219412236,dot=0.29066824711679057,x=14.065001859351327
saving to  ./psi7
	prob= 0.8840031777035726
	burn in time= 9.45099401473999
	sample time= 221.83453845977783
	contraction err= 0.004336977900224045 1.7474725800079844

Mean energy: -1.08960800e+01
Block size    # of blocks        Mean                Error
     1           50000       -1.08960800e+01       6.768587e-03
     2           25000       -1.08960800e+01       6.759212e-03
     5           10000       -1.08960800e+01       6.763206e-03
    10           5000       -1.08960800e+01       6.640878e-03
    20           2500       -1.08960800e+01       6.656084e-03
    50           1000       -1.08960800e+01       6.723209e-03
    70            714       -1.08959563e+01       6.729381e-03
   100            500       -1.08960800e+01       7.005228e-03
   200            250       -1.08960800e+01       6.980254e-03
   500            100       -1.08960800e+01       7.122009e-03
0 0.0067685867450044445 0.007122008823326704
Stocahstic error estimate: 6.768587e-03

step=7,E=-0.6810050017947719,dE=-0.00037420216665884354,err=0.0004230366715627778,gmax=0.7486571265724092
	collect g,Hv time= 0.5138859748840332
	solver time=0.10894417762756348,exit status=0
niter= 53
	g=1.5926073870598207,del=2.114855892570029,dot=0.4170163158761554,x=14.065001859351328
saving to  ./psi8
	prob= 0.8245889199435087
	burn in time= 9.597517728805542
	sample time= 222.35960841178894
	contraction err= 0.004210931824199182 1.2695015460481307

Mean energy: -1.09019455e+01
Block size    # of blocks        Mean                Error
     1           50000       -1.09019455e+01       6.758493e-03
     2           25000       -1.09019455e+01       6.780536e-03
     5           10000       -1.09019455e+01       6.733055e-03
    10           5000       -1.09019455e+01       6.762311e-03
    20           2500       -1.09019455e+01       6.704875e-03
    50           1000       -1.09019455e+01       6.510167e-03
    70            714       -1.09019225e+01       6.399592e-03
   100            500       -1.09019455e+01       6.389117e-03
   200            250       -1.09019455e+01       6.080408e-03
   500            100       -1.09019455e+01       6.226191e-03
0 0.006780536307615183 0.0062261912589799346
Stocahstic error estimate: 6.780536e-03

step=8,E=-0.6813715966824065,dE=-0.00036659488763468584,err=0.0004237835192259489,gmax=2.6986850326527256
	collect g,Hv time= 0.500694751739502
	solver time=0.03890538215637207,exit status=0
niter= 16
	g=5.5119880022939,del=0.6872277306789232,dot=0.38249907704399383,x=14.065001859351327
saving to  ./psi9
	prob= 0.8585075001752319
	burn in time= 9.441477060317993
	sample time= 221.88428378105164
	contraction err= 0.004320494716875144 0.697793293094694

Mean energy: -1.08947803e+01
Block size    # of blocks        Mean                Error
     1           50000       -1.08947803e+01       6.406392e-03
     2           25000       -1.08947803e+01       6.394745e-03
     5           10000       -1.08947803e+01       6.351170e-03
    10           5000       -1.08947803e+01       6.336960e-03
    20           2500       -1.08947803e+01       6.349882e-03
    50           1000       -1.08947803e+01       6.439263e-03
    70            714       -1.08947606e+01       6.552186e-03
   100            500       -1.08947803e+01       6.391945e-03
   200            250       -1.08947803e+01       6.624843e-03
   500            100       -1.08947803e+01       6.414363e-03
0 0.006406391871569023 0.006414362926355388
Stocahstic error estimate: 6.406392e-03

step=9,E=-0.6809237664829925,dE=0.00044783019941407876,err=0.0004003994919730639,gmax=0.0743662221788749
	collect g,Hv time= 0.5641965866088867
	solver time=0.11077737808227539,exit status=0
niter= 57
	g=0.49065645379676415,del=2.0714381012903975,dot=0.3109450091778062,x=14.065001859351327
saving to  ./psi10
	prob= 0.868158932501507
	burn in time= 9.56721305847168
	sample time= 222.12022995948792
	contraction err= 0.004272483036349645 1.4234812794779053

Mean energy: -1.08915145e+01
Block size    # of blocks        Mean                Error
     1           50000       -1.08915145e+01       6.439410e-03
     2           25000       -1.08915145e+01       6.450984e-03
     5           10000       -1.08915145e+01       6.393743e-03
    10           5000       -1.08915145e+01       6.471720e-03
    20           2500       -1.08915145e+01       6.503912e-03
    50           1000       -1.08915145e+01       6.317779e-03
    70            714       -1.08915778e+01       6.265165e-03
   100            500       -1.08915145e+01       6.032092e-03
   200            250       -1.08915145e+01       6.086207e-03
   500            100       -1.08915145e+01       6.061100e-03
0 0.006450983888148955 0.0060611000416221925
Stocahstic error estimate: 6.450984e-03

step=10,E=-0.6807196558823646,dE=0.00020411060062786035,err=0.0004031864930093097,gmax=0.1299124099322233
	collect g,Hv time= 0.510761022567749
niter= 54
	solver time=0.10440874099731445,exit status=0
	g=0.6240657963309856,del=2.048170187549245,dot=0.30665380709651413,x=14.065001859351327
saving to  ./psi11
	prob= 0.9114478168830028
	burn in time= 9.356620073318481
	sample time= 222.0047492980957
	contraction err= 0.0041096723576842156 1.2630104919160783

Mean energy: -1.08948125e+01
Block size    # of blocks        Mean                Error
     1           50000       -1.08948125e+01       6.638253e-03
     2           25000       -1.08948125e+01       6.646542e-03
     5           10000       -1.08948125e+01       6.666775e-03
    10           5000       -1.08948125e+01       6.693753e-03
    20           2500       -1.08948125e+01       6.583034e-03
    50           1000       -1.08948125e+01       6.562182e-03
    70            714       -1.08949440e+01       6.388088e-03
   100            500       -1.08948125e+01       6.566796e-03
   200            250       -1.08948125e+01       6.366124e-03
   500            100       -1.08948125e+01       5.511826e-03
0 0.006646541659523888 0.005511826407208381
Stocahstic error estimate: 6.646542e-03

step=11,E=-0.6809257835963902,dE=-0.0002061277140256168,err=0.000415408853720243,gmax=0.6319592130149849
	collect g,Hv time= 0.5686583518981934
niter= 43
	solver time=0.09159231185913086,exit status=0
	g=1.7090480459115285,del=2.104187407947606,dot=0.4738013813194686,x=14.065001859351328
saving to  ./psi12
	prob= 0.9074539983115162
	burn in time= 9.402800798416138
	sample time= 221.96225452423096
	contraction err= 0.004120553464631758 1.01155339648964

Mean energy: -1.09012912e+01
Block size    # of blocks        Mean                Error
     1           50000       -1.09012912e+01       6.862875e-03
     2           25000       -1.09012912e+01       6.873185e-03
     5           10000       -1.09012912e+01       6.921013e-03
    10           5000       -1.09012912e+01       6.889984e-03
    20           2500       -1.09012912e+01       6.951005e-03
    50           1000       -1.09012912e+01       7.013505e-03
    70            714       -1.09014158e+01       6.976045e-03
   100            500       -1.09012912e+01       6.931576e-03
   200            250       -1.09012912e+01       7.073891e-03
   500            100       -1.09012912e+01       7.127554e-03
0 0.006873184891023634 0.007127554435979152
Stocahstic error estimate: 6.873185e-03

step=12,E=-0.6813307010536342,dE=-0.00040491745724402506,err=0.00042957405568897714,gmax=0.5133897146219908
	collect g,Hv time= 0.47428274154663086
	solver time=0.10615301132202148,exit status=0
niter= 56
	g=1.9018859863017397,del=2.0710962175125265,dot=0.5652263643535564,x=14.065001859351325
saving to  ./psi13
	prob= 0.8968775537029027
	burn in time= 9.395228862762451
	sample time= 222.20941829681396
	contraction err= 0.004079795383054904 0.9182744556072227

Mean energy: -1.08902850e+01
Block size    # of blocks        Mean                Error
     1           50000       -1.08902850e+01       6.538682e-03
     2           25000       -1.08902850e+01       6.546607e-03
     5           10000       -1.08902850e+01       6.595037e-03
    10           5000       -1.08902850e+01       6.535056e-03
    20           2500       -1.08902850e+01       6.382863e-03
    50           1000       -1.08902850e+01       6.583122e-03
    70            714       -1.08901717e+01       6.533148e-03
   100            500       -1.08902850e+01       6.713482e-03
   200            250       -1.08902850e+01       6.853739e-03
   500            100       -1.08902850e+01       6.934776e-03
0 0.0065466068781482615 0.0069347760015029914
Stocahstic error estimate: 6.546607e-03

step=13,E=-0.6806428110059518,dE=0.0006878900476824379,err=0.00040916292988426635,gmax=0.32277379091200215
	collect g,Hv time= 0.5492756366729736
	solver time=0.11585807800292969,exit status=0
niter= 58
	g=0.8635581665830439,del=2.143060175640129,dot=0.3861986021858996,x=14.065001859351327
saving to  ./psi14
	prob= 0.9015603209748398
	burn in time= 9.592355012893677
	sample time= 221.9147651195526
	contraction err= 0.004157593061758049 2.624774798463292

Mean energy: -1.09024614e+01
Block size    # of blocks        Mean                Error
     1           50000       -1.09024614e+01       6.532258e-03
     2           25000       -1.09024614e+01       6.508580e-03
     5           10000       -1.09024614e+01       6.525440e-03
    10           5000       -1.09024614e+01       6.398996e-03
    20           2500       -1.09024614e+01       6.323760e-03
    50           1000       -1.09024614e+01       6.333633e-03
    70            714       -1.09025752e+01       6.363550e-03
   100            500       -1.09024614e+01       6.416545e-03
   200            250       -1.09024614e+01       6.354288e-03
   500            100       -1.09024614e+01       6.211062e-03
0 0.006532258408967276 0.00621106216659994
Stocahstic error estimate: 6.532258e-03

step=14,E=-0.68140383631033,dE=-0.0007610253043781601,err=0.00040826615056045474,gmax=0.22555991848387824
	collect g,Hv time= 0.49646949768066406
	solver time=0.11319279670715332,exit status=0
niter= 57
	g=0.8450276320877779,del=2.106713309662678,dot=0.4231601036139425,x=14.065001859351328
saving to  ./psi15
	prob= 0.9139493512980937
	burn in time= 9.441826820373535
	sample time= 222.17086839675903
	contraction err= 0.003905610823658946 0.582592041588817

Mean energy: -1.09092230e+01
Block size    # of blocks        Mean                Error
     1           50000       -1.09092230e+01       6.744020e-03
     2           25000       -1.09092230e+01       6.782102e-03
     5           10000       -1.09092230e+01       6.818654e-03
    10           5000       -1.09092230e+01       6.822194e-03
    20           2500       -1.09092230e+01       6.844067e-03
    50           1000       -1.09092230e+01       6.957705e-03
    70            714       -1.09093788e+01       7.179349e-03
   100            500       -1.09092230e+01       7.138872e-03
   200            250       -1.09092230e+01       7.329082e-03
   500            100       -1.09092230e+01       7.397119e-03
0 0.0067821024167900815 0.007397118720651391
Stocahstic error estimate: 6.782102e-03

step=15,E=-0.6818264394435569,dE=-0.00042260313322695087,err=0.0004238814010493801,gmax=2.0248549004382457
	collect g,Hv time= 0.5644171237945557
	solver time=0.053176164627075195,exit status=0
niter= 23
	g=4.252209306827772,del=1.2470200497730082,dot=0.47236023055931275,x=14.065001859351328
saving to  ./psi16
	prob= 0.8865035845405477
	burn in time= 9.49738883972168
	sample time= 221.88936686515808
	contraction err= 0.003921709301296278 0.7713801178980031

Mean energy: -1.09093701e+01
Block size    # of blocks        Mean                Error
     1           50000       -1.09093701e+01       6.869324e-03
     2           25000       -1.09093701e+01       6.866006e-03
     5           10000       -1.09093701e+01       6.829398e-03
    10           5000       -1.09093701e+01       6.880773e-03
    20           2500       -1.09093701e+01       6.842105e-03
    50           1000       -1.09093701e+01       7.021693e-03
    70            714       -1.09091958e+01       7.051401e-03
   100            500       -1.09093701e+01       7.083733e-03
   200            250       -1.09093701e+01       7.190840e-03
   500            100       -1.09093701e+01       7.065500e-03
0 0.006869323710689183 0.007065500322836308
Stocahstic error estimate: 6.869324e-03

step=16,E=-0.6818356287590092,dE=-9.189315452240443e-06,err=0.00042933273191807393,gmax=1.0322607259175545
	collect g,Hv time= 0.5696513652801514
	solver time=0.10765361785888672,exit status=0
niter= 55
	g=2.468801250999495,del=2.13830654507407,dot=0.6181741221895969,x=14.065001859351328
saving to  ./psi17
	prob= 0.8886451756454781
	burn in time= 9.599818706512451
	sample time= 222.11665868759155
	contraction err= 0.004009045630364868 0.6924843628815192

Mean energy: -1.08927622e+01
Block size    # of blocks        Mean                Error
     1           50000       -1.08927622e+01       6.241482e-03
     2           25000       -1.08927622e+01       6.241249e-03
     5           10000       -1.08927622e+01       6.241143e-03
    10           5000       -1.08927622e+01       6.226323e-03
    20           2500       -1.08927622e+01       6.256110e-03
    50           1000       -1.08927622e+01       6.251589e-03
    70            714       -1.08927812e+01       6.268789e-03
   100            500       -1.08927622e+01       6.402356e-03
   200            250       -1.08927622e+01       6.584058e-03
   500            100       -1.08927622e+01       6.350816e-03
0 0.006241482245683492 0.006350815801651871
Stocahstic error estimate: 6.241482e-03

step=17,E=-0.6807976383610261,dE=0.001037990397983024,err=0.00039009264035521826,gmax=0.11869971068750507
	collect g,Hv time= 0.5512239933013916
	solver time=0.10911440849304199,exit status=0
niter= 57
	g=0.4520843896165609,del=1.9923591545867176,dot=0.2850278026458345,x=14.065001859351327
saving to  ./psi18
	prob= 0.906070339249241
	burn in time= 9.457571268081665
	sample time= 222.08400964736938
	contraction err= 0.004363768840647173 8.809613857860601

Mean energy: -1.08820799e+01
Block size    # of blocks        Mean                Error
     1           50000       -1.08820799e+01       1.860414e-02
     2           25000       -1.08820799e+01       1.856334e-02
     5           10000       -1.08820799e+01       1.852621e-02
    10           5000       -1.08820799e+01       1.855583e-02
    20           2500       -1.08820799e+01       1.848147e-02
    50           1000       -1.08820799e+01       1.841072e-02
    70            714       -1.08821273e+01       1.824499e-02
   100            500       -1.08820799e+01       1.831196e-02
   200            250       -1.08820799e+01       1.845023e-02
   500            100       -1.08820799e+01       1.763206e-02
0 0.018604144562572165 0.017632057556083824
Stocahstic error estimate: 1.860414e-02

step=18,E=-0.6801299933180983,dE=0.0006676450429278225,err=0.0011627590351607603,gmax=337.57102992964985
	collect g,Hv time= 0.6126358509063721
	solver time=0.007927417755126953,exit status=0
niter= 3
	g=507.45511678067936,del=0.9479829609331666,dot=16.027788039290876,x=14.065001859351325
saving to  ./psi19
	prob= 0.9127471519672751
	burn in time= 9.487249374389648
	sample time= 221.8978934288025
	contraction err= 0.003983293645142834 0.5663431538738336

Mean energy: -1.04536583e+01
Block size    # of blocks        Mean                Error
     1           50000       -1.04536583e+01       1.103767e-02
     2           25000       -1.04536583e+01       1.103676e-02
     5           10000       -1.04536583e+01       1.110706e-02
    10           5000       -1.04536583e+01       1.115038e-02
    20           2500       -1.04536583e+01       1.121838e-02
    50           1000       -1.04536583e+01       1.154012e-02
    70            714       -1.04537518e+01       1.172488e-02
   100            500       -1.04536583e+01       1.212445e-02
   200            250       -1.04536583e+01       1.326404e-02
   500            100       -1.04536583e+01       1.569719e-02
0 0.011037665006240184 0.015697190077514397
Stocahstic error estimate: 1.103767e-02

step=19,E=-0.653353645448334,dE=0.02677634786976435,err=0.0006898540628900115,gmax=4.096150227523431
	collect g,Hv time= 0.6663050651550293
	solver time=0.09949207305908203,exit status=0
niter= 48
	g=7.488852346035252,del=2.272791225837012,dot=4.411993824193976,x=14.065001859351325
saving to  ./psi20
	prob= 1.201775631639126
	burn in time= 9.39500617980957
	sample time= 221.9980947971344
	contraction err= 0.003968803494370141 0.6381417354002568

Mean energy: -1.08218108e+01
Block size    # of blocks        Mean                Error
     1           50000       -1.08218108e+01       7.468629e-03
     2           25000       -1.08218108e+01       7.508894e-03
     5           10000       -1.08218108e+01       7.557561e-03
    10           5000       -1.08218108e+01       7.602032e-03
    20           2500       -1.08218108e+01       7.736473e-03
    50           1000       -1.08218108e+01       7.905911e-03
    70            714       -1.08216255e+01       8.150456e-03
   100            500       -1.08218108e+01       8.520607e-03
   200            250       -1.08218108e+01       9.435510e-03
   500            100       -1.08218108e+01       1.180605e-02
0 0.007508893558951906 0.011806050073797222
Stocahstic error estimate: 7.508894e-03

step=20,E=-0.6763631728885585,dE=-0.023009527440224553,err=0.0004693058474344941,gmax=0.9386251633855647
	collect g,Hv time= 0.6015198230743408
niter= 54
	solver time=0.10947990417480469,exit status=0
	g=2.587360086706703,del=2.4354462387975535,dot=0.862193117518038,x=14.065001859351328
saving to  ./psi21
	prob= 0.9872699941286219
	burn in time= 9.514601707458496
	sample time= 221.59989166259766
	contraction err= 0.004046431089616556 0.8774279217479389

Mean energy: -1.08924582e+01
Block size    # of blocks        Mean                Error
     1           50000       -1.08924582e+01       6.630517e-03
     2           25000       -1.08924582e+01       6.647701e-03
     5           10000       -1.08924582e+01       6.635328e-03
    10           5000       -1.08924582e+01       6.668577e-03
    20           2500       -1.08924582e+01       6.713712e-03
    50           1000       -1.08924582e+01       6.689604e-03
    70            714       -1.08925609e+01       6.721508e-03
   100            500       -1.08924582e+01       6.678808e-03
   200            250       -1.08924582e+01       6.539221e-03
   500            100       -1.08924582e+01       6.676241e-03
0 0.006647701068781321 0.006676240770641879
Stocahstic error estimate: 6.647701e-03

step=21,E=-0.6807786344271252,dE=-0.004415461538566645,err=0.00041548131679883254,gmax=0.3817687554196243
	collect g,Hv time= 0.6998262405395508
niter= 53
	solver time=0.10846734046936035,exit status=0
	g=0.8978310096319548,del=2.3495576552362336,dot=0.36954059812694523,x=14.065001859351325
saving to  ./psi22
	prob= 0.9292994962828754
	burn in time= 9.433625936508179
	sample time= 222.119291305542
	contraction err= 0.0037694976410198085 0.715575846936984

Mean energy: -1.08912959e+01
Block size    # of blocks        Mean                Error
     1           50000       -1.08912959e+01       6.605383e-03
     2           25000       -1.08912959e+01       6.597975e-03
     5           10000       -1.08912959e+01       6.582128e-03
    10           5000       -1.08912959e+01       6.518968e-03
    20           2500       -1.08912959e+01       6.541826e-03
    50           1000       -1.08912959e+01       6.714543e-03
    70            714       -1.08912793e+01       6.526634e-03
   100            500       -1.08912959e+01       6.848365e-03
   200            250       -1.08912959e+01       7.306973e-03
   500            100       -1.08912959e+01       7.544352e-03
0 0.00660538339239143 0.0075443516823013815
Stocahstic error estimate: 6.605383e-03

step=22,E=-0.6807059962969767,dE=7.263813014846132e-05,err=0.0004128364620244644,gmax=0.1621504558754383
	collect g,Hv time= 0.8529205322265625
	solver time=0.11902880668640137,exit status=0
niter= 57
	g=0.6058479001730669,del=2.3293972073189217,dot=0.3368940414337111,x=14.065001859351325
saving to  ./psi23
	prob= 1.013402293796934
	burn in time= 9.302759408950806
	sample time= 221.64144277572632
	contraction err= 0.0037796088420436478 0.5190617336876364

Mean energy: -1.08798161e+01
Block size    # of blocks        Mean                Error
     1           50000       -1.08798161e+01       6.449270e-03
     2           25000       -1.08798161e+01       6.424248e-03
     5           10000       -1.08798161e+01       6.507282e-03
    10           5000       -1.08798161e+01       6.498485e-03
    20           2500       -1.08798161e+01       6.530491e-03
    50           1000       -1.08798161e+01       6.724991e-03
    70            714       -1.08798941e+01       6.576295e-03
   100            500       -1.08798161e+01       6.536276e-03
   200            250       -1.08798161e+01       6.706817e-03
   500            100       -1.08798161e+01       6.353352e-03
0 0.006449269866406993 0.006353351599266063
Stocahstic error estimate: 6.449270e-03

step=23,E=-0.6799885051565744,dE=0.0007174911404023154,err=0.00040307936665043704,gmax=0.1826195309122185
	collect g,Hv time= 0.7711384296417236
niter= 57
	solver time=0.11665964126586914,exit status=0
	g=0.7456100530330131,del=2.2101754507133005,dot=0.3647894951552365,x=14.06500185935133
saving to  ./psi24
	prob= 1.0175153318442116
	burn in time= 9.588162660598755
	sample time= 222.01026487350464
	contraction err= 0.003769325873295853 1.4428194713071785

Mean energy: -1.08978871e+01
Block size    # of blocks        Mean                Error
     1           50000       -1.08978871e+01       6.505955e-03
     2           25000       -1.08978871e+01       6.507614e-03
     5           10000       -1.08978871e+01       6.529470e-03
    10           5000       -1.08978871e+01       6.495056e-03
    20           2500       -1.08978871e+01       6.493198e-03
    50           1000       -1.08978871e+01       6.450981e-03
    70            714       -1.08978525e+01       6.551993e-03
   100            500       -1.08978871e+01       6.322471e-03
   200            250       -1.08978871e+01       6.532710e-03
   500            100       -1.08978871e+01       6.473604e-03
0 0.006507614119807688 0.006473603715777875
Stocahstic error estimate: 6.507614e-03

step=24,E=-0.6811179426418039,dE=-0.0011294374852295341,err=0.0004067258824879805,gmax=0.19843000641873987
	collect g,Hv time= 0.8224267959594727
niter= 56
	solver time=0.1144561767578125,exit status=0
	g=0.6806399017358918,del=2.2442328831066423,dot=0.30545683519875344,x=14.065001859351325
saving to  ./psi25
	prob= 1.0387086071958551
	burn in time= 9.405719757080078
	sample time= 221.70558142662048
	contraction err= 0.003911404323477827 4.790033823778536

Mean energy: -1.09110557e+01
Block size    # of blocks        Mean                Error
     1           50000       -1.09110557e+01       7.341597e-03
     2           25000       -1.09110557e+01       7.342223e-03
     5           10000       -1.09110557e+01       7.354860e-03
    10           5000       -1.09110557e+01       7.326631e-03
    20           2500       -1.09110557e+01       7.255766e-03
    50           1000       -1.09110557e+01       7.327576e-03
    70            714       -1.09109460e+01       7.309353e-03
   100            500       -1.09110557e+01       7.223284e-03
   200            250       -1.09110557e+01       7.344654e-03
   500            100       -1.09110557e+01       7.718724e-03
0 0.0073422226203051855 0.007718724024146595
Stocahstic error estimate: 7.342223e-03

step=25,E=-0.6819409836688457,dE=-0.0008230410270417821,err=0.0004588889137690741,gmax=3.716015988109749
	collect g,Hv time= 0.8084702491760254
niter= 19
	solver time=0.04582524299621582,exit status=0
	g=6.9813779971714265,del=1.0660500332332932,dot=0.8903605971494455,x=14.06500185935133
saving to  ./psi26
	prob= 1.0047515269999445
	burn in time= 9.291200876235962
	sample time= 221.88319730758667
	contraction err= 0.0037332697055714346 1.082775638766325

Mean energy: -1.08996772e+01
Block size    # of blocks        Mean                Error
     1           50000       -1.08996772e+01       7.391140e-03
     2           25000       -1.08996772e+01       7.372863e-03
     5           10000       -1.08996772e+01       7.398862e-03
    10           5000       -1.08996772e+01       7.427176e-03
    20           2500       -1.08996772e+01       7.475238e-03
    50           1000       -1.08996772e+01       7.588695e-03
    70            714       -1.08999233e+01       7.553997e-03
   100            500       -1.08996772e+01       7.295459e-03
   200            250       -1.08996772e+01       7.144977e-03
   500            100       -1.08996772e+01       7.496788e-03
0 0.007391140026387136 0.0074967883160741815
Stocahstic error estimate: 7.391140e-03

step=26,E=-0.6812298253583482,dE=0.0007111583104975061,err=0.000461946251649196,gmax=2.508904474818227
	collect g,Hv time= 0.7830119132995605
niter= 49
	solver time=0.10355710983276367,exit status=0
	g=4.0890289489214595,del=2.0079374923548907,dot=1.073223613004079,x=14.065001859351328
saving to  ./psi27
	prob= 1.002494943864973
	burn in time= 9.364367246627808
	sample time= 221.9809193611145
	contraction err= 0.0038365048358741712 0.5322591854215505

Mean energy: -1.08901191e+01
Block size    # of blocks        Mean                Error
     1           50000       -1.08901191e+01       6.300238e-03
     2           25000       -1.08901191e+01       6.295081e-03
     5           10000       -1.08901191e+01       6.295913e-03
    10           5000       -1.08901191e+01       6.221277e-03
    20           2500       -1.08901191e+01       6.112135e-03
    50           1000       -1.08901191e+01       6.039058e-03
    70            714       -1.08901645e+01       6.037814e-03
   100            500       -1.08901191e+01       6.055545e-03
   200            250       -1.08901191e+01       6.047716e-03
   500            100       -1.08901191e+01       6.256800e-03
0 0.006300238098061574 0.006256800364843187
Stocahstic error estimate: 6.300238e-03

step=27,E=-0.6806324419635192,dE=0.0005973833948289542,err=0.0003937648811288484,gmax=0.16402971060976412
	collect g,Hv time= 0.7287437915802002
	solver time=0.11356806755065918,exit status=0
niter= 54
	g=0.5364777244718377,del=1.9056503699597938,dot=0.2645508021662915,x=14.06500185935133
saving to  ./psi28
	prob= 1.0138065355030579
	burn in time= 9.28791618347168
	sample time= 221.7321298122406
	contraction err= 0.003641138324107555 1.0558116901491708

Mean energy: -1.08974708e+01
Block size    # of blocks        Mean                Error
     1           50000       -1.08974708e+01       6.560988e-03
     2           25000       -1.08974708e+01       6.535438e-03
     5           10000       -1.08974708e+01       6.569019e-03
    10           5000       -1.08974708e+01       6.638716e-03
    20           2500       -1.08974708e+01       6.552627e-03
    50           1000       -1.08974708e+01       6.450802e-03
    70            714       -1.08971748e+01       6.372802e-03
   100            500       -1.08974708e+01       6.549954e-03
   200            250       -1.08974708e+01       6.438507e-03
   500            100       -1.08974708e+01       6.575700e-03
0 0.00656098817656112 0.006575700104420224
Stocahstic error estimate: 6.560988e-03

step=28,E=-0.6810919249871932,dE=-0.00045948302367393445,err=0.00041006176103507,gmax=0.17508424525983168
	collect g,Hv time= 0.8296422958374023
	solver time=0.11707878112792969,exit status=0
niter= 55
	g=0.8975584279533216,del=2.0378890214444088,dot=0.40302314480271584,x=14.065001859351325
saving to  ./psi29
	prob= 0.9631119411288583
	burn in time= 9.437811374664307
	sample time= 222.01850605010986
	contraction err= 0.0039579008542920385 2.9123501751578456

Mean energy: -1.08971181e+01
Block size    # of blocks        Mean                Error
     1           50000       -1.08971181e+01       6.692618e-03
     2           25000       -1.08971181e+01       6.727056e-03
     5           10000       -1.08971181e+01       6.713951e-03
    10           5000       -1.08971181e+01       6.741711e-03
    20           2500       -1.08971181e+01       6.766595e-03
    50           1000       -1.08971181e+01       6.718824e-03
    70            714       -1.08970606e+01       6.949219e-03
   100            500       -1.08971181e+01       6.789729e-03
   200            250       -1.08971181e+01       6.951158e-03
   500            100       -1.08971181e+01       7.332379e-03
0 0.006727056452093691 0.0073323790721321605
Stocahstic error estimate: 6.727056e-03

step=29,E=-0.6810698785848336,dE=2.204640235958788e-05,err=0.0004204410282558557,gmax=0.47615643351583326
	collect g,Hv time= 0.8702888488769531
niter= 34
	solver time=0.0782628059387207,exit status=0
	g=1.6026372698882076,del=1.7861543994277997,dot=0.4588172139022569,x=14.065001859351327
saving to  ./psi30
	prob= 0.944399126950761
	burn in time= 9.54483437538147
	sample time= 221.61221957206726
	contraction err= 0.003744544602860804 0.8400677971165152

Mean energy: -1.09013136e+01
Block size    # of blocks        Mean                Error
     1           50000       -1.09013136e+01       6.395394e-03
     2           25000       -1.09013136e+01       6.393824e-03
     5           10000       -1.09013136e+01       6.420895e-03
    10           5000       -1.09013136e+01       6.361300e-03
    20           2500       -1.09013136e+01       6.383478e-03
    50           1000       -1.09013136e+01       6.317300e-03
    70            714       -1.09015087e+01       6.433981e-03
   100            500       -1.09013136e+01       6.267368e-03
   200            250       -1.09013136e+01       6.457798e-03
   500            100       -1.09013136e+01       6.211138e-03
0 0.00639539368376181 0.006211137723741814
Stocahstic error estimate: 6.395394e-03

step=30,E=-0.6813321004800647,dE=-0.0002622218952310629,err=0.00039971210523511314,gmax=0.12860072340754547
	collect g,Hv time= 0.7681887149810791
niter= 54
	solver time=0.11348628997802734,exit status=0
	g=0.5624100940946688,del=2.146455416114704,dot=0.3269481553278692,x=14.06500185935133
saving to  ./psi31
	prob= 0.9266380003489249
	burn in time= 9.436471223831177
	sample time= 222.0486776828766
	contraction err= 0.0038648659974981274 0.6632825430039676

Mean energy: -1.09002211e+01
Block size    # of blocks        Mean                Error
     1           50000       -1.09002211e+01       6.561941e-03
     2           25000       -1.09002211e+01       6.520364e-03
     5           10000       -1.09002211e+01       6.572829e-03
    10           5000       -1.09002211e+01       6.549945e-03
    20           2500       -1.09002211e+01       6.632827e-03
    50           1000       -1.09002211e+01       6.808047e-03
    70            714       -1.09000932e+01       6.609345e-03
   100            500       -1.09002211e+01       6.898900e-03
   200            250       -1.09002211e+01       7.070374e-03
   500            100       -1.09002211e+01       7.341765e-03
0 0.0065619411497666 0.007341764946059996
Stocahstic error estimate: 6.561941e-03

step=31,E=-0.681263820344247,dE=6.828013581761105e-05,err=0.0004101213218604125,gmax=0.4523559940062931
	collect g,Hv time= 0.9163527488708496
niter= 55
	solver time=0.11373615264892578,exit status=0
	g=1.2675568230911742,del=2.1148485932243313,dot=0.41386292469852115,x=14.065001859351327
saving to  ./psi32
	prob= 0.8945323743118896
	burn in time= 9.389241695404053
	sample time= 221.56427097320557
	contraction err= 0.003997106194190823 4.301900270035751

Mean energy: -1.09092403e+01
Block size    # of blocks        Mean                Error
     1           50000       -1.09092403e+01       6.728844e-03
     2           25000       -1.09092403e+01       6.759308e-03
     5           10000       -1.09092403e+01       6.721611e-03
    10           5000       -1.09092403e+01       6.694571e-03
    20           2500       -1.09092403e+01       6.727833e-03
    50           1000       -1.09092403e+01       6.719874e-03
    70            714       -1.09091986e+01       6.687809e-03
   100            500       -1.09092403e+01       6.750711e-03
   200            250       -1.09092403e+01       6.607930e-03
   500            100       -1.09092403e+01       6.398128e-03
0 0.006759308388538628 0.006398128352251712
Stocahstic error estimate: 6.759308e-03

step=32,E=-0.6818275199521794,dE=-0.0005636996079323442,err=0.00042245677428366424,gmax=2.1346945694951462
	collect g,Hv time= 0.8497884273529053
niter= 24
	solver time=0.05672144889831543,exit status=0
	g=4.525796815415752,del=1.1115079462567425,dot=0.4861102920614809,x=14.065001859351328
saving to  ./psi33
	prob= 0.8719918354488598
	burn in time= 9.15906047821045
	sample time= 221.88654041290283
	contraction err= 0.004448578565430354 16.64839584459099

Mean energy: -1.09011680e+01
Block size    # of blocks        Mean                Error
     1           50000       -1.09011680e+01       6.878578e-03
     2           25000       -1.09011680e+01       6.850403e-03
     5           10000       -1.09011680e+01       6.832451e-03
    10           5000       -1.09011680e+01       6.909632e-03
    20           2500       -1.09011680e+01       6.944656e-03
    50           1000       -1.09011680e+01       6.686688e-03
    70            714       -1.09009556e+01       6.862220e-03
   100            500       -1.09011680e+01       6.583555e-03
   200            250       -1.09011680e+01       6.376910e-03
   500            100       -1.09011680e+01       6.959181e-03
0 0.006878578004450421 0.006959181105035633
Stocahstic error estimate: 6.878578e-03

step=33,E=-0.6813230021123642,dE=0.0005045178398151995,err=0.0004299111252781513,gmax=0.28498233852276966
	collect g,Hv time= 0.8713037967681885
niter= 58
	solver time=0.12109827995300293,exit status=0
	g=1.2313159497879778,del=2.240481991885752,dot=0.6354054993681915,x=14.065001859351328
saving to  ./psi34
	prob= 0.8383474660027924
	burn in time= 9.561979532241821
	sample time= 221.85092663764954
	contraction err= 0.0040360086490892014 6.342944560897332

Mean energy: -1.09112934e+01
Block size    # of blocks        Mean                Error
     1           50000       -1.09112934e+01       6.597256e-03
     2           25000       -1.09112934e+01       6.588952e-03
     5           10000       -1.09112934e+01       6.539044e-03
    10           5000       -1.09112934e+01       6.530633e-03
    20           2500       -1.09112934e+01       6.590155e-03
    50           1000       -1.09112934e+01       6.674279e-03
    70            714       -1.09112557e+01       6.496725e-03
   100            500       -1.09112934e+01       6.656839e-03
   200            250       -1.09112934e+01       6.429261e-03
   500            100       -1.09112934e+01       6.682094e-03
0 0.0065972560667110465 0.006682093522050709
Stocahstic error estimate: 6.597256e-03

step=34,E=-0.6819558364072594,dE=-0.0006328342948952459,err=0.0004123285041694404,gmax=0.09860362822546852
	collect g,Hv time= 0.9079210758209229
	solver time=0.0819096565246582,exit status=0
niter= 45
	g=0.6329557424021202,del=2.3082724479770724,dot=0.3949703228052138,x=14.065001859351325
saving to  ./psi35
	prob= 0.889859545988445
	burn in time= 9.523896932601929
	sample time= 221.6219687461853
	contraction err= 0.003984916907998423 2.504459483068481

Mean energy: -1.09035048e+01
Block size    # of blocks        Mean                Error
     1           50000       -1.09035048e+01       6.530661e-03
     2           25000       -1.09035048e+01       6.540476e-03
     5           10000       -1.09035048e+01       6.524028e-03
    10           5000       -1.09035048e+01       6.555740e-03
    20           2500       -1.09035048e+01       6.537712e-03
    50           1000       -1.09035048e+01       6.381895e-03
    70            714       -1.09032738e+01       6.345025e-03
   100            500       -1.09035048e+01       5.966531e-03
   200            250       -1.09035048e+01       6.169406e-03
   500            100       -1.09035048e+01       6.162177e-03
0 0.006540475731710239 0.006162176632695947
Stocahstic error estimate: 6.540476e-03

step=35,E=-0.6814690501498678,dE=0.00048678625739162484,err=0.00040877973323188993,gmax=0.267786394975389
	collect g,Hv time= 0.9576416015625
niter= 57
	solver time=0.11858677864074707,exit status=0
	g=1.0371857966439906,del=2.1670892367061034,dot=0.45392662557956864,x=14.065001859351328
saving to  ./psi36
	prob= 0.9474029089384716
	burn in time= 9.37167763710022
	sample time= 222.03946566581726
	contraction err= 0.003832570022521312 1.8345811026276535

Mean energy: -1.08979377e+01
Block size    # of blocks        Mean                Error
     1           50000       -1.08979377e+01       7.037295e-03
     2           25000       -1.08979377e+01       7.006912e-03
     5           10000       -1.08979377e+01       7.033141e-03
    10           5000       -1.08979377e+01       7.004876e-03
    20           2500       -1.08979377e+01       6.964932e-03
    50           1000       -1.08979377e+01       6.913379e-03
    70            714       -1.08980288e+01       6.787414e-03
   100            500       -1.08979377e+01       6.657556e-03
   200            250       -1.08979377e+01       6.667171e-03
   500            100       -1.08979377e+01       6.714355e-03
0 0.007037295498176888 0.006714355423585974
Stocahstic error estimate: 7.037295e-03

step=36,E=-0.6811211038632021,dE=0.00034794628666567906,err=0.0004398309686360555,gmax=1.1687568449211883
	collect g,Hv time= 0.923926591873169
niter= 54
	solver time=0.1153864860534668,exit status=0
	g=3.3739601380328907,del=1.8275149068659946,dot=0.7888364044059192,x=14.065001859351325
saving to  ./psi37
	prob= 0.9358228694837554
	burn in time= 9.582595348358154
	sample time= 221.7698097229004
	contraction err= 0.003728176149284805 0.6388257932353946

Mean energy: -1.09112207e+01
Block size    # of blocks        Mean                Error
     1           50000       -1.09112207e+01       6.211825e-03
     2           25000       -1.09112207e+01       6.230621e-03
     5           10000       -1.09112207e+01       6.239393e-03
    10           5000       -1.09112207e+01       6.258248e-03
    20           2500       -1.09112207e+01       6.314227e-03
    50           1000       -1.09112207e+01       6.389415e-03
    70            714       -1.09112370e+01       6.460246e-03
   100            500       -1.09112207e+01       6.557573e-03
   200            250       -1.09112207e+01       6.481407e-03
   500            100       -1.09112207e+01       7.262973e-03
0 0.006230620612443523 0.00726297259898012
Stocahstic error estimate: 6.230621e-03

step=37,E=-0.6819512967113356,dE=-0.0008301928481334597,err=0.0003894137882777202,gmax=0.14176275535283778
	collect g,Hv time= 0.9548678398132324
niter= 51
	solver time=0.11341333389282227,exit status=0
	g=0.5302344659837729,del=1.658885409934637,dot=0.25151090129077824,x=14.065001859351328
saving to  ./psi38
	prob= 0.9799121888678501
	burn in time= 9.294818878173828
	sample time= 222.17951726913452
	contraction err= 0.0038169021554797945 0.8282077331448976

Mean energy: -1.09087972e+01
Block size    # of blocks        Mean                Error
     1           50000       -1.09087972e+01       6.536567e-03
     2           25000       -1.09087972e+01       6.499502e-03
     5           10000       -1.09087972e+01       6.496322e-03
    10           5000       -1.09087972e+01       6.458853e-03
    20           2500       -1.09087972e+01       6.416277e-03
    50           1000       -1.09087972e+01       6.403573e-03
    70            714       -1.09088094e+01       6.303864e-03
   100            500       -1.09087972e+01       6.380480e-03
   200            250       -1.09087972e+01       6.336792e-03
   500            100       -1.09087972e+01       6.939688e-03
0 0.006536567166171617 0.00693968807609199
Stocahstic error estimate: 6.536567e-03

step=38,E=-0.6817998223734282,dE=0.00015147433790740905,err=0.0004085354478857261,gmax=0.1848219453782331
	collect g,Hv time= 0.9226803779602051
	solver time=0.12067556381225586,exit status=0
niter= 57
	g=0.7464335523847943,del=2.173865469621581,dot=0.3799618548957885,x=14.065001859351328
saving to  ./psi39
	prob= 1.024592814478067
	burn in time= 9.396318435668945
	sample time= 221.65479135513306
	contraction err= 0.003858438624167476 0.7930292911322493

Mean energy: -1.09116418e+01
Block size    # of blocks        Mean                Error
     1           50000       -1.09116418e+01       6.230408e-03
     2           25000       -1.09116418e+01       6.234661e-03
     5           10000       -1.09116418e+01       6.250011e-03
    10           5000       -1.09116418e+01       6.278532e-03
    20           2500       -1.09116418e+01       6.355667e-03
    50           1000       -1.09116418e+01       6.426023e-03
    70            714       -1.09115579e+01       6.215112e-03
   100            500       -1.09116418e+01       6.042940e-03
   200            250       -1.09116418e+01       6.061198e-03
   500            100       -1.09116418e+01       6.196429e-03
0 0.006234661326851626 0.006196428919466387
Stocahstic error estimate: 6.234661e-03

step=39,E=-0.6819776152289881,dE=-0.00017779285555996616,err=0.00038966633292822665,gmax=0.09099808730772074
	collect g,Hv time= 1.2032561302185059
	solver time=0.10376787185668945,exit status=0
niter= 57
	g=0.5650871068989699,del=2.0162280903777003,dot=0.29359719392496486,x=14.065001859351328
saving to  ./psi40
	prob= 1.0437195094821048
	burn in time= 9.461973190307617
	sample time= 221.93691110610962
	contraction err= 0.003864248790624598 1.2432296719735265

Mean energy: -1.09019003e+01
Block size    # of blocks        Mean                Error
     1           50000       -1.09019003e+01       6.457306e-03
     2           25000       -1.09019003e+01       6.437304e-03
     5           10000       -1.09019003e+01       6.421250e-03
    10           5000       -1.09019003e+01       6.433641e-03
    20           2500       -1.09019003e+01       6.456454e-03
    50           1000       -1.09019003e+01       6.434071e-03
    70            714       -1.09019554e+01       6.445625e-03
   100            500       -1.09019003e+01       6.487070e-03
   200            250       -1.09019003e+01       6.718413e-03
   500            100       -1.09019003e+01       6.923593e-03
0 0.006457306408395715 0.00692359263883458
Stocahstic error estimate: 6.457306e-03

step=40,E=-0.6813687687833754,dE=0.0006088464456127651,err=0.0004035816505247322,gmax=0.2627646540694666
	collect g,Hv time= 1.1787164211273193
niter= 54
	solver time=0.12108349800109863,exit status=0
	g=0.9497878548070087,del=2.0517945847992887,dot=0.39775462493973185,x=14.065001859351323
saving to  ./psi41
	prob= 1.0381172975769835
	burn in time= 9.770494222640991
	sample time= 221.6371898651123
	contraction err= 0.005351274214066807 72.05781674080644

Mean energy: -1.08996975e+01
Block size    # of blocks        Mean                Error
     1           50000       -1.08996975e+01       6.442334e-03
     2           25000       -1.08996975e+01       6.419313e-03
     5           10000       -1.08996975e+01       6.430213e-03
    10           5000       -1.08996975e+01       6.557750e-03
    20           2500       -1.08996975e+01       6.551715e-03
    50           1000       -1.08996975e+01       6.631363e-03
    70            714       -1.08995643e+01       6.697811e-03
   100            500       -1.08996975e+01       6.780127e-03
   200            250       -1.08996975e+01       7.104395e-03
   500            100       -1.08996975e+01       6.779451e-03
0 0.0064423336429745995 0.006779451005784932
Stocahstic error estimate: 6.442334e-03

step=41,E=-0.6812310913721574,dE=0.0001376774112179513,err=0.00040264585268591247,gmax=0.13047968902716023
	collect g,Hv time= 1.134136438369751
niter= 56
	solver time=0.12564706802368164,exit status=0
	g=0.6663333989602389,del=2.1322950303174526,dot=0.3665749002614857,x=14.065001859351325
saving to  ./psi42
	prob= 1.0543126663359075
	burn in time= 9.677116394042969
	sample time= 221.7246232032776
	contraction err= 0.0038800569201519653 0.5124829505484498

Mean energy: -1.09093647e+01
Block size    # of blocks        Mean                Error
     1           50000       -1.09093647e+01       6.559436e-03
     2           25000       -1.09093647e+01       6.584111e-03
     5           10000       -1.09093647e+01       6.612435e-03
    10           5000       -1.09093647e+01       6.688530e-03
    20           2500       -1.09093647e+01       6.669189e-03
    50           1000       -1.09093647e+01       6.446630e-03
    70            714       -1.09093182e+01       6.331933e-03
   100            500       -1.09093647e+01       6.548927e-03
   200            250       -1.09093647e+01       6.265085e-03
   500            100       -1.09093647e+01       6.009778e-03
0 0.006584111000117504 0.006009777820776665
Stocahstic error estimate: 6.584111e-03

step=42,E=-0.6818352941691243,dE=-0.000604202796966824,err=0.000411506937507344,gmax=0.16734950368952484
	collect g,Hv time= 1.1992077827453613
niter= 57
	solver time=0.12443399429321289,exit status=0
	g=0.7323659572543457,del=2.401132273437729,dot=0.4405419129605732,x=14.065001859351323
saving to  ./psi43
	prob= 1.0487690066596684
	burn in time= 9.351062536239624
	sample time= 221.73266887664795
	contraction err= 0.0039240643795617714 1.971375785887434

Mean energy: -1.08950602e+01
Block size    # of blocks        Mean                Error
     1           50000       -1.08950602e+01       6.602432e-03
     2           25000       -1.08950602e+01       6.599710e-03
     5           10000       -1.08950602e+01       6.543953e-03
    10           5000       -1.08950602e+01       6.575378e-03
    20           2500       -1.08950602e+01       6.491485e-03
    50           1000       -1.08950602e+01       6.603052e-03
    70            714       -1.08948411e+01       6.528407e-03
   100            500       -1.08950602e+01       6.423653e-03
   200            250       -1.08950602e+01       6.403286e-03
   500            100       -1.08950602e+01       6.236385e-03
0 0.006602431826119815 0.006236384564210564
Stocahstic error estimate: 6.602432e-03

step=43,E=-0.6809412597553152,dE=0.0008940344138090861,err=0.0004126519891324884,gmax=0.10346785988807367
	collect g,Hv time= 1.237180233001709
	solver time=0.1075739860534668,exit status=0
niter= 57
	g=0.5618122676924177,del=2.4551962001332126,dot=0.38980123946955736,x=14.065001859351328
saving to  ./psi44
	prob= 1.0738033349578295
	burn in time= 9.484264373779297
	sample time= 221.5540292263031
	contraction err= 0.004463398957824103 19.27610173966621

Mean energy: -1.08930713e+01
Block size    # of blocks        Mean                Error
     1           50000       -1.08930713e+01       6.441031e-03
     2           25000       -1.08930713e+01       6.435268e-03
     5           10000       -1.08930713e+01       6.474940e-03
    10           5000       -1.08930713e+01       6.398500e-03
    20           2500       -1.08930713e+01       6.354551e-03
    50           1000       -1.08930713e+01       6.341982e-03
    70            714       -1.08931658e+01       6.319219e-03
   100            500       -1.08930713e+01       6.279689e-03
   200            250       -1.08930713e+01       6.390788e-03
   500            100       -1.08930713e+01       6.182036e-03
0 0.006441031312539749 0.006182035697125116
Stocahstic error estimate: 6.441031e-03

step=44,E=-0.6808169542036412,dE=0.0001243055516739755,err=0.0004025644570337343,gmax=0.1348645000191969
	collect g,Hv time= 1.0855863094329834
niter= 56
	solver time=0.11974310874938965,exit status=0
	g=0.6218505467746418,del=2.2021078400077183,dot=0.38924519441801736,x=14.065001859351325
saving to  ./psi45
	prob= 1.029525176911285
	burn in time= 9.278532266616821
	sample time= 221.96316742897034
	contraction err= 0.0038239207867074923 1.0804423404297734

Mean energy: -1.08964660e+01
Block size    # of blocks        Mean                Error
     1           50000       -1.08964660e+01       6.447777e-03
     2           25000       -1.08964660e+01       6.463483e-03
     5           10000       -1.08964660e+01       6.496335e-03
    10           5000       -1.08964660e+01       6.436132e-03
    20           2500       -1.08964660e+01       6.228582e-03
    50           1000       -1.08964660e+01       6.459250e-03
    70            714       -1.08964749e+01       6.453137e-03
   100            500       -1.08964660e+01       6.442029e-03
   200            250       -1.08964660e+01       6.146978e-03
   500            100       -1.08964660e+01       6.167393e-03
0 0.006463482934579147 0.006167393406210248
Stocahstic error estimate: 6.463483e-03

step=45,E=-0.6810291231072616,dE=-0.0002121689036204133,err=0.0004039676834111967,gmax=0.40255871386518777
	collect g,Hv time= 1.1643712520599365
niter= 49
	solver time=0.11289548873901367,exit status=0
	g=1.0546104059175456,del=1.4693830929821763,dot=0.2667789602458964,x=14.065001859351321
saving to  ./psi46
	prob= 0.9866132615989034
	burn in time= 9.589474201202393
	sample time= 221.5916256904602
	contraction err= 0.0039352382920265485 0.6644723517581262

Mean energy: -1.09012383e+01
Block size    # of blocks        Mean                Error
     1           50000       -1.09012383e+01       6.528307e-03
     2           25000       -1.09012383e+01       6.504116e-03
     5           10000       -1.09012383e+01       6.530569e-03
    10           5000       -1.09012383e+01       6.543017e-03
    20           2500       -1.09012383e+01       6.651246e-03
    50           1000       -1.09012383e+01       6.604805e-03
    70            714       -1.09012842e+01       6.761229e-03
   100            500       -1.09012383e+01       6.636208e-03
   200            250       -1.09012383e+01       7.012359e-03
   500            100       -1.09012383e+01       7.327337e-03
0 0.006528307138787339 0.007327337423258476
Stocahstic error estimate: 6.528307e-03

step=46,E=-0.6813273963373139,dE=-0.0002982732300522706,err=0.0004080191961742087,gmax=0.40897236283434535
	collect g,Hv time= 1.4505465030670166
niter= 57
	solver time=0.12963533401489258,exit status=0
	g=1.357857483421497,del=2.170242671736136,dot=0.44802720892024717,x=14.065001859351325
saving to  ./psi47
	prob= 0.9691232061994635
	burn in time= 9.5333571434021
	sample time= 222.06308484077454
	contraction err= 0.00395226801109888 2.137432751351505

Mean energy: -1.09050146e+01
Block size    # of blocks        Mean                Error
     1           50000       -1.09050146e+01       6.660640e-03
     2           25000       -1.09050146e+01       6.622908e-03
     5           10000       -1.09050146e+01       6.624575e-03
    10           5000       -1.09050146e+01       6.619193e-03
    20           2500       -1.09050146e+01       6.611162e-03
    50           1000       -1.09050146e+01       6.559073e-03
    70            714       -1.09051635e+01       6.647643e-03
   100            500       -1.09050146e+01       6.736278e-03
   200            250       -1.09050146e+01       6.985853e-03
   500            100       -1.09050146e+01       6.836327e-03
0 0.006660640112445789 0.006836326813619451
Stocahstic error estimate: 6.660640e-03

step=47,E=-0.6815634129903451,dE=-0.00023601665303119024,err=0.0004162900070278618,gmax=0.18910977709947518
	collect g,Hv time= 1.035559892654419
niter= 46
	solver time=0.10756731033325195,exit status=0
	g=0.9050216507415126,del=2.367718279998276,dot=0.5202845941753171,x=14.065001859351325
saving to  ./psi48
	prob= 0.9829895534582265
	burn in time= 9.555812358856201
	sample time= 221.77071809768677
	contraction err= 0.0036123736261881347 0.6441305593393104

Mean energy: -1.09085169e+01
Block size    # of blocks        Mean                Error
     1           50000       -1.09085169e+01       6.607607e-03
     2           25000       -1.09085169e+01       6.562895e-03
     5           10000       -1.09085169e+01       6.659837e-03
    10           5000       -1.09085169e+01       6.515405e-03
    20           2500       -1.09085169e+01       6.582381e-03
    50           1000       -1.09085169e+01       6.588361e-03
    70            714       -1.09085960e+01       6.547100e-03
   100            500       -1.09085169e+01       6.382603e-03
   200            250       -1.09085169e+01       6.228217e-03
   500            100       -1.09085169e+01       7.443416e-03
0 0.006607607371089107 0.007443415960953393
Stocahstic error estimate: 6.607607e-03

step=48,E=-0.6817823058913834,dE=-0.0002188929010383811,err=0.0004129754606930692,gmax=0.42906408626433556
	collect g,Hv time= 1.346562385559082
	solver time=0.11102414131164551,exit status=0
niter= 57
	g=1.1744417226316906,del=2.0668455779309736,dot=0.4882343326938238,x=14.065001859351325
saving to  ./psi49
	prob= 0.9921358924643718
	burn in time= 9.487163543701172
	sample time= 222.01671314239502
	contraction err= 0.00380960146709783 1.4347810158551062

Mean energy: -1.09042967e+01
Block size    # of blocks        Mean                Error
     1           50000       -1.09042967e+01       6.855869e-03
     2           25000       -1.09042967e+01       6.860003e-03
     5           10000       -1.09042967e+01       6.999758e-03
    10           5000       -1.09042967e+01       6.997648e-03
    20           2500       -1.09042967e+01       6.928153e-03
    50           1000       -1.09042967e+01       6.688610e-03
    70            714       -1.09044153e+01       6.722459e-03
   100            500       -1.09042967e+01       6.746300e-03
   200            250       -1.09042967e+01       6.741309e-03
   500            100       -1.09042967e+01       6.731431e-03
0 0.006860002572966548 0.006731430854278468
Stocahstic error estimate: 6.860003e-03

step=49,E=-0.681518543492779,dE=0.00026376239860448347,err=0.00042875016081040925,gmax=0.3992487420185462
	collect g,Hv time= 1.157106637954712
niter= 58
	solver time=0.12598967552185059,exit status=0
	g=1.0998030958270313,del=2.32305436618952,dot=0.6623946695394212,x=14.065001859351327
saving to  ./psi50
