block_dict= [(0, 1567)]
sizes= [1567]
nbatch= 1
SIZE= 640
nparam= 1567
	prob= 3.4949906668323565
	burn in time= 9.507209062576294
	sample time= 174.89492893218994
	contraction err= 0.0021774387735144507 0.3232597155735815

Mean energy: -9.56100156e+00
Block size    # of blocks        Mean                Error
     1           50000       -9.56100156e+00       8.698008e-03
     2           25000       -9.56100156e+00       8.703567e-03
     5           10000       -9.56100156e+00       8.678205e-03
    10           5000       -9.56100156e+00       8.669828e-03
    20           2500       -9.56100156e+00       8.663117e-03
    50           1000       -9.56100156e+00       8.764388e-03
    70            714       -9.56097364e+00       8.445099e-03
   100            500       -9.56100156e+00       8.758270e-03
   200            250       -9.56100156e+00       8.421912e-03
   500            100       -9.56100156e+00       8.416514e-03
0 0.008703566936597837 0.008416513839650721
Stocahstic error estimate: 8.703567e-03

step=0,E=-0.5975625971935065,dE=-0.5975625971935065,err=0.0005439729335373648,gmax=0.5453727327658399
	collect g,Hv time= 1.1457581520080566
	solver time=0.06827974319458008,exit status=0
niter= 55
pure_newton= False
	solver time=1.8985860347747803,exit status=0
niter= 1156
	prob= 1.7496362634632565
	burn in time= 9.560975074768066
	sample time= 185.59120798110962
	contraction err= 0.003133989357549834 1.337863261012844

Mean energy: -9.51782528e+00
Block size    # of blocks        Mean                Error
     1           50000       -9.51782528e+00       7.276078e-03
     2           25000       -9.51782528e+00       7.304323e-03
     5           10000       -9.51782528e+00       7.296283e-03
    10           5000       -9.51782528e+00       7.227439e-03
    20           2500       -9.51782528e+00       7.192643e-03
    50           1000       -9.51782528e+00       7.226748e-03
    70            714       -9.51804437e+00       7.202110e-03
   100            500       -9.51782528e+00       7.159391e-03
   200            250       -9.51782528e+00       7.288910e-03
   500            100       -9.51782528e+00       7.218498e-03
0 0.007304322798632487 0.007218498213664538
Stocahstic error estimate: 7.304323e-03

	predict=-0.10276410439378955,actual=(0.04317627851932926, 0.01136244731413358)
	g=1.528040050612008,del=4.268256893117261,dot=1.6694688338370969,x=14.065001859351323
saving to  ./psi1
	prob= 3.529298442082809
	burn in time= 9.18019962310791
	sample time= 857.3789401054382
	contraction err= 0.002206527971277239 0.6578709512415193

Mean energy: -9.57612315e+00
Block size    # of blocks        Mean                Error
     1           50000       -9.57612315e+00       6.531720e-03
     2           25000       -9.57612315e+00       6.545633e-03
     5           10000       -9.57612315e+00       6.541781e-03
    10           5000       -9.57612315e+00       6.543109e-03
    20           2500       -9.57612315e+00       6.523411e-03
    50           1000       -9.57612315e+00       6.555241e-03
    70            714       -9.57615630e+00       6.685198e-03
   100            500       -9.57612315e+00       6.817903e-03
   200            250       -9.57612315e+00       6.941937e-03
   500            100       -9.57612315e+00       6.790793e-03
0 0.006545633094588529 0.006790793059339873
Stocahstic error estimate: 6.545633e-03

step=1,E=-0.5985076967643166,dE=-0.0009450995708101262,err=0.0004091020684117831,gmax=0.23741847991495033
	collect g,Hv time= 1.5988402366638184
	solver time=0.10917854309082031,exit status=0
niter= 53
pure_newton= False
	solver time=7.174156427383423,exit status=0
niter= 1397
	prob= 1.811969072550573
	burn in time= 9.416152477264404
	sample time= 185.64539575576782
	contraction err= 0.0025253098062937873 0.6446448603284777

Mean energy: -9.55839316e+00
Block size    # of blocks        Mean                Error
     1           50000       -9.55839316e+00       6.796725e-03
     2           25000       -9.55839316e+00       6.814568e-03
     5           10000       -9.55839316e+00       6.801763e-03
    10           5000       -9.55839316e+00       6.857711e-03
    20           2500       -9.55839316e+00       6.834656e-03
    50           1000       -9.55839316e+00       7.160763e-03
    70            714       -9.55869973e+00       7.183559e-03
   100            500       -9.55839316e+00       7.193865e-03
   200            250       -9.55839316e+00       7.102302e-03
   500            100       -9.55839316e+00       6.881183e-03
0 0.006814567536522857 0.006881183178052557
Stocahstic error estimate: 6.814568e-03

	predict=-0.02648661841359487,actual=(0.017729992374070136, 0.00944900223932685)
	g=0.7102246196206528,del=2.6791668502591013,dot=0.38584463894529986,x=14.065001859351323
saving to  ./psi2
	prob= 3.535865813665977
	burn in time= 9.335399150848389
	sample time= 857.8461081981659
	contraction err= 0.0021343846011128973 0.4957111076647683

Mean energy: -9.57169167e+00
Block size    # of blocks        Mean                Error
     1           50000       -9.57169167e+00       6.633875e-03
     2           25000       -9.57169167e+00       6.607500e-03
     5           10000       -9.57169167e+00       6.615194e-03
    10           5000       -9.57169167e+00       6.640670e-03
    20           2500       -9.57169167e+00       6.655879e-03
    50           1000       -9.57169167e+00       6.550685e-03
    70            714       -9.57176938e+00       6.476607e-03
   100            500       -9.57169167e+00       6.499875e-03
   200            250       -9.57169167e+00       6.862442e-03
   500            100       -9.57169167e+00       6.565408e-03
0 0.006633874922738165 0.00656540815271986
Stocahstic error estimate: 6.633875e-03

step=2,E=-0.5982307292872497,dE=0.0002769674770668473,err=0.0004146171826711353,gmax=0.11223687168728438
	collect g,Hv time= 1.6518709659576416
	solver time=0.10949325561523438,exit status=0
niter= 54
pure_newton= False
	solver time=7.63852596282959,exit status=0
niter= 1490
	prob= 1.6832397360709026
	burn in time= 9.382881164550781
	sample time= 185.5833442211151
	contraction err= 0.0029965279222871773 0.8368239863536644

Mean energy: -9.52810362e+00
Block size    # of blocks        Mean                Error
     1           50000       -9.52810362e+00       7.257400e-03
     2           25000       -9.52810362e+00       7.257423e-03
     5           10000       -9.52810362e+00       7.170657e-03
    10           5000       -9.52810362e+00       7.244429e-03
    20           2500       -9.52810362e+00       7.123436e-03
    50           1000       -9.52810362e+00       6.954896e-03
    70            714       -9.52818072e+00       6.982879e-03
   100            500       -9.52810362e+00       7.108944e-03
   200            250       -9.52810362e+00       7.399705e-03
   500            100       -9.52810362e+00       7.989130e-03
0 0.007257423367770783 0.00798912999129586
Stocahstic error estimate: 7.257423e-03

	predict=-0.031221689829853384,actual=(0.04358804512044934, 0.009832522078775094)
	g=0.4699856352874117,del=3.3202850233353405,dot=0.4018501840474502,x=14.065001859351323
saving to  ./psi3
	prob= 3.5674666358078517
	burn in time= 9.223088026046753
	sample time= 857.7159004211426
	contraction err= 0.00220030228108729 0.47723233518902936

Mean energy: -9.56267393e+00
Block size    # of blocks        Mean                Error
     1           50000       -9.56267393e+00       6.581413e-03
     2           25000       -9.56267393e+00       6.620744e-03
     5           10000       -9.56267393e+00       6.674167e-03
    10           5000       -9.56267393e+00       6.666080e-03
    20           2500       -9.56267393e+00       6.735676e-03
    50           1000       -9.56267393e+00       6.698757e-03
    70            714       -9.56258206e+00       6.537076e-03
   100            500       -9.56267393e+00       6.681028e-03
   200            250       -9.56267393e+00       6.710702e-03
   500            100       -9.56267393e+00       6.019705e-03
0 0.006620744050264134 0.00601970500147179
Stocahstic error estimate: 6.620744e-03

step=3,E=-0.5976671206014932,dE=0.0005636086857565559,err=0.00041379650314150835,gmax=0.0690925472404049
	collect g,Hv time= 1.774268388748169
	solver time=0.1147923469543457,exit status=0
niter= 54
pure_newton= False
	solver time=6.488987445831299,exit status=0
niter= 1242
	prob= 1.6146527781091626
	burn in time= 9.43812870979309
	sample time= 185.3014898300171
	contraction err= 0.002568702060484157 0.5877477217496279

Mean energy: -9.54806344e+00
Block size    # of blocks        Mean                Error
     1           50000       -9.54806344e+00       6.900269e-03
     2           25000       -9.54806344e+00       6.913107e-03
     5           10000       -9.54806344e+00       6.905690e-03
    10           5000       -9.54806344e+00       6.896994e-03
    20           2500       -9.54806344e+00       6.981879e-03
    50           1000       -9.54806344e+00       7.064192e-03
    70            714       -9.54788500e+00       7.065331e-03
   100            500       -9.54806344e+00       7.326174e-03
   200            250       -9.54806344e+00       7.450890e-03
   500            100       -9.54806344e+00       7.671962e-03
0 0.006913106873614592 0.0076719623383412665
Stocahstic error estimate: 6.913107e-03

	predict=-0.027522485646396165,actual=(0.01461048505550977, 0.009572110447812709)
	g=0.41583256302553323,del=3.2669341396903646,dot=0.39307058131116657,x=14.06500185935132
saving to  ./psi4
	prob= 3.5725690583245107
	burn in time= 9.56017541885376
	sample time= 858.098551273346
	contraction err= 0.0020958584057573504 0.3726499169761424

Mean energy: -9.57777660e+00
Block size    # of blocks        Mean                Error
     1           50000       -9.57777660e+00       6.547429e-03
     2           25000       -9.57777660e+00       6.538315e-03
     5           10000       -9.57777660e+00       6.535007e-03
    10           5000       -9.57777660e+00       6.552401e-03
    20           2500       -9.57777660e+00       6.526392e-03
    50           1000       -9.57777660e+00       6.603197e-03
    70            714       -9.57780799e+00       6.610638e-03
   100            500       -9.57777660e+00       6.565590e-03
   200            250       -9.57777660e+00       6.220592e-03
   500            100       -9.57777660e+00       6.039876e-03
0 0.006547428757471731 0.006039876003855382
Stocahstic error estimate: 6.547429e-03

step=4,E=-0.5986110372867226,dE=-0.0009439166852294179,err=0.0004092142973419832,gmax=0.08446530312250211
	collect g,Hv time= 2.0791878700256348
	solver time=0.12121295928955078,exit status=0
niter= 55
pure_newton= False
	solver time=5.9556660652160645,exit status=0
niter= 1154
	prob= 1.840718917236434
	burn in time= 9.468932867050171
	sample time= 185.28796124458313
	contraction err= 0.0029532316732982533 0.8436953356643024

Mean energy: -9.55180307e+00
Block size    # of blocks        Mean                Error
     1           50000       -9.55180307e+00       6.875714e-03
     2           25000       -9.55180307e+00       6.876947e-03
     5           10000       -9.55180307e+00       6.824973e-03
    10           5000       -9.55180307e+00       6.807880e-03
    20           2500       -9.55180307e+00       6.837223e-03
    50           1000       -9.55180307e+00       6.705256e-03
    70            714       -9.55192015e+00       6.666047e-03
   100            500       -9.55180307e+00       6.448158e-03
   200            250       -9.55180307e+00       6.646997e-03
   500            100       -9.55180307e+00       6.201651e-03
0 0.006876946658345587 0.006201650536008826
Stocahstic error estimate: 6.876947e-03

	predict=-0.02775250504204319,actual=(0.025973525824001698, 0.0094953261490008)
	g=0.40315525409200004,del=3.1844392377650284,dot=0.3653982809820707,x=14.065001859351321
saving to  ./psi5
	prob= 3.5572590608295607
	burn in time= 9.429620265960693
	sample time= 856.8595590591431
	contraction err= 0.002155438403988707 0.4104826877943656

Mean energy: -9.57755959e+00
Block size    # of blocks        Mean                Error
     1           50000       -9.57755959e+00       6.785576e-03
     2           25000       -9.57755959e+00       6.799645e-03
     5           10000       -9.57755959e+00       6.813892e-03
    10           5000       -9.57755959e+00       6.853457e-03
    20           2500       -9.57755959e+00       6.933513e-03
    50           1000       -9.57755959e+00       6.852788e-03
    70            714       -9.57738535e+00       6.985563e-03
   100            500       -9.57755959e+00       6.833954e-03
   200            250       -9.57755959e+00       7.185507e-03
   500            100       -9.57755959e+00       7.080729e-03
0 0.006799645045155578 0.007080728799166742
Stocahstic error estimate: 6.799645e-03

step=5,E=-0.5985974745825203,dE=1.3562704202274567e-05,err=0.00042497781532222363,gmax=0.1586898833167718
	collect g,Hv time= 2.206334114074707
	solver time=0.10787677764892578,exit status=0
niter= 54
pure_newton= False
	solver time=6.893155574798584,exit status=0
niter= 1304
	prob= 1.769271766250768
	burn in time= 9.395535707473755
	sample time= 185.34002590179443
	contraction err= 0.002750668233608119 0.4965705073714348

Mean energy: -9.53762824e+00
Block size    # of blocks        Mean                Error
     1           50000       -9.53762824e+00       6.878595e-03
     2           25000       -9.53762824e+00       6.865744e-03
     5           10000       -9.53762824e+00       6.825544e-03
    10           5000       -9.53762824e+00       6.839845e-03
    20           2500       -9.53762824e+00       6.839380e-03
    50           1000       -9.53762824e+00       6.734320e-03
    70            714       -9.53768305e+00       6.908824e-03
   100            500       -9.53762824e+00       6.701997e-03
   200            250       -9.53762824e+00       6.889785e-03
   500            100       -9.53762824e+00       7.368569e-03
0 0.006878595190066305 0.007368569341063255
Stocahstic error estimate: 6.878595e-03

	predict=-0.03280417782868611,actual=(0.03993135300577144, 0.009672137536703668)
	g=0.5254712653669938,del=2.9555049045838855,dot=0.4327320047627891,x=14.065001859351321
saving to  ./psi6
	prob= 3.457844859947005
	burn in time= 9.29677963256836
	sample time= 856.7687709331512
	contraction err= 0.0022169209869687466 0.4977324126011614

Mean energy: -9.56488904e+00
Block size    # of blocks        Mean                Error
     1           50000       -9.56488904e+00       6.432796e-03
     2           25000       -9.56488904e+00       6.438787e-03
     5           10000       -9.56488904e+00       6.428773e-03
    10           5000       -9.56488904e+00       6.374638e-03
    20           2500       -9.56488904e+00       6.376606e-03
    50           1000       -9.56488904e+00       6.484194e-03
    70            714       -9.56492979e+00       6.374366e-03
   100            500       -9.56488904e+00       6.624397e-03
   200            250       -9.56488904e+00       6.875953e-03
   500            100       -9.56488904e+00       7.524613e-03
0 0.006438787280087664 0.007524613072241023
Stocahstic error estimate: 6.438787e-03

step=6,E=-0.5978055646941598,dE=0.0007919098883605313,err=0.000402424205005479,gmax=0.08037126044333287
	collect g,Hv time= 2.2550981044769287
	solver time=0.11731648445129395,exit status=0
niter= 55
pure_newton= False
	solver time=5.540966272354126,exit status=0
niter= 1056
	prob= 1.9176995708416555
	burn in time= 9.148957967758179
	sample time= 185.29288458824158
	contraction err= 0.002627167761346201 0.5824396875382283

Mean energy: -9.55003817e+00
Block size    # of blocks        Mean                Error
     1           50000       -9.55003817e+00       7.126950e-03
     2           25000       -9.55003817e+00       7.122945e-03
     5           10000       -9.55003817e+00       7.063215e-03
    10           5000       -9.55003817e+00       7.128512e-03
    20           2500       -9.55003817e+00       7.058501e-03
    50           1000       -9.55003817e+00       7.036156e-03
    70            714       -9.54996224e+00       6.890594e-03
   100            500       -9.55003817e+00       6.723059e-03
   200            250       -9.55003817e+00       6.658361e-03
   500            100       -9.55003817e+00       7.202664e-03
0 0.007126950420915264 0.007202663611262031
Stocahstic error estimate: 7.126950e-03

	predict=-0.024236915440650056,actual=(0.014850868790938776, 0.009604759442089269)
	g=0.36668565732538094,del=2.955120410894078,dot=0.3307879169587731,x=14.065001859351321
saving to  ./psi7
	prob= 3.4449490480386635
	burn in time= 9.33087158203125
	sample time= 856.1428952217102
	contraction err= 0.0021743834047812656 0.4257363861257809

Mean energy: -9.58062903e+00
Block size    # of blocks        Mean                Error
     1           50000       -9.58062903e+00       6.646547e-03
     2           25000       -9.58062903e+00       6.637547e-03
     5           10000       -9.58062903e+00       6.666308e-03
    10           5000       -9.58062903e+00       6.680380e-03
    20           2500       -9.58062903e+00       6.631143e-03
    50           1000       -9.58062903e+00       6.680737e-03
    70            714       -9.58064308e+00       6.435733e-03
   100            500       -9.58062903e+00       6.697017e-03
   200            250       -9.58062903e+00       7.101940e-03
   500            100       -9.58062903e+00       7.132519e-03
0 0.006646547184362645 0.007132519386728395
Stocahstic error estimate: 6.646547e-03

step=7,E=-0.598789314183036,dE=-0.000983749488876251,err=0.0004154091990226653,gmax=0.12878220422427755
	collect g,Hv time= 2.364764928817749
	solver time=0.11918497085571289,exit status=0
niter= 55
pure_newton= False
	solver time=5.408100605010986,exit status=0
niter= 1033
	prob= 1.7992326673726224
	burn in time= 9.536664962768555
	sample time= 185.07103776931763
	contraction err= 0.002607674982094742 1.107768962331519

Mean energy: -9.55132126e+00
Block size    # of blocks        Mean                Error
     1           50000       -9.55132126e+00       7.457735e-03
     2           25000       -9.55132126e+00       7.422226e-03
     5           10000       -9.55132126e+00       7.443365e-03
    10           5000       -9.55132126e+00       7.471604e-03
    20           2500       -9.55132126e+00       7.468880e-03
    50           1000       -9.55132126e+00       7.459142e-03
    70            714       -9.55129499e+00       7.094989e-03
   100            500       -9.55132126e+00       7.430195e-03
   200            250       -9.55132126e+00       7.456536e-03
   500            100       -9.55132126e+00       7.500666e-03
0 0.0074577347815559195 0.007500666353648268
Stocahstic error estimate: 7.457735e-03

	predict=-0.029749607921642468,actual=(0.029307765440346856, 0.009989714587814204)
	g=0.4528424349335818,del=3.12094852173911,dot=0.43036750303257676,x=14.065001859351321
saving to  ./psi8
	prob= 3.4171247235385773
	burn in time= 9.175488710403442
	sample time= 855.8846657276154
	contraction err= 0.0022345567491171663 0.2767069187442646

Mean energy: -9.56967901e+00
Block size    # of blocks        Mean                Error
     1           50000       -9.56967901e+00       6.837382e-03
     2           25000       -9.56967901e+00       6.877344e-03
     5           10000       -9.56967901e+00       6.882455e-03
    10           5000       -9.56967901e+00       6.875222e-03
    20           2500       -9.56967901e+00       6.827678e-03
    50           1000       -9.56967901e+00       6.903803e-03
    70            714       -9.56966320e+00       6.730423e-03
   100            500       -9.56967901e+00       6.677828e-03
   200            250       -9.56967901e+00       6.903338e-03
   500            100       -9.56967901e+00       7.578990e-03
0 0.006877343784330015 0.007578990201668732
Stocahstic error estimate: 6.877344e-03

step=8,E=-0.5981049380327856,dE=0.0006843761502504098,err=0.00042983398652062595,gmax=0.11660851446250953
	collect g,Hv time= 2.8000247478485107
	solver time=0.08729887008666992,exit status=0
niter= 45
pure_newton= False
	solver time=4.941341876983643,exit status=0
niter= 932
	prob= 1.493726630932988
	burn in time= 9.351431608200073
	sample time= 185.28632402420044
	contraction err= 0.0028369090574384436 0.7046867443628427

Mean energy: -9.53101931e+00
Block size    # of blocks        Mean                Error
     1           50000       -9.53101931e+00       7.711010e-03
     2           25000       -9.53101931e+00       7.722311e-03
     5           10000       -9.53101931e+00       7.620474e-03
    10           5000       -9.53101931e+00       7.675960e-03
    20           2500       -9.53101931e+00       7.570175e-03
    50           1000       -9.53101931e+00       7.559049e-03
    70            714       -9.53105401e+00       7.341052e-03
   100            500       -9.53101931e+00       7.549715e-03
   200            250       -9.53101931e+00       7.306237e-03
   500            100       -9.53101931e+00       7.318919e-03
0 0.007722310506493342 0.007318918569884466
Stocahstic error estimate: 7.722311e-03

	predict=-0.03100575107961328,actual=(0.03865969910300038, 0.010340789964338322)
	g=0.5258365410928941,del=3.3575638316849634,dot=0.44146499040624776,x=14.065001859351321
saving to  ./psi9
	prob= 3.3843106502110656
	burn in time= 9.444726467132568
	sample time= 855.0228381156921
	contraction err= 0.0021429773930680116 0.29761289603481045

Mean energy: -9.58442735e+00
Block size    # of blocks        Mean                Error
     1           50000       -9.58442735e+00       6.518071e-03
     2           25000       -9.58442735e+00       6.528201e-03
     5           10000       -9.58442735e+00       6.479807e-03
    10           5000       -9.58442735e+00       6.462127e-03
    20           2500       -9.58442735e+00       6.534996e-03
    50           1000       -9.58442735e+00       6.401315e-03
    70            714       -9.58441462e+00       6.578169e-03
   100            500       -9.58442735e+00       6.285089e-03
   200            250       -9.58442735e+00       7.008714e-03
   500            100       -9.58442735e+00       7.260194e-03
0 0.006528200951567285 0.007260193786053867
Stocahstic error estimate: 6.528201e-03

step=9,E=-0.5990267090821287,dE=-0.0009217710493431008,err=0.0004080125594729553,gmax=0.10554376109816713
	collect g,Hv time= 3.1934099197387695
	solver time=0.08336496353149414,exit status=0
niter= 37
pure_newton= False
	solver time=7.786352872848511,exit status=0
niter= 1521
	prob= 1.644790623124301
	burn in time= 9.233962297439575
	sample time= 185.28705525398254
	contraction err= 0.0024740259149113315 0.6426910330361549

Mean energy: -9.56942290e+00
Block size    # of blocks        Mean                Error
     1           50000       -9.56942290e+00       6.832747e-03
     2           25000       -9.56942290e+00       6.850737e-03
     5           10000       -9.56942290e+00       6.856332e-03
    10           5000       -9.56942290e+00       6.879642e-03
    20           2500       -9.56942290e+00       6.988129e-03
    50           1000       -9.56942290e+00       6.946638e-03
    70            714       -9.56918759e+00       7.177366e-03
   100            500       -9.56942290e+00       7.243983e-03
   200            250       -9.56942290e+00       7.416354e-03
   500            100       -9.56942290e+00       7.245936e-03
0 0.006850736747391052 0.007245936485923463
Stocahstic error estimate: 6.850737e-03

	predict=-0.02670618556890278,actual=(0.015004445494300356, 0.009463086264327202)
	g=0.4656106168499742,del=2.5694025084750116,dot=0.36363217013005916,x=14.06500185935132
saving to  ./psi10
