	burn in time= 2.328166961669922
[(0, 0)]
[(0, 1)]
[(0, 2)]
[(0, 3)]
[(1, 0)]
[(1, 1)]
[(1, 2)]
[(1, 3)]
[(2, 0)]
[(2, 1)]
[(2, 2)]
[(2, 3)]
[(3, 0)]
[(3, 1)]
[(3, 2)]
[(3, 3)]
block_dict= [(0, 32), (32, 160), (160, 288), (288, 320), (320, 448), (448, 960), (960, 1472), (1472, 1600), (1600, 1728), (1728, 2240), (2240, 2752), (2752, 2880), (2880, 2912), (2912, 3040), (3040, 3168), (3168, 3200)]
sizes= [32, 128, 128, 32, 128, 512, 512, 128, 128, 512, 512, 128, 32, 128, 128, 32]
nbatch= 1
SIZE= 640
Lx,Ly= 4 4
D= 4
rate= 0.1 0.5
cond= 0.001 0.001
nparams= 3200
	prob= 0.009541433974999965
	sample time= 12.941147327423096
	contraction err= 2.0453124752337828e-13 5.794509848688256e-11

Mean energy: -7.41365009e+00
Block size    # of blocks        Mean                Error
     1           50000       -7.41365009e+00       1.632807e-03
     2           25000       -7.41365009e+00       1.630202e-03
     5           10000       -7.41365009e+00       1.634355e-03
    10           5000       -7.41365009e+00       1.639954e-03
    20           2500       -7.41365009e+00       1.650528e-03
    50           1000       -7.41365009e+00       1.679687e-03
    70            714       -7.41364983e+00       1.683296e-03
   100            500       -7.41365009e+00       1.696029e-03
   200            250       -7.41365009e+00       1.643262e-03
   500            100       -7.41365009e+00       1.719382e-03
0 0.0016328068692949256 0.0017193815824923817
Stocahstic error estimate: 1.632807e-03

step=0,E=-0.4633531306632562,dE=-0.4633531306632562,err=0.00010205042933093285,gmax=0.1640517640315462
	collect g,Hv time= 0.46785950660705566
	solver time=0.054998159408569336,exit status=0
niter= 31
pure_newton= True
ix=0,sh=32
	solver time=0.004869937896728516,exit status=0
ix=1,sh=128
niter= 18
	solver time=0.008549928665161133,exit status=0
niter= 26
ix=2,sh=128
	solver time=0.00801992416381836,exit status=0
niter= 25
ix=3,sh=32
	solver time=0.003592252731323242,exit status=0
niter= 18
ix=4,sh=128
	solver time=0.016155719757080078,exit status=0
niter= 51
ix=5,sh=512
	solver time=0.09810948371887207,exit status=0
niter= 88
ix=6,sh=512
	solver time=0.027779102325439453,exit status=0
niter= 32
ix=7,sh=128
	solver time=0.006724119186401367,exit status=0
niter= 25
ix=8,sh=128
	solver time=0.007635593414306641,exit status=0
niter= 28
ix=9,sh=512
	solver time=0.1286163330078125,exit status=0
niter= 143
ix=10,sh=512
	solver time=0.025653362274169922,exit status=0
niter= 32
ix=11,sh=128
	solver time=0.007204771041870117,exit status=0
niter= 25
ix=12,sh=32
	solver time=0.0036547183990478516,exit status=0
niter= 17
ix=13,sh=128
	solver time=0.018602371215820312,exit status=0
niter= 64
ix=14,sh=128
	solver time=0.007033824920654297,exit status=0
niter= 25
ix=15,sh=32
	solver time=0.003573894500732422,exit status=0
niter= 17
	prob= 0.0004697579633183575
	burn in time= 2.259343385696411
	sample time= 43.488054513931274
	contraction err= 3.3549651772437975e-14 2.299687716230452e-11

Mean energy: -7.14847225e+00
Block size    # of blocks        Mean                Error
     1           50000       -7.14847225e+00       3.343809e-03
     2           25000       -7.14847225e+00       3.356427e-03
     5           10000       -7.14847225e+00       3.321435e-03
    10           5000       -7.14847225e+00       3.324994e-03
    20           2500       -7.14847225e+00       3.384633e-03
    50           1000       -7.14847225e+00       3.461801e-03
    70            714       -7.14853751e+00       3.440771e-03
   100            500       -7.14847225e+00       3.423146e-03
   200            250       -7.14847225e+00       3.391599e-03
   500            100       -7.14847225e+00       3.654865e-03
0 0.00335642746510005 0.003654865471657878
Stocahstic error estimate: 3.356427e-03

	predict=-0.2587734298159778,actual=(0.2651778364561004, 0.0037325143805342054)
	g=0.7799399127535563,del=0.8140416387532164,dot=0.11879525485298692,x=7.205638078455962
	prob= 0.009116775569389718
	burn in time= 2.2585973739624023
	sample time= 65.79949736595154
	contraction err= 2.0344746335005683e-13 3.667196585609935e-10

Mean energy: -7.42818732e+00
Block size    # of blocks        Mean                Error
     1           50000       -7.42818732e+00       1.423204e-03
     2           25000       -7.42818732e+00       1.418540e-03
     5           10000       -7.42818732e+00       1.413099e-03
    10           5000       -7.42818732e+00       1.430025e-03
    20           2500       -7.42818732e+00       1.467189e-03
    50           1000       -7.42818732e+00       1.534571e-03
    70            714       -7.42819561e+00       1.547634e-03
   100            500       -7.42818732e+00       1.600859e-03
   200            250       -7.42818732e+00       1.779886e-03
   500            100       -7.42818732e+00       2.138338e-03
0 0.0014232036924407732 0.002138338118226225
Stocahstic error estimate: 1.423204e-03

step=1,E=-0.46426170758339497,dE=-0.0009085769201387928,err=8.895023077754832e-05,gmax=0.1362666394424501
	collect g,Hv time= 0.4972100257873535
	solver time=0.2043759822845459,exit status=0
pure_newton= True
ix=0,sh=32
niter= 32
	solver time=0.0050928592681884766,exit status=0
niter= 17
ix=1,sh=128
	solver time=0.019505023956298828,exit status=0
niter= 25
ix=2,sh=128
	solver time=0.015952348709106445,exit status=0
niter= 24
ix=3,sh=32
	solver time=0.004020214080810547,exit status=0
ix=4,sh=128
niter= 17
	solver time=0.03093719482421875,exit status=0
niter= 51
ix=5,sh=512
	solver time=0.20841360092163086,exit status=0
niter= 84
ix=6,sh=512
	solver time=0.07411718368530273,exit status=0
niter= 31
ix=7,sh=128
	solver time=0.013241052627563477,exit status=0
niter= 24
ix=8,sh=128
	solver time=0.013937234878540039,exit status=0
niter= 28
ix=9,sh=512
	solver time=0.3300747871398926,exit status=0
niter= 138
ix=10,sh=512
	solver time=0.07423877716064453,exit status=0
niter= 31
ix=11,sh=128
	solver time=0.014251708984375,exit status=0
niter= 25
ix=12,sh=32
	solver time=0.004076719284057617,exit status=0
niter= 17
ix=13,sh=128
	solver time=0.03723955154418945,exit status=0
niter= 70
ix=14,sh=128
	solver time=0.011880159378051758,exit status=0
niter= 24
ix=15,sh=32
	solver time=0.00400996208190918,exit status=0
niter= 17
	prob= 0.00036407482767017533
	burn in time= 2.3070194721221924
	sample time= 44.062803745269775
	contraction err= 5.2023171071107695e-15 1.9737151957563933e-11

Mean energy: -6.87257640e+00
Block size    # of blocks        Mean                Error
     1           50000       -6.87257640e+00       4.093070e-03
     2           25000       -6.87257640e+00       4.103012e-03
     5           10000       -6.87257640e+00       4.157865e-03
    10           5000       -6.87257640e+00       4.159768e-03
    20           2500       -6.87257640e+00       4.166686e-03
    50           1000       -6.87257640e+00       4.330785e-03
    70            714       -6.87273768e+00       4.342182e-03
   100            500       -6.87257640e+00       4.513543e-03
   200            250       -6.87257640e+00       4.974867e-03
   500            100       -6.87257640e+00       5.885420e-03
0 0.004103012402399055 0.0058854197785133495
Stocahstic error estimate: 4.103012e-03

	predict=-0.21196454737640388,actual=(0.5556109178985142, 0.00434283542451444)
	g=0.7135574086530957,del=0.6678792201545751,dot=0.0839477895175419,x=7.205638078455962
	prob= 0.008288475335529122
	burn in time= 2.247826337814331
	sample time= 65.93208193778992
	contraction err= 1.1784386880201571e-13 7.769681727110867e-11

Mean energy: -7.44050323e+00
Block size    # of blocks        Mean                Error
     1           50000       -7.44050323e+00       1.331306e-03
     2           25000       -7.44050323e+00       1.358182e-03
     5           10000       -7.44050323e+00       1.405649e-03
    10           5000       -7.44050323e+00       1.498579e-03
    20           2500       -7.44050323e+00       1.668202e-03
    50           1000       -7.44050323e+00       2.141264e-03
    70            714       -7.44051053e+00       2.393192e-03
   100            500       -7.44050323e+00       2.746126e-03
   200            250       -7.44050323e+00       3.461531e-03
   500            100       -7.44050323e+00       5.616525e-03
0 0.001358181524517584 0.0056165249880112105
Stocahstic error estimate: 1.358182e-03

step=2,E=-0.46503145206924723,dE=-0.000769744485852264,err=8.4886345282349e-05,gmax=0.13524548990396212
	collect g,Hv time= 0.4815685749053955
	solver time=0.21713829040527344,exit status=0
niter= 34
pure_newton= True
ix=0,sh=32
	solver time=0.005358695983886719,exit status=0
ix=1,sh=128
niter= 17
	solver time=0.019732952117919922,exit status=0
niter= 25
ix=2,sh=128
	solver time=0.015332460403442383,exit status=0
niter= 23
ix=3,sh=32
	solver time=0.00402522087097168,exit status=0
ix=4,sh=128
niter= 17
	solver time=0.0326542854309082,exit status=0
niter= 53
ix=5,sh=512
	solver time=0.18297958374023438,exit status=0
niter= 89
ix=6,sh=512
	solver time=0.061739206314086914,exit status=0
niter= 31
ix=7,sh=128
	solver time=0.011689186096191406,exit status=0
niter= 24
ix=8,sh=128
	solver time=0.012563228607177734,exit status=0
niter= 28
ix=9,sh=512
	solver time=0.29045605659484863,exit status=0
niter= 144
ix=10,sh=512
	solver time=0.06484484672546387,exit status=0
niter= 32
ix=11,sh=128
	solver time=0.012334585189819336,exit status=0
niter= 24
ix=12,sh=32
	solver time=0.0044863224029541016,exit status=0
niter= 18
ix=13,sh=128
	solver time=0.03729438781738281,exit status=0
niter= 77
ix=14,sh=128
	solver time=0.011563301086425781,exit status=0
niter= 25
ix=15,sh=32
	solver time=0.0042417049407958984,exit status=0
niter= 17
	prob= 0.000977080558191152
	burn in time= 2.247751474380493
	sample time= 43.72066569328308
	contraction err= 1.066946911876827e-13 1.1078998513917924e-10

Mean energy: -7.30675218e+00
Block size    # of blocks        Mean                Error
     1           50000       -7.30675218e+00       2.611427e-03
     2           25000       -7.30675218e+00       2.607555e-03
     5           10000       -7.30675218e+00       2.619457e-03
    10           5000       -7.30675218e+00       2.616780e-03
    20           2500       -7.30675218e+00       2.592825e-03
    50           1000       -7.30675218e+00       2.586411e-03
    70            714       -7.30666370e+00       2.567767e-03
   100            500       -7.30675218e+00       2.589828e-03
   200            250       -7.30675218e+00       2.829244e-03
   500            100       -7.30675218e+00       3.129742e-03
0 0.0026114269197120552 0.0031297415049010547
Stocahstic error estimate: 2.611427e-03

	predict=-0.19991825936054036,actual=(0.1337510547129117, 0.0029435026092289613)
	g=0.6654031301271188,del=0.5999413063124096,dot=0.0601771543167548,x=7.205638078455962
	prob= 0.00705604383887462
	burn in time= 2.238034963607788
	sample time= 65.82694554328918
	contraction err= 9.569453835379471e-14 5.1946253343968085e-11

Mean energy: -7.45373639e+00
Block size    # of blocks        Mean                Error
     1           50000       -7.45373639e+00       1.118280e-03
     2           25000       -7.45373639e+00       1.119747e-03
     5           10000       -7.45373639e+00       1.137963e-03
    10           5000       -7.45373639e+00       1.151610e-03
    20           2500       -7.45373639e+00       1.180082e-03
    50           1000       -7.45373639e+00       1.218894e-03
    70            714       -7.45373722e+00       1.294019e-03
   100            500       -7.45373639e+00       1.351046e-03
   200            250       -7.45373639e+00       1.488785e-03
   500            100       -7.45373639e+00       1.796248e-03
0 0.0011197472464712249 0.0017962480579796446
Stocahstic error estimate: 1.119747e-03

step=3,E=-0.4658585245090558,dE=-0.0008270724398085627,err=6.998420290445155e-05,gmax=0.1446051576679963
	collect g,Hv time= 0.480074405670166
	solver time=0.22185802459716797,exit status=0
pure_newton= True
ix=0,sh=32
niter= 35
	solver time=0.004737377166748047,exit status=0
niter= 16
ix=1,sh=128
	solver time=0.02007269859313965,exit status=0
niter= 24
ix=2,sh=128
	solver time=0.0151824951171875,exit status=0
niter= 23
ix=3,sh=32
	solver time=0.003972291946411133,exit status=0
niter= 16
ix=4,sh=128
	solver time=0.031250715255737305,exit status=0
niter= 51
ix=5,sh=512
	solver time=0.2110142707824707,exit status=0
niter= 88
ix=6,sh=512
	solver time=0.06882166862487793,exit status=0
niter= 30
ix=7,sh=128
	solver time=0.012315511703491211,exit status=0
niter= 23
ix=8,sh=128
	solver time=0.013379335403442383,exit status=0
niter= 28
ix=9,sh=512
	solver time=0.3042147159576416,exit status=0
niter= 133
ix=10,sh=512
	solver time=0.07196760177612305,exit status=0
niter= 31
ix=11,sh=128
	solver time=0.013026714324951172,exit status=0
niter= 23
ix=12,sh=32
	solver time=0.005183219909667969,exit status=0
niter= 19
ix=13,sh=128
	solver time=0.03295707702636719,exit status=0
niter= 64
ix=14,sh=128
	solver time=0.011589288711547852,exit status=0
niter= 24
ix=15,sh=32
	solver time=0.004347562789916992,exit status=0
niter= 16
	prob= 7.886943808574965e-05
	burn in time= 2.32589054107666
	sample time= 43.99480104446411
	contraction err= 9.186281036908692e-14 1.811592000808561e-10

Mean energy: -6.91572011e+00
Block size    # of blocks        Mean                Error
     1           50000       -6.91572011e+00       4.290577e-03
     2           25000       -6.91572011e+00       4.293052e-03
     5           10000       -6.91572011e+00       4.351608e-03
    10           5000       -6.91572011e+00       4.440614e-03
    20           2500       -6.91572011e+00       4.563339e-03
    50           1000       -6.91572011e+00       4.891600e-03
    70            714       -6.91579584e+00       5.225103e-03
   100            500       -6.91572011e+00       5.404528e-03
   200            250       -6.91572011e+00       6.139383e-03
   500            100       -6.91572011e+00       8.387850e-03
0 0.004293051812446819 0.008387849528688136
Stocahstic error estimate: 4.293052e-03

	predict=-0.1440097337209163,actual=(0.538016286513554, 0.004436679812690207)
	g=0.6484936088156017,del=0.504156239590841,dot=0.04316146398176604,x=7.20563807845596
	prob= 0.0063557093893235345
	burn in time= 2.235121488571167
	sample time= 65.5708076953888
	contraction err= 8.828589851882414e-14 4.428144272738941e-11

Mean energy: -7.45325570e+00
Block size    # of blocks        Mean                Error
     1           50000       -7.45325570e+00       1.224720e-03
     2           25000       -7.45325570e+00       1.277064e-03
     5           10000       -7.45325570e+00       1.409763e-03
    10           5000       -7.45325570e+00       1.592159e-03
    20           2500       -7.45325570e+00       1.949333e-03
    50           1000       -7.45325570e+00       2.674295e-03
    70            714       -7.45322368e+00       3.035152e-03
   100            500       -7.45325570e+00       3.564015e-03
   200            250       -7.45325570e+00       4.950826e-03
   500            100       -7.45325570e+00       7.735983e-03
0 0.0012770635783608774 0.00773598309366323
Stocahstic error estimate: 1.277064e-03

step=4,E=-0.4658284814930562,dE=3.0043015999570155e-05,err=7.981647364755483e-05,gmax=0.1202361761606312
	collect g,Hv time= 0.518632173538208
	solver time=0.22869539260864258,exit status=0
niter= 36
pure_newton= True
ix=0,sh=32
	solver time=0.005019187927246094,exit status=0
ix=1,sh=128
niter= 16
	solver time=0.01795506477355957,exit status=0
niter= 24
ix=2,sh=128
	solver time=0.014336585998535156,exit status=0
niter= 23
ix=3,sh=32
	solver time=0.004511356353759766,exit status=0
ix=4,sh=128
niter= 17
	solver time=0.03296041488647461,exit status=0
niter= 56
ix=5,sh=512
	solver time=0.20575523376464844,exit status=0
niter= 92
ix=6,sh=512
	solver time=0.0645139217376709,exit status=0
niter= 30
ix=7,sh=128
	solver time=0.012169361114501953,exit status=0
niter= 23
ix=8,sh=128
	solver time=0.014201164245605469,exit status=0
niter= 30
ix=9,sh=512
	solver time=0.3183462619781494,exit status=0
niter= 148
ix=10,sh=512
	solver time=0.07005476951599121,exit status=0
niter= 32
ix=11,sh=128
	solver time=0.013326406478881836,exit status=0
niter= 24
ix=12,sh=32
	solver time=0.0056340694427490234,exit status=0
niter= 19
ix=13,sh=128
	solver time=0.04372072219848633,exit status=0
niter= 88
ix=14,sh=128
	solver time=0.011102676391601562,exit status=0
niter= 24
ix=15,sh=32
	solver time=0.004614591598510742,exit status=0
niter= 16
	prob= 0.0011212289211782864
	burn in time= 2.348616123199463
	sample time= 43.43289113044739
	contraction err= 4.078188583321987e-14 4.371227793908817e-11

Mean energy: -7.40673983e+00
Block size    # of blocks        Mean                Error
     1           50000       -7.40673983e+00       1.681741e-03
     2           25000       -7.40673983e+00       1.686299e-03
     5           10000       -7.40673983e+00       1.681202e-03
    10           5000       -7.40673983e+00       1.676674e-03
    20           2500       -7.40673983e+00       1.678682e-03
    50           1000       -7.40673983e+00       1.743764e-03
    70            714       -7.40680897e+00       1.680000e-03
   100            500       -7.40673983e+00       1.785021e-03
   200            250       -7.40673983e+00       1.911651e-03
   500            100       -7.40673983e+00       2.097462e-03
0 0.0016862992605395067 0.002097462183458329
Stocahstic error estimate: 1.686299e-03

	predict=-0.18828054322725724,actual=(0.04651586919027473, 0.00211530058839683)
	g=0.6172496045470687,del=0.4598574524799925,dot=0.026180904435793295,x=7.205638078455962
	prob= 0.0050821375128199614
	burn in time= 2.244511842727661
	sample time= 65.85794997215271
	contraction err= 8.745864133601293e-14 9.442494563755654e-11

Mean energy: -7.46986188e+00
Block size    # of blocks        Mean                Error
     1           50000       -7.46986188e+00       9.967375e-04
     2           25000       -7.46986188e+00       1.000234e-03
     5           10000       -7.46986188e+00       9.963456e-04
    10           5000       -7.46986188e+00       9.951720e-04
    20           2500       -7.46986188e+00       9.989872e-04
    50           1000       -7.46986188e+00       1.064071e-03
    70            714       -7.46985389e+00       1.096560e-03
   100            500       -7.46986188e+00       1.150032e-03
   200            250       -7.46986188e+00       1.318417e-03
   500            100       -7.46986188e+00       1.547745e-03
0 0.0010002342546613075 0.0015477449579350015
Stocahstic error estimate: 1.000234e-03

step=5,E=-0.466866367668128,dE=-0.0010378861750717783,err=6.251464091633172e-05,gmax=0.15474026118131334
	collect g,Hv time= 0.4826982021331787
	solver time=0.22835206985473633,exit status=0
pure_newton= True
ix=0,sh=32
niter= 36
	solver time=0.005509614944458008,exit status=0
ix=1,sh=128
niter= 16
	solver time=0.018296480178833008,exit status=0
niter= 24
ix=2,sh=128
	solver time=0.014635324478149414,exit status=0
niter= 23
ix=3,sh=32
	solver time=0.0049054622650146484,exit status=0
niter= 17
ix=4,sh=128
	solver time=0.03425717353820801,exit status=0
niter= 57
ix=5,sh=512
	solver time=0.2188549041748047,exit status=0
niter= 93
ix=6,sh=512
	solver time=0.06833291053771973,exit status=0
niter= 30
ix=7,sh=128
	solver time=0.011937379837036133,exit status=0
niter= 22
ix=8,sh=128
	solver time=0.013951778411865234,exit status=0
niter= 29
ix=9,sh=512
	solver time=0.3407399654388428,exit status=0
niter= 150
ix=10,sh=512
	solver time=0.07557129859924316,exit status=0
niter= 33
ix=11,sh=128
	solver time=0.01294565200805664,exit status=0
niter= 23
ix=12,sh=32
	solver time=0.0060803890228271484,exit status=0
niter= 19
ix=13,sh=128
	solver time=0.04400372505187988,exit status=0
niter= 88
ix=14,sh=128
	solver time=0.01133108139038086,exit status=0
niter= 24
ix=15,sh=32
	solver time=0.005424976348876953,exit status=0
niter= 17
	prob= 0.00014858257842225044
	burn in time= 2.222222328186035
	sample time= 43.5233941078186
	contraction err= 6.8369849024747916e-15 2.871903097213697e-11

Mean energy: -7.33506152e+00
Block size    # of blocks        Mean                Error
     1           50000       -7.33506152e+00       2.322695e-03
     2           25000       -7.33506152e+00       2.330448e-03
     5           10000       -7.33506152e+00       2.353035e-03
    10           5000       -7.33506152e+00       2.367067e-03
    20           2500       -7.33506152e+00       2.390651e-03
    50           1000       -7.33506152e+00       2.443039e-03
    70            714       -7.33507008e+00       2.468789e-03
   100            500       -7.33506152e+00       2.589734e-03
   200            250       -7.33506152e+00       2.863168e-03
   500            100       -7.33506152e+00       3.445077e-03
0 0.0023304480259888523 0.0034450769503633623
Stocahstic error estimate: 2.330448e-03

	predict=-0.11353839136011365,actual=(0.1348003633681767, 0.002536031657143341)
	g=0.6282681608142315,del=0.42497837700769575,dot=0.03177770641780246,x=7.205638078455963
	prob= 0.004643203777862066
	burn in time= 2.3375580310821533
	sample time= 65.85940718650818
	contraction err= 1.481669768318358e-13 6.243893280511951e-11

Mean energy: -7.47156893e+00
Block size    # of blocks        Mean                Error
     1           50000       -7.47156893e+00       1.000735e-03
     2           25000       -7.47156893e+00       9.989308e-04
     5           10000       -7.47156893e+00       1.017276e-03
    10           5000       -7.47156893e+00       1.046071e-03
    20           2500       -7.47156893e+00       1.098824e-03
    50           1000       -7.47156893e+00       1.262662e-03
    70            714       -7.47154997e+00       1.320537e-03
   100            500       -7.47156893e+00       1.454845e-03
   200            250       -7.47156893e+00       1.814544e-03
   500            100       -7.47156893e+00       2.658453e-03
0 0.0010007354443163066 0.002658453206331505
Stocahstic error estimate: 1.000735e-03

step=6,E=-0.4669730579865493,dE=-0.00010669031842130972,err=6.254596526976916e-05,gmax=0.1398261940724872
	collect g,Hv time= 0.48009395599365234
	solver time=0.22200846672058105,exit status=0
pure_newton= True
ix=0,sh=32
niter= 35
	solver time=0.00590062141418457,exit status=0
niter= 16
ix=1,sh=128
niter= 25
	solver time=0.01932668685913086,exit status=0
ix=2,sh=128
	solver time=0.015233039855957031,exit status=0
niter= 23
ix=3,sh=32
	solver time=0.005273103713989258,exit status=0
niter= 17
ix=4,sh=128
	solver time=0.034920454025268555,exit status=0
niter= 57
ix=5,sh=512
	solver time=0.22391009330749512,exit status=0
niter= 95
ix=6,sh=512
	solver time=0.07215404510498047,exit status=0
niter= 32
ix=7,sh=128
	solver time=0.012615203857421875,exit status=0
niter= 24
ix=8,sh=128
	solver time=0.014882326126098633,exit status=0
niter= 30
ix=9,sh=512
	solver time=0.36110830307006836,exit status=0
niter= 157
ix=10,sh=512
	solver time=0.07865691184997559,exit status=0
niter= 33
ix=11,sh=128
	solver time=0.014077425003051758,exit status=0
niter= 25
ix=12,sh=32
	solver time=0.006986379623413086,exit status=0
niter= 20
ix=13,sh=128
	solver time=0.04934096336364746,exit status=0
niter= 94
ix=14,sh=128
	solver time=0.01164698600769043,exit status=0
niter= 24
ix=15,sh=32
	solver time=0.005774974822998047,exit status=0
niter= 17
	prob= 0.0006318091905764215
	burn in time= 2.2869131565093994
	sample time= 43.49264740943909
	contraction err= 5.643359532225515e-14 9.831655193735751e-11

Mean energy: -7.39553354e+00
Block size    # of blocks        Mean                Error
     1           50000       -7.39553354e+00       1.907993e-03
     2           25000       -7.39553354e+00       1.902115e-03
     5           10000       -7.39553354e+00       1.901869e-03
    10           5000       -7.39553354e+00       1.899679e-03
    20           2500       -7.39553354e+00       1.924062e-03
    50           1000       -7.39553354e+00       1.897969e-03
    70            714       -7.39555302e+00       1.949649e-03
   100            500       -7.39553354e+00       1.994777e-03
   200            250       -7.39553354e+00       2.151470e-03
   500            100       -7.39553354e+00       2.373136e-03
0 0.001907992936285261 0.002373136263542338
Stocahstic error estimate: 1.907993e-03

	predict=-0.10728126364240477,actual=(0.07603539111817614, 0.0021545088708161326)
	g=0.6046936853462819,del=0.4102937985846001,dot=0.029266398535292393,x=7.205638078455963
	prob= 0.004157882915713469
	burn in time= 2.2314610481262207
	sample time= 65.75502705574036
	contraction err= 9.10208409842439e-14 9.702850245870971e-11

Mean energy: -7.47751519e+00
Block size    # of blocks        Mean                Error
     1           50000       -7.47751519e+00       8.708725e-04
     2           25000       -7.47751519e+00       8.748382e-04
     5           10000       -7.47751519e+00       8.898851e-04
    10           5000       -7.47751519e+00       9.098074e-04
    20           2500       -7.47751519e+00       9.588832e-04
    50           1000       -7.47751519e+00       1.046773e-03
    70            714       -7.47752507e+00       1.077534e-03
   100            500       -7.47751519e+00       1.162116e-03
   200            250       -7.47751519e+00       1.372018e-03
   500            100       -7.47751519e+00       1.870907e-03
0 0.000874838163313395 0.0018709074228570898
Stocahstic error estimate: 8.748382e-04

step=7,E=-0.4673446995933522,dE=-0.00037164160680286384,err=5.467738520708719e-05,gmax=0.1319757596635931
	collect g,Hv time= 0.4668009281158447
	solver time=0.230055570602417,exit status=0
pure_newton= True
ix=0,sh=32
niter= 37
	solver time=0.0062084197998046875,exit status=0
niter= 16
ix=1,sh=128
	solver time=0.01806354522705078,exit status=0
niter= 23
ix=2,sh=128
	solver time=0.014265298843383789,exit status=0
niter= 22
ix=3,sh=32
	solver time=0.005420207977294922,exit status=0
niter= 16
ix=4,sh=128
	solver time=0.034212350845336914,exit status=0
niter= 56
ix=5,sh=512
	solver time=0.2202296257019043,exit status=0
niter= 95
ix=6,sh=512
	solver time=0.06756281852722168,exit status=0
niter= 31
ix=7,sh=128
	solver time=0.01090693473815918,exit status=0
niter= 21
ix=8,sh=128
	solver time=0.014082670211791992,exit status=0
niter= 30
ix=9,sh=512
	solver time=0.3333609104156494,exit status=0
niter= 151
ix=10,sh=512
	solver time=0.07068586349487305,exit status=0
niter= 32
ix=11,sh=128
	solver time=0.012694120407104492,exit status=0
niter= 23
ix=12,sh=32
	solver time=0.0073850154876708984,exit status=0
niter= 20
ix=13,sh=128
	solver time=0.04276132583618164,exit status=0
niter= 87
ix=14,sh=128
	solver time=0.011133909225463867,exit status=0
niter= 24
ix=15,sh=32
	solver time=0.005781650543212891,exit status=0
niter= 16
	prob= 0.00044535259922190694
	burn in time= 2.247469425201416
	sample time= 43.3031165599823
	contraction err= 1.1985782308714687e-14 2.8370139865255915e-11

Mean energy: -7.40205050e+00
Block size    # of blocks        Mean                Error
     1           50000       -7.40205050e+00       1.635850e-03
     2           25000       -7.40205050e+00       1.643484e-03
     5           10000       -7.40205050e+00       1.636843e-03
    10           5000       -7.40205050e+00       1.643874e-03
    20           2500       -7.40205050e+00       1.642257e-03
    50           1000       -7.40205050e+00       1.723565e-03
    70            714       -7.40207767e+00       1.788979e-03
   100            500       -7.40205050e+00       1.806505e-03
   200            250       -7.40205050e+00       1.915823e-03
   500            100       -7.40205050e+00       2.367883e-03
0 0.0016434842694882075 0.0023678829344013436
Stocahstic error estimate: 1.643484e-03

	predict=-0.08406364309353158,actual=(0.07546468856199962, 0.0018618223212875985)
	g=0.5750879768520096,del=0.3573797965570993,dot=0.01830264929854613,x=7.205638078455962
	prob= 0.0037851446504387236
	burn in time= 2.2795112133026123
	sample time= 65.54937362670898
	contraction err= 4.6553186741523264e-14 9.84324967883791e-11

Mean energy: -7.48211572e+00
Block size    # of blocks        Mean                Error
     1           50000       -7.48211572e+00       8.342215e-04
     2           25000       -7.48211572e+00       8.369808e-04
     5           10000       -7.48211572e+00       8.461589e-04
    10           5000       -7.48211572e+00       8.628016e-04
    20           2500       -7.48211572e+00       8.908726e-04
    50           1000       -7.48211572e+00       9.471089e-04
    70            714       -7.48213492e+00       9.904351e-04
   100            500       -7.48211572e+00       1.049870e-03
   200            250       -7.48211572e+00       1.248134e-03
   500            100       -7.48211572e+00       1.647931e-03
0 0.0008369807605104761 0.0016479311645733066
Stocahstic error estimate: 8.369808e-04

step=8,E=-0.46763223223750633,dE=-0.0002875326441541537,err=5.2311297531904755e-05,gmax=0.12500335980479704
	collect g,Hv time= 0.4661870002746582
	solver time=0.2197730541229248,exit status=0
pure_newton= True
ix=0,sh=32
niter= 35
	solver time=0.006550312042236328,exit status=0
niter= 16
ix=1,sh=128
	solver time=0.01749563217163086,exit status=0
niter= 23
ix=2,sh=128
	solver time=0.014010906219482422,exit status=0
niter= 22
ix=3,sh=32
	solver time=0.005816221237182617,exit status=0
niter= 16
ix=4,sh=128
	solver time=0.032558441162109375,exit status=0
niter= 54
ix=5,sh=512
	solver time=0.2115933895111084,exit status=0
niter= 95
ix=6,sh=512
	solver time=0.06424760818481445,exit status=0
niter= 30
ix=7,sh=128
	solver time=0.011798620223999023,exit status=0
niter= 22
ix=8,sh=128
	solver time=0.014190196990966797,exit status=0
niter= 30
ix=9,sh=512
	solver time=0.3438899517059326,exit status=0
niter= 157
ix=10,sh=512
	solver time=0.06727385520935059,exit status=0
niter= 31
ix=11,sh=128
	solver time=0.012003660202026367,exit status=0
niter= 22
ix=12,sh=32
	solver time=0.007756471633911133,exit status=0
niter= 20
ix=13,sh=128
	solver time=0.042171478271484375,exit status=0
niter= 86
ix=14,sh=128
	solver time=0.010419845581054688,exit status=0
niter= 23
ix=15,sh=32
	solver time=0.0061490535736083984,exit status=0
niter= 16
	prob= 0.0008395202378843969
	burn in time= 2.242255210876465
	sample time= 43.42023468017578
	contraction err= 4.8776463879695683e-14 2.3389260938948125e-10

Mean energy: -7.43574811e+00
Block size    # of blocks        Mean                Error
     1           50000       -7.43574811e+00       1.415468e-03
     2           25000       -7.43574811e+00       1.420593e-03
     5           10000       -7.43574811e+00       1.422749e-03
    10           5000       -7.43574811e+00       1.431533e-03
    20           2500       -7.43574811e+00       1.448345e-03
    50           1000       -7.43574811e+00       1.470850e-03
    70            714       -7.43574673e+00       1.482992e-03
   100            500       -7.43574811e+00       1.503920e-03
   200            250       -7.43574811e+00       1.635859e-03
   500            100       -7.43574811e+00       1.716058e-03
0 0.0014205932026763663 0.0017160582734748037
Stocahstic error estimate: 1.420593e-03

	predict=-0.0741020154692786,actual=(0.04636760217380864, 0.0016488243814776)
	g=0.5486212810932514,del=0.3428207701421994,dot=0.016738614270617163,x=7.205638078455964
	prob= 0.0034671826038964117
	burn in time= 2.216062068939209
	sample time= 65.82868576049805
	contraction err= 9.156530725674094e-15 1.2910312838066253e-11

Mean energy: -7.48302925e+00
Block size    # of blocks        Mean                Error
     1           50000       -7.48302925e+00       8.521795e-04
     2           25000       -7.48302925e+00       8.555784e-04
     5           10000       -7.48302925e+00       8.617005e-04
    10           5000       -7.48302925e+00       8.758540e-04
    20           2500       -7.48302925e+00       8.754340e-04
    50           1000       -7.48302925e+00       9.224922e-04
    70            714       -7.48301701e+00       9.330050e-04
   100            500       -7.48302925e+00       1.008121e-03
   200            250       -7.48302925e+00       1.163221e-03
   500            100       -7.48302925e+00       1.532925e-03
0 0.0008555783960377468 0.0015329245085361379
Stocahstic error estimate: 8.555784e-04

step=9,E=-0.4676893283152118,dE=-5.7096077705487414e-05,err=5.347364975235918e-05,gmax=0.12200987812871489
	collect g,Hv time= 0.486846923828125
	solver time=0.22800922393798828,exit status=0
niter= 37
pure_newton= True
ix=0,sh=32
	solver time=0.007265806198120117,exit status=0
niter= 17
ix=1,sh=128
	solver time=0.018918752670288086,exit status=0
niter= 24
ix=2,sh=128
	solver time=0.015358686447143555,exit status=0
niter= 23
ix=3,sh=32
	solver time=0.006691932678222656,exit status=0
niter= 17
ix=4,sh=128
	solver time=0.03485608100891113,exit status=0
niter= 56
ix=5,sh=512
	solver time=0.2243034839630127,exit status=0
niter= 95
ix=6,sh=512
	solver time=0.06804943084716797,exit status=0
niter= 30
ix=7,sh=128
	solver time=0.011937379837036133,exit status=0
niter= 22
ix=8,sh=128
	solver time=0.015045642852783203,exit status=0
niter= 31
ix=9,sh=512
	solver time=0.34827256202697754,exit status=0
niter= 153
ix=10,sh=512
	solver time=0.07081174850463867,exit status=0
niter= 31
ix=11,sh=128
	solver time=0.013020992279052734,exit status=0
niter= 22
ix=12,sh=32
	solver time=0.00835108757019043,exit status=0
niter= 20
ix=13,sh=128
	solver time=0.04323554039001465,exit status=0
niter= 84
ix=14,sh=128
	solver time=0.010984182357788086,exit status=0
niter= 23
ix=15,sh=32
	solver time=0.006508588790893555,exit status=0
niter= 16
	prob= 0.0005752514294251804
	burn in time= 2.2180936336517334
	sample time= 43.47881841659546
	contraction err= 3.665932960832228e-15 9.330144157026272e-13

Mean energy: -7.42234985e+00
Block size    # of blocks        Mean                Error
     1           50000       -7.42234985e+00       1.647640e-03
     2           25000       -7.42234985e+00       1.650259e-03
     5           10000       -7.42234985e+00       1.656860e-03
    10           5000       -7.42234985e+00       1.670420e-03
    20           2500       -7.42234985e+00       1.696196e-03
    50           1000       -7.42234985e+00       1.760477e-03
    70            714       -7.42232200e+00       1.786953e-03
   100            500       -7.42234985e+00       1.800539e-03
   200            250       -7.42234985e+00       1.923324e-03
   500            100       -7.42234985e+00       2.314455e-03
0 0.001650258529402836 0.002314455124419931
Stocahstic error estimate: 1.650259e-03

	predict=-0.06609984843987701,actual=(0.06067939980686976, 0.0018588619113945324)
	g=0.5335107291074175,del=0.33904760167461917,dot=0.016313545103722925,x=7.20563807845596
