	burn in time= 0.5070405006408691
[[ 0.13293  -0.991125]
 [ 0.756408 -0.6541  ]
 [ 0.561189 -0.827688]
 [ 0.352382 -0.935856]
 [ 0.705194 -0.709015]
 [ 0.758899 -0.651209]
 [ 0.991208 -0.132311]
 [ 0.586377 -0.810038]
 [ 0.680185 -0.733041]
 [ 0.286832 -0.957981]
 [ 0.87339  -0.487022]
 [ 0.956711 -0.29104 ]
 [ 0.625064 -0.780573]
 [ 0.907451 -0.420157]
 [ 0.373361 -0.927686]
 [ 0.917544 -0.397633]
 [ 0.566047 -0.824373]
 [ 0.834136 -0.551558]
 [ 0.54586  -0.837876]
 [ 0.841885 -0.539657]
 [ 0.974559 -0.22413 ]
 [ 0.866735 -0.49877 ]
 [ 0.373079 -0.9278  ]
 [ 0.859334 -0.511416]
 [ 0.530093 -0.847939]
 [ 0.227258 -0.973835]
 [ 0.665188 -0.746676]
 [ 0.856703 -0.515809]
 [ 0.504446 -0.863443]
 [ 0.87735  -0.479851]
 [ 0.949474 -0.313847]
 [ 0.827621 -0.561287]
 [ 0.619601 -0.784917]
 [ 0.490669 -0.871346]
 [ 0.844458 -0.535621]
 [ 0.953317  0.30197 ]
 [ 0.803925 -0.594731]
 [ 0.510845 -0.859673]
 [ 0.821351 -0.570423]
 [ 0.678912 -0.73422 ]
 [ 0.631718 -0.775198]
 [ 0.893084 -0.44989 ]
 [ 0.969098 -0.246674]
 [ 0.915505 -0.402306]
 [ 0.938868 -0.344277]
 [ 0.731939 -0.68137 ]
 [ 0.373217 -0.927744]
 [ 0.339784  0.940504]
 [ 0.956138 -0.292918]
 [ 0.501839 -0.864961]
 [ 0.997674 -0.068171]
 [ 0.670855 -0.741589]
 [ 0.802792 -0.596259]
 [ 0.929945  0.367698]
 [ 0.681924 -0.731423]
 [ 0.605023 -0.796208]
 [ 0.378102 -0.925764]
 [ 0.269085 -0.963116]
 [ 0.603678 -0.797228]
 [ 0.90797  -0.419035]
 [ 0.309214 -0.950992]
 [ 0.693146 -0.720797]
 [ 0.824588 -0.565734]
 [ 0.502444 -0.86461 ]
 [ 0.845266 -0.534345]
 [ 0.656738 -0.754119]
 [ 0.56311  -0.826382]
 [ 0.494551 -0.869149]
 [ 0.66264  -0.748938]
 [ 0.945786 -0.32479 ]
 [ 0.892555 -0.450938]
 [ 0.68371  -0.729754]
 [ 0.538223 -0.842802]
 [ 0.880872 -0.473354]
 [ 0.726957 -0.686683]
 [ 0.625931 -0.779879]
 [ 0.513617 -0.85802 ]
 [ 0.744273 -0.667876]
 [ 0.501507 -0.865153]
 [ 0.676271 -0.736653]
 [ 0.687598 -0.726091]
 [ 0.851826 -0.523825]
 [ 0.820653 -0.571427]
 [ 0.053093 -0.99859 ]
 [ 0.698137 -0.715964]
 [ 0.544381 -0.838838]
 [ 0.489711 -0.871885]
 [ 0.772114 -0.635484]
 [ 0.385982 -0.922506]
 [ 0.787049 -0.616891]
 [ 0.838909 -0.544272]
 [ 0.833262 -0.552879]
 [ 0.986558 -0.16341 ]
 [ 0.319772 -0.947494]
 [ 0.595597 -0.803283]
 [ 0.881994  0.471261]
 [ 0.899387 -0.437154]
 [ 0.372542 -0.928015]
 [ 0.622131 -0.782913]
 [ 0.597593 -0.8018  ]
 [ 0.988075 -0.153974]
 [ 0.879684 -0.475559]
 [ 0.678442 -0.734654]
 [ 0.334751 -0.942307]
 [ 0.748444 -0.663198]
 [ 0.144782 -0.989464]
 [ 0.894487 -0.447094]
 [ 0.86566  -0.500633]
 [ 0.495235 -0.868759]
 [ 0.665616 -0.746295]
 [ 0.552676 -0.833396]
 [ 0.630271 -0.776375]
 [ 0.951485 -0.307695]
 [ 0.905459 -0.424434]
 [ 0.464272 -0.885693]
 [ 0.898038 -0.439917]
 [ 0.729189 -0.684312]
 [ 0.933632 -0.358233]
 [ 0.743509 -0.668726]
 [ 0.325106 -0.945678]
 [ 0.304444 -0.95253 ]
 [ 0.688628 -0.725115]
 [ 0.837884 -0.545849]
 [ 0.358844 -0.933398]
 [ 0.768085 -0.640347]
 [ 0.702374 -0.711808]
 [ 0.2431   -0.970001]
 [ 0.863698 -0.504009]
 [ 0.755163 -0.655537]
 [ 0.536716 -0.843763]
 [ 0.547617 -0.836729]
 [ 0.986955 -0.160997]
 [ 0.818837 -0.574026]
 [ 0.834493 -0.551018]
 [ 0.946687 -0.322153]
 [ 0.678834 -0.734292]
 [ 0.533506 -0.845797]
 [ 0.652436 -0.757844]
 [ 0.592993 -0.805208]
 [ 0.640171 -0.768233]
 [ 0.69078  -0.723065]
 [ 0.571991 -0.82026 ]
 [ 0.923733 -0.383037]
 [ 0.350088 -0.936717]
 [ 0.903     0.429642]
 [ 0.636692 -0.771119]
 [ 0.436622 -0.899645]
 [ 0.998918  0.046507]
 [ 0.48728  -0.873246]
 [ 0.605483 -0.795858]
 [ 0.920899 -0.389802]
 [ 0.78843  -0.615124]
 [ 0.119121 -0.99288 ]
 [ 0.6011   -0.799174]
 [ 0.892089 -0.451859]
 [ 0.772588 -0.634908]
 [ 0.946742 -0.321994]
 [ 0.443961 -0.896046]
 [ 0.60904  -0.79314 ]
 [ 0.366069 -0.930588]]
rgn= True
L= 160
sample size= 20000

nparam= 320
	log prob= -149.88707367402262
	sample time= 7.335677146911621
	contraction err= 0.0 0.0
nsamples= 20048

Mean energy: -1.22620171e+02
Block size    # of blocks        Mean                Error
     1           20048       -1.22620171e+02       4.886471e-02
     2           10024       -1.22620171e+02       4.904603e-02
     5           4009       -1.22619341e+02       4.833982e-02
    10           2004       -1.22620603e+02       4.977813e-02
    20           1002       -1.22620603e+02       4.918408e-02
    50            400       -1.22621648e+02       4.956653e-02
    70            286       -1.22621519e+02       5.160832e-02
   100            200       -1.22621648e+02       5.132845e-02
   200            100       -1.22621648e+02       5.382780e-02
   500             40       -1.22621648e+02       5.465289e-02
Stocahstic error estimate: 4.904603e-02

step=0,E=-0.7663760678685899,dE=0.0,err=0.000306537680714706,gmax=1.1298101705424974
	collect g,Hv time= 0.3673694133758545
	solver time=0.004117250442504883,exit status=0
niter= 5
	collect S matrix time= 0.024478435516357422
	collect H matrix time= 0.015030622482299805
	RGN solver time=0.052997589111328125,least eigenvalue=0.001999999926117623,eps=0.5
pure_newton= False
	solver time=0.02390122413635254,exit status=0
niter= 19
hessian inversion error= 0.000616511418734739
rgn delta error= 0.002313882153970607
	log prob= -117.11668148212922
	burn in time= 0.529310941696167
	sample time= 7.427938938140869
	contraction err= 0.0 0.0
nsamples= 20048

Mean energy: -1.39633583e+02
Block size    # of blocks        Mean                Error
     1           20048       -1.39633583e+02       4.005843e-02
     2           10024       -1.39633583e+02       4.016006e-02
     5           4009       -1.39634210e+02       4.016559e-02
    10           2004       -1.39633669e+02       4.049576e-02
    20           1002       -1.39633669e+02       4.032813e-02
    50            400       -1.39633489e+02       4.004849e-02
    70            286       -1.39632203e+02       4.199904e-02
   100            200       -1.39633489e+02       4.095661e-02
   200            100       -1.39633489e+02       4.445651e-02
   500             40       -1.39633489e+02       4.603484e-02
Stocahstic error estimate: 4.016006e-02

	predict=-10.264937413416044,actual=(array([-17.013412]), array([0.04016]))
	g=6.9454889807009845,del=4.236223520825437,dot=20.52987537909156,x=13.339624796754332

nparam= 320
	log prob= -117.11668148212922
	burn in time= 0.5250566005706787
	sample time= 8.128286123275757
	contraction err= 0.0 0.0
nsamples= 20048

Mean energy: -1.39626821e+02
Block size    # of blocks        Mean                Error
     1           20048       -1.39626821e+02       4.045969e-02
     2           10024       -1.39626821e+02       4.104461e-02
     5           4009       -1.39626153e+02       4.196979e-02
    10           2004       -1.39625870e+02       4.242118e-02
    20           1002       -1.39625870e+02       4.160214e-02
    50            400       -1.39626953e+02       4.440814e-02
    70            286       -1.39625664e+02       4.508715e-02
   100            200       -1.39626953e+02       4.628482e-02
   200            100       -1.39626953e+02       4.645355e-02
   500             40       -1.39626953e+02       4.952584e-02
Stocahstic error estimate: 4.104461e-02

step=1,E=-0.8726676291913449,dE=-0.106291561322755,err=0.00025652882945791187,gmax=1.0274534073987454
	collect g,Hv time= 0.3713057041168213
	solver time=0.0032405853271484375,exit status=0
niter= 5
	collect S matrix time= 0.022816896438598633
	collect H matrix time= 0.017215490341186523
	RGN solver time=0.05286717414855957,least eigenvalue=0.001999999931414434,eps=0.5
pure_newton= False
	solver time=0.0518345832824707,exit status=0
niter= 9
hessian inversion error= 0.0005624645036841519
rgn delta error= 0.00018598604145950398
	log prob= -111.8748610930518
	burn in time= 0.5447988510131836
	sample time= 7.6651880741119385
	contraction err= 0.0 0.0
nsamples= 20048

Mean energy: -1.48221705e+02
Block size    # of blocks        Mean                Error
     1           20048       -1.48221705e+02       3.232684e-02
     2           10024       -1.48221705e+02       3.518291e-02
     5           4009       -1.48221967e+02       3.944426e-02
    10           2004       -1.48222335e+02       4.350710e-02
    20           1002       -1.48222335e+02       4.899348e-02
    50            400       -1.48221063e+02       5.679382e-02
    70            286       -1.48221527e+02       5.703341e-02
   100            200       -1.48221063e+02       6.153398e-02
   200            100       -1.48221063e+02       6.811621e-02
   500             40       -1.48221063e+02       7.770784e-02
Stocahstic error estimate: 5.703341e-02

	predict=-4.932627990526172,actual=(array([-8.594884]), array([0.057033]))
	g=5.768481199414353,del=1.7738339694444953,dot=9.86525417069284,x=12.772880918202178

nparam= 320
	log prob= -111.8748610930518
	burn in time= 0.5496549606323242
	sample time= 8.338824987411499
	contraction err= 0.0 0.0
nsamples= 20048

Mean energy: -1.48199775e+02
Block size    # of blocks        Mean                Error
     1           20048       -1.48199775e+02       3.196684e-02
     2           10024       -1.48199775e+02       3.481223e-02
     5           4009       -1.48200331e+02       3.906636e-02
    10           2004       -1.48200724e+02       4.321687e-02
    20           1002       -1.48200724e+02       4.787683e-02
    50            400       -1.48204141e+02       5.640669e-02
    70            286       -1.48202000e+02       5.890197e-02
   100            200       -1.48204141e+02       6.433388e-02
   200            100       -1.48204141e+02       7.069210e-02
   500             40       -1.48204141e+02       7.829095e-02
Stocahstic error estimate: 5.890197e-02

step=2,E=-0.9262485948471326,dE=-0.053580965655787696,err=0.00036813734314731963,gmax=0.7371166691125666
	collect g,Hv time= 0.3741340637207031
	solver time=0.003953456878662109,exit status=0
niter= 6
	collect S matrix time= 0.020638227462768555
	collect H matrix time= 0.016695022583007812
	RGN solver time=0.050782203674316406,least eigenvalue=0.0019999999475938746,eps=0.5
pure_newton= False
	solver time=0.011287927627563477,exit status=0
niter= 9
hessian inversion error= 0.00010590666806438795
rgn delta error= 3.021778436949019e-05
	log prob= -116.02899167909098
	burn in time= 0.5516548156738281
	sample time= 7.57002592086792
	contraction err= 0.0 0.0
nsamples= 20048

Mean energy: -1.53248564e+02
Block size    # of blocks        Mean                Error
     1           20048       -1.53248564e+02       2.502258e-02
     2           10024       -1.53248564e+02       2.658144e-02
     5           4009       -1.53248258e+02       2.952640e-02
    10           2004       -1.53248363e+02       3.139679e-02
    20           1002       -1.53248363e+02       3.340807e-02
    50            400       -1.53247064e+02       3.751974e-02
    70            286       -1.53246744e+02       3.785589e-02
   100            200       -1.53247064e+02       3.820840e-02
   200            100       -1.53247064e+02       3.883238e-02
   500             40       -1.53247064e+02       4.767823e-02
Stocahstic error estimate: 3.785589e-02

	predict=-2.8262366586437526,actual=(array([-5.048789]), array([0.037856]))
	g=4.540016914392196,del=1.2705467524674663,dot=5.652474107956277,x=12.712760874432657

nparam= 320
	log prob= -116.02899167909098
	burn in time= 0.5427863597869873
	sample time= 8.355037689208984
	contraction err= 0.0 0.0
nsamples= 20048

Mean energy: -1.53239042e+02
Block size    # of blocks        Mean                Error
     1           20048       -1.53239042e+02       2.504532e-02
     2           10024       -1.53239042e+02       2.668503e-02
     5           4009       -1.53238936e+02       2.922985e-02
    10           2004       -1.53238840e+02       3.088347e-02
    20           1002       -1.53238840e+02       3.286683e-02
    50            400       -1.53238180e+02       3.259796e-02
    70            286       -1.53237567e+02       3.341318e-02
   100            200       -1.53238180e+02       3.390997e-02
   200            100       -1.53238180e+02       3.677946e-02
   500             40       -1.53238180e+02       3.623853e-02
Stocahstic error estimate: 3.286683e-02

step=3,E=-0.9577440115229253,dE=-0.03149541667579268,err=0.00020541769442300218,gmax=0.7412676066726647
	collect g,Hv time= 0.20764756202697754
	solver time=0.0027685165405273438,exit status=0
niter= 5
	collect S matrix time= 0.021517038345336914
	collect H matrix time= 0.01740717887878418
	RGN solver time=0.029670238494873047,least eigenvalue=0.0019999999368299787,eps=0.5
pure_newton= False
	solver time=0.009334564208984375,exit status=0
niter= 8
hessian inversion error= 0.0001250592937634709
rgn delta error= 3.283648032012463e-05
	log prob= -125.68325320151314
	burn in time= 0.534311056137085
	sample time= 7.569102764129639
	contraction err= 0.0 0.0
nsamples= 20048

Mean energy: -1.56239938e+02
Block size    # of blocks        Mean                Error
     1           20048       -1.56239938e+02       1.883542e-02
     2           10024       -1.56239938e+02       1.894283e-02
     5           4009       -1.56240229e+02       1.904529e-02
    10           2004       -1.56240919e+02       1.954180e-02
    20           1002       -1.56240919e+02       1.944637e-02
    50            400       -1.56242393e+02       1.820228e-02
    70            286       -1.56241271e+02       1.877331e-02
   100            200       -1.56242393e+02       1.755321e-02
   200            100       -1.56242393e+02       1.877489e-02
   500             40       -1.56242393e+02       1.884638e-02
Stocahstic error estimate: 1.894283e-02

	predict=-1.744615136719799,actual=(array([-3.000896]), array([0.018943]))
	g=3.572960551561174,del=0.9898044226478663,dot=3.4892292704549766,x=12.687778087406139

nparam= 320
	log prob= -125.68325320151314
	burn in time= 0.5309937000274658
	sample time= 8.239188194274902
	contraction err= 0.0 0.0
nsamples= 20048

Mean energy: -1.56248022e+02
Block size    # of blocks        Mean                Error
     1           20048       -1.56248022e+02       1.863001e-02
     2           10024       -1.56248022e+02       1.881658e-02
     5           4009       -1.56247979e+02       1.877851e-02
    10           2004       -1.56247481e+02       1.876649e-02
    20           1002       -1.56247481e+02       1.891691e-02
    50            400       -1.56246393e+02       2.003169e-02
    70            286       -1.56247091e+02       2.022956e-02
   100            200       -1.56246393e+02       2.147861e-02
   200            100       -1.56246393e+02       2.274254e-02
   500             40       -1.56246393e+02       2.191465e-02
Stocahstic error estimate: 1.881658e-02

step=4,E=-0.9765501402676046,dE=-0.018806128744679285,err=0.00011760362909173363,gmax=0.6414842840701169
	collect g,Hv time= 0.20357799530029297
	solver time=0.04199504852294922,exit status=0
niter= 5
	collect S matrix time= 0.020081758499145508
	collect H matrix time= 0.017688751220703125
	RGN solver time=0.03182387351989746,least eigenvalue=0.0019999999350415743,eps=0.5
pure_newton= False
	solver time=0.009542226791381836,exit status=0
niter= 8
hessian inversion error= 0.0001677073147325691
rgn delta error= 4.7693892599265536e-05
	log prob= -139.2386133905818
	burn in time= 0.5251307487487793
	sample time= 7.407888174057007
	contraction err= 0.0 0.0
nsamples= 20048

Mean energy: -1.57956060e+02
Block size    # of blocks        Mean                Error
     1           20048       -1.57956060e+02       1.401522e-02
     2           10024       -1.57956060e+02       1.407836e-02
     5           4009       -1.57955963e+02       1.419611e-02
    10           2004       -1.57956118e+02       1.425178e-02
    20           1002       -1.57956118e+02       1.425976e-02
    50            400       -1.57956220e+02       1.465483e-02
    70            286       -1.57955747e+02       1.408197e-02
   100            200       -1.57956220e+02       1.513261e-02
   200            100       -1.57956220e+02       1.414594e-02
   500             40       -1.57956220e+02       1.558779e-02
Stocahstic error estimate: 1.407836e-02

	predict=-0.9434322827946405,actual=(array([-1.708037]), array([0.014078]))
	g=2.6060737359499373,del=0.7329971652225605,dot=1.8868638723724276,x=12.670330889301148

nparam= 320
	log prob= -139.2386133905818
	burn in time= 0.5214602947235107
	sample time= 8.019960403442383
	contraction err= 0.0 0.0
nsamples= 20048

Mean energy: -1.57955416e+02
Block size    # of blocks        Mean                Error
     1           20048       -1.57955416e+02       1.388156e-02
     2           10024       -1.57955416e+02       1.401750e-02
     5           4009       -1.57955340e+02       1.416565e-02
    10           2004       -1.57955380e+02       1.446268e-02
    20           1002       -1.57955380e+02       1.466580e-02
    50            400       -1.57955680e+02       1.439453e-02
    70            286       -1.57955575e+02       1.511943e-02
   100            200       -1.57955680e+02       1.535203e-02
   200            100       -1.57955680e+02       1.588726e-02
   500             40       -1.57955680e+02       1.654134e-02
Stocahstic error estimate: 1.401750e-02

step=5,E=-0.9872213511623865,dE=-0.010671210894781957,err=8.760940291933297e-05,gmax=0.4663422778649471
	collect g,Hv time= 0.36618781089782715
	solver time=0.004467964172363281,exit status=0
niter= 7
	collect S matrix time= 0.019449710845947266
	collect H matrix time= 0.01717209815979004
	RGN solver time=0.052590370178222656,least eigenvalue=0.001999999924663441,eps=0.5
pure_newton= False
	solver time=0.011418342590332031,exit status=0
niter= 9
hessian inversion error= 0.00016932014040923313
rgn delta error= 8.925851058623944e-05
	log prob= -143.36930555505887
	burn in time= 0.5239641666412354
	sample time= 7.2835047245025635
	contraction err= 0.0 0.0
nsamples= 20048

Mean energy: -1.58882881e+02
Block size    # of blocks        Mean                Error
     1           20048       -1.58882881e+02       1.054548e-02
     2           10024       -1.58882881e+02       1.064129e-02
     5           4009       -1.58882999e+02       1.049179e-02
    10           2004       -1.58883108e+02       1.069599e-02
    20           1002       -1.58883108e+02       1.074828e-02
    50            400       -1.58882720e+02       1.116412e-02
    70            286       -1.58882663e+02       1.094638e-02
   100            200       -1.58882720e+02       1.043597e-02
   200            100       -1.58882720e+02       1.014836e-02
   500             40       -1.58882720e+02       1.053879e-02
Stocahstic error estimate: 1.064129e-02

	predict=-0.532310235678256,actual=(array([-0.927464]), array([0.010641]))
	g=1.9471830129003669,del=0.5557729029317237,dot=1.06461769073081,x=12.661314446758322

nparam= 320
	log prob= -143.36930555505887
	burn in time= 0.5184142589569092
	sample time= 8.009076118469238
	contraction err= 0.0 0.0
nsamples= 20048

Mean energy: -1.58886751e+02
Block size    # of blocks        Mean                Error
     1           20048       -1.58886751e+02       1.045943e-02
     2           10024       -1.58886751e+02       1.038268e-02
     5           4009       -1.58886646e+02       1.040929e-02
    10           2004       -1.58886497e+02       1.027367e-02
    20           1002       -1.58886497e+02       1.050447e-02
    50            400       -1.58886549e+02       1.010357e-02
    70            286       -1.58887253e+02       1.095297e-02
   100            200       -1.58886549e+02       1.025852e-02
   200            100       -1.58886549e+02       1.045987e-02
   500             40       -1.58886549e+02       1.004471e-02
Stocahstic error estimate: 1.045943e-02

step=6,E=-0.9930421931736729,dE=-0.005820842011286409,err=6.537141340476163e-05,gmax=0.4252299115384286
	collect g,Hv time= 0.20615124702453613
	solver time=0.0036797523498535156,exit status=0
niter= 6
	collect S matrix time= 0.01978445053100586
	collect H matrix time= 0.017426013946533203
	RGN solver time=0.03165721893310547,least eigenvalue=0.0019999999232318396,eps=0.5
pure_newton= False
	solver time=0.01153111457824707,exit status=0
niter= 10
hessian inversion error= 2.4646973488701824e-05
rgn delta error= 7.414950028331849e-06
	log prob= -143.0171727124091
	burn in time= 0.5243568420410156
	sample time= 7.283908128738403
	contraction err= 0.0 0.0
nsamples= 20048

Mean energy: -1.59432849e+02
Block size    # of blocks        Mean                Error
     1           20048       -1.59432849e+02       7.536128e-03
     2           10024       -1.59432849e+02       7.572655e-03
     5           4009       -1.59432945e+02       7.544605e-03
    10           2004       -1.59433168e+02       7.540328e-03
    20           1002       -1.59433168e+02       7.284022e-03
    50            400       -1.59432962e+02       7.309179e-03
    70            286       -1.59432924e+02       7.085740e-03
   100            200       -1.59432962e+02       7.324013e-03
   200            100       -1.59432962e+02       6.920160e-03
   500             40       -1.59432962e+02       7.498848e-03
Stocahstic error estimate: 7.572655e-03

	predict=-0.3169235945547654,actual=(array([-0.546098]), array([0.007573]))
	g=1.498864435179814,del=0.43007059170024375,dot=0.6338472828197461,x=12.656419743111071

nparam= 320
	log prob= -143.0171727124091
	burn in time= 0.5084314346313477
	sample time= 7.87252140045166
	contraction err= 0.0 0.0
nsamples= 20048

Mean energy: -1.59432562e+02
Block size    # of blocks        Mean                Error
     1           20048       -1.59432562e+02       7.575501e-03
     2           10024       -1.59432562e+02       7.566266e-03
     5           4009       -1.59432636e+02       7.514768e-03
    10           2004       -1.59432725e+02       7.449299e-03
    20           1002       -1.59432725e+02       7.393254e-03
    50            400       -1.59432667e+02       7.322841e-03
    70            286       -1.59432649e+02       7.342515e-03
   100            200       -1.59432667e+02       7.313565e-03
   200            100       -1.59432667e+02       7.714077e-03
   500             40       -1.59432667e+02       6.877831e-03
Stocahstic error estimate: 7.575501e-03

step=7,E=-0.9964535099961116,dE=-0.0034113168224386924,err=4.734688383124114e-05,gmax=0.24914585668356892
	collect g,Hv time= 0.3672640323638916
	solver time=0.002995014190673828,exit status=0
niter= 5
	collect S matrix time= 0.0199887752532959
	collect H matrix time= 0.01665043830871582
	RGN solver time=0.04789113998413086,least eigenvalue=0.0019999999216520734,eps=0.5
pure_newton= False
	solver time=0.011244058609008789,exit status=0
niter= 9
hessian inversion error= 1.9602672559770974e-05
rgn delta error= 6.6764350847877025e-06
	log prob= -144.53111040746944
	burn in time= 0.5107741355895996
	sample time= 7.136484146118164
	contraction err= 0.0 0.0
nsamples= 20048

Mean energy: -1.59705646e+02
Block size    # of blocks        Mean                Error
     1           20048       -1.59705646e+02       5.391568e-03
     2           10024       -1.59705646e+02       5.408162e-03
     5           4009       -1.59705670e+02       5.450327e-03
    10           2004       -1.59705692e+02       5.367208e-03
    20           1002       -1.59705692e+02       5.319546e-03
    50            400       -1.59705252e+02       5.161008e-03
    70            286       -1.59705462e+02       5.356010e-03
   100            200       -1.59705252e+02       5.280723e-03
   200            100       -1.59705252e+02       5.470753e-03
   500             40       -1.59705252e+02       5.082580e-03
Stocahstic error estimate: 5.408162e-03

	predict=-0.16837899208440246,actual=(array([-0.273084]), array([0.005408]))
	g=1.0829379887038828,del=0.31702352398115347,dot=0.3367579993412017,x=12.653082783052229

nparam= 320
	log prob= -144.53111040746944
	burn in time= 0.5124952793121338
	sample time= 7.823746204376221
	contraction err= 0.0 0.0
nsamples= 20048

Mean energy: -1.59706166e+02
Block size    # of blocks        Mean                Error
     1           20048       -1.59706166e+02       5.384318e-03
     2           10024       -1.59706166e+02       5.418796e-03
     5           4009       -1.59706280e+02       5.378920e-03
    10           2004       -1.59706304e+02       5.340123e-03
    20           1002       -1.59706304e+02       5.410576e-03
    50            400       -1.59706460e+02       5.517173e-03
    70            286       -1.59706402e+02       5.136695e-03
   100            200       -1.59706460e+02       5.303501e-03
   200            100       -1.59706460e+02       5.576378e-03
   500             40       -1.59706460e+02       5.488828e-03
Stocahstic error estimate: 5.418796e-03

step=8,E=-0.9981635363246267,dE=-0.001710026328515113,err=3.386747398076911e-05,gmax=0.15606582910954714
	collect g,Hv time= 0.3706181049346924
	solver time=0.0031239986419677734,exit status=0
niter= 5
	collect S matrix time= 0.019803524017333984
	collect H matrix time= 0.016139745712280273
	RGN solver time=0.05034017562866211,least eigenvalue=0.0019999999079044466,eps=0.5
pure_newton= False
	solver time=0.010236740112304688,exit status=0
niter= 8
hessian inversion error= 9.462263372077248e-05
rgn delta error= 3.0781724500289645e-05
	log prob= -147.77491549032248
	burn in time= 0.5135161876678467
	sample time= 7.119913339614868
	contraction err= 0.0 0.0
nsamples= 20048

Mean energy: -1.59853864e+02
Block size    # of blocks        Mean                Error
     1           20048       -1.59853864e+02       3.836145e-03
     2           10024       -1.59853864e+02       3.842766e-03
     5           4009       -1.59853828e+02       3.816506e-03
    10           2004       -1.59853874e+02       3.774993e-03
    20           1002       -1.59853874e+02       3.695390e-03
    50            400       -1.59853836e+02       3.694882e-03
    70            286       -1.59853962e+02       3.565143e-03
   100            200       -1.59853836e+02       3.706408e-03
   200            100       -1.59853836e+02       3.665460e-03
   500             40       -1.59853836e+02       3.678761e-03
Stocahstic error estimate: 3.842766e-03

	predict=-0.08326130950595884,actual=(array([-0.147698]), array([0.003843]))
	g=0.7692396381417737,del=0.2207165250281614,dot=0.16652241984108013,x=12.651036154576355

nparam= 320
	log prob= -147.77491549032248
	burn in time= 0.5112228393554688
	sample time= 7.844248533248901
	contraction err= 0.0 0.0
nsamples= 20048

Mean energy: -1.59857189e+02
Block size    # of blocks        Mean                Error
     1           20048       -1.59857189e+02       3.800233e-03
     2           10024       -1.59857189e+02       3.803819e-03
     5           4009       -1.59857197e+02       3.795911e-03
    10           2004       -1.59857208e+02       3.868984e-03
    20           1002       -1.59857208e+02       3.924694e-03
    50            400       -1.59857343e+02       3.938713e-03
    70            286       -1.59857320e+02       3.992554e-03
   100            200       -1.59857343e+02       4.023872e-03
   200            100       -1.59857343e+02       3.951667e-03
   500             40       -1.59857343e+02       4.437263e-03
Stocahstic error estimate: 3.803819e-03

step=9,E=-0.9991074286169324,dE=-0.0009438922923056481,err=2.377386727565584e-05,gmax=0.10596401023614632
	collect g,Hv time= 0.3659169673919678
	solver time=0.003179788589477539,exit status=0
niter= 5
	collect S matrix time= 0.019156217575073242
	collect H matrix time= 0.0166628360748291
	RGN solver time=0.04961395263671875,least eigenvalue=0.0019999999200361234,eps=0.5
pure_newton= False
	solver time=0.011873722076416016,exit status=0
niter= 8
hessian inversion error= 8.596254113259322e-05
rgn delta error= 3.056609678630755e-05
	log prob= -152.03894776487334
	burn in time= 0.5134248733520508
	sample time= 7.127577066421509
	contraction err= 0.0 0.0
nsamples= 20048

Mean energy: -1.59926654e+02
Block size    # of blocks        Mean                Error
     1           20048       -1.59926654e+02       2.720581e-03
     2           10024       -1.59926654e+02       2.739759e-03
     5           4009       -1.59926676e+02       2.741518e-03
    10           2004       -1.59926698e+02       2.733240e-03
    20           1002       -1.59926698e+02       2.598451e-03
    50            400       -1.59926883e+02       2.730075e-03
    70            286       -1.59926775e+02       2.763712e-03
   100            200       -1.59926883e+02       2.751511e-03
   200            100       -1.59926883e+02       2.826403e-03
   500             40       -1.59926883e+02       2.441104e-03
Stocahstic error estimate: 2.739759e-03

	predict=-0.041234861438281756,actual=(array([-0.069465]), array([0.00274]))
	g=0.5351369069477048,del=0.1566206447542567,dot=0.08246969871523932,x=12.650080237941001

nparam= 320
	log prob= -152.03894776487334
	burn in time= 0.5090579986572266
	sample time= 7.824482202529907
	contraction err= 0.0 0.0
nsamples= 20048

Mean energy: -1.59923148e+02
Block size    # of blocks        Mean                Error
     1           20048       -1.59923148e+02       2.739408e-03
     2           10024       -1.59923148e+02       2.715899e-03
     5           4009       -1.59923104e+02       2.690062e-03
    10           2004       -1.59923100e+02       2.697657e-03
    20           1002       -1.59923100e+02       2.705632e-03
    50            400       -1.59923143e+02       2.680754e-03
    70            286       -1.59923140e+02       2.686865e-03
   100            200       -1.59923143e+02       2.826176e-03
   200            100       -1.59923143e+02       2.747803e-03
   500             40       -1.59923143e+02       2.728844e-03
Stocahstic error estimate: 2.739408e-03

step=10,E=-0.9995196761682644,dE=-0.0004122475513320012,err=1.7121297542112257e-05,gmax=0.07435662567339918
	collect g,Hv time= 0.36683034896850586
	solver time=0.003251314163208008,exit status=0
niter= 5
	collect S matrix time= 0.02081751823425293
	collect H matrix time= 0.016757965087890625
	RGN solver time=0.049753427505493164,least eigenvalue=0.0019999999047689483,eps=0.5
pure_newton= False
	solver time=0.01027059555053711,exit status=0
niter= 8
hessian inversion error= 6.954135478540394e-05
rgn delta error= 2.2668439594635724e-05
	log prob= -154.37152737902545
	burn in time= 0.504011869430542
	sample time= 7.1029863357543945
	contraction err= 0.0 0.0
nsamples= 20048

Mean energy: -1.59961381e+02
Block size    # of blocks        Mean                Error
     1           20048       -1.59961381e+02       1.966739e-03
     2           10024       -1.59961381e+02       1.956460e-03
     5           4009       -1.59961389e+02       1.984071e-03
    10           2004       -1.59961341e+02       1.964436e-03
    20           1002       -1.59961341e+02       1.965762e-03
    50            400       -1.59961158e+02       1.986840e-03
    70            286       -1.59961257e+02       1.983300e-03
   100            200       -1.59961158e+02       1.928467e-03
   200            100       -1.59961158e+02       1.994896e-03
   500             40       -1.59961158e+02       1.688281e-03
Stocahstic error estimate: 1.966739e-03

	predict=-0.021406417121720867,actual=(array([-0.038232]), array([0.001967]))
	g=0.3882240961410348,del=0.11221157509101927,dot=0.04281275860763584,x=12.649608351153574

nparam= 320
	log prob= -154.37152737902545
	burn in time= 0.5049257278442383
	sample time= 7.807626962661743
	contraction err= 0.0 0.0
nsamples= 20048

Mean energy: -1.59962629e+02
Block size    # of blocks        Mean                Error
     1           20048       -1.59962629e+02       2.005092e-03
     2           10024       -1.59962629e+02       2.031984e-03
     5           4009       -1.59962609e+02       2.024316e-03
    10           2004       -1.59962630e+02       2.015977e-03
    20           1002       -1.59962630e+02       2.055694e-03
    50            400       -1.59962579e+02       2.077332e-03
    70            286       -1.59962634e+02       2.129552e-03
   100            200       -1.59962579e+02       1.976559e-03
   200            100       -1.59962579e+02       2.146888e-03
   500             40       -1.59962579e+02       2.118675e-03
Stocahstic error estimate: 2.031984e-03

step=11,E=-0.999766430578042,dE=-0.0002467544097775942,err=1.2699897622825903e-05,gmax=0.0810487901137904
	collect g,Hv time= 0.3709447383880615
	solver time=0.0038781166076660156,exit status=0
niter= 6
	collect S matrix time= 0.018100976943969727
	collect H matrix time= 0.017034530639648438
	RGN solver time=0.047927141189575195,least eigenvalue=0.0019999999088066824,eps=0.5
pure_newton= False
	solver time=0.010701656341552734,exit status=0
niter= 8
hessian inversion error= 8.751685975761334e-05
rgn delta error= 3.010234250761992e-05
	log prob= -154.2886168100485
	burn in time= 0.5071358680725098
	sample time= 7.083224534988403
	contraction err= 0.0 0.0
nsamples= 20048

Mean energy: -1.59978091e+02
Block size    # of blocks        Mean                Error
     1           20048       -1.59978091e+02       1.422013e-03
     2           10024       -1.59978091e+02       1.418680e-03
     5           4009       -1.59978079e+02       1.403688e-03
    10           2004       -1.59978075e+02       1.413107e-03
    20           1002       -1.59978075e+02       1.389256e-03
    50            400       -1.59978090e+02       1.424656e-03
    70            286       -1.59978120e+02       1.339599e-03
   100            200       -1.59978090e+02       1.417530e-03
   200            100       -1.59978090e+02       1.506978e-03
   500             40       -1.59978090e+02       1.466716e-03
Stocahstic error estimate: 1.422013e-03

	predict=-0.011346066296801327,actual=(array([-0.015462]), array([0.001422]))
	g=0.2935696385767358,del=0.07879989219059111,dot=0.022692128812667297,x=12.649356087287305

nparam= 320
	log prob= -154.2886168100485
	burn in time= 0.5021328926086426
	sample time= 7.800236701965332
	contraction err= 0.0 0.0
nsamples= 20048

Mean energy: -1.59979295e+02
Block size    # of blocks        Mean                Error
     1           20048       -1.59979295e+02       1.411203e-03
     2           10024       -1.59979295e+02       1.405423e-03
     5           4009       -1.59979278e+02       1.426963e-03
    10           2004       -1.59979276e+02       1.428317e-03
    20           1002       -1.59979276e+02       1.446839e-03
    50            400       -1.59979299e+02       1.405992e-03
    70            286       -1.59979258e+02       1.413829e-03
   100            200       -1.59979299e+02       1.361716e-03
   200            100       -1.59979299e+02       1.444482e-03
   500             40       -1.59979299e+02       1.640942e-03
Stocahstic error estimate: 1.411203e-03

step=12,E=-0.9998705950959469,dE=-0.00010416451790487002,err=8.820016881166353e-06,gmax=0.03798412488059455
	collect g,Hv time= 0.37160754203796387
	solver time=0.0032052993774414062,exit status=0
niter= 5
	collect S matrix time= 0.020062923431396484
	collect H matrix time= 0.017313241958618164
	RGN solver time=0.04969286918640137,least eigenvalue=0.001999999906177425,eps=0.5
pure_newton= False
	solver time=0.009973287582397461,exit status=0
niter= 8
hessian inversion error= 2.9880225681257965e-05
rgn delta error= 1.0856641951252153e-05
	log prob= -154.8264456934734
	burn in time= 0.504380464553833
	sample time= 7.100378751754761
	contraction err= 0.0 0.0
nsamples= 20048

Mean energy: -1.59991268e+02
Block size    # of blocks        Mean                Error
     1           20048       -1.59991268e+02       1.019867e-03
     2           10024       -1.59991268e+02       1.025941e-03
     5           4009       -1.59991270e+02       1.025494e-03
    10           2004       -1.59991265e+02       1.025394e-03
    20           1002       -1.59991265e+02       1.003022e-03
    50            400       -1.59991228e+02       9.815668e-04
    70            286       -1.59991247e+02       9.380949e-04
   100            200       -1.59991228e+02       9.775289e-04
   200            100       -1.59991228e+02       9.545416e-04
   500             40       -1.59991228e+02       8.836823e-04
Stocahstic error estimate: 1.025941e-03

	predict=-0.0055504753232177885,actual=(array([-0.011973]), array([0.001026]))
	g=0.1993791695958103,del=0.056223216053349734,dot=0.011100942845702889,x=12.649235591528761

nparam= 320
	log prob= -154.8264456934734
	burn in time= 0.5011336803436279
	sample time= 7.791593313217163
	contraction err= 0.0 0.0
nsamples= 20048

Mean energy: -1.59988775e+02
Block size    # of blocks        Mean                Error
     1           20048       -1.59988775e+02       1.031883e-03
     2           10024       -1.59988775e+02       1.033105e-03
     5           4009       -1.59988758e+02       1.035571e-03
    10           2004       -1.59988777e+02       1.029406e-03
    20           1002       -1.59988777e+02       1.014242e-03
    50            400       -1.59988765e+02       9.938984e-04
    70            286       -1.59988757e+02       1.015324e-03
   100            200       -1.59988765e+02       1.039818e-03
   200            100       -1.59988765e+02       1.110015e-03
   500             40       -1.59988765e+02       1.188409e-03
Stocahstic error estimate: 1.033105e-03

step=13,E=-0.9999298415495602,dE=-5.9246453613326366e-05,err=6.45690562149729e-06,gmax=0.024104580237480633
	collect g,Hv time= 0.3672049045562744
	solver time=0.003163576126098633,exit status=0
niter= 5
	collect S matrix time= 0.020172595977783203
	collect H matrix time= 0.01710653305053711
	RGN solver time=0.05080890655517578,least eigenvalue=0.0019999999194881012,eps=0.5
pure_newton= False
	solver time=0.008760213851928711,exit status=0
niter= 7
hessian inversion error= 9.608339428518307e-05
rgn delta error= 3.434848091448713e-05
	log prob= -155.36192844289835
	burn in time= 0.50840163230896
	sample time= 7.082734823226929
	contraction err= 0.0 0.0
nsamples= 20048

Mean energy: -1.59994993e+02
Block size    # of blocks        Mean                Error
     1           20048       -1.59994993e+02       7.404271e-04
     2           10024       -1.59994993e+02       7.406407e-04
     5           4009       -1.59994982e+02       7.393688e-04
    10           2004       -1.59994979e+02       7.454105e-04
    20           1002       -1.59994979e+02       7.388436e-04
    50            400       -1.59994964e+02       7.272481e-04
    70            286       -1.59994953e+02       7.370790e-04
   100            200       -1.59994964e+02       7.716219e-04
   200            100       -1.59994964e+02       8.133882e-04
   500             40       -1.59994964e+02       8.715172e-04
Stocahstic error estimate: 7.406407e-04

	predict=-0.0029531417123430308,actual=(array([-0.006218]), array([0.000741]))
	g=0.14754113361732998,del=0.04037346301261363,dot=0.0059062552179811375,x=12.649175072569392

nparam= 320
	log prob= -155.36192844289835
	burn in time= 0.508211612701416
	sample time= 7.781320095062256
	contraction err= 0.0 0.0
nsamples= 20048

Mean energy: -1.59994819e+02
Block size    # of blocks        Mean                Error
     1           20048       -1.59994819e+02       7.419544e-04
     2           10024       -1.59994819e+02       7.433602e-04
     5           4009       -1.59994814e+02       7.541461e-04
    10           2004       -1.59994827e+02       7.509287e-04
    20           1002       -1.59994827e+02       7.554923e-04
    50            400       -1.59994884e+02       7.818218e-04
    70            286       -1.59994852e+02       7.504836e-04
   100            200       -1.59994884e+02       7.917835e-04
   200            100       -1.59994884e+02       8.137412e-04
   500             40       -1.59994884e+02       9.415518e-04
Stocahstic error estimate: 7.433602e-04

step=14,E=-0.9999676189571778,dE=-3.777740761758963e-05,err=4.646001281470338e-06,gmax=0.01692432841498359
	collect g,Hv time= 0.3710019588470459
	solver time=0.003663301467895508,exit status=0
niter= 6
	collect S matrix time= 0.020121097564697266
	collect H matrix time= 0.01697707176208496
	RGN solver time=0.04874062538146973,least eigenvalue=0.0019999998940093003,eps=0.5
pure_newton= False
	solver time=0.008890151977539062,exit status=0
niter= 7
hessian inversion error= 5.963054620098719e-05
rgn delta error= 2.1251888392784468e-05
	log prob= -155.8289359727175
	burn in time= 0.505591869354248
	sample time= 7.077831745147705
	contraction err= 0.0 0.0
nsamples= 20048

Mean energy: -1.59997087e+02
Block size    # of blocks        Mean                Error
     1           20048       -1.59997087e+02       5.408996e-04
     2           10024       -1.59997087e+02       5.457118e-04
     5           4009       -1.59997084e+02       5.397539e-04
    10           2004       -1.59997093e+02       5.394048e-04
    20           1002       -1.59997093e+02       5.257174e-04
    50            400       -1.59997070e+02       5.396578e-04
    70            286       -1.59997097e+02       5.455801e-04
   100            200       -1.59997070e+02       5.449368e-04
   200            100       -1.59997070e+02       5.624543e-04
   500             40       -1.59997070e+02       4.829269e-04
Stocahstic error estimate: 5.457118e-04

	predict=-0.0015179156666219223,actual=(array([-0.002268]), array([0.000546]))
	g=0.10551006021652798,del=0.029046561338021856,dot=0.0030358371314032624,x=12.649143990906044

nparam= 320
	log prob= -155.8289359727175
	burn in time= 0.5035419464111328
	sample time= 7.775625228881836
	contraction err= 0.0 0.0
nsamples= 20048

Mean energy: -1.59997147e+02
Block size    # of blocks        Mean                Error
     1           20048       -1.59997147e+02       5.383645e-04
     2           10024       -1.59997147e+02       5.405039e-04
     5           4009       -1.59997148e+02       5.513373e-04
    10           2004       -1.59997151e+02       5.565783e-04
    20           1002       -1.59997151e+02       5.589424e-04
    50            400       -1.59997151e+02       5.401705e-04
    70            286       -1.59997155e+02       5.453806e-04
   100            200       -1.59997151e+02       5.376419e-04
   200            100       -1.59997151e+02       5.682199e-04
   500             40       -1.59997151e+02       4.656147e-04
Stocahstic error estimate: 5.405039e-04

step=15,E=-0.9999821657081037,dE=-1.4546750925958917e-05,err=3.3781491537681037e-06,gmax=0.011304803538628505
	collect g,Hv time= 0.3688778877258301
	solver time=0.005257606506347656,exit status=0
niter= 5
	collect S matrix time= 0.01989006996154785
	collect H matrix time= 0.01712632179260254
	RGN solver time=0.049796104431152344,least eigenvalue=0.0019999999044740075,eps=0.5
pure_newton= False
	solver time=0.009167194366455078,exit status=0
niter= 7
hessian inversion error= 4.754960066515734e-05
rgn delta error= 1.7237090950242147e-05
	log prob= -156.19695984903785
	burn in time= 0.5102639198303223
	sample time= 7.052836894989014
	contraction err= 0.0 0.0
nsamples= 20048

Mean energy: -1.59998563e+02
Block size    # of blocks        Mean                Error
     1           20048       -1.59998563e+02       3.899971e-04
     2           10024       -1.59998563e+02       3.916452e-04
     5           4009       -1.59998564e+02       3.940438e-04
    10           2004       -1.59998565e+02       3.976963e-04
    20           1002       -1.59998565e+02       3.957969e-04
    50            400       -1.59998569e+02       4.050118e-04
    70            286       -1.59998562e+02       4.211038e-04
   100            200       -1.59998569e+02       4.401795e-04
   200            100       -1.59998569e+02       4.441263e-04
   500             40       -1.59998569e+02       4.460655e-04
Stocahstic error estimate: 3.916452e-04

	predict=-0.000794637442421216,actual=(array([-0.001416]), array([0.000392]))
	g=0.07649903989221189,del=0.020946498996735327,dot=0.0015892691146002687,x=12.64912798400914

nparam= 320
	log prob= -156.19695984903785
	burn in time= 0.5073096752166748
	sample time= 7.7728517055511475
	contraction err= 0.0 0.0
nsamples= 20048

Mean energy: -1.59998121e+02
Block size    # of blocks        Mean                Error
     1           20048       -1.59998121e+02       3.914851e-04
     2           10024       -1.59998121e+02       3.931520e-04
     5           4009       -1.59998123e+02       3.893132e-04
    10           2004       -1.59998113e+02       3.895501e-04
    20           1002       -1.59998113e+02       3.857622e-04
    50            400       -1.59998143e+02       3.866856e-04
    70            286       -1.59998114e+02       4.226262e-04
   100            200       -1.59998143e+02       3.898796e-04
   200            100       -1.59998143e+02       3.913288e-04
   500             40       -1.59998143e+02       3.592354e-04
Stocahstic error estimate: 3.931520e-04

step=16,E=-0.9999882568874545,dE=-6.091179350775633e-06,err=2.4572002102873933e-06,gmax=0.008044826459148169
	collect g,Hv time= 0.3702561855316162
	solver time=0.003264188766479492,exit status=0
niter= 5
	collect S matrix time= 0.019884824752807617
	collect H matrix time= 0.016891956329345703
	RGN solver time=0.05009031295776367,least eigenvalue=0.0019999999227130268,eps=0.5
pure_newton= False
	solver time=0.008922338485717773,exit status=0
niter= 7
hessian inversion error= 2.606789694205652e-05
rgn delta error= 9.02308615339366e-06
	log prob= -156.4793716499725
	burn in time= 0.5047168731689453
	sample time= 7.059682607650757
	contraction err= 0.0 0.0
nsamples= 20048

Mean energy: -1.59999016e+02
Block size    # of blocks        Mean                Error
     1           20048       -1.59999016e+02       2.858183e-04
     2           10024       -1.59999016e+02       2.859090e-04
     5           4009       -1.59999014e+02       2.855442e-04
    10           2004       -1.59999015e+02       2.833653e-04
    20           1002       -1.59999015e+02       2.835062e-04
    50            400       -1.59999030e+02       2.860843e-04
    70            286       -1.59999015e+02       2.765231e-04
   100            200       -1.59999030e+02       2.878678e-04
   200            100       -1.59999030e+02       2.894509e-04
   500             40       -1.59999030e+02       3.101848e-04
Stocahstic error estimate: 2.859090e-04

	predict=-0.00041897813767717025,actual=(array([-0.000895]), array([0.000286]))
	g=0.05564316483371513,del=0.0151525052737653,dot=0.0008379536405812118,x=12.64911971634527

nparam= 320
	log prob= -156.4793716499725
	burn in time= 0.5133616924285889
	sample time= 7.762974739074707
	contraction err= 0.0 0.0
nsamples= 20048

Mean energy: -1.59999142e+02
Block size    # of blocks        Mean                Error
     1           20048       -1.59999142e+02       2.867711e-04
     2           10024       -1.59999142e+02       2.862309e-04
     5           4009       -1.59999137e+02       2.860603e-04
    10           2004       -1.59999133e+02       2.933576e-04
    20           1002       -1.59999133e+02       2.930000e-04
    50            400       -1.59999139e+02       2.857206e-04
    70            286       -1.59999134e+02       2.904524e-04
   100            200       -1.59999139e+02       2.862097e-04
   200            100       -1.59999139e+02       2.945516e-04
   500             40       -1.59999139e+02       2.849461e-04
Stocahstic error estimate: 2.867711e-04

step=17,E=-0.9999946390755984,dE=-6.382188143838619e-06,err=1.7923190825670557e-06,gmax=0.006030649387083642
	collect g,Hv time= 0.3676266670227051
	solver time=0.0032057762145996094,exit status=0
niter= 5
	collect S matrix time= 0.020669937133789062
	collect H matrix time= 0.016858577728271484
	RGN solver time=0.04936408996582031,least eigenvalue=0.001999999916949096,eps=0.5
pure_newton= False
	solver time=0.008820772171020508,exit status=0
niter= 7
hessian inversion error= 1.7555809097915098e-05
rgn delta error= 5.8800239189124935e-06
	log prob= -156.69167322869458
	burn in time= 0.5100240707397461
	sample time= 7.055940866470337
	contraction err= 0.0 0.0
nsamples= 20048

Mean energy: -1.59999194e+02
Block size    # of blocks        Mean                Error
     1           20048       -1.59999194e+02       2.080165e-04
     2           10024       -1.59999194e+02       2.078934e-04
     5           4009       -1.59999194e+02       2.068513e-04
    10           2004       -1.59999192e+02       2.055117e-04
    20           1002       -1.59999192e+02       2.091955e-04
    50            400       -1.59999191e+02       2.044805e-04
    70            286       -1.59999193e+02       1.988673e-04
   100            200       -1.59999191e+02       1.947614e-04
   200            100       -1.59999191e+02       1.862574e-04
   500             40       -1.59999191e+02       1.816280e-04
Stocahstic error estimate: 2.080165e-04

	predict=-0.00022385298728305056,actual=(array([-0.000052]), array([0.000208]))
	g=0.04102152634607271,del=0.010983880430750301,dot=0.0004477052217552145,x=12.64911540961079

nparam= 320
	log prob= -156.69167322869458
	burn in time= 0.5052571296691895
	sample time= 7.823589563369751
	contraction err= 0.0 0.0
nsamples= 20048

Mean energy: -1.59999518e+02
Block size    # of blocks        Mean                Error
     1           20048       -1.59999518e+02       2.077512e-04
     2           10024       -1.59999518e+02       2.079921e-04
     5           4009       -1.59999518e+02       2.038910e-04
    10           2004       -1.59999523e+02       2.043744e-04
    20           1002       -1.59999523e+02       2.077188e-04
    50            400       -1.59999528e+02       2.034923e-04
    70            286       -1.59999534e+02       2.015654e-04
   100            200       -1.59999528e+02       2.072768e-04
   200            100       -1.59999528e+02       2.049613e-04
   500             40       -1.59999528e+02       2.096650e-04
Stocahstic error estimate: 2.079921e-04

step=18,E=-0.9999969898087567,dE=-2.350733158351659e-06,err=1.2999503915489949e-06,gmax=0.004066792459511248
	collect g,Hv time= 0.20231938362121582
	solver time=0.002816915512084961,exit status=0
niter= 5
	collect S matrix time= 0.018179655075073242
	collect H matrix time= 0.017357587814331055
	RGN solver time=0.02919173240661621,least eigenvalue=0.0019999999267488714,eps=0.5
pure_newton= False
	solver time=0.0069696903228759766,exit status=0
niter= 6
hessian inversion error= 5.736602720116872e-05
rgn delta error= 2.09983583356876e-05
	log prob= -156.84919545159786
	burn in time= 0.5134406089782715
	sample time= 7.1644814014434814
	contraction err= 0.0 0.0
nsamples= 20048

Mean energy: -1.59999602e+02
Block size    # of blocks        Mean                Error
     1           20048       -1.59999602e+02       1.510912e-04
     2           10024       -1.59999602e+02       1.527863e-04
     5           4009       -1.59999603e+02       1.519640e-04
    10           2004       -1.59999608e+02       1.530412e-04
    20           1002       -1.59999608e+02       1.562085e-04
    50            400       -1.59999598e+02       1.578990e-04
    70            286       -1.59999602e+02       1.554210e-04
   100            200       -1.59999598e+02       1.582815e-04
   200            100       -1.59999598e+02       1.650937e-04
   500             40       -1.59999598e+02       1.546999e-04
Stocahstic error estimate: 1.527863e-04

	predict=-0.00011727120321290322,actual=(array([-0.000084]), array([0.000153]))
	g=0.0295671816888053,del=0.00798000620077101,dot=0.0002345402655748909,x=12.64911315786719

nparam= 320
	log prob= -156.84919545159786
	burn in time= 0.5014123916625977
	sample time= 7.83962345123291
	contraction err= 0.0 0.0
nsamples= 20048

Mean energy: -1.59999839e+02
Block size    # of blocks        Mean                Error
     1           20048       -1.59999839e+02       1.523378e-04
     2           10024       -1.59999839e+02       1.510942e-04
     5           4009       -1.59999836e+02       1.527352e-04
    10           2004       -1.59999830e+02       1.507657e-04
    20           1002       -1.59999830e+02       1.514579e-04
    50            400       -1.59999824e+02       1.555551e-04
    70            286       -1.59999827e+02       1.530293e-04
   100            200       -1.59999824e+02       1.559777e-04
   200            100       -1.59999824e+02       1.621301e-04
   500             40       -1.59999824e+02       1.705324e-04
Stocahstic error estimate: 1.523378e-04

step=19,E=-0.9999989966900003,dE=-2.0068812435880544e-06,err=9.521115113555432e-07,gmax=0.0029741076846576675
	collect g,Hv time= 0.20283889770507812
	solver time=0.003531217575073242,exit status=0
niter= 5
	collect S matrix time= 0.020184993743896484
	collect H matrix time= 0.017553091049194336
	RGN solver time=0.029922962188720703,least eigenvalue=0.001999999911827804,eps=0.5
pure_newton= False
	solver time=0.0070247650146484375,exit status=0
niter= 6
hessian inversion error= 4.740532462268331e-05
rgn delta error= 1.7110131201821408e-05
	log prob= -156.96527323141657
	burn in time= 0.5070738792419434
	sample time= 7.166274785995483
	contraction err= 0.0 0.0
nsamples= 20048

Mean energy: -1.59999841e+02
Block size    # of blocks        Mean                Error
     1           20048       -1.59999841e+02       1.102254e-04
     2           10024       -1.59999841e+02       1.099510e-04
     5           4009       -1.59999841e+02       1.103455e-04
    10           2004       -1.59999840e+02       1.112368e-04
    20           1002       -1.59999840e+02       1.123321e-04
    50            400       -1.59999844e+02       1.117680e-04
    70            286       -1.59999841e+02       1.170583e-04
   100            200       -1.59999844e+02       1.133671e-04
   200            100       -1.59999844e+02       1.132535e-04
   500             40       -1.59999844e+02       9.010690e-05
Stocahstic error estimate: 1.102254e-04

	predict=-6.285140273107104e-05,actual=(array([-0.000002]), array([0.00011]))
	g=0.021825200658522014,del=0.005799910775673128,dot=0.0001257001283675249,x=12.649111970370424
[0m[0m[0m[0m[0m[0m[0m[0m[0m[0m[0m[0m[0m[0m[0m[0m[0m[0m[0m[0m[0m[0m[0m[0m[0m[0m[0m[0m[0m[0m[0m[0m[0m[0m[0m[0m[0m[0m[0m[0m[0m[0m[0m[0m[0m[0m[0m[0m[0m[[ 0.990893 -0.134649]
 [ 0.654338 -0.756202]
 [ 0.827218 -0.561881]
 [ 0.935063 -0.354482]
 [ 0.708729 -0.705481]
 [ 0.651299 -0.758821]
 [ 0.133161 -0.991094]
 [ 0.80976  -0.586761]
 [ 0.733091 -0.680131]
 [ 0.957502 -0.288427]
 [ 0.488792 -0.8724  ]
 [ 0.292299 -0.956327]
 [ 0.780266 -0.625448]
 [ 0.421324 -0.90691 ]
 [ 0.927024 -0.375001]
 [ 0.399002 -0.91695 ]
 [ 0.824139 -0.566387]
 [ 0.552299 -0.833646]
 [ 0.836839 -0.547449]
 [ 0.540472 -0.841362]
 [ 0.22614  -0.974095]
 [ 0.500332 -0.865833]
 [ 0.927103 -0.374808]
 [ 0.512552 -0.858656]
 [ 0.847122 -0.531399]
 [ 0.973466 -0.228831]
 [ 0.746813 -0.665034]
 [ 0.516809 -0.8561  ]
 [ 0.862771 -0.505595]
 [ 0.481365 -0.87652 ]
 [ 0.315044 -0.949077]
 [ 0.561997 -0.827139]
 [ 0.784541 -0.620077]
 [ 0.87075  -0.491726]
 [ 0.53663  -0.843818]
 [-0.301676 -0.953411]
 [ 0.595812 -0.803124]
 [ 0.859015 -0.511951]
 [ 0.570981 -0.820963]
 [ 0.734464 -0.678648]
 [ 0.77521  -0.631704]
 [ 0.450964 -0.892542]
 [ 0.248392 -0.96866 ]
 [ 0.404098 -0.914716]
 [ 0.346083 -0.938204]
 [ 0.681552 -0.731769]
 [ 0.927029 -0.374989]
 [-0.940575 -0.339587]
 [ 0.294872 -0.955537]
 [ 0.864229 -0.503098]
 [ 0.069872 -0.997556]
 [ 0.741152 -0.671337]
 [ 0.597002 -0.80224 ]
 [-0.367567 -0.929997]
 [ 0.731309 -0.682046]
 [ 0.796027 -0.605261]
 [ 0.925109 -0.379702]
 [ 0.96266  -0.270714]
 [ 0.796709 -0.604362]
 [ 0.420522 -0.907282]
 [ 0.950533 -0.310623]
 [ 0.720753 -0.693192]
 [ 0.566547 -0.824029]
 [ 0.863875 -0.503707]
 [ 0.53507  -0.844808]
 [ 0.753961 -0.656919]
 [ 0.82577  -0.564007]
 [ 0.868612 -0.495494]
 [ 0.748772 -0.662827]
 [ 0.326393 -0.945234]
 [ 0.451974 -0.892031]
 [ 0.729966 -0.683484]
 [ 0.842074 -0.539361]
 [ 0.474673 -0.880162]
 [ 0.686727 -0.726915]
 [ 0.779583 -0.626299]
 [ 0.857428 -0.514604]
 [ 0.667994 -0.744166]
 [ 0.864272 -0.503024]
 [ 0.736134 -0.676836]
 [ 0.726041 -0.687652]
 [ 0.525133 -0.85102 ]
 [ 0.572424 -0.819958]
 [ 0.998525 -0.054301]
 [ 0.715949 -0.698152]
 [ 0.83817  -0.545409]
 [ 0.871184 -0.490956]
 [ 0.635682 -0.771951]
 [ 0.922011 -0.387164]
 [ 0.617448 -0.786612]
 [ 0.545348 -0.83821 ]
 [ 0.553933 -0.832561]
 [ 0.164698 -0.986344]
 [ 0.94682  -0.321765]
 [ 0.802693 -0.596393]
 [-0.471155 -0.88205 ]
 [ 0.438649 -0.898658]
 [ 0.927337 -0.374227]
 [ 0.78247  -0.622689]
 [ 0.801155 -0.598456]
 [ 0.155731 -0.9878  ]
 [ 0.477058 -0.878872]
 [ 0.734655 -0.678441]
 [ 0.941718 -0.336404]
 [ 0.663672 -0.748024]
 [ 0.989311 -0.145824]
 [ 0.44874  -0.893662]
 [ 0.502008 -0.864863]
 [ 0.867846 -0.496833]
 [ 0.745862 -0.666101]
 [ 0.832581 -0.553903]
 [ 0.776021 -0.630707]
 [ 0.309518 -0.950894]
 [ 0.425649 -0.904888]
 [ 0.885137 -0.46533 ]
 [ 0.441245 -0.897387]
 [ 0.683986 -0.729495]
 [ 0.360039 -0.932937]
 [ 0.669224 -0.743061]
 [ 0.945251 -0.326343]
 [ 0.952065 -0.305895]
 [ 0.725454 -0.688271]
 [ 0.54669  -0.837335]
 [ 0.932615 -0.360873]
 [ 0.640589 -0.767884]
 [ 0.711667 -0.702517]
 [ 0.969711 -0.244256]
 [ 0.504951 -0.863148]
 [ 0.655592 -0.755115]
 [ 0.843039 -0.537852]
 [ 0.835965 -0.548783]
 [ 0.162487 -0.986711]
 [ 0.574251 -0.81868 ]
 [ 0.55153  -0.834155]
 [ 0.323588 -0.946198]
 [ 0.73385  -0.679311]
 [ 0.845098 -0.534611]
 [ 0.757445 -0.652899]
 [ 0.805067 -0.593184]
 [ 0.767864 -0.640613]
 [ 0.722889 -0.690964]
 [ 0.819954 -0.57243 ]
 [ 0.384569 -0.923096]
 [ 0.936027 -0.351927]
 [-0.429574 -0.903031]
 [ 0.771575 -0.636138]
 [ 0.899095 -0.437754]
 [-0.045659 -0.998957]
 [ 0.872459 -0.488688]
 [ 0.795447 -0.606023]
 [ 0.390978 -0.9204  ]
 [ 0.615501 -0.788136]
 [ 0.992683 -0.120748]
 [ 0.798997 -0.601335]
 [ 0.453689 -0.89116 ]
 [ 0.635875 -0.771792]
 [ 0.32349  -0.946232]
 [ 0.895411 -0.44524 ]
 [ 0.79249  -0.609885]
 [ 0.929984 -0.367601]]
[0m