RANK= 0
SIZE= 640
Lx,Ly= 8 8
D= 6
chi= 4
rate= 0.1 0.5
cond= 0.001 0.001
nparams= 103968
	burn in time= 327.9363648891449
	sample time= 15019.452404975891
	contraction err= 0.0 0.0

Mean energy: -3.09482947e+01
Block size    # of blocks        Mean                Error
     1           300000       -3.09482947e+01       4.808465e-04
     2           150000       -3.09482947e+01       4.805073e-04
     5           60000       -3.09482947e+01       4.819787e-04
    10           30000       -3.09482947e+01       4.810535e-04
    20           15000       -3.09482947e+01       4.818230e-04
    50           6000       -3.09482947e+01       4.908953e-04
    70           4285       -3.09482907e+01       4.892940e-04
   100           3000       -3.09482947e+01       4.933189e-04
   200           1500       -3.09482947e+01       4.902149e-04
   500            600       -3.09482947e+01       4.857177e-04
0 0.000480846462682244 0.0004857177171240054
Stocahstic error estimate: 4.808465e-04

step=26,E=-0.48356710416192783,dE=-0.48356710416192783,err=7.513225979410063e-06,gmax=0.0037956292724978594
	collect data time= 32.205649852752686
	solver time=37.95916771888733,exit status=0
niter= 122
	solver time=7.066936254501343,exit status=0
niter= 46
	burn in time= 331.50558400154114
	sample time= 7678.566247463226
	contraction err= 0.0 0.0

Mean energy: -3.09483284e+01
Block size    # of blocks        Mean                Error
     1           300000       -3.09483284e+01       4.709516e-04
     2           150000       -3.09483284e+01       4.707197e-04
     5           60000       -3.09483284e+01       4.716631e-04
    10           30000       -3.09483284e+01       4.693074e-04
    20           15000       -3.09483284e+01       4.679965e-04
    50           6000       -3.09483284e+01       4.705581e-04
    70           4285       -3.09483313e+01       4.739139e-04
   100           3000       -3.09483284e+01       4.687398e-04
   200           1500       -3.09483284e+01       4.660299e-04
   500            600       -3.09483284e+01       4.679286e-04
0 0.0004709516226619995 0.0004679285671678671
Stocahstic error estimate: 4.709516e-04

	predict=-0.004856533483208029,actual=(-3.3739026690682294e-05, 0.0006730592481810179)
	g=0.023713239892216853,del=1.3324130302133799,dot=0.007908354083238029,x=17.820184541859085
