--------------------------------------------------------------------------
WARNING: No preset parameters were found for the device that Open MPI
detected:

  Local host:            hpc-19-17
  Device name:           mlx5_0
  Device vendor ID:      0x02c9
  Device vendor part ID: 4123

Default device parameters will be used, which may result in lower
performance.  You can edit any of the files specified by the
btl_openib_device_param_files MCA parameter to set values for your
device.

NOTE: You can turn off this warning by setting the MCA parameter
      btl_openib_warn_no_device_params_found to 0.
--------------------------------------------------------------------------
--------------------------------------------------------------------------
WARNING: No preset parameters were found for the device that Open MPI
detected:

  Local host:            hpc-19-17
  Device name:           mlx5_0
  Device vendor ID:      0x02c9
  Device vendor part ID: 4123

Default device parameters will be used, which may result in lower
performance.  You can edit any of the files specified by the
btl_openib_device_param_files MCA parameter to set values for your
device.

NOTE: You can turn off this warning by setting the MCA parameter
      btl_openib_warn_no_device_params_found to 0.
--------------------------------------------------------------------------
--------------------------------------------------------------------------
WARNING: No preset parameters were found for the device that Open MPI
detected:

  Local host:            hpc-19-17
  Device name:           mlx5_0
  Device vendor ID:      0x02c9
  Device vendor part ID: 4123

Default device parameters will be used, which may result in lower
performance.  You can edit any of the files specified by the
btl_openib_device_param_files MCA parameter to set values for your
device.

NOTE: You can turn off this warning by setting the MCA parameter
      btl_openib_warn_no_device_params_found to 0.
--------------------------------------------------------------------------
--------------------------------------------------------------------------
WARNING: No preset parameters were found for the device that Open MPI
detected:

  Local host:            hpc-19-17
  Device name:           mlx5_0
  Device vendor ID:      0x02c9
  Device vendor part ID: 4123

Default device parameters will be used, which may result in lower
performance.  You can edit any of the files specified by the
btl_openib_device_param_files MCA parameter to set values for your
device.

NOTE: You can turn off this warning by setting the MCA parameter
      btl_openib_warn_no_device_params_found to 0.
--------------------------------------------------------------------------
--------------------------------------------------------------------------
WARNING: No preset parameters were found for the device that Open MPI
detected:

  Local host:            hpc-19-17
  Device name:           mlx5_0
  Device vendor ID:      0x02c9
  Device vendor part ID: 4123

Default device parameters will be used, which may result in lower
performance.  You can edit any of the files specified by the
btl_openib_device_param_files MCA parameter to set values for your
device.

NOTE: You can turn off this warning by setting the MCA parameter
      btl_openib_warn_no_device_params_found to 0.
--------------------------------------------------------------------------
--------------------------------------------------------------------------
WARNING: No preset parameters were found for the device that Open MPI
detected:

  Local host:            hpc-19-17
  Device name:           mlx5_0
  Device vendor ID:      0x02c9
  Device vendor part ID: 4123

Default device parameters will be used, which may result in lower
performance.  You can edit any of the files specified by the
btl_openib_device_param_files MCA parameter to set values for your
device.

NOTE: You can turn off this warning by setting the MCA parameter
      btl_openib_warn_no_device_params_found to 0.
--------------------------------------------------------------------------
--------------------------------------------------------------------------
WARNING: No preset parameters were found for the device that Open MPI
detected:

  Local host:            hpc-19-17
  Device name:           mlx5_0
  Device vendor ID:      0x02c9
  Device vendor part ID: 4123

Default device parameters will be used, which may result in lower
performance.  You can edit any of the files specified by the
btl_openib_device_param_files MCA parameter to set values for your
device.

NOTE: You can turn off this warning by setting the MCA parameter
      btl_openib_warn_no_device_params_found to 0.
--------------------------------------------------------------------------
--------------------------------------------------------------------------
WARNING: No preset parameters were found for the device that Open MPI
detected:

  Local host:            hpc-19-17
  Device name:           mlx5_0
  Device vendor ID:      0x02c9
  Device vendor part ID: 4123

Default device parameters will be used, which may result in lower
performance.  You can edit any of the files specified by the
btl_openib_device_param_files MCA parameter to set values for your
device.

NOTE: You can turn off this warning by setting the MCA parameter
      btl_openib_warn_no_device_params_found to 0.
--------------------------------------------------------------------------
--------------------------------------------------------------------------
WARNING: No preset parameters were found for the device that Open MPI
detected:

  Local host:            hpc-19-17
  Device name:           mlx5_0
  Device vendor ID:      0x02c9
  Device vendor part ID: 4123

Default device parameters will be used, which may result in lower
performance.  You can edit any of the files specified by the
btl_openib_device_param_files MCA parameter to set values for your
device.

NOTE: You can turn off this warning by setting the MCA parameter
      btl_openib_warn_no_device_params_found to 0.
--------------------------------------------------------------------------
--------------------------------------------------------------------------
WARNING: No preset parameters were found for the device that Open MPI
detected:

  Local host:            hpc-19-17
  Device name:           mlx5_0
  Device vendor ID:      0x02c9
  Device vendor part ID: 4123

Default device parameters will be used, which may result in lower
performance.  You can edit any of the files specified by the
btl_openib_device_param_files MCA parameter to set values for your
device.

NOTE: You can turn off this warning by setting the MCA parameter
      btl_openib_warn_no_device_params_found to 0.
--------------------------------------------------------------------------
--------------------------------------------------------------------------
WARNING: No preset parameters were found for the device that Open MPI
detected:

  Local host:            hpc-19-37
  Device name:           mlx5_0
  Device vendor ID:      0x02c9
  Device vendor part ID: 4123

Default device parameters will be used, which may result in lower
performance.  You can edit any of the files specified by the
btl_openib_device_param_files MCA parameter to set values for your
device.

NOTE: You can turn off this warning by setting the MCA parameter
      btl_openib_warn_no_device_params_found to 0.
--------------------------------------------------------------------------
--------------------------------------------------------------------------
WARNING: No preset parameters were found for the device that Open MPI
detected:

  Local host:            hpc-19-37
  Device name:           mlx5_0
  Device vendor ID:      0x02c9
  Device vendor part ID: 4123

Default device parameters will be used, which may result in lower
performance.  You can edit any of the files specified by the
btl_openib_device_param_files MCA parameter to set values for your
device.

NOTE: You can turn off this warning by setting the MCA parameter
      btl_openib_warn_no_device_params_found to 0.
--------------------------------------------------------------------------
--------------------------------------------------------------------------
WARNING: No preset parameters were found for the device that Open MPI
detected:

  Local host:            hpc-19-37
  Device name:           mlx5_0
  Device vendor ID:      0x02c9
  Device vendor part ID: 4123

Default device parameters will be used, which may result in lower
performance.  You can edit any of the files specified by the
btl_openib_device_param_files MCA parameter to set values for your
device.

NOTE: You can turn off this warning by setting the MCA parameter
      btl_openib_warn_no_device_params_found to 0.
--------------------------------------------------------------------------
--------------------------------------------------------------------------
WARNING: No preset parameters were found for the device that Open MPI
detected:

  Local host:            hpc-19-37
  Device name:           mlx5_0
  Device vendor ID:      0x02c9
  Device vendor part ID: 4123

Default device parameters will be used, which may result in lower
performance.  You can edit any of the files specified by the
btl_openib_device_param_files MCA parameter to set values for your
device.

NOTE: You can turn off this warning by setting the MCA parameter
      btl_openib_warn_no_device_params_found to 0.
--------------------------------------------------------------------------
--------------------------------------------------------------------------
WARNING: No preset parameters were found for the device that Open MPI
detected:

  Local host:            hpc-19-37
  Device name:           mlx5_0
  Device vendor ID:      0x02c9
  Device vendor part ID: 4123

Default device parameters will be used, which may result in lower
performance.  You can edit any of the files specified by the
btl_openib_device_param_files MCA parameter to set values for your
device.

NOTE: You can turn off this warning by setting the MCA parameter
      btl_openib_warn_no_device_params_found to 0.
--------------------------------------------------------------------------
--------------------------------------------------------------------------
WARNING: No preset parameters were found for the device that Open MPI
detected:

  Local host:            hpc-19-37
  Device name:           mlx5_0
  Device vendor ID:      0x02c9
  Device vendor part ID: 4123

Default device parameters will be used, which may result in lower
performance.  You can edit any of the files specified by the
btl_openib_device_param_files MCA parameter to set values for your
device.

NOTE: You can turn off this warning by setting the MCA parameter
      btl_openib_warn_no_device_params_found to 0.
--------------------------------------------------------------------------
--------------------------------------------------------------------------
WARNING: No preset parameters were found for the device that Open MPI
detected:

  Local host:            hpc-19-37
  Device name:           mlx5_0
  Device vendor ID:      0x02c9
  Device vendor part ID: 4123

Default device parameters will be used, which may result in lower
performance.  You can edit any of the files specified by the
btl_openib_device_param_files MCA parameter to set values for your
device.

NOTE: You can turn off this warning by setting the MCA parameter
      btl_openib_warn_no_device_params_found to 0.
--------------------------------------------------------------------------
--------------------------------------------------------------------------
WARNING: No preset parameters were found for the device that Open MPI
detected:

  Local host:            hpc-19-37
  Device name:           mlx5_0
  Device vendor ID:      0x02c9
  Device vendor part ID: 4123

Default device parameters will be used, which may result in lower
performance.  You can edit any of the files specified by the
btl_openib_device_param_files MCA parameter to set values for your
device.

NOTE: You can turn off this warning by setting the MCA parameter
      btl_openib_warn_no_device_params_found to 0.
--------------------------------------------------------------------------
--------------------------------------------------------------------------
WARNING: No preset parameters were found for the device that Open MPI
detected:

  Local host:            hpc-19-37
  Device name:           mlx5_0
  Device vendor ID:      0x02c9
  Device vendor part ID: 4123

Default device parameters will be used, which may result in lower
performance.  You can edit any of the files specified by the
btl_openib_device_param_files MCA parameter to set values for your
device.

NOTE: You can turn off this warning by setting the MCA parameter
      btl_openib_warn_no_device_params_found to 0.
--------------------------------------------------------------------------
--------------------------------------------------------------------------
WARNING: No preset parameters were found for the device that Open MPI
detected:

  Local host:            hpc-19-37
  Device name:           mlx5_0
  Device vendor ID:      0x02c9
  Device vendor part ID: 4123

Default device parameters will be used, which may result in lower
performance.  You can edit any of the files specified by the
btl_openib_device_param_files MCA parameter to set values for your
device.

NOTE: You can turn off this warning by setting the MCA parameter
      btl_openib_warn_no_device_params_found to 0.
--------------------------------------------------------------------------
--------------------------------------------------------------------------
WARNING: No preset parameters were found for the device that Open MPI
detected:

  Local host:            hpc-19-36
  Device name:           mlx5_0
  Device vendor ID:      0x02c9
  Device vendor part ID: 4123

Default device parameters will be used, which may result in lower
performance.  You can edit any of the files specified by the
btl_openib_device_param_files MCA parameter to set values for your
device.

NOTE: You can turn off this warning by setting the MCA parameter
      btl_openib_warn_no_device_params_found to 0.
--------------------------------------------------------------------------
--------------------------------------------------------------------------
WARNING: No preset parameters were found for the device that Open MPI
detected:

  Local host:            hpc-19-36
  Device name:           mlx5_0
  Device vendor ID:      0x02c9
  Device vendor part ID: 4123

Default device parameters will be used, which may result in lower
performance.  You can edit any of the files specified by the
btl_openib_device_param_files MCA parameter to set values for your
device.

NOTE: You can turn off this warning by setting the MCA parameter
      btl_openib_warn_no_device_params_found to 0.
--------------------------------------------------------------------------
--------------------------------------------------------------------------
WARNING: No preset parameters were found for the device that Open MPI
detected:

  Local host:            hpc-19-36
  Device name:           mlx5_0
  Device vendor ID:      0x02c9
  Device vendor part ID: 4123

Default device parameters will be used, which may result in lower
performance.  You can edit any of the files specified by the
btl_openib_device_param_files MCA parameter to set values for your
device.

NOTE: You can turn off this warning by setting the MCA parameter
      btl_openib_warn_no_device_params_found to 0.
--------------------------------------------------------------------------
--------------------------------------------------------------------------
WARNING: No preset parameters were found for the device that Open MPI
detected:

  Local host:            hpc-19-36
  Device name:           mlx5_0
  Device vendor ID:      0x02c9
  Device vendor part ID: 4123

Default device parameters will be used, which may result in lower
performance.  You can edit any of the files specified by the
btl_openib_device_param_files MCA parameter to set values for your
device.

NOTE: You can turn off this warning by setting the MCA parameter
      btl_openib_warn_no_device_params_found to 0.
--------------------------------------------------------------------------
--------------------------------------------------------------------------
WARNING: No preset parameters were found for the device that Open MPI
detected:

  Local host:            hpc-19-36
  Device name:           mlx5_0
  Device vendor ID:      0x02c9
  Device vendor part ID: 4123

Default device parameters will be used, which may result in lower
performance.  You can edit any of the files specified by the
btl_openib_device_param_files MCA parameter to set values for your
device.

NOTE: You can turn off this warning by setting the MCA parameter
      btl_openib_warn_no_device_params_found to 0.
--------------------------------------------------------------------------
--------------------------------------------------------------------------
WARNING: No preset parameters were found for the device that Open MPI
detected:

  Local host:            hpc-19-36
  Device name:           mlx5_0
  Device vendor ID:      0x02c9
  Device vendor part ID: 4123

Default device parameters will be used, which may result in lower
performance.  You can edit any of the files specified by the
btl_openib_device_param_files MCA parameter to set values for your
device.

NOTE: You can turn off this warning by setting the MCA parameter
      btl_openib_warn_no_device_params_found to 0.
--------------------------------------------------------------------------
--------------------------------------------------------------------------
WARNING: No preset parameters were found for the device that Open MPI
detected:

  Local host:            hpc-19-36
  Device name:           mlx5_0
  Device vendor ID:      0x02c9
  Device vendor part ID: 4123

Default device parameters will be used, which may result in lower
performance.  You can edit any of the files specified by the
btl_openib_device_param_files MCA parameter to set values for your
device.

NOTE: You can turn off this warning by setting the MCA parameter
      btl_openib_warn_no_device_params_found to 0.
--------------------------------------------------------------------------
--------------------------------------------------------------------------
WARNING: No preset parameters were found for the device that Open MPI
detected:

  Local host:            hpc-19-36
  Device name:           mlx5_0
  Device vendor ID:      0x02c9
  Device vendor part ID: 4123

Default device parameters will be used, which may result in lower
performance.  You can edit any of the files specified by the
btl_openib_device_param_files MCA parameter to set values for your
device.

NOTE: You can turn off this warning by setting the MCA parameter
      btl_openib_warn_no_device_params_found to 0.
--------------------------------------------------------------------------
--------------------------------------------------------------------------
WARNING: No preset parameters were found for the device that Open MPI
detected:

  Local host:            hpc-19-36
  Device name:           mlx5_0
  Device vendor ID:      0x02c9
  Device vendor part ID: 4123

Default device parameters will be used, which may result in lower
performance.  You can edit any of the files specified by the
btl_openib_device_param_files MCA parameter to set values for your
device.

NOTE: You can turn off this warning by setting the MCA parameter
      btl_openib_warn_no_device_params_found to 0.
--------------------------------------------------------------------------
--------------------------------------------------------------------------
WARNING: No preset parameters were found for the device that Open MPI
detected:

  Local host:            hpc-19-36
  Device name:           mlx5_0
  Device vendor ID:      0x02c9
  Device vendor part ID: 4123

Default device parameters will be used, which may result in lower
performance.  You can edit any of the files specified by the
btl_openib_device_param_files MCA parameter to set values for your
device.

NOTE: You can turn off this warning by setting the MCA parameter
      btl_openib_warn_no_device_params_found to 0.
--------------------------------------------------------------------------
--------------------------------------------------------------------------
WARNING: No preset parameters were found for the device that Open MPI
detected:

  Local host:            hpc-20-22
  Device name:           mlx5_0
  Device vendor ID:      0x02c9
  Device vendor part ID: 4123

Default device parameters will be used, which may result in lower
performance.  You can edit any of the files specified by the
btl_openib_device_param_files MCA parameter to set values for your
device.

NOTE: You can turn off this warning by setting the MCA parameter
      btl_openib_warn_no_device_params_found to 0.
--------------------------------------------------------------------------
--------------------------------------------------------------------------
WARNING: No preset parameters were found for the device that Open MPI
detected:

  Local host:            hpc-20-22
  Device name:           mlx5_0
  Device vendor ID:      0x02c9
  Device vendor part ID: 4123

Default device parameters will be used, which may result in lower
performance.  You can edit any of the files specified by the
btl_openib_device_param_files MCA parameter to set values for your
device.

NOTE: You can turn off this warning by setting the MCA parameter
      btl_openib_warn_no_device_params_found to 0.
--------------------------------------------------------------------------
--------------------------------------------------------------------------
WARNING: No preset parameters were found for the device that Open MPI
detected:

  Local host:            hpc-20-22
  Device name:           mlx5_0
  Device vendor ID:      0x02c9
  Device vendor part ID: 4123

Default device parameters will be used, which may result in lower
performance.  You can edit any of the files specified by the
btl_openib_device_param_files MCA parameter to set values for your
device.

NOTE: You can turn off this warning by setting the MCA parameter
      btl_openib_warn_no_device_params_found to 0.
--------------------------------------------------------------------------
--------------------------------------------------------------------------
WARNING: No preset parameters were found for the device that Open MPI
detected:

  Local host:            hpc-20-22
  Device name:           mlx5_0
  Device vendor ID:      0x02c9
  Device vendor part ID: 4123

Default device parameters will be used, which may result in lower
performance.  You can edit any of the files specified by the
btl_openib_device_param_files MCA parameter to set values for your
device.

NOTE: You can turn off this warning by setting the MCA parameter
      btl_openib_warn_no_device_params_found to 0.
--------------------------------------------------------------------------
--------------------------------------------------------------------------
WARNING: No preset parameters were found for the device that Open MPI
detected:

  Local host:            hpc-20-22
  Device name:           mlx5_0
  Device vendor ID:      0x02c9
  Device vendor part ID: 4123

Default device parameters will be used, which may result in lower
performance.  You can edit any of the files specified by the
btl_openib_device_param_files MCA parameter to set values for your
device.

NOTE: You can turn off this warning by setting the MCA parameter
      btl_openib_warn_no_device_params_found to 0.
--------------------------------------------------------------------------
--------------------------------------------------------------------------
WARNING: No preset parameters were found for the device that Open MPI
detected:

  Local host:            hpc-20-22
  Device name:           mlx5_0
  Device vendor ID:      0x02c9
  Device vendor part ID: 4123

Default device parameters will be used, which may result in lower
performance.  You can edit any of the files specified by the
btl_openib_device_param_files MCA parameter to set values for your
device.

NOTE: You can turn off this warning by setting the MCA parameter
      btl_openib_warn_no_device_params_found to 0.
--------------------------------------------------------------------------
--------------------------------------------------------------------------
WARNING: No preset parameters were found for the device that Open MPI
detected:

  Local host:            hpc-20-22
  Device name:           mlx5_0
  Device vendor ID:      0x02c9
  Device vendor part ID: 4123

Default device parameters will be used, which may result in lower
performance.  You can edit any of the files specified by the
btl_openib_device_param_files MCA parameter to set values for your
device.

NOTE: You can turn off this warning by setting the MCA parameter
      btl_openib_warn_no_device_params_found to 0.
--------------------------------------------------------------------------
--------------------------------------------------------------------------
WARNING: No preset parameters were found for the device that Open MPI
detected:

  Local host:            hpc-20-22
  Device name:           mlx5_0
  Device vendor ID:      0x02c9
  Device vendor part ID: 4123

Default device parameters will be used, which may result in lower
performance.  You can edit any of the files specified by the
btl_openib_device_param_files MCA parameter to set values for your
device.

NOTE: You can turn off this warning by setting the MCA parameter
      btl_openib_warn_no_device_params_found to 0.
--------------------------------------------------------------------------
--------------------------------------------------------------------------
WARNING: No preset parameters were found for the device that Open MPI
detected:

  Local host:            hpc-20-22
  Device name:           mlx5_0
  Device vendor ID:      0x02c9
  Device vendor part ID: 4123

Default device parameters will be used, which may result in lower
performance.  You can edit any of the files specified by the
btl_openib_device_param_files MCA parameter to set values for your
device.

NOTE: You can turn off this warning by setting the MCA parameter
      btl_openib_warn_no_device_params_found to 0.
--------------------------------------------------------------------------
--------------------------------------------------------------------------
WARNING: No preset parameters were found for the device that Open MPI
detected:

  Local host:            hpc-20-22
  Device name:           mlx5_0
  Device vendor ID:      0x02c9
  Device vendor part ID: 4123

Default device parameters will be used, which may result in lower
performance.  You can edit any of the files specified by the
btl_openib_device_param_files MCA parameter to set values for your
device.

NOTE: You can turn off this warning by setting the MCA parameter
      btl_openib_warn_no_device_params_found to 0.
--------------------------------------------------------------------------
--------------------------------------------------------------------------
WARNING: No preset parameters were found for the device that Open MPI
detected:

  Local host:            hpc-21-23
  Device name:           mlx5_0
  Device vendor ID:      0x02c9
  Device vendor part ID: 4123

Default device parameters will be used, which may result in lower
performance.  You can edit any of the files specified by the
btl_openib_device_param_files MCA parameter to set values for your
device.

NOTE: You can turn off this warning by setting the MCA parameter
      btl_openib_warn_no_device_params_found to 0.
--------------------------------------------------------------------------
--------------------------------------------------------------------------
WARNING: No preset parameters were found for the device that Open MPI
detected:

  Local host:            hpc-21-23
  Device name:           mlx5_0
  Device vendor ID:      0x02c9
  Device vendor part ID: 4123

Default device parameters will be used, which may result in lower
performance.  You can edit any of the files specified by the
btl_openib_device_param_files MCA parameter to set values for your
device.

NOTE: You can turn off this warning by setting the MCA parameter
      btl_openib_warn_no_device_params_found to 0.
--------------------------------------------------------------------------
--------------------------------------------------------------------------
WARNING: No preset parameters were found for the device that Open MPI
detected:

  Local host:            hpc-21-23
  Device name:           mlx5_0
  Device vendor ID:      0x02c9
  Device vendor part ID: 4123

Default device parameters will be used, which may result in lower
performance.  You can edit any of the files specified by the
btl_openib_device_param_files MCA parameter to set values for your
device.

NOTE: You can turn off this warning by setting the MCA parameter
      btl_openib_warn_no_device_params_found to 0.
--------------------------------------------------------------------------
--------------------------------------------------------------------------
WARNING: No preset parameters were found for the device that Open MPI
detected:

  Local host:            hpc-21-23
  Device name:           mlx5_0
  Device vendor ID:      0x02c9
  Device vendor part ID: 4123

Default device parameters will be used, which may result in lower
performance.  You can edit any of the files specified by the
btl_openib_device_param_files MCA parameter to set values for your
device.

NOTE: You can turn off this warning by setting the MCA parameter
      btl_openib_warn_no_device_params_found to 0.
--------------------------------------------------------------------------
--------------------------------------------------------------------------
WARNING: No preset parameters were found for the device that Open MPI
detected:

  Local host:            hpc-21-23
  Device name:           mlx5_0
  Device vendor ID:      0x02c9
  Device vendor part ID: 4123

Default device parameters will be used, which may result in lower
performance.  You can edit any of the files specified by the
btl_openib_device_param_files MCA parameter to set values for your
device.

NOTE: You can turn off this warning by setting the MCA parameter
      btl_openib_warn_no_device_params_found to 0.
--------------------------------------------------------------------------
--------------------------------------------------------------------------
WARNING: No preset parameters were found for the device that Open MPI
detected:

  Local host:            hpc-21-23
  Device name:           mlx5_0
  Device vendor ID:      0x02c9
  Device vendor part ID: 4123

Default device parameters will be used, which may result in lower
performance.  You can edit any of the files specified by the
btl_openib_device_param_files MCA parameter to set values for your
device.

NOTE: You can turn off this warning by setting the MCA parameter
      btl_openib_warn_no_device_params_found to 0.
--------------------------------------------------------------------------
--------------------------------------------------------------------------
WARNING: No preset parameters were found for the device that Open MPI
detected:

  Local host:            hpc-21-23
  Device name:           mlx5_0
  Device vendor ID:      0x02c9
  Device vendor part ID: 4123

Default device parameters will be used, which may result in lower
performance.  You can edit any of the files specified by the
btl_openib_device_param_files MCA parameter to set values for your
device.

NOTE: You can turn off this warning by setting the MCA parameter
      btl_openib_warn_no_device_params_found to 0.
--------------------------------------------------------------------------
--------------------------------------------------------------------------
WARNING: No preset parameters were found for the device that Open MPI
detected:

  Local host:            hpc-21-23
  Device name:           mlx5_0
  Device vendor ID:      0x02c9
  Device vendor part ID: 4123

Default device parameters will be used, which may result in lower
performance.  You can edit any of the files specified by the
btl_openib_device_param_files MCA parameter to set values for your
device.

NOTE: You can turn off this warning by setting the MCA parameter
      btl_openib_warn_no_device_params_found to 0.
--------------------------------------------------------------------------
--------------------------------------------------------------------------
WARNING: No preset parameters were found for the device that Open MPI
detected:

  Local host:            hpc-21-23
  Device name:           mlx5_0
  Device vendor ID:      0x02c9
  Device vendor part ID: 4123

Default device parameters will be used, which may result in lower
performance.  You can edit any of the files specified by the
btl_openib_device_param_files MCA parameter to set values for your
device.

NOTE: You can turn off this warning by setting the MCA parameter
      btl_openib_warn_no_device_params_found to 0.
--------------------------------------------------------------------------
--------------------------------------------------------------------------
WARNING: No preset parameters were found for the device that Open MPI
detected:

  Local host:            hpc-21-23
  Device name:           mlx5_0
  Device vendor ID:      0x02c9
  Device vendor part ID: 4123

Default device parameters will be used, which may result in lower
performance.  You can edit any of the files specified by the
btl_openib_device_param_files MCA parameter to set values for your
device.

NOTE: You can turn off this warning by setting the MCA parameter
      btl_openib_warn_no_device_params_found to 0.
--------------------------------------------------------------------------
block_dict= [(0, 1568)]
sizes= [1568]
nbatch= 1
SIZE= 100
Lx,Ly= 8 8
D= 2
rate= 0.1 0.5
cond= 0.001 0.001
nparams= 1568
	log prob= -3.853791072013591
	burn in time= 22.84893798828125
	sample time= 444.36291217803955
	contraction err= 3.9585599768951015e-10 7.429933032853449e-07

Mean energy: -2.98744138e+01
Block size    # of blocks        Mean                Error
     1           50000       -2.98744138e+01       7.661171e-03
     2           25000       -2.98744138e+01       7.631588e-03
     5           10000       -2.98744138e+01       7.600922e-03
    10           5000       -2.98744138e+01       7.596946e-03
    20           2500       -2.98744138e+01       7.488040e-03
    50           1000       -2.98744138e+01       7.224427e-03
    70            714       -2.98742041e+01       7.325779e-03
   100            500       -2.98744138e+01       7.555334e-03
   200            250       -2.98744138e+01       8.620031e-03
   500            100       -2.98744138e+01       1.086192e-02
0 0.007661171110829303 0.010861923428275059
Stocahstic error estimate: 7.661171e-03

step=0,E=-0.46678771566278965,dE=-0.46678771566278965,err=0.00011970579860670786,gmax=0.05858033345846181
	collect g,Hv time= 0.45285797119140625
niter= 43
	solver time=32.285770416259766,exit status=0
	g=0.27046885889731365,del=6.492333142482096,dot=0.7318171954201816,x=12.13737814308939
	log prob= -4.002083388117245
	burn in time= 22.02661395072937
	sample time= 441.2779941558838
	contraction err= 4.6120612033642845e-10 2.843656898977217e-06

Mean energy: -2.99223527e+01
Block size    # of blocks        Mean                Error
     1           50000       -2.99223527e+01       7.568906e-03
     2           25000       -2.99223527e+01       7.551148e-03
     5           10000       -2.99223527e+01       7.580436e-03
    10           5000       -2.99223527e+01       7.649820e-03
    20           2500       -2.99223527e+01       7.607503e-03
    50           1000       -2.99223527e+01       7.437654e-03
    70            714       -2.99223375e+01       7.623401e-03
   100            500       -2.99223527e+01       7.765656e-03
   200            250       -2.99223527e+01       8.444064e-03
   500            100       -2.99223527e+01       1.105691e-02
0 0.007568905939458203 0.011056908504852919
Stocahstic error estimate: 7.568906e-03

step=1,E=-0.46753676046330694,dE=-0.0007490448005172956,err=0.00011826415530403442,gmax=0.051180126967644846
	collect g,Hv time= 0.4303586483001709
	solver time=24.38096570968628,exit status=0
niter= 43
	g=0.2769088739165201,del=7.45711805459496,dot=0.7475124828963342,x=12.137378143089391
	log prob= -4.095753447510382
	burn in time= 21.145492792129517
	sample time= 437.4080693721771
	contraction err= 5.949967029713707e-10 2.3459180389446466e-06

Mean energy: -2.98977496e+01
Block size    # of blocks        Mean                Error
     1           50000       -2.98977496e+01       7.601913e-03
     2           25000       -2.98977496e+01       7.606985e-03
     5           10000       -2.98977496e+01       7.643804e-03
    10           5000       -2.98977496e+01       7.720900e-03
    20           2500       -2.98977496e+01       7.764005e-03
    50           1000       -2.98977496e+01       7.553835e-03
    70            714       -2.98976320e+01       7.863554e-03
   100            500       -2.98977496e+01       8.036457e-03
   200            250       -2.98977496e+01       9.496380e-03
   500            100       -2.98977496e+01       1.208514e-02
0 0.007606984888076705 0.012085144140123039
Stocahstic error estimate: 7.606985e-03

step=2,E=-0.4671523372577035,dE=0.0003844232056034458,err=0.00011885913887619851,gmax=0.07673583146726859
	collect g,Hv time= 0.4300854206085205
	solver time=24.381797075271606,exit status=0
niter= 43
	g=0.275706573523701,del=6.4758201945680804,dot=0.6054760837773636,x=12.137378143089391
	log prob= -4.147401750494348
	burn in time= 21.59518074989319
	sample time= 435.46026611328125
	contraction err= 4.688347516610165e-10 2.4642811333589018e-06

Mean energy: -2.99199737e+01
Block size    # of blocks        Mean                Error
     1           50000       -2.99199737e+01       7.545066e-03
     2           25000       -2.99199737e+01       7.586592e-03
     5           10000       -2.99199737e+01       7.623154e-03
    10           5000       -2.99199737e+01       7.650765e-03
    20           2500       -2.99199737e+01       7.636820e-03
    50           1000       -2.99199737e+01       7.617261e-03
    70            714       -2.99199027e+01       7.785567e-03
   100            500       -2.99199737e+01       8.040641e-03
   200            250       -2.99199737e+01       9.264941e-03
   500            100       -2.99199737e+01       1.223428e-02
0 0.007586592020877138 0.012234278701612571
Stocahstic error estimate: 7.586592e-03

step=3,E=-0.4674995895156284,dE=-0.00034725225792492376,err=0.00011854050032620528,gmax=0.11501402837913693
	collect g,Hv time= 0.4300265312194824
niter= 44
	solver time=25.158449172973633,exit status=0
	g=0.3020332025133913,del=6.357473105042184,dot=0.5988441553877867,x=12.137378143089387
	log prob= -4.387988569550714
	burn in time= 21.264487743377686
	sample time= 435.3843340873718
	contraction err= 4.446895015805387e-10 1.197269595403829e-06

Mean energy: -2.99231988e+01
Block size    # of blocks        Mean                Error
     1           50000       -2.99231988e+01       7.423165e-03
     2           25000       -2.99231988e+01       7.409523e-03
     5           10000       -2.99231988e+01       7.458174e-03
    10           5000       -2.99231988e+01       7.439304e-03
    20           2500       -2.99231988e+01       7.578478e-03
    50           1000       -2.99231988e+01       7.558961e-03
    70            714       -2.99231465e+01       7.695715e-03
   100            500       -2.99231988e+01       7.797689e-03
   200            250       -2.99231988e+01       9.153072e-03
   500            100       -2.99231988e+01       1.206352e-02
0 0.007423165001360195 0.012063522880463879
Stocahstic error estimate: 7.423165e-03

step=4,E=-0.46754998120537733,dE=-5.039168974890762e-05,err=0.00011598695314625304,gmax=0.03761191687444887
	collect g,Hv time= 0.4252746105194092
	solver time=24.40038800239563,exit status=0
niter= 43
	g=0.22539383439450972,del=6.826281690674131,dot=0.5903748831670763,x=12.13737814308939
	log prob= -4.800934934082163
	burn in time= 21.884412050247192
	sample time= 435.3164689540863
	contraction err= 4.772654127694362e-10 6.864813702663287e-07

Mean energy: -2.99004577e+01
Block size    # of blocks        Mean                Error
     1           50000       -2.99004577e+01       7.894178e-03
     2           25000       -2.99004577e+01       7.933910e-03
     5           10000       -2.99004577e+01       7.918562e-03
    10           5000       -2.99004577e+01       7.953047e-03
    20           2500       -2.99004577e+01       7.899681e-03
    50           1000       -2.99004577e+01       7.901844e-03
    70            714       -2.99004539e+01       8.045684e-03
   100            500       -2.99004577e+01       8.438131e-03
   200            250       -2.99004577e+01       9.745742e-03
   500            100       -2.99004577e+01       1.240157e-02
0 0.00793391007331378 0.012401568613723825
Stocahstic error estimate: 7.933910e-03

step=5,E=-0.46719465144202843,dE=0.00035532976334889943,err=0.0001239673448955278,gmax=0.34317271866247
	collect g,Hv time= 0.42558813095092773
	solver time=24.406762838363647,exit status=0
niter= 43
	g=0.6699329006241562,del=6.650244907039369,dot=0.8629480591715561,x=12.13737814308939
	log prob= -4.790968539074594
	burn in time= 21.826101541519165
	sample time= 438.5755228996277
	contraction err= 5.538114291411272e-10 3.6225702789690745e-06

Mean energy: -2.99189834e+01
Block size    # of blocks        Mean                Error
     1           50000       -2.99189834e+01       7.602804e-03
     2           25000       -2.99189834e+01       7.602853e-03
     5           10000       -2.99189834e+01       7.621529e-03
    10           5000       -2.99189834e+01       7.665819e-03
    20           2500       -2.99189834e+01       7.753563e-03
    50           1000       -2.99189834e+01       7.601284e-03
    70            714       -2.99189041e+01       7.355055e-03
   100            500       -2.99189834e+01       7.802855e-03
   200            250       -2.99189834e+01       8.759539e-03
   500            100       -2.99189834e+01       1.125503e-02
0 0.007602852797617371 0.011255028048396272
Stocahstic error estimate: 7.602853e-03

step=6,E=-0.46748411492992875,dE=-0.00028946348790032106,err=0.00011879457496277142,gmax=0.05362844479677431
	collect g,Hv time= 0.42534732818603516
niter= 43
	solver time=24.391435623168945,exit status=0
	g=0.2487899366393302,del=6.235542818618528,dot=0.6184160091962156,x=12.13737814308939
	log prob= -4.913546630498635
	burn in time= 21.280864477157593
	sample time= 436.7395889759064
	contraction err= 4.252782248730522e-10 7.005971797396692e-07

Mean energy: -2.99283768e+01
Block size    # of blocks        Mean                Error
     1           50000       -2.99283768e+01       7.610992e-03
     2           25000       -2.99283768e+01       7.633184e-03
     5           10000       -2.99283768e+01       7.634402e-03
    10           5000       -2.99283768e+01       7.635505e-03
    20           2500       -2.99283768e+01       7.510138e-03
    50           1000       -2.99283768e+01       7.460448e-03
    70            714       -2.99282374e+01       7.347335e-03
   100            500       -2.99283768e+01       7.635621e-03
   200            250       -2.99283768e+01       8.246223e-03
   500            100       -2.99283768e+01       9.706595e-03
0 0.007633183568668254 0.00970659540653403
Stocahstic error estimate: 7.633184e-03

step=7,E=-0.46763088710469514,dE=-0.00014677217476638527,err=0.00011926849326044147,gmax=0.1692704711473338
	collect g,Hv time= 0.4260718822479248
niter= 44
	solver time=25.14872121810913,exit status=0
	g=0.4332148366757055,del=6.430885263664254,dot=0.6842241601680289,x=12.13737814308939
	log prob= -5.048671484374534
	burn in time= 21.311009407043457
	sample time= 444.05364656448364
	contraction err= 5.398842558828484e-10 1.072191243543085e-06

Mean energy: -2.99011260e+01
Block size    # of blocks        Mean                Error
     1           50000       -2.99011260e+01       7.832045e-03
     2           25000       -2.99011260e+01       7.843081e-03
     5           10000       -2.99011260e+01       7.861450e-03
    10           5000       -2.99011260e+01       7.842323e-03
    20           2500       -2.99011260e+01       7.950398e-03
    50           1000       -2.99011260e+01       8.064215e-03
    70            714       -2.99010238e+01       8.132642e-03
   100            500       -2.99011260e+01       8.732211e-03
   200            250       -2.99011260e+01       1.005240e-02
   500            100       -2.99011260e+01       1.191725e-02
0 0.00784308115889254 0.011917247700592791
Stocahstic error estimate: 7.843081e-03

step=8,E=-0.46720509324142806,dE=0.0004257938632670766,err=0.00012254814310769593,gmax=0.1392277374536377
	collect g,Hv time= 0.4243507385253906
niter= 44
	solver time=25.274574279785156,exit status=0
	g=0.349987486161702,del=6.4383725457473195,dot=0.7514270173424975,x=12.13737814308939
	log prob= -5.201898273032287
	burn in time= 21.27677845954895
	sample time= 439.63762855529785
	contraction err= 5.944881169249139e-10 1.7926889294021642e-06

Mean energy: -2.99380315e+01
Block size    # of blocks        Mean                Error
     1           50000       -2.99380315e+01       7.454050e-03
     2           25000       -2.99380315e+01       7.447709e-03
     5           10000       -2.99380315e+01       7.482667e-03
    10           5000       -2.99380315e+01       7.439057e-03
    20           2500       -2.99380315e+01       7.546043e-03
    50           1000       -2.99380315e+01       7.401904e-03
    70            714       -2.99379752e+01       7.281020e-03
   100            500       -2.99380315e+01       7.390036e-03
   200            250       -2.99380315e+01       7.998771e-03
   500            100       -2.99380315e+01       9.497700e-03
0 0.007454049735859386 0.00949770032278124
Stocahstic error estimate: 7.454050e-03

step=9,E=-0.4677817424631569,dE=-0.0005766492217288421,err=0.00011646952712280291,gmax=0.09462228979656429
	collect g,Hv time= 0.4262864589691162
	solver time=24.42295742034912,exit status=0
niter= 43
	g=0.24376521116064545,del=6.658518171495091,dot=0.5760261504539486,x=12.13737814308939
	log prob= -5.4658835616015065
	burn in time= 21.210288524627686
	sample time= 431.2763247489929
	contraction err= 6.495466771132681e-10 2.0169296149185206e-06

Mean energy: -2.99226305e+01
Block size    # of blocks        Mean                Error
     1           50000       -2.99226305e+01       7.509088e-03
     2           25000       -2.99226305e+01       7.473363e-03
     5           10000       -2.99226305e+01       7.392017e-03
    10           5000       -2.99226305e+01       7.421507e-03
    20           2500       -2.99226305e+01       7.505593e-03
    50           1000       -2.99226305e+01       7.582765e-03
    70            714       -2.99224545e+01       7.402557e-03
   100            500       -2.99226305e+01       8.150920e-03
   200            250       -2.99226305e+01       9.211239e-03
   500            100       -2.99226305e+01       1.078971e-02
0 0.007509088490709256 0.010789712449898679
Stocahstic error estimate: 7.509088e-03

step=10,E=-0.4675411016295008,dE=0.00024064083365610278,err=0.00011732950766733212,gmax=0.04616754728391259
	collect g,Hv time= 0.4272468090057373
niter= 44
	solver time=25.147969722747803,exit status=0
	g=0.2562767534396576,del=6.791366300849975,dot=0.6337343362173806,x=12.137378143089391
	log prob= -5.5987155817696586
	burn in time= 21.359476566314697
	sample time= 429.9003584384918
	contraction err= 8.965828134937018e-10 1.1046805346405267e-05

Mean energy: -2.98965742e+01
Block size    # of blocks        Mean                Error
     1           50000       -2.98965742e+01       7.839015e-03
     2           25000       -2.98965742e+01       7.843697e-03
     5           10000       -2.98965742e+01       7.856513e-03
    10           5000       -2.98965742e+01       7.837557e-03
    20           2500       -2.98965742e+01       7.853182e-03
    50           1000       -2.98965742e+01       7.931277e-03
    70            714       -2.98965324e+01       7.796391e-03
   100            500       -2.98965742e+01       8.296100e-03
   200            250       -2.98965742e+01       9.463017e-03
   500            100       -2.98965742e+01       1.173598e-02
0 0.00784369683948236 0.011735980198621616
Stocahstic error estimate: 7.843697e-03

step=11,E=-0.4671339715098665,dE=0.00040713011963428025,err=0.00012255776311691186,gmax=0.07743566355313147
	collect g,Hv time= 0.4294917583465576
	solver time=24.367186069488525,exit status=0
niter= 43
	g=0.27552938896784973,del=6.291965849665973,dot=0.6943234804421651,x=12.137378143089391
	log prob= -5.539344878105984
	burn in time= 21.613444805145264
	sample time= 431.9443008899689
	contraction err= 6.433881554206664e-10 1.1279617211958484e-06

Mean energy: -2.98883693e+01
Block size    # of blocks        Mean                Error
     1           50000       -2.98883693e+01       7.791116e-03
     2           25000       -2.98883693e+01       7.798384e-03
     5           10000       -2.98883693e+01       7.882726e-03
    10           5000       -2.98883693e+01       7.874635e-03
    20           2500       -2.98883693e+01       7.883314e-03
    50           1000       -2.98883693e+01       7.862820e-03
    70            714       -2.98884107e+01       8.020974e-03
   100            500       -2.98883693e+01       8.453429e-03
   200            250       -2.98883693e+01       1.037645e-02
   500            100       -2.98883693e+01       1.327680e-02
0 0.0077983842913665466 0.013276800048675642
Stocahstic error estimate: 7.798384e-03

step=12,E=-0.46700577065359916,dE=0.00012820085626735755,err=0.00012184975455260229,gmax=0.05663393976198794
	collect g,Hv time= 0.42559266090393066
niter= 44
	solver time=25.192227125167847,exit status=0
	g=0.2540954799258335,del=6.761206723732455,dot=0.6916796050126186,x=12.13737814308939
	log prob= -5.828339553024676
	burn in time= 21.19201111793518
	sample time= 429.73614263534546
	contraction err= 5.934703974561471e-10 9.643224013194672e-07

Mean energy: -2.99352558e+01
Block size    # of blocks        Mean                Error
     1           50000       -2.99352558e+01       7.398798e-03
     2           25000       -2.99352558e+01       7.410411e-03
     5           10000       -2.99352558e+01       7.423135e-03
    10           5000       -2.99352558e+01       7.502602e-03
    20           2500       -2.99352558e+01       7.496801e-03
    50           1000       -2.99352558e+01       7.505485e-03
    70            714       -2.99354952e+01       7.569191e-03
   100            500       -2.99352558e+01       8.034438e-03
   200            250       -2.99352558e+01       9.400891e-03
   500            100       -2.99352558e+01       1.217091e-02
0 0.007410411267159067 0.012170907381830664
Stocahstic error estimate: 7.410411e-03

step=13,E=-0.46773837228606574,dE=-0.0007326016324665785,err=0.00011578767604936042,gmax=0.0503160823934925
	collect g,Hv time= 0.4271214008331299
niter= 43
	solver time=24.369075059890747,exit status=0
	g=0.23534808675435945,del=6.6231142775772645,dot=0.5929646852547014,x=12.13737814308939
	log prob= -5.97030584798825
	burn in time= 21.35151720046997
	sample time= 434.0710518360138
	contraction err= 6.033442136572466e-10 2.610991564994738e-06

Mean energy: -2.98937213e+01
Block size    # of blocks        Mean                Error
     1           50000       -2.98937213e+01       7.906873e-03
     2           25000       -2.98937213e+01       7.861860e-03
     5           10000       -2.98937213e+01       7.854123e-03
    10           5000       -2.98937213e+01       7.857997e-03
    20           2500       -2.98937213e+01       7.864622e-03
    50           1000       -2.98937213e+01       7.919488e-03
    70            714       -2.98935655e+01       7.802643e-03
   100            500       -2.98937213e+01       7.920079e-03
   200            250       -2.98937213e+01       8.780920e-03
   500            100       -2.98937213e+01       1.072273e-02
0 0.007906872945295549 0.010722734558376962
Stocahstic error estimate: 7.906873e-03

step=14,E=-0.46708939517801196,dE=0.0006489771080537832,err=0.00012354488977024295,gmax=0.103726213278021
	collect g,Hv time= 0.4258084297180176
niter= 44
	solver time=25.138919830322266,exit status=0
	g=0.33753572121327713,del=6.836375291137692,dot=0.7728823378384502,x=12.13737814308939
	log prob= -6.110991779684593
	burn in time= 21.57657766342163
	sample time= 436.4937162399292
	contraction err= 5.01882612811708e-10 1.3167745692568287e-06

Mean energy: -2.99390643e+01
Block size    # of blocks        Mean                Error
     1           50000       -2.99390643e+01       7.392472e-03
     2           25000       -2.99390643e+01       7.412671e-03
     5           10000       -2.99390643e+01       7.380659e-03
    10           5000       -2.99390643e+01       7.416468e-03
    20           2500       -2.99390643e+01       7.361546e-03
    50           1000       -2.99390643e+01       7.367860e-03
    70            714       -2.99391391e+01       7.459768e-03
   100            500       -2.99390643e+01       7.547937e-03
   200            250       -2.99390643e+01       8.334054e-03
   500            100       -2.99390643e+01       1.000123e-02
0 0.0074126711466735926 0.010001229133286974
Stocahstic error estimate: 7.412671e-03

step=15,E=-0.46779788013172396,dE=-0.0007084849537120075,err=0.00011582298666677488,gmax=0.04291216851746438
	collect g,Hv time= 0.4268379211425781
niter= 44
	solver time=25.147231340408325,exit status=0
	g=0.2327296036290508,del=6.553952558075985,dot=0.5811011193603446,x=12.137378143089391
	log prob= -6.168636852108882
	burn in time= 22.093531370162964
	sample time= 433.10817074775696
	contraction err= 6.862617600925424e-10 7.421978465434329e-06

Mean energy: -2.98954647e+01
Block size    # of blocks        Mean                Error
     1           50000       -2.98954647e+01       7.769609e-03
     2           25000       -2.98954647e+01       7.767454e-03
     5           10000       -2.98954647e+01       7.779431e-03
    10           5000       -2.98954647e+01       7.858820e-03
    20           2500       -2.98954647e+01       7.746624e-03
    50           1000       -2.98954647e+01       7.559954e-03
    70            714       -2.98953560e+01       7.342668e-03
   100            500       -2.98954647e+01       7.736307e-03
   200            250       -2.98954647e+01       8.223183e-03
   500            100       -2.98954647e+01       9.671812e-03
0 0.007769608949068247 0.009671811875767324
Stocahstic error estimate: 7.769609e-03

step=16,E=-0.4671166360202183,dE=0.0006812441115056633,err=0.00012140013982919135,gmax=0.15172338434098087
	collect g,Hv time= 0.42901134490966797
	solver time=24.38317847251892,exit status=0
niter= 43
	g=0.42284507001921934,del=6.72432315899591,dot=0.7423405735683011,x=12.137378143089391
	log prob= -6.382604360461794
	burn in time= 21.168583154678345
	sample time= 436.6198055744171
	contraction err= 5.280333319761678e-10 8.046183457764556e-07

Mean energy: -2.99482657e+01
Block size    # of blocks        Mean                Error
     1           50000       -2.99482657e+01       7.581092e-03
     2           25000       -2.99482657e+01       7.547775e-03
     5           10000       -2.99482657e+01       7.588313e-03
    10           5000       -2.99482657e+01       7.595063e-03
    20           2500       -2.99482657e+01       7.724618e-03
    50           1000       -2.99482657e+01       7.780862e-03
    70            714       -2.99485752e+01       7.671823e-03
   100            500       -2.99482657e+01       7.975239e-03
   200            250       -2.99482657e+01       9.291301e-03
   500            100       -2.99482657e+01       1.074912e-02
0 0.007581092027917089 0.01074912077936818
Stocahstic error estimate: 7.581092e-03

step=17,E=-0.4679416514530333,dE=-0.0008250154328149906,err=0.00011845456293620452,gmax=0.05082686088703081
	collect g,Hv time= 0.42601776123046875
niter= 44
	solver time=25.213382244110107,exit status=0
	g=0.2767120314206802,del=7.075239193319385,dot=0.7095159581370213,x=12.137378143089391
	log prob= -6.601514868152638
	burn in time= 21.844478368759155
	sample time= 430.71245098114014
	contraction err= 7.950985957329943e-10 3.1544793100453067e-06

Mean energy: -2.99082574e+01
Block size    # of blocks        Mean                Error
     1           50000       -2.99082574e+01       7.814277e-03
     2           25000       -2.99082574e+01       7.814722e-03
     5           10000       -2.99082574e+01       7.827107e-03
    10           5000       -2.99082574e+01       7.872967e-03
    20           2500       -2.99082574e+01       8.023597e-03
    50           1000       -2.99082574e+01       7.913228e-03
    70            714       -2.99083835e+01       7.954001e-03
   100            500       -2.99082574e+01       8.224957e-03
   200            250       -2.99082574e+01       9.477586e-03
   500            100       -2.99082574e+01       1.226860e-02
0 0.00781472153400365 0.012268595974329641
Stocahstic error estimate: 7.814722e-03

step=18,E=-0.4673165211730404,dE=0.0006251302799928915,err=0.00012210502396880704,gmax=0.07734215280070833
	collect g,Hv time= 0.4260382652282715
niter= 43
	solver time=24.38783097267151,exit status=0
	g=0.2834140625508917,del=6.373985640006872,dot=0.7492107087959561,x=12.13737814308939
	log prob= -6.712652633706026
	burn in time= 21.28841519355774
	sample time= 433.2554609775543
	contraction err= 5.593463173883618e-10 1.3191295451295604e-06

Mean energy: -2.99525534e+01
Block size    # of blocks        Mean                Error
     1           50000       -2.99525534e+01       7.413817e-03
     2           25000       -2.99525534e+01       7.435698e-03
     5           10000       -2.99525534e+01       7.446655e-03
    10           5000       -2.99525534e+01       7.419301e-03
    20           2500       -2.99525534e+01       7.382761e-03
    50           1000       -2.99525534e+01       7.629407e-03
    70            714       -2.99525940e+01       7.594366e-03
   100            500       -2.99525534e+01       8.065250e-03
   200            250       -2.99525534e+01       9.416650e-03
   500            100       -2.99525534e+01       1.112267e-02
0 0.0074356977590407485 0.011122674934804101
Stocahstic error estimate: 7.435698e-03

step=19,E=-0.46800864625728333,dE=-0.0006921250842429338,err=0.0001161827774850117,gmax=0.06577078220354426
	collect g,Hv time= 0.4265167713165283
niter= 44
	solver time=25.24889373779297,exit status=0
	g=0.2767098397401768,del=6.52553710540216,dot=0.6039701591795967,x=12.137378143089391
	log prob= -6.768047240669932
	burn in time= 21.28556799888611
	sample time= 436.0350239276886
	contraction err= 8.547134149455328e-10 3.4987777022499387e-06

Mean energy: -2.99336789e+01
Block size    # of blocks        Mean                Error
     1           50000       -2.99336789e+01       7.636308e-03
     2           25000       -2.99336789e+01       7.580016e-03
     5           10000       -2.99336789e+01       7.570063e-03
    10           5000       -2.99336789e+01       7.608503e-03
    20           2500       -2.99336789e+01       7.762812e-03
    50           1000       -2.99336789e+01       7.947135e-03
    70            714       -2.99336055e+01       7.870864e-03
   100            500       -2.99336789e+01       8.086271e-03
   200            250       -2.99336789e+01       9.056776e-03
   500            100       -2.99336789e+01       1.174876e-02
0 0.007636307957358193 0.011748756286802943
Stocahstic error estimate: 7.636308e-03

step=20,E=-0.4677137331061592,dE=0.000294913151124121,err=0.00011931731183372176,gmax=0.05683893020349329
	collect g,Hv time= 0.4256908893585205
niter= 44
	solver time=25.30724787712097,exit status=0
	g=0.26926019014741,del=6.610327173166178,dot=0.6891498500988386,x=12.13737814308939
	log prob= -7.006229443957529
	burn in time= 21.8547043800354
	sample time= 438.50443625450134
	contraction err= 6.126308500263241e-10 1.853484944271961e-06

Mean energy: -2.98989491e+01
Block size    # of blocks        Mean                Error
     1           50000       -2.98989491e+01       7.980425e-03
     2           25000       -2.98989491e+01       7.988302e-03
     5           10000       -2.98989491e+01       7.999680e-03
    10           5000       -2.98989491e+01       7.909506e-03
    20           2500       -2.98989491e+01       8.030087e-03
    50           1000       -2.98989491e+01       7.953165e-03
    70            714       -2.98989670e+01       8.034433e-03
   100            500       -2.98989491e+01       8.419947e-03
   200            250       -2.98989491e+01       1.016219e-02
   500            100       -2.98989491e+01       1.237780e-02
0 0.00798830156505689 0.01237780303391798
Stocahstic error estimate: 7.988302e-03

step=21,E=-0.467171079558709,dE=0.0005426535474502003,err=0.0001248172119540139,gmax=0.07508333749456453
	collect g,Hv time= 0.42708730697631836
niter= 43
	solver time=27.95450448989868,exit status=0
	g=0.3028671102645346,del=7.154763121570312,dot=0.7896594677204585,x=12.137378143089387
	log prob= -7.099127887201745
	burn in time= 22.052400827407837
	sample time= 441.0942838191986
	contraction err= 6.524421929854471e-10 1.93534034628718e-06

Mean energy: -2.99452796e+01
Block size    # of blocks        Mean                Error
     1           50000       -2.99452796e+01       7.401296e-03
     2           25000       -2.99452796e+01       7.389310e-03
     5           10000       -2.99452796e+01       7.379766e-03
    10           5000       -2.99452796e+01       7.338264e-03
    20           2500       -2.99452796e+01       7.401421e-03
    50           1000       -2.99452796e+01       7.369795e-03
    70            714       -2.99453213e+01       7.293381e-03
   100            500       -2.99452796e+01       7.766404e-03
   200            250       -2.99452796e+01       8.614689e-03
   500            100       -2.99452796e+01       1.066100e-02
0 0.007401295882885116 0.0106609958918792
Stocahstic error estimate: 7.401296e-03

step=22,E=-0.4678949945115692,dE=-0.0007239149528601718,err=0.00011564524817007994,gmax=0.03602093983963339
	collect g,Hv time= 0.42545461654663086
niter= 44
	solver time=25.332900047302246,exit status=0
	g=0.2107536738581496,del=6.238712244921219,dot=0.5370076919752625,x=12.13737814308939
	log prob= -7.331649152276646
	burn in time= 21.132022380828857
	sample time= 439.4995102882385
	contraction err= 1.0216846074734794e-09 8.524054320598751e-06

Mean energy: -2.99582177e+01
Block size    # of blocks        Mean                Error
     1           50000       -2.99582177e+01       7.426925e-03
     2           25000       -2.99582177e+01       7.429757e-03
     5           10000       -2.99582177e+01       7.355716e-03
    10           5000       -2.99582177e+01       7.369165e-03
    20           2500       -2.99582177e+01       7.474039e-03
    50           1000       -2.99582177e+01       7.510817e-03
    70            714       -2.99584173e+01       7.488127e-03
   100            500       -2.99582177e+01       7.767696e-03
   200            250       -2.99582177e+01       8.762788e-03
   500            100       -2.99582177e+01       1.059087e-02
0 0.007429756570768436 0.010590865927689116
Stocahstic error estimate: 7.429757e-03

step=23,E=-0.4680971522000583,dE=-0.00020215768848913518,err=0.00011608994641825681,gmax=0.1631352670316062
	collect g,Hv time= 0.42554736137390137
niter= 44
	solver time=31.737377882003784,exit status=0
	g=0.3463475636018254,del=6.234005606863997,dot=0.5696828457702527,x=12.13737814308939
	log prob= -7.540714893626646
	burn in time= 21.31631851196289
	sample time= 442.03008103370667
	contraction err= 1.155130615504264e-09 1.2508307568395155e-05

Mean energy: -2.99534412e+01
Block size    # of blocks        Mean                Error
     1           50000       -2.99534412e+01       7.474418e-03
     2           25000       -2.99534412e+01       7.463982e-03
     5           10000       -2.99534412e+01       7.472054e-03
    10           5000       -2.99534412e+01       7.464940e-03
    20           2500       -2.99534412e+01       7.480366e-03
    50           1000       -2.99534412e+01       7.548809e-03
    70            714       -2.99533722e+01       7.777549e-03
   100            500       -2.99534412e+01       7.875289e-03
   200            250       -2.99534412e+01       9.309554e-03
   500            100       -2.99534412e+01       1.194526e-02
0 0.007474417881639271 0.011945262990181919
Stocahstic error estimate: 7.474418e-03

step=24,E=-0.4680225186970018,dE=7.463350305653149e-05,err=0.0001167877794006136,gmax=0.0381265363991492
	collect g,Hv time= 0.4269440174102783
niter= 44
	solver time=25.18714427947998,exit status=0
	g=0.2641226276023816,del=6.616497236544966,dot=0.5702392835448971,x=12.13737814308939
	log prob= -7.6342604963975385
	burn in time= 21.168477535247803
	sample time= 438.3424997329712
	contraction err= 7.509396371268781e-10 1.662548723364557e-06

Mean energy: -2.99170126e+01
Block size    # of blocks        Mean                Error
     1           50000       -2.99170126e+01       7.728456e-03
     2           25000       -2.99170126e+01       7.741251e-03
     5           10000       -2.99170126e+01       7.694624e-03
    10           5000       -2.99170126e+01       7.678587e-03
    20           2500       -2.99170126e+01       7.753446e-03
    50           1000       -2.99170126e+01       7.937137e-03
    70            714       -2.99169097e+01       7.694904e-03
   100            500       -2.99170126e+01       8.195543e-03
   200            250       -2.99170126e+01       9.542167e-03
   500            100       -2.99170126e+01       1.240869e-02
0 0.007741251396877088 0.012408687782448828
Stocahstic error estimate: 7.741251e-03

step=25,E=-0.467453321667617,dE=0.0005691970293847937,err=0.0001209570530762045,gmax=0.032032803726792736
	collect g,Hv time= 0.42544031143188477
niter= 44
	solver time=25.24251675605774,exit status=0
	g=0.24005156338631145,del=6.731842335867272,dot=0.5474839961154234,x=12.13737814308939
	log prob= -7.760404442007215
	burn in time= 21.17216920852661
	sample time= 435.77755427360535
	contraction err= 7.537670015924003e-10 2.15126745801422e-06

Mean energy: -2.99595606e+01
Block size    # of blocks        Mean                Error
     1           50000       -2.99595606e+01       7.556197e-03
     2           25000       -2.99595606e+01       7.519705e-03
     5           10000       -2.99595606e+01       7.512390e-03
    10           5000       -2.99595606e+01       7.542508e-03
    20           2500       -2.99595606e+01       7.636067e-03
    50           1000       -2.99595606e+01       7.265238e-03
    70            714       -2.99598210e+01       7.342957e-03
   100            500       -2.99595606e+01       7.587421e-03
   200            250       -2.99595606e+01       8.512772e-03
   500            100       -2.99595606e+01       1.030587e-02
0 0.007556197190671803 0.010305865648475701
Stocahstic error estimate: 7.556197e-03

step=26,E=-0.4681181337034617,dE=-0.0006648120358447307,err=0.00011806558110424692,gmax=0.05612802890668117
	collect g,Hv time= 0.4257054328918457
niter= 44
	solver time=25.149012327194214,exit status=0
	g=0.2931545349386467,del=6.637920142187688,dot=0.676758203098432,x=12.13737814308939
	log prob= -7.9703740853323675
	burn in time= 21.799694538116455
	sample time= 441.47086906433105
	contraction err= 7.158409701329635e-10 9.342560130578732e-07

Mean energy: -2.99169415e+01
Block size    # of blocks        Mean                Error
     1           50000       -2.99169415e+01       7.948245e-03
     2           25000       -2.99169415e+01       7.963876e-03
     5           10000       -2.99169415e+01       8.018536e-03
    10           5000       -2.99169415e+01       8.078915e-03
    20           2500       -2.99169415e+01       8.141538e-03
    50           1000       -2.99169415e+01       8.358627e-03
    70            714       -2.99169123e+01       8.314708e-03
   100            500       -2.99169415e+01       8.460085e-03
   200            250       -2.99169415e+01       9.609049e-03
   500            100       -2.99169415e+01       1.224464e-02
0 0.007963876449925618 0.012244639325151765
Stocahstic error estimate: 7.963876e-03

step=27,E=-0.4674522113837383,dE=0.0006659223197233999,err=0.00012443556953008777,gmax=0.08210640340875275
	collect g,Hv time= 0.4233665466308594
	solver time=25.59549331665039,exit status=0
niter= 45
	g=0.3242680751669906,del=6.726366914423413,dot=0.7263143004518642,x=12.13737814308939
	log prob= -7.947290959791027
	burn in time= 21.372637033462524
	sample time= 441.20295786857605
	contraction err= 1.0109544353393133e-09 4.303166185536941e-06

Mean energy: -2.99255441e+01
Block size    # of blocks        Mean                Error
     1           50000       -2.99255441e+01       7.687038e-03
     2           25000       -2.99255441e+01       7.668003e-03
     5           10000       -2.99255441e+01       7.719550e-03
    10           5000       -2.99255441e+01       7.660767e-03
    20           2500       -2.99255441e+01       7.530276e-03
    50           1000       -2.99255441e+01       7.260338e-03
    70            714       -2.99254160e+01       7.133436e-03
   100            500       -2.99255441e+01       7.356493e-03
   200            250       -2.99255441e+01       8.178005e-03
   500            100       -2.99255441e+01       1.031653e-02
0 0.007687037731500645 0.010316525949950148
Stocahstic error estimate: 7.687038e-03

step=28,E=-0.46758662622552244,dE=-0.000134414841784114,err=0.00012010996455469757,gmax=0.05429100902124784
	collect g,Hv time= 0.424729585647583
niter= 43
	solver time=27.348474979400635,exit status=0
	g=0.27744685698565597,del=7.205538316903478,dot=0.8611081463293501,x=12.13737814308939
	log prob= -8.07860436985023
	burn in time= 21.204878091812134
	sample time= 436.0009741783142
	contraction err= 8.362620269413676e-10 8.787040493848138e-07

Mean energy: -2.99412777e+01
Block size    # of blocks        Mean                Error
     1           50000       -2.99412777e+01       7.673556e-03
     2           25000       -2.99412777e+01       7.637999e-03
     5           10000       -2.99412777e+01       7.653357e-03
    10           5000       -2.99412777e+01       7.643689e-03
    20           2500       -2.99412777e+01       7.637264e-03
    50           1000       -2.99412777e+01       7.690547e-03
    70            714       -2.99415278e+01       7.556519e-03
   100            500       -2.99412777e+01       8.036183e-03
   200            250       -2.99412777e+01       8.939699e-03
   500            100       -2.99412777e+01       1.119247e-02
0 0.007673555546373636 0.011192473477396681
Stocahstic error estimate: 7.673556e-03

step=29,E=-0.4678324636329692,dE=-0.0002458374074467695,err=0.00011989930541208806,gmax=0.05928138720862375
	collect g,Hv time= 0.42693328857421875
niter= 39
	solver time=22.06275510787964,exit status=0
	g=0.33782757648889533,del=6.344073591633617,dot=0.6986935834335961,x=12.13737814308939
	log prob= -8.099106019456206
	burn in time= 20.808534622192383
	sample time= 435.87745571136475
	contraction err= 8.945257545658006e-10 2.878720508381959e-06

Mean energy: -2.99659239e+01
Block size    # of blocks        Mean                Error
     1           50000       -2.99659239e+01       7.340542e-03
     2           25000       -2.99659239e+01       7.347106e-03
     5           10000       -2.99659239e+01       7.368968e-03
    10           5000       -2.99659239e+01       7.335995e-03
    20           2500       -2.99659239e+01       7.346394e-03
    50           1000       -2.99659239e+01       7.437389e-03
    70            714       -2.99658835e+01       7.324266e-03
   100            500       -2.99659239e+01       7.767339e-03
   200            250       -2.99659239e+01       8.548445e-03
   500            100       -2.99659239e+01       1.050793e-02
0 0.007347106194688087 0.010507925037507332
Stocahstic error estimate: 7.347106e-03

step=30,E=-0.46821756070341525,dE=-0.0003850970704460388,err=0.00011479853429200136,gmax=0.0363671677238111
	collect g,Hv time= 0.42638587951660156
niter= 44
	solver time=28.892887592315674,exit status=0
	g=0.21311708185525885,del=6.055573484717841,dot=0.5554292875332543,x=12.13737814308939
	log prob= -8.05443245203509
	burn in time= 21.79349708557129
	sample time= 438.59926652908325
	contraction err= 6.752446570529166e-10 1.1228721150616757e-06

Mean energy: -2.99808312e+01
Block size    # of blocks        Mean                Error
     1           50000       -2.99808312e+01       7.493405e-03
     2           25000       -2.99808312e+01       7.487611e-03
     5           10000       -2.99808312e+01       7.419514e-03
    10           5000       -2.99808312e+01       7.397776e-03
    20           2500       -2.99808312e+01       7.431180e-03
    50           1000       -2.99808312e+01       7.402173e-03
    70            714       -2.99808311e+01       7.328139e-03
   100            500       -2.99808312e+01       7.567638e-03
   200            250       -2.99808312e+01       8.683164e-03
   500            100       -2.99808312e+01       1.021506e-02
0 0.00749340526216786 0.010215058320331214
Stocahstic error estimate: 7.493405e-03

step=31,E=-0.46845048824053925,dE=-0.00023292753712400582,err=0.00011708445722137282,gmax=0.20738033431760322
	collect g,Hv time= 0.4296693801879883
niter= 44
	solver time=25.139137506484985,exit status=0
	g=0.39890199662481257,del=6.4487856946465305,dot=0.6527695669049456,x=12.13737814308939
	log prob= -8.15349848496653
	burn in time= 21.14614176750183
	sample time= 438.055291891098
	contraction err= 8.593913871551797e-10 8.116287891886576e-06

Mean energy: -2.99639458e+01
Block size    # of blocks        Mean                Error
     1           50000       -2.99639458e+01       7.472212e-03
     2           25000       -2.99639458e+01       7.446374e-03
     5           10000       -2.99639458e+01       7.469696e-03
    10           5000       -2.99639458e+01       7.479029e-03
    20           2500       -2.99639458e+01       7.325683e-03
    50           1000       -2.99639458e+01       7.098106e-03
    70            714       -2.99637884e+01       7.131537e-03
   100            500       -2.99639458e+01       7.464917e-03
   200            250       -2.99639458e+01       8.209449e-03
   500            100       -2.99639458e+01       9.967555e-03
0 0.007472211588468513 0.009967555131504208
Stocahstic error estimate: 7.472212e-03

step=32,E=-0.4681866535686014,dE=0.00026383467193785703,err=0.00011675330606982051,gmax=0.07086591346041492
	collect g,Hv time= 0.4284069538116455
niter= 39
	solver time=25.946574211120605,exit status=0
	g=0.26746857977566607,del=5.886398265670289,dot=0.6291104500764474,x=12.13737814308939
	log prob= -8.143994863217795
	burn in time= 20.644557237625122
	sample time= 436.6728045940399
	contraction err= 9.530173127388296e-10 6.128412060840428e-06

Mean energy: -2.99915278e+01
Block size    # of blocks        Mean                Error
     1           50000       -2.99915278e+01       7.299347e-03
     2           25000       -2.99915278e+01       7.277473e-03
     5           10000       -2.99915278e+01       7.282569e-03
    10           5000       -2.99915278e+01       7.170096e-03
    20           2500       -2.99915278e+01       7.122310e-03
    50           1000       -2.99915278e+01       7.092537e-03
    70            714       -2.99915222e+01       7.102075e-03
   100            500       -2.99915278e+01       7.447908e-03
   200            250       -2.99915278e+01       8.420548e-03
   500            100       -2.99915278e+01       1.017685e-02
0 0.007299346857044544 0.010176851979459221
Stocahstic error estimate: 7.299347e-03

step=33,E=-0.46861762177701893,dE=-0.000430968208417537,err=0.000114052294641321,gmax=0.05624502283562016
	collect g,Hv time= 0.4293949604034424
niter= 44
	solver time=25.118910551071167,exit status=0
	g=0.25727830851847444,del=6.041942751951985,dot=0.5694188306771659,x=12.137378143089391
	log prob= -8.159374531771709
	burn in time= 21.947036743164062
	sample time= 439.67025876045227
	contraction err= 9.163154919964102e-10 2.7851320496962254e-06

Mean energy: -2.99473221e+01
Block size    # of blocks        Mean                Error
     1           50000       -2.99473221e+01       7.694273e-03
     2           25000       -2.99473221e+01       7.687467e-03
     5           10000       -2.99473221e+01       7.655961e-03
    10           5000       -2.99473221e+01       7.761977e-03
    20           2500       -2.99473221e+01       7.756215e-03
    50           1000       -2.99473221e+01       7.840064e-03
    70            714       -2.99470729e+01       7.743951e-03
   100            500       -2.99473221e+01       8.016821e-03
   200            250       -2.99473221e+01       9.330331e-03
   500            100       -2.99473221e+01       1.178277e-02
0 0.007694273036387421 0.011782773700303952
Stocahstic error estimate: 7.694273e-03

step=34,E=-0.46792690719459545,dE=0.0006907145824234795,err=0.00012022301619355345,gmax=0.056286828127573685
	collect g,Hv time= 0.4276719093322754
	solver time=29.681769371032715,exit status=0
niter= 42
	g=0.3135468860917714,del=6.105895056399847,dot=0.7124586980348873,x=12.13737814308939
	log prob= -8.111323085692867
	burn in time= 21.36507749557495
	sample time= 438.86202359199524
	contraction err= 8.571058364280942e-10 5.2233768582767514e-06

Mean energy: -2.99921936e+01
Block size    # of blocks        Mean                Error
     1           50000       -2.99921936e+01       7.360828e-03
     2           25000       -2.99921936e+01       7.319178e-03
     5           10000       -2.99921936e+01       7.342867e-03
    10           5000       -2.99921936e+01       7.238827e-03
    20           2500       -2.99921936e+01       7.184460e-03
    50           1000       -2.99921936e+01       7.362495e-03
    70            714       -2.99921260e+01       7.410547e-03
   100            500       -2.99921936e+01       7.697268e-03
   200            250       -2.99921936e+01       8.875856e-03
   500            100       -2.99921936e+01       1.072953e-02
0 0.007360828087871427 0.010729533618718218
Stocahstic error estimate: 7.360828e-03

step=35,E=-0.4686280250416369,dE=-0.0007011178470414658,err=0.00011501293887299105,gmax=0.04422537875010102
	collect g,Hv time= 0.42795491218566895
niter= 44
	solver time=25.138985633850098,exit status=0
	g=0.2500981308359787,del=6.4363524957912785,dot=0.6167026611849317,x=12.137378143089391
	log prob= -8.130278651737243
	burn in time= 21.758280992507935
	sample time= 441.8867886066437
	contraction err= 6.492910339836463e-10 9.561950758565202e-07

Mean energy: -3.00146121e+01
Block size    # of blocks        Mean                Error
     1           50000       -3.00146121e+01       7.158791e-03
     2           25000       -3.00146121e+01       7.173238e-03
     5           10000       -3.00146121e+01       7.135680e-03
    10           5000       -3.00146121e+01       7.181208e-03
    20           2500       -3.00146121e+01       7.227932e-03
    50           1000       -3.00146121e+01       7.173393e-03
    70            714       -3.00147095e+01       7.106795e-03
   100            500       -3.00146121e+01       7.434898e-03
   200            250       -3.00146121e+01       8.802125e-03
   500            100       -3.00146121e+01       1.118076e-02
0 0.007173238112361525 0.011180760731827815
Stocahstic error estimate: 7.173238e-03

step=36,E=-0.4689783138720954,dE=-0.00035028883045845616,err=0.00011208184550564882,gmax=0.05784968946696001
	collect g,Hv time= 0.42865800857543945
niter= 43
	solver time=32.75711488723755,exit status=0
	g=0.20800746976851656,del=6.6221696912716945,dot=0.5842316245034573,x=12.13737814308939
	log prob= -8.169129122213118
	burn in time= 20.404234647750854
	sample time= 438.0959675312042
	contraction err= 8.879571547157637e-10 2.899788739646965e-06

Mean energy: -2.99567437e+01
Block size    # of blocks        Mean                Error
     1           50000       -2.99567437e+01       7.606879e-03
     2           25000       -2.99567437e+01       7.629218e-03
     5           10000       -2.99567437e+01       7.656699e-03
    10           5000       -2.99567437e+01       7.648072e-03
    20           2500       -2.99567437e+01       7.708330e-03
    50           1000       -2.99567437e+01       7.640881e-03
    70            714       -2.99567793e+01       7.516198e-03
   100            500       -2.99567437e+01       7.831617e-03
   200            250       -2.99567437e+01       8.931663e-03
   500            100       -2.99567437e+01       1.149775e-02
0 0.007629217624317325 0.011497746294835449
Stocahstic error estimate: 7.629218e-03

step=37,E=-0.468074120631325,dE=0.0009041932407704012,err=0.0001192065253799582,gmax=0.05609698357809423
	collect g,Hv time= 0.4258453845977783
niter= 44
	solver time=25.19289803504944,exit status=0
	g=0.25702251504878854,del=6.576815174360973,dot=0.6873019362175565,x=12.13737814308939
	log prob= -7.996594059771956
	burn in time= 21.132256269454956
	sample time= 439.1651825904846
	contraction err= 9.504760015365938e-10 4.296738285598395e-06

Mean energy: -2.99361749e+01
Block size    # of blocks        Mean                Error
     1           50000       -2.99361749e+01       7.859557e-03
     2           25000       -2.99361749e+01       7.832943e-03
     5           10000       -2.99361749e+01       7.906524e-03
    10           5000       -2.99361749e+01       7.923910e-03
    20           2500       -2.99361749e+01       7.840237e-03
    50           1000       -2.99361749e+01       8.009883e-03
    70            714       -2.99360338e+01       7.839449e-03
   100            500       -2.99361749e+01       8.529384e-03
   200            250       -2.99361749e+01       9.956441e-03
   500            100       -2.99361749e+01       1.207322e-02
0 0.007859556876977205 0.01207322178556872
Stocahstic error estimate: 7.859557e-03

step=38,E=-0.46775273278839485,dE=0.0003213878429301209,err=0.00012280557620276882,gmax=0.04338745988119541
	collect g,Hv time= 0.4279036521911621
niter= 44
	solver time=25.27140164375305,exit status=0
	g=0.2625739125160486,del=6.67664384792836,dot=0.699877836551794,x=12.13737814308939
	log prob= -7.807791351940134
	burn in time= 21.01138997077942
	sample time= 441.36669754981995
	contraction err= 7.051946433030809e-10 1.5148101304510006e-06

Mean energy: -2.99719724e+01
Block size    # of blocks        Mean                Error
     1           50000       -2.99719724e+01       7.584493e-03
     2           25000       -2.99719724e+01       7.581615e-03
     5           10000       -2.99719724e+01       7.619001e-03
    10           5000       -2.99719724e+01       7.737325e-03
    20           2500       -2.99719724e+01       7.726153e-03
    50           1000       -2.99719724e+01       7.698764e-03
    70            714       -2.99720260e+01       7.893146e-03
   100            500       -2.99719724e+01       8.336773e-03
   200            250       -2.99719724e+01       9.928565e-03
   500            100       -2.99719724e+01       1.311029e-02
0 0.007584492882973012 0.013110290490996497
Stocahstic error estimate: 7.584493e-03

step=39,E=-0.4683120681516116,dE=-0.0005593353632167286,err=0.00011850770129645332,gmax=0.04563695126450673
	collect g,Hv time= 0.43250107765197754
	solver time=28.127540588378906,exit status=0
niter= 44
	g=0.2712204281685977,del=6.298008860900445,dot=0.5268625948843338,x=12.13737814308939
	log prob= -7.729197956487595
	burn in time= 19.5763099193573
	sample time= 440.09348011016846
	contraction err= 1.0443999020265958e-09 6.599371302765595e-06

Mean energy: -2.99790611e+01
Block size    # of blocks        Mean                Error
     1           50000       -2.99790611e+01       7.391762e-03
     2           25000       -2.99790611e+01       7.404717e-03
     5           10000       -2.99790611e+01       7.423650e-03
    10           5000       -2.99790611e+01       7.433531e-03
    20           2500       -2.99790611e+01       7.346219e-03
    50           1000       -2.99790611e+01       7.456423e-03
    70            714       -2.99791878e+01       7.561282e-03
   100            500       -2.99790611e+01       7.930303e-03
   200            250       -2.99790611e+01       8.814927e-03
   500            100       -2.99790611e+01       1.131847e-02
0 0.007404717456281738 0.011318469302468246
Stocahstic error estimate: 7.404717e-03

step=40,E=-0.4684228289524466,dE=-0.00011076080083499695,err=0.00011569871025440216,gmax=0.05470120302247139
	collect g,Hv time= 0.4288055896759033
niter= 43
	solver time=24.46764588356018,exit status=0
	g=0.2648678129176436,del=6.441598397082285,dot=0.5455415160530313,x=12.13737814308939
	log prob= -7.886996185447495
	burn in time= 21.79456067085266
	sample time= 439.8487288951874
	contraction err= 8.437087391762877e-10 1.3866233710994677e-06

Mean energy: -2.99900040e+01
Block size    # of blocks        Mean                Error
     1           50000       -2.99900040e+01       7.915228e-03
     2           25000       -2.99900040e+01       7.854293e-03
     5           10000       -2.99900040e+01       7.885975e-03
    10           5000       -2.99900040e+01       7.854330e-03
    20           2500       -2.99900040e+01       7.739459e-03
    50           1000       -2.99900040e+01       7.881199e-03
    70            714       -2.99903390e+01       7.776325e-03
   100            500       -2.99900040e+01       8.029844e-03
   200            250       -2.99900040e+01       8.939476e-03
   500            100       -2.99900040e+01       1.025062e-02
0 0.007915228321463 0.010250620313603222
Stocahstic error estimate: 7.915228e-03

step=41,E=-0.46859381275705814,dE=-0.0001709838046115575,err=0.00012367544252285938,gmax=0.16313815414343807
	collect g,Hv time= 0.4260880947113037
niter= 43
	solver time=31.750685453414917,exit status=0
	g=0.4468496267902944,del=6.764535858955385,dot=0.9365789679626291,x=12.137378143089391
	log prob= -7.837672250987401
	burn in time= 21.877972841262817
	sample time= 439.6441192626953
	contraction err= 8.888326008302111e-10 1.7112344272092028e-06

Mean energy: -2.99717153e+01
Block size    # of blocks        Mean                Error
     1           50000       -2.99717153e+01       7.524427e-03
     2           25000       -2.99717153e+01       7.520191e-03
     5           10000       -2.99717153e+01       7.571928e-03
    10           5000       -2.99717153e+01       7.525346e-03
    20           2500       -2.99717153e+01       7.484331e-03
    50           1000       -2.99717153e+01       7.629451e-03
    70            714       -2.99714729e+01       7.471049e-03
   100            500       -2.99717153e+01       8.079847e-03
   200            250       -2.99717153e+01       9.021106e-03
   500            100       -2.99717153e+01       1.124962e-02
0 0.007524427456313005 0.011249618985690924
Stocahstic error estimate: 7.524427e-03

step=42,E=-0.468308050884917,dE=0.0002857618721411326,err=0.0001175691790048907,gmax=0.03663047178356271
	collect g,Hv time= 0.42621278762817383
niter= 43
	solver time=24.370686769485474,exit status=0
	g=0.23105327573190473,del=6.220411314636446,dot=0.5528592520348812,x=12.137378143089391
	log prob= -7.924110511236332
	burn in time= 19.266799926757812
	sample time= 438.5643072128296
	contraction err= 1.0018674008815793e-09 1.3946386368709321e-06

Mean energy: -2.99994092e+01
Block size    # of blocks        Mean                Error
     1           50000       -2.99994092e+01       7.336912e-03
     2           25000       -2.99994092e+01       7.361230e-03
     5           10000       -2.99994092e+01       7.399237e-03
    10           5000       -2.99994092e+01       7.407791e-03
    20           2500       -2.99994092e+01       7.461485e-03
    50           1000       -2.99994092e+01       7.406146e-03
    70            714       -2.99992413e+01       7.407624e-03
   100            500       -2.99994092e+01       7.854650e-03
   200            250       -2.99994092e+01       9.208520e-03
   500            100       -2.99994092e+01       1.239951e-02
0 0.007361229539168667 0.012399508380879365
Stocahstic error estimate: 7.361230e-03

step=43,E=-0.4687407693660401,dE=-0.0004327184811230844,err=0.00011501921154951042,gmax=0.05099151547161451
	collect g,Hv time= 0.4289216995239258
niter= 43
	solver time=24.40895104408264,exit status=0
	g=0.26450180610019175,del=6.455381313199445,dot=0.6117273901422027,x=12.13737814308939
	log prob= -7.896593888991425
	burn in time= 21.720369815826416
	sample time= 441.2079236507416
	contraction err= 1.230877460398553e-09 1.6745151544432565e-06

Mean energy: -2.99567467e+01
Block size    # of blocks        Mean                Error
     1           50000       -2.99567467e+01       7.687864e-03
     2           25000       -2.99567467e+01       7.719235e-03
     5           10000       -2.99567467e+01       7.805087e-03
    10           5000       -2.99567467e+01       7.783076e-03
    20           2500       -2.99567467e+01       7.886984e-03
    50           1000       -2.99567467e+01       7.865201e-03
    70            714       -2.99568501e+01       7.974619e-03
   100            500       -2.99567467e+01       8.028023e-03
   200            250       -2.99567467e+01       9.150737e-03
   500            100       -2.99567467e+01       1.188674e-02
0 0.007719235019392274 0.011886743331754622
Stocahstic error estimate: 7.719235e-03

step=44,E=-0.46807416672328206,dE=0.0006666026427580296,err=0.00012061304717800428,gmax=0.034259839193679475
	collect g,Hv time= 0.42754673957824707
niter= 43
	solver time=24.74059748649597,exit status=0
	g=0.23457862329438436,del=6.545950402655302,dot=0.6829653120411975,x=12.13737814308939
	log prob= -7.817588471412971
	burn in time= 21.87196373939514
	sample time= 443.4826395511627
	contraction err= 9.664788988102275e-10 2.9268760753396734e-06

Mean energy: -2.99993995e+01
Block size    # of blocks        Mean                Error
     1           50000       -2.99993995e+01       7.357423e-03
     2           25000       -2.99993995e+01       7.352548e-03
     5           10000       -2.99993995e+01       7.243128e-03
    10           5000       -2.99993995e+01       7.214932e-03
    20           2500       -2.99993995e+01       7.284074e-03
    50           1000       -2.99993995e+01       7.245848e-03
    70            714       -2.99993520e+01       7.500109e-03
   100            500       -2.99993995e+01       7.607913e-03
   200            250       -2.99993995e+01       8.658037e-03
   500            100       -2.99993995e+01       1.055019e-02
0 0.007357423406447057 0.01055019237458817
Stocahstic error estimate: 7.357423e-03

step=45,E=-0.46874061761889146,dE=-0.0006664508956094051,err=0.00011495974072573526,gmax=0.09344979577911072
	collect g,Hv time= 0.42777585983276367
niter= 42
	solver time=23.998743534088135,exit status=0
	g=0.2598809288687693,del=6.06141547338486,dot=0.5169931203994828,x=12.13737814308939
	log prob= -7.857550414516189
	burn in time= 21.653713941574097
	sample time= 435.6226897239685
	contraction err= 1.010018949381601e-09 1.1231652928613165e-06

Mean energy: -2.99751750e+01
Block size    # of blocks        Mean                Error
     1           50000       -2.99751750e+01       7.647319e-03
     2           25000       -2.99751750e+01       7.674961e-03
     5           10000       -2.99751750e+01       7.708884e-03
    10           5000       -2.99751750e+01       7.717568e-03
    20           2500       -2.99751750e+01       7.603216e-03
    50           1000       -2.99751750e+01       7.616067e-03
    70            714       -2.99749700e+01       7.408360e-03
   100            500       -2.99751750e+01       7.916511e-03
   200            250       -2.99751750e+01       9.073354e-03
   500            100       -2.99751750e+01       1.155269e-02
0 0.007674961096929701 0.011552693202438614
Stocahstic error estimate: 7.674961e-03

step=46,E=-0.4683621092969185,dE=0.0003785083219729479,err=0.00011992126713952658,gmax=0.053124922254623175
	collect g,Hv time= 0.4250473976135254
niter= 43
	solver time=27.882312774658203,exit status=0
	g=0.26140381312891503,del=6.261629294253982,dot=0.6935905806719245,x=12.13737814308939
	log prob= -7.658918587254244
	burn in time= 20.94559359550476
	sample time= 440.6389775276184
	contraction err= 1.292650356485476e-09 8.006038708822024e-06

Mean energy: -2.99682216e+01
Block size    # of blocks        Mean                Error
     1           50000       -2.99682216e+01       7.640876e-03
     2           25000       -2.99682216e+01       7.616943e-03
     5           10000       -2.99682216e+01       7.578254e-03
    10           5000       -2.99682216e+01       7.509707e-03
    20           2500       -2.99682216e+01       7.524154e-03
    50           1000       -2.99682216e+01       7.604623e-03
    70            714       -2.99680340e+01       7.451627e-03
   100            500       -2.99682216e+01       8.072532e-03
   200            250       -2.99682216e+01       9.259722e-03
   500            100       -2.99682216e+01       1.130828e-02
0 0.007640876214702972 0.011308280169204708
Stocahstic error estimate: 7.640876e-03

step=47,E=-0.4682534621589967,dE=0.00010864713792180236,err=0.00011938869085473394,gmax=0.04073245162937478
	collect g,Hv time= 0.4265317916870117
niter= 43
	solver time=24.37116050720215,exit status=0
	g=0.25022612793852356,del=6.13009340199008,dot=0.5985014849830348,x=12.13737814308939
	log prob= -7.7335236299652035
	burn in time= 21.41869020462036
	sample time= 440.39548921585083
	contraction err= 1.1937623681083002e-09 3.4169627745231796e-06

Mean energy: -2.99854669e+01
Block size    # of blocks        Mean                Error
     1           50000       -2.99854669e+01       7.520110e-03
     2           25000       -2.99854669e+01       7.508450e-03
     5           10000       -2.99854669e+01       7.465349e-03
    10           5000       -2.99854669e+01       7.485794e-03
    20           2500       -2.99854669e+01       7.475813e-03
    50           1000       -2.99854669e+01       7.396997e-03
    70            714       -2.99853389e+01       7.477310e-03
   100            500       -2.99854669e+01       7.533654e-03
   200            250       -2.99854669e+01       8.537628e-03
   500            100       -2.99854669e+01       1.016356e-02
0 0.007520109666538143 0.01016355968520112
Stocahstic error estimate: 7.520110e-03

step=48,E=-0.46852291990802625,dE=-0.00026945774902953357,err=0.00011750171353965848,gmax=0.10000511624128494
	collect g,Hv time= 0.42574596405029297
niter= 43
	solver time=31.110836505889893,exit status=0
	g=0.3180463004918609,del=6.3738225761137475,dot=0.6487013036204519,x=12.13737814308939
	log prob= -7.704928512812305
	burn in time= 21.274439096450806
	sample time= 443.491014957428
	contraction err= 8.410970062295098e-10 1.332219191303068e-06

Mean energy: -2.99851113e+01
Block size    # of blocks        Mean                Error
     1           50000       -2.99851113e+01       1.594430e-02
     2           25000       -2.99851113e+01       1.594601e-02
     5           10000       -2.99851113e+01       1.598278e-02
    10           5000       -2.99851113e+01       1.605394e-02
    20           2500       -2.99851113e+01       1.606396e-02
    50           1000       -2.99851113e+01       1.584818e-02
    70            714       -2.99853111e+01       1.609779e-02
   100            500       -2.99851113e+01       1.618186e-02
   200            250       -2.99851113e+01       1.681112e-02
   500            100       -2.99851113e+01       1.805398e-02
0 0.01594600819910824 0.018053977506774878
Stocahstic error estimate: 1.594601e-02

step=49,E=-0.46851736339693495,dE=5.556511091298066e-06,err=0.00024915637811106627,gmax=5.235027107215104
	collect g,Hv time= 0.4320862293243408
niter= 11
	solver time=5.813241720199585,exit status=0
	g=13.172775148272846,del=2.4562300702778006,dot=10.244674698460607,x=12.13737814308939
