block_dict= [(0, 1567)]
sizes= [1567]
nbatch= 1
SIZE= 640
nparam= 1567
	prob= 0.07336029150219288
	burn in time= 9.579070091247559
	sample time= 58.39413404464722
	contraction err= 0.007591096013815852 2.9417812877121206

Mean energy: -1.28746822e+01
Block size    # of blocks        Mean                Error
     1           50000       -1.28746822e+01       6.889366e-03
     2           25000       -1.28746822e+01       6.883190e-03
     5           10000       -1.28746822e+01       6.879287e-03
    10           5000       -1.28746822e+01       6.897746e-03
    20           2500       -1.28746822e+01       6.791768e-03
    50           1000       -1.28746822e+01       6.918828e-03
    70            714       -1.28750057e+01       6.835041e-03
   100            500       -1.28746822e+01       6.681295e-03
   200            250       -1.28746822e+01       6.606311e-03
   500            100       -1.28746822e+01       6.734225e-03
0 0.006889365605116076 0.006734224698511756
Stocahstic error estimate: 6.889366e-03

step=0,E=-0.804667639053616,dE=-0.804667639053616,err=0.00043058535031975474,gmax=0.3010549312094781
	collect g,Hv time= 0.4678773880004883
	solver time=0.06655144691467285,exit status=0
niter= 54
	g=1.222514848731829,del=2.502616349703894,dot=1.246681482519613,x=14.065001859351323
saving to  ./psi1
	prob= 0.10944903031186312
	burn in time= 9.574997663497925
	sample time= 220.7694251537323
	contraction err= 0.007540862353315209 5.866406432270083

Mean energy: -1.30150405e+01
Block size    # of blocks        Mean                Error
     1           50000       -1.30150405e+01       5.791858e-03
     2           25000       -1.30150405e+01       5.797247e-03
     5           10000       -1.30150405e+01       5.805231e-03
    10           5000       -1.30150405e+01       5.783305e-03
    20           2500       -1.30150405e+01       5.843769e-03
    50           1000       -1.30150405e+01       5.892053e-03
    70            714       -1.30151016e+01       5.881477e-03
   100            500       -1.30150405e+01       5.916539e-03
   200            250       -1.30150405e+01       5.953323e-03
   500            100       -1.30150405e+01       6.884832e-03
0 0.005797247498157836 0.006884831950943946
Stocahstic error estimate: 5.797247e-03

step=1,E=-0.8134400327802362,dE=-0.008772393726620198,err=0.00036232796863486477,gmax=0.2205360609790903
	collect g,Hv time= 0.4685182571411133
	solver time=0.11138010025024414,exit status=0
niter= 57
	g=0.8934820878225255,del=1.662505041491811,dot=0.39121799570729315,x=14.065001859351321
saving to  ./psi2
	prob= 0.12952748809182424
	burn in time= 9.67577576637268
	sample time= 221.16697597503662
	contraction err= 0.007316646813126314 3.18283396254915

Mean energy: -1.30338958e+01
Block size    # of blocks        Mean                Error
     1           50000       -1.30338958e+01       6.058697e-03
     2           25000       -1.30338958e+01       6.078947e-03
     5           10000       -1.30338958e+01       6.030626e-03
    10           5000       -1.30338958e+01       5.997646e-03
    20           2500       -1.30338958e+01       6.049583e-03
    50           1000       -1.30338958e+01       6.061343e-03
    70            714       -1.30341045e+01       6.290648e-03
   100            500       -1.30338958e+01       6.011231e-03
   200            250       -1.30338958e+01       5.944034e-03
   500            100       -1.30338958e+01       6.290679e-03
0 0.006078946753312884 0.006290679159550682
Stocahstic error estimate: 6.078947e-03

step=2,E=-0.8146184870094669,dE=-0.0011784542292306854,err=0.00037993417208205527,gmax=1.0540036087980325
	collect g,Hv time= 0.4650850296020508
	solver time=0.07785487174987793,exit status=0
niter= 38
	g=2.447045174899203,del=1.5749846194960262,dot=0.5273604619832934,x=14.065001859351321
saving to  ./psi3
	prob= 0.14627451107956993
	burn in time= 9.68214201927185
	sample time= 221.03723073005676
	contraction err= 0.007212736354044741 1.19447592593575

Mean energy: -1.30577243e+01
Block size    # of blocks        Mean                Error
     1           50000       -1.30577243e+01       6.033218e-03
     2           25000       -1.30577243e+01       6.052832e-03
     5           10000       -1.30577243e+01       6.008153e-03
    10           5000       -1.30577243e+01       5.968576e-03
    20           2500       -1.30577243e+01       6.014970e-03
    50           1000       -1.30577243e+01       6.024006e-03
    70            714       -1.30575381e+01       6.176137e-03
   100            500       -1.30577243e+01       6.119058e-03
   200            250       -1.30577243e+01       6.263662e-03
   500            100       -1.30577243e+01       6.418149e-03
0 0.006052832443079058 0.00641814934490222
Stocahstic error estimate: 6.052832e-03

step=3,E=-0.8161077698372668,dE=-0.0014892828277999204,err=0.0003783020276924411,gmax=0.3028780005403404
	collect g,Hv time= 0.4685542583465576
	solver time=0.11070418357849121,exit status=0
niter= 57
	g=1.1197096134997413,del=1.7127857423938302,dot=0.4446086488985589,x=14.06500185935132
saving to  ./psi4
	prob= 0.1535715617123292
	burn in time= 9.816658735275269
	sample time= 221.1227560043335
	contraction err= 0.00719197454216885 1.5712645841512867

Mean energy: -1.30459780e+01
Block size    # of blocks        Mean                Error
     1           50000       -1.30459780e+01       5.809905e-03
     2           25000       -1.30459780e+01       5.791023e-03
     5           10000       -1.30459780e+01       5.846643e-03
    10           5000       -1.30459780e+01       5.810896e-03
    20           2500       -1.30459780e+01       5.829233e-03
    50           1000       -1.30459780e+01       5.705204e-03
    70            714       -1.30460553e+01       5.638242e-03
   100            500       -1.30459780e+01       5.665934e-03
   200            250       -1.30459780e+01       5.920916e-03
   500            100       -1.30459780e+01       5.776121e-03
0 0.005809905353192346 0.0057761212369343935
Stocahstic error estimate: 5.809905e-03

step=4,E=-0.8153736224825587,dE=0.0007341473547081145,err=0.0003631190845745216,gmax=0.1250182937164419
	collect g,Hv time= 0.46541309356689453
	solver time=0.09364748001098633,exit status=0
niter= 49
	g=0.6016870573969917,del=1.7668395789201174,dot=0.29963269041327284,x=14.065001859351323
saving to  ./psi5
	prob= 0.17298675620465873
	burn in time= 9.607572555541992
	sample time= 221.40501022338867
	contraction err= 0.0067936991381030995 4.051896447470883

Mean energy: -1.30478724e+01
Block size    # of blocks        Mean                Error
     1           50000       -1.30478724e+01       5.904728e-03
     2           25000       -1.30478724e+01       5.895978e-03
     5           10000       -1.30478724e+01       5.846169e-03
    10           5000       -1.30478724e+01       5.869225e-03
    20           2500       -1.30478724e+01       5.794201e-03
    50           1000       -1.30478724e+01       5.909788e-03
    70            714       -1.30479039e+01       6.085790e-03
   100            500       -1.30478724e+01       5.963388e-03
   200            250       -1.30478724e+01       5.761706e-03
   500            100       -1.30478724e+01       5.712710e-03
0 0.0059047275369672365 0.005712709830856204
Stocahstic error estimate: 5.904728e-03

step=5,E=-0.8154920276068074,dE=-0.00011840512424865501,err=0.0003690454710604523,gmax=0.13007701095657245
	collect g,Hv time= 0.4698648452758789
niter= 52
	solver time=0.10053706169128418,exit status=0
	g=0.790529737991349,del=1.8217889361014434,dot=0.360749633214576,x=14.065001859351323
saving to  ./psi6
	prob= 0.16530744899320507
	burn in time= 9.913681268692017
	sample time= 221.1345944404602
	contraction err= 0.007277146817050959 22.427870410210698

Mean energy: -1.30570012e+01
Block size    # of blocks        Mean                Error
     1           50000       -1.30570012e+01       8.548590e-03
     2           25000       -1.30570012e+01       8.542913e-03
     5           10000       -1.30570012e+01       8.580901e-03
    10           5000       -1.30570012e+01       8.636731e-03
    20           2500       -1.30570012e+01       8.586489e-03
    50           1000       -1.30570012e+01       8.680242e-03
    70            714       -1.30571713e+01       8.808139e-03
   100            500       -1.30570012e+01       8.735067e-03
   200            250       -1.30570012e+01       8.233549e-03
   500            100       -1.30570012e+01       6.768823e-03
0 0.008548589806021908 0.00676882306878191
Stocahstic error estimate: 8.548590e-03

step=6,E=-0.8160625757867086,dE=-0.0005705481799012091,err=0.0005342868628763692,gmax=23.165505167088888
	collect g,Hv time= 0.4694201946258545
	solver time=0.007792472839355469,exit status=0
niter= 3
	g=83.60219126352345,del=1.0700228540003573,dot=3.019577352083024,x=14.065001859351323
saving to  ./psi7
	prob= 0.18529007307304005
	burn in time= 9.71024489402771
	sample time= 221.52054643630981
	contraction err= 0.007377802588435361 7.595294780750797

Mean energy: -1.26385675e+01
Block size    # of blocks        Mean                Error
     1           50000       -1.26385675e+01       9.685130e-03
     2           25000       -1.26385675e+01       9.697079e-03
     5           10000       -1.26385675e+01       9.777990e-03
    10           5000       -1.26385675e+01       9.740437e-03
    20           2500       -1.26385675e+01       9.685180e-03
    50           1000       -1.26385675e+01       9.397637e-03
    70            714       -1.26383910e+01       9.186895e-03
   100            500       -1.26385675e+01       9.176720e-03
   200            250       -1.26385675e+01       9.930687e-03
   500            100       -1.26385675e+01       1.109715e-02
0 0.00969707891008681 0.011097150939030414
Stocahstic error estimate: 9.697079e-03

step=7,E=-0.7899104698194507,dE=0.02615210596725792,err=0.0006060674318804256,gmax=3.4118952381405467
	collect g,Hv time= 0.5132825374603271
	solver time=0.09158897399902344,exit status=0
niter= 49
	g=7.8003430640010745,del=1.643553109829553,dot=3.231268856307152,x=14.065001859351323
saving to  ./psi8
	prob= 0.19394651520586123
	burn in time= 9.659589052200317
	sample time= 221.27844762802124
	contraction err= 0.007031074781424263 5.498475396449934

Mean energy: -1.29817427e+01
Block size    # of blocks        Mean                Error
     1           50000       -1.29817427e+01       6.676346e-03
     2           25000       -1.29817427e+01       6.695454e-03
     5           10000       -1.29817427e+01       6.798951e-03
    10           5000       -1.29817427e+01       6.784548e-03
    20           2500       -1.29817427e+01       6.674016e-03
    50           1000       -1.29817427e+01       6.746040e-03
    70            714       -1.29816277e+01       6.738108e-03
   100            500       -1.29817427e+01       6.852576e-03
   200            250       -1.29817427e+01       7.151375e-03
   500            100       -1.29817427e+01       7.828371e-03
0 0.006695453571769027 0.00782837118452805
Stocahstic error estimate: 6.695454e-03

step=8,E=-0.8113589192498794,dE=-0.021448449430428673,err=0.00041846584823556417,gmax=0.956359541031274
	collect g,Hv time= 0.4745664596557617
	solver time=0.10814237594604492,exit status=0
niter= 57
	g=2.748210743249509,del=1.7643965545491438,dot=0.732814853528367,x=14.065001859351321
saving to  ./psi9
	prob= 0.19396789656596236
	burn in time= 9.791475296020508
	sample time= 221.6470811367035
	contraction err= 0.006719043343296855 1.8033868670089706

Mean energy: -1.30276342e+01
Block size    # of blocks        Mean                Error
     1           50000       -1.30276342e+01       6.049123e-03
     2           25000       -1.30276342e+01       6.034068e-03
     5           10000       -1.30276342e+01       6.105738e-03
    10           5000       -1.30276342e+01       6.109654e-03
    20           2500       -1.30276342e+01       6.099566e-03
    50           1000       -1.30276342e+01       6.214321e-03
    70            714       -1.30277441e+01       6.348181e-03
   100            500       -1.30276342e+01       6.356695e-03
   200            250       -1.30276342e+01       6.325094e-03
   500            100       -1.30276342e+01       6.285522e-03
0 0.006049122770328643 0.006285522467213008
Stocahstic error estimate: 6.049123e-03

step=9,E=-0.8142271344264639,dE=-0.002868215176584532,err=0.0003780701731455402,gmax=0.47709468031303365
	collect g,Hv time= 0.4795243740081787
niter= 54
	solver time=0.0998990535736084,exit status=0
	g=1.5957805118067645,del=1.8329455017246061,dot=0.4052352414781393,x=14.065001859351321
saving to  ./psi10
	prob= 0.20710196351836535
	burn in time= 9.62886929512024
	sample time= 221.44564843177795
	contraction err= 0.006571992495799635 1.8681339886793664

Mean energy: -1.30444749e+01
Block size    # of blocks        Mean                Error
     1           50000       -1.30444749e+01       5.838211e-03
     2           25000       -1.30444749e+01       5.841116e-03
     5           10000       -1.30444749e+01       5.770165e-03
    10           5000       -1.30444749e+01       5.697044e-03
    20           2500       -1.30444749e+01       5.630633e-03
    50           1000       -1.30444749e+01       5.481154e-03
    70            714       -1.30446237e+01       5.579345e-03
   100            500       -1.30444749e+01       5.547712e-03
   200            250       -1.30444749e+01       5.234609e-03
   500            100       -1.30444749e+01       5.733922e-03
0 0.005841116474846979 0.005733921839306305
Stocahstic error estimate: 5.841116e-03

step=10,E=-0.8152796830600163,dE=-0.0010525486335524192,err=0.0003650697796779362,gmax=0.37690777598696323
	collect g,Hv time= 0.4693715572357178
	solver time=0.08459043502807617,exit status=0
niter= 44
	g=1.3432655202458923,del=1.581903827568281,dot=0.3190950020643346,x=14.065001859351321
saving to  ./psi11
	prob= 0.2231388370069199
	burn in time= 9.81577754020691
	sample time= 221.20693683624268
	contraction err= 0.006955994270107678 8.850451942430137

Mean energy: -1.30450149e+01
Block size    # of blocks        Mean                Error
     1           50000       -1.30450149e+01       5.729821e-03
     2           25000       -1.30450149e+01       5.750709e-03
     5           10000       -1.30450149e+01       5.795404e-03
    10           5000       -1.30450149e+01       5.814970e-03
    20           2500       -1.30450149e+01       5.850990e-03
    50           1000       -1.30450149e+01       5.919994e-03
    70            714       -1.30451571e+01       5.855028e-03
   100            500       -1.30450149e+01       5.982696e-03
   200            250       -1.30450149e+01       5.778610e-03
   500            100       -1.30450149e+01       5.842438e-03
0 0.00575070877081824 0.005842437860619666
Stocahstic error estimate: 5.750709e-03

step=11,E=-0.8153134334281597,dE=-3.37503681433482e-05,err=0.00035941929817614,gmax=0.44343368182400356
	collect g,Hv time= 0.5673203468322754
niter= 23
	solver time=0.0495915412902832,exit status=0
	g=1.5283229495550716,del=0.7290811672751067,dot=0.16726902826022955,x=14.065001859351321
saving to  ./psi12
	prob= 0.22456994712100503
	burn in time= 9.816807746887207
	sample time= 221.73542714118958
	contraction err= 0.006680045257737112 17.75033402699225

Mean energy: -1.30514549e+01
Block size    # of blocks        Mean                Error
     1           50000       -1.30514549e+01       5.757924e-03
     2           25000       -1.30514549e+01       5.762880e-03
     5           10000       -1.30514549e+01       5.747089e-03
    10           5000       -1.30514549e+01       5.723867e-03
    20           2500       -1.30514549e+01       5.753994e-03
    50           1000       -1.30514549e+01       5.776868e-03
    70            714       -1.30513659e+01       5.842105e-03
   100            500       -1.30514549e+01       5.532922e-03
   200            250       -1.30514549e+01       5.764100e-03
   500            100       -1.30514549e+01       6.164914e-03
0 0.005762879547152747 0.006164914060245957
Stocahstic error estimate: 5.762880e-03

step=12,E=-0.8157159319813142,dE=-0.0004024985531545511,err=0.0003601799716970467,gmax=0.16376986615254552
	collect g,Hv time= 0.6072666645050049
	solver time=0.10836029052734375,exit status=0
niter= 56
	g=0.9013795142109302,del=1.735543829438738,dot=0.31610277905708145,x=14.065001859351323
saving to  ./psi13
	prob= 0.2161255374794844
	burn in time= 9.597404479980469
	sample time= 221.41084599494934
	contraction err= 0.006443918193224663 1.0950096852505533

Mean energy: -1.30641449e+01
Block size    # of blocks        Mean                Error
     1           50000       -1.30641449e+01       5.560513e-03
     2           25000       -1.30641449e+01       5.544097e-03
     5           10000       -1.30641449e+01       5.532592e-03
    10           5000       -1.30641449e+01       5.472953e-03
    20           2500       -1.30641449e+01       5.452334e-03
    50           1000       -1.30641449e+01       5.493928e-03
    70            714       -1.30641648e+01       5.514840e-03
   100            500       -1.30641449e+01       5.436888e-03
   200            250       -1.30641449e+01       5.354576e-03
   500            100       -1.30641449e+01       5.054427e-03
0 0.005560513189979281 0.005054426757577893
Stocahstic error estimate: 5.560513e-03

step=13,E=-0.8165090580404112,dE=-0.0007931260590969824,err=0.00034753207437370506,gmax=0.09275178916474403
	collect g,Hv time= 0.7375574111938477
	solver time=0.09232521057128906,exit status=0
niter= 57
	g=0.4873444290684201,del=1.6547879450403382,dot=0.20987557336894777,x=14.065001859351323
saving to  ./psi14
	prob= 0.21464163179344656
	burn in time= 9.814407348632812
	sample time= 221.83255243301392
	contraction err= 0.006254945371834167 4.267746332699049

Mean energy: -1.30521750e+01
Block size    # of blocks        Mean                Error
     1           50000       -1.30521750e+01       5.793344e-03
     2           25000       -1.30521750e+01       5.803148e-03
     5           10000       -1.30521750e+01       5.818616e-03
    10           5000       -1.30521750e+01       5.819292e-03
    20           2500       -1.30521750e+01       5.771050e-03
    50           1000       -1.30521750e+01       5.767461e-03
    70            714       -1.30523556e+01       5.659362e-03
   100            500       -1.30521750e+01       5.623570e-03
   200            250       -1.30521750e+01       5.305319e-03
   500            100       -1.30521750e+01       5.626178e-03
0 0.00580314787990399 0.005626178286412409
Stocahstic error estimate: 5.803148e-03

step=14,E=-0.8157609381220827,dE=0.0007481199183284604,err=0.00036269674249399936,gmax=0.23295708210562283
	collect g,Hv time= 0.4611830711364746
	solver time=0.0814061164855957,exit status=0
niter= 43
	g=1.002527785604423,del=1.7605577675713524,dot=0.33418528663512753,x=14.065001859351321
saving to  ./psi15
	prob= 0.21795244834505373
	burn in time= 9.728609800338745
	sample time= 221.6065857410431
	contraction err= 0.006258740280042112 1.2376764476076885

Mean energy: -1.30625930e+01
Block size    # of blocks        Mean                Error
     1           50000       -1.30625930e+01       5.744743e-03
     2           25000       -1.30625930e+01       5.762080e-03
     5           10000       -1.30625930e+01       5.777505e-03
    10           5000       -1.30625930e+01       5.718659e-03
    20           2500       -1.30625930e+01       5.668229e-03
    50           1000       -1.30625930e+01       5.633476e-03
    70            714       -1.30625334e+01       5.704856e-03
   100            500       -1.30625930e+01       5.559047e-03
   200            250       -1.30625930e+01       6.012593e-03
   500            100       -1.30625930e+01       6.076722e-03
0 0.005762080465444818 0.006076722396597562
Stocahstic error estimate: 5.762080e-03

step=15,E=-0.816412060851073,dE=-0.000651122728990261,err=0.00036013002909030114,gmax=0.10718737986272187
	collect g,Hv time= 0.4956057071685791
	solver time=0.10724878311157227,exit status=0
niter= 56
	g=0.6382968514429888,del=1.8100866725458888,dot=0.2869435331009055,x=14.065001859351321
saving to  ./psi16
	prob= 0.21568150315417733
	burn in time= 9.796976327896118
	sample time= 221.58693623542786
	contraction err= 0.006268948535429985 5.6552332971190244

Mean energy: -1.30574147e+01
Block size    # of blocks        Mean                Error
     1           50000       -1.30574147e+01       5.590763e-03
     2           25000       -1.30574147e+01       5.576896e-03
     5           10000       -1.30574147e+01       5.553944e-03
    10           5000       -1.30574147e+01       5.616695e-03
    20           2500       -1.30574147e+01       5.629162e-03
    50           1000       -1.30574147e+01       5.705087e-03
    70            714       -1.30572561e+01       5.687623e-03
   100            500       -1.30574147e+01       5.608861e-03
   200            250       -1.30574147e+01       5.517676e-03
   500            100       -1.30574147e+01       5.301942e-03
0 0.005590763092781178 0.005301942356796863
Stocahstic error estimate: 5.590763e-03

step=16,E=-0.8160884189700758,dE=0.00032364188099720526,err=0.00034942269329882363,gmax=0.13209421251406805
	collect g,Hv time= 0.6578495502471924
niter= 57
	solver time=0.10850119590759277,exit status=0
	g=0.5523722025619565,del=1.64336012855872,dot=0.2485871399423758,x=14.065001859351323
saving to  ./psi17
	prob= 0.20814243323214768
	burn in time= 9.728382587432861
	sample time= 221.83502221107483
	contraction err= 0.0070558922372337875 8.098099821322103

Mean energy: -1.30503568e+01
Block size    # of blocks        Mean                Error
     1           50000       -1.30503568e+01       5.812648e-03
     2           25000       -1.30503568e+01       5.832115e-03
     5           10000       -1.30503568e+01       5.809391e-03
    10           5000       -1.30503568e+01       5.762705e-03
    20           2500       -1.30503568e+01       5.716459e-03
    50           1000       -1.30503568e+01       5.586501e-03
    70            714       -1.30504755e+01       5.555420e-03
   100            500       -1.30503568e+01       5.494544e-03
   200            250       -1.30503568e+01       5.427378e-03
   500            100       -1.30503568e+01       5.484058e-03
0 0.005832115312417938 0.005484058415182428
Stocahstic error estimate: 5.832115e-03

step=17,E=-0.8156473026927861,dE=0.00044111627728971037,err=0.0003645072070261211,gmax=0.33183274635799087
	collect g,Hv time= 0.6560366153717041
niter= 39
	solver time=0.08058500289916992,exit status=0
	g=1.328692936932095,del=1.537680392593395,dot=0.3316720085567467,x=14.06500185935132
saving to  ./psi18
	prob= 0.22231827251188985
	burn in time= 9.463331699371338
	sample time= 221.6389455795288
	contraction err= 0.006617174777481663 6.288298200698817

Mean energy: -1.30584347e+01
Block size    # of blocks        Mean                Error
     1           50000       -1.30584347e+01       7.031510e-03
     2           25000       -1.30584347e+01       7.021967e-03
     5           10000       -1.30584347e+01       7.094561e-03
    10           5000       -1.30584347e+01       7.067234e-03
    20           2500       -1.30584347e+01       7.177224e-03
    50           1000       -1.30584347e+01       7.186210e-03
    70            714       -1.30586122e+01       7.327303e-03
   100            500       -1.30584347e+01       7.370393e-03
   200            250       -1.30584347e+01       7.258154e-03
   500            100       -1.30584347e+01       8.024578e-03
0 0.007031510498035767 0.008024577739811975
Stocahstic error estimate: 7.031510e-03

step=18,E=-0.8161521679752941,dE=-0.000504865282508038,err=0.0004394694061272354,gmax=2.270903327681991
	collect g,Hv time= 0.5050411224365234
	solver time=0.05787467956542969,exit status=0
niter= 27
	g=6.157227848372716,del=1.0747002967256603,dot=1.0810537206635045,x=14.065001859351323
saving to  ./psi19
	prob= 0.22715741986306362
	burn in time= 9.36769700050354
	sample time= 221.95779132843018
	contraction err= 0.006223078118095984 1.951654987847218

Mean energy: -1.30685089e+01
Block size    # of blocks        Mean                Error
     1           50000       -1.30685089e+01       6.090741e-03
     2           25000       -1.30685089e+01       6.085296e-03
     5           10000       -1.30685089e+01       6.183779e-03
    10           5000       -1.30685089e+01       6.225388e-03
    20           2500       -1.30685089e+01       6.245598e-03
    50           1000       -1.30685089e+01       6.342574e-03
    70            714       -1.30683603e+01       6.237695e-03
   100            500       -1.30685089e+01       6.353632e-03
   200            250       -1.30685089e+01       6.401705e-03
   500            100       -1.30685089e+01       6.449294e-03
0 0.006090741226858411 0.0064492943622986845
Stocahstic error estimate: 6.090741e-03

step=19,E=-0.816781805133299,dE=-0.0006296371580049032,err=0.00038067132667865067,gmax=0.20910684552989534
	collect g,Hv time= 0.6738283634185791
	solver time=0.11246037483215332,exit status=0
niter= 58
	g=0.9338708220036024,del=1.9986758968801348,dot=0.4933448850211337,x=14.065001859351323
saving to  ./psi20
	prob= 0.22214893825121937
	burn in time= 9.831904888153076
	sample time= 221.33395147323608
	contraction err= 0.006569700627210558 14.31840524666901

Mean energy: -1.30578736e+01
Block size    # of blocks        Mean                Error
     1           50000       -1.30578736e+01       5.790098e-03
     2           25000       -1.30578736e+01       5.800515e-03
     5           10000       -1.30578736e+01       5.804667e-03
    10           5000       -1.30578736e+01       5.811984e-03
    20           2500       -1.30578736e+01       5.787049e-03
    50           1000       -1.30578736e+01       5.771898e-03
    70            714       -1.30578854e+01       5.548690e-03
   100            500       -1.30578736e+01       5.556533e-03
   200            250       -1.30578736e+01       5.411138e-03
   500            100       -1.30578736e+01       5.413464e-03
0 0.005800514626475222 0.005413464172736422
Stocahstic error estimate: 5.800515e-03

step=20,E=-0.8161171002384394,dE=0.0006647048948595913,err=0.0003625321641547014,gmax=0.8887708138621053
	collect g,Hv time= 0.9632720947265625
niter= 23
	solver time=0.05433487892150879,exit status=0
	g=3.2764332148137734,del=0.8401977677874668,dot=0.27049455512236165,x=14.065001859351321
saving to  ./psi21
	prob= 0.22713978487369504
	burn in time= 9.782829284667969
	sample time= 221.63009476661682
	contraction err= 0.0062371340186964845 1.9460171837670523

Mean energy: -1.30619571e+01
Block size    # of blocks        Mean                Error
     1           50000       -1.30619571e+01       5.550741e-03
     2           25000       -1.30619571e+01       5.524819e-03
     5           10000       -1.30619571e+01       5.514582e-03
    10           5000       -1.30619571e+01       5.500092e-03
    20           2500       -1.30619571e+01       5.549273e-03
    50           1000       -1.30619571e+01       5.669344e-03
    70            714       -1.30620120e+01       5.544562e-03
   100            500       -1.30619571e+01       5.904773e-03
   200            250       -1.30619571e+01       5.875023e-03
   500            100       -1.30619571e+01       5.920263e-03
0 0.00555074093824191 0.005920263295647926
Stocahstic error estimate: 5.550741e-03

step=21,E=-0.8163723207681626,dE=-0.0002552205297231547,err=0.00034692130864011936,gmax=0.10040841916906951
	collect g,Hv time= 0.5047910213470459
niter= 45
	solver time=0.08544158935546875,exit status=0
	g=0.6408082921070539,del=1.6140401634714232,dot=0.2298761501451152,x=14.065001859351321
saving to  ./psi22
	prob= 0.2217155128592414
	burn in time= 9.744922637939453
	sample time= 221.4828016757965
	contraction err= 0.0062258240468930645 0.7412858651445181

Mean energy: -1.30686323e+01
Block size    # of blocks        Mean                Error
     1           50000       -1.30686323e+01       5.546930e-03
     2           25000       -1.30686323e+01       5.568180e-03
     5           10000       -1.30686323e+01       5.603140e-03
    10           5000       -1.30686323e+01       5.525803e-03
    20           2500       -1.30686323e+01       5.502024e-03
    50           1000       -1.30686323e+01       5.570856e-03
    70            714       -1.30686365e+01       5.544557e-03
   100            500       -1.30686323e+01       5.512669e-03
   200            250       -1.30686323e+01       5.690738e-03
   500            100       -1.30686323e+01       6.080443e-03
0 0.005568180472219002 0.006080443460911807
Stocahstic error estimate: 5.568180e-03

step=22,E=-0.8167895184675206,dE=-0.0004171976993579962,err=0.0003480112795136876,gmax=0.15073193995505774
	collect g,Hv time= 0.7588486671447754
niter= 56
	solver time=0.11026358604431152,exit status=0
	g=0.6956277704297086,del=1.6393050017046942,dot=0.24421916894664783,x=14.065001859351323
saving to  ./psi23
	prob= 0.22672147802757883
	burn in time= 9.667463064193726
	sample time= 221.61875891685486
	contraction err= 0.006447330592882218 2.629070455101464

Mean energy: -1.30643034e+01
Block size    # of blocks        Mean                Error
     1           50000       -1.30643034e+01       5.668284e-03
     2           25000       -1.30643034e+01       5.671806e-03
     5           10000       -1.30643034e+01       5.634124e-03
    10           5000       -1.30643034e+01       5.582946e-03
    20           2500       -1.30643034e+01       5.557387e-03
    50           1000       -1.30643034e+01       5.501363e-03
    70            714       -1.30641871e+01       5.472869e-03
   100            500       -1.30643034e+01       5.422854e-03
   200            250       -1.30643034e+01       5.424290e-03
   500            100       -1.30643034e+01       5.631934e-03
0 0.0056718057326335105 0.005631934478994742
Stocahstic error estimate: 5.671806e-03

step=23,E=-0.8165189624478645,dE=0.00027055601965608744,err=0.0003544878582895944,gmax=0.4409572659630685
	collect g,Hv time= 0.6080000400543213
niter= 53
	solver time=0.09965205192565918,exit status=0
	g=1.4318566539726134,del=1.350544124398248,dot=0.295701492836834,x=14.06500185935132
saving to  ./psi24
	prob= 0.22301452395277138
	burn in time= 9.840171337127686
	sample time= 221.72519516944885
	contraction err= 0.006392377667033037 1.4493376469195027

Mean energy: -1.30626245e+01
Block size    # of blocks        Mean                Error
     1           50000       -1.30626245e+01       5.867655e-03
     2           25000       -1.30626245e+01       5.917922e-03
     5           10000       -1.30626245e+01       5.863197e-03
    10           5000       -1.30626245e+01       5.840553e-03
    20           2500       -1.30626245e+01       5.780062e-03
    50           1000       -1.30626245e+01       5.774004e-03
    70            714       -1.30626539e+01       5.686677e-03
   100            500       -1.30626245e+01       5.833281e-03
   200            250       -1.30626245e+01       5.818401e-03
   500            100       -1.30626245e+01       6.057709e-03
0 0.005917922199294961 0.006057709238330469
Stocahstic error estimate: 5.917922e-03

step=24,E=-0.816414029122595,dE=0.00010493332526950727,err=0.00036987013745593504,gmax=0.09358701796415336
	collect g,Hv time= 0.7415335178375244
niter= 57
	solver time=0.11220240592956543,exit status=0
	g=0.6012476909049299,del=1.8789438546144226,dot=0.3155242380096108,x=14.06500185935132
saving to  ./psi25
	prob= 0.23034128304818272
	burn in time= 9.62421441078186
	sample time= 221.52626872062683
	contraction err= 0.0065822259486046945 14.04590898604789

Mean energy: -1.30639413e+01
Block size    # of blocks        Mean                Error
     1           50000       -1.30639413e+01       6.172222e-03
     2           25000       -1.30639413e+01       6.146916e-03
     5           10000       -1.30639413e+01       6.174838e-03
    10           5000       -1.30639413e+01       6.194826e-03
    20           2500       -1.30639413e+01       6.188900e-03
    50           1000       -1.30639413e+01       6.069584e-03
    70            714       -1.30639753e+01       6.087652e-03
   100            500       -1.30639413e+01       6.190185e-03
   200            250       -1.30639413e+01       6.210925e-03
   500            100       -1.30639413e+01       6.309729e-03
0 0.00617222210130253 0.00630972907564538
Stocahstic error estimate: 6.172222e-03

step=25,E=-0.8164963318330598,dE=-8.230271046483217e-05,err=0.00038576388133140815,gmax=0.6734674633368265
	collect g,Hv time= 0.8114833831787109
niter= 38
	solver time=0.08060145378112793,exit status=0
	g=2.533609500717792,del=1.3075854433056047,dot=0.5666668850602967,x=14.065001859351323
saving to  ./psi26
	prob= 0.2411743283001964
	burn in time= 9.748518466949463
	sample time= 222.0769748687744
	contraction err= 0.006139800840259625 0.990518049013582

Mean energy: -1.30625776e+01
Block size    # of blocks        Mean                Error
     1           50000       -1.30625776e+01       5.567970e-03
     2           25000       -1.30625776e+01       5.574113e-03
     5           10000       -1.30625776e+01       5.592625e-03
    10           5000       -1.30625776e+01       5.615783e-03
    20           2500       -1.30625776e+01       5.538426e-03
    50           1000       -1.30625776e+01       5.618358e-03
    70            714       -1.30627380e+01       5.354964e-03
   100            500       -1.30625776e+01       5.630620e-03
   200            250       -1.30625776e+01       5.743303e-03
   500            100       -1.30625776e+01       5.811022e-03
0 0.005574112931155611 0.005811021813622296
Stocahstic error estimate: 5.574113e-03

step=26,E=-0.8164111024008888,dE=8.522943217104118e-05,err=0.0003483820581972257,gmax=0.8106190613612325
	collect g,Hv time= 0.8125269412994385
	solver time=0.08784604072570801,exit status=0
niter= 53
	g=1.408891089823574,del=1.432441447528491,dot=0.2563279878364637,x=14.065001859351323
saving to  ./psi27
	prob= 0.24180943706764924
	burn in time= 9.454684734344482
	sample time= 221.67925333976746
	contraction err= 0.006537265689545937 22.464461560714128

Mean energy: -1.30622073e+01
Block size    # of blocks        Mean                Error
     1           50000       -1.30622073e+01       5.766860e-03
     2           25000       -1.30622073e+01       5.762840e-03
     5           10000       -1.30622073e+01       5.808452e-03
    10           5000       -1.30622073e+01       5.819052e-03
    20           2500       -1.30622073e+01       5.713994e-03
    50           1000       -1.30622073e+01       5.647733e-03
    70            714       -1.30621467e+01       5.520558e-03
   100            500       -1.30622073e+01       5.495578e-03
   200            250       -1.30622073e+01       5.395636e-03
   500            100       -1.30622073e+01       4.850400e-03
0 0.005766860000803583 0.004850399649119084
Stocahstic error estimate: 5.766860e-03

step=27,E=-0.8163879592530647,dE=2.3143147824034038e-05,err=0.00036042875005022396,gmax=0.15695154117851295
	collect g,Hv time= 1.1519525051116943
	solver time=0.09448599815368652,exit status=0
niter= 56
	g=0.6833500088937412,del=1.7573752388205857,dot=0.2893395829932517,x=14.06500185935132
saving to  ./psi28
	prob= 0.23877231103361715
	burn in time= 9.54951286315918
	sample time= 222.12866497039795
	contraction err= 0.006143825707850941 1.5720469456789699

Mean energy: -1.30611926e+01
Block size    # of blocks        Mean                Error
     1           50000       -1.30611926e+01       5.656724e-03
     2           25000       -1.30611926e+01       5.646981e-03
     5           10000       -1.30611926e+01       5.604469e-03
    10           5000       -1.30611926e+01       5.538512e-03
    20           2500       -1.30611926e+01       5.552950e-03
    50           1000       -1.30611926e+01       5.448787e-03
    70            714       -1.30612754e+01       5.337900e-03
   100            500       -1.30611926e+01       5.050707e-03
   200            250       -1.30611926e+01       4.991986e-03
   500            100       -1.30611926e+01       5.188371e-03
0 0.005656723804788541 0.005188370521224829
Stocahstic error estimate: 5.656724e-03

step=28,E=-0.8163245376624662,dE=6.342159059857799e-05,err=0.0003535452377992838,gmax=0.2423769101278658
	collect g,Hv time= 0.6284632682800293
	solver time=0.1023104190826416,exit status=0
niter= 54
	g=0.883324285465191,del=1.7128197515787802,dot=0.2659312689025688,x=14.065001859351321
saving to  ./psi29
	prob= 0.24427232338426652
	burn in time= 9.539222955703735
	sample time= 221.66956090927124
	contraction err= 0.006310296800716086 1.4402049365488396

Mean energy: -1.30661022e+01
Block size    # of blocks        Mean                Error
     1           50000       -1.30661022e+01       6.355338e-03
     2           25000       -1.30661022e+01       6.382901e-03
     5           10000       -1.30661022e+01       6.394523e-03
    10           5000       -1.30661022e+01       6.329559e-03
    20           2500       -1.30661022e+01       6.358687e-03
    50           1000       -1.30661022e+01       6.420898e-03
    70            714       -1.30659922e+01       6.488073e-03
   100            500       -1.30661022e+01       6.564177e-03
   200            250       -1.30661022e+01       6.908528e-03
   500            100       -1.30661022e+01       6.512712e-03
0 0.006382900857062774 0.006512712000684892
Stocahstic error estimate: 6.382901e-03

step=29,E=-0.8166313855795546,dE=-0.0003068479170884597,err=0.0003989313035664234,gmax=0.38305556790249573
	collect g,Hv time= 0.8044490814208984
niter= 56
	solver time=0.11623787879943848,exit status=0
	g=1.2457333350107245,del=1.8582818926921911,dot=0.6717464210133413,x=14.06500185935132
saving to  ./psi30
	prob= 0.2431097050845838
	burn in time= 9.590989112854004
	sample time= 221.70499849319458
	contraction err= 0.006100255592028732 1.2717716075083891

Mean energy: -1.30550968e+01
Block size    # of blocks        Mean                Error
     1           50000       -1.30550968e+01       5.696776e-03
     2           25000       -1.30550968e+01       5.687148e-03
     5           10000       -1.30550968e+01       5.670381e-03
    10           5000       -1.30550968e+01       5.666611e-03
    20           2500       -1.30550968e+01       5.637472e-03
    50           1000       -1.30550968e+01       5.686246e-03
    70            714       -1.30550376e+01       5.792820e-03
   100            500       -1.30550968e+01       5.579702e-03
   200            250       -1.30550968e+01       5.515675e-03
   500            100       -1.30550968e+01       5.487695e-03
0 0.005696776243019037 0.0054876945790823875
Stocahstic error estimate: 5.696776e-03

step=30,E=-0.8159435508152646,dE=0.0006878347642900184,err=0.0003560485151886898,gmax=0.11841961941644641
	collect g,Hv time= 0.7390928268432617
niter= 56
	solver time=0.10650968551635742,exit status=0
	g=0.6017053097900202,del=1.7435984392121535,dot=0.28137502413620175,x=14.065001859351321
saving to  ./psi31
	prob= 0.24336803044886507
	burn in time= 9.735356092453003
	sample time= 221.73204398155212
	contraction err= 0.006238453843436623 1.5939329585423172

Mean energy: -1.30667769e+01
Block size    # of blocks        Mean                Error
     1           50000       -1.30667769e+01       5.535917e-03
     2           25000       -1.30667769e+01       5.511280e-03
     5           10000       -1.30667769e+01       5.453756e-03
    10           5000       -1.30667769e+01       5.451134e-03
    20           2500       -1.30667769e+01       5.451160e-03
    50           1000       -1.30667769e+01       5.368939e-03
    70            714       -1.30667775e+01       5.270463e-03
   100            500       -1.30667769e+01       5.419464e-03
   200            250       -1.30667769e+01       5.347603e-03
   500            100       -1.30667769e+01       5.278899e-03
0 0.0055359166140066815 0.005278898639909799
Stocahstic error estimate: 5.535917e-03

step=31,E=-0.8166735566754242,dE=-0.0007300058601595882,err=0.0003459947883754176,gmax=0.22824592481375017
	collect g,Hv time= 0.7650296688079834
niter= 57
	solver time=0.11322498321533203,exit status=0
	g=0.6302112354819068,del=1.62742738144309,dot=0.23778501238715982,x=14.065001859351321
saving to  ./psi32
	prob= 0.2419917457487607
	burn in time= 9.70254373550415
	sample time= 221.553320646286
	contraction err= 0.006114559470735802 4.630244539812269

Mean energy: -1.30710843e+01
Block size    # of blocks        Mean                Error
     1           50000       -1.30710843e+01       7.992255e-03
     2           25000       -1.30710843e+01       7.995589e-03
     5           10000       -1.30710843e+01       7.975092e-03
    10           5000       -1.30710843e+01       8.016469e-03
    20           2500       -1.30710843e+01       8.002591e-03
    50           1000       -1.30710843e+01       8.256882e-03
    70            714       -1.30710563e+01       8.268129e-03
   100            500       -1.30710843e+01       8.436096e-03
   200            250       -1.30710843e+01       8.186283e-03
   500            100       -1.30710843e+01       8.007429e-03
0 0.007995588793789898 0.008007429429426475
Stocahstic error estimate: 7.995589e-03

step=32,E=-0.8169427666047117,dE=-0.0002692099292874728,err=0.0004997242996118686,gmax=6.0533270502021574
	collect g,Hv time= 0.8444325923919678
niter= 10
	solver time=0.025507450103759766,exit status=0
	g=19.082891432258243,del=0.3032051240937869,dot=1.7982641288393668,x=14.065001859351323
saving to  ./psi33
	prob= 0.2448556769108542
	burn in time= 9.610675573348999
	sample time= 221.97489142417908
	contraction err= 0.006048110570436528 2.7313021359070024

Mean energy: -1.30702198e+01
Block size    # of blocks        Mean                Error
     1           50000       -1.30702198e+01       5.834843e-03
     2           25000       -1.30702198e+01       5.854224e-03
     5           10000       -1.30702198e+01       5.857818e-03
    10           5000       -1.30702198e+01       5.806719e-03
    20           2500       -1.30702198e+01       5.763390e-03
    50           1000       -1.30702198e+01       5.781568e-03
    70            714       -1.30702808e+01       5.812018e-03
   100            500       -1.30702198e+01       5.755482e-03
   200            250       -1.30702198e+01       5.614953e-03
   500            100       -1.30702198e+01       5.647153e-03
0 0.005854223775070552 0.005647153276198005
Stocahstic error estimate: 5.854224e-03

step=33,E=-0.8168887346633901,dE=5.4031941321586174e-05,err=0.0003658889859419095,gmax=1.1123106287667277
	collect g,Hv time= 1.004899501800537
	solver time=0.07188749313354492,exit status=0
niter= 31
	g=2.764538967085754,del=1.2973884831081195,dot=0.34206031367788436,x=14.065001859351321
saving to  ./psi34
	prob= 0.2394753352403605
	burn in time= 9.65117859840393
	sample time= 221.58817768096924
	contraction err= 0.006288026445804148 11.435370132708977

Mean energy: -1.30706974e+01
Block size    # of blocks        Mean                Error
     1           50000       -1.30706974e+01       5.519909e-03
     2           25000       -1.30706974e+01       5.526652e-03
     5           10000       -1.30706974e+01       5.456989e-03
    10           5000       -1.30706974e+01       5.418091e-03
    20           2500       -1.30706974e+01       5.398669e-03
    50           1000       -1.30706974e+01       5.423513e-03
    70            714       -1.30703821e+01       5.371640e-03
   100            500       -1.30706974e+01       5.566303e-03
   200            250       -1.30706974e+01       5.663681e-03
   500            100       -1.30706974e+01       5.110389e-03
0 0.005526652279499918 0.005110389311645989
Stocahstic error estimate: 5.526652e-03

step=34,E=-0.816918586941576,dE=-2.9852278185971137e-05,err=0.00034541576746874487,gmax=0.09588968702133105
	collect g,Hv time= 1.1354446411132812
niter= 55
	solver time=0.11298656463623047,exit status=0
	g=0.5341237394582854,del=1.6126315329764425,dot=0.21545787041340866,x=14.065001859351323
saving to  ./psi35
	prob= 0.2319820036901425
	burn in time= 9.623556137084961
	sample time= 221.92280077934265
	contraction err= 0.006189773297267503 5.4169424940498665

Mean energy: -1.30707623e+01
Block size    # of blocks        Mean                Error
     1           50000       -1.30707623e+01       5.680161e-03
     2           25000       -1.30707623e+01       5.652165e-03
     5           10000       -1.30707623e+01       5.676499e-03
    10           5000       -1.30707623e+01       5.673347e-03
    20           2500       -1.30707623e+01       5.629253e-03
    50           1000       -1.30707623e+01       5.721161e-03
    70            714       -1.30707761e+01       5.680131e-03
   100            500       -1.30707623e+01       5.848648e-03
   200            250       -1.30707623e+01       5.825903e-03
   500            100       -1.30707623e+01       5.827379e-03
0 0.0056801609687174015 0.005827379435798582
Stocahstic error estimate: 5.680161e-03

step=35,E=-0.816922640992229,dE=-4.054050652957386e-06,err=0.0003550100605448376,gmax=0.14120347487444262
	collect g,Hv time= 0.7536270618438721
niter= 57
	solver time=0.11081600189208984,exit status=0
	g=0.7252864199666388,del=1.705589251658115,dot=0.30617268283735205,x=14.06500185935132
saving to  ./psi36
	prob= 0.23149154625827423
	burn in time= 9.517378330230713
	sample time= 221.6727213859558
	contraction err= 0.0063485480739123275 4.303230994143054

Mean energy: -1.30760667e+01
Block size    # of blocks        Mean                Error
     1           50000       -1.30760667e+01       5.539021e-03
     2           25000       -1.30760667e+01       5.528772e-03
     5           10000       -1.30760667e+01       5.437102e-03
    10           5000       -1.30760667e+01       5.445709e-03
    20           2500       -1.30760667e+01       5.448796e-03
    50           1000       -1.30760667e+01       5.288900e-03
    70            714       -1.30760337e+01       5.355366e-03
   100            500       -1.30760667e+01       5.153888e-03
   200            250       -1.30760667e+01       5.243792e-03
   500            100       -1.30760667e+01       5.456487e-03
0 0.005539021194522945 0.005456486516816792
Stocahstic error estimate: 5.539021e-03

step=36,E=-0.8172541715701203,dE=-0.00033153057789125917,err=0.0003461888246576841,gmax=0.1054028103999256
	collect g,Hv time= 1.059438705444336
	solver time=0.11560916900634766,exit status=0
niter= 57
	g=0.5388877121255469,del=1.6523684655832518,dot=0.21731033058277774,x=14.06500185935132
saving to  ./psi37
	prob= 0.23056991757485315
	burn in time= 9.454060792922974
	sample time= 221.80420994758606
	contraction err= 0.006173145234960378 5.69194063531189

Mean energy: -1.30590786e+01
Block size    # of blocks        Mean                Error
     1           50000       -1.30590786e+01       5.780854e-03
     2           25000       -1.30590786e+01       5.786552e-03
     5           10000       -1.30590786e+01       5.803043e-03
    10           5000       -1.30590786e+01       5.795068e-03
    20           2500       -1.30590786e+01       5.735878e-03
    50           1000       -1.30590786e+01       5.915299e-03
    70            714       -1.30590871e+01       5.769443e-03
   100            500       -1.30590786e+01       5.829333e-03
   200            250       -1.30590786e+01       5.971855e-03
   500            100       -1.30590786e+01       5.877635e-03
0 0.005786552320375286 0.005877635017402139
Stocahstic error estimate: 5.786552e-03

step=37,E=-0.8161924134316092,dE=0.0010617581385110597,err=0.00036165952002345536,gmax=0.3063087616927498
	collect g,Hv time= 0.9781713485717773
	solver time=0.11092281341552734,exit status=0
niter= 57
	g=1.071866243741129,del=1.6946212060828234,dot=0.3591016872674547,x=14.065001859351321
saving to  ./psi38
	prob= 0.22885228129605262
	burn in time= 9.701494455337524
	sample time= 221.86045932769775
	contraction err= 0.006041761935492482 2.268514126901644

Mean energy: -1.30725137e+01
Block size    # of blocks        Mean                Error
     1           50000       -1.30725137e+01       5.720925e-03
     2           25000       -1.30725137e+01       5.738789e-03
     5           10000       -1.30725137e+01       5.678064e-03
    10           5000       -1.30725137e+01       5.757598e-03
    20           2500       -1.30725137e+01       5.747540e-03
    50           1000       -1.30725137e+01       5.718551e-03
    70            714       -1.30724487e+01       5.761829e-03
   100            500       -1.30725137e+01       5.612195e-03
   200            250       -1.30725137e+01       5.806307e-03
   500            100       -1.30725137e+01       5.775141e-03
0 0.005738788593681822 0.005775141221695237
Stocahstic error estimate: 5.738789e-03

step=38,E=-0.8170321081448075,dE=-0.0008396947131983357,err=0.0003586742871051139,gmax=0.1751822088493178
	collect g,Hv time= 1.000833511352539
	solver time=0.11486935615539551,exit status=0
niter= 57
	g=0.7660318101841537,del=1.785307868315468,dot=0.33823128057741925,x=14.065001859351321
saving to  ./psi39
	prob= 0.22587683378401566
	burn in time= 9.698535919189453
	sample time= 221.61762046813965
	contraction err= 0.006451651402839806 9.350156733690572

Mean energy: -1.30654129e+01
Block size    # of blocks        Mean                Error
     1           50000       -1.30654129e+01       8.950916e-03
     2           25000       -1.30654129e+01       8.940960e-03
     5           10000       -1.30654129e+01       8.932299e-03
    10           5000       -1.30654129e+01       8.975450e-03
    20           2500       -1.30654129e+01       8.991556e-03
    50           1000       -1.30654129e+01       8.851630e-03
    70            714       -1.30656357e+01       8.847203e-03
   100            500       -1.30654129e+01       8.896709e-03
   200            250       -1.30654129e+01       9.008266e-03
   500            100       -1.30654129e+01       8.801737e-03
0 0.008950916184017636 0.008801736583312915
Stocahstic error estimate: 8.950916e-03

step=39,E=-0.816588303690643,dE=0.0004438044541645869,err=0.0005594322615011022,gmax=234.90719154349003
	collect g,Hv time= 0.7436854839324951
niter= 3
	solver time=0.008168458938598633,exit status=0
	g=538.9280305979087,del=8.457487950185028,dot=73.1591911510545,x=14.065001859351323
saving to  ./psi40
	prob= 0.12060776809049552
	burn in time= 9.35725736618042
	sample time= 219.00560998916626
	contraction err= 0.008214816555156804 30.606513919323696

Mean energy: -9.47582556e+00
Block size    # of blocks        Mean                Error
     1           50000       -9.47582556e+00       1.650608e-02
     2           25000       -9.47582556e+00       1.738866e-02
     5           10000       -9.47582556e+00       1.977724e-02
    10           5000       -9.47582556e+00       2.316396e-02
    20           2500       -9.47582556e+00       2.853490e-02
    50           1000       -9.47582556e+00       4.084223e-02
    70            714       -9.47583097e+00       4.712311e-02
   100            500       -9.47582556e+00       5.530510e-02
   200            250       -9.47582556e+00       7.698137e-02
   500            100       -9.47582556e+00       1.210645e-01
0 None 0.12106448161177819
step=40,E=-0.5922390977350706,dE=0.2243492059555724,err=0.007566530100736137,gmax=1.029598119222256
	collect g,Hv time= 1.0049054622650146
	solver time=0.06440496444702148,exit status=0
niter= 35
	g=4.64926576300518,del=22.836103575168163,dot=-3.547318979174822,x=14.065001859351321
saving to  ./psi41
	prob= 1.7715719299514612
	burn in time= 9.57888913154602
	sample time= 219.02683305740356
	contraction err= 0.0055594960660054 2.395943343728966

Mean energy: -1.02229759e+01
Block size    # of blocks        Mean                Error
     1           50000       -1.02229759e+01       1.459366e-02
     2           25000       -1.02229759e+01       1.470040e-02
     5           10000       -1.02229759e+01       1.485939e-02
    10           5000       -1.02229759e+01       1.527433e-02
    20           2500       -1.02229759e+01       1.586105e-02
    50           1000       -1.02229759e+01       1.820921e-02
    70            714       -1.02230630e+01       1.924387e-02
   100            500       -1.02229759e+01       2.141048e-02
   200            250       -1.02229759e+01       2.735362e-02
   500            100       -1.02229759e+01       4.002492e-02
0 0.014700402488020669 0.04002491827693127
Stocahstic error estimate: 1.470040e-02

step=41,E=-0.638935995298593,dE=-0.046696897563522466,err=0.0009187751555012918,gmax=0.8042198213898044
	collect g,Hv time= 0.854567289352417
	solver time=0.09306812286376953,exit status=0
niter= 44
	g=2.8112504466436894,del=11.2978118502349,dot=6.576514308120728,x=14.06500185935132
saving to  ./psi42
	prob= 1.3973691760161846
	burn in time= 9.564052104949951
	sample time= 220.49427151679993
	contraction err= 0.006170529657330926 1.3159828351699694

Mean energy: -1.16031770e+01
Block size    # of blocks        Mean                Error
     1           50000       -1.16031770e+01       1.209682e-02
     2           25000       -1.16031770e+01       1.222330e-02
     5           10000       -1.16031770e+01       1.280678e-02
    10           5000       -1.16031770e+01       1.362821e-02
    20           2500       -1.16031770e+01       1.497128e-02
    50           1000       -1.16031770e+01       1.863973e-02
    70            714       -1.16035728e+01       2.078745e-02
   100            500       -1.16031770e+01       2.339626e-02
   200            250       -1.16031770e+01       3.121869e-02
   500            100       -1.16031770e+01       4.754867e-02
0 0.0122232957277496 0.04754866599971937
Stocahstic error estimate: 1.222330e-02

step=42,E=-0.7251985634912019,dE=-0.08626256819260891,err=0.00076395598298435,gmax=0.9087209136248164
	collect g,Hv time= 0.955209493637085
niter= 41
	solver time=0.08644413948059082,exit status=0
	g=2.8034407800857806,del=10.02915307257562,dot=2.3981976116251915,x=14.065001859351325
saving to  ./psi43
	prob= 0.7601835614407476
	burn in time= 9.509729385375977
	sample time= 220.6802749633789
	contraction err= 0.0067176516896521165 1.0268407142203306

Mean energy: -1.23901328e+01
Block size    # of blocks        Mean                Error
     1           50000       -1.23901328e+01       9.073143e-03
     2           25000       -1.23901328e+01       9.109202e-03
     5           10000       -1.23901328e+01       9.224157e-03
    10           5000       -1.23901328e+01       9.428083e-03
    20           2500       -1.23901328e+01       1.009572e-02
    50           1000       -1.23901328e+01       1.164858e-02
    70            714       -1.23902145e+01       1.265419e-02
   100            500       -1.23901328e+01       1.390098e-02
   200            250       -1.23901328e+01       1.779060e-02
   500            100       -1.23901328e+01       2.597298e-02
0 0.009109202101127015 0.02597297904887938
Stocahstic error estimate: 9.109202e-03

step=43,E=-0.7743832971482071,dE=-0.04918473365700515,err=0.0005693251313204384,gmax=0.5261698372165313
	collect g,Hv time= 1.0168390274047852
niter= 47
	solver time=0.09837508201599121,exit status=0
	g=2.151111789296126,del=5.989246351457894,dot=1.2943132495506888,x=14.065001859351325
saving to  ./psi44
	prob= 0.47150014954302893
	burn in time= 9.305623292922974
RANK=35,cx=0.0006679455932740642,ex=-25813.203068075527
	sample time= 221.49202275276184
	contraction err= 0.006708282531284713 0.956986363282969

Mean energy: -1.27431201e+01
Block size    # of blocks        Mean                Error
     1           50000       -1.27431201e+01       7.886479e-03
     2           25000       -1.27431201e+01       7.877813e-03
     5           10000       -1.27431201e+01       7.908855e-03
    10           5000       -1.27431201e+01       7.868250e-03
    20           2500       -1.27431201e+01       8.090772e-03
    50           1000       -1.27431201e+01       8.191814e-03
    70            714       -1.27431933e+01       8.575121e-03
   100            500       -1.27431201e+01       8.688275e-03
   200            250       -1.27431201e+01       9.438120e-03
   500            100       -1.27431201e+01       1.198173e-02
0 0.007886478780602415 0.011981731329620361
Stocahstic error estimate: 7.886479e-03

step=44,E=-0.7964450056311462,dE=-0.02206170848293909,err=0.0004929049237876509,gmax=0.5596371960796311
	collect g,Hv time= 1.1462364196777344
niter= 53
	solver time=0.1087651252746582,exit status=0
	g=1.7978038358821238,del=4.235687003503708,dot=1.1464805995972278,x=14.065001859351323
saving to  ./psi45
	prob= 0.38013988902878065
	burn in time= 9.489855527877808
	sample time= 221.59765815734863
	contraction err= 0.006510168434357253 1.912465518226116

Mean energy: -1.28896024e+01
Block size    # of blocks        Mean                Error
     1           50000       -1.28896024e+01       6.641544e-03
     2           25000       -1.28896024e+01       6.617310e-03
     5           10000       -1.28896024e+01       6.660690e-03
    10           5000       -1.28896024e+01       6.663918e-03
    20           2500       -1.28896024e+01       6.745703e-03
    50           1000       -1.28896024e+01       6.738584e-03
    70            714       -1.28893272e+01       7.050622e-03
   100            500       -1.28896024e+01       7.062085e-03
   200            250       -1.28896024e+01       7.254396e-03
   500            100       -1.28896024e+01       7.374426e-03
0 0.006641544119833063 0.007374426434139049
Stocahstic error estimate: 6.641544e-03

step=45,E=-0.8056001468869226,dE=-0.009155141255776433,err=0.00041509650748956643,gmax=0.39034448202601224
	collect g,Hv time= 0.9704086780548096
niter= 56
	solver time=0.11693739891052246,exit status=0
	g=1.2587428489485262,del=3.1790846754787934,dot=0.673307031818311,x=14.065001859351323
saving to  ./psi46
	prob= 0.37877552422789906
	burn in time= 9.58234453201294
	sample time= 221.51968097686768
	contraction err= 0.006280636893709246 0.856965587502359

Mean energy: -1.29561820e+01
Block size    # of blocks        Mean                Error
     1           50000       -1.29561820e+01       6.210878e-03
     2           25000       -1.29561820e+01       6.213429e-03
     5           10000       -1.29561820e+01       6.258756e-03
    10           5000       -1.29561820e+01       6.266214e-03
    20           2500       -1.29561820e+01       6.418736e-03
    50           1000       -1.29561820e+01       6.565516e-03
    70            714       -1.29562829e+01       6.670239e-03
   100            500       -1.29561820e+01       6.727285e-03
   200            250       -1.29561820e+01       7.014801e-03
   500            100       -1.29561820e+01       7.590823e-03
0 0.0062134292551212856 0.007590823009109303
Stocahstic error estimate: 6.213429e-03

step=46,E=-0.809761376630192,dE=-0.004161229743269379,err=0.00038833932844508035,gmax=0.24424964584578418
	collect g,Hv time= 1.0664622783660889
niter= 56
	solver time=0.11588835716247559,exit status=0
	g=1.162677169694786,del=2.763405980752775,dot=0.4943911937472221,x=14.06500185935132
saving to  ./psi47
	prob= 0.3346155890623417
	burn in time= 9.433181524276733
	sample time= 222.0303430557251
	contraction err= 0.006102165542957042 1.4146116311098966

Mean energy: -1.29967802e+01
Block size    # of blocks        Mean                Error
     1           50000       -1.29967802e+01       6.310180e-03
     2           25000       -1.29967802e+01       6.292447e-03
     5           10000       -1.29967802e+01       6.370292e-03
    10           5000       -1.29967802e+01       6.322371e-03
    20           2500       -1.29967802e+01       6.323440e-03
    50           1000       -1.29967802e+01       6.155302e-03
    70            714       -1.29968883e+01       6.183401e-03
   100            500       -1.29967802e+01       6.165391e-03
   200            250       -1.29967802e+01       6.249387e-03
   500            100       -1.29967802e+01       6.144006e-03
0 0.006310179721933 0.0061440064312295
Stocahstic error estimate: 6.310180e-03

step=47,E=-0.812298764726941,dE=-0.0025373880967489715,err=0.0003943862326208125,gmax=0.3975531416591549
	collect g,Hv time= 1.1233456134796143
niter= 57
	solver time=0.12053298950195312,exit status=0
	g=1.204236498384032,del=2.530488822980547,dot=0.5862568842405194,x=14.065001859351321
saving to  ./psi48
	prob= 0.31913587759665013
	burn in time= 9.626741886138916
	sample time= 221.68727254867554
	contraction err= 0.006263430280643378 9.144696581801854

Mean energy: -1.30224431e+01
Block size    # of blocks        Mean                Error
     1           50000       -1.30224431e+01       5.990724e-03
     2           25000       -1.30224431e+01       5.994172e-03
     5           10000       -1.30224431e+01       6.009791e-03
    10           5000       -1.30224431e+01       5.992327e-03
    20           2500       -1.30224431e+01       6.018408e-03
    50           1000       -1.30224431e+01       5.850377e-03
    70            714       -1.30223218e+01       5.859104e-03
   100            500       -1.30224431e+01       6.084779e-03
   200            250       -1.30224431e+01       6.221266e-03
   500            100       -1.30224431e+01       6.566884e-03
0 0.005994171565740149 0.006566883612141697
Stocahstic error estimate: 5.994172e-03

step=48,E=-0.8139026935762667,dE=-0.0016039288493256976,err=0.0003746357228587593,gmax=0.20873392193126727
	collect g,Hv time= 1.0857176780700684
	solver time=0.04630327224731445,exit status=0
niter= 23
	g=0.9198379008343143,del=1.0847576131704748,dot=0.35140722188074636,x=14.065001859351321
saving to  ./psi49
	prob= 0.33412182784116684
	burn in time= 9.605096817016602
	sample time= 221.9331569671631
	contraction err= 0.006020956618490248 8.57532065512229

Mean energy: -1.30329801e+01
Block size    # of blocks        Mean                Error
     1           50000       -1.30329801e+01       6.052099e-03
     2           25000       -1.30329801e+01       6.029521e-03
     5           10000       -1.30329801e+01       6.022680e-03
    10           5000       -1.30329801e+01       5.908563e-03
    20           2500       -1.30329801e+01       5.893292e-03
    50           1000       -1.30329801e+01       5.807783e-03
    70            714       -1.30330213e+01       5.772016e-03
   100            500       -1.30329801e+01       5.714403e-03
   200            250       -1.30329801e+01       5.650239e-03
   500            100       -1.30329801e+01       6.253797e-03
0 0.0060520990522094364 0.006253797183301114
Stocahstic error estimate: 6.052099e-03

step=49,E=-0.8145612534406513,dE=-0.000658559864384678,err=0.0003782561907630898,gmax=0.3433239331862852
	collect g,Hv time= 1.1304662227630615
niter= 43
	solver time=0.09690666198730469,exit status=0
	g=1.5562094793212076,del=1.7736626589328508,dot=0.466023659456795,x=14.065001859351321
saving to  ./psi50
