block_dict= [(0, 36992)]
sizes= [36992]
SIZE= 640
Lx,Ly= 10 10
D= 4
rate= 0.1 0.5
cond= 0.001 0.001
nparams= 36992
	prob= 0.007365331227419961
	burn in time= 28.58232831954956
	sample time= 150.74652242660522
	contraction err= 0.00023652796944641143 0.1663959600387807

Mean energy: -4.80324015e+01
Block size    # of blocks        Mean                Error
     1           50000       -4.80324015e+01       4.113610e-03
     2           25000       -4.80324015e+01       4.112811e-03
     5           10000       -4.80324015e+01       4.037330e-03
    10           5000       -4.80324015e+01       3.993535e-03
    20           2500       -4.80324015e+01       3.972488e-03
    50           1000       -4.80324015e+01       3.975830e-03
    70            714       -4.80325128e+01       3.898784e-03
   100            500       -4.80324015e+01       4.036174e-03
   200            250       -4.80324015e+01       4.058842e-03
   500            100       -4.80324015e+01       3.870411e-03
0 0.004113609897623383 0.00387041057940147
Stocahstic error estimate: 4.113610e-03

step=18,E=-0.4803240145062997,dE=-0.4803240145062997,err=4.1136098976233826e-05,gmax=0.08170946932933806
	collect g,Hv time= 0.7085978984832764
	solver time=1.023726463317871,exit status=0
niter= 44
	g=0.43926933286443554,del=7.147731969042502,dot=0.6254720934213486,x=19.765448556460292
	prob= 0.0027576788133993773
	burn in time= 28.342248916625977
	sample time= 651.0441720485687
	contraction err= 0.00024355200228344946 0.13424850269572663

Mean energy: -4.80807833e+01
Block size    # of blocks        Mean                Error
     1           50000       -4.80807833e+01       3.613786e-03
     2           25000       -4.80807833e+01       3.618387e-03
     5           10000       -4.80807833e+01       3.595482e-03
    10           5000       -4.80807833e+01       3.564133e-03
    20           2500       -4.80807833e+01       3.605765e-03
    50           1000       -4.80807833e+01       3.559024e-03
    70            714       -4.80807471e+01       3.658508e-03
   100            500       -4.80807833e+01       3.491372e-03
   200            250       -4.80807833e+01       3.911161e-03
   500            100       -4.80807833e+01       4.635820e-03
0 0.0036183871646102888 0.004635820251883638
Stocahstic error estimate: 3.618387e-03

step=19,E=-0.4808078332464201,dE=-0.0004838187401204408,err=3.6183871646102887e-05,gmax=0.03364496737343958
	collect g,Hv time= 1.0509097576141357
	solver time=4.115247964859009,exit status=0
niter= 44
	g=0.3375132950594964,del=6.310826238003143,dot=0.46434414144327035,x=19.76544855646029
	prob= 0.0010726667294558318
	burn in time= 28.582356691360474
	sample time= 651.76939868927
	contraction err= 0.00025567098568041386 0.06398833751619043

Mean energy: -4.80989361e+01
Block size    # of blocks        Mean                Error
     1           50000       -4.80989361e+01       3.556387e-03
     2           25000       -4.80989361e+01       3.558413e-03
     5           10000       -4.80989361e+01       3.568244e-03
    10           5000       -4.80989361e+01       3.529379e-03
    20           2500       -4.80989361e+01       3.494741e-03
    50           1000       -4.80989361e+01       3.405165e-03
    70            714       -4.80988737e+01       3.384332e-03
   100            500       -4.80989361e+01       3.305388e-03
   200            250       -4.80989361e+01       3.571340e-03
   500            100       -4.80989361e+01       4.066832e-03
0 0.0035584134150764475 0.004066832113648814
Stocahstic error estimate: 3.558413e-03

step=20,E=-0.48098936099965917,dE=-0.00018152775323905247,err=3.5584134150764475e-05,gmax=0.028095009014357686
	collect g,Hv time= 1.241985559463501
	solver time=4.130001544952393,exit status=0
niter= 44
	g=0.3010700121799295,del=6.563127491646857,dot=0.43355772345766896,x=19.765448556460296
	prob= 0.00042492529521758577
	burn in time= 29.12875533103943
