block_dict= [(0, 36992)]
sizes= [36992]
SIZE= 640
Lx,Ly= 10 10
D= 4
rate= 0.1 0.5
cond= 0.001 0.001
nparams= 36992
	prob= 0.03530307388363562
	burn in time= 29.46905279159546
trouble in torch gesdd routine, falling back to gesvd
trouble in torch gesdd routine, falling back to gesvd
	sample time= 445.07683396339417
	contraction err= 0.00014085950611002977 0.04321859974924914

Mean energy: -4.76823709e+01
Block size    # of blocks        Mean                Error
     1           100000       -4.76823709e+01       2.935425e-03
     2           50000       -4.76823709e+01       2.931251e-03
     5           20000       -4.76823709e+01       2.938990e-03
    10           10000       -4.76823709e+01       2.905587e-03
    20           5000       -4.76823709e+01       2.931153e-03
    50           2000       -4.76823709e+01       2.937927e-03
    70           1428       -4.76822840e+01       2.904195e-03
   100           1000       -4.76823709e+01       2.870877e-03
   200            500       -4.76823709e+01       2.845080e-03
   500            200       -4.76823709e+01       2.885176e-03
0 0.0029354254018934484 0.002885175958354793
Stocahstic error estimate: 2.935425e-03

step=10,E=-0.47682370929812185,dE=-0.47682370929812185,err=2.9354254018934485e-05,gmax=0.0458943917132828
	collect g,Hv time= 1.4240894317626953
	solver time=1.9088091850280762,exit status=0
niter= 44
pure_newton= False
	solver time=274.6644070148468,exit status=100
niter= 3101
	prob= 6.869139691604645e-06
	burn in time= 28.49172043800354
	sample time= 1149.4317002296448
	contraction err= 0.00026831257678397517 0.12285401295990636

Mean energy: -4.76262909e+01
Block size    # of blocks        Mean                Error
     1           100000       -4.76262909e+01       4.826263e-03
     2           50000       -4.76262909e+01       4.823564e-03
     5           20000       -4.76262909e+01       4.829052e-03
    10           10000       -4.76262909e+01       4.843130e-03
    20           5000       -4.76262909e+01       4.821699e-03
    50           2000       -4.76262909e+01       4.932928e-03
    70           1428       -4.76262012e+01       4.845207e-03
   100           1000       -4.76262909e+01       4.899949e-03
   200            500       -4.76262909e+01       5.835893e-03
   500            200       -4.76262909e+01       8.097186e-03
0 0.004826263496664089 0.008097186313429474
Stocahstic error estimate: 4.826263e-03

	predict=-0.0997589932903815,actual=(0.05607998657907842, 0.0056488531251320025)
	g=0.5107355567271545,del=6.970829728220405,dot=0.6314856086421737,x=18.90608122791855
	prob= 0.007132729494796577
	burn in time= 27.98447060585022
trouble in torch gesdd routine, falling back to gesvd
trouble in torch gesdd routine, falling back to gesvd
	sample time= 2133.8955976963043
	contraction err= 0.0001489318029006456 0.04150895956887957

Mean energy: -4.77727534e+01
Block size    # of blocks        Mean                Error
     1           100000       -4.77727534e+01       2.753534e-03
     2           50000       -4.77727534e+01       2.762528e-03
     5           20000       -4.77727534e+01       2.742541e-03
    10           10000       -4.77727534e+01       2.751466e-03
    20           5000       -4.77727534e+01       2.750534e-03
    50           2000       -4.77727534e+01       2.839332e-03
    70           1428       -4.77726815e+01       2.824821e-03
   100           1000       -4.77727534e+01       2.761093e-03
   200            500       -4.77727534e+01       2.840997e-03
   500            200       -4.77727534e+01       3.332755e-03
0 0.002762527896555541 0.0033327546987504705
Stocahstic error estimate: 2.762528e-03

step=11,E=-0.47772753360794995,dE=-0.0009038243098280674,err=2.762527896555541e-05,gmax=0.04601794835124906
	collect g,Hv time= 1.9041223526000977
niter= 44
	solver time=7.941370725631714,exit status=0
pure_newton= False
	solver time=1141.33469748497,exit status=100
niter= 3101
	prob= 1.20512552836279e-05
	burn in time= 28.391677379608154
	sample time= 1151.3550708293915
	contraction err= 0.00022825280273609404 0.17689962694850891

Mean energy: -4.79416143e+01
Block size    # of blocks        Mean                Error
     1           100000       -4.79416143e+01       3.318909e-03
     2           50000       -4.79416143e+01       3.320053e-03
     5           20000       -4.79416143e+01       3.317643e-03
    10           10000       -4.79416143e+01       3.345228e-03
    20           5000       -4.79416143e+01       3.329196e-03
    50           2000       -4.79416143e+01       3.347362e-03
    70           1428       -4.79416313e+01       3.368844e-03
   100           1000       -4.79416143e+01       3.318446e-03
   200            500       -4.79416143e+01       3.768930e-03
   500            200       -4.79416143e+01       4.781491e-03
0 0.003320052513197512 0.004781491256526513
Stocahstic error estimate: 3.320053e-03

	predict=-0.08736934065657123,actual=(-0.16886097433437897, 0.004319063448206879)
	g=0.4890193385530274,del=2.2708276061990733,dot=0.1738919816563264,x=18.906081227918555
	prob= 1.20512552836279e-05
	burn in time= 28.401313304901123
trouble in torch gesdd routine, falling back to gesvd
trouble in torch gesdd routine, falling back to gesvd
	sample time= 2140.4577100276947
	contraction err= 0.0002220760499147563 0.08088369224762626

Mean energy: -4.79562116e+01
Block size    # of blocks        Mean                Error
     1           100000       -4.79562116e+01       3.137869e-03
     2           50000       -4.79562116e+01       3.135198e-03
     5           20000       -4.79562116e+01       3.102405e-03
    10           10000       -4.79562116e+01       3.143829e-03
    20           5000       -4.79562116e+01       3.113642e-03
    50           2000       -4.79562116e+01       3.045710e-03
    70           1428       -4.79561931e+01       3.062147e-03
   100           1000       -4.79562116e+01       3.077903e-03
   200            500       -4.79562116e+01       3.509458e-03
   500            200       -4.79562116e+01       4.616789e-03
0 0.0031378691078282786 0.004616788752279931
Stocahstic error estimate: 3.137869e-03

step=12,E=-0.4795621164543018,dE=-0.0018345828463518642,err=3.1378691078282785e-05,gmax=0.03854052622401642
	collect g,Hv time= 2.099921226501465
	solver time=8.101039409637451,exit status=0
niter= 45
pure_newton= False
	solver time=1142.9450488090515,exit status=100
niter= 3101
	prob= 8.11437310768524e-08
	burn in time= 28.930403470993042
	sample time= 1153.4684002399445
	contraction err= 0.0002872113258554514 0.06967046336588231

Mean energy: -4.81012055e+01
Block size    # of blocks        Mean                Error
     1           100000       -4.81012055e+01       2.886863e-03
     2           50000       -4.81012055e+01       2.890783e-03
     5           20000       -4.81012055e+01       2.863630e-03
    10           10000       -4.81012055e+01       2.880057e-03
    20           5000       -4.81012055e+01       2.867985e-03
    50           2000       -4.81012055e+01       2.901253e-03
    70           1428       -4.81011710e+01       2.869034e-03
   100           1000       -4.81012055e+01       2.844794e-03
   200            500       -4.81012055e+01       3.140934e-03
   500            200       -4.81012055e+01       3.979940e-03
0 0.0028907833253308786 0.003979940105411414
Stocahstic error estimate: 2.890783e-03

	predict=-0.05705054474478983,actual=(-0.14499383895625328, 0.004266479904074798)
	g=0.3458282402982867,del=2.005054536925063,dot=0.11416550992364684,x=18.90608122791856
	prob= 8.11437310768524e-08
	burn in time= 29.193865537643433
	sample time= 2142.3603188991547
	contraction err= 0.0002838124263082101 0.08639112353636275

Mean energy: -4.81039944e+01
Block size    # of blocks        Mean                Error
     1           100000       -4.81039944e+01       2.773262e-03
     2           50000       -4.81039944e+01       2.761970e-03
     5           20000       -4.81039944e+01       2.788324e-03
    10           10000       -4.81039944e+01       2.781325e-03
    20           5000       -4.81039944e+01       2.783585e-03
    50           2000       -4.81039944e+01       2.826864e-03
    70           1428       -4.81039704e+01       2.823659e-03
   100           1000       -4.81039944e+01       2.839657e-03
   200            500       -4.81039944e+01       3.118654e-03
   500            200       -4.81039944e+01       3.646940e-03
0 0.0027732617803259965 0.0036469395385296173
Stocahstic error estimate: 2.773262e-03

step=13,E=-0.4810399441054304,dE=-0.0014778276511285783,err=2.7732617803259964e-05,gmax=0.037619784948539126
	collect g,Hv time= 2.2213635444641113
	solver time=8.32764482498169,exit status=0
niter= 46
pure_newton= False
	solver time=1142.5590372085571,exit status=100
niter= 3101
	prob= 1.2765934631762062e-09
	burn in time= 28.854344367980957
	sample time= 1154.2062072753906
	contraction err= 0.0003787617294967481 0.1919306482566634

Mean energy: -4.81778144e+01
Block size    # of blocks        Mean                Error
     1           100000       -4.81778144e+01       2.816922e-03
     2           50000       -4.81778144e+01       2.813770e-03
     5           20000       -4.81778144e+01       2.808560e-03
    10           10000       -4.81778144e+01       2.808591e-03
    20           5000       -4.81778144e+01       2.806586e-03
    50           2000       -4.81778144e+01       2.821074e-03
    70           1428       -4.81778052e+01       2.838266e-03
   100           1000       -4.81778144e+01       2.800574e-03
   200            500       -4.81778144e+01       3.062001e-03
   500            200       -4.81778144e+01       3.623576e-03
0 0.002816921897951794 0.0036235757710461535
Stocahstic error estimate: 2.816922e-03

	predict=-0.03300302413291712,actual=(-0.07381995219748205, 0.003952977343898805)
	g=0.25273934475038545,del=1.933480355730192,dot=0.0659628047589164,x=18.906081227918555
	prob= 1.2765934631762062e-09
	burn in time= 28.83031415939331
trouble in torch gesdd routine, falling back to gesvd
	sample time= 2145.5883753299713
	contraction err= 0.0003745274410132618 0.2889478924268532

Mean energy: -4.81766006e+01
Block size    # of blocks        Mean                Error
     1           100000       -4.81766006e+01       2.727663e-03
     2           50000       -4.81766006e+01       2.712823e-03
     5           20000       -4.81766006e+01       2.712644e-03
    10           10000       -4.81766006e+01       2.745598e-03
    20           5000       -4.81766006e+01       2.781467e-03
    50           2000       -4.81766006e+01       2.773077e-03
    70           1428       -4.81765785e+01       2.860157e-03
   100           1000       -4.81766006e+01       2.813115e-03
   200            500       -4.81766006e+01       3.149018e-03
   500            200       -4.81766006e+01       4.076819e-03
0 0.0027276625028751136 0.004076819279118034
Stocahstic error estimate: 2.727663e-03

step=14,E=-0.48176600571869144,dE=-0.0007260616132610665,err=2.7276625028751135e-05,gmax=0.01822750688652519
	collect g,Hv time= 2.0531492233276367
	solver time=8.300590753555298,exit status=0
niter= 46
pure_newton= False
	solver time=1142.8073480129242,exit status=100
niter= 3101
	prob= 4.101021614466812e-11
	burn in time= 28.75806760787964
	sample time= 1155.2241864204407
	contraction err= 0.0004934832012733657 0.16153018550888454

Mean energy: -4.82197948e+01
Block size    # of blocks        Mean                Error
     1           100000       -4.82197948e+01       2.883632e-03
     2           50000       -4.82197948e+01       2.873913e-03
     5           20000       -4.82197948e+01       2.864849e-03
    10           10000       -4.82197948e+01       2.887274e-03
    20           5000       -4.82197948e+01       2.896266e-03
    50           2000       -4.82197948e+01       2.938761e-03
    70           1428       -4.82197798e+01       2.933343e-03
   100           1000       -4.82197948e+01       2.969137e-03
   200            500       -4.82197948e+01       3.252984e-03
   500            200       -4.82197948e+01       3.988903e-03
0 0.0028836315585807192 0.003988903329617313
Stocahstic error estimate: 2.883632e-03

	predict=-0.025451903554283572,actual=(-0.043194269388699524, 0.003969316527468374)
	g=0.20682803494688515,del=1.736907011386497,dot=0.050878245340018974,x=18.906081227918555
	prob= 4.101021614466812e-11
	burn in time= 28.428839445114136
	sample time= 2144.549661397934
	contraction err= 0.0005032148986692537 0.12582059012542432

Mean energy: -4.82181049e+01
Block size    # of blocks        Mean                Error
     1           100000       -4.82181049e+01       2.908738e-03
     2           50000       -4.82181049e+01       2.912310e-03
     5           20000       -4.82181049e+01       2.894635e-03
    10           10000       -4.82181049e+01       2.909164e-03
    20           5000       -4.82181049e+01       2.924097e-03
    50           2000       -4.82181049e+01       2.968426e-03
    70           1428       -4.82181794e+01       2.919987e-03
   100           1000       -4.82181049e+01       3.016828e-03
   200            500       -4.82181049e+01       3.319437e-03
   500            200       -4.82181049e+01       3.872832e-03
0 0.0029123102907912075 0.0038728323760457107
Stocahstic error estimate: 2.912310e-03

step=15,E=-0.48218104881536605,dE=-0.00041504309667459436,err=2.9123102907912076e-05,gmax=0.09057412334293793
	collect g,Hv time= 2.3909404277801514
	solver time=6.999098300933838,exit status=0
niter= 39
pure_newton= False
	solver time=1143.8006744384766,exit status=100
niter= 3101
	prob= 2.3417625115290274e-12
	burn in time= 28.49882745742798
	sample time= 1154.2570390701294
	contraction err= 0.0006133281164384337 0.2667262594973337

Mean energy: -4.82406286e+01
Block size    # of blocks        Mean                Error
     1           100000       -4.82406286e+01       2.848553e-03
     2           50000       -4.82406286e+01       2.839562e-03
     5           20000       -4.82406286e+01       2.828811e-03
    10           10000       -4.82406286e+01       2.829637e-03
    20           5000       -4.82406286e+01       2.779524e-03
    50           2000       -4.82406286e+01       2.737547e-03
    70           1428       -4.82406381e+01       2.647815e-03
   100           1000       -4.82406286e+01       2.681330e-03
   200            500       -4.82406286e+01       2.942329e-03
   500            200       -4.82406286e+01       3.307403e-03
0 0.00284855349452846 0.00330740256261759
Stocahstic error estimate: 2.848553e-03

	predict=-0.02238001285777961,actual=(-0.022523696670496918, 0.004073795311627558)
	g=0.28270451765522525,del=1.5474521952323135,dot=0.04471418614834315,x=18.906081227918538
	prob= 2.3417625115290274e-12
	burn in time= 28.998958110809326
trouble in torch gesdd routine, falling back to gesvd
	sample time= 2142.6407973766327
	contraction err= 0.0006142240456607009 0.16595497711774496

Mean energy: -4.82491729e+01
Block size    # of blocks        Mean                Error
     1           100000       -4.82491729e+01       2.890156e-03
     2           50000       -4.82491729e+01       2.879259e-03
     5           20000       -4.82491729e+01       2.895534e-03
    10           10000       -4.82491729e+01       2.889061e-03
    20           5000       -4.82491729e+01       2.877596e-03
    50           2000       -4.82491729e+01       2.885243e-03
    70           1428       -4.82491586e+01       2.830117e-03
   100           1000       -4.82491729e+01       2.831991e-03
   200            500       -4.82491729e+01       2.993714e-03
   500            200       -4.82491729e+01       3.377178e-03
0 0.0028901559596011595 0.0033771781364472764
Stocahstic error estimate: 2.890156e-03

step=16,E=-0.4824917285215792,dE=-0.0003106797062131506,err=2.8901559596011595e-05,gmax=0.0637915313369879
	collect g,Hv time= 2.218716859817505
	solver time=6.823046922683716,exit status=0
niter= 38
pure_newton= False
	solver time=1141.980351448059,exit status=100
niter= 3101
	prob= 1.9764057942701602e-13
	burn in time= 28.110385179519653
	sample time= 1154.0912153720856
	contraction err= 0.0007269631310980708 0.1464918250401799

Mean energy: -4.82759304e+01
Block size    # of blocks        Mean                Error
     1           100000       -4.82759304e+01       2.696808e-03
     2           50000       -4.82759304e+01       2.707207e-03
     5           20000       -4.82759304e+01       2.724151e-03
    10           10000       -4.82759304e+01       2.732393e-03
    20           5000       -4.82759304e+01       2.703440e-03
    50           2000       -4.82759304e+01       2.726146e-03
    70           1428       -4.82759435e+01       2.715640e-03
   100           1000       -4.82759304e+01       2.731280e-03
   200            500       -4.82759304e+01       2.916870e-03
   500            200       -4.82759304e+01       3.518289e-03
0 0.002707206913683526 0.003518288763692839
Stocahstic error estimate: 2.707207e-03

	predict=-0.019109240652872526,actual=(-0.026757576417807627, 0.0039600468108740815)
	g=0.34013038412832025,del=1.5751176100863713,dot=0.038191777623618015,x=18.906081227918545
	prob= 1.9764057942701602e-13
	burn in time= 29.42507815361023
	sample time= 2142.7661809921265
	contraction err= 0.0007380087096916554 0.11272627399846642

Mean energy: -4.82751730e+01
Block size    # of blocks        Mean                Error
     1           100000       -4.82751730e+01       2.762838e-03
     2           50000       -4.82751730e+01       2.767136e-03
     5           20000       -4.82751730e+01       2.776030e-03
    10           10000       -4.82751730e+01       2.769699e-03
    20           5000       -4.82751730e+01       2.759027e-03
    50           2000       -4.82751730e+01       2.781143e-03
    70           1428       -4.82751548e+01       2.807477e-03
   100           1000       -4.82751730e+01       2.772199e-03
   200            500       -4.82751730e+01       3.046504e-03
   500            200       -4.82751730e+01       3.445344e-03
0 0.0027671356091210097 0.0034453442886321285
Stocahstic error estimate: 2.767136e-03

step=17,E=-0.4827517304026188,dE=-0.00026000188103964206,err=2.7671356091210097e-05,gmax=0.02407559712559504
	collect g,Hv time= 2.2435734272003174
	solver time=8.483238697052002,exit status=0
niter= 47
pure_newton= False
	solver time=938.2906858921051,exit status=0
niter= 2543
	prob= 9.522635509415251e-15
	burn in time= 28.146504878997803
	sample time= 1153.9640974998474
	contraction err= 0.0009453100251385783 0.3425365858543591

Mean energy: -4.82713055e+01
Block size    # of blocks        Mean                Error
     1           100000       -4.82713055e+01       3.105325e-03
     2           50000       -4.82713055e+01       3.116784e-03
     5           20000       -4.82713055e+01       3.151375e-03
    10           10000       -4.82713055e+01       3.140525e-03
    20           5000       -4.82713055e+01       3.154425e-03
    50           2000       -4.82713055e+01       3.241835e-03
    70           1428       -4.82714318e+01       3.179246e-03
   100           1000       -4.82713055e+01       3.284401e-03
   200            500       -4.82713055e+01       3.567984e-03
   500            200       -4.82713055e+01       4.121822e-03
0 0.0031167840927498846 0.004121822306318128
Stocahstic error estimate: 3.116784e-03

	predict=-0.016870389988731867,actual=(0.00386749849117507, 0.004167899058288747)
	g=0.24260649528938982,del=6.838322259878218,dot=0.4953130069365399,x=18.906081227918555
	prob= 9.232034082108121e-14
	burn in time= 28.374512434005737
	sample time= 2141.2966899871826
	contraction err= 0.0007724338011161572 0.10840236940788635

Mean energy: -4.83053944e+01
Block size    # of blocks        Mean                Error
     1           100000       -4.83053944e+01       2.720424e-03
     2           50000       -4.83053944e+01       2.726247e-03
     5           20000       -4.83053944e+01       2.748059e-03
    10           10000       -4.83053944e+01       2.740845e-03
    20           5000       -4.83053944e+01       2.755198e-03
    50           2000       -4.83053944e+01       2.691877e-03
    70           1428       -4.83053845e+01       2.724320e-03
   100           1000       -4.83053944e+01       2.685828e-03
   200            500       -4.83053944e+01       2.920482e-03
   500            200       -4.83053944e+01       3.330663e-03
0 0.002726246591903711 0.0033306633226840594
Stocahstic error estimate: 2.726247e-03

step=18,E=-0.4830539436498025,dE=-0.0003022132471836159,err=2.7262465919037107e-05,gmax=0.05863638591141074
	collect g,Hv time= 2.9643490314483643
niter= 47
	solver time=8.498387098312378,exit status=0
pure_newton= False
	solver time=1143.3433344364166,exit status=100
niter= 3101
	prob= 1.5092623541826172e-14
	burn in time= 28.35684585571289
	sample time= 1152.9323320388794
	contraction err= 0.000846909464384004 0.12121615690162346

Mean energy: -4.83365657e+01
Block size    # of blocks        Mean                Error
     1           100000       -4.83365657e+01       2.726700e-03
     2           50000       -4.83365657e+01       2.736931e-03
     5           20000       -4.83365657e+01       2.745130e-03
    10           10000       -4.83365657e+01       2.758664e-03
    20           5000       -4.83365657e+01       2.758110e-03
    50           2000       -4.83365657e+01       2.737088e-03
    70           1428       -4.83365692e+01       2.675011e-03
   100           1000       -4.83365657e+01       2.715046e-03
   200            500       -4.83365657e+01       2.744943e-03
   500            200       -4.83365657e+01       3.216082e-03
0 0.0027369308714095715 0.0032160817456584213
Stocahstic error estimate: 2.736931e-03

	predict=-0.016261779938785935,actual=(-0.03117136108524221, 0.0038630572186729713)
	g=0.2838076333442143,del=1.3113999407887116,dot=0.032626192523664936,x=18.906081227918552
	prob= 1.5092623541826172e-14
	burn in time= 29.32619547843933
trouble in torch gesdd routine, falling back to gesvd
	sample time= 2139.59091591835
	contraction err= 0.0008595162289790153 0.13208152914437737

Mean energy: -4.83372196e+01
Block size    # of blocks        Mean                Error
     1           100000       -4.83372196e+01       2.443401e-03
     2           50000       -4.83372196e+01       2.442858e-03
     5           20000       -4.83372196e+01       2.448122e-03
    10           10000       -4.83372196e+01       2.434359e-03
    20           5000       -4.83372196e+01       2.443088e-03
    50           2000       -4.83372196e+01       2.411417e-03
    70           1428       -4.83372581e+01       2.447335e-03
   100           1000       -4.83372196e+01       2.417876e-03
   200            500       -4.83372196e+01       2.578568e-03
   500            200       -4.83372196e+01       2.918567e-03
0 0.0024434011057953443 0.0029185666559333498
Stocahstic error estimate: 2.443401e-03

step=19,E=-0.483372195703703,dE=-0.0003182520539005651,err=2.4434011057953442e-05,gmax=0.02386852993579261
	collect g,Hv time= 2.5408060550689697
	solver time=8.507442474365234,exit status=0
niter= 47
pure_newton= False
