block_dict= [(0, 3820)]
sizes= [3820]
SIZE= 256
L= 80
nspin= (40, 40)
nparam= 3820

nparam= 3820
	log prob= -9.622203559269725
	burn in time= 28.215653657913208
	sample time= 39.70760536193848
	contraction err= 1.885855700246669e-15 6.940294734654221e-15
nsamples= 4254

Mean energy: -2.82172922e+01
Block size    # of blocks        Mean                Error
     1           4254       -2.82172922e+01       1.871922e-02
     2           2127       -2.82172922e+01       1.866374e-02
     5            850       -2.82191758e+01       1.862643e-02
    10            425       -2.82191758e+01       1.736358e-02
    20            212       -2.82187158e+01       1.829079e-02
    50             85       -2.82191758e+01       1.698763e-02
    70             60       -2.82184084e+01       1.705483e-02
   100             42       -2.82184084e+01       1.778540e-02
   200             21       -2.82184084e+01       1.542940e-02
   500              8       -2.82164134e+01       1.675500e-02
Stocahstic error estimate: 1.871922e-02

step=0,E=-0.3527161524519356,dE=0.0,err=0.00023399021454419545,gmax=0.11486218197705084
	collect g,h time= 0.042600393295288086
	solver time=0.03780937194824219,exit status=0
niter= 42
	g=0.71776831306247,del=5.143473019622036,dot=1.2890670606857513,x=20.682601383771818

nparam= 3820
	log prob= -11.301983124876857
	burn in time= 28.37005043029785
	sample time= 42.49024796485901
	contraction err= 1.8942075939691052e-15 7.334888942366921e-15
nsamples= 4254

Mean energy: -2.84316582e+01
Block size    # of blocks        Mean                Error
     1           4254       -2.84316582e+01       1.655532e-02
     2           2127       -2.84316582e+01       1.652913e-02
     5            850       -2.84326152e+01       1.642839e-02
    10            425       -2.84326152e+01       1.671378e-02
    20            212       -2.84335956e+01       1.701406e-02
    50             85       -2.84326152e+01       1.878839e-02
    70             60       -2.84334599e+01       1.802185e-02
   100             42       -2.84334599e+01       1.888706e-02
   200             21       -2.84334599e+01       1.988371e-02
   500              8       -2.84351969e+01       1.473847e-02
Stocahstic error estimate: 1.655532e-02

step=1,E=-0.3553957273909615,dE=-0.0026795749390258637,err=0.00020694155177358118,gmax=0.09957667491371464
	collect g,h time= 0.04184722900390625
	solver time=0.024205684661865234,exit status=0
niter= 44
	g=0.6327508999892189,del=4.5657016800601555,dot=0.9749427609841848,x=20.68260138377182

nparam= 3820
	log prob= -12.959143045181667
	burn in time= 28.08208203315735
	sample time= 42.46491265296936
	contraction err= 1.921904055637333e-15 2.485450853155908e-14
nsamples= 4254

Mean energy: -2.85486106e+01
Block size    # of blocks        Mean                Error
     1           4254       -2.85486106e+01       1.526575e-02
     2           2127       -2.85486106e+01       1.539352e-02
     5            850       -2.85484164e+01       1.592659e-02
    10            425       -2.85484164e+01       1.554455e-02
    20            212       -2.85479811e+01       1.577630e-02
    50             85       -2.85484164e+01       1.507289e-02
    70             60       -2.85487906e+01       1.698877e-02
   100             42       -2.85487906e+01       1.457296e-02
   200             21       -2.85487906e+01       1.667355e-02
   500              8       -2.85498514e+01       2.055730e-02
Stocahstic error estimate: 1.539352e-02

step=2,E=-0.3568576321989797,dE=-0.0014619048080182218,err=0.0001924189683302652,gmax=0.08662260339652672
	collect g,h time= 0.04177427291870117
	solver time=0.0179593563079834,exit status=0
niter= 34
	g=0.6844201020671803,del=3.1851009189355812,dot=0.7658267255864868,x=20.682601383771818

nparam= 3820
	log prob= -14.189115572556494
	burn in time= 28.10318684577942
	sample time= 42.502967834472656
	contraction err= 1.9078463092676242e-15 9.075713023621149e-15
nsamples= 4254

Mean energy: -2.87263354e+01
Block size    # of blocks        Mean                Error
     1           4254       -2.87263354e+01       1.414982e-02
     2           2127       -2.87263354e+01       1.437335e-02
     5            850       -2.87266158e+01       1.422711e-02
    10            425       -2.87266158e+01       1.376785e-02
    20            212       -2.87274052e+01       1.379924e-02
    50             85       -2.87266158e+01       1.550180e-02
    70             60       -2.87257450e+01       1.575510e-02
   100             42       -2.87257450e+01       1.544587e-02
   200             21       -2.87257450e+01       1.391990e-02
   500              8       -2.87281990e+01       1.673616e-02
Stocahstic error estimate: 1.437335e-02

step=3,E=-0.35907919237013897,dE=-0.0022215601711592647,err=0.00017966682521969036,gmax=0.10122194886624042
	collect g,h time= 0.04185152053833008
	solver time=0.022143125534057617,exit status=0
niter= 42
	g=0.7068607687658847,del=3.3593647186637097,dot=0.6654926957130125,x=20.682601383771818

nparam= 3820
	log prob= -15.243605483771386
	burn in time= 28.096091508865356
	sample time= 42.477691888809204
	contraction err= 1.909575600668654e-15 6.833906663356982e-15
nsamples= 4254

Mean energy: -2.87947455e+01
Block size    # of blocks        Mean                Error
     1           4254       -2.87947455e+01       1.355162e-02
     2           2127       -2.87947455e+01       1.359134e-02
     5            850       -2.87946929e+01       1.417970e-02
    10            425       -2.87946929e+01       1.442170e-02
    20            212       -2.87940730e+01       1.473471e-02
    50             85       -2.87946929e+01       1.560243e-02
    70             60       -2.87935169e+01       1.592890e-02
   100             42       -2.87935169e+01       1.629223e-02
   200             21       -2.87935169e+01       1.659330e-02
   500              8       -2.87886134e+01       8.285873e-03
Stocahstic error estimate: 1.359134e-02

step=4,E=-0.3599343186795432,dE=-0.0008551263094042305,err=0.0001698917746011796,gmax=0.09254635675436695
	collect g,h time= 0.041442155838012695
	solver time=0.023373126983642578,exit status=0
niter= 45
	g=0.6405716954683234,del=3.51804213081781,dot=0.6193966615347117,x=20.68260138377183

nparam= 3820
	log prob= -16.151960403964086
	burn in time= 28.006632328033447
	sample time= 42.475101947784424
	contraction err= 1.9388310754412807e-15 1.3426945706643104e-14
nsamples= 4254

Mean energy: -2.89032112e+01
Block size    # of blocks        Mean                Error
     1           4254       -2.89032112e+01       1.252482e-02
     2           2127       -2.89032112e+01       1.262853e-02
     5            850       -2.89031495e+01       1.291138e-02
    10            425       -2.89031495e+01       1.311314e-02
    20            212       -2.89034063e+01       1.300010e-02
    50             85       -2.89031495e+01       1.340104e-02
    70             60       -2.89050105e+01       1.373604e-02
   100             42       -2.89050105e+01       1.318807e-02
   200             21       -2.89050105e+01       1.233439e-02
   500              8       -2.89010555e+01       1.759385e-02
Stocahstic error estimate: 1.262853e-02

step=5,E=-0.36129014014265065,dE=-0.0013558214631074871,err=0.0001578566395894323,gmax=0.08164569186931825
	collect g,h time= 0.04153132438659668
	solver time=0.022985458374023438,exit status=0
niter= 44
	g=0.5921489589537707,del=3.100105269845114,dot=0.523537474075038,x=20.682601383771825

nparam= 3820
	log prob= -16.786173978485447
	burn in time= 28.111607313156128
	sample time= 42.48341464996338
	contraction err= 1.9288140170374226e-15 8.442273387212092e-15
nsamples= 4254

Mean energy: -2.89630869e+01
Block size    # of blocks        Mean                Error
     1           4254       -2.89630869e+01       1.225692e-02
     2           2127       -2.89630869e+01       1.248302e-02
     5            850       -2.89631234e+01       1.285739e-02
    10            425       -2.89631234e+01       1.271907e-02
    20            212       -2.89632570e+01       1.292472e-02
    50             85       -2.89631234e+01       1.278345e-02
    70             60       -2.89622808e+01       1.265763e-02
   100             42       -2.89622808e+01       1.411440e-02
   200             21       -2.89622808e+01       1.404154e-02
   500              8       -2.89650319e+01       1.497572e-02
Stocahstic error estimate: 1.248302e-02

step=6,E=-0.36203858576566433,dE=-0.0007484456230136604,err=0.00015603777357652625,gmax=0.0776964296852537
	collect g,h time= 0.04127621650695801
	solver time=0.022078752517700195,exit status=0
niter= 43
	g=0.630680751107227,del=2.8498273594614374,dot=0.5080727582999786,x=20.682601383771818

nparam= 3820
	log prob= -17.34647544115722
	burn in time= 28.171001195907593
	sample time= 42.51831889152527
	contraction err= 1.909840497375535e-15 8.319461209484481e-15
nsamples= 4254

Mean energy: -2.90029793e+01
Block size    # of blocks        Mean                Error
     1           4254       -2.90029793e+01       1.226495e-02
     2           2127       -2.90029793e+01       1.233149e-02
     5            850       -2.90033964e+01       1.250414e-02
    10            425       -2.90033964e+01       1.211807e-02
    20            212       -2.90036927e+01       1.252694e-02
    50             85       -2.90033964e+01       1.292732e-02
    70             60       -2.90031045e+01       1.230422e-02
   100             42       -2.90031045e+01       1.271742e-02
   200             21       -2.90031045e+01       1.363931e-02
   500              8       -2.90050363e+01       1.564966e-02
Stocahstic error estimate: 1.233149e-02

step=7,E=-0.3625372410495052,dE=-0.0004986552838408542,err=0.00015414365453892583,gmax=0.09882510378088516
	collect g,h time= 0.04028058052062988
	solver time=0.022578716278076172,exit status=0
niter= 44
	g=0.674431715213203,del=2.8545150236272314,dot=0.5249720232911541,x=20.68260138377183

nparam= 3820
	log prob= -17.822308354920704
	burn in time= 28.016544580459595
	sample time= 42.49056673049927
	contraction err= 1.9232539386665714e-15 9.108690329040004e-15
nsamples= 4254

Mean energy: -2.90344123e+01
Block size    # of blocks        Mean                Error
     1           4254       -2.90344123e+01       1.242175e-02
     2           2127       -2.90344123e+01       1.298124e-02
     5            850       -2.90343327e+01       1.363519e-02
    10            425       -2.90343327e+01       1.407560e-02
    20            212       -2.90337999e+01       1.504231e-02
    50             85       -2.90343327e+01       1.531467e-02
    70             60       -2.90321725e+01       1.599203e-02
   100             42       -2.90321725e+01       1.761312e-02
   200             21       -2.90321725e+01       1.665917e-02
   500              8       -2.90340668e+01       2.355219e-02
Stocahstic error estimate: 1.298124e-02

step=8,E=-0.3629301535971698,dE=-0.0003929125476646256,err=0.00016226555937542882,gmax=0.1464366645803935
	collect g,h time= 0.0412447452545166
	solver time=0.022143840789794922,exit status=0
niter= 43
	g=0.7733607976012289,del=2.7498978958589086,dot=0.5396337620389939,x=20.682601383771825

nparam= 3820
	log prob= -18.33174532883975
	burn in time= 28.186540842056274
	sample time= 42.47302603721619
	contraction err= 1.934511685670727e-15 7.299089941785878e-15
nsamples= 4254

Mean energy: -2.90836205e+01
Block size    # of blocks        Mean                Error
     1           4254       -2.90836205e+01       1.211179e-02
     2           2127       -2.90836205e+01       1.270290e-02
     5            850       -2.90831304e+01       1.396814e-02
    10            425       -2.90831304e+01       1.471474e-02
    20            212       -2.90836177e+01       1.574257e-02
    50             85       -2.90831304e+01       1.471094e-02
    70             60       -2.90835517e+01       1.485122e-02
   100             42       -2.90835517e+01       1.429163e-02
   200             21       -2.90835517e+01       1.307621e-02
   500              8       -2.90856486e+01       2.044334e-02
Stocahstic error estimate: 1.270290e-02

step=9,E=-0.3635452556395545,dE=-0.0006151020423846631,err=0.00015878622704908234,gmax=0.10998160472376406
	collect g,h time= 0.0413813591003418
	solver time=0.021966218948364258,exit status=0
niter= 43
	g=0.685890395427366,del=2.693545104636303,dot=0.5256742855798247,x=20.68260138377182

nparam= 3820
	log prob= -18.7225020253279
	burn in time= 28.228516578674316
	sample time= 42.47410440444946
	contraction err= 1.9920889911126187e-15 1.2776369925693227e-14
nsamples= 4254

Mean energy: -2.91287602e+01
Block size    # of blocks        Mean                Error
     1           4254       -2.91287602e+01       1.139620e-02
     2           2127       -2.91287602e+01       1.196345e-02
     5            850       -2.91286312e+01       1.247324e-02
    10            425       -2.91286312e+01       1.298983e-02
    20            212       -2.91293136e+01       1.291561e-02
    50             85       -2.91286312e+01       1.268131e-02
    70             60       -2.91283283e+01       1.332670e-02
   100             42       -2.91283283e+01       1.268349e-02
   200             21       -2.91283283e+01       1.397622e-02
   500              8       -2.91258207e+01       1.474911e-02
Stocahstic error estimate: 1.196345e-02

step=10,E=-0.3641095023519085,dE=-0.0005642467123540218,err=0.0001495430721133378,gmax=0.31673509419648105
	collect g,h time= 0.041471004486083984
	solver time=0.0210723876953125,exit status=0
niter= 41
	g=0.9478429016770406,del=2.277423537230477,dot=0.45807861418582135,x=20.68260138377182

nparam= 3820
	log prob= -19.069791207614436
	burn in time= 28.12008547782898
	sample time= 42.48353600502014
	contraction err= 1.9400825952241806e-15 7.440013878976527e-15
nsamples= 4254

Mean energy: -2.91973143e+01
Block size    # of blocks        Mean                Error
     1           4254       -2.91973143e+01       1.069044e-02
     2           2127       -2.91973143e+01       1.123019e-02
     5            850       -2.91974352e+01       1.213052e-02
    10            425       -2.91974352e+01       1.253309e-02
    20            212       -2.91979047e+01       1.241778e-02
    50             85       -2.91974352e+01       1.204161e-02
    70             60       -2.91965014e+01       1.126718e-02
   100             42       -2.91965014e+01       1.055184e-02
   200             21       -2.91965014e+01       1.145636e-02
   500              8       -2.91963175e+01       8.612476e-03
Stocahstic error estimate: 1.253309e-02

step=11,E=-0.36496642913920657,dE=-0.0008569267872980735,err=0.00015666359344451312,gmax=0.13400335070570946
	collect g,h time= 0.04139208793640137
	solver time=0.022668123245239258,exit status=0
niter= 44
	g=0.742567110822572,del=2.141448545571576,dot=0.41868185340757097,x=20.682601383771818

nparam= 3820
	log prob= -19.507860484353994
	burn in time= 28.20906090736389
	sample time= 42.490580558776855
	contraction err= 1.943249589423823e-15 9.855177552179387e-15
nsamples= 4254

Mean energy: -2.92508035e+01
Block size    # of blocks        Mean                Error
     1           4254       -2.92508035e+01       9.978106e-03
     2           2127       -2.92508035e+01       1.017537e-02
     5            850       -2.92510329e+01       1.059407e-02
    10            425       -2.92510329e+01       1.083358e-02
    20            212       -2.92506324e+01       1.064602e-02
    50             85       -2.92510329e+01       1.123096e-02
    70             60       -2.92487636e+01       1.034481e-02
   100             42       -2.92487636e+01       1.015489e-02
   200             21       -2.92487636e+01       1.186513e-02
   500              8       -2.92490040e+01       1.566838e-02
Stocahstic error estimate: 1.017537e-02

step=12,E=-0.3656350439893076,dE=-0.0006686148501009904,err=0.0001271921853447868,gmax=0.18415718657244107
	collect g,h time= 0.04133296012878418
	solver time=0.022108793258666992,exit status=0
niter= 43
	g=0.6361689701945005,del=2.0965560597715602,dot=0.3617333191299281,x=20.682601383771825

nparam= 3820
	log prob= -19.87027670004348
	burn in time= 28.289589881896973
	sample time= 42.46806716918945
	contraction err= 1.921216551279267e-15 1.2869883328849518e-14
nsamples= 4254

Mean energy: -2.92614672e+01
Block size    # of blocks        Mean                Error
     1           4254       -2.92614672e+01       9.858377e-03
     2           2127       -2.92614672e+01       1.010603e-02
     5            850       -2.92615810e+01       1.065785e-02
    10            425       -2.92615810e+01       1.090771e-02
    20            212       -2.92614364e+01       1.157439e-02
    50             85       -2.92615810e+01       1.233122e-02
    70             60       -2.92619156e+01       1.183467e-02
   100             42       -2.92619156e+01       1.346702e-02
   200             21       -2.92619156e+01       1.243254e-02
   500              8       -2.92642054e+01       1.918581e-02
Stocahstic error estimate: 1.010603e-02

step=13,E=-0.36576833952721205,dE=-0.00013329553790448757,err=0.00012632542551692418,gmax=0.09999050001372023
	collect g,h time= 0.041330575942993164
	solver time=0.021803617477416992,exit status=0
niter= 43
	g=0.6351810783483065,del=2.0602621688852536,dot=0.35375482334657826,x=20.68260138377182

nparam= 3820
	log prob= -20.24925499586308
	burn in time= 28.087193489074707
	sample time= 42.48269248008728
	contraction err= 1.945101425552249e-15 1.1190260840533845e-14
nsamples= 4254

Mean energy: -2.92972556e+01
Block size    # of blocks        Mean                Error
     1           4254       -2.92972556e+01       1.000761e-02
     2           2127       -2.92972556e+01       1.075038e-02
     5            850       -2.92973569e+01       1.201467e-02
    10            425       -2.92973569e+01       1.271774e-02
    20            212       -2.92973649e+01       1.439809e-02
    50             85       -2.92973569e+01       1.435527e-02
    70             60       -2.92976526e+01       1.339410e-02
   100             42       -2.92976526e+01       1.569467e-02
   200             21       -2.92976526e+01       1.830136e-02
   500              8       -2.93003409e+01       1.993352e-02
Stocahstic error estimate: 1.439809e-02

step=14,E=-0.36621569457540387,dE=-0.00044735504819182204,err=0.00017997610157830866,gmax=0.13628051480527725
	collect g,h time= 0.041268110275268555
	solver time=0.02131509780883789,exit status=0
niter= 42
	g=0.7240619202785791,del=1.9056639147234944,dot=0.38044046170462154,x=20.68260138377182

nparam= 3820
	log prob= -20.683795607795403
	burn in time= 28.30191206932068
	sample time= 42.46215510368347
	contraction err= 1.9527581456863135e-15 1.6063547461901507e-14
nsamples= 4254

Mean energy: -2.93218274e+01
Block size    # of blocks        Mean                Error
     1           4254       -2.93218274e+01       1.086941e-02
     2           2127       -2.93218274e+01       1.135307e-02
     5            850       -2.93222232e+01       1.215495e-02
    10            425       -2.93222232e+01       1.268553e-02
    20            212       -2.93243874e+01       1.232504e-02
    50             85       -2.93222232e+01       1.346397e-02
    70             60       -2.93240498e+01       1.348034e-02
   100             42       -2.93240498e+01       1.233098e-02
   200             21       -2.93240498e+01       1.194863e-02
   500              8       -2.93285669e+01       1.056561e-02
Stocahstic error estimate: 1.135307e-02

step=15,E=-0.366522842812386,dE=-0.00030714823698212433,err=0.0001419134252976625,gmax=0.1748048384349894
	collect g,h time= 0.04120683670043945
	solver time=0.017460346221923828,exit status=0
niter= 34
	g=0.8928959913350508,del=1.5415738621043735,dot=0.44823181449681115,x=20.68260138377182

nparam= 3820
	log prob= -21.07260482422736
	burn in time= 28.35228681564331
	sample time= 42.46510934829712
	contraction err= 1.932369790153454e-15 1.0007183189774434e-14
nsamples= 4254

Mean energy: -2.93539448e+01
Block size    # of blocks        Mean                Error
     1           4254       -2.93539448e+01       1.050048e-02
     2           2127       -2.93539448e+01       1.223581e-02
     5            850       -2.93538861e+01       1.540105e-02
    10            425       -2.93538861e+01       1.766083e-02
    20            212       -2.93535121e+01       2.011289e-02
    50             85       -2.93538861e+01       2.172231e-02
    70             60       -2.93564276e+01       2.275027e-02
   100             42       -2.93564276e+01       2.432545e-02
   200             21       -2.93564276e+01       2.464582e-02
   500              8       -2.93556454e+01       2.986546e-02
Stocahstic error estimate: 2.275027e-02

step=16,E=-0.3669243095657629,dE=-0.000401466753376889,err=0.0002843783478009607,gmax=0.2532370768079517
	collect g,h time= 0.04118657112121582
	solver time=0.01973748207092285,exit status=0
niter= 39
	g=0.9575124566054439,del=1.6120575139792825,dot=0.427342214941538,x=20.68260138377182

nparam= 3820
	log prob= -21.516017985425865
	burn in time= 28.1131854057312
	sample time= 42.44415020942688
	contraction err= 1.9595612560838306e-15 1.291881965355056e-14
nsamples= 4254

Mean energy: -2.93640321e+01
Block size    # of blocks        Mean                Error
     1           4254       -2.93640321e+01       1.060511e-02
     2           2127       -2.93640321e+01       1.219611e-02
     5            850       -2.93637499e+01       1.543090e-02
    10            425       -2.93637499e+01       1.784333e-02
    20            212       -2.93645030e+01       1.846637e-02
    50             85       -2.93637499e+01       2.016788e-02
    70             60       -2.93631794e+01       1.892674e-02
   100             42       -2.93631794e+01       1.835852e-02
   200             21       -2.93631794e+01       1.930582e-02
   500              8       -2.93648367e+01       1.548181e-02
Stocahstic error estimate: 1.846637e-02

step=17,E=-0.367050400922044,dE=-0.00012609135628109945,err=0.00023082967591357795,gmax=0.3007372124192531
	collect g,h time= 0.04123497009277344
	solver time=0.018370389938354492,exit status=0
niter= 36
	g=0.9241146774458572,del=1.474756602669783,dot=0.43768004533811267,x=20.68260138377183

nparam= 3820
	log prob= -21.892160377045695
	burn in time= 28.28483533859253
	sample time= 42.45536422729492
	contraction err= 1.9572185915962756e-15 1.6520174533893764e-14
nsamples= 4254

Mean energy: -2.94115616e+01
Block size    # of blocks        Mean                Error
     1           4254       -2.94115616e+01       8.782482e-03
     2           2127       -2.94115616e+01       9.554215e-03
     5            850       -2.94116488e+01       1.153583e-02
    10            425       -2.94116488e+01       1.297139e-02
    20            212       -2.94119767e+01       1.341854e-02
    50             85       -2.94116488e+01       1.488913e-02
    70             60       -2.94119081e+01       1.517787e-02
   100             42       -2.94119081e+01       1.634189e-02
   200             21       -2.94119081e+01       1.920472e-02
   500              8       -2.94110716e+01       2.428659e-02
Stocahstic error estimate: 1.341854e-02

step=18,E=-0.36764451955164534,dE=-0.0005941186296013701,err=0.00016773179596218826,gmax=0.13879575249702825
	collect g,h time= 0.04117393493652344
	solver time=0.0214996337890625,exit status=0
niter= 40
	g=0.7092661228096729,del=1.3091870543119641,dot=0.2934926285527336,x=20.682601383771818

nparam= 3820
	log prob= -22.265206350535692
	burn in time= 28.034193515777588
	sample time= 42.43619513511658
	contraction err= 1.9870975176940396e-15 8.963022341305327e-15
nsamples= 4254

Mean energy: -2.94283780e+01
Block size    # of blocks        Mean                Error
     1           4254       -2.94283780e+01       8.848943e-03
     2           2127       -2.94283780e+01       9.605875e-03
     5            850       -2.94282670e+01       1.074923e-02
    10            425       -2.94282670e+01       1.225472e-02
    20            212       -2.94285537e+01       1.207273e-02
    50             85       -2.94282670e+01       1.210514e-02
    70             60       -2.94296389e+01       1.143733e-02
   100             42       -2.94296389e+01       1.320725e-02
   200             21       -2.94296389e+01       1.429671e-02
   500              8       -2.94324384e+01       1.374584e-02
Stocahstic error estimate: 1.225472e-02

step=19,E=-0.3678547247966892,dE=-0.00021020524504384853,err=0.0001531839870469771,gmax=0.17855540725186714
	collect g,h time= 0.04143095016479492
	solver time=0.021856307983398438,exit status=0
niter= 43
	g=0.7612699022626197,del=1.3553490874429472,dot=0.30516980015980993,x=20.682601383771818

nparam= 3820
	log prob= -22.648147442086536
	burn in time= 28.11066246032715
	sample time= 42.45272898674011
	contraction err= 1.969080500198797e-15 1.1706262483456698e-14
nsamples= 4254

Mean energy: -2.94555216e+01
Block size    # of blocks        Mean                Error
     1           4254       -2.94555216e+01       8.418336e-03
     2           2127       -2.94555216e+01       9.449770e-03
     5            850       -2.94554907e+01       1.134732e-02
    10            425       -2.94554907e+01       1.342911e-02
    20            212       -2.94555282e+01       1.382433e-02
    50             85       -2.94554907e+01       1.611645e-02
    70             60       -2.94564597e+01       1.415629e-02
   100             42       -2.94564597e+01       1.494662e-02
   200             21       -2.94564597e+01       1.391078e-02
   500              8       -2.94541753e+01       1.450738e-02
Stocahstic error estimate: 1.382433e-02

step=20,E=-0.3681940196947998,dE=-0.0003392948981106425,err=0.00017280411601840805,gmax=0.1310013272329662
	collect g,h time= 0.04138469696044922
	solver time=0.021225452423095703,exit status=0
niter= 42
	g=0.644355214735798,del=1.2684368810508206,dot=0.27672794037987386,x=20.68260138377182

nparam= 3820
	log prob= -22.98526907300149
	burn in time= 28.216800928115845
	sample time= 42.42858552932739
	contraction err= 1.968178579233417e-15 3.6934676831001045e-14
nsamples= 4254

Mean energy: -2.94739353e+01
Block size    # of blocks        Mean                Error
     1           4254       -2.94739353e+01       8.644888e-03
     2           2127       -2.94739353e+01       9.840521e-03
     5            850       -2.94739910e+01       1.165005e-02
    10            425       -2.94739910e+01       1.268484e-02
    20            212       -2.94738329e+01       1.288258e-02
    50             85       -2.94739910e+01       1.264419e-02
    70             60       -2.94738606e+01       1.362016e-02
   100             42       -2.94738606e+01       1.448796e-02
   200             21       -2.94738606e+01       1.530512e-02
   500              8       -2.94732285e+01       1.477486e-02
Stocahstic error estimate: 1.288258e-02

step=21,E=-0.3684241907724427,dE=-0.00023017107764284895,err=0.0001610323023850148,gmax=0.41334183645790507
	collect g,h time= 0.041007041931152344
	solver time=0.01466679573059082,exit status=0
niter= 29
	g=1.4082018037139628,del=0.9442076656165094,dot=0.2789025863496725,x=20.682601383771825

nparam= 3820
	log prob= -23.2580795918889
	burn in time= 27.97846245765686
	sample time= 42.496004581451416
	contraction err= 1.9871095800792807e-15 1.051120001222249e-14
nsamples= 4254

Mean energy: -2.94963802e+01
Block size    # of blocks        Mean                Error
     1           4254       -2.94963802e+01       7.848132e-03
     2           2127       -2.94963802e+01       8.531883e-03
     5            850       -2.94963418e+01       9.226370e-03
    10            425       -2.94963418e+01       1.022968e-02
    20            212       -2.94963304e+01       9.879882e-03
    50             85       -2.94963418e+01       9.863851e-03
    70             60       -2.94966777e+01       9.931018e-03
   100             42       -2.94966777e+01       9.826202e-03
   200             21       -2.94966777e+01       1.037961e-02
   500              8       -2.94955064e+01       1.020422e-02
Stocahstic error estimate: 1.022968e-02

step=22,E=-0.36870475252682094,dE=-0.00028056175437827233,err=0.0001278710486888722,gmax=0.18412490095308431
	collect g,h time= 0.04102277755737305
	solver time=0.01973724365234375,exit status=0
niter= 39
	g=0.7684975693201287,del=0.9859476198969908,dot=0.23649134785543774,x=20.68260138377182

nparam= 3820
	log prob= -23.58933285079008
	burn in time= 28.254599571228027
	sample time= 42.45035243034363
	contraction err= 1.9717226935550943e-15 3.999725290736236e-14
nsamples= 4254

Mean energy: -2.95340051e+01
Block size    # of blocks        Mean                Error
     1           4254       -2.95340051e+01       6.932315e-03
     2           2127       -2.95340051e+01       7.156634e-03
     5            850       -2.95339522e+01       7.349016e-03
    10            425       -2.95339522e+01       7.457139e-03
    20            212       -2.95337019e+01       7.624107e-03
    50             85       -2.95339522e+01       7.324009e-03
    70             60       -2.95332598e+01       8.156979e-03
   100             42       -2.95332598e+01       7.993899e-03
   200             21       -2.95332598e+01       6.903822e-03
   500              8       -2.95335477e+01       7.955292e-03
Stocahstic error estimate: 7.156634e-03

step=23,E=-0.3691750636440153,dE=-0.00047031111719433307,err=8.945792647352921e-05,gmax=0.12263013620107188
	collect g,h time= 0.04113149642944336
	solver time=0.013071775436401367,exit status=0
niter= 26
	g=0.7014531062434819,del=0.6580466156790897,dot=0.17472212743124524,x=20.682601383771825

nparam= 3820
	log prob= -23.879876859986354
	burn in time= 28.238613605499268
	sample time= 42.44955563545227
	contraction err= 1.9578000841078657e-15 1.3301567082615342e-14
nsamples= 4254

Mean energy: -2.95257450e+01
Block size    # of blocks        Mean                Error
     1           4254       -2.95257450e+01       7.937975e-03
     2           2127       -2.95257450e+01       8.922233e-03
     5            850       -2.95256811e+01       9.979182e-03
    10            425       -2.95256811e+01       1.128383e-02
    20            212       -2.95252165e+01       1.107872e-02
    50             85       -2.95256811e+01       1.174225e-02
    70             60       -2.95239309e+01       1.080674e-02
   100             42       -2.95239309e+01       1.030638e-02
   200             21       -2.95239309e+01       1.155356e-02
   500              8       -2.95216009e+01       1.145567e-02
Stocahstic error estimate: 1.128383e-02

step=24,E=-0.36907181242298454,dE=0.00010325122103074235,err=0.00014104793302159707,gmax=0.1926374209321029
	collect g,h time= 0.04125714302062988
	solver time=0.01915740966796875,exit status=0
niter= 38
	g=0.7879531484922827,del=0.9362927698068082,dot=0.2432981026594822,x=20.682601383771814

nparam= 3820
	log prob= -24.189700608085225
	burn in time= 28.21194887161255
	sample time= 42.43554973602295
	contraction err= 1.98296557511677e-15 8.406936832460503e-15
nsamples= 4254

Mean energy: -2.95198563e+01
Block size    # of blocks        Mean                Error
     1           4254       -2.95198563e+01       9.172041e-03
     2           2127       -2.95198563e+01       1.066811e-02
     5            850       -2.95197161e+01       1.354419e-02
    10            425       -2.95197161e+01       1.599250e-02
    20            212       -2.95195250e+01       1.812671e-02
    50             85       -2.95197161e+01       1.767248e-02
    70             60       -2.95188598e+01       1.693307e-02
   100             42       -2.95188598e+01       1.849712e-02
   200             21       -2.95188598e+01       1.679307e-02
   500              8       -2.95168691e+01       1.609241e-02
Stocahstic error estimate: 1.812671e-02

step=25,E=-0.3689982033848855,dE=7.360903809905395e-05,err=0.0002265838530742016,gmax=0.38113013864914125
	collect g,h time= 0.04130744934082031
	solver time=0.020813703536987305,exit status=0
niter= 41
	g=1.1472234083449204,del=1.023160503016117,dot=0.3354123645037248,x=20.682601383771825

nparam= 3820
	log prob= -24.47816323987491
	burn in time= 28.126517057418823
	sample time= 42.451940298080444
	contraction err= 1.9630952973281785e-15 1.5227855277177995e-14
nsamples= 4254

Mean energy: -2.95534864e+01
Block size    # of blocks        Mean                Error
     1           4254       -2.95534864e+01       7.874573e-03
     2           2127       -2.95534864e+01       8.758225e-03
     5            850       -2.95536890e+01       1.021512e-02
    10            425       -2.95536890e+01       1.131881e-02
    20            212       -2.95532452e+01       1.205381e-02
    50             85       -2.95536890e+01       1.160327e-02
    70             60       -2.95532590e+01       1.342976e-02
   100             42       -2.95532590e+01       1.243196e-02
   200             21       -2.95532590e+01       1.018750e-02
   500              8       -2.95532658e+01       1.023725e-02
Stocahstic error estimate: 1.205381e-02

step=26,E=-0.3694185794429111,dE=-0.00042037605802565104,err=0.00015067261896449904,gmax=0.20987467158121653
	collect g,h time= 0.04113626480102539
	solver time=0.01921224594116211,exit status=0
niter= 38
	g=0.9661011072485045,del=0.9021372260415201,dot=0.24129112183033102,x=20.68260138377183

nparam= 3820
	log prob= -24.759239299656585
	burn in time= 28.05823564529419
	sample time= 42.44575881958008
	contraction err= 2.0150561046500195e-15 3.3085788451133764e-14
nsamples= 4254

Mean energy: -2.95597411e+01
Block size    # of blocks        Mean                Error
     1           4254       -2.95597411e+01       8.184011e-03
     2           2127       -2.95597411e+01       9.812911e-03
     5            850       -2.95598591e+01       1.267463e-02
    10            425       -2.95598591e+01       1.558779e-02
    20            212       -2.95596714e+01       2.040041e-02
    50             85       -2.95598591e+01       1.500490e-02
    70             60       -2.95589306e+01       1.542461e-02
   100             42       -2.95589306e+01       1.984833e-02
   200             21       -2.95589306e+01       2.240667e-02
   500              8       -2.95555361e+01       2.488556e-02
Stocahstic error estimate: 2.040041e-02

step=27,E=-0.3694967632701035,dE=-7.81838271923796e-05,err=0.0002550050832654094,gmax=0.6449284802397539
	collect g,h time= 0.04130363464355469
	solver time=0.014957427978515625,exit status=0
niter= 30
	g=1.391428293324246,del=0.6962196733300274,dot=0.26252873081587197,x=20.68260138377182

nparam= 3820
	log prob= -25.04342725853814
	burn in time= 27.971054792404175
	sample time= 42.468748807907104
	contraction err= 1.984642381180652e-15 1.903630738667993e-14
nsamples= 4254

Mean energy: -2.95791336e+01
Block size    # of blocks        Mean                Error
     1           4254       -2.95791336e+01       7.881285e-03
     2           2127       -2.95791336e+01       8.429124e-03
     5            850       -2.95788687e+01       9.324161e-03
    10            425       -2.95788687e+01       9.434304e-03
    20            212       -2.95790062e+01       9.598271e-03
    50             85       -2.95788687e+01       9.883612e-03
    70             60       -2.95788086e+01       1.009548e-02
   100             42       -2.95788086e+01       9.903184e-03
   200             21       -2.95788086e+01       1.086022e-02
   500              8       -2.95848764e+01       7.963248e-03
Stocahstic error estimate: 9.434304e-03

step=28,E=-0.3697391701294953,dE=-0.00024240685939176388,err=0.00011792879562379344,gmax=0.7032396257440441
	collect g,h time= 0.04045438766479492
	solver time=0.017100811004638672,exit status=0
niter= 34
	g=2.1475250060757896,del=0.6524799511820286,dot=0.24335179165972232,x=20.68260138377182

nparam= 3820
	log prob= -25.293998862054764
	burn in time= 28.070154428482056
	sample time= 42.426722049713135
	contraction err= 1.9915897938521164e-15 1.2344509633091874e-14
nsamples= 4254

Mean energy: -2.95797704e+01
Block size    # of blocks        Mean                Error
     1           4254       -2.95797704e+01       8.445640e-03
     2           2127       -2.95797704e+01       9.634567e-03
     5            850       -2.95800081e+01       1.221122e-02
    10            425       -2.95800081e+01       1.436396e-02
    20            212       -2.95798405e+01       1.457021e-02
    50             85       -2.95800081e+01       1.532258e-02
    70             60       -2.95790801e+01       1.586827e-02
   100             42       -2.95790801e+01       1.696101e-02
   200             21       -2.95790801e+01       1.805792e-02
   500              8       -2.95793201e+01       1.797868e-02
Stocahstic error estimate: 1.457021e-02

step=29,E=-0.36974712949891736,dE=-7.95936942208364e-06,err=0.0001821276193747316,gmax=0.34334852166419516
	collect g,h time= 0.04123044013977051
	solver time=0.021783828735351562,exit status=0
niter= 43
	g=1.0740540651002355,del=0.8518260069599071,dot=0.28697707007052603,x=20.682601383771825
block_dict= [(0, 3820)]
sizes= [3820]
SIZE= 256
L= 80
nspin= (40, 40)
nparam= 3820

nparam= 3820
	log prob= -20.266828938863288
	burn in time= 28.877300024032593
	sample time= 42.368901014328
	contraction err= 1.9863807755472648e-15 1.534951194418008e-14
nsamples= 4254

Mean energy: -2.96116582e+01
Block size    # of blocks        Mean                Error
     1           4254       -2.96116582e+01       6.799194e-03
     2           2127       -2.96116582e+01       7.475108e-03
     5            850       -2.96114777e+01       8.478780e-03
    10            425       -2.96114777e+01       9.264637e-03
    20            212       -2.96115107e+01       1.022549e-02
    50             85       -2.96114777e+01       1.051662e-02
    70             60       -2.96124035e+01       7.702954e-03
   100             42       -2.96124035e+01       1.012966e-02
   200             21       -2.96124035e+01       8.103945e-03
   500              8       -2.96107742e+01       9.131551e-03
Stocahstic error estimate: 1.051662e-02

step=30,E=-0.370145728099715,dE=0.0,err=0.000131457810264212,gmax=0.10146287762091388
	collect g,h time= 0.04327511787414551
	solver time=0.034049034118652344,exit status=0
niter= 38
	g=0.7088655556205873,del=0.7555758791978644,dot=0.1809704673909124,x=22.75086152214901

nparam= 3820
	log prob= -20.42223341529754
	burn in time= 28.853999137878418
	sample time= 43.078351974487305
	contraction err= 1.978346623286489e-15 2.324606154579808e-14
nsamples= 4254

Mean energy: -2.96333645e+01
Block size    # of blocks        Mean                Error
     1           4254       -2.96333645e+01       7.320325e-03
     2           2127       -2.96333645e+01       7.691237e-03
     5            850       -2.96331828e+01       8.092662e-03
    10            425       -2.96331828e+01       8.198435e-03
    20            212       -2.96329345e+01       8.163707e-03
    50             85       -2.96331828e+01       8.101853e-03
    70             60       -2.96326714e+01       9.082318e-03
   100             42       -2.96326714e+01       7.599273e-03
   200             21       -2.96326714e+01       8.366218e-03
   500              8       -2.96307526e+01       6.153102e-03
Stocahstic error estimate: 8.198435e-03

step=31,E=-0.3704170563418735,dE=-0.00027132824215843067,err=0.00010248043193686149,gmax=0.6868721022249162
	collect g,h time= 0.04410195350646973
	solver time=0.019436359405517578,exit status=0
niter= 36
	g=1.8130991551725941,del=0.6133443356004259,dot=0.21147181816160882,x=22.75086152214901

nparam= 3820
	log prob= -20.57953856566969
	burn in time= 29.03433585166931
	sample time= 43.061460733413696
	contraction err= 1.9758529829301534e-15 1.2620860161983817e-14
nsamples= 4254

Mean energy: -2.96321481e+01
Block size    # of blocks        Mean                Error
     1           4254       -2.96321481e+01       6.964561e-03
     2           2127       -2.96321481e+01       7.848499e-03
     5            850       -2.96320364e+01       9.391035e-03
    10            425       -2.96320364e+01       1.098179e-02
    20            212       -2.96315670e+01       1.112390e-02
    50             85       -2.96320364e+01       1.115566e-02
    70             60       -2.96314229e+01       1.133609e-02
   100             42       -2.96314229e+01       1.055987e-02
   200             21       -2.96314229e+01       1.050707e-02
   500              8       -2.96297885e+01       7.338839e-03
Stocahstic error estimate: 1.112390e-02

step=32,E=-0.37040185185836505,dE=1.5204483508446387e-05,err=0.00013904870850355814,gmax=0.190279959026177
	collect g,h time= 0.043588876724243164
	solver time=0.0228579044342041,exit status=0
niter= 44
	g=0.778166662968631,del=0.8625910158967004,dot=0.19273140646256948,x=22.750861522149005

nparam= 3820
	log prob= -20.762226483817773
	burn in time= 28.8518009185791
	sample time= 43.0526168346405
	contraction err= 2.0338236772700176e-15 2.292765537835436e-14
nsamples= 4254

Mean energy: -2.96522733e+01
Block size    # of blocks        Mean                Error
     1           4254       -2.96522733e+01       6.445345e-03
     2           2127       -2.96522733e+01       7.079332e-03
     5            850       -2.96525526e+01       8.069071e-03
    10            425       -2.96525526e+01       8.322860e-03
    20            212       -2.96524948e+01       8.785747e-03
    50             85       -2.96525526e+01       8.829290e-03
    70             60       -2.96523283e+01       8.741789e-03
   100             42       -2.96523283e+01       8.131327e-03
   200             21       -2.96523283e+01       8.967139e-03
   500              8       -2.96526613e+01       4.856000e-03
Stocahstic error estimate: 8.322860e-03

step=33,E=-0.3706534157400161,dE=-0.0002515638816510624,err=0.00010403575064808835,gmax=0.1106762696965507
	collect g,h time= 0.0435483455657959
	solver time=0.019960880279541016,exit status=0
niter= 39
	g=0.7863391863325123,del=0.650502161011356,dot=0.16401635276675053,x=22.750861522149002

nparam= 3820
	log prob= -20.874494332137914
	burn in time= 29.03572988510132
	sample time= 43.055201292037964
	contraction err= 2.0192125616354584e-15 1.680099502027417e-14
nsamples= 4254

Mean energy: -2.96581693e+01
Block size    # of blocks        Mean                Error
     1           4254       -2.96581693e+01       6.461826e-03
     2           2127       -2.96581693e+01       7.193384e-03
     5            850       -2.96580899e+01       8.550124e-03
    10            425       -2.96580899e+01       9.259287e-03
    20            212       -2.96580385e+01       9.596523e-03
    50             85       -2.96580899e+01       9.283396e-03
    70             60       -2.96576935e+01       9.729832e-03
   100             42       -2.96576935e+01       9.845660e-03
   200             21       -2.96576935e+01       1.043683e-02
   500              8       -2.96556842e+01       1.231803e-02
Stocahstic error estimate: 9.596523e-03

step=34,E=-0.3707271159423273,dE=-7.37002023112332e-05,err=0.00011995653496524201,gmax=0.2310815257478458
	collect g,h time= 0.0437619686126709
	solver time=0.019266843795776367,exit status=0
niter= 38
	g=0.9659118293155547,del=0.5803192647595481,dot=0.16311898488277088,x=22.750861522149005

nparam= 3820
	log prob= -20.98573306152142
	burn in time= 28.9749698638916
	sample time= 43.04101085662842
	contraction err= 2.0384479614976944e-15 3.0473671705924964e-14
nsamples= 4254

Mean energy: -2.96261295e+01
Block size    # of blocks        Mean                Error
     1           4254       -2.96261295e+01       8.608562e-03
     2           2127       -2.96261295e+01       1.032920e-02
     5            850       -2.96261610e+01       1.353740e-02
    10            425       -2.96261610e+01       1.565436e-02
    20            212       -2.96259244e+01       1.617647e-02
    50             85       -2.96261610e+01       1.659515e-02
    70             60       -2.96252253e+01       2.071821e-02
   100             42       -2.96252253e+01       1.822866e-02
   200             21       -2.96252253e+01       2.453732e-02
   500              8       -2.96223668e+01       2.431328e-02
Stocahstic error estimate: 1.617647e-02

step=35,E=-0.37032661850678184,dE=0.000400497435545466,err=0.00020220586905424562,gmax=0.5431770571955647
	collect g,h time= 0.04347681999206543
	solver time=0.018439054489135742,exit status=0
niter= 36
	g=1.3346039296216146,del=0.6691355900565223,dot=0.29700635457997404,x=22.750861522149002

nparam= 3820
	log prob= -21.10374553941788
	burn in time= 28.65907073020935
	sample time= 43.02619385719299
	contraction err= 1.984794571581485e-15 1.451360523617074e-14
nsamples= 4254

Mean energy: -2.96897339e+01
Block size    # of blocks        Mean                Error
     1           4254       -2.96897339e+01       5.751022e-03
     2           2127       -2.96897339e+01       6.224907e-03
     5            850       -2.96897105e+01       6.532209e-03
    10            425       -2.96897105e+01       6.981105e-03
    20            212       -2.96908074e+01       6.682917e-03
    50             85       -2.96897105e+01       6.713799e-03
    70             60       -2.96906090e+01       6.572101e-03
   100             42       -2.96906090e+01       5.854645e-03
   200             21       -2.96906090e+01       6.322530e-03
   500              8       -2.96893500e+01       6.582132e-03
Stocahstic error estimate: 6.532209e-03

step=36,E=-0.3711216735677686,dE=-0.0007950550609867602,err=8.165261696299578e-05,gmax=0.11436738536177238
	collect g,h time= 0.04365110397338867
	solver time=0.022234201431274414,exit status=0
niter= 44
	g=0.7940685578952682,del=0.6247878597932132,dot=0.12971720983198828,x=22.750861522149005

nparam= 3820
	log prob= -21.263336732920028
	burn in time= 28.762645721435547
	sample time= 43.03738498687744
	contraction err= 2.011065474695698e-15 1.8033379658527977e-14
nsamples= 4254

Mean energy: -2.96931241e+01
Block size    # of blocks        Mean                Error
     1           4254       -2.96931241e+01       6.130216e-03
     2           2127       -2.96931241e+01       6.943392e-03
     5            850       -2.96931114e+01       7.700643e-03
    10            425       -2.96931114e+01       8.058419e-03
    20            212       -2.96928198e+01       8.540930e-03
    50             85       -2.96931114e+01       9.156729e-03
    70             60       -2.96926910e+01       1.004874e-02
   100             42       -2.96926910e+01       9.379082e-03
   200             21       -2.96926910e+01       9.359658e-03
   500              8       -2.96925040e+01       6.584150e-03
Stocahstic error estimate: 8.058419e-03

step=37,E=-0.3711640507246482,dE=-4.237715687960275e-05,err=0.00010073023198743304,gmax=0.10727046311636679
	collect g,h time= 0.044623613357543945
	solver time=0.020032644271850586,exit status=0
niter= 40
	g=0.8158008499952218,del=0.5550538263058202,dot=0.14949027756051647,x=22.750861522149002

nparam= 3820
	log prob= -21.399772284537903
	burn in time= 28.89371943473816
	sample time= 43.04167723655701
	contraction err= 2.0422892060314526e-15 2.0793908741432397e-14
nsamples= 4254

Mean energy: -2.96975394e+01
Block size    # of blocks        Mean                Error
     1           4254       -2.96975394e+01       6.004431e-03
     2           2127       -2.96975394e+01       6.304264e-03
     5            850       -2.96979111e+01       6.897570e-03
    10            425       -2.96979111e+01       7.129870e-03
    20            212       -2.96979358e+01       7.630568e-03
    50             85       -2.96979111e+01       7.270588e-03
    70             60       -2.96982658e+01       7.905937e-03
   100             42       -2.96982658e+01       7.140138e-03
   200             21       -2.96982658e+01       7.279326e-03
   500              8       -2.96958870e+01       8.674884e-03
Stocahstic error estimate: 6.304264e-03

step=38,E=-0.37121924276755786,dE=-5.519204290962421e-05,err=7.880330535783735e-05,gmax=0.14821914267281677
	collect g,h time= 0.04293656349182129
	solver time=0.01884317398071289,exit status=0
niter= 36
	g=0.9297066466823187,del=0.4862695863780367,dot=0.14100523396013537,x=22.750861522149005

nparam= 3820
	log prob= -21.509735928076722
	burn in time= 28.928364992141724
	sample time= 43.02550458908081
	contraction err= 1.9912944893840235e-15 2.025549073958752e-14
nsamples= 4254

Mean energy: -2.97086356e+01
Block size    # of blocks        Mean                Error
     1           4254       -2.97086356e+01       6.379879e-03
     2           2127       -2.97086356e+01       7.485366e-03
     5            850       -2.97086930e+01       9.422402e-03
    10            425       -2.97086930e+01       1.017918e-02
    20            212       -2.97084753e+01       1.033043e-02
    50             85       -2.97086930e+01       1.197025e-02
    70             60       -2.97085709e+01       9.458349e-03
   100             42       -2.97085709e+01       1.192029e-02
   200             21       -2.97085709e+01       1.019298e-02
   500              8       -2.97072396e+01       1.321982e-02
Stocahstic error estimate: 1.033043e-02

step=39,E=-0.3713579451413025,dE=-0.000138702373744648,err=0.00012913034664908976,gmax=0.381213652137653
	collect g,h time= 0.0432894229888916
	solver time=0.021015405654907227,exit status=0
niter= 42
	g=1.0949749609951527,del=0.5366977945191068,dot=0.1633801613302264,x=22.75086152214901

nparam= 3820
	log prob= -21.641838817894946
	burn in time= 29.03331708908081
	sample time= 43.016194343566895
	contraction err= 2.0304272411262092e-15 1.7027123435900913e-14
nsamples= 4254

Mean energy: -2.97040666e+01
Block size    # of blocks        Mean                Error
     1           4254       -2.97040666e+01       6.676666e-03
     2           2127       -2.97040666e+01       7.738456e-03
     5            850       -2.97040928e+01       9.288221e-03
    10            425       -2.97040928e+01       1.052296e-02
    20            212       -2.97041664e+01       1.065108e-02
    50             85       -2.97040928e+01       1.192863e-02
    70             60       -2.97032212e+01       1.195793e-02
   100             42       -2.97032212e+01       1.195300e-02
   200             21       -2.97032212e+01       1.419122e-02
   500              8       -2.97026568e+01       1.688995e-02
Stocahstic error estimate: 1.065108e-02

step=40,E=-0.37130083263149855,dE=5.711250980393601e-05,err=0.0001331385536141514,gmax=0.3106074034981736
	collect g,h time= 0.043355703353881836
	solver time=0.02106475830078125,exit status=0
niter= 42
	g=1.0970006983149387,del=0.5340950093949541,dot=0.17785178760129827,x=22.75086152214901

nparam= 3820
	log prob= -21.751096207542037
	burn in time= 28.910550594329834
	sample time= 43.023256063461304
	contraction err= 2.0612098215940195e-15 1.3853094948532372e-14
nsamples= 4254

Mean energy: -2.97052243e+01
Block size    # of blocks        Mean                Error
     1           4254       -2.97052243e+01       6.894961e-03
     2           2127       -2.97052243e+01       8.005106e-03
     5            850       -2.97050970e+01       9.548991e-03
    10            425       -2.97050970e+01       1.092351e-02
    20            212       -2.97045863e+01       1.094102e-02
    50             85       -2.97050970e+01       1.122759e-02
    70             60       -2.97045649e+01       1.126110e-02
   100             42       -2.97045649e+01       1.096095e-02
   200             21       -2.97045649e+01       1.039924e-02
   500              8       -2.97042345e+01       1.024304e-02
Stocahstic error estimate: 1.094102e-02

step=41,E=-0.3713153043588476,dE=-1.4471727349008035e-05,err=0.00013676271118610454,gmax=0.16580351291391882
	collect g,h time= 0.0436398983001709
	solver time=0.021669387817382812,exit status=0
niter= 43
	g=0.9989350886010552,del=0.5638071910602608,dot=0.19114182984762232,x=22.750861522149

nparam= 3820
	log prob= -21.874438703959225
	burn in time= 29.02955436706543
	sample time= 43.02286767959595
	contraction err= 2.0506971275700162e-15 1.659752490827591e-14
nsamples= 4254

Mean energy: -2.97231679e+01
Block size    # of blocks        Mean                Error
     1           4254       -2.97231679e+01       6.045294e-03
     2           2127       -2.97231679e+01       6.573092e-03
     5            850       -2.97231931e+01       7.542734e-03
    10            425       -2.97231931e+01       7.837282e-03
    20            212       -2.97228775e+01       8.283806e-03
    50             85       -2.97231931e+01       7.343034e-03
    70             60       -2.97242510e+01       7.812733e-03
   100             42       -2.97242510e+01       7.812278e-03
   200             21       -2.97242510e+01       8.563525e-03
   500              8       -2.97269160e+01       1.189411e-02
Stocahstic error estimate: 7.837282e-03

step=42,E=-0.37153959894736693,dE=-0.00022429458851935813,err=9.796602498927582e-05,gmax=0.1552317631865181
	collect g,h time= 0.04307246208190918
	solver time=0.01749277114868164,exit status=0
niter= 35
	g=0.9560256121945747,del=0.43677469168079436,dot=0.1421087126355345,x=22.75086152214901

nparam= 3820
	log prob= -21.94541671322424
	burn in time= 28.85364294052124
	sample time= 43.020729064941406
	contraction err= 2.0592209156861053e-15 3.3422568390933694e-14
nsamples= 4254

Mean energy: -2.97048178e+01
Block size    # of blocks        Mean                Error
     1           4254       -2.97048178e+01       8.014071e-03
     2           2127       -2.97048178e+01       1.002060e-02
     5            850       -2.97046142e+01       1.349097e-02
    10            425       -2.97046142e+01       1.628766e-02
    20            212       -2.97041724e+01       2.012801e-02
    50             85       -2.97046142e+01       1.926415e-02
    70             60       -2.97042092e+01       2.298504e-02
   100             42       -2.97042092e+01       2.364638e-02
   200             21       -2.97042092e+01       2.363557e-02
   500              8       -2.97009905e+01       2.823807e-02
Stocahstic error estimate: 2.012801e-02

step=43,E=-0.3713102223839203,dE=0.00022937656344659274,err=0.0002516000828784854,gmax=0.472700532784903
	collect g,h time= 0.04343056678771973
	solver time=0.017368078231811523,exit status=0
niter= 35
	g=1.5284748115510325,del=0.42829540510495584,dot=0.2603193050397014,x=22.750861522149005

nparam= 3820
	log prob= -22.096047200079056
	burn in time= 28.817972421646118
	sample time= 43.013543128967285
	contraction err= 2.059341969786877e-15 4.0892466361442196e-14
nsamples= 4254

Mean energy: -2.97193648e+01
Block size    # of blocks        Mean                Error
     1           4254       -2.97193648e+01       8.195074e-03
     2           2127       -2.97193648e+01       9.529613e-03
     5            850       -2.97191791e+01       1.222852e-02
    10            425       -2.97191791e+01       1.314845e-02
    20            212       -2.97191189e+01       1.614185e-02
    50             85       -2.97191791e+01       1.435652e-02
    70             60       -2.97188402e+01       1.842887e-02
   100             42       -2.97188402e+01       1.783653e-02
   200             21       -2.97188402e+01       1.597136e-02
   500              8       -2.97202206e+01       1.721124e-02
Stocahstic error estimate: 1.614185e-02

step=44,E=-0.37149205941144414,dE=-0.00018183702752381237,err=0.000201773142701259,gmax=0.9511482374366951
	collect g,h time= 0.0439000129699707
	solver time=0.014708280563354492,exit status=0
niter= 30
	g=2.509835613954691,del=0.40919127832777374,dot=0.2697233923899339,x=22.750861522149002

nparam= 3820
	log prob= -22.198747991209782
	burn in time= 28.939136028289795
	sample time= 43.056318044662476
	contraction err= 2.0566241703551644e-15 1.3369853610135684e-14
nsamples= 4254

Mean energy: -2.97434687e+01
Block size    # of blocks        Mean                Error
     1           4254       -2.97434687e+01       6.674297e-03
     2           2127       -2.97434687e+01       8.183318e-03
     5            850       -2.97434342e+01       1.033245e-02
    10            425       -2.97434342e+01       1.276768e-02
    20            212       -2.97433088e+01       1.314487e-02
    50             85       -2.97434342e+01       1.331313e-02
    70             60       -2.97434019e+01       1.452663e-02
   100             42       -2.97434019e+01       1.305032e-02
   200             21       -2.97434019e+01       1.375828e-02
   500              8       -2.97423555e+01       1.196270e-02
Stocahstic error estimate: 1.314487e-02

step=45,E=-0.3717933583503778,dE=-0.00030129893893366956,err=0.000164310869555438,gmax=1.0338835333396812
	collect g,h time= 0.0442805290222168
	solver time=0.019471406936645508,exit status=0
niter= 39
	g=1.7327309566496456,del=0.4139288947827297,dot=0.17962528265567967,x=22.750861522149005

nparam= 3820
	log prob= -22.295643849332876
	burn in time= 28.98066806793213
	sample time= 42.998340368270874
	contraction err= 2.0641057000988375e-15 5.523719627827113e-14
nsamples= 4254

Mean energy: -2.97593286e+01
Block size    # of blocks        Mean                Error
     1           4254       -2.97593286e+01       6.022684e-03
     2           2127       -2.97593286e+01       6.582907e-03
     5            850       -2.97592084e+01       6.993746e-03
    10            425       -2.97592084e+01       7.389534e-03
    20            212       -2.97591953e+01       7.624776e-03
    50             85       -2.97592084e+01       7.959474e-03
    70             60       -2.97588036e+01       8.147731e-03
   100             42       -2.97588036e+01       8.427488e-03
   200             21       -2.97588036e+01       8.316730e-03
   500              8       -2.97560236e+01       7.397813e-03
Stocahstic error estimate: 7.624776e-03

step=46,E=-0.3719916080256719,dE=-0.0001982496752940488,err=9.530969379447932e-05,gmax=0.6613384060762222
	collect g,h time= 0.04344487190246582
	solver time=0.013815164566040039,exit status=0
niter= 28
	g=1.9138096253953674,del=0.3022369307904234,dot=0.1423268509082905,x=22.750861522149005

nparam= 3820
	log prob= -22.3609914385621
	burn in time= 28.809383630752563
	sample time= 43.021525621414185
	contraction err= 2.0901054964664443e-15 2.0960815049310485e-14
nsamples= 4254

Mean energy: -2.97659308e+01
Block size    # of blocks        Mean                Error
     1           4254       -2.97659308e+01       5.216381e-03
     2           2127       -2.97659308e+01       5.922765e-03
     5            850       -2.97659800e+01       6.685019e-03
    10            425       -2.97659800e+01       7.091999e-03
    20            212       -2.97659892e+01       8.147550e-03
    50             85       -2.97659800e+01       7.355521e-03
    70             60       -2.97663934e+01       8.387432e-03
   100             42       -2.97663934e+01       8.730612e-03
   200             21       -2.97663934e+01       1.002874e-02
   500              8       -2.97639605e+01       1.137681e-02
Stocahstic error estimate: 8.147550e-03

step=47,E=-0.37207413454444394,dE=-8.252651877209694e-05,err=0.00010184437092967765,gmax=0.18269186330361742
	collect g,h time= 0.043721914291381836
	solver time=0.021334171295166016,exit status=0
niter= 43
	g=0.9716896186140621,del=0.40120715220976116,dot=0.10817935952786276,x=22.750861522148995

nparam= 3820
	log prob= -22.448033454671478
	burn in time= 28.89536452293396
	sample time= 43.01513385772705
	contraction err= 2.0614708626472166e-15 2.2318479806631413e-14
nsamples= 4254

Mean energy: -2.97778507e+01
Block size    # of blocks        Mean                Error
     1           4254       -2.97778507e+01       5.894999e-03
     2           2127       -2.97778507e+01       6.959126e-03
     5            850       -2.97777869e+01       8.088987e-03
    10            425       -2.97777869e+01       9.214366e-03
    20            212       -2.97772987e+01       9.581096e-03
    50             85       -2.97777869e+01       1.020378e-02
    70             60       -2.97775569e+01       9.987194e-03
   100             42       -2.97775569e+01       1.154697e-02
   200             21       -2.97775569e+01       1.147331e-02
   500              8       -2.97787767e+01       1.689763e-02
Stocahstic error estimate: 9.581096e-03

step=48,E=-0.37222313395442896,dE=-0.00014899940998498452,err=0.00011976370619023164,gmax=0.18176588540349492
	collect g,h time= 0.04463362693786621
	solver time=0.020586252212524414,exit status=0
niter= 42
	g=0.97934041767975,del=0.4413816716536742,dot=0.13992302206625665,x=22.75086152214901

nparam= 3820
	log prob= -22.54375698477517
	burn in time= 28.64300012588501
	sample time= 43.034650564193726
	contraction err= 2.0926792008010303e-15 2.3764139384308538e-14
nsamples= 4254

Mean energy: -2.97609340e+01
Block size    # of blocks        Mean                Error
     1           4254       -2.97609340e+01       7.297594e-03
     2           2127       -2.97609340e+01       8.711972e-03
     5            850       -2.97609128e+01       1.155865e-02
    10            425       -2.97609128e+01       1.339301e-02
    20            212       -2.97611246e+01       1.605995e-02
    50             85       -2.97609128e+01       1.692053e-02
    70             60       -2.97629286e+01       1.797588e-02
   100             42       -2.97629286e+01       1.841561e-02
   200             21       -2.97629286e+01       1.935516e-02
   500              8       -2.97616546e+01       3.168744e-02
Stocahstic error estimate: 1.841561e-02

step=49,E=-0.37201167530533014,dE=0.00021145864909879463,err=0.00023019508773757476,gmax=0.43012915673745883
	collect g,h time= 0.0434572696685791
	solver time=0.020512819290161133,exit status=0
niter= 41
	g=1.5476411909410683,del=0.4345849580427041,dot=0.21609690700690548,x=22.750861522149002

nparam= 3820
	log prob= -22.66087063304968
	burn in time= 28.978053331375122
	sample time= 43.02679443359375
	contraction err= 2.098971783425172e-15 1.982610336077053e-14
nsamples= 4254

Mean energy: -2.97927942e+01
Block size    # of blocks        Mean                Error
     1           4254       -2.97927942e+01       4.673565e-03
     2           2127       -2.97927942e+01       5.175654e-03
     5            850       -2.97927399e+01       5.634494e-03
    10            425       -2.97927399e+01       6.136291e-03
    20            212       -2.97924210e+01       6.144863e-03
    50             85       -2.97927399e+01       5.969350e-03
    70             60       -2.97923843e+01       6.312103e-03
   100             42       -2.97923843e+01       5.944828e-03
   200             21       -2.97923843e+01       4.805514e-03
   500              8       -2.97913560e+01       6.743284e-03
Stocahstic error estimate: 6.144863e-03

step=50,E=-0.3724099269204006,dE=-0.00039825161507045514,err=7.681078427023802e-05,gmax=0.26789588705656087
	collect g,h time= 0.044525861740112305
	solver time=0.0204317569732666,exit status=0
niter= 39
	g=1.077060177904747,del=0.30554177855503484,dot=0.0858519188996738,x=22.750861522149005

nparam= 3820
	log prob= -22.73658917846332
	burn in time= 29.018465042114258
	sample time= 43.00691032409668
	contraction err= 2.065307515305851e-15 2.3270606072946532e-14
nsamples= 4254

Mean energy: -2.97819049e+01
Block size    # of blocks        Mean                Error
     1           4254       -2.97819049e+01       5.642987e-03
     2           2127       -2.97819049e+01       6.579679e-03
     5            850       -2.97818733e+01       7.732828e-03
    10            425       -2.97818733e+01       8.341155e-03
    20            212       -2.97820741e+01       9.649058e-03
    50             85       -2.97818733e+01       9.147199e-03
    70             60       -2.97816190e+01       9.363282e-03
   100             42       -2.97816190e+01       8.791323e-03
   200             21       -2.97816190e+01       8.278930e-03
   500              8       -2.97812262e+01       1.078741e-02
Stocahstic error estimate: 9.649058e-03

step=51,E=-0.37227381063097875,dE=0.00013611628942182817,err=0.00012061322150571136,gmax=0.348403454355271
	collect g,h time= 0.04360032081604004
	solver time=0.013169050216674805,exit status=0
niter= 27
	g=1.1950246502947854,del=0.27826805516681324,dot=0.12490288129579688,x=22.750861522149005

nparam= 3820
	log prob= -22.83592131040063
	burn in time= 28.79783296585083
	sample time= 43.01602053642273
	contraction err= 2.085906672890633e-15 2.374330481214688e-14
nsamples= 4254

Mean energy: -2.98018670e+01
Block size    # of blocks        Mean                Error
     1           4254       -2.98018670e+01       5.023159e-03
     2           2127       -2.98018670e+01       5.771312e-03
     5            850       -2.98019549e+01       6.568770e-03
    10            425       -2.98019549e+01       7.291915e-03
    20            212       -2.98020096e+01       7.747200e-03
    50             85       -2.98019549e+01       8.309470e-03
    70             60       -2.98019099e+01       8.183515e-03
   100             42       -2.98019099e+01       8.555504e-03
   200             21       -2.98019099e+01       7.427352e-03
   500              8       -2.98022386e+01       5.018451e-03
Stocahstic error estimate: 8.309470e-03

step=52,E=-0.37252333765284523,dE=-0.00024952702186644695,err=0.00010386837768293065,gmax=0.17992424118821493
	collect g,h time= 0.043561697006225586
	solver time=0.018698453903198242,exit status=0
niter= 38
	g=1.102287087551133,del=0.27061004567630625,dot=0.0987952385510986,x=22.750861522149005

nparam= 3820
	log prob= -22.956466280605458
	burn in time= 28.72980284690857
	sample time= 43.003623485565186
	contraction err= 2.078751663900549e-15 1.7297255046065827e-14
nsamples= 4254

Mean energy: -2.97952560e+01
Block size    # of blocks        Mean                Error
     1           4254       -2.97952560e+01       5.626562e-03
     2           2127       -2.97952560e+01       6.614279e-03
     5            850       -2.97951134e+01       8.117922e-03
    10            425       -2.97951134e+01       9.361260e-03
    20            212       -2.97948910e+01       9.783315e-03
    50             85       -2.97951134e+01       1.022792e-02
    70             60       -2.97952334e+01       1.046600e-02
   100             42       -2.97952334e+01       1.128070e-02
   200             21       -2.97952334e+01       1.137950e-02
   500              8       -2.97946678e+01       9.346416e-03
Stocahstic error estimate: 9.783315e-03

step=53,E=-0.37244069956613846,dE=8.263808670676554e-05,err=0.00012229143669489434,gmax=0.30437492598272176
	collect g,h time= 0.04373812675476074
	solver time=0.021969079971313477,exit status=0
niter= 44
	g=1.3088301307898822,del=0.3846329273082432,dot=0.12677518579516625,x=22.750861522149002

nparam= 3820
	log prob= -23.0602915675227
	burn in time= 28.685933351516724
	sample time= 43.017393350601196
	contraction err= 2.078645303712457e-15 2.1790689498448087e-14
nsamples= 4254

Mean energy: -2.98087143e+01
Block size    # of blocks        Mean                Error
     1           4254       -2.98087143e+01       5.742750e-03
     2           2127       -2.98087143e+01       6.683090e-03
     5            850       -2.98085414e+01       8.196094e-03
    10            425       -2.98085414e+01       8.612310e-03
    20            212       -2.98084814e+01       9.827318e-03
    50             85       -2.98085414e+01       9.545999e-03
    70             60       -2.98077755e+01       9.186045e-03
   100             42       -2.98077755e+01       9.860051e-03
   200             21       -2.98077755e+01       8.480999e-03
   500              8       -2.98086093e+01       7.982145e-03
Stocahstic error estimate: 9.827318e-03

step=54,E=-0.37260892880086527,dE=-0.00016822923472679108,err=0.00012284147549465247,gmax=0.5195758820715612
	collect g,h time= 0.04326272010803223
	solver time=0.02069854736328125,exit status=0
niter= 42
	g=1.420008327785128,del=0.34394673089899047,dot=0.13322327990045982,x=22.750861522149002

nparam= 3820
	log prob= -23.11129534997879
	burn in time= 28.82425332069397
	sample time= 42.984230518341064
	contraction err= 2.0750727505996537e-15 1.8057405955275873e-14
nsamples= 4254

Mean energy: -2.98083094e+01
Block size    # of blocks        Mean                Error
     1           4254       -2.98083094e+01       6.026901e-03
     2           2127       -2.98083094e+01       6.960384e-03
     5            850       -2.98083037e+01       8.732349e-03
    10            425       -2.98083037e+01       9.875588e-03
    20            212       -2.98082282e+01       1.029207e-02
    50             85       -2.98083037e+01       9.282174e-03
    70             60       -2.98089647e+01       1.001593e-02
   100             42       -2.98089647e+01       9.314581e-03
   200             21       -2.98089647e+01       9.168173e-03
   500              8       -2.98091700e+01       1.120331e-02
Stocahstic error estimate: 1.029207e-02

step=55,E=-0.37260386700178205,dE=5.061799083172502e-06,err=0.00012865084001988575,gmax=0.6036418569117998
	collect g,h time= 0.04365730285644531
	solver time=0.015943288803100586,exit status=0
niter= 32
	g=1.6818674301237673,del=0.27305617962627515,dot=0.14655619241128284,x=22.750861522149005

nparam= 3820
	log prob= -23.18106734391395
	burn in time= 28.91491460800171
	sample time= 42.97369980812073
	contraction err= 2.0865413899341273e-15 3.0185401827850346e-14
nsamples= 4254

Mean energy: -2.98263829e+01
Block size    # of blocks        Mean                Error
     1           4254       -2.98263829e+01       4.913894e-03
     2           2127       -2.98263829e+01       5.600534e-03
     5            850       -2.98269145e+01       6.743154e-03
    10            425       -2.98269145e+01       6.986448e-03
    20            212       -2.98270279e+01       7.839177e-03
    50             85       -2.98269145e+01       8.702355e-03
    70             60       -2.98268672e+01       6.919550e-03
   100             42       -2.98268672e+01       8.465014e-03
   200             21       -2.98268672e+01       8.868398e-03
   500              8       -2.98260186e+01       1.204865e-02
Stocahstic error estimate: 6.986448e-03

step=56,E=-0.3728297863030453,dE=-0.00022591930126321104,err=8.733060481896819e-05,gmax=0.3281555177803277
	collect g,h time= 0.04341721534729004
	solver time=0.022772550582885742,exit status=0
niter= 46
	g=1.166427122872137,del=0.31490301652274816,dot=0.09759989996751373,x=22.750861522149002

nparam= 3820
	log prob= -23.24229130438653
	burn in time= 28.68070912361145
	sample time= 43.01672387123108
	contraction err= 2.1032738301902145e-15 7.839201477598161e-14
nsamples= 4254

Mean energy: -2.98246011e+01
Block size    # of blocks        Mean                Error
     1           4254       -2.98246011e+01       5.104074e-03
     2           2127       -2.98246011e+01       5.745519e-03
     5            850       -2.98246504e+01       7.107705e-03
    10            425       -2.98246504e+01       7.816541e-03
    20            212       -2.98244334e+01       8.094729e-03
    50             85       -2.98246504e+01       8.321023e-03
    70             60       -2.98244201e+01       8.463634e-03
   100             42       -2.98244201e+01       8.807375e-03
   200             21       -2.98244201e+01       7.143181e-03
   500              8       -2.98248486e+01       7.045324e-03
Stocahstic error estimate: 8.094729e-03

step=57,E=-0.37280751318073196,dE=2.2273122313309913e-05,err=0.00010118410867473436,gmax=0.25454825660783076
	collect g,h time= 0.0436701774597168
	solver time=0.009373188018798828,exit status=0
niter= 19
	g=1.2105739539016143,del=0.1736266872381268,dot=0.09951863013274362,x=22.75086152214901

nparam= 3820
	log prob= -23.27894622776355
	burn in time= 28.958962440490723
	sample time= 43.046955823898315
	contraction err= 2.10413918851434e-15 5.824243308221642e-14
nsamples= 4254

Mean energy: -2.98338975e+01
Block size    # of blocks        Mean                Error
     1           4254       -2.98338975e+01       5.389817e-03
     2           2127       -2.98338975e+01       6.334095e-03
     5            850       -2.98339216e+01       7.720468e-03
    10            425       -2.98339216e+01       8.935034e-03
    20            212       -2.98341541e+01       9.118748e-03
    50             85       -2.98339216e+01       1.081530e-02
    70             60       -2.98331490e+01       1.065412e-02
   100             42       -2.98331490e+01       1.136119e-02
   200             21       -2.98331490e+01       1.232508e-02
   500              8       -2.98318220e+01       1.275575e-02
Stocahstic error estimate: 9.118748e-03

step=58,E=-0.3729237183707812,dE=-0.00011620519004922336,err=0.00011398435362550607,gmax=0.8673678534628397
	collect g,h time= 0.043440818786621094
	solver time=0.007353305816650391,exit status=0
niter= 15
	g=2.7071478301083176,del=0.15400389930960284,dot=0.11609809441862037,x=22.75086152214901

nparam= 3820
	log prob= -23.318140280105165
	burn in time= 28.878053665161133
	sample time= 43.0147442817688
	contraction err= 2.065246807586754e-15 2.398980963069682e-14
nsamples= 4254

Mean energy: -2.98438125e+01
Block size    # of blocks        Mean                Error
     1           4254       -2.98438125e+01       5.053092e-03
     2           2127       -2.98438125e+01       6.066040e-03
     5            850       -2.98438612e+01       7.385369e-03
    10            425       -2.98438612e+01       8.137732e-03
    20            212       -2.98438558e+01       8.488670e-03
    50             85       -2.98438612e+01       7.841167e-03
    70             60       -2.98434212e+01       8.130980e-03
   100             42       -2.98434212e+01       7.140031e-03
   200             21       -2.98434212e+01       6.833474e-03
   500              8       -2.98415614e+01       4.387889e-03
Stocahstic error estimate: 8.488670e-03

step=59,E=-0.37304765614331636,dE=-0.00012393777253514316,err=0.00010610837331487262,gmax=0.25796535965253664
	collect g,h time= 0.04328465461730957
	solver time=0.018677711486816406,exit status=0
niter= 38
	g=1.1041404466891889,del=0.23637269216322043,dot=0.10367572983593278,x=22.75086152214901
