block_dict= [(0, 7200)]
sizes= [7200]
SIZE= 640

nparam= 11424
	log prob= -10.757713040941136
	burn in time= 9.163800954818726
	sample time= 15.883371353149414
	contraction err= 4.1757477675866174e-05 0.005434441060976163

Mean energy: -3.06965755e+01
Block size    # of blocks        Mean                Error
     1           5000       -3.06965755e+01       1.237692e-02
     2           2500       -3.06965755e+01       1.228655e-02
     5           1000       -3.06965755e+01       1.199386e-02
    10            500       -3.06965755e+01       1.218001e-02
    20            250       -3.06965755e+01       1.219662e-02
    50            100       -3.06965755e+01       1.272158e-02
    70             71       -3.06957895e+01       1.385785e-02
   100             50       -3.06965755e+01       1.411974e-02
   200             25       -3.06965755e+01       1.410326e-02
   500             10       -3.06965755e+01       1.403280e-02
Stocahstic error estimate: 1.237692e-02

step=0,E=-0.47963399295554243,dE=0.0,err=0.0001933893320424889,gmax=0.1380677771168779
	collect g,Hv time= 0.04926443099975586
	solver time=0.05846905708312988,exit status=0
niter= 44
	g=0.5462769094669523,del=4.389925339515023,dot=0.7387702869919011,x=15.231812500018371

nparam= 11424
	log prob= -10.680382355468936
	burn in time= 8.818944692611694
	sample time= 15.390811443328857
	contraction err= 4.1287881255496914e-05 0.0034066347250821714

Mean energy: -3.07012723e+01
Block size    # of blocks        Mean                Error
     1           5000       -3.07012723e+01       1.194029e-02
     2           2500       -3.07012723e+01       1.211268e-02
     5           1000       -3.07012723e+01       1.227853e-02
    10            500       -3.07012723e+01       1.242434e-02
    20            250       -3.07012723e+01       1.219917e-02
    50            100       -3.07012723e+01       1.268365e-02
    70             71       -3.07019042e+01       1.283279e-02
   100             50       -3.07012723e+01       1.485925e-02
   200             25       -3.07012723e+01       1.637059e-02
   500             10       -3.07012723e+01       1.509834e-02
Stocahstic error estimate: 1.211268e-02

step=1,E=-0.4797073793574275,dE=-7.338640188508938e-05,err=0.00018926056515934406,gmax=0.058902936280351065
	collect g,Hv time= 0.048987388610839844
	solver time=0.05134010314941406,exit status=0
niter= 44
	g=0.37757832924953394,del=4.656021344018134,dot=0.6607061783272559,x=15.24438145866382

nparam= 11424
	log prob= -10.616980228862195
	burn in time= 9.722759008407593
	sample time= 15.421408653259277
	contraction err= 4.861049350678649e-05 0.01152792448746034

Mean energy: -3.06414154e+01
Block size    # of blocks        Mean                Error
     1           5000       -3.06414154e+01       1.840041e-02
     2           2500       -3.06414154e+01       1.849444e-02
     5           1000       -3.06414154e+01       1.849597e-02
    10            500       -3.06414154e+01       1.901288e-02
    20            250       -3.06414154e+01       2.046698e-02
    50            100       -3.06414154e+01       2.099094e-02
    70             71       -3.06413677e+01       2.060445e-02
   100             50       -3.06414154e+01       2.181416e-02
   200             25       -3.06414154e+01       2.176420e-02
   500             10       -3.06414154e+01       1.650677e-02
Stocahstic error estimate: 1.849444e-02

step=2,E=-0.47877211580044393,dE=0.0009352635569835899,err=0.0002889755718471565,gmax=1.4729182151164846
	collect g,Hv time= 0.04848051071166992
	solver time=0.02779841423034668,exit status=0
niter= 23
	g=4.37071448634853,del=2.8422383837772194,dot=1.5408776770555828,x=15.237789936110845

nparam= 11424
	log prob= -10.568733164957557
	burn in time= 8.302403450012207
	sample time= 15.369375705718994
	contraction err= 4.18748501153702e-05 0.007933964265216665

Mean energy: -3.06938165e+01
Block size    # of blocks        Mean                Error
     1           5000       -3.06938165e+01       1.257219e-02
     2           2500       -3.06938165e+01       1.260455e-02
     5           1000       -3.06938165e+01       1.254328e-02
    10            500       -3.06938165e+01       1.225206e-02
    20            250       -3.06938165e+01       1.274212e-02
    50            100       -3.06938165e+01       1.239325e-02
    70             71       -3.06934481e+01       1.199295e-02
   100             50       -3.06938165e+01       1.205553e-02
   200             25       -3.06938165e+01       1.350816e-02
   500             10       -3.06938165e+01       1.162628e-02
Stocahstic error estimate: 1.260455e-02

step=3,E=-0.4795908834837368,dE=-0.0008187676832928648,err=0.00019694616580175325,gmax=0.14918433432738976
	collect g,Hv time= 0.04833817481994629
	solver time=0.049666404724121094,exit status=0
niter= 44
	g=0.5792116330609027,del=4.353244484655595,dot=0.7554127289635638,x=15.251495762465593

nparam= 11424
	log prob= -10.485974532957647
	burn in time= 8.931697368621826
	sample time= 15.442259550094604
	contraction err= 4.248027482977646e-05 0.003954172116273136

Mean energy: -3.07004764e+01
Block size    # of blocks        Mean                Error
     1           5000       -3.07004764e+01       1.288704e-02
     2           2500       -3.07004764e+01       1.279317e-02
     5           1000       -3.07004764e+01       1.269631e-02
    10            500       -3.07004764e+01       1.250926e-02
    20            250       -3.07004764e+01       1.236991e-02
    50            100       -3.07004764e+01       1.235097e-02
    70             71       -3.07002372e+01       1.213407e-02
   100             50       -3.07004764e+01       1.207162e-02
   200             25       -3.07004764e+01       9.299936e-03
   500             10       -3.07004764e+01       9.109111e-03
Stocahstic error estimate: 1.288704e-02

step=4,E=-0.4796949439177457,dE=-0.0001040604340089013,err=0.00020136004713222782,gmax=0.6275737719868753
	collect g,Hv time= 0.04873824119567871
	solver time=0.04814267158508301,exit status=0
niter= 43
	g=1.2995790195611405,del=4.016085480622157,dot=0.7954832890104716,x=15.251530647214617

nparam= 11424
	log prob= -10.37129258633236
	burn in time= 10.247711181640625
	sample time= 15.41313123703003
	contraction err= 4.076526896617921e-05 0.004809714795597486

Mean energy: -3.06940379e+01
Block size    # of blocks        Mean                Error
     1           5000       -3.06940379e+01       1.166950e-02
     2           2500       -3.06940379e+01       1.162929e-02
     5           1000       -3.06940379e+01       1.129924e-02
    10            500       -3.06940379e+01       1.087212e-02
    20            250       -3.06940379e+01       1.108650e-02
    50            100       -3.06940379e+01       1.158278e-02
    70             71       -3.06939479e+01       1.131229e-02
   100             50       -3.06940379e+01       1.171082e-02
   200             25       -3.06940379e+01       1.254992e-02
   500             10       -3.06940379e+01       1.224405e-02
Stocahstic error estimate: 1.166950e-02

step=5,E=-0.4795943420971462,dE=0.00010060182059951073,err=0.00018233597446748646,gmax=0.0967530346529637
	collect g,Hv time= 0.04831123352050781
	solver time=0.04979276657104492,exit status=0
niter= 44
	g=0.4802324148353238,del=4.355445687353483,dot=0.6322223685991701,x=15.252175252212309

nparam= 11424
	log prob= -10.357176650526414
	burn in time= 7.861802101135254
	sample time= 15.405813455581665
	contraction err= 4.7268980584538294e-05 0.010375344338008909

Mean energy: -3.07072927e+01
Block size    # of blocks        Mean                Error
     1           5000       -3.07072927e+01       1.338957e-02
     2           2500       -3.07072927e+01       1.333093e-02
     5           1000       -3.07072927e+01       1.332581e-02
    10            500       -3.07072927e+01       1.341141e-02
    20            250       -3.07072927e+01       1.310298e-02
    50            100       -3.07072927e+01       1.273177e-02
    70             71       -3.07066322e+01       1.386585e-02
   100             50       -3.07072927e+01       1.169785e-02
   200             25       -3.07072927e+01       1.146817e-02
   500             10       -3.07072927e+01       1.206645e-02
Stocahstic error estimate: 1.338957e-02

step=6,E=-0.4798014479379506,dE=-0.0002071058408044113,err=0.000209212021137921,gmax=0.11946888588663906
	collect g,Hv time= 0.04858112335205078
	solver time=0.0481410026550293,exit status=0
niter= 43
	g=0.6828804597676024,del=4.367233080335458,dot=0.8908372488698217,x=15.24591956838949

nparam= 11424
	log prob= -10.490813487667978
	burn in time= 7.144009351730347
	sample time= 15.316844463348389
	contraction err= 3.8543018346329535e-05 0.002324258357413779

Mean energy: -3.07350728e+01
Block size    # of blocks        Mean                Error
     1           5000       -3.07350728e+01       1.415789e-02
     2           2500       -3.07350728e+01       1.407382e-02
     5           1000       -3.07350728e+01       1.405058e-02
    10            500       -3.07350728e+01       1.383527e-02
    20            250       -3.07350728e+01       1.363814e-02
    50            100       -3.07350728e+01       1.319693e-02
    70             71       -3.07345559e+01       1.295168e-02
   100             50       -3.07350728e+01       1.464676e-02
   200             25       -3.07350728e+01       1.284188e-02
   500             10       -3.07350728e+01       1.175942e-02
Stocahstic error estimate: 1.415789e-02

step=7,E=-0.48023551280575427,dE=-0.00043406486780367404,err=0.00022121705782038336,gmax=1.6144330645779976
	collect g,Hv time= 0.04865455627441406
	solver time=0.03823041915893555,exit status=0
niter= 34
	g=2.9838100220440134,del=3.239745507337619,dot=1.2409953891552787,x=15.249923609500824

nparam= 11424
	log prob= -10.475072816515988
	burn in time= 7.702653646469116
	sample time= 15.393032312393188
	contraction err= 4.0033014350856625e-05 0.003007577532987673

Mean energy: -3.07100138e+01
Block size    # of blocks        Mean                Error
     1           5000       -3.07100138e+01       1.112869e-02
     2           2500       -3.07100138e+01       1.113440e-02
     5           1000       -3.07100138e+01       1.114362e-02
    10            500       -3.07100138e+01       1.130856e-02
    20            250       -3.07100138e+01       1.198443e-02
    50            100       -3.07100138e+01       1.222806e-02
    70             71       -3.07093141e+01       1.345851e-02
   100             50       -3.07100138e+01       1.275479e-02
   200             25       -3.07100138e+01       1.200232e-02
   500             10       -3.07100138e+01       6.818796e-03
Stocahstic error estimate: 1.113440e-02

step=8,E=-0.47984396614622027,dE=0.00039154665953400336,err=0.00017397495355255798,gmax=0.05233992092304263
	collect g,Hv time= 0.048070669174194336
	solver time=0.04804491996765137,exit status=0
niter= 43
	g=0.34496824485299304,del=4.256458840215445,dot=0.589189077602644,x=15.246073602223701

nparam= 11424
	log prob= -10.432657819238791
	burn in time= 9.37965178489685
	sample time= 15.341051578521729
	contraction err= 4.174519131141004e-05 0.007243550510120262

Mean energy: -3.07339502e+01
Block size    # of blocks        Mean                Error
     1           5000       -3.07339502e+01       1.172798e-02
     2           2500       -3.07339502e+01       1.184825e-02
     5           1000       -3.07339502e+01       1.186867e-02
    10            500       -3.07339502e+01       1.231500e-02
    20            250       -3.07339502e+01       1.274202e-02
    50            100       -3.07339502e+01       1.269645e-02
    70             71       -3.07339153e+01       1.158851e-02
   100             50       -3.07339502e+01       1.318261e-02
   200             25       -3.07339502e+01       1.262483e-02
   500             10       -3.07339502e+01       1.313068e-02
Stocahstic error estimate: 1.184825e-02

step=9,E=-0.48021797111077924,dE=-0.0003740049645589716,err=0.00018512891705036355,gmax=0.062170131051438204
	collect g,Hv time= 0.048438072204589844
	solver time=0.048631906509399414,exit status=0
niter= 44
	g=0.40006955567050434,del=4.07542330649677,dot=0.63837637556748,x=15.249104775435015

nparam= 11424
	log prob= -10.365056950270963
	burn in time= 10.505328893661499
	sample time= 15.351560592651367
	contraction err= 4.5456162287584826e-05 0.011330211049959361

Mean energy: -3.07570811e+01
Block size    # of blocks        Mean                Error
     1           5000       -3.07570811e+01       2.295407e-02
     2           2500       -3.07570811e+01       2.324638e-02
     5           1000       -3.07570811e+01       2.346532e-02
    10            500       -3.07570811e+01       2.367191e-02
    20            250       -3.07570811e+01       2.429481e-02
    50            100       -3.07570811e+01       2.365104e-02
    70             71       -3.07582177e+01       2.636198e-02
   100             50       -3.07570811e+01       2.392937e-02
   200             25       -3.07570811e+01       2.706198e-02
   500             10       -3.07570811e+01       2.715908e-02
Stocahstic error estimate: 2.324638e-02

step=10,E=-0.4805793922961896,dE=-0.00036142118541038215,err=0.0003632247546246212,gmax=0.5422181861824099
	collect g,Hv time= 0.04859042167663574
	solver time=0.04900312423706055,exit status=0
niter= 44
	g=2.564435579377099,del=4.026085370902351,dot=2.585858771522015,x=15.248134253354666

nparam= 11424
	log prob= -10.28167054328874
	burn in time= 9.094477415084839
	sample time= 15.381514072418213
	contraction err= 4.058231244536465e-05 0.00404476273598928

Mean energy: -3.07263973e+01
Block size    # of blocks        Mean                Error
     1           5000       -3.07263973e+01       1.235252e-02
     2           2500       -3.07263973e+01       1.237433e-02
     5           1000       -3.07263973e+01       1.252489e-02
    10            500       -3.07263973e+01       1.172125e-02
    20            250       -3.07263973e+01       1.187894e-02
    50            100       -3.07263973e+01       1.133565e-02
    70             71       -3.07267875e+01       1.024520e-02
   100             50       -3.07263973e+01       1.193252e-02
   200             25       -3.07263973e+01       1.038185e-02
   500             10       -3.07263973e+01       1.277094e-02
Stocahstic error estimate: 1.237433e-02

step=11,E=-0.48009995836772434,dE=0.0004794339284652782,err=0.0001933488818064481,gmax=0.14578067003526662
	collect g,Hv time= 0.04783821105957031
	solver time=0.04941821098327637,exit status=0
niter= 44
	g=0.6368591429254729,del=4.0364937905700735,dot=0.7210359952464178,x=15.246948681312245

nparam= 11424
	log prob= -10.267391395040043
	burn in time= 8.2635817527771
	sample time= 15.39475154876709
	contraction err= 4.084612704782192e-05 0.003760870446785323

Mean energy: -3.07393167e+01
Block size    # of blocks        Mean                Error
     1           5000       -3.07393167e+01       1.093050e-02
     2           2500       -3.07393167e+01       1.089670e-02
     5           1000       -3.07393167e+01       1.067379e-02
    10            500       -3.07393167e+01       1.066666e-02
    20            250       -3.07393167e+01       1.045668e-02
    50            100       -3.07393167e+01       1.029143e-02
    70             71       -3.07390074e+01       1.138303e-02
   100             50       -3.07393167e+01       9.817453e-03
   200             25       -3.07393167e+01       9.665490e-03
   500             10       -3.07393167e+01       1.277198e-02
Stocahstic error estimate: 1.093050e-02

step=12,E=-0.4803018233361886,dE=-0.00020186496846424928,err=0.00017078906783679485,gmax=0.062050491032655586
	collect g,Hv time= 0.047838687896728516
	solver time=0.0471498966217041,exit status=0
niter= 43
	g=0.38034281318441493,del=3.9392314594105957,dot=0.5913738709767804,x=15.248428895433824

nparam= 11424
	log prob= -10.240067788466021
	burn in time= 7.999427080154419
	sample time= 15.46946096420288
	contraction err= 4.1088449653443024e-05 0.0028052059447225617

Mean energy: -3.07610496e+01
Block size    # of blocks        Mean                Error
     1           5000       -3.07610496e+01       1.088395e-02
     2           2500       -3.07610496e+01       1.107731e-02
     5           1000       -3.07610496e+01       1.113742e-02
    10            500       -3.07610496e+01       1.141222e-02
    20            250       -3.07610496e+01       1.174308e-02
    50            100       -3.07610496e+01       1.094921e-02
    70             71       -3.07608200e+01       1.285957e-02
   100             50       -3.07610496e+01       1.195352e-02
   200             25       -3.07610496e+01       1.242675e-02
   500             10       -3.07610496e+01       1.220722e-02
Stocahstic error estimate: 1.107731e-02

step=13,E=-0.4806414004200202,dE=-0.00033957708383158813,err=0.0001730829630807653,gmax=0.07477357194212253
	collect g,Hv time= 0.04777956008911133
	solver time=0.04941511154174805,exit status=0
niter= 44
	g=0.43496037582559394,del=3.690768679344675,dot=0.5584956448913992,x=15.241975988481958

nparam= 11424
	log prob= -10.173176903723714
	burn in time= 7.659565210342407
	sample time= 15.330716371536255
	contraction err= 4.665614637979595e-05 0.009154436222696074

Mean energy: -3.07163810e+01
Block size    # of blocks        Mean                Error
     1           5000       -3.07163810e+01       1.307119e-02
     2           2500       -3.07163810e+01       1.300551e-02
     5           1000       -3.07163810e+01       1.292147e-02
    10            500       -3.07163810e+01       1.308396e-02
    20            250       -3.07163810e+01       1.250277e-02
    50            100       -3.07163810e+01       1.366200e-02
    70             71       -3.07162492e+01       1.443851e-02
   100             50       -3.07163810e+01       1.348219e-02
   200             25       -3.07163810e+01       1.338229e-02
   500             10       -3.07163810e+01       1.612442e-02
Stocahstic error estimate: 1.307119e-02

step=14,E=-0.47994345237820324,dE=0.0006979480418169426,err=0.00020423737247492896,gmax=0.4238340598196295
	collect g,Hv time= 0.047660112380981445
niter= 44
	solver time=0.04828763008117676,exit status=0
	g=1.2525524893223052,del=3.824133115659093,dot=0.848974744581532,x=15.231945062629112

nparam= 11424
	log prob= -10.213805346832643
	burn in time= 8.571042537689209
	sample time= 15.372026205062866
	contraction err= 3.9178063120020485e-05 0.0027447669722042607

Mean energy: -3.07435476e+01
Block size    # of blocks        Mean                Error
     1           5000       -3.07435476e+01       1.089725e-02
     2           2500       -3.07435476e+01       1.101281e-02
     5           1000       -3.07435476e+01       1.078598e-02
    10            500       -3.07435476e+01       1.091854e-02
    20            250       -3.07435476e+01       1.125285e-02
    50            100       -3.07435476e+01       1.102618e-02
    70             71       -3.07433722e+01       1.249142e-02
   100             50       -3.07435476e+01       1.294320e-02
   200             25       -3.07435476e+01       1.326916e-02
   500             10       -3.07435476e+01       1.491156e-02
Stocahstic error estimate: 1.101281e-02

step=15,E=-0.48036793199378497,dE=-0.00042447961558172986,err=0.00017207522978488903,gmax=0.11614756427452289
	collect g,Hv time= 0.048725128173828125
	solver time=0.048320770263671875,exit status=0
niter= 44
	g=0.5097627039146444,del=3.761840624563324,dot=0.5995570176134175,x=15.23372349865355

nparam= 11424
	log prob= -10.129773397631292
	burn in time= 9.482701063156128
	sample time= 15.438120365142822
	contraction err= 3.8391560065181676e-05 0.0037361810035373977

Mean energy: -3.07586422e+01
Block size    # of blocks        Mean                Error
     1           5000       -3.07586422e+01       1.130031e-02
     2           2500       -3.07586422e+01       1.137298e-02
     5           1000       -3.07586422e+01       1.112220e-02
    10            500       -3.07586422e+01       1.125827e-02
    20            250       -3.07586422e+01       1.134565e-02
    50            100       -3.07586422e+01       1.131800e-02
    70             71       -3.07581352e+01       1.133222e-02
   100             50       -3.07586422e+01       1.114818e-02
   200             25       -3.07586422e+01       8.860906e-03
   500             10       -3.07586422e+01       1.064670e-02
Stocahstic error estimate: 1.137298e-02

step=16,E=-0.4806037851536632,dE=-0.00023585315987822986,err=0.00017770284775565508,gmax=0.041814996685700656
	collect g,Hv time= 0.0483098030090332
	solver time=0.04691791534423828,exit status=0
niter= 43
	g=0.3808351160252081,del=3.767500126402648,dot=0.6180748653901216,x=15.23707952909305

nparam= 11424
	log prob= -10.113961715044624
	burn in time= 9.682926893234253
	sample time= 15.34786343574524
	contraction err= 3.704668561843073e-05 0.0025059009308344383

Mean energy: -3.07614898e+01
Block size    # of blocks        Mean                Error
     1           5000       -3.07614898e+01       1.059569e-02
     2           2500       -3.07614898e+01       1.061896e-02
     5           1000       -3.07614898e+01       1.086031e-02
    10            500       -3.07614898e+01       1.067292e-02
    20            250       -3.07614898e+01       1.055205e-02
    50            100       -3.07614898e+01       1.053225e-02
    70             71       -3.07625200e+01       1.015163e-02
   100             50       -3.07614898e+01       1.040502e-02
   200             25       -3.07614898e+01       1.116001e-02
   500             10       -3.07614898e+01       1.357755e-02
Stocahstic error estimate: 1.061896e-02

step=17,E=-0.4806482777947831,dE=-4.449264111988649e-05,err=0.00016592128202301952,gmax=0.0962512643813116
	collect g,Hv time= 0.04932236671447754
	solver time=0.04784107208251953,exit status=0
niter= 43
	g=0.5289531802615631,del=3.5363604789355527,dot=0.5351057084120352,x=15.23267125439753

nparam= 11424
	log prob= -10.042447761776916
	burn in time= 6.92656135559082
	sample time= 15.319700002670288
	contraction err= 4.160839161685125e-05 0.003214780224784106

Mean energy: -3.07586471e+01
Block size    # of blocks        Mean                Error
     1           5000       -3.07586471e+01       1.110183e-02
     2           2500       -3.07586471e+01       1.099069e-02
     5           1000       -3.07586471e+01       1.128793e-02
    10            500       -3.07586471e+01       1.122816e-02
    20            250       -3.07586471e+01       1.151422e-02
    50            100       -3.07586471e+01       1.099078e-02
    70             71       -3.07591175e+01       1.163737e-02
   100             50       -3.07586471e+01       1.036231e-02
   200             25       -3.07586471e+01       8.708483e-03
   500             10       -3.07586471e+01       7.143404e-03
Stocahstic error estimate: 1.110183e-02

step=18,E=-0.4806038607968274,dE=4.4416997955709636e-05,err=0.00017346609902026925,gmax=0.07806744654174125
	collect g,Hv time= 0.048683881759643555
	solver time=0.04658055305480957,exit status=0
niter= 43
	g=0.45093514640891186,del=3.5753367472581634,dot=0.5965767241816939,x=15.227782179895193

nparam= 11424
	log prob= -9.997762282138455
