block_dict= [(0, 772)]
sizes= [772]
block_dict= [(0, 772)]
sizes= [772]
block_dict= [(0, 576)]
sizes= [576]
nbatch= 1
SIZE= 640
Lx,Ly= 4 4
nelec= (7, 7)
D= 4
nparam= 2120
	prob= 0.5492288290780102
	burn in time= 19.17325496673584
	sample time= 256.37033891677856
	contraction err= 0.003577540374954122 0.33275866904655954

Mean energy: -1.46472463e+01
Block size    # of blocks        Mean                Error
     1           50000       -1.46472463e+01       4.999056e-03
     2           25000       -1.46472463e+01       5.004772e-03
     5           10000       -1.46472463e+01       5.005097e-03
    10           5000       -1.46472463e+01       4.987813e-03
    20           2500       -1.46472463e+01       4.965512e-03
    50           1000       -1.46472463e+01       5.149741e-03
    70            714       -1.46473083e+01       5.111202e-03
   100            500       -1.46472463e+01       5.039356e-03
   200            250       -1.46472463e+01       5.110599e-03
   500            100       -1.46472463e+01       5.459889e-03
0 0.005004771734859793 0.005459889354921569
Stocahstic error estimate: 5.004772e-03

step=50,E=-0.91545289290848,dE=-0.91545289290848,err=0.00031279823342873704,gmax=0.1998351426896363
	collect g,Hv time= 1.9643886089324951
	solver time=0.05157351493835449,exit status=0
niter= 40
pure_newton= True
	solver time=0.006842613220214844,exit status=1
niter= 3
	prob= 0.2677754117469586
	burn in time= 19.01032304763794
	sample time= 337.2998023033142
	contraction err= 0.0037857277261265313 1.1137226297440213

Mean energy: -1.46173977e+01
Block size    # of blocks        Mean                Error
     1           50000       -1.46173977e+01       5.188198e-03
     2           25000       -1.46173977e+01       5.177540e-03
     5           10000       -1.46173977e+01       5.110966e-03
    10           5000       -1.46173977e+01       5.097331e-03
    20           2500       -1.46173977e+01       5.131029e-03
    50           1000       -1.46173977e+01       5.084982e-03
    70            714       -1.46175692e+01       5.265981e-03
   100            500       -1.46173977e+01       5.090865e-03
   200            250       -1.46173977e+01       5.125705e-03
   500            100       -1.46173977e+01       5.307240e-03
0 0.005188197744069429 0.005307239514859834
Stocahstic error estimate: 5.188198e-03

	predict=nan,actual=(0.029848575356194118, 0.00720868475865179)
	g=0.5462494065157132,del=0.18532265893912714,dot=0.025835550592706258,x=25.787309253345
saving to  ./psi51_0
saving to  ./psi51_1
	prob= 0.48097795561305884
	burn in time= 19.1544029712677
	sample time= 1187.9641344547272
	contraction err= 0.003549810977455748 0.36697066893233593

Mean energy: -1.46434248e+01
Block size    # of blocks        Mean                Error
     1           50000       -1.46434248e+01       5.234868e-03
     2           25000       -1.46434248e+01       5.255306e-03
     5           10000       -1.46434248e+01       5.254446e-03
    10           5000       -1.46434248e+01       5.266582e-03
    20           2500       -1.46434248e+01       5.323069e-03
    50           1000       -1.46434248e+01       5.193595e-03
    70            714       -1.46435708e+01       5.260584e-03
   100            500       -1.46434248e+01       5.158847e-03
   200            250       -1.46434248e+01       5.289389e-03
   500            100       -1.46434248e+01       4.928290e-03
0 0.00525530614240213 0.004928290124261651
Stocahstic error estimate: 5.255306e-03

step=51,E=-0.9152140495721234,dE=0.00023884333635659782,err=0.00032845663390013315,gmax=1.113689608038598
	collect g,Hv time= 2.1497137546539307
niter= 39
	solver time=0.13624906539916992,exit status=0
pure_newton= True
	solver time=0.017628908157348633,exit status=1
niter= 3
	prob= 0.42739773009470916
	burn in time= 18.81515145301819
	sample time= 339.2682285308838
	contraction err= 0.003974449440301345 0.7762050932743344

Mean energy: -1.45988374e+01
Block size    # of blocks        Mean                Error
     1           50000       -1.45988374e+01       5.690537e-03
     2           25000       -1.45988374e+01       5.663391e-03
     5           10000       -1.45988374e+01       5.680042e-03
    10           5000       -1.45988374e+01       5.730997e-03
    20           2500       -1.45988374e+01       5.719454e-03
    50           1000       -1.45988374e+01       5.798862e-03
    70            714       -1.45987892e+01       5.880163e-03
   100            500       -1.45988374e+01       5.985218e-03
   200            250       -1.45988374e+01       6.091814e-03
   500            100       -1.45988374e+01       5.976152e-03
0 0.0056905373846677645 0.005976151896096785
Stocahstic error estimate: 5.690537e-03

	predict=nan,actual=(0.044587347276143774, 0.0077459962804452085)
	g=2.4106742820547495,del=0.28067216154274927,dot=0.0969910019604461,x=25.787309253345
saving to  ./psi52_0
saving to  ./psi52_1
	prob= 0.47139062620048755
	burn in time= 19.101886987686157
	sample time= 1188.4126846790314
	contraction err= 0.003644679614721484 0.9733108110477565

Mean energy: -1.46347150e+01
Block size    # of blocks        Mean                Error
     1           50000       -1.46347150e+01       5.096699e-03
     2           25000       -1.46347150e+01       5.101526e-03
     5           10000       -1.46347150e+01       5.109847e-03
    10           5000       -1.46347150e+01       5.105107e-03
    20           2500       -1.46347150e+01       5.029761e-03
    50           1000       -1.46347150e+01       5.025243e-03
    70            714       -1.46348968e+01       5.029219e-03
   100            500       -1.46347150e+01       5.024242e-03
   200            250       -1.46347150e+01       4.931999e-03
   500            100       -1.46347150e+01       5.085611e-03
0 0.005101526395601223 0.005085611212741379
Stocahstic error estimate: 5.101526e-03

step=52,E=-0.9146696849862123,dE=0.0005443645859111168,err=0.00031884539972507644,gmax=0.2018430660749253
	collect g,Hv time= 2.5878100395202637
	solver time=0.09998512268066406,exit status=0
niter= 32
pure_newton= True
	solver time=0.01717352867126465,exit status=1
niter= 3
	prob= 0.14220346516478227
	burn in time= 18.94394826889038
	sample time= 339.0675845146179
	contraction err= 0.0038366683059399297 0.42291467936153093

Mean energy: -1.46215437e+01
Block size    # of blocks        Mean                Error
     1           50000       -1.46215437e+01       5.273742e-03
     2           25000       -1.46215437e+01       5.287279e-03
     5           10000       -1.46215437e+01       5.313710e-03
    10           5000       -1.46215437e+01       5.298604e-03
    20           2500       -1.46215437e+01       5.248190e-03
    50           1000       -1.46215437e+01       5.228904e-03
    70            714       -1.46216458e+01       5.188166e-03
   100            500       -1.46215437e+01       5.421397e-03
   200            250       -1.46215437e+01       5.621679e-03
   500            100       -1.46215437e+01       5.486861e-03
0 0.0052872792130948705 0.005486860575149284
Stocahstic error estimate: 5.287279e-03

	predict=nan,actual=(0.013171278656654906, 0.007347169049521123)
	g=0.7045087236087986,del=0.20627441603968238,dot=0.03718495696052475,x=25.787309253345015
saving to  ./psi53_0
saving to  ./psi53_1
	prob= 0.38895797761403134
	burn in time= 18.70728826522827
	sample time= 1188.8987879753113
	contraction err= 0.0038390059877330494 0.5323485178192192

Mean energy: -1.46352470e+01
Block size    # of blocks        Mean                Error
     1           50000       -1.46352470e+01       5.051583e-03
     2           25000       -1.46352470e+01       5.060934e-03
     5           10000       -1.46352470e+01       5.031868e-03
    10           5000       -1.46352470e+01       5.024530e-03
    20           2500       -1.46352470e+01       5.052822e-03
    50           1000       -1.46352470e+01       5.162627e-03
    70            714       -1.46351202e+01       4.996166e-03
   100            500       -1.46352470e+01       5.136644e-03
   200            250       -1.46352470e+01       5.164046e-03
   500            100       -1.46352470e+01       5.093641e-03
0 0.005060934074236474 0.005093640525899393
Stocahstic error estimate: 5.060934e-03

step=53,E=-0.9147029399649241,dE=-3.3254978711871885e-05,err=0.00031630837963977964,gmax=0.575435145121368
	collect g,Hv time= 2.8168985843658447
niter= 42
	solver time=0.1467270851135254,exit status=0
pure_newton= True
	solver time=0.01743173599243164,exit status=1
niter= 3
	prob= 0.23616289869444348
	burn in time= 18.57110285758972
	sample time= 339.3488471508026
	contraction err= 0.0036434481783637214 0.3154561832014658

Mean energy: -1.46255409e+01
Block size    # of blocks        Mean                Error
     1           50000       -1.46255409e+01       5.132333e-03
     2           25000       -1.46255409e+01       5.115161e-03
     5           10000       -1.46255409e+01       5.087788e-03
    10           5000       -1.46255409e+01       5.094923e-03
    20           2500       -1.46255409e+01       5.111628e-03
    50           1000       -1.46255409e+01       5.002213e-03
    70            714       -1.46255583e+01       5.012225e-03
   100            500       -1.46255409e+01       5.000591e-03
   200            250       -1.46255409e+01       4.977193e-03
   500            100       -1.46255409e+01       5.040316e-03
0 0.005132333333961224 0.005040315928536764
Stocahstic error estimate: 5.132333e-03

	predict=nan,actual=(0.009706161840700389, 0.007207905323646901)
	g=1.159715156753808,del=0.1835679441985402,dot=0.044304557142307854,x=25.787309253345004
saving to  ./psi54_0
saving to  ./psi54_1
	prob= 0.35042386858911717
	burn in time= 19.19660496711731
	sample time= 1188.5020403862
	contraction err= 0.003661730217020706 0.3257231761504593

Mean energy: -1.46390850e+01
Block size    # of blocks        Mean                Error
     1           50000       -1.46390850e+01       4.923222e-03
     2           25000       -1.46390850e+01       4.960460e-03
     5           10000       -1.46390850e+01       4.995467e-03
    10           5000       -1.46390850e+01       4.952274e-03
    20           2500       -1.46390850e+01       5.022321e-03
    50           1000       -1.46390850e+01       5.240486e-03
    70            714       -1.46390689e+01       5.243147e-03
   100            500       -1.46390850e+01       5.192259e-03
   200            250       -1.46390850e+01       5.083585e-03
   500            100       -1.46390850e+01       5.396136e-03
0 0.004960460348511587 0.005396136304397495
Stocahstic error estimate: 4.960460e-03

step=54,E=-0.9149428093788773,dE=-0.0002398694139531532,err=0.00031002877178197417,gmax=0.10948202872384805
	collect g,Hv time= 3.221282958984375
	solver time=0.1314849853515625,exit status=0
niter= 42
pure_newton= True
	solver time=0.017510652542114258,exit status=1
niter= 3
	prob= 0.3254228331765488
	burn in time= 19.490556240081787
	sample time= 339.6191449165344
	contraction err= 0.003700246214191415 0.455674864923951

Mean energy: -1.46260940e+01
Block size    # of blocks        Mean                Error
     1           50000       -1.46260940e+01       5.124897e-03
     2           25000       -1.46260940e+01       5.129882e-03
     5           10000       -1.46260940e+01       5.137182e-03
    10           5000       -1.46260940e+01       5.132061e-03
    20           2500       -1.46260940e+01       5.116554e-03
    50           1000       -1.46260940e+01       5.026723e-03
    70            714       -1.46261046e+01       5.133359e-03
   100            500       -1.46260940e+01       4.982913e-03
   200            250       -1.46260940e+01       4.834036e-03
   500            100       -1.46260940e+01       4.793457e-03
0 0.005129882453887184 0.004793456984478461
Stocahstic error estimate: 5.129882e-03

	predict=nan,actual=(0.0129909690357497, 0.007135955497328671)
	g=0.388515093551869,del=0.17484348415044593,dot=0.02011469908367818,x=25.787309253345004
saving to  ./psi55_0
saving to  ./psi55_1
	prob= 0.3458072526483393
	burn in time= 19.155628442764282
	sample time= 1187.5656242370605
	contraction err= 0.0036612507975940472 0.960011311460502

Mean energy: -1.46394632e+01
Block size    # of blocks        Mean                Error
     1           50000       -1.46394632e+01       5.132899e-03
     2           25000       -1.46394632e+01       5.150546e-03
     5           10000       -1.46394632e+01       5.140650e-03
    10           5000       -1.46394632e+01       5.080571e-03
    20           2500       -1.46394632e+01       5.097659e-03
    50           1000       -1.46394632e+01       5.178984e-03
    70            714       -1.46394325e+01       5.077717e-03
   100            500       -1.46394632e+01       5.374819e-03
   200            250       -1.46394632e+01       5.349321e-03
   500            100       -1.46394632e+01       5.653659e-03
0 0.005150545520115592 0.0056536585712276795
Stocahstic error estimate: 5.150546e-03

step=55,E=-0.9149664520427754,dE=-2.3642663898093552e-05,err=0.0003219090950072245,gmax=0.480713837718012
	collect g,Hv time= 3.164655923843384
niter= 43
	solver time=0.1493978500366211,exit status=0
pure_newton= True
	solver time=0.017777442932128906,exit status=1
niter= 3
	prob= 0.630537178047393
	burn in time= 18.833664178848267
	sample time= 339.7275564670563
	contraction err= 0.003709124869567628 1.0913597255677978

Mean energy: -1.46444285e+01
Block size    # of blocks        Mean                Error
     1           50000       -1.46444285e+01       5.604550e-03
     2           25000       -1.46444285e+01       5.638703e-03
     5           10000       -1.46444285e+01       5.577014e-03
    10           5000       -1.46444285e+01       5.607787e-03
    20           2500       -1.46444285e+01       5.604722e-03
    50           1000       -1.46444285e+01       5.426876e-03
    70            714       -1.46444229e+01       5.476156e-03
   100            500       -1.46444285e+01       5.633408e-03
   200            250       -1.46444285e+01       5.531617e-03
   500            100       -1.46444285e+01       5.185028e-03
0 0.005638703213600867 0.005185027991941937
Stocahstic error estimate: 5.638703e-03

	predict=nan,actual=(-0.004965218563153684, 0.0076369557472762365)
	g=1.550667881699126,del=0.17731807725246282,dot=0.033507952984244346,x=25.787309253345015
saving to  ./psi56_0
saving to  ./psi56_1
	prob= 0.630537178047393
	burn in time= 19.466033220291138
	sample time= 1187.4671285152435
	contraction err= 0.0035923138108012813 0.4892004246780348

Mean energy: -1.46265532e+01
Block size    # of blocks        Mean                Error
     1           50000       -1.46265532e+01       5.157488e-03
     2           25000       -1.46265532e+01       5.146529e-03
     5           10000       -1.46265532e+01       5.163585e-03
    10           5000       -1.46265532e+01       5.205534e-03
    20           2500       -1.46265532e+01       5.174006e-03
    50           1000       -1.46265532e+01       5.277437e-03
    70            714       -1.46266473e+01       5.306114e-03
   100            500       -1.46265532e+01       5.082998e-03
   200            250       -1.46265532e+01       5.171353e-03
   500            100       -1.46265532e+01       5.341903e-03
0 0.005157487809815493 0.005341903485158963
Stocahstic error estimate: 5.157488e-03

step=56,E=-0.9141595774586445,dE=0.0008068745841308678,err=0.0003223429881134683,gmax=1.0183478139184388
	collect g,Hv time= 3.5939197540283203
	solver time=0.08790254592895508,exit status=0
niter= 27
pure_newton= True
	solver time=0.016285419464111328,exit status=1
niter= 3
	prob= 0.6898533190123883
	burn in time= 19.066946268081665
	sample time= 339.197877407074
	contraction err= 0.0035264095873278434 1.1240902292293564

Mean energy: -1.46139396e+01
Block size    # of blocks        Mean                Error
     1           50000       -1.46139396e+01       5.315112e-03
     2           25000       -1.46139396e+01       5.315631e-03
     5           10000       -1.46139396e+01       5.353416e-03
    10           5000       -1.46139396e+01       5.305994e-03
    20           2500       -1.46139396e+01       5.346262e-03
    50           1000       -1.46139396e+01       5.143838e-03
    70            714       -1.46140450e+01       4.988832e-03
   100            500       -1.46139396e+01       5.198812e-03
   200            250       -1.46139396e+01       4.867096e-03
   500            100       -1.46139396e+01       4.964211e-03
0 0.00531563073020711 0.004964211035546239
Stocahstic error estimate: 5.315631e-03

	predict=nan,actual=(0.012613629373607438, 0.0074064573561398155)
	g=1.859777291891274,del=0.260553218398989,dot=0.09173715354127081,x=25.787309253345
saving to  ./psi57_0
saving to  ./psi57_1
	prob= 0.6326168263374218
	burn in time= 18.94041872024536
	sample time= 1187.760959148407
	contraction err= 0.0035315744908853497 0.42049736914309577

Mean energy: -1.46327159e+01
Block size    # of blocks        Mean                Error
     1           50000       -1.46327159e+01       5.648505e-03
     2           25000       -1.46327159e+01       5.645655e-03
     5           10000       -1.46327159e+01       5.674105e-03
    10           5000       -1.46327159e+01       5.645491e-03
    20           2500       -1.46327159e+01       5.616599e-03
    50           1000       -1.46327159e+01       5.707868e-03
    70            714       -1.46326568e+01       5.722798e-03
   100            500       -1.46327159e+01       5.587736e-03
   200            250       -1.46327159e+01       5.649655e-03
   500            100       -1.46327159e+01       5.603695e-03
0 0.005648505364245497 0.005603694975958105
Stocahstic error estimate: 5.648505e-03

step=57,E=-0.9145447448793732,dE=-0.0003851674207286937,err=0.0003530315852653436,gmax=2.949857442886307
	collect g,Hv time= 3.962040424346924
	solver time=0.10345172882080078,exit status=0
niter= 29
pure_newton= True
	solver time=0.017746925354003906,exit status=1
niter= 3
	prob= 0.6140716187234452
	burn in time= 19.477668046951294
	sample time= 339.2263660430908
	contraction err= 0.0036244021674360707 0.526103575051989

Mean energy: -1.46125067e+01
Block size    # of blocks        Mean                Error
     1           50000       -1.46125067e+01       5.319795e-03
     2           25000       -1.46125067e+01       5.334294e-03
     5           10000       -1.46125067e+01       5.360239e-03
    10           5000       -1.46125067e+01       5.357125e-03
    20           2500       -1.46125067e+01       5.281836e-03
    50           1000       -1.46125067e+01       5.437885e-03
    70            714       -1.46124863e+01       5.457343e-03
   100            500       -1.46125067e+01       5.274615e-03
   200            250       -1.46125067e+01       5.333876e-03
   500            100       -1.46125067e+01       4.783936e-03
0 0.005334293581451482 0.004783935639018411
Stocahstic error estimate: 5.334294e-03

	predict=nan,actual=(0.020209253491456636, 0.007769189202421617)
	g=4.095450689850488,del=0.2732604752694113,dot=0.31436059481766554,x=25.787309253345
saving to  ./psi58_0
saving to  ./psi58_1
	prob= 0.6338806845478977
	burn in time= 19.274470329284668
	sample time= 1187.0748934745789
	contraction err= 0.0036362417911409485 0.35558067291209966

Mean energy: -1.46421277e+01
Block size    # of blocks        Mean                Error
     1           50000       -1.46421277e+01       5.053273e-03
     2           25000       -1.46421277e+01       5.038734e-03
     5           10000       -1.46421277e+01       5.024789e-03
    10           5000       -1.46421277e+01       5.048166e-03
    20           2500       -1.46421277e+01       5.041399e-03
    50           1000       -1.46421277e+01       4.962577e-03
    70            714       -1.46421501e+01       5.074978e-03
   100            500       -1.46421277e+01       5.070723e-03
   200            250       -1.46421277e+01       4.803333e-03
   500            100       -1.46421277e+01       5.693951e-03
0 0.0050532729215218754 0.005693951066390608
Stocahstic error estimate: 5.053273e-03

step=58,E=-0.9151329791160908,dE=-0.0005882342367176108,err=0.0003158295575951172,gmax=0.23883950004835164
	collect g,Hv time= 3.881335735321045
	solver time=0.09845161437988281,exit status=0
niter= 31
pure_newton= True
	solver time=0.01705622673034668,exit status=1
niter= 3
	prob= 0.38099690867887037
	burn in time= 19.063597917556763
	sample time= 339.3208680152893
	contraction err= 0.003693710140702434 0.5450438739821927

Mean energy: -1.46311735e+01
Block size    # of blocks        Mean                Error
     1           50000       -1.46311735e+01       5.223174e-03
     2           25000       -1.46311735e+01       5.214617e-03
     5           10000       -1.46311735e+01       5.223403e-03
    10           5000       -1.46311735e+01       5.151354e-03
    20           2500       -1.46311735e+01       5.124093e-03
    50           1000       -1.46311735e+01       5.232577e-03
    70            714       -1.46311950e+01       5.194118e-03
   100            500       -1.46311735e+01       5.449445e-03
   200            250       -1.46311735e+01       5.280876e-03
   500            100       -1.46311735e+01       5.302762e-03
0 0.005223173538408702 0.005302761701366406
Stocahstic error estimate: 5.223174e-03

	predict=nan,actual=(0.010954117557945509, 0.007267538030978518)
	g=0.7538981953660476,del=0.23292443719698588,dot=0.035534207045900906,x=25.787309253345008
saving to  ./psi59_0
saving to  ./psi59_1
	prob= 0.5760795514807676
	burn in time= 19.054136037826538
	sample time= 1186.4269530773163
	contraction err= 0.003673974892264606 0.35815792413836717

Mean energy: -1.46343985e+01
Block size    # of blocks        Mean                Error
     1           50000       -1.46343985e+01       4.910993e-03
     2           25000       -1.46343985e+01       4.915849e-03
     5           10000       -1.46343985e+01       4.876962e-03
    10           5000       -1.46343985e+01       4.918005e-03
    20           2500       -1.46343985e+01       4.962166e-03
    50           1000       -1.46343985e+01       5.010136e-03
    70            714       -1.46344408e+01       4.988840e-03
   100            500       -1.46343985e+01       5.040184e-03
   200            250       -1.46343985e+01       4.861029e-03
   500            100       -1.46343985e+01       5.313222e-03
0 0.004915849312672143 0.005313221645367334
Stocahstic error estimate: 4.915849e-03

step=59,E=-0.9146499038993146,dE=0.0004830752167762631,err=0.00030724058204200896,gmax=0.20321219551593117
	collect g,Hv time= 4.954281806945801
	solver time=0.1140444278717041,exit status=0
niter= 32
pure_newton= True
	solver time=0.01778554916381836,exit status=1
niter= 3
	prob= 0.6579903684766176
	burn in time= 18.963118076324463
	sample time= 339.051376581192
	contraction err= 0.003632777077653938 0.26727590262083556

Mean energy: -1.46279210e+01
Block size    # of blocks        Mean                Error
     1           50000       -1.46279210e+01       5.050117e-03
     2           25000       -1.46279210e+01       5.070418e-03
     5           10000       -1.46279210e+01       5.078915e-03
    10           5000       -1.46279210e+01       5.091016e-03
    20           2500       -1.46279210e+01       5.128174e-03
    50           1000       -1.46279210e+01       5.243449e-03
    70            714       -1.46277724e+01       5.306769e-03
   100            500       -1.46279210e+01       5.466094e-03
   200            250       -1.46279210e+01       5.331419e-03
   500            100       -1.46279210e+01       5.120486e-03
0 0.005070417706892141 0.00512048648967599
Stocahstic error estimate: 5.070418e-03

	predict=nan,actual=(0.006477447803719727, 0.0070622029273637085)
	g=0.6870122210433324,del=0.18556546389027329,dot=0.02406018638223591,x=25.787309253345
saving to  ./psi60_0
saving to  ./psi60_1
	prob= 0.5895923624568595
	burn in time= 19.44162893295288
	sample time= 1184.998105764389
	contraction err= 0.0036287786557971627 0.38902598177535724

Mean energy: -1.46389783e+01
Block size    # of blocks        Mean                Error
     1           50000       -1.46389783e+01       5.255391e-03
     2           25000       -1.46389783e+01       5.228566e-03
     5           10000       -1.46389783e+01       5.205436e-03
    10           5000       -1.46389783e+01       5.235055e-03
    20           2500       -1.46389783e+01       5.201305e-03
    50           1000       -1.46389783e+01       5.259582e-03
    70            714       -1.46389915e+01       5.173948e-03
   100            500       -1.46389783e+01       5.216562e-03
   200            250       -1.46389783e+01       5.363763e-03
   500            100       -1.46389783e+01       5.402929e-03
0 0.00525539102030448 0.005402928795498569
Stocahstic error estimate: 5.255391e-03

step=60,E=-0.9149361413787871,dE=-0.00028623747947253975,err=0.00032846193876903,gmax=0.9945691159803971
	collect g,Hv time= 4.286085367202759
	solver time=0.13240432739257812,exit status=0
niter= 41
pure_newton= True
	solver time=0.018477201461791992,exit status=1
niter= 3
	prob= 0.5226624379822543
	burn in time= 18.944323778152466
	sample time= 338.98252034187317
	contraction err= 0.0037907536506783185 0.7245693642253491

Mean energy: -1.46237138e+01
Block size    # of blocks        Mean                Error
     1           50000       -1.46237138e+01       5.302420e-03
     2           25000       -1.46237138e+01       5.317325e-03
     5           10000       -1.46237138e+01       5.271738e-03
    10           5000       -1.46237138e+01       5.277850e-03
    20           2500       -1.46237138e+01       5.172928e-03
    50           1000       -1.46237138e+01       5.071129e-03
    70            714       -1.46235080e+01       5.239994e-03
   100            500       -1.46237138e+01       5.135827e-03
   200            250       -1.46237138e+01       5.293954e-03
   500            100       -1.46237138e+01       5.886665e-03
0 0.005317324872495622 0.005886665035954949
Stocahstic error estimate: 5.317325e-03

	predict=nan,actual=(0.015264500749609056, 0.007476167372120393)
	g=1.9725036660012538,del=0.16984930458130512,dot=0.094114242745195,x=25.787309253344997
saving to  ./psi61_0
saving to  ./psi61_1
	prob= 0.5724797546104924
	burn in time= 18.4964656829834
	sample time= 1186.327891111374
	contraction err= 0.0037305132652043493 0.9797359303403691

Mean energy: -1.46459348e+01
Block size    # of blocks        Mean                Error
     1           50000       -1.46459348e+01       5.103912e-03
     2           25000       -1.46459348e+01       5.073729e-03
     5           10000       -1.46459348e+01       5.076336e-03
    10           5000       -1.46459348e+01       5.078247e-03
    20           2500       -1.46459348e+01       5.038528e-03
    50           1000       -1.46459348e+01       5.135381e-03
    70            714       -1.46458862e+01       5.151957e-03
   100            500       -1.46459348e+01       5.284187e-03
   200            250       -1.46459348e+01       5.467723e-03
   500            100       -1.46459348e+01       5.938699e-03
0 0.0051039116309904336 0.00593869939055574
Stocahstic error estimate: 5.103912e-03

step=61,E=-0.9153709256071094,dE=-0.0004347842283223269,err=0.0003189944769369021,gmax=0.2987347572081944
	collect g,Hv time= 4.109169006347656
	solver time=0.10761880874633789,exit status=0
niter= 34
pure_newton= True
	solver time=0.01735973358154297,exit status=1
niter= 3
	prob= 0.40617460896424246
	burn in time= 19.26271152496338
	sample time= 339.3414487838745
	contraction err= 0.0036548582856358886 0.7263558485125949

Mean energy: -1.46395820e+01
Block size    # of blocks        Mean                Error
     1           50000       -1.46395820e+01       5.114038e-03
     2           25000       -1.46395820e+01       5.119784e-03
     5           10000       -1.46395820e+01       5.101757e-03
    10           5000       -1.46395820e+01       5.137583e-03
    20           2500       -1.46395820e+01       5.145483e-03
    50           1000       -1.46395820e+01       5.289543e-03
    70            714       -1.46394532e+01       5.214964e-03
   100            500       -1.46395820e+01       5.423467e-03
   200            250       -1.46395820e+01       5.610313e-03
   500            100       -1.46395820e+01       5.439360e-03
0 0.005119784241360406 0.005439360207451495
Stocahstic error estimate: 5.119784e-03

	predict=nan,actual=(0.006352780525157087, 0.0072292533926431)
	g=0.5958802727717967,del=0.19235509725719221,dot=0.028272245524953863,x=25.787309253345004
saving to  ./psi62_0
saving to  ./psi62_1
	prob= 0.5388822375595661
	burn in time= 17.930564641952515
	sample time= 1185.8661522865295
	contraction err= 0.0036397976697053877 0.9039690157561535

Mean energy: -1.46433433e+01
Block size    # of blocks        Mean                Error
     1           50000       -1.46433433e+01       5.095995e-03
     2           25000       -1.46433433e+01       5.097377e-03
     5           10000       -1.46433433e+01       5.128006e-03
    10           5000       -1.46433433e+01       5.155725e-03
    20           2500       -1.46433433e+01       5.212767e-03
    50           1000       -1.46433433e+01       5.132366e-03
    70            714       -1.46433430e+01       5.166200e-03
   100            500       -1.46433433e+01       5.179198e-03
   200            250       -1.46433433e+01       5.342819e-03
   500            100       -1.46433433e+01       5.484290e-03
0 0.005097376629321156 0.005484290267248942
Stocahstic error estimate: 5.097377e-03

step=62,E=-0.9152089579049684,dE=0.0001619677021410526,err=0.00031858603933257224,gmax=0.40487541866014
	collect g,Hv time= 5.330936908721924
	solver time=0.13648009300231934,exit status=0
niter= 43
pure_newton= True
	solver time=25.216729164123535,exit status=100
niter= 3101
	prob= 0.008982008112861753
	burn in time= 18.970335483551025
	sample time= 338.7241349220276
	contraction err= 0.00597217880272323 0.8293449666943671

Mean energy: -1.46134059e+01
Block size    # of blocks        Mean                Error
     1           50000       -1.46134059e+01       5.457101e-03
     2           25000       -1.46134059e+01       5.453654e-03
     5           10000       -1.46134059e+01       5.391907e-03
    10           5000       -1.46134059e+01       5.416064e-03
    20           2500       -1.46134059e+01       5.432353e-03
    50           1000       -1.46134059e+01       5.410066e-03
    70            714       -1.46133879e+01       5.450668e-03
   100            500       -1.46134059e+01       5.258874e-03
   200            250       -1.46134059e+01       5.449311e-03
   500            100       -1.46134059e+01       5.676281e-03
0 0.005457100859867882 0.005676280741800517
Stocahstic error estimate: 5.457101e-03

	predict=-0.043101775538212865,actual=(0.029937472295548773, 0.0074674760324972105)
	g=0.8482522996096411,del=0.24845708237652933,dot=0.041517619216272096,x=25.787309253344997
saving to  ./psi63_0
saving to  ./psi63_1
	prob= 0.4461151848265922
	burn in time= 18.748255252838135
	sample time= 1186.3723707199097
	contraction err= 0.0038731968662890385 1.0468628338824881

Mean energy: -1.46506759e+01
Block size    # of blocks        Mean                Error
     1           50000       -1.46506759e+01       5.167220e-03
     2           25000       -1.46506759e+01       5.158698e-03
     5           10000       -1.46506759e+01       5.184223e-03
    10           5000       -1.46506759e+01       5.169015e-03
    20           2500       -1.46506759e+01       5.073304e-03
    50           1000       -1.46506759e+01       4.975390e-03
    70            714       -1.46508142e+01       4.980510e-03
   100            500       -1.46506759e+01       4.963031e-03
   200            250       -1.46506759e+01       4.705536e-03
   500            100       -1.46506759e+01       4.951768e-03
0 0.005167220347694895 0.004951767904746147
Stocahstic error estimate: 5.167220e-03

step=63,E=-0.9156672420695054,dE=-0.00045828416453708165,err=0.0003229512717309309,gmax=0.3334683110153094
	collect g,Hv time= 5.639133930206299
niter= 39
	solver time=0.12512469291687012,exit status=0
pure_newton= True
	solver time=0.018029212951660156,exit status=1
niter= 3
	prob= 0.8399334119700363
	burn in time= 18.666176795959473
	sample time= 338.8654754161835
	contraction err= 0.0037482096726611136 0.6425209365286748

Mean energy: -1.46144678e+01
Block size    # of blocks        Mean                Error
     1           50000       -1.46144678e+01       5.323987e-03
     2           25000       -1.46144678e+01       5.316595e-03
     5           10000       -1.46144678e+01       5.343743e-03
    10           5000       -1.46144678e+01       5.362162e-03
    20           2500       -1.46144678e+01       5.470573e-03
    50           1000       -1.46144678e+01       5.530706e-03
    70            714       -1.46144777e+01       5.631136e-03
   100            500       -1.46144678e+01       5.417648e-03
   200            250       -1.46144678e+01       5.529668e-03
   500            100       -1.46144678e+01       5.859444e-03
0 0.005323986730105777 0.005859444227188991
Stocahstic error estimate: 5.323987e-03

	predict=nan,actual=(0.03620809262785407, 0.0074192318216898005)
	g=0.7641905893275178,del=0.26106899430483765,dot=0.06198111444003238,x=25.787309253345004
saving to  ./psi64_0
saving to  ./psi64_1
	prob= 0.5124500695523796
	burn in time= 18.95160675048828
	sample time= 1184.8786675930023
	contraction err= 0.003642264671165061 0.36311947619211277

Mean energy: -1.46466597e+01
Block size    # of blocks        Mean                Error
     1           50000       -1.46466597e+01       5.155986e-03
     2           25000       -1.46466597e+01       5.136646e-03
     5           10000       -1.46466597e+01       5.142919e-03
    10           5000       -1.46466597e+01       5.183058e-03
    20           2500       -1.46466597e+01       5.331354e-03
    50           1000       -1.46466597e+01       5.405166e-03
    70            714       -1.46466999e+01       5.596698e-03
   100            500       -1.46466597e+01       5.546780e-03
   200            250       -1.46466597e+01       5.720093e-03
   500            100       -1.46466597e+01       5.635220e-03
0 0.005155986443268354 0.0056352198585444815
Stocahstic error estimate: 5.155986e-03

step=64,E=-0.9154162341951871,dE=0.00025100787431830973,err=0.0003222491527042721,gmax=0.17509577080602545
	collect g,Hv time= 4.7204201221466064
	solver time=0.09856629371643066,exit status=0
niter= 31
pure_newton= True
	solver time=0.017163753509521484,exit status=1
niter= 3
	prob= 0.37940379128501517
	burn in time= 18.926464319229126
	sample time= 338.9417440891266
	contraction err= 0.0038756211871380938 0.3513645934757031

Mean energy: -1.46215148e+01
Block size    # of blocks        Mean                Error
     1           50000       -1.46215148e+01       5.224182e-03
     2           25000       -1.46215148e+01       5.235632e-03
     5           10000       -1.46215148e+01       5.216880e-03
    10           5000       -1.46215148e+01       5.310526e-03
    20           2500       -1.46215148e+01       5.266750e-03
    50           1000       -1.46215148e+01       5.274219e-03
    70            714       -1.46215828e+01       5.217855e-03
   100            500       -1.46215148e+01       5.197818e-03
   200            250       -1.46215148e+01       5.148743e-03
   500            100       -1.46215148e+01       5.819387e-03
0 0.0052356318907766965 0.005819387133389742
Stocahstic error estimate: 5.235632e-03

	predict=nan,actual=(0.025144996507270534, 0.007348199609352281)
	g=0.6770112092243578,del=0.25040899394444416,dot=0.0777125070625444,x=25.787309253345004
saving to  ./psi65_0
saving to  ./psi65_1
	prob= 0.4857203009303811
	burn in time= 18.721054077148438
	sample time= 1183.8841478824615
	contraction err= 0.0037447145074515856 0.42393073264410697

Mean energy: -1.46448523e+01
Block size    # of blocks        Mean                Error
     1           50000       -1.46448523e+01       5.063501e-03
     2           25000       -1.46448523e+01       5.049076e-03
     5           10000       -1.46448523e+01       5.053073e-03
    10           5000       -1.46448523e+01       5.010692e-03
    20           2500       -1.46448523e+01       4.916741e-03
    50           1000       -1.46448523e+01       4.986660e-03
    70            714       -1.46448412e+01       4.975817e-03
   100            500       -1.46448523e+01       4.942557e-03
   200            250       -1.46448523e+01       4.999182e-03
   500            100       -1.46448523e+01       5.063835e-03
0 0.0050635006755361525 0.005063834622427322
Stocahstic error estimate: 5.063501e-03

step=65,E=-0.9153032681701031,dE=0.00011296602508403808,err=0.00031646879222100953,gmax=0.1008648030057877
	collect g,Hv time= 6.6199586391448975
	solver time=0.10144877433776855,exit status=0
niter= 32
pure_newton= True
	solver time=0.01755213737487793,exit status=1
niter= 3
	prob= 0.2978599335960465
	burn in time= 18.52798080444336
	sample time= 338.7461824417114
	contraction err= 0.0036912191982687373 0.4748210488369779

Mean energy: -1.46456400e+01
Block size    # of blocks        Mean                Error
     1           50000       -1.46456400e+01       5.087368e-03
     2           25000       -1.46456400e+01       5.086059e-03
     5           10000       -1.46456400e+01       5.090706e-03
    10           5000       -1.46456400e+01       5.078316e-03
    20           2500       -1.46456400e+01       5.113654e-03
    50           1000       -1.46456400e+01       5.152733e-03
    70            714       -1.46456444e+01       5.334893e-03
   100            500       -1.46456400e+01       5.168706e-03
   200            250       -1.46456400e+01       5.338917e-03
   500            100       -1.46456400e+01       5.429340e-03
0 0.005087368049376133 0.005429339770915213
Stocahstic error estimate: 5.087368e-03

	predict=nan,actual=(-0.0007877056946927752, 0.0071777679511787085)
	g=0.5134344974253805,del=0.2197592295876349,dot=0.034000484057842104,x=25.787309253345004
saving to  ./psi66_0
saving to  ./psi66_1
	prob= 0.2978599335960465
	burn in time= 19.02994465827942
	sample time= 1183.8246386051178
	contraction err= 0.0037558500608717345 1.4153877821014054

Mean energy: -1.46409414e+01
Block size    # of blocks        Mean                Error
     1           50000       -1.46409414e+01       5.160978e-03
     2           25000       -1.46409414e+01       5.157921e-03
     5           10000       -1.46409414e+01       5.151198e-03
    10           5000       -1.46409414e+01       5.155383e-03
    20           2500       -1.46409414e+01       5.151221e-03
    50           1000       -1.46409414e+01       5.158886e-03
    70            714       -1.46410466e+01       5.098839e-03
   100            500       -1.46409414e+01       5.045329e-03
   200            250       -1.46409414e+01       4.842979e-03
   500            100       -1.46409414e+01       4.951991e-03
0 0.005160978143469208 0.004951990540424585
Stocahstic error estimate: 5.160978e-03

step=66,E=-0.915058838142973,dE=0.00024443002713014916,err=0.0003225611339668255,gmax=3.616502748806951
	collect g,Hv time= 4.413852214813232
	solver time=0.045066118240356445,exit status=0
niter= 13
pure_newton= True
	solver time=0.015779733657836914,exit status=1
niter= 3
	prob= 1.9895508327781368
	burn in time= 18.74237370491028
	sample time= 338.9179005622864
	contraction err= 0.004110432340337668 0.6484610088314855

Mean energy: -1.42889482e+01
Block size    # of blocks        Mean                Error
     1           50000       -1.42889482e+01       8.228817e-03
     2           25000       -1.42889482e+01       8.270790e-03
     5           10000       -1.42889482e+01       8.263058e-03
    10           5000       -1.42889482e+01       8.351506e-03
    20           2500       -1.42889482e+01       8.572913e-03
    50           1000       -1.42889482e+01       9.077249e-03
    70            714       -1.42889508e+01       9.376958e-03
   100            500       -1.42889482e+01       9.569823e-03
   200            250       -1.42889482e+01       1.100895e-02
   500            100       -1.42889482e+01       1.357871e-02
0 0.00827078960839014 0.013578705441098677
Stocahstic error estimate: 8.270790e-03

	predict=nan,actual=(0.3519932398897332, 0.009748931025687954)
	g=5.515318661014648,del=0.34517518578616785,dot=0.18046164713290055,x=25.787309253345008
saving to  ./psi67_0
saving to  ./psi67_1
	prob= 0.5553320280577655
	burn in time= 18.133646249771118
	sample time= 1184.0436081886292
	contraction err= 0.0037755075103124637 1.9752621189153965

Mean energy: -1.46053904e+01
Block size    # of blocks        Mean                Error
     1           50000       -1.46053904e+01       5.383079e-03
     2           25000       -1.46053904e+01       5.417187e-03
     5           10000       -1.46053904e+01       5.403848e-03
    10           5000       -1.46053904e+01       5.568231e-03
    20           2500       -1.46053904e+01       5.764216e-03
    50           1000       -1.46053904e+01       6.249926e-03
    70            714       -1.46051748e+01       6.714102e-03
   100            500       -1.46053904e+01       7.221321e-03
   200            250       -1.46053904e+01       8.732771e-03
   500            100       -1.46053904e+01       1.145065e-02
0 0.005417187351464236 0.011450648957132882
Stocahstic error estimate: 5.417187e-03

step=67,E=-0.912836901847856,dE=0.002221936295116911,err=0.00033857420946651473,gmax=0.37071747333286
	collect g,Hv time= 6.457223176956177
	solver time=0.09878849983215332,exit status=0
niter= 32
pure_newton= True
	solver time=0.016883373260498047,exit status=1
niter= 3
	prob= 0.019149769511188814
	burn in time= 18.589625597000122
	sample time= 338.6971685886383
	contraction err= 0.004890530589306731 0.4679574046405281

Mean energy: -1.45383620e+01
Block size    # of blocks        Mean                Error
     1           50000       -1.45383620e+01       6.116090e-03
     2           25000       -1.45383620e+01       6.118547e-03
     5           10000       -1.45383620e+01       6.069475e-03
    10           5000       -1.45383620e+01       6.060595e-03
    20           2500       -1.45383620e+01       6.044723e-03
    50           1000       -1.45383620e+01       6.011676e-03
    70            714       -1.45382824e+01       6.190796e-03
   100            500       -1.45383620e+01       6.192520e-03
   200            250       -1.45383620e+01       6.510444e-03
   500            100       -1.45383620e+01       6.762065e-03
0 0.006118547027814452 0.006762064790873655
Stocahstic error estimate: 6.118547e-03

	predict=nan,actual=(0.06702847405349743, 0.008172058280044334)
	g=1.1198916953401739,del=0.4701959284244891,dot=-0.031383294966992006,x=25.787309253345008
saving to  ./psi68_0
saving to  ./psi68_1
	prob= 0.38523754633843005
	burn in time= 18.849507570266724
	sample time= 1183.382542848587
	contraction err= 0.00398601834090207 0.4528629084567843

Mean energy: -1.46358231e+01
Block size    # of blocks        Mean                Error
     1           50000       -1.46358231e+01       5.121792e-03
     2           25000       -1.46358231e+01       5.120383e-03
     5           10000       -1.46358231e+01       5.148450e-03
    10           5000       -1.46358231e+01       5.100856e-03
    20           2500       -1.46358231e+01       5.038867e-03
    50           1000       -1.46358231e+01       5.042309e-03
    70            714       -1.46358476e+01       5.306213e-03
   100            500       -1.46358231e+01       4.972072e-03
   200            250       -1.46358231e+01       5.137752e-03
   500            100       -1.46358231e+01       5.587223e-03
0 0.005121791686922708 0.005587222746413524
Stocahstic error estimate: 5.121792e-03

step=68,E=-0.9147389428813804,dE=-0.0019020410335243154,err=0.0003201119804326692,gmax=0.24685481197443337
	collect g,Hv time= 6.0397443771362305
	solver time=0.12845873832702637,exit status=0
niter= 40
pure_newton= True
	solver time=0.01728343963623047,exit status=1
niter= 3
	prob= 0.16162826803906807
	burn in time= 19.130895376205444
	sample time= 338.7944598197937
	contraction err= 0.004458445877223208 0.3521659762694453

Mean energy: -1.46112101e+01
Block size    # of blocks        Mean                Error
     1           50000       -1.46112101e+01       5.532443e-03
     2           25000       -1.46112101e+01       5.530338e-03
     5           10000       -1.46112101e+01       5.477021e-03
    10           5000       -1.46112101e+01       5.488777e-03
    20           2500       -1.46112101e+01       5.401517e-03
    50           1000       -1.46112101e+01       5.414916e-03
    70            714       -1.46113509e+01       5.269246e-03
   100            500       -1.46112101e+01       5.342149e-03
   200            250       -1.46112101e+01       5.413626e-03
   500            100       -1.46112101e+01       5.595462e-03
0 0.005532442981391689 0.00559546167380889
Stocahstic error estimate: 5.532443e-03

	predict=nan,actual=(0.0246129855426922, 0.00753927552398642)
	g=1.0590772719526267,del=0.2115691978633869,dot=0.05267917281189979,x=25.787309253344997
saving to  ./psi69_0
saving to  ./psi69_1
	prob= 0.32877401466126976
	burn in time= 18.830702781677246
	sample time= 1184.5195355415344
	contraction err= 0.0041082402955590815 1.1087887584517058

Mean energy: -1.46493901e+01
Block size    # of blocks        Mean                Error
     1           50000       -1.46493901e+01       5.029866e-03
     2           25000       -1.46493901e+01       5.043885e-03
     5           10000       -1.46493901e+01       5.066484e-03
    10           5000       -1.46493901e+01       5.094289e-03
    20           2500       -1.46493901e+01       5.165779e-03
    50           1000       -1.46493901e+01       5.036503e-03
    70            714       -1.46491362e+01       5.056768e-03
   100            500       -1.46493901e+01       5.038957e-03
   200            250       -1.46493901e+01       4.986704e-03
   500            100       -1.46493901e+01       4.710335e-03
0 0.00504388467817348 0.004710334573807678
Stocahstic error estimate: 5.043885e-03

step=69,E=-0.9155868839240282,dE=-0.0008479410426478484,err=0.0003152427923858425,gmax=0.3648259748887597
	collect g,Hv time= 6.54377818107605
niter= 29
	solver time=0.10232186317443848,exit status=0
pure_newton= True
	solver time=0.017419815063476562,exit status=1
niter= 3
	prob= 0.23151341918399215
	burn in time= 18.70016312599182
	sample time= 338.77929759025574
	contraction err= 0.003904037366523442 0.6051110238132127

Mean energy: -1.46471937e+01
Block size    # of blocks        Mean                Error
     1           50000       -1.46471937e+01       5.123153e-03
     2           25000       -1.46471937e+01       5.135395e-03
     5           10000       -1.46471937e+01       5.157061e-03
    10           5000       -1.46471937e+01       5.184815e-03
    20           2500       -1.46471937e+01       5.308926e-03
    50           1000       -1.46471937e+01       5.187849e-03
    70            714       -1.46472122e+01       5.194161e-03
   100            500       -1.46471937e+01       5.124037e-03
   200            250       -1.46471937e+01       4.874906e-03
   500            100       -1.46471937e+01       4.842063e-03
0 0.0051353945470102485 0.0048420632673854234
Stocahstic error estimate: 5.135395e-03

	predict=nan,actual=(0.002196479208208757, 0.007198128215041448)
	g=0.7826582921206559,del=0.17109330185068666,dot=0.030104573556415114,x=25.787309253345008
saving to  ./psi70_0
saving to  ./psi70_1
