	burn in time= 0.532371997833252
block_dict= [(0, 41472)]
sizes= [41472]
SIZE= 640
Lx,Ly= 4 4
D= 8
rate= 0.1
cond= 0.001

nparam= 41472
	log prob= 23.637769356342186
	sample time= 3.1703529357910156
	contraction err= 3.2362437679541433e-06 2.6282372807179167e-05
nsamples= 10638

Mean energy: -8.25941084e+00
Block size    # of blocks        Mean                Error
     1           10638       -8.25941084e+00       1.374698e-02
     2           5319       -8.25941084e+00       1.683597e-02
     5           2127       -8.25877030e+00       2.082125e-02
    10           1063       -8.25781652e+00       2.283788e-02
    20            531       -8.25773357e+00       2.448542e-02
    50            212       -8.25833459e+00       2.431631e-02
    70            151       -8.25848711e+00       2.340413e-02
   100            106       -8.25833459e+00       2.444687e-02
   200             53       -8.25833459e+00       2.246991e-02
   500             21       -8.25798228e+00       2.198722e-02
Stocahstic error estimate: 2.448542e-02

step=0,E=-0.5162131776916591,dE=0.0,err=0.0015303388046771264
	gnorm= 0.29835835254675747
	collect g,h time= 0.10817265510559082
symmetric= True
	solver time=0.13328170776367188,exit status=0
niter= 23
	xnorm=19.43985844214856,dnorm=0.8347281542092811

nparam= 41472
	log prob= 23.985980626359574
	burn in time= 0.7282140254974365
	sample time= 3.655097723007202
	contraction err= 4.780599047170193e-06 8.354471381734779e-05
nsamples= 10638

Mean energy: -8.69246661e+00
Block size    # of blocks        Mean                Error
     1           10638       -8.69246661e+00       8.991433e-03
     2           5319       -8.69246661e+00       1.096322e-02
     5           2127       -8.69271128e+00       1.333714e-02
    10           1063       -8.69266805e+00       1.409542e-02
    20            531       -8.69287723e+00       1.415836e-02
    50            212       -8.69389698e+00       1.401720e-02
    70            151       -8.69405140e+00       1.362945e-02
   100            106       -8.69389698e+00       1.414322e-02
   200             53       -8.69389698e+00       1.482987e-02
   500             21       -8.69277785e+00       1.557694e-02
Stocahstic error estimate: 1.415836e-02

step=1,E=-0.5432791633894237,dE=-0.02706598569776464,err=0.0008848978091810426
	gnorm= 0.47127980082034265
	collect g,h time= 0.10584449768066406
symmetric= True
	solver time=0.14729046821594238,exit status=0
niter= 28
	xnorm=19.71784177475754,dnorm=0.35227440392281384

nparam= 41472
	log prob= 23.6621953209544
	burn in time= 0.5933949947357178
	sample time= 3.660226583480835
	contraction err= 7.504245220347161e-06 0.00023725330194255458
nsamples= 10638

Mean energy: -8.86815968e+00
Block size    # of blocks        Mean                Error
     1           10638       -8.86815968e+00       6.837157e-03
     2           5319       -8.86815968e+00       8.389981e-03
     5           2127       -8.86810614e+00       1.022695e-02
    10           1063       -8.86769986e+00       1.115438e-02
    20            531       -8.86720787e+00       1.173528e-02
    50            212       -8.86755569e+00       1.151532e-02
    70            151       -8.86764004e+00       1.100413e-02
   100            106       -8.86755569e+00       1.151814e-02
   200             53       -8.86755569e+00       1.178871e-02
   500             21       -8.86721744e+00       1.097729e-02
Stocahstic error estimate: 1.173528e-02

step=2,E=-0.5542599799314153,dE=-0.010980816541991567,err=0.0007334552135894942
	gnorm= 0.610850822865939
	collect g,h time= 0.10671591758728027
symmetric= True
	solver time=0.16109180450439453,exit status=0
niter= 32
	xnorm=19.833686479581477,dnorm=0.4144858906702988

nparam= 41472
	log prob= 23.649078552053165
	burn in time= 0.3435499668121338
	sample time= 3.641148805618286
	contraction err= 1.1529335871289713e-05 0.00043063545582589446
nsamples= 10638

Mean energy: -8.94807422e+00
Block size    # of blocks        Mean                Error
     1           10638       -8.94807422e+00       5.899896e-03
     2           5319       -8.94807422e+00       7.209865e-03
     5           2127       -8.94810573e+00       8.890109e-03
    10           1063       -8.94828942e+00       9.715551e-03
    20            531       -8.94831116e+00       9.955695e-03
    50            212       -8.94809012e+00       1.009351e-02
    70            151       -8.94772999e+00       9.936563e-03
   100            106       -8.94809012e+00       1.015955e-02
   200             53       -8.94809012e+00       1.018124e-02
   500             21       -8.94716959e+00       1.090245e-02
Stocahstic error estimate: 9.955695e-03

step=3,E=-0.5592546386590294,dE=-0.004994658727614065,err=0.0006222309635598797
	gnorm= 0.6590526058239046
	collect g,h time= 0.10516548156738281
symmetric= True
	solver time=0.1790156364440918,exit status=0
niter= 35
	xnorm=20.0081679938,dnorm=0.3506084613826429

nparam= 41472
	log prob= 23.58282009505251
	burn in time= 0.4846155643463135
	sample time= 3.6327340602874756
	contraction err= 1.637015083677514e-05 0.0004897158882912332
nsamples= 10638

Mean energy: -9.02320256e+00
Block size    # of blocks        Mean                Error
     1           10638       -9.02320256e+00       4.936326e-03
     2           5319       -9.02320256e+00       6.061086e-03
     5           2127       -9.02306551e+00       7.443400e-03
    10           1063       -9.02302166e+00       8.106134e-03
    20            531       -9.02298205e+00       8.421660e-03
    50            212       -9.02268931e+00       8.791045e-03
    70            151       -9.02269599e+00       8.664764e-03
   100            106       -9.02268931e+00       8.636048e-03
   200             53       -9.02268931e+00       9.529682e-03
   500             21       -9.02220545e+00       8.684165e-03
Stocahstic error estimate: 8.421660e-03

step=4,E=-0.5639501602062299,dE=-0.004695521547200543,err=0.0005263537205449819
	gnorm= 0.6582338789140303
	collect g,h time= 0.10472536087036133
symmetric= True
	solver time=0.1710810661315918,exit status=0
niter= 34
	xnorm=20.16332481892143,dnorm=0.26885234709109007

nparam= 41472
	log prob= 23.367278817714894
	burn in time= 0.602125883102417
	sample time= 3.6024160385131836
	contraction err= 2.177120933980943e-05 0.000889383633649331
nsamples= 10638

Mean energy: -9.06275650e+00
Block size    # of blocks        Mean                Error
     1           10638       -9.06275650e+00       4.245114e-03
     2           5319       -9.06275650e+00       5.217568e-03
     5           2127       -9.06293042e+00       6.422184e-03
    10           1063       -9.06298631e+00       7.062894e-03
    20            531       -9.06273133e+00       6.921088e-03
    50            212       -9.06291407e+00       7.290189e-03
    70            151       -9.06219469e+00       6.906011e-03
   100            106       -9.06291407e+00       6.793834e-03
   200             53       -9.06291407e+00       7.849578e-03
   500             21       -9.06178398e+00       8.693088e-03
Stocahstic error estimate: 7.062894e-03

step=5,E=-0.5664222812921647,dE=-0.002472121085934753,err=0.0004414308830679264
	gnorm= 0.7335016961649883
	collect g,h time= 0.10635614395141602
symmetric= True
	solver time=0.19320082664489746,exit status=0
niter= 38
	xnorm=20.26281977828837,dnorm=0.1816067137687168

nparam= 41472
	log prob= 23.116701907499355
	burn in time= 0.6669406890869141
	sample time= 3.6145389080047607
	contraction err= 2.8303824312726493e-05 0.0013850883762127578
nsamples= 10638

Mean energy: -9.10130986e+00
Block size    # of blocks        Mean                Error
     1           10638       -9.10130986e+00       3.551383e-03
     2           5319       -9.10130986e+00       4.344972e-03
     5           2127       -9.10124322e+00       5.333977e-03
    10           1063       -9.10106645e+00       5.755139e-03
    20            531       -9.10105766e+00       5.920562e-03
    50            212       -9.10138656e+00       6.157132e-03
    70            151       -9.10159645e+00       6.327970e-03
   100            106       -9.10138656e+00       5.604564e-03
   200             53       -9.10138656e+00       5.283679e-03
   500             21       -9.10213339e+00       6.133187e-03
Stocahstic error estimate: 5.920562e-03

step=6,E=-0.5688318665506693,dE=-0.002409585258504654,err=0.0003700351008114658
	gnorm= 0.756874542625988
	collect g,h time= 0.10467696189880371
symmetric= True
	solver time=0.1937403678894043,exit status=0
niter= 38
	xnorm=20.324338391441636,dnorm=0.1393621335809207

nparam= 41472
	log prob= 22.919493377201533
	burn in time= 0.6427056789398193
	sample time= 3.5795681476593018
	contraction err= 3.344611093961987e-05 0.0015617600552464907
nsamples= 10638

Mean energy: -9.12826064e+00
Block size    # of blocks        Mean                Error
     1           10638       -9.12826064e+00       3.156391e-03
     2           5319       -9.12826064e+00       3.825309e-03
     5           2127       -9.12828225e+00       4.736921e-03
    10           1063       -9.12829094e+00       5.210678e-03
    20            531       -9.12816851e+00       5.535247e-03
    50            212       -9.12770946e+00       5.853168e-03
    70            151       -9.12806210e+00       5.746095e-03
   100            106       -9.12770946e+00       5.561680e-03
   200             53       -9.12770946e+00       5.776898e-03
   500             21       -9.12773766e+00       6.657552e-03
Stocahstic error estimate: 5.853168e-03

step=7,E=-0.5705162899582937,dE=-0.0016844234076244247,err=0.0003658229707569449
	gnorm= 0.8072688050814569
	collect g,h time= 0.10508441925048828
symmetric= True
	solver time=0.20047879219055176,exit status=0
niter= 40
	xnorm=20.37100539359941,dnorm=0.1088491258416273

nparam= 41472
	log prob= 22.788689345979893
	burn in time= 0.48944878578186035
	sample time= 3.583425998687744
	contraction err= 3.733829044927855e-05 0.0030391049492068307
nsamples= 10638

Mean energy: -9.14438446e+00
Block size    # of blocks        Mean                Error
     1           10638       -9.14438446e+00       2.899668e-03
     2           5319       -9.14438446e+00       3.512096e-03
     5           2127       -9.14436963e+00       4.295780e-03
    10           1063       -9.14433772e+00       4.727402e-03
    20            531       -9.14462586e+00       5.008905e-03
    50            212       -9.14487310e+00       5.387768e-03
    70            151       -9.14443475e+00       5.459477e-03
   100            106       -9.14487310e+00       5.361891e-03
   200             53       -9.14487310e+00       5.016501e-03
   500             21       -9.14457277e+00       6.378999e-03
Stocahstic error estimate: 5.459477e-03

step=8,E=-0.5715240290087849,dE=-0.0010077390504911188,err=0.00034121731831553707
	gnorm= 0.816224188823994
	collect g,h time= 0.10541892051696777
symmetric= True
	solver time=0.19497919082641602,exit status=0
niter= 39
	xnorm=20.40830620686698,dnorm=0.09207091482190059

nparam= 41472
	log prob= 22.695279486833233
	burn in time= 0.5582005977630615
	sample time= 3.5618844032287598
	contraction err= 4.391635766736063e-05 0.0015248411573980586
nsamples= 10638

Mean energy: -9.14806839e+00
Block size    # of blocks        Mean                Error
     1           10638       -9.14806839e+00       2.663425e-03
     2           5319       -9.14806839e+00       3.204335e-03
     5           2127       -9.14812133e+00       3.832493e-03
    10           1063       -9.14820160e+00       4.109370e-03
    20            531       -9.14852764e+00       4.393887e-03
    50            212       -9.14845218e+00       4.431424e-03
    70            151       -9.14866485e+00       4.722363e-03
   100            106       -9.14845218e+00       4.659360e-03
   200             53       -9.14845218e+00       4.579096e-03
   500             21       -9.14889973e+00       4.927033e-03
Stocahstic error estimate: 4.431424e-03

step=9,E=-0.5717542746606392,dE=-0.00023024565185436607,err=0.00027696402194402845
	gnorm= 0.7510591929710553
	collect g,h time= 0.10461902618408203
symmetric= True
	solver time=0.20606756210327148,exit status=0
niter= 41
	xnorm=20.44388717916642,dnorm=0.0801820693731678

nparam= 41472
	log prob= 22.640969361531255
	burn in time= 0.5415973663330078
	sample time= 3.6007096767425537
	contraction err= 4.6253415000251434e-05 0.0019322911096465046
nsamples= 10638

Mean energy: -9.15624827e+00
Block size    # of blocks        Mean                Error
     1           10638       -9.15624827e+00       2.463548e-03
     2           5319       -9.15624827e+00       2.938625e-03
     5           2127       -9.15630263e+00       3.499645e-03
    10           1063       -9.15633526e+00       3.797643e-03
    20            531       -9.15625884e+00       3.980216e-03
    50            212       -9.15629092e+00       3.960806e-03
    70            151       -9.15668006e+00       3.727910e-03
   100            106       -9.15629092e+00       4.049981e-03
   200             53       -9.15629092e+00       4.184672e-03
   500             21       -9.15688083e+00       4.135500e-03
Stocahstic error estimate: 3.980216e-03

step=10,E=-0.5722655168737106,dE=-0.0005112422130714167,err=0.0002487634911923306
	gnorm= 0.6996198720091171
	collect g,h time= 0.10498213768005371
symmetric= True
	solver time=0.2047741413116455,exit status=0
niter= 41
	xnorm=20.471667301917186,dnorm=0.07145649205364284

nparam= 41472
	log prob= 22.614189453893722
	burn in time= 0.5593850612640381
	sample time= 3.549790382385254
	contraction err= 4.8616473795947235e-05 0.003893235844702572
nsamples= 10638

Mean energy: -9.16482445e+00
Block size    # of blocks        Mean                Error
     1           10638       -9.16482445e+00       2.976750e-03
     2           5319       -9.16482445e+00       3.373033e-03
     5           2127       -9.16484227e+00       3.837844e-03
    10           1063       -9.16485120e+00       4.025834e-03
    20            531       -9.16475170e+00       4.196226e-03
    50            212       -9.16473425e+00       4.576438e-03
    70            151       -9.16466487e+00       4.505311e-03
   100            106       -9.16473425e+00       4.201415e-03
   200             53       -9.16473425e+00       4.382924e-03
   500             21       -9.16487719e+00       5.035466e-03
Stocahstic error estimate: 4.025834e-03

step=11,E=-0.5728015279738956,dE=-0.0005360111001849743,err=0.00025161463212609246
	gnorm= 0.9209212405817307
	collect g,h time= 0.10463237762451172
symmetric= True
	solver time=0.19964933395385742,exit status=0
niter= 40
	xnorm=20.49939396991907,dnorm=0.05807925444572471

nparam= 41472
	log prob= 22.579632581254103
	burn in time= 0.6433632373809814
	sample time= 3.5334980487823486
	contraction err= 5.196971510939595e-05 0.0011433392561723823
nsamples= 10638

Mean energy: -9.16385238e+00
Block size    # of blocks        Mean                Error
     1           10638       -9.16385238e+00       2.216564e-03
     2           5319       -9.16385238e+00       2.617342e-03
     5           2127       -9.16384973e+00       3.108124e-03
    10           1063       -9.16384651e+00       3.369733e-03
    20            531       -9.16399851e+00       3.504107e-03
    50            212       -9.16400018e+00       3.557172e-03
    70            151       -9.16418355e+00       3.642747e-03
   100            106       -9.16400018e+00       3.782993e-03
   200             53       -9.16400018e+00       3.526957e-03
   500             21       -9.16415293e+00       3.474755e-03
Stocahstic error estimate: 3.504107e-03

step=12,E=-0.5727407734865788,dE=6.0754487316794226e-05,err=0.00021900668689462416
	gnorm= 0.5529150809978459
	collect g,h time= 0.10445189476013184
symmetric= True
	solver time=0.2019944190979004,exit status=0
niter= 41
	xnorm=20.51770737012882,dnorm=0.06610565969540852

nparam= 41472
	log prob= 22.587036222657645
	burn in time= 0.7106342315673828
	sample time= 3.574620008468628
	contraction err= 5.220245596245773e-05 0.001506888904650995
nsamples= 10638

Mean energy: -9.17319915e+00
Block size    # of blocks        Mean                Error
     1           10638       -9.17319915e+00       2.005737e-03
     2           5319       -9.17319915e+00       2.341204e-03
     5           2127       -9.17322979e+00       2.666082e-03
    10           1063       -9.17330304e+00       2.856386e-03
    20            531       -9.17323808e+00       2.950509e-03
    50            212       -9.17294522e+00       3.071651e-03
    70            151       -9.17304547e+00       3.215221e-03
   100            106       -9.17294522e+00       2.916961e-03
   200             53       -9.17294522e+00       2.709422e-03
   500             21       -9.17311342e+00       2.847059e-03
Stocahstic error estimate: 2.950509e-03

step=13,E=-0.5733249466473278,dE=-0.0005841731607489908,err=0.00018440679494701536
	gnorm= 0.4938947279630079
	collect g,h time= 0.10246157646179199
symmetric= True
	solver time=0.20424270629882812,exit status=0
niter= 41
	xnorm=20.54494774060319,dnorm=0.05884080579206093

nparam= 41472
	log prob= 22.56852578880995
	burn in time= 0.7386858463287354
	sample time= 3.5456743240356445
	contraction err= 5.2794592220619695e-05 0.0020177563119981702
nsamples= 10638

Mean energy: -9.17699341e+00
Block size    # of blocks        Mean                Error
     1           10638       -9.17699341e+00       2.010231e-03
     2           5319       -9.17699341e+00       2.352015e-03
     5           2127       -9.17698481e+00       2.703203e-03
    10           1063       -9.17698810e+00       2.874663e-03
    20            531       -9.17699685e+00       2.973559e-03
    50            212       -9.17733451e+00       3.062395e-03
    70            151       -9.17752187e+00       3.111510e-03
   100            106       -9.17733451e+00       3.061930e-03
   200             53       -9.17733451e+00       3.203447e-03
   500             21       -9.17770157e+00       3.031833e-03
Stocahstic error estimate: 2.973559e-03

step=14,E=-0.5735620881769774,dE=-0.00023714152964959823,err=0.0001858474481500097
	gnorm= 0.354642548902071
	collect g,h time= 0.10515761375427246
symmetric= True
	solver time=0.2060697078704834,exit status=0
niter= 41
	xnorm=20.56825647612432,dnorm=0.06136027471825403

nparam= 41472
	log prob= 22.5571763108754
	burn in time= 0.6115386486053467
	sample time= 3.5379648208618164
	contraction err= 5.7167769329255076e-05 0.002789966459359282
nsamples= 10638

Mean energy: -9.17184044e+00
Block size    # of blocks        Mean                Error
     1           10638       -9.17184044e+00       2.140525e-03
     2           5319       -9.17184044e+00       2.494897e-03
     5           2127       -9.17183546e+00       2.891294e-03
    10           1063       -9.17182591e+00       2.978604e-03
    20            531       -9.17176615e+00       3.174131e-03
    50            212       -9.17186232e+00       3.249721e-03
    70            151       -9.17183819e+00       3.197082e-03
   100            106       -9.17186232e+00       3.125834e-03
   200             53       -9.17186232e+00       2.968829e-03
   500             21       -9.17129771e+00       3.027700e-03
Stocahstic error estimate: 2.978604e-03

step=15,E=-0.5732400275832185,dE=0.0003220605937589438,err=0.0001861627301837798
	gnorm= 0.3595530185809271
	collect g,h time= 0.10458683967590332
symmetric= True
	solver time=0.20925498008728027,exit status=0
niter= 42
	xnorm=20.59010723994296,dnorm=0.06358596232589908

nparam= 41472
	log prob= 22.56593986196399
	burn in time= 0.3189857006072998
	sample time= 3.5423009395599365
	contraction err= 6.0260744480318595e-05 0.0016669032443979955
nsamples= 10638

Mean energy: -9.17277303e+00
Block size    # of blocks        Mean                Error
     1           10638       -9.17277303e+00       2.052131e-03
     2           5319       -9.17277303e+00       2.428345e-03
     5           2127       -9.17274416e+00       2.785505e-03
    10           1063       -9.17274237e+00       2.892297e-03
    20            531       -9.17274330e+00       3.057215e-03
    50            212       -9.17283091e+00       2.904088e-03
    70            151       -9.17307961e+00       3.045632e-03
   100            106       -9.17283091e+00       3.115459e-03
   200             53       -9.17283091e+00       3.204672e-03
   500             21       -9.17311221e+00       3.173447e-03
Stocahstic error estimate: 2.892297e-03

step=16,E=-0.573298314291699,dE=-5.828670848051498e-05,err=0.00018076855077271047
	gnorm= 0.38320485583311514
	collect g,h time= 0.10545468330383301
symmetric= True
	solver time=0.19847464561462402,exit status=0
niter= 40
	xnorm=20.613645299317945,dnorm=0.05971534701476758

nparam= 41472
	log prob= 22.584286180496942
	burn in time= 0.3628242015838623
	sample time= 3.5326459407806396
	contraction err= 6.0909630551027186e-05 0.004504061222140369
nsamples= 10638

Mean energy: -9.17492182e+00
Block size    # of blocks        Mean                Error
     1           10638       -9.17492182e+00       1.870539e-03
     2           5319       -9.17492182e+00       2.158708e-03
     5           2127       -9.17489671e+00       2.466059e-03
    10           1063       -9.17478057e+00       2.589287e-03
    20            531       -9.17468653e+00       2.624257e-03
    50            212       -9.17458930e+00       2.726579e-03
    70            151       -9.17465268e+00       2.632634e-03
   100            106       -9.17458930e+00       2.654317e-03
   200             53       -9.17458930e+00       2.731562e-03
   500             21       -9.17505061e+00       2.536077e-03
Stocahstic error estimate: 2.589287e-03

step=17,E=-0.5734326135222572,dE=-0.00013429923055818804,err=0.0001618304377384511
	gnorm= 0.3049589183010597
	collect g,h time= 0.10559582710266113
symmetric= True
	solver time=0.19732022285461426,exit status=0
	xnorm=20.63041563734249,dnorm=0.04923882315137758
niter= 40

nparam= 41472
	log prob= 22.567791593636752
	burn in time= 0.5491654872894287
	sample time= 3.5529916286468506
	contraction err= 6.282066574174706e-05 0.00286205770830027
nsamples= 10638

Mean energy: -9.17361025e+00
Block size    # of blocks        Mean                Error
     1           10638       -9.17361025e+00       1.828012e-03
     2           5319       -9.17361025e+00       2.093470e-03
     5           2127       -9.17360887e+00       2.337012e-03
    10           1063       -9.17365603e+00       2.440706e-03
    20            531       -9.17357441e+00       2.532635e-03
    50            212       -9.17357976e+00       2.543669e-03
    70            151       -9.17353301e+00       2.549030e-03
   100            106       -9.17357976e+00       2.660740e-03
   200             53       -9.17357976e+00       2.704498e-03
   500             21       -9.17323705e+00       2.457451e-03
Stocahstic error estimate: 2.440706e-03

step=18,E=-0.573350640818696,dE=8.19727035611395e-05,err=0.00015254415371505166
	gnorm= 0.22435617900846705
	collect g,h time= 0.10497903823852539
symmetric= True
	solver time=0.20303130149841309,exit status=0
niter= 41
	xnorm=20.64489157396929,dnorm=0.04740436434825006

nparam= 41472
	log prob= 22.573560434980994
	burn in time= 0.6129064559936523
	sample time= 3.5110700130462646
	contraction err= 6.276628539989769e-05 0.0017489080398279029
nsamples= 10638

Mean energy: -9.18070300e+00
Block size    # of blocks        Mean                Error
     1           10638       -9.18070300e+00       1.922037e-03
     2           5319       -9.18070300e+00       2.283090e-03
     5           2127       -9.18070166e+00       2.647525e-03
    10           1063       -9.18066992e+00       2.845682e-03
    20            531       -9.18065264e+00       2.914958e-03
    50            212       -9.18057181e+00       2.919475e-03
    70            151       -9.18066853e+00       3.033895e-03
   100            106       -9.18057181e+00       2.825123e-03
   200             53       -9.18057181e+00       2.854310e-03
   500             21       -9.18060066e+00       2.662072e-03
Stocahstic error estimate: 2.914958e-03

step=19,E=-0.5737939374276111,dE=-0.00044329660891506695,err=0.00018218485371704435
	gnorm= 0.18963566596706233
	collect g,h time= 0.10480093955993652
symmetric= True
	solver time=0.20634126663208008,exit status=0
niter= 42
	xnorm=20.661460859090937,dnorm=0.047646355908667413

nparam= 41472
	log prob= 22.57884469381632
	burn in time= 0.6008594036102295
	sample time= 3.553694009780884
	contraction err= 6.253147934125277e-05 0.0014831968249898824
nsamples= 10638

Mean energy: -9.17991221e+00
Block size    # of blocks        Mean                Error
     1           10638       -9.17991221e+00       1.941639e-03
     2           5319       -9.17991221e+00       2.187661e-03
     5           2127       -9.17990260e+00       2.453633e-03
    10           1063       -9.17993814e+00       2.588258e-03
    20            531       -9.17992104e+00       2.632920e-03
    50            212       -9.17980960e+00       2.618772e-03
    70            151       -9.18003570e+00       2.715320e-03
   100            106       -9.17980960e+00       2.637954e-03
   200             53       -9.17980960e+00       2.647667e-03
   500             21       -9.17982360e+00       2.872747e-03
Stocahstic error estimate: 2.632920e-03

step=20,E=-0.5737445131793095,dE=4.942424830156611e-05,err=0.00016455752967456898
	gnorm= 0.17527006525600258
	collect g,h time= 0.1055440902709961
symmetric= True
	solver time=0.2100667953491211,exit status=0
niter= 42
	xnorm=20.67739466281973,dnorm=0.04945013745489945

nparam= 41472
	log prob= 22.568891016598634
	burn in time= 0.41498422622680664
	sample time= 3.537057638168335
	contraction err= 6.302685612181429e-05 0.0016360392691277424
nsamples= 10638

Mean energy: -9.17941495e+00
Block size    # of blocks        Mean                Error
     1           10638       -9.17941495e+00       1.741073e-03
     2           5319       -9.17941495e+00       1.979200e-03
     5           2127       -9.17940877e+00       2.219118e-03
    10           1063       -9.17936230e+00       2.307992e-03
    20            531       -9.17935536e+00       2.437116e-03
    50            212       -9.17938878e+00       2.555440e-03
    70            151       -9.17942228e+00       2.514334e-03
   100            106       -9.17938878e+00       2.632517e-03
   200             53       -9.17938878e+00       2.718763e-03
   500             21       -9.17956131e+00       2.474389e-03
Stocahstic error estimate: 2.307992e-03

step=21,E=-0.5737134345542065,dE=3.107862510298709e-05,err=0.0001442494913285446
	gnorm= 0.17936922295344318
	collect g,h time= 0.10490989685058594
symmetric= True
	solver time=0.20620322227478027,exit status=0
niter= 41
	xnorm=20.691972745447185,dnorm=0.04408816312948366

nparam= 41472
	log prob= 22.593066293868663
	burn in time= 0.5098085403442383
	sample time= 3.522827386856079
	contraction err= 6.279083752893972e-05 0.00223470539440496
nsamples= 10638

Mean energy: -9.18092850e+00
Block size    # of blocks        Mean                Error
     1           10638       -9.18092850e+00       1.770414e-03
     2           5319       -9.18092850e+00       2.004611e-03
     5           2127       -9.18093391e+00       2.243440e-03
    10           1063       -9.18098856e+00       2.359451e-03
    20            531       -9.18096432e+00       2.425059e-03
    50            212       -9.18109728e+00       2.426971e-03
    70            151       -9.18116747e+00       2.600239e-03
   100            106       -9.18109728e+00       2.471434e-03
   200             53       -9.18109728e+00       2.408001e-03
   500             21       -9.18129264e+00       1.710180e-03
Stocahstic error estimate: 2.425059e-03

step=22,E=-0.573808031508008,dE=-9.459695380142907e-05,err=0.0001515662172301068
	gnorm= 0.1923080606478563
	collect g,h time= 0.10646390914916992
symmetric= True
	solver time=0.20492124557495117,exit status=0
niter= 41
	xnorm=20.706565591658897,dnorm=0.04808827797781776

nparam= 41472
	log prob= 22.600385236743254
	burn in time= 0.5253424644470215
	sample time= 3.516364812850952
	contraction err= 6.557328423124298e-05 0.0018790291478749327
nsamples= 10638

Mean energy: -9.18172551e+00
Block size    # of blocks        Mean                Error
     1           10638       -9.18172551e+00       1.764982e-03
     2           5319       -9.18172551e+00       1.950342e-03
     5           2127       -9.18172369e+00       2.201027e-03
    10           1063       -9.18172382e+00       2.269921e-03
    20            531       -9.18168300e+00       2.336180e-03
    50            212       -9.18191827e+00       2.455827e-03
    70            151       -9.18185987e+00       2.413102e-03
   100            106       -9.18191827e+00       2.428844e-03
   200             53       -9.18191827e+00       2.516795e-03
   500             21       -9.18170670e+00       2.552802e-03
Stocahstic error estimate: 2.269921e-03

step=23,E=-0.573857844080854,dE=-4.981257284608631e-05,err=0.0001418700442522757
	gnorm= 0.12362659087899586
	collect g,h time= 0.10327625274658203
symmetric= True
	solver time=0.21449494361877441,exit status=0
niter= 43
	xnorm=20.722761221976874,dnorm=0.04790375612182403

nparam= 41472
	log prob= 22.61392319835785
	burn in time= 0.27390551567077637
	sample time= 3.5241339206695557
	contraction err= 6.532067392142887e-05 0.0023365344580681025
nsamples= 10638

Mean energy: -9.17947314e+00
Block size    # of blocks        Mean                Error
     1           10638       -9.17947314e+00       1.627960e-03
     2           5319       -9.17947314e+00       1.861444e-03
     5           2127       -9.17945770e+00       2.054406e-03
    10           1063       -9.17940647e+00       2.177569e-03
    20            531       -9.17943021e+00       2.277800e-03
    50            212       -9.17945858e+00       2.260835e-03
    70            151       -9.17943104e+00       2.358172e-03
   100            106       -9.17945858e+00       2.376443e-03
   200             53       -9.17945858e+00       2.643466e-03
   500             21       -9.17917131e+00       2.480005e-03
Stocahstic error estimate: 2.277800e-03

step=24,E=-0.5737170710527025,dE=0.0001407730281515196,err=0.0001423624966291527
	gnorm= 0.13664186777397946
	collect g,h time= 0.10537934303283691
symmetric= True
	solver time=0.21274566650390625,exit status=0
niter= 43
	xnorm=20.739340370417217,dnorm=0.041602404298488625

nparam= 41472
	log prob= 22.604422089934868
	burn in time= 0.486555814743042
	sample time= 3.5330259799957275
	contraction err= 6.665410943770009e-05 0.0017079263364254505
nsamples= 10638

Mean energy: -9.18234261e+00
Block size    # of blocks        Mean                Error
     1           10638       -9.18234261e+00       1.631689e-03
     2           5319       -9.18234261e+00       1.816304e-03
     5           2127       -9.18235295e+00       2.044640e-03
    10           1063       -9.18231930e+00       2.083385e-03
    20            531       -9.18229235e+00       2.078952e-03
    50            212       -9.18230892e+00       2.158384e-03
    70            151       -9.18223800e+00       2.069161e-03
   100            106       -9.18230892e+00       2.059910e-03
   200             53       -9.18230892e+00       1.936708e-03
   500             21       -9.18221668e+00       1.784215e-03
Stocahstic error estimate: 2.083385e-03

step=25,E=-0.5738964131389207,dE=-0.0001793420862181705,err=0.00013021154495686601
	gnorm= 0.12062214426542807
	collect g,h time= 0.10528421401977539
symmetric= True
	solver time=0.20833039283752441,exit status=0
niter= 42
	xnorm=20.750951759684582,dnorm=0.04110729949410032

nparam= 41472
	log prob= 22.616728044050745
	burn in time= 0.5560534000396729
	sample time= 3.5305685997009277
	contraction err= 6.738034452080964e-05 0.003402008221581847
nsamples= 10638

Mean energy: -9.17813186e+00
Block size    # of blocks        Mean                Error
     1           10638       -9.17813186e+00       1.861071e-03
     2           5319       -9.17813186e+00       2.168586e-03
     5           2127       -9.17815033e+00       2.293307e-03
    10           1063       -9.17814788e+00       2.394537e-03
    20            531       -9.17809967e+00       2.561579e-03
    50            212       -9.17810922e+00       2.671931e-03
    70            151       -9.17796020e+00       2.846306e-03
   100            106       -9.17810922e+00       2.854749e-03
   200             53       -9.17810922e+00       2.987862e-03
   500             21       -9.17766260e+00       2.751022e-03
Stocahstic error estimate: 2.394537e-03

step=26,E=-0.5736332414342227,dE=0.00026317170469802864,err=0.00014965858078675804
	gnorm= 0.2785755237280752
	collect g,h time= 0.10530304908752441
symmetric= True
	solver time=0.20679569244384766,exit status=0
niter= 42
	xnorm=20.764800533336853,dnorm=0.04007108942185496

nparam= 41472
	log prob= 22.611579079970344
	burn in time= 0.5572400093078613
	sample time= 3.5203921794891357
	contraction err= 6.995806979862612e-05 0.0031640370900581595
nsamples= 10638

Mean energy: -9.18703653e+00
Block size    # of blocks        Mean                Error
     1           10638       -9.18703653e+00       2.083541e-03
     2           5319       -9.18703653e+00       2.299902e-03
     5           2127       -9.18702290e+00       2.603083e-03
    10           1063       -9.18703093e+00       2.671807e-03
    20            531       -9.18699863e+00       2.867501e-03
    50            212       -9.18698717e+00       2.818116e-03
    70            151       -9.18714776e+00       2.890388e-03
   100            106       -9.18698717e+00       3.146943e-03
   200             53       -9.18698717e+00       3.386631e-03
   500             21       -9.18721469e+00       3.062648e-03
Stocahstic error estimate: 2.671807e-03

step=27,E=-0.5741897832388986,dE=-0.000556541804675903,err=0.0001669879360245834
	gnorm= 0.4080720288788484
	collect g,h time= 0.10497570037841797
symmetric= True
	solver time=0.20458149909973145,exit status=0
niter= 41
	xnorm=20.775511263245605,dnorm=0.04231355693366068

nparam= 41472
	log prob= 22.620943494226477
	burn in time= 0.5475378036499023
	sample time= 3.5215559005737305
	contraction err= 6.89542024864969e-05 0.0023224062989347627
nsamples= 10638

Mean energy: -9.17920297e+00
Block size    # of blocks        Mean                Error
     1           10638       -9.17920297e+00       1.981847e-03
     2           5319       -9.17920297e+00       2.148524e-03
     5           2127       -9.17916714e+00       2.402311e-03
    10           1063       -9.17916433e+00       2.449060e-03
    20            531       -9.17908598e+00       2.454297e-03
    50            212       -9.17903678e+00       2.589543e-03
    70            151       -9.17900043e+00       2.749045e-03
   100            106       -9.17903678e+00       2.680992e-03
   200             53       -9.17903678e+00       2.797522e-03
   500             21       -9.17887082e+00       2.373653e-03
Stocahstic error estimate: 2.449060e-03

step=28,E=-0.5737001855955973,dE=0.0004895976433012539,err=0.00015306626306936343
	gnorm= 0.27575427060056784
	collect g,h time= 0.10521268844604492
symmetric= True
	solver time=0.20758724212646484,exit status=0
niter= 42
	xnorm=20.786871178544132,dnorm=0.04114608500084844

nparam= 41472
	log prob= 22.62939810417747
	burn in time= 0.45703887939453125
	sample time= 3.540454864501953
	contraction err= 7.394482895268939e-05 0.002349876253844644
nsamples= 10638

Mean energy: -9.18383615e+00
Block size    # of blocks        Mean                Error
     1           10638       -9.18383615e+00       1.526947e-03
     2           5319       -9.18383615e+00       1.731860e-03
     5           2127       -9.18381783e+00       1.902902e-03
    10           1063       -9.18376432e+00       1.964882e-03
    20            531       -9.18372698e+00       2.097166e-03
    50            212       -9.18375129e+00       2.049297e-03
    70            151       -9.18348953e+00       2.168528e-03
   100            106       -9.18375129e+00       1.928179e-03
   200             53       -9.18375129e+00       1.952162e-03
   500             21       -9.18366963e+00       2.182923e-03
Stocahstic error estimate: 1.964882e-03

step=29,E=-0.5739897595406359,dE=-0.00028957394503859035,err=0.0001228051194108211
	gnorm= 0.09894144229323105
	collect g,h time= 0.10463404655456543
symmetric= True
	solver time=0.20270395278930664,exit status=0
	xnorm=20.7985695997027,dnorm=0.03508416462066694
niter= 41

nparam= 41472
	log prob= 22.637993567011982
	burn in time= 0.5858931541442871
	sample time= 3.520463228225708
	contraction err= 7.027779034164913e-05 0.0016486094655373906
nsamples= 10638

Mean energy: -9.18100447e+00
Block size    # of blocks        Mean                Error
     1           10638       -9.18100447e+00       1.745407e-03
     2           5319       -9.18100447e+00       2.008657e-03
     5           2127       -9.18104223e+00       2.283292e-03
    10           1063       -9.18098725e+00       2.380904e-03
    20            531       -9.18103829e+00       2.353293e-03
    50            212       -9.18111668e+00       2.486781e-03
    70            151       -9.18103963e+00       2.465880e-03
   100            106       -9.18111668e+00       2.406897e-03
   200             53       -9.18111668e+00       2.585313e-03
   500             21       -9.18126758e+00       2.055621e-03
Stocahstic error estimate: 2.380904e-03

step=30,E=-0.5738127791014246,dE=0.00017698043921132722,err=0.00014880651163837972
	gnorm= 0.12774411883114253
	collect g,h time= 0.10599827766418457
symmetric= True
	solver time=0.20894479751586914,exit status=0
niter= 42
	xnorm=20.808526312436197,dnorm=0.03986539604445021

nparam= 41472
	log prob= 22.651309341014116
	burn in time= 0.4483809471130371
	sample time= 3.543318748474121
	contraction err= 7.123167703091557e-05 0.002362541591255371
nsamples= 10638

Mean energy: -9.18378865e+00
Block size    # of blocks        Mean                Error
     1           10638       -9.18378865e+00       1.521268e-03
     2           5319       -9.18378865e+00       1.695059e-03
     5           2127       -9.18375540e+00       1.846781e-03
    10           1063       -9.18373065e+00       1.903460e-03
    20            531       -9.18376808e+00       1.953434e-03
    50            212       -9.18371435e+00       2.072185e-03
    70            151       -9.18371084e+00       1.986262e-03
   100            106       -9.18371435e+00       2.070595e-03
   200             53       -9.18371435e+00       1.876078e-03
   500             21       -9.18361325e+00       2.528233e-03
Stocahstic error estimate: 1.903460e-03

step=31,E=-0.573986790489157,dE=-0.0001740113877324312,err=0.00011896627523267606
	gnorm= 0.07840751825311394
	collect g,h time= 0.10630679130554199
symmetric= True
	solver time=0.21419668197631836,exit status=0
niter= 43
	xnorm=20.818920211879238,dnorm=0.037205257138720235

nparam= 41472
	log prob= 22.634536492549824
	burn in time= 0.686835765838623
	sample time= 3.51651930809021
	contraction err= 7.171278030783864e-05 0.0019112679871330892
nsamples= 10638

Mean energy: -9.18300477e+00
Block size    # of blocks        Mean                Error
     1           10638       -9.18300477e+00       1.872746e-03
     2           5319       -9.18300477e+00       2.054277e-03
     5           2127       -9.18300991e+00       2.194612e-03
    10           1063       -9.18301878e+00       2.237368e-03
    20            531       -9.18298088e+00       2.268350e-03
    50            212       -9.18257797e+00       2.253355e-03
    70            151       -9.18238355e+00       2.456482e-03
   100            106       -9.18257797e+00       2.198725e-03
   200             53       -9.18257797e+00       2.083884e-03
   500             21       -9.18228493e+00       2.343925e-03
Stocahstic error estimate: 2.237368e-03

step=32,E=-0.5739377979854877,dE=4.8992503669298415e-05,err=0.0001398354829636584
	gnorm= 0.2140894298773979
	collect g,h time= 0.1056218147277832
symmetric= True
	solver time=0.20865201950073242,exit status=0
niter= 42
	xnorm=20.828350712287268,dnorm=0.045525710439193776

nparam= 41472
	log prob= 22.654645462829922
	burn in time= 0.6235344409942627
	sample time= 3.5177013874053955
	contraction err= 7.064701874635727e-05 0.0019202638714182288
nsamples= 10638

Mean energy: -9.18155744e+00
Block size    # of blocks        Mean                Error
     1           10638       -9.18155744e+00       1.513653e-03
     2           5319       -9.18155744e+00       1.737526e-03
     5           2127       -9.18160705e+00       1.912958e-03
    10           1063       -9.18160103e+00       1.901816e-03
    20            531       -9.18151784e+00       1.974328e-03
    50            212       -9.18144272e+00       2.012929e-03
    70            151       -9.18151364e+00       2.038188e-03
   100            106       -9.18144272e+00       2.042979e-03
   200             53       -9.18144272e+00       2.256145e-03
   500             21       -9.18151673e+00       1.881046e-03
Stocahstic error estimate: 1.912958e-03

step=33,E=-0.573847340255745,dE=9.045772974269894e-05,err=0.00011955990187279968
	gnorm= 0.12210146003971929
	collect g,h time= 0.10572552680969238
symmetric= True
	solver time=0.20981144905090332,exit status=0
niter= 42
	xnorm=20.840812445587055,dnorm=0.03491204245683589

nparam= 41472
	log prob= 22.66346979472486
	burn in time= 0.534665584564209
	sample time= 3.5289599895477295
	contraction err= 7.737517352909483e-05 0.0031106246386226133
nsamples= 10638

Mean energy: -9.18195728e+00
Block size    # of blocks        Mean                Error
     1           10638       -9.18195728e+00       1.593195e-03
     2           5319       -9.18195728e+00       1.776173e-03
     5           2127       -9.18196098e+00       2.043950e-03
    10           1063       -9.18189982e+00       2.122050e-03
    20            531       -9.18188230e+00       2.214531e-03
    50            212       -9.18185910e+00       2.348741e-03
    70            151       -9.18201349e+00       2.320026e-03
   100            106       -9.18185910e+00       2.446133e-03
   200             53       -9.18185910e+00       2.465610e-03
   500             21       -9.18214582e+00       2.822014e-03
Stocahstic error estimate: 2.122050e-03

step=34,E=-0.5738723301723418,dE=-2.4989916596829254e-05,err=0.00013262812538849617
	gnorm= 0.0963604500743267
	collect g,h time= 0.10631942749023438
symmetric= True
	solver time=0.20416498184204102,exit status=0
niter= 41
	xnorm=20.85097634611987,dnorm=0.03668111241812237

nparam= 41472
	log prob= 22.669980168302654
	burn in time= 0.4306526184082031
	sample time= 3.5095112323760986
	contraction err= 7.375343144081799e-05 0.002480123274842975
nsamples= 10638

Mean energy: -9.18353466e+00
Block size    # of blocks        Mean                Error
     1           10638       -9.18353466e+00       1.549060e-03
     2           5319       -9.18353466e+00       1.788537e-03
     5           2127       -9.18350909e+00       2.017115e-03
    10           1063       -9.18347736e+00       2.179800e-03
    20            531       -9.18348812e+00       2.227562e-03
    50            212       -9.18344546e+00       2.216748e-03
    70            151       -9.18345382e+00       2.261979e-03
   100            106       -9.18344546e+00       2.212913e-03
   200             53       -9.18344546e+00       1.960431e-03
   500             21       -9.18335785e+00       2.077794e-03
Stocahstic error estimate: 2.227562e-03

step=35,E=-0.5739709164044983,dE=-9.858623215641682e-05,err=0.0001392226484068098
	gnorm= 0.16687317413410754
	collect g,h time= 0.10585379600524902
symmetric= True
	solver time=0.21458697319030762,exit status=0
niter= 43
	xnorm=20.861286280511475,dnorm=0.03326164503178443

nparam= 41472
	log prob= 22.673623312798885
	burn in time= 0.4320404529571533
	sample time= 3.515859603881836
	contraction err= 7.358483506272483e-05 0.0030955587355061425
nsamples= 10638

Mean energy: -9.17925523e+00
Block size    # of blocks        Mean                Error
     1           10638       -9.17925523e+00       1.470287e-03
     2           5319       -9.17925523e+00       1.689739e-03
     5           2127       -9.17923852e+00       1.840524e-03
    10           1063       -9.17926848e+00       1.875704e-03
    20            531       -9.17930817e+00       1.869603e-03
    50            212       -9.17928957e+00       1.855873e-03
    70            151       -9.17935312e+00       1.802114e-03
   100            106       -9.17928957e+00       1.832814e-03
   200             53       -9.17928957e+00       1.875700e-03
   500             21       -9.17933879e+00       1.456796e-03
Stocahstic error estimate: 1.875704e-03

step=36,E=-0.5737034516707147,dE=0.0002674647337835845,err=0.00011723149449644766
	gnorm= 0.13146468718852344
	collect g,h time= 0.10557270050048828
symmetric= True
	solver time=0.20419001579284668,exit status=0
niter= 41
	xnorm=20.869920881893442,dnorm=0.032780212529564395

nparam= 41472
	log prob= 22.661416508491392
	burn in time= 0.526416540145874
	sample time= 3.5230941772460938
	contraction err= 7.950301757260487e-05 0.0031820913346705753
nsamples= 10638

Mean energy: -9.18395017e+00
Block size    # of blocks        Mean                Error
     1           10638       -9.18395017e+00       1.606683e-03
     2           5319       -9.18395017e+00       1.780566e-03
     5           2127       -9.18396698e+00       1.910517e-03
    10           1063       -9.18391682e+00       1.989078e-03
    20            531       -9.18398340e+00       1.945766e-03
    50            212       -9.18409880e+00       2.078307e-03
    70            151       -9.18399125e+00       1.811313e-03
   100            106       -9.18409880e+00       2.006957e-03
   200             53       -9.18409880e+00       1.768118e-03
   500             21       -9.18378757e+00       1.747447e-03
Stocahstic error estimate: 1.989078e-03

step=37,E=-0.5739968856604671,dE=-0.00029343398975245627,err=0.0001243173454157872
	gnorm= 0.19777745940940186
	collect g,h time= 0.10536408424377441
symmetric= True
	solver time=0.21394586563110352,exit status=0
niter= 43
	xnorm=20.879448080586762,dnorm=0.032558276814969755

nparam= 41472
	log prob= 22.67170059292664
	burn in time= 0.5137879848480225
	sample time= 3.5218803882598877
	contraction err= 7.808435878642538e-05 0.00413876587844051
nsamples= 10638

Mean energy: -9.18333923e+00
Block size    # of blocks        Mean                Error
     1           10638       -9.18333923e+00       1.676659e-03
     2           5319       -9.18333923e+00       1.992925e-03
     5           2127       -9.18336404e+00       2.198020e-03
    10           1063       -9.18337938e+00       2.347705e-03
    20            531       -9.18336736e+00       2.387382e-03
    50            212       -9.18336949e+00       2.463359e-03
    70            151       -9.18333118e+00       2.420388e-03
   100            106       -9.18336949e+00       2.629334e-03
   200             53       -9.18336949e+00       2.500831e-03
   500             21       -9.18329038e+00       2.756943e-03
Stocahstic error estimate: 2.387382e-03

step=38,E=-0.573958702067905,dE=3.818359256213544e-05,err=0.00014921136726771486
	gnorm= 0.3051558102416078
	collect g,h time= 0.10556244850158691
symmetric= True
	solver time=0.21209383010864258,exit status=0
niter= 43
	xnorm=20.887598923580633,dnorm=0.03460412827673742

nparam= 41472
	log prob= 22.66113494233046
	burn in time= 0.6534278392791748
	sample time= 3.529258966445923
	contraction err= 7.19027762729348e-05 0.002582223381850204
nsamples= 10638

Mean energy: -9.18592654e+00
Block size    # of blocks        Mean                Error
     1           10638       -9.18592654e+00       1.354994e-03
     2           5319       -9.18592654e+00       1.532749e-03
     5           2127       -9.18590164e+00       1.671263e-03
    10           1063       -9.18599008e+00       1.685909e-03
    20            531       -9.18605486e+00       1.806784e-03
    50            212       -9.18602402e+00       1.826957e-03
    70            151       -9.18608668e+00       1.808552e-03
   100            106       -9.18602402e+00       1.928973e-03
   200             53       -9.18602402e+00       1.968543e-03
   500             21       -9.18612339e+00       2.245122e-03
Stocahstic error estimate: 1.685909e-03

step=39,E=-0.5741204090334852,dE=-0.00016170696558015507,err=0.00010536931347789426
	gnorm= 0.0925310674097166
	collect g,h time= 0.10570907592773438
symmetric= True
	solver time=0.20674991607666016,exit status=0
niter= 42
	xnorm=20.89587169916658,dnorm=0.03165116884343226

nparam= 41472
	log prob= 22.67536149342347
	burn in time= 0.5036277770996094
	sample time= 3.525440216064453
	contraction err= 8.06256929356273e-05 0.0025802404870035947
nsamples= 10638

Mean energy: -9.18766028e+00
Block size    # of blocks        Mean                Error
     1           10638       -9.18766028e+00       1.853456e-03
     2           5319       -9.18766028e+00       2.000834e-03
     5           2127       -9.18774422e+00       2.126991e-03
    10           1063       -9.18774421e+00       2.172037e-03
    20            531       -9.18771178e+00       2.206064e-03
    50            212       -9.18774597e+00       2.260713e-03
    70            151       -9.18774385e+00       2.338589e-03
   100            106       -9.18774597e+00       2.493403e-03
   200             53       -9.18774597e+00       2.462178e-03
   500             21       -9.18771692e+00       2.155616e-03
Stocahstic error estimate: 2.172037e-03

step=40,E=-0.5742287673303549,dE=-0.00010835829686972609,err=0.00013575230679859388
	gnorm= 0.5755478087258351
	collect g,h time= 0.10533809661865234
symmetric= True
	solver time=0.2044236660003662,exit status=0
niter= 41
	xnorm=20.903451998844613,dnorm=0.03220034077231719

nparam= 41472
	log prob= 22.678976389461297
	burn in time= 0.43815112113952637
	sample time= 3.5174949169158936
	contraction err= 8.032534864591604e-05 0.005281137318771794
nsamples= 10638

Mean energy: -9.18773706e+00
Block size    # of blocks        Mean                Error
     1           10638       -9.18773706e+00       1.494375e-03
     2           5319       -9.18773706e+00       1.662924e-03
     5           2127       -9.18776144e+00       1.842289e-03
    10           1063       -9.18776005e+00       1.884737e-03
    20            531       -9.18769538e+00       1.977094e-03
    50            212       -9.18769808e+00       2.104985e-03
    70            151       -9.18788676e+00       1.946671e-03
   100            106       -9.18769808e+00       2.089033e-03
   200             53       -9.18769808e+00       2.094005e-03
   500             21       -9.18827825e+00       2.202253e-03
Stocahstic error estimate: 1.884737e-03

step=41,E=-0.5742335664963271,dE=-4.799165972180219e-06,err=0.00011779603251173839
	gnorm= 0.2226284839002078
	collect g,h time= 0.10544919967651367
symmetric= True
	solver time=0.2142632007598877,exit status=0
niter= 43
	xnorm=20.911716655870382,dnorm=0.028070380469080634

nparam= 41472
	log prob= 22.676203150671085
	burn in time= 0.5736138820648193
	sample time= 3.529052495956421
	contraction err= 8.073206776261481e-05 0.0035482643849853875
nsamples= 10638

Mean energy: -9.18405186e+00
Block size    # of blocks        Mean                Error
     1           10638       -9.18405186e+00       1.731553e-03
     2           5319       -9.18405186e+00       2.099032e-03
     5           2127       -9.18402402e+00       2.253589e-03
    10           1063       -9.18400682e+00       2.271453e-03
    20            531       -9.18404794e+00       2.371124e-03
    50            212       -9.18405167e+00       2.271127e-03
    70            151       -9.18404377e+00       2.351192e-03
   100            106       -9.18405167e+00       2.480146e-03
   200             53       -9.18405167e+00       2.511533e-03
   500             21       -9.18435253e+00       2.713060e-03
Stocahstic error estimate: 2.271453e-03

step=42,E=-0.5740032411567101,dE=0.00023032533961697688,err=0.00014196583489034542
	gnorm= 0.1936455182706472
	collect g,h time= 0.10605096817016602
symmetric= True
	solver time=0.21004819869995117,exit status=0
niter= 42
	xnorm=20.919725150575285,dnorm=0.033701022026943236

nparam= 41472
	log prob= 22.68072653994275
	burn in time= 0.45854949951171875
	sample time= 3.5237200260162354
	contraction err= 7.857108579167538e-05 0.002440899767720312
nsamples= 10638

Mean energy: -9.18620102e+00
Block size    # of blocks        Mean                Error
     1           10638       -9.18620102e+00       1.346705e-03
     2           5319       -9.18620102e+00       1.509678e-03
     5           2127       -9.18618158e+00       1.707623e-03
    10           1063       -9.18628132e+00       1.773456e-03
    20            531       -9.18625753e+00       1.846384e-03
    50            212       -9.18622178e+00       1.801825e-03
    70            151       -9.18613028e+00       1.844550e-03
   100            106       -9.18622178e+00       1.891554e-03
   200             53       -9.18622178e+00       1.949061e-03
   500             21       -9.18608061e+00       2.346809e-03
Stocahstic error estimate: 1.773456e-03

step=43,E=-0.5741375638699753,dE=-0.00013432271326518919,err=0.00011084102842609346
	gnorm= 0.09994095885612418
	collect g,h time= 0.10497212409973145
symmetric= True
	solver time=0.21849298477172852,exit status=0
niter= 44
	xnorm=20.925133278729433,dnorm=0.029531768979488754

nparam= 41472
	log prob= 22.690697337873182
	burn in time= 0.7166616916656494
	sample time= 3.530810594558716
	contraction err= 7.722935182382729e-05 0.0030836495877875594
nsamples= 10638

Mean energy: -9.18548843e+00
Block size    # of blocks        Mean                Error
     1           10638       -9.18548843e+00       1.338822e-03
     2           5319       -9.18548843e+00       1.497588e-03
     5           2127       -9.18546066e+00       1.652276e-03
    10           1063       -9.18544750e+00       1.722230e-03
    20            531       -9.18541191e+00       1.749485e-03
    50            212       -9.18537225e+00       1.689938e-03
    70            151       -9.18551600e+00       1.497007e-03
   100            106       -9.18537225e+00       1.627524e-03
   200             53       -9.18537225e+00       1.590409e-03
   500             21       -9.18562320e+00       1.497077e-03
Stocahstic error estimate: 1.722230e-03

step=44,E=-0.574093027078603,dE=4.4536791372284945e-05,err=0.00010763939519980533
	gnorm= 0.0924697263249673
	collect g,h time= 0.10577964782714844
symmetric= True
	solver time=0.21100425720214844,exit status=0
niter= 42
	xnorm=20.934457959158294,dnorm=0.02977948172071802

nparam= 41472
	log prob= 22.687738778829733
	burn in time= 0.6057844161987305
	sample time= 3.518599033355713
	contraction err= 7.680070295263232e-05 0.00447174657846888
nsamples= 10638

Mean energy: -9.18706769e+00
Block size    # of blocks        Mean                Error
     1           10638       -9.18706769e+00       1.262762e-03
     2           5319       -9.18706769e+00       1.397649e-03
     5           2127       -9.18708139e+00       1.608497e-03
    10           1063       -9.18710145e+00       1.634046e-03
    20            531       -9.18710637e+00       1.599507e-03
    50            212       -9.18709076e+00       1.647173e-03
    70            151       -9.18692076e+00       1.644038e-03
   100            106       -9.18709076e+00       1.754879e-03
   200             53       -9.18709076e+00       1.565993e-03
   500             21       -9.18697856e+00       2.057996e-03
Stocahstic error estimate: 1.634046e-03

step=45,E=-0.574191730900251,dE=-9.870382164800517e-05,err=0.0001021278808738328
	gnorm= 0.07606834438717977
	collect g,h time= 0.10528779029846191
symmetric= True
	solver time=0.21433329582214355,exit status=0
niter= 42
	xnorm=20.942590829930836,dnorm=0.027792241855635804

nparam= 41472
	log prob= 22.68246187001285
	burn in time= 0.5412425994873047
	sample time= 3.5360829830169678
	contraction err= 8.314680443222329e-05 0.003111509267944032
nsamples= 10638

Mean energy: -9.18382931e+00
Block size    # of blocks        Mean                Error
     1           10638       -9.18382931e+00       1.377288e-03
     2           5319       -9.18382931e+00       1.611444e-03
     5           2127       -9.18379371e+00       1.757954e-03
    10           1063       -9.18376588e+00       1.903535e-03
    20            531       -9.18372638e+00       1.888771e-03
    50            212       -9.18368369e+00       1.945716e-03
    70            151       -9.18360822e+00       1.993287e-03
   100            106       -9.18368369e+00       2.119303e-03
   200             53       -9.18368369e+00       2.014431e-03
   500             21       -9.18360889e+00       1.924849e-03
Stocahstic error estimate: 1.903535e-03

step=46,E=-0.573989332053121,dE=0.00020239884713002532,err=0.00011897095787404047
	gnorm= 0.12734200993559294
	collect g,h time= 0.10562920570373535
symmetric= True
	solver time=0.20421862602233887,exit status=0
	xnorm=20.949125300766074,dnorm=0.027663317172674576
niter= 41

nparam= 41472
	log prob= 22.681715976400127
	burn in time= 0.4390597343444824
	sample time= 3.5269598960876465
	contraction err= 8.0840086944301e-05 0.0038133721093519942
nsamples= 10638

Mean energy: -9.18133172e+00
Block size    # of blocks        Mean                Error
     1           10638       -9.18133172e+00       1.346844e-03
     2           5319       -9.18133172e+00       1.502198e-03
     5           2127       -9.18131562e+00       1.683631e-03
    10           1063       -9.18143800e+00       1.747171e-03
    20            531       -9.18145064e+00       1.791862e-03
    50            212       -9.18141689e+00       1.818474e-03
    70            151       -9.18145866e+00       1.778148e-03
   100            106       -9.18141689e+00       1.747891e-03
   200             53       -9.18141689e+00       1.650840e-03
   500             21       -9.18172772e+00       2.100250e-03
Stocahstic error estimate: 1.747171e-03

step=47,E=-0.5738332327213951,dE=0.00015609933172588963,err=0.00010919819919086563
	gnorm= 0.07815781831945512
	collect g,h time= 0.10519123077392578
symmetric= True
	solver time=0.20920228958129883,exit status=0
niter= 42
	xnorm=20.9543287985718,dnorm=0.030417247121428646

nparam= 41472
	log prob= 22.67849895070371
	burn in time= 0.4215257167816162
	sample time= 3.4997336864471436
	contraction err= 8.233897818363898e-05 0.0018707722990454053
nsamples= 10638

Mean energy: -9.18738701e+00
Block size    # of blocks        Mean                Error
     1           10638       -9.18738701e+00       1.389679e-03
     2           5319       -9.18738701e+00       1.528728e-03
     5           2127       -9.18737946e+00       1.665020e-03
    10           1063       -9.18739107e+00       1.694230e-03
    20            531       -9.18740320e+00       1.777083e-03
    50            212       -9.18735374e+00       1.871056e-03
    70            151       -9.18741379e+00       1.762074e-03
   100            106       -9.18735374e+00       1.787570e-03
   200             53       -9.18735374e+00       1.751646e-03
   500             21       -9.18734128e+00       1.789434e-03
Stocahstic error estimate: 1.694230e-03

step=48,E=-0.5742116878415208,dE=-0.00037845512012568694,err=0.00010588936968649129
	gnorm= 0.19395907549805827
	collect g,h time= 0.10525965690612793
symmetric= True
	solver time=0.21191835403442383,exit status=0
niter= 43
	xnorm=20.960518518611444,dnorm=0.02830828245507115

nparam= 41472
	log prob= 22.67066106865762
	burn in time= 0.46641969680786133
	sample time= 3.490997076034546
	contraction err= 8.408228275804381e-05 0.0037026483874598444
nsamples= 10638

Mean energy: -9.18464035e+00
Block size    # of blocks        Mean                Error
     1           10638       -9.18464035e+00       1.273172e-03
     2           5319       -9.18464035e+00       1.461982e-03
     5           2127       -9.18466009e+00       1.652712e-03
    10           1063       -9.18469324e+00       1.772495e-03
    20            531       -9.18473277e+00       1.878766e-03
    50            212       -9.18469402e+00       1.892240e-03
    70            151       -9.18472819e+00       1.956804e-03
   100            106       -9.18469402e+00       1.875921e-03
   200             53       -9.18469402e+00       1.963333e-03
   500             21       -9.18492660e+00       2.031029e-03
Stocahstic error estimate: 1.892240e-03

step=49,E=-0.5740400219248659,dE=0.00017166591665485065,err=0.00011826500973490182
	gnorm= 0.07843369564253641
	collect g,h time= 0.10478973388671875
symmetric= True
	solver time=0.210798978805542,exit status=0
	xnorm=20.96706388967962,dnorm=0.026871454782954877
niter= 43
