block_dict= [(0, 1568)]
sizes= [1568]
SIZE= 640

nparam= 18272
	log prob= -24.003259958090297
	burn in time= 10.171743631362915
	sample time= 16.266305208206177
	contraction err= 1.256016750522637e-09 2.7983714213720996e-06

Mean energy: -2.98144281e+01
Block size    # of blocks        Mean                Error
     1           5000       -2.98144281e+01       2.605434e-02
     2           2500       -2.98144281e+01       2.587674e-02
     5           1000       -2.98144281e+01       2.622130e-02
    10            500       -2.98144281e+01       2.598145e-02
    20            250       -2.98144281e+01       2.652595e-02
    50            100       -2.98144281e+01       2.684966e-02
    70             71       -2.98139927e+01       2.515507e-02
   100             50       -2.98144281e+01       2.336326e-02
   200             25       -2.98144281e+01       2.049821e-02
   500             10       -2.98144281e+01       1.861918e-02
Stocahstic error estimate: 2.605434e-02

step=0,E=-0.4658504393736581,dE=0.0,err=0.0004070991000122917,gmax=0.33349629491128585
	collect g,Hv time= 0.047542572021484375
	solver time=0.08098196983337402,exit status=0
niter= 45
	g=1.0989799847576551,del=8.851822293245244,dot=2.805467178552854,x=11.626830132219169

nparam= 18272
	log prob= -23.087634398986236
	burn in time= 8.974825620651245
	sample time= 15.313637733459473
	contraction err= 1.2398544968155296e-09 9.047527351264801e-07

Mean energy: -2.96860068e+01
Block size    # of blocks        Mean                Error
     1           5000       -2.96860068e+01       2.796243e-02
     2           2500       -2.96860068e+01       2.841002e-02
     5           1000       -2.96860068e+01       2.770279e-02
    10            500       -2.96860068e+01       2.835211e-02
    20            250       -2.96860068e+01       2.713884e-02
    50            100       -2.96860068e+01       2.547179e-02
    70             71       -2.96863240e+01       2.580731e-02
   100             50       -2.96860068e+01       2.148668e-02
   200             25       -2.96860068e+01       2.199257e-02
   500             10       -2.96860068e+01       2.672704e-02
Stocahstic error estimate: 2.841002e-02

step=1,E=-0.46384385599825884,dE=0.0020065833753992735,err=0.00044390652340092247,gmax=0.20379188826253092
	collect g,Hv time= 0.047800302505493164
	solver time=0.07188892364501953,exit status=0
niter= 44
	g=1.0055551745032825,del=9.874007154031828,dot=3.5046516206323672,x=11.658794969049724

nparam= 18272
	log prob= -22.826016857402394
	burn in time= 9.083014965057373
	sample time= 15.217998266220093
	contraction err= 1.1987912818420546e-09 5.193809752031014e-07

Mean energy: -2.97895151e+01
Block size    # of blocks        Mean                Error
     1           5000       -2.97895151e+01       2.734026e-02
     2           2500       -2.97895151e+01       2.716963e-02
     5           1000       -2.97895151e+01       2.795357e-02
    10            500       -2.97895151e+01       2.763507e-02
    20            250       -2.97895151e+01       2.907596e-02
    50            100       -2.97895151e+01       2.721017e-02
    70             71       -2.97896615e+01       2.848164e-02
   100             50       -2.97895151e+01       2.946598e-02
   200             25       -2.97895151e+01       3.132734e-02
   500             10       -2.97895151e+01       3.232422e-02
Stocahstic error estimate: 2.734026e-02

step=2,E=-0.46546117314638213,dE=-0.0016173171481232984,err=0.00042719151179698684,gmax=0.31791340980230576
	collect g,Hv time= 0.048236846923828125
	solver time=0.06323719024658203,exit status=0
niter= 39
	g=1.417640632279999,del=8.317038215863976,dot=3.4176053206368033,x=11.676408425983828

nparam= 18272
	log prob= -22.60333400281447
	burn in time= 7.864480018615723
	sample time= 15.175091981887817
	contraction err= 1.2106079848850534e-09 9.330158054029348e-07

Mean energy: -2.98188877e+01
Block size    # of blocks        Mean                Error
     1           5000       -2.98188877e+01       2.950950e-02
     2           2500       -2.98188877e+01       2.987181e-02
     5           1000       -2.98188877e+01       2.902507e-02
    10            500       -2.98188877e+01       2.927007e-02
    20            250       -2.98188877e+01       2.807209e-02
    50            100       -2.98188877e+01       2.962192e-02
    70             71       -2.98182900e+01       3.031794e-02
   100             50       -2.98188877e+01       2.681294e-02
   200             25       -2.98188877e+01       2.830379e-02
   500             10       -2.98188877e+01       1.734124e-02
Stocahstic error estimate: 2.987181e-02

step=3,E=-0.46592012014428147,dE=-0.00045894699789933435,err=0.00046674698073198784,gmax=0.5270792425603603
	collect g,Hv time= 0.04751992225646973
	solver time=0.0691826343536377,exit status=0
niter= 43
	g=1.4449962081931231,del=9.370890519291901,dot=4.176681341976765,x=11.689981559769873

nparam= 18272
	log prob= -22.705288340517054
	burn in time= 8.929723501205444
	sample time= 15.186950206756592
	contraction err= 9.621650741603553e-10 4.533799833093233e-07

Mean energy: -2.98746050e+01
Block size    # of blocks        Mean                Error
     1           5000       -2.98746050e+01       2.528502e-02
     2           2500       -2.98746050e+01       2.492403e-02
     5           1000       -2.98746050e+01       2.493901e-02
    10            500       -2.98746050e+01       2.484336e-02
    20            250       -2.98746050e+01       2.440626e-02
    50            100       -2.98746050e+01       2.436949e-02
    70             71       -2.98730761e+01       2.314976e-02
   100             50       -2.98746050e+01       2.491115e-02
   200             25       -2.98746050e+01       2.329489e-02
   500             10       -2.98746050e+01       2.937779e-02
Stocahstic error estimate: 2.528502e-02

step=4,E=-0.46679070271372575,dE=-0.0008705825694442781,err=0.0003950783816898685,gmax=0.1586962517711683
	collect g,Hv time= 0.04798698425292969
	solver time=0.06984901428222656,exit status=0
niter= 44
	g=0.970282008804661,del=8.446966990278924,dot=3.026492567749238,x=11.70011429697433

nparam= 18272
	log prob= -22.50663109143153
	burn in time= 8.179378747940063
	sample time= 15.05023741722107
	contraction err= 1.0864540385052084e-09 1.8139885341817778e-07

Mean energy: -2.98374955e+01
Block size    # of blocks        Mean                Error
     1           5000       -2.98374955e+01       2.662043e-02
     2           2500       -2.98374955e+01       2.671128e-02
     5           1000       -2.98374955e+01       2.660703e-02
    10            500       -2.98374955e+01       2.712474e-02
    20            250       -2.98374955e+01       2.778252e-02
    50            100       -2.98374955e+01       2.733697e-02
    70             71       -2.98397650e+01       2.708910e-02
   100             50       -2.98374955e+01       2.427197e-02
   200             25       -2.98374955e+01       2.487870e-02
   500             10       -2.98374955e+01       1.522589e-02
Stocahstic error estimate: 2.671128e-02

step=5,E=-0.4662108667970304,dE=0.0005798359166953593,err=0.00041736369284643,gmax=0.2405791011793691
	collect g,Hv time= 0.04741072654724121
	solver time=0.07298421859741211,exit status=0
niter= 45
	g=1.1335548632496157,del=8.270468647294775,dot=3.39472812663928,x=11.695999675851375

nparam= 18272
	log prob= -22.343218978143238
	burn in time= 7.859863996505737
	sample time= 15.165908098220825
	contraction err= 1.9383278035292025e-09 2.9262613038686384e-06

Mean energy: -2.99322008e+01
Block size    # of blocks        Mean                Error
     1           5000       -2.99322008e+01       2.693216e-02
     2           2500       -2.99322008e+01       2.699265e-02
     5           1000       -2.99322008e+01       2.751153e-02
    10            500       -2.99322008e+01       2.745253e-02
    20            250       -2.99322008e+01       2.835981e-02
    50            100       -2.99322008e+01       2.822150e-02
    70             71       -2.99315508e+01       2.484610e-02
   100             50       -2.99322008e+01       2.893721e-02
   200             25       -2.99322008e+01       2.962590e-02
   500             10       -2.99322008e+01       3.515696e-02
Stocahstic error estimate: 2.699265e-02

step=6,E=-0.46769063819534684,dE=-0.001479771398316454,err=0.0004217601380431637,gmax=0.5714332152283657
	collect g,Hv time= 0.047860145568847656
	solver time=0.07091045379638672,exit status=0
niter= 45
	g=1.8561270513780248,del=8.023255639106049,dot=3.3827697353088033,x=11.683883542183022

nparam= 18272
	log prob= -21.863316649884087
	burn in time= 8.929175615310669
	sample time= 15.15044903755188
	contraction err= 1.3559663756469755e-09 1.0871216185665522e-06

Mean energy: -2.99714588e+01
Block size    # of blocks        Mean                Error
     1           5000       -2.99714588e+01       2.447348e-02
     2           2500       -2.99714588e+01       2.439380e-02
     5           1000       -2.99714588e+01       2.404530e-02
    10            500       -2.99714588e+01       2.476938e-02
    20            250       -2.99714588e+01       2.369919e-02
    50            100       -2.99714588e+01       2.252861e-02
    70             71       -2.99701752e+01       2.143457e-02
   100             50       -2.99714588e+01       2.021040e-02
   200             25       -2.99714588e+01       2.003465e-02
   500             10       -2.99714588e+01       2.034693e-02
Stocahstic error estimate: 2.447348e-02

step=7,E=-0.4683040440768611,dE=-0.0006134058815142618,err=0.0003823981462396426,gmax=0.2996428011521095
	collect g,Hv time= 0.047400474548339844
	solver time=0.061882972717285156,exit status=0
niter= 38
	g=1.1523556043785237,del=6.424011555461525,dot=2.7329776279760285,x=11.679036617042604

nparam= 18272
	log prob= -21.539646806601766
	burn in time= 8.84727692604065
	sample time= 15.145940065383911
	contraction err= 1.3883465125211407e-09 3.1547441614311716e-07

Mean energy: -2.99603076e+01
Block size    # of blocks        Mean                Error
     1           5000       -2.99603076e+01       2.455560e-02
     2           2500       -2.99603076e+01       2.483931e-02
     5           1000       -2.99603076e+01       2.384724e-02
    10            500       -2.99603076e+01       2.420725e-02
    20            250       -2.99603076e+01       2.523397e-02
    50            100       -2.99603076e+01       2.514930e-02
    70             71       -2.99601388e+01       2.294038e-02
   100             50       -2.99603076e+01       2.604080e-02
   200             25       -2.99603076e+01       2.150431e-02
   500             10       -2.99603076e+01       1.791323e-02
Stocahstic error estimate: 2.483931e-02

step=8,E=-0.46812980634925555,dE=0.0001742377276055529,err=0.00038811416407742976,gmax=0.21201892064900285
	collect g,Hv time= 0.04744434356689453
	solver time=0.07379388809204102,exit status=0
niter= 46
	g=1.0381421074438477,del=7.248148976033433,dot=2.8319156880458976,x=11.67318465697236

nparam= 18272
	log prob= -21.239446009100323
	burn in time= 8.148440599441528
	sample time= 15.017851114273071
	contraction err= 1.6433277774407212e-09 6.102558803098863e-07

Mean energy: -2.98979484e+01
Block size    # of blocks        Mean                Error
     1           5000       -2.98979484e+01       2.624215e-02
     2           2500       -2.98979484e+01       2.696720e-02
     5           1000       -2.98979484e+01       2.661437e-02
    10            500       -2.98979484e+01       2.728700e-02
    20            250       -2.98979484e+01       2.756209e-02
    50            100       -2.98979484e+01       2.713471e-02
    70             71       -2.98973760e+01       2.885876e-02
   100             50       -2.98979484e+01       2.842808e-02
   200             25       -2.98979484e+01       3.183430e-02
   500             10       -2.98979484e+01       3.144760e-02
Stocahstic error estimate: 2.696720e-02

step=9,E=-0.4671554434393053,dE=0.0009743629099502327,err=0.0004213625437959461,gmax=0.1882961127304652
	collect g,Hv time= 0.04827284812927246
	solver time=0.07315540313720703,exit status=0
niter= 46
	g=1.1572531092774239,del=7.5166973105080395,dot=3.312910126997227,x=11.646415485875304

nparam= 18272
	log prob= -20.91952451179927
	burn in time= 8.871318578720093
	sample time= 15.109978199005127
	contraction err= 4.4569888863453644e-09 2.8179383962886617e-06

Mean energy: -3.00064822e+01
Block size    # of blocks        Mean                Error
     1           5000       -3.00064822e+01       2.415170e-02
     2           2500       -3.00064822e+01       2.415334e-02
     5           1000       -3.00064822e+01       2.404106e-02
    10            500       -3.00064822e+01       2.402469e-02
    20            250       -3.00064822e+01       2.333077e-02
    50            100       -3.00064822e+01       2.392712e-02
    70             71       -3.00063293e+01       2.292290e-02
   100             50       -3.00064822e+01       2.310171e-02
   200             25       -3.00064822e+01       1.852383e-02
   500             10       -3.00064822e+01       1.830399e-02
Stocahstic error estimate: 2.415334e-02

step=10,E=-0.468851283629913,dE=-0.0016958401906077003,err=0.00037739592484836764,gmax=0.16990748632096686
	collect g,Hv time= 0.047440528869628906
	solver time=0.07313966751098633,exit status=0
niter= 46
	g=1.0707666085961443,del=6.409657181367068,dot=2.7594429640212446,x=11.627662267100801

nparam= 18272
	log prob= -20.553201245020638
	burn in time= 7.936352014541626
	sample time= 15.028758525848389
	contraction err= 2.7051394450210265e-09 2.9651064767122187e-06

Mean energy: -3.01216178e+01
Block size    # of blocks        Mean                Error
     1           5000       -3.01216178e+01       2.253883e-02
     2           2500       -3.01216178e+01       2.261366e-02
     5           1000       -3.01216178e+01       2.209226e-02
    10            500       -3.01216178e+01       2.186565e-02
    20            250       -3.01216178e+01       1.929845e-02
    50            100       -3.01216178e+01       1.927667e-02
    70             71       -3.01195068e+01       1.933071e-02
   100             50       -3.01216178e+01       1.686568e-02
   200             25       -3.01216178e+01       1.506705e-02
   500             10       -3.01216178e+01       1.442010e-02
Stocahstic error estimate: 2.261366e-02

step=11,E=-0.4706502784805649,dE=-0.0017989948506518805,err=0.0003533384360850375,gmax=0.316997752189232
	collect g,Hv time= 0.047826290130615234
	solver time=0.0702967643737793,exit status=0
niter= 45
	g=1.1599213934898591,del=5.796393224535868,dot=2.489501695431771,x=11.612731511748192

nparam= 18272
	log prob= -20.058758675694587
	burn in time= 8.49517035484314
	sample time= 15.022397518157959
	contraction err= 2.076433840241377e-09 7.212529028463877e-07

Mean energy: -3.00328054e+01
Block size    # of blocks        Mean                Error
     1           5000       -3.00328054e+01       2.423527e-02
     2           2500       -3.00328054e+01       2.413643e-02
     5           1000       -3.00328054e+01       2.460427e-02
    10            500       -3.00328054e+01       2.385431e-02
    20            250       -3.00328054e+01       2.386849e-02
    50            100       -3.00328054e+01       2.367714e-02
    70             71       -3.00351958e+01       2.371103e-02
   100             50       -3.00328054e+01       2.067968e-02
   200             25       -3.00328054e+01       2.085007e-02
   500             10       -3.00328054e+01       1.407871e-02
Stocahstic error estimate: 2.423527e-02

step=12,E=-0.4692625847410439,dE=0.0013876937395210232,err=0.00037867616956118003,gmax=0.1698166249919515
	collect g,Hv time= 0.04777717590332031
	solver time=0.07202816009521484,exit status=0
niter= 45
	g=1.0983448271301615,del=6.120468631602227,dot=2.791302568141293,x=11.584374679700542

nparam= 18272
	log prob= -20.076443118660844
	burn in time= 8.87014651298523
	sample time= 15.069590330123901
	contraction err= 2.7718433910930503e-09 8.794497119806683e-07

Mean energy: -3.00004101e+01
Block size    # of blocks        Mean                Error
     1           5000       -3.00004101e+01       2.541996e-02
     2           2500       -3.00004101e+01       2.501485e-02
     5           1000       -3.00004101e+01       2.561724e-02
    10            500       -3.00004101e+01       2.477267e-02
    20            250       -3.00004101e+01       2.406347e-02
    50            100       -3.00004101e+01       2.371428e-02
    70             71       -2.99991764e+01       2.395744e-02
   100             50       -3.00004101e+01       2.130331e-02
   200             25       -3.00004101e+01       1.757436e-02
   500             10       -3.00004101e+01       1.256116e-02
Stocahstic error estimate: 2.541996e-02

step=13,E=-0.4687564072790669,dE=0.0005061774619769532,err=0.000397186926543415,gmax=0.17678701007688247
	collect g,Hv time= 0.04762840270996094
	solver time=0.07323408126831055,exit status=0
niter= 46
	g=1.1874905674226366,del=6.316089281003415,dot=2.984170423905219,x=11.560617023618414

nparam= 18272
	log prob= -19.717351703162564
	burn in time= 9.503211975097656
	sample time= 15.041784524917603
	contraction err= 2.923660657564319e-09 7.554792913175794e-07

Mean energy: -3.00877311e+01
Block size    # of blocks        Mean                Error
     1           5000       -3.00877311e+01       2.355032e-02
     2           2500       -3.00877311e+01       2.411681e-02
     5           1000       -3.00877311e+01       2.345142e-02
    10            500       -3.00877311e+01       2.353818e-02
    20            250       -3.00877311e+01       2.346556e-02
    50            100       -3.00877311e+01       2.301516e-02
    70             71       -3.00877950e+01       2.360634e-02
   100             50       -3.00877311e+01       2.541629e-02
   200             25       -3.00877311e+01       2.507028e-02
   500             10       -3.00877311e+01       1.777695e-02
Stocahstic error estimate: 2.411681e-02

step=14,E=-0.4701207978552786,dE=-0.0013643905762116826,err=0.0003768250935139923,gmax=0.3038087084088028
	collect g,Hv time= 0.04735422134399414
	solver time=0.07233858108520508,exit status=0
niter= 46
	g=1.3057330834008072,del=5.805040925618677,dot=2.574865364506262,x=11.544883810157874

nparam= 18272
	log prob= -19.262560308261357
	burn in time= 7.279873609542847
	sample time= 15.116654396057129
	contraction err= 2.1702924198154022e-09 5.665900468735076e-07

Mean energy: -3.01389403e+01
Block size    # of blocks        Mean                Error
     1           5000       -3.01389403e+01       2.105124e-02
     2           2500       -3.01389403e+01       2.098488e-02
     5           1000       -3.01389403e+01       2.109120e-02
    10            500       -3.01389403e+01       2.095412e-02
    20            250       -3.01389403e+01       2.113702e-02
    50            100       -3.01389403e+01       2.166059e-02
    70             71       -3.01397646e+01       2.459049e-02
   100             50       -3.01389403e+01       2.214109e-02
   200             25       -3.01389403e+01       2.568940e-02
   500             10       -3.01389403e+01       2.308638e-02
Stocahstic error estimate: 2.105124e-02

step=15,E=-0.4709209417436681,dE=-0.000800143888389504,err=0.0003289255478155745,gmax=0.12990002577325122
	collect g,Hv time= 0.04752922058105469
	solver time=0.0721883773803711,exit status=0
niter= 45
	g=1.0232303660812725,del=5.07685343498648,dot=2.136981284183158,x=11.527362698738477

nparam= 18272
	log prob= -18.816166006361055
	burn in time= 7.4703381061553955
	sample time= 15.14133620262146
	contraction err= 2.8920442985582507e-09 9.314250027215098e-07

Mean energy: -3.01534908e+01
Block size    # of blocks        Mean                Error
     1           5000       -3.01534908e+01       2.061479e-02
     2           2500       -3.01534908e+01       2.085601e-02
     5           1000       -3.01534908e+01       2.070142e-02
    10            500       -3.01534908e+01       2.116673e-02
    20            250       -3.01534908e+01       2.105276e-02
    50            100       -3.01534908e+01       2.117820e-02
    70             71       -3.01518027e+01       1.958223e-02
   100             50       -3.01534908e+01       2.159489e-02
   200             25       -3.01534908e+01       2.007877e-02
   500             10       -3.01534908e+01       2.166388e-02
Stocahstic error estimate: 2.085601e-02

step=16,E=-0.4711482940813641,dE=-0.00022735233769599628,err=0.00032587511241505805,gmax=0.11277959983299454
	collect g,Hv time= 0.04774641990661621
	solver time=0.07014656066894531,exit status=0
niter= 45
	g=1.0023903857214553,del=4.920536307133256,dot=2.019234247098965,x=11.5122320718185

nparam= 18272
	log prob= -18.747229838817987
	burn in time= 9.714402914047241
	sample time= 15.056744813919067
	contraction err= 2.67038936619756e-09 1.1040008966688301e-06

Mean energy: -3.02477328e+01
Block size    # of blocks        Mean                Error
     1           5000       -3.02477328e+01       1.872490e-02
     2           2500       -3.02477328e+01       1.820625e-02
     5           1000       -3.02477328e+01       1.819608e-02
    10            500       -3.02477328e+01       1.758139e-02
    20            250       -3.02477328e+01       1.666723e-02
    50            100       -3.02477328e+01       1.581497e-02
    70             71       -3.02477736e+01       1.495133e-02
   100             50       -3.02477328e+01       1.556707e-02
   200             25       -3.02477328e+01       1.795071e-02
   500             10       -3.02477328e+01       1.942629e-02
Stocahstic error estimate: 1.872490e-02

step=17,E=-0.47262082549810785,dE=-0.0014725314167437498,err=0.00029257653574643025,gmax=0.12727387715496996
	collect g,Hv time= 0.04823017120361328
	solver time=0.07122516632080078,exit status=0
niter= 45
	g=0.9862898050508723,del=4.307793541448277,dot=1.6233216194121929,x=11.511975895871538

nparam= 18272
	log prob= -18.39973704834765
	burn in time= 8.252800941467285
	sample time= 15.073561429977417
	contraction err= 4.482086416720722e-09 2.7334016424679245e-06

Mean energy: -3.02649784e+01
Block size    # of blocks        Mean                Error
     1           5000       -3.02649784e+01       1.814666e-02
     2           2500       -3.02649784e+01       1.839253e-02
     5           1000       -3.02649784e+01       1.876166e-02
    10            500       -3.02649784e+01       1.872459e-02
    20            250       -3.02649784e+01       1.844331e-02
    50            100       -3.02649784e+01       1.940385e-02
    70             71       -3.02629024e+01       1.969716e-02
   100             50       -3.02649784e+01       1.960165e-02
   200             25       -3.02649784e+01       1.888047e-02
   500             10       -3.02649784e+01       1.759281e-02
Stocahstic error estimate: 1.839253e-02

step=18,E=-0.47289028827771834,dE=-0.00026946277961048537,err=0.0002873832113095034,gmax=0.15156289868248551
	collect g,Hv time= 0.04802513122558594
	solver time=0.0697791576385498,exit status=0
niter= 45
	g=0.9300858647250698,del=4.484354806142856,dot=1.562257656520277,x=11.510463102431867

nparam= 18272
	log prob= -17.931852365141104
	burn in time= 8.812224864959717
	sample time= 15.102652311325073
	contraction err= 5.46004955636333e-09 2.271780995388322e-06

Mean energy: -3.02299191e+01
Block size    # of blocks        Mean                Error
     1           5000       -3.02299191e+01       2.025780e-02
     2           2500       -3.02299191e+01       1.984423e-02
     5           1000       -3.02299191e+01       1.965098e-02
    10            500       -3.02299191e+01       2.029335e-02
    20            250       -3.02299191e+01       2.022069e-02
    50            100       -3.02299191e+01       1.875451e-02
    70             71       -3.02295119e+01       1.982962e-02
   100             50       -3.02299191e+01       2.113657e-02
   200             25       -3.02299191e+01       2.170176e-02
   500             10       -3.02299191e+01       2.302514e-02
Stocahstic error estimate: 2.025780e-02

step=19,E=-0.4723424858097656,dE=0.0005478024679527183,err=0.00031652807155988665,gmax=0.16667135065345917
	collect g,Hv time= 0.04800534248352051
	solver time=0.07060790061950684,exit status=0
niter= 45
	g=1.0053239586742964,del=4.809179060477092,dot=1.8375576089818648,x=11.49729529151283

nparam= 18272
	log prob= -17.867834986959117
	burn in time= 9.394401550292969
	sample time= 15.073950290679932
	contraction err= 4.170522917157802e-09 2.317806466107542e-06

Mean energy: -3.02641774e+01
Block size    # of blocks        Mean                Error
     1           5000       -3.02641774e+01       2.100401e-02
     2           2500       -3.02641774e+01       2.101853e-02
     5           1000       -3.02641774e+01       2.089448e-02
    10            500       -3.02641774e+01       2.182759e-02
    20            250       -3.02641774e+01       2.201357e-02
    50            100       -3.02641774e+01       2.294812e-02
    70             71       -3.02642850e+01       2.147340e-02
   100             50       -3.02641774e+01       2.209353e-02
   200             25       -3.02641774e+01       1.959145e-02
   500             10       -3.02641774e+01       1.998157e-02
Stocahstic error estimate: 2.101853e-02

step=20,E=-0.472877771332009,dE=-0.0005352855222433561,err=0.00032841450392286407,gmax=0.3408454318387104
	collect g,Hv time= 0.04741668701171875
	solver time=0.07123947143554688,exit status=0
niter= 45
	g=1.2723253174024085,del=4.491409872371857,dot=2.0337392624270736,x=11.484420300473968

nparam= 18272
	log prob= -17.560325962625193
	burn in time= 9.570330619812012
	sample time= 15.023264408111572
	contraction err= 7.449161131342542e-09 8.508832112279978e-06

Mean energy: -3.02571536e+01
Block size    # of blocks        Mean                Error
     1           5000       -3.02571536e+01       1.939857e-02
     2           2500       -3.02571536e+01       1.933732e-02
     5           1000       -3.02571536e+01       1.941258e-02
    10            500       -3.02571536e+01       1.916644e-02
    20            250       -3.02571536e+01       1.815441e-02
    50            100       -3.02571536e+01       1.764378e-02
    70             71       -3.02572485e+01       1.772516e-02
   100             50       -3.02571536e+01       1.439991e-02
   200             25       -3.02571536e+01       1.492625e-02
   500             10       -3.02571536e+01       1.743422e-02
Stocahstic error estimate: 1.939857e-02

step=21,E=-0.472768025565295,dE=0.00010974576671396452,err=0.000303102590969407,gmax=0.15064874564493191
	collect g,Hv time= 0.04734325408935547
	solver time=0.06992602348327637,exit status=0
niter= 45
	g=0.9764329817531081,del=4.411080929249547,dot=1.7222399695648645,x=11.475459907858546

nparam= 18272
	log prob= -17.36100963826865
	burn in time= 9.364759922027588
	sample time= 15.044558763504028
	contraction err= 7.827162932067893e-09 1.3526146110811883e-05

Mean energy: -3.02239055e+01
Block size    # of blocks        Mean                Error
     1           5000       -3.02239055e+01       2.052124e-02
     2           2500       -3.02239055e+01       2.030599e-02
     5           1000       -3.02239055e+01       2.003586e-02
    10            500       -3.02239055e+01       1.964846e-02
    20            250       -3.02239055e+01       1.957039e-02
    50            100       -3.02239055e+01       2.105095e-02
    70             71       -3.02236367e+01       1.945115e-02
   100             50       -3.02239055e+01       2.035787e-02
   200             25       -3.02239055e+01       2.097485e-02
   500             10       -3.02239055e+01       2.517527e-02
Stocahstic error estimate: 2.052124e-02

step=22,E=-0.47224852277634966,dE=0.0005195027889453585,err=0.000320644430550667,gmax=0.4306566690475506
	collect g,Hv time= 0.04748868942260742
	solver time=0.07045507431030273,exit status=0
niter= 46
	g=1.689217879081581,del=3.8326851872508945,dot=1.9158707507919974,x=11.46812663570922

nparam= 18272
	log prob= -17.256003346500115
	burn in time= 7.161536693572998
	sample time= 14.990401268005371
	contraction err= 6.756445222196139e-09 5.897390283559674e-06

Mean energy: -3.02728979e+01
Block size    # of blocks        Mean                Error
     1           5000       -3.02728979e+01       1.941692e-02
     2           2500       -3.02728979e+01       1.919912e-02
     5           1000       -3.02728979e+01       1.905539e-02
    10            500       -3.02728979e+01       1.888227e-02
    20            250       -3.02728979e+01       1.831666e-02
    50            100       -3.02728979e+01       2.003474e-02
    70             71       -3.02742169e+01       1.856318e-02
   100             50       -3.02728979e+01       1.814077e-02
   200             25       -3.02728979e+01       2.146393e-02
   500             10       -3.02728979e+01       2.573147e-02
Stocahstic error estimate: 1.941692e-02

step=23,E=-0.4730140300032421,dE=-0.0007655072268924479,err=0.00030338939760321705,gmax=0.30002483230339205
	collect g,Hv time= 0.04744911193847656
	solver time=0.0712583065032959,exit status=0
niter= 46
	g=1.1812327486203527,del=4.003790910380355,dot=1.7546510279302772,x=11.460196596176864

nparam= 18272
	log prob= -17.018807700526406
	burn in time= 7.5563554763793945
	sample time= 15.037553787231445
	contraction err= 6.2611831290074864e-09 3.2709619816689508e-06

Mean energy: -3.01914490e+01
Block size    # of blocks        Mean                Error
     1           5000       -3.01914490e+01       2.235148e-02
     2           2500       -3.01914490e+01       2.237833e-02
     5           1000       -3.01914490e+01       2.245925e-02
    10            500       -3.01914490e+01       2.234297e-02
    20            250       -3.01914490e+01       2.229932e-02
    50            100       -3.01914490e+01       2.267381e-02
    70             71       -3.01924576e+01       2.169994e-02
   100             50       -3.01914490e+01       2.203731e-02
   200             25       -3.01914490e+01       1.865478e-02
   500             10       -3.01914490e+01       1.417297e-02
Stocahstic error estimate: 2.237833e-02

step=24,E=-0.471741390487547,dE=0.0012726395156951176,err=0.0003496613324709411,gmax=0.16431225072275657
	collect g,Hv time= 0.04767656326293945
	solver time=0.07038092613220215,exit status=0
niter= 45
	g=1.2386873917773558,del=4.806730437364989,dot=2.290601560807795,x=11.44452737464058

nparam= 18272
	log prob= -16.82728914976038
	burn in time= 8.535036325454712
	sample time= 15.063957929611206
	contraction err= 5.732490970750938e-09 3.927102108551268e-06

Mean energy: -3.02966121e+01
Block size    # of blocks        Mean                Error
     1           5000       -3.02966121e+01       1.879375e-02
     2           2500       -3.02966121e+01       1.905970e-02
     5           1000       -3.02966121e+01       1.881659e-02
    10            500       -3.02966121e+01       1.905693e-02
    20            250       -3.02966121e+01       1.843544e-02
    50            100       -3.02966121e+01       1.818650e-02
    70             71       -3.02972359e+01       1.725239e-02
   100             50       -3.02966121e+01       1.629029e-02
   200             25       -3.02966121e+01       1.541335e-02
   500             10       -3.02966121e+01       1.494516e-02
Stocahstic error estimate: 1.905970e-02

step=25,E=-0.4733845635685557,dE=-0.0016431730810086975,err=0.00029780787716988613,gmax=0.1766840748399101
	collect g,Hv time= 0.04702901840209961
niter= 46
	solver time=0.07197141647338867,exit status=0
	g=1.0064913822315464,del=3.9729282206686016,dot=1.5921514447206166,x=11.448340052274219

nparam= 18272
	log prob= -16.630490364236145
	burn in time= 9.342330932617188
	sample time= 15.002313137054443
	contraction err= 6.583871884563112e-09 4.928362522488113e-06

Mean energy: -3.02408330e+01
Block size    # of blocks        Mean                Error
     1           5000       -3.02408330e+01       1.943530e-02
     2           2500       -3.02408330e+01       1.906628e-02
     5           1000       -3.02408330e+01       1.884612e-02
    10            500       -3.02408330e+01       1.837140e-02
    20            250       -3.02408330e+01       1.918220e-02
    50            100       -3.02408330e+01       1.687400e-02
    70             71       -3.02393992e+01       1.719676e-02
   100             50       -3.02408330e+01       1.619639e-02
   200             25       -3.02408330e+01       1.095598e-02
   500             10       -3.02408330e+01       1.329531e-02
Stocahstic error estimate: 1.943530e-02

step=26,E=-0.4725130161663245,dE=0.0008715474022311653,err=0.0003036765938277185,gmax=0.1580538294737419
	collect g,Hv time= 0.048107147216796875
	solver time=0.06988167762756348,exit status=0
niter= 45
	g=1.0842188725512927,del=4.133164357855986,dot=1.7525814388942083,x=11.439279399168507

nparam= 18272
	log prob= -16.42697072320906
	burn in time= 6.467334508895874
	sample time= 14.96849513053894
	contraction err= 5.3522142132372904e-09 2.2552528150990993e-06

Mean energy: -3.03342297e+01
Block size    # of blocks        Mean                Error
     1           5000       -3.03342297e+01       1.774037e-02
     2           2500       -3.03342297e+01       1.776597e-02
     5           1000       -3.03342297e+01       1.760960e-02
    10            500       -3.03342297e+01       1.699859e-02
    20            250       -3.03342297e+01       1.674658e-02
    50            100       -3.03342297e+01       1.534838e-02
    70             71       -3.03345192e+01       1.738729e-02
   100             50       -3.03342297e+01       1.684053e-02
   200             25       -3.03342297e+01       1.756210e-02
   500             10       -3.03342297e+01       2.139645e-02
Stocahstic error estimate: 1.776597e-02

step=27,E=-0.4739723389039775,dE=-0.0014593227376529794,err=0.0002775933568634678,gmax=0.37142592852589384
	collect g,Hv time= 0.04724740982055664
	solver time=0.069091796875,exit status=0
niter= 45
	g=1.4186100427349446,del=3.487067318390533,dot=1.4382992256173808,x=11.438798407691518

nparam= 18272
	log prob= -16.269419606996195
	burn in time= 8.4776029586792
	sample time= 14.9600510597229
	contraction err= 6.314919800058584e-09 2.2965256258462656e-06

Mean energy: -3.03344064e+01
Block size    # of blocks        Mean                Error
     1           5000       -3.03344064e+01       1.906695e-02
     2           2500       -3.03344064e+01       1.898108e-02
     5           1000       -3.03344064e+01       1.936362e-02
    10            500       -3.03344064e+01       1.960144e-02
    20            250       -3.03344064e+01       1.866950e-02
    50            100       -3.03344064e+01       1.781014e-02
    70             71       -3.03348597e+01       1.840324e-02
   100             50       -3.03344064e+01       1.628030e-02
   200             25       -3.03344064e+01       1.370547e-02
   500             10       -3.03344064e+01       1.114379e-02
Stocahstic error estimate: 1.906695e-02

step=28,E=-0.473975099910836,dE=-2.7610068584760228e-06,err=0.00029792101657275845,gmax=0.17159705047202106
	collect g,Hv time= 0.047385215759277344
	solver time=0.06943392753601074,exit status=0
niter= 45
	g=1.0889173352969703,del=3.9992806892975428,dot=1.6575513995846871,x=11.432528736604358

nparam= 18272
	log prob= -16.224242995836548
	burn in time= 9.407242059707642
	sample time= 15.061752080917358
	contraction err= 1.0678780614109927e-08 5.804127201749332e-06

Mean energy: -3.02917559e+01
Block size    # of blocks        Mean                Error
     1           5000       -3.02917559e+01       2.107978e-02
     2           2500       -3.02917559e+01       2.126034e-02
     5           1000       -3.02917559e+01       2.018831e-02
    10            500       -3.02917559e+01       1.987633e-02
    20            250       -3.02917559e+01       2.073034e-02
    50            100       -3.02917559e+01       2.163518e-02
    70             71       -3.02918516e+01       2.287332e-02
   100             50       -3.02917559e+01       2.040156e-02
   200             25       -3.02917559e+01       1.764480e-02
   500             10       -3.02917559e+01       1.596166e-02
Stocahstic error estimate: 2.126034e-02

step=29,E=-0.47330868611581645,dE=0.000666413795019527,err=0.00033219277671223975,gmax=0.7057050168151409
	collect g,Hv time= 0.048436641693115234
	solver time=0.07006359100341797,exit status=0
niter= 45
	g=1.7264131813151433,del=4.0987301190143395,dot=2.125500225984655,x=11.428851510569862

nparam= 18272
	log prob= -16.18599785544968
	burn in time= 7.468385219573975
	sample time= 14.966853141784668
	contraction err= 8.807190745590946e-09 9.275941697617356e-06

Mean energy: -3.02973821e+01
Block size    # of blocks        Mean                Error
     1           5000       -3.02973821e+01       1.860815e-02
     2           2500       -3.02973821e+01       1.851205e-02
     5           1000       -3.02973821e+01       1.854061e-02
    10            500       -3.02973821e+01       1.830055e-02
    20            250       -3.02973821e+01       1.779896e-02
    50            100       -3.02973821e+01       1.882623e-02
    70             71       -3.02956541e+01       1.872589e-02
   100             50       -3.02973821e+01       1.922383e-02
   200             25       -3.02973821e+01       2.084778e-02
   500             10       -3.02973821e+01       1.517166e-02
Stocahstic error estimate: 1.860815e-02

step=30,E=-0.4733965952346945,dE=-8.790911887807118e-05,err=0.00029075234044119344,gmax=0.08046200164512385
	collect g,Hv time= 0.04691505432128906
	solver time=0.07072257995605469,exit status=0
niter= 46
	g=0.9166163241013703,del=4.023919618394844,dot=1.5673152030412671,x=11.419340281255225

nparam= 18272
	log prob= -15.99839025501717
	burn in time= 7.584924697875977
	sample time= 14.998719930648804
	contraction err= 7.56904449241293e-09 2.733351505590541e-06

Mean energy: -3.03784389e+01
Block size    # of blocks        Mean                Error
     1           5000       -3.03784389e+01       1.575536e-02
     2           2500       -3.03784389e+01       1.567277e-02
     5           1000       -3.03784389e+01       1.603210e-02
    10            500       -3.03784389e+01       1.608805e-02
    20            250       -3.03784389e+01       1.611132e-02
    50            100       -3.03784389e+01       1.465805e-02
    70             71       -3.03800226e+01       1.567312e-02
   100             50       -3.03784389e+01       1.555707e-02
   200             25       -3.03784389e+01       1.533721e-02
   500             10       -3.03784389e+01       1.671330e-02
Stocahstic error estimate: 1.575536e-02

step=31,E=-0.4746631083894994,dE=-0.0012665131548048603,err=0.00024617743900400913,gmax=0.09296883442247594
	collect g,Hv time= 0.048435211181640625
	solver time=0.0685582160949707,exit status=0
niter= 44
	g=0.8642145241769318,del=3.10663104644744,dot=1.138222055848327,x=11.416009842457736

nparam= 18272
	log prob= -15.975958212681714
	burn in time= 7.835819482803345
	sample time= 14.99917721748352
	contraction err= 9.279859099577393e-09 4.031928395268341e-06

Mean energy: -3.03260448e+01
Block size    # of blocks        Mean                Error
     1           5000       -3.03260448e+01       1.971865e-02
     2           2500       -3.03260448e+01       1.959855e-02
     5           1000       -3.03260448e+01       1.926704e-02
    10            500       -3.03260448e+01       1.993406e-02
    20            250       -3.03260448e+01       2.002215e-02
    50            100       -3.03260448e+01       2.041483e-02
    70             71       -3.03239213e+01       2.184481e-02
   100             50       -3.03260448e+01       1.827087e-02
   200             25       -3.03260448e+01       1.908280e-02
   500             10       -3.03260448e+01       1.819457e-02
Stocahstic error estimate: 1.971865e-02

step=32,E=-0.47384444936669134,dE=0.0008186590228080326,err=0.0003081039814317149,gmax=0.344583120562479
	collect g,Hv time= 0.04843926429748535
	solver time=0.0694432258605957,exit status=0
niter= 45
	g=1.3935806170525369,del=3.285995287029167,dot=1.7729285294366968,x=11.417058005662017

nparam= 18272
	log prob= -15.925376314129018
	burn in time= 7.5294029712677
	sample time= 15.097306966781616
	contraction err= 1.0155436675813849e-08 4.9835898925803685e-06

Mean energy: -3.03618302e+01
Block size    # of blocks        Mean                Error
     1           5000       -3.03618302e+01       1.622738e-02
     2           2500       -3.03618302e+01       1.656711e-02
     5           1000       -3.03618302e+01       1.582204e-02
    10            500       -3.03618302e+01       1.664028e-02
    20            250       -3.03618302e+01       1.601005e-02
    50            100       -3.03618302e+01       1.529397e-02
    70             71       -3.03610911e+01       1.483378e-02
   100             50       -3.03618302e+01       1.503590e-02
   200             25       -3.03618302e+01       1.366970e-02
   500             10       -3.03618302e+01       1.117640e-02
Stocahstic error estimate: 1.656711e-02

step=33,E=-0.47440359654989606,dE=-0.0005591471832047112,err=0.0002588610592178972,gmax=0.19049466767327752
	collect g,Hv time= 0.047399282455444336
	solver time=0.06861639022827148,exit status=0
niter= 45
	g=0.8552228132090467,del=3.4115458908855656,dot=1.1753343910126546,x=11.413108351209575

nparam= 18272
	log prob= -15.830780967841818
	burn in time= 8.253143787384033
	sample time= 14.871206760406494
	contraction err= 1.0671488648423514e-08 2.624068176946468e-06

Mean energy: -3.03435537e+01
Block size    # of blocks        Mean                Error
     1           5000       -3.03435537e+01       2.067777e-02
     2           2500       -3.03435537e+01       2.066343e-02
     5           1000       -3.03435537e+01       2.097825e-02
    10            500       -3.03435537e+01       2.001562e-02
    20            250       -3.03435537e+01       2.035385e-02
    50            100       -3.03435537e+01       1.771436e-02
    70             71       -3.03439879e+01       1.972832e-02
   100             50       -3.03435537e+01       1.865382e-02
   200             25       -3.03435537e+01       1.952891e-02
   500             10       -3.03435537e+01       2.497369e-02
Stocahstic error estimate: 2.067777e-02

step=34,E=-0.47411802649683094,dE=0.0002855700530651206,err=0.0003230902340263603,gmax=0.2746759956263782
	collect g,Hv time= 0.047718048095703125
	solver time=0.06982636451721191,exit status=0
niter= 45
	g=1.425718339519479,del=3.8418889846888193,dot=2.089167803206705,x=11.408942083219175

nparam= 18272
	log prob= -15.567443440454301
	burn in time= 8.079715251922607
	sample time= 14.921664953231812
	contraction err= 8.284013222265115e-09 3.815998298115338e-06

Mean energy: -3.03243263e+01
Block size    # of blocks        Mean                Error
     1           5000       -3.03243263e+01       1.911846e-02
     2           2500       -3.03243263e+01       1.907161e-02
     5           1000       -3.03243263e+01       1.918186e-02
    10            500       -3.03243263e+01       1.917950e-02
    20            250       -3.03243263e+01       1.929575e-02
    50            100       -3.03243263e+01       1.825753e-02
    70             71       -3.03273526e+01       1.967842e-02
   100             50       -3.03243263e+01       1.784942e-02
   200             25       -3.03243263e+01       1.932380e-02
   500             10       -3.03243263e+01       2.244579e-02
Stocahstic error estimate: 1.911846e-02

step=35,E=-0.473817599056775,dE=0.00030042744005592814,err=0.0002987259395912809,gmax=0.184865405427737
	collect g,Hv time= 0.047818899154663086
	solver time=0.06905388832092285,exit status=0
niter= 44
	g=1.0639297632264972,del=3.9250220982254382,dot=1.6928262674259846,x=11.400484166140938

nparam= 18272
	log prob= -15.532057844795144
	burn in time= 9.555435180664062
	sample time= 14.996469974517822
	contraction err= 1.9196705853377735e-08 3.4576417198287956e-05

Mean energy: -3.03887879e+01
Block size    # of blocks        Mean                Error
     1           5000       -3.03887879e+01       1.557429e-02
     2           2500       -3.03887879e+01       1.558690e-02
     5           1000       -3.03887879e+01       1.587052e-02
    10            500       -3.03887879e+01       1.596487e-02
    20            250       -3.03887879e+01       1.545543e-02
    50            100       -3.03887879e+01       1.585116e-02
    70             71       -3.03866260e+01       1.436054e-02
   100             50       -3.03887879e+01       1.468097e-02
   200             25       -3.03887879e+01       1.347629e-02
   500             10       -3.03887879e+01       7.052298e-03
Stocahstic error estimate: 1.558690e-02

step=36,E=-0.4748248106496529,dE=-0.0010072115928778658,err=0.00024354536159381933,gmax=0.09799041552188274
	collect g,Hv time= 0.0471949577331543
	solver time=0.0699617862701416,exit status=0
niter= 45
	g=0.8541214355051021,del=3.3684676088704992,dot=1.1741009254967667,x=11.40104813746328

nparam= 18272
	log prob= -15.54385344052816
	burn in time= 8.957897424697876
	sample time= 15.012039184570312
	contraction err= 1.6779370649726052e-08 1.1675025980324609e-05

Mean energy: -3.03836353e+01
Block size    # of blocks        Mean                Error
     1           5000       -3.03836353e+01       1.703392e-02
     2           2500       -3.03836353e+01       1.697032e-02
     5           1000       -3.03836353e+01       1.723898e-02
    10            500       -3.03836353e+01       1.666388e-02
    20            250       -3.03836353e+01       1.706728e-02
    50            100       -3.03836353e+01       1.710441e-02
    70             71       -3.03824947e+01       1.819810e-02
   100             50       -3.03836353e+01       1.803095e-02
   200             25       -3.03836353e+01       1.836580e-02
   500             10       -3.03836353e+01       1.651287e-02
Stocahstic error estimate: 1.703392e-02

step=37,E=-0.4747443014439488,dE=8.050920570407127e-05,err=0.0002661550552666225,gmax=0.1713752657716769
	collect g,Hv time= 0.04776597023010254
	solver time=0.06996488571166992,exit status=0
niter= 45
	g=1.028312880439287,del=3.1585366340308285,dot=1.2993539421502762,x=11.399736718222252

nparam= 18272
	log prob= -15.35225638447693
	burn in time= 9.39951777458191
	sample time= 14.951027631759644
	contraction err= 1.330567141528189e-08 6.1448248791628634e-06

Mean energy: -3.03701327e+01
Block size    # of blocks        Mean                Error
     1           5000       -3.03701327e+01       1.620965e-02
     2           2500       -3.03701327e+01       1.607810e-02
     5           1000       -3.03701327e+01       1.658568e-02
    10            500       -3.03701327e+01       1.590111e-02
    20            250       -3.03701327e+01       1.576406e-02
    50            100       -3.03701327e+01       1.525036e-02
    70             71       -3.03701113e+01       1.420261e-02
   100             50       -3.03701327e+01       1.546550e-02
   200             25       -3.03701327e+01       1.321679e-02
   500             10       -3.03701327e+01       1.507875e-02
Stocahstic error estimate: 1.620965e-02

step=38,E=-0.4745333233798968,dE=0.00021097806405201425,err=0.00025327572656921865,gmax=0.08458271633726228
	collect g,Hv time= 0.04732108116149902
	solver time=0.06748676300048828,exit status=0
niter= 44
	g=0.8767948110980217,del=3.6345109169537055,dot=1.2795183347066401,x=11.395868953325719

nparam= 18272
	log prob= -15.322591203136149
	burn in time= 9.264278888702393
	sample time= 14.87686276435852
	contraction err= 1.3252649723715762e-08 3.961079933844029e-06

Mean energy: -3.03213329e+01
Block size    # of blocks        Mean                Error
     1           5000       -3.03213329e+01       2.056907e-02
     2           2500       -3.03213329e+01       2.049996e-02
     5           1000       -3.03213329e+01       2.057401e-02
    10            500       -3.03213329e+01       2.053145e-02
    20            250       -3.03213329e+01       2.004630e-02
    50            100       -3.03213329e+01       2.059589e-02
    70             71       -3.03217757e+01       2.113071e-02
   100             50       -3.03213329e+01       1.860557e-02
   200             25       -3.03213329e+01       1.874555e-02
   500             10       -3.03213329e+01       1.450723e-02
Stocahstic error estimate: 2.056907e-02

step=39,E=-0.47377082614576793,dE=0.0007624972341288561,err=0.00032139164125494327,gmax=0.1990734978223334
	collect g,Hv time= 0.04774117469787598
	solver time=0.07003307342529297,exit status=0
niter= 45
	g=1.3253569280374922,del=3.686354598161182,dot=1.9698735059078398,x=11.387782934469454

nparam= 18272
	log prob= -15.3040089140043
	burn in time= 7.140570402145386
	sample time= 15.014916896820068
	contraction err= 1.5443349649443898e-08 8.571546511079638e-06

Mean energy: -3.03503524e+01
Block size    # of blocks        Mean                Error
     1           5000       -3.03503524e+01       1.597010e-02
     2           2500       -3.03503524e+01       1.603538e-02
     5           1000       -3.03503524e+01       1.635386e-02
    10            500       -3.03503524e+01       1.625533e-02
    20            250       -3.03503524e+01       1.591443e-02
    50            100       -3.03503524e+01       1.643015e-02
    70             71       -3.03495141e+01       1.661291e-02
   100             50       -3.03503524e+01       1.768796e-02
   200             25       -3.03503524e+01       1.578734e-02
   500             10       -3.03503524e+01       1.839647e-02
Stocahstic error estimate: 1.603538e-02

step=40,E=-0.4742242556685327,dE=-0.0004534295227647811,err=0.0002505528533569225,gmax=0.2117917643765374
	collect g,Hv time= 0.04783034324645996
	solver time=0.07006621360778809,exit status=0
niter= 46
	g=1.055492634771192,del=3.242348692686396,dot=1.191804351421996,x=11.385350917430678

nparam= 18272
	log prob= -15.132699536614581
	burn in time= 8.6835355758667
	sample time= 14.950391054153442
	contraction err= 1.4649522479096721e-08 7.79902752902866e-06

Mean energy: -3.03907921e+01
Block size    # of blocks        Mean                Error
     1           5000       -3.03907921e+01       1.811079e-02
     2           2500       -3.03907921e+01       1.825225e-02
     5           1000       -3.03907921e+01       1.784009e-02
    10            500       -3.03907921e+01       1.753968e-02
    20            250       -3.03907921e+01       1.749088e-02
    50            100       -3.03907921e+01       1.843920e-02
    70             71       -3.03915412e+01       1.928855e-02
   100             50       -3.03907921e+01       1.879222e-02
   200             25       -3.03907921e+01       1.795665e-02
   500             10       -3.03907921e+01       2.193888e-02
Stocahstic error estimate: 1.825225e-02

step=41,E=-0.47485612718357245,dE=-0.0006318715150397392,err=0.0002851913642488138,gmax=0.2319224514051631
	collect g,Hv time= 0.0480809211730957
	solver time=0.07113766670227051,exit status=0
niter= 46
	g=1.1375758410812147,del=3.32921678971346,dot=1.4858981144115346,x=11.386303142554965

nparam= 18272
	log prob= -15.01239836352035
	burn in time= 9.190320014953613
	sample time= 14.916855096817017
	contraction err= 2.5971584913342563e-08 6.846728735926454e-06

Mean energy: -3.03648785e+01
Block size    # of blocks        Mean                Error
     1           5000       -3.03648785e+01       1.800822e-02
     2           2500       -3.03648785e+01       1.782583e-02
     5           1000       -3.03648785e+01       1.779593e-02
    10            500       -3.03648785e+01       1.776981e-02
    20            250       -3.03648785e+01       1.705011e-02
    50            100       -3.03648785e+01       1.700476e-02
    70             71       -3.03626096e+01       1.556514e-02
   100             50       -3.03648785e+01       1.569038e-02
   200             25       -3.03648785e+01       1.577201e-02
   500             10       -3.03648785e+01       1.607740e-02
Stocahstic error estimate: 1.800822e-02

step=42,E=-0.4744512266908082,dE=0.00040490049276425966,err=0.0002813784976519508,gmax=0.21955553486732882
	collect g,Hv time= 0.04791712760925293
	solver time=0.07126045227050781,exit status=0
niter= 45
	g=1.2193757396345166,del=3.359221035992241,dot=1.44767921225204,x=11.381001466279013

nparam= 18272
	log prob= -14.985770600765626
	burn in time= 9.452443599700928
	sample time= 14.925347089767456
	contraction err= 1.3286916727196545e-08 3.840085098431492e-06

Mean energy: -3.03706593e+01
Block size    # of blocks        Mean                Error
     1           5000       -3.03706593e+01       1.602510e-02
     2           2500       -3.03706593e+01       1.588575e-02
     5           1000       -3.03706593e+01       1.617104e-02
    10            500       -3.03706593e+01       1.655349e-02
    20            250       -3.03706593e+01       1.581982e-02
    50            100       -3.03706593e+01       1.473830e-02
    70             71       -3.03711661e+01       1.415702e-02
   100             50       -3.03706593e+01       1.266497e-02
   200             25       -3.03706593e+01       1.372146e-02
   500             10       -3.03706593e+01       8.446916e-03
Stocahstic error estimate: 1.602510e-02

step=43,E=-0.4745415513578997,dE=-9.032466709152365e-05,err=0.0002503922404077762,gmax=0.08494576549938193
	collect g,Hv time= 0.046889543533325195
	solver time=0.07064533233642578,exit status=0
niter= 45
	g=0.8837373046289002,del=3.162323239401979,dot=1.1244593048190812,x=11.378284455714564

nparam= 18272
	log prob= -14.952161266424124
	burn in time= 10.132066249847412
	sample time= 14.899202108383179
	contraction err= 1.839653228323771e-08 8.164354017451301e-06

Mean energy: -3.03559998e+01
Block size    # of blocks        Mean                Error
     1           5000       -3.03559998e+01       1.753706e-02
     2           2500       -3.03559998e+01       1.763680e-02
     5           1000       -3.03559998e+01       1.772063e-02
    10            500       -3.03559998e+01       1.816045e-02
    20            250       -3.03559998e+01       1.802790e-02
    50            100       -3.03559998e+01       1.951432e-02
    70             71       -3.03559178e+01       2.127284e-02
   100             50       -3.03559998e+01       1.904474e-02
   200             25       -3.03559998e+01       1.830546e-02
   500             10       -3.03559998e+01       1.968087e-02
Stocahstic error estimate: 1.763680e-02

step=44,E=-0.47431249721793245,dE=0.0002290541399672663,err=0.00027557497146860885,gmax=0.22091581290447193
	collect g,Hv time= 0.04889416694641113
	solver time=0.07044720649719238,exit status=0
niter= 45
	g=1.2018263013915762,del=3.2757843139517457,dot=1.420241508551134,x=11.378702765473626

nparam= 18272
	log prob= -14.842148029192064
	burn in time= 7.806258201599121
	sample time= 14.914337635040283
	contraction err= 1.944910342839944e-08 3.4369450904702284e-05

Mean energy: -3.03815633e+01
Block size    # of blocks        Mean                Error
     1           5000       -3.03815633e+01       1.780389e-02
     2           2500       -3.03815633e+01       1.798401e-02
     5           1000       -3.03815633e+01       1.837422e-02
    10            500       -3.03815633e+01       1.776445e-02
    20            250       -3.03815633e+01       1.739063e-02
    50            100       -3.03815633e+01       1.777706e-02
    70             71       -3.03810568e+01       1.548700e-02
   100             50       -3.03815633e+01       1.739240e-02
   200             25       -3.03815633e+01       1.732255e-02
   500             10       -3.03815633e+01       1.690595e-02
Stocahstic error estimate: 1.798401e-02

step=45,E=-0.4747119259247639,dE=-0.0003994287068314617,err=0.00028100023243263786,gmax=0.49728682847307043
	collect g,Hv time= 0.046781301498413086
	solver time=0.0713496208190918,exit status=0
niter= 46
	g=1.5006455838048984,del=3.2280086249145024,dot=1.4237400762819457,x=11.375496265019141

nparam= 18272
	log prob= -14.777257170243615
	burn in time= 9.976073741912842
	sample time= 14.948381423950195
	contraction err= 1.7957706791343284e-08 6.912332786654757e-06

Mean energy: -3.03920254e+01
Block size    # of blocks        Mean                Error
     1           5000       -3.03920254e+01       1.520814e-02
     2           2500       -3.03920254e+01       1.538170e-02
     5           1000       -3.03920254e+01       1.575481e-02
    10            500       -3.03920254e+01       1.570982e-02
    20            250       -3.03920254e+01       1.587288e-02
    50            100       -3.03920254e+01       1.723801e-02
    70             71       -3.03928853e+01       1.694558e-02
   100             50       -3.03920254e+01       1.777635e-02
   200             25       -3.03920254e+01       1.559359e-02
   500             10       -3.03920254e+01       1.177788e-02
Stocahstic error estimate: 1.538170e-02

step=46,E=-0.4748753966293576,dE=-0.0001634707045937156,err=0.00024033909008740745,gmax=0.11956344230386495
	collect g,Hv time= 0.048351287841796875
	solver time=0.07050609588623047,exit status=0
niter= 45
	g=0.9175932346957193,del=2.9226024069765617,dot=1.0307967113378944,x=11.383582026764753

nparam= 18272
	log prob= -14.66589541511977
	burn in time= 7.864435911178589
	sample time= 14.908359289169312
	contraction err= 1.7231687834070376e-08 7.506844846714232e-06

Mean energy: -3.04105344e+01
Block size    # of blocks        Mean                Error
     1           5000       -3.04105344e+01       1.702537e-02
     2           2500       -3.04105344e+01       1.693295e-02
     5           1000       -3.04105344e+01       1.718659e-02
    10            500       -3.04105344e+01       1.741634e-02
    20            250       -3.04105344e+01       1.644392e-02
    50            100       -3.04105344e+01       1.440909e-02
    70             71       -3.04102457e+01       1.251414e-02
   100             50       -3.04105344e+01       1.247931e-02
   200             25       -3.04105344e+01       1.077975e-02
   500             10       -3.04105344e+01       9.761473e-03
Stocahstic error estimate: 1.702537e-02

step=47,E=-0.47516460064237054,dE=-0.00028920401301291143,err=0.00026602144814434484,gmax=0.10482888959078795
	collect g,Hv time= 0.047489166259765625
	solver time=0.06878662109375,exit status=0
niter= 44
	g=0.9926669349620816,del=3.190298254628402,dot=1.3083096719341931,x=11.377412872063433

nparam= 18272
	log prob= -14.66897751483343
	burn in time= 8.10493516921997
	sample time= 14.927908897399902
	contraction err= 1.1346643081698403e-08 2.9237855024322748e-06

Mean energy: -3.04022504e+01
Block size    # of blocks        Mean                Error
     1           5000       -3.04022504e+01       1.713997e-02
     2           2500       -3.04022504e+01       1.753184e-02
     5           1000       -3.04022504e+01       1.726194e-02
    10            500       -3.04022504e+01       1.753489e-02
    20            250       -3.04022504e+01       1.757112e-02
    50            100       -3.04022504e+01       1.881128e-02
    70             71       -3.04023315e+01       1.807974e-02
   100             50       -3.04022504e+01       2.023510e-02
   200             25       -3.04022504e+01       2.052934e-02
   500             10       -3.04022504e+01       2.033802e-02
Stocahstic error estimate: 1.753184e-02

step=48,E=-0.47503516322321376,dE=0.00012943741915677487,err=0.00027393500476370993,gmax=0.10815383155753322
	collect g,Hv time= 0.047667741775512695
	solver time=0.07047748565673828,exit status=0
niter= 45
	g=0.9840299842888498,del=3.4401456297636015,dot=1.3453469529643731,x=11.374419330790976

nparam= 18272
	log prob= -14.590786426734276
	burn in time= 9.245000123977661
	sample time= 14.91000771522522
	contraction err= 1.5447027834456802e-08 4.974608634645004e-06

Mean energy: -3.03249319e+01
Block size    # of blocks        Mean                Error
     1           5000       -3.03249319e+01       1.738025e-02
     2           2500       -3.03249319e+01       1.739786e-02
     5           1000       -3.03249319e+01       1.724774e-02
    10            500       -3.03249319e+01       1.750314e-02
    20            250       -3.03249319e+01       1.759501e-02
    50            100       -3.03249319e+01       1.725533e-02
    70             71       -3.03254464e+01       1.791109e-02
   100             50       -3.03249319e+01       1.604064e-02
   200             25       -3.03249319e+01       1.424758e-02
   500             10       -3.03249319e+01       1.747650e-02
Stocahstic error estimate: 1.739786e-02

step=49,E=-0.4738270611841982,dE=0.0012081020390155572,err=0.00027184154381656506,gmax=0.1333985818225178
	collect g,Hv time= 0.04742074012756348
	solver time=0.06998682022094727,exit status=0
niter= 45
	g=1.092328160249606,del=3.2356642038712016,dot=1.3910808372021743,x=11.371022062702947

nparam= 18272
	log prob= -14.415487446570946
	burn in time= 9.260971784591675
	sample time= 14.8228600025177
	contraction err= 2.031120161243623e-08 1.3687802797339296e-05

Mean energy: -3.03725314e+01
Block size    # of blocks        Mean                Error
     1           5000       -3.03725314e+01       1.672112e-02
     2           2500       -3.03725314e+01       1.695959e-02
     5           1000       -3.03725314e+01       1.633761e-02
    10            500       -3.03725314e+01       1.570812e-02
    20            250       -3.03725314e+01       1.595628e-02
    50            100       -3.03725314e+01       1.634678e-02
    70             71       -3.03710305e+01       1.571220e-02
   100             50       -3.03725314e+01       1.869547e-02
   200             25       -3.03725314e+01       1.834054e-02
   500             10       -3.03725314e+01       1.396481e-02
Stocahstic error estimate: 1.695959e-02

step=50,E=-0.47457080351501846,dE=-0.0007437423308202518,err=0.0002649936448631649,gmax=0.13702306100388117
	collect g,Hv time= 0.04692864418029785
	solver time=0.06987428665161133,exit status=0
niter= 45
	g=0.9931802795635207,del=3.0096836629923254,dot=1.2239231622413547,x=11.364223188961148

nparam= 18272
	log prob= -14.265711955741434
	burn in time= 8.361642360687256
	sample time= 14.950485944747925
	contraction err= 2.5017269874815077e-08 1.8421289571495477e-05

Mean energy: -3.04031455e+01
Block size    # of blocks        Mean                Error
     1           5000       -3.04031455e+01       1.711482e-02
     2           2500       -3.04031455e+01       1.695445e-02
     5           1000       -3.04031455e+01       1.661514e-02
    10            500       -3.04031455e+01       1.607926e-02
    20            250       -3.04031455e+01       1.598004e-02
    50            100       -3.04031455e+01       1.600034e-02
    70             71       -3.04032967e+01       1.745018e-02
   100             50       -3.04031455e+01       1.747861e-02
   200             25       -3.04031455e+01       1.978021e-02
   500             10       -3.04031455e+01       1.875812e-02
Stocahstic error estimate: 1.711482e-02

step=51,E=-0.4750491489347518,dE=-0.0004783454197333503,err=0.00026741908918149885,gmax=0.14097042294121653
	collect g,Hv time= 0.04766130447387695
	solver time=0.07151579856872559,exit status=0
niter= 46
	g=0.9710950234605145,del=3.1079473751005073,dot=1.30977507589181,x=11.36766683834536

nparam= 18272
	log prob= -14.25400876742458
	burn in time= 9.324823141098022
	sample time= 14.887128829956055
	contraction err= 1.8986011373521855e-08 1.1461391897718732e-05

Mean energy: -3.04286972e+01
Block size    # of blocks        Mean                Error
     1           5000       -3.04286972e+01       1.347411e-02
     2           2500       -3.04286972e+01       1.347439e-02
     5           1000       -3.04286972e+01       1.313565e-02
    10            500       -3.04286972e+01       1.277801e-02
    20            250       -3.04286972e+01       1.293055e-02
    50            100       -3.04286972e+01       1.207024e-02
    70             71       -3.04281489e+01       1.252626e-02
   100             50       -3.04286972e+01       1.207340e-02
   200             25       -3.04286972e+01       1.083317e-02
   500             10       -3.04286972e+01       1.352231e-02
Stocahstic error estimate: 1.347439e-02

step=52,E=-0.4754483939315197,dE=-0.00039924499676791125,err=0.0002105374204823297,gmax=0.10369665149564344
	collect g,Hv time= 0.048186302185058594
	solver time=0.07163071632385254,exit status=0
niter= 46
	g=0.7830121158741713,del=2.5885858123255048,dot=0.7813425579233879,x=11.372260686806154

nparam= 18272
	log prob= -14.069414385426043
	burn in time= 8.81417465209961
	sample time= 14.846877574920654
	contraction err= 2.2917472175210556e-08 1.7668191757200797e-05

Mean energy: -3.04085773e+01
Block size    # of blocks        Mean                Error
     1           5000       -3.04085773e+01       1.576994e-02
     2           2500       -3.04085773e+01       1.584555e-02
     5           1000       -3.04085773e+01       1.657782e-02
    10            500       -3.04085773e+01       1.630575e-02
    20            250       -3.04085773e+01       1.681693e-02
    50            100       -3.04085773e+01       1.709837e-02
    70             71       -3.04085068e+01       1.654870e-02
   100             50       -3.04085773e+01       1.769990e-02
   200             25       -3.04085773e+01       1.760801e-02
   500             10       -3.04085773e+01       1.912038e-02
Stocahstic error estimate: 1.584555e-02

step=53,E=-0.4751340207479326,dE=0.0003143731835871244,err=0.000247586764480288,gmax=0.317420379585053
	collect g,Hv time= 0.04705953598022461
niter= 44
	solver time=0.07012653350830078,exit status=0
	g=1.0317141558235752,del=2.773074227582898,dot=1.1618472312485846,x=11.370741465334723

nparam= 18272
	log prob= -14.014574737038902
	burn in time= 9.726030349731445
	sample time= 14.85159420967102
	contraction err= 3.021324014404489e-08 6.287417807183624e-05

Mean energy: -3.03921874e+01
Block size    # of blocks        Mean                Error
     1           5000       -3.03921874e+01       1.670786e-02
     2           2500       -3.03921874e+01       1.681214e-02
     5           1000       -3.03921874e+01       1.660321e-02
    10            500       -3.03921874e+01       1.690763e-02
    20            250       -3.03921874e+01       1.684053e-02
    50            100       -3.03921874e+01       1.513113e-02
    70             71       -3.03935500e+01       1.716011e-02
   100             50       -3.03921874e+01       1.387587e-02
   200             25       -3.03921874e+01       1.535101e-02
   500             10       -3.03921874e+01       1.932803e-02
Stocahstic error estimate: 1.681214e-02

step=54,E=-0.4748779285175865,dE=0.0002560922303461166,err=0.00026268967911321573,gmax=0.08021431937621915
	collect g,Hv time= 0.04861950874328613
	solver time=0.06992244720458984,exit status=0
niter= 45
	g=1.0215215209982338,del=3.1421595197942045,dot=1.325227235467246,x=11.369161968417364

nparam= 18272
	log prob= -13.972224180724822
	burn in time= 7.925042390823364
	sample time= 14.901259422302246
	contraction err= 2.2362242342607397e-08 5.55110786421853e-06

Mean energy: -3.04031747e+01
Block size    # of blocks        Mean                Error
     1           5000       -3.04031747e+01       1.920369e-02
     2           2500       -3.04031747e+01       1.929090e-02
     5           1000       -3.04031747e+01       1.862814e-02
    10            500       -3.04031747e+01       1.861376e-02
    20            250       -3.04031747e+01       1.875098e-02
    50            100       -3.04031747e+01       1.851177e-02
    70             71       -3.04044146e+01       1.756180e-02
   100             50       -3.04031747e+01       1.828385e-02
   200             25       -3.04031747e+01       1.486258e-02
   500             10       -3.04031747e+01       1.821263e-02
Stocahstic error estimate: 1.929090e-02

step=55,E=-0.475049604019621,dE=-0.00017167550203450732,err=0.0003014203318212819,gmax=0.32775340797612396
	collect g,Hv time= 0.0476076602935791
	solver time=0.0696563720703125,exit status=0
niter= 45
	g=1.5357123414191076,del=3.1807668320395006,dot=1.6943130617651314,x=11.36788262692541

nparam= 18272
	log prob= -14.097103772047316
	burn in time= 11.358348369598389
	sample time= 14.89755892753601
	contraction err= 2.357320071994221e-08 2.3552046937569216e-05

Mean energy: -3.04229474e+01
Block size    # of blocks        Mean                Error
     1           5000       -3.04229474e+01       1.531490e-02
     2           2500       -3.04229474e+01       1.551711e-02
     5           1000       -3.04229474e+01       1.574396e-02
    10            500       -3.04229474e+01       1.600142e-02
    20            250       -3.04229474e+01       1.628645e-02
    50            100       -3.04229474e+01       1.618602e-02
    70             71       -3.04228408e+01       1.581131e-02
   100             50       -3.04229474e+01       1.611987e-02
   200             25       -3.04229474e+01       1.658076e-02
   500             10       -3.04229474e+01       2.259204e-02
Stocahstic error estimate: 1.551711e-02

step=56,E=-0.4753585529587724,dE=-0.00030894893915139887,err=0.0002424549185231498,gmax=0.10899570611021314
	collect g,Hv time= 0.04786396026611328
	solver time=0.06961441040039062,exit status=0
niter= 45
	g=0.8924772209214833,del=3.0060513839592513,dot=1.1040724390751049,x=11.369531762172382

nparam= 18272
	log prob= -14.01928854401232
	burn in time= 7.854475259780884
	sample time= 14.895844221115112
	contraction err= 2.069418011565038e-08 4.059186328729622e-06

Mean energy: -3.04223646e+01
Block size    # of blocks        Mean                Error
     1           5000       -3.04223646e+01       1.492822e-02
     2           2500       -3.04223646e+01       1.484067e-02
     5           1000       -3.04223646e+01       1.456172e-02
    10            500       -3.04223646e+01       1.471601e-02
    20            250       -3.04223646e+01       1.516295e-02
    50            100       -3.04223646e+01       1.532807e-02
    70             71       -3.04221385e+01       1.440417e-02
   100             50       -3.04223646e+01       1.379579e-02
   200             25       -3.04223646e+01       1.104028e-02
   500             10       -3.04223646e+01       1.420596e-02
Stocahstic error estimate: 1.492822e-02

step=57,E=-0.47534944657362155,dE=9.106385150836616e-06,err=0.00023325343171191407,gmax=0.09380245204431192
	collect g,Hv time= 0.047181129455566406
	solver time=0.06991720199584961,exit status=0
niter= 45
	g=0.833066980270831,del=2.947138674065041,dot=0.9527282001458655,x=11.365231898266742

nparam= 18272
	log prob= -14.064162599129158
	burn in time= 7.284964084625244
	sample time= 14.878581285476685
	contraction err= 2.7404400445197546e-08 1.7528490360087458e-05

Mean energy: -3.04065214e+01
Block size    # of blocks        Mean                Error
     1           5000       -3.04065214e+01       1.773798e-02
     2           2500       -3.04065214e+01       1.777098e-02
     5           1000       -3.04065214e+01       1.763566e-02
    10            500       -3.04065214e+01       1.752480e-02
    20            250       -3.04065214e+01       1.713808e-02
    50            100       -3.04065214e+01       1.734725e-02
    70             71       -3.04050974e+01       1.747620e-02
   100             50       -3.04065214e+01       1.720981e-02
   200             25       -3.04065214e+01       1.493382e-02
   500             10       -3.04065214e+01       1.843457e-02
Stocahstic error estimate: 1.777098e-02

step=58,E=-0.4751018961370236,dE=0.0002475504365979653,err=0.00027767151053889513,gmax=0.3170423124937491
	collect g,Hv time= 0.04726457595825195
	solver time=0.06998562812805176,exit status=0
niter= 45
	g=1.230563650429214,del=3.0709059222606347,dot=1.4282363783832766,x=11.365223426206517

nparam= 18272
	log prob= -14.069945239139862
	burn in time= 10.261803388595581
	sample time= 14.921124458312988
	contraction err= 2.105973198512553e-08 8.186216399001978e-06

Mean energy: -3.04421547e+01
Block size    # of blocks        Mean                Error
     1           5000       -3.04421547e+01       1.420495e-02
     2           2500       -3.04421547e+01       1.416162e-02
     5           1000       -3.04421547e+01       1.450410e-02
    10            500       -3.04421547e+01       1.471888e-02
    20            250       -3.04421547e+01       1.470454e-02
    50            100       -3.04421547e+01       1.535355e-02
    70             71       -3.04392403e+01       1.582229e-02
   100             50       -3.04421547e+01       1.409020e-02
   200             25       -3.04421547e+01       1.699581e-02
   500             10       -3.04421547e+01       1.370015e-02
Stocahstic error estimate: 1.420495e-02

step=59,E=-0.4756586678389425,dE=-0.0005567717019189233,err=0.00022195230817749666,gmax=0.11505358642660912
	collect g,Hv time= 0.04786038398742676
	solver time=0.0706167221069336,exit status=0
niter= 45
	g=0.8438729753770142,del=2.652612000201491,dot=0.8925652113197062,x=11.368904971836407

nparam= 18272
	log prob= -13.817924070775316
	burn in time= 9.060511350631714
	sample time= 14.92048454284668
	contraction err= 1.9960041253295103e-08 4.201947738952534e-06

Mean energy: -3.03936052e+01
Block size    # of blocks        Mean                Error
     1           5000       -3.03936052e+01       1.751408e-02
     2           2500       -3.03936052e+01       1.737547e-02
     5           1000       -3.03936052e+01       1.717502e-02
    10            500       -3.03936052e+01       1.760912e-02
    20            250       -3.03936052e+01       1.700810e-02
    50            100       -3.03936052e+01       1.723768e-02
    70             71       -3.03945617e+01       1.920476e-02
   100             50       -3.03936052e+01       1.981211e-02
   200             25       -3.03936052e+01       1.884439e-02
   500             10       -3.03936052e+01       2.020417e-02
Stocahstic error estimate: 1.751408e-02

step=60,E=-0.47490008143175594,dE=0.0007585864071865678,err=0.0002736574270614521,gmax=0.15500430952669708
	collect g,Hv time= 0.047110795974731445
	solver time=0.06958270072937012,exit status=0
niter= 45
	g=1.1692121962686866,del=3.1093896547711326,dot=1.3838635578259806,x=11.361062495368099

nparam= 18272
	log prob= -13.741996780475908
	burn in time= 8.385093450546265
	sample time= 14.896079540252686
	contraction err= 3.1466788203017993e-08 3.328686807785465e-05

Mean energy: -3.04359755e+01
Block size    # of blocks        Mean                Error
     1           5000       -3.04359755e+01       1.523306e-02
     2           2500       -3.04359755e+01       1.536323e-02
     5           1000       -3.04359755e+01       1.525767e-02
    10            500       -3.04359755e+01       1.494861e-02
    20            250       -3.04359755e+01       1.514607e-02
    50            100       -3.04359755e+01       1.640386e-02
    70             71       -3.04359232e+01       1.517490e-02
   100             50       -3.04359755e+01       1.685816e-02
   200             25       -3.04359755e+01       1.320386e-02
   500             10       -3.04359755e+01       1.176908e-02
Stocahstic error estimate: 1.536323e-02

step=61,E=-0.4755621168572858,dE=-0.0006620354255298389,err=0.00024005053691921501,gmax=0.24953136973360146
	collect g,Hv time= 0.04709672927856445
	solver time=0.0727834701538086,exit status=0
niter= 47
	g=0.987686410648904,del=2.7250094706138017,dot=1.0400727754231947,x=11.362994933738522

nparam= 18272
	log prob= -13.679020230533645
	burn in time= 9.661170959472656
	sample time= 14.86090087890625
	contraction err= 2.030188987643351e-08 4.66906607260811e-06

Mean energy: -3.04173298e+01
Block size    # of blocks        Mean                Error
     1           5000       -3.04173298e+01       1.564090e-02
     2           2500       -3.04173298e+01       1.560490e-02
     5           1000       -3.04173298e+01       1.567583e-02
    10            500       -3.04173298e+01       1.558160e-02
    20            250       -3.04173298e+01       1.559218e-02
    50            100       -3.04173298e+01       1.626457e-02
    70             71       -3.04171197e+01       1.556308e-02
   100             50       -3.04173298e+01       1.593108e-02
   200             25       -3.04173298e+01       1.409086e-02
   500             10       -3.04173298e+01       1.328150e-02
Stocahstic error estimate: 1.564090e-02

step=62,E=-0.4752707775928328,dE=0.0002913392644529611,err=0.0002443890519888074,gmax=0.09904284934500396
	collect g,Hv time= 0.04710721969604492
	solver time=0.07083296775817871,exit status=0
niter= 45
	g=0.9226203926001587,del=2.9877075387072782,dot=1.062801313075949,x=11.363474515600515

nparam= 18272
	log prob= -13.612734815718113
	burn in time= 8.411556482315063
	sample time= 14.975106239318848
	contraction err= 2.6572961610121885e-08 1.822131822348731e-05

Mean energy: -3.03740384e+01
Block size    # of blocks        Mean                Error
     1           5000       -3.03740384e+01       1.753205e-02
     2           2500       -3.03740384e+01       1.746769e-02
     5           1000       -3.03740384e+01       1.752510e-02
    10            500       -3.03740384e+01       1.776590e-02
    20            250       -3.03740384e+01       1.849048e-02
    50            100       -3.03740384e+01       2.151116e-02
    70             71       -3.03752502e+01       1.861086e-02
   100             50       -3.03740384e+01       1.984115e-02
   200             25       -3.03740384e+01       1.895143e-02
   500             10       -3.03740384e+01       2.648656e-02
Stocahstic error estimate: 1.753205e-02

step=63,E=-0.4745943495008381,dE=0.0006764280919946963,err=0.00027393826036822177,gmax=0.2139234768956464
	collect g,Hv time= 0.048048973083496094
	solver time=0.069671630859375,exit status=0
niter= 45
	g=1.1142899642541817,del=3.1912772462054075,dot=1.4231182641624027,x=11.36193110914407

nparam= 18272
	log prob= -13.580436101388123
	burn in time= 8.30432653427124
	sample time= 14.858187437057495
	contraction err= 2.298746028065566e-08 3.547665511347001e-05

Mean energy: -3.04476324e+01
Block size    # of blocks        Mean                Error
     1           5000       -3.04476324e+01       1.302785e-02
     2           2500       -3.04476324e+01       1.304234e-02
     5           1000       -3.04476324e+01       1.308925e-02
    10            500       -3.04476324e+01       1.304819e-02
    20            250       -3.04476324e+01       1.259684e-02
    50            100       -3.04476324e+01       1.386937e-02
    70             71       -3.04478290e+01       1.367814e-02
   100             50       -3.04476324e+01       1.365792e-02
   200             25       -3.04476324e+01       1.442304e-02
   500             10       -3.04476324e+01       1.352418e-02
Stocahstic error estimate: 1.304234e-02

step=64,E=-0.47574425598125425,dE=-0.0011499064804161296,err=0.00020378655805285245,gmax=0.05721003724331908
	collect g,Hv time= 0.047322988510131836
	solver time=0.06998777389526367,exit status=0
niter= 45
	g=0.7430545633332977,del=2.4652198761084136,dot=0.7248635039357716,x=11.363559654757612

nparam= 18272
	log prob= -13.507028694130106
	burn in time= 8.392085075378418
	sample time= 14.953181028366089
	contraction err= 3.710359093387939e-08 2.3063818924929384e-05

Mean energy: -3.04409276e+01
Block size    # of blocks        Mean                Error
     1           5000       -3.04409276e+01       1.460383e-02
     2           2500       -3.04409276e+01       1.477048e-02
     5           1000       -3.04409276e+01       1.442391e-02
    10            500       -3.04409276e+01       1.427556e-02
    20            250       -3.04409276e+01       1.465931e-02
    50            100       -3.04409276e+01       1.422747e-02
    70             71       -3.04415885e+01       1.239925e-02
   100             50       -3.04409276e+01       1.400084e-02
   200             25       -3.04409276e+01       1.366743e-02
   500             10       -3.04409276e+01       1.178416e-02
Stocahstic error estimate: 1.477048e-02

step=65,E=-0.4756394935665635,dE=0.0001047624146907622,err=0.00023078879536848524,gmax=0.076279046351868
	collect g,Hv time= 0.04698610305786133
	solver time=0.07157301902770996,exit status=0
niter= 46
	g=0.8548488662990221,del=2.8020050316034473,dot=0.9640051798038867,x=11.367359831548182

nparam= 18272
	log prob= -13.473136036884185
	burn in time= 9.059942960739136
	sample time= 14.855853796005249
	contraction err= 3.533493177422041e-08 1.2592282056515445e-05

Mean energy: -3.03880752e+01
Block size    # of blocks        Mean                Error
     1           5000       -3.03880752e+01       1.525886e-02
     2           2500       -3.03880752e+01       1.529107e-02
     5           1000       -3.03880752e+01       1.536666e-02
    10            500       -3.03880752e+01       1.529104e-02
    20            250       -3.03880752e+01       1.577848e-02
    50            100       -3.03880752e+01       1.499763e-02
    70             71       -3.03856518e+01       1.572806e-02
   100             50       -3.03880752e+01       1.577095e-02
   200             25       -3.03880752e+01       1.683963e-02
   500             10       -3.03880752e+01       1.226129e-02
Stocahstic error estimate: 1.529107e-02

step=66,E=-0.47481367533647845,dE=0.0008258182300850403,err=0.00023892297722794852,gmax=0.10620625045726861
	collect g,Hv time= 0.04735398292541504
	solver time=0.07140016555786133,exit status=0
niter= 46
	g=0.9504385415911774,del=3.107666255201694,dot=1.1106416312432335,x=11.36865463343874

nparam= 18272
	log prob= -13.423238433577986
	burn in time= 7.0624120235443115
