block_dict= [(0, 12320)]
sizes= [12320]
SIZE= 640
L= 250
nspin= (125, 125)
nparam= 12320

nparam= 12320
	log prob= -2.4198264559941536
	burn in time= 159.35458850860596
	sample time= 222.5525496006012
	contraction err= 3.5487307944796755e-15 1.7689356531087052e-14
nsamples= 8638

Mean energy: -8.80943895e+01
Block size    # of blocks        Mean                Error
     1           8638       -8.80943895e+01       2.414668e-02
     2           4319       -8.80943895e+01       2.416100e-02
     5           1727       -8.80946275e+01       2.446087e-02
    10            863       -8.80942857e+01       2.464413e-02
    20            431       -8.80955340e+01       2.528448e-02
    50            172       -8.80953168e+01       2.532258e-02
    70            123       -8.80966298e+01       2.616290e-02
   100             86       -8.80953168e+01       2.460143e-02
   200             43       -8.80953168e+01       2.580884e-02
   500             17       -8.80942267e+01       2.870357e-02
Stocahstic error estimate: 2.416100e-02

step=0,E=-0.3523775580069778,dE=0.0,err=9.66440158751245e-05,gmax=0.14684708524059897
	collect g,h time= 0.09159493446350098
	solver time=0.044753313064575195,exit status=0
niter= 26
	g=1.387129069456973,del=5.612037758368238,dot=3.745687613695587,x=38.7037465886702

nparam= 12320
	log prob= -5.4555354825871465
	burn in time= 161.10836839675903
	sample time= 226.45081186294556
	contraction err= 3.5311713337610986e-15 3.131671687193846e-14
nsamples= 8638

Mean energy: -8.86774800e+01
Block size    # of blocks        Mean                Error
     1           8638       -8.86774800e+01       2.171439e-02
     2           4319       -8.86774800e+01       2.167561e-02
     5           1727       -8.86773899e+01       2.210143e-02
    10            863       -8.86764142e+01       2.260709e-02
    20            431       -8.86760099e+01       2.274838e-02
    50            172       -8.86750293e+01       2.251354e-02
    70            123       -8.86762203e+01       2.160495e-02
   100             86       -8.86750293e+01       2.241526e-02
   200             43       -8.86750293e+01       2.264386e-02
   500             17       -8.86756154e+01       1.885129e-02
Stocahstic error estimate: 2.171439e-02

step=1,E=-0.35470991997707585,dE=-0.002332361970098077,err=8.685754652936937e-05,gmax=0.1515292908454171
	collect g,h time= 0.09022665023803711
	solver time=0.05718350410461426,exit status=0
niter= 41
	g=1.2699832661548358,del=6.993960840003373,dot=3.206114482036729,x=38.7037465886702

nparam= 12320
	log prob= -9.390988713106386
	burn in time= 159.98588752746582
	sample time= 226.4859733581543
	contraction err= 3.563176622501367e-15 2.2748255377748597e-14
nsamples= 8638

Mean energy: -8.91601971e+01
Block size    # of blocks        Mean                Error
     1           8638       -8.91601971e+01       1.986427e-02
     2           4319       -8.91601971e+01       1.983060e-02
     5           1727       -8.91606542e+01       1.955149e-02
    10            863       -8.91603086e+01       1.976304e-02
    20            431       -8.91600102e+01       1.959805e-02
    50            172       -8.91586443e+01       1.997943e-02
    70            123       -8.91594632e+01       2.138965e-02
   100             86       -8.91586443e+01       2.169396e-02
   200             43       -8.91586443e+01       1.948559e-02
   500             17       -8.91617954e+01       1.718175e-02
Stocahstic error estimate: 1.986427e-02

step=2,E=-0.3566407884508395,dE=-0.0019308684737636668,err=7.945706215583816e-05,gmax=0.15851302187684846
	collect g,h time= 0.08914875984191895
	solver time=0.05757951736450195,exit status=0
niter= 43
	g=1.2010583868820752,del=6.901772695373024,dot=2.651750383605876,x=38.70374658867019

nparam= 12320
	log prob= -13.023322571640524
	burn in time= 161.00677013397217
	sample time= 226.36450910568237
	contraction err= 3.555937563248039e-15 2.2549909909121605e-14
nsamples= 8638

Mean energy: -8.95066594e+01
Block size    # of blocks        Mean                Error
     1           8638       -8.95066594e+01       1.990420e-02
     2           4319       -8.95066594e+01       2.000417e-02
     5           1727       -8.95063722e+01       2.004454e-02
    10            863       -8.95061408e+01       1.952204e-02
    20            431       -8.95055497e+01       1.982785e-02
    50            172       -8.95052111e+01       1.879952e-02
    70            123       -8.95059487e+01       1.903414e-02
   100             86       -8.95052111e+01       1.998834e-02
   200             43       -8.95052111e+01       1.968617e-02
   500             17       -8.95052762e+01       2.118462e-02
Stocahstic error estimate: 2.000417e-02

step=3,E=-0.3580266376517081,dE=-0.001385849200868563,err=8.001667248604912e-05,gmax=1.5508365358620395
	collect g,h time= 0.08873796463012695
	solver time=0.040693044662475586,exit status=0
niter= 30
	g=3.984123232296433,del=4.388395795167486,dot=2.4487849488605984,x=38.70374658867019

nparam= 12320
	log prob= -15.360261530224932
	burn in time= 160.33852577209473
	sample time= 226.40075135231018
	contraction err= 3.61348869021454e-15 2.2773497278451938e-14
nsamples= 8638

Mean energy: -8.97632845e+01
Block size    # of blocks        Mean                Error
     1           8638       -8.97632845e+01       1.767022e-02
     2           4319       -8.97632845e+01       1.791673e-02
     5           1727       -8.97630442e+01       1.846260e-02
    10            863       -8.97633429e+01       1.872770e-02
    20            431       -8.97622561e+01       1.919555e-02
    50            172       -8.97611510e+01       1.864647e-02
    70            123       -8.97615156e+01       1.804540e-02
   100             86       -8.97611510e+01       1.797514e-02
   200             43       -8.97611510e+01       1.757346e-02
   500             17       -8.97581492e+01       1.586792e-02
Stocahstic error estimate: 1.791673e-02

step=4,E=-0.35905313802193467,dE=-0.0010265003702265858,err=7.166693457153794e-05,gmax=0.25863937301508244
	collect g,h time= 0.08866381645202637
	solver time=0.042906999588012695,exit status=0
niter= 32
	g=1.4489729033862098,del=4.288607429352887,dot=1.7803089648281238,x=38.7037465886702

nparam= 12320
	log prob= -17.24991251156904
	burn in time= 161.5090296268463
	sample time= 226.4157383441925
	contraction err= 3.633439826482652e-15 1.510997099982184e-14
nsamples= 8638

Mean energy: -8.99427325e+01
Block size    # of blocks        Mean                Error
     1           8638       -8.99427325e+01       1.812236e-02
     2           4319       -8.99427325e+01       1.819746e-02
     5           1727       -8.99427025e+01       1.875738e-02
    10            863       -8.99425434e+01       1.938159e-02
    20            431       -8.99416663e+01       1.914677e-02
    50            172       -8.99408154e+01       1.910217e-02
    70            123       -8.99413430e+01       1.972500e-02
   100             86       -8.99408154e+01       2.010284e-02
   200             43       -8.99408154e+01       2.089017e-02
   500             17       -8.99370605e+01       2.401057e-02
Stocahstic error estimate: 1.819746e-02

step=5,E=-0.35977093002181837,dE=-0.0007177919998836728,err=7.278985357449155e-05,gmax=0.2648145001220001
	collect g,h time= 0.08888006210327148
	solver time=0.03738737106323242,exit status=0
niter= 28
	g=1.2849113487021853,del=3.57868373265407,dot=1.809860444221604,x=38.70374658867019

nparam= 12320
	log prob= -18.647997052389417
	burn in time= 160.43814206123352
	sample time= 226.4199981689453
	contraction err= 3.6080174170537034e-15 1.3531377270356186e-14
nsamples= 8638

Mean energy: -9.00644746e+01
Block size    # of blocks        Mean                Error
     1           8638       -9.00644746e+01       1.745777e-02
     2           4319       -9.00644746e+01       1.795122e-02
     5           1727       -9.00644195e+01       1.890123e-02
    10            863       -9.00643571e+01       1.951327e-02
    20            431       -9.00650574e+01       2.087896e-02
    50            172       -9.00653673e+01       2.055229e-02
    70            123       -9.00658768e+01       2.008500e-02
   100             86       -9.00653673e+01       1.887467e-02
   200             43       -9.00653673e+01       1.976399e-02
   500             17       -9.00657912e+01       2.184144e-02
Stocahstic error estimate: 1.795122e-02

step=6,E=-0.3602578984747994,dE=-0.00048696845298104563,err=7.18048920861121e-05,gmax=1.1272867632440227
	collect g,h time= 0.08854937553405762
	solver time=0.049127817153930664,exit status=0
niter= 37
	g=1.8395373984270222,del=5.584341181578769,dot=1.9531741530293458,x=38.70374658867019

nparam= 12320
	log prob= -20.227356657563966
	burn in time= 160.55374336242676
	sample time= 226.41104340553284
	contraction err= 3.6677269637368506e-15 2.227231417192074e-14
nsamples= 8638

Mean energy: -9.02128064e+01
Block size    # of blocks        Mean                Error
     1           8638       -9.02128064e+01       1.665468e-02
     2           4319       -9.02128064e+01       1.694878e-02
     5           1727       -9.02130528e+01       1.843185e-02
    10            863       -9.02130957e+01       1.976868e-02
    20            431       -9.02124710e+01       2.121811e-02
    50            172       -9.02128911e+01       2.143538e-02
    70            123       -9.02123802e+01       2.082488e-02
   100             86       -9.02128911e+01       2.059369e-02
   200             43       -9.02128911e+01       1.907447e-02
   500             17       -9.02112937e+01       2.137805e-02
Stocahstic error estimate: 1.694878e-02

step=7,E=-0.36085122555555615,dE=-0.000593327080756751,err=6.779510682478411e-05,gmax=0.2048052851644286
	collect g,h time= 0.08857583999633789
	solver time=0.052549123764038086,exit status=0
niter= 40
	g=1.2722414161289963,del=5.133842315152741,dot=1.7553899827158645,x=38.703746588670185

nparam= 12320
	log prob= -21.552752858927143
	burn in time= 160.33249497413635
	sample time= 226.45067977905273
	contraction err= 3.616653191459096e-15 2.232717111417298e-14
nsamples= 8638

Mean energy: -9.04055598e+01
Block size    # of blocks        Mean                Error
     1           8638       -9.04055598e+01       1.643351e-02
     2           4319       -9.04055598e+01       1.701089e-02
     5           1727       -9.04055372e+01       1.835277e-02
    10            863       -9.04056786e+01       1.930612e-02
    20            431       -9.04052492e+01       2.015286e-02
    50            172       -9.04049112e+01       2.350932e-02
    70            123       -9.04050679e+01       2.461154e-02
   100             86       -9.04049112e+01       2.608914e-02
   200             43       -9.04049112e+01       2.503418e-02
   500             17       -9.04073077e+01       2.807268e-02
Stocahstic error estimate: 1.701089e-02

step=8,E=-0.3616222392701896,dE=-0.0007710137146334546,err=6.804354250986865e-05,gmax=0.4372755304405378
	collect g,h time= 0.08864355087280273
	solver time=0.05479311943054199,exit status=0
niter= 42
	g=1.3653907935964573,del=5.767532356297974,dot=1.8132442397112984,x=38.703746588670185

nparam= 12320
	log prob= -22.96211404945719
	burn in time= 159.98892450332642
	sample time= 226.3941686153412
	contraction err= 3.6374751267251924e-15 1.8576782196051186e-14
nsamples= 8638

Mean energy: -9.05709850e+01
Block size    # of blocks        Mean                Error
     1           8638       -9.05709850e+01       1.611495e-02
     2           4319       -9.05709850e+01       1.681003e-02
     5           1727       -9.05706486e+01       1.833998e-02
    10            863       -9.05708213e+01       2.001703e-02
    20            431       -9.05702154e+01       2.117903e-02
    50            172       -9.05702916e+01       2.182102e-02
    70            123       -9.05698740e+01       2.120432e-02
   100             86       -9.05702916e+01       2.056546e-02
   200             43       -9.05702916e+01       1.861742e-02
   500             17       -9.05734397e+01       1.794845e-02
Stocahstic error estimate: 1.681003e-02

step=9,E=-0.36228393993154945,dE=-0.0006617006613598733,err=6.724011160605528e-05,gmax=0.1708435038828009
	collect g,h time= 0.08889579772949219
	solver time=0.05379605293273926,exit status=0
niter= 41
	g=1.3672341883981405,del=4.901829836781196,dot=1.7326350821153604,x=38.7037465886702

nparam= 12320
	log prob= -24.26637808336578
	burn in time= 160.20855355262756
	sample time= 226.49699211120605
	contraction err= 3.617307624416362e-15 1.7244247503657e-14
nsamples= 8638

Mean energy: -9.07233774e+01
Block size    # of blocks        Mean                Error
     1           8638       -9.07233774e+01       1.506696e-02
     2           4319       -9.07233774e+01       1.593094e-02
     5           1727       -9.07233837e+01       1.744441e-02
    10            863       -9.07232915e+01       1.885190e-02
    20            431       -9.07243688e+01       1.982426e-02
    50            172       -9.07256623e+01       1.973273e-02
    70            123       -9.07244845e+01       2.062628e-02
   100             86       -9.07256623e+01       2.009633e-02
   200             43       -9.07256623e+01       1.993871e-02
   500             17       -9.07254677e+01       1.745526e-02
Stocahstic error estimate: 1.982426e-02

step=10,E=-0.36289350953886357,dE=-0.0006095696073140858,err=7.929702688364297e-05,gmax=0.203178845359278
	collect g,h time= 0.08890151977539062
	solver time=0.05488419532775879,exit status=0
niter= 42
	g=1.2886747646473105,del=4.740463556411455,dot=1.5349352199189188,x=38.703746588670214

nparam= 12320
	log prob= -25.63885677363829
	burn in time= 161.14223408699036
	sample time= 226.42126941680908
	contraction err= 3.652352623867685e-15 1.6340848965167416e-14
nsamples= 8638

Mean energy: -9.08866063e+01
Block size    # of blocks        Mean                Error
     1           8638       -9.08866063e+01       1.466228e-02
     2           4319       -9.08866063e+01       1.528910e-02
     5           1727       -9.08864913e+01       1.647913e-02
    10            863       -9.08868334e+01       1.786974e-02
    20            431       -9.08873260e+01       1.858950e-02
    50            172       -9.08870806e+01       1.786125e-02
    70            123       -9.08873446e+01       1.892674e-02
   100             86       -9.08870806e+01       1.746951e-02
   200             43       -9.08870806e+01       1.838807e-02
   500             17       -9.08859252e+01       1.666099e-02
Stocahstic error estimate: 1.528910e-02

step=11,E=-0.36354642510617013,dE=-0.000652915567306593,err=6.11563937771794e-05,gmax=0.3184998969163728
	collect g,h time= 0.08919072151184082
	solver time=0.055299997329711914,exit status=0
niter= 42
	g=1.221146807069214,del=4.738370336600812,dot=1.4717932152706386,x=38.703746588670185

nparam= 12320
	log prob= -27.08149204725547
	burn in time= 161.2076072692871
	sample time= 226.37598991394043
	contraction err= 3.618982778539849e-15 1.599491474272392e-14
nsamples= 8638

Mean energy: -9.10147174e+01
Block size    # of blocks        Mean                Error
     1           8638       -9.10147174e+01       1.427630e-02
     2           4319       -9.10147174e+01       1.511935e-02
     5           1727       -9.10145044e+01       1.698000e-02
    10            863       -9.10144850e+01       1.842444e-02
    20            431       -9.10139276e+01       1.958063e-02
    50            172       -9.10130667e+01       2.098061e-02
    70            123       -9.10135236e+01       2.342854e-02
   100             86       -9.10130667e+01       2.274417e-02
   200             43       -9.10130667e+01       2.266243e-02
   500             17       -9.10144040e+01       2.622505e-02
Stocahstic error estimate: 2.342854e-02

step=12,E=-0.36405886966642464,dE=-0.0005124445602544938,err=9.371416784443117e-05,gmax=0.20235446121921008
	collect g,h time= 0.08862686157226562
	solver time=0.048517704010009766,exit status=0
niter= 37
	g=1.3837571114293052,del=3.594694411270663,dot=1.359137934613134,x=38.70374658867021

nparam= 12320
	log prob= -28.364994009830845
	burn in time= 161.29962015151978
	sample time= 226.4906370639801
	contraction err= 3.662006381805297e-15 2.7716105453823094e-14
nsamples= 8638

Mean energy: -9.11074927e+01
Block size    # of blocks        Mean                Error
     1           8638       -9.11074927e+01       1.488944e-02
     2           4319       -9.11074927e+01       1.571447e-02
     5           1727       -9.11074331e+01       1.790413e-02
    10            863       -9.11071578e+01       1.984762e-02
    20            431       -9.11072996e+01       2.160668e-02
    50            172       -9.11066496e+01       2.401571e-02
    70            123       -9.11068457e+01       2.415565e-02
   100             86       -9.11066496e+01       2.299233e-02
   200             43       -9.11066496e+01       2.627327e-02
   500             17       -9.11038796e+01       3.037670e-02
Stocahstic error estimate: 2.415565e-02

step=13,E=-0.3644299708605048,dE=-0.0003711011940802109,err=9.662261480590955e-05,gmax=0.4679446841272208
	collect g,h time= 0.08857560157775879
	solver time=0.0548098087310791,exit status=0
niter= 42
	g=1.9241883766712466,del=3.8747084013415827,dot=1.5445114086422518,x=38.703746588670185

nparam= 12320
	log prob= -29.721126973466113
	burn in time= 159.88450074195862
	sample time= 226.34782576560974
	contraction err= 3.6920899683339246e-15 1.7157905654366843e-14
nsamples= 8638

Mean energy: -9.12274531e+01
Block size    # of blocks        Mean                Error
     1           8638       -9.12274531e+01       1.358149e-02
     2           4319       -9.12274531e+01       1.453405e-02
     5           1727       -9.12275759e+01       1.651927e-02
    10            863       -9.12270428e+01       1.865328e-02
    20            431       -9.12270755e+01       1.976321e-02
    50            172       -9.12276610e+01       2.047755e-02
    70            123       -9.12278464e+01       2.270251e-02
   100             86       -9.12276610e+01       2.165732e-02
   200             43       -9.12276610e+01       2.240123e-02
   500             17       -9.12245352e+01       1.973697e-02
Stocahstic error estimate: 2.047755e-02

step=14,E=-0.3649098123082343,dE=-0.00047984144772948413,err=8.191019821578509e-05,gmax=0.3189095105580808
	collect g,h time= 0.09032678604125977
	solver time=0.05603313446044922,exit status=0
niter= 43
	g=1.5124509979620837,del=3.5327868597202126,dot=1.2889440170947837,x=38.7037465886702

nparam= 12320
	log prob= -31.110701825934317
	burn in time= 160.04538440704346
	sample time= 226.18965673446655
	contraction err= 3.679551879609442e-15 2.6760077202456342e-14
nsamples= 8638

Mean energy: -9.13429647e+01
Block size    # of blocks        Mean                Error
     1           8638       -9.13429647e+01       1.334620e-02
     2           4319       -9.13429647e+01       1.428002e-02
     5           1727       -9.13433986e+01       1.631698e-02
    10            863       -9.13433773e+01       1.824549e-02
    20            431       -9.13437173e+01       2.042716e-02
    50            172       -9.13469168e+01       2.106153e-02
    70            123       -9.13450868e+01       2.299881e-02
   100             86       -9.13469168e+01       2.208363e-02
   200             43       -9.13469168e+01       2.187863e-02
   500             17       -9.13442307e+01       2.119564e-02
Stocahstic error estimate: 2.106153e-02

step=15,E=-0.36537185863822613,dE=-0.0004620463299917787,err=8.424611278579457e-05,gmax=0.3141042988282834
	collect g,h time= 0.08869338035583496
	solver time=0.05511069297790527,exit status=0
niter= 42
	g=1.5049849959174983,del=2.966302454070764,dot=1.2260948965079723,x=38.70374658867019

nparam= 12320
	log prob= -32.38137116883193
	burn in time= 161.10020780563354
	sample time= 226.46885299682617
	contraction err= 3.717815064253617e-15 3.449150708202306e-14
nsamples= 8638

Mean energy: -9.14644921e+01
Block size    # of blocks        Mean                Error
     1           8638       -9.14644921e+01       1.271846e-02
     2           4319       -9.14644921e+01       1.362730e-02
     5           1727       -9.14645497e+01       1.484345e-02
    10            863       -9.14641586e+01       1.635430e-02
    20            431       -9.14649347e+01       1.719742e-02
    50            172       -9.14633209e+01       1.840439e-02
    70            123       -9.14641395e+01       1.754924e-02
   100             86       -9.14633209e+01       1.774793e-02
   200             43       -9.14633209e+01       1.609966e-02
   500             17       -9.14591068e+01       1.647042e-02
Stocahstic error estimate: 1.840439e-02

step=16,E=-0.36585796859141306,dE=-0.00048610995318693995,err=7.361756312208862e-05,gmax=0.3627499535375387
	collect g,h time= 0.08893895149230957
	solver time=0.05375528335571289,exit status=0
niter= 41
	g=1.6839299561422734,del=2.661486990995327,dot=1.1080657464530181,x=38.7037465886702

nparam= 12320
	log prob= -33.72348823606457
	burn in time= 161.62538313865662
	sample time= 226.29575157165527
	contraction err= 3.749894725667393e-15 2.4981039424123528e-14
nsamples= 8638

Mean energy: -9.15075738e+01
Block size    # of blocks        Mean                Error
     1           8638       -9.15075738e+01       1.244556e-02
     2           4319       -9.15075738e+01       1.324089e-02
     5           1727       -9.15076580e+01       1.501891e-02
    10            863       -9.15080378e+01       1.613929e-02
    20            431       -9.15076784e+01       1.739773e-02
    50            172       -9.15075157e+01       1.791486e-02
    70            123       -9.15078031e+01       1.883075e-02
   100             86       -9.15075157e+01       1.632184e-02
   200             43       -9.15075157e+01       1.667366e-02
   500             17       -9.15107540e+01       1.746445e-02
Stocahstic error estimate: 1.791486e-02

step=17,E=-0.3660302951928529,dE=-0.00017232660143986323,err=7.16594267582368e-05,gmax=0.8253426038170382
	collect g,h time= 0.08902835845947266
	solver time=0.03826403617858887,exit status=0
niter= 29
	g=1.9727192484441407,del=1.5040134369584237,dot=0.8900418587177248,x=38.70374658867019

nparam= 12320
	log prob= -34.511900905280065
	burn in time= 160.44603514671326
	sample time= 226.46424555778503
	contraction err= 3.740352428019805e-15 5.435306343102994e-14
nsamples= 8638

Mean energy: -9.15892367e+01
Block size    # of blocks        Mean                Error
     1           8638       -9.15892367e+01       1.312692e-02
     2           4319       -9.15892367e+01       1.398415e-02
     5           1727       -9.15890662e+01       1.526777e-02
    10            863       -9.15886923e+01       1.671485e-02
    20            431       -9.15877320e+01       1.750694e-02
    50            172       -9.15883827e+01       1.703710e-02
    70            123       -9.15878483e+01       1.691205e-02
   100             86       -9.15883827e+01       1.642637e-02
   200             43       -9.15883827e+01       1.684606e-02
   500             17       -9.15898016e+01       1.890470e-02
Stocahstic error estimate: 1.750694e-02

step=18,E=-0.3663569467410212,dE=-0.0003266515481682859,err=7.002777902092474e-05,gmax=2.283988674732268
	collect g,h time= 0.08879542350769043
	solver time=0.02779984474182129,exit status=0
niter= 21
	g=5.477174552044599,del=1.0163615862601618,dot=0.9265743351643901,x=38.70374658867019

nparam= 12320
	log prob= -35.093606343968034
	burn in time= 160.6458568572998
	sample time= 226.2849259376526
	contraction err= 3.7743871339096024e-15 2.8376171328921524e-14
nsamples= 8638

Mean energy: -9.16207770e+01
Block size    # of blocks        Mean                Error
     1           8638       -9.16207770e+01       1.229017e-02
     2           4319       -9.16207770e+01       1.324201e-02
     5           1727       -9.16203975e+01       1.496944e-02
    10            863       -9.16201568e+01       1.695655e-02
    20            431       -9.16197325e+01       1.768632e-02
    50            172       -9.16205953e+01       1.929339e-02
    70            123       -9.16202133e+01       1.994707e-02
   100             86       -9.16205953e+01       2.076467e-02
   200             43       -9.16205953e+01       1.961512e-02
   500             17       -9.16189969e+01       2.015082e-02
Stocahstic error estimate: 1.768632e-02

step=19,E=-0.36648310783288485,dE=-0.00012616109186365065,err=7.074527423733209e-05,gmax=0.443834850616442
	collect g,h time= 0.08915066719055176
	solver time=0.052330970764160156,exit status=0
niter= 40
	g=1.8018880440974665,del=2.2324753403263435,dot=1.0163615460370274,x=38.7037465886702

nparam= 12320
	log prob= -36.35534055679653
	burn in time= 161.33329796791077
	sample time= 226.1428506374359
	contraction err= 3.779876399060657e-15 2.8521706408525715e-14
nsamples= 8638

Mean energy: -9.16970421e+01
Block size    # of blocks        Mean                Error
     1           8638       -9.16970421e+01       1.286813e-02
     2           4319       -9.16970421e+01       1.389291e-02
     5           1727       -9.16970232e+01       1.592462e-02
    10            863       -9.16969864e+01       1.758413e-02
    20            431       -9.16966777e+01       1.910030e-02
    50            172       -9.16967234e+01       1.939947e-02
    70            123       -9.16969731e+01       2.033266e-02
   100             86       -9.16967234e+01       1.972149e-02
   200             43       -9.16967234e+01       2.161464e-02
   500             17       -9.17000754e+01       1.729010e-02
Stocahstic error estimate: 1.939947e-02

step=20,E=-0.36678816854979385,dE=-0.0003050607169089972,err=7.75978779028969e-05,gmax=2.516936366022982
	collect g,h time= 0.08899617195129395
	solver time=0.014324665069580078,exit status=0
niter= 11
	g=4.174379304473283,del=0.6876652283076659,dot=0.963002077328263,x=38.70374658867019

nparam= 12320
	log prob= -36.668374403457825
	burn in time= 161.36767387390137
	sample time= 226.30040550231934
	contraction err= 3.797073388575116e-15 3.6338605629433225e-14
nsamples= 8638

Mean energy: -9.17603523e+01
Block size    # of blocks        Mean                Error
     1           8638       -9.17603523e+01       1.150100e-02
     2           4319       -9.17603523e+01       1.246125e-02
     5           1727       -9.17613782e+01       1.438615e-02
    10            863       -9.17614648e+01       1.635167e-02
    20            431       -9.17611277e+01       1.763936e-02
    50            172       -9.17641738e+01       1.927287e-02
    70            123       -9.17619688e+01       1.877456e-02
   100             86       -9.17641738e+01       1.885152e-02
   200             43       -9.17641738e+01       1.844053e-02
   500             17       -9.17651482e+01       1.542358e-02
Stocahstic error estimate: 1.927287e-02

step=21,E=-0.3670414093076101,dE=-0.0002532407578162292,err=7.709147302454142e-05,gmax=0.5856090621506063
	collect g,h time= 0.0885157585144043
	solver time=0.05609297752380371,exit status=0
niter= 43
	g=1.9029764084887117,del=1.9548644111652853,dot=0.8701132323959553,x=38.70374658867021

nparam= 12320
	log prob= -37.87182307559945
	burn in time= 159.7743058204651
	sample time= 226.12122702598572
	contraction err= 3.8094869667694435e-15 2.3868928921599766e-14
nsamples= 8638

Mean energy: -9.18288978e+01
Block size    # of blocks        Mean                Error
     1           8638       -9.18288978e+01       1.116973e-02
     2           4319       -9.18288978e+01       1.207811e-02
     5           1727       -9.18287577e+01       1.400375e-02
    10            863       -9.18287038e+01       1.553038e-02
    20            431       -9.18286039e+01       1.741901e-02
    50            172       -9.18336586e+01       1.821119e-02
    70            123       -9.18294259e+01       1.953280e-02
   100             86       -9.18336586e+01       2.005414e-02
   200             43       -9.18336586e+01       2.108076e-02
   500             17       -9.18332322e+01       2.626366e-02
Stocahstic error estimate: 1.821119e-02

step=22,E=-0.3673155912314214,dE=-0.00027418192381128395,err=7.284475114159288e-05,gmax=0.40435788870103195
	collect g,h time= 0.08869814872741699
	solver time=0.057207345962524414,exit status=0
niter= 44
	g=1.8542798074864408,del=2.1499718323350154,dot=0.8766895692999838,x=38.7037465886702

nparam= 12320
	log prob= -39.0803990668042
	burn in time= 160.00186824798584
	sample time= 226.1513340473175
	contraction err= 3.8805001326543606e-15 3.524853533231023e-14
nsamples= 8638

Mean energy: -9.18456213e+01
Block size    # of blocks        Mean                Error
     1           8638       -9.18456213e+01       1.147788e-02
     2           4319       -9.18456213e+01       1.253583e-02
     5           1727       -9.18458388e+01       1.445697e-02
    10            863       -9.18467345e+01       1.618143e-02
    20            431       -9.18478696e+01       1.781473e-02
    50            172       -9.18504903e+01       1.798505e-02
    70            123       -9.18483249e+01       1.886605e-02
   100             86       -9.18504903e+01       1.766073e-02
   200             43       -9.18504903e+01       1.849570e-02
   500             17       -9.18488312e+01       2.388178e-02
Stocahstic error estimate: 1.798505e-02

step=23,E=-0.36738248503971377,dE=-6.689380829237734e-05,err=7.19402178914607e-05,gmax=0.485008578011513
	collect g,h time= 0.08900070190429688
	solver time=0.057062387466430664,exit status=0
niter= 44
	g=2.2753967875212346,del=1.7279868402903136,dot=0.8982310754533882,x=38.703746588670185

nparam= 12320
	log prob= -40.12757333127381
	burn in time= 160.3417432308197
	sample time= 225.99548077583313
	contraction err= 3.8769885057379054e-15 6.463921264685861e-14
nsamples= 8638

Mean energy: -9.19169407e+01
Block size    # of blocks        Mean                Error
     1           8638       -9.19169407e+01       1.131808e-02
     2           4319       -9.19169407e+01       1.241348e-02
     5           1727       -9.19169945e+01       1.432644e-02
    10            863       -9.19168884e+01       1.625406e-02
    20            431       -9.19166209e+01       1.850529e-02
    50            172       -9.19165713e+01       1.782894e-02
    70            123       -9.19164059e+01       1.813302e-02
   100             86       -9.19165713e+01       1.691463e-02
   200             43       -9.19165713e+01       1.601843e-02
   500             17       -9.19159190e+01       1.844740e-02
Stocahstic error estimate: 1.850529e-02

step=24,E=-0.36766776291625003,dE=-0.00028527787653627,err=7.402117876330643e-05,gmax=0.5295354584079046
	collect g,h time= 0.08906960487365723
	solver time=0.03971409797668457,exit status=0
niter= 30
	g=2.5336229950284173,del=1.0166584026216174,dot=0.7605003956704809,x=38.7037465886702

nparam= 12320
	log prob= -40.824090883449436
	burn in time= 160.65490651130676
	sample time= 226.0327649116516
	contraction err= 3.9461938507222704e-15 7.071094137634403e-14
nsamples= 8638

Mean energy: -9.19893042e+01
Block size    # of blocks        Mean                Error
     1           8638       -9.19893042e+01       1.093667e-02
     2           4319       -9.19893042e+01       1.196629e-02
     5           1727       -9.19891140e+01       1.412675e-02
    10            863       -9.19888873e+01       1.598709e-02
    20            431       -9.19887458e+01       1.708156e-02
    50            172       -9.19887505e+01       1.658019e-02
    70            123       -9.19888630e+01       1.631015e-02
   100             86       -9.19887505e+01       1.741912e-02
   200             43       -9.19887505e+01       1.730534e-02
   500             17       -9.19897024e+01       1.911268e-02
Stocahstic error estimate: 1.708156e-02

step=25,E=-0.36795721686877014,dE=-0.00028945395252014805,err=6.832624991420761e-05,gmax=0.722855603957349
	collect g,h time= 0.08899521827697754
	solver time=0.057159423828125,exit status=0
niter= 44
	g=2.693957253974947,del=1.322301866340473,dot=0.7993354282590259,x=38.70374658867019

nparam= 12320
	log prob= -41.841538773218
	burn in time= 160.270494222641
	sample time= 226.04230308532715
	contraction err= 3.9249569065639494e-15 3.607640627578155e-14
nsamples= 8638

Mean energy: -9.20309869e+01
Block size    # of blocks        Mean                Error
     1           8638       -9.20309869e+01       1.138104e-02
     2           4319       -9.20309869e+01       1.215916e-02
     5           1727       -9.20308838e+01       1.376605e-02
    10            863       -9.20310551e+01       1.470691e-02
    20            431       -9.20304942e+01       1.578795e-02
    50            172       -9.20298335e+01       1.751505e-02
    70            123       -9.20301416e+01       1.650575e-02
   100             86       -9.20298335e+01       1.765890e-02
   200             43       -9.20298335e+01       1.710374e-02
   500             17       -9.20273775e+01       1.724119e-02
Stocahstic error estimate: 1.751505e-02

step=26,E=-0.36812394746800253,dE=-0.00016673059923238043,err=7.006021867853137e-05,gmax=0.522609466876002
	collect g,h time= 0.08806276321411133
	solver time=0.05360531806945801,exit status=0
niter= 41
	g=2.3612626529851166,del=1.2285381654875802,dot=0.8602836187017795,x=38.7037465886702

nparam= 12320
	log prob= -42.7200983448495
	burn in time= 160.31475806236267
	sample time= 225.94060111045837
	contraction err= 3.981122118808141e-15 5.0121838765384375e-14
nsamples= 8638

Mean energy: -9.20780377e+01
Block size    # of blocks        Mean                Error
     1           8638       -9.20780377e+01       1.035066e-02
     2           4319       -9.20780377e+01       1.118645e-02
     5           1727       -9.20780174e+01       1.245396e-02
    10            863       -9.20782612e+01       1.420889e-02
    20            431       -9.20787653e+01       1.526677e-02
    50            172       -9.20786168e+01       1.564833e-02
    70            123       -9.20786751e+01       1.514348e-02
   100             86       -9.20786168e+01       1.570407e-02
   200             43       -9.20786168e+01       1.740974e-02
   500             17       -9.20796325e+01       1.584901e-02
Stocahstic error estimate: 1.564833e-02

step=27,E=-0.3683121507274045,dE=-0.00018820325940191652,err=6.259330959242087e-05,gmax=0.380747705053885
	collect g,h time= 0.08851003646850586
	solver time=0.04636359214782715,exit status=0
niter= 35
	g=2.339658759825988,del=0.9334067448158503,dot=0.6377477021113804,x=38.7037465886702

nparam= 12320
	log prob= -43.44783877941326
	burn in time= 157.9300410747528
	sample time= 225.98556995391846
	contraction err= 3.986284327871073e-15 4.8877589070052193e-14
nsamples= 8638

Mean energy: -9.21118948e+01
Block size    # of blocks        Mean                Error
     1           8638       -9.21118948e+01       1.061710e-02
     2           4319       -9.21118948e+01       1.164791e-02
     5           1727       -9.21120016e+01       1.342414e-02
    10            863       -9.21121929e+01       1.505540e-02
    20            431       -9.21129104e+01       1.667036e-02
    50            172       -9.21148754e+01       1.638804e-02
    70            123       -9.21148418e+01       1.589442e-02
   100             86       -9.21148754e+01       1.634217e-02
   200             43       -9.21148754e+01       1.548299e-02
   500             17       -9.21136557e+01       1.651079e-02
Stocahstic error estimate: 1.667036e-02

step=28,E=-0.3684475793063817,dE=-0.0001354285789772689,err=6.668144453069876e-05,gmax=0.6685185043716142
	collect g,h time= 0.08899235725402832
	solver time=0.05224251747131348,exit status=0
niter= 40
	g=3.176255272975093,del=1.0332355157685622,dot=0.7322955548786094,x=38.703746588670214

nparam= 12320
	log prob= -44.23056377660227
	burn in time= 157.3886456489563
	sample time= 225.77572679519653
	contraction err= 4.0226139363053125e-15 3.1488249132199065e-14
nsamples= 8638

Mean energy: -9.21608189e+01
Block size    # of blocks        Mean                Error
     1           8638       -9.21608189e+01       9.985451e-03
     2           4319       -9.21608189e+01       1.088978e-02
     5           1727       -9.21609926e+01       1.245112e-02
    10            863       -9.21611582e+01       1.419801e-02
    20            431       -9.21609499e+01       1.482689e-02
    50            172       -9.21615335e+01       1.429816e-02
    70            123       -9.21607003e+01       1.550466e-02
   100             86       -9.21615335e+01       1.494177e-02
   200             43       -9.21615335e+01       1.411305e-02
   500             17       -9.21614237e+01       1.628802e-02
Stocahstic error estimate: 1.482689e-02

step=29,E=-0.36864327543678893,dE=-0.0001956961304072138,err=5.93075486028872e-05,gmax=0.8118130775420482
	collect g,h time= 0.08879470825195312
	solver time=0.0571134090423584,exit status=0
niter= 44
	g=2.7530065296489385,del=1.055003492068519,dot=0.6453683481041508,x=38.703746588670214

nparam= 12320
	log prob= -45.0634287109743
	burn in time= 158.3476984500885
	sample time= 225.90819549560547
	contraction err= 4.065945061441504e-15 8.166569664762046e-14
nsamples= 8638

Mean energy: -9.22107511e+01
Block size    # of blocks        Mean                Error
     1           8638       -9.22107511e+01       9.807772e-03
     2           4319       -9.22107511e+01       1.061180e-02
     5           1727       -9.22106723e+01       1.181122e-02
    10            863       -9.22107904e+01       1.323051e-02
    20            431       -9.22121861e+01       1.419047e-02
    50            172       -9.22134977e+01       1.432518e-02
    70            123       -9.22133443e+01       1.443086e-02
   100             86       -9.22134977e+01       1.499456e-02
   200             43       -9.22134977e+01       1.508681e-02
   500             17       -9.22137936e+01       1.559226e-02
Stocahstic error estimate: 1.432518e-02

step=30,E=-0.3688430042015813,dE=-0.0001997287647923258,err=5.730070069477917e-05,gmax=0.5806276868452613
	collect g,h time= 0.08881258964538574
	solver time=0.0444488525390625,exit status=0
niter= 34
	g=3.2260683907031615,del=0.5279997531336973,dot=0.5178437186303715,x=38.70374658867019

nparam= 12320
	log prob= -45.49580434641731
	burn in time= 158.15485262870789
	sample time= 225.7653832435608
	contraction err= 4.078882889296795e-15 5.6985987032651e-14
nsamples= 8638

Mean energy: -9.22579548e+01
Block size    # of blocks        Mean                Error
     1           8638       -9.22579548e+01       9.676201e-03
     2           4319       -9.22579548e+01       1.040389e-02
     5           1727       -9.22580378e+01       1.153795e-02
    10            863       -9.22579896e+01       1.291340e-02
    20            431       -9.22581121e+01       1.429606e-02
    50            172       -9.22578091e+01       1.646694e-02
    70            123       -9.22580495e+01       1.486471e-02
   100             86       -9.22578091e+01       1.600090e-02
   200             43       -9.22578091e+01       1.810489e-02
   500             17       -9.22565990e+01       2.220248e-02
Stocahstic error estimate: 1.646694e-02

step=31,E=-0.36903181901461635,dE=-0.00018881481303509418,err=6.586777869829805e-05,gmax=0.5365169036283408
	collect g,h time= 0.08835721015930176
	solver time=0.05805826187133789,exit status=0
niter= 45
	g=2.626533548649857,del=1.0044162466168447,dot=0.6162278531515246,x=38.70374658867021

nparam= 12320
	log prob= -46.33159662248266
	burn in time= 158.87733554840088
	sample time= 225.77809858322144
	contraction err= 4.1418738850353635e-15 7.797341079607525e-14
nsamples= 8638

Mean energy: -9.22706169e+01
Block size    # of blocks        Mean                Error
     1           8638       -9.22706169e+01       9.737763e-03
     2           4319       -9.22706169e+01       1.066566e-02
     5           1727       -9.22708137e+01       1.239013e-02
    10            863       -9.22706572e+01       1.378823e-02
    20            431       -9.22706047e+01       1.457908e-02
    50            172       -9.22702861e+01       1.573535e-02
    70            123       -9.22704936e+01       1.532053e-02
   100             86       -9.22702861e+01       1.653960e-02
   200             43       -9.22702861e+01       1.471142e-02
   500             17       -9.22728839e+01       1.105587e-02
Stocahstic error estimate: 1.573535e-02

step=32,E=-0.36908246766243913,dE=-5.064864782275436e-05,err=6.29414026120923e-05,gmax=1.2111971971490725
	collect g,h time= 0.08862113952636719
	solver time=0.05447888374328613,exit status=0
niter= 42
	g=3.506944368329634,del=0.6854903357072328,dot=0.5687530917749417,x=38.7037465886702

nparam= 12320
	log prob= -46.944811827377556
	burn in time= 158.96486234664917
	sample time= 225.75775456428528
	contraction err= 4.161470104762869e-15 9.925729681030727e-14
nsamples= 8638

Mean energy: -9.22946688e+01
Block size    # of blocks        Mean                Error
     1           8638       -9.22946688e+01       9.439925e-03
     2           4319       -9.22946688e+01       1.038076e-02
     5           1727       -9.22949143e+01       1.224849e-02
    10            863       -9.22957260e+01       1.356257e-02
    20            431       -9.22959414e+01       1.461975e-02
    50            172       -9.22964713e+01       1.568410e-02
    70            123       -9.22965266e+01       1.640429e-02
   100             86       -9.22964713e+01       1.518757e-02
   200             43       -9.22964713e+01       1.386962e-02
   500             17       -9.22949439e+01       1.243610e-02
Stocahstic error estimate: 1.640429e-02

step=33,E=-0.36917867500298485,dE=-9.620734054573177e-05,err=6.56171458961214e-05,gmax=0.9138874131520005
	collect g,h time= 0.08899736404418945
	solver time=0.04829001426696777,exit status=0
niter= 37
	g=3.0726502554159403,del=0.5417894651567744,dot=0.4941358217788542,x=38.7037465886702

nparam= 12320
	log prob= -47.4143772552684
	burn in time= 158.9818606376648
	sample time= 225.72394227981567
	contraction err= 4.123831592105926e-15 6.533792000629505e-14
nsamples= 8638

Mean energy: -9.23329611e+01
Block size    # of blocks        Mean                Error
     1           8638       -9.23329611e+01       9.294025e-03
     2           4319       -9.23329611e+01       1.017324e-02
     5           1727       -9.23331398e+01       1.186037e-02
    10            863       -9.23336683e+01       1.323341e-02
    20            431       -9.23345180e+01       1.426768e-02
    50            172       -9.23344235e+01       1.500642e-02
    70            123       -9.23348110e+01       1.527476e-02
   100             86       -9.23344235e+01       1.546175e-02
   200             43       -9.23344235e+01       1.600699e-02
   500             17       -9.23319442e+01       1.612716e-02
Stocahstic error estimate: 1.527476e-02

step=34,E=-0.3693318442826732,dE=-0.0001531692796883135,err=6.109904329681568e-05,gmax=0.7505015055292539
	collect g,h time= 0.08843350410461426
	solver time=0.05695056915283203,exit status=0
niter= 44
	g=2.881731663121082,del=0.7963623879994878,dot=0.5360281026028111,x=38.70374658867021

nparam= 12320
	log prob= -48.13031026792903
	burn in time= 157.8183810710907
	sample time= 225.63431572914124
	contraction err= 4.167084297194131e-15 7.837323320176961e-14
nsamples= 8638

Mean energy: -9.23667301e+01
Block size    # of blocks        Mean                Error
     1           8638       -9.23667301e+01       9.166242e-03
     2           4319       -9.23667301e+01       1.015031e-02
     5           1727       -9.23669429e+01       1.208693e-02
    10            863       -9.23669478e+01       1.399265e-02
    20            431       -9.23680386e+01       1.483617e-02
    50            172       -9.23693881e+01       1.661497e-02
    70            123       -9.23689816e+01       1.701426e-02
   100             86       -9.23693881e+01       1.811413e-02
   200             43       -9.23693881e+01       1.959038e-02
   500             17       -9.23668932e+01       1.831149e-02
Stocahstic error estimate: 1.701426e-02

step=35,E=-0.3694669202336517,dE=-0.0001350759509785462,err=6.805702279286479e-05,gmax=0.8717629692612192
	collect g,h time= 0.08902978897094727
	solver time=0.05210399627685547,exit status=0
niter= 40
	g=3.295541105571907,del=0.626939656926313,dot=0.49560997940584195,x=38.70374658867021

nparam= 12320
	log prob= -48.68981779232776
	burn in time= 157.70345854759216
	sample time= 225.6285378932953
	contraction err= 4.160836334849683e-15 5.307621139720107e-14
nsamples= 8638

Mean energy: -9.23975971e+01
Block size    # of blocks        Mean                Error
     1           8638       -9.23975971e+01       9.051010e-03
     2           4319       -9.23975971e+01       1.003571e-02
     5           1727       -9.23976054e+01       1.145621e-02
    10            863       -9.23973370e+01       1.278448e-02
    20            431       -9.23976669e+01       1.315593e-02
    50            172       -9.23975991e+01       1.445313e-02
    70            123       -9.23976329e+01       1.507651e-02
   100             86       -9.23975991e+01       1.573444e-02
   200             43       -9.23975991e+01       1.749885e-02
   500             17       -9.23969661e+01       1.556112e-02
Stocahstic error estimate: 1.315593e-02

step=36,E=-0.3695903882622422,dE=-0.00012346802859053695,err=5.262370840120868e-05,gmax=0.711522514794992
	collect g,h time= 0.08896780014038086
	solver time=0.05661320686340332,exit status=0
niter= 44
	g=3.6058922498680688,del=0.6411425453079159,dot=0.495126780809375,x=38.7037465886702

nparam= 12320
	log prob= -49.3032241820036
	burn in time= 158.99095249176025
	sample time= 225.64776015281677
	contraction err= 4.333998227224739e-15 1.0282433787126622e-13
nsamples= 8638

Mean energy: -9.24268244e+01
Block size    # of blocks        Mean                Error
     1           8638       -9.24268244e+01       1.013524e-02
     2           4319       -9.24268244e+01       1.088418e-02
     5           1727       -9.24266066e+01       1.234387e-02
    10            863       -9.24271949e+01       1.361317e-02
    20            431       -9.24272310e+01       1.463717e-02
    50            172       -9.24275364e+01       1.578919e-02
    70            123       -9.24273381e+01       1.549018e-02
   100             86       -9.24275364e+01       1.524410e-02
   200             43       -9.24275364e+01       1.458288e-02
   500             17       -9.24301555e+01       1.701447e-02
Stocahstic error estimate: 1.578919e-02

step=37,E=-0.36970729774139083,dE=-0.00011690947914860317,err=6.315675028424159e-05,gmax=4.410469603891558
	collect g,h time= 0.08858036994934082
	solver time=0.03287005424499512,exit status=0
niter= 25
	g=6.982401737013094,del=0.4702173832925227,dot=0.6649694868814888,x=38.70374658867019

nparam= 12320
	log prob= -49.66672980096755
	burn in time= 158.24566435813904
	sample time= 225.45743250846863
	contraction err= 4.325157140976767e-15 5.694044703704316e-14
nsamples= 8638

Mean energy: -9.24220755e+01
Block size    # of blocks        Mean                Error
     1           8638       -9.24220755e+01       9.174081e-03
     2           4319       -9.24220755e+01       1.001393e-02
     5           1727       -9.24218833e+01       1.173940e-02
    10            863       -9.24215929e+01       1.303109e-02
    20            431       -9.24213841e+01       1.334861e-02
    50            172       -9.24208224e+01       1.438778e-02
    70            123       -9.24210605e+01       1.440766e-02
   100             86       -9.24208224e+01       1.340492e-02
   200             43       -9.24208224e+01       1.475336e-02
   500             17       -9.24194719e+01       1.875252e-02
Stocahstic error estimate: 1.334861e-02

step=38,E=-0.369688302041852,dE=1.8995699538834286e-05,err=5.339443534873765e-05,gmax=0.5559493112901043
	collect g,h time= 0.08870697021484375
	solver time=0.053174495697021484,exit status=0
niter= 41
	g=3.0551464108044506,del=0.5764608597067189,dot=0.49890796479619826,x=38.703746588670214

nparam= 12320
	log prob= -50.18532067606358
	burn in time= 158.39106345176697
	sample time= 225.36859893798828
	contraction err= 4.310093060378369e-15 4.6054589243151856e-14
nsamples= 8638

Mean energy: -9.24273468e+01
Block size    # of blocks        Mean                Error
     1           8638       -9.24273468e+01       9.542140e-03
     2           4319       -9.24273468e+01       1.071480e-02
     5           1727       -9.24273166e+01       1.282282e-02
    10            863       -9.24273160e+01       1.480644e-02
    20            431       -9.24275133e+01       1.561786e-02
    50            172       -9.24272672e+01       1.738338e-02
    70            123       -9.24273551e+01       1.797438e-02
   100             86       -9.24272672e+01       1.698382e-02
   200             43       -9.24272672e+01       1.756678e-02
   500             17       -9.24279622e+01       1.725584e-02
Stocahstic error estimate: 1.797438e-02

step=39,E=-0.36970938735116954,dE=-2.108530931752739e-05,err=7.189752743359717e-05,gmax=1.0102957493540217
	collect g,h time= 0.08864450454711914
	solver time=0.06144905090332031,exit status=0
niter= 48
	g=4.341834238472971,del=0.6237321038198999,dot=0.571266644228714,x=38.7037465886702

nparam= 12320
	log prob= -50.75051959926947
	burn in time= 157.90983510017395
	sample time= 225.46965718269348
	contraction err= 4.397242141930051e-15 8.109091492189323e-14
nsamples= 8638

Mean energy: -9.24697190e+01
Block size    # of blocks        Mean                Error
     1           8638       -9.24697190e+01       9.248925e-03
     2           4319       -9.24697190e+01       1.033690e-02
     5           1727       -9.24695675e+01       1.233787e-02
    10            863       -9.24699332e+01       1.423955e-02
    20            431       -9.24696992e+01       1.542139e-02
    50            172       -9.24691769e+01       1.713716e-02
    70            123       -9.24697234e+01       1.755580e-02
   100             86       -9.24691769e+01       1.777161e-02
   200             43       -9.24691769e+01       1.900770e-02
   500             17       -9.24705202e+01       1.861301e-02
Stocahstic error estimate: 1.755580e-02

step=40,E=-0.3698788761516603,dE=-0.00016948880049079661,err=7.02231872240475e-05,gmax=1.4296245668041863
	collect g,h time= 0.08880853652954102
	solver time=0.05934023857116699,exit status=0
niter= 46
	g=4.575669568358901,del=0.5154637585640406,dot=0.5206804353520667,x=38.70374658867021

nparam= 12320
	log prob= -51.21781947812598
	burn in time= 158.985004901886
	sample time= 225.31985902786255
	contraction err= 4.389078621073353e-15 5.5621577156088816e-14
nsamples= 8638

Mean energy: -9.24750851e+01
Block size    # of blocks        Mean                Error
     1           8638       -9.24750851e+01       9.030588e-03
     2           4319       -9.24750851e+01       1.013566e-02
     5           1727       -9.24751243e+01       1.196670e-02
    10            863       -9.24750060e+01       1.365395e-02
    20            431       -9.24749309e+01       1.482973e-02
    50            172       -9.24743256e+01       1.654120e-02
    70            123       -9.24745416e+01       1.663342e-02
   100             86       -9.24743256e+01       1.734807e-02
   200             43       -9.24743256e+01       1.668204e-02
   500             17       -9.24777123e+01       1.884482e-02
Stocahstic error estimate: 1.663342e-02

step=41,E=-0.36990034059221594,dE=-2.1464440555575947e-05,err=6.653368044130461e-05,gmax=4.109961069246893
	collect g,h time= 0.08873105049133301
	solver time=0.02070927619934082,exit status=0
niter= 16
	g=6.229508060550368,del=0.6826639110000227,dot=0.893821783511894,x=38.7037465886702

nparam= 12320
	log prob= -51.64014040026602
	burn in time= 158.2831540107727
	sample time= 225.23729467391968
	contraction err= 4.437586558152556e-15 6.916947885760141e-14
nsamples= 8638

Mean energy: -9.24938203e+01
Block size    # of blocks        Mean                Error
     1           8638       -9.24938203e+01       9.399798e-03
     2           4319       -9.24938203e+01       1.056712e-02
     5           1727       -9.24937208e+01       1.283414e-02
    10            863       -9.24938896e+01       1.458728e-02
    20            431       -9.24935167e+01       1.625956e-02
    50            172       -9.24932590e+01       1.727180e-02
    70            123       -9.24934260e+01       1.768890e-02
   100             86       -9.24932590e+01       1.752267e-02
   200             43       -9.24932590e+01       1.818593e-02
   500             17       -9.24939158e+01       1.772281e-02
Stocahstic error estimate: 1.768890e-02

step=42,E=-0.3699752813446613,dE=-7.49407524454e-05,err=7.075558475020194e-05,gmax=2.3730360400178796
	collect g,h time= 0.08932948112487793
	solver time=0.04076743125915527,exit status=0
niter= 31
	g=5.6496015101433255,del=0.45504798906091654,dot=0.5513236942996931,x=38.703746588670214

nparam= 12320
	log prob= -52.05054800820063
	burn in time= 158.2769956588745
	sample time= 225.30490899085999
	contraction err= 4.48722327010566e-15 8.239235623878963e-14
nsamples= 8638

Mean energy: -9.25357892e+01
Block size    # of blocks        Mean                Error
     1           8638       -9.25357892e+01       9.532227e-03
     2           4319       -9.25357892e+01       1.051786e-02
     5           1727       -9.25357354e+01       1.222435e-02
    10            863       -9.25356730e+01       1.379230e-02
    20            431       -9.25361142e+01       1.498132e-02
    50            172       -9.25360309e+01       1.648635e-02
    70            123       -9.25362940e+01       1.530959e-02
   100             86       -9.25360309e+01       1.712837e-02
   200             43       -9.25360309e+01       1.819403e-02
   500             17       -9.25386842e+01       1.739166e-02
Stocahstic error estimate: 1.648635e-02

step=43,E=-0.3701431569477443,dE=-0.0001678756030829618,err=6.594539290710544e-05,gmax=1.1157465427475017
	collect g,h time= 0.08855342864990234
	solver time=0.05196237564086914,exit status=0
niter= 40
	g=5.167037483145725,del=0.4534915299506066,dot=0.570371142970981,x=38.7037465886702

nparam= 12320
	log prob= -52.4275826833895
	burn in time= 158.14023804664612
	sample time= 225.25994968414307
	contraction err= 4.484523239318855e-15 6.961285607974991e-14
nsamples= 8638

Mean energy: -9.25441442e+01
Block size    # of blocks        Mean                Error
     1           8638       -9.25441442e+01       9.066349e-03
     2           4319       -9.25441442e+01       1.021736e-02
     5           1727       -9.25442907e+01       1.241711e-02
    10            863       -9.25441203e+01       1.429322e-02
    20            431       -9.25436871e+01       1.612306e-02
    50            172       -9.25429137e+01       1.659354e-02
    70            123       -9.25433899e+01       1.773922e-02
   100             86       -9.25429137e+01       1.738291e-02
   200             43       -9.25429137e+01       1.771251e-02
   500             17       -9.25401925e+01       1.430805e-02
Stocahstic error estimate: 1.659354e-02

step=44,E=-0.37017657661556536,dE=-3.3419667821078744e-05,err=6.637414382342718e-05,gmax=1.3443728816668035
	collect g,h time= 0.0889279842376709
	solver time=0.03332376480102539,exit status=0
niter= 25
	g=6.239454350978947,del=0.4873396827735656,dot=0.5987349970019216,x=38.7037465886702

nparam= 12320
	log prob= -52.82809249658261
	burn in time= 158.64709281921387
	sample time= 225.0932126045227
	contraction err= 4.5448148591041835e-15 6.212087284081785e-14
nsamples= 8638

Mean energy: -9.25347154e+01
Block size    # of blocks        Mean                Error
     1           8638       -9.25347154e+01       9.716436e-03
     2           4319       -9.25347154e+01       1.098253e-02
     5           1727       -9.25346062e+01       1.305460e-02
    10            863       -9.25344278e+01       1.493095e-02
    20            431       -9.25350786e+01       1.618598e-02
    50            172       -9.25346951e+01       1.598925e-02
    70            123       -9.25347541e+01       1.694150e-02
   100             86       -9.25346951e+01       1.722084e-02
   200             43       -9.25346951e+01       1.744626e-02
   500             17       -9.25373301e+01       1.872695e-02
Stocahstic error estimate: 1.618598e-02

step=45,E=-0.37013886145306724,dE=3.771516249810247e-05,err=6.474393664038743e-05,gmax=2.8871262388686674
	collect g,h time= 0.08887720108032227
	solver time=0.022188663482666016,exit status=0
niter= 17
	g=9.031560264386268,del=0.802572172512192,dot=1.2058920867804486,x=38.703746588670214

nparam= 12320
	log prob= -53.35982889177229
	burn in time= 159.38065934181213
	sample time= 225.08471822738647
	contraction err= 4.529829814947301e-15 8.5468491960221e-14
nsamples= 8638

Mean energy: -9.25378272e+01
Block size    # of blocks        Mean                Error
     1           8638       -9.25378272e+01       9.696912e-03
     2           4319       -9.25378272e+01       1.105644e-02
     5           1727       -9.25377118e+01       1.344351e-02
    10            863       -9.25376242e+01       1.548974e-02
    20            431       -9.25373500e+01       1.713212e-02
    50            172       -9.25366327e+01       1.770024e-02
    70            123       -9.25368520e+01       1.851767e-02
   100             86       -9.25366327e+01       1.772993e-02
   200             43       -9.25366327e+01       1.781296e-02
   500             17       -9.25431083e+01       1.324648e-02
Stocahstic error estimate: 1.770024e-02

step=46,E=-0.3701513086534775,dE=-1.2447200410235837e-05,err=7.080097825541058e-05,gmax=1.3574208162786832
	collect g,h time= 0.08877277374267578
	solver time=0.04427385330200195,exit status=0
niter= 34
	g=6.577062504207253,del=0.43104004531138757,dot=0.6123928590111594,x=38.703746588670185

nparam= 12320
	log prob= -53.75798505177192
	burn in time= 157.41347193717957
	sample time= 225.07845258712769
	contraction err= 4.51335387511226e-15 1.179270333948491e-13
nsamples= 8638

Mean energy: -9.25999066e+01
Block size    # of blocks        Mean                Error
     1           8638       -9.25999066e+01       9.201035e-03
     2           4319       -9.25999066e+01       1.055346e-02
     5           1727       -9.25996193e+01       1.281619e-02
    10            863       -9.25994194e+01       1.486900e-02
    20            431       -9.25996096e+01       1.677884e-02
    50            172       -9.25994281e+01       1.792516e-02
    70            123       -9.25993384e+01       1.617006e-02
   100             86       -9.25994281e+01       1.521019e-02
   200             43       -9.25994281e+01       1.746556e-02
   500             17       -9.25989869e+01       1.454786e-02
Stocahstic error estimate: 1.792516e-02

step=47,E=-0.3703996264359519,dE=-0.00024831778247443026,err=7.170063104273745e-05,gmax=1.3535359323370173
	collect g,h time= 0.0864250659942627
	solver time=0.05576968193054199,exit status=0
niter= 43
	g=5.809169844567948,del=0.4315844506573577,dot=0.5321723796357549,x=38.7037465886702

nparam= 12320
	log prob= -54.1346321904464
	burn in time= 158.0208375453949
	sample time= 225.01410150527954
	contraction err= 4.5856213684283314e-15 1.8726941938423777e-13
nsamples= 8638

Mean energy: -9.26416917e+01
Block size    # of blocks        Mean                Error
     1           8638       -9.26416917e+01       8.646541e-03
     2           4319       -9.26416917e+01       9.753571e-03
     5           1727       -9.26418194e+01       1.188870e-02
    10            863       -9.26417865e+01       1.386742e-02
    20            431       -9.26413459e+01       1.578045e-02
    50            172       -9.26412638e+01       1.694290e-02
    70            123       -9.26412592e+01       1.796525e-02
   100             86       -9.26412638e+01       1.735968e-02
   200             43       -9.26412638e+01       1.645465e-02
   500             17       -9.26406047e+01       1.715056e-02
Stocahstic error estimate: 1.796525e-02

step=48,E=-0.3705667666696157,dE=-0.0001671402336637584,err=7.18609945452893e-05,gmax=2.6959100383212586
	collect g,h time= 0.08877968788146973
	solver time=0.03794050216674805,exit status=0
niter= 29
	g=6.589554468077511,del=0.4650012322576431,dot=0.5471715652064042,x=38.7037465886702

nparam= 12320
	log prob= -54.50608026560955
	burn in time= 158.06677269935608
	sample time= 224.8573703765869
	contraction err= 4.65146054660324e-15 1.9955430179244008e-13
nsamples= 8638

Mean energy: -9.26652404e+01
Block size    # of blocks        Mean                Error
     1           8638       -9.26652404e+01       8.625941e-03
     2           4319       -9.26652404e+01       9.752328e-03
     5           1727       -9.26651222e+01       1.184354e-02
    10            863       -9.26648515e+01       1.351875e-02
    20            431       -9.26645381e+01       1.412614e-02
    50            172       -9.26641454e+01       1.570031e-02
    70            123       -9.26643342e+01       1.577827e-02
   100             86       -9.26641454e+01       1.588427e-02
   200             43       -9.26641454e+01       1.621014e-02
   500             17       -9.26632059e+01       1.195633e-02
Stocahstic error estimate: 1.412614e-02

step=49,E=-0.3706609615592339,dE=-9.419488961822253e-05,err=5.650456670624204e-05,gmax=1.7445315335720508
	collect g,h time= 0.08906960487365723
	solver time=0.042868614196777344,exit status=0
niter= 33
	g=5.787506532955854,del=0.4365517850410271,dot=0.5127994255758943,x=38.70374658867021

nparam= 12320
	log prob= -54.91424264542309
	burn in time= 157.84727311134338
	sample time= 225.03226852416992
	contraction err= 4.580233826613937e-15 1.0729815786324871e-13
nsamples= 8638

Mean energy: -9.26891428e+01
Block size    # of blocks        Mean                Error
     1           8638       -9.26891428e+01       8.745940e-03
     2           4319       -9.26891428e+01       1.019755e-02
     5           1727       -9.26897302e+01       1.270242e-02
    10            863       -9.26909313e+01       1.496045e-02
    20            431       -9.26917906e+01       1.707405e-02
    50            172       -9.26908678e+01       1.868638e-02
    70            123       -9.26912214e+01       1.887374e-02
   100             86       -9.26908678e+01       1.955727e-02
   200             43       -9.26908678e+01       1.904287e-02
   500             17       -9.26896213e+01       2.039242e-02
Stocahstic error estimate: 1.887374e-02

step=50,E=-0.37075657135060636,dE=-9.560979137245341e-05,err=7.549497219359685e-05,gmax=1.8257635450417027
	collect g,h time= 0.08887815475463867
	solver time=0.048562049865722656,exit status=0
niter= 37
	g=6.725433935585366,del=0.4123578611652631,dot=0.5123105543062776,x=38.7037465886702

nparam= 12320
	log prob= -55.291641065491426
	burn in time= 157.2047474384308
	sample time= 224.8322868347168
	contraction err= 4.6797928717059935e-15 1.2966978859948047e-13
nsamples= 8638

Mean energy: -9.26997334e+01
Block size    # of blocks        Mean                Error
     1           8638       -9.26997334e+01       8.976757e-03
     2           4319       -9.26997334e+01       1.007932e-02
     5           1727       -9.26997182e+01       1.228385e-02
    10            863       -9.26997310e+01       1.424092e-02
    20            431       -9.26992605e+01       1.535962e-02
    50            172       -9.26987872e+01       1.688205e-02
    70            123       -9.26988693e+01       1.635802e-02
   100             86       -9.26987872e+01       1.742003e-02
   200             43       -9.26987872e+01       1.818604e-02
   500             17       -9.26978003e+01       1.936842e-02
Stocahstic error estimate: 1.688205e-02

step=51,E=-0.3707989336356189,dE=-4.236228501252981e-05,err=6.75281893813779e-05,gmax=2.1022980140229492
	collect g,h time= 0.08888411521911621
	solver time=0.04950237274169922,exit status=0
niter= 38
	g=7.135110467508762,del=0.4015986949433364,dot=0.5426288639326551,x=38.703746588670185

nparam= 12320
	log prob= -55.6972067693478
	burn in time= 158.97126960754395
	sample time= 224.76105213165283
	contraction err= 4.7750259053181e-15 1.1261908111417917e-13
nsamples= 8638

Mean energy: -9.27229660e+01
Block size    # of blocks        Mean                Error
     1           8638       -9.27229660e+01       8.289577e-03
     2           4319       -9.27229660e+01       9.283124e-03
     5           1727       -9.27232479e+01       1.136595e-02
    10            863       -9.27231257e+01       1.325441e-02
    20            431       -9.27227297e+01       1.485750e-02
    50            172       -9.27224170e+01       1.642141e-02
    70            123       -9.27228464e+01       1.475505e-02
   100             86       -9.27224170e+01       1.471433e-02
   200             43       -9.27224170e+01       1.515873e-02
   500             17       -9.27261711e+01       1.264489e-02
Stocahstic error estimate: 1.642141e-02

step=52,E=-0.37089186380472106,dE=-9.29301691022033e-05,err=6.568565357382095e-05,gmax=1.270774455362286
	collect g,h time= 0.08939790725708008
	solver time=0.052071571350097656,exit status=0
niter= 40
	g=5.540847951407176,del=0.392851385968854,dot=0.4459844164925604,x=38.70374658867019

nparam= 12320
	log prob= -56.08010007993883
	burn in time= 159.1571478843689
	sample time= 224.72740483283997
	contraction err= 4.7881166064973905e-15 7.991104141871408e-14
nsamples= 8638

Mean energy: -9.27310806e+01
Block size    # of blocks        Mean                Error
     1           8638       -9.27310806e+01       8.509127e-03
     2           4319       -9.27310806e+01       9.673419e-03
     5           1727       -9.27311466e+01       1.200012e-02
    10            863       -9.27312922e+01       1.384835e-02
    20            431       -9.27314726e+01       1.569626e-02
    50            172       -9.27305633e+01       1.708739e-02
    70            123       -9.27307695e+01       1.602561e-02
   100             86       -9.27305633e+01       1.620709e-02
   200             43       -9.27305633e+01       1.499340e-02
   500             17       -9.27309771e+01       1.434651e-02
Stocahstic error estimate: 1.708739e-02

step=53,E=-0.37092432241688744,dE=-3.2458612166351485e-05,err=6.834957472664216e-05,gmax=2.249596052653544
	collect g,h time= 0.08855438232421875
	solver time=0.043201446533203125,exit status=0
niter= 33
	g=6.959354056849215,del=0.41942478841873215,dot=0.5064943148125255,x=38.7037465886702

nparam= 12320
	log prob= -56.467001352298404
	burn in time= 157.3588080406189
	sample time= 224.68502569198608
	contraction err= 4.8545576646525164e-15 9.318718496352532e-14
nsamples= 8638

Mean energy: -9.27266848e+01
Block size    # of blocks        Mean                Error
     1           8638       -9.27266848e+01       9.659733e-03
     2           4319       -9.27266848e+01       1.081425e-02
     5           1727       -9.27271378e+01       1.273753e-02
    10            863       -9.27279415e+01       1.462154e-02
    20            431       -9.27295597e+01       1.570055e-02
    50            172       -9.27290365e+01       1.644681e-02
    70            123       -9.27293758e+01       1.664152e-02
   100             86       -9.27290365e+01       1.559055e-02
   200             43       -9.27290365e+01       1.479139e-02
   500             17       -9.27296981e+01       1.428186e-02
Stocahstic error estimate: 1.644681e-02

step=54,E=-0.3709067393277939,dE=1.7583089093534454e-05,err=6.578723444604262e-05,gmax=2.898467475380727
	collect g,h time= 0.08878684043884277
	solver time=0.044660091400146484,exit status=0
niter= 34
	g=7.22810932746902,del=0.5967948527566903,dot=0.7685210504221983,x=38.703746588670214

nparam= 12320
	log prob= -56.805758875511444
	burn in time= 158.07492542266846
	sample time= 224.76000499725342
	contraction err= 4.8514902753516326e-15 9.502660462376208e-14
nsamples= 8638

Mean energy: -9.27462381e+01
Block size    # of blocks        Mean                Error
     1           8638       -9.27462381e+01       8.304960e-03
     2           4319       -9.27462381e+01       9.475152e-03
     5           1727       -9.27461774e+01       1.140733e-02
    10            863       -9.27464081e+01       1.303630e-02
    20            431       -9.27462313e+01       1.389993e-02
    50            172       -9.27455105e+01       1.517377e-02
    70            123       -9.27460470e+01       1.523516e-02
   100             86       -9.27455105e+01       1.652098e-02
   200             43       -9.27455105e+01       1.741103e-02
   500             17       -9.27448006e+01       1.554826e-02
Stocahstic error estimate: 1.523516e-02

step=55,E=-0.3709849524861581,dE=-7.821315836417852e-05,err=6.0940636717379236e-05,gmax=1.9325739439984346
	collect g,h time= 0.08886051177978516
	solver time=0.05192422866821289,exit status=0
niter= 40
	g=6.352502863050891,del=0.4040234843496539,dot=0.48628266294009115,x=38.70374658867022

nparam= 12320
	log prob= -57.19965329343555
	burn in time= 158.25308990478516
	sample time= 224.57389783859253
	contraction err= 5.009784627920627e-15 9.082167224738923e-14
nsamples= 8638

Mean energy: -9.27486485e+01
Block size    # of blocks        Mean                Error
     1           8638       -9.27486485e+01       8.428317e-03
     2           4319       -9.27486485e+01       9.689147e-03
     5           1727       -9.27486799e+01       1.208890e-02
    10            863       -9.27488608e+01       1.433916e-02
    20            431       -9.27489404e+01       1.641715e-02
    50            172       -9.27490990e+01       1.789427e-02
    70            123       -9.27489768e+01       1.672703e-02
   100             86       -9.27490990e+01       1.818665e-02
   200             43       -9.27490990e+01       1.816189e-02
   500             17       -9.27474220e+01       1.927901e-02
Stocahstic error estimate: 1.789427e-02

step=56,E=-0.37099459396547163,dE=-9.641479313529544e-06,err=7.157707656644886e-05,gmax=2.3380213067457873
	collect g,h time= 0.0887916088104248
	solver time=0.04809427261352539,exit status=0
niter= 37
	g=7.811951982706635,del=0.4017849388497277,dot=0.5010479404505995,x=38.70374658867021

nparam= 12320
	log prob= -57.59841892155307
	burn in time= 157.61042141914368
	sample time= 224.73236632347107
	contraction err= 4.894079998765932e-15 8.983143965297488e-14
nsamples= 8638

Mean energy: -9.27470569e+01
Block size    # of blocks        Mean                Error
     1           8638       -9.27470569e+01       8.881640e-03
     2           4319       -9.27470569e+01       1.044378e-02
     5           1727       -9.27473853e+01       1.348395e-02
    10            863       -9.27473223e+01       1.613181e-02
    20            431       -9.27481378e+01       1.849511e-02
    50            172       -9.27479531e+01       2.090500e-02
    70            123       -9.27481464e+01       2.041597e-02
   100             86       -9.27479531e+01       2.018456e-02
   200             43       -9.27479531e+01       2.125457e-02
   500             17       -9.27454989e+01       2.855360e-02
Stocahstic error estimate: 2.090500e-02

step=57,E=-0.37098822761103123,dE=6.366354440388022e-06,err=8.361998956968032e-05,gmax=1.7111865276196738
	collect g,h time= 0.08890867233276367
	solver time=0.04809904098510742,exit status=0
niter= 37
	g=8.801637601036662,del=0.3847169475453847,dot=0.5597619735944216,x=38.70374658867021

nparam= 12320
	log prob= -57.93224798560049
	burn in time= 157.49650049209595
	sample time= 224.7201578617096
	contraction err= 5.069811863290418e-15 8.605243955040804e-14
nsamples= 8638

Mean energy: -9.27455185e+01
Block size    # of blocks        Mean                Error
     1           8638       -9.27455185e+01       8.833477e-03
     2           4319       -9.27455185e+01       1.024134e-02
     5           1727       -9.27456081e+01       1.280054e-02
    10            863       -9.27460294e+01       1.540384e-02
    20            431       -9.27465201e+01       1.736222e-02
    50            172       -9.27461231e+01       1.668355e-02
    70            123       -9.27460534e+01       1.624914e-02
   100             86       -9.27461231e+01       1.682967e-02
   200             43       -9.27461231e+01       1.705736e-02
   500             17       -9.27456508e+01       2.017232e-02
Stocahstic error estimate: 1.736222e-02

step=58,E=-0.37098207412552653,dE=6.153485504682976e-06,err=6.944887043106402e-05,gmax=4.083075516873464
	collect g,h time= 0.08904600143432617
	solver time=0.04195356369018555,exit status=0
niter= 32
	g=9.598796327905982,del=0.4479052910005505,dot=0.6173262921802563,x=38.7037465886702

nparam= 12320
	log prob= -58.28398360833142
	burn in time= 156.77583384513855
	sample time= 224.52397775650024
	contraction err= 5.0845748163129395e-15 1.136796227588749e-13
nsamples= 8638

Mean energy: -9.27684570e+01
Block size    # of blocks        Mean                Error
     1           8638       -9.27684570e+01       8.745422e-03
     2           4319       -9.27684570e+01       1.034463e-02
     5           1727       -9.27690913e+01       1.322122e-02
    10            863       -9.27697459e+01       1.601512e-02
    20            431       -9.27711408e+01       1.818404e-02
    50            172       -9.27707623e+01       2.010997e-02
    70            123       -9.27707781e+01       1.910249e-02
   100             86       -9.27707623e+01       2.129199e-02
   200             43       -9.27707623e+01       1.917984e-02
   500             17       -9.27700169e+01       1.817569e-02
Stocahstic error estimate: 2.010997e-02

step=59,E=-0.37107382817599094,dE=-9.175405046437391e-05,err=8.043989926953492e-05,gmax=2.879648190984881
	collect g,h time= 0.08877444267272949
	solver time=0.05304741859436035,exit status=0
niter= 41
	g=9.42976579746112,del=0.36940438783204255,dot=0.5393554113476084,x=38.70374658867019

nparam= 12320
	log prob= -58.621751371343464
	burn in time= 158.19536805152893
	sample time= 224.50701332092285
	contraction err= 5.154641447293135e-15 1.36233656772971e-13
nsamples= 8638

Mean energy: -9.28226074e+01
Block size    # of blocks        Mean                Error
     1           8638       -9.28226074e+01       8.148417e-03
     2           4319       -9.28226074e+01       9.372541e-03
     5           1727       -9.28235334e+01       1.152370e-02
    10            863       -9.28246623e+01       1.334987e-02
    20            431       -9.28250847e+01       1.540362e-02
    50            172       -9.28249037e+01       1.764547e-02
    70            123       -9.28250924e+01       1.683264e-02
   100             86       -9.28249037e+01       1.782565e-02
   200             43       -9.28249037e+01       1.907473e-02
   500             17       -9.28243511e+01       1.555564e-02
Stocahstic error estimate: 1.764547e-02

step=60,E=-0.3712904296776357,dE=-0.00021660150164478864,err=7.058186502135017e-05,gmax=1.8895246176690037
	collect g,h time= 0.08862805366516113
	solver time=0.0469205379486084,exit status=0
niter= 36
	g=7.26701717487943,del=0.3634664138912354,dot=0.4586684014044767,x=38.70374658867021

nparam= 12320
	log prob= -59.004370229429185
	burn in time= 156.9949140548706
	sample time= 224.52068853378296
	contraction err= 5.114275407740278e-15 1.539988498559799e-13
nsamples= 8638

Mean energy: -9.28154937e+01
Block size    # of blocks        Mean                Error
     1           8638       -9.28154937e+01       8.577340e-03
     2           4319       -9.28154937e+01       1.027499e-02
     5           1727       -9.28155077e+01       1.350104e-02
    10            863       -9.28157521e+01       1.626520e-02
    20            431       -9.28154523e+01       1.874654e-02
    50            172       -9.28154304e+01       1.874089e-02
    70            123       -9.28154078e+01       1.860463e-02
   100             86       -9.28154304e+01       1.952708e-02
   200             43       -9.28154304e+01       1.754640e-02
   500             17       -9.28158177e+01       1.815201e-02
Stocahstic error estimate: 1.874654e-02

step=61,E=-0.3712619746863424,dE=2.8454991293301644e-05,err=7.498617567371532e-05,gmax=2.360998681830651
	collect g,h time= 0.08929252624511719
	solver time=0.04961872100830078,exit status=0
niter= 38
	g=9.6098239662023,del=0.3695984793997735,dot=0.5314013411517398,x=38.70374658867021

nparam= 12320
	log prob= -59.30405218773143
	burn in time= 157.04401969909668
	sample time= 224.38307905197144
	contraction err= 5.083571269505466e-15 1.1358977789446467e-13
nsamples= 8638

Mean energy: -9.28044196e+01
Block size    # of blocks        Mean                Error
     1           8638       -9.28044196e+01       8.750878e-03
     2           4319       -9.28044196e+01       1.052593e-02
     5           1727       -9.28042247e+01       1.382668e-02
    10            863       -9.28040893e+01       1.686252e-02
    20            431       -9.28039720e+01       1.864093e-02
    50            172       -9.28036017e+01       2.000463e-02
    70            123       -9.28036459e+01       2.077100e-02
   100             86       -9.28036017e+01       2.060695e-02
   200             43       -9.28036017e+01       2.589124e-02
   500             17       -9.28068962e+01       2.539274e-02
Stocahstic error estimate: 2.077100e-02

step=62,E=-0.3712176783057383,dE=4.42963806040666e-05,err=8.308401313420571e-05,gmax=3.534948764618292
	collect g,h time= 0.08843708038330078
	solver time=0.0505528450012207,exit status=0
niter= 39
	g=10.977282083000933,del=0.36150522967550824,dot=0.563546129862302,x=38.7037465886702

nparam= 12320
	log prob= -59.641121690089406
	burn in time= 158.0539150238037
	sample time= 224.29683470726013
	contraction err= 5.323358304886666e-15 1.523227733064844e-13
nsamples= 8638

Mean energy: -9.28144008e+01
Block size    # of blocks        Mean                Error
     1           8638       -9.28144008e+01       9.191313e-03
     2           4319       -9.28144008e+01       1.068046e-02
     5           1727       -9.28143900e+01       1.332675e-02
    10            863       -9.28143207e+01       1.562090e-02
    20            431       -9.28144536e+01       1.770432e-02
    50            172       -9.28147458e+01       1.773422e-02
    70            123       -9.28149647e+01       1.869080e-02
   100             86       -9.28147458e+01       1.965559e-02
   200             43       -9.28147458e+01       2.135784e-02
   500             17       -9.28172255e+01       2.105980e-02
Stocahstic error estimate: 1.773422e-02

step=63,E=-0.3712576031177294,dE=-3.992481199105669e-05,err=7.093686067268415e-05,gmax=2.9037005817109076
	collect g,h time= 0.08870768547058105
	solver time=0.05550265312194824,exit status=0
niter= 43
	g=10.021579152511446,del=0.41607393413479365,dot=0.6117079610990652,x=38.70374658867019

nparam= 12320
	log prob= -59.99655471651698
	burn in time= 158.19162559509277
	sample time= 224.1828956604004
	contraction err= 5.2158180610493546e-15 1.833456303673622e-13
nsamples= 8638

Mean energy: -9.28385520e+01
Block size    # of blocks        Mean                Error
     1           8638       -9.28385520e+01       8.709377e-03
     2           4319       -9.28385520e+01       1.034388e-02
     5           1727       -9.28384987e+01       1.339394e-02
    10            863       -9.28385179e+01       1.624649e-02
    20            431       -9.28384433e+01       1.788327e-02
    50            172       -9.28392979e+01       1.829189e-02
    70            123       -9.28395691e+01       1.620830e-02
   100             86       -9.28392979e+01       1.793602e-02
   200             43       -9.28392979e+01       1.812792e-02
   500             17       -9.28370315e+01       1.302137e-02
Stocahstic error estimate: 1.829189e-02

step=64,E=-0.3713542081457582,dE=-9.660502802881865e-05,err=7.316756661701096e-05,gmax=4.302942335169689
	collect g,h time= 0.08876204490661621
	solver time=0.04608273506164551,exit status=0
niter= 35
	g=13.152416624196666,del=0.4170569054737332,dot=0.6234169070750404,x=38.70374658867019

nparam= 12320
	log prob= -60.33872762991816
	burn in time= 156.6173017024994
	sample time= 224.23106002807617
	contraction err= 5.179225591061594e-15 1.2337467537350452e-13
nsamples= 8638

Mean energy: -9.28453222e+01
Block size    # of blocks        Mean                Error
     1           8638       -9.28453222e+01       8.797760e-03
     2           4319       -9.28453222e+01       1.053690e-02
     5           1727       -9.28454203e+01       1.384818e-02
    10            863       -9.28472526e+01       1.649205e-02
    20            431       -9.28472470e+01       1.872955e-02
    50            172       -9.28468957e+01       1.887001e-02
    70            123       -9.28468180e+01       1.858942e-02
   100             86       -9.28468957e+01       1.911244e-02
   200             43       -9.28468957e+01       1.666746e-02
   500             17       -9.28445083e+01       1.798326e-02
Stocahstic error estimate: 1.887001e-02

step=65,E=-0.3713812888462324,dE=-2.708070047418687e-05,err=7.548005155964169e-05,gmax=2.5464774260529452
	collect g,h time= 0.08900618553161621
	solver time=0.042395591735839844,exit status=0
niter= 32
	g=12.820254045872803,del=0.4849047420207097,dot=0.733992173808489,x=38.70374658867019

nparam= 12320
	log prob= -60.685851546127275
	burn in time= 158.39162254333496
	sample time= 224.28118872642517
	contraction err= 5.340793430420947e-15 1.0146153624040097e-13
nsamples= 8638

Mean energy: -9.28184648e+01
Block size    # of blocks        Mean                Error
     1           8638       -9.28184648e+01       9.129837e-03
     2           4319       -9.28184648e+01       1.102216e-02
     5           1727       -9.28186529e+01       1.433956e-02
    10            863       -9.28185018e+01       1.727874e-02
    20            431       -9.28182299e+01       1.959675e-02
    50            172       -9.28182946e+01       2.009155e-02
    70            123       -9.28184707e+01       2.010007e-02
   100             86       -9.28182946e+01       2.058221e-02
   200             43       -9.28182946e+01       2.193704e-02
   500             17       -9.28144565e+01       1.803648e-02
Stocahstic error estimate: 2.009155e-02

step=66,E=-0.37127385935713336,dE=0.00010742948909904726,err=8.036620980014709e-05,gmax=5.62932896639137
	collect g,h time= 0.08870887756347656
	solver time=0.04712557792663574,exit status=0
niter= 36
	g=13.432091578276557,del=0.440459970596696,dot=0.7272165031296194,x=38.70374658867019

nparam= 12320
	log prob= -61.014454598627665
	burn in time= 158.5235059261322
	sample time= 224.2145709991455
	contraction err= 5.576363076380653e-15 2.025965322881734e-13
nsamples= 8638

Mean energy: -9.28060777e+01
Block size    # of blocks        Mean                Error
     1           8638       -9.28060777e+01       9.595602e-03
     2           4319       -9.28060777e+01       1.161063e-02
     5           1727       -9.28060867e+01       1.531741e-02
    10            863       -9.28059352e+01       1.843574e-02
    20            431       -9.28056046e+01       2.084003e-02
    50            172       -9.28049287e+01       2.176446e-02
    70            123       -9.28053024e+01       2.253104e-02
   100             86       -9.28049287e+01       2.398892e-02
   200             43       -9.28049287e+01       2.686065e-02
   500             17       -9.28037779e+01       1.750084e-02
Stocahstic error estimate: 2.176446e-02

step=67,E=-0.37122431063659117,dE=4.954872054219095e-05,err=8.705785204085835e-05,gmax=3.4393041942174705
	collect g,h time= 0.08851838111877441
	solver time=0.03974771499633789,exit status=0
niter= 30
	g=16.295138599387823,del=0.5976616060774879,dot=1.069312679743295,x=38.7037465886702

nparam= 12320
	log prob= -61.24867662644984
	burn in time= 157.16587281227112
	sample time= 224.06577277183533
	contraction err= 5.382146537515484e-15 1.1462236415732633e-13
nsamples= 8638

Mean energy: -9.28182101e+01
Block size    # of blocks        Mean                Error
     1           8638       -9.28182101e+01       9.765990e-03
     2           4319       -9.28182101e+01       1.198403e-02
     5           1727       -9.28181260e+01       1.609651e-02
    10            863       -9.28180051e+01       2.005775e-02
    20            431       -9.28177035e+01       2.376093e-02
    50            172       -9.28173750e+01       2.457361e-02
    70            123       -9.28171290e+01       2.562995e-02
   100             86       -9.28173750e+01       2.744434e-02
   200             43       -9.28173750e+01       2.991788e-02
   500             17       -9.28156001e+01       2.787518e-02
Stocahstic error estimate: 2.457361e-02

step=68,E=-0.3712728402800719,dE=-4.852964348071964e-05,err=9.829444140490963e-05,gmax=3.41485205330342
	collect g,h time= 0.08927035331726074
	solver time=0.05491805076599121,exit status=0
niter= 42
	g=12.81969564607701,del=0.38996369844293877,dot=0.7660406424520129,x=38.7037465886702

nparam= 12320
	log prob= -61.609451036807904
	burn in time= 158.52013230323792
	sample time= 224.0130934715271
	contraction err= 5.463575946860297e-15 1.448065269359485e-13
nsamples= 8638

Mean energy: -9.28464885e+01
Block size    # of blocks        Mean                Error
     1           8638       -9.28464885e+01       9.252785e-03
     2           4319       -9.28464885e+01       1.123356e-02
     5           1727       -9.28463628e+01       1.472933e-02
    10            863       -9.28464347e+01       1.782344e-02
    20            431       -9.28466371e+01       2.068235e-02
    50            172       -9.28463311e+01       2.245920e-02
    70            123       -9.28465401e+01       2.326998e-02
   100             86       -9.28463311e+01       2.554458e-02
   200             43       -9.28463311e+01       2.599338e-02
   500             17       -9.28482683e+01       2.780068e-02
Stocahstic error estimate: 2.326998e-02

step=69,E=-0.37138595419020065,dE=-0.00011311391012878858,err=9.307990316529584e-05,gmax=3.9663942760168425
	collect g,h time= 0.0887916088104248
	solver time=0.05234861373901367,exit status=0
niter= 40
	g=13.221001778825007,del=0.3521311195086331,dot=0.6677262276007504,x=38.70374658867019

nparam= 12320
	log prob= -61.93633010189021
	burn in time= 158.2254021167755
	sample time= 223.9571852684021
	contraction err= 5.632302450815418e-15 1.1587782684999968e-13
nsamples= 8638

Mean energy: -9.28764506e+01
Block size    # of blocks        Mean                Error
     1           8638       -9.28764506e+01       8.866751e-03
     2           4319       -9.28764506e+01       1.083872e-02
     5           1727       -9.28763357e+01       1.446077e-02
    10            863       -9.28760700e+01       1.766946e-02
    20            431       -9.28755647e+01       1.976448e-02
    50            172       -9.28750847e+01       2.157092e-02
    70            123       -9.28752958e+01       2.137475e-02
   100             86       -9.28750847e+01       2.306642e-02
   200             43       -9.28750847e+01       2.626221e-02
   500             17       -9.28777743e+01       2.525721e-02
Stocahstic error estimate: 2.157092e-02

step=70,E=-0.3715058022105599,dE=-0.00011984802035925667,err=8.628368486039917e-05,gmax=4.274386075692888
	collect g,h time= 0.0888218879699707
	solver time=0.052417755126953125,exit status=0
niter= 40
	g=13.69727681747902,del=0.39834170172191924,dot=0.6719938323231789,x=38.70374658867019

nparam= 12320
	log prob= -62.259106664769355
	burn in time= 158.51467514038086
	sample time= 223.96973276138306
	contraction err= 5.537352854433177e-15 1.0969914176984337e-13
nsamples= 8638

Mean energy: -9.28865357e+01
Block size    # of blocks        Mean                Error
     1           8638       -9.28865357e+01       8.934573e-03
     2           4319       -9.28865357e+01       1.089568e-02
     5           1727       -9.28869819e+01       1.444347e-02
    10            863       -9.28881286e+01       1.739683e-02
    20            431       -9.28889830e+01       1.954737e-02
    50            172       -9.28909507e+01       2.119142e-02
    70            123       -9.28897987e+01       2.298722e-02
   100             86       -9.28909507e+01       2.216024e-02
   200             43       -9.28909507e+01       2.344721e-02
   500             17       -9.28915338e+01       2.528648e-02
Stocahstic error estimate: 2.298722e-02

step=71,E=-0.37154614275780523,dE=-4.0340547245307334e-05,err=9.194886286286872e-05,gmax=7.815516141334925
	collect g,h time= 0.08853554725646973
	solver time=0.03943800926208496,exit status=0
niter= 30
	g=16.114735677583745,del=0.5063809717128014,dot=0.8288818988326354,x=38.70374658867021

nparam= 12320
	log prob= -62.51233769715823
	burn in time= 157.3028199672699
	sample time= 223.93382215499878
	contraction err= 5.573871236702822e-15 1.506469697708587e-13
nsamples= 8638

Mean energy: -9.28697328e+01
Block size    # of blocks        Mean                Error
     1           8638       -9.28697328e+01       9.159186e-03
     2           4319       -9.28697328e+01       1.124327e-02
     5           1727       -9.28695909e+01       1.499853e-02
    10            863       -9.28695513e+01       1.843196e-02
    20            431       -9.28689998e+01       2.186457e-02
    50            172       -9.28684561e+01       2.300744e-02
    70            123       -9.28688017e+01       2.272547e-02
   100             86       -9.28684561e+01       2.421134e-02
   200             43       -9.28684561e+01       2.464397e-02
   500             17       -9.28717582e+01       2.448236e-02
Stocahstic error estimate: 2.300744e-02

step=72,E=-0.3714789310155868,dE=6.721174221843285e-05,err=9.202977093439153e-05,gmax=5.97301046098795
	collect g,h time= 0.08858251571655273
	solver time=0.049575090408325195,exit status=0
niter= 38
	g=16.859590625302875,del=0.45742690864858787,dot=0.8078167935077452,x=38.7037465886702

nparam= 12320
	log prob= -62.9466199837638
	burn in time= 158.4676947593689
	sample time= 223.90122270584106
	contraction err= 5.618781487076032e-15 1.344442078174442e-13
nsamples= 8638

Mean energy: -9.28954269e+01
Block size    # of blocks        Mean                Error
     1           8638       -9.28954269e+01       9.236144e-03
     2           4319       -9.28954269e+01       1.124173e-02
     5           1727       -9.28960665e+01       1.479230e-02
    10            863       -9.28954922e+01       1.805953e-02
    20            431       -9.28955209e+01       2.021202e-02
    50            172       -9.28948353e+01       2.189776e-02
    70            123       -9.28952381e+01       2.154747e-02
   100             86       -9.28948353e+01       2.419754e-02
   200             43       -9.28948353e+01       2.758126e-02
   500             17       -9.28941384e+01       2.860445e-02
Stocahstic error estimate: 2.189776e-02

step=73,E=-0.3715817076155077,dE=-0.00010277659992090094,err=8.759105567624491e-05,gmax=2.6468910390483558
	collect g,h time= 0.08860325813293457
	solver time=0.054316043853759766,exit status=0
niter= 42
	g=14.159241681848656,del=0.38668387875331195,dot=0.7316898573652757,x=38.7037465886702

nparam= 12320
	log prob= -63.27439715941176
	burn in time= 157.89125275611877
	sample time= 223.7958128452301
	contraction err= 5.912044779040138e-15 1.3131680533586875e-13
nsamples= 8638

Mean energy: -9.29172263e+01
Block size    # of blocks        Mean                Error
     1           8638       -9.29172263e+01       9.165084e-03
     2           4319       -9.29172263e+01       1.123284e-02
     5           1727       -9.29173302e+01       1.542635e-02
    10            863       -9.29176306e+01       1.897810e-02
    20            431       -9.29186929e+01       2.220562e-02
    50            172       -9.29183219e+01       2.317940e-02
    70            123       -9.29184267e+01       2.553945e-02
   100             86       -9.29183219e+01       2.578609e-02
   200             43       -9.29183219e+01       2.881817e-02
   500             17       -9.29167185e+01       3.176390e-02
Stocahstic error estimate: 2.317940e-02

step=74,E=-0.37166890514000733,dE=-8.719752449962925e-05,err=9.271760768708327e-05,gmax=4.67606140393687
	collect g,h time= 0.08872461318969727
	solver time=0.0509638786315918,exit status=0
niter= 39
	g=15.792375551935487,del=0.4566356947197207,dot=0.77857417159789,x=38.70374658867019

nparam= 12320
	log prob= -63.4938166184629
	burn in time= 157.9716444015503
	sample time= 223.95713257789612
	contraction err= 5.881800119349061e-15 1.3739113275749828e-13
nsamples= 8638

Mean energy: -9.28793025e+01
Block size    # of blocks        Mean                Error
     1           8638       -9.28793025e+01       9.569741e-03
     2           4319       -9.28793025e+01       1.181852e-02
     5           1727       -9.28793727e+01       1.630237e-02
    10            863       -9.28799037e+01       2.026047e-02
    20            431       -9.28810905e+01       2.363856e-02
    50            172       -9.28802809e+01       2.606119e-02
    70            123       -9.28806004e+01       2.755897e-02
   100             86       -9.28802809e+01       3.046939e-02
   200             43       -9.28802809e+01       3.064138e-02
   500             17       -9.28803367e+01       2.772040e-02
Stocahstic error estimate: 3.064138e-02

step=75,E=-0.371517209982839,dE=0.00015169515716831938,err=0.00012256552422844705,gmax=2.610024048109821
	collect g,h time= 0.08844947814941406
	solver time=0.05208778381347656,exit status=0
niter= 40
	g=16.5592615275767,del=0.39080540735215924,dot=0.7913637729978046,x=38.7037465886702

nparam= 12320
	log prob= -63.80471147510739
	burn in time= 157.3859543800354
	sample time= 223.82135653495789
	contraction err= 5.878715147909036e-15 3.135800856895486e-13
nsamples= 8638

Mean energy: -9.29288188e+01
Block size    # of blocks        Mean                Error
     1           8638       -9.29288188e+01       9.080843e-03
     2           4319       -9.29288188e+01       1.124524e-02
     5           1727       -9.29288974e+01       1.529955e-02
    10            863       -9.29293610e+01       1.907701e-02
    20            431       -9.29290680e+01       2.216605e-02
    50            172       -9.29281297e+01       2.476668e-02
    70            123       -9.29287835e+01       2.440773e-02
   100             86       -9.29281297e+01       2.532245e-02
   200             43       -9.29281297e+01       2.830380e-02
   500             17       -9.29283581e+01       2.732581e-02
Stocahstic error estimate: 2.476668e-02

step=76,E=-0.371715275077969,dE=-0.0001980650951299481,err=9.906670918466349e-05,gmax=4.6672389117390765
	collect g,h time= 0.08844661712646484
	solver time=0.04459095001220703,exit status=0
niter= 34
	g=15.546583462849817,del=0.4744574214337368,dot=0.8224616222008585,x=38.7037465886702

nparam= 12320
	log prob= -64.08784258657445
	burn in time= 157.07431197166443
	sample time= 223.65816140174866
	contraction err= 5.732685834931394e-15 1.0393141235359034e-13
nsamples= 8638

Mean energy: -9.29088648e+01
Block size    # of blocks        Mean                Error
     1           8638       -9.29088648e+01       9.822605e-03
     2           4319       -9.29088648e+01       1.202326e-02
     5           1727       -9.29087784e+01       1.635541e-02
    10            863       -9.29086944e+01       2.030356e-02
    20            431       -9.29087576e+01       2.422509e-02
    50            172       -9.29081924e+01       2.654789e-02
    70            123       -9.29084812e+01       2.785085e-02
   100             86       -9.29081924e+01       2.596522e-02
   200             43       -9.29081924e+01       2.966935e-02
   500             17       -9.29063884e+01       2.806408e-02
Stocahstic error estimate: 2.785085e-02

step=77,E=-0.37163545926824476,dE=7.981580972420943e-05,err=0.0001114034145236688,gmax=4.930482567479487
	collect g,h time= 0.08855915069580078
	solver time=0.05331993103027344,exit status=0
niter= 41
	g=16.49354256734777,del=0.357515666342098,dot=0.8167030206009054,x=38.70374658867019

nparam= 12320
	log prob= -64.37327732299278
