[(0, 0), (0, 1), (0, 2), (0, 3), (1, 0), (1, 1), (1, 2), (1, 3), (2, 0), (2, 1), (2, 2), (2, 3), (3, 0), (3, 1), (3, 2), (3, 3)]
[(0, 4), (0, 5), (0, 6), (0, 7), (1, 4), (1, 5), (1, 6), (1, 7), (2, 4), (2, 5), (2, 6), (2, 7), (3, 4), (3, 5), (3, 6), (3, 7)]
[(4, 0), (4, 1), (4, 2), (4, 3), (5, 0), (5, 1), (5, 2), (5, 3), (6, 0), (6, 1), (6, 2), (6, 3), (7, 0), (7, 1), (7, 2), (7, 3)]
[(4, 4), (4, 5), (4, 6), (4, 7), (5, 4), (5, 5), (5, 6), (5, 7), (6, 4), (6, 5), (6, 6), (6, 7), (7, 4), (7, 5), (7, 6), (7, 7)]
block_dict= [(0, 80000), (80000, 160000), (160000, 240000), (240000, 320000)]
sizes= [80000, 80000, 80000, 80000]
nbatch= 1
RANK= 0
SIZE= 640
Lx,Ly= 8 8
D= 8
chi= 8
rate= 0.1 0.5
cond= 0.001 0.001
nparams= 320000
	prob= 0.04835696748994902
	burn in time= 29.66835117340088
	sample time= 87.08462047576904
	contraction err= 0.0037579463480768506 0.12474428626825253

Mean energy: -3.07981726e+01
Block size    # of blocks        Mean                Error
     1           6000       -3.07981726e+01       3.394033e-03
     2           3000       -3.07981726e+01       3.420341e-03
     5           1200       -3.07981726e+01       3.515990e-03
    10            600       -3.07981726e+01       3.533244e-03
    20            300       -3.07981726e+01       3.370074e-03
    50            120       -3.07981726e+01       3.413197e-03
    70             85       -3.07980318e+01       3.532068e-03
   100             60       -3.07981726e+01       3.879233e-03
   200             30       -3.07981726e+01       4.255157e-03
   500             12       -3.07981726e+01       4.576241e-03
0 0.0034203413115320262 0.004576240644088498
Stocahstic error estimate: 3.420341e-03

step=20,E=-0.48122144758239355,dE=-0.48122144758239355,err=5.344283299268791e-05,gmax=0.0341019075587532
	collect g,Hv time= 5.214820861816406
	solver time=1.289970874786377,exit status=0
niter= 42
pure_newton= True
	solver time=40.96613645553589,exit status=0
niter= 680
	prob= 0.44305744077491827
	burn in time= 26.46599578857422
	sample time= 51.832417011260986
	contraction err= 0.0037155367445444324 0.37100657160827066

Mean energy: -3.08207280e+01
Block size    # of blocks        Mean                Error
     1           6000       -3.08207280e+01       3.235768e-03
     2           3000       -3.08207280e+01       3.263187e-03
     5           1200       -3.08207280e+01       3.258758e-03
    10            600       -3.08207280e+01       3.277030e-03
    20            300       -3.08207280e+01       3.360027e-03
    50            120       -3.08207280e+01       3.464377e-03
    70             85       -3.08207504e+01       3.225663e-03
   100             60       -3.08207280e+01       3.234567e-03
   200             30       -3.08207280e+01       3.625237e-03
   500             12       -3.08207280e+01       4.290157e-03
0 0.0032631866387116838 0.004290157142323845
Stocahstic error estimate: 3.263187e-03

	predict=-0.026435283821887375,actual=(-0.02255533534234644, 0.004727274238547947)
	g=0.30402208128184827,del=1.7888429508566204,dot=0.05288568407625756,x=21.552261975368502
	prob= 0.44305744077491827
	burn in time= 27.296316862106323
	sample time= 567.3145005702972
	contraction err= 0.003669972613553704 0.30753570495207616

Mean energy: -3.08422377e+01
Block size    # of blocks        Mean                Error
     1           6000       -3.08422377e+01       9.545128e-03
     2           3000       -3.08422377e+01       9.520531e-03
     5           1200       -3.08422377e+01       9.485695e-03
    10            600       -3.08422377e+01       9.532698e-03
    20            300       -3.08422377e+01       9.713634e-03
    50            120       -3.08422377e+01       9.980694e-03
    70             85       -3.08423918e+01       1.004071e-02
   100             60       -3.08422377e+01       1.010833e-02
   200             30       -3.08422377e+01       9.819404e-03
   500             12       -3.08422377e+01       1.187191e-02
0 0.009545128047864648 0.01187191269245676
Stocahstic error estimate: 9.545128e-03

step=21,E=-0.4819099636640448,dE=-0.0006885160816512692,err=0.00014914262574788512,gmax=1.296930795050179
	collect g,Hv time= 8.357715606689453
	solver time=1.3476331233978271,exit status=0
niter= 12
pure_newton= True
	solver time=22.98097848892212,exit status=0
niter= 95
	prob= 1.8690393267927023
	burn in time= 27.756117582321167
	sample time= 272.0563952922821
	contraction err= 0.003874432352628472 0.141291737722421

Mean energy: -3.08664260e+01
Block size    # of blocks        Mean                Error
     1           6000       -3.08664260e+01       3.226713e-03
     2           3000       -3.08664260e+01       3.236576e-03
     5           1200       -3.08664260e+01       3.302604e-03
    10            600       -3.08664260e+01       3.303362e-03
    20            300       -3.08664260e+01       3.229960e-03
    50            120       -3.08664260e+01       3.406749e-03
    70             85       -3.08663707e+01       3.368423e-03
   100             60       -3.08664260e+01       3.774784e-03
   200             30       -3.08664260e+01       3.983763e-03
   500             12       -3.08664260e+01       3.953228e-03
0 0.003236576172747551 0.003953228138168527
Stocahstic error estimate: 3.236576e-03

	predict=-0.056931011039102156,actual=(-0.02418829885478857, 0.010078933215977253)
	g=5.086499590330062,del=1.7167464097979148,dot=0.11367893217376182,x=21.552261975368502
	prob= 1.8690393267927023
	burn in time= 27.078311443328857
	sample time= 563.1549079418182
	contraction err= 0.003748191411605055 0.10408916925587625

Mean energy: -3.08653773e+01
Block size    # of blocks        Mean                Error
     1           6000       -3.08653773e+01       3.243064e-03
     2           3000       -3.08653773e+01       3.232224e-03
     5           1200       -3.08653773e+01       3.233769e-03
    10            600       -3.08653773e+01       3.188590e-03
    20            300       -3.08653773e+01       3.215991e-03
    50            120       -3.08653773e+01       3.373724e-03
    70             85       -3.08650700e+01       3.400425e-03
   100             60       -3.08653773e+01       3.530098e-03
   200             30       -3.08653773e+01       3.956647e-03
   500             12       -3.08653773e+01       3.132244e-03
0 0.003243064127366877 0.0031322440637973
Stocahstic error estimate: 3.243064e-03

step=22,E=-0.48227152068413154,dE=-0.0003615570200867224,err=5.067287699010745e-05,gmax=0.024748270714503917
	collect g,Hv time= 9.54447889328003
	solver time=4.821854829788208,exit status=0
niter= 41
pure_newton= True
	solver time=30.320194959640503,exit status=0
niter= 126
	prob= 0.022630620738190235
	burn in time= 27.489073514938354
	sample time= 272.37779426574707
	contraction err= 0.005355063464593694 0.41792028526221897

Mean energy: -3.08959248e+01
Block size    # of blocks        Mean                Error
     1           6000       -3.08959248e+01       4.709723e-03
     2           3000       -3.08959248e+01       4.737636e-03
     5           1200       -3.08959248e+01       4.773913e-03
    10            600       -3.08959248e+01       4.861178e-03
    20            300       -3.08959248e+01       4.688429e-03
    50            120       -3.08959248e+01       4.642154e-03
    70             85       -3.08954925e+01       4.375691e-03
   100             60       -3.08959248e+01       4.345764e-03
   200             30       -3.08959248e+01       3.915660e-03
   500             12       -3.08959248e+01       4.717265e-03
0 0.004737636473401631 0.004717265397328028
Stocahstic error estimate: 4.737636e-03

	predict=-0.05299274328023562,actual=(-0.03054745775082779, 0.005741312070277954)
	g=0.21036412314660766,del=2.790483613930763,dot=0.10590850407483522,x=21.552261975368502
	prob= 0.022630620738190235
	burn in time= 27.682626962661743
	sample time= 567.5518686771393
	contraction err= 0.005306560015458828 0.14023826133338177

Mean energy: -3.09018888e+01
Block size    # of blocks        Mean                Error
     1           6000       -3.09018888e+01       4.275702e-03
     2           3000       -3.09018888e+01       4.279848e-03
     5           1200       -3.09018888e+01       4.294327e-03
    10            600       -3.09018888e+01       4.401683e-03
    20            300       -3.09018888e+01       4.369820e-03
    50            120       -3.09018888e+01       4.411832e-03
    70             85       -3.09014520e+01       4.737803e-03
   100             60       -3.09018888e+01       5.003427e-03
   200             30       -3.09018888e+01       6.183830e-03
   500             12       -3.09018888e+01       6.283772e-03
0 0.004279848475984442 0.006283771711487088
Stocahstic error estimate: 4.279848e-03

step=23,E=-0.48284201273366945,dE=-0.0005704920495379073,err=6.687263243725691e-05,gmax=0.2452089865931038
	collect g,Hv time= 8.752764225006104
	solver time=4.318324565887451,exit status=0
niter= 37
pure_newton= True
	solver time=42.928534507751465,exit status=0
niter= 179
	prob= 0.07281572587281306
	burn in time= 27.086098670959473
	sample time= 273.88865399360657
	contraction err= 0.005378635424697083 0.41505459536057676

Mean energy: -3.09136910e+01
Block size    # of blocks        Mean                Error
     1           6000       -3.09136910e+01       4.782510e-03
     2           3000       -3.09136910e+01       4.892778e-03
     5           1200       -3.09136910e+01       4.851673e-03
    10            600       -3.09136910e+01       4.667396e-03
    20            300       -3.09136910e+01       4.720733e-03
    50            120       -3.09136910e+01       5.128437e-03
    70             85       -3.09131933e+01       5.525604e-03
   100             60       -3.09136910e+01       5.453943e-03
   200             30       -3.09136910e+01       4.514659e-03
   500             12       -3.09136910e+01       7.016746e-03
0 0.004892777916785614 0.007016746339912312
Stocahstic error estimate: 4.892778e-03

	predict=-0.017520144133291907,actual=(-0.011802207465525072, 0.006500490652279358)
	g=0.7290969300841553,del=1.27005225463693,dot=0.03500423832759824,x=21.552261975368523
	prob= 0.07281572587281306
	burn in time= 28.491032123565674
	sample time= 564.3633346557617
	contraction err= 0.005119622364377631 0.20548413522509315

Mean energy: -3.09272054e+01
Block size    # of blocks        Mean                Error
     1           6000       -3.09272054e+01       3.722311e-03
     2           3000       -3.09272054e+01       3.778895e-03
     5           1200       -3.09272054e+01       3.717987e-03
    10            600       -3.09272054e+01       3.673101e-03
    20            300       -3.09272054e+01       3.772391e-03
    50            120       -3.09272054e+01       3.650256e-03
    70             85       -3.09269943e+01       3.588077e-03
   100             60       -3.09272054e+01       3.588214e-03
   200             30       -3.09272054e+01       3.775186e-03
   500             12       -3.09272054e+01       5.024904e-03
0 0.003778894818541507 0.005024903705682633
Stocahstic error estimate: 3.778895e-03

step=24,E=-0.4832375837338428,dE=-0.0003955710001733448,err=5.9045231539711044e-05,gmax=0.02211119973916631
	collect g,Hv time= 9.349791049957275
	solver time=4.923590898513794,exit status=0
niter= 42
pure_newton= True
	solver time=35.64118504524231,exit status=0
niter= 149
	prob= 0.09167543042399273
	burn in time= 26.24996256828308
	sample time= 272.92110419273376
	contraction err= 0.0050890219019039 0.14752853433991953

Mean energy: -3.09242495e+01
Block size    # of blocks        Mean                Error
     1           6000       -3.09242495e+01       3.490536e-03
     2           3000       -3.09242495e+01       3.483484e-03
     5           1200       -3.09242495e+01       3.514751e-03
    10            600       -3.09242495e+01       3.526034e-03
    20            300       -3.09242495e+01       3.479533e-03
    50            120       -3.09242495e+01       3.736277e-03
    70             85       -3.09240742e+01       3.991215e-03
   100             60       -3.09242495e+01       3.937560e-03
   200             30       -3.09242495e+01       3.140758e-03
   500             12       -3.09242495e+01       4.152280e-03
0 0.0034905356615306735 0.00415227958634588
Stocahstic error estimate: 3.490536e-03

	predict=-0.011908442018146516,actual=(0.00295590668343948, 0.005144306100342127)
	g=0.12038912003217545,del=1.9858390402750434,dot=0.07414404906943707,x=21.55226197536851
	prob= 0.06473176662964714
	burn in time= 27.262481212615967
	sample time= 565.8041236400604
	contraction err= 0.005112651475258484 0.22537545648253518

Mean energy: -3.09167103e+01
Block size    # of blocks        Mean                Error
     1           6000       -3.09167103e+01       3.752203e-03
     2           3000       -3.09167103e+01       3.747741e-03
     5           1200       -3.09167103e+01       3.731229e-03
    10            600       -3.09167103e+01       3.773338e-03
    20            300       -3.09167103e+01       3.744966e-03
    50            120       -3.09167103e+01       3.956721e-03
    70             85       -3.09165798e+01       3.946236e-03
   100             60       -3.09167103e+01       3.879784e-03
   200             30       -3.09167103e+01       4.609432e-03
   500             12       -3.09167103e+01       4.414080e-03
0 0.0037522029379913075 0.004414079548927488
Stocahstic error estimate: 3.752203e-03

step=25,E=-0.4830735991047727,dE=0.0001639846290700797,err=5.862817090611418e-05,gmax=0.04113134791196671
	collect g,Hv time= 8.418541431427002
	solver time=4.90986967086792,exit status=0
niter= 42
pure_newton= True
	solver time=37.93993663787842,exit status=0
niter= 157
	prob= 0.08333650074358652
	burn in time= 27.381524324417114
	sample time= 272.77973914146423
	contraction err= 0.0052067124357091646 0.18161045609695614

Mean energy: -3.09235407e+01
Block size    # of blocks        Mean                Error
     1           6000       -3.09235407e+01       3.331914e-03
     2           3000       -3.09235407e+01       3.385266e-03
     5           1200       -3.09235407e+01       3.379889e-03
    10            600       -3.09235407e+01       3.354336e-03
    20            300       -3.09235407e+01       3.416904e-03
    50            120       -3.09235407e+01       3.352983e-03
    70             85       -3.09238231e+01       3.509567e-03
   100             60       -3.09235407e+01       3.632315e-03
   200             30       -3.09235407e+01       4.019298e-03
   500             12       -3.09235407e+01       4.104237e-03
0 0.003385266089940652 0.004104236712106272
Stocahstic error estimate: 3.385266e-03

	predict=-0.011020232377289413,actual=(-0.006830326104246609, 0.005053617851358833)
	g=0.16628610285072654,del=1.2012685877979985,dot=0.022003501728602437,x=21.55226197536849
	prob= 0.08333650074358652
	burn in time= 27.65696668624878
	sample time= 567.297723531723
	contraction err= 0.004946970917425899 0.12228662921134875

Mean energy: -3.09307887e+01
Block size    # of blocks        Mean                Error
     1           6000       -3.09307887e+01       3.572555e-03
     2           3000       -3.09307887e+01       3.610189e-03
     5           1200       -3.09307887e+01       3.601120e-03
    10            600       -3.09307887e+01       3.638694e-03
    20            300       -3.09307887e+01       3.731032e-03
    50            120       -3.09307887e+01       3.921123e-03
    70             85       -3.09309124e+01       3.779221e-03
   100             60       -3.09307887e+01       4.058081e-03
   200             30       -3.09307887e+01       3.994813e-03
   500             12       -3.09307887e+01       3.350070e-03
0 0.003610188604657082 0.0033500700352057126
Stocahstic error estimate: 3.610189e-03

step=26,E=-0.4832935729600811,dE=-0.0002199738553083641,err=5.640919694776691e-05,gmax=0.016202546136891094
	collect g,Hv time= 10.08053183555603
	solver time=4.990643739700317,exit status=0
niter= 42
pure_newton= True
	solver time=26.231568574905396,exit status=0
niter= 109
	prob= 0.05905767772633849
	burn in time= 28.50220537185669
	sample time= 273.18219685554504
	contraction err= 0.005283155048193397 0.12667296843810957

Mean energy: -3.09299074e+01
Block size    # of blocks        Mean                Error
     1           6000       -3.09299074e+01       3.218490e-03
     2           3000       -3.09299074e+01       3.236177e-03
     5           1200       -3.09299074e+01       3.208280e-03
    10            600       -3.09299074e+01       3.129042e-03
    20            300       -3.09299074e+01       3.187146e-03
    50            120       -3.09299074e+01       3.702629e-03
    70             85       -3.09299089e+01       3.658765e-03
   100             60       -3.09299074e+01       3.559924e-03
   200             30       -3.09299074e+01       3.090596e-03
   500             12       -3.09299074e+01       3.097177e-03
0 0.003236177240582567 0.0030971768831073374
Stocahstic error estimate: 3.236177e-03

	predict=-0.013944227028423885,actual=(0.0008812987577080378, 0.004848330113932059)
	g=0.10650540641562695,del=1.8450644338903852,dot=0.06434199457251048,x=21.552261975368516
	prob= 0.07539409633259574
	burn in time= 27.422901153564453
	sample time= 563.1207568645477
	contraction err= 0.005198208937979808 0.10706785183113299

Mean energy: -3.09297085e+01
Block size    # of blocks        Mean                Error
     1           6000       -3.09297085e+01       3.342215e-03
     2           3000       -3.09297085e+01       3.336456e-03
     5           1200       -3.09297085e+01       3.426806e-03
    10            600       -3.09297085e+01       3.460106e-03
    20            300       -3.09297085e+01       3.520240e-03
    50            120       -3.09297085e+01       3.808815e-03
    70             85       -3.09298110e+01       3.364528e-03
   100             60       -3.09297085e+01       3.669163e-03
   200             30       -3.09297085e+01       3.555266e-03
   500             12       -3.09297085e+01       2.878291e-03
0 0.003342214644740246 0.0028782907250181383
Stocahstic error estimate: 3.342215e-03

step=27,E=-0.4832766949368727,dE=1.6878023208377613e-05,err=5.2222103824066344e-05,gmax=0.09178082957139017
	collect g,Hv time= 10.416035652160645
	solver time=4.546276807785034,exit status=0
niter= 39
pure_newton= True
	solver time=37.397974729537964,exit status=0
niter= 155
	prob= 0.11349519339599844
	burn in time= 26.53123664855957
	sample time= 273.9105179309845
	contraction err= 0.005522352020975255 0.41979912325189545

Mean energy: -3.09297913e+01
Block size    # of blocks        Mean                Error
     1           6000       -3.09297913e+01       4.403937e-03
     2           3000       -3.09297913e+01       4.307090e-03
     5           1200       -3.09297913e+01       4.341578e-03
    10            600       -3.09297913e+01       4.095201e-03
    20            300       -3.09297913e+01       4.185395e-03
    50            120       -3.09297913e+01       4.314354e-03
    70             85       -3.09297186e+01       4.210050e-03
   100             60       -3.09297913e+01       4.034097e-03
   200             30       -3.09297913e+01       3.858772e-03
   500             12       -3.09297913e+01       3.211482e-03
0 0.004403936945693333 0.003211482348426413
Stocahstic error estimate: 4.403937e-03

	predict=-0.01312322081198324,actual=(-8.277410864820922e-05, 0.005528567567929228)
	g=0.456663383410523,del=1.109874237383002,dot=0.026205077116170244,x=21.55226197536849
	prob= 0.11349519339599844
	burn in time= 28.29399609565735
	sample time= 568.587836265564
	contraction err= 0.00510009134151437 0.26426351250242525

Mean energy: -3.09413034e+01
Block size    # of blocks        Mean                Error
     1           6000       -3.09413034e+01       3.406498e-03
     2           3000       -3.09413034e+01       3.416426e-03
     5           1200       -3.09413034e+01       3.384598e-03
    10            600       -3.09413034e+01       3.334678e-03
    20            300       -3.09413034e+01       3.213917e-03
    50            120       -3.09413034e+01       3.136707e-03
    70             85       -3.09413163e+01       3.481178e-03
   100             60       -3.09413034e+01       3.159539e-03
   200             30       -3.09413034e+01       3.408414e-03
   500             12       -3.09413034e+01       2.796590e-03
0 0.003416426391773344 0.002796590057665131
Stocahstic error estimate: 3.416426e-03

step=28,E=-0.48345786551886877,dE=-0.00018117058199607072,err=5.33816623714585e-05,gmax=0.027314505684457924
	collect g,Hv time= 10.23966360092163
	solver time=4.885922193527222,exit status=0
niter= 42
pure_newton= True
	solver time=33.41133975982666,exit status=0
niter= 141
	prob= 0.1421068441464108
	burn in time= 27.26228165626526
	sample time= 273.08443880081177
	contraction err= 0.005330707267877402 0.4300283368465486

Mean energy: -3.09378016e+01
Block size    # of blocks        Mean                Error
     1           6000       -3.09378016e+01       3.679630e-03
     2           3000       -3.09378016e+01       3.638266e-03
     5           1200       -3.09378016e+01       3.531636e-03
    10            600       -3.09378016e+01       3.669739e-03
    20            300       -3.09378016e+01       3.479055e-03
    50            120       -3.09378016e+01       3.529421e-03
    70             85       -3.09380103e+01       3.589471e-03
   100             60       -3.09378016e+01       3.698046e-03
   200             30       -3.09378016e+01       4.092082e-03
   500             12       -3.09378016e+01       5.163764e-03
0 0.0036796299693407754 0.005163763758554188
Stocahstic error estimate: 3.679630e-03

	predict=-0.009033939516156771,actual=(0.003501794018951898, 0.005021119994749799)
	g=0.11276640891251928,del=1.7508743822425172,dot=0.05724740896424191,x=21.552261975368495
	prob= 0.10379553060012003
	burn in time= 28.01437020301819
	sample time= 567.9314639568329
	contraction err= 0.005256466015324452 0.2347059979185549

Mean energy: -3.09363943e+01
Block size    # of blocks        Mean                Error
     1           6000       -3.09363943e+01       3.176749e-03
     2           3000       -3.09363943e+01       3.201931e-03
     5           1200       -3.09363943e+01       3.151939e-03
    10            600       -3.09363943e+01       3.200324e-03
    20            300       -3.09363943e+01       3.278390e-03
    50            120       -3.09363943e+01       3.173043e-03
    70             85       -3.09363125e+01       3.217632e-03
   100             60       -3.09363943e+01       3.360488e-03
   200             30       -3.09363943e+01       3.315969e-03
   500             12       -3.09363943e+01       3.955961e-03
0 0.00320193127264486 0.00395596133298846
Stocahstic error estimate: 3.201931e-03

step=29,E=-0.4833811611844761,dE=7.670433439266322e-05,err=5.003017613507594e-05,gmax=0.028343630159321176
	collect g,Hv time= 9.766620397567749
	solver time=4.951575040817261,exit status=0
niter= 42
pure_newton= True
niter= 172
	solver time=41.32903051376343,exit status=0
	prob= 0.13693580180546092
	burn in time= 27.5470232963562
	sample time= 272.616947889328
	contraction err= 0.005279123735705037 0.20393693715680547

Mean energy: -3.09364545e+01
Block size    # of blocks        Mean                Error
     1           6000       -3.09364545e+01       4.152813e-03
     2           3000       -3.09364545e+01       4.116368e-03
     5           1200       -3.09364545e+01       4.112495e-03
    10            600       -3.09364545e+01       4.175073e-03
    20            300       -3.09364545e+01       4.456560e-03
    50            120       -3.09364545e+01       4.195035e-03
    70             85       -3.09355577e+01       4.022580e-03
   100             60       -3.09364545e+01       4.231589e-03
   200             30       -3.09364545e+01       4.901607e-03
   500             12       -3.09364545e+01       4.762207e-03
0 0.0041528125340442945 0.004762206773766695
Stocahstic error estimate: 4.152813e-03

	predict=-0.008835401510848492,actual=(-6.014492949901751e-05, 0.005243874122979739)
	g=0.1276025750902136,del=1.0509445334743903,dot=0.01763198991157717,x=21.552261975368495
