block_dict= [(0, 1567)]
sizes= [1567]
nbatch= 1
SIZE= 640
nparam= 1567
	prob= 0.2319820036901425
	burn in time= 9.559235572814941
	sample time= 51.52164578437805
	contraction err= 0.006185849144282372 1.9260736283267388

Mean energy: -1.16925234e+01
Block size    # of blocks        Mean                Error
     1           50000       -1.16925234e+01       6.890939e-03
     2           25000       -1.16925234e+01       6.884646e-03
     5           10000       -1.16925234e+01       6.897195e-03
    10           5000       -1.16925234e+01       6.903659e-03
    20           2500       -1.16925234e+01       6.867557e-03
    50           1000       -1.16925234e+01       6.811425e-03
    70            714       -1.16926304e+01       6.846857e-03
   100            500       -1.16925234e+01       6.913152e-03
   200            250       -1.16925234e+01       7.161028e-03
   500            100       -1.16925234e+01       7.911993e-03
0 0.006890939343428054 0.007911992828953584
Stocahstic error estimate: 6.890939e-03

step=0,E=-0.7307827151494517,dE=-0.7307827151494517,err=0.00043068370896425336,gmax=0.20705245415280782
	collect g,Hv time= 0.47234106063842773
	solver time=0.06559610366821289,exit status=0
niter= 54
	g=0.9741117568273066,del=2.6127210138135486,dot=1.080753229542906,x=14.065001859351321
saving to  ./psi1
	prob= 0.32430153648920096
	burn in time= 9.482266664505005
	sample time= 218.94383335113525
	contraction err= 0.005964167914635314 1.6360772323274644

Mean energy: -1.18058490e+01
Block size    # of blocks        Mean                Error
     1           50000       -1.18058490e+01       6.269249e-03
     2           25000       -1.18058490e+01       6.253999e-03
     5           10000       -1.18058490e+01       6.257887e-03
    10           5000       -1.18058490e+01       6.250031e-03
    20           2500       -1.18058490e+01       6.365872e-03
    50           1000       -1.18058490e+01       6.145716e-03
    70            714       -1.18058394e+01       6.224675e-03
   100            500       -1.18058490e+01       5.965657e-03
   200            250       -1.18058490e+01       6.173492e-03
   500            100       -1.18058490e+01       5.202128e-03
0 0.006269248552745743 0.005202128003620096
Stocahstic error estimate: 6.269249e-03

step=1,E=-0.7378655611729777,dE=-0.007082846023526046,err=0.00039182803454660894,gmax=0.10819016868298385
	collect g,Hv time= 0.46805572509765625
niter= 56
	solver time=0.11069583892822266,exit status=0
	g=0.5965914760307067,del=2.068350274195926,dot=0.39977139683241414,x=14.065001859351323
saving to  ./psi2
	prob= 0.3671840330822807
	burn in time= 9.529276132583618
	sample time= 219.5565266609192
	contraction err= 0.006152909264093417 0.9067866294841492

Mean energy: -1.18308124e+01
Block size    # of blocks        Mean                Error
     1           50000       -1.18308124e+01       6.335248e-03
     2           25000       -1.18308124e+01       6.325061e-03
     5           10000       -1.18308124e+01       6.366727e-03
    10           5000       -1.18308124e+01       6.345690e-03
    20           2500       -1.18308124e+01       6.360091e-03
    50           1000       -1.18308124e+01       6.431731e-03
    70            714       -1.18308093e+01       6.481625e-03
   100            500       -1.18308124e+01       6.609973e-03
   200            250       -1.18308124e+01       6.867977e-03
   500            100       -1.18308124e+01       7.566815e-03
0 0.006335248399471847 0.007566815161324994
Stocahstic error estimate: 6.335248e-03

step=2,E=-0.7394257742142007,dE=-0.001560213041223002,err=0.00039595302496699044,gmax=0.10496932947099036
	collect g,Hv time= 0.46983885765075684
	solver time=0.10710930824279785,exit status=0
niter= 56
	g=0.6285712507326098,del=1.8181981142797843,dot=0.3519341251365211,x=14.065001859351321
saving to  ./psi3
	prob= 0.4040561279022194
	burn in time= 9.431987047195435
	sample time= 219.10152673721313
	contraction err= 0.00584810603096578 3.2212446545691367

Mean energy: -1.18363444e+01
Block size    # of blocks        Mean                Error
     1           50000       -1.18363444e+01       6.812493e-03
     2           25000       -1.18363444e+01       6.810587e-03
     5           10000       -1.18363444e+01       6.835206e-03
    10           5000       -1.18363444e+01       6.860592e-03
    20           2500       -1.18363444e+01       6.781703e-03
    50           1000       -1.18363444e+01       6.848723e-03
    70            714       -1.18364769e+01       7.048194e-03
   100            500       -1.18363444e+01       6.969423e-03
   200            250       -1.18363444e+01       7.265792e-03
   500            100       -1.18363444e+01       7.418256e-03
0 0.0068124928952951885 0.00741825601325447
Stocahstic error estimate: 6.812493e-03

step=3,E=-0.7397715256022849,dE=-0.00034575138808412564,err=0.0004257808059559493,gmax=2.2829666375273074
	collect g,Hv time= 0.4710383415222168
	solver time=0.042307138442993164,exit status=0
niter= 18
	g=6.991973085533634,del=0.6643445440875274,dot=0.5337498097567064,x=14.065001859351321
saving to  ./psi4
	prob= 0.4244373344072072
	burn in time= 9.358482837677002
	sample time= 219.5937910079956
	contraction err= 0.005820706833997827 0.7128796081736861

Mean energy: -1.18459337e+01
Block size    # of blocks        Mean                Error
     1           50000       -1.18459337e+01       6.295661e-03
     2           25000       -1.18459337e+01       6.289841e-03
     5           10000       -1.18459337e+01       6.274513e-03
    10           5000       -1.18459337e+01       6.270607e-03
    20           2500       -1.18459337e+01       6.223988e-03
    50           1000       -1.18459337e+01       6.088395e-03
    70            714       -1.18458963e+01       6.137757e-03
   100            500       -1.18459337e+01       6.239555e-03
   200            250       -1.18459337e+01       6.346366e-03
   500            100       -1.18459337e+01       6.614083e-03
0 0.006295661488405069 0.006614082590721574
Stocahstic error estimate: 6.295661e-03

step=4,E=-0.7403708569595124,dE=-0.0005993313572275616,err=0.0003934788430253168,gmax=0.1090153619886397
	collect g,Hv time= 0.4676518440246582
	solver time=0.10426688194274902,exit status=0
niter= 56
	g=0.5738125633202795,del=1.9822379872242675,dot=0.30874977373443785,x=14.065001859351325
saving to  ./psi5
	prob= 0.42627024445757394
	burn in time= 9.264944314956665
	sample time= 219.4663712978363
	contraction err= 0.005920963289832527 2.1832905941830356

Mean energy: -1.18314815e+01
Block size    # of blocks        Mean                Error
     1           50000       -1.18314815e+01       6.267516e-03
     2           25000       -1.18314815e+01       6.284072e-03
     5           10000       -1.18314815e+01       6.294506e-03
    10           5000       -1.18314815e+01       6.301061e-03
    20           2500       -1.18314815e+01       6.271326e-03
    50           1000       -1.18314815e+01       6.242960e-03
    70            714       -1.18314730e+01       6.275694e-03
   100            500       -1.18314815e+01       6.293852e-03
   200            250       -1.18314815e+01       6.590142e-03
   500            100       -1.18314815e+01       6.776284e-03
0 0.006284071523757096 0.0067762844845196705
Stocahstic error estimate: 6.284072e-03

step=5,E=-0.7394675968071446,dE=0.0009032601523678574,err=0.0003927544702348185,gmax=0.1088712132437224
	collect g,Hv time= 0.47159314155578613
	solver time=0.09303832054138184,exit status=0
niter= 49
	g=0.5306575302763767,del=1.5428397530482767,dot=0.26129286325537415,x=14.065001859351325
saving to  ./psi6
	prob= 0.41966466266547525
	burn in time= 9.432425260543823
	sample time= 219.52855467796326
	contraction err= 0.00581415456670288 2.274723609336324

Mean energy: -1.18487849e+01
Block size    # of blocks        Mean                Error
     1           50000       -1.18487849e+01       6.197590e-03
     2           25000       -1.18487849e+01       6.219601e-03
     5           10000       -1.18487849e+01       6.172037e-03
    10           5000       -1.18487849e+01       6.145097e-03
    20           2500       -1.18487849e+01       6.109312e-03
    50           1000       -1.18487849e+01       6.188996e-03
    70            714       -1.18487216e+01       6.154696e-03
   100            500       -1.18487849e+01       6.056767e-03
   200            250       -1.18487849e+01       6.176222e-03
   500            100       -1.18487849e+01       6.872240e-03
0 0.006219601378626918 0.006872240144896361
Stocahstic error estimate: 6.219601e-03

step=6,E=-0.7405490572792559,dE=-0.0010814604721113286,err=0.00038872508616418237,gmax=0.552207501175626
	collect g,Hv time= 0.47792601585388184
	solver time=0.07620668411254883,exit status=0
niter= 39
	g=1.2533611947119911,del=1.673375044980996,dot=0.3068114476494156,x=14.065001859351323
saving to  ./psi7
	prob= 0.4398698858292673
	burn in time= 9.284919023513794
	sample time= 219.60058903694153
	contraction err= 0.0054717825264574355 1.4273982149000726

Mean energy: -1.18452966e+01
Block size    # of blocks        Mean                Error
     1           50000       -1.18452966e+01       6.197649e-03
     2           25000       -1.18452966e+01       6.217947e-03
     5           10000       -1.18452966e+01       6.243930e-03
    10           5000       -1.18452966e+01       6.289805e-03
    20           2500       -1.18452966e+01       6.288826e-03
    50           1000       -1.18452966e+01       6.340726e-03
    70            714       -1.18449325e+01       6.472342e-03
   100            500       -1.18452966e+01       6.329812e-03
   200            250       -1.18452966e+01       6.530775e-03
   500            100       -1.18452966e+01       6.560113e-03
0 0.006217946606572704 0.006560112675915507
Stocahstic error estimate: 6.217947e-03

step=7,E=-0.7403310374093834,dE=0.00021801986987246558,err=0.000388621662910794,gmax=0.1526931856346806
	collect g,Hv time= 0.5053164958953857
	solver time=0.09197568893432617,exit status=0
niter= 47
	g=0.7058215305680487,del=2.0042349580261996,dot=0.32197941066872415,x=14.065001859351323
saving to  ./psi8
	prob= 0.41650034386385726
	burn in time= 9.418064594268799
	sample time= 219.34163188934326
	contraction err= 0.005805423435745657 5.454321616668286

Mean energy: -1.18371028e+01
Block size    # of blocks        Mean                Error
     1           50000       -1.18371028e+01       1.043400e-02
     2           25000       -1.18371028e+01       1.044850e-02
     5           10000       -1.18371028e+01       1.041709e-02
    10           5000       -1.18371028e+01       1.043547e-02
    20           2500       -1.18371028e+01       1.044845e-02
    50           1000       -1.18371028e+01       1.036705e-02
    70            714       -1.18368425e+01       1.057192e-02
   100            500       -1.18371028e+01       1.052384e-02
   200            250       -1.18371028e+01       1.091544e-02
   500            100       -1.18371028e+01       1.102479e-02
0 0.010448497181618537 0.01102479340173133
Stocahstic error estimate: 1.044850e-02

step=8,E=-0.7398189219743274,dE=0.0005121154350560264,err=0.0006530310738511586,gmax=74.62709823826134
	collect g,Hv time= 0.5894672870635986
	solver time=0.007756948471069336,exit status=0
niter= 3
	g=145.6781927262235,del=0.7290024465024144,dot=3.9638409575617404,x=14.065001859351321
saving to  ./psi9
	prob= 0.4229339750157836
	burn in time= 9.438671350479126
	sample time= 219.77613067626953
	contraction err= 0.005763629295995651 1.4395022138436588

Mean energy: -1.17495922e+01
Block size    # of blocks        Mean                Error
     1           50000       -1.17495922e+01       6.970922e-03
     2           25000       -1.17495922e+01       6.946677e-03
     5           10000       -1.17495922e+01       6.998775e-03
    10           5000       -1.17495922e+01       6.990949e-03
    20           2500       -1.17495922e+01       7.010050e-03
    50           1000       -1.17495922e+01       7.171820e-03
    70            714       -1.17496848e+01       7.173404e-03
   100            500       -1.17495922e+01       7.378415e-03
   200            250       -1.17495922e+01       6.936007e-03
   500            100       -1.17495922e+01       6.702164e-03
0 0.006970921570365114 0.006702164257863379
Stocahstic error estimate: 6.970922e-03

step=9,E=-0.7343495101436587,dE=0.005469411830668736,err=0.00043568259814781964,gmax=1.0025052811921673
	collect g,Hv time= 0.4732692241668701
	solver time=0.10352373123168945,exit status=0
niter= 55
	g=2.7280231082046718,del=1.894631063681328,dot=0.833907154155819,x=14.065001859351323
saving to  ./psi10
	prob= 0.46902238096787385
	burn in time= 9.488995552062988
	sample time= 219.23854207992554
	contraction err= 0.00566873762798804 3.5107283250047217

Mean energy: -1.18093572e+01
Block size    # of blocks        Mean                Error
     1           50000       -1.18093572e+01       6.311826e-03
     2           25000       -1.18093572e+01       6.303236e-03
     5           10000       -1.18093572e+01       6.266382e-03
    10           5000       -1.18093572e+01       6.252301e-03
    20           2500       -1.18093572e+01       6.192146e-03
    50           1000       -1.18093572e+01       6.223186e-03
    70            714       -1.18094095e+01       6.198226e-03
   100            500       -1.18093572e+01       6.219661e-03
   200            250       -1.18093572e+01       6.472845e-03
   500            100       -1.18093572e+01       6.084080e-03
0 0.006311826250653496 0.006084079780097049
Stocahstic error estimate: 6.311826e-03

step=10,E=-0.7380848238187602,dE=-0.0037353136751014926,err=0.0003944891406658435,gmax=0.4257886627839196
	collect g,Hv time= 0.46553826332092285
	solver time=0.11097264289855957,exit status=0
niter= 56
	g=1.1495914770779554,del=1.8894633939441632,dot=0.38419119395356427,x=14.065001859351323
saving to  ./psi11
	prob= 0.4662713747194288
	burn in time= 9.576836585998535
	sample time= 219.52759528160095
	contraction err= 0.005435917229049773 1.597312537496339

Mean energy: -1.18313031e+01
Block size    # of blocks        Mean                Error
     1           50000       -1.18313031e+01       6.323151e-03
     2           25000       -1.18313031e+01       6.342150e-03
     5           10000       -1.18313031e+01       6.324645e-03
    10           5000       -1.18313031e+01       6.334781e-03
    20           2500       -1.18313031e+01       6.354301e-03
    50           1000       -1.18313031e+01       6.303475e-03
    70            714       -1.18311674e+01       6.440685e-03
   100            500       -1.18313031e+01       6.407351e-03
   200            250       -1.18313031e+01       6.411688e-03
   500            100       -1.18313031e+01       6.493174e-03
0 0.006342150171234148 0.0064931736058441445
Stocahstic error estimate: 6.342150e-03

step=11,E=-0.7394564413588954,dE=-0.0013716175401352615,err=0.00039638438570213424,gmax=0.46081675439828934
	collect g,Hv time= 0.4734532833099365
	solver time=0.08552169799804688,exit status=0
niter= 44
	g=1.5409619745516019,del=1.9645486123563538,dot=0.4021662987494669,x=14.065001859351323
saving to  ./psi12
	prob= 0.461688736035207
	burn in time= 9.264812707901001
	sample time= 219.27308869361877
	contraction err= 0.00552100071144499 1.5697646518592365

Mean energy: -1.18314770e+01
Block size    # of blocks        Mean                Error
     1           50000       -1.18314770e+01       6.441403e-03
     2           25000       -1.18314770e+01       6.448082e-03
     5           10000       -1.18314770e+01       6.470361e-03
    10           5000       -1.18314770e+01       6.459787e-03
    20           2500       -1.18314770e+01       6.540249e-03
    50           1000       -1.18314770e+01       6.590564e-03
    70            714       -1.18312844e+01       6.493991e-03
   100            500       -1.18314770e+01       6.561884e-03
   200            250       -1.18314770e+01       6.933259e-03
   500            100       -1.18314770e+01       7.866626e-03
0 0.006448082301764666 0.007866625809593335
Stocahstic error estimate: 6.448082e-03

step=12,E=-0.739467310607732,dE=-1.0869248836531398e-05,err=0.00040300514386029163,gmax=0.4002068121758864
	collect g,Hv time= 0.4775114059448242
	solver time=0.10441327095031738,exit status=0
niter= 55
	g=1.2920607259146384,del=1.8862960745112805,dot=0.4228797562896045,x=14.065001859351323
saving to  ./psi13
	prob= 0.48130958350610653
	burn in time= 9.230934858322144
	sample time= 219.44223308563232
	contraction err= 0.005610430133738129 14.810817621437932

Mean energy: -1.18442238e+01
Block size    # of blocks        Mean                Error
     1           50000       -1.18442238e+01       6.226502e-03
     2           25000       -1.18442238e+01       6.243541e-03
     5           10000       -1.18442238e+01       6.199611e-03
    10           5000       -1.18442238e+01       6.171367e-03
    20           2500       -1.18442238e+01       6.233763e-03
    50           1000       -1.18442238e+01       6.340237e-03
    70            714       -1.18444329e+01       6.293827e-03
   100            500       -1.18442238e+01       6.524660e-03
   200            250       -1.18442238e+01       6.223879e-03
   500            100       -1.18442238e+01       6.152141e-03
0 0.0062435405013362595 0.006152141306383949
Stocahstic error estimate: 6.243541e-03

step=13,E=-0.7402639883541074,dE=-0.0007966777463754848,err=0.0003902212813335162,gmax=0.1736753992200657
	collect g,Hv time= 0.47354793548583984
	solver time=0.08734869956970215,exit status=0
niter= 45
	g=0.7574227440266746,del=2.0273458571348657,dot=0.3474057831926296,x=14.065001859351323
saving to  ./psi14
	prob= 0.4665616038086375
	burn in time= 9.350447177886963
	sample time= 219.41743397712708
	contraction err= 0.00535806175379322 1.1201382396615374

Mean energy: -1.18442795e+01
Block size    # of blocks        Mean                Error
     1           50000       -1.18442795e+01       6.222621e-03
     2           25000       -1.18442795e+01       6.200939e-03
     5           10000       -1.18442795e+01       6.247991e-03
    10           5000       -1.18442795e+01       6.274725e-03
    20           2500       -1.18442795e+01       6.291953e-03
    50           1000       -1.18442795e+01       6.166828e-03
    70            714       -1.18443502e+01       5.951388e-03
   100            500       -1.18442795e+01       6.233180e-03
   200            250       -1.18442795e+01       6.373184e-03
   500            100       -1.18442795e+01       6.589142e-03
0 0.006222621023783913 0.006589141564640615
Stocahstic error estimate: 6.222621e-03

step=14,E=-0.7402674659639136,dE=-3.4776098061239935e-06,err=0.00038891381398649454,gmax=0.14120297556240946
	collect g,Hv time= 0.5340631008148193
	solver time=0.10594630241394043,exit status=0
niter= 57
	g=0.729152745649937,del=2.0414988902812787,dot=0.34874651110684335,x=14.065001859351321
saving to  ./psi15
	prob= 0.453268414835572
	burn in time= 9.254373550415039
	sample time= 219.48104310035706
	contraction err= 0.005544824004168264 1.2407421420161397

Mean energy: -1.18400960e+01
Block size    # of blocks        Mean                Error
     1           50000       -1.18400960e+01       6.115452e-03
     2           25000       -1.18400960e+01       6.118545e-03
     5           10000       -1.18400960e+01       6.105629e-03
    10           5000       -1.18400960e+01       6.074176e-03
    20           2500       -1.18400960e+01       6.029272e-03
    50           1000       -1.18400960e+01       6.165066e-03
    70            714       -1.18402456e+01       6.114422e-03
   100            500       -1.18400960e+01       6.363779e-03
   200            250       -1.18400960e+01       6.018740e-03
   500            100       -1.18400960e+01       5.671648e-03
0 0.006118545171507536 0.005671648345657904
Stocahstic error estimate: 6.118545e-03

step=15,E=-0.7400059997978399,dE=0.0002614661660736983,err=0.000382409073219221,gmax=0.22360052679827513
	collect g,Hv time= 0.4751091003417969
	solver time=0.10603594779968262,exit status=0
niter= 58
	g=0.7258336716546746,del=2.0375681807607102,dot=0.31047850686280415,x=14.065001859351323
saving to  ./psi16
	prob= 0.4723131648189559
	burn in time= 9.553064107894897
	sample time= 219.69426226615906
	contraction err= 0.00551305050731991 1.9276675831799581

Mean energy: -1.18419755e+01
Block size    # of blocks        Mean                Error
     1           50000       -1.18419755e+01       6.900650e-03
     2           25000       -1.18419755e+01       6.883538e-03
     5           10000       -1.18419755e+01       6.899066e-03
    10           5000       -1.18419755e+01       6.842894e-03
    20           2500       -1.18419755e+01       6.830580e-03
    50           1000       -1.18419755e+01       6.754398e-03
    70            714       -1.18420198e+01       6.873499e-03
   100            500       -1.18419755e+01       6.721864e-03
   200            250       -1.18419755e+01       7.109531e-03
   500            100       -1.18419755e+01       6.598322e-03
0 0.006900649772900789 0.006598322181107998
Stocahstic error estimate: 6.900650e-03

step=16,E=-0.7401234699571351,dE=-0.00011747015929519655,err=0.00043129061080629934,gmax=1.8001687590164903
	collect g,Hv time= 0.48879361152648926
	solver time=0.05344867706298828,exit status=0
niter= 25
	g=4.123742162585331,del=1.5070040808569858,dot=0.5565357650277748,x=14.065001859351321
saving to  ./psi17
	prob= 0.4692121411273348
	burn in time= 9.342145681381226
	sample time= 219.2526729106903
	contraction err= 0.0054474487393453425 6.569619950113712

Mean energy: -1.18413669e+01
Block size    # of blocks        Mean                Error
     1           50000       -1.18413669e+01       8.484884e-03
     2           25000       -1.18413669e+01       8.487027e-03
     5           10000       -1.18413669e+01       8.481562e-03
    10           5000       -1.18413669e+01       8.484848e-03
    20           2500       -1.18413669e+01       8.565150e-03
    50           1000       -1.18413669e+01       8.616081e-03
    70            714       -1.18415204e+01       8.252944e-03
   100            500       -1.18413669e+01       8.472666e-03
   200            250       -1.18413669e+01       7.950252e-03
   500            100       -1.18413669e+01       8.157280e-03
0 0.008487026504820194 0.008157279915936514
Stocahstic error estimate: 8.487027e-03

step=17,E=-0.7400854297595826,dE=3.804019755249133e-05,err=0.0005304391565512621,gmax=1.230839302572518
	collect g,Hv time= 0.7076334953308105
	solver time=0.10854816436767578,exit status=0
niter= 56
	g=3.8807367503821686,del=2.1379207654443877,dot=2.039357205140325,x=14.065001859351323
saving to  ./psi18
	prob= 0.47403851289230575
	burn in time= 9.44688892364502
	sample time= 219.742422580719
	contraction err= 0.0054774285208927485 5.487602862120042

Mean energy: -1.18482800e+01
Block size    # of blocks        Mean                Error
     1           50000       -1.18482800e+01       6.283914e-03
     2           25000       -1.18482800e+01       6.288960e-03
     5           10000       -1.18482800e+01       6.282930e-03
    10           5000       -1.18482800e+01       6.268355e-03
    20           2500       -1.18482800e+01       6.184468e-03
    50           1000       -1.18482800e+01       6.278930e-03
    70            714       -1.18483467e+01       6.236563e-03
   100            500       -1.18482800e+01       6.366870e-03
   200            250       -1.18482800e+01       6.318518e-03
   500            100       -1.18482800e+01       6.951883e-03
0 0.006288959820515303 0.006951883229356843
Stocahstic error estimate: 6.288960e-03

step=18,E=-0.7405174989479295,dE=-0.00043206918834692853,err=0.0003930599887822064,gmax=0.6519419657743193
	collect g,Hv time= 0.5063083171844482
	solver time=0.10013413429260254,exit status=0
niter= 54
	g=1.4172379498820795,del=1.81517116390821,dot=0.3774586983830942,x=14.065001859351323
saving to  ./psi19
	prob= 0.4507622708028716
	burn in time= 9.35666012763977
	sample time= 219.2874891757965
	contraction err= 0.005582783220103739 13.231103600822314

Mean energy: -1.18487517e+01
Block size    # of blocks        Mean                Error
     1           50000       -1.18487517e+01       6.386715e-03
     2           25000       -1.18487517e+01       6.411746e-03
     5           10000       -1.18487517e+01       6.406479e-03
    10           5000       -1.18487517e+01       6.433040e-03
    20           2500       -1.18487517e+01       6.490436e-03
    50           1000       -1.18487517e+01       6.346371e-03
    70            714       -1.18488873e+01       6.387464e-03
   100            500       -1.18487517e+01       6.258845e-03
   200            250       -1.18487517e+01       6.008921e-03
   500            100       -1.18487517e+01       5.829049e-03
0 0.006411746380348835 0.005829049031931151
Stocahstic error estimate: 6.411746e-03

step=19,E=-0.740546978972903,dE=-2.948002497349389e-05,err=0.0004007341487718022,gmax=0.1900607398387515
	collect g,Hv time= 0.6278595924377441
	solver time=0.10877633094787598,exit status=0
niter= 56
	g=0.5916391369940429,del=2.073605295327404,dot=0.3556736638521678,x=14.065001859351323
saving to  ./psi20
	prob= 0.449574000528873
	burn in time= 9.281863927841187
	sample time= 219.58009505271912
	contraction err= 0.005317898542195017 3.3153317268616513

Mean energy: -1.18454318e+01
Block size    # of blocks        Mean                Error
     1           50000       -1.18454318e+01       6.197489e-03
     2           25000       -1.18454318e+01       6.171316e-03
     5           10000       -1.18454318e+01       6.179771e-03
    10           5000       -1.18454318e+01       6.193883e-03
    20           2500       -1.18454318e+01       6.174745e-03
    50           1000       -1.18454318e+01       6.094185e-03
    70            714       -1.18453900e+01       6.047914e-03
   100            500       -1.18454318e+01       6.237296e-03
   200            250       -1.18454318e+01       5.927102e-03
   500            100       -1.18454318e+01       5.976755e-03
0 0.006197489048047167 0.005976755383716525
Stocahstic error estimate: 6.197489e-03

step=20,E=-0.7403394867753924,dE=0.00020749219751059478,err=0.00038734306550294796,gmax=0.4526781320513177
	collect g,Hv time= 0.57649827003479
	solver time=0.10694599151611328,exit status=0
niter= 57
	g=1.0570224651357194,del=1.9498047663296354,dot=0.39063231799812603,x=14.065001859351321
saving to  ./psi21
	prob= 0.44088100995840107
	burn in time= 9.416648864746094
	sample time= 219.16737246513367
	contraction err= 0.0053888635281741076 2.6254121454111194

Mean energy: -1.18462696e+01
Block size    # of blocks        Mean                Error
     1           50000       -1.18462696e+01       6.199917e-03
     2           25000       -1.18462696e+01       6.192897e-03
     5           10000       -1.18462696e+01       6.200017e-03
    10           5000       -1.18462696e+01       6.247969e-03
    20           2500       -1.18462696e+01       6.180182e-03
    50           1000       -1.18462696e+01       6.258295e-03
    70            714       -1.18463722e+01       6.187653e-03
   100            500       -1.18462696e+01       6.027675e-03
   200            250       -1.18462696e+01       6.215119e-03
   500            100       -1.18462696e+01       5.843262e-03
0 0.006199917370725146 0.0058432623301399094
Stocahstic error estimate: 6.199917e-03

step=21,E=-0.7403918497898013,dE=-5.236301440891822e-05,err=0.0003874948356703216,gmax=0.28244849586323606
	collect g,Hv time= 0.6404187679290771
	solver time=0.10288834571838379,exit status=0
niter= 54
	g=0.9031248748551997,del=1.6799174628917795,dot=0.310801902820081,x=14.065001859351323
saving to  ./psi22
	prob= 0.4399557384380494
	burn in time= 9.382284164428711
	sample time= 219.52141666412354
	contraction err= 0.005192225580034732 5.419298225333288

Mean energy: -1.18611590e+01
Block size    # of blocks        Mean                Error
     1           50000       -1.18611590e+01       6.713478e-03
     2           25000       -1.18611590e+01       6.717816e-03
     5           10000       -1.18611590e+01       6.687170e-03
    10           5000       -1.18611590e+01       6.745915e-03
    20           2500       -1.18611590e+01       6.630523e-03
    50           1000       -1.18611590e+01       6.672148e-03
    70            714       -1.18609225e+01       6.650180e-03
   100            500       -1.18611590e+01       6.593085e-03
   200            250       -1.18611590e+01       6.779368e-03
   500            100       -1.18611590e+01       6.650204e-03
0 0.006717816301027816 0.006650204016784264
Stocahstic error estimate: 6.717816e-03

step=22,E=-0.7413224348638392,dE=-0.0009305850740378707,err=0.0004198635188142385,gmax=29.44612273792952
	collect g,Hv time= 0.6785049438476562
	solver time=0.007669210433959961,exit status=0
niter= 3
	g=84.7718447108816,del=0.8157981388577445,dot=1.041857420351053,x=14.065001859351323
saving to  ./psi23
	prob= 0.4141918317001377
	burn in time= 9.29592251777649
	sample time= 219.3479721546173
	contraction err= 0.005339969035356485 0.5373957456539712

Mean energy: -1.17192417e+01
Block size    # of blocks        Mean                Error
     1           50000       -1.17192417e+01       7.305358e-03
     2           25000       -1.17192417e+01       7.307370e-03
     5           10000       -1.17192417e+01       7.257715e-03
    10           5000       -1.17192417e+01       7.357163e-03
    20           2500       -1.17192417e+01       7.427698e-03
    50           1000       -1.17192417e+01       7.441408e-03
    70            714       -1.17193066e+01       7.503244e-03
   100            500       -1.17192417e+01       7.520353e-03
   200            250       -1.17192417e+01       7.712489e-03
   500            100       -1.17192417e+01       8.817104e-03
0 0.007307369862209676 0.00881710400135248
Stocahstic error estimate: 7.307370e-03

step=23,E=-0.7324526051303591,dE=0.00886982973348005,err=0.00045671061638810477,gmax=0.47294580617899507
	collect g,Hv time= 0.5562186241149902
	solver time=0.10671639442443848,exit status=0
niter= 57
	g=2.5612876786444505,del=1.8896138539624203,dot=1.0661280362926928,x=14.065001859351323
saving to  ./psi24
	prob= 0.46582230127056073
	burn in time= 9.332728385925293
	sample time= 219.18168234825134
	contraction err= 0.005094554859149848 0.9659087784376311

Mean energy: -1.18068255e+01
Block size    # of blocks        Mean                Error
     1           50000       -1.18068255e+01       6.561841e-03
     2           25000       -1.18068255e+01       6.595591e-03
     5           10000       -1.18068255e+01       6.573810e-03
    10           5000       -1.18068255e+01       6.560428e-03
    20           2500       -1.18068255e+01       6.532324e-03
    50           1000       -1.18068255e+01       6.586724e-03
    70            714       -1.18070050e+01       6.652311e-03
   100            500       -1.18068255e+01       6.594049e-03
   200            250       -1.18068255e+01       6.955308e-03
   500            100       -1.18068255e+01       7.660652e-03
0 0.0065955914473052775 0.0076606518805496255
Stocahstic error estimate: 6.595591e-03

step=24,E=-0.737926590767187,dE=-0.005473985636827883,err=0.00041222446545657984,gmax=0.2969591378546068
	collect g,Hv time= 0.5312116146087646
	solver time=0.1047968864440918,exit status=0
niter= 58
	g=1.3294415138320546,del=2.035751971598695,dot=0.452539595098085,x=14.065001859351321
saving to  ./psi25
	prob= 0.43616609213596197
	burn in time= 9.191246032714844
	sample time= 219.52805399894714
	contraction err= 0.005120158458834011 1.3967355952190392

Mean energy: -1.18221514e+01
Block size    # of blocks        Mean                Error
     1           50000       -1.18221514e+01       6.238690e-03
     2           25000       -1.18221514e+01       6.242960e-03
     5           10000       -1.18221514e+01       6.182833e-03
    10           5000       -1.18221514e+01       6.115171e-03
    20           2500       -1.18221514e+01       6.116608e-03
    50           1000       -1.18221514e+01       6.064062e-03
    70            714       -1.18220865e+01       5.973892e-03
   100            500       -1.18221514e+01       6.159268e-03
   200            250       -1.18221514e+01       6.274648e-03
   500            100       -1.18221514e+01       6.360030e-03
0 0.006242960416539063 0.006360029630415479
Stocahstic error estimate: 6.242960e-03

step=25,E=-0.7388844644350994,dE=-0.0009578736679123345,err=0.00039018502603369146,gmax=0.32500908726528954
	collect g,Hv time= 0.6454079151153564
	solver time=0.10644125938415527,exit status=0
niter= 57
	g=1.024446588096789,del=2.054108757372039,dot=0.3551244395840042,x=14.065001859351323
saving to  ./psi26
	prob= 0.42320328636284177
	burn in time= 9.029977321624756
	sample time= 219.1696412563324
	contraction err= 0.005462068397933829 11.782018320913322

Mean energy: -1.18450102e+01
Block size    # of blocks        Mean                Error
     1           50000       -1.18450102e+01       6.274033e-03
     2           25000       -1.18450102e+01       6.253836e-03
     5           10000       -1.18450102e+01       6.209141e-03
    10           5000       -1.18450102e+01       6.207201e-03
    20           2500       -1.18450102e+01       6.088491e-03
    50           1000       -1.18450102e+01       6.002261e-03
    70            714       -1.18449510e+01       5.837753e-03
   100            500       -1.18450102e+01       5.794493e-03
   200            250       -1.18450102e+01       6.308560e-03
   500            100       -1.18450102e+01       6.241985e-03
0 0.006274033445382418 0.0062419854865977354
Stocahstic error estimate: 6.274033e-03

step=26,E=-0.7403131393124628,dE=-0.0014286748773634228,err=0.0003921270903364011,gmax=0.3034368542234573
	collect g,Hv time= 0.7729759216308594
	solver time=0.09070277214050293,exit status=0
niter= 45
	g=1.1271156133237863,del=1.9487481024402877,dot=0.4000343468862738,x=14.065001859351323
saving to  ./psi27
	prob= 0.43046830401096936
	burn in time= 9.360198259353638
	sample time= 219.677969455719
	contraction err= 0.005051010794292729 3.441987225234767

Mean energy: -1.18433121e+01
Block size    # of blocks        Mean                Error
     1           50000       -1.18433121e+01       6.080817e-03
     2           25000       -1.18433121e+01       6.066100e-03
     5           10000       -1.18433121e+01       6.058949e-03
    10           5000       -1.18433121e+01       6.086399e-03
    20           2500       -1.18433121e+01       6.061476e-03
    50           1000       -1.18433121e+01       5.950234e-03
    70            714       -1.18436289e+01       6.090007e-03
   100            500       -1.18433121e+01       6.002753e-03
   200            250       -1.18433121e+01       6.275544e-03
   500            100       -1.18433121e+01       6.487523e-03
0 0.00608081700203511 0.006487522658351805
Stocahstic error estimate: 6.080817e-03

step=27,E=-0.7402070062421955,dE=0.00010613307026730023,err=0.00038005106262719435,gmax=0.11129692201571695
	collect g,Hv time= 0.6427156925201416
	solver time=0.10794591903686523,exit status=0
niter= 57
	g=0.6402385167998538,del=1.9955154370334223,dot=0.2956037328149946,x=14.065001859351321
saving to  ./psi28
	prob= 0.43111621380410675
	burn in time= 9.33477783203125
	sample time= 219.19518566131592
	contraction err= 0.005074852078334091 0.767199345591982

Mean energy: -1.18533425e+01
Block size    # of blocks        Mean                Error
     1           50000       -1.18533425e+01       6.109646e-03
     2           25000       -1.18533425e+01       6.087666e-03
     5           10000       -1.18533425e+01       6.106060e-03
    10           5000       -1.18533425e+01       6.009386e-03
    20           2500       -1.18533425e+01       5.926756e-03
    50           1000       -1.18533425e+01       5.884864e-03
    70            714       -1.18535005e+01       5.933595e-03
   100            500       -1.18533425e+01       5.796910e-03
   200            250       -1.18533425e+01       5.825735e-03
   500            100       -1.18533425e+01       5.361666e-03
0 0.006109645999129817 0.005361665648602964
Stocahstic error estimate: 6.109646e-03

step=28,E=-0.740833908799385,dE=-0.000626902557189557,err=0.0003818528749456136,gmax=0.2415603551252648
	collect g,Hv time= 0.541825532913208
	solver time=0.1069483757019043,exit status=0
niter= 57
	g=0.8822778049547432,del=1.8354797709848167,dot=0.3216915061162529,x=14.065001859351323
saving to  ./psi29
	prob= 0.42858893897612566
	burn in time= 9.43138599395752
	sample time= 219.56841897964478
	contraction err= 0.0051440780567774255 2.8436496639159996

Mean energy: -1.18485451e+01
Block size    # of blocks        Mean                Error
     1           50000       -1.18485451e+01       6.035206e-03
     2           25000       -1.18485451e+01       6.036423e-03
     5           10000       -1.18485451e+01       6.073888e-03
    10           5000       -1.18485451e+01       6.003454e-03
    20           2500       -1.18485451e+01       6.069123e-03
    50           1000       -1.18485451e+01       6.057333e-03
    70            714       -1.18485150e+01       6.028030e-03
   100            500       -1.18485451e+01       6.128549e-03
   200            250       -1.18485451e+01       6.045959e-03
   500            100       -1.18485451e+01       5.578134e-03
0 0.006036423435520241 0.005578134187323158
Stocahstic error estimate: 6.036423e-03

step=29,E=-0.7405340666681804,dE=0.00029984213120459735,err=0.0003772764647200151,gmax=0.16197972732161195
	collect g,Hv time= 0.83872389793396
	solver time=0.11083769798278809,exit status=0
niter= 57
	g=0.6378454939002148,del=1.8009000495432421,dot=0.2678632971731849,x=14.065001859351323
saving to  ./psi30
	prob= 0.4214097885971906
	burn in time= 9.49397873878479
	sample time= 219.07139372825623
	contraction err= 0.005077998181805144 0.9556703945525881

Mean energy: -1.18584586e+01
Block size    # of blocks        Mean                Error
     1           50000       -1.18584586e+01       6.082098e-03
     2           25000       -1.18584586e+01       6.113739e-03
     5           10000       -1.18584586e+01       6.098928e-03
    10           5000       -1.18584586e+01       6.108966e-03
    20           2500       -1.18584586e+01       6.157560e-03
    50           1000       -1.18584586e+01       6.019557e-03
    70            714       -1.18581848e+01       5.965444e-03
   100            500       -1.18584586e+01       6.006703e-03
   200            250       -1.18584586e+01       5.917389e-03
   500            100       -1.18584586e+01       6.609347e-03
0 0.006113738866329346 0.006609347120101404
Stocahstic error estimate: 6.113739e-03

step=30,E=-0.7411536639477264,dE=-0.0006195972795459692,err=0.0003821086791455841,gmax=0.20695733058582944
	collect g,Hv time= 0.7795560359954834
	solver time=0.11071991920471191,exit status=0
niter= 58
	g=0.7999619236727393,del=1.796629633142143,dot=0.28174594025748245,x=14.065001859351321
saving to  ./psi31
	prob= 0.43714870856136107
	burn in time= 9.261298894882202
	sample time= 219.3566873073578
	contraction err= 0.005074209972686969 2.4144226684992516

Mean energy: -1.18599828e+01
Block size    # of blocks        Mean                Error
     1           50000       -1.18599828e+01       5.946609e-03
     2           25000       -1.18599828e+01       5.942129e-03
     5           10000       -1.18599828e+01       5.943299e-03
    10           5000       -1.18599828e+01       5.919258e-03
    20           2500       -1.18599828e+01       5.880110e-03
    50           1000       -1.18599828e+01       5.635146e-03
    70            714       -1.18599830e+01       5.578845e-03
   100            500       -1.18599828e+01       5.646904e-03
   200            250       -1.18599828e+01       5.685773e-03
   500            100       -1.18599828e+01       5.758775e-03
0 0.005946609220836875 0.005758774739300159
Stocahstic error estimate: 5.946609e-03

step=31,E=-0.7412489271886851,dE=-9.526324095865402e-05,err=0.0003716630763023047,gmax=0.15723097483468385
	collect g,Hv time= 0.7096498012542725
	solver time=0.10609793663024902,exit status=0
niter= 56
	g=0.5609777767825547,del=1.6259628768900103,dot=0.248337767473387,x=14.065001859351321
saving to  ./psi32
	prob= 0.4319243609497303
	burn in time= 9.422082901000977
	sample time= 219.25997710227966
	contraction err= 0.004991079360638559 1.168787988909278

Mean energy: -1.18492203e+01
Block size    # of blocks        Mean                Error
     1           50000       -1.18492203e+01       5.952691e-03
     2           25000       -1.18492203e+01       5.958161e-03
     5           10000       -1.18492203e+01       5.994248e-03
    10           5000       -1.18492203e+01       5.964176e-03
    20           2500       -1.18492203e+01       6.001803e-03
    50           1000       -1.18492203e+01       5.833871e-03
    70            714       -1.18492708e+01       5.901041e-03
   100            500       -1.18492203e+01       6.098677e-03
   200            250       -1.18492203e+01       5.904855e-03
   500            100       -1.18492203e+01       5.511840e-03
0 0.0059581605666828566 0.0055118403844634095
Stocahstic error estimate: 5.958161e-03

step=32,E=-0.7405762672777595,dE=0.0006726599109255771,err=0.00037238503541767854,gmax=0.10440711365515565
	collect g,Hv time= 0.8124444484710693
	solver time=0.10889959335327148,exit status=0
niter= 57
	g=0.42989131383007945,del=1.8540398552542174,dot=0.2373220618149334,x=14.06500185935132
saving to  ./psi33
	prob= 0.42319406067977866
	burn in time= 9.489075660705566
	sample time= 219.17840433120728
	contraction err= 0.0050682658217726965 4.353269073546649

Mean energy: -1.18728911e+01
Block size    # of blocks        Mean                Error
     1           50000       -1.18728911e+01       6.025623e-03
     2           25000       -1.18728911e+01       6.022545e-03
     5           10000       -1.18728911e+01       5.961336e-03
    10           5000       -1.18728911e+01       6.062448e-03
    20           2500       -1.18728911e+01       6.109837e-03
    50           1000       -1.18728911e+01       6.199325e-03
    70            714       -1.18729316e+01       6.210047e-03
   100            500       -1.18728911e+01       6.017977e-03
   200            250       -1.18728911e+01       5.932153e-03
   500            100       -1.18728911e+01       5.848802e-03
0 0.006025623147234597 0.005848801941276784
Stocahstic error estimate: 6.025623e-03

step=33,E=-0.7420556964262938,dE=-0.0014794291485342725,err=0.0003766014467021623,gmax=0.3881764493550165
	collect g,Hv time= 0.824519157409668
	solver time=0.10843467712402344,exit status=0
niter= 56
	g=1.0618993200307993,del=1.5565208044839898,dot=0.32508107720252033,x=14.065001859351323
saving to  ./psi34
	prob= 0.4176484000080793
	burn in time= 9.407031059265137
	sample time= 219.35677313804626
	contraction err= 0.005030661357060659 0.8313826665780102

Mean energy: -1.18619211e+01
Block size    # of blocks        Mean                Error
     1           50000       -1.18619211e+01       5.903159e-03
     2           25000       -1.18619211e+01       5.896470e-03
     5           10000       -1.18619211e+01       5.833176e-03
    10           5000       -1.18619211e+01       5.785137e-03
    20           2500       -1.18619211e+01       5.770720e-03
    50           1000       -1.18619211e+01       5.845075e-03
    70            714       -1.18618238e+01       5.754439e-03
   100            500       -1.18619211e+01       5.737884e-03
   200            250       -1.18619211e+01       5.903180e-03
   500            100       -1.18619211e+01       5.958439e-03
0 0.005903158678583136 0.005958438644829288
Stocahstic error estimate: 5.903159e-03

step=34,E=-0.7413700709326209,dE=0.0006856254936729034,err=0.000368947417411446,gmax=0.1310334404038987
	collect g,Hv time= 0.9098155498504639
	solver time=0.09192347526550293,exit status=0
niter= 45
	g=0.5753860974887918,del=1.956117386455525,dot=0.25965549383398306,x=14.065001859351323
saving to  ./psi35
	prob= 0.40810019443941825
	burn in time= 9.352504968643188
	sample time= 219.03112268447876
	contraction err= 0.005173341074213768 0.8212529335249473

Mean energy: -1.18527942e+01
Block size    # of blocks        Mean                Error
     1           50000       -1.18527942e+01       5.929432e-03
     2           25000       -1.18527942e+01       5.960524e-03
     5           10000       -1.18527942e+01       5.949362e-03
    10           5000       -1.18527942e+01       5.962560e-03
    20           2500       -1.18527942e+01       6.040657e-03
    50           1000       -1.18527942e+01       6.080093e-03
    70            714       -1.18525409e+01       6.076260e-03
   100            500       -1.18527942e+01       5.954436e-03
   200            250       -1.18527942e+01       6.039222e-03
   500            100       -1.18527942e+01       5.985040e-03
0 0.005960524112647243 0.005985039655768008
Stocahstic error estimate: 5.960524e-03

step=35,E=-0.7407996367801009,dE=0.0005704341525200052,err=0.0003725327570404527,gmax=0.28811176847954323
	collect g,Hv time= 0.7927792072296143
	solver time=0.11097002029418945,exit status=0
niter= 58
	g=0.9044842540369692,del=1.7411786152906714,dot=0.3045089752116712,x=14.065001859351325
saving to  ./psi36
	prob= 0.4261929649475852
	burn in time= 9.342621326446533
	sample time= 219.56771993637085
	contraction err= 0.005261076436318004 1.3072627204565554

Mean energy: -1.18302077e+01
Block size    # of blocks        Mean                Error
     1           50000       -1.18302077e+01       1.971939e-02
     2           25000       -1.18302077e+01       1.970269e-02
     5           10000       -1.18302077e+01       1.972105e-02
    10           5000       -1.18302077e+01       1.975045e-02
    20           2500       -1.18302077e+01       1.966363e-02
    50           1000       -1.18302077e+01       1.967222e-02
    70            714       -1.18301464e+01       1.966420e-02
   100            500       -1.18302077e+01       1.959942e-02
   200            250       -1.18302077e+01       1.950382e-02
   500            100       -1.18302077e+01       1.977605e-02
0 0.01971938768113028 0.01977605072733839
Stocahstic error estimate: 1.971939e-02

step=36,E=-0.7393879808546494,dE=0.0014116559254514494,err=0.0012324617300706424,gmax=36.19532371442767
	collect g,Hv time= 0.7625329494476318
	solver time=0.014699697494506836,exit status=0
niter= 6
	g=73.45572551789093,del=0.586468092167051,dot=17.767595828425776,x=14.06500185935132
saving to  ./psi37
	prob= 0.46461321194528593
	burn in time= 9.557519435882568
	sample time= 219.09885048866272
	contraction err= 0.005130290878191335 5.2820672525122925

Mean energy: -1.18454867e+01
Block size    # of blocks        Mean                Error
     1           50000       -1.18454867e+01       6.090890e-03
     2           25000       -1.18454867e+01       6.068292e-03
     5           10000       -1.18454867e+01       6.068165e-03
    10           5000       -1.18454867e+01       6.133017e-03
    20           2500       -1.18454867e+01       6.187197e-03
    50           1000       -1.18454867e+01       6.284583e-03
    70            714       -1.18454569e+01       6.467602e-03
   100            500       -1.18454867e+01       6.254785e-03
   200            250       -1.18454867e+01       6.488667e-03
   500            100       -1.18454867e+01       6.059762e-03
0 0.006090889994286456 0.006059761779269806
Stocahstic error estimate: 6.090890e-03

step=37,E=-0.7403429208658526,dE=-0.0009549400112032203,err=0.0003806806246429035,gmax=0.18137174708781456
	collect g,Hv time= 0.8141648769378662
	solver time=0.1094367504119873,exit status=0
niter= 57
	g=0.8849954092132246,del=1.9163219032195011,dot=0.3859999453589876,x=14.065001859351325
saving to  ./psi38
	prob= 0.4798279075386351
	burn in time= 9.404629707336426
	sample time= 219.5178279876709
	contraction err= 0.005079559938137335 1.8514001783008704

Mean energy: -1.18562283e+01
Block size    # of blocks        Mean                Error
     1           50000       -1.18562283e+01       6.158512e-03
     2           25000       -1.18562283e+01       6.165176e-03
     5           10000       -1.18562283e+01       6.159229e-03
    10           5000       -1.18562283e+01       6.238948e-03
    20           2500       -1.18562283e+01       6.324356e-03
    50           1000       -1.18562283e+01       6.343555e-03
    70            714       -1.18561272e+01       6.398675e-03
   100            500       -1.18562283e+01       6.381970e-03
   200            250       -1.18562283e+01       6.384216e-03
   500            100       -1.18562283e+01       6.206228e-03
0 0.006165176456112474 0.0062062278067135344
Stocahstic error estimate: 6.165176e-03

step=38,E=-0.7410142712611301,dE=-0.0006713503952774369,err=0.0003853235285070296,gmax=0.1917951447298023
	collect g,Hv time= 0.6878705024719238
	solver time=0.10392498970031738,exit status=0
niter= 54
	g=0.7119276254007667,del=1.8042376417584283,dot=0.30019562087418067,x=14.065001859351321
saving to  ./psi39
	prob= 0.5169426274010845
	burn in time= 9.437677383422852
	sample time= 219.007159948349
	contraction err= 0.0050447572411516295 1.1678155519597262

Mean energy: -1.18480954e+01
Block size    # of blocks        Mean                Error
     1           50000       -1.18480954e+01       6.079851e-03
     2           25000       -1.18480954e+01       6.086518e-03
     5           10000       -1.18480954e+01       6.038895e-03
    10           5000       -1.18480954e+01       6.086067e-03
    20           2500       -1.18480954e+01       6.068945e-03
    50           1000       -1.18480954e+01       6.001024e-03
    70            714       -1.18481405e+01       6.047125e-03
   100            500       -1.18480954e+01       5.963927e-03
   200            250       -1.18480954e+01       5.748951e-03
   500            100       -1.18480954e+01       5.870252e-03
0 0.0060865183576411545 0.005870251693186338
Stocahstic error estimate: 6.086518e-03

step=39,E=-0.7405059614538106,dE=0.0005083098073194181,err=0.00038040739735257216,gmax=0.2118083953233057
	collect g,Hv time= 0.8022956848144531
	solver time=0.11159825325012207,exit status=0
niter= 56
	g=0.8024593136194944,del=2.075660538985922,dot=0.42681614272655233,x=14.065001859351321
saving to  ./psi40
	prob= 0.5094276818233938
	burn in time= 9.345969676971436
	sample time= 219.27946138381958
	contraction err= 0.00497743905729476 1.106096162364963

Mean energy: -1.18498610e+01
Block size    # of blocks        Mean                Error
     1           50000       -1.18498610e+01       6.096309e-03
     2           25000       -1.18498610e+01       6.105605e-03
     5           10000       -1.18498610e+01       6.222790e-03
    10           5000       -1.18498610e+01       6.279195e-03
    20           2500       -1.18498610e+01       6.234900e-03
    50           1000       -1.18498610e+01       6.287973e-03
    70            714       -1.18499355e+01       6.272055e-03
   100            500       -1.18498610e+01       6.337194e-03
   200            250       -1.18498610e+01       6.012167e-03
   500            100       -1.18498610e+01       6.312120e-03
0 0.0061056054585185374 0.0063121201163740545
Stocahstic error estimate: 6.105605e-03

step=40,E=-0.7406163117163266,dE=-0.00011035026251593472,err=0.0003816003411574086,gmax=0.08337699739200044
	collect g,Hv time= 0.6712450981140137
	solver time=0.10579276084899902,exit status=0
niter= 56
	g=0.4834433528621406,del=2.1075934986236726,dot=0.2846659360937561,x=14.065001859351323
saving to  ./psi41
	prob= 0.519389899189356
	burn in time= 9.405149459838867
	sample time= 218.95967483520508
	contraction err= 0.004984259189007718 1.0775378367062984

Mean energy: -1.18532055e+01
Block size    # of blocks        Mean                Error
     1           50000       -1.18532055e+01       6.274216e-03
     2           25000       -1.18532055e+01       6.324062e-03
     5           10000       -1.18532055e+01       6.282956e-03
    10           5000       -1.18532055e+01       6.283323e-03
    20           2500       -1.18532055e+01       6.306636e-03
    50           1000       -1.18532055e+01       6.392207e-03
    70            714       -1.18532087e+01       6.306251e-03
   100            500       -1.18532055e+01       6.257837e-03
   200            250       -1.18532055e+01       6.218003e-03
   500            100       -1.18532055e+01       6.770121e-03
0 0.0063240618157568325 0.006770121301480156
Stocahstic error estimate: 6.324062e-03

step=41,E=-0.7408253449663351,dE=-0.000209033250008539,err=0.00039525386348480203,gmax=0.7327421173432229
	collect g,Hv time= 0.7862317562103271
	solver time=0.08634161949157715,exit status=0
niter= 43
	g=1.832533848254709,del=1.5865863666125564,dot=0.41487024006860396,x=14.065001859351325
saving to  ./psi42
	prob= 0.4741489539325163
	burn in time= 9.236009359359741
	sample time= 219.18543124198914
	contraction err= 0.004966573594039646 1.0771564792011215

Mean energy: -1.18629507e+01
Block size    # of blocks        Mean                Error
     1           50000       -1.18629507e+01       6.031430e-03
     2           25000       -1.18629507e+01       6.029442e-03
     5           10000       -1.18629507e+01       6.050450e-03
    10           5000       -1.18629507e+01       6.003812e-03
    20           2500       -1.18629507e+01       6.001897e-03
    50           1000       -1.18629507e+01       5.980903e-03
    70            714       -1.18630436e+01       5.883668e-03
   100            500       -1.18629507e+01       5.859927e-03
   200            250       -1.18629507e+01       5.730542e-03
   500            100       -1.18629507e+01       5.716386e-03
0 0.006031430159031869 0.005716386145537666
Stocahstic error estimate: 6.031430e-03

step=42,E=-0.7414344198726049,dE=-0.0006090749062698242,err=0.0003769643849394918,gmax=0.35846188682187885
	collect g,Hv time= 0.7373874187469482
	solver time=0.0847325325012207,exit status=0
niter= 42
	g=1.2709085130701305,del=1.7728574296218622,dot=0.3240065570287948,x=14.065001859351321
saving to  ./psi43
	prob= 0.4726407715572072
	burn in time= 9.329337358474731
	sample time= 219.189608335495
	contraction err= 0.005022208946153359 1.67849745036232

Mean energy: -1.18585081e+01
Block size    # of blocks        Mean                Error
     1           50000       -1.18585081e+01       8.210682e-03
     2           25000       -1.18585081e+01       8.219118e-03
     5           10000       -1.18585081e+01       8.184097e-03
    10           5000       -1.18585081e+01       8.221429e-03
    20           2500       -1.18585081e+01       8.095337e-03
    50           1000       -1.18585081e+01       7.792030e-03
    70            714       -1.18587840e+01       8.027957e-03
   100            500       -1.18585081e+01       7.764823e-03
   200            250       -1.18585081e+01       7.972743e-03
   500            100       -1.18585081e+01       7.549874e-03
0 0.008219117620565191 0.0075498744710809085
Stocahstic error estimate: 8.219118e-03

step=43,E=-0.7411567539553713,dE=0.0002776659172336604,err=0.0005136948512853244,gmax=4.47407343066813
	collect g,Hv time= 0.7180943489074707
niter= 12
	solver time=0.02885913848876953,exit status=0
	g=16.4757337429303,del=0.3933525106634719,dot=1.700479663465848,x=14.065001859351323
saving to  ./psi44
	prob= 0.46944945622585493
	burn in time= 9.457331418991089
	sample time= 218.83561754226685
	contraction err= 0.004985154012388499 1.0871412367085707

Mean energy: -1.18593150e+01
Block size    # of blocks        Mean                Error
     1           50000       -1.18593150e+01       6.000586e-03
     2           25000       -1.18593150e+01       5.993748e-03
     5           10000       -1.18593150e+01       6.043575e-03
    10           5000       -1.18593150e+01       6.034032e-03
    20           2500       -1.18593150e+01       6.066127e-03
    50           1000       -1.18593150e+01       6.110478e-03
    70            714       -1.18593519e+01       6.254693e-03
   100            500       -1.18593150e+01       5.995146e-03
   200            250       -1.18593150e+01       6.193931e-03
   500            100       -1.18593150e+01       6.033036e-03
0 0.006000585871732175 0.006033036164314206
Stocahstic error estimate: 6.000586e-03

step=44,E=-0.7412071849682385,dE=-5.043101286716922e-05,err=0.00037503661698326096,gmax=0.0939914330174294
	collect g,Hv time= 0.887587308883667
	solver time=0.117095947265625,exit status=0
niter= 58
	g=0.48134252495610486,del=1.9472315346984088,dot=0.24201231186092317,x=14.065001859351323
saving to  ./psi45
	prob= 0.4604896718447284
	burn in time= 9.463327169418335
	sample time= 219.34410405158997
	contraction err= 0.0048661230722720755 1.14201535161724

Mean energy: -1.18664024e+01
Block size    # of blocks        Mean                Error
     1           50000       -1.18664024e+01       6.272139e-03
     2           25000       -1.18664024e+01       6.251291e-03
     5           10000       -1.18664024e+01       6.273102e-03
    10           5000       -1.18664024e+01       6.212459e-03
    20           2500       -1.18664024e+01       6.236615e-03
    50           1000       -1.18664024e+01       6.239946e-03
    70            714       -1.18661230e+01       6.009215e-03
   100            500       -1.18664024e+01       6.381848e-03
   200            250       -1.18664024e+01       6.547327e-03
   500            100       -1.18664024e+01       6.803120e-03
0 0.006272139105988431 0.006803120155675328
Stocahstic error estimate: 6.272139e-03

step=45,E=-0.7416501476949727,dE=-0.00044296272673427506,err=0.00039200869412427694,gmax=0.14647583175719303
	collect g,Hv time= 0.7848577499389648
	solver time=0.09867596626281738,exit status=0
niter= 57
	g=0.6121482728127167,del=2.0572981561273043,dot=0.40522100213534973,x=14.065001859351321
saving to  ./psi46
	prob= 0.48174851878910846
	burn in time= 9.359163522720337
	sample time= 218.98948454856873
	contraction err= 0.004931468615923602 0.850404192593736

Mean energy: -1.18500863e+01
Block size    # of blocks        Mean                Error
     1           50000       -1.18500863e+01       6.144434e-03
     2           25000       -1.18500863e+01       6.124820e-03
     5           10000       -1.18500863e+01       6.135075e-03
    10           5000       -1.18500863e+01       6.167732e-03
    20           2500       -1.18500863e+01       6.172871e-03
    50           1000       -1.18500863e+01       6.081567e-03
    70            714       -1.18498510e+01       6.224578e-03
   100            500       -1.18500863e+01       6.452173e-03
   200            250       -1.18500863e+01       6.141881e-03
   500            100       -1.18500863e+01       6.692036e-03
0 0.006144434368780395 0.006692035797997991
Stocahstic error estimate: 6.144434e-03

step=46,E=-0.7406303958412125,dE=0.0010197518537602424,err=0.0003840271480487747,gmax=0.10606775872858354
	collect g,Hv time= 0.8475737571716309
	solver time=0.09622693061828613,exit status=0
niter= 46
	g=0.6089519449182176,del=2.138904321425113,dot=0.3614201621815702,x=14.065001859351321
saving to  ./psi47
	prob= 0.5032637327476284
	burn in time= 9.299766063690186
	sample time= 219.44150185585022
	contraction err= 0.004976348637951147 8.567689732417977

Mean energy: -1.18443484e+01
Block size    # of blocks        Mean                Error
     1           50000       -1.18443484e+01       6.448509e-03
     2           25000       -1.18443484e+01       6.465410e-03
     5           10000       -1.18443484e+01       6.516997e-03
    10           5000       -1.18443484e+01       6.550548e-03
    20           2500       -1.18443484e+01       6.735676e-03
    50           1000       -1.18443484e+01       6.457913e-03
    70            714       -1.18441803e+01       6.640072e-03
   100            500       -1.18443484e+01       6.297661e-03
   200            250       -1.18443484e+01       6.429857e-03
   500            100       -1.18443484e+01       6.951473e-03
0 0.006465409656032495 0.00695147315899078
Stocahstic error estimate: 6.465410e-03

step=47,E=-0.7402717775299492,dE=0.00035861831126327015,err=0.00040408810350203093,gmax=1.6973553203627232
	collect g,Hv time= 0.723240852355957
	solver time=0.03974485397338867,exit status=0
niter= 17
	g=6.467311339957083,del=0.6151672529408875,dot=0.40240495107470525,x=14.065001859351321
saving to  ./psi48
	prob= 0.516892032276801
	burn in time= 9.193107604980469
	sample time= 218.87406706809998
	contraction err= 0.004779919909852923 1.1600376975138855

Mean energy: -1.18617279e+01
Block size    # of blocks        Mean                Error
     1           50000       -1.18617279e+01       6.195828e-03
     2           25000       -1.18617279e+01       6.146992e-03
     5           10000       -1.18617279e+01       6.118983e-03
    10           5000       -1.18617279e+01       6.112290e-03
    20           2500       -1.18617279e+01       6.019737e-03
    50           1000       -1.18617279e+01       6.049351e-03
    70            714       -1.18617264e+01       6.044126e-03
   100            500       -1.18617279e+01       6.126878e-03
   200            250       -1.18617279e+01       6.208256e-03
   500            100       -1.18617279e+01       6.650770e-03
0 0.006195827912979513 0.006650770265502526
Stocahstic error estimate: 6.195828e-03

step=48,E=-0.7413579920703794,dE=-0.0010862145404302304,err=0.0003872392445612196,gmax=0.15152326619490616
	collect g,Hv time= 1.0703051090240479
	solver time=0.11711335182189941,exit status=0
niter= 54
	g=0.6190095597396413,del=1.7713065282872866,dot=0.32064261824794454,x=14.065001859351321
saving to  ./psi49
	prob= 0.5024406426547167
	burn in time= 9.445225477218628
	sample time= 219.09295535087585
	contraction err= 0.004845846215947315 0.7109404867925904

Mean energy: -1.18567959e+01
Block size    # of blocks        Mean                Error
     1           50000       -1.18567959e+01       6.012350e-03
     2           25000       -1.18567959e+01       6.028955e-03
     5           10000       -1.18567959e+01       5.958497e-03
    10           5000       -1.18567959e+01       5.939448e-03
    20           2500       -1.18567959e+01       5.799627e-03
    50           1000       -1.18567959e+01       5.936368e-03
    70            714       -1.18568551e+01       5.814392e-03
   100            500       -1.18567959e+01       5.828965e-03
   200            250       -1.18567959e+01       5.820943e-03
   500            100       -1.18567959e+01       6.172994e-03
0 0.0060289545565030194 0.006172994106952607
Stocahstic error estimate: 6.028955e-03

step=49,E=-0.7410497450262564,dE=0.0003082470441230223,err=0.0003768096597814387,gmax=0.1842046640861036
	collect g,Hv time= 0.8620359897613525
	solver time=0.12096023559570312,exit status=0
niter= 58
	g=0.638509245106784,del=1.9439597745127273,dot=0.3023195987950529,x=14.065001859351327
saving to  ./psi50
