0 {'global_flip': False, 'local_inds': []}
1 {'global_flip': False, 'local_inds': []}
2 {'global_flip': False, 'local_inds': []}
3 {'global_flip': False, 'local_inds': []}
4 {'global_flip': False, 'local_inds': []}
5 {'global_flip': False, 'local_inds': []}
6 {'global_flip': False, 'local_inds': []}
7 {'global_flip': False, 'local_inds': []}
8 {'global_flip': False, 'local_inds': []}
9 {'global_flip': False, 'local_inds': []}
10 {'global_flip': False, 'local_inds': []}
11 {'global_flip': False, 'local_inds': []}
12 {'global_flip': False, 'local_inds': []}
13 {'global_flip': False, 'local_inds': []}
14 {'global_flip': False, 'local_inds': []}
15 {'global_flip': False, 'local_inds': []}
0 {'global_flip': False, 'local_inds': []}
1 {'global_flip': False, 'local_inds': []}
2 {'global_flip': False, 'local_inds': []}
3 {'global_flip': False, 'local_inds': []}
4 {'global_flip': False, 'local_inds': []}
5 {'global_flip': False, 'local_inds': []}
6 {'global_flip': False, 'local_inds': []}
7 {'global_flip': False, 'local_inds': []}
8 {'global_flip': False, 'local_inds': []}
9 {'global_flip': False, 'local_inds': []}
10 {'global_flip': False, 'local_inds': []}
11 {'global_flip': False, 'local_inds': []}
12 {'global_flip': False, 'local_inds': []}
13 {'global_flip': False, 'local_inds': []}
14 {'global_flip': False, 'local_inds': []}
15 {'global_flip': False, 'local_inds': []}
block_dict= [(0, 772)]
sizes= [772]
block_dict= [(0, 772)]
sizes= [772]
block_dict= [(0, 576)]
sizes= [576]
nbatch= 1
SIZE= 640
Lx,Ly= 4 4
nelec= (7, 7)
D= 4
nparam= 2120
	prob= 0.0008090711890185228
	burn in time= 16.98785972595215
	sample time= 248.00111317634583
	contraction err= 2.5924088111978374e-14 1.3721835351150076e-12

Mean energy: -9.20644750e+00
Block size    # of blocks        Mean                Error
     1           50000       -9.20644750e+00       1.069551e-02
     2           25000       -9.20644750e+00       1.067518e-02
     5           10000       -9.20644750e+00       1.059400e-02
    10           5000       -9.20644750e+00       1.060972e-02
    20           2500       -9.20644750e+00       1.077685e-02
    50           1000       -9.20644750e+00       1.066939e-02
    70            714       -9.20652046e+00       1.014287e-02
   100            500       -9.20644750e+00       1.044023e-02
   200            250       -9.20644750e+00       1.058350e-02
   500            100       -9.20644750e+00       9.843045e-03
0 0.010695506411571278 0.009843044627841139
Stocahstic error estimate: 1.069551e-02

step=0,E=-0.5754029684706696,dE=-0.5754029684706696,err=0.0006684691507232048,gmax=6.937025869516299
	collect g,Hv time= 1.510382890701294
	solver time=0.025849103927612305,exit status=0
niter= 17
pure_newton= False
	solver time=1.496852159500122,exit status=0
niter= 903
	prob= 0.1412667446823879
	burn in time= 16.449097156524658
	sample time= 319.79807305336
	contraction err= 1.5718341183761305e-14 7.356695192314386e-13

Mean energy: -9.20040868e+00
Block size    # of blocks        Mean                Error
     1           50000       -9.20040868e+00       9.806929e-03
     2           25000       -9.20040868e+00       9.834185e-03
     5           10000       -9.20040868e+00       9.760160e-03
    10           5000       -9.20040868e+00       9.773691e-03
    20           2500       -9.20040868e+00       9.872773e-03
    50           1000       -9.20040868e+00       9.953732e-03
    70            714       -9.20022966e+00       9.984647e-03
   100            500       -9.20040868e+00       1.008555e-02
   200            250       -9.20040868e+00       1.035785e-02
   500            100       -9.20040868e+00       9.345084e-03
0 0.009834184702149017 0.009345084121733297
Stocahstic error estimate: 9.834185e-03

	predict=-0.0604412706621442,actual=(0.006038812173766672, 0.014529454434215487)
	g=17.74104987959253,del=0.36159940352212877,dot=1.0282824177586254,x=25.787309253345004
saving to  ./psi1_0
saving to  ./psi1_1
	prob= 0.000352897346208715
	burn in time= 17.219303607940674
	sample time= 1195.1195514202118
	contraction err= 2.6389309567444666e-14 1.3358962326738772e-12

Mean energy: -9.21140209e+00
Block size    # of blocks        Mean                Error
     1           50000       -9.21140209e+00       9.739737e-03
     2           25000       -9.21140209e+00       9.746326e-03
     5           10000       -9.21140209e+00       9.718823e-03
    10           5000       -9.21140209e+00       9.583160e-03
    20           2500       -9.21140209e+00       9.497865e-03
    50           1000       -9.21140209e+00       9.501966e-03
    70            714       -9.21156917e+00       9.447565e-03
   100            500       -9.21140209e+00       9.523232e-03
   200            250       -9.21140209e+00       9.029744e-03
   500            100       -9.21140209e+00       9.934512e-03
0 0.009746326431517247 0.0099345115079937
Stocahstic error estimate: 9.746326e-03

step=1,E=-0.575712630871512,dE=-0.00030966240084240315,err=0.0006091454019698279,gmax=0.41229927548064893
	collect g,Hv time= 2.202979564666748
	solver time=0.13132166862487793,exit status=0
niter= 38
pure_newton= False
	solver time=9.993809700012207,exit status=0
niter= 1273
	prob= 0.020347764363417644
	burn in time= 17.16969919204712
	sample time= 321.58190846443176
	contraction err= 1.520092396009743e-14 1.0370069914484474e-12

Mean energy: -9.22171644e+00
Block size    # of blocks        Mean                Error
     1           50000       -9.22171644e+00       9.705665e-03
     2           25000       -9.22171644e+00       9.754214e-03
     5           10000       -9.22171644e+00       9.798151e-03
    10           5000       -9.22171644e+00       9.850538e-03
    20           2500       -9.22171644e+00       9.852298e-03
    50           1000       -9.22171644e+00       9.584633e-03
    70            714       -9.22207667e+00       9.502725e-03
   100            500       -9.22171644e+00       9.541460e-03
   200            250       -9.22171644e+00       9.542690e-03
   500            100       -9.22171644e+00       9.851335e-03
0 0.00975421414554069 0.009851334614683977
Stocahstic error estimate: 9.754214e-03

	predict=-0.015667138211436504,actual=(-0.010314347547051739, 0.013788965606845126)
	g=1.0938487130520886,del=0.5773160183262608,dot=0.03134117067297699,x=25.787309253345004
saving to  ./psi2_0
saving to  ./psi2_1
	prob= 0.020347764363417644
	burn in time= 17.21771264076233
	sample time= 1196.7621772289276
	contraction err= 2.6556676599308435e-14 1.467272959952802e-12

Mean energy: -9.20085056e+00
Block size    # of blocks        Mean                Error
     1           50000       -9.20085056e+00       9.638396e-03
     2           25000       -9.20085056e+00       9.689827e-03
     5           10000       -9.20085056e+00       9.619567e-03
    10           5000       -9.20085056e+00       9.581273e-03
    20           2500       -9.20085056e+00       9.635391e-03
    50           1000       -9.20085056e+00       9.634239e-03
    70            714       -9.20086149e+00       9.892837e-03
   100            500       -9.20085056e+00       9.507301e-03
   200            250       -9.20085056e+00       9.957887e-03
   500            100       -9.20085056e+00       1.023980e-02
0 0.009689826696026062 0.010239798663263203
Stocahstic error estimate: 9.689827e-03

step=2,E=-0.5750531600723457,dE=0.000659470799166284,err=0.0006056141685016289,gmax=0.699256018800984
	collect g,Hv time= 2.7653613090515137
	solver time=0.10002017021179199,exit status=0
niter= 28
pure_newton= False
	solver time=8.24322509765625,exit status=0
niter= 1030
	prob= 0.03829801123769313
	burn in time= 17.26681900024414
	sample time= 321.5853416919708
	contraction err= 1.5192048040097598e-14 6.12431007602496e-13

Mean energy: -9.25114619e+00
Block size    # of blocks        Mean                Error
     1           50000       -9.25114619e+00       9.452083e-03
     2           25000       -9.25114619e+00       9.474993e-03
     5           10000       -9.25114619e+00       9.485888e-03
    10           5000       -9.25114619e+00       9.427134e-03
    20           2500       -9.25114619e+00       9.613421e-03
    50           1000       -9.25114619e+00       9.540590e-03
    70            714       -9.25123170e+00       9.984521e-03
   100            500       -9.25114619e+00       1.001200e-02
   200            250       -9.25114619e+00       9.532619e-03
   500            100       -9.25114619e+00       9.679355e-03
0 0.00947499252980602 0.009679355344094755
Stocahstic error estimate: 9.474993e-03

	predict=-0.025384283260326813,actual=(-0.050295626860009435, 0.013552425053801229)
	g=1.9628279489268639,del=0.7329252136222748,dot=0.05071409032122518,x=25.787309253345
saving to  ./psi3_0
saving to  ./psi3_1
	prob= 0.03829801123769313
	burn in time= 17.208876848220825
	sample time= 1197.2469012737274
	contraction err= 2.6919687188784812e-14 8.025180589738418e-13

Mean energy: -9.24096322e+00
Block size    # of blocks        Mean                Error
     1           50000       -9.24096322e+00       9.617761e-03
     2           25000       -9.24096322e+00       9.574011e-03
     5           10000       -9.24096322e+00       9.696529e-03
    10           5000       -9.24096322e+00       9.677831e-03
    20           2500       -9.24096322e+00       9.701251e-03
    50           1000       -9.24096322e+00       9.497352e-03
    70            714       -9.24091141e+00       9.430854e-03
   100            500       -9.24096322e+00       8.973287e-03
   200            250       -9.24096322e+00       8.824386e-03
   500            100       -9.24096322e+00       8.839440e-03
0 0.009617760834505277 0.008839440191327031
Stocahstic error estimate: 9.617761e-03

step=3,E=-0.5775602010526087,dE=-0.002507040980262998,err=0.0006011100521565798,gmax=0.4679831312231748
	collect g,Hv time= 3.010723114013672
	solver time=0.08802485466003418,exit status=0
niter= 28
pure_newton= False
	solver time=12.277939796447754,exit status=0
niter= 1521
	prob= 0.01837734260193347
	burn in time= 16.76022958755493
	sample time= 321.9865138530731
	contraction err= 1.7071901079320774e-14 5.56332066853062e-13

Mean energy: -9.28567143e+00
Block size    # of blocks        Mean                Error
     1           50000       -9.28567143e+00       9.102591e-03
     2           25000       -9.28567143e+00       9.161569e-03
     5           10000       -9.28567143e+00       9.149342e-03
    10           5000       -9.28567143e+00       9.201668e-03
    20           2500       -9.28567143e+00       9.038649e-03
    50           1000       -9.28567143e+00       9.144789e-03
    70            714       -9.28589494e+00       9.050141e-03
   100            500       -9.28567143e+00       8.727643e-03
   200            250       -9.28567143e+00       8.815638e-03
   500            100       -9.28567143e+00       8.624459e-03
0 0.00916156853888551 0.008624458924836749
Stocahstic error estimate: 9.161569e-03

	predict=-0.03259955683423367,actual=(-0.04470821583734086, 0.013282908625840969)
	g=1.91640757101985,del=0.8644824989936583,dot=0.06523970795237329,x=25.787309253344997
saving to  ./psi4_0
saving to  ./psi4_1
	prob= 0.01837734260193347
	burn in time= 17.59676456451416
	sample time= 1195.9155304431915
	contraction err= 2.5617863670539408e-14 1.8493571367831927e-12

Mean energy: -9.28842117e+00
Block size    # of blocks        Mean                Error
     1           50000       -9.28842117e+00       9.042361e-03
     2           25000       -9.28842117e+00       9.008297e-03
     5           10000       -9.28842117e+00       9.062631e-03
    10           5000       -9.28842117e+00       9.001605e-03
    20           2500       -9.28842117e+00       8.970419e-03
    50           1000       -9.28842117e+00       8.984083e-03
    70            714       -9.28859653e+00       9.229639e-03
   100            500       -9.28842117e+00       8.960818e-03
   200            250       -9.28842117e+00       8.843663e-03
   500            100       -9.28842117e+00       9.715182e-03
0 0.009042360503588226 0.009715182380517695
Stocahstic error estimate: 9.042361e-03

step=4,E=-0.5805263228920073,dE=-0.0029661218393985944,err=0.0005651475314742641,gmax=4.604905264850347
	collect g,Hv time= 3.658271312713623
	solver time=0.11421012878417969,exit status=0
niter= 37
pure_newton= False
	solver time=9.428502321243286,exit status=0
niter= 1174
	prob= 0.006482242808436862
	burn in time= 16.992198944091797
	sample time= 322.0368971824646
	contraction err= 1.6965957821259317e-14 1.1623752388943458e-12

Mean energy: -9.34593015e+00
Block size    # of blocks        Mean                Error
     1           50000       -9.34593015e+00       8.741307e-03
     2           25000       -9.34593015e+00       8.735877e-03
     5           10000       -9.34593015e+00       8.655707e-03
    10           5000       -9.34593015e+00       8.666688e-03
    20           2500       -9.34593015e+00       8.639857e-03
    50           1000       -9.34593015e+00       8.782434e-03
    70            714       -9.34591642e+00       8.620073e-03
   100            500       -9.34593015e+00       8.657597e-03
   200            250       -9.34593015e+00       8.835277e-03
   500            100       -9.34593015e+00       9.433560e-03
0 0.008741307199702007 0.009433560307172007
Stocahstic error estimate: 8.741307e-03

	predict=-0.032705223896634134,actual=(-0.05750898564977369, 0.01257675375589482)
	g=7.091934341873084,del=0.8294859092325986,dot=0.06527217092710073,x=25.787309253345004
saving to  ./psi5_0
saving to  ./psi5_1
	prob= 0.006482242808436862
	burn in time= 17.889074563980103
	sample time= 1194.7561280727386
	contraction err= 2.621572696010996e-14 1.8958197160766353e-11

Mean energy: -9.34003913e+00
Block size    # of blocks        Mean                Error
     1           50000       -9.34003913e+00       8.750930e-03
     2           25000       -9.34003913e+00       8.752869e-03
     5           10000       -9.34003913e+00       8.848496e-03
    10           5000       -9.34003913e+00       8.868268e-03
    20           2500       -9.34003913e+00       8.893796e-03
    50           1000       -9.34003913e+00       8.958892e-03
    70            714       -9.34013388e+00       9.082708e-03
   100            500       -9.34003913e+00       8.748251e-03
   200            250       -9.34003913e+00       9.109718e-03
   500            100       -9.34003913e+00       9.487465e-03
0 0.008752868928091528 0.009487464701280587
Stocahstic error estimate: 8.752869e-03

step=5,E=-0.5837524456183368,dE=-0.0032261227263294945,err=0.0005470543080057205,gmax=0.6078879043100613
	collect g,Hv time= 3.211919069290161
	solver time=0.09193229675292969,exit status=0
niter= 26
pure_newton= False
	solver time=12.709964513778687,exit status=0
niter= 1614
	prob= 1.8441108911141107e-05
	burn in time= 16.83120608329773
	sample time= 322.00088715553284
	contraction err= 1.5903936915111064e-13 2.85227413707601e-11

Mean energy: -9.38965701e+00
Block size    # of blocks        Mean                Error
     1           50000       -9.38965701e+00       8.733647e-03
     2           25000       -9.38965701e+00       8.747642e-03
     5           10000       -9.38965701e+00       8.780496e-03
    10           5000       -9.38965701e+00       8.685966e-03
    20           2500       -9.38965701e+00       8.819816e-03
    50           1000       -9.38965701e+00       9.045271e-03
    70            714       -9.38973904e+00       8.922585e-03
   100            500       -9.38965701e+00       9.188325e-03
   200            250       -9.38965701e+00       9.160009e-03
   500            100       -9.38965701e+00       9.127642e-03
0 0.008747641886704969 0.00912764226490342
Stocahstic error estimate: 8.747642e-03

	predict=-0.02532559125206499,actual=(-0.04961788371443099, 0.012374730423341973)
	g=1.7037248980032824,del=0.834085975441665,dot=0.050636980604105444,x=25.787309253345
saving to  ./psi6_0
saving to  ./psi6_1
	prob= 1.8441108911141107e-05
	burn in time= 16.069572925567627
	sample time= 1193.419652223587
	contraction err= 1.6539774669952211e-13 3.245037860314227e-11

Mean energy: -9.36444419e+00
Block size    # of blocks        Mean                Error
     1           50000       -9.36444419e+00       8.457826e-03
     2           25000       -9.36444419e+00       8.471309e-03
     5           10000       -9.36444419e+00       8.442482e-03
    10           5000       -9.36444419e+00       8.408219e-03
    20           2500       -9.36444419e+00       8.418180e-03
    50           1000       -9.36444419e+00       8.343389e-03
    70            714       -9.36451705e+00       8.485285e-03
   100            500       -9.36444419e+00       8.581995e-03
   200            250       -9.36444419e+00       8.265016e-03
   500            100       -9.36444419e+00       8.484249e-03
0 0.008471308976254276 0.008484249239127934
Stocahstic error estimate: 8.471309e-03

step=6,E=-0.5852777621506259,dE=-0.001525316532289045,err=0.0005294568110158922,gmax=3.2980717290283366
	collect g,Hv time= 4.1416919231414795
	solver time=0.053375244140625,exit status=0
niter= 16
pure_newton= False
	solver time=12.17846393585205,exit status=0
niter= 1520
	prob= 8.020879630860371e-05
	burn in time= 17.53184962272644
	sample time= 321.5317454338074
	contraction err= 1.161678035403883e-12 2.749950749281679e-10

Mean energy: -9.41266386e+00
Block size    # of blocks        Mean                Error
     1           50000       -9.41266386e+00       9.054172e-03
     2           25000       -9.41266386e+00       9.048979e-03
     5           10000       -9.41266386e+00       9.010932e-03
    10           5000       -9.41266386e+00       9.042149e-03
    20           2500       -9.41266386e+00       9.191831e-03
    50           1000       -9.41266386e+00       9.301956e-03
    70            714       -9.41267121e+00       9.422520e-03
   100            500       -9.41266386e+00       9.426311e-03
   200            250       -9.41266386e+00       8.970828e-03
   500            100       -9.41266386e+00       9.297440e-03
0 0.009054171783386486 0.009297439868478325
Stocahstic error estimate: 9.054172e-03

	predict=-0.07542464754153932,actual=(-0.048219668835677965, 0.012399237978772659)
	g=8.983034597303618,del=0.9141559187688718,dot=0.15097740777432406,x=25.787309253345004
saving to  ./psi7_0
saving to  ./psi7_1
	prob= 8.020879630860371e-05
	burn in time= 17.092292308807373
	sample time= 1192.5836277008057
	contraction err= 1.2012575411404744e-12 6.740590847643493e-11

Mean energy: -9.41278808e+00
Block size    # of blocks        Mean                Error
     1           50000       -9.41278808e+00       8.236942e-03
     2           25000       -9.41278808e+00       8.235912e-03
     5           10000       -9.41278808e+00       8.269988e-03
    10           5000       -9.41278808e+00       8.300672e-03
    20           2500       -9.41278808e+00       8.208881e-03
    50           1000       -9.41278808e+00       8.021304e-03
    70            714       -9.41309370e+00       8.162886e-03
   100            500       -9.41278808e+00       8.089521e-03
   200            250       -9.41278808e+00       8.157251e-03
   500            100       -9.41278808e+00       7.990989e-03
0 0.008236941591193871 0.00799098871347162
Stocahstic error estimate: 8.236942e-03

step=7,E=-0.5882992552023762,dE=-0.003021493051750368,err=0.0005148088494496169,gmax=1.4091689503443021
	collect g,Hv time= 3.798788547515869
	solver time=0.12449121475219727,exit status=0
niter= 36
pure_newton= False
	solver time=11.774476528167725,exit status=0
niter= 1490
	prob= 0.0003195375492559792
	burn in time= 16.613830089569092
	sample time= 322.3581359386444
	contraction err= 2.513119732443319e-12 8.31008372411098e-11

Mean energy: -9.43931499e+00
Block size    # of blocks        Mean                Error
     1           50000       -9.43931499e+00       8.157624e-03
     2           25000       -9.43931499e+00       8.148583e-03
     5           10000       -9.43931499e+00       8.254179e-03
    10           5000       -9.43931499e+00       8.315839e-03
    20           2500       -9.43931499e+00       8.253788e-03
    50           1000       -9.43931499e+00       8.357947e-03
    70            714       -9.43963031e+00       8.192586e-03
   100            500       -9.43931499e+00       8.435776e-03
   200            250       -9.43931499e+00       8.563019e-03
   500            100       -9.43931499e+00       7.928501e-03
0 0.008157623671026062 0.007928500614388916
Stocahstic error estimate: 8.157624e-03

	predict=-0.04377824836195677,actual=(-0.02652690563575355, 0.011592843945073364)
	g=3.6614092349583975,del=0.8322480004590889,dot=0.08755718431826763,x=25.787309253345004
saving to  ./psi8_0
saving to  ./psi8_1
	prob= 0.0003195375492559792
	burn in time= 17.032979726791382
	sample time= 1191.4838275909424
	contraction err= 2.5989888699879117e-12 8.37560614306568e-11

Mean energy: -9.43116225e+00
Block size    # of blocks        Mean                Error
     1           50000       -9.43116225e+00       7.930410e-03
     2           25000       -9.43116225e+00       7.899372e-03
     5           10000       -9.43116225e+00       7.943132e-03
    10           5000       -9.43116225e+00       8.085569e-03
    20           2500       -9.43116225e+00       8.037787e-03
    50           1000       -9.43116225e+00       8.042974e-03
    70            714       -9.43111310e+00       8.120790e-03
   100            500       -9.43116225e+00       8.516837e-03
   200            250       -9.43116225e+00       8.439835e-03
   500            100       -9.43116225e+00       7.856759e-03
0 0.00793041005494622 0.007856758934822215
Stocahstic error estimate: 7.930410e-03

step=8,E=-0.5894476405520602,dE=-0.001148385349683978,err=0.0004956506284341388,gmax=4.860212252913581
	collect g,Hv time= 3.251248836517334
	solver time=0.0584714412689209,exit status=0
niter= 18
pure_newton= False
	solver time=6.246711254119873,exit status=0
niter= 777
	prob= 2.6094116793336845e-06
	burn in time= 17.026110887527466
	sample time= 321.8151378631592
	contraction err= 7.565030599475573e-13 2.535854231141431e-10

Mean energy: -9.45767698e+00
Block size    # of blocks        Mean                Error
     1           50000       -9.45767698e+00       8.269631e-03
     2           25000       -9.45767698e+00       8.240956e-03
     5           10000       -9.45767698e+00       8.283471e-03
    10           5000       -9.45767698e+00       8.263702e-03
    20           2500       -9.45767698e+00       8.338214e-03
    50           1000       -9.45767698e+00       8.251502e-03
    70            714       -9.45781662e+00       8.269356e-03
   100            500       -9.45767698e+00       8.307682e-03
   200            250       -9.45767698e+00       8.356106e-03
   500            100       -9.45767698e+00       8.267806e-03
0 0.00826963061471539 0.008267805696064357
Stocahstic error estimate: 8.269631e-03

	predict=-0.029288436704580808,actual=(-0.026514730460991842, 0.011457669664614622)
	g=12.508078540858374,del=0.6797250687581536,dot=0.058467890743332994,x=25.787309253345
saving to  ./psi9_0
saving to  ./psi9_1
	prob= 2.6094116793336845e-06
	burn in time= 17.6700222492218
	sample time= 1191.2892644405365
	contraction err= 7.014542467590833e-13 2.1219437049361576e-10

Mean energy: -9.44368895e+00
Block size    # of blocks        Mean                Error
     1           50000       -9.44368895e+00       7.588428e-03
     2           25000       -9.44368895e+00       7.675933e-03
     5           10000       -9.44368895e+00       7.703654e-03
    10           5000       -9.44368895e+00       7.676758e-03
    20           2500       -9.44368895e+00       7.644441e-03
    50           1000       -9.44368895e+00       7.842391e-03
    70            714       -9.44380236e+00       7.959455e-03
   100            500       -9.44368895e+00       8.171869e-03
   200            250       -9.44368895e+00       7.792820e-03
   500            100       -9.44368895e+00       7.763949e-03
0 0.0076759328639639255 0.007763949371734137
Stocahstic error estimate: 7.675933e-03

step=9,E=-0.5902305594504895,dE=-0.0007829188984292967,err=0.00047974580399774534,gmax=0.32776687288520634
	collect g,Hv time= 5.3227150440216064
	solver time=0.13383102416992188,exit status=0
niter= 39
pure_newton= False
	solver time=9.383827924728394,exit status=0
niter= 1186
	prob= 3.4567388241966994e-05
	burn in time= 15.774240016937256
	sample time= 322.12319803237915
	contraction err= 5.162148093922841e-13 8.287846959501154e-11

Mean energy: -9.48609959e+00
Block size    # of blocks        Mean                Error
     1           50000       -9.48609959e+00       7.876094e-03
     2           25000       -9.48609959e+00       7.906230e-03
     5           10000       -9.48609959e+00       7.934858e-03
    10           5000       -9.48609959e+00       7.944196e-03
    20           2500       -9.48609959e+00       7.926034e-03
    50           1000       -9.48609959e+00       8.237323e-03
    70            714       -9.48642161e+00       8.063897e-03
   100            500       -9.48609959e+00       8.236275e-03
   200            250       -9.48609959e+00       8.190456e-03
   500            100       -9.48609959e+00       8.061084e-03
0 0.007906229663119838 0.008061083800150403
Stocahstic error estimate: 7.906230e-03

	predict=-0.019243186512495725,actual=(-0.042410640596605376, 0.011019456103550549)
	g=1.1070426309697825,del=0.6686626442851404,dot=0.03848522790648225,x=25.787309253345008
saving to  ./psi10_0
saving to  ./psi10_1
0 {}
1 {}
2 {}
3 {}
4 {}
5 {}
6 {}
7 {}
8 {}
9 {}
10 {}
11 {}
12 {}
13 {}
14 {}
15 {}
0 {}
1 {}
2 {}
3 {}
4 {}
5 {}
6 {}
7 {}
8 {}
9 {}
10 {}
11 {}
12 {}
13 {}
14 {}
15 {}
block_dict= [(0, 772)]
sizes= [772]
block_dict= [(0, 772)]
sizes= [772]
block_dict= [(0, 576)]
sizes= [576]
nbatch= 1
SIZE= 640
Lx,Ly= 4 4
nelec= (7, 7)
D= 4
nparam= 2120
	prob= 3.4567388241966994e-05
	burn in time= 17.283286094665527
	sample time= 259.23269605636597
	contraction err= 5.031960742697232e-13 8.017192783202078e-11

Mean energy: -9.47910708e+00
Block size    # of blocks        Mean                Error
     1           50000       -9.47910708e+00       8.124341e-03
     2           25000       -9.47910708e+00       8.092552e-03
     5           10000       -9.47910708e+00       8.086096e-03
    10           5000       -9.47910708e+00       8.210603e-03
    20           2500       -9.47910708e+00       8.203432e-03
    50           1000       -9.47910708e+00       8.003958e-03
    70            714       -9.47897114e+00       8.013658e-03
   100            500       -9.47910708e+00       8.076365e-03
   200            250       -9.47910708e+00       8.058827e-03
   500            100       -9.47910708e+00       8.365121e-03
0 0.008124340694787832 0.008365121295021769
Stocahstic error estimate: 8.124341e-03

step=10,E=-0.5924441926990586,dE=-0.5924441926990586,err=0.0005077712934242395,gmax=1.1716211823801679
	collect g,Hv time= 1.5743024349212646
	solver time=0.035639286041259766,exit status=0
niter= 25
pure_newton= False
	solver time=1.413390874862671,exit status=0
niter= 845
	prob= 0.023155273770064683
	burn in time= 17.468688488006592
	sample time= 321.8455946445465
	contraction err= 2.687335661131511e-13 5.356768880099869e-11

Mean energy: -9.48137891e+00
Block size    # of blocks        Mean                Error
     1           50000       -9.48137891e+00       7.566409e-03
     2           25000       -9.48137891e+00       7.550285e-03
     5           10000       -9.48137891e+00       7.494543e-03
    10           5000       -9.48137891e+00       7.515114e-03
    20           2500       -9.48137891e+00       7.535839e-03
    50           1000       -9.48137891e+00       7.450671e-03
    70            714       -9.48120364e+00       7.430316e-03
   100            500       -9.48137891e+00       7.209818e-03
   200            250       -9.48137891e+00       7.411950e-03
   500            100       -9.48137891e+00       7.394937e-03
0 0.007566409306477738 0.0073949371208195435
Stocahstic error estimate: 7.566409e-03

	predict=-0.044731289058471645,actual=(-0.002271829017239213, 0.011102047627268519)
	g=2.645220561388921,del=0.7920890780207943,dot=0.089459763969907,x=25.787309253345008
saving to  ./psi11_0
saving to  ./psi11_1
	prob= 0.023155273770064683
	burn in time= 17.871447563171387
	sample time= 1204.006611585617
	contraction err= 2.7122028674904117e-13 4.424581368699139e-11

Mean energy: -9.48666317e+00
Block size    # of blocks        Mean                Error
     1           50000       -9.48666317e+00       8.253483e-03
     2           25000       -9.48666317e+00       8.235022e-03
     5           10000       -9.48666317e+00       8.148633e-03
    10           5000       -9.48666317e+00       8.252257e-03
    20           2500       -9.48666317e+00       8.365815e-03
    50           1000       -9.48666317e+00       8.305972e-03
    70            714       -9.48681269e+00       8.368584e-03
   100            500       -9.48666317e+00       8.482727e-03
   200            250       -9.48666317e+00       8.333716e-03
   500            100       -9.48666317e+00       9.642004e-03
0 0.008253482916808821 0.009642003664252928
Stocahstic error estimate: 8.253483e-03

step=11,E=-0.5929164481985483,dE=-0.00047225549948970436,err=0.0005158426823005513,gmax=0.3421920811020698
	collect g,Hv time= 2.251084089279175
	solver time=0.12244248390197754,exit status=0
niter= 35
pure_newton= False
	solver time=7.6849517822265625,exit status=0
niter= 963
	prob= 4.3090353083600275e-06
	burn in time= 16.7840633392334
	sample time= 323.3592486381531
	contraction err= 2.4939265770912017e-13 3.479879600821212e-11

Mean energy: -9.49088558e+00
Block size    # of blocks        Mean                Error
     1           50000       -9.49088558e+00       7.743962e-03
     2           25000       -9.49088558e+00       7.737836e-03
     5           10000       -9.49088558e+00       7.734937e-03
    10           5000       -9.49088558e+00       7.753603e-03
    20           2500       -9.49088558e+00       7.766332e-03
    50           1000       -9.49088558e+00       7.787804e-03
    70            714       -9.49079728e+00       7.787116e-03
   100            500       -9.49088558e+00       7.669017e-03
   200            250       -9.49088558e+00       7.555242e-03
   500            100       -9.49088558e+00       6.758461e-03
0 0.0077439618372341845 0.006758461153748162
Stocahstic error estimate: 7.743962e-03

	predict=-0.03532835179827818,actual=(-0.004222410083738026, 0.011317637792162926)
	g=1.139068652456358,del=0.7438703961724847,dot=0.07065454399213827,x=25.787309253345008
saving to  ./psi12_0
saving to  ./psi12_1
	prob= 4.3090353083600275e-06
	burn in time= 17.598628759384155
	sample time= 1204.7843270301819
	contraction err= 2.5237156752654925e-13 5.906136633253876e-11

Mean energy: -9.49601239e+00
Block size    # of blocks        Mean                Error
     1           50000       -9.49601239e+00       7.516807e-03
     2           25000       -9.49601239e+00       7.508092e-03
     5           10000       -9.49601239e+00       7.514695e-03
    10           5000       -9.49601239e+00       7.524805e-03
    20           2500       -9.49601239e+00       7.508784e-03
    50           1000       -9.49601239e+00       7.533425e-03
    70            714       -9.49593287e+00       7.462437e-03
   100            500       -9.49601239e+00       7.367652e-03
   200            250       -9.49601239e+00       7.140457e-03
   500            100       -9.49601239e+00       7.336520e-03
0 0.007516806875939269 0.007336519551684546
Stocahstic error estimate: 7.516807e-03

step=12,E=-0.5935007742261935,dE=-0.0005843260276452433,err=0.0004698004297462043,gmax=0.2389932791142897
	collect g,Hv time= 3.1423332691192627
	solver time=0.11374330520629883,exit status=0
niter= 36
pure_newton= False
	solver time=7.457715749740601,exit status=0
niter= 932
	prob= 0.006792839918171745
	burn in time= 17.422345638275146
	sample time= 323.8707609176636
	contraction err= 1.2560938200380913e-13 3.4404585589434464e-11

Mean energy: -9.49766900e+00
Block size    # of blocks        Mean                Error
     1           50000       -9.49766900e+00       7.333004e-03
     2           25000       -9.49766900e+00       7.363832e-03
     5           10000       -9.49766900e+00       7.301246e-03
    10           5000       -9.49766900e+00       7.314807e-03
    20           2500       -9.49766900e+00       7.322201e-03
    50           1000       -9.49766900e+00       7.297830e-03
    70            714       -9.49779152e+00       7.223879e-03
   100            500       -9.49766900e+00       7.367331e-03
   200            250       -9.49766900e+00       6.983387e-03
   500            100       -9.49766900e+00       6.593808e-03
0 0.007363832015454539 0.006593807616212238
Stocahstic error estimate: 7.363832e-03

	predict=-0.022082779488311974,actual=(-0.0016566161776889743, 0.010522756652227645)
	g=0.916859967785326,del=0.674037261847389,dot=0.04416698891320685,x=25.787309253345008
saving to  ./psi13_0
saving to  ./psi13_1
	prob= 0.006792839918171745
	burn in time= 17.420531511306763
	sample time= 1204.9186789989471
	contraction err= 1.2684184818222572e-13 3.8313060149188496e-11

Mean energy: -9.51460670e+00
Block size    # of blocks        Mean                Error
     1           50000       -9.51460670e+00       7.191211e-03
     2           25000       -9.51460670e+00       7.177555e-03
     5           10000       -9.51460670e+00       7.188582e-03
    10           5000       -9.51460670e+00       7.240938e-03
    20           2500       -9.51460670e+00       7.233819e-03
    50           1000       -9.51460670e+00       7.183473e-03
    70            714       -9.51443155e+00       7.069984e-03
   100            500       -9.51460670e+00       7.247478e-03
   200            250       -9.51460670e+00       7.311096e-03
   500            100       -9.51460670e+00       7.722215e-03
0 0.00719121097939287 0.007722214800987375
Stocahstic error estimate: 7.191211e-03

step=13,E=-0.5946629186905499,dE=-0.0011621444643563628,err=0.00044945068621205436,gmax=0.33174522927782846
	collect g,Hv time= 2.177769184112549
	solver time=0.12919974327087402,exit status=0
niter= 37
pure_newton= False
	solver time=6.9243855476379395,exit status=0
niter= 872
	prob= 0.0003100544632575642
	burn in time= 17.50622320175171
	sample time= 324.3870587348938
	contraction err= 1.0091305204252401e-13 3.141836218257862e-11

Mean energy: -9.52238281e+00
Block size    # of blocks        Mean                Error
     1           50000       -9.52238281e+00       7.523597e-03
     2           25000       -9.52238281e+00       7.527702e-03
     5           10000       -9.52238281e+00       7.546588e-03
    10           5000       -9.52238281e+00       7.566110e-03
    20           2500       -9.52238281e+00       7.623403e-03
    50           1000       -9.52238281e+00       7.629935e-03
    70            714       -9.52252989e+00       7.647173e-03
   100            500       -9.52238281e+00       7.331389e-03
   200            250       -9.52238281e+00       7.781152e-03
   500            100       -9.52238281e+00       7.265041e-03
0 0.007527702426787127 0.0072650414451320144
Stocahstic error estimate: 7.527702e-03

	predict=-0.016430834832221408,actual=(-0.007776110037019279, 0.010410562865493746)
	g=0.9906066798934388,del=0.5769694096567112,dot=0.03285261820358871,x=25.787309253345008
saving to  ./psi14_0
saving to  ./psi14_1
	prob= 0.0003100544632575642
	burn in time= 17.786698579788208
	sample time= 1204.3647010326385
	contraction err= 1.0950707208419732e-13 2.7829314659088058e-11

Mean energy: -9.54222996e+00
Block size    # of blocks        Mean                Error
     1           50000       -9.54222996e+00       7.429011e-03
     2           25000       -9.54222996e+00       7.427171e-03
     5           10000       -9.54222996e+00       7.483449e-03
    10           5000       -9.54222996e+00       7.526478e-03
    20           2500       -9.54222996e+00       7.651593e-03
    50           1000       -9.54222996e+00       7.508528e-03
    70            714       -9.54224351e+00       7.456796e-03
   100            500       -9.54222996e+00       7.595608e-03
   200            250       -9.54222996e+00       7.332890e-03
   500            100       -9.54222996e+00       7.505244e-03
0 0.007429010732915249 0.007505243981704198
Stocahstic error estimate: 7.429011e-03

step=14,E=-0.5963893725890432,dE=-0.001726453898493352,err=0.00046431317080720307,gmax=0.8123758449775522
	collect g,Hv time= 2.8391337394714355
	solver time=0.11808085441589355,exit status=0
niter= 37
pure_newton= False
	solver time=6.973293304443359,exit status=0
niter= 870
	prob= 0.000352679093401677
	burn in time= 17.311591863632202
	sample time= 324.18567180633545
	contraction err= 8.908972807091494e-14 2.5821255568857712e-11

Mean energy: -9.53136334e+00
Block size    # of blocks        Mean                Error
     1           50000       -9.53136334e+00       7.438667e-03
     2           25000       -9.53136334e+00       7.443614e-03
     5           10000       -9.53136334e+00       7.380731e-03
    10           5000       -9.53136334e+00       7.378560e-03
    20           2500       -9.53136334e+00       7.421733e-03
    50           1000       -9.53136334e+00       7.341328e-03
    70            714       -9.53150576e+00       7.376544e-03
   100            500       -9.53136334e+00       7.393302e-03
   200            250       -9.53136334e+00       7.308365e-03
   500            100       -9.53136334e+00       7.849752e-03
0 0.007443614041830979 0.007849751960876275
Stocahstic error estimate: 7.443614e-03

	predict=-0.02559299798574416,actual=(0.010866624874971365, 0.010516538901820945)
	g=2.295012427531943,del=0.35929715114739175,dot=0.1555063041903249,x=25.787309253345008
saving to  ./psi15_0
saving to  ./psi15_1
	prob= 0.00016209629701880105
	burn in time= 17.813164949417114
	sample time= 1203.4954817295074
	contraction err= 1.0732698295909292e-13 4.162828876826425e-11

Mean energy: -9.51789500e+00
Block size    # of blocks        Mean                Error
     1           50000       -9.51789500e+00       7.226567e-03
     2           25000       -9.51789500e+00       7.224262e-03
     5           10000       -9.51789500e+00       7.210811e-03
    10           5000       -9.51789500e+00       7.215305e-03
    20           2500       -9.51789500e+00       7.160625e-03
    50           1000       -9.51789500e+00       7.103565e-03
    70            714       -9.51770313e+00       6.921949e-03
   100            500       -9.51789500e+00       6.869894e-03
   200            250       -9.51789500e+00       6.745520e-03
   500            100       -9.51789500e+00       7.054893e-03
0 0.0072265674053943315 0.00705489281752048
Stocahstic error estimate: 7.226567e-03

step=15,E=-0.594868437523485,dE=0.001520935065558282,err=0.0004516604628371457,gmax=0.47419900224767275
	collect g,Hv time= 3.0625925064086914
	solver time=0.13731646537780762,exit status=0
niter= 38
pure_newton= False
	solver time=6.825477361679077,exit status=0
niter= 870
	prob= 4.868814857144889e-05
	burn in time= 17.857395887374878
	sample time= 324.1351444721222
	contraction err= 6.282441896950281e-14 3.3978885562570625e-11

Mean energy: -9.51661854e+00
Block size    # of blocks        Mean                Error
     1           50000       -9.51661854e+00       7.113324e-03
     2           25000       -9.51661854e+00       7.093167e-03
     5           10000       -9.51661854e+00       7.073579e-03
    10           5000       -9.51661854e+00       7.067474e-03
    20           2500       -9.51661854e+00       7.127459e-03
    50           1000       -9.51661854e+00       7.225384e-03
    70            714       -9.51669936e+00       7.092092e-03
   100            500       -9.51661854e+00       7.358343e-03
   200            250       -9.51661854e+00       7.019741e-03
   500            100       -9.51661854e+00       7.634073e-03
0 0.0071133241981233605 0.007634073122970982
Stocahstic error estimate: 7.113324e-03

	predict=-0.01909909246093148,actual=(0.0012764601466361825, 0.010140150768717155)
	g=0.9542135850413054,del=0.4028067373635925,dot=0.07136277574541015,x=25.787309253345004
saving to  ./psi16_0
saving to  ./psi16_1
	prob= 3.856799712870979e-05
	burn in time= 17.28738832473755
	sample time= 1202.7270448207855
	contraction err= 1.0958531694716884e-13 3.4001159885598947e-11

Mean energy: -9.51703984e+00
Block size    # of blocks        Mean                Error
     1           50000       -9.51703984e+00       7.208393e-03
     2           25000       -9.51703984e+00       7.192587e-03
     5           10000       -9.51703984e+00       7.183893e-03
    10           5000       -9.51703984e+00       7.184002e-03
    20           2500       -9.51703984e+00       7.294109e-03
    50           1000       -9.51703984e+00       7.335081e-03
    70            714       -9.51711292e+00       7.300595e-03
   100            500       -9.51703984e+00       7.556285e-03
   200            250       -9.51703984e+00       7.266343e-03
   500            100       -9.51703984e+00       7.446001e-03
0 0.007208392554013171 0.007446000765983027
Stocahstic error estimate: 7.208393e-03

step=16,E=-0.5948149902688499,dE=5.344725463507505e-05,err=0.0004505245346258232,gmax=0.2578185983602077
	collect g,Hv time= 3.312649726867676
	solver time=0.12416958808898926,exit status=0
niter= 39
pure_newton= False
	solver time=12.815868854522705,exit status=0
niter= 1614
	prob= 0.002461432184513465
	burn in time= 17.240420818328857
	sample time= 324.42042541503906
	contraction err= 8.399932898238881e-14 2.8293584140047853e-11

Mean energy: -8.77059542e+00
Block size    # of blocks        Mean                Error
     1           50000       -8.77059542e+00       1.277240e-02
     2           25000       -8.77059542e+00       1.284002e-02
     5           10000       -8.77059542e+00       1.288927e-02
    10           5000       -8.77059542e+00       1.294420e-02
    20           2500       -8.77059542e+00       1.306672e-02
    50           1000       -8.77059542e+00       1.333575e-02
    70            714       -8.77044158e+00       1.343472e-02
   100            500       -8.77059542e+00       1.393097e-02
   200            250       -8.77059542e+00       1.557463e-02
   500            100       -8.77059542e+00       1.958322e-02
0 0.012840016985977705 0.019583215865414744
Stocahstic error estimate: 1.284002e-02

	predict=-0.03578270149714177,actual=(0.7464444241816857, 0.01472504531106606)
	g=0.9536234443951731,del=0.3085810907781114,dot=0.07595538645818589,x=25.787309253345008
saving to  ./psi17_0
saving to  ./psi17_1
	prob= 1.1900329644886027e-05
	burn in time= 17.50909113883972
	sample time= 1203.133639574051
	contraction err= 1.0670247627845216e-13 3.8304458147918694e-11

Mean energy: -9.49385947e+00
Block size    # of blocks        Mean                Error
     1           50000       -9.49385947e+00       7.983471e-03
     2           25000       -9.49385947e+00       8.021735e-03
     5           10000       -9.49385947e+00       8.104740e-03
    10           5000       -9.49385947e+00       8.248606e-03
    20           2500       -9.49385947e+00       8.609677e-03
    50           1000       -9.49385947e+00       9.200624e-03
    70            714       -9.49381984e+00       9.641959e-03
   100            500       -9.49385947e+00       1.045506e-02
   200            250       -9.49385947e+00       1.244665e-02
   500            100       -9.49385947e+00       1.711085e-02
0 0.008021734815538775 0.01711084847837782
Stocahstic error estimate: 8.021735e-03

step=17,E=-0.5933662168470836,dE=0.0014487734217663029,err=0.0005013584259711734,gmax=0.7980086102491271
	collect g,Hv time= 3.4989235401153564
	solver time=0.10152602195739746,exit status=0
niter= 33
pure_newton= False
	solver time=3.445646047592163,exit status=0
niter= 432
	prob= 5.948905063531702e-06
	burn in time= 16.8604097366333
	sample time= 323.9637498855591
	contraction err= 1.1099560866289276e-13 6.35784871401222e-11

Mean energy: -9.51455554e+00
Block size    # of blocks        Mean                Error
     1           50000       -9.51455554e+00       7.526283e-03
     2           25000       -9.51455554e+00       7.503439e-03
     5           10000       -9.51455554e+00       7.503923e-03
    10           5000       -9.51455554e+00       7.463329e-03
    20           2500       -9.51455554e+00       7.365119e-03
    50           1000       -9.51455554e+00       7.438190e-03
    70            714       -9.51444374e+00       7.405974e-03
   100            500       -9.51455554e+00       7.209422e-03
   200            250       -9.51455554e+00       7.363577e-03
   500            100       -9.51455554e+00       7.419862e-03
0 0.0075262826779437485 0.007419862402627754
Stocahstic error estimate: 7.526283e-03

	predict=-0.10424775273427651,actual=(-0.02069606798336565, 0.010999689104658504)
	g=1.7549130810861315,del=1.2563289520717524,dot=0.2084881680597515,x=25.787309253345004
saving to  ./psi18_0
saving to  ./psi18_1
	prob= 5.948905063531702e-06
	burn in time= 17.309850215911865
	sample time= 1200.8486065864563
	contraction err= 1.0483427537051849e-13 2.0664376745693802e-11

Mean energy: -9.50741631e+00
Block size    # of blocks        Mean                Error
     1           50000       -9.50741631e+00       7.484753e-03
     2           25000       -9.50741631e+00       7.487872e-03
     5           10000       -9.50741631e+00       7.507732e-03
    10           5000       -9.50741631e+00       7.550346e-03
    20           2500       -9.50741631e+00       7.501614e-03
    50           1000       -9.50741631e+00       7.387556e-03
    70            714       -9.50745534e+00       7.381014e-03
   100            500       -9.50741631e+00       7.224070e-03
   200            250       -9.50741631e+00       7.105385e-03
   500            100       -9.50741631e+00       6.833930e-03
0 0.007487871839644862 0.006833929579520324
Stocahstic error estimate: 7.487872e-03

step=18,E=-0.594213519569559,dE=-0.0008473027224754626,err=0.0004679919899778039,gmax=0.4488480835937345
	collect g,Hv time= 4.317239761352539
niter= 34
	solver time=0.1172332763671875,exit status=0
pure_newton= False
	solver time=2.4016058444976807,exit status=0
niter= 308
	prob= 0.6850123659797517
	burn in time= 17.338672161102295
	sample time= 324.051189661026
	contraction err= 9.743750928139827e-14 3.7521908245878177e-11

Mean energy: -9.52948539e+00
Block size    # of blocks        Mean                Error
     1           50000       -9.52948539e+00       7.133909e-03
     2           25000       -9.52948539e+00       7.127935e-03
     5           10000       -9.52948539e+00       7.144390e-03
    10           5000       -9.52948539e+00       7.136204e-03
    20           2500       -9.52948539e+00       7.170207e-03
    50           1000       -9.52948539e+00       7.074561e-03
    70            714       -9.52950852e+00       6.906808e-03
   100            500       -9.52948539e+00       6.821929e-03
   200            250       -9.52948539e+00       6.967086e-03
   500            100       -9.52948539e+00       7.172417e-03
0 0.007133909060252298 0.007172417386581529
Stocahstic error estimate: 7.133909e-03

	predict=-0.021825267417751603,actual=(-0.02206907203438213, 0.010342189476454992)
	g=1.036274830396932,del=0.6092418427107669,dot=0.04365678408385519,x=25.787309253345
saving to  ./psi19_0
saving to  ./psi19_1
	prob= 0.6850123659797517
	burn in time= 17.165249824523926
	sample time= 1201.1450951099396
	contraction err= 9.904750230094701e-14 3.15546421261988e-11

Mean energy: -9.53479027e+00
Block size    # of blocks        Mean                Error
     1           50000       -9.53479027e+00       7.649287e-03
     2           25000       -9.53479027e+00       7.703236e-03
     5           10000       -9.53479027e+00       7.590264e-03
    10           5000       -9.53479027e+00       7.478782e-03
    20           2500       -9.53479027e+00       7.398514e-03
    50           1000       -9.53479027e+00       7.442268e-03
    70            714       -9.53494303e+00       7.617263e-03
   100            500       -9.53479027e+00       7.492333e-03
   200            250       -9.53479027e+00       7.499824e-03
   500            100       -9.53479027e+00       7.102825e-03
0 0.007703235585542426 0.007102824784470558
Stocahstic error estimate: 7.703236e-03

step=19,E=-0.5959243920260305,dE=-0.0017108724564715017,err=0.00048145222409640164,gmax=0.32145148221546194
	collect g,Hv time= 3.9075982570648193
	solver time=0.1059117317199707,exit status=0
niter= 33
pure_newton= False
	solver time=2.2438769340515137,exit status=0
niter= 281
	prob= 0.7955687947387244
	burn in time= 16.78455924987793
	sample time= 323.85521054267883
	contraction err= 3.979185612159146e-14 2.443821342960785e-11

Mean energy: -9.54338512e+00
Block size    # of blocks        Mean                Error
     1           50000       -9.54338512e+00       8.353620e-03
     2           25000       -9.54338512e+00       8.363176e-03
     5           10000       -9.54338512e+00       8.295128e-03
    10           5000       -9.54338512e+00       8.205196e-03
    20           2500       -9.54338512e+00       8.196587e-03
    50           1000       -9.54338512e+00       8.090629e-03
    70            714       -9.54326932e+00       8.049638e-03
   100            500       -9.54338512e+00       8.056756e-03
   200            250       -9.54338512e+00       8.036403e-03
   500            100       -9.54338512e+00       7.572723e-03
0 0.008363176149354102 0.007572722772633679
Stocahstic error estimate: 8.363176e-03

	predict=-0.025209840715521903,actual=(-0.008594847916196358, 0.011370248624875907)
	g=0.7317418333489867,del=0.6867192723582058,dot=0.05042067269062667,x=25.787309253345008
saving to  ./psi20_0
saving to  ./psi20_1
0 {}
1 {}
2 {}
3 {}
4 {}
5 {}
6 {}
7 {}
8 {}
9 {}
10 {}
11 {}
12 {}
13 {}
14 {}
15 {}
0 {}
1 {}
2 {}
3 {}
4 {}
5 {}
6 {}
7 {}
8 {}
9 {}
10 {}
11 {}
12 {}
13 {}
14 {}
15 {}
block_dict= [(0, 772)]
sizes= [772]
block_dict= [(0, 772)]
sizes= [772]
block_dict= [(0, 576)]
sizes= [576]
nbatch= 1
SIZE= 640
Lx,Ly= 4 4
nelec= (7, 7)
D= 4
nparam= 2120
	prob= 0.7955687947387242
	burn in time= 17.047531366348267
	sample time= 248.88933396339417
	contraction err= 4.479254332553724e-14 2.947481727285554e-11

Mean energy: -9.51925028e+00
Block size    # of blocks        Mean                Error
     1           50000       -9.51925028e+00       7.870659e-03
     2           25000       -9.51925028e+00       7.887900e-03
     5           10000       -9.51925028e+00       7.871861e-03
    10           5000       -9.51925028e+00       7.816210e-03
    20           2500       -9.51925028e+00       7.754896e-03
    50           1000       -9.51925028e+00       7.663337e-03
    70            714       -9.51918154e+00       7.610379e-03
   100            500       -9.51925028e+00       8.099271e-03
   200            250       -9.51925028e+00       8.144320e-03
   500            100       -9.51925028e+00       7.490528e-03
0 0.007887900060418156 0.007490527967129836
Stocahstic error estimate: 7.887900e-03

step=20,E=-0.5949531426268365,dE=-0.5949531426268365,err=0.0004929937537761348,gmax=0.4459588041666498
	collect g,Hv time= 2.143549919128418
	solver time=0.0469815731048584,exit status=0
niter= 34
pure_newton= False
	solver time=0.5069990158081055,exit status=0
niter= 274
	prob= 0.36617145156600284
	burn in time= 16.860908269882202
	sample time= 329.42098474502563
	contraction err= 3.84645598890584e-14 2.6036591290339656e-11

Mean energy: -9.54808753e+00
Block size    # of blocks        Mean                Error
     1           50000       -9.54808753e+00       6.998167e-03
     2           25000       -9.54808753e+00       6.953072e-03
     5           10000       -9.54808753e+00       6.926786e-03
    10           5000       -9.54808753e+00       6.862035e-03
    20           2500       -9.54808753e+00       6.888536e-03
    50           1000       -9.54808753e+00       6.690229e-03
    70            714       -9.54813377e+00       6.662712e-03
   100            500       -9.54808753e+00       6.483442e-03
   200            250       -9.54808753e+00       6.606862e-03
   500            100       -9.54808753e+00       6.224165e-03
0 0.006998166536336099 0.006224165096917271
Stocahstic error estimate: 6.998167e-03

	predict=-0.048887916286652414,actual=(-0.028837250015119054, 0.010544823480430536)
	g=1.482620298144271,del=0.594786759597033,dot=0.09777679766242978,x=25.78730925334501
saving to  ./psi21_0
saving to  ./psi21_1
	prob= 0.36617145156600284
	burn in time= 17.805036544799805
	sample time= 1215.9128427505493
	contraction err= 4.6634809838308175e-14 2.6881656676860096e-11

Mean energy: -9.53345719e+00
Block size    # of blocks        Mean                Error
     1           50000       -9.53345719e+00       7.256926e-03
     2           25000       -9.53345719e+00       7.225610e-03
     5           10000       -9.53345719e+00       7.246741e-03
    10           5000       -9.53345719e+00       7.305197e-03
    20           2500       -9.53345719e+00       7.338215e-03
    50           1000       -9.53345719e+00       7.376858e-03
    70            714       -9.53353192e+00       7.328291e-03
   100            500       -9.53345719e+00       7.235653e-03
   200            250       -9.53345719e+00       6.992944e-03
   500            100       -9.53345719e+00       6.806676e-03
0 0.007256925985528655 0.006806676359511264
Stocahstic error estimate: 7.256926e-03

step=21,E=-0.5958410745608377,dE=-0.0008879319340011627,err=0.00045355787409554095,gmax=0.2440094876812795
	collect g,Hv time= 2.372775077819824
niter= 35
	solver time=0.12392330169677734,exit status=0
pure_newton= False
	solver time=2.2530243396759033,exit status=0
niter= 281
	prob= 0.4860965346602789
	burn in time= 16.77401065826416
	sample time= 330.8104751110077
	contraction err= 3.535730600789708e-14 2.2719096017274296e-11

Mean energy: -9.53552735e+00
Block size    # of blocks        Mean                Error
     1           50000       -9.53552735e+00       7.360344e-03
     2           25000       -9.53552735e+00       7.341407e-03
     5           10000       -9.53552735e+00       7.353599e-03
    10           5000       -9.53552735e+00       7.379112e-03
    20           2500       -9.53552735e+00       7.393652e-03
    50           1000       -9.53552735e+00       7.452816e-03
    70            714       -9.53538429e+00       7.436917e-03
   100            500       -9.53552735e+00       7.582432e-03
   200            250       -9.53552735e+00       7.611441e-03
   500            100       -9.53552735e+00       7.936177e-03
0 0.007360344405873694 0.007936177216650653
Stocahstic error estimate: 7.360344e-03

	predict=-0.02335502526406035,actual=(-0.0020701615698790476, 0.010336229705870377)
	g=0.5717865367218611,del=0.6108318300999566,dot=0.04671963152732432,x=25.78730925334501
saving to  ./psi22_0
saving to  ./psi22_1
	prob= 0.4860965346602789
	burn in time= 17.462114334106445
	sample time= 1217.3696761131287
	contraction err= 4.052788079058016e-14 4.4650069325843145e-11

Mean energy: -9.53527345e+00
Block size    # of blocks        Mean                Error
     1           50000       -9.53527345e+00       7.355733e-03
     2           25000       -9.53527345e+00       7.362519e-03
     5           10000       -9.53527345e+00       7.301215e-03
    10           5000       -9.53527345e+00       7.299303e-03
    20           2500       -9.53527345e+00       7.270824e-03
    50           1000       -9.53527345e+00       7.240022e-03
    70            714       -9.53520091e+00       7.123027e-03
   100            500       -9.53527345e+00       7.017950e-03
   200            250       -9.53527345e+00       6.842396e-03
   500            100       -9.53527345e+00       7.103559e-03
0 0.007362518775354404 0.0071035591149743
Stocahstic error estimate: 7.362519e-03

step=22,E=-0.5959545907188089,dE=-0.00011351615797117187,err=0.00046015742345965026,gmax=0.19625091289439212
	collect g,Hv time= 2.3788652420043945
niter= 34
	solver time=0.12031149864196777,exit status=0
pure_newton= False
	solver time=2.2776377201080322,exit status=0
niter= 286
	prob= 0.42611750468721804
	burn in time= 17.22135305404663
	sample time= 331.4585340023041
	contraction err= 4.702911456696359e-14 5.658040348425993e-11

Mean energy: -9.54108978e+00
Block size    # of blocks        Mean                Error
     1           50000       -9.54108978e+00       7.217214e-03
     2           25000       -9.54108978e+00       7.239878e-03
     5           10000       -9.54108978e+00       7.168033e-03
    10           5000       -9.54108978e+00       7.167191e-03
    20           2500       -9.54108978e+00       7.121488e-03
    50           1000       -9.54108978e+00       7.122339e-03
    70            714       -9.54108176e+00       7.297278e-03
   100            500       -9.54108978e+00       7.398031e-03
   200            250       -9.54108978e+00       7.391310e-03
   500            100       -9.54108978e+00       8.082343e-03
0 0.0072398780915302295 0.008082343054517858
Stocahstic error estimate: 7.239878e-03

	predict=-0.027569095930093816,actual=(-0.005816324853936905, 0.010325818006224277)
	g=0.6833004378065417,del=0.6530408159726055,dot=0.05514285698487917,x=25.787309253345008
saving to  ./psi23_0
saving to  ./psi23_1
	prob= 0.42611750468721804
	burn in time= 17.618173122406006
	sample time= 1215.8520572185516
	contraction err= 5.020697408327959e-14 4.5328675470307507e-11

Mean energy: -9.53139913e+00
Block size    # of blocks        Mean                Error
     1           50000       -9.53139913e+00       7.296805e-03
     2           25000       -9.53139913e+00       7.324123e-03
     5           10000       -9.53139913e+00       7.295811e-03
    10           5000       -9.53139913e+00       7.333173e-03
    20           2500       -9.53139913e+00       7.361550e-03
    50           1000       -9.53139913e+00       7.488512e-03
    70            714       -9.53147169e+00       7.363712e-03
   100            500       -9.53139913e+00       7.482841e-03
   200            250       -9.53139913e+00       7.311727e-03
   500            100       -9.53139913e+00       7.282709e-03
0 0.007324123026787364 0.007282708518468538
Stocahstic error estimate: 7.324123e-03

step=23,E=-0.59571244547186,dE=0.00024214524694887718,err=0.00045775768917421026,gmax=0.15374545946917273
	collect g,Hv time= 2.46492600440979
niter= 34
	solver time=0.11790633201599121,exit status=0
pure_newton= False
	solver time=2.428010940551758,exit status=0
niter= 308
	prob= 0.8134953081841851
	burn in time= 16.13419818878174
	sample time= 331.1768834590912
	contraction err= 1.6386828680528385e-14 4.0390382441060525e-11

Mean energy: -9.54889973e+00
Block size    # of blocks        Mean                Error
     1           50000       -9.54889973e+00       7.711102e-03
     2           25000       -9.54889973e+00       7.709906e-03
     5           10000       -9.54889973e+00       7.667238e-03
    10           5000       -9.54889973e+00       7.649265e-03
    20           2500       -9.54889973e+00       7.680714e-03
    50           1000       -9.54889973e+00       7.626235e-03
    70            714       -9.54869805e+00       7.516493e-03
   100            500       -9.54889973e+00       7.310348e-03
   200            250       -9.54889973e+00       7.162740e-03
   500            100       -9.54889973e+00       7.437937e-03
0 0.00771110196222038 0.007437937401557137
Stocahstic error estimate: 7.711102e-03

	predict=-0.020315691854892105,actual=(-0.01750060353173133, 0.010635030398794161)
	g=0.44886627484132174,del=0.6066458948638828,dot=0.040640289786190595,x=25.787309253345008
saving to  ./psi24_0
saving to  ./psi24_1
	prob= 0.8134953081841851
	burn in time= 17.455931425094604
	sample time= 1215.585961818695
	contraction err= 1.991584051683505e-14 2.379403263743353e-11

Mean energy: -9.53573213e+00
Block size    # of blocks        Mean                Error
     1           50000       -9.53573213e+00       7.234537e-03
     2           25000       -9.53573213e+00       7.223646e-03
     5           10000       -9.53573213e+00       7.214486e-03
    10           5000       -9.53573213e+00       7.205690e-03
    20           2500       -9.53573213e+00       7.314232e-03
    50           1000       -9.53573213e+00       7.317007e-03
    70            714       -9.53564353e+00       7.380691e-03
   100            500       -9.53573213e+00       7.457250e-03
   200            250       -9.53573213e+00       7.364677e-03
   500            100       -9.53573213e+00       7.850188e-03
0 0.007234537456595816 0.007850188366295857
Stocahstic error estimate: 7.234537e-03

step=24,E=-0.5959832578428634,dE=-0.00027081237100345934,err=0.0004521585910372385,gmax=0.1376861951181496
	collect g,Hv time= 3.188894271850586
niter= 33
	solver time=0.10259079933166504,exit status=0
pure_newton= False
	solver time=1.9939005374908447,exit status=0
niter= 250
	prob= 0.05103632494413435
	burn in time= 16.78824234008789
	sample time= 331.0839157104492
	contraction err= 8.19847841774991e-15 6.442317607584533e-12

Mean energy: -9.54357974e+00
Block size    # of blocks        Mean                Error
     1           50000       -9.54357974e+00       7.005973e-03
     2           25000       -9.54357974e+00       7.005865e-03
     5           10000       -9.54357974e+00       6.982078e-03
    10           5000       -9.54357974e+00       6.968594e-03
    20           2500       -9.54357974e+00       6.880872e-03
    50           1000       -9.54357974e+00       6.919226e-03
    70            714       -9.54356792e+00       6.853344e-03
   100            500       -9.54357974e+00       6.849179e-03
   200            250       -9.54357974e+00       6.948879e-03
   500            100       -9.54357974e+00       6.702921e-03
0 0.007005973379819521 0.006702921204907224
Stocahstic error estimate: 7.005973e-03

	predict=-0.017931564231297353,actual=(-0.00784761035179038, 0.010070858712623646)
	g=0.428804019265403,del=0.5400063107901343,dot=0.03587175454228812,x=25.787309253345004
saving to  ./psi25_0
saving to  ./psi25_1
	prob= 0.05103632494413435
	burn in time= 17.665796041488647
	sample time= 1215.474130153656
	contraction err= 1.2378314375884564e-14 3.982793720159392e-12

Mean energy: -9.52669555e+00
Block size    # of blocks        Mean                Error
     1           50000       -9.52669555e+00       7.592233e-03
     2           25000       -9.52669555e+00       7.617680e-03
     5           10000       -9.52669555e+00       7.653388e-03
    10           5000       -9.52669555e+00       7.703434e-03
    20           2500       -9.52669555e+00       7.633635e-03
    50           1000       -9.52669555e+00       7.762323e-03
    70            714       -9.52677282e+00       7.699038e-03
   100            500       -9.52669555e+00       7.474324e-03
   200            250       -9.52669555e+00       7.662579e-03
   500            100       -9.52669555e+00       8.173436e-03
0 0.007617680338068993 0.008173435731990529
Stocahstic error estimate: 7.617680e-03

step=25,E=-0.595418472056436,dE=0.0005647857864273798,err=0.00047610502112931205,gmax=0.24235093374888272
	collect g,Hv time= 2.3226778507232666
niter= 36
	solver time=0.125718355178833,exit status=0
pure_newton= False
	solver time=2.139862060546875,exit status=0
niter= 272
	prob= 1.8801148490004065
	burn in time= 17.465543031692505
	sample time= 330.9755311012268
	contraction err= 9.698494516702992e-15 1.196286400089073e-11

Mean energy: -9.53893023e+00
Block size    # of blocks        Mean                Error
     1           50000       -9.53893023e+00       7.448922e-03
     2           25000       -9.53893023e+00       7.444951e-03
     5           10000       -9.53893023e+00       7.375721e-03
    10           5000       -9.53893023e+00       7.394051e-03
    20           2500       -9.53893023e+00       7.552768e-03
    50           1000       -9.53893023e+00       7.539223e-03
    70            714       -9.53902964e+00       7.517179e-03
   100            500       -9.53893023e+00       7.372347e-03
   200            250       -9.53893023e+00       7.140702e-03
   500            100       -9.53893023e+00       7.433809e-03
0 0.007448921749412051 0.007433809003086773
Stocahstic error estimate: 7.448922e-03

	predict=-0.029155982217851296,actual=(-0.012234673382163663, 0.010654364784531589)
	g=0.6316461035394548,del=0.7984348785546006,dot=0.05828144376624393,x=25.787309253345015
saving to  ./psi26_0
saving to  ./psi26_1
	prob= 1.8801148490004065
	burn in time= 17.489121437072754
	sample time= 1214.9966096878052
	contraction err= 1.7390030041661458e-14 2.9219436703842556e-11

Mean energy: -9.54201561e+00
Block size    # of blocks        Mean                Error
     1           50000       -9.54201561e+00       1.146516e-02
     2           25000       -9.54201561e+00       1.148606e-02
     5           10000       -9.54201561e+00       1.144713e-02
    10           5000       -9.54201561e+00       1.145661e-02
    20           2500       -9.54201561e+00       1.155149e-02
    50           1000       -9.54201561e+00       1.158567e-02
    70            714       -9.54188088e+00       1.156469e-02
   100            500       -9.54201561e+00       1.157850e-02
   200            250       -9.54201561e+00       1.181335e-02
   500            100       -9.54201561e+00       1.196812e-02
0 0.011486064655750403 0.011968122989139953
Stocahstic error estimate: 1.148606e-02

step=26,E=-0.5963759759175068,dE=-0.0009575038610707409,err=0.0007178790409844002,gmax=1.4575644306055615
	collect g,Hv time= 2.981412887573242
niter= 36
	solver time=0.12540984153747559,exit status=0
pure_newton= False
	solver time=1.8151395320892334,exit status=0
niter= 232
	prob= 4.098367560218013
	burn in time= 18.214606523513794
	sample time= 331.00514674186707
	contraction err= 1.1836450168116648e-14 1.2710961227134663e-11

Mean energy: -9.52721663e+00
Block size    # of blocks        Mean                Error
     1           50000       -9.52721663e+00       7.718817e-03
     2           25000       -9.52721663e+00       7.720703e-03
     5           10000       -9.52721663e+00       7.708020e-03
    10           5000       -9.52721663e+00       7.723328e-03
    20           2500       -9.52721663e+00       7.808811e-03
    50           1000       -9.52721663e+00       7.694296e-03
    70            714       -9.52744551e+00       7.715858e-03
   100            500       -9.52721663e+00       7.501027e-03
   200            250       -9.52721663e+00       7.527873e-03
   500            100       -9.52721663e+00       7.172810e-03
0 0.0077207032953928835 0.0071728095081040255
Stocahstic error estimate: 7.720703e-03

	predict=-0.32115657995438285,actual=(0.014798988437449978, 0.013839759414511842)
	g=4.287517347674163,del=2.5259371227106864,dot=3.647735996759896,x=25.787309253345008
saving to  ./psi27_0
saving to  ./psi27_1
	prob= 1.8021532027021752
	burn in time= 16.732219457626343
	sample time= 1214.8848989009857
	contraction err= 1.577718809451821e-14 1.6543869523581823e-11

Mean energy: -9.53886651e+00
Block size    # of blocks        Mean                Error
     1           50000       -9.53886651e+00       7.684892e-03
     2           25000       -9.53886651e+00       7.684210e-03
     5           10000       -9.53886651e+00       7.694003e-03
    10           5000       -9.53886651e+00       7.627533e-03
    20           2500       -9.53886651e+00       7.538822e-03
    50           1000       -9.53886651e+00       7.629780e-03
    70            714       -9.53892262e+00       7.732619e-03
   100            500       -9.53886651e+00       7.441954e-03
   200            250       -9.53886651e+00       7.655487e-03
   500            100       -9.53886651e+00       7.551699e-03
0 0.007684892394030138 0.007551698697894303
Stocahstic error estimate: 7.684892e-03

step=27,E=-0.5961791566910253,dE=0.00019681922648151495,err=0.0004803057746268836,gmax=0.17119393721458387
	collect g,Hv time= 3.057321071624756
niter= 34
	solver time=0.10606694221496582,exit status=0
pure_newton= False
	solver time=1.9946646690368652,exit status=0
niter= 250
	prob= 0.007740022360364544
	burn in time= 17.22384548187256
	sample time= 331.11600065231323
	contraction err= 9.645269044631161e-15 1.1444901312953794e-11

Mean energy: -9.54920513e+00
Block size    # of blocks        Mean                Error
     1           50000       -9.54920513e+00       7.076022e-03
     2           25000       -9.54920513e+00       7.035245e-03
     5           10000       -9.54920513e+00       7.061491e-03
    10           5000       -9.54920513e+00       6.997524e-03
    20           2500       -9.54920513e+00       7.028619e-03
    50           1000       -9.54920513e+00       6.911800e-03
    70            714       -9.54912150e+00       7.032308e-03
   100            500       -9.54920513e+00       6.853289e-03
   200            250       -9.54920513e+00       6.957716e-03
   500            100       -9.54920513e+00       6.942180e-03
0 0.007076022185004066 0.006942180036197946
Stocahstic error estimate: 7.076022e-03

	predict=-0.03354083082167081,actual=(-0.010338626596151812, 0.010446418576262967)
	g=0.49526460203474293,del=0.6884275047420849,dot=0.06709235159913365,x=25.787309253345008
saving to  ./psi28_0
saving to  ./psi28_1
	prob= 0.007740022360364544
	burn in time= 17.239773511886597
	sample time= 1213.1421353816986
	contraction err= 1.4802392755033236e-14 9.295267100135321e-12

Mean energy: -9.54539306e+00
Block size    # of blocks        Mean                Error
     1           50000       -9.54539306e+00       7.167500e-03
     2           25000       -9.54539306e+00       7.155548e-03
     5           10000       -9.54539306e+00       7.116083e-03
    10           5000       -9.54539306e+00       7.077499e-03
    20           2500       -9.54539306e+00       7.146800e-03
    50           1000       -9.54539306e+00       7.116407e-03
    70            714       -9.54536613e+00       7.262154e-03
   100            500       -9.54539306e+00       7.056261e-03
   200            250       -9.54539306e+00       7.244219e-03
   500            100       -9.54539306e+00       7.481734e-03
0 0.00716749968444033 0.0074817336166443866
Stocahstic error estimate: 7.167500e-03

step=28,E=-0.5965870663039486,dE=-0.0004079096129233628,err=0.0004479687302775206,gmax=0.1015165781221592
	collect g,Hv time= 3.2694849967956543
niter= 36
	solver time=0.12566184997558594,exit status=0
pure_newton= False
	solver time=2.2019474506378174,exit status=0
niter= 281
	prob= 0.040139537139790744
	burn in time= 17.07105302810669
	sample time= 331.4002330303192
	contraction err= 8.558733813657507e-15 7.36157371553606e-12

Mean energy: -9.54154132e+00
Block size    # of blocks        Mean                Error
     1           50000       -9.54154132e+00       7.523084e-03
     2           25000       -9.54154132e+00       7.509698e-03
     5           10000       -9.54154132e+00       7.473248e-03
    10           5000       -9.54154132e+00       7.445716e-03
    20           2500       -9.54154132e+00       7.340463e-03
    50           1000       -9.54154132e+00       7.243625e-03
    70            714       -9.54151247e+00       7.367372e-03
   100            500       -9.54154132e+00       7.131265e-03
   200            250       -9.54154132e+00       7.458904e-03
   500            100       -9.54154132e+00       7.686090e-03
0 0.007523084137199352 0.007686090459939157
Stocahstic error estimate: 7.523084e-03

	predict=-0.017800383997420736,actual=(0.0038517449525858893, 0.010390853990978449)
	g=0.45184777929357434,del=1.3407157901804694,dot=0.1530174566606668,x=25.787309253345008
saving to  ./psi29_0
saving to  ./psi29_1
	prob= 0.00010117672137506492
	burn in time= 16.950973749160767
	sample time= 1213.2207608222961
	contraction err= 1.5841619386080695e-14 1.6024772011668583e-11

Mean energy: -9.54557513e+00
Block size    # of blocks        Mean                Error
     1           50000       -9.54557513e+00       7.133330e-03
     2           25000       -9.54557513e+00       7.107030e-03
     5           10000       -9.54557513e+00       7.126559e-03
    10           5000       -9.54557513e+00       7.098577e-03
    20           2500       -9.54557513e+00       7.074680e-03
    50           1000       -9.54557513e+00       7.125383e-03
    70            714       -9.54561461e+00       7.157635e-03
   100            500       -9.54557513e+00       7.227942e-03
   200            250       -9.54557513e+00       7.017510e-03
   500            100       -9.54557513e+00       6.900775e-03
0 0.007133330086302425 0.0069007752514787645
Stocahstic error estimate: 7.133330e-03

step=29,E=-0.5965984459116612,dE=-1.1379607712580508e-05,err=0.00044583313039390154,gmax=0.08177845098089787
	collect g,Hv time= 3.446000337600708
niter= 36
	solver time=0.12494659423828125,exit status=0
pure_newton= False
	solver time=2.205975294113159,exit status=0
niter= 281
	prob= 0.14175073647329198
	burn in time= 17.647789001464844
	sample time= 330.89528226852417
	contraction err= 1.4371365137212544e-14 2.3076885700472157e-11

Mean energy: -9.54258166e+00
Block size    # of blocks        Mean                Error
     1           50000       -9.54258166e+00       7.287597e-03
     2           25000       -9.54258166e+00       7.301213e-03
     5           10000       -9.54258166e+00       7.284510e-03
    10           5000       -9.54258166e+00       7.267348e-03
    20           2500       -9.54258166e+00       7.285139e-03
    50           1000       -9.54258166e+00       7.103749e-03
    70            714       -9.54253532e+00       7.146313e-03
   100            500       -9.54258166e+00       7.082172e-03
   200            250       -9.54258166e+00       7.318263e-03
   500            100       -9.54258166e+00       7.163259e-03
0 0.007301213106147323 0.007163258617673674
Stocahstic error estimate: 7.301213e-03

	predict=-0.020089517773517085,actual=(0.0029934749404798566, 0.01020745369529173)
	g=0.3839099165172208,del=1.40363220298799,dot=0.17137697473590477,x=25.78730925334501
saving to  ./psi30_0
saving to  ./psi30_1
0 {}
1 {}
2 {}
3 {}
4 {}
5 {}
6 {}
7 {}
8 {}
9 {}
10 {}
11 {}
12 {}
13 {}
14 {}
15 {}
0 {}
1 {}
2 {}
3 {}
4 {}
5 {}
6 {}
7 {}
8 {}
9 {}
10 {}
11 {}
12 {}
13 {}
14 {}
15 {}
block_dict= [(0, 772)]
sizes= [772]
block_dict= [(0, 772)]
sizes= [772]
block_dict= [(0, 576)]
sizes= [576]
nbatch= 1
SIZE= 640
Lx,Ly= 4 4
nelec= (7, 7)
D= 4
nparam= 2120
	prob= 0.012747401786788091
	burn in time= 17.65752935409546
	sample time= 247.817702293396
	contraction err= 1.423420680616839e-14 9.275413941079376e-12

Mean energy: -9.55629944e+00
Block size    # of blocks        Mean                Error
     1           50000       -9.55629944e+00       7.279421e-03
     2           25000       -9.55629944e+00       7.308214e-03
     5           10000       -9.55629944e+00       7.363509e-03
    10           5000       -9.55629944e+00       7.234158e-03
    20           2500       -9.55629944e+00       7.256324e-03
    50           1000       -9.55629944e+00       7.277321e-03
    70            714       -9.55625060e+00       7.224869e-03
   100            500       -9.55629944e+00       7.424342e-03
   200            250       -9.55629944e+00       7.467581e-03
   500            100       -9.55629944e+00       7.271213e-03
0 0.007308213891469387 0.007271213313503025
Stocahstic error estimate: 7.308214e-03

step=30,E=-0.5972687150409691,dE=-0.5972687150409691,err=0.0004567633682168367,gmax=0.07080800405330656
	collect g,Hv time= 2.006411075592041
	solver time=0.04710245132446289,exit status=0
niter= 35
pure_newton= False
	solver time=0.41962385177612305,exit status=0
niter= 237
	prob= 2.201679815748866
	burn in time= 16.941326141357422
	sample time= 325.4948191642761
	contraction err= 9.755060446364751e-15 9.402492144961226e-12

Mean energy: -9.54910805e+00
Block size    # of blocks        Mean                Error
     1           50000       -9.54910805e+00       7.261613e-03
     2           25000       -9.54910805e+00       7.263984e-03
     5           10000       -9.54910805e+00       7.244906e-03
    10           5000       -9.54910805e+00       7.283029e-03
    20           2500       -9.54910805e+00       7.237937e-03
    50           1000       -9.54910805e+00       7.207371e-03
    70            714       -9.54918259e+00       7.336000e-03
   100            500       -9.54910805e+00       7.212806e-03
   200            250       -9.54910805e+00       7.448383e-03
   500            100       -9.54910805e+00       7.705201e-03
0 0.0072639836954720045 0.007705200932701896
Stocahstic error estimate: 7.263984e-03

	predict=-0.020328261214481825,actual=(0.007191386152886281, 0.010304147194773046)
	g=0.3813583294735064,del=1.4395639697453704,dot=0.17222031244927472,x=25.78730925334502
saving to  ./psi31_0
saving to  ./psi31_1
	prob= 0.016666208351102392
	burn in time= 17.38339924812317
	sample time= 1199.0028858184814
	contraction err= 1.4743425367257433e-14 2.4955390698500307e-11

Mean energy: -9.55613277e+00
Block size    # of blocks        Mean                Error
     1           50000       -9.55613277e+00       7.040961e-03
     2           25000       -9.55613277e+00       7.055869e-03
     5           10000       -9.55613277e+00       7.088824e-03
    10           5000       -9.55613277e+00       7.057333e-03
    20           2500       -9.55613277e+00       7.046598e-03
    50           1000       -9.55613277e+00       7.164596e-03
    70            714       -9.55614458e+00       7.010643e-03
   100            500       -9.55613277e+00       7.241375e-03
   200            250       -9.55613277e+00       7.068276e-03
   500            100       -9.55613277e+00       7.226766e-03
0 0.007055868739306641 0.0072267658066638
Stocahstic error estimate: 7.055869e-03

step=31,E=-0.5972582980619422,dE=1.0416979026928175e-05,err=0.00044099179620666506,gmax=0.15080486744736543
	collect g,Hv time= 1.8864071369171143
	solver time=0.12254619598388672,exit status=0
niter= 35
pure_newton= False
	solver time=2.0296812057495117,exit status=0
niter= 255
	prob= 0.9187737325520641
	burn in time= 16.782241344451904
	sample time= 326.586003780365
	contraction err= 9.078345653214962e-15 2.20509157415861e-11

Mean energy: -9.55782899e+00
Block size    # of blocks        Mean                Error
     1           50000       -9.55782899e+00       7.124760e-03
     2           25000       -9.55782899e+00       7.132210e-03
     5           10000       -9.55782899e+00       7.091962e-03
    10           5000       -9.55782899e+00       7.079429e-03
    20           2500       -9.55782899e+00       7.092246e-03
    50           1000       -9.55782899e+00       7.303936e-03
    70            714       -9.55772082e+00       7.233804e-03
   100            500       -9.55782899e+00       7.481927e-03
   200            250       -9.55782899e+00       7.613240e-03
   500            100       -9.55782899e+00       7.714116e-03
0 0.007132210147857658 0.0077141160483904184
Stocahstic error estimate: 7.132210e-03

	predict=-0.0165997410739899,actual=(-0.0016962213435380846, 0.010032632020538203)
	g=0.4178909538178808,del=0.5611397736722953,dot=0.03319894545662669,x=25.78730925334501
saving to  ./psi32_0
saving to  ./psi32_1
	prob= 0.9187737325520641
	burn in time= 17.150701999664307
	sample time= 1198.6061856746674
	contraction err= 1.7160314941375745e-14 6.411348690625263e-12

Mean energy: -9.55764296e+00
Block size    # of blocks        Mean                Error
     1           50000       -9.55764296e+00       7.156108e-03
     2           25000       -9.55764296e+00       7.171486e-03
     5           10000       -9.55764296e+00       7.184315e-03
    10           5000       -9.55764296e+00       7.126765e-03
    20           2500       -9.55764296e+00       7.069930e-03
    50           1000       -9.55764296e+00       7.043082e-03
    70            714       -9.55773023e+00       6.998165e-03
   100            500       -9.55764296e+00       7.361054e-03
   200            250       -9.55764296e+00       7.159299e-03
   500            100       -9.55764296e+00       7.800965e-03
0 0.00717148609425108 0.007800964829401172
Stocahstic error estimate: 7.171486e-03

step=32,E=-0.5973526852490022,dE=-9.43871870600077e-05,err=0.0004482178808906925,gmax=0.21832521604804977
	collect g,Hv time= 2.655959129333496
	solver time=0.12841200828552246,exit status=0
niter= 35
pure_newton= False
	solver time=2.092406988143921,exit status=0
niter= 261
	prob= 0.1557223401133179
	burn in time= 17.302066326141357
	sample time= 326.10731863975525
	contraction err= 7.18797837799973e-15 9.940703027010315e-12

Mean energy: -9.54699780e+00
Block size    # of blocks        Mean                Error
     1           50000       -9.54699780e+00       7.409898e-03
     2           25000       -9.54699780e+00       7.402220e-03
     5           10000       -9.54699780e+00       7.388770e-03
    10           5000       -9.54699780e+00       7.458285e-03
    20           2500       -9.54699780e+00       7.363396e-03
    50           1000       -9.54699780e+00       7.293067e-03
    70            714       -9.54688503e+00       7.574007e-03
   100            500       -9.54699780e+00       7.457789e-03
   200            250       -9.54699780e+00       7.637857e-03
   500            100       -9.54699780e+00       7.468198e-03
0 0.007409897838702921 0.007468198309302587
Stocahstic error estimate: 7.409898e-03

	predict=-0.01669545659354125,actual=(0.01064516056347209, 0.010311973563777733)
	g=0.5325732200298894,del=1.33969210860773,dot=0.17203799153873206,x=25.787309253345008
saving to  ./psi33_0
saving to  ./psi33_1
	prob= 0.999151485565807
	burn in time= 17.798880100250244
	sample time= 1197.9172649383545
	contraction err= 1.7098559006887287e-14 3.8888999497833377e-11

Mean energy: -9.54679626e+00
Block size    # of blocks        Mean                Error
     1           50000       -9.54679626e+00       7.175631e-03
     2           25000       -9.54679626e+00       7.173536e-03
     5           10000       -9.54679626e+00       7.200559e-03
    10           5000       -9.54679626e+00       7.234984e-03
    20           2500       -9.54679626e+00       7.192415e-03
    50           1000       -9.54679626e+00       7.221278e-03
    70            714       -9.54674684e+00       7.187993e-03
   100            500       -9.54679626e+00       7.138773e-03
   200            250       -9.54679626e+00       7.187243e-03
   500            100       -9.54679626e+00       7.320775e-03
0 0.007175630957166343 0.007320774804313612
Stocahstic error estimate: 7.175631e-03

step=33,E=-0.5966747662013944,dE=0.0006779190476078334,err=0.00044847693482289645,gmax=0.25732566425742753
	collect g,Hv time= 2.492147207260132
	solver time=0.11184453964233398,exit status=0
niter= 36
pure_newton= False
	solver time=2.118077516555786,exit status=0
niter= 263
	prob= 0.026614192130539584
	burn in time= 16.535991191864014
	sample time= 326.3146708011627
	contraction err= 7.535136910465802e-15 8.650021438869285e-12

Mean energy: -9.54823554e+00
Block size    # of blocks        Mean                Error
     1           50000       -9.54823554e+00       7.308489e-03
     2           25000       -9.54823554e+00       7.294893e-03
     5           10000       -9.54823554e+00       7.277113e-03
    10           5000       -9.54823554e+00       7.252968e-03
    20           2500       -9.54823554e+00       7.226712e-03
    50           1000       -9.54823554e+00       7.216811e-03
    70            714       -9.54830771e+00       7.293038e-03
   100            500       -9.54823554e+00       7.020222e-03
   200            250       -9.54823554e+00       7.176008e-03
   500            100       -9.54823554e+00       7.102273e-03
0 0.0073084885487575075 0.0071022734093722254
Stocahstic error estimate: 7.308489e-03

	predict=-0.02013880437821961,actual=(-0.0014392771706948082, 0.01024224997257749)
	g=0.7049233036530211,del=0.5944839595500027,dot=0.0402799123143639,x=25.787309253345015
saving to  ./psi34_0
saving to  ./psi34_1
	prob= 0.026614192130539584
	burn in time= 16.166345834732056
	sample time= 1197.7354929447174
	contraction err= 1.338074614409914e-14 6.722774995576564e-12

Mean energy: -9.55651326e+00
Block size    # of blocks        Mean                Error
     1           50000       -9.55651326e+00       7.040955e-03
     2           25000       -9.55651326e+00       7.043377e-03
     5           10000       -9.55651326e+00       7.099293e-03
    10           5000       -9.55651326e+00       7.095355e-03
    20           2500       -9.55651326e+00       7.075569e-03
    50           1000       -9.55651326e+00       6.973235e-03
    70            714       -9.55660246e+00       7.354295e-03
   100            500       -9.55651326e+00       7.094270e-03
   200            250       -9.55651326e+00       7.206258e-03
   500            100       -9.55651326e+00       7.395219e-03
0 0.007043377339299374 0.007395218929829077
Stocahstic error estimate: 7.043377e-03

step=34,E=-0.5972820786492878,dE=-0.000607312447893471,err=0.0004402110837062109,gmax=0.100936429408641
	collect g,Hv time= 2.9958267211914062
	solver time=0.11764216423034668,exit status=0
niter= 34
pure_newton= False
	solver time=2.096101999282837,exit status=0
niter= 266
	prob= 0.0016767079962672431
	burn in time= 16.65074872970581
	sample time= 326.66898560523987
	contraction err= 9.19790274686878e-15 1.3853833250779749e-11

Mean energy: -9.55746669e+00
Block size    # of blocks        Mean                Error
     1           50000       -9.55746669e+00       7.344748e-03
     2           25000       -9.55746669e+00       7.332684e-03
     5           10000       -9.55746669e+00       7.322117e-03
    10           5000       -9.55746669e+00       7.299851e-03
    20           2500       -9.55746669e+00       7.216915e-03
    50           1000       -9.55746669e+00       7.078475e-03
    70            714       -9.55732044e+00       7.243361e-03
   100            500       -9.55746669e+00       6.955918e-03
   200            250       -9.55746669e+00       7.132360e-03
   500            100       -9.55746669e+00       7.368512e-03
0 0.0073447476642874605 0.007368512211024778
Stocahstic error estimate: 7.344748e-03

	predict=-0.01890324006275624,actual=(-0.0009534305062537385, 0.010176172295898494)
	g=0.3144637915196219,del=0.5607090728392682,dot=0.037807601067405945,x=25.78730925334501
saving to  ./psi35_0
saving to  ./psi35_1
	prob= 0.0016767079962672431
	burn in time= 16.749462366104126
	sample time= 1196.7149953842163
	contraction err= 1.2358426636826e-14 7.978296177105253e-12

Mean energy: -9.56442927e+00
Block size    # of blocks        Mean                Error
     1           50000       -9.56442927e+00       7.098654e-03
     2           25000       -9.56442927e+00       7.075637e-03
     5           10000       -9.56442927e+00       7.058984e-03
    10           5000       -9.56442927e+00       7.077661e-03
    20           2500       -9.56442927e+00       7.096789e-03
    50           1000       -9.56442927e+00       7.201836e-03
    70            714       -9.56424323e+00       6.940014e-03
   100            500       -9.56442927e+00       7.147503e-03
   200            250       -9.56442927e+00       7.030548e-03
   500            100       -9.56442927e+00       6.904240e-03
0 0.007098654129678207 0.006904239579955699
Stocahstic error estimate: 7.098654e-03

step=35,E=-0.597776829202261,dE=-0.000494750552973211,err=0.0004436658831048879,gmax=0.11141622238480942
	collect g,Hv time= 3.334573268890381
	solver time=0.1090857982635498,exit status=0
niter= 35
pure_newton= False
	solver time=1.9841532707214355,exit status=0
niter= 248
	prob= 0.0034045330274563236
	burn in time= 16.382312536239624
	sample time= 326.35910534858704
	contraction err= 6.90844880911032e-15 4.372771858024965e-12

Mean energy: -9.54120894e+00
Block size    # of blocks        Mean                Error
     1           50000       -9.54120894e+00       7.775804e-03
     2           25000       -9.54120894e+00       7.730821e-03
     5           10000       -9.54120894e+00       7.744772e-03
    10           5000       -9.54120894e+00       7.748694e-03
    20           2500       -9.54120894e+00       7.687259e-03
    50           1000       -9.54120894e+00       7.926497e-03
    70            714       -9.54132765e+00       7.612127e-03
   100            500       -9.54120894e+00       8.098651e-03
   200            250       -9.54120894e+00       7.869943e-03
   500            100       -9.54120894e+00       7.328136e-03
0 0.007775804370408009 0.007328135517584933
Stocahstic error estimate: 7.775804e-03

	predict=-0.018977352723574967,actual=(0.02322032517841599, 0.010528723762149606)
	g=0.3500201781809977,del=1.3921310879603876,dot=0.16833491269939954,x=25.78730925334502
saving to  ./psi36_0
saving to  ./psi36_1
	prob= 4.882784069263874e-05
	burn in time= 16.501048803329468
	sample time= 1196.6778090000153
	contraction err= 1.1299005081146446e-14 4.405672998430972e-12

Mean energy: -9.54429654e+00
Block size    # of blocks        Mean                Error
     1           50000       -9.54429654e+00       7.220147e-03
     2           25000       -9.54429654e+00       7.226578e-03
     5           10000       -9.54429654e+00       7.173959e-03
    10           5000       -9.54429654e+00       7.074509e-03
    20           2500       -9.54429654e+00       7.076696e-03
    50           1000       -9.54429654e+00       7.030816e-03
    70            714       -9.54456031e+00       7.155705e-03
   100            500       -9.54429654e+00       6.907893e-03
   200            250       -9.54429654e+00       6.450330e-03
   500            100       -9.54429654e+00       7.346131e-03
0 0.007226577678489254 0.007346130985049764
Stocahstic error estimate: 7.226578e-03

step=36,E=-0.5965185340267528,dE=0.0012582951755082394,err=0.0004516611049055784,gmax=0.1090780215328806
	collect g,Hv time= 3.438265323638916
	solver time=0.10849404335021973,exit status=0
niter= 35
pure_newton= False
	solver time=1.948333978652954,exit status=0
niter= 241
	prob= 0.3293768068142114
	burn in time= 16.96969723701477
	sample time= 326.34425926208496
	contraction err= 6.628600972987163e-15 6.530099742032072e-12

Mean energy: -9.55075847e+00
Block size    # of blocks        Mean                Error
     1           50000       -9.55075847e+00       7.876526e-03
     2           25000       -9.55075847e+00       7.886067e-03
     5           10000       -9.55075847e+00       7.860010e-03
    10           5000       -9.55075847e+00       7.867633e-03
    20           2500       -9.55075847e+00       8.009501e-03
    50           1000       -9.55075847e+00       7.924562e-03
    70            714       -9.55076545e+00       7.716639e-03
   100            500       -9.55075847e+00       7.754723e-03
   200            250       -9.55075847e+00       7.808296e-03
   500            100       -9.55075847e+00       7.369788e-03
0 0.007886067103509906 0.0073697882808403245
Stocahstic error estimate: 7.886067e-03

	predict=-0.02045826579947096,actual=(-0.006461929405549682, 0.010696423668885794)
	g=0.3398109353111038,del=0.5800116908451006,dot=0.04089910781881573,x=25.787309253345015
saving to  ./psi37_0
saving to  ./psi37_1
	prob= 0.3293768068142114
	burn in time= 16.656821966171265
	sample time= 1196.303305864334
	contraction err= 1.1299153210237928e-14 5.6758092043014734e-12

Mean energy: -9.55515513e+00
Block size    # of blocks        Mean                Error
     1           50000       -9.55515513e+00       7.195965e-03
     2           25000       -9.55515513e+00       7.174393e-03
     5           10000       -9.55515513e+00       7.199238e-03
    10           5000       -9.55515513e+00       7.147802e-03
    20           2500       -9.55515513e+00       7.260014e-03
    50           1000       -9.55515513e+00       7.009192e-03
    70            714       -9.55511759e+00       6.969048e-03
   100            500       -9.55515513e+00       6.877267e-03
   200            250       -9.55515513e+00       6.392611e-03
   500            100       -9.55515513e+00       6.801320e-03
0 0.007195964852948954 0.006801320426481365
Stocahstic error estimate: 7.195965e-03

step=37,E=-0.5971971954859558,dE=-0.0006786614592030338,err=0.0004497478033093096,gmax=0.2695461456696542
	collect g,Hv time= 2.9534735679626465
	solver time=0.12977170944213867,exit status=0
niter= 38
pure_newton= False
	solver time=2.078899621963501,exit status=0
niter= 265
	prob= 0.001249523570963416
	burn in time= 17.111122369766235
	sample time= 326.3130316734314
	contraction err= 1.2956286466981653e-14 2.354029106716211e-11

Mean energy: -9.57009516e+00
Block size    # of blocks        Mean                Error
     1           50000       -9.57009516e+00       7.119862e-03
     2           25000       -9.57009516e+00       7.099151e-03
     5           10000       -9.57009516e+00       7.146160e-03
    10           5000       -9.57009516e+00       7.080885e-03
    20           2500       -9.57009516e+00       7.081856e-03
    50           1000       -9.57009516e+00       7.197721e-03
    70            714       -9.56996932e+00       7.268948e-03
   100            500       -9.57009516e+00       7.145606e-03
   200            250       -9.57009516e+00       7.410550e-03
   500            100       -9.57009516e+00       7.330123e-03
0 0.007119861596846074 0.0073301225204906156
Stocahstic error estimate: 7.119862e-03

	predict=-0.027544029445347673,actual=(-0.014940027987606186, 0.01012296099583122)
	g=0.804656724308135,del=0.5863850886169747,dot=0.05507503132589798,x=25.787309253345015
saving to  ./psi38_0
saving to  ./psi38_1
	prob= 0.001249523570963416
	burn in time= 17.13827610015869
	sample time= 1194.8427674770355
	contraction err= 1.7235677208527053e-14 5.035748144542373e-11

Mean energy: -9.54215228e+00
Block size    # of blocks        Mean                Error
     1           50000       -9.54215228e+00       7.083702e-03
     2           25000       -9.54215228e+00       7.084532e-03
     5           10000       -9.54215228e+00       7.066903e-03
    10           5000       -9.54215228e+00       7.097108e-03
    20           2500       -9.54215228e+00       7.134032e-03
    50           1000       -9.54215228e+00       7.023712e-03
    70            714       -9.54211438e+00       7.073272e-03
   100            500       -9.54215228e+00       6.940201e-03
   200            250       -9.54215228e+00       6.989032e-03
   500            100       -9.54215228e+00       7.357815e-03
0 0.007084531564562996 0.0073578147926191655
Stocahstic error estimate: 7.084532e-03

step=38,E=-0.5963845177690121,dE=0.0008126777169437105,err=0.00044278322278518725,gmax=0.171754136424922
	collect g,Hv time= 3.906801462173462
	solver time=0.11470365524291992,exit status=0
niter= 37
pure_newton= False
	solver time=2.065232276916504,exit status=0
niter= 258
	prob= 0.07364280054614142
	burn in time= 16.412341117858887
	sample time= 326.0666968822479
	contraction err= 8.130968089887871e-15 1.1798377156130327e-11

Mean energy: -9.54634138e+00
Block size    # of blocks        Mean                Error
     1           50000       -9.54634138e+00       7.841290e-03
     2           25000       -9.54634138e+00       7.787255e-03
     5           10000       -9.54634138e+00       7.752728e-03
    10           5000       -9.54634138e+00       7.736949e-03
    20           2500       -9.54634138e+00       7.785723e-03
    50           1000       -9.54634138e+00       7.748259e-03
    70            714       -9.54649876e+00       7.956681e-03
   100            500       -9.54634138e+00       7.772655e-03
   200            250       -9.54634138e+00       7.619343e-03
   500            100       -9.54634138e+00       7.606347e-03
0 0.007841290367960661 0.0076063470946428225
Stocahstic error estimate: 7.841290e-03

	predict=-0.022761696311885484,actual=(-0.0041890935386916794, 0.010567706568785966)
	g=0.5534383841078576,del=0.6240948417816845,dot=0.04550341339241697,x=25.787309253345008
saving to  ./psi39_0
saving to  ./psi39_1
	prob= 0.07364280054614142
	burn in time= 16.642420530319214
	sample time= 1195.051911830902
	contraction err= 1.3036589803044393e-14 5.470550000936305e-12

Mean energy: -9.56838915e+00
Block size    # of blocks        Mean                Error
     1           50000       -9.56838915e+00       6.988864e-03
     2           25000       -9.56838915e+00       7.004202e-03
     5           10000       -9.56838915e+00       7.007535e-03
    10           5000       -9.56838915e+00       7.126248e-03
    20           2500       -9.56838915e+00       7.168746e-03
    50           1000       -9.56838915e+00       7.206927e-03
    70            714       -9.56844457e+00       7.272411e-03
   100            500       -9.56838915e+00       7.073659e-03
   200            250       -9.56838915e+00       7.153309e-03
   500            100       -9.56838915e+00       7.468898e-03
0 0.0070042024112419886 0.007468897853573663
Stocahstic error estimate: 7.004202e-03

step=39,E=-0.5980243220242674,dE=-0.0016398042552552283,err=0.0004377626507026243,gmax=0.16638228093583152
	collect g,Hv time= 4.968092441558838
	solver time=0.12487339973449707,exit status=0
niter= 36
pure_newton= False
	solver time=1.8778996467590332,exit status=0
niter= 240
	prob= 0.007845635149562158
	burn in time= 16.679274082183838
	sample time= 326.2377293109894
	contraction err= 7.554632487630349e-15 5.992336904320151e-12

Mean energy: -9.55335201e+00
Block size    # of blocks        Mean                Error
     1           50000       -9.55335201e+00       7.544009e-03
     2           25000       -9.55335201e+00       7.581437e-03
     5           10000       -9.55335201e+00       7.549136e-03
    10           5000       -9.55335201e+00       7.590360e-03
    20           2500       -9.55335201e+00       7.650748e-03
    50           1000       -9.55335201e+00       7.460706e-03
    70            714       -9.55344749e+00       7.837097e-03
   100            500       -9.55335201e+00       7.633435e-03
   200            250       -9.55335201e+00       7.534669e-03
   500            100       -9.55335201e+00       8.123016e-03
0 0.007581436544953227 0.008123016292395117
Stocahstic error estimate: 7.581437e-03

	predict=-0.018863132434643014,actual=(0.015037140637433666, 0.010321677746510032)
	g=0.4583522184731542,del=1.3888275214112085,dot=0.1525350606268971,x=25.787309253345015
saving to  ./psi40_0
saving to  ./psi40_1
