block_dict= [(0, 3820)]
sizes= [3820]
SIZE= 256
L= 80
nspin= (40, 40)
nparam= 3820

nparam= 3820
	log prob= -9.622203559269725
	burn in time= 28.518346548080444
	sample time= 36.40389060974121
	contraction err= 1.903964686110898e-15 7.1125728964593e-15
nsamples= 3254

Mean energy: -2.81616522e+01
Block size    # of blocks        Mean                Error
     1           3254       -2.81616522e+01       2.286994e-02
     2           1627       -2.81616522e+01       2.308549e-02
     5            650       -2.81621971e+01       2.359769e-02
    10            325       -2.81621971e+01       2.341458e-02
    20            162       -2.81599655e+01       2.312319e-02
    50             65       -2.81621971e+01       2.627484e-02
    70             46       -2.81601845e+01       2.457461e-02
   100             32       -2.81593090e+01       2.695628e-02
   200             16       -2.81593090e+01       1.948972e-02
   500              6       -2.81662654e+01       2.991717e-02
Stocahstic error estimate: 2.308549e-02

step=0,E=-0.35202065303176067,dE=0.0,err=0.0002885685995976327,gmax=0.2653436317160103
	collect g,h time= 0.0327603816986084
	solver time=0.032619476318359375,exit status=0
niter= 38
	g=1.0512918828738387,del=4.504689910760838,dot=1.4812006609546733,x=20.682601383771818

nparam= 3820
	log prob= -11.116873856018172
	burn in time= 28.294027090072632
	sample time= 39.61432862281799
	contraction err= 1.8900176756678586e-15 7.529704505361831e-15
nsamples= 3254

Mean energy: -2.84011796e+01
Block size    # of blocks        Mean                Error
     1           3254       -2.84011796e+01       2.015624e-02
     2           1627       -2.84011796e+01       2.000098e-02
     5            650       -2.84011017e+01       1.956965e-02
    10            325       -2.84011017e+01       1.931472e-02
    20            162       -2.84002489e+01       1.912018e-02
    50             65       -2.84011017e+01       1.734498e-02
    70             46       -2.83992815e+01       1.857035e-02
   100             32       -2.83996793e+01       1.641828e-02
   200             16       -2.83996793e+01       1.957906e-02
   500              6       -2.84019154e+01       2.430061e-02
Stocahstic error estimate: 2.015624e-02

step=1,E=-0.35501474557446105,dE=-0.002994092542700377,err=0.00025195305908493266,gmax=0.16579335640556475
	collect g,h time= 0.03368830680847168
	solver time=0.021375656127929688,exit status=0
niter= 44
	g=0.8620243953364066,del=4.548599868171688,dot=1.1362623172922817,x=20.682601383771818

nparam= 3820
	log prob= -12.673572778809383
	burn in time= 28.19149374961853
	sample time= 39.60740637779236
	contraction err= 1.929896683293861e-15 1.3658316061512848e-14
nsamples= 3254

Mean energy: -2.85565401e+01
Block size    # of blocks        Mean                Error
     1           3254       -2.85565401e+01       1.823052e-02
     2           1627       -2.85565401e+01       1.810235e-02
     5            650       -2.85558042e+01       1.869508e-02
    10            325       -2.85558042e+01       1.895345e-02
    20            162       -2.85554003e+01       2.008262e-02
    50             65       -2.85558042e+01       2.149977e-02
    70             46       -2.85595914e+01       1.955756e-02
   100             32       -2.85602774e+01       1.969019e-02
   200             16       -2.85602774e+01       1.953884e-02
   500              6       -2.85606076e+01       2.187868e-02
Stocahstic error estimate: 1.823052e-02

step=2,E=-0.3569567508703221,dE=-0.0019420052958610157,err=0.00022788153938912292,gmax=0.10788407835840763
	collect g,h time= 0.03376030921936035
	solver time=0.018543720245361328,exit status=0
niter= 40
	g=0.768560089768833,del=3.6133202125855495,dot=0.8882596984854995,x=20.68260138377182

nparam= 3820
	log prob= -13.782454376608747
	burn in time= 28.296695947647095
	sample time= 39.62585473060608
	contraction err= 1.9055473060361184e-15 8.719505547610609e-15
nsamples= 3254

Mean energy: -2.87293724e+01
Block size    # of blocks        Mean                Error
     1           3254       -2.87293724e+01       1.601397e-02
     2           1627       -2.87293724e+01       1.634496e-02
     5            650       -2.87293561e+01       1.703406e-02
    10            325       -2.87293561e+01       1.718248e-02
    20            162       -2.87299515e+01       1.843273e-02
    50             65       -2.87293561e+01       1.682085e-02
    70             46       -2.87288411e+01       1.826623e-02
   100             32       -2.87285674e+01       1.902809e-02
   200             16       -2.87285674e+01       2.015248e-02
   500              6       -2.87326954e+01       3.035077e-02
Stocahstic error estimate: 1.634496e-02

step=3,E=-0.35911715440604763,dE=-0.0021604035357255746,err=0.00020431205639175214,gmax=0.09590792471129106
	collect g,h time= 0.0334165096282959
	solver time=0.02014756202697754,exit status=0
niter= 44
	g=0.6751578091003303,del=3.4422445195884457,dot=0.6876792523311259,x=20.682601383771825

nparam= 3820
	log prob= -14.857592211268365
	burn in time= 28.191730499267578
	sample time= 39.5997371673584
	contraction err= 1.9050196253422126e-15 1.1671216517707642e-14
nsamples= 3254

Mean energy: -2.88106632e+01
Block size    # of blocks        Mean                Error
     1           3254       -2.88106632e+01       1.558759e-02
     2           1627       -2.88106632e+01       1.592326e-02
     5            650       -2.88109034e+01       1.615329e-02
    10            325       -2.88109034e+01       1.610764e-02
    20            162       -2.88126949e+01       1.669407e-02
    50             65       -2.88109034e+01       1.769020e-02
    70             46       -2.88123437e+01       1.668751e-02
   100             32       -2.88134275e+01       1.922061e-02
   200             16       -2.88134275e+01       1.769546e-02
   500              6       -2.88125743e+01       2.816361e-02
Stocahstic error estimate: 1.592326e-02

step=4,E=-0.3601332903391547,dE=-0.0010161359331070762,err=0.00019904069115621992,gmax=0.14053939072578792
	collect g,h time= 0.033635854721069336
	solver time=0.02006673812866211,exit status=0
niter= 44
	g=0.6921335128125904,del=3.504222055005398,dot=0.6442061293785388,x=20.682601383771818

nparam= 3820
	log prob= -15.778550907600103
	burn in time= 28.06864333152771
	sample time= 39.604703426361084
	contraction err= 1.9320219719221206e-15 1.1835982457653545e-14
nsamples= 3254

Mean energy: -2.88333671e+01
Block size    # of blocks        Mean                Error
     1           3254       -2.88333671e+01       1.861299e-02
     2           1627       -2.88333671e+01       1.874079e-02
     5            650       -2.88332474e+01       1.976724e-02
    10            325       -2.88332474e+01       1.960948e-02
    20            162       -2.88318932e+01       2.139338e-02
    50             65       -2.88332474e+01       2.439426e-02
    70             46       -2.88330595e+01       2.305450e-02
   100             32       -2.88354509e+01       2.239820e-02
   200             16       -2.88354509e+01       2.094257e-02
   500              6       -2.88441376e+01       3.144365e-02
Stocahstic error estimate: 1.874079e-02

step=5,E=-0.3604170887501417,dE=-0.00028379841098700174,err=0.00023425985699009733,gmax=0.30172034210789267
	collect g,h time= 0.03254961967468262
	solver time=0.01967597007751465,exit status=0
niter= 44
	g=1.137146693952568,del=3.4644091473525505,dot=0.988242483304903,x=20.682601383771814

nparam= 3820
	log prob= -16.39484572673392
	burn in time= 28.385586261749268
	sample time= 39.617894411087036
	contraction err= 1.9415820852922374e-15 6.7858573279232486e-15
nsamples= 3254

Mean energy: -2.89247862e+01
Block size    # of blocks        Mean                Error
     1           3254       -2.89247862e+01       1.404404e-02
     2           1627       -2.89247862e+01       1.440302e-02
     5            650       -2.89246022e+01       1.573475e-02
    10            325       -2.89246022e+01       1.596694e-02
    20            162       -2.89239163e+01       1.607437e-02
    50             65       -2.89246022e+01       1.665634e-02
    70             46       -2.89232245e+01       1.751445e-02
   100             32       -2.89221548e+01       1.654729e-02
   200             16       -2.89221548e+01       1.644260e-02
   500              6       -2.89243342e+01       1.695256e-02
Stocahstic error estimate: 1.440302e-02

step=6,E=-0.3615598280511202,dE=-0.0011427393009785015,err=0.00018003780460034064,gmax=0.10974534303227323
	collect g,h time= 0.03295278549194336
	solver time=0.018247365951538086,exit status=0
niter= 41
	g=0.6566337356400526,del=2.918664288754016,dot=0.5293568063290397,x=20.682601383771818

nparam= 3820
	log prob= -16.941492959211853
	burn in time= 28.34130024909973
	sample time= 39.57702970504761
	contraction err= 1.9355696925823307e-15 5.984957654559049e-15
nsamples= 3254

Mean energy: -2.89941469e+01
Block size    # of blocks        Mean                Error
     1           3254       -2.89941469e+01       1.315873e-02
     2           1627       -2.89941469e+01       1.355829e-02
     5            650       -2.89943203e+01       1.337852e-02
    10            325       -2.89943203e+01       1.359949e-02
    20            162       -2.89934721e+01       1.438624e-02
    50             65       -2.89943203e+01       1.461082e-02
    70             46       -2.89928677e+01       1.414789e-02
   100             32       -2.89919001e+01       1.458800e-02
   200             16       -2.89919001e+01       1.256571e-02
   500              6       -2.89913868e+01       1.277684e-02
Stocahstic error estimate: 1.355829e-02

step=7,E=-0.3624268360199269,dE=-0.0008670079688067212,err=0.00016947856588134805,gmax=0.0786824424313366
	collect g,h time= 0.032500505447387695
	solver time=0.019941091537475586,exit status=0
niter= 44
	g=0.57587250065745,del=2.8150377573380942,dot=0.4534561550170709,x=20.68260138377182

nparam= 3820
	log prob= -17.380057375491635
	burn in time= 28.401110649108887
	sample time= 39.58366680145264
	contraction err= 1.93604615418682e-15 7.13217204796538e-15
nsamples= 3254

Mean energy: -2.90302955e+01
Block size    # of blocks        Mean                Error
     1           3254       -2.90302955e+01       1.590544e-02
     2           1627       -2.90302955e+01       1.677697e-02
     5            650       -2.90299034e+01       1.772266e-02
    10            325       -2.90299034e+01       1.879175e-02
    20            162       -2.90296730e+01       1.823280e-02
    50             65       -2.90299034e+01       1.822285e-02
    70             46       -2.90307818e+01       1.949192e-02
   100             32       -2.90308160e+01       1.918875e-02
   200             16       -2.90308160e+01       1.990414e-02
   500              6       -2.90337773e+01       2.040679e-02
Stocahstic error estimate: 1.879175e-02

step=8,E=-0.36287869363134145,dE=-0.00045185761141453007,err=0.00023489685893538322,gmax=0.3706823361092786
	collect g,h time= 0.03251075744628906
	solver time=0.019606828689575195,exit status=0
niter= 44
	g=1.155648374076493,del=2.7797131345118142,dot=0.7231536601666749,x=20.682601383771818

nparam= 3820
	log prob= -17.79757957080503
	burn in time= 28.44854760169983
	sample time= 39.58478617668152
	contraction err= 1.9268749050365136e-15 1.491137567626744e-14
nsamples= 3254

Mean energy: -2.90651049e+01
Block size    # of blocks        Mean                Error
     1           3254       -2.90651049e+01       1.451965e-02
     2           1627       -2.90651049e+01       1.557687e-02
     5            650       -2.90657567e+01       1.689499e-02
    10            325       -2.90657567e+01       1.714591e-02
    20            162       -2.90661284e+01       1.723197e-02
    50             65       -2.90657567e+01       1.792036e-02
    70             46       -2.90654906e+01       1.910167e-02
   100             32       -2.90645470e+01       1.635017e-02
   200             16       -2.90645470e+01       1.815119e-02
   500              6       -2.90665978e+01       2.559806e-02
Stocahstic error estimate: 1.714591e-02

step=9,E=-0.36331381127790197,dE=-0.0004351176465605011,err=0.00021432381697863474,gmax=0.1622520077175995
	collect g,h time= 0.03241777420043945
	solver time=0.01613593101501465,exit status=0
niter= 36
	g=0.8605297852854932,del=2.406972308211037,dot=0.5808254572523177,x=20.682601383771818

nparam= 3820
	log prob= -18.095471721278784
	burn in time= 28.255382537841797
	sample time= 39.59025001525879
	contraction err= 1.9172840496111447e-15 7.675300199037789e-15
nsamples= 3254

Mean energy: -2.90873544e+01
Block size    # of blocks        Mean                Error
     1           3254       -2.90873544e+01       1.422296e-02
     2           1627       -2.90873544e+01       1.533590e-02
     5            650       -2.90873433e+01       1.711597e-02
    10            325       -2.90873433e+01       1.735879e-02
    20            162       -2.90862034e+01       1.863003e-02
    50             65       -2.90873433e+01       1.547275e-02
    70             46       -2.90840234e+01       1.734347e-02
   100             32       -2.90835813e+01       1.587934e-02
   200             16       -2.90835813e+01       1.884364e-02
   500              6       -2.90801098e+01       2.489856e-02
Stocahstic error estimate: 1.735879e-02

step=10,E=-0.3635919295562875,dE=-0.0002781182783855307,err=0.00021698490220741997,gmax=0.12131908677845327
	collect g,h time= 0.0331425666809082
	solver time=0.01953434944152832,exit status=0
niter= 44
	g=0.8251836968598957,del=2.5908158728497797,dot=0.5821085687906377,x=20.68260138377182

nparam= 3820
	log prob= -18.497018532638208
	burn in time= 28.502455949783325
	sample time= 39.59966540336609
	contraction err= 1.9558836135026342e-15 9.844289668735749e-15
nsamples= 3254

Mean energy: -2.91511232e+01
Block size    # of blocks        Mean                Error
     1           3254       -2.91511232e+01       1.517364e-02
     2           1627       -2.91511232e+01       1.650439e-02
     5            650       -2.91507684e+01       1.925334e-02
    10            325       -2.91507684e+01       2.220927e-02
    20            162       -2.91506662e+01       2.357551e-02
    50             65       -2.91507684e+01       2.662536e-02
    70             46       -2.91490163e+01       2.673205e-02
   100             32       -2.91481651e+01       2.843530e-02
   200             16       -2.91481651e+01       2.639067e-02
   500              6       -2.91472266e+01       2.593823e-02
Stocahstic error estimate: 2.673205e-02

step=11,E=-0.36438904042928066,dE=-0.0007971108729931675,err=0.00033415056689035304,gmax=0.9744165597841365
	collect g,h time= 0.032802581787109375
	solver time=0.008112192153930664,exit status=0
niter= 18
	g=3.2011736674298437,del=1.2484775463460982,dot=0.6064744644466181,x=20.682601383771832

nparam= 3820
	log prob= -18.782010460126582
	burn in time= 28.266162157058716
	sample time= 39.58337736129761
	contraction err= 1.8982765538848915e-15 1.1838513245216211e-14
nsamples= 3254

Mean energy: -2.91957836e+01
Block size    # of blocks        Mean                Error
     1           3254       -2.91957836e+01       1.272273e-02
     2           1627       -2.91957836e+01       1.327249e-02
     5            650       -2.91961748e+01       1.430958e-02
    10            325       -2.91961748e+01       1.370478e-02
    20            162       -2.91972078e+01       1.480184e-02
    50             65       -2.91961748e+01       1.507477e-02
    70             46       -2.91987122e+01       1.522550e-02
   100             32       -2.91980585e+01       1.662109e-02
   200             16       -2.91980585e+01       1.445892e-02
   500              6       -2.92000076e+01       9.973381e-03
Stocahstic error estimate: 1.327249e-02

step=12,E=-0.36494729539406956,dE=-0.0005582549647888957,err=0.000165906151052816,gmax=0.09968888073921334
	collect g,h time= 0.03260374069213867
	solver time=0.01828622817993164,exit status=0
niter= 41
	g=0.7318919552469614,del=2.2892779122277767,dot=0.4596681277933487,x=20.68260138377182

nparam= 3820
	log prob= -19.1650293336133
	burn in time= 28.233257293701172
	sample time= 39.559234619140625
	contraction err= 1.9563408175656975e-15 8.514308694395385e-15
nsamples= 3254

Mean energy: -2.92044179e+01
Block size    # of blocks        Mean                Error
     1           3254       -2.92044179e+01       1.324830e-02
     2           1627       -2.92044179e+01       1.420678e-02
     5            650       -2.92038310e+01       1.694541e-02
    10            325       -2.92038310e+01       1.861057e-02
    20            162       -2.92034720e+01       1.907482e-02
    50             65       -2.92038310e+01       2.206023e-02
    70             46       -2.92019118e+01       2.122208e-02
   100             32       -2.92014343e+01       2.245862e-02
   200             16       -2.92014343e+01       2.126955e-02
   500              6       -2.92122215e+01       1.313369e-02
Stocahstic error estimate: 1.907482e-02

step=13,E=-0.36505522417845115,dE=-0.00010792878438157239,err=0.00023843522086709567,gmax=0.291600746269574
	collect g,h time= 0.03238701820373535
	solver time=0.018703699111938477,exit status=0
niter= 42
	g=0.8788690545158062,del=2.172243467616293,dot=0.5166841455756394,x=20.682601383771818

nparam= 3820
	log prob= -19.480358748303793
	burn in time= 28.37154197692871
	sample time= 39.601829290390015
	contraction err= 1.9288909753251104e-15 1.2491280737721436e-14
nsamples= 3254

Mean energy: -2.92832808e+01
Block size    # of blocks        Mean                Error
     1           3254       -2.92832808e+01       1.173421e-02
     2           1627       -2.92832808e+01       1.253598e-02
     5            650       -2.92828782e+01       1.443143e-02
    10            325       -2.92828782e+01       1.507274e-02
    20            162       -2.92822558e+01       1.652111e-02
    50             65       -2.92828782e+01       1.575802e-02
    70             46       -2.92805124e+01       1.407116e-02
   100             32       -2.92795393e+01       1.662167e-02
   200             16       -2.92795393e+01       1.505471e-02
   500              6       -2.92806558e+01       1.644685e-02
Stocahstic error estimate: 1.507274e-02

step=14,E=-0.3660410100280506,dE=-0.0009857858495994965,err=0.0001884092093456226,gmax=0.11983602521057013
	collect g,h time= 0.032546043395996094
	solver time=0.018756866455078125,exit status=0
niter= 42
	g=0.705001432926063,del=1.9373956990095775,dot=0.4046837412392173,x=20.682601383771818

nparam= 3820
	log prob= -19.89406856743242
	burn in time= 28.39226770401001
	sample time= 39.58412504196167
	contraction err= 1.9839598098209657e-15 1.3132913135292664e-14
nsamples= 3254

Mean energy: -2.92369524e+01
Block size    # of blocks        Mean                Error
     1           3254       -2.92369524e+01       1.401694e-02
     2           1627       -2.92369524e+01       1.590322e-02
     5            650       -2.92363479e+01       1.944863e-02
    10            325       -2.92363479e+01       2.003147e-02
    20            162       -2.92364837e+01       2.135116e-02
    50             65       -2.92363479e+01       2.056570e-02
    70             46       -2.92373780e+01       2.156095e-02
   100             32       -2.92360477e+01       2.025482e-02
   200             16       -2.92360477e+01       1.545290e-02
   500              6       -2.92384709e+01       1.214620e-02
Stocahstic error estimate: 2.003147e-02

step=15,E=-0.3654619055179783,dE=0.000579104510072348,err=0.0002503933585403776,gmax=0.2802258364487695
	collect g,h time= 0.03251504898071289
	solver time=0.01709580421447754,exit status=0
niter= 39
	g=1.0586923596968683,del=1.8784872405085626,dot=0.5813863454706738,x=20.682601383771818

nparam= 3820
	log prob= -20.212147440897233
	burn in time= 28.18836760520935
	sample time= 39.60834503173828
	contraction err= 1.9399891882904437e-15 8.363691748216729e-15
nsamples= 3254

Mean energy: -2.93293275e+01
Block size    # of blocks        Mean                Error
     1           3254       -2.93293275e+01       1.163473e-02
     2           1627       -2.93293275e+01       1.235440e-02
     5            650       -2.93293393e+01       1.336991e-02
    10            325       -2.93293393e+01       1.342064e-02
    20            162       -2.93286321e+01       1.440724e-02
    50             65       -2.93293393e+01       1.209262e-02
    70             46       -2.93288712e+01       1.356854e-02
   100             32       -2.93285997e+01       1.232792e-02
   200             16       -2.93285997e+01       1.278676e-02
   500              6       -2.93278439e+01       8.637020e-03
Stocahstic error estimate: 1.342064e-02

step=16,E=-0.3666165934502187,dE=-0.001154687932240428,err=0.00016775805564984574,gmax=0.2747812438658852
	collect g,h time= 0.03266191482543945
	solver time=0.018690109252929688,exit status=0
niter= 42
	g=0.8482664960076258,del=1.815938348525193,dot=0.3996907126520747,x=20.682601383771818

nparam= 3820
	log prob= -20.574117698550104
	burn in time= 28.185768842697144
	sample time= 39.58843684196472
	contraction err= 1.919492532675842e-15 1.2872444379053348e-14
nsamples= 3254

Mean energy: -2.93367493e+01
Block size    # of blocks        Mean                Error
     1           3254       -2.93367493e+01       1.276942e-02
     2           1627       -2.93367493e+01       1.396965e-02
     5            650       -2.93365324e+01       1.531423e-02
    10            325       -2.93365324e+01       1.603748e-02
    20            162       -2.93368837e+01       1.725725e-02
    50             65       -2.93365324e+01       1.711674e-02
    70             46       -2.93354365e+01       1.765059e-02
   100             32       -2.93426623e+01       1.676314e-02
   200             16       -2.93426623e+01       1.674628e-02
   500              6       -2.93495990e+01       2.190810e-02
Stocahstic error estimate: 1.603748e-02

step=17,E=-0.36670936653882824,dE=-9.277308860955458e-05,err=0.00020046847349949895,gmax=0.302696845327036
	collect g,h time= 0.033041954040527344
	solver time=0.014632463455200195,exit status=0
niter= 33
	g=1.148099152045284,del=1.419979775447595,dot=0.4826119501164835,x=20.682601383771818

nparam= 3820
	log prob= -20.919533745513956
	burn in time= 28.383877992630005
	sample time= 39.564032554626465
	contraction err= 1.9787222078987727e-15 1.1650303476427427e-14
nsamples= 3254

Mean energy: -2.93931715e+01
Block size    # of blocks        Mean                Error
     1           3254       -2.93931715e+01       1.066233e-02
     2           1627       -2.93931715e+01       1.153206e-02
     5            650       -2.93939452e+01       1.218400e-02
    10            325       -2.93939452e+01       1.319822e-02
    20            162       -2.93937723e+01       1.332939e-02
    50             65       -2.93939452e+01       1.377547e-02
    70             46       -2.93932777e+01       1.551445e-02
   100             32       -2.93928974e+01       1.434648e-02
   200             16       -2.93928974e+01       1.862740e-02
   500              6       -2.93928616e+01       2.107167e-02
Stocahstic error estimate: 1.332939e-02

step=18,E=-0.3674146442408842,dE=-0.0007052777020559286,err=0.0001666174123701782,gmax=0.14102051116480652
	collect g,h time= 0.03239130973815918
	solver time=0.011651277542114258,exit status=0
niter= 26
	g=0.8569515839619991,del=1.078183878653384,dot=0.3199816575194423,x=20.68260138377182

nparam= 3820
	log prob= -21.24729566341403
	burn in time= 28.38310408592224
	sample time= 39.53398585319519
	contraction err= 1.9583771888145844e-15 8.54340498021174e-15
nsamples= 3254

Mean energy: -2.93849764e+01
Block size    # of blocks        Mean                Error
     1           3254       -2.93849764e+01       1.230694e-02
     2           1627       -2.93849764e+01       1.463813e-02
     5            650       -2.93856782e+01       1.872275e-02
    10            325       -2.93856782e+01       2.201686e-02
    20            162       -2.93852820e+01       2.557885e-02
    50             65       -2.93856782e+01       2.972095e-02
    70             46       -2.93844125e+01       2.460562e-02
   100             32       -2.93832472e+01       2.968979e-02
   200             16       -2.93832472e+01       3.022715e-02
   500              6       -2.93819334e+01       3.504442e-02
Stocahstic error estimate: 2.972095e-02

step=19,E=-0.36731220471514325,dE=0.00010243952574091608,err=0.0003715119350194211,gmax=0.39841745846036836
	collect g,h time= 0.032492637634277344
	solver time=0.017887115478515625,exit status=0
niter= 37
	g=1.1927696984456733,del=1.447766893450338,dot=0.46126415737556004,x=20.682601383771825

nparam= 3820
	log prob= -21.654903680020947
	burn in time= 28.33089518547058
	sample time= 39.565096378326416
	contraction err= 1.93832236924498e-15 8.844123682235276e-15
nsamples= 3254

Mean energy: -2.94326322e+01
Block size    # of blocks        Mean                Error
     1           3254       -2.94326322e+01       1.060133e-02
     2           1627       -2.94326322e+01       1.199390e-02
     5            650       -2.94328727e+01       1.493422e-02
    10            325       -2.94328727e+01       1.779969e-02
    20            162       -2.94329789e+01       1.759849e-02
    50             65       -2.94328727e+01       2.010040e-02
    70             46       -2.94336888e+01       1.900040e-02
   100             32       -2.94326240e+01       1.778996e-02
   200             16       -2.94326240e+01       1.898067e-02
   500              6       -2.94319973e+01       1.550162e-02
Stocahstic error estimate: 1.779969e-02

step=20,E=-0.36790790275983476,dE=-0.0005956980446914617,err=0.0002224961007852539,gmax=0.17904131091861397
	collect g,h time= 0.03275251388549805
	solver time=0.015767335891723633,exit status=0
niter= 36
	g=0.8991433525960313,del=1.1505422249230814,dot=0.33781782681714045,x=20.682601383771825

nparam= 3820
	log prob= -21.96361996861449
	burn in time= 28.44792652130127
	sample time= 39.57544922828674
	contraction err= 1.9576064378477923e-15 3.195360992332376e-14
nsamples= 3254

Mean energy: -2.94467883e+01
Block size    # of blocks        Mean                Error
     1           3254       -2.94467883e+01       1.195663e-02
     2           1627       -2.94467883e+01       1.374543e-02
     5            650       -2.94466207e+01       1.713964e-02
    10            325       -2.94466207e+01       1.897915e-02
    20            162       -2.94460411e+01       2.231486e-02
    50             65       -2.94466207e+01       2.228788e-02
    70             46       -2.94456037e+01       2.310026e-02
   100             32       -2.94449399e+01       2.365566e-02
   200             16       -2.94449399e+01       2.172510e-02
   500              6       -2.94519918e+01       2.276011e-02
Stocahstic error estimate: 2.231486e-02

step=21,E=-0.3680848533750771,dE=-0.0001769506152423883,err=0.0002789356875344129,gmax=0.8544777196065123
	collect g,h time= 0.03289079666137695
	solver time=0.010387420654296875,exit status=0
niter= 24
	g=2.7256440448890675,del=0.8918120377696602,dot=0.4168787113950438,x=20.682601383771825

nparam= 3820
	log prob= -22.213962540431254
	burn in time= 28.461403846740723
	sample time= 39.584479570388794
	contraction err= 1.94938384957429e-15 9.159997972112356e-15
nsamples= 3254

Mean energy: -2.94686275e+01
Block size    # of blocks        Mean                Error
     1           3254       -2.94686275e+01       1.004060e-02
     2           1627       -2.94686275e+01       1.079081e-02
     5            650       -2.94681935e+01       1.220506e-02
    10            325       -2.94681935e+01       1.356657e-02
    20            162       -2.94678589e+01       1.378011e-02
    50             65       -2.94681935e+01       1.542770e-02
    70             46       -2.94671264e+01       1.273396e-02
   100             32       -2.94657131e+01       1.465855e-02
   200             16       -2.94657131e+01       1.552890e-02
   500              6       -2.94642876e+01       1.799307e-02
Stocahstic error estimate: 1.378011e-02

step=22,E=-0.3683578431986701,dE=-0.00027298982359296174,err=0.0001722513356559335,gmax=0.1694934066749898
	collect g,h time= 0.033167123794555664
	solver time=0.018958568572998047,exit status=0
niter= 43
	g=0.7789507619528035,del=1.2395328036750075,dot=0.30765028879931505,x=20.682601383771825

nparam= 3820
	log prob= -22.532231210502204
	burn in time= 28.287092208862305
	sample time= 39.52554368972778
	contraction err= 1.94254510046771e-15 1.732693864236647e-14
nsamples= 3254

Mean energy: -2.94741411e+01
Block size    # of blocks        Mean                Error
     1           3254       -2.94741411e+01       1.105477e-02
     2           1627       -2.94741411e+01       1.213104e-02
     5            650       -2.94739413e+01       1.391893e-02
    10            325       -2.94739413e+01       1.581817e-02
    20            162       -2.94734280e+01       1.679589e-02
    50             65       -2.94739413e+01       1.752679e-02
    70             46       -2.94718207e+01       1.693555e-02
   100             32       -2.94717264e+01       1.670015e-02
   200             16       -2.94717264e+01       1.696862e-02
   500              6       -2.94751987e+01       1.775975e-02
Stocahstic error estimate: 1.752679e-02

step=23,E=-0.36842676406846,dE=-6.89208697898902e-05,err=0.00021908482364400885,gmax=0.38446372953107577
	collect g,h time= 0.033010244369506836
	solver time=0.015063047409057617,exit status=0
niter= 34
	g=1.2420288807669633,del=1.0097334933032707,dot=0.3723133770526351,x=20.68260138377182

nparam= 3820
	log prob= -22.826755269922412
	burn in time= 28.043046951293945
	sample time= 39.53890013694763
	contraction err= 2.0022018786330694e-15 1.938560427002177e-14
nsamples= 3254

Mean energy: -2.94958021e+01
Block size    # of blocks        Mean                Error
     1           3254       -2.94958021e+01       1.014056e-02
     2           1627       -2.94958021e+01       1.101842e-02
     5            650       -2.94953213e+01       1.208788e-02
    10            325       -2.94953213e+01       1.339089e-02
    20            162       -2.94955364e+01       1.474497e-02
    50             65       -2.94953213e+01       1.514993e-02
    70             46       -2.94964066e+01       1.506892e-02
   100             32       -2.94960473e+01       1.449767e-02
   200             16       -2.94960473e+01       1.477570e-02
   500              6       -2.94943632e+01       1.166279e-02
Stocahstic error estimate: 1.514993e-02

step=24,E=-0.3686975258472337,dE=-0.0002707617787736982,err=0.00018937413197806627,gmax=0.6562231496382847
	collect g,h time= 0.03249311447143555
	solver time=0.013263940811157227,exit status=0
niter= 30
	g=1.3753997760928176,del=0.912675864655454,dot=0.3015638111381448,x=20.682601383771825

nparam= 3820
	log prob= -23.075223520039504
	burn in time= 28.20159673690796
	sample time= 39.54514694213867
	contraction err= 1.9752902205783196e-15 1.0333821775372283e-14
nsamples= 3254

Mean energy: -2.95393228e+01
Block size    # of blocks        Mean                Error
     1           3254       -2.95393228e+01       9.094750e-03
     2           1627       -2.95393228e+01       9.504506e-03
     5            650       -2.95393744e+01       1.006190e-02
    10            325       -2.95393744e+01       1.003007e-02
    20            162       -2.95411908e+01       1.026063e-02
    50             65       -2.95393744e+01       1.202303e-02
    70             46       -2.95407521e+01       1.192322e-02
   100             32       -2.95408620e+01       1.177747e-02
   200             16       -2.95408620e+01       1.036880e-02
   500              6       -2.95380385e+01       5.562000e-03
Stocahstic error estimate: 9.504506e-03

step=25,E=-0.3692415345197929,dE=-0.0005440086725592597,err=0.000118806321880097,gmax=0.3292802347653937
	collect g,h time= 0.032466888427734375
	solver time=0.0157163143157959,exit status=0
niter= 36
	g=0.9998880079282899,del=1.0118508768593326,dot=0.2506659069235203,x=20.682601383771818

nparam= 3820
	log prob= -23.38716536012029
	burn in time= 28.07293128967285
	sample time= 39.50500226020813
	contraction err= 1.959260468977431e-15 1.581575755792839e-14
nsamples= 3254

Mean energy: -2.95049905e+01
Block size    # of blocks        Mean                Error
     1           3254       -2.95049905e+01       1.053670e-02
     2           1627       -2.95049905e+01       1.211862e-02
     5            650       -2.95050449e+01       1.491051e-02
    10            325       -2.95050449e+01       1.652507e-02
    20            162       -2.95044528e+01       1.847066e-02
    50             65       -2.95050449e+01       1.847136e-02
    70             46       -2.95044329e+01       1.684201e-02
   100             32       -2.95042309e+01       1.813346e-02
   200             16       -2.95042309e+01       1.541679e-02
   500              6       -2.95052755e+01       1.161318e-02
Stocahstic error estimate: 1.847136e-02

step=26,E=-0.3688123817623844,dE=0.0004291527574085574,err=0.00023089194412820362,gmax=0.41842611057035484
	collect g,h time= 0.03317737579345703
	solver time=0.01891040802001953,exit status=0
niter= 43
	g=1.0747297143211247,del=1.1184841965098578,dot=0.3412251740262523,x=20.682601383771825

nparam= 3820
	log prob= -23.687968178346416
	burn in time= 28.278263568878174
	sample time= 39.56134104728699
	contraction err= 1.9517944612384746e-15 1.5233050883990745e-14
nsamples= 3254

Mean energy: -2.95726922e+01
Block size    # of blocks        Mean                Error
     1           3254       -2.95726922e+01       7.770508e-03
     2           1627       -2.95726922e+01       8.603571e-03
     5            650       -2.95730532e+01       9.874181e-03
    10            325       -2.95730532e+01       1.029098e-02
    20            162       -2.95728673e+01       1.112851e-02
    50             65       -2.95730532e+01       1.081181e-02
    70             46       -2.95731642e+01       1.113177e-02
   100             32       -2.95723891e+01       1.012597e-02
   200             16       -2.95723891e+01       1.234632e-02
   500              6       -2.95696219e+01       1.423090e-02
Stocahstic error estimate: 1.029098e-02

step=27,E=-0.3696586526387141,dE=-0.0008462708763297133,err=0.0001286372088961094,gmax=0.1356205483661177
	collect g,h time= 0.033115386962890625
	solver time=0.017865419387817383,exit status=0
niter= 41
	g=0.7930117978985582,del=0.8077259422043406,dot=0.18344967658041614,x=20.68260138377182

nparam= 3820
	log prob= -23.959191468369255
	burn in time= 28.25721001625061
	sample time= 39.50555729866028
	contraction err= 1.9652091791482337e-15 1.1200210489077038e-14
nsamples= 3254

Mean energy: -2.95495578e+01
Block size    # of blocks        Mean                Error
     1           3254       -2.95495578e+01       1.058259e-02
     2           1627       -2.95495578e+01       1.228312e-02
     5            650       -2.95493169e+01       1.514721e-02
    10            325       -2.95493169e+01       1.803515e-02
    20            162       -2.95487278e+01       1.922038e-02
    50             65       -2.95493169e+01       2.167583e-02
    70             46       -2.95478337e+01       2.136041e-02
   100             32       -2.95483935e+01       2.447348e-02
   200             16       -2.95483935e+01       2.200363e-02
   500              6       -2.95535182e+01       2.328652e-02
Stocahstic error estimate: 2.167583e-02

step=28,E=-0.36936947305860135,dE=0.0002891795801127195,err=0.00027094789056937346,gmax=0.5373306232240846
	collect g,h time= 0.03362631797790527
	solver time=0.017184972763061523,exit status=0
niter= 39
	g=1.3072119508274085,del=0.9043007224359242,dot=0.34700319214633907,x=20.682601383771825

nparam= 3820
	log prob= -24.247593481127453
	burn in time= 28.18645453453064
	sample time= 39.54514956474304
	contraction err= 1.9931441617860425e-15 1.4522827441228345e-14
nsamples= 3254

Mean energy: -2.95260576e+01
Block size    # of blocks        Mean                Error
     1           3254       -2.95260576e+01       1.239491e-02
     2           1627       -2.95260576e+01       1.493939e-02
     5            650       -2.95258787e+01       1.955510e-02
    10            325       -2.95258787e+01       2.124474e-02
    20            162       -2.95253837e+01       2.383126e-02
    50             65       -2.95258787e+01       2.545510e-02
    70             46       -2.95258932e+01       2.302448e-02
   100             32       -2.95276916e+01       2.397767e-02
   200             16       -2.95276916e+01       2.088314e-02
   500              6       -2.95215369e+01       2.518377e-02
Stocahstic error estimate: 2.545510e-02

step=29,E=-0.3690757203246019,dE=0.0002937527339994528,err=0.0003181887153224,gmax=0.8760049161680299
	collect g,h time= 0.03303074836730957
	solver time=0.012756586074829102,exit status=0
niter= 29
	g=2.4226843925107726,del=0.8040047693767328,dot=0.4661877586397012,x=20.682601383771818

nparam= 3820
	log prob= -24.469189909059967
	burn in time= 28.544501066207886
	sample time= 39.54134488105774
	contraction err= 1.964691750501825e-15 1.0384475244698562e-14
nsamples= 3254

Mean energy: -2.95683468e+01
Block size    # of blocks        Mean                Error
     1           3254       -2.95683468e+01       9.690571e-03
     2           1627       -2.95683468e+01       1.101953e-02
     5            650       -2.95682729e+01       1.339482e-02
    10            325       -2.95682729e+01       1.500543e-02
    20            162       -2.95691610e+01       1.597569e-02
    50             65       -2.95682729e+01       1.826647e-02
    70             46       -2.95686665e+01       1.757490e-02
   100             32       -2.95691803e+01       1.672504e-02
   200             16       -2.95691803e+01       1.570725e-02
   500              6       -2.95681348e+01       2.208486e-02
Stocahstic error estimate: 1.826647e-02

step=30,E=-0.36960433515976276,dE=-0.0005286148351608233,err=0.00022833090453256414,gmax=0.4888789076177744
	collect g,h time= 0.03223419189453125
	solver time=0.01653289794921875,exit status=0
niter= 38
	g=1.4254247402310676,del=0.8333994743362374,dot=0.2858715614127275,x=20.68260138377183

nparam= 3820
	log prob= -24.70081207355104
	burn in time= 28.356908321380615
	sample time= 39.512951135635376
	contraction err= 1.9412270005148753e-15 1.7206341325064322e-14
nsamples= 3254

Mean energy: -2.96249753e+01
Block size    # of blocks        Mean                Error
     1           3254       -2.96249753e+01       8.649233e-03
     2           1627       -2.96249753e+01       9.138003e-03
     5            650       -2.96247497e+01       9.827700e-03
    10            325       -2.96247497e+01       9.755367e-03
    20            162       -2.96246641e+01       9.960467e-03
    50             65       -2.96247497e+01       1.148969e-02
    70             46       -2.96247929e+01       1.018288e-02
   100             32       -2.96248614e+01       1.068066e-02
   200             16       -2.96248614e+01       1.043837e-02
   500              6       -2.96226857e+01       1.100997e-02
Stocahstic error estimate: 9.827700e-03

step=31,E=-0.3703121916193234,dE=-0.0007078564595606185,err=0.00012284625315634332,gmax=0.6524419435693452
	collect g,h time= 0.03267264366149902
	solver time=0.011895418167114258,exit status=0
niter= 27
	g=1.95957651414058,del=0.604021483798451,dot=0.22476885539376334,x=20.682601383771818

nparam= 3820
	log prob= -24.899585568574075
	burn in time= 28.174190521240234
	sample time= 39.506879806518555
	contraction err= 1.9856248527921507e-15 1.2269837743737603e-14
nsamples= 3254

Mean energy: -2.96071208e+01
Block size    # of blocks        Mean                Error
     1           3254       -2.96071208e+01       9.603995e-03
     2           1627       -2.96071208e+01       1.098120e-02
     5            650       -2.96069995e+01       1.350241e-02
    10            325       -2.96069995e+01       1.472382e-02
    20            162       -2.96079014e+01       1.423388e-02
    50             65       -2.96069995e+01       1.528352e-02
    70             46       -2.96071978e+01       1.864459e-02
   100             32       -2.96071730e+01       1.532847e-02
   200             16       -2.96071730e+01       1.793825e-02
   500              6       -2.96036150e+01       1.500726e-02
Stocahstic error estimate: 1.472382e-02

step=32,E=-0.3700890105970736,dE=0.0002231810222497632,err=0.0001840478022655394,gmax=0.3932275802183878
	collect g,h time= 0.032813310623168945
	solver time=0.011414289474487305,exit status=0
niter= 26
	g=1.4075262193279936,del=0.6185459496240995,dot=0.2778118108933084,x=20.68260138377182

nparam= 3820
	log prob= -25.08561155790396
	burn in time= 28.512720346450806
	sample time= 39.507402658462524
	contraction err= 1.9916768382657724e-15 2.3842928696315558e-14
nsamples= 3254

Mean energy: -2.96402888e+01
Block size    # of blocks        Mean                Error
     1           3254       -2.96402888e+01       7.501601e-03
     2           1627       -2.96402888e+01       8.011747e-03
     5            650       -2.96402044e+01       8.581258e-03
    10            325       -2.96402044e+01       8.700359e-03
    20            162       -2.96399869e+01       7.967146e-03
    50             65       -2.96402044e+01       8.652503e-03
    70             46       -2.96413780e+01       8.806634e-03
   100             32       -2.96413355e+01       1.025787e-02
   200             16       -2.96413355e+01       1.143253e-02
   500              6       -2.96412915e+01       1.082144e-02
Stocahstic error estimate: 8.700359e-03

step=33,E=-0.37050360956048384,dE=-0.00041459896341025095,err=0.0001087544836463864,gmax=0.25299991019032797
	collect g,h time= 0.032911062240600586
	solver time=0.014286994934082031,exit status=0
niter= 33
	g=0.9454334001712384,del=0.6031117590915284,dot=0.1686710321704189,x=20.682601383771818

nparam= 3820
	log prob= -25.288808007003606
	burn in time= 28.395118951797485
	sample time= 39.57309699058533
	contraction err= 1.973220058039088e-15 1.2649646037440306e-14
nsamples= 3254

Mean energy: -2.96198232e+01
Block size    # of blocks        Mean                Error
     1           3254       -2.96198232e+01       9.506324e-03
     2           1627       -2.96198232e+01       1.146338e-02
     5            650       -2.96203554e+01       1.513050e-02
    10            325       -2.96203554e+01       1.886515e-02
    20            162       -2.96197865e+01       2.114717e-02
    50             65       -2.96203554e+01       2.016981e-02
    70             46       -2.96192179e+01       2.025527e-02
   100             32       -2.96195111e+01       2.019853e-02
   200             16       -2.96195111e+01       1.831577e-02
   500              6       -2.96166778e+01       2.408394e-02
Stocahstic error estimate: 2.114717e-02

step=34,E=-0.37024779037173594,dE=0.00025581918874788555,err=0.00026433960140696166,gmax=0.3561191415929832
	collect g,h time= 0.03291916847229004
	solver time=0.012690544128417969,exit status=0
niter= 29
	g=1.2286817331685154,del=0.6160258186166091,dot=0.2746348527592339,x=20.68260138377183

nparam= 3820
	log prob= -25.48981703206915
	burn in time= 28.15389132499695
	sample time= 39.5218300819397
	contraction err= 1.994183373365058e-15 1.1450989975637534e-14
nsamples= 3254

Mean energy: -2.96270862e+01
Block size    # of blocks        Mean                Error
     1           3254       -2.96270862e+01       9.496167e-03
     2           1627       -2.96270862e+01       1.097162e-02
     5            650       -2.96272633e+01       1.302915e-02
    10            325       -2.96272633e+01       1.537385e-02
    20            162       -2.96269227e+01       1.540585e-02
    50             65       -2.96272633e+01       1.630408e-02
    70             46       -2.96270658e+01       1.588642e-02
   100             32       -2.96260215e+01       1.561090e-02
   200             16       -2.96260215e+01       1.702880e-02
   500              6       -2.96278370e+01       1.811998e-02
Stocahstic error estimate: 1.540585e-02

step=35,E=-0.3703385775586575,dE=-9.07871869215704e-05,err=0.00019257307212835787,gmax=0.36778549270994176
	collect g,h time= 0.03251457214355469
	solver time=0.016716957092285156,exit status=0
niter= 38
	g=1.147902720271043,del=0.7075170817571899,dot=0.27837646851766135,x=20.68260138377182

nparam= 3820
	log prob= -25.71882935474096
	burn in time= 28.3725802898407
	sample time= 39.514750242233276
	contraction err= 1.9969273296105677e-15 1.178983503444022e-14
nsamples= 3254

Mean energy: -2.96747762e+01
Block size    # of blocks        Mean                Error
     1           3254       -2.96747762e+01       7.116568e-03
     2           1627       -2.96747762e+01       7.520475e-03
     5            650       -2.96751198e+01       7.564418e-03
    10            325       -2.96751198e+01       8.044500e-03
    20            162       -2.96753730e+01       7.668861e-03
    50             65       -2.96751198e+01       8.578125e-03
    70             46       -2.96744095e+01       9.453261e-03
   100             32       -2.96741401e+01       9.740102e-03
   200             16       -2.96741401e+01       9.494250e-03
   500              6       -2.96751264e+01       1.452396e-02
Stocahstic error estimate: 7.564418e-03

step=36,E=-0.37093470269101936,dE=-0.0005961251323618466,err=9.455522444941594e-05,gmax=0.18056301755880577
	collect g,h time= 0.03268599510192871
	solver time=0.015273332595825195,exit status=0
niter= 35
	g=0.8784149429266693,del=0.5270790242930344,dot=0.15339982523457776,x=20.682601383771818

nparam= 3820
	log prob= -25.919922583103556
	burn in time= 28.21652841567993
	sample time= 39.48246097564697
	contraction err= 1.9788622678766775e-15 1.8028900892329207e-14
nsamples= 3254

Mean energy: -2.96619294e+01
Block size    # of blocks        Mean                Error
     1           3254       -2.96619294e+01       8.930912e-03
     2           1627       -2.96619294e+01       1.064470e-02
     5            650       -2.96618738e+01       1.359921e-02
    10            325       -2.96618738e+01       1.499945e-02
    20            162       -2.96616316e+01       1.453455e-02
    50             65       -2.96618738e+01       1.712327e-02
    70             46       -2.96606569e+01       1.688597e-02
   100             32       -2.96609752e+01       1.639111e-02
   200             16       -2.96609752e+01       1.682660e-02
   500              6       -2.96593538e+01       2.013461e-02
Stocahstic error estimate: 1.499945e-02

step=37,E=-0.3707741175783144,dE=0.00016058511270498066,err=0.00018749314132285525,gmax=0.41311647854311584
	collect g,h time= 0.03263282775878906
	solver time=0.0178070068359375,exit status=0
niter= 41
	g=1.2742484245351438,del=0.6274314133757986,dot=0.24809058204428086,x=20.68260138377182

nparam= 3820
	log prob= -26.11431957498565
	burn in time= 28.36183214187622
	sample time= 39.48248267173767
	contraction err= 2.044772072337879e-15 1.5757190246837633e-13
nsamples= 3254

Mean energy: -2.96720223e+01
Block size    # of blocks        Mean                Error
     1           3254       -2.96720223e+01       9.710832e-03
     2           1627       -2.96720223e+01       1.044258e-02
     5            650       -2.96719253e+01       1.119515e-02
    10            325       -2.96719253e+01       1.193581e-02
    20            162       -2.96719137e+01       1.167273e-02
    50             65       -2.96719253e+01       1.287902e-02
    70             46       -2.96724156e+01       1.393196e-02
   100             32       -2.96715872e+01       1.311706e-02
   200             16       -2.96715872e+01       1.154488e-02
   500              6       -2.96748932e+01       1.138751e-02
Stocahstic error estimate: 1.193581e-02

step=38,E=-0.3709002783686156,dE=-0.00012616079030118853,err=0.00014919767045499263,gmax=5.340535632175548
	collect g,h time= 0.03264975547790527
	solver time=0.0029592514038085938,exit status=0
niter= 7
	g=13.862200199598128,del=0.36900340600584364,dot=0.34125937677454127,x=20.682601383771818

nparam= 3820
	log prob= -26.1976768705661
	burn in time= 28.153346300125122
	sample time= 39.48322629928589
	contraction err= 1.998177585492751e-15 1.7077173039553002e-14
nsamples= 3254

Mean energy: -2.96584918e+01
Block size    # of blocks        Mean                Error
     1           3254       -2.96584918e+01       9.445986e-03
     2           1627       -2.96584918e+01       1.119128e-02
     5            650       -2.96583537e+01       1.466616e-02
    10            325       -2.96583537e+01       1.768846e-02
    20            162       -2.96582214e+01       1.720652e-02
    50             65       -2.96583537e+01       1.727125e-02
    70             46       -2.96566396e+01       1.664317e-02
   100             32       -2.96565873e+01       1.714568e-02
   200             16       -2.96565873e+01       1.840492e-02
   500              6       -2.96520506e+01       1.499832e-02
Stocahstic error estimate: 1.768846e-02

step=39,E=-0.3707311470999105,dE=0.00016913126870510276,err=0.0002211057613533182,gmax=0.5214376081420231
	collect g,h time= 0.03300642967224121
	solver time=0.01506185531616211,exit status=0
niter= 34
	g=1.6386975023478743,del=0.5837108811133526,dot=0.27430092847244425,x=20.682601383771825

nparam= 3820
	log prob= -26.397810985659994
	burn in time= 28.333736419677734
	sample time= 39.56765079498291
	contraction err= 1.9843546163043164e-15 2.313248008760675e-14
nsamples= 3254

Mean energy: -2.97041893e+01
Block size    # of blocks        Mean                Error
     1           3254       -2.97041893e+01       7.381615e-03
     2           1627       -2.97041893e+01       8.215349e-03
     5            650       -2.97040884e+01       9.274901e-03
    10            325       -2.97040884e+01       9.613801e-03
    20            162       -2.97040647e+01       9.643709e-03
    50             65       -2.97040884e+01       9.496472e-03
    70             46       -2.97054779e+01       1.047651e-02
   100             32       -2.97054562e+01       1.098996e-02
   200             16       -2.97054562e+01       1.077880e-02
   500              6       -2.97029943e+01       9.569482e-03
Stocahstic error estimate: 9.613801e-03

step=40,E=-0.37130236582512427,dE=-0.0005712187252137734,err=0.00012017251131421947,gmax=0.5010370557876742
	collect g,h time= 0.032907962799072266
	solver time=0.01653742790222168,exit status=0
niter= 38
	g=1.1482582299547088,del=0.5289196018300085,dot=0.16746845465528531,x=20.682601383771818

nparam= 3820
	log prob= -26.59378442590061
	burn in time= 28.171621561050415
	sample time= 39.46454477310181
	contraction err= 1.9792217020800033e-15 1.229786640854219e-14
nsamples= 3254

Mean energy: -2.97137810e+01
Block size    # of blocks        Mean                Error
     1           3254       -2.97137810e+01       7.137609e-03
     2           1627       -2.97137810e+01       7.497802e-03
     5            650       -2.97136267e+01       8.320394e-03
    10            325       -2.97136267e+01       8.266732e-03
    20            162       -2.97136403e+01       9.013172e-03
    50             65       -2.97136267e+01       8.530874e-03
    70             46       -2.97130549e+01       8.980804e-03
   100             32       -2.97124530e+01       8.589069e-03
   200             16       -2.97124530e+01       7.493154e-03
   500              6       -2.97129630e+01       9.650871e-03
Stocahstic error estimate: 8.320394e-03

step=41,E=-0.37142226266641265,dE=-0.00011989684128836942,err=0.00010400492615758807,gmax=0.2305872251352472
	collect g,h time= 0.032623291015625
	solver time=0.018755435943603516,exit status=0
niter= 43
	g=1.0962885214138822,del=0.5010965016066525,dot=0.1571754332945481,x=20.68260138377182

nparam= 3820
	log prob= -26.7601677352852
	burn in time= 28.305766105651855
	sample time= 39.49555969238281
	contraction err= 1.9946693683268606e-15 1.3113623083660338e-14
nsamples= 3254

Mean energy: -2.97192171e+01
Block size    # of blocks        Mean                Error
     1           3254       -2.97192171e+01       7.012493e-03
     2           1627       -2.97192171e+01       7.829526e-03
     5            650       -2.97190920e+01       8.870835e-03
    10            325       -2.97190920e+01       1.015297e-02
    20            162       -2.97197648e+01       1.137281e-02
    50             65       -2.97190920e+01       1.153757e-02
    70             46       -2.97226113e+01       1.156223e-02
   100             32       -2.97218039e+01       1.170186e-02
   200             16       -2.97218039e+01       1.540009e-02
   500              6       -2.97201395e+01       1.603958e-02
Stocahstic error estimate: 1.153757e-02

step=42,E=-0.37149021346800215,dE=-6.79508015895447e-05,err=0.00014421966158020678,gmax=0.27714403701368084
	collect g,h time= 0.03258848190307617
	solver time=0.018418550491333008,exit status=0
niter= 42
	g=1.0687095045462858,del=0.4511536485116635,dot=0.15239787989842257,x=20.68260138377182

nparam= 3820
	log prob= -26.930008275511398
	burn in time= 28.29245924949646
	sample time= 39.4897141456604
	contraction err= 1.979528490382102e-15 1.450672692468137e-14
nsamples= 3254

Mean energy: -2.97088052e+01
Block size    # of blocks        Mean                Error
     1           3254       -2.97088052e+01       8.589396e-03
     2           1627       -2.97088052e+01       1.059462e-02
     5            650       -2.97086965e+01       1.387066e-02
    10            325       -2.97086965e+01       1.679705e-02
    20            162       -2.97083082e+01       1.698017e-02
    50             65       -2.97086965e+01       2.104684e-02
    70             46       -2.97081167e+01       2.048947e-02
   100             32       -2.97084609e+01       2.107109e-02
   200             16       -2.97084609e+01       1.914814e-02
   500              6       -2.97129121e+01       1.943966e-02
Stocahstic error estimate: 1.698017e-02

step=43,E=-0.37136006443522657,dE=0.00013014903277559499,err=0.00021225206416761432,gmax=0.5503018810603395
	collect g,h time= 0.03293156623840332
	solver time=0.018761634826660156,exit status=0
niter= 43
	g=1.3185503699108476,del=0.5322983015779815,dot=0.23302327911737297,x=20.68260138377182

nparam= 3820
	log prob= -27.121414867287182
	burn in time= 28.125720739364624
	sample time= 39.49337387084961
	contraction err= 1.9745778868091916e-15 9.289948971731826e-15
nsamples= 3254

Mean energy: -2.97362074e+01
Block size    # of blocks        Mean                Error
     1           3254       -2.97362074e+01       6.633596e-03
     2           1627       -2.97362074e+01       7.660377e-03
     5            650       -2.97364784e+01       8.774465e-03
    10            325       -2.97364784e+01       9.003935e-03
    20            162       -2.97367335e+01       9.238419e-03
    50             65       -2.97364784e+01       8.952179e-03
    70             46       -2.97365373e+01       9.401654e-03
   100             32       -2.97364125e+01       8.216103e-03
   200             16       -2.97364125e+01       6.659732e-03
   500              6       -2.97360948e+01       8.345694e-03
Stocahstic error estimate: 9.003935e-03

step=44,E=-0.37170259192429117,dE=-0.0003425274890645813,err=0.00011254918956867476,gmax=0.17962805808637228
	collect g,h time= 0.03287172317504883
	solver time=0.01890277862548828,exit status=0
niter= 43
	g=0.8973542403079642,del=0.47750842390381154,dot=0.13687395548821513,x=20.68260138377183

nparam= 3820
	log prob= -27.26429391049055
	burn in time= 28.276669025421143
	sample time= 39.477646589279175
	contraction err= 2.0331511152293283e-15 2.1932428007410417e-14
nsamples= 3254

Mean energy: -2.97245508e+01
Block size    # of blocks        Mean                Error
     1           3254       -2.97245508e+01       7.737604e-03
     2           1627       -2.97245508e+01       8.979523e-03
     5            650       -2.97243308e+01       1.043486e-02
    10            325       -2.97243308e+01       1.220619e-02
    20            162       -2.97242422e+01       1.215042e-02
    50             65       -2.97243308e+01       1.091882e-02
    70             46       -2.97245185e+01       1.106428e-02
   100             32       -2.97248767e+01       1.340765e-02
   200             16       -2.97248767e+01       1.194939e-02
   500              6       -2.97234738e+01       1.333237e-02
Stocahstic error estimate: 1.220619e-02

step=45,E=-0.37155688560301214,dE=0.00014570632127903772,err=0.00015257735896841417,gmax=0.24399811369358337
	collect g,h time= 0.03243756294250488
	solver time=0.018897056579589844,exit status=0
niter= 43
	g=1.151622336866665,del=0.509404954996717,dot=0.1869031858866797,x=20.682601383771818

nparam= 3820
	log prob= -27.4250195481215
	burn in time= 28.292228937149048
	sample time= 39.47198724746704
	contraction err= 1.997751282579629e-15 1.841248152862839e-14
nsamples= 3254

Mean energy: -2.97381390e+01
Block size    # of blocks        Mean                Error
     1           3254       -2.97381390e+01       7.268205e-03
     2           1627       -2.97381390e+01       8.284308e-03
     5            650       -2.97382337e+01       9.676889e-03
    10            325       -2.97382337e+01       1.122195e-02
    20            162       -2.97381600e+01       1.275766e-02
    50             65       -2.97382337e+01       1.253768e-02
    70             46       -2.97375003e+01       1.036542e-02
   100             32       -2.97388816e+01       1.200104e-02
   200             16       -2.97388816e+01       9.192606e-03
   500              6       -2.97429646e+01       7.124418e-03
Stocahstic error estimate: 1.275766e-02

step=46,E=-0.37172673753568186,dE=-0.00016985193266974007,err=0.00015947080887392716,gmax=1.00519238915245
	collect g,h time= 0.03248286247253418
	solver time=0.01697254180908203,exit status=0
niter= 39
	g=1.8501438844043663,del=0.3697528150166504,dot=0.1633454053214727,x=20.682601383771818

nparam= 3820
	log prob= -27.577511844802505
	burn in time= 28.338668823242188
	sample time= 39.480735778808594
	contraction err= 2.022767390923806e-15 3.273214321789935e-14
nsamples= 3254

Mean energy: -2.97531495e+01
Block size    # of blocks        Mean                Error
     1           3254       -2.97531495e+01       6.824584e-03
     2           1627       -2.97531495e+01       8.025678e-03
     5            650       -2.97531858e+01       9.781246e-03
    10            325       -2.97531858e+01       1.086546e-02
    20            162       -2.97531421e+01       1.166661e-02
    50             65       -2.97531858e+01       1.123254e-02
    70             46       -2.97530590e+01       1.141978e-02
   100             32       -2.97525007e+01       1.282356e-02
   200             16       -2.97525007e+01       1.575028e-02
   500              6       -2.97498512e+01       1.180733e-02
Stocahstic error estimate: 1.166661e-02

step=47,E=-0.3719143687094136,dE=-0.000187631173731706,err=0.0001458325884942458,gmax=0.30926850960036223
	collect g,h time= 0.03244328498840332
	solver time=0.018099546432495117,exit status=0
niter= 42
	g=1.1854385078589276,del=0.416537967297232,dot=0.14528446021653893,x=20.682601383771825

nparam= 3820
	log prob= -27.711175533660903
	burn in time= 27.89201807975769
	sample time= 39.50017690658569
	contraction err= 2.0092133743015177e-15 3.6171842564233275e-14
nsamples= 3254

Mean energy: -2.97470408e+01
Block size    # of blocks        Mean                Error
     1           3254       -2.97470408e+01       8.518030e-03
     2           1627       -2.97470408e+01       1.070745e-02
     5            650       -2.97471191e+01       1.458126e-02
    10            325       -2.97471191e+01       1.841709e-02
    20            162       -2.97471476e+01       2.179554e-02
    50             65       -2.97471191e+01       2.060308e-02
    70             46       -2.97462127e+01       2.080092e-02
   100             32       -2.97458815e+01       2.208483e-02
   200             16       -2.97458815e+01       2.136954e-02
   500              6       -2.97571413e+01       1.790307e-02
Stocahstic error estimate: 2.179554e-02

step=48,E=-0.371838009575371,dE=7.635913404255846e-05,err=0.0002724442995837607,gmax=0.9528326995738272
	collect g,h time= 0.032531023025512695
	solver time=0.012074708938598633,exit status=0
niter= 28
	g=1.9919540542588454,del=0.3045304276467569,dot=0.2270457597909963,x=20.68260138377182

nparam= 3820
	log prob= -27.84196272796723
	burn in time= 28.314483404159546
	sample time= 39.454193115234375
	contraction err= 2.019149275429055e-15 3.0774768114228584e-14
nsamples= 3254

Mean energy: -2.97799650e+01
Block size    # of blocks        Mean                Error
     1           3254       -2.97799650e+01       6.335798e-03
     2           1627       -2.97799650e+01       7.100181e-03
     5            650       -2.97797903e+01       8.114811e-03
    10            325       -2.97797903e+01       9.426467e-03
    20            162       -2.97791800e+01       9.994070e-03
    50             65       -2.97797903e+01       1.003099e-02
    70             46       -2.97783812e+01       1.063731e-02
   100             32       -2.97777739e+01       9.976996e-03
   200             16       -2.97777739e+01       1.073075e-02
   500              6       -2.97745705e+01       1.032025e-02
Stocahstic error estimate: 1.003099e-02

step=49,E=-0.3722495622408656,dE=-0.0004115526654945967,err=0.0001253873341908467,gmax=0.39346626090483294
	collect g,h time= 0.032883405685424805
	solver time=0.016269445419311523,exit status=0
niter= 37
	g=1.2939447859948277,del=0.36345725639777515,dot=0.12266088298004393,x=20.68260138377182

nparam= 3820
	log prob= -27.963834477222704
	burn in time= 28.00460720062256
	sample time= 39.48222875595093
	contraction err= 2.057011013354028e-15 1.6284522771510576e-14
nsamples= 3254

Mean energy: -2.97500541e+01
Block size    # of blocks        Mean                Error
     1           3254       -2.97500541e+01       8.400675e-03
     2           1627       -2.97500541e+01       1.038794e-02
     5            650       -2.97497322e+01       1.393409e-02
    10            325       -2.97497322e+01       1.701953e-02
    20            162       -2.97494018e+01       1.692732e-02
    50             65       -2.97497322e+01       1.963466e-02
    70             46       -2.97503240e+01       2.059469e-02
   100             32       -2.97499535e+01       2.014737e-02
   200             16       -2.97499535e+01       2.030774e-02
   500              6       -2.97502398e+01       2.147471e-02
Stocahstic error estimate: 1.701953e-02

step=50,E=-0.371875676841037,dE=0.00037388539982861067,err=0.00021274417090514286,gmax=0.4458859207513006
	collect g,h time= 0.03263711929321289
	solver time=0.013829231262207031,exit status=0
niter= 32
	g=1.7211058538471118,del=0.3366309438391918,dot=0.21806914982114511,x=20.682601383771825

nparam= 3820
	log prob= -28.095187542481167
	burn in time= 28.236298084259033
	sample time= 39.496856689453125
	contraction err= 2.0696931652462115e-15 3.327284634285229e-14
nsamples= 3254

Mean energy: -2.97531589e+01
Block size    # of blocks        Mean                Error
     1           3254       -2.97531589e+01       8.204514e-03
     2           1627       -2.97531589e+01       1.002753e-02
     5            650       -2.97527719e+01       1.262184e-02
    10            325       -2.97527719e+01       1.508496e-02
    20            162       -2.97523354e+01       1.737892e-02
    50             65       -2.97527719e+01       1.671875e-02
    70             46       -2.97519327e+01       1.491316e-02
   100             32       -2.97509081e+01       1.668989e-02
   200             16       -2.97509081e+01       1.840011e-02
   500              6       -2.97494961e+01       2.069344e-02
Stocahstic error estimate: 1.737892e-02

step=51,E=-0.37191448619556305,dE=-3.880935452604817e-05,err=0.00021723650867629327,gmax=0.5248603632925652
	collect g,h time= 0.03247785568237305
	solver time=0.015122652053833008,exit status=0
niter= 35
	g=1.8534011060699367,del=0.3345043719634064,dot=0.21014827389254737,x=20.682601383771825

nparam= 3820
	log prob= -28.20226012942506
	burn in time= 28.160912036895752
	sample time= 39.469818115234375
	contraction err= 2.0231847787016188e-15 2.8378521609797245e-14
nsamples= 3254

Mean energy: -2.97884106e+01
Block size    # of blocks        Mean                Error
     1           3254       -2.97884106e+01       6.776881e-03
     2           1627       -2.97884106e+01       7.514786e-03
     5            650       -2.97884969e+01       9.047339e-03
    10            325       -2.97884969e+01       9.169855e-03
    20            162       -2.97882425e+01       9.661785e-03
    50             65       -2.97884969e+01       1.159561e-02
    70             46       -2.97873705e+01       1.089444e-02
   100             32       -2.97872518e+01       1.107293e-02
   200             16       -2.97872518e+01       1.205808e-02
   500              6       -2.97869030e+01       1.379572e-02
Stocahstic error estimate: 9.169855e-03

step=52,E=-0.37235513218192934,dE=-0.00044064598636630594,err=0.00011462318709646532,gmax=0.4015470426509733
	collect g,h time= 0.03252124786376953
	solver time=0.013244867324829102,exit status=0
niter= 30
	g=1.254061255792899,del=0.28671434218283115,dot=0.141868596909964,x=20.682601383771818

nparam= 3820
	log prob= -28.32884126261448
	burn in time= 28.314492225646973
	sample time= 39.46021008491516
	contraction err= 2.075749795128888e-15 2.4059596055790292e-14
nsamples= 3254

Mean energy: -2.97805131e+01
Block size    # of blocks        Mean                Error
     1           3254       -2.97805131e+01       7.516309e-03
     2           1627       -2.97805131e+01       8.955475e-03
     5            650       -2.97806851e+01       1.184084e-02
    10            325       -2.97806851e+01       1.408393e-02
    20            162       -2.97803461e+01       1.669091e-02
    50             65       -2.97806851e+01       1.636072e-02
    70             46       -2.97795089e+01       1.549936e-02
   100             32       -2.97794631e+01       1.608845e-02
   200             16       -2.97794631e+01       1.465705e-02
   500              6       -2.97779540e+01       1.797118e-02
Stocahstic error estimate: 1.669091e-02

step=53,E=-0.3722564138291136,dE=9.871835281574092e-05,err=0.00020863642902487753,gmax=0.5692316092526006
	collect g,h time= 0.032497406005859375
	solver time=0.014460086822509766,exit status=0
niter= 33
	g=1.6183518050296928,del=0.3093243453279258,dot=0.17676994268755924,x=20.682601383771825

nparam= 3820
	log prob= -28.43661006747125
	burn in time= 28.16700005531311
	sample time= 39.44518280029297
	contraction err= 2.0780716298531385e-15 7.131082854352947e-14
nsamples= 3254

Mean energy: -2.97874042e+01
Block size    # of blocks        Mean                Error
     1           3254       -2.97874042e+01       7.909225e-03
     2           1627       -2.97874042e+01       9.522320e-03
     5            650       -2.97875471e+01       1.199024e-02
    10            325       -2.97875471e+01       1.461670e-02
    20            162       -2.97870806e+01       1.506622e-02
    50             65       -2.97875471e+01       1.614499e-02
    70             46       -2.97862095e+01       1.678419e-02
   100             32       -2.97850819e+01       1.817828e-02
   200             16       -2.97850819e+01       1.704067e-02
   500              6       -2.97821189e+01       1.363947e-02
Stocahstic error estimate: 1.506622e-02

step=54,E=-0.3723425524966035,dE=-8.613866748987675e-05,err=0.0001883278003502387,gmax=0.9021625744923902
	collect g,h time= 0.032433509826660156
	solver time=0.010814428329467773,exit status=0
niter= 25
	g=2.858734022845836,del=0.2231923154916082,dot=0.19133424411718017,x=20.68260138377182

nparam= 3820
	log prob= -28.525409889110993
	burn in time= 28.36283540725708
	sample time= 39.480650663375854
	contraction err= 2.0151639276639906e-15 1.631151116797839e-14
nsamples= 3254

Mean energy: -2.98088630e+01
Block size    # of blocks        Mean                Error
     1           3254       -2.98088630e+01       6.072259e-03
     2           1627       -2.98088630e+01       6.856814e-03
     5            650       -2.98088540e+01       8.308227e-03
    10            325       -2.98088540e+01       8.771762e-03
    20            162       -2.98094526e+01       9.571593e-03
    50             65       -2.98088540e+01       9.239539e-03
    70             46       -2.98089950e+01       9.706119e-03
   100             32       -2.98089511e+01       8.561181e-03
   200             16       -2.98089511e+01       9.516010e-03
   500              6       -2.98080175e+01       1.325753e-02
Stocahstic error estimate: 9.571593e-03

step=55,E=-0.37261078711322293,dE=-0.0002682346166194449,err=0.00011964491227302648,gmax=0.31732140683926513
	collect g,h time= 0.03244304656982422
	solver time=0.016142845153808594,exit status=0
niter= 37
	g=1.166937206488868,del=0.3058805873132319,dot=0.11446749912217996,x=20.68260138377182

nparam= 3820
	log prob= -28.650418632170354
	burn in time= 28.21644949913025
	sample time= 39.43525433540344
	contraction err= 2.034812262383366e-15 1.5551569819639707e-14
nsamples= 3254

Mean energy: -2.98060018e+01
Block size    # of blocks        Mean                Error
     1           3254       -2.98060018e+01       7.128403e-03
     2           1627       -2.98060018e+01       8.736005e-03
     5            650       -2.98059127e+01       1.089594e-02
    10            325       -2.98059127e+01       1.279431e-02
    20            162       -2.98060472e+01       1.298562e-02
    50             65       -2.98059127e+01       1.372600e-02
    70             46       -2.98057023e+01       1.381509e-02
   100             32       -2.98050202e+01       1.376577e-02
   200             16       -2.98050202e+01       1.343260e-02
   500              6       -2.98045300e+01       1.178893e-02
Stocahstic error estimate: 1.298562e-02

step=56,E=-0.37257502296547884,dE=3.576414774411063e-05,err=0.00016232030371632415,gmax=0.5511402618085315
	collect g,h time= 0.03249788284301758
	solver time=0.015329837799072266,exit status=0
niter= 35
	g=1.4805518166007747,del=0.3139606601257187,dot=0.15924563074643552,x=20.68260138377182

nparam= 3820
	log prob= -28.761058980485863
	burn in time= 28.292192220687866
	sample time= 39.46345329284668
	contraction err= 2.028024431712036e-15 3.578275644634407e-14
nsamples= 3254

Mean energy: -2.98260811e+01
Block size    # of blocks        Mean                Error
     1           3254       -2.98260811e+01       6.780317e-03
     2           1627       -2.98260811e+01       8.541599e-03
     5            650       -2.98258724e+01       1.068436e-02
    10            325       -2.98258724e+01       1.335034e-02
    20            162       -2.98273734e+01       1.595175e-02
    50             65       -2.98258724e+01       1.532524e-02
    70             46       -2.98275652e+01       1.590430e-02
   100             32       -2.98273083e+01       1.576777e-02
   200             16       -2.98273083e+01       1.541009e-02
   500              6       -2.98281053e+01       1.593713e-02
Stocahstic error estimate: 1.595175e-02

step=57,E=-0.37282601421893946,dE=-0.0002509912534606418,err=0.00019939692860849442,gmax=0.31524396740852545
	collect g,h time= 0.03242778778076172
	solver time=0.011815786361694336,exit status=0
niter= 27
	g=1.4652096668367431,del=0.23487780433495473,dot=0.14066825561888208,x=20.68260138377183

nparam= 3820
	log prob= -28.88080759549179
	burn in time= 28.290891885757446
	sample time= 39.45254707336426
	contraction err= 2.1493109125556352e-15 1.0808155329274176e-13
nsamples= 3254

Mean energy: -2.97991640e+01
Block size    # of blocks        Mean                Error
     1           3254       -2.97991640e+01       7.928465e-03
     2           1627       -2.97991640e+01       9.027234e-03
     5            650       -2.97989404e+01       9.926247e-03
    10            325       -2.97989404e+01       1.092556e-02
    20            162       -2.97990162e+01       1.128120e-02
    50             65       -2.97989404e+01       1.213483e-02
    70             46       -2.97988540e+01       1.233754e-02
   100             32       -2.97997386e+01       1.307138e-02
   200             16       -2.97997386e+01       1.027533e-02
   500              6       -2.98031838e+01       1.259702e-02
Stocahstic error estimate: 1.128120e-02

step=58,E=-0.37248955021344976,dE=0.00033646400548970057,err=0.00014101501700166953,gmax=3.74195891993252
	collect g,h time= 0.03240227699279785
	solver time=0.005167245864868164,exit status=0
niter= 12
	g=10.388736969853552,del=0.2952469860022096,dot=0.23994062846568287,x=20.68260138377182

nparam= 3820
	log prob= -28.962521215458093
	burn in time= 28.49676775932312
	sample time= 39.47529220581055
	contraction err= 2.0646090263254118e-15 2.689153912717378e-14
nsamples= 3254

Mean energy: -2.98076490e+01
Block size    # of blocks        Mean                Error
     1           3254       -2.98076490e+01       7.895522e-03
     2           1627       -2.98076490e+01       9.801086e-03
     5            650       -2.98075763e+01       1.314973e-02
    10            325       -2.98075763e+01       1.677713e-02
    20            162       -2.98074551e+01       1.926483e-02
    50             65       -2.98075763e+01       1.881015e-02
    70             46       -2.98074301e+01       1.820634e-02
   100             32       -2.98071758e+01       1.868438e-02
   200             16       -2.98071758e+01       1.825124e-02
   500              6       -2.98020123e+01       2.579903e-02
Stocahstic error estimate: 1.926483e-02

step=59,E=-0.37259561279352693,dE=-0.00010606258007714864,err=0.0002408104357670281,gmax=0.536926466716277
	collect g,h time= 0.03245949745178223
	solver time=0.013489484786987305,exit status=0
niter= 31
	g=1.7431993011762685,del=0.28629523089819203,dot=0.1942694710710819,x=20.682601383771818
