block_dict= [(0, 1320)]
sizes= [1320]
SIZE= 640
L= 30
nspin= (15, 15)
nparam= 1320
	prob= 9.08700855989803e-07
	burn in time= 0.7421133518218994
	sample time= 6.188403129577637
	contraction err= 3.874409853608716e-15 1.1859177081036952e-13

Mean energy: -1.11065839e+01
Block size    # of blocks        Mean                Error
     1           20000       -1.11065839e+01       2.505737e-03
     2           10000       -1.11065839e+01       2.516040e-03
     5           4000       -1.11065839e+01       2.532627e-03
    10           2000       -1.11065839e+01       2.539130e-03
    20           1000       -1.11065839e+01       2.572210e-03
    50            400       -1.11065839e+01       2.532669e-03
    70            285       -1.11066497e+01       2.341196e-03
   100            200       -1.11065839e+01       2.275799e-03
   200            100       -1.11065839e+01       2.142146e-03
   500             40       -1.11065839e+01       2.512743e-03
0 0.002516040056796319 0.0025127428229070547
Stocahstic error estimate: 2.516040e-03

step=50,E=-0.3702194647578393,dE=-0.3702194647578393,err=8.386800189321064e-05,gmax=0.5884247199728883
	collect g,Hv time= 2.8803961277008057
	solver time=0.04632687568664551,exit status=0
niter= 47
pure_newton= True
	solver time=3.644263744354248,exit status=100
niter= 3101
	prob= 4.5652925220758144e-05
	burn in time= 0.7429630756378174
	sample time= 10.128391027450562
	contraction err= 1.4422211221643192e-15 3.188703407697831e-14

Mean energy: -1.11627154e+01
Block size    # of blocks        Mean                Error
     1           20000       -1.11627154e+01       2.683254e-03
     2           10000       -1.11627154e+01       2.678952e-03
     5           4000       -1.11627154e+01       2.698027e-03
    10           2000       -1.11627154e+01       2.708602e-03
    20           1000       -1.11627154e+01       2.768223e-03
    50            400       -1.11627154e+01       2.956516e-03
    70            285       -1.11625502e+01       2.893971e-03
   100            200       -1.11627154e+01       3.017261e-03
   200            100       -1.11627154e+01       3.786153e-03
   500             40       -1.11627154e+01       5.402495e-03
0 0.0026832541921563116 0.00540249521369552
Stocahstic error estimate: 2.683254e-03

	predict=-0.054972367490486895,actual=(-0.056131454660803826, 0.0036783570554159155)
	g=3.8668456127261774,del=1.4801389599134764,dot=0.13454009613640067,x=11.710275373449255
	prob= 4.5652925220758144e-05
	burn in time= 0.7270660400390625
	sample time= 16.12640070915222
	contraction err= 1.4304826337624386e-15 7.092858631913215e-14

Mean energy: -1.11797108e+01
Block size    # of blocks        Mean                Error
     1           20000       -1.11797108e+01       2.265122e-03
     2           10000       -1.11797108e+01       2.262567e-03
     5           4000       -1.11797108e+01       2.269933e-03
    10           2000       -1.11797108e+01       2.267668e-03
    20           1000       -1.11797108e+01       2.292302e-03
    50            400       -1.11797108e+01       2.157094e-03
    70            285       -1.11797916e+01       2.189745e-03
   100            200       -1.11797108e+01       2.035648e-03
   200            100       -1.11797108e+01       2.420252e-03
   500             40       -1.11797108e+01       2.992907e-03
0 0.0022651221002004383 0.0029929068837322927
Stocahstic error estimate: 2.265122e-03

step=51,E=-0.37265702702226317,dE=-0.002437562264423872,err=7.550407000668128e-05,gmax=0.3245927005865654
	collect g,Hv time= 0.19721627235412598
	solver time=0.025681495666503906,exit status=0
niter= 31
pure_newton= True
	solver time=0.9507808685302734,exit status=0
niter= 839
	prob= 0.00015147969978006304
	burn in time= 0.7495412826538086
	sample time= 10.142644166946411
	contraction err= 1.2001571226740025e-15 3.04447377598813e-14

Mean energy: -1.12077528e+01
Block size    # of blocks        Mean                Error
     1           20000       -1.12077528e+01       2.019642e-03
     2           10000       -1.12077528e+01       2.018459e-03
     5           4000       -1.12077528e+01       2.044942e-03
    10           2000       -1.12077528e+01       2.073634e-03
    20           1000       -1.12077528e+01       2.056224e-03
    50            400       -1.12077528e+01       1.976549e-03
    70            285       -1.12076422e+01       1.983905e-03
   100            200       -1.12077528e+01       1.949712e-03
   200            100       -1.12077528e+01       2.454947e-03
   500             40       -1.12077528e+01       3.201167e-03
0 0.0020196422361383713 0.0032011674944565217
Stocahstic error estimate: 2.019642e-03

	predict=-0.03550721334285808,actual=(-0.0280419778554144, 0.003034754173044407)
	g=1.1563296877544287,del=0.944049981956326,dot=0.07101795619503415,x=11.710275373449257
	prob= 0.00015147969978006304
	burn in time= 0.7176337242126465
	sample time= 16.159240007400513
	contraction err= 1.208857333186593e-15 3.1607157783222094e-14

Mean energy: -1.12149920e+01
Block size    # of blocks        Mean                Error
     1           20000       -1.12149920e+01       1.750270e-03
     2           10000       -1.12149920e+01       1.754654e-03
     5           4000       -1.12149920e+01       1.750576e-03
    10           2000       -1.12149920e+01       1.730603e-03
    20           1000       -1.12149920e+01       1.727749e-03
    50            400       -1.12149920e+01       1.856940e-03
    70            285       -1.12149852e+01       1.919942e-03
   100            200       -1.12149920e+01       1.931455e-03
   200            100       -1.12149920e+01       2.402131e-03
   500             40       -1.12149920e+01       3.413332e-03
0 0.001754653945536678 0.003413331869452383
Stocahstic error estimate: 1.754654e-03

step=52,E=-0.3738330651548727,dE=-0.0011760381326094914,err=5.84884648512226e-05,gmax=0.10471025941327117
	collect g,Hv time= 0.19579267501831055
	solver time=0.03563880920410156,exit status=0
niter= 44
pure_newton= True
	solver time=0.5620260238647461,exit status=0
niter= 485
	prob= 0.005782663814666441
	burn in time= 0.7343862056732178
	sample time= 10.138132810592651
	contraction err= 1.007856580934846e-15 2.74808255111027e-14

Mean energy: -1.12253835e+01
Block size    # of blocks        Mean                Error
     1           20000       -1.12253835e+01       1.610354e-03
     2           10000       -1.12253835e+01       1.607330e-03
     5           4000       -1.12253835e+01       1.615738e-03
    10           2000       -1.12253835e+01       1.610930e-03
    20           1000       -1.12253835e+01       1.697848e-03
    50            400       -1.12253835e+01       1.624768e-03
    70            285       -1.12253498e+01       1.677858e-03
   100            200       -1.12253835e+01       1.622797e-03
   200            100       -1.12253835e+01       1.995777e-03
   500             40       -1.12253835e+01       2.682236e-03
0 0.0016103538246590918 0.002682236008366391
Stocahstic error estimate: 1.610354e-03

	predict=-0.012900409558686852,actual=(-0.01039155136199632, 0.002381606581528863)
	g=0.489028722843663,del=1.658096945742009,dot=0.025727627144536525,x=11.710275373449257
	prob= 0.005782663814666441
	burn in time= 0.7280924320220947
	sample time= 16.160954475402832
	contraction err= 9.953216523590312e-16 1.729559291597587e-14

Mean energy: -1.12229613e+01
Block size    # of blocks        Mean                Error
     1           20000       -1.12229613e+01       1.552087e-03
     2           10000       -1.12229613e+01       1.545403e-03
     5           4000       -1.12229613e+01       1.531258e-03
    10           2000       -1.12229613e+01       1.528698e-03
    20           1000       -1.12229613e+01       1.493171e-03
    50            400       -1.12229613e+01       1.499104e-03
    70            285       -1.12228957e+01       1.491087e-03
   100            200       -1.12229613e+01       1.479920e-03
   200            100       -1.12229613e+01       1.706608e-03
   500             40       -1.12229613e+01       2.404014e-03
0 0.001552086746283407 0.002404013574771948
Stocahstic error estimate: 1.552087e-03

step=53,E=-0.3740987090863531,dE=-0.00026564393148043784,err=5.173622487611357e-05,gmax=0.0630806367778467
	collect g,Hv time= 0.20062255859375
	solver time=0.03414297103881836,exit status=0
niter= 43
pure_newton= True
	solver time=0.19555068016052246,exit status=0
niter= 157
	prob= 0.004806977547067825
	burn in time= 0.6877729892730713
	sample time= 10.108304977416992
	contraction err= 9.46160789196007e-16 6.727428076989934e-15

Mean energy: -1.12427579e+01
Block size    # of blocks        Mean                Error
     1           20000       -1.12427579e+01       7.325953e-04
     2           10000       -1.12427579e+01       7.325680e-04
     5           4000       -1.12427579e+01       7.453566e-04
    10           2000       -1.12427579e+01       7.453508e-04
    20           1000       -1.12427579e+01       7.399800e-04
    50            400       -1.12427579e+01       7.517661e-04
    70            285       -1.12427422e+01       7.707819e-04
   100            200       -1.12427579e+01       7.775624e-04
   200            100       -1.12427579e+01       9.201445e-04
   500             40       -1.12427579e+01       1.262995e-03
0 0.0007325952949575755 0.0012629952723415125
Stocahstic error estimate: 7.325953e-04

	predict=-0.013318570144721029,actual=(-0.019796659707571607, 0.001716295176880303)
	g=0.3140255207144515,del=0.4465751323793567,dot=0.026631815324741445,x=11.710275373449257
	prob= 0.004806977547067825
	burn in time= 0.6844406127929688
	sample time= 16.133983373641968
	contraction err= 9.57930367380717e-16 1.589816744403473e-14

Mean energy: -1.12272330e+01
Block size    # of blocks        Mean                Error
     1           20000       -1.12272330e+01       1.547567e-03
     2           10000       -1.12272330e+01       1.546294e-03
     5           4000       -1.12272330e+01       1.520956e-03
    10           2000       -1.12272330e+01       1.498082e-03
    20           1000       -1.12272330e+01       1.447074e-03
    50            400       -1.12272330e+01       1.333609e-03
    70            285       -1.12272816e+01       1.216615e-03
   100            200       -1.12272330e+01       1.028390e-03
   200            100       -1.12272330e+01       1.137442e-03
   500             40       -1.12272330e+01       1.479488e-03
0 0.001547567375037211 0.00147948786779994
Stocahstic error estimate: 1.547567e-03

step=54,E=-0.37424109912259457,dE=-0.00014239003624147984,err=5.1585579167907035e-05,gmax=0.2606162246582734
	collect g,Hv time= 0.19533658027648926
	solver time=0.030910968780517578,exit status=0
niter= 39
pure_newton= True
	solver time=0.3813502788543701,exit status=0
niter= 312
	prob= 0.017163787813744932
	burn in time= 0.6920709609985352
	sample time= 10.125818252563477
	contraction err= 9.277836727830401e-16 1.1913803426372131e-14

Mean energy: -1.12453617e+01
Block size    # of blocks        Mean                Error
     1           20000       -1.12453617e+01       5.698361e-04
     2           10000       -1.12453617e+01       5.698928e-04
     5           4000       -1.12453617e+01       5.682105e-04
    10           2000       -1.12453617e+01       5.666995e-04
    20           1000       -1.12453617e+01       5.637149e-04
    50            400       -1.12453617e+01       5.481741e-04
    70            285       -1.12453546e+01       5.530112e-04
   100            200       -1.12453617e+01       5.359706e-04
   200            100       -1.12453617e+01       6.183415e-04
   500             40       -1.12453617e+01       8.355174e-04
0 0.0005698928373075515 0.0008355174091737011
Stocahstic error estimate: 5.698928e-04

	predict=-0.009731022972097488,actual=(-0.01812874425698574, 0.0016491642205353641)
	g=0.4330700205031636,del=0.4450276976686106,dot=0.019471769649596127,x=11.710275373449255
	prob= 0.017163787813744932
	burn in time= 0.6759557723999023
	sample time= 16.10939908027649
	contraction err= 9.484048364719331e-16 2.949943331163691e-14

Mean energy: -1.12424973e+01
Block size    # of blocks        Mean                Error
     1           20000       -1.12424973e+01       8.795265e-04
     2           10000       -1.12424973e+01       8.783322e-04
     5           4000       -1.12424973e+01       8.769404e-04
    10           2000       -1.12424973e+01       8.722304e-04
    20           1000       -1.12424973e+01       8.645664e-04
    50            400       -1.12424973e+01       8.411649e-04
    70            285       -1.12424762e+01       8.436809e-04
   100            200       -1.12424973e+01       8.110909e-04
   200            100       -1.12424973e+01       1.006536e-03
   500             40       -1.12424973e+01       1.279299e-03
0 0.0008795264526529134 0.0012792990158932063
Stocahstic error estimate: 8.795265e-04

step=55,E=-0.3747499089563525,dE=-0.000508809833757932,err=2.931754842176378e-05,gmax=0.03625637487019833
	collect g,Hv time= 0.19472885131835938
	solver time=0.021927833557128906,exit status=0
niter= 27
pure_newton= True
	solver time=0.16551828384399414,exit status=0
niter= 128
	prob= 0.1147237775368562
	burn in time= 0.7115218639373779
	sample time= 10.104283094406128
	contraction err= 9.185556194020108e-16 5.7655505082399494e-15

Mean energy: -1.12413356e+01
Block size    # of blocks        Mean                Error
     1           20000       -1.12413356e+01       8.041544e-04
     2           10000       -1.12413356e+01       8.131343e-04
     5           4000       -1.12413356e+01       8.090076e-04
    10           2000       -1.12413356e+01       7.996457e-04
    20           1000       -1.12413356e+01       8.051203e-04
    50            400       -1.12413356e+01       8.212988e-04
    70            285       -1.12413134e+01       8.134259e-04
   100            200       -1.12413356e+01       7.510062e-04
   200            100       -1.12413356e+01       9.345094e-04
   500             40       -1.12413356e+01       1.236203e-03
0 0.0008131342951026532 0.0012362031807712037
Stocahstic error estimate: 8.131343e-04

	predict=-0.0028828123821380575,actual=(0.0011616944224925874, 0.0011978122402064133)
	g=0.13523952427674624,del=0.3148435313769087,dot=0.014969872357218961,x=11.71027537344926
	prob= 0.017622969027137992
	burn in time= 0.6965491771697998
	sample time= 16.10251212120056
	contraction err= 9.717212150290436e-16 8.409850245011678e-15

Mean energy: -1.12479721e+01
Block size    # of blocks        Mean                Error
     1           20000       -1.12479721e+01       2.274513e-04
     2           10000       -1.12479721e+01       2.270551e-04
     5           4000       -1.12479721e+01       2.261229e-04
    10           2000       -1.12479721e+01       2.295829e-04
    20           1000       -1.12479721e+01       2.387048e-04
    50            400       -1.12479721e+01       2.489232e-04
    70            285       -1.12479653e+01       2.561693e-04
   100            200       -1.12479721e+01       2.614475e-04
   200            100       -1.12479721e+01       2.502236e-04
   500             40       -1.12479721e+01       3.440342e-04
0 0.00022745131728785735 0.00034403416135256586
Stocahstic error estimate: 2.274513e-04

step=56,E=-0.3749324030804208,dE=-0.00018249412406827757,err=7.581710576261912e-06,gmax=0.005540606295793893
	collect g,Hv time= 0.19505977630615234
	solver time=0.02850341796875,exit status=0
niter= 36
pure_newton= True
	solver time=0.10449624061584473,exit status=0
niter= 81
	prob= 0.05223104565275822
	burn in time= 0.6948637962341309
	sample time= 10.065691232681274
	contraction err= 8.636816459564838e-16 7.765125348883065e-15

Mean energy: -1.12483606e+01
Block size    # of blocks        Mean                Error
     1           20000       -1.12483606e+01       3.478377e-04
     2           10000       -1.12483606e+01       3.473946e-04
     5           4000       -1.12483606e+01       3.492325e-04
    10           2000       -1.12483606e+01       3.504757e-04
    20           1000       -1.12483606e+01       3.538879e-04
    50            400       -1.12483606e+01       3.690029e-04
    70            285       -1.12483579e+01       3.740421e-04
   100            200       -1.12483606e+01       3.933546e-04
   200            100       -1.12483606e+01       3.952697e-04
   500             40       -1.12483606e+01       5.313277e-04
0 0.00034783769760904446 0.000531327650858239
Stocahstic error estimate: 3.478377e-04

	predict=-0.00019196958446357642,actual=(-0.000388474217878354, 0.0004156021722921364)
	g=0.025841356377664722,del=0.3122092802218932,dot=0.0004020769964980505,x=11.710275373449257
	prob= 0.05223104565275822
	burn in time= 0.7055277824401855
	sample time= 16.024378299713135
	contraction err= 8.589530029169792e-16 6.532700254010002e-15

Mean energy: -1.12472593e+01
Block size    # of blocks        Mean                Error
     1           20000       -1.12472593e+01       5.341800e-04
     2           10000       -1.12472593e+01       5.335210e-04
     5           4000       -1.12472593e+01       5.323212e-04
    10           2000       -1.12472593e+01       5.308119e-04
    20           1000       -1.12472593e+01       5.290280e-04
    50            400       -1.12472593e+01       5.363112e-04
    70            285       -1.12474341e+01       5.067093e-04
   100            200       -1.12472593e+01       5.275993e-04
   200            100       -1.12472593e+01       5.820066e-04
   500             40       -1.12472593e+01       7.419315e-04
0 0.000534179985534867 0.0007419314702734955
Stocahstic error estimate: 5.341800e-04

step=57,E=-0.3749086440547363,dE=2.3759025684514747e-05,err=1.78059995178289e-05,gmax=0.02070733852899498
	collect g,Hv time= 0.24407601356506348
	solver time=0.028906822204589844,exit status=0
niter= 35
pure_newton= True
	solver time=0.11717820167541504,exit status=0
niter= 88
	prob= 0.12225039363612146
	burn in time= 0.6871826648712158
	sample time= 10.056561708450317
	contraction err= 9.16561991396168e-16 7.39214035946056e-15

Mean energy: -1.12489920e+01
Block size    # of blocks        Mean                Error
     1           20000       -1.12489920e+01       3.616303e-04
     2           10000       -1.12489920e+01       3.618002e-04
     5           4000       -1.12489920e+01       3.623104e-04
    10           2000       -1.12489920e+01       3.622618e-04
    20           1000       -1.12489920e+01       3.632344e-04
    50            400       -1.12489920e+01       3.648679e-04
    70            285       -1.12489915e+01       3.796635e-04
   100            200       -1.12489920e+01       3.625622e-04
   200            100       -1.12489920e+01       3.788402e-04
   500             40       -1.12489920e+01       4.988822e-04
0 0.000361800168054998 0.0004988821532161549
Stocahstic error estimate: 3.618002e-04

	predict=-0.0014281831847877259,actual=(-0.0017326567700592932, 0.0006451725494398034)
	g=0.0782080877566834,del=0.3012306157377281,dot=0.002861244688346855,x=11.710275373449257
	prob= 0.12225039363612146
	burn in time= 0.6877105236053467
	sample time= 15.96603012084961
	contraction err= 9.35328700224665e-16 5.446341415638381e-15

Mean energy: -1.12488784e+01
Block size    # of blocks        Mean                Error
     1           20000       -1.12488784e+01       3.355883e-04
     2           10000       -1.12488784e+01       3.360274e-04
     5           4000       -1.12488784e+01       3.367115e-04
    10           2000       -1.12488784e+01       3.364360e-04
    20           1000       -1.12488784e+01       3.381044e-04
    50            400       -1.12488784e+01       3.442773e-04
    70            285       -1.12488750e+01       3.407049e-04
   100            200       -1.12488784e+01       3.392820e-04
   200            100       -1.12488784e+01       3.733716e-04
   500             40       -1.12488784e+01       4.622348e-04
0 0.00033602735474417124 0.00046223476484407583
Stocahstic error estimate: 3.360274e-04

step=58,E=-0.3749626124562652,dE=-5.396840152892916e-05,err=1.1200911824805708e-05,gmax=0.008076467339497795
	collect g,Hv time= 0.19582486152648926
	solver time=0.024961471557617188,exit status=0
niter= 32
pure_newton= True
	solver time=0.06090354919433594,exit status=0
niter= 46
	prob= 0.10653616109139737
	burn in time= 0.715369462966919
	sample time= 10.021512269973755
	contraction err= 9.062721349203608e-16 8.586239536927696e-15

Mean energy: -1.12491978e+01
Block size    # of blocks        Mean                Error
     1           20000       -1.12491978e+01       2.366681e-04
     2           10000       -1.12491978e+01       2.362894e-04
     5           4000       -1.12491978e+01       2.365032e-04
    10           2000       -1.12491978e+01       2.367093e-04
    20           1000       -1.12491978e+01       2.358242e-04
    50            400       -1.12491978e+01       2.351962e-04
    70            285       -1.12491941e+01       2.361309e-04
   100            200       -1.12491978e+01       2.309678e-04
   200            100       -1.12491978e+01       2.332073e-04
   500             40       -1.12491978e+01       2.339364e-04
0 0.00023666814776521694 0.00023393639108452709
Stocahstic error estimate: 2.366681e-04

	predict=-0.0007475915620855166,actual=(-0.0003194632529908148, 0.00041100632027133555)
	g=0.027409060423713195,del=0.13596499746871082,dot=0.0014915510324175207,x=11.710275373449257
	prob= 0.10653616109139737
	burn in time= 0.6993458271026611
	sample time= 15.952040195465088
	contraction err= 8.933274140978198e-16 2.459931094284939e-14

Mean energy: -1.12488104e+01
Block size    # of blocks        Mean                Error
     1           20000       -1.12488104e+01       3.167695e-04
     2           10000       -1.12488104e+01       3.168531e-04
     5           4000       -1.12488104e+01       3.169628e-04
    10           2000       -1.12488104e+01       3.164537e-04
    20           1000       -1.12488104e+01       3.162963e-04
    50            400       -1.12488104e+01       3.163294e-04
    70            285       -1.12488096e+01       3.216854e-04
   100            200       -1.12488104e+01       3.156424e-04
   200            100       -1.12488104e+01       3.284954e-04
   500             40       -1.12488104e+01       4.571894e-04
0 0.0003168531356279548 0.00045718935726377297
Stocahstic error estimate: 3.168531e-04

step=59,E=-0.374960347858802,dE=2.2645974632122073e-06,err=1.0561771187598494e-05,gmax=0.03059202274321937
	collect g,Hv time= 0.19717168807983398
	solver time=0.02051544189453125,exit status=0
niter= 25
pure_newton= True
	solver time=0.07002520561218262,exit status=0
niter= 50
	prob= 0.24870751704225919
	burn in time= 0.7003931999206543
	sample time= 9.985487222671509
	contraction err= 8.535126923991091e-16 7.195519423991484e-15

Mean energy: -1.12489562e+01
Block size    # of blocks        Mean                Error
     1           20000       -1.12489562e+01       2.889286e-04
     2           10000       -1.12489562e+01       2.890744e-04
     5           4000       -1.12489562e+01       2.886562e-04
    10           2000       -1.12489562e+01       2.887862e-04
    20           1000       -1.12489562e+01       2.872638e-04
    50            400       -1.12489562e+01       2.833642e-04
    70            285       -1.12489532e+01       2.819935e-04
   100            200       -1.12489562e+01       2.796075e-04
   200            100       -1.12489562e+01       2.805664e-04
   500             40       -1.12489562e+01       3.452586e-04
0 0.0002890743977464305 0.0003452585857120268
Stocahstic error estimate: 2.890744e-04

	predict=-0.000563824926799355,actual=(-0.00014575752849310675, 0.000428905487246)
	g=0.06557454033888108,del=0.29777000997557623,dot=0.0011366401182657645,x=11.710275373449257
	prob= 0.24870751704225919
	burn in time= 0.7031986713409424
	sample time= 15.895973682403564
	contraction err= 8.450013429583561e-16 1.6653159654071552e-14

Mean energy: -1.12478982e+01
Block size    # of blocks        Mean                Error
     1           20000       -1.12478982e+01       5.152873e-04
     2           10000       -1.12478982e+01       5.152679e-04
     5           4000       -1.12478982e+01       5.146408e-04
    10           2000       -1.12478982e+01       5.140278e-04
    20           1000       -1.12478982e+01       5.117906e-04
    50            400       -1.12478982e+01       5.061434e-04
    70            285       -1.12478943e+01       5.018230e-04
   100            200       -1.12478982e+01       5.616822e-04
   200            100       -1.12478982e+01       6.384300e-04
   500             40       -1.12478982e+01       8.241276e-04
0 0.0005152872717358938 0.0008241275745485204
Stocahstic error estimate: 5.152873e-04

step=60,E=-0.37492993897630017,dE=3.0408882501831158e-05,err=1.717624239119646e-05,gmax=0.04198877905131582
	collect g,Hv time= 0.19453191757202148
	solver time=0.02227497100830078,exit status=0
niter= 28
pure_newton= True
	solver time=0.04418301582336426,exit status=0
niter= 32
	prob= 0.40247290661705065
	burn in time= 0.6858861446380615
	sample time= 9.982422351837158
	contraction err= 8.717236169186e-16 2.413585549437278e-14

Mean energy: -1.12472758e+01
Block size    # of blocks        Mean                Error
     1           20000       -1.12472758e+01       5.828930e-04
     2           10000       -1.12472758e+01       5.827667e-04
     5           4000       -1.12472758e+01       5.816157e-04
    10           2000       -1.12472758e+01       5.833793e-04
    20           1000       -1.12472758e+01       5.808172e-04
    50            400       -1.12472758e+01       5.991903e-04
    70            285       -1.12472704e+01       6.042769e-04
   100            200       -1.12472758e+01       5.842824e-04
   200            100       -1.12472758e+01       6.817886e-04
   500             40       -1.12472758e+01       8.758126e-04
0 0.0005828930456588966 0.0008758126122352327
Stocahstic error estimate: 5.828930e-04

	predict=-0.0012635545005048611,actual=(0.0006223556707762867, 0.000778000819466487)
	g=0.10167286064505293,del=0.15547775281627121,dot=0.0038750600370352994,x=11.710275373449257
	prob= 0.24920767954707898
	burn in time= 0.6697537899017334
	sample time= 15.954830169677734
	contraction err= 8.643346677961968e-16 9.181752631442289e-15

Mean energy: -1.12484058e+01
Block size    # of blocks        Mean                Error
     1           20000       -1.12484058e+01       2.687492e-04
     2           10000       -1.12484058e+01       2.686236e-04
     5           4000       -1.12484058e+01       2.688933e-04
    10           2000       -1.12484058e+01       2.679602e-04
    20           1000       -1.12484058e+01       2.674154e-04
    50            400       -1.12484058e+01       2.676304e-04
    70            285       -1.12484025e+01       2.648397e-04
   100            200       -1.12484058e+01       2.651904e-04
   200            100       -1.12484058e+01       2.926519e-04
   500             40       -1.12484058e+01       3.268846e-04
0 0.00026874923075099295 0.0003268846056251147
Stocahstic error estimate: 2.687492e-04

step=61,E=-0.37494686016345624,dE=-1.692118715605299e-05,err=8.958307691699766e-06,gmax=0.004694785118243061
	collect g,Hv time= 0.19504117965698242
	solver time=0.020647287368774414,exit status=0
niter= 25
pure_newton= True
	solver time=0.12204551696777344,exit status=0
niter= 89
	prob= 0.9067103547856272
	burn in time= 0.6687657833099365
	sample time= 10.021665811538696
	contraction err= 8.442142031264509e-16 3.224656163866285e-15

Mean energy: -1.12492353e+01
Block size    # of blocks        Mean                Error
     1           20000       -1.12492353e+01       1.494204e-04
     2           10000       -1.12492353e+01       1.493009e-04
     5           4000       -1.12492353e+01       1.492969e-04
    10           2000       -1.12492353e+01       1.494737e-04
    20           1000       -1.12492353e+01       1.489921e-04
    50            400       -1.12492353e+01       1.489180e-04
    70            285       -1.12492355e+01       1.494545e-04
   100            200       -1.12492353e+01       1.473371e-04
   200            100       -1.12492353e+01       1.419262e-04
   500             40       -1.12492353e+01       1.187618e-04
0 0.0001494203944773166 0.000118761766838393
Stocahstic error estimate: 1.494204e-04

	predict=-0.00041588515482825043,actual=(-0.0008294858140409644, 0.0003074940703737348)
	g=0.027129181044074382,del=0.526709075332519,dot=0.0008612664471264985,x=11.710275373449255
	prob= 0.9067103547856272
	burn in time= 0.6893494129180908
	sample time= 15.928449869155884
	contraction err= 8.649591970473168e-16 7.761969553834838e-15

Mean energy: -1.12486472e+01
Block size    # of blocks        Mean                Error
     1           20000       -1.12486472e+01       2.231107e-04
     2           10000       -1.12486472e+01       2.230961e-04
     5           4000       -1.12486472e+01       2.230495e-04
    10           2000       -1.12486472e+01       2.227621e-04
    20           1000       -1.12486472e+01       2.226049e-04
    50            400       -1.12486472e+01       2.214201e-04
    70            285       -1.12486448e+01       2.217791e-04
   100            200       -1.12486472e+01       2.195372e-04
   200            100       -1.12486472e+01       2.254220e-04
   500             40       -1.12486472e+01       1.908707e-04
0 0.00022311070808214657 0.00019087072254989575
Stocahstic error estimate: 2.231107e-04

step=62,E=-0.37495490512964164,dE=-8.044966185435006e-06,err=7.437023602738219e-06,gmax=0.0063397577072098685
	collect g,Hv time= 0.19458651542663574
	solver time=0.022726058959960938,exit status=0
niter= 28
pure_newton= True
	solver time=0.0464475154876709,exit status=0
niter= 33
	prob= 0.6323946756209374
	burn in time= 0.6884093284606934
	sample time= 9.994468450546265
	contraction err= 8.672824257072365e-16 2.2466203946250653e-14

Mean energy: -1.12492504e+01
Block size    # of blocks        Mean                Error
     1           20000       -1.12492504e+01       1.757258e-04
     2           10000       -1.12492504e+01       1.755752e-04
     5           4000       -1.12492504e+01       1.756467e-04
    10           2000       -1.12492504e+01       1.755436e-04
    20           1000       -1.12492504e+01       1.759715e-04
    50            400       -1.12492504e+01       1.755100e-04
    70            285       -1.12492496e+01       1.762494e-04
   100            200       -1.12492504e+01       1.751493e-04
   200            100       -1.12492504e+01       1.733523e-04
   500             40       -1.12492504e+01       1.721815e-04
0 0.00017572582477949354 0.0001721814637794793
Stocahstic error estimate: 1.757258e-04

	predict=-0.000390216665662769,actual=(-0.0006032092715262394, 0.00028400343933718497)
	g=0.02255596573636632,del=0.16090937307825864,dot=0.0007731813002618594,x=11.710275373449257
	prob= 0.6323946756209374
	burn in time= 0.7053751945495605
	sample time= 15.924001455307007
	contraction err= 8.71538690902724e-16 3.015577684849933e-15

Mean energy: -1.12492472e+01
Block size    # of blocks        Mean                Error
     1           20000       -1.12492472e+01       8.313710e-05
     2           10000       -1.12492472e+01       8.320371e-05
     5           4000       -1.12492472e+01       8.320741e-05
    10           2000       -1.12492472e+01       8.304160e-05
    20           1000       -1.12492472e+01       8.337886e-05
    50            400       -1.12492472e+01       8.400698e-05
    70            285       -1.12492457e+01       8.346921e-05
   100            200       -1.12492472e+01       8.315978e-05
   200            100       -1.12492472e+01       8.657022e-05
   500             40       -1.12492472e+01       9.249241e-05
0 8.320370525406214e-05 9.249240651945702e-05
Stocahstic error estimate: 8.320371e-05

step=63,E=-0.3749749071616248,dE=-2.0002031983127704e-05,err=2.7734568418020714e-06,gmax=0.005141661860703313
	collect g,Hv time= 0.1984403133392334
	solver time=0.01699209213256836,exit status=0
niter= 17
pure_newton= True
	solver time=0.04005789756774902,exit status=0
niter= 22
	prob= 1.4850398666420765
	burn in time= 0.6676838397979736
	sample time= 9.983445882797241
	contraction err= 8.570514778355885e-16 9.681156347621996e-15

Mean energy: -1.12477803e+01
Block size    # of blocks        Mean                Error
     1           20000       -1.12477803e+01       4.384409e-04
     2           10000       -1.12477803e+01       4.380646e-04
     5           4000       -1.12477803e+01       4.374957e-04
    10           2000       -1.12477803e+01       4.367779e-04
    20           1000       -1.12477803e+01       4.349422e-04
    50            400       -1.12477803e+01       4.475147e-04
    70            285       -1.12477754e+01       4.453733e-04
   100            200       -1.12477803e+01       4.391057e-04
   200            100       -1.12477803e+01       5.685301e-04
   500             40       -1.12477803e+01       7.601903e-04
0 0.0004384409245012617 0.0007601903188850785
Stocahstic error estimate: 4.384409e-04

	predict=-2.6845345531219262e-05,actual=(0.001466882109861345, 0.00044626595304316673)
	g=0.014831496766715946,del=0.040882598803250604,dot=0.0004390525957624394,x=11.710275373449255
	prob= 0.6328434239274905
	burn in time= 0.6752605438232422
	sample time= 15.885164022445679
	contraction err= 8.859094350865636e-16 4.113929295844424e-15

Mean energy: -1.12492511e+01
Block size    # of blocks        Mean                Error
     1           20000       -1.12492511e+01       9.330312e-05
     2           10000       -1.12492511e+01       9.329431e-05
     5           4000       -1.12492511e+01       9.310009e-05
    10           2000       -1.12492511e+01       9.280880e-05
    20           1000       -1.12492511e+01       9.293309e-05
    50            400       -1.12492511e+01       9.100498e-05
    70            285       -1.12492488e+01       9.184922e-05
   100            200       -1.12492511e+01       9.295410e-05
   200            100       -1.12492511e+01       9.472340e-05
   500             40       -1.12492511e+01       9.628568e-05
0 9.33031178810326e-05 9.628568086644932e-05
Stocahstic error estimate: 9.330312e-05

step=64,E=-0.3749750359292047,dE=-1.2876757994699045e-07,err=3.110103929367753e-06,gmax=0.007468433822096221
	collect g,Hv time= 0.1951894760131836
	solver time=0.021785497665405273,exit status=0
niter= 23
pure_newton= True
	solver time=0.04863691329956055,exit status=0
niter= 26
	prob= 0.4509718564805679
	burn in time= 0.7006418704986572
	sample time= 10.004055738449097
	contraction err= 9.279615856359948e-16 1.3397201202576902e-14

Mean energy: -1.12492711e+01
Block size    # of blocks        Mean                Error
     1           20000       -1.12492711e+01       1.731481e-04
     2           10000       -1.12492711e+01       1.732497e-04
     5           4000       -1.12492711e+01       1.734107e-04
    10           2000       -1.12492711e+01       1.733625e-04
    20           1000       -1.12492711e+01       1.731583e-04
    50            400       -1.12492711e+01       1.724906e-04
    70            285       -1.12492711e+01       1.737852e-04
   100            200       -1.12492711e+01       1.724227e-04
   200            100       -1.12492711e+01       1.725630e-04
   500             40       -1.12492711e+01       1.009854e-04
0 0.00017324968106796176 0.00010098542085498236
Stocahstic error estimate: 1.732497e-04

	predict=-0.00011170109654407186,actual=(-1.9993250274907837e-05, 0.000196776329360196)
	g=0.019591517598348877,del=0.1367495272924433,dot=0.00021425557325497013,x=11.710275373449257
	prob= 0.4509718564805679
	burn in time= 0.683356523513794
	sample time= 15.917892456054688
	contraction err= 9.298923329199087e-16 5.1841878195207535e-15

Mean energy: -1.12490643e+01
Block size    # of blocks        Mean                Error
     1           20000       -1.12490643e+01       1.477115e-04
     2           10000       -1.12490643e+01       1.477545e-04
     5           4000       -1.12490643e+01       1.472950e-04
    10           2000       -1.12490643e+01       1.470417e-04
    20           1000       -1.12490643e+01       1.472632e-04
    50            400       -1.12490643e+01       1.476665e-04
    70            285       -1.12490640e+01       1.479692e-04
   100            200       -1.12490643e+01       1.476165e-04
   200            100       -1.12490643e+01       1.813374e-04
   500             40       -1.12490643e+01       2.014413e-04
0 0.00014775450557429998 0.0002014413467778898
Stocahstic error estimate: 1.477545e-04

step=65,E=-0.37496881146835614,dE=6.2244608486139444e-06,err=4.925150185809999e-06,gmax=0.06652434811203284
	collect g,Hv time= 0.20383787155151367
	solver time=0.01658487319946289,exit status=0
niter= 16
pure_newton= True
	solver time=0.051891326904296875,exit status=0
niter= 27
	prob= 0.9064611841887918
	burn in time= 0.6804060935974121
	sample time= 9.968156099319458
	contraction err= 8.567506134674569e-16 9.651011482771348e-15

Mean energy: -1.12488359e+01
Block size    # of blocks        Mean                Error
     1           20000       -1.12488359e+01       2.188028e-04
     2           10000       -1.12488359e+01       2.186394e-04
     5           4000       -1.12488359e+01       2.185699e-04
    10           2000       -1.12488359e+01       2.187145e-04
    20           1000       -1.12488359e+01       2.185159e-04
    50            400       -1.12488359e+01       2.182356e-04
    70            285       -1.12488341e+01       2.177326e-04
   100            200       -1.12488359e+01       2.168468e-04
   200            100       -1.12488359e+01       2.188718e-04
   500             40       -1.12488359e+01       2.288509e-04
0 0.00021880283428469022 0.00022885094118661503
Stocahstic error estimate: 2.188028e-04

	predict=-0.00027016642628106054,actual=(0.00022842683772772432, 0.0002640190792509501)
	g=0.12973117742951018,del=0.10036390675174611,dot=0.001883066204028843,x=11.71027537344926
	prob= 0.45211248722342434
	burn in time= 0.6992940902709961
	sample time= 15.878008604049683
	contraction err= 9.01642545201437e-16 1.6047708702290436e-14

Mean energy: -1.12488133e+01
Block size    # of blocks        Mean                Error
     1           20000       -1.12488133e+01       1.812422e-04
     2           10000       -1.12488133e+01       1.812937e-04
     5           4000       -1.12488133e+01       1.813698e-04
    10           2000       -1.12488133e+01       1.806882e-04
    20           1000       -1.12488133e+01       1.806060e-04
    50            400       -1.12488133e+01       1.801245e-04
    70            285       -1.12488122e+01       1.806388e-04
   100            200       -1.12488133e+01       1.807828e-04
   200            100       -1.12488133e+01       2.148987e-04
   500             40       -1.12488133e+01       2.162531e-04
0 0.00018129374016337068 0.00021625313976342432
Stocahstic error estimate: 1.812937e-04

step=66,E=-0.3749604432696047,dE=8.368198751422066e-06,err=6.043124672112356e-06,gmax=0.008077683961932959
	collect g,Hv time= 0.19694757461547852
	solver time=0.019783496856689453,exit status=0
niter= 19
pure_newton= True
	solver time=0.09783363342285156,exit status=0
niter= 46
	prob= 0.19653682007900017
	burn in time= 0.6813232898712158
	sample time= 9.966196060180664
	contraction err= 8.946142367416366e-16 4.702621561072161e-15

Mean energy: -1.12489271e+01
Block size    # of blocks        Mean                Error
     1           20000       -1.12489271e+01       7.333862e-05
     2           10000       -1.12489271e+01       7.349492e-05
     5           4000       -1.12489271e+01       7.334956e-05
    10           2000       -1.12489271e+01       7.362621e-05
    20           1000       -1.12489271e+01       7.361633e-05
    50            400       -1.12489271e+01       7.487967e-05
    70            285       -1.12489263e+01       7.607769e-05
   100            200       -1.12489271e+01       7.336271e-05
   200            100       -1.12489271e+01       7.648925e-05
   500             40       -1.12489271e+01       8.889635e-05
0 7.349491726507211e-05 8.889635286752669e-05
Stocahstic error estimate: 7.349492e-05

	predict=-0.00036000395175969044,actual=(-0.00011385009243980448, 0.0001956244439895576)
	g=0.027170426515267476,del=0.3387422183332991,dot=0.000691911954094652,x=11.710275373449257
	prob= 0.19653682007900017
	burn in time= 0.6935935020446777
	sample time= 15.878089904785156
	contraction err= 8.774473114307169e-16 1.350548497565578e-14

Mean energy: -1.12459790e+01
Block size    # of blocks        Mean                Error
     1           20000       -1.12459790e+01       4.949718e-04
     2           10000       -1.12459790e+01       4.945238e-04
     5           4000       -1.12459790e+01       4.930088e-04
    10           2000       -1.12459790e+01       4.909244e-04
    20           1000       -1.12459790e+01       4.866916e-04
    50            400       -1.12459790e+01       4.736434e-04
    70            285       -1.12459707e+01       4.642228e-04
   100            200       -1.12459790e+01       4.497510e-04
   200            100       -1.12459790e+01       5.252373e-04
   500             40       -1.12459790e+01       7.138968e-04
0 0.0004949717997104668 0.0007138968249350256
Stocahstic error estimate: 4.949718e-04

step=67,E=-0.37486596738966066,dE=9.447587994403743e-05,err=1.6499059990348893e-05,gmax=0.015183509690192665
	collect g,Hv time= 0.23781847953796387
	solver time=0.029250383377075195,exit status=0
niter= 26
pure_newton= True
	solver time=0.06571054458618164,exit status=0
niter= 33
	prob= 0.24501003583822567
	burn in time= 0.6880946159362793
	sample time= 9.929726600646973
	contraction err= 8.964468557837855e-16 3.718931978449801e-15

Mean energy: -1.12489190e+01
Block size    # of blocks        Mean                Error
     1           20000       -1.12489190e+01       1.527553e-04
     2           10000       -1.12489190e+01       1.525101e-04
     5           4000       -1.12489190e+01       1.524740e-04
    10           2000       -1.12489190e+01       1.521163e-04
    20           1000       -1.12489190e+01       1.520601e-04
    50            400       -1.12489190e+01       1.521820e-04
    70            285       -1.12489168e+01       1.514418e-04
   100            200       -1.12489190e+01       1.500898e-04
   200            100       -1.12489190e+01       1.885960e-04
   500             40       -1.12489190e+01       2.137116e-04
0 0.00015275533148344082 0.00021371158458394042
Stocahstic error estimate: 1.527553e-04

	predict=-0.0015336804179946323,actual=(-0.0029400106330843556, 0.000518007020999942)
	g=0.06163906141754306,del=0.11629972463710736,dot=0.0030663316335337695,x=11.710275373449257
	prob= 0.24501003583822567
	burn in time= 0.6897313594818115
	sample time= 15.795831680297852
	contraction err= 9.101375221827997e-16 1.9163835693207025e-14

Mean energy: -1.12476802e+01
Block size    # of blocks        Mean                Error
     1           20000       -1.12476802e+01       4.532112e-04
     2           10000       -1.12476802e+01       4.530589e-04
     5           4000       -1.12476802e+01       4.527300e-04
    10           2000       -1.12476802e+01       4.519105e-04
    20           1000       -1.12476802e+01       4.509372e-04
    50            400       -1.12476802e+01       4.470971e-04
    70            285       -1.12476755e+01       4.463137e-04
   100            200       -1.12476802e+01       4.439819e-04
   200            100       -1.12476802e+01       5.607002e-04
   500             40       -1.12476802e+01       7.810452e-04
0 0.00045321122421936526 0.0007810452060369435
Stocahstic error estimate: 4.532112e-04

step=68,E=-0.37492267320928746,dE=-5.670581962681591e-05,err=1.5107040807312175e-05,gmax=0.027912874260264897
	collect g,Hv time= 0.2435600757598877
	solver time=0.01855611801147461,exit status=0
niter= 16
pure_newton= True
	solver time=0.050351858139038086,exit status=0
niter= 23
	prob= 0.24250969110710577
	burn in time= 0.680549144744873
	sample time= 9.945300340652466
	contraction err= 8.426933866430112e-16 2.2958443530880187e-15

Mean energy: -1.12491236e+01
Block size    # of blocks        Mean                Error
     1           20000       -1.12491236e+01       9.101709e-05
     2           10000       -1.12491236e+01       9.101959e-05
     5           4000       -1.12491236e+01       9.097268e-05
    10           2000       -1.12491236e+01       9.118294e-05
    20           1000       -1.12491236e+01       9.137243e-05
    50            400       -1.12491236e+01       9.204625e-05
    70            285       -1.12491232e+01       9.193017e-05
   100            200       -1.12491236e+01       9.345320e-05
   200            100       -1.12491236e+01       9.485753e-05
   500             40       -1.12491236e+01       1.012206e-04
0 9.101959447556105e-05 0.0001012205944448395
Stocahstic error estimate: 9.101959e-05

	predict=-0.000790393757084519,actual=(-0.0014434294252279045, 0.00046226072766017163)
	g=0.0521687543487206,del=0.06105047922065962,dot=0.001579574693998922,x=11.710275373449258
	prob= 0.24250969110710577
	burn in time= 0.6834933757781982
	sample time= 15.81088638305664
	contraction err= 8.269606171588499e-16 5.661664920587736e-15

Mean energy: -1.12491635e+01
Block size    # of blocks        Mean                Error
     1           20000       -1.12491635e+01       1.322645e-04
     2           10000       -1.12491635e+01       1.324724e-04
     5           4000       -1.12491635e+01       1.320998e-04
    10           2000       -1.12491635e+01       1.322100e-04
    20           1000       -1.12491635e+01       1.324788e-04
    50            400       -1.12491635e+01       1.327917e-04
    70            285       -1.12491623e+01       1.326150e-04
   100            200       -1.12491635e+01       1.322849e-04
   200            100       -1.12491635e+01       1.323289e-04
   500             40       -1.12491635e+01       1.327611e-04
0 0.0001324724483767437 0.0001327611135590838
Stocahstic error estimate: 1.324724e-04

step=69,E=-0.3749721165744649,dE=-4.944336517738179e-05,err=4.41574827922479e-06,gmax=0.002532229905616523
	collect g,Hv time= 0.22797751426696777
	solver time=0.017834186553955078,exit status=0
niter= 15
pure_newton= True
	solver time=0.07505273818969727,exit status=0
niter= 33
	prob= 0.024371272482859356
	burn in time= 0.6846344470977783
	sample time= 10.069857835769653
	contraction err= 9.081470777429839e-16 1.4235906215184644e-14

Mean energy: -1.12477152e+01
Block size    # of blocks        Mean                Error
     1           20000       -1.12477152e+01       3.208453e-04
     2           10000       -1.12477152e+01       3.209321e-04
     5           4000       -1.12477152e+01       3.212094e-04
    10           2000       -1.12477152e+01       3.213151e-04
    20           1000       -1.12477152e+01       3.207985e-04
    50            400       -1.12477152e+01       3.296394e-04
    70            285       -1.12477068e+01       3.443318e-04
   100            200       -1.12477152e+01       3.286894e-04
   200            100       -1.12477152e+01       3.392640e-04
   500             40       -1.12477152e+01       3.878115e-04
0 0.00032093214466174884 0.0003878115420408961
Stocahstic error estimate: 3.209321e-04

	predict=-0.00026115647940225923,actual=(0.0014482598081126952, 0.0003471979133809976)
	g=0.00959205596166222,del=0.0368543826975678,dot=0.00034471700501744124,x=11.710275373449257
