block_dict= [(0, 78)]
sizes= [78]
SIZE= 640
Lx,Ly= 4 4
nelec= 7
nparam= [  78 1716]
	log prob= -4.012933779333728
	burn in time= 7.535022735595703
	sample time= 20.354819774627686
	contraction err= 5.928167651611317e-16 4.625715746803811e-15

Mean energy: -1.01866793e+01
Block size    # of blocks        Mean                Error
     1           20000       -1.01866793e+01       5.328202e-03
     2           10000       -1.01866793e+01       5.334794e-03
     5           4000       -1.01866793e+01       5.252061e-03
    10           2000       -1.01866793e+01       5.209669e-03
    20           1000       -1.01866793e+01       5.194573e-03
    50            400       -1.01866793e+01       5.375481e-03
    70            285       -1.01862903e+01       5.288865e-03
   100            200       -1.01866793e+01       5.497027e-03
   200            100       -1.01866793e+01       5.271434e-03
   500             40       -1.01866793e+01       5.373887e-03
0 0.005334794016904864 0.005373887015797998
Stocahstic error estimate: 5.334794e-03

gnorms 0.0 0.012716082464495132
gnorms 0.04954451795558911 0.0016019955003510795
step=0,E=-0.6366674574317098,dE=-0.6366674574317098,err=0.000333424626056554,gmax=0.028292610099546867
	collect g,Hv time= 0.18369770050048828
	solver time=0.02368474006652832,exit status=0
niter= 31
	g=0.04957041102346073,del=3.101265384452422,dot=0.028809424064819324,x=5.660399026052631
saving to  ./psi1_0
	log prob= -3.5959759402340863
	burn in time= 7.732333183288574
	sample time= 67.57389616966248
	contraction err= 5.88374174156218e-16 5.362835941696441e-15

Mean energy: -1.01875406e+01
Block size    # of blocks        Mean                Error
     1           20000       -1.01875406e+01       4.841945e-03
     2           10000       -1.01875406e+01       4.840921e-03
     5           4000       -1.01875406e+01       4.894273e-03
    10           2000       -1.01875406e+01       4.910575e-03
    20           1000       -1.01875406e+01       4.862056e-03
    50            400       -1.01875406e+01       5.065164e-03
    70            285       -1.01873174e+01       4.924582e-03
   100            200       -1.01875406e+01       5.311090e-03
   200            100       -1.01875406e+01       4.917859e-03
   500             40       -1.01875406e+01       5.104122e-03
0 0.004841944593529679 0.00510412237190406
Stocahstic error estimate: 4.841945e-03

gnorms 0.0 0.19618239045471997
gnorms 0.20741756664543637 0.030861702649189363
step=1,E=-0.6367212890159977,dE=-5.3831584287844514e-05,err=0.00030262153709560496,gmax=0.061959920814156716
	collect g,Hv time= 0.1845083236694336
	solver time=0.03226137161254883,exit status=0
niter= 36
	g=0.2097009576599998,del=3.8615677299660454,dot=0.1539979207689104,x=5.660399026052631
saving to  ./psi2_0
	log prob= -3.7427674591313123
	burn in time= 7.764558553695679
	sample time= 67.80818843841553
	contraction err= 5.682787305737292e-16 6.640526945336346e-15

Mean energy: -1.02130649e+01
Block size    # of blocks        Mean                Error
     1           20000       -1.02130649e+01       4.656037e-03
     2           10000       -1.02130649e+01       4.621403e-03
     5           4000       -1.02130649e+01       4.613498e-03
    10           2000       -1.02130649e+01       4.628301e-03
    20           1000       -1.02130649e+01       4.630491e-03
    50            400       -1.02130649e+01       4.516460e-03
    70            285       -1.02129242e+01       4.762440e-03
   100            200       -1.02130649e+01       4.645678e-03
   200            100       -1.02130649e+01       4.930943e-03
   500             40       -1.02130649e+01       5.084705e-03
0 0.00465603738811035 0.005084705441751146
Stocahstic error estimate: 4.656037e-03

gnorms 0.0 0.2105588409891754
gnorms 0.10977584843710476 0.019624062205273473
step=2,E=-0.6383165558735424,dE=-0.0015952668575447415,err=0.0002910023367568969,gmax=0.03657735938102227
	collect g,Hv time= 0.1840982437133789
	solver time=0.032087087631225586,exit status=0
niter= 37
	g=0.11151610070981965,del=3.378245200535675,dot=0.14937105566783146,x=5.660399026052631
saving to  ./psi3_0
	log prob= -3.7213996553287947
	burn in time= 7.499057769775391
	sample time= 67.93549084663391
	contraction err= 5.711847565687065e-16 4.901515776280693e-15

Mean energy: -1.02220398e+01
Block size    # of blocks        Mean                Error
     1           20000       -1.02220398e+01       4.561191e-03
     2           10000       -1.02220398e+01       4.571795e-03
     5           4000       -1.02220398e+01       4.531952e-03
    10           2000       -1.02220398e+01       4.512716e-03
    20           1000       -1.02220398e+01       4.500586e-03
    50            400       -1.02220398e+01       4.371471e-03
    70            285       -1.02220716e+01       4.094242e-03
   100            200       -1.02220398e+01       4.453502e-03
   200            100       -1.02220398e+01       4.694233e-03
   500             40       -1.02220398e+01       3.790767e-03
0 0.004571794793859719 0.0037907668981009618
Stocahstic error estimate: 4.571795e-03

gnorms 0.0 0.2570477953130356
gnorms 0.09671422940301709 0.02039159615988173
step=3,E=-0.6388774875476686,dE=-0.000560931674126186,err=0.00028573717461623244,gmax=0.023170151895522295
	collect g,Hv time= 0.18403077125549316
	solver time=0.032865285873413086,exit status=0
niter= 37
	g=0.09884057548885032,del=2.6148475490692786,dot=0.08613111036897325,x=5.660399026052632
saving to  ./psi4_0
	log prob= -3.5946695895852394
	burn in time= 7.716473817825317
	sample time= 68.06103992462158
	contraction err= 5.522868350673894e-16 5.394416545093451e-15

Mean energy: -1.02321507e+01
Block size    # of blocks        Mean                Error
     1           20000       -1.02321507e+01       4.388635e-03
     2           10000       -1.02321507e+01       4.385967e-03
     5           4000       -1.02321507e+01       4.338345e-03
    10           2000       -1.02321507e+01       4.332420e-03
    20           1000       -1.02321507e+01       4.258907e-03
    50            400       -1.02321507e+01       4.255979e-03
    70            285       -1.02320717e+01       4.338429e-03
   100            200       -1.02321507e+01       4.259370e-03
   200            100       -1.02321507e+01       4.276877e-03
   500             40       -1.02321507e+01       4.457408e-03
0 0.004388635022851405 0.0044574078106939165
Stocahstic error estimate: 4.388635e-03

gnorms 0.0 0.3015844572368521
gnorms 0.08112849591574303 0.01581865062423781
step=4,E=-0.6395094158760701,dE=-0.000631928328401532,err=0.0002742896889282128,gmax=0.024088674799692456
	collect g,Hv time= 0.1854393482208252
	solver time=0.03374314308166504,exit status=0
niter= 39
	g=0.08265629169713842,del=1.9070720198948545,dot=0.04092802113985303,x=5.660399026052628
saving to  ./psi5_0
	log prob= -3.516715131743306
	burn in time= 7.5147504806518555
	sample time= 68.09091639518738
	contraction err= 5.850097708091501e-16 5.6436075324850206e-15

Mean energy: -1.02430919e+01
Block size    # of blocks        Mean                Error
     1           20000       -1.02430919e+01       4.426266e-03
     2           10000       -1.02430919e+01       4.406335e-03
     5           4000       -1.02430919e+01       4.426973e-03
    10           2000       -1.02430919e+01       4.388739e-03
    20           1000       -1.02430919e+01       4.341850e-03
    50            400       -1.02430919e+01       4.289974e-03
    70            285       -1.02432477e+01       4.702726e-03
   100            200       -1.02430919e+01       4.419068e-03
   200            100       -1.02430919e+01       4.283072e-03
   500             40       -1.02430919e+01       4.186691e-03
0 0.004426265879342647 0.004186690703636734
Stocahstic error estimate: 4.426266e-03

gnorms 0.0 0.3268099296656872
gnorms 0.07697215140535878 0.013741595343091464
step=5,E=-0.640193243316624,dE=-0.0006838274405538414,err=0.00027664161745891543,gmax=0.019512974526195492
	collect g,Hv time= 0.18349075317382812
	solver time=0.034569501876831055,exit status=0
niter= 41
	g=0.07818915228177593,del=1.4901542673873844,dot=0.030594128119569054,x=5.660399026052631
saving to  ./psi6_0
	log prob= -3.42835186969086
	burn in time= 7.713941335678101
	sample time= 68.1221854686737
	contraction err= 5.681367404060711e-16 5.726639689278624e-15

Mean energy: -1.02406880e+01
Block size    # of blocks        Mean                Error
     1           20000       -1.02406880e+01       4.290606e-03
     2           10000       -1.02406880e+01       4.296425e-03
     5           4000       -1.02406880e+01       4.308626e-03
    10           2000       -1.02406880e+01       4.342332e-03
    20           1000       -1.02406880e+01       4.375481e-03
    50            400       -1.02406880e+01       4.425801e-03
    70            285       -1.02408603e+01       4.243171e-03
   100            200       -1.02406880e+01       4.350304e-03
   200            100       -1.02406880e+01       4.430285e-03
   500             40       -1.02406880e+01       4.846353e-03
0 0.00429642460428136 0.004846353374956883
Stocahstic error estimate: 4.296425e-03

gnorms 0.0 0.3569768498784072
gnorms 0.07394727019076712 0.012299920889755213
step=6,E=-0.6400430022933554,dE=0.00015024102326854916,err=0.000268526537767585,gmax=0.021833207160202067
	collect g,Hv time= 0.18460774421691895
	solver time=0.034426212310791016,exit status=0
niter= 41
	g=0.07496323647335773,del=1.4509891307671878,dot=0.02365835218542602,x=5.660399026052631
saving to  ./psi7_0
	log prob= -3.36656592676022
	burn in time= 7.732074022293091
	sample time= 68.14586544036865
	contraction err= 5.678102750077421e-16 5.818871748803864e-15

Mean energy: -1.02380028e+01
Block size    # of blocks        Mean                Error
     1           20000       -1.02380028e+01       4.109084e-03
     2           10000       -1.02380028e+01       4.116159e-03
     5           4000       -1.02380028e+01       4.100283e-03
    10           2000       -1.02380028e+01       4.112696e-03
    20           1000       -1.02380028e+01       4.096385e-03
    50            400       -1.02380028e+01       4.227085e-03
    70            285       -1.02381381e+01       4.136648e-03
   100            200       -1.02380028e+01       4.362918e-03
   200            100       -1.02380028e+01       4.207583e-03
   500             40       -1.02380028e+01       4.195883e-03
0 0.004116159227530267 0.00419588329384437
Stocahstic error estimate: 4.116159e-03

gnorms 0.0 0.39720671072063213
gnorms 0.0561849828464538 0.010983894868779907
step=7,E=-0.6398751761496478,dE=0.00016782614370758342,err=0.00025725995172064166,gmax=0.01564678482232118
	collect g,Hv time= 0.18674826622009277
	solver time=0.03490781784057617,exit status=0
niter= 42
	g=0.05724856543132515,del=0.9698605991013298,dot=0.012927774465187503,x=5.66039902605263
saving to  ./psi8_0
	log prob= -3.307694910680575
	burn in time= 7.5466625690460205
	sample time= 68.44818687438965
	contraction err= 5.992067262568428e-16 1.1217430898811261e-14

Mean energy: -1.02421760e+01
Block size    # of blocks        Mean                Error
     1           20000       -1.02421760e+01       4.355065e-03
     2           10000       -1.02421760e+01       4.338625e-03
     5           4000       -1.02421760e+01       4.347277e-03
    10           2000       -1.02421760e+01       4.308602e-03
    20           1000       -1.02421760e+01       4.179342e-03
    50            400       -1.02421760e+01       4.064408e-03
    70            285       -1.02420583e+01       4.155640e-03
   100            200       -1.02421760e+01       4.446411e-03
   200            100       -1.02421760e+01       4.494322e-03
   500             40       -1.02421760e+01       4.532723e-03
0 0.00435506466163536 0.004532722737285343
Stocahstic error estimate: 4.355065e-03

gnorms 0.0 0.4176095018332612
gnorms 0.09800132115965096 0.013087464235511725
step=8,E=-0.6401359982166365,dE=-0.00026082206698863075,err=0.00027219154135221,gmax=0.05062590148559244
	collect g,Hv time= 0.1842184066772461
	solver time=0.034717559814453125,exit status=0
niter= 42
	g=0.09887133391005125,del=0.9358792956572205,dot=0.04271059560538562,x=5.660399026052631
saving to  ./psi9_0
	log prob= -3.2764030047970985
	burn in time= 7.864762306213379
	sample time= 68.25817012786865
	contraction err= 6.035314175404047e-16 6.978308074723321e-15

Mean energy: -1.02464968e+01
Block size    # of blocks        Mean                Error
     1           20000       -1.02464968e+01       4.226090e-03
     2           10000       -1.02464968e+01       4.210350e-03
     5           4000       -1.02464968e+01       4.226005e-03
    10           2000       -1.02464968e+01       4.203682e-03
    20           1000       -1.02464968e+01       4.145536e-03
    50            400       -1.02464968e+01       4.247628e-03
    70            285       -1.02464590e+01       4.146135e-03
   100            200       -1.02464968e+01       4.312044e-03
   200            100       -1.02464968e+01       4.302280e-03
   500             40       -1.02464968e+01       3.922000e-03
0 0.004226089615679605 0.00392199969545383
Stocahstic error estimate: 4.226090e-03

gnorms 0.0 0.4469196044408238
gnorms 0.0634858830083056 0.01453661527200818
step=9,E=-0.6404060486206001,dE=-0.000270050403963662,err=0.0002641306009799753,gmax=0.018736583994178935
	collect g,Hv time= 0.1847999095916748
	solver time=0.03465890884399414,exit status=0
niter= 42
	g=0.06512887627550966,del=0.9018030982928398,dot=0.01645661175164663,x=5.660399026052631
saving to  ./psi10_0
	log prob= -3.2381345902918532
	burn in time= 7.892263889312744
	sample time= 68.28264474868774
	contraction err= 6.160647084725264e-16 6.349570979731939e-15

Mean energy: -1.02457250e+01
Block size    # of blocks        Mean                Error
     1           20000       -1.02457250e+01       4.356433e-03
     2           10000       -1.02457250e+01       4.367928e-03
     5           4000       -1.02457250e+01       4.372859e-03
    10           2000       -1.02457250e+01       4.364800e-03
    20           1000       -1.02457250e+01       4.467743e-03
    50            400       -1.02457250e+01       4.351467e-03
    70            285       -1.02454780e+01       4.365702e-03
   100            200       -1.02457250e+01       4.299322e-03
   200            100       -1.02457250e+01       4.808333e-03
   500             40       -1.02457250e+01       6.093305e-03
0 0.00436792799462557 0.0060933046159885864
Stocahstic error estimate: 4.367928e-03

gnorms 0.0 0.4746731603349752
gnorms 0.07457605202534325 0.011006324664774945
step=10,E=-0.6403578112536072,dE=4.8237366992887054e-05,err=0.0002729954996640981,gmax=0.023496312216226084
	collect g,Hv time= 0.18534612655639648
	solver time=0.03501558303833008,exit status=0
niter= 43
	g=0.07538386245286943,del=0.8063292178585577,dot=0.01832092836871007,x=5.660399026052631
saving to  ./psi11_0
	log prob= -3.205964945007909
	burn in time= 7.586592197418213
	sample time= 68.34374046325684
	contraction err= 6.440735812659915e-16 3.7764986090241846e-15

Mean energy: -1.02465761e+01
Block size    # of blocks        Mean                Error
     1           20000       -1.02465761e+01       4.535770e-03
     2           10000       -1.02465761e+01       4.556948e-03
     5           4000       -1.02465761e+01       4.708090e-03
    10           2000       -1.02465761e+01       4.709650e-03
    20           1000       -1.02465761e+01       4.705995e-03
    50            400       -1.02465761e+01       4.773695e-03
    70            285       -1.02472527e+01       4.805086e-03
   100            200       -1.02465761e+01       4.935307e-03
   200            100       -1.02465761e+01       4.709511e-03
   500             40       -1.02465761e+01       4.234390e-03
0 0.004556947989701711 0.004234389583582291
Stocahstic error estimate: 4.556948e-03

gnorms 0.0 0.4826378197937653
gnorms 0.049400114478215934 0.011701556896127825
step=11,E=-0.6404110063548798,dE=-5.319510127255178e-05,err=0.0002848092493563569,gmax=0.016001689066651115
	collect g,Hv time= 0.18629813194274902
	solver time=0.03522610664367676,exit status=0
niter= 43
	g=0.050767093123933696,del=0.8901561985902828,dot=0.015307348702753479,x=5.66039902605263
saving to  ./psi12_0
	log prob= -3.1633180450894622
	burn in time= 7.77689528465271
	sample time= 68.38384866714478
	contraction err= 5.767119261730077e-16 3.413046721180955e-15

Mean energy: -1.02459025e+01
Block size    # of blocks        Mean                Error
     1           20000       -1.02459025e+01       4.430872e-03
     2           10000       -1.02459025e+01       4.402515e-03
     5           4000       -1.02459025e+01       4.371688e-03
    10           2000       -1.02459025e+01       4.271380e-03
    20           1000       -1.02459025e+01       4.235910e-03
    50            400       -1.02459025e+01       4.399710e-03
    70            285       -1.02463214e+01       4.357209e-03
   100            200       -1.02459025e+01       4.305136e-03
   200            100       -1.02459025e+01       4.292992e-03
   500             40       -1.02459025e+01       4.123228e-03
0 0.004430871903227116 0.004123227592569649
Stocahstic error estimate: 4.430872e-03

gnorms 0.0 0.4905178282560973
gnorms 0.07811000482950828 0.011752274681958783
step=12,E=-0.6403689051808238,dE=4.210117405600844e-05,err=0.00027692949395169474,gmax=0.031938481488755055
	collect g,Hv time= 0.18603301048278809
	solver time=0.035955190658569336,exit status=0
niter= 42
	g=0.07898916897060013,del=0.8681833008319215,dot=0.029209854520079938,x=5.66039902605263
saving to  ./psi13_0
	log prob= -3.117612691567991
	burn in time= 7.695600748062134
	sample time= 68.47138833999634
	contraction err= 6.010149148831231e-16 5.0596921489319135e-15

Mean energy: -1.02493451e+01
Block size    # of blocks        Mean                Error
     1           20000       -1.02493451e+01       4.316989e-03
     2           10000       -1.02493451e+01       4.316089e-03
     5           4000       -1.02493451e+01       4.235548e-03
    10           2000       -1.02493451e+01       4.178615e-03
    20           1000       -1.02493451e+01       4.127897e-03
    50            400       -1.02493451e+01       4.186586e-03
    70            285       -1.02495327e+01       4.124602e-03
   100            200       -1.02493451e+01       4.178862e-03
   200            100       -1.02493451e+01       4.438938e-03
   500             40       -1.02493451e+01       4.471566e-03
0 0.004316989423517811 0.004471566246034429
Stocahstic error estimate: 4.316989e-03

gnorms 0.0 0.5123589506362833
gnorms 0.05484112972525979 0.012919722569057488
step=13,E=-0.6405840656506313,dE=-0.00021516046980751824,err=0.0002698118389698632,gmax=0.012900251218101719
	collect g,Hv time= 0.18418598175048828
	solver time=0.03680014610290527,exit status=0
niter= 46
	g=0.05634242398765062,del=0.6914656287951866,dot=0.012846044607380612,x=5.660399026052634
saving to  ./psi14_0
	log prob= -3.0998420716681405
	burn in time= 7.714760065078735
	sample time= 68.32970762252808
	contraction err= 6.190138801437374e-16 5.283839000979147e-15

Mean energy: -1.02408040e+01
Block size    # of blocks        Mean                Error
     1           20000       -1.02408040e+01       4.241601e-03
     2           10000       -1.02408040e+01       4.260430e-03
     5           4000       -1.02408040e+01       4.209623e-03
    10           2000       -1.02408040e+01       4.198416e-03
    20           1000       -1.02408040e+01       4.097508e-03
    50            400       -1.02408040e+01       4.097471e-03
    70            285       -1.02407032e+01       4.044371e-03
   100            200       -1.02408040e+01       4.002708e-03
   200            100       -1.02408040e+01       4.358601e-03
   500             40       -1.02408040e+01       5.067942e-03
0 0.004260429902220743 0.005067941743996969
Stocahstic error estimate: 4.260430e-03

gnorms 0.0 0.5175778974266955
gnorms 0.052741045027051466 0.011641592676377282
step=14,E=-0.6400502511484529,dE=0.0005338145021783758,err=0.00026627686888879644,gmax=0.011528278804647574
	collect g,Hv time= 0.18411993980407715
	solver time=0.03626751899719238,exit status=0
niter= 44
	g=0.054010596280620264,del=0.7583786367121644,dot=0.01736949740744809,x=5.660399026052629
saving to  ./psi15_0
	log prob= -3.0664841492418966
	burn in time= 7.510396957397461
	sample time= 68.39901876449585
	contraction err= 6.052983770687581e-16 7.64434381603157e-15

Mean energy: -1.02401006e+01
Block size    # of blocks        Mean                Error
     1           20000       -1.02401006e+01       4.495328e-03
     2           10000       -1.02401006e+01       4.478594e-03
     5           4000       -1.02401006e+01       4.489147e-03
    10           2000       -1.02401006e+01       4.394926e-03
    20           1000       -1.02401006e+01       4.426706e-03
    50            400       -1.02401006e+01       4.437818e-03
    70            285       -1.02396940e+01       4.411671e-03
   100            200       -1.02401006e+01       4.481238e-03
   200            100       -1.02401006e+01       4.203049e-03
   500             40       -1.02401006e+01       4.682329e-03
0 0.004495327568175844 0.004682329204611061
Stocahstic error estimate: 4.495328e-03

gnorms 0.0 0.520206204985689
gnorms 0.05921755241836434 0.012698803126214516
step=15,E=-0.6400062875318889,dE=4.396361656400227e-05,err=0.0002809579730109903,gmax=0.015423116813835236
	collect g,Hv time= 0.184906005859375
	solver time=0.03619074821472168,exit status=0
niter= 44
	g=0.060563835044191876,del=0.8810500541961506,dot=0.011364692076952614,x=5.660399026052632
saving to  ./psi16_0
	log prob= -3.0104840931757595
	burn in time= 7.885410785675049
	sample time= 68.32563400268555
	contraction err= 5.934858701078728e-16 7.64434381603157e-15

Mean energy: -1.02397832e+01
Block size    # of blocks        Mean                Error
     1           20000       -1.02397832e+01       4.203344e-03
     2           10000       -1.02397832e+01       4.170949e-03
     5           4000       -1.02397832e+01       4.203430e-03
    10           2000       -1.02397832e+01       4.094119e-03
    20           1000       -1.02397832e+01       4.121502e-03
    50            400       -1.02397832e+01       4.140841e-03
    70            285       -1.02400411e+01       4.186821e-03
   100            200       -1.02397832e+01       4.124347e-03
   200            100       -1.02397832e+01       3.653493e-03
   500             40       -1.02397832e+01       4.022987e-03
0 0.004203343560740203 0.004022987470393505
Stocahstic error estimate: 4.203344e-03

gnorms 0.0 0.526741279785616
gnorms 0.045094274632181915 0.014783107625626457
step=16,E=-0.6399864505833686,dE=1.9836948520368658e-05,err=0.0002627089725462627,gmax=0.012350303177151467
	collect g,Hv time= 0.18471050262451172
	solver time=0.03502249717712402,exit status=0
niter= 43
	g=0.047455598991831306,del=0.8628527252194294,dot=0.007352264145031245,x=5.660399026052633
saving to  ./psi17_0
	log prob= -2.9677117090847926
	burn in time= 7.833197355270386
	sample time= 68.45744347572327
	contraction err= 6.193823934596877e-16 1.0765206241976899e-14

Mean energy: -1.02391565e+01
Block size    # of blocks        Mean                Error
     1           20000       -1.02391565e+01       4.610212e-03
     2           10000       -1.02391565e+01       4.569966e-03
     5           4000       -1.02391565e+01       4.617154e-03
    10           2000       -1.02391565e+01       4.589614e-03
    20           1000       -1.02391565e+01       4.684001e-03
    50            400       -1.02391565e+01       4.518772e-03
    70            285       -1.02392489e+01       4.550320e-03
   100            200       -1.02391565e+01       4.348761e-03
   200            100       -1.02391565e+01       4.788803e-03
   500             40       -1.02391565e+01       5.363373e-03
0 0.004610211563725164 0.005363372942107737
Stocahstic error estimate: 4.610212e-03

gnorms 0.0 0.5105834215860475
gnorms 0.06769545431774529 0.01824229528911097
step=17,E=-0.6399472790711807,dE=3.917151218790771e-05,err=0.00028813822273282276,gmax=0.027887257625520107
	collect g,Hv time= 0.18414664268493652
	solver time=0.03555631637573242,exit status=0
niter= 44
	g=0.07011031217090008,del=1.1183196573283878,dot=0.029149564145366257,x=5.660399026052634
saving to  ./psi18_0
	log prob= -2.895901811181207
	burn in time= 7.611660480499268
	sample time= 68.47692346572876
	contraction err= 5.722690185199018e-16 2.160854016158174e-14

Mean energy: -1.02482658e+01
Block size    # of blocks        Mean                Error
     1           20000       -1.02482658e+01       4.712376e-03
     2           10000       -1.02482658e+01       4.717073e-03
     5           4000       -1.02482658e+01       4.721688e-03
    10           2000       -1.02482658e+01       4.748167e-03
    20           1000       -1.02482658e+01       4.702126e-03
    50            400       -1.02482658e+01       4.591161e-03
    70            285       -1.02481638e+01       4.770644e-03
   100            200       -1.02482658e+01       4.630637e-03
   200            100       -1.02482658e+01       4.623021e-03
   500             40       -1.02482658e+01       4.945511e-03
0 0.004717072952325545 0.004945510643559225
Stocahstic error estimate: 4.717073e-03

gnorms 0.0 0.5393752181723299
gnorms 0.28340302264719613 0.015297934746387406
step=18,E=-0.6405166098790711,dE=-0.0005693308078904558,err=0.00029481705952034656,gmax=0.13198522508353905
	collect g,Hv time= 0.1836862564086914
	solver time=0.036774635314941406,exit status=0
niter= 44
	g=0.28381560924845534,del=1.093490682999479,dot=0.07471883630081927,x=5.66039902605263
saving to  ./psi19_0
	log prob= -2.8275863542497746
	burn in time= 7.718815088272095
	sample time= 68.59687852859497
	contraction err= 5.475321070675968e-16 5.3696535593925804e-15

Mean energy: -1.02437136e+01
Block size    # of blocks        Mean                Error
     1           20000       -1.02437136e+01       4.252903e-03
     2           10000       -1.02437136e+01       4.227356e-03
     5           4000       -1.02437136e+01       4.232978e-03
    10           2000       -1.02437136e+01       4.219376e-03
    20           1000       -1.02437136e+01       4.256574e-03
    50            400       -1.02437136e+01       4.263979e-03
    70            285       -1.02437614e+01       4.198080e-03
   100            200       -1.02437136e+01       4.383876e-03
   200            100       -1.02437136e+01       4.373598e-03
   500             40       -1.02437136e+01       4.196718e-03
0 0.0042529026003302875 0.004196717710378367
Stocahstic error estimate: 4.252903e-03

gnorms 0.0 0.5605769793514243
gnorms 0.04234350266611218 0.012115099118812844
step=19,E=-0.6402321018351553,dE=0.00028450804391577655,err=0.00026580641252064297,gmax=0.008041928406831045
	collect g,Hv time= 0.18409442901611328
	solver time=0.034984588623046875,exit status=0
niter= 43
	g=0.044042568552409705,del=1.2475383276220269,dot=0.0114037243591983,x=5.660399026052631
saving to  ./psi20_0
	log prob= -2.751374002081497
	burn in time= 7.700953722000122
	sample time= 68.40223026275635
	contraction err= 5.72011656075081e-16 4.884887232223334e-15

Mean energy: -1.02471617e+01
Block size    # of blocks        Mean                Error
     1           20000       -1.02471617e+01       4.487915e-03
     2           10000       -1.02471617e+01       4.493146e-03
     5           4000       -1.02471617e+01       4.478504e-03
    10           2000       -1.02471617e+01       4.476271e-03
    20           1000       -1.02471617e+01       4.438965e-03
    50            400       -1.02471617e+01       4.561206e-03
    70            285       -1.02473290e+01       4.716605e-03
   100            200       -1.02471617e+01       4.651320e-03
   200            100       -1.02471617e+01       4.826581e-03
   500             40       -1.02471617e+01       4.994592e-03
0 0.004493145783090793 0.004994591613102062
Stocahstic error estimate: 4.493146e-03

gnorms 0.0 0.5542710984936587
gnorms 0.0439067439195265 0.014781109438486548
step=20,E=-0.6404476046776283,dE=-0.0002155028424729588,err=0.0002808216114431746,gmax=0.0188452630067808
	collect g,Hv time= 0.18552303314208984
	solver time=0.03500032424926758,exit status=0
niter= 43
	g=0.04632799755922323,del=1.3844940807938364,dot=0.015475073265682935,x=5.660399026052631
saving to  ./psi21_0
	log prob= -2.662808883890188
	burn in time= 7.5128912925720215
	sample time= 68.49883913993835
	contraction err= 5.708024829143854e-16 6.822995736550642e-15

Mean energy: -1.02473605e+01
Block size    # of blocks        Mean                Error
     1           20000       -1.02473605e+01       4.586189e-03
     2           10000       -1.02473605e+01       4.602024e-03
     5           4000       -1.02473605e+01       4.568709e-03
    10           2000       -1.02473605e+01       4.621535e-03
    20           1000       -1.02473605e+01       4.669993e-03
    50            400       -1.02473605e+01       4.670689e-03
    70            285       -1.02472267e+01       4.623207e-03
   100            200       -1.02473605e+01       4.440561e-03
   200            100       -1.02473605e+01       4.504488e-03
   500             40       -1.02473605e+01       3.722477e-03
0 0.004602023625927375 0.003722477100139907
Stocahstic error estimate: 4.602024e-03

gnorms 0.0 0.5617093340398877
gnorms 0.046125552065087914 0.015127926868977777
step=21,E=-0.6404600288801413,dE=-1.2424202513017235e-05,err=0.00028762647662046095,gmax=0.014084798885887706
	collect g,Hv time= 0.18612051010131836
	solver time=0.03327202796936035,exit status=0
niter= 40
	g=0.0485429781190058,del=1.6593715471107964,dot=0.014580178172314677,x=5.660399026052632
saving to  ./psi22_0
	log prob= -2.558243266199958
	burn in time= 7.703006744384766
	sample time= 68.38517093658447
	contraction err= 6.038448626670666e-16 9.045513700310052e-15

Mean energy: -1.02447220e+01
Block size    # of blocks        Mean                Error
     1           20000       -1.02447220e+01       4.663465e-03
     2           10000       -1.02447220e+01       4.668411e-03
     5           4000       -1.02447220e+01       4.664602e-03
    10           2000       -1.02447220e+01       4.636165e-03
    20           1000       -1.02447220e+01       4.722356e-03
    50            400       -1.02447220e+01       4.832194e-03
    70            285       -1.02446015e+01       4.783894e-03
   100            200       -1.02447220e+01       5.081689e-03
   200            100       -1.02447220e+01       5.226925e-03
   500             40       -1.02447220e+01       5.883297e-03
0 0.004668411429002374 0.005883296619021757
Stocahstic error estimate: 4.668411e-03

gnorms 0.0 0.5865773368800078
gnorms 0.08228640491988261 0.018592566512267195
step=22,E=-0.6402951249320257,dE=0.00016490394811563558,err=0.0002917757143126484,gmax=0.022715547605897557
	collect g,Hv time= 0.18419122695922852
	solver time=0.032625436782836914,exit status=0
niter= 39
	g=0.08436074895442763,del=1.8345990116632713,dot=0.02758042593949033,x=5.660399026052629
saving to  ./psi23_0
	log prob= -2.466862608611333
	burn in time= 7.772201299667358
	sample time= 68.59909176826477
	contraction err= 6.12884795570095e-16 6.677259034581501e-15

Mean energy: -1.02483473e+01
Block size    # of blocks        Mean                Error
     1           20000       -1.02483473e+01       4.356354e-03
     2           10000       -1.02483473e+01       4.355667e-03
     5           4000       -1.02483473e+01       4.325065e-03
    10           2000       -1.02483473e+01       4.338598e-03
    20           1000       -1.02483473e+01       4.188916e-03
    50            400       -1.02483473e+01       4.288673e-03
    70            285       -1.02482128e+01       4.401444e-03
   100            200       -1.02483473e+01       4.242094e-03
   200            100       -1.02483473e+01       4.683398e-03
   500             40       -1.02483473e+01       4.345864e-03
0 0.004356354210210351 0.0043458643297384246
Stocahstic error estimate: 4.356354e-03

gnorms 0.0 0.5880126755438035
gnorms 0.07009743670753209 0.022161277947024913
step=23,E=-0.6405217057201775,dE=-0.00022658078815185334,err=0.0002722721381381469,gmax=0.011698729456306012
	collect g,Hv time= 0.18432211875915527
	solver time=0.03535771369934082,exit status=0
niter= 42
	g=0.07351716039954047,del=1.669244518055544,dot=0.02057089483469327,x=5.660399026052632
saving to  ./psi24_0
	log prob= -2.381355408733362
	burn in time= 7.936479330062866
	sample time= 68.62353038787842
	contraction err= 6.016532887459636e-16 3.813684437732434e-15

Mean energy: -1.02511257e+01
Block size    # of blocks        Mean                Error
     1           20000       -1.02511257e+01       4.231037e-03
     2           10000       -1.02511257e+01       4.225055e-03
     5           4000       -1.02511257e+01       4.286504e-03
    10           2000       -1.02511257e+01       4.266549e-03
    20           1000       -1.02511257e+01       4.227716e-03
    50            400       -1.02511257e+01       4.322451e-03
    70            285       -1.02512321e+01       4.398841e-03
   100            200       -1.02511257e+01       4.282313e-03
   200            100       -1.02511257e+01       4.432651e-03
   500             40       -1.02511257e+01       4.515360e-03
0 0.004231037332081526 0.004515360354266754
Stocahstic error estimate: 4.231037e-03

gnorms 0.0 0.5832285889168412
gnorms 0.06739844864979798 0.016148080899539872
step=24,E=-0.6406953540355156,dE=-0.0001736483153380597,err=0.0002644398332550954,gmax=0.013506100878542038
	collect g,Hv time= 0.18401551246643066
	solver time=0.0417482852935791,exit status=0
niter= 39
	g=0.06930592613288952,del=1.7767890879377348,dot=0.01943622484486201,x=5.660399026052634
saving to  ./psi25_0
	log prob= -2.2798093577591914
	burn in time= 7.672955751419067
	sample time= 68.79739713668823
	contraction err= 5.925375069872281e-16 5.135216765714875e-15

Mean energy: -1.02554142e+01
Block size    # of blocks        Mean                Error
     1           20000       -1.02554142e+01       4.256847e-03
     2           10000       -1.02554142e+01       4.246339e-03
     5           4000       -1.02554142e+01       4.249509e-03
    10           2000       -1.02554142e+01       4.307736e-03
    20           1000       -1.02554142e+01       4.155464e-03
    50            400       -1.02554142e+01       4.199050e-03
    70            285       -1.02556986e+01       4.114581e-03
   100            200       -1.02554142e+01       4.246514e-03
   200            100       -1.02554142e+01       4.208715e-03
   500             40       -1.02554142e+01       3.882543e-03
0 0.004256847261812476 0.0038825425220859176
Stocahstic error estimate: 4.256847e-03

gnorms 0.0 0.6081776596820533
gnorms 0.06745655848284644 0.01649344779125027
step=25,E=-0.6409633868501389,dE=-0.0002680328146232869,err=0.0002660529538632797,gmax=0.021786609810481472
	collect g,Hv time= 0.18433904647827148
	solver time=0.044251203536987305,exit status=0
niter= 40
	g=0.06944365415495055,del=1.7097706411105384,dot=0.025660361865853985,x=5.660399026052632
saving to  ./psi26_0
	log prob= -2.1882231469242788
	burn in time= 7.790683269500732
	sample time= 68.50317859649658
	contraction err= 5.839114588573355e-16 6.3123111338487695e-15

Mean energy: -1.02507966e+01
Block size    # of blocks        Mean                Error
     1           20000       -1.02507966e+01       4.232515e-03
     2           10000       -1.02507966e+01       4.234275e-03
     5           4000       -1.02507966e+01       4.175584e-03
    10           2000       -1.02507966e+01       4.148136e-03
    20           1000       -1.02507966e+01       4.099463e-03
    50            400       -1.02507966e+01       4.111537e-03
    70            285       -1.02508299e+01       4.240350e-03
   100            200       -1.02507966e+01       4.091449e-03
   200            100       -1.02507966e+01       4.057449e-03
   500             40       -1.02507966e+01       4.605056e-03
0 0.004234274729843262 0.004605056362300332
Stocahstic error estimate: 4.234275e-03

gnorms 0.0 0.6226672695495291
gnorms 0.059501578562329675 0.01578616651161066
step=26,E=-0.6406747847183653,dE=0.0002886021317736187,err=0.00026464217061520387,gmax=0.01913361947998632
	collect g,Hv time= 0.1849839687347412
	solver time=0.045302391052246094,exit status=0
niter= 40
	g=0.061560059328605164,del=1.7740117945984226,dot=0.019802134136655148,x=5.660399026052632
saving to  ./psi27_0
	log prob= -2.0905964698525157
	burn in time= 7.86567759513855
	sample time= 68.60060501098633
	contraction err= 6.025412488784358e-16 9.606152488949699e-15

Mean energy: -1.02533492e+01
Block size    # of blocks        Mean                Error
     1           20000       -1.02533492e+01       4.458462e-03
     2           10000       -1.02533492e+01       4.432279e-03
     5           4000       -1.02533492e+01       4.403133e-03
    10           2000       -1.02533492e+01       4.420641e-03
    20           1000       -1.02533492e+01       4.407706e-03
    50            400       -1.02533492e+01       4.334586e-03
    70            285       -1.02531485e+01       4.526139e-03
   100            200       -1.02533492e+01       4.323459e-03
   200            100       -1.02533492e+01       4.075793e-03
   500             40       -1.02533492e+01       3.896388e-03
0 0.004458461729907672 0.0038963877485562164
Stocahstic error estimate: 4.458462e-03

gnorms 0.0 0.6381083404647181
gnorms 0.09948988728229402 0.018299883358201912
step=27,E=-0.6408343226309233,dE=-0.00015953791255807204,err=0.0002786538581192295,gmax=0.031961952643269655
	collect g,Hv time= 0.18511128425598145
	solver time=0.04896116256713867,exit status=0
niter= 43
	g=0.10115890174555754,del=1.8831188461701451,dot=0.03190172646637747,x=5.660399026052629
saving to  ./psi28_0
	log prob= -1.9880103381209615
	burn in time= 7.6276233196258545
	sample time= 68.68534469604492
	contraction err= 5.936235548046931e-16 7.480270418280217e-15

Mean energy: -1.02547947e+01
Block size    # of blocks        Mean                Error
     1           20000       -1.02547947e+01       3.998453e-03
     2           10000       -1.02547947e+01       3.954861e-03
     5           4000       -1.02547947e+01       3.917371e-03
    10           2000       -1.02547947e+01       3.928873e-03
    20           1000       -1.02547947e+01       3.956412e-03
    50            400       -1.02547947e+01       3.969661e-03
    70            285       -1.02544823e+01       3.877551e-03
   100            200       -1.02547947e+01       4.045886e-03
   200            100       -1.02547947e+01       4.005007e-03
   500             40       -1.02547947e+01       3.419713e-03
0 0.00399845328609539 0.0034197131390907073
Stocahstic error estimate: 3.998453e-03

gnorms 0.0 0.6585375072772908
gnorms 0.07396096486877848 0.025107501330830544
step=28,E=-0.6409246669431202,dE=-9.034431219689942e-05,err=0.0002499033303809619,gmax=0.013591519732289281
	collect g,Hv time= 0.18451547622680664
	solver time=0.04937124252319336,exit status=0
niter= 42
	g=0.07810640785107419,del=1.7986114904457187,dot=0.022396189535298382,x=5.660399026052632
saving to  ./psi29_0
	log prob= -1.8918444443296725
	burn in time= 7.6652867794036865
	sample time= 68.55267858505249
	contraction err= 5.889496110055872e-16 3.028313286647969e-15

Mean energy: -1.02545613e+01
Block size    # of blocks        Mean                Error
     1           20000       -1.02545613e+01       4.235577e-03
     2           10000       -1.02545613e+01       4.272629e-03
     5           4000       -1.02545613e+01       4.254852e-03
    10           2000       -1.02545613e+01       4.239914e-03
    20           1000       -1.02545613e+01       4.199900e-03
    50            400       -1.02545613e+01       4.187168e-03
    70            285       -1.02544540e+01       4.320054e-03
   100            200       -1.02545613e+01       4.392151e-03
   200            100       -1.02545613e+01       4.096037e-03
   500             40       -1.02545613e+01       4.072602e-03
0 0.004272628823951707 0.00407260178571056
Stocahstic error estimate: 4.272629e-03

gnorms 0.0 0.690054193280495
gnorms 0.07587112990295283 0.025439718456032056
step=29,E=-0.6409100822545678,dE=1.4584688552421454e-05,err=0.0002670393014969817,gmax=0.012986250750326
	collect g,Hv time= 0.1844015121459961
	solver time=0.04997587203979492,exit status=0
niter= 42
	g=0.08002254449761595,del=1.7912313680492475,dot=0.024725942257673363,x=5.660399026052628
saving to  ./psi30_0
	log prob= -1.7931213496988851
	burn in time= 7.737348556518555
	sample time= 68.65878963470459
	contraction err= 5.882005504317093e-16 7.111335580356646e-15

Mean energy: -1.02642482e+01
Block size    # of blocks        Mean                Error
     1           20000       -1.02642482e+01       3.977547e-03
     2           10000       -1.02642482e+01       4.002910e-03
     5           4000       -1.02642482e+01       4.037714e-03
    10           2000       -1.02642482e+01       4.121975e-03
    20           1000       -1.02642482e+01       4.125368e-03
    50            400       -1.02642482e+01       4.259846e-03
    70            285       -1.02645274e+01       4.141016e-03
   100            200       -1.02642482e+01       4.180519e-03
   200            100       -1.02642482e+01       4.303783e-03
   500             40       -1.02642482e+01       4.700312e-03
0 0.0040029096172429805 0.004700312193040495
Stocahstic error estimate: 4.002910e-03

gnorms 0.0 0.7232357997154922
gnorms 0.07541291469543226 0.02663536332167956
step=30,E=-0.6415155122887485,dE=-0.0006054300341806762,err=0.0002501818510776863,gmax=0.017389326922838122
	collect g,Hv time= 0.18499112129211426
	solver time=0.05073833465576172,exit status=0
niter= 42
	g=0.07997843635717328,del=1.7286618981706254,dot=0.023460705785459505,x=5.660399026052631
saving to  ./psi31_0
	log prob= -1.7579438553992643
	burn in time= 7.631189823150635
	sample time= 68.73654103279114
	contraction err= 5.852607435097524e-16 5.856618844623522e-15

Mean energy: -1.02565285e+01
Block size    # of blocks        Mean                Error
     1           20000       -1.02565285e+01       4.027379e-03
     2           10000       -1.02565285e+01       4.025605e-03
     5           4000       -1.02565285e+01       4.013485e-03
    10           2000       -1.02565285e+01       4.051097e-03
    20           1000       -1.02565285e+01       4.049661e-03
    50            400       -1.02565285e+01       4.175249e-03
    70            285       -1.02562967e+01       4.156408e-03
   100            200       -1.02565285e+01       4.184452e-03
   200            100       -1.02565285e+01       4.347852e-03
   500             40       -1.02565285e+01       4.246384e-03
0 0.00402737888938776 0.004246383596199511
Stocahstic error estimate: 4.027379e-03

gnorms 0.0 0.7409475675068661
gnorms 0.07704291968315549 0.027334982306617725
step=31,E=-0.6410330318229351,dE=0.0004824804658133397,err=0.000251711180586735,gmax=0.016346690210519377
	collect g,Hv time= 0.1848158836364746
	solver time=0.05412483215332031,exit status=0
niter= 41
	g=0.0817484723466332,del=1.8146373065553034,dot=0.0246781581144381,x=5.660399026052631
saving to  ./psi32_0
	log prob= -1.6632577437531602
	burn in time= 7.8363142013549805
	sample time= 68.82740497589111
	contraction err= 6.130858798310928e-16 4.0635748364316135e-15

Mean energy: -1.02685826e+01
Block size    # of blocks        Mean                Error
     1           20000       -1.02685826e+01       4.028486e-03
     2           10000       -1.02685826e+01       3.985343e-03
     5           4000       -1.02685826e+01       4.010230e-03
    10           2000       -1.02685826e+01       3.983786e-03
    20           1000       -1.02685826e+01       4.019001e-03
    50            400       -1.02685826e+01       3.934070e-03
    70            285       -1.02682606e+01       3.967680e-03
   100            200       -1.02685826e+01       4.035470e-03
   200            100       -1.02685826e+01       3.901767e-03
   500             40       -1.02685826e+01       4.171619e-03
0 0.004028486170768676 0.004171618986228023
Stocahstic error estimate: 4.028486e-03

gnorms 0.0 0.770838017247571
gnorms 0.08481637668331124 0.023568624509570278
step=32,E=-0.64178641460784,dE=-0.000753382784904888,err=0.00025178038567304223,gmax=0.018884664325551803
	collect g,Hv time= 0.18643474578857422
	solver time=0.050397634506225586,exit status=0
niter= 40
	g=0.08803009607491326,del=1.5970714256019833,dot=0.01921178285805791,x=5.660399026052629
saving to  ./psi33_0
	log prob= -1.60000276015926
	burn in time= 7.776358127593994
