block_dict= [(0, 320000)]
sizes= [320000]
RANK= 0
SIZE= 640
Lx,Ly= 8 8
D= 8
chi= 16
rate= 0.1 0.5
cond= 0.001 0.001
nparams= 320000
	prob= 9.519884314374488e-07
	burn in time= 91.41927599906921
	sample time= 638.5730111598969
	contraction err= 0.00012360092075476125 0.014633638989923566

Mean energy: -3.06489155e+01
Block size    # of blocks        Mean                Error
     1           10000       -3.06489155e+01       3.607514e-03
     2           5000       -3.06489155e+01       3.653575e-03
     5           2000       -3.06489155e+01       3.706810e-03
    10           1000       -3.06489155e+01       3.668056e-03
    20            500       -3.06489155e+01       3.746054e-03
    50            200       -3.06489155e+01       3.766977e-03
    70            142       -3.06482869e+01       3.879770e-03
   100            100       -3.06489155e+01       3.670715e-03
   200             50       -3.06489155e+01       3.561879e-03
   500             20       -3.06489155e+01       3.197291e-03
0 0.0036535748419596593 0.003197291450494247
Stocahstic error estimate: 3.653575e-03

step=10,E=-0.47888930524077433,dE=-0.47888930524077433,err=5.7087106905619676e-05,gmax=0.06572861842660416
	collect g,Hv time= 15.314741134643555
	solver time=3.0755040645599365,exit status=0
niter= 44
pure_newton= False
niter= 149
	solver time=20.282344579696655,exit status=0
	prob= 3.412041426622329e-07
	burn in time= 79.80393266677856
	sample time= 1589.4187860488892
	contraction err= 0.00014405069988402381 0.007072483275317179

Mean energy: -3.07110036e+01
Block size    # of blocks        Mean                Error
     1           10000       -3.07110036e+01       3.222427e-03
     2           5000       -3.07110036e+01       3.187101e-03
     5           2000       -3.07110036e+01       3.241787e-03
    10           1000       -3.07110036e+01       3.204346e-03
    20            500       -3.07110036e+01       3.173844e-03
    50            200       -3.07110036e+01       3.012383e-03
    70            142       -3.07111303e+01       3.246972e-03
   100            100       -3.07110036e+01       3.005324e-03
   200             50       -3.07110036e+01       3.187225e-03
   500             20       -3.07110036e+01       3.565634e-03
0 0.003222426814895861 0.003565634205586104
Stocahstic error estimate: 3.222427e-03

	predict=-0.020439515689826326,actual=(-0.062088017123972605, 0.004871616128469118)
	g=0.5108028265911615,del=0.4475593047385051,dot=0.04086734858131838,x=19.35476343383239
	prob= 3.412041426622329e-07
	burn in time= 79.9428939819336
block_dict= [(0, 320000)]
sizes= [320000]
RANK= 0
SIZE= 640
Lx,Ly= 8 8
D= 8
chi= 16
rate= 0.1 0.5
cond= 0.001 0.001
nparams= 320000
	prob= 0.0001758913881387253
	burn in time= 91.24999904632568
	sample time= 639.753139257431
	contraction err= 0.00014406728359915192 0.015173424463330384

Mean energy: -3.07169472e+01
Block size    # of blocks        Mean                Error
     1           10000       -3.07169472e+01       3.152805e-03
     2           5000       -3.07169472e+01       3.184360e-03
     5           2000       -3.07169472e+01       3.208488e-03
    10           1000       -3.07169472e+01       3.292736e-03
    20            500       -3.07169472e+01       3.295180e-03
    50            200       -3.07169472e+01       3.360742e-03
    70            142       -3.07172521e+01       3.345459e-03
   100            100       -3.07169472e+01       3.454875e-03
   200             50       -3.07169472e+01       3.286903e-03
   500             20       -3.07169472e+01       3.356914e-03
0 0.003184360096947194 0.003356914133335997
Stocahstic error estimate: 3.184360e-03

step=11,E=-0.4799523002251368,dE=-0.4799523002251368,err=4.9755626514799906e-05,gmax=0.04223773257616514
	collect g,Hv time= 11.327735424041748
	solver time=3.0899717807769775,exit status=0
niter= 44
pure_newton= False
	solver time=21.41055917739868,exit status=0
niter= 157
	prob= 6.454787860063158e-05
	burn in time= 89.85299158096313
	sample time= 1596.0785820484161
	contraction err= 0.0001744955655174162 0.013715441967554884

Mean energy: -3.07693101e+01
Block size    # of blocks        Mean                Error
     1           10000       -3.07693101e+01       2.844776e-03
     2           5000       -3.07693101e+01       2.808009e-03
     5           2000       -3.07693101e+01       2.776043e-03
    10           1000       -3.07693101e+01       2.733772e-03
    20            500       -3.07693101e+01       2.639447e-03
    50            200       -3.07693101e+01       2.766038e-03
    70            142       -3.07693266e+01       2.656485e-03
   100            100       -3.07693101e+01       2.694146e-03
   200             50       -3.07693101e+01       2.697883e-03
   500             20       -3.07693101e+01       3.036952e-03
0 0.0028447760766380456 0.0030369519776587673
Stocahstic error estimate: 2.844776e-03

	predict=-0.01670644546407384,actual=(-0.05236286254266176, 0.004270000017943993)
	g=0.4089115966242539,del=0.4856890382322581,dot=0.03339878369845405,x=20.322501605524018
	prob= 6.454787860063158e-05
	burn in time= 87.98239493370056
	sample time= 2717.080982685089
	contraction err= 0.0001728955796903569 0.019983318277877634

Mean energy: -3.07683385e+01
Block size    # of blocks        Mean                Error
     1           10000       -3.07683385e+01       2.876272e-03
     2           5000       -3.07683385e+01       2.851061e-03
     5           2000       -3.07683385e+01       2.844172e-03
    10           1000       -3.07683385e+01       2.866794e-03
    20            500       -3.07683385e+01       2.870832e-03
    50            200       -3.07683385e+01       2.741684e-03
    70            142       -3.07682292e+01       2.450837e-03
   100            100       -3.07683385e+01       2.540017e-03
   200             50       -3.07683385e+01       2.490202e-03
   500             20       -3.07683385e+01       2.793484e-03
0 0.0028762722429038034 0.002793483580190335
Stocahstic error estimate: 2.876272e-03

block_dict= [(0, 320000)]
sizes= [320000]
RANK= 0
SIZE= 640
Lx,Ly= 8 8
D= 8
chi= 16
rate= 0.1 0.5
cond= 0.001 0.001
nparams= 320000
	prob= 0.0002306841829063464
	burn in time= 85.85394024848938
	sample time= 640.8543510437012
	contraction err= 0.00017053302417230183 0.012369373937331883

Mean energy: -3.07655429e+01
Block size    # of blocks        Mean                Error
     1           10000       -3.07655429e+01       2.904183e-03
     2           5000       -3.07655429e+01       2.875250e-03
     5           2000       -3.07655429e+01       2.888231e-03
    10           1000       -3.07655429e+01       2.807060e-03
    20            500       -3.07655429e+01       2.896090e-03
    50            200       -3.07655429e+01       2.848808e-03
    70            142       -3.07655307e+01       2.829831e-03
   100            100       -3.07655429e+01       2.717789e-03
   200             50       -3.07655429e+01       2.726712e-03
   500             20       -3.07655429e+01       2.997948e-03
0 0.0029041832217003285 0.0029979482388940108
Stocahstic error estimate: 2.904183e-03

step=12,E=-0.48071160726991274,dE=-0.48071160726991274,err=4.537786283906763e-05,gmax=0.03408539979682956
	collect g,Hv time= 12.002563714981079
	solver time=3.1395630836486816,exit status=0
niter= 45
pure_newton= False
	solver time=17.01499366760254,exit status=0
niter= 126
	prob= 9.329446917182283e-05
	burn in time= 87.41482329368591
	sample time= 1599.5134484767914
	contraction err= 0.00021377043022111574 0.051991320582373234

Mean energy: -3.08096300e+01
Block size    # of blocks        Mean                Error
     1           10000       -3.08096300e+01       5.715567e-03
     2           5000       -3.08096300e+01       5.710426e-03
     5           2000       -3.08096300e+01       5.739292e-03
    10           1000       -3.08096300e+01       5.763373e-03
    20            500       -3.08096300e+01       5.764916e-03
    50            200       -3.08096300e+01       5.626174e-03
    70            142       -3.08094047e+01       5.945295e-03
   100            100       -3.08096300e+01       5.757297e-03
   200             50       -3.08096300e+01       5.982149e-03
   500             20       -3.08096300e+01       6.150652e-03
0 0.005715566707400488 0.006150651669410005
Stocahstic error estimate: 5.715567e-03

	predict=-0.013113857945612279,actual=(-0.0440871050820526, 0.0064110828236695365)
	g=0.3564502295195612,del=0.4824634534938718,dot=0.026220121410002635,x=20.525726621579228
block_dict= [(0, 320000)]
sizes= [320000]
RANK= 0
SIZE= 640
Lx,Ly= 8 8
D= 8
chi= 16
rate= 0.1 0.5
cond= 0.001 0.001
nparams= 320000
	prob= 0.00033342007293130283
	burn in time= 86.89045333862305
	sample time= 642.4408845901489
	contraction err= 0.00019782137648989917 0.009125029310840136

Mean energy: -3.08087792e+01
Block size    # of blocks        Mean                Error
     1           10000       -3.08087792e+01       2.591548e-03
     2           5000       -3.08087792e+01       2.599164e-03
     5           2000       -3.08087792e+01       2.601107e-03
    10           1000       -3.08087792e+01       2.654838e-03
    20            500       -3.08087792e+01       2.674117e-03
    50            200       -3.08087792e+01       2.652784e-03
    70            142       -3.08087466e+01       2.814269e-03
   100            100       -3.08087792e+01       2.717584e-03
   200             50       -3.08087792e+01       2.920012e-03
   500             20       -3.08087792e+01       2.912893e-03
0 0.0025991641226301974 0.002912892823243002
Stocahstic error estimate: 2.599164e-03

step=13,E=-0.4813871744711064,dE=-0.4813871744711064,err=4.0611939416096834e-05,gmax=0.027968176952782642
	collect g,Hv time= 10.974202871322632
	solver time=3.0817418098449707,exit status=0
niter= 44
pure_newton= False
niter= 119
	solver time=16.226998567581177,exit status=0
	prob= 0.00014014509140090954
	burn in time= 92.17213201522827
	sample time= 1598.682742357254
	contraction err= 0.00023274066220167283 0.026459524706093068

Mean energy: -3.08429964e+01
Block size    # of blocks        Mean                Error
     1           10000       -3.08429964e+01       2.597862e-03
     2           5000       -3.08429964e+01       2.605057e-03
     5           2000       -3.08429964e+01       2.591604e-03
    10           1000       -3.08429964e+01       2.610043e-03
    20            500       -3.08429964e+01       2.624951e-03
    50            200       -3.08429964e+01       2.602090e-03
    70            142       -3.08428770e+01       2.716116e-03
   100            100       -3.08429964e+01       2.891049e-03
   200             50       -3.08429964e+01       3.306712e-03
   500             20       -3.08429964e+01       3.765169e-03
0 0.0026050573053277813 0.0037651685334636575
Stocahstic error estimate: 2.605057e-03

	predict=-0.010006753287908374,actual=(-0.034217259080836726, 0.0036799426218909505)
	g=0.28421081086158784,del=0.49878536387133104,dot=0.020011072281228687,x=20.730983887795023
block_dict= [(0, 320000)]
sizes= [320000]
RANK= 0
SIZE= 640
Lx,Ly= 8 8
D= 8
chi= 16
rate= 0.1 0.5
cond= 0.001 0.001
nparams= 320000
	prob= 0.0005008569855282351
	burn in time= 100.1978485584259
	sample time= 639.8222899436951
	contraction err= 0.00021973250288624536 0.013568635411528288

Mean energy: -3.08395387e+01
Block size    # of blocks        Mean                Error
     1           10000       -3.08395387e+01       2.523116e-03
     2           5000       -3.08395387e+01       2.502206e-03
     5           2000       -3.08395387e+01       2.472504e-03
    10           1000       -3.08395387e+01       2.419947e-03
    20            500       -3.08395387e+01       2.413412e-03
    50            200       -3.08395387e+01       2.613751e-03
    70            142       -3.08395709e+01       2.457644e-03
   100            100       -3.08395387e+01       2.388663e-03
   200             50       -3.08395387e+01       2.437130e-03
   500             20       -3.08395387e+01       2.598853e-03
0 0.0025231155478688478 0.0025988534654725246
Stocahstic error estimate: 2.523116e-03

step=14,E=-0.4818677928543817,dE=-0.4818677928543817,err=3.9423680435450746e-05,gmax=0.026912147977636636
	collect g,Hv time= 10.635292530059814
	solver time=3.145240306854248,exit status=0
niter= 45
pure_newton= False
	solver time=21.805073261260986,exit status=0
niter= 162
	prob= 0.00023479148920074185
	burn in time= 81.25120520591736
	sample time= 1603.7422468662262
	contraction err= 0.00026564362423250236 0.025992314929005868

Mean energy: -3.08573924e+01
Block size    # of blocks        Mean                Error
     1           10000       -3.08573924e+01       2.437750e-03
     2           5000       -3.08573924e+01       2.421489e-03
     5           2000       -3.08573924e+01       2.429677e-03
    10           1000       -3.08573924e+01       2.365177e-03
    20            500       -3.08573924e+01       2.429205e-03
    50            200       -3.08573924e+01       2.413644e-03
    70            142       -3.08574764e+01       2.626075e-03
   100            100       -3.08573924e+01       2.416387e-03
   200             50       -3.08573924e+01       2.560606e-03
   500             20       -3.08573924e+01       3.011164e-03
0 0.0024377503376217216 0.003011163537342819
Stocahstic error estimate: 2.437750e-03

	predict=-0.008870317705471562,actual=(-0.017853612912801964, 0.0035083812188062367)
	g=0.2720950273588629,del=0.49805492788181277,dot=0.01774133139149317,x=20.93829372667297
block_dict= [(0, 320000)]
sizes= [320000]
RANK= 0
SIZE= 640
Lx,Ly= 8 8
D= 8
chi= 16
rate= 0.1 0.5
cond= 0.001 0.001
nparams= 320000
	prob= 0.0008391086432871386
	burn in time= 90.37918591499329
	sample time= 640.7396066188812
	contraction err= 0.0002626066663924439 0.0158759502004587

Mean energy: -3.08656773e+01
Block size    # of blocks        Mean                Error
     1           10000       -3.08656773e+01       2.398823e-03
     2           5000       -3.08656773e+01       2.397760e-03
     5           2000       -3.08656773e+01       2.355633e-03
    10           1000       -3.08656773e+01       2.405392e-03
    20            500       -3.08656773e+01       2.308074e-03
    50            200       -3.08656773e+01       2.450794e-03
    70            142       -3.08655320e+01       2.332723e-03
   100            100       -3.08656773e+01       2.456622e-03
   200             50       -3.08656773e+01       2.545517e-03
   500             20       -3.08656773e+01       2.538086e-03
0 0.0023988234100853468 0.002538085545848729
Stocahstic error estimate: 2.398823e-03

step=15,E=-0.48227620743467253,dE=-0.48227620743467253,err=3.748161578258354e-05,gmax=0.026804405007425203
	collect g,Hv time= 13.502118587493896
	solver time=3.1585376262664795,exit status=0
niter= 45
pure_newton= False
	solver time=16.135602951049805,exit status=0
niter= 118
	prob= 0.0004142773069599337
	burn in time= 80.27252650260925
	sample time= 1603.717393398285
	contraction err= 0.00028072831110392745 0.020537594693429466

Mean energy: -3.08812817e+01
Block size    # of blocks        Mean                Error
     1           10000       -3.08812817e+01       2.454034e-03
     2           5000       -3.08812817e+01       2.473056e-03
     5           2000       -3.08812817e+01       2.551821e-03
    10           1000       -3.08812817e+01       2.564107e-03
    20            500       -3.08812817e+01       2.479540e-03
    50            200       -3.08812817e+01       2.658398e-03
    70            142       -3.08814129e+01       2.822830e-03
   100            100       -3.08812817e+01       2.431974e-03
   200             50       -3.08812817e+01       2.447130e-03
   500             20       -3.08812817e+01       2.443466e-03
0 0.0024730563409557696 0.002443465708912851
Stocahstic error estimate: 2.473056e-03

	predict=-0.007428801610176132,actual=(-0.015604430800191693, 0.003445339086115477)
	g=0.23074237397081823,del=0.5128588688285571,dot=0.01486383652588908,x=21.147676663939738
block_dict= [(0, 320000)]
sizes= [320000]
RANK= 0
SIZE= 640
Lx,Ly= 8 8
D= 8
chi= 16
rate= 0.1 0.5
cond= 0.001 0.001
nparams= 320000
	prob= 0.0014805633294935703
	burn in time= 93.17976927757263
	sample time= 648.3818764686584
	contraction err= 0.000283422758271741 0.023851410291494207

Mean energy: -3.08782718e+01
Block size    # of blocks        Mean                Error
     1           10000       -3.08782718e+01       2.228172e-03
     2           5000       -3.08782718e+01       2.232745e-03
     5           2000       -3.08782718e+01       2.291110e-03
    10           1000       -3.08782718e+01       2.296162e-03
    20            500       -3.08782718e+01       2.312054e-03
    50            200       -3.08782718e+01       2.267421e-03
    70            142       -3.08786142e+01       2.360843e-03
   100            100       -3.08782718e+01       2.454089e-03
   200             50       -3.08782718e+01       2.641133e-03
   500             20       -3.08782718e+01       2.497507e-03
0 0.002232744502884748 0.0024975067115867
Stocahstic error estimate: 2.232745e-03

step=16,E=-0.48247299679688194,dE=-0.48247299679688194,err=3.488663285757419e-05,gmax=0.020002161830724674
	collect g,Hv time= 10.982019901275635
	solver time=3.130073308944702,exit status=0
niter= 45
pure_newton= False
niter= 118
	solver time=16.080994367599487,exit status=0
	prob= 0.0008012816590452395
	burn in time= 80.15189933776855
	sample time= 1606.2556207180023
	contraction err= 0.00031288588202677074 0.077609372312696

Mean energy: -3.08926279e+01
Block size    # of blocks        Mean                Error
     1           10000       -3.08926279e+01       2.237888e-03
     2           5000       -3.08926279e+01       2.261130e-03
     5           2000       -3.08926279e+01       2.290368e-03
    10           1000       -3.08926279e+01       2.278535e-03
    20            500       -3.08926279e+01       2.305386e-03
    50            200       -3.08926279e+01       2.385824e-03
    70            142       -3.08925375e+01       2.371396e-03
   100            100       -3.08926279e+01       2.379063e-03
   200             50       -3.08926279e+01       2.465996e-03
   500             20       -3.08926279e+01       2.349047e-03
0 0.0022611300968015556 0.0023490467122352374
Stocahstic error estimate: 2.261130e-03

	predict=-0.006253951788269255,actual=(-0.014356097718263072, 0.0031777125939618693)
	g=0.19861403521580312,del=0.49828588660016543,dot=0.012514059619517839,x=21.359153430579084
block_dict= [(0, 320000)]
sizes= [320000]
RANK= 0
SIZE= 640
Lx,Ly= 8 8
D= 8
chi= 16
rate= 0.1 0.5
cond= 0.001 0.001
nparams= 320000
	prob= 0.002863657316119567
	burn in time= 84.85298895835876
trouble in torch gesdd routine, falling back to gesvd
	sample time= 650.6102938652039
	contraction err= 0.00031369663685253634 0.0189655021201226

Mean energy: -3.08926219e+01
Block size    # of blocks        Mean                Error
     1           10000       -3.08926219e+01       2.108562e-03
     2           5000       -3.08926219e+01       2.089351e-03
     5           2000       -3.08926219e+01       2.136059e-03
    10           1000       -3.08926219e+01       2.110855e-03
    20            500       -3.08926219e+01       2.125166e-03
    50            200       -3.08926219e+01       2.168746e-03
    70            142       -3.08925201e+01       2.147488e-03
   100            100       -3.08926219e+01       2.369826e-03
   200             50       -3.08926219e+01       2.680518e-03
   500             20       -3.08926219e+01       2.896643e-03
0 0.002108561740463426 0.0028966434097271814
Stocahstic error estimate: 2.108562e-03

step=17,E=-0.4826972168900358,dE=-0.4826972168900358,err=3.294627719474103e-05,gmax=0.018984466163999514
	collect g,Hv time= 13.448529243469238
	solver time=3.0895211696624756,exit status=0
niter= 44
pure_newton= False
	solver time=15.99236273765564,exit status=0
niter= 116
	prob= 0.0015881504827670253
	burn in time= 85.32374835014343
	sample time= 1603.1672449111938
	contraction err= 0.000344357346202476 0.028735809010692

Mean energy: -3.08999159e+01
Block size    # of blocks        Mean                Error
     1           10000       -3.08999159e+01       2.340710e-03
     2           5000       -3.08999159e+01       2.345035e-03
     5           2000       -3.08999159e+01       2.409102e-03
    10           1000       -3.08999159e+01       2.396274e-03
    20            500       -3.08999159e+01       2.269896e-03
    50            200       -3.08999159e+01       2.383509e-03
    70            142       -3.08999284e+01       2.326765e-03
   100            100       -3.08999159e+01       2.391960e-03
   200             50       -3.08999159e+01       2.441067e-03
   500             20       -3.08999159e+01       2.492951e-03
0 0.002345034734935368 0.002492950654910848
Stocahstic error estimate: 2.345035e-03

	predict=-0.005321862439675526,actual=(-0.007294060511455314, 0.0031536043698282036)
	g=0.17570677596404002,del=0.5109875725383974,dot=0.010651958338882547,x=21.572744964884915
block_dict= [(0, 320000)]
sizes= [320000]
RANK= 0
SIZE= 640
Lx,Ly= 8 8
D= 8
chi= 16
rate= 0.1 0.5
cond= 0.001 0.001
nparams= 320000
	prob= 0.001588150482767026
	burn in time= 99.48827934265137
	sample time= 646.5556604862213
	contraction err= 0.0003425157307732988 0.01827078948655463

Mean energy: -3.09013463e+01
Block size    # of blocks        Mean                Error
     1           10000       -3.09013463e+01       2.302805e-03
     2           5000       -3.09013463e+01       2.298937e-03
     5           2000       -3.09013463e+01       2.338415e-03
    10           1000       -3.09013463e+01       2.303687e-03
    20            500       -3.09013463e+01       2.210818e-03
    50            200       -3.09013463e+01       2.341207e-03
    70            142       -3.09015612e+01       2.217761e-03
   100            100       -3.09013463e+01       2.355394e-03
   200             50       -3.09013463e+01       2.240893e-03
   500             20       -3.09013463e+01       2.480345e-03
0 0.0023028052177835744 0.002480345484842778
Stocahstic error estimate: 2.302805e-03

step=18,E=-0.482833536578724,dE=-0.482833536578724,err=3.598133152786835e-05,gmax=0.025082797755940134
	collect g,Hv time= 13.196624517440796
	solver time=3.142307758331299,exit status=0
niter= 45
pure_newton= False
	solver time=15.64900279045105,exit status=0
niter= 116
	prob= 0.0009558090679874331
	burn in time= 82.6735405921936
	sample time= 1610.7829086780548
	contraction err= 0.00037081348399182416 0.026305025486358376

Mean energy: -3.09111173e+01
Block size    # of blocks        Mean                Error
     1           10000       -3.09111173e+01       2.710426e-03
     2           5000       -3.09111173e+01       2.723274e-03
     5           2000       -3.09111173e+01       2.719780e-03
    10           1000       -3.09111173e+01       2.723873e-03
    20            500       -3.09111173e+01       2.612888e-03
    50            200       -3.09111173e+01       2.651336e-03
    70            142       -3.09112317e+01       2.615336e-03
   100            100       -3.09111173e+01       2.649763e-03
   200             50       -3.09111173e+01       2.673844e-03
   500             20       -3.09111173e+01       2.939972e-03
0 0.002723274092723512 0.0029399724463538067
Stocahstic error estimate: 2.723274e-03

	predict=-0.005873222038757954,actual=(-0.009770980506910831, 0.0035663894424403965)
	g=0.19261569190704422,del=0.4987242851359944,dot=0.011753407320034166,x=21.572744964884937
block_dict= [(0, 320000)]
sizes= [320000]
RANK= 0
SIZE= 640
Lx,Ly= 8 8
D= 8
chi= 16
rate= 0.1 0.5
cond= 0.001 0.001
nparams= 320000
	prob= 0.0009558090679874331
	burn in time= 87.59893226623535
	sample time= 646.3105187416077
	contraction err= 0.00037361211513091804 0.03593751174818664

Mean energy: -3.09145576e+01
Block size    # of blocks        Mean                Error
     1           10000       -3.09145576e+01       2.183563e-03
     2           5000       -3.09145576e+01       2.184073e-03
     5           2000       -3.09145576e+01       2.141429e-03
    10           1000       -3.09145576e+01       2.121990e-03
    20            500       -3.09145576e+01       2.183202e-03
    50            200       -3.09145576e+01       2.162064e-03
    70            142       -3.09146012e+01       2.312549e-03
   100            100       -3.09145576e+01       2.209974e-03
   200             50       -3.09145576e+01       2.025249e-03
   500             20       -3.09145576e+01       2.146181e-03
0 0.002184073234868134 0.002146180776566856
Stocahstic error estimate: 2.184073e-03

step=19,E=-0.48303996308706626,dE=-0.48303996308706626,err=3.412614429481459e-05,gmax=0.021648470202777048
	collect g,Hv time= 13.980779647827148
	solver time=3.1377179622650146,exit status=0
niter= 45
pure_newton= False
	solver time=16.155516386032104,exit status=0
niter= 119
	prob= 0.0005947986856254898
	burn in time= 104.14613819122314
	sample time= 1608.4143669605255
	contraction err= 0.00039596307113614547 0.032548042795855846

Mean energy: -3.09188033e+01
Block size    # of blocks        Mean                Error
     1           10000       -3.09188033e+01       2.113001e-03
     2           5000       -3.09188033e+01       2.113840e-03
     5           2000       -3.09188033e+01       2.095880e-03
    10           1000       -3.09188033e+01       2.146296e-03
    20            500       -3.09188033e+01       2.191109e-03
    50            200       -3.09188033e+01       2.080962e-03
    70            142       -3.09187910e+01       2.185366e-03
   100            100       -3.09188033e+01       2.064213e-03
   200             50       -3.09188033e+01       2.255453e-03
   500             20       -3.09188033e+01       2.388150e-03
0 0.002113839954605359 0.0023881497299967427
Stocahstic error estimate: 2.113840e-03

	predict=-0.004715358682545223,actual=(-0.0042456722364256905, 0.0030394893072608993)
	g=0.16260339228663975,del=0.4921928542072146,dot=0.009440676115001335,x=21.572744964884915
block_dict= [(0, 320000)]
sizes= [320000]
RANK= 0
SIZE= 640
Lx,Ly= 8 8
D= 8
chi= 16
rate= 0.1 0.5
cond= 0.001 0.001
nparams= 320000
	prob= 0.0005947986856254898
	burn in time= 91.40936064720154
	sample time= 649.3644704818726
	contraction err= 0.00039249876064020503 0.055125587741179205

Mean energy: -3.09175210e+01
Block size    # of blocks        Mean                Error
     1           10000       -3.09175210e+01       2.481377e-03
     2           5000       -3.09175210e+01       2.492608e-03
     5           2000       -3.09175210e+01       2.508573e-03
    10           1000       -3.09175210e+01       2.533198e-03
    20            500       -3.09175210e+01       2.498755e-03
    50            200       -3.09175210e+01       2.495506e-03
    70            142       -3.09173541e+01       2.489186e-03
   100            100       -3.09175210e+01       2.456631e-03
   200             50       -3.09175210e+01       2.488678e-03
   500             20       -3.09175210e+01       2.890120e-03
0 0.002492607778479203 0.0028901198475400703
Stocahstic error estimate: 2.492608e-03

step=20,E=-0.48308626533304294,dE=-0.48308626533304294,err=3.8946996538737546e-05,gmax=0.12753068766284636
	collect g,Hv time= 13.89242696762085
	solver time=2.8706588745117188,exit status=0
niter= 41
pure_newton= False
niter= 123
	solver time=16.800532579421997,exit status=0
	prob= 0.00037732158486483507
	burn in time= 78.53073310852051
	sample time= 1601.560091495514
	contraction err= 0.0004221444434372187 0.06409487062400578

Mean energy: -3.09268204e+01
Block size    # of blocks        Mean                Error
     1           10000       -3.09268204e+01       2.192218e-03
     2           5000       -3.09268204e+01       2.183874e-03
     5           2000       -3.09268204e+01       2.184836e-03
    10           1000       -3.09268204e+01       2.217310e-03
    20            500       -3.09268204e+01       2.275377e-03
    50            200       -3.09268204e+01       2.196093e-03
    70            142       -3.09269661e+01       2.055177e-03
   100            100       -3.09268204e+01       2.186069e-03
   200             50       -3.09268204e+01       2.109889e-03
   500             20       -3.09268204e+01       2.534324e-03
0 0.0021922184803634458 0.0025343241199598863
Stocahstic error estimate: 2.192218e-03

	predict=-0.00565939486982631,actual=(-0.00929937088859134, 0.003319475169809535)
	g=0.3105518306132285,del=0.4759942581030711,dot=0.011309716410061791,x=21.572744964884897
block_dict= [(0, 320000)]
sizes= [320000]
RANK= 0
SIZE= 640
Lx,Ly= 8 8
D= 8
chi= 16
rate= 0.1 0.5
cond= 0.001 0.001
nparams= 320000
	prob= 0.00037732158486483453
	burn in time= 90.06320095062256
	sample time= 646.7003884315491
	contraction err= 0.00043261182178949074 0.026919953454949436

Mean energy: -3.09257410e+01
Block size    # of blocks        Mean                Error
     1           10000       -3.09257410e+01       2.210894e-03
     2           5000       -3.09257410e+01       2.192797e-03
     5           2000       -3.09257410e+01       2.206913e-03
    10           1000       -3.09257410e+01       2.144374e-03
    20            500       -3.09257410e+01       2.177072e-03
    50            200       -3.09257410e+01       2.307248e-03
    70            142       -3.09256967e+01       2.359749e-03
   100            100       -3.09257410e+01       2.434149e-03
   200             50       -3.09257410e+01       2.735950e-03
   500             20       -3.09257410e+01       2.662791e-03
0 0.0022108937545728888 0.002662790954062583
Stocahstic error estimate: 2.210894e-03

step=21,E=-0.48321470327835997,dE=-0.48321470327835997,err=3.454521491520139e-05,gmax=0.045061078195161586
	collect g,Hv time= 14.588653564453125
	solver time=3.1653201580047607,exit status=0
niter= 45
pure_newton= False
	solver time=17.127325773239136,exit status=0
niter= 126
	prob= 0.00025497055558987525
	burn in time= 99.23072743415833
	sample time= 1609.4352457523346
	contraction err= 0.0004513386642821341 0.039408482229898636

Mean energy: -3.09313912e+01
Block size    # of blocks        Mean                Error
     1           10000       -3.09313912e+01       2.264107e-03
     2           5000       -3.09313912e+01       2.257459e-03
     5           2000       -3.09313912e+01       2.223661e-03
    10           1000       -3.09313912e+01       2.223804e-03
    20            500       -3.09313912e+01       2.170910e-03
    50            200       -3.09313912e+01       2.200999e-03
    70            142       -3.09311826e+01       2.263623e-03
   100            100       -3.09313912e+01       2.361509e-03
   200             50       -3.09313912e+01       2.488413e-03
   500             20       -3.09313912e+01       2.763632e-03
0 0.0022641071070113204 0.0027636315603877413
Stocahstic error estimate: 2.264107e-03

	predict=-0.004315130378734188,actual=(-0.005650210181254778, 0.0031645271662649028)
	g=0.1657295647302973,del=0.47066636383164634,dot=0.008633064226920907,x=21.5727449648849
block_dict= [(0, 320000)]
sizes= [320000]
RANK= 0
SIZE= 640
Lx,Ly= 8 8
D= 8
chi= 16
rate= 0.1 0.5
cond= 0.001 0.001
nparams= 320000
	prob= 0.00025497055558987546
	burn in time= 89.35936260223389
	sample time= 650.5675837993622
	contraction err= 0.0004373635361840359 0.026549940414106476

Mean energy: -3.09329872e+01
Block size    # of blocks        Mean                Error
     1           10000       -3.09329872e+01       2.107186e-03
     2           5000       -3.09329872e+01       2.092948e-03
     5           2000       -3.09329872e+01       2.066678e-03
    10           1000       -3.09329872e+01       2.058614e-03
    20            500       -3.09329872e+01       2.053492e-03
    50            200       -3.09329872e+01       2.094812e-03
    70            142       -3.09330674e+01       2.164313e-03
   100            100       -3.09329872e+01       2.127501e-03
   200             50       -3.09329872e+01       2.132903e-03
   500             20       -3.09329872e+01       1.996764e-03
0 0.0021071862955164312 0.0019967635077197503
Stocahstic error estimate: 2.107186e-03

step=22,E=-0.4833279248457121,dE=-0.4833279248457121,err=3.292478586744424e-05,gmax=0.014591958227502033
	collect g,Hv time= 17.317955255508423
	solver time=3.0853817462921143,exit status=0
niter= 44
pure_newton= False
	solver time=16.39290690422058,exit status=0
niter= 120
	prob= 0.00018253966697377984
	burn in time= 76.44626569747925
	sample time= 1608.165712594986
	contraction err= 0.00044277828634745064 0.01859651266815689

Mean energy: -3.09352544e+01
Block size    # of blocks        Mean                Error
     1           10000       -3.09352544e+01       2.021274e-03
     2           5000       -3.09352544e+01       2.018446e-03
     5           2000       -3.09352544e+01       2.003788e-03
    10           1000       -3.09352544e+01       2.036862e-03
    20            500       -3.09352544e+01       1.922969e-03
    50            200       -3.09352544e+01       1.957703e-03
    70            142       -3.09351719e+01       2.025146e-03
   100            100       -3.09352544e+01       1.990858e-03
   200             50       -3.09352544e+01       2.052766e-03
   500             20       -3.09352544e+01       2.038212e-03
0 0.002021273936214623 0.0020382119394515685
Stocahstic error estimate: 2.021274e-03

	predict=-0.003821708196548327,actual=(-0.002267190229737537, 0.00291989424624126)
	g=0.13660660731358784,del=0.45568792956636056,dot=0.007645627705041808,x=21.572744964884926
block_dict= [(0, 320000)]
sizes= [320000]
RANK= 0
SIZE= 640
Lx,Ly= 8 8
D= 8
chi= 16
rate= 0.1 0.5
cond= 0.001 0.001
nparams= 320000
	prob= 0.0001825396669737798
	burn in time= 101.37878227233887
	sample time= 654.8626928329468
	contraction err= 0.00047876432103466024 0.042859272690311256

Mean energy: -3.09324791e+01
Block size    # of blocks        Mean                Error
     1           10000       -3.09324791e+01       2.289876e-03
     2           5000       -3.09324791e+01       2.295522e-03
     5           2000       -3.09324791e+01       2.293358e-03
    10           1000       -3.09324791e+01       2.296990e-03
    20            500       -3.09324791e+01       2.316480e-03
    50            200       -3.09324791e+01       2.402001e-03
    70            142       -3.09326443e+01       2.357112e-03
   100            100       -3.09324791e+01       2.387516e-03
   200             50       -3.09324791e+01       2.438178e-03
   500             20       -3.09324791e+01       2.665324e-03
0 0.002295521567713534 0.0026653235366985613
Stocahstic error estimate: 2.295522e-03

step=23,E=-0.4833199853676915,dE=-0.4833199853676915,err=3.586752449552397e-05,gmax=0.02165464366546621
	collect g,Hv time= 16.38993501663208
	solver time=3.1732170581817627,exit status=0
niter= 45
pure_newton= False
	solver time=16.725749969482422,exit status=0
niter= 123
	prob= 0.0001302612021345983
	burn in time= 81.46067070960999
	sample time= 1608.8638479709625
	contraction err= 0.00047115198237018265 0.043011570154197355

Mean energy: -3.09389543e+01
Block size    # of blocks        Mean                Error
     1           10000       -3.09389543e+01       2.070824e-03
     2           5000       -3.09389543e+01       2.070447e-03
     5           2000       -3.09389543e+01       2.089703e-03
    10           1000       -3.09389543e+01       2.125404e-03
    20            500       -3.09389543e+01       2.183814e-03
    50            200       -3.09389543e+01       2.242244e-03
    70            142       -3.09391198e+01       2.364607e-03
   100            100       -3.09389543e+01       2.291233e-03
   200             50       -3.09389543e+01       2.317354e-03
   500             20       -3.09389543e+01       2.166037e-03
0 0.0020708238027093693 0.002166036747731327
Stocahstic error estimate: 2.070824e-03

	predict=-0.003999905220084723,actual=(-0.006475278213954994, 0.0030915579389210377)
	g=0.1454199468366155,del=0.4546187487512216,dot=0.0080076175724712,x=21.57274496488493
block_dict= [(0, 320000)]
sizes= [320000]
RANK= 0
SIZE= 640
Lx,Ly= 8 8
D= 8
chi= 16
rate= 0.1 0.5
cond= 0.001 0.001
nparams= 320000
	prob= 0.0001302612021345983
	burn in time= 82.95060133934021
	sample time= 642.7514455318451
	contraction err= 0.00046296900828723535 0.021062816544712655

Mean energy: -3.09362286e+01
Block size    # of blocks        Mean                Error
     1           10000       -3.09362286e+01       2.148063e-03
     2           5000       -3.09362286e+01       2.162296e-03
     5           2000       -3.09362286e+01       2.125927e-03
    10           1000       -3.09362286e+01       2.090161e-03
    20            500       -3.09362286e+01       2.090039e-03
    50            200       -3.09362286e+01       1.921400e-03
    70            142       -3.09366163e+01       1.959376e-03
   100            100       -3.09362286e+01       1.945538e-03
   200             50       -3.09362286e+01       2.009161e-03
   500             20       -3.09362286e+01       1.506318e-03
0 0.0021622962945330735 0.001506318162976369
Stocahstic error estimate: 2.162296e-03

step=24,E=-0.4833785711304643,dE=-0.4833785711304643,err=3.378587960207927e-05,gmax=0.030185079265066417
	collect g,Hv time= 17.442874431610107
	solver time=3.099090576171875,exit status=0
niter= 44
pure_newton= False
niter= 121
	solver time=16.433457612991333,exit status=0
	prob= 9.507325108104158e-05
	burn in time= 74.52645254135132
	sample time= 1604.8277819156647
	contraction err= 0.00048690432732110064 0.020132063799669846

Mean energy: -3.09433678e+01
Block size    # of blocks        Mean                Error
     1           10000       -3.09433678e+01       1.899379e-03
     2           5000       -3.09433678e+01       1.881160e-03
     5           2000       -3.09433678e+01       1.895206e-03
    10           1000       -3.09433678e+01       1.927421e-03
    20            500       -3.09433678e+01       1.922935e-03
    50            200       -3.09433678e+01       1.955886e-03
    70            142       -3.09432954e+01       2.024851e-03
   100            100       -3.09433678e+01       1.897565e-03
   200             50       -3.09433678e+01       1.884492e-03
   500             20       -3.09433678e+01       2.054872e-03
0 0.0018993790191664491 0.00205487197999324
Stocahstic error estimate: 1.899379e-03

	predict=-0.0038593539357125242,actual=(-0.007139267118621007, 0.002878048978700877)
	g=0.1411464494527964,del=0.4424335494974907,dot=0.007727231819089478,x=21.572744964884922
