block_dict= [(0, 21632)]
sizes= [21632]
RANK= 0
SIZE= 640
Lx,Ly= 8 8
D= 4
chi= 8
rate= 0.1 0.5
cond= 0.001 0.001
nparams= 21632
	prob= 6.396083283006083e-05
	burn in time= 16.380868673324585
	sample time= 36.96084260940552
	contraction err= 0.0006243697769224458 0.02603461699592398

Mean energy: -3.08860605e+01
Block size    # of blocks        Mean                Error
     1           10000       -3.08860605e+01       4.218462e-03
     2           5000       -3.08860605e+01       4.222351e-03
     5           2000       -3.08860605e+01       4.146205e-03
    10           1000       -3.08860605e+01       4.162457e-03
    20            500       -3.08860605e+01       4.007743e-03
    50            200       -3.08860605e+01       4.108002e-03
    70            142       -3.08859462e+01       4.140337e-03
   100            100       -3.08860605e+01       4.439671e-03
   200             50       -3.08860605e+01       4.354884e-03
   500             20       -3.08860605e+01       4.503803e-03
0 0.004222351314597772 0.004503803030112803
Stocahstic error estimate: 4.222351e-03

step=14,E=-0.48259469455763154,dE=-0.48259469455763154,err=6.59742392905902e-05,gmax=0.024095409931521206
	collect g,Hv time= 0.9255571365356445
	solver time=0.1365656852722168,exit status=0
niter= 43
pure_newton= False
	solver time=0.7224798202514648,exit status=0
niter= 131
	prob= 3.225081978416704e-05
	burn in time= 15.832045316696167
	sample time= 77.18059277534485
	contraction err= 0.0007023347941247821 0.05919045298218228

Mean energy: -3.08903909e+01
Block size    # of blocks        Mean                Error
     1           10000       -3.08903909e+01       4.561633e-03
     2           5000       -3.08903909e+01       4.552616e-03
     5           2000       -3.08903909e+01       4.513196e-03
    10           1000       -3.08903909e+01       4.520074e-03
    20            500       -3.08903909e+01       4.510907e-03
    50            200       -3.08903909e+01       3.929282e-03
    70            142       -3.08901357e+01       3.952430e-03
   100            100       -3.08903909e+01       3.779095e-03
   200             50       -3.08903909e+01       3.780056e-03
   500             20       -3.08903909e+01       3.377699e-03
0 0.004561633094322493 0.003377699382809579
Stocahstic error estimate: 4.561633e-03

	predict=-0.014001066279252112,actual=(-0.00433042164336328, 0.006215846451699377)
	g=0.16487492113893118,del=0.9087667497119882,dot=0.027996197327902997,x=16.106134413719655
	prob= 3.225081978416704e-05
	burn in time= 16.314797163009644
	sample time= 129.83732390403748
	contraction err= 0.0006755461413849065 0.04720021116564728

Mean energy: -3.08857354e+01
Block size    # of blocks        Mean                Error
     1           10000       -3.08857354e+01       4.410542e-03
     2           5000       -3.08857354e+01       4.389540e-03
     5           2000       -3.08857354e+01       4.331974e-03
    10           1000       -3.08857354e+01       4.361940e-03
    20            500       -3.08857354e+01       4.519501e-03
    50            200       -3.08857354e+01       4.401062e-03
    70            142       -3.08855925e+01       4.631422e-03
   100            100       -3.08857354e+01       4.366182e-03
   200             50       -3.08857354e+01       4.357640e-03
   500             20       -3.08857354e+01       5.102577e-03
0 0.004410542371776989 0.005102576825127403
Stocahstic error estimate: 4.410542e-03

step=15,E=-0.4825896151922916,dE=5.079365339943909e-06,err=6.891472455901546e-05,gmax=0.030507845666318367
	collect g,Hv time= 0.9773437976837158
	solver time=0.5748636722564697,exit status=0
niter= 44
pure_newton= False
	solver time=3.7040491104125977,exit status=0
niter= 144
	prob= 1.560959916106916e-05
	burn in time= 15.656379222869873
	sample time= 77.54177212715149
	contraction err= 0.000792398395775386 0.14588791189523329

Mean energy: -3.08938988e+01
Block size    # of blocks        Mean                Error
     1           10000       -3.08938988e+01       5.161845e-03
     2           5000       -3.08938988e+01       5.181852e-03
     5           2000       -3.08938988e+01       5.072936e-03
    10           1000       -3.08938988e+01       5.129947e-03
    20            500       -3.08938988e+01       5.176071e-03
    50            200       -3.08938988e+01       5.166276e-03
    70            142       -3.08946580e+01       5.283695e-03
   100            100       -3.08938988e+01       5.123275e-03
   200             50       -3.08938988e+01       5.679834e-03
   500             20       -3.08938988e+01       7.030768e-03
0 0.005181852026662146 0.007030768322788188
Stocahstic error estimate: 5.181852e-03

	predict=-0.01339849847114322,actual=(-0.008163393267221153, 0.006804739116194153)
	g=0.19093773757217775,del=0.885399448494199,dot=0.026798696654544783,x=16.10613441371965
	prob= 1.560959916106916e-05
	burn in time= 16.661516904830933
	sample time= 130.14383459091187
	contraction err= 0.0007675113621829685 0.14193007326623175

Mean energy: -3.08894751e+01
Block size    # of blocks        Mean                Error
     1           10000       -3.08894751e+01       4.892454e-03
     2           5000       -3.08894751e+01       4.866652e-03
     5           2000       -3.08894751e+01       4.931213e-03
    10           1000       -3.08894751e+01       4.988803e-03
    20            500       -3.08894751e+01       4.964997e-03
    50            200       -3.08894751e+01       4.910435e-03
    70            142       -3.08893587e+01       4.539439e-03
   100            100       -3.08894751e+01       5.070161e-03
   200             50       -3.08894751e+01       5.485835e-03
   500             20       -3.08894751e+01       6.031726e-03
0 0.0048924540994328735 0.006031726394304486
Stocahstic error estimate: 4.892454e-03

step=16,E=-0.4826480490802127,dE=-5.8433887921094385e-05,err=7.644459530363865e-05,gmax=0.037616107663692944
	collect g,Hv time= 1.0116126537322998
	solver time=0.533886194229126,exit status=0
niter= 44
pure_newton= False
	solver time=3.9388225078582764,exit status=0
niter= 157
	prob= 1.0516460666889179e-05
	burn in time= 16.530216932296753
	sample time= 77.3314151763916
	contraction err= 0.0007714533583197521 0.07109967391841367

Mean energy: -3.08956165e+01
Block size    # of blocks        Mean                Error
     1           10000       -3.08956165e+01       4.570832e-03
     2           5000       -3.08956165e+01       4.574665e-03
     5           2000       -3.08956165e+01       4.560052e-03
    10           1000       -3.08956165e+01       4.704855e-03
    20            500       -3.08956165e+01       4.733754e-03
    50            200       -3.08956165e+01       4.526188e-03
    70            142       -3.08957288e+01       4.539073e-03
   100            100       -3.08956165e+01       4.416909e-03
   200             50       -3.08956165e+01       4.393775e-03
   500             20       -3.08956165e+01       3.948022e-03
0 0.004574665093765558 0.003948021990134473
Stocahstic error estimate: 4.574665e-03

	predict=-0.013354479784362557,actual=(-0.006141317853813888, 0.006698034624811563)
	g=0.26525798274930446,del=0.8081296867013182,dot=0.02669779757744454,x=16.106134413719655
	prob= 1.0516460666889179e-05
	burn in time= 16.025886297225952
	sample time= 130.01812100410461
	contraction err= 0.0007662209112821409 0.052998964679919186

Mean energy: -3.09036899e+01
Block size    # of blocks        Mean                Error
     1           10000       -3.09036899e+01       4.185614e-03
     2           5000       -3.09036899e+01       4.153611e-03
     5           2000       -3.09036899e+01       4.102808e-03
    10           1000       -3.09036899e+01       4.110232e-03
    20            500       -3.09036899e+01       4.179916e-03
    50            200       -3.09036899e+01       4.197626e-03
    70            142       -3.09037985e+01       4.344995e-03
   100            100       -3.09036899e+01       4.528538e-03
   200             50       -3.09036899e+01       4.551222e-03
   500             20       -3.09036899e+01       3.934662e-03
0 0.004185613862633665 0.00393466229923999
Stocahstic error estimate: 4.185614e-03

step=17,E=-0.4828701550963289,dE=-0.00022210601611621916,err=6.540021660365102e-05,gmax=0.08897439022742237
	collect g,Hv time= 1.2307946681976318
	solver time=0.436063289642334,exit status=0
niter= 36
pure_newton= False
	solver time=3.9524807929992676,exit status=0
niter= 157
	prob= 6.1477872268602685e-06
	burn in time= 15.946346759796143
	sample time= 77.64138388633728
	contraction err= 0.0007918403063933282 0.04006357669016127

Mean energy: -3.08946152e+01
Block size    # of blocks        Mean                Error
     1           10000       -3.08946152e+01       4.468420e-03
     2           5000       -3.08946152e+01       4.445803e-03
     5           2000       -3.08946152e+01       4.543936e-03
    10           1000       -3.08946152e+01       4.556985e-03
    20            500       -3.08946152e+01       4.406623e-03
    50            200       -3.08946152e+01       4.499542e-03
    70            142       -3.08953268e+01       4.536748e-03
   100            100       -3.08946152e+01       4.100820e-03
   200             50       -3.08946152e+01       4.355797e-03
   500             20       -3.08946152e+01       4.036908e-03
0 0.004468420251721626 0.0040369083639035675
Stocahstic error estimate: 4.468420e-03

	predict=-0.011690351021428822,actual=(0.00907469108386394, 0.006122592829273156)
	g=0.3160369375472516,del=2.3372628288561192,dot=0.15287568644032948,x=16.10613441371966
	prob= 1.0159873169861582e-05
	burn in time= 15.859140634536743
	sample time= 130.17039370536804
	contraction err= 0.0007565184597938136 0.07284377416886277

Mean energy: -3.09011582e+01
Block size    # of blocks        Mean                Error
     1           10000       -3.09011582e+01       3.884300e-03
     2           5000       -3.09011582e+01       3.882376e-03
     5           2000       -3.09011582e+01       3.883175e-03
    10           1000       -3.09011582e+01       3.924823e-03
    20            500       -3.09011582e+01       3.881285e-03
    50            200       -3.09011582e+01       3.913664e-03
    70            142       -3.09011794e+01       4.008044e-03
   100            100       -3.09011582e+01       4.037379e-03
   200             50       -3.09011582e+01       3.862623e-03
   500             20       -3.09011582e+01       2.884200e-03
0 0.0038842996839909345 0.00288420043391992
Stocahstic error estimate: 3.884300e-03

step=18,E=-0.48283059615575996,dE=3.955894056895115e-05,err=6.069218256235835e-05,gmax=0.059499675601601965
	collect g,Hv time= 1.1987407207489014
	solver time=0.5233697891235352,exit status=0
niter= 44
pure_newton= False
	solver time=3.6918752193450928,exit status=0
niter= 148
	prob= 6.861508218002149e-06
	burn in time= 15.850995779037476
	sample time= 77.41172313690186
	contraction err= 0.0007889719710401575 0.04244942648485014

Mean energy: -3.08992855e+01
Block size    # of blocks        Mean                Error
     1           10000       -3.08992855e+01       4.529677e-03
     2           5000       -3.08992855e+01       4.574010e-03
     5           2000       -3.08992855e+01       4.605831e-03
    10           1000       -3.08992855e+01       4.571342e-03
    20            500       -3.08992855e+01       4.613633e-03
    50            200       -3.08992855e+01       4.675138e-03
    70            142       -3.08996559e+01       4.494384e-03
   100            100       -3.08992855e+01       4.547260e-03
   200             50       -3.08992855e+01       4.958479e-03
   500             20       -3.08992855e+01       5.423609e-03
0 0.004574009818180321 0.005423608746601199
Stocahstic error estimate: 4.574010e-03

	predict=-0.009854870801410984,actual=(0.0018726278447260825, 0.006000779103738284)
	g=0.19162773968705682,del=2.4386001413690295,dot=0.13656355924931196,x=16.10613441371965
	prob= 9.922905186302523e-06
	burn in time= 16.2265145778656
	sample time= 130.02461338043213
	contraction err= 0.0007363045658701755 0.038891428185342906

Mean energy: -3.09102806e+01
Block size    # of blocks        Mean                Error
     1           10000       -3.09102806e+01       3.917849e-03
     2           5000       -3.09102806e+01       3.886535e-03
     5           2000       -3.09102806e+01       3.861033e-03
    10           1000       -3.09102806e+01       3.818089e-03
    20            500       -3.09102806e+01       3.848876e-03
    50            200       -3.09102806e+01       3.786108e-03
    70            142       -3.09106366e+01       3.670276e-03
   100            100       -3.09102806e+01       3.823386e-03
   200             50       -3.09102806e+01       3.911209e-03
   500             20       -3.09102806e+01       3.683924e-03
0 0.003917848608888155 0.0036839242013767936
Stocahstic error estimate: 3.917849e-03

step=19,E=-0.48297313499655964,dE=-0.0001425388407996775,err=6.121638451387742e-05,gmax=0.08409165516047037
	collect g,Hv time= 1.3975067138671875
	solver time=0.5261721611022949,exit status=0
niter= 44
pure_newton= False
	solver time=3.707319736480713,exit status=0
niter= 147
	prob= 5.957994043048138e-06
	burn in time= 16.367162704467773
	sample time= 77.53178262710571
	contraction err= 0.0008054412310009688 0.06402488111111375

Mean energy: -3.08907845e+01
Block size    # of blocks        Mean                Error
     1           10000       -3.08907845e+01       5.409172e-03
     2           5000       -3.08907845e+01       5.396694e-03
     5           2000       -3.08907845e+01       5.329532e-03
    10           1000       -3.08907845e+01       5.364657e-03
    20            500       -3.08907845e+01       5.541250e-03
    50            200       -3.08907845e+01       5.392080e-03
    70            142       -3.08906810e+01       5.731268e-03
   100            100       -3.08907845e+01       5.418058e-03
   200             50       -3.08907845e+01       6.286468e-03
   500             20       -3.08907845e+01       5.293885e-03
0 0.005409172169590031 0.005293885216966663
Stocahstic error estimate: 5.409172e-03

	predict=-0.0131996387188776,actual=(0.01949610913781541, 0.006678973070946923)
	g=0.31743444415715855,del=2.44415965965647,dot=0.20335265868592642,x=16.10613441371965
