nbatch= 1
block_dict= [(0, 3934208)]
sizes= [3934208]
SIZE= 640
Lx,Ly= 16 4
nelec= (28, 28)
nparam= [3934208   51728]
	log prob= -10.80505448839683
	burn in time= 601.1931777000427
	sample time= 3437.9696946144104
	contraction err= 0.0008467038918339347 0.1003733804326152

Mean energy: -4.36354265e+01
Block size    # of blocks        Mean                Error
     1           50000       -4.36354265e+01       3.857289e-03
     2           25000       -4.36354265e+01       3.854398e-03
     5           10000       -4.36354265e+01       3.867854e-03
    10           5000       -4.36354265e+01       3.858708e-03
    20           2500       -4.36354265e+01       3.917061e-03
    50           1000       -4.36354265e+01       3.889351e-03
    70            714       -4.36353826e+01       3.975056e-03
   100            500       -4.36354265e+01       3.856225e-03
   200            250       -4.36354265e+01       3.817710e-03
   500            100       -4.36354265e+01       3.869802e-03
0 0.0038572887159401474 0.0038698018224900227
Stocahstic error estimate: 3.857289e-03

step=0,E=-0.6818035389677983,dE=-0.6818035389677983,err=6.02701361865648e-05,gmax=0.6166070096898753
	collect g,Hv time= 0.8095285892486572
	solver time=30.55385422706604,exit status=0
niter= 20
	g=1.7792157863237763,del=3.0358619245199647,dot=0.399537923729543,x=50.408231956226075
saving to  ./psi1_0
	log prob= -10.853570426909766
	burn in time= 600.208975315094
nbatch= 1
block_dict= [(0, 3934208)]
sizes= [3934208]
SIZE= 640
Lx,Ly= 16 4
nelec= (28, 28)
nparam= [3934208   51728]
	log prob= -14.64705235678472
	burn in time= 507.85147976875305
	sample time= 2917.469657897949
	contraction err= 0.000857740300831882 0.060207337142317394

Mean energy: -4.36318741e+01
Block size    # of blocks        Mean                Error
     1           50000       -4.36318741e+01       3.733153e-03
     2           25000       -4.36318741e+01       3.740891e-03
     5           10000       -4.36318741e+01       3.755189e-03
    10           5000       -4.36318741e+01       3.777723e-03
    20           2500       -4.36318741e+01       3.707036e-03
    50           1000       -4.36318741e+01       3.655723e-03
    70            714       -4.36318657e+01       3.748224e-03
   100            500       -4.36318741e+01       3.757035e-03
   200            250       -4.36318741e+01       3.868081e-03
   500            100       -4.36318741e+01       3.825555e-03
0 0.003740890660580557 0.0038255554778545914
Stocahstic error estimate: 3.740891e-03

step=1,E=-0.681748032476686,dE=-0.681748032476686,err=5.8451416571571203e-05,gmax=0.2513387216324081
	collect g,Hv time= 0.728492259979248
	solver time=24.084180116653442,exit status=0
niter= 32
	g=0.5916781200809169,del=5.514898425346376,dot=0.465723377675562,x=50.40823195622619
saving to  ./psi2_0
	log prob= -14.620338412533538
	burn in time= 509.1771922111511
	sample time= 2916.2607860565186
	contraction err= 0.0008676192385377738 0.05692551136264313

Mean energy: -4.36306074e+01
Block size    # of blocks        Mean                Error
     1           50000       -4.36306074e+01       3.913676e-03
     2           25000       -4.36306074e+01       3.906258e-03
     5           10000       -4.36306074e+01       3.894337e-03
    10           5000       -4.36306074e+01       3.877256e-03
    20           2500       -4.36306074e+01       3.830582e-03
    50           1000       -4.36306074e+01       3.840575e-03
    70            714       -4.36306303e+01       3.745021e-03
   100            500       -4.36306074e+01       3.906815e-03
   200            250       -4.36306074e+01       3.691350e-03
   500            100       -4.36306074e+01       3.688187e-03
0 0.00391367637125305 0.0036881871937699626
Stocahstic error estimate: 3.913676e-03

step=2,E=-0.6817282412066038,dE=1.9791270082225587e-05,err=6.11511933008289e-05,gmax=0.021024436463274575
	collect g,Hv time= 0.6703495979309082
	solver time=34.37297296524048,exit status=0
niter= 45
	g=0.2183592670827456,del=7.504661967035921,dot=0.5888572063932406,x=50.40823195622626
saving to  ./psi3_0
	log prob= -14.460024910678312
	burn in time= 517.6904895305634
	sample time= 2918.837479829788
	contraction err= 0.0008556036926591459 0.05374557684181958

Mean energy: -4.36318235e+01
Block size    # of blocks        Mean                Error
     1           50000       -4.36318235e+01       3.668881e-03
     2           25000       -4.36318235e+01       3.681977e-03
     5           10000       -4.36318235e+01       3.675611e-03
    10           5000       -4.36318235e+01       3.697531e-03
    20           2500       -4.36318235e+01       3.649431e-03
    50           1000       -4.36318235e+01       3.650320e-03
    70            714       -4.36318948e+01       3.606466e-03
   100            500       -4.36318235e+01       3.573559e-03
   200            250       -4.36318235e+01       3.507765e-03
   500            100       -4.36318235e+01       2.947026e-03
0 0.003681977229412293 0.0029470255550302247
Stocahstic error estimate: 3.681977e-03

step=3,E=-0.6817472415696764,dE=-1.9000363072563253e-05,err=5.7530894209567076e-05,gmax=0.017026973386868427
	collect g,Hv time= 0.6789717674255371
	solver time=33.465224742889404,exit status=0
niter= 44
	g=0.1767783219611011,del=7.212480825549998,dot=0.4912806549044278,x=50.408231956226274
saving to  ./psi4_0
	log prob= -14.32919988418385
	burn in time= 514.8713715076447
	sample time= 2922.635082960129
	contraction err= 0.0008578368495057524 0.0629184509279387

Mean energy: -4.36365661e+01
Block size    # of blocks        Mean                Error
     1           50000       -4.36365661e+01       3.671743e-03
     2           25000       -4.36365661e+01       3.681865e-03
     5           10000       -4.36365661e+01       3.687989e-03
    10           5000       -4.36365661e+01       3.716877e-03
    20           2500       -4.36365661e+01       3.695526e-03
    50           1000       -4.36365661e+01       3.589837e-03
    70            714       -4.36365818e+01       3.520421e-03
   100            500       -4.36365661e+01       3.584962e-03
   200            250       -4.36365661e+01       3.574375e-03
   500            100       -4.36365661e+01       3.378810e-03
0 0.0036818645398490005 0.0033788097193725307
Stocahstic error estimate: 3.681865e-03

step=4,E=-0.681821345342406,dE=-7.410377272965007e-05,err=5.7529133435140633e-05,gmax=0.12302484255686275
	collect g,Hv time= 0.6549465656280518
	solver time=32.78509283065796,exit status=0
niter= 43
	g=0.3681085621403759,del=6.881733797049169,dot=0.49439074717362513,x=50.408231956226274
saving to  ./psi5_0
	log prob= -14.297172016940372
	burn in time= 517.7204148769379
