	burn in time= 2.927330255508423
block_dict= [(0, 3820)]
sizes= [3820]
SIZE= 640
L= 80
nspin= (40, 40)
nparam= 3820
	prob= 0.6328380040534213
	sample time= 6.050331115722656
	contraction err= 2.4436273041082976e-15 4.888819663886842e-14

Mean energy: -2.97918060e+01
Block size    # of blocks        Mean                Error
     1           10000       -2.97918060e+01       4.702489e-03
     2           5000       -2.97918060e+01       4.626864e-03
     5           2000       -2.97918060e+01       4.719203e-03
    10           1000       -2.97918060e+01       4.655952e-03
    20            500       -2.97918060e+01       4.504316e-03
    50            200       -2.97918060e+01       4.322584e-03
    70            142       -2.97914894e+01       4.375973e-03
   100            100       -2.97918060e+01       4.106858e-03
   200             50       -2.97918060e+01       3.877077e-03
   500             20       -2.97918060e+01       4.070174e-03
0 0.00470248874573211 0.0040701742957882005
Stocahstic error estimate: 4.702489e-03

step=100,E=-0.3723975745135509,dE=-0.3723975745135509,err=5.878110932165137e-05,gmax=0.6287724151752414
	collect g,Hv time= 0.19594359397888184
	solver time=0.05009102821350098,exit status=0
niter= 40
pure_newton= False
	solver time=2.2969515323638916,exit status=0
niter= 994
	prob= 0.3292392484783682
	burn in time= 2.657444953918457
	sample time= 20.025065898895264
	contraction err= 2.5645659010649478e-15 9.851965065554004e-14

Mean energy: -2.96639306e+01
Block size    # of blocks        Mean                Error
     1           10000       -2.96639306e+01       7.720395e-03
     2           5000       -2.96639306e+01       7.711198e-03
     5           2000       -2.96639306e+01       7.678562e-03
    10           1000       -2.96639306e+01       7.473015e-03
    20            500       -2.96639306e+01       7.130114e-03
    50            200       -2.96639306e+01       6.043080e-03
    70            142       -2.96631335e+01       5.802057e-03
   100            100       -2.96639306e+01       5.550928e-03
   200             50       -2.96639306e+01       5.520271e-03
   500             20       -2.96639306e+01       7.047527e-03
0 0.007720395128772466 0.00704752654694217
Stocahstic error estimate: 7.720395e-03

	predict=-0.025810798910500112,actual=(0.12787537996216614, 0.009039795426231215)
	g=2.194840257446748,del=0.31795020345798375,dot=0.17640671054441132,x=23.619564976793445
	prob= 0.596172665587455
	burn in time= 2.7528810501098633
	sample time= 29.180190086364746
	contraction err= 2.3642975366630054e-15 5.438038257842223e-14

Mean energy: -2.98331834e+01
Block size    # of blocks        Mean                Error
     1           10000       -2.98331834e+01       3.810704e-03
     2           5000       -2.98331834e+01       3.781159e-03
     5           2000       -2.98331834e+01       3.752491e-03
    10           1000       -2.98331834e+01       3.762607e-03
    20            500       -2.98331834e+01       3.750443e-03
    50            200       -2.98331834e+01       4.010049e-03
    70            142       -2.98332912e+01       3.918377e-03
   100            100       -2.98331834e+01       4.167420e-03
   200             50       -2.98331834e+01       4.726652e-03
   500             20       -2.98331834e+01       5.339594e-03
0 0.0038107044593352667 0.00533959376382748
Stocahstic error estimate: 3.810704e-03

step=101,E=-0.37291479297749913,dE=-0.0005172184639482769,err=4.763380574169083e-05,gmax=0.2119178490463538
	collect g,Hv time= 0.2718465328216553
	solver time=0.06042051315307617,exit status=0
niter= 47
pure_newton= False
	solver time=2.169130563735962,exit status=0
niter= 872
	prob= 0.29103066909759917
	burn in time= 2.753453016281128
	sample time= 20.082379817962646
	contraction err= 2.4388833126666884e-15 5.345817328282682e-14

Mean energy: -2.97670917e+01
Block size    # of blocks        Mean                Error
     1           10000       -2.97670917e+01       5.595010e-03
     2           5000       -2.97670917e+01       5.510504e-03
     5           2000       -2.97670917e+01       5.486739e-03
    10           1000       -2.97670917e+01       5.413346e-03
    20            500       -2.97670917e+01       5.460890e-03
    50            200       -2.97670917e+01       5.400303e-03
    70            142       -2.97670968e+01       5.395053e-03
   100            100       -2.97670917e+01       5.306127e-03
   200             50       -2.97670917e+01       7.114579e-03
   500             20       -2.97670917e+01       9.544867e-03
0 0.00559500993188777 0.009544866682866497
Stocahstic error estimate: 5.595010e-03

	predict=-0.01838740218809464,actual=(0.06609173244548572, 0.0067694611760701065)
	g=1.245652151208567,del=0.42924107247944177,dot=0.0982435161273975,x=23.619564976793434
	prob= 0.544716994025982
	burn in time= 2.7988381385803223
	sample time= 29.1552734375
	contraction err= 2.459591694469219e-15 5.2815942104919745e-14

Mean energy: -2.98143193e+01
Block size    # of blocks        Mean                Error
     1           10000       -2.98143193e+01       3.927837e-03
     2           5000       -2.98143193e+01       3.940615e-03
     5           2000       -2.98143193e+01       3.935983e-03
    10           1000       -2.98143193e+01       3.886693e-03
    20            500       -2.98143193e+01       3.902003e-03
    50            200       -2.98143193e+01       3.682954e-03
    70            142       -2.98141726e+01       3.728846e-03
   100            100       -2.98143193e+01       3.386810e-03
   200             50       -2.98143193e+01       3.508545e-03
   500             20       -2.98143193e+01       4.196290e-03
0 0.003940615220464899 0.004196289586819952
Stocahstic error estimate: 3.940615e-03

step=102,E=-0.37267899073191213,dE=0.00023580224558701347,err=4.9257690255811235e-05,gmax=0.5198206149073465
	collect g,Hv time= 0.26366138458251953
	solver time=0.057114601135253906,exit status=0
niter= 46
pure_newton= False
	solver time=7.42469334602356,exit status=100
niter= 3101
	prob= 0.3886057870002257
	burn in time= 2.670860528945923
	sample time= 20.14836573600769
	contraction err= 2.461278533365499e-15 6.989373589125327e-14

Mean energy: -2.97931840e+01
Block size    # of blocks        Mean                Error
     1           10000       -2.97931840e+01       5.142398e-03
     2           5000       -2.97931840e+01       5.155000e-03
     5           2000       -2.97931840e+01       4.998430e-03
    10           1000       -2.97931840e+01       5.030449e-03
    20            500       -2.97931840e+01       4.782961e-03
    50            200       -2.97931840e+01       4.521116e-03
    70            142       -2.97938618e+01       4.553403e-03
   100            100       -2.97931840e+01       4.464564e-03
   200             50       -2.97931840e+01       5.333698e-03
   500             20       -2.97931840e+01       7.582937e-03
0 0.005155000071052894 0.007582936735503493
Stocahstic error estimate: 5.155000e-03

	predict=-0.01825424617584842,actual=(0.021135271754175733, 0.006488641926344446)
	g=2.1846922412127343,del=0.2989338912980428,dot=0.11501221262462663,x=23.619564976793434
	prob= 0.5034985749798221
	burn in time= 2.8524703979492188
	sample time= 29.202638864517212
	contraction err= 2.368583339941855e-15 3.963316806433811e-14

Mean energy: -2.98099569e+01
Block size    # of blocks        Mean                Error
     1           10000       -2.98099569e+01       5.308739e-03
     2           5000       -2.98099569e+01       5.311300e-03
     5           2000       -2.98099569e+01       5.270512e-03
    10           1000       -2.98099569e+01       5.248618e-03
    20            500       -2.98099569e+01       5.136066e-03
    50            200       -2.98099569e+01       5.038512e-03
    70            142       -2.98098179e+01       4.507007e-03
   100            100       -2.98099569e+01       4.465575e-03
   200             50       -2.98099569e+01       5.251959e-03
   500             20       -2.98099569e+01       6.470156e-03
0 0.00531129952212009 0.0064701555157845704
Stocahstic error estimate: 5.311300e-03

step=103,E=-0.37262446064128835,dE=5.453009062379443e-05,err=6.639124402650112e-05,gmax=0.4245456072379077
	collect g,Hv time= 0.2606663703918457
	solver time=0.058750152587890625,exit status=0
niter= 49
pure_newton= False
	solver time=2.0267066955566406,exit status=0
niter= 839
	prob= 0.26806726961745314
	burn in time= 2.7466607093811035
	sample time= 20.003473043441772
	contraction err= 2.5397182988026512e-15 5.4882790318495117e-14

Mean energy: -2.97742989e+01
Block size    # of blocks        Mean                Error
     1           10000       -2.97742989e+01       6.006707e-03
     2           5000       -2.97742989e+01       5.950271e-03
     5           2000       -2.97742989e+01       5.858485e-03
    10           1000       -2.97742989e+01       5.704071e-03
    20            500       -2.97742989e+01       5.720637e-03
    50            200       -2.97742989e+01       5.767111e-03
    70            142       -2.97734434e+01       5.686048e-03
   100            100       -2.97742989e+01       5.665798e-03
   200             50       -2.97742989e+01       6.327862e-03
   500             20       -2.97742989e+01       9.797283e-03
0 0.006006707139940236 0.009797283155836
Stocahstic error estimate: 6.006707e-03

	predict=-0.02943852482659142,actual=(0.03565793555537411, 0.008018131532887328)
	g=2.1067977266102345,del=0.4679005133362057,dot=0.23042232806762317,x=23.619564976793434
	prob= 0.47269872563172943
	burn in time= 2.8534138202667236
	sample time= 29.160460710525513
	contraction err= 2.355184588169534e-15 1.8916043642752754e-14

Mean energy: -2.98453850e+01
Block size    # of blocks        Mean                Error
     1           10000       -2.98453850e+01       3.622159e-03
     2           5000       -2.98453850e+01       3.643735e-03
     5           2000       -2.98453850e+01       3.736656e-03
    10           1000       -2.98453850e+01       3.707159e-03
    20            500       -2.98453850e+01       3.785206e-03
    50            200       -2.98453850e+01       3.962311e-03
    70            142       -2.98454313e+01       4.077731e-03
   100            100       -2.98453850e+01       3.923338e-03
   200             50       -2.98453850e+01       4.869285e-03
   500             20       -2.98453850e+01       6.592732e-03
0 0.003643734882368363 0.006592731840071703
Stocahstic error estimate: 3.643735e-03

step=104,E=-0.37306731294216605,dE=-0.0004428523008777052,err=4.554668602960454e-05,gmax=0.28419422777988856
	collect g,Hv time= 0.3013932704925537
	solver time=0.05537247657775879,exit status=0
niter= 45
pure_newton= False
	solver time=1.7576849460601807,exit status=0
niter= 715
	prob= 0.2518571123607295
	burn in time= 2.7128102779388428
	sample time= 20.001447439193726
	contraction err= 2.458163727404111e-15 2.7897846555785655e-14

Mean energy: -2.98247214e+01
Block size    # of blocks        Mean                Error
     1           10000       -2.98247214e+01       4.469637e-03
     2           5000       -2.98247214e+01       4.518070e-03
     5           2000       -2.98247214e+01       4.557154e-03
    10           1000       -2.98247214e+01       4.653476e-03
    20            500       -2.98247214e+01       4.650018e-03
    50            200       -2.98247214e+01       4.801015e-03
    70            142       -2.98247766e+01       4.727457e-03
   100            100       -2.98247214e+01       4.020132e-03
   200             50       -2.98247214e+01       4.736678e-03
   500             20       -2.98247214e+01       6.649776e-03
0 0.004518070014458588 0.00664977635798698
Stocahstic error estimate: 4.518070e-03

	predict=-0.01697362064710121,actual=(0.02066358775665833, 0.005804288117292061)
	g=1.1984512240743226,del=0.4904564434661172,dot=0.0938790513473598,x=23.619564976793438
	prob= 0.44380971023227017
	burn in time= 2.6919000148773193
	sample time= 29.054155349731445
	contraction err= 2.470742435262187e-15 5.644444296333749e-14

Mean energy: -2.98202873e+01
Block size    # of blocks        Mean                Error
     1           10000       -2.98202873e+01       4.817984e-03
     2           5000       -2.98202873e+01       4.772296e-03
     5           2000       -2.98202873e+01       4.802619e-03
    10           1000       -2.98202873e+01       4.831095e-03
    20            500       -2.98202873e+01       4.830662e-03
    50            200       -2.98202873e+01       4.791064e-03
    70            142       -2.98201481e+01       4.844814e-03
   100            100       -2.98202873e+01       5.079420e-03
   200             50       -2.98202873e+01       6.067022e-03
   500             20       -2.98202873e+01       8.004111e-03
0 0.004817984449087183 0.008004110725990063
Stocahstic error estimate: 4.817984e-03

step=105,E=-0.37275359132409974,dE=0.00031372161806628716,err=6.022480561358979e-05,gmax=0.6194789867008037
	collect g,Hv time= 0.3078591823577881
	solver time=0.05134987831115723,exit status=0
niter= 42
pure_newton= False
	solver time=2.348686456680298,exit status=0
niter= 968
	prob= 0.24174164346006918
	burn in time= 2.702681541442871
	sample time= 20.054739236831665
	contraction err= 2.4065687588110645e-15 5.1859552948640533e-14

Mean energy: -2.98508176e+01
Block size    # of blocks        Mean                Error
     1           10000       -2.98508176e+01       4.166197e-03
     2           5000       -2.98508176e+01       4.170116e-03
     5           2000       -2.98508176e+01       4.099175e-03
    10           1000       -2.98508176e+01       4.147069e-03
    20            500       -2.98508176e+01       4.252833e-03
    50            200       -2.98508176e+01       4.409592e-03
    70            142       -2.98512508e+01       4.167214e-03
   100            100       -2.98508176e+01       4.349794e-03
   200             50       -2.98508176e+01       5.542918e-03
   500             20       -2.98508176e+01       7.706204e-03
0 0.00417011562987146 0.007706203734225055
Stocahstic error estimate: 4.170116e-03

	predict=-0.02286482455470721,actual=(-0.030530302242080865, 0.006372035665165738)
	g=2.126913025380114,del=0.59974013890635,dot=0.04571587138886269,x=23.61956497679343
	prob= 0.24174164346006918
	burn in time= 2.8111581802368164
	sample time= 29.236594676971436
	contraction err= 2.4094343275608936e-15 6.900482121968111e-14

Mean energy: -2.98200280e+01
Block size    # of blocks        Mean                Error
     1           10000       -2.98200280e+01       5.337014e-03
     2           5000       -2.98200280e+01       5.285139e-03
     5           2000       -2.98200280e+01       5.201895e-03
    10           1000       -2.98200280e+01       5.136747e-03
    20            500       -2.98200280e+01       5.065930e-03
    50            200       -2.98200280e+01       5.158314e-03
    70            142       -2.98200495e+01       5.156559e-03
   100            100       -2.98200280e+01       4.833893e-03
   200             50       -2.98200280e+01       6.139380e-03
   500             20       -2.98200280e+01       8.288468e-03
0 0.005337014300532815 0.008288467771356337
Stocahstic error estimate: 5.337014e-03

step=106,E=-0.37275035021252195,dE=3.2411115777897237e-06,err=6.671267875666019e-05,gmax=0.9396286661058824
	collect g,Hv time= 0.3291025161743164
	solver time=0.05169796943664551,exit status=0
niter= 41
pure_newton= False
	solver time=1.5652925968170166,exit status=0
niter= 624
	prob= 0.19104032573096685
	burn in time= 2.750786304473877
	sample time= 20.04852843284607
	contraction err= 2.258015433917736e-15 2.3512119747007343e-14

Mean energy: -2.98256044e+01
Block size    # of blocks        Mean                Error
     1           10000       -2.98256044e+01       5.403929e-03
     2           5000       -2.98256044e+01       5.400161e-03
     5           2000       -2.98256044e+01       5.357898e-03
    10           1000       -2.98256044e+01       5.361926e-03
    20            500       -2.98256044e+01       5.169855e-03
    50            200       -2.98256044e+01       4.790985e-03
    70            142       -2.98251072e+01       4.328871e-03
   100            100       -2.98256044e+01       3.892401e-03
   200             50       -2.98256044e+01       4.317771e-03
   500             20       -2.98256044e+01       5.476996e-03
0 0.005403928988683215 0.0054769957328136476
Stocahstic error estimate: 5.403929e-03

	predict=-0.03435585923591137,actual=(-0.005576412632834149, 0.007595141220466053)
	g=2.7713606300297444,del=0.460631084938881,dot=0.06868458091135876,x=23.619564976793434
	prob= 0.19104032573096685
	burn in time= 2.7620339393615723
	sample time= 29.19282627105713
	contraction err= 2.299741566249241e-15 3.382445238087035e-14

Mean energy: -2.98448317e+01
Block size    # of blocks        Mean                Error
     1           10000       -2.98448317e+01       5.514715e-03
     2           5000       -2.98448317e+01       5.519840e-03
     5           2000       -2.98448317e+01       5.492880e-03
    10           1000       -2.98448317e+01       5.424563e-03
    20            500       -2.98448317e+01       5.191254e-03
    50            200       -2.98448317e+01       4.879519e-03
    70            142       -2.98447934e+01       4.928388e-03
   100            100       -2.98448317e+01       5.032295e-03
   200             50       -2.98448317e+01       5.677065e-03
   500             20       -2.98448317e+01       7.641697e-03
0 0.005519840492323631 0.007641696695076263
Stocahstic error estimate: 5.519840e-03

step=107,E=-0.37306039615097086,dE=-0.0003100459384488996,err=6.899800615404539e-05,gmax=0.6200663851105261
	collect g,Hv time= 0.3503844738006592
	solver time=0.05280780792236328,exit status=0
niter= 42
pure_newton= False
	solver time=1.3975391387939453,exit status=0
niter= 551
	prob= 0.1378381445152134
	burn in time= 2.702928304672241
	sample time= 20.055633306503296
	contraction err= 2.2051685912371384e-15 1.9119284132563204e-14

Mean energy: -2.98870923e+01
Block size    # of blocks        Mean                Error
     1           10000       -2.98870923e+01       3.811914e-03
     2           5000       -2.98870923e+01       3.798368e-03
     5           2000       -2.98870923e+01       3.799877e-03
    10           1000       -2.98870923e+01       3.846688e-03
    20            500       -2.98870923e+01       3.892974e-03
    50            200       -2.98870923e+01       3.799936e-03
    70            142       -2.98871134e+01       3.956787e-03
   100            100       -2.98870923e+01       3.678653e-03
   200             50       -2.98870923e+01       4.533078e-03
   500             20       -2.98870923e+01       6.129214e-03
0 0.00381191422343947 0.006129213665574107
Stocahstic error estimate: 3.811914e-03

	predict=-0.03359165870617293,actual=(-0.04226060653433095, 0.006708153926942622)
	g=2.2198661899736294,del=0.4110470255192392,dot=0.06716216841615749,x=23.61956497679344
	prob= 0.1378381445152134
	burn in time= 2.7284023761749268
	sample time= 29.17954158782959
	contraction err= 2.24772167109314e-15 5.08860579526607e-14

Mean energy: -2.98830002e+01
Block size    # of blocks        Mean                Error
     1           10000       -2.98830002e+01       4.499413e-03
     2           5000       -2.98830002e+01       4.442750e-03
     5           2000       -2.98830002e+01       4.425770e-03
    10           1000       -2.98830002e+01       4.496247e-03
    20            500       -2.98830002e+01       4.464961e-03
    50            200       -2.98830002e+01       4.684182e-03
    70            142       -2.98835160e+01       4.590689e-03
   100            100       -2.98830002e+01       4.553153e-03
   200             50       -2.98830002e+01       5.668053e-03
   500             20       -2.98830002e+01       7.762559e-03
0 0.004499412631287184 0.007762558943646521
Stocahstic error estimate: 4.499413e-03

step=108,E=-0.3735375020906434,dE=-0.00047710593967251744,err=5.6242657891089806e-05,gmax=0.7708561827239642
	collect g,Hv time= 0.36810302734375
	solver time=0.05267763137817383,exit status=0
niter= 42
pure_newton= False
	solver time=1.216193675994873,exit status=0
niter= 480
	prob= 0.12160478061260152
	burn in time= 2.8013784885406494
	sample time= 20.020507097244263
	contraction err= 2.158508070253892e-15 4.544652125880919e-14

Mean energy: -2.98512941e+01
Block size    # of blocks        Mean                Error
     1           10000       -2.98512941e+01       5.470901e-03
     2           5000       -2.98512941e+01       5.461288e-03
     5           2000       -2.98512941e+01       5.322037e-03
    10           1000       -2.98512941e+01       5.252272e-03
    20            500       -2.98512941e+01       5.100259e-03
    50            200       -2.98512941e+01       4.883969e-03
    70            142       -2.98514361e+01       4.635267e-03
   100            100       -2.98512941e+01       4.400876e-03
   200             50       -2.98512941e+01       4.987437e-03
   500             20       -2.98512941e+01       7.049071e-03
0 0.0054709011656971255 0.0070490707857485645
Stocahstic error estimate: 5.470901e-03

	predict=-0.0266343791744282,actual=(0.03170605132809001, 0.007083464801311066)
	g=2.100347405273471,del=0.5192259375027507,dot=0.22327135502938072,x=23.619564976793438
	prob= 0.14248562517338803
	burn in time= 2.643517017364502
	sample time= 29.115983247756958
	contraction err= 2.181442787511713e-15 4.220912307319255e-14

Mean energy: -2.99057492e+01
Block size    # of blocks        Mean                Error
     1           10000       -2.99057492e+01       3.547524e-03
     2           5000       -2.99057492e+01       3.542066e-03
     5           2000       -2.99057492e+01       3.539837e-03
    10           1000       -2.99057492e+01       3.471082e-03
    20            500       -2.99057492e+01       3.578932e-03
    50            200       -2.99057492e+01       3.445131e-03
    70            142       -2.99054317e+01       3.218079e-03
   100            100       -2.99057492e+01       3.124304e-03
   200             50       -2.99057492e+01       3.903361e-03
   500             20       -2.99057492e+01       4.325757e-03
0 0.0035475241801288205 0.0043257571521092145
Stocahstic error estimate: 3.547524e-03

step=109,E=-0.37382186458888617,dE=-0.0002843624982427961,err=4.434405225161026e-05,gmax=0.42462066375913565
	collect g,Hv time= 0.35599541664123535
	solver time=0.05468130111694336,exit status=0
niter= 43
pure_newton= False
	solver time=1.8271234035491943,exit status=0
niter= 714
	prob= 0.11051585273371521
	burn in time= 2.598431348800659
	sample time= 20.056158304214478
	contraction err= 2.1489245690963474e-15 3.2480099551354266e-14

Mean energy: -2.98775859e+01
Block size    # of blocks        Mean                Error
     1           10000       -2.98775859e+01       5.135630e-03
     2           5000       -2.98775859e+01       5.153040e-03
     5           2000       -2.98775859e+01       5.083305e-03
    10           1000       -2.98775859e+01       5.142203e-03
    20            500       -2.98775859e+01       5.248439e-03
    50            200       -2.98775859e+01       5.313502e-03
    70            142       -2.98776534e+01       5.411962e-03
   100            100       -2.98775859e+01       5.175050e-03
   200             50       -2.98775859e+01       6.615584e-03
   500             20       -2.98775859e+01       9.569780e-03
0 0.005153040354829954 0.00956977958152199
Stocahstic error estimate: 5.153040e-03

	predict=-0.01804075040828787,actual=(0.028163238752906494, 0.006256097242459126)
	g=1.6476652019925448,del=0.3638234211552173,dot=0.11781087345484167,x=23.61956497679343
	prob= 0.1392662691023857
	burn in time= 2.633448839187622
	sample time= 29.22933578491211
	contraction err= 2.1223032093215264e-15 2.6198674511080956e-14

Mean energy: -2.99034944e+01
Block size    # of blocks        Mean                Error
     1           10000       -2.99034944e+01       3.771365e-03
     2           5000       -2.99034944e+01       3.809053e-03
     5           2000       -2.99034944e+01       3.808292e-03
    10           1000       -2.99034944e+01       3.874526e-03
    20            500       -2.99034944e+01       3.951496e-03
    50            200       -2.99034944e+01       4.278583e-03
    70            142       -2.99034512e+01       4.542420e-03
   100            100       -2.99034944e+01       4.164174e-03
   200             50       -2.99034944e+01       5.186951e-03
   500             20       -2.99034944e+01       6.929166e-03
0 0.003809053137749355 0.006929166192766782
Stocahstic error estimate: 3.809053e-03

step=110,E=-0.37379367941550723,dE=2.8185173378947326e-05,err=4.761316422186694e-05,gmax=0.21938409932970604
	collect g,Hv time= 0.3006448745727539
	solver time=0.052260637283325195,exit status=0
niter= 43
pure_newton= False
	solver time=1.2674226760864258,exit status=0
niter= 509
	prob= 0.09858542729481465
	burn in time= 2.6592495441436768
	sample time= 19.98268961906433
	contraction err= 2.091548305170375e-15 2.2372164380957285e-14

Mean energy: -2.99105691e+01
Block size    # of blocks        Mean                Error
     1           10000       -2.99105691e+01       3.524656e-03
     2           5000       -2.99105691e+01       3.519293e-03
     5           2000       -2.99105691e+01       3.539548e-03
    10           1000       -2.99105691e+01       3.527081e-03
    20            500       -2.99105691e+01       3.512291e-03
    50            200       -2.99105691e+01       3.327652e-03
    70            142       -2.99103801e+01       3.182463e-03
   100            100       -2.99105691e+01       2.700556e-03
   200             50       -2.99105691e+01       3.404410e-03
   500             20       -2.99105691e+01       4.943632e-03
0 0.0035246558725380447 0.0049436324133999765
Stocahstic error estimate: 3.524656e-03

	predict=-0.012600359404999702,actual=(-0.007074722917192133, 0.0051896131672808845)
	g=1.0864560941660515,del=0.32913730956927867,dot=0.025193335923908433,x=23.61956497679343
	prob= 0.09858542729481465
	burn in time= 2.7225422859191895
	sample time= 29.007888555526733
	contraction err= 2.1667086842172515e-15 4.9725059017859325e-14

Mean energy: -2.98850296e+01
Block size    # of blocks        Mean                Error
     1           10000       -2.98850296e+01       4.473411e-03
     2           5000       -2.98850296e+01       4.419077e-03
     5           2000       -2.98850296e+01       4.373250e-03
    10           1000       -2.98850296e+01       4.305475e-03
    20            500       -2.98850296e+01       4.092998e-03
    50            200       -2.98850296e+01       4.201491e-03
    70            142       -2.98849114e+01       3.601396e-03
   100            100       -2.98850296e+01       3.398278e-03
   200             50       -2.98850296e+01       3.596420e-03
   500             20       -2.98850296e+01       4.725717e-03
0 0.0044734107200573615 0.004725717365493971
Stocahstic error estimate: 4.473411e-03

step=111,E=-0.37356287056373294,dE=0.0002308088517743112,err=5.591763400071702e-05,gmax=0.5625115720236122
	collect g,Hv time= 0.4273834228515625
	solver time=0.031169652938842773,exit status=0
niter= 24
pure_newton= False
	solver time=1.5505411624908447,exit status=0
niter= 611
	prob= 0.09241203133746106
	burn in time= 2.7309255599975586
	sample time= 19.923914909362793
	contraction err= 1.947079131212373e-15 1.8551205674198103e-14

Mean energy: -2.99331987e+01
Block size    # of blocks        Mean                Error
     1           10000       -2.99331987e+01       3.445956e-03
     2           5000       -2.99331987e+01       3.432486e-03
     5           2000       -2.99331987e+01       3.451691e-03
    10           1000       -2.99331987e+01       3.455909e-03
    20            500       -2.99331987e+01       3.531205e-03
    50            200       -2.99331987e+01       3.625894e-03
    70            142       -2.99328962e+01       3.768609e-03
   100            100       -2.99331987e+01       4.264645e-03
   200             50       -2.99331987e+01       5.737115e-03
   500             20       -2.99331987e+01       8.947494e-03
0 0.0034459556584166234 0.008947494402652228
Stocahstic error estimate: 3.445956e-03

	predict=-0.02549051590982758,actual=(-0.04816901521990147, 0.005646770215804577)
	g=2.083080523678258,del=0.28507291776977106,dot=0.05096636225632736,x=23.619564976793434
	prob= 0.09241203133746106
	burn in time= 2.689227819442749
	sample time= 29.012027502059937
	contraction err= 1.979252698839955e-15 2.36793245263703e-14

Mean energy: -2.99307147e+01
Block size    # of blocks        Mean                Error
     1           10000       -2.99307147e+01       2.957729e-03
     2           5000       -2.99307147e+01       2.949546e-03
     5           2000       -2.99307147e+01       2.942045e-03
    10           1000       -2.99307147e+01       2.992452e-03
    20            500       -2.99307147e+01       2.981907e-03
    50            200       -2.99307147e+01       2.821250e-03
    70            142       -2.99308992e+01       2.592132e-03
   100            100       -2.99307147e+01       2.637213e-03
   200             50       -2.99307147e+01       3.124038e-03
   500             20       -2.99307147e+01       4.041672e-03
0 0.002957728567901838 0.004041672214771916
Stocahstic error estimate: 2.957729e-03

step=112,E=-0.3741339343619925,dE=-0.0005710637982595746,err=3.6971607098772976e-05,gmax=0.13379117301496457
	collect g,Hv time= 0.4724860191345215
	solver time=0.04500579833984375,exit status=0
niter= 35
pure_newton= False
	solver time=1.1053264141082764,exit status=0
niter= 426
	prob= 0.08566795958231156
	burn in time= 2.676408052444458
	sample time= 19.914119958877563
	contraction err= 1.922830656700523e-15 2.9639606010472705e-14

Mean energy: -2.99178879e+01
Block size    # of blocks        Mean                Error
     1           10000       -2.99178879e+01       4.022191e-03
     2           5000       -2.99178879e+01       3.977197e-03
     5           2000       -2.99178879e+01       3.995722e-03
    10           1000       -2.99178879e+01       3.805706e-03
    20            500       -2.99178879e+01       3.628699e-03
    50            200       -2.99178879e+01       3.414470e-03
    70            142       -2.99176774e+01       3.351374e-03
   100            100       -2.99178879e+01       2.736543e-03
   200             50       -2.99178879e+01       3.224573e-03
   500             20       -2.99178879e+01       4.089126e-03
0 0.004022191025565938 0.004089125838248299
Stocahstic error estimate: 4.022191e-03

	predict=-0.013055171034107579,actual=(0.0128268702052452, 0.004992612435141128)
	g=0.8043600167317594,del=0.40606582473115,dot=0.10450333303054427,x=23.61956497679343
	prob= 0.09301337548837653
	burn in time= 2.647487163543701
	sample time= 28.887459754943848
	contraction err= 1.912209849457801e-15 1.486092830868726e-14

Mean energy: -2.99274612e+01
Block size    # of blocks        Mean                Error
     1           10000       -2.99274612e+01       3.230387e-03
     2           5000       -2.99274612e+01       3.262948e-03
     5           2000       -2.99274612e+01       3.222031e-03
    10           1000       -2.99274612e+01       3.234695e-03
    20            500       -2.99274612e+01       3.210342e-03
    50            200       -2.99274612e+01       3.153389e-03
    70            142       -2.99274808e+01       2.967418e-03
   100            100       -2.99274612e+01       2.754783e-03
   200             50       -2.99274612e+01       2.774391e-03
   500             20       -2.99274612e+01       3.627459e-03
0 0.0032629484531206477 0.003627459286390027
Stocahstic error estimate: 3.262948e-03

step=113,E=-0.374093264409784,dE=4.0669952208460816e-05,err=4.07868556640081e-05,gmax=0.8351316914971818
	collect g,Hv time= 0.4210171699523926
	solver time=0.031236648559570312,exit status=0
niter= 24
pure_newton= False
	solver time=1.2382984161376953,exit status=0
niter= 433
	prob= 0.08424774080520493
	burn in time= 2.625105619430542
	sample time= 20.02288055419922
	contraction err= 1.9186186602496096e-15 3.715748990085918e-14

Mean energy: -2.99390871e+01
Block size    # of blocks        Mean                Error
     1           10000       -2.99390871e+01       3.020446e-03
     2           5000       -2.99390871e+01       3.002841e-03
     5           2000       -2.99390871e+01       3.054395e-03
    10           1000       -2.99390871e+01       3.054819e-03
    20            500       -2.99390871e+01       3.024050e-03
    50            200       -2.99390871e+01       2.895528e-03
    70            142       -2.99389389e+01       3.113865e-03
   100            100       -2.99390871e+01       3.137971e-03
   200             50       -2.99390871e+01       3.797752e-03
   500             20       -2.99390871e+01       5.692948e-03
0 0.0030204457568212954 0.005692948418380262
Stocahstic error estimate: 3.020446e-03

	predict=-0.013383920981160199,actual=(-0.011625931607412099, 0.004446338401159115)
	g=2.4446294433681004,del=0.22604324217797578,dot=0.026755162660805173,x=23.619564976793423
	prob= 0.08424774080520493
	burn in time= 2.63765025138855
	sample time= 28.977622747421265
	contraction err= 1.9600306910600515e-15 4.075121123199616e-14

Mean energy: -2.99240878e+01
Block size    # of blocks        Mean                Error
     1           10000       -2.99240878e+01       3.577543e-03
     2           5000       -2.99240878e+01       3.569658e-03
     5           2000       -2.99240878e+01       3.501323e-03
    10           1000       -2.99240878e+01       3.543745e-03
    20            500       -2.99240878e+01       3.514614e-03
    50            200       -2.99240878e+01       3.456237e-03
    70            142       -2.99238794e+01       3.105692e-03
   100            100       -2.99240878e+01       3.066434e-03
   200             50       -2.99240878e+01       3.719475e-03
   500             20       -2.99240878e+01       4.340448e-03
0 0.0035775425942042305 0.004340448203941187
Stocahstic error estimate: 3.577543e-03

step=114,E=-0.37405109769900124,dE=4.216671078278722e-05,err=4.471928242755288e-05,gmax=0.25085879229381813
	collect g,Hv time= 0.483736515045166
	solver time=0.055022478103637695,exit status=0
niter= 42
pure_newton= False
	solver time=1.3269622325897217,exit status=0
niter= 436
	prob= 0.08785215776182743
	burn in time= 2.632490873336792
	sample time= 20.01341938972473
	contraction err= 1.8431586134286475e-15 2.0415467125301197e-14

Mean energy: -2.99340913e+01
Block size    # of blocks        Mean                Error
     1           10000       -2.99340913e+01       3.230055e-03
     2           5000       -2.99340913e+01       3.212608e-03
     5           2000       -2.99340913e+01       3.204901e-03
    10           1000       -2.99340913e+01       3.150515e-03
    20            500       -2.99340913e+01       3.059635e-03
    50            200       -2.99340913e+01       3.037244e-03
    70            142       -2.99341920e+01       2.984294e-03
   100            100       -2.99340913e+01       3.052745e-03
   200             50       -2.99340913e+01       3.824464e-03
   500             20       -2.99340913e+01       5.378935e-03
0 0.0032300550845046853 0.005378934969584214
Stocahstic error estimate: 3.230055e-03

	predict=-0.017568460003281234,actual=(-0.01000347689841874, 0.004819965442021353)
	g=1.2895705123509507,del=0.2522983673854124,dot=0.03513152745712686,x=23.61956497679343
	prob= 0.08785215776182743
	burn in time= 2.6325159072875977
	sample time= 28.99265766143799
	contraction err= 1.7914268302149873e-15 3.126984099639767e-14

Mean energy: -2.99523197e+01
Block size    # of blocks        Mean                Error
     1           10000       -2.99523197e+01       2.573201e-03
     2           5000       -2.99523197e+01       2.571973e-03
     5           2000       -2.99523197e+01       2.531876e-03
    10           1000       -2.99523197e+01       2.537996e-03
    20            500       -2.99523197e+01       2.430488e-03
    50            200       -2.99523197e+01       2.259754e-03
    70            142       -2.99523906e+01       2.316267e-03
   100            100       -2.99523197e+01       2.100014e-03
   200             50       -2.99523197e+01       2.258011e-03
   500             20       -2.99523197e+01       2.922941e-03
0 0.002573200692135435 0.002922940541473033
Stocahstic error estimate: 2.573201e-03

step=115,E=-0.3744039959479926,dE=-0.00035289824899136234,err=3.216500865169294e-05,gmax=0.16903546618674525
	collect g,Hv time= 0.43784189224243164
	solver time=0.050293684005737305,exit status=0
niter= 38
pure_newton= False
	solver time=1.057715892791748,exit status=0
niter= 350
	prob= 0.07921848364254637
	burn in time= 2.5890562534332275
	sample time= 19.943286895751953
	contraction err= 1.783540928660076e-15 3.651494237443352e-14

Mean energy: -2.99519876e+01
Block size    # of blocks        Mean                Error
     1           10000       -2.99519876e+01       2.602049e-03
     2           5000       -2.99519876e+01       2.584196e-03
     5           2000       -2.99519876e+01       2.661782e-03
    10           1000       -2.99519876e+01       2.664768e-03
    20            500       -2.99519876e+01       2.661278e-03
    50            200       -2.99519876e+01       2.642438e-03
    70            142       -2.99521168e+01       2.398941e-03
   100            100       -2.99519876e+01       2.300554e-03
   200             50       -2.99519876e+01       2.771893e-03
   500             20       -2.99519876e+01       3.187912e-03
0 0.002602049045446069 0.00318791209808821
Stocahstic error estimate: 2.602049e-03

	predict=-0.009584244330191052,actual=(0.0003320476604073974, 0.003659511037954809)
	g=0.8377183941091912,del=0.3097826155380278,dot=0.07757436589680419,x=23.619564976793434
	prob= 0.0857700914717045
	burn in time= 2.5314488410949707
	sample time= 29.09353280067444
	contraction err= 1.7539865246484676e-15 1.7665810308739294e-14

Mean energy: -2.99611565e+01
Block size    # of blocks        Mean                Error
     1           10000       -2.99611565e+01       2.441086e-03
     2           5000       -2.99611565e+01       2.438775e-03
     5           2000       -2.99611565e+01       2.435811e-03
    10           1000       -2.99611565e+01       2.441946e-03
    20            500       -2.99611565e+01       2.383313e-03
    50            200       -2.99611565e+01       2.280507e-03
    70            142       -2.99611977e+01       2.142186e-03
   100            100       -2.99611565e+01       2.191969e-03
   200             50       -2.99611565e+01       2.526603e-03
   500             20       -2.99611565e+01       3.605570e-03
0 0.0024410860117310756 0.0036055704477499268
Stocahstic error estimate: 2.441086e-03

step=116,E=-0.37451445613399004,dE=-0.00011046018599740748,err=3.0513575146638446e-05,gmax=0.26718295997685537
	collect g,Hv time= 0.5009167194366455
	solver time=0.053009033203125,exit status=0
niter= 40
pure_newton= False
	solver time=0.9523532390594482,exit status=0
niter= 301
	prob= 0.07548747269589529
	burn in time= 2.6046698093414307
	sample time= 19.943261861801147
	contraction err= 1.8177015282736206e-15 1.9529250712035527e-14

Mean energy: -2.99615897e+01
Block size    # of blocks        Mean                Error
     1           10000       -2.99615897e+01       1.869561e-03
     2           5000       -2.99615897e+01       1.864338e-03
     5           2000       -2.99615897e+01       1.883734e-03
    10           1000       -2.99615897e+01       1.889429e-03
    20            500       -2.99615897e+01       1.889642e-03
    50            200       -2.99615897e+01       1.891919e-03
    70            142       -2.99615769e+01       1.801287e-03
   100            100       -2.99615897e+01       1.631748e-03
   200             50       -2.99615897e+01       1.664995e-03
   500             20       -2.99615897e+01       1.738416e-03
0 0.0018695612284742944 0.0017384158490019823
Stocahstic error estimate: 1.869561e-03

	predict=-0.0068957022688981295,actual=(-0.00043321119673933595, 0.0030747617962507993)
	g=0.6715445545256723,del=0.1638090780324933,dot=0.013787084614998535,x=23.619564976793434
	prob= 0.07548747269589529
	burn in time= 2.6113572120666504
	sample time= 28.842492818832397
	contraction err= 1.8452508323335472e-15 2.2394026434079334e-14

Mean energy: -2.99540972e+01
Block size    # of blocks        Mean                Error
     1           10000       -2.99540972e+01       2.680934e-03
     2           5000       -2.99540972e+01       2.702783e-03
     5           2000       -2.99540972e+01       2.663561e-03
    10           1000       -2.99540972e+01       2.707927e-03
    20            500       -2.99540972e+01       2.667972e-03
    50            200       -2.99540972e+01       2.475875e-03
    70            142       -2.99541943e+01       2.233271e-03
   100            100       -2.99540972e+01       1.974941e-03
   200             50       -2.99540972e+01       2.059534e-03
   500             20       -2.99540972e+01       2.467256e-03
0 0.0027027827352114698 0.002467256411896546
Stocahstic error estimate: 2.702783e-03

step=117,E=-0.374426214636953,dE=8.824149703698936e-05,err=3.378478419014337e-05,gmax=0.11654267721382361
	collect g,Hv time= 0.5876426696777344
	solver time=0.05245637893676758,exit status=0
niter= 38
pure_newton= False
	solver time=1.0281100273132324,exit status=0
niter= 312
	prob= 0.07132848376497974
	burn in time= 2.5055770874023438
	sample time= 19.92145848274231
	contraction err= 1.7995556890244386e-15 2.8739482069631185e-14

Mean energy: -2.99621693e+01
Block size    # of blocks        Mean                Error
     1           10000       -2.99621693e+01       2.142560e-03
     2           5000       -2.99621693e+01       2.146590e-03
     5           2000       -2.99621693e+01       2.127467e-03
    10           1000       -2.99621693e+01       2.157585e-03
    20            500       -2.99621693e+01       2.183346e-03
    50            200       -2.99621693e+01       2.032407e-03
    70            142       -2.99619763e+01       2.121078e-03
   100            100       -2.99621693e+01       2.013029e-03
   200             50       -2.99621693e+01       2.452696e-03
   500             20       -2.99621693e+01       3.447368e-03
0 0.0021465903273996468 0.0034473675667441093
Stocahstic error estimate: 2.146590e-03

	predict=-0.009437255620846158,actual=(-0.008072088708470204, 0.0034515046787514164)
	g=0.5726485350011473,del=0.1617109347415972,dot=0.01887242937304307,x=23.619564976793438
	prob= 0.07132848376497974
	burn in time= 2.6494009494781494
	sample time= 29.01750898361206
	contraction err= 1.742131217792868e-15 2.302447472999302e-14

Mean energy: -2.99675506e+01
Block size    # of blocks        Mean                Error
     1           10000       -2.99675506e+01       1.916610e-03
     2           5000       -2.99675506e+01       1.939629e-03
     5           2000       -2.99675506e+01       1.887952e-03
    10           1000       -2.99675506e+01       1.950887e-03
    20            500       -2.99675506e+01       2.026402e-03
    50            200       -2.99675506e+01       2.026919e-03
    70            142       -2.99673837e+01       1.958488e-03
   100            100       -2.99675506e+01       1.845189e-03
   200             50       -2.99675506e+01       2.250753e-03
   500             20       -2.99675506e+01       2.982309e-03
0 0.0019396293795871419 0.00298230888689297
Stocahstic error estimate: 1.939629e-03

step=118,E=-0.3745943823313882,dE=-0.00016816769443517288,err=2.4245367244839274e-05,gmax=0.26465720620486044
	collect g,Hv time= 0.6336250305175781
	solver time=0.058469533920288086,exit status=0
niter= 42
pure_newton= False
	solver time=0.7098441123962402,exit status=0
niter= 219
	prob= 0.07111295087735602
	burn in time= 2.664635181427002
	sample time= 19.89085841178894
	contraction err= 1.7975609139945544e-15 2.6439955016296447e-14

Mean energy: -2.99570328e+01
Block size    # of blocks        Mean                Error
     1           10000       -2.99570328e+01       2.531737e-03
     2           5000       -2.99570328e+01       2.512699e-03
     5           2000       -2.99570328e+01       2.521627e-03
    10           1000       -2.99570328e+01       2.497377e-03
    20            500       -2.99570328e+01       2.480330e-03
    50            200       -2.99570328e+01       2.428692e-03
    70            142       -2.99572120e+01       2.177021e-03
   100            100       -2.99570328e+01       2.176842e-03
   200             50       -2.99570328e+01       2.602310e-03
   500             20       -2.99570328e+01       3.134018e-03
0 0.002531737039253797 0.0031340175126152955
Stocahstic error estimate: 2.531737e-03

	predict=-0.007115201907344938,actual=(0.010517749996594716, 0.0031893345020689162)
	g=0.730824770499347,del=0.31547025393177874,dot=0.05891008391350303,x=23.619564976793434
	prob= 0.07217962800493027
	burn in time= 2.632685899734497
	sample time= 28.857966899871826
	contraction err= 1.78928116544586e-15 4.311177882461788e-14

Mean energy: -2.99691208e+01
Block size    # of blocks        Mean                Error
     1           10000       -2.99691208e+01       1.827952e-03
     2           5000       -2.99691208e+01       1.817308e-03
     5           2000       -2.99691208e+01       1.784379e-03
    10           1000       -2.99691208e+01       1.752046e-03
    20            500       -2.99691208e+01       1.715214e-03
    50            200       -2.99691208e+01       1.540879e-03
    70            142       -2.99691188e+01       1.541137e-03
   100            100       -2.99691208e+01       1.464858e-03
   200             50       -2.99691208e+01       1.570660e-03
   500             20       -2.99691208e+01       1.848527e-03
0 0.0018279521861779063 0.0018485271135469691
Stocahstic error estimate: 1.827952e-03

step=119,E=-0.3746140102362182,dE=-1.9627904830032962e-05,err=2.2849402327223827e-05,gmax=0.17932987263249522
	collect g,Hv time= 0.5551252365112305
	solver time=0.05351424217224121,exit status=0
niter= 35
pure_newton= False
	solver time=0.787848949432373,exit status=0
niter= 235
	prob= 0.06257022381646463
	burn in time= 2.6517441272735596
	sample time= 19.855220556259155
	contraction err= 1.7659642653549722e-15 2.7612213719242944e-14

Mean energy: -2.99681640e+01
Block size    # of blocks        Mean                Error
     1           10000       -2.99681640e+01       2.183937e-03
     2           5000       -2.99681640e+01       2.175523e-03
     5           2000       -2.99681640e+01       2.224335e-03
    10           1000       -2.99681640e+01       2.234042e-03
    20            500       -2.99681640e+01       2.228002e-03
    50            200       -2.99681640e+01       2.168171e-03
    70            142       -2.99680168e+01       2.295769e-03
   100            100       -2.99681640e+01       2.406282e-03
   200             50       -2.99681640e+01       3.095447e-03
   500             20       -2.99681640e+01       4.240477e-03
0 0.0021839365375704504 0.004240476949382086
Stocahstic error estimate: 2.183937e-03

	predict=-0.0037432053605674152,actual=(0.0009568619784197097, 0.002847979633896246)
	g=0.5357758084704657,del=0.19714226890171824,dot=0.026282303052526015,x=23.619564976793438
