SIZE= 140
Lx,Ly= 8 8
D= 8
rate= 0.1 0.5
cond= 0.001 0.001
nparams= 320000
	burn in time= 59.26861596107483
	sample time= 2227.7400484085083
	contraction err= 9.336033855483188e-24 1.2705494208814505e-20

Mean energy: -3.01817967e+01
Block size    # of blocks        Mean                Error
     1           60000       -3.01817967e+01       2.693683e-03
     2           30000       -3.01817967e+01       2.688081e-03
     5           12000       -3.01817967e+01       2.695960e-03
    10           6000       -3.01817967e+01       2.678086e-03
    20           3000       -3.01817967e+01       2.693026e-03
    50           1200       -3.01817967e+01       2.669940e-03
    70            857       -3.01817994e+01       2.665697e-03
   100            600       -3.01817967e+01       2.680305e-03
   200            300       -3.01817967e+01       2.669097e-03
   500            120       -3.01817967e+01       2.746850e-03
0 0.002693682974310035 0.0027468502315015917
Stocahstic error estimate: 2.693683e-03

step=0,E=-0.4715905735226124,dE=-0.4715905735226124,err=4.20887964735943e-05
	collect data time= 6.501178979873657
	solver time=37.76402306556702,exit status=0
	g=0.9546076515293856,del=1.3159622245376978,dot=0.4269787250199135,x=19.066366914195047
	burn in time= 64.04982566833496
	sample time= 2427.3633890151978
	contraction err= 5.844124568931192e-24 4.235164736271502e-21

Mean energy: -3.02592148e+01
Block size    # of blocks        Mean                Error
     1           60000       -3.02592148e+01       2.467955e-03
     2           30000       -3.02592148e+01       2.464216e-03
     5           12000       -3.02592148e+01       2.464366e-03
    10           6000       -3.02592148e+01       2.483894e-03
    20           3000       -3.02592148e+01       2.508717e-03
    50           1200       -3.02592148e+01       2.452571e-03
    70            857       -3.02592082e+01       2.482079e-03
   100            600       -3.02592148e+01       2.463044e-03
   200            300       -3.02592148e+01       2.542674e-03
   500            120       -3.02592148e+01       2.601177e-03
0 0.0024679551844118525 0.0026011772166392214
Stocahstic error estimate: 2.467955e-03

step=1,E=-0.47280023188905856,dE=-0.0012096583664461535,err=3.8561799756435196e-05
	collect data time= 15.69834017753601
	solver time=40.31233334541321,exit status=0
	g=0.8266366713195188,del=1.381364735957347,dot=0.3572903499993496,x=19.10431737906498
	burn in time= 55.62504744529724
	sample time= 2380.4839022159576
	contraction err= 3.565120618164296e-24 4.235164736271502e-21

Mean energy: -3.03351472e+01
Block size    # of blocks        Mean                Error
     1           60000       -3.03351472e+01       2.319602e-03
     2           30000       -3.03351472e+01       2.312207e-03
     5           12000       -3.03351472e+01       2.316630e-03
    10           6000       -3.03351472e+01       2.303493e-03
    20           3000       -3.03351472e+01       2.293527e-03
    50           1200       -3.03351472e+01       2.291977e-03
    70            857       -3.03351205e+01       2.346835e-03
   100            600       -3.03351472e+01       2.308981e-03
   200            300       -3.03351472e+01       2.477345e-03
   500            120       -3.03351472e+01       2.619874e-03
0 0.0023196022680507327 0.002619873526129547
Stocahstic error estimate: 2.319602e-03

step=2,E=-0.4739866748898513,dE=-0.0011864430007927362,err=3.62437854382927e-05
	collect data time= 23.959251403808594
	solver time=41.82426071166992,exit status=0
	g=0.7715163817392792,del=1.3418223252531507,dot=0.31388933019834514,x=19.138386755909053
	burn in time= 59.659067153930664
	sample time= 2376.9547789096832
	contraction err= 6.491104306930414e-24 1.2281977735187355e-20

Mean energy: -3.03893234e+01
Block size    # of blocks        Mean                Error
     1           60000       -3.03893234e+01       2.149677e-03
     2           30000       -3.03893234e+01       2.153154e-03
     5           12000       -3.03893234e+01       2.145039e-03
    10           6000       -3.03893234e+01       2.157214e-03
    20           3000       -3.03893234e+01       2.146592e-03
    50           1200       -3.03893234e+01       2.175012e-03
    70            857       -3.03892895e+01       2.228714e-03
   100            600       -3.03893234e+01       2.082085e-03
   200            300       -3.03893234e+01       2.175909e-03
   500            120       -3.03893234e+01       2.377928e-03
0 0.002153153634671328 0.0023779282339601135
Stocahstic error estimate: 2.153154e-03

step=3,E=-0.4748331780320717,dE=-0.0008465031422204006,err=3.36430255417395e-05
	collect data time= 35.34154510498047
	solver time=41.66834211349487,exit status=0
	g=0.7112434725909204,del=1.3529721213135322,dot=0.2683578462704487,x=19.173113719143476
	burn in time= 59.67614984512329
	sample time= 2362.0060827732086
	contraction err= 2.2939669482748148e-24 8.470329472543003e-21

Mean energy: -3.04425633e+01
Block size    # of blocks        Mean                Error
     1           60000       -3.04425633e+01       2.062577e-03
     2           30000       -3.04425633e+01       2.063779e-03
     5           12000       -3.04425633e+01       2.079261e-03
    10           6000       -3.04425633e+01       2.087382e-03
    20           3000       -3.04425633e+01       2.092608e-03
    50           1200       -3.04425633e+01       2.051034e-03
    70            857       -3.04425326e+01       2.027866e-03
   100            600       -3.04425633e+01       2.034069e-03
   200            300       -3.04425633e+01       2.029116e-03
   500            120       -3.04425633e+01       1.815609e-03
0 0.0020637792894476615 0.0018156086132264653
Stocahstic error estimate: 2.063779e-03

step=4,E=-0.4756650515452113,dE=-0.0008318735131396249,err=3.224655139761971e-05
	collect data time= 42.31052041053772
	solver time=40.76024651527405,exit status=0
	g=0.6870753532784879,del=1.3574499495375358,dot=0.24432409262654228,x=19.202462295507843
	burn in time= 55.72593688964844
	sample time= 2334.4685821533203
	contraction err= 3.132951233800725e-24 7.623296525288703e-21

Mean energy: -3.04930156e+01
Block size    # of blocks        Mean                Error
     1           60000       -3.04930156e+01       1.913818e-03
     2           30000       -3.04930156e+01       1.917667e-03
     5           12000       -3.04930156e+01       1.892825e-03
    10           6000       -3.04930156e+01       1.905737e-03
    20           3000       -3.04930156e+01       1.916540e-03
    50           1200       -3.04930156e+01       1.915066e-03
    70            857       -3.04929909e+01       1.899677e-03
   100            600       -3.04930156e+01       1.932113e-03
   200            300       -3.04930156e+01       1.964155e-03
   500            120       -3.04930156e+01       1.911879e-03
0 0.0019176668988075262 0.0019118788346728797
Stocahstic error estimate: 1.917667e-03

step=5,E=-0.4764533682472398,dE=-0.0007883167020284465,err=2.9963545293867597e-05
	collect data time= 51.463635206222534
	solver time=41.6053421497345,exit status=0
	g=0.616616481875536,del=1.389401463398445,dot=0.20901658341089502,x=19.23621238608572
	burn in time= 67.64983487129211
	sample time= 2316.215142726898
	contraction err= 2.345851386413983e-24 5.082197683525802e-21

Mean energy: -3.05308154e+01
Block size    # of blocks        Mean                Error
     1           60000       -3.05308154e+01       1.837930e-03
     2           30000       -3.05308154e+01       1.841132e-03
     5           12000       -3.05308154e+01       1.840243e-03
    10           6000       -3.05308154e+01       1.838298e-03
    20           3000       -3.05308154e+01       1.847419e-03
    50           1200       -3.05308154e+01       1.847386e-03
    70            857       -3.05308352e+01       1.846465e-03
   100            600       -3.05308154e+01       1.831655e-03
   200            300       -3.05308154e+01       1.837424e-03
   500            120       -3.05308154e+01       1.880629e-03
0 0.0018411315987922187 0.001880629226056239
Stocahstic error estimate: 1.841132e-03

step=6,E=-0.47704399126596087,dE=-0.0005906230187210926,err=2.8767681231128417e-05
	collect data time= 61.15603494644165
	solver time=41.09425950050354,exit status=0
	g=0.5933062261131383,del=1.3908343627811957,dot=0.19158351549374136,x=19.267495653918843
	burn in time= 58.881869316101074
	sample time= 2284.3513877391815
	contraction err= 1.6531060990782055e-24 3.8116482626443515e-21

Mean energy: -3.05611876e+01
Block size    # of blocks        Mean                Error
     1           60000       -3.05611876e+01       1.723675e-03
     2           30000       -3.05611876e+01       1.726469e-03
     5           12000       -3.05611876e+01       1.741175e-03
    10           6000       -3.05611876e+01       1.730512e-03
    20           3000       -3.05611876e+01       1.756198e-03
    50           1200       -3.05611876e+01       1.760214e-03
    70            857       -3.05612105e+01       1.726960e-03
   100            600       -3.05611876e+01       1.778990e-03
   200            300       -3.05611876e+01       1.721998e-03
   500            120       -3.05611876e+01       1.980095e-03
0 0.0017264692717210983 0.0019800949158134454
Stocahstic error estimate: 1.726469e-03

step=7,E=-0.4775185569795782,dE=-0.00047456571361731426,err=2.697608237064216e-05
	collect data time= 69.93332862854004
	solver time=42.31414437294006,exit status=0
	g=0.5499730288337666,del=1.3551372297591726,dot=0.16722249249848448,x=19.297767455869426
	burn in time= 60.52207350730896
	sample time= 2294.2954609394073
	contraction err= 1.8925013367800915e-24 5.717472393966527e-21

Mean energy: -3.05924286e+01
Block size    # of blocks        Mean                Error
     1           60000       -3.05924286e+01       1.630086e-03
     2           30000       -3.05924286e+01       1.622180e-03
     5           12000       -3.05924286e+01       1.624699e-03
    10           6000       -3.05924286e+01       1.634131e-03
    20           3000       -3.05924286e+01       1.622433e-03
    50           1200       -3.05924286e+01       1.628507e-03
    70            857       -3.05924415e+01       1.630334e-03
   100            600       -3.05924286e+01       1.595014e-03
   200            300       -3.05924286e+01       1.644036e-03
   500            120       -3.05924286e+01       1.822895e-03
0 0.001630086130246667 0.001822894530125219
Stocahstic error estimate: 1.630086e-03

step=8,E=-0.47800669611359936,dE=-0.0004881391340211816,err=2.547009578510417e-05
	collect data time= 78.0662751197815
	solver time=41.93071937561035,exit status=0
	g=0.51060845595336,del=1.3577446102698243,dot=0.14793653123691866,x=19.32524851767224
	burn in time= 73.21887493133545
	sample time= 2257.9901943206787
	contraction err= 5.9490809665297965e-25 1.4823076576950256e-21

Mean energy: -3.06228454e+01
Block size    # of blocks        Mean                Error
     1           60000       -3.06228454e+01       1.562036e-03
     2           30000       -3.06228454e+01       1.564896e-03
     5           12000       -3.06228454e+01       1.575415e-03
    10           6000       -3.06228454e+01       1.577565e-03
    20           3000       -3.06228454e+01       1.593887e-03
    50           1200       -3.06228454e+01       1.556365e-03
    70            857       -3.06228166e+01       1.560218e-03
   100            600       -3.06228454e+01       1.550004e-03
   200            300       -3.06228454e+01       1.671327e-03
   500            120       -3.06228454e+01       1.862820e-03
0 0.0015648956404532375 0.0018628204642493515
Stocahstic error estimate: 1.564896e-03

step=9,E=-0.4784819600077196,dE=-0.00047526389412022585,err=2.4451494382081836e-05
	collect data time= 86.66010904312134
	solver time=41.511967182159424,exit status=0
	g=0.48464716780301587,del=1.403734197759546,dot=0.1340253574364032,x=19.3547634338324
	burn in time= 56.45990252494812
	sample time= 2267.1312267780304
	contraction err= 3.7102611566922125e-25 5.293955920339377e-22

Mean energy: -3.06455497e+01
Block size    # of blocks        Mean                Error
     1           60000       -3.06455497e+01       1.491580e-03
     2           30000       -3.06455497e+01       1.488694e-03
     5           12000       -3.06455497e+01       1.473053e-03
    10           6000       -3.06455497e+01       1.467678e-03
    20           3000       -3.06455497e+01       1.448266e-03
    50           1200       -3.06455497e+01       1.470069e-03
    70            857       -3.06455525e+01       1.391462e-03
   100            600       -3.06455497e+01       1.447200e-03
   200            300       -3.06455497e+01       1.511533e-03
   500            120       -3.06455497e+01       1.521295e-03
0 0.00149158030175834 0.001521295292435746
Stocahstic error estimate: 1.491580e-03

step=10,E=-0.47883671476086903,dE=-0.0003547547531494444,err=2.3305942214974063e-05
	collect data time= 96.2338182926178
	solver time=42.62334704399109,exit status=0
	g=0.45805410410020664,del=1.3800167478234864,dot=0.12145878941449162,x=19.381928791891742
	burn in time= 60.60006523132324
	sample time= 2257.394638776779
	contraction err= 4.258253188298182e-25 1.6940658945086007e-21

Mean energy: -3.06669073e+01
Block size    # of blocks        Mean                Error
     1           60000       -3.06669073e+01       1.437853e-03
     2           30000       -3.06669073e+01       1.435996e-03
     5           12000       -3.06669073e+01       1.438637e-03
    10           6000       -3.06669073e+01       1.447350e-03
    20           3000       -3.06669073e+01       1.475798e-03
    50           1200       -3.06669073e+01       1.427951e-03
    70            857       -3.06669150e+01       1.476480e-03
   100            600       -3.06669073e+01       1.447852e-03
   200            300       -3.06669073e+01       1.500595e-03
   500            120       -3.06669073e+01       1.519132e-03
0 0.001437852784817015 0.0015191317528598603
Stocahstic error estimate: 1.437853e-03

step=11,E=-0.47917042652710906,dE=-0.0003337117662400302,err=2.246644976276586e-05
	collect data time= 105.82705736160278
	solver time=42.44961929321289,exit status=0
	g=0.42628151011823207,del=1.383271906948647,dot=0.11057636377792979,x=19.409960820696863
	burn in time= 62.77281093597412
	sample time= 2258.8831021785736
	contraction err= 5.915144447497702e-25 1.7999450129153882e-21

Mean energy: -3.06888124e+01
Block size    # of blocks        Mean                Error
     1           60000       -3.06888124e+01       1.381456e-03
     2           30000       -3.06888124e+01       1.383275e-03
     5           12000       -3.06888124e+01       1.372793e-03
    10           6000       -3.06888124e+01       1.374787e-03
    20           3000       -3.06888124e+01       1.371731e-03
    50           1200       -3.06888124e+01       1.375319e-03
    70            857       -3.06888168e+01       1.366863e-03
   100            600       -3.06888124e+01       1.402877e-03
   200            300       -3.06888124e+01       1.465019e-03
   500            120       -3.06888124e+01       1.485518e-03
0 0.0013832749053918007 0.0014855178920468628
Stocahstic error estimate: 1.383275e-03

step=12,E=-0.47951269444041267,dE=-0.0003422679133036066,err=2.1613670396746886e-05
	collect data time= 115.01720452308655
	solver time=41.84009027481079,exit status=0
	g=0.4181524343002282,del=1.3267232310444927,dot=0.10290275596839232,x=19.436957275834978
	burn in time= 60.68958044052124
	sample time= 2248.2087552547455
	contraction err= 3.1914488911682552e-25 1.5881867761018131e-21

Mean energy: -3.07046332e+01
Block size    # of blocks        Mean                Error
     1           60000       -3.07046332e+01       1.327194e-03
     2           30000       -3.07046332e+01       1.321358e-03
     5           12000       -3.07046332e+01       1.324981e-03
    10           6000       -3.07046332e+01       1.304810e-03
    20           3000       -3.07046332e+01       1.334526e-03
    50           1200       -3.07046332e+01       1.343697e-03
    70            857       -3.07046428e+01       1.415102e-03
   100            600       -3.07046332e+01       1.411601e-03
   200            300       -3.07046332e+01       1.502960e-03
   500            120       -3.07046332e+01       1.686674e-03
0 0.0013271936203190947 0.0016866736626214994
Stocahstic error estimate: 1.327194e-03

step=13,E=-0.4797598941011529,dE=-0.00024719966074021604,err=2.0737400317485854e-05
	collect data time= 122.58658695220947
	solver time=42.373518228530884,exit status=0
	g=0.3889353975524995,del=1.3638704541213134,dot=0.09227703110038227,x=19.461316682788723
	burn in time= 61.180426836013794
	sample time= 2233.554920911789
	contraction err= 1.895384609330447e-25 8.470329472543003e-22

Mean energy: -3.07201062e+01
Block size    # of blocks        Mean                Error
     1           60000       -3.07201062e+01       1.330363e-03
     2           30000       -3.07201062e+01       1.330807e-03
     5           12000       -3.07201062e+01       1.327401e-03
    10           6000       -3.07201062e+01       1.328830e-03
    20           3000       -3.07201062e+01       1.330371e-03
    50           1200       -3.07201062e+01       1.312363e-03
    70            857       -3.07200995e+01       1.369700e-03
   100            600       -3.07201062e+01       1.343374e-03
   200            300       -3.07201062e+01       1.365512e-03
   500            120       -3.07201062e+01       1.415840e-03
0 0.001330806586549352 0.0014158398080838916
Stocahstic error estimate: 1.330807e-03

step=14,E=-0.4800016599334113,dE=-0.00024176583225843373,err=2.0793852914833625e-05
	collect data time= 130.86189484596252
	solver time=41.327006340026855,exit status=0
	g=0.3817434891954045,del=1.3714136977886118,dot=0.09084613855740394,x=19.481804779994057
	burn in time= 61.049132108688354
	sample time= 2209.487544775009
	contraction err= 2.204705874483591e-25 8.470329472543003e-22

Mean energy: -3.07360688e+01
Block size    # of blocks        Mean                Error
     1           60000       -3.07360688e+01       1.258980e-03
     2           30000       -3.07360688e+01       1.257903e-03
     5           12000       -3.07360688e+01       1.261824e-03
    10           6000       -3.07360688e+01       1.267568e-03
    20           3000       -3.07360688e+01       1.261232e-03
    50           1200       -3.07360688e+01       1.263943e-03
    70            857       -3.07360742e+01       1.247456e-03
   100            600       -3.07360688e+01       1.264186e-03
   200            300       -3.07360688e+01       1.332837e-03
   500            120       -3.07360688e+01       1.383905e-03
0 0.001258979540385285 0.0013839054087664091
Stocahstic error estimate: 1.258980e-03

step=15,E=-0.48025107562819447,dE=-0.0002494156947831505,err=1.967155531852008e-05
	collect data time= 140.8479025363922
	solver time=41.67825150489807,exit status=0
	g=0.35536002648748016,del=1.4148795351829102,dot=0.08057550786546092,x=19.506294625021606
	burn in time= 55.86679935455322
	sample time= 2202.0639605522156
	contraction err= 2.253155064464499e-25 1.164670302474663e-21

Mean energy: -3.07474712e+01
Block size    # of blocks        Mean                Error
     1           60000       -3.07474712e+01       1.256404e-03
     2           30000       -3.07474712e+01       1.254042e-03
     5           12000       -3.07474712e+01       1.245843e-03
    10           6000       -3.07474712e+01       1.248544e-03
    20           3000       -3.07474712e+01       1.235046e-03
    50           1200       -3.07474712e+01       1.223666e-03
    70            857       -3.07474576e+01       1.231980e-03
   100            600       -3.07474712e+01       1.229659e-03
   200            300       -3.07474712e+01       1.255438e-03
   500            120       -3.07474712e+01       1.360688e-03
0 0.0012564043569123636 0.0013606883441104186
Stocahstic error estimate: 1.256404e-03

step=16,E=-0.4804292372587011,dE=-0.0001781616305066569,err=1.963131807675568e-05
	collect data time= 148.85086750984192
	solver time=42.140480041503906,exit status=0
	g=0.3613347000858662,del=1.3987370543594437,dot=0.07953749509074665,x=19.528395753330035
	burn in time= 58.48791193962097
	sample time= 2177.977357149124
	contraction err= 9.478187630947224e-26 1.164670302474663e-21

Mean energy: -3.07621819e+01
Block size    # of blocks        Mean                Error
     1           60000       -3.07621819e+01       1.209780e-03
     2           30000       -3.07621819e+01       1.210145e-03
     5           12000       -3.07621819e+01       1.203974e-03
    10           6000       -3.07621819e+01       1.201964e-03
    20           3000       -3.07621819e+01       1.214183e-03
    50           1200       -3.07621819e+01       1.204960e-03
    70            857       -3.07621635e+01       1.239029e-03
   100            600       -3.07621819e+01       1.212443e-03
   200            300       -3.07621819e+01       1.266094e-03
   500            120       -3.07621819e+01       1.424701e-03
0 0.0012101448425223813 0.0014247007320956529
Stocahstic error estimate: 1.210145e-03

step=17,E=-0.48065909243102,dE=-0.00022985517231888242,err=1.8908513164412208e-05
	collect data time= 158.04549384117126
	solver time=41.74985480308533,exit status=0
	g=0.3277942495940198,del=1.4475512193882103,dot=0.07233755960958738,x=19.553133785641364
	burn in time= 57.07720708847046
	sample time= 2198.7763578891754
	contraction err= 9.28013246210378e-26 6.88214269644119e-22

Mean energy: -3.07723966e+01
Block size    # of blocks        Mean                Error
     1           60000       -3.07723966e+01       1.190860e-03
     2           30000       -3.07723966e+01       1.183610e-03
     5           12000       -3.07723966e+01       1.194222e-03
    10           6000       -3.07723966e+01       1.182585e-03
    20           3000       -3.07723966e+01       1.192232e-03
    50           1200       -3.07723966e+01       1.209866e-03
    70            857       -3.07723977e+01       1.209115e-03
   100            600       -3.07723966e+01       1.215466e-03
   200            300       -3.07723966e+01       1.293879e-03
   500            120       -3.07723966e+01       1.413246e-03
0 0.0011908596339789534 0.0014132462952902232
Stocahstic error estimate: 1.190860e-03

step=18,E=-0.4808186972074989,dE=-0.00015960477647891658,err=1.8607181780921147e-05
	collect data time= 166.61657691001892
	solver time=41.34680533409119,exit status=0
	g=0.3239649969566647,del=1.4203353394414828,dot=0.06882310693485168,x=19.56908937413453
	burn in time= 54.244927406311035
	sample time= 2171.2010452747345
	contraction err= 1.4989591431859977e-25 6.352747104407253e-22

Mean energy: -3.07814715e+01
Block size    # of blocks        Mean                Error
     1           60000       -3.07814715e+01       1.151947e-03
     2           30000       -3.07814715e+01       1.150188e-03
     5           12000       -3.07814715e+01       1.148190e-03
    10           6000       -3.07814715e+01       1.139170e-03
    20           3000       -3.07814715e+01       1.132003e-03
    50           1200       -3.07814715e+01       1.155641e-03
    70            857       -3.07814438e+01       1.146687e-03
   100            600       -3.07814715e+01       1.122611e-03
   200            300       -3.07814715e+01       1.165222e-03
   500            120       -3.07814715e+01       1.144656e-03
0 0.0011519466464179322 0.001144655968954189
Stocahstic error estimate: 1.151947e-03

step=19,E=-0.48096049276676495,dE=-0.0001417955592660225,err=1.799916635028019e-05
	collect data time= 177.04844307899475
	solver time=41.766114473342896,exit status=0
	g=0.29840842501154563,del=1.4412190336215405,dot=0.06337788165051678,x=19.592965432153175
	burn in time= 59.83254671096802
	sample time= 2178.497376680374
	contraction err= 5.566388225515408e-26 1.5881867761018131e-22

Mean energy: -3.07907413e+01
Block size    # of blocks        Mean                Error
     1           60000       -3.07907413e+01       1.110783e-03
     2           30000       -3.07907413e+01       1.113088e-03
     5           12000       -3.07907413e+01       1.117189e-03
    10           6000       -3.07907413e+01       1.123209e-03
    20           3000       -3.07907413e+01       1.123522e-03
    50           1200       -3.07907413e+01       1.137397e-03
    70            857       -3.07907485e+01       1.112056e-03
   100            600       -3.07907413e+01       1.117760e-03
   200            300       -3.07907413e+01       1.155311e-03
   500            120       -3.07907413e+01       1.277320e-03
0 0.0011130882110632974 0.0012773202672985403
Stocahstic error estimate: 1.113088e-03

step=20,E=-0.48110533247383136,dE=-0.00014483970706641314,err=1.7392003297864022e-05
	collect data time= 186.329820394516
	solver time=41.779897689819336,exit status=0
	g=0.2879915773090093,del=1.4333890685725212,dot=0.05785610547115518,x=19.615316246424637
	burn in time= 59.66765880584717
	sample time= 2170.040872812271
	contraction err= 3.9692782850861407e-26 1.0587911840678754e-22

Mean energy: -3.08034321e+01
Block size    # of blocks        Mean                Error
     1           60000       -3.08034321e+01       1.144840e-03
     2           30000       -3.08034321e+01       1.143902e-03
     5           12000       -3.08034321e+01       1.148092e-03
    10           6000       -3.08034321e+01       1.156078e-03
    20           3000       -3.08034321e+01       1.171772e-03
    50           1200       -3.08034321e+01       1.166464e-03
    70            857       -3.08034366e+01       1.166764e-03
   100            600       -3.08034321e+01       1.159374e-03
   200            300       -3.08034321e+01       1.198082e-03
   500            120       -3.08034321e+01       1.288744e-03
0 0.0011448396461704352 0.0012887442496887632
Stocahstic error estimate: 1.144840e-03

step=21,E=-0.4813036267382662,dE=-0.00019829426443485065,err=1.788811947141305e-05
	collect data time= 194.42413973808289
	solver time=43.41403865814209,exit status=0
	g=0.3122510213841867,del=1.3624344773098465,dot=0.06148599674419366,x=19.633412815885734
	burn in time= 56.94530153274536
	sample time= 2172.0439505577087
	contraction err= 6.17905896238903e-26 3.1763735522036263e-22

Mean energy: -3.08095698e+01
Block size    # of blocks        Mean                Error
     1           60000       -3.08095698e+01       1.095251e-03
     2           30000       -3.08095698e+01       1.093729e-03
     5           12000       -3.08095698e+01       1.093869e-03
    10           6000       -3.08095698e+01       1.090949e-03
    20           3000       -3.08095698e+01       1.100131e-03
    50           1200       -3.08095698e+01       1.106932e-03
    70            857       -3.08095717e+01       1.088427e-03
   100            600       -3.08095698e+01       1.072390e-03
   200            300       -3.08095698e+01       1.141444e-03
   500            120       -3.08095698e+01       1.168263e-03
0 0.001095251467646644 0.0011682629479035792
Stocahstic error estimate: 1.095251e-03

step=22,E=-0.4813995279354526,dE=-9.590119718638768e-05,err=1.7113304181978813e-05
	collect data time= 203.02349996566772
	solver time=29.0315043926239,exit status=0
	g=0.3596789339755171,del=0.7847856865933731,dot=0.05074637510708965,x=19.644133654344106
	burn in time= 59.40874671936035
	sample time= 2153.5780277252197
	contraction err= 4.408772582653036e-26 4.235164736271502e-22

Mean energy: -3.08169369e+01
Block size    # of blocks        Mean                Error
     1           60000       -3.08169369e+01       1.211240e-03
     2           30000       -3.08169369e+01       1.209222e-03
     5           12000       -3.08169369e+01       1.200731e-03
    10           6000       -3.08169369e+01       1.202176e-03
    20           3000       -3.08169369e+01       1.214241e-03
    50           1200       -3.08169369e+01       1.219129e-03
    70            857       -3.08169323e+01       1.244693e-03
   100            600       -3.08169369e+01       1.237680e-03
   200            300       -3.08169369e+01       1.259598e-03
   500            120       -3.08169369e+01       1.301759e-03
0 0.0012112402378890294 0.0013017585906782599
Stocahstic error estimate: 1.211240e-03

step=23,E=-0.4815146385864801,dE=-0.00011511065102748352,err=1.8925628717016084e-05
	collect data time= 211.61093068122864
	solver time=41.66163659095764,exit status=0
	g=0.36030333075896187,del=1.5053856753096517,dot=0.0690186365735327,x=19.66046980524543
	burn in time= 57.767505407333374
	sample time= 2147.1584763526917
	contraction err= 3.305795094489119e-26 7.940933880509066e-23

Mean energy: -3.08249662e+01
Block size    # of blocks        Mean                Error
     1           60000       -3.08249662e+01       1.089002e-03
     2           30000       -3.08249662e+01       1.091815e-03
     5           12000       -3.08249662e+01       1.098235e-03
    10           6000       -3.08249662e+01       1.093318e-03
    20           3000       -3.08249662e+01       1.115113e-03
    50           1200       -3.08249662e+01       1.105990e-03
    70            857       -3.08249669e+01       1.101251e-03
   100            600       -3.08249662e+01       1.111790e-03
   200            300       -3.08249662e+01       1.098786e-03
   500            120       -3.08249662e+01       1.118105e-03
0 0.001091815126656271 0.001118105236627304
Stocahstic error estimate: 1.091815e-03

step=24,E=-0.48164009706880057,dE=-0.00012545848232048407,err=1.7059611354004236e-05
	collect data time= 220.82958936691284
	solver time=42.08147668838501,exit status=0
	g=0.27308314525044153,del=1.4613961042247352,dot=0.05228032139357039,x=19.682185423551456
	burn in time= 57.64094305038452
	sample time= 2133.3260476589203
	contraction err= 2.752998782734655e-26 2.6469779601696886e-22

Mean energy: -3.08303488e+01
Block size    # of blocks        Mean                Error
     1           60000       -3.08303488e+01       1.049107e-03
     2           30000       -3.08303488e+01       1.049800e-03
     5           12000       -3.08303488e+01       1.050428e-03
    10           6000       -3.08303488e+01       1.047982e-03
    20           3000       -3.08303488e+01       1.024574e-03
    50           1200       -3.08303488e+01       1.023103e-03
    70            857       -3.08303218e+01       1.000605e-03
   100            600       -3.08303488e+01       1.014623e-03
   200            300       -3.08303488e+01       1.042364e-03
   500            120       -3.08303488e+01       1.059777e-03
0 0.0010498004296484867 0.001059776699011113
Stocahstic error estimate: 1.049800e-03

step=25,E=-0.4817241994950062,dE=-8.410242620565667e-05,err=1.6403131713257605e-05
	collect data time= 228.4029450416565
	solver time=42.959277868270874,exit status=0
	g=0.24956428214298051,del=1.47545159277731,dot=0.04795546696510346,x=19.706209529483022
	burn in time= 59.40556597709656
	sample time= 2137.1144745349884
	contraction err= 2.4635488903843497e-26 2.117582368135751e-22

Mean energy: -3.08359082e+01
Block size    # of blocks        Mean                Error
     1           60000       -3.08359082e+01       1.047620e-03
     2           30000       -3.08359082e+01       1.051618e-03
     5           12000       -3.08359082e+01       1.048352e-03
    10           6000       -3.08359082e+01       1.042309e-03
    20           3000       -3.08359082e+01       1.045872e-03
    50           1200       -3.08359082e+01       1.057226e-03
    70            857       -3.08358991e+01       1.038855e-03
   100            600       -3.08359082e+01       1.057368e-03
   200            300       -3.08359082e+01       1.086240e-03
   500            120       -3.08359082e+01       9.992123e-04
0 0.0010516181378121532 0.000999212324269105
Stocahstic error estimate: 1.051618e-03

step=26,E=-0.4818110653164109,dE=-8.686582140465804e-05,err=1.6431533403314894e-05
	collect data time= 239.1784176826477
	solver time=42.601903676986694,exit status=0
	g=0.23731608716099914,del=1.4879184514888255,dot=0.04608134113962794,x=19.726774746016936
	burn in time= 63.20610237121582
	sample time= 2132.6668655872345
	contraction err= 2.871039801620215e-26 2.3822801641527197e-22

Mean energy: -3.08414862e+01
Block size    # of blocks        Mean                Error
     1           60000       -3.08414862e+01       1.020397e-03
     2           30000       -3.08414862e+01       1.018816e-03
     5           12000       -3.08414862e+01       1.017367e-03
    10           6000       -3.08414862e+01       1.016497e-03
    20           3000       -3.08414862e+01       1.028686e-03
    50           1200       -3.08414862e+01       1.039794e-03
    70            857       -3.08414648e+01       1.004146e-03
   100            600       -3.08414862e+01       1.027804e-03
   200            300       -3.08414862e+01       1.063593e-03
   500            120       -3.08414862e+01       1.052191e-03
0 0.0010203968309293043 0.001052191279887174
Stocahstic error estimate: 1.020397e-03

step=27,E=-0.4818982211874049,dE=-8.715587099400457e-05,err=1.594370048327038e-05
	collect data time= 246.13485550880432
	solver time=42.37328767776489,exit status=0
	g=0.2351900625412874,del=1.4912168136037278,dot=0.04359097898550118,x=19.7448593875574
	burn in time= 58.23326802253723
	sample time= 2121.290934085846
	contraction err= 1.3802549807109184e-26 4.632211430296955e-23

Mean energy: -3.08461746e+01
Block size    # of blocks        Mean                Error
     1           60000       -3.08461746e+01       1.046635e-03
     2           30000       -3.08461746e+01       1.049631e-03
     5           12000       -3.08461746e+01       1.044554e-03
    10           6000       -3.08461746e+01       1.041865e-03
    20           3000       -3.08461746e+01       1.070675e-03
    50           1200       -3.08461746e+01       1.050100e-03
    70            857       -3.08461752e+01       1.047772e-03
   100            600       -3.08461746e+01       1.038934e-03
   200            300       -3.08461746e+01       1.069732e-03
   500            120       -3.08461746e+01       9.821331e-04
0 0.0010496305704441892 0.000982133096398588
Stocahstic error estimate: 1.049631e-03

step=28,E=-0.4819714779960916,dE=-7.325680868669471e-05,err=1.6400477663190457e-05
	collect data time= 257.4011604785919
	solver time=42.35098576545715,exit status=0
	g=0.2206264007544591,del=1.6692895214568186,dot=0.04467563388849248,x=19.76271402195652
	burn in time= 60.45029950141907
	sample time= 2106.146837949753
	contraction err= 2.685976973489139e-26 2.117582368135751e-22

Mean energy: -3.08528327e+01
Block size    # of blocks        Mean                Error
     1           60000       -3.08528327e+01       1.061624e-03
     2           30000       -3.08528327e+01       1.060994e-03
     5           12000       -3.08528327e+01       1.058868e-03
    10           6000       -3.08528327e+01       1.053375e-03
    20           3000       -3.08528327e+01       1.057519e-03
    50           1200       -3.08528327e+01       1.075516e-03
    70            857       -3.08528262e+01       1.070410e-03
   100            600       -3.08528327e+01       1.056227e-03
   200            300       -3.08528327e+01       1.092496e-03
   500            120       -3.08528327e+01       1.111220e-03
0 0.001061624269235695 0.0011112201409522794
Stocahstic error estimate: 1.061624e-03

step=29,E=-0.48207551092978934,dE=-0.0001040329336977619,err=1.6587879206807736e-05
	collect data time= 264.21312260627747
	solver time=41.97821021080017,exit status=0
	g=0.25570425463680424,del=1.4710408635651473,dot=0.045299140851301205,x=19.783379637538822
	burn in time= 57.04962658882141
	sample time= 2141.8288280963898
	contraction err= 1.3768505574768348e-26 2.3822801641527197e-22

Mean energy: -3.08553091e+01
Block size    # of blocks        Mean                Error
     1           60000       -3.08553091e+01       9.869357e-04
     2           30000       -3.08553091e+01       9.857217e-04
     5           12000       -3.08553091e+01       9.866060e-04
    10           6000       -3.08553091e+01       1.000753e-03
    20           3000       -3.08553091e+01       9.849071e-04
    50           1200       -3.08553091e+01       1.004011e-03
    70            857       -3.08553040e+01       9.811216e-04
   100            600       -3.08553091e+01       9.916377e-04
   200            300       -3.08553091e+01       1.050208e-03
   500            120       -3.08553091e+01       1.099569e-03
0 0.0009869357095551442 0.0010995687682386515
Stocahstic error estimate: 9.869357e-04

step=30,E=-0.48211420468230404,dE=-3.8693752514695756e-05,err=1.542087046179913e-05
	collect data time= 273.77562260627747
	solver time=42.707663774490356,exit status=0
	g=0.2157570344058898,del=1.498785471556965,dot=0.037585266090190826,x=19.799776280691
	burn in time= 58.58192729949951
	sample time= 2110.12233543396
	contraction err= 1.4953793589067522e-26 1.9852334701272664e-22

Mean energy: -3.08624357e+01
Block size    # of blocks        Mean                Error
     1           60000       -3.08624357e+01       1.077758e-03
     2           30000       -3.08624357e+01       1.078102e-03
     5           12000       -3.08624357e+01       1.073677e-03
    10           6000       -3.08624357e+01       1.076155e-03
    20           3000       -3.08624357e+01       1.078036e-03
    50           1200       -3.08624357e+01       1.074912e-03
    70            857       -3.08624427e+01       1.086145e-03
   100            600       -3.08624357e+01       1.086021e-03
   200            300       -3.08624357e+01       1.130906e-03
   500            120       -3.08624357e+01       1.165976e-03
0 0.0010781022112683167 0.0011659759452480243
Stocahstic error estimate: 1.078102e-03

step=31,E=-0.48222555783050425,dE=-0.00011135314820021058,err=1.684534705106745e-05
	collect data time= 283.7815887928009
	solver time=41.03170680999756,exit status=0
	g=0.3076942752855078,del=1.4547226989207844,dot=0.04823892042557464,x=19.81577331361006
	burn in time= 62.68876767158508
	sample time= 2120.185941696167
	contraction err= 7.72213632999932e-27 4.301339185275744e-23

Mean energy: -3.08659232e+01
Block size    # of blocks        Mean                Error
     1           60000       -3.08659232e+01       1.003073e-03
     2           30000       -3.08659232e+01       1.004284e-03
     5           12000       -3.08659232e+01       1.004489e-03
    10           6000       -3.08659232e+01       1.010523e-03
    20           3000       -3.08659232e+01       1.016138e-03
    50           1200       -3.08659232e+01       1.018017e-03
    70            857       -3.08659181e+01       1.026479e-03
   100            600       -3.08659232e+01       1.021443e-03
   200            300       -3.08659232e+01       9.645603e-04
   500            120       -3.08659232e+01       9.372589e-04
0 0.001004284057343128 0.0009372589265267024
Stocahstic error estimate: 1.004284e-03

step=32,E=-0.482280049551797,dE=-5.4491721292737605e-05,err=1.5691938395986373e-05
	collect data time= 291.7368197441101
	solver time=42.292943716049194,exit status=0
	g=0.21866568576183196,del=1.516685926155149,dot=0.03964599712632967,x=19.83421813815872
	burn in time= 57.74728226661682
	sample time= 2090.8223242759705
	contraction err= 1.0688236048098448e-26 5.293955920339377e-23

Mean energy: -3.08698001e+01
Block size    # of blocks        Mean                Error
     1           60000       -3.08698001e+01       9.980379e-04
     2           30000       -3.08698001e+01       9.956799e-04
     5           12000       -3.08698001e+01       1.000248e-03
    10           6000       -3.08698001e+01       9.993382e-04
    20           3000       -3.08698001e+01       1.001499e-03
    50           1200       -3.08698001e+01       9.993844e-04
    70            857       -3.08698016e+01       9.908947e-04
   100            600       -3.08698001e+01       1.030839e-03
   200            300       -3.08698001e+01       1.041850e-03
   500            120       -3.08698001e+01       1.038558e-03
0 0.000998037940792971 0.0010385580524352226
Stocahstic error estimate: 9.980379e-04

step=33,E=-0.48234062582666126,dE=-6.057627486427686e-05,err=1.5594342824890173e-05
	collect data time= 298.7600166797638
	solver time=43.59321570396423,exit status=0
	g=0.20368569561374983,del=1.5225230589336693,dot=0.03734513175869754,x=19.857426949972336
	burn in time= 60.68057632446289
	sample time= 2104.312753200531
	contraction err= 9.947880679305597e-27 6.617444900424221e-23

Mean energy: -3.08723650e+01
Block size    # of blocks        Mean                Error
     1           60000       -3.08723650e+01       9.905193e-04
     2           30000       -3.08723650e+01       9.887505e-04
     5           12000       -3.08723650e+01       9.833277e-04
    10           6000       -3.08723650e+01       9.786869e-04
    20           3000       -3.08723650e+01       9.697618e-04
    50           1200       -3.08723650e+01       9.616286e-04
    70            857       -3.08723905e+01       9.722801e-04
   100            600       -3.08723650e+01       9.621377e-04
   200            300       -3.08723650e+01       9.939162e-04
   500            120       -3.08723650e+01       1.056693e-03
0 0.000990519344750405 0.001056693460084034
Stocahstic error estimate: 9.905193e-04

step=34,E=-0.48238070293908186,dE=-4.007711242060008e-05,err=1.5476864761725077e-05
	collect data time= 308.3776390552521
	solver time=43.20733022689819,exit status=0
	g=0.19517018295288932,del=1.6198354585219517,dot=0.036370141772491614,x=19.873771772420184
	burn in time= 54.3116717338562
--------------------------------------------------------------------------
ORTE has lost communication with its daemon located on node:

  hostname:  pauling008

This is usually due to either a failure of the TCP network
connection to the node, or possibly an internal failure of
the daemon itself. We cannot recover from this failure, and
therefore will terminate the job.

--------------------------------------------------------------------------
