RANK= 0
SIZE= 640
Lx,Ly= 16 16
D= 6
chi= 12
rate= 0.1 0.5
cond= 0.001 0.01
nparams= 532512 466753
256 128 128
size= 4.062843322753906
	burn in time= 292.34852051734924
trouble in torch gesdd routine, falling back to gesvd
trouble in torch gesdd routine, falling back to gesvd
	sample time= 3030.7311074733734
	contraction err= 9.358850945773584e-25 1.91868058746256e-20

Mean energy: -1.24847101e+02
Block size    # of blocks        Mean                Error
     1           60000       -1.24847101e+02       3.662058e-03
     2           30000       -1.24847101e+02       3.656863e-03
     5           12000       -1.24847101e+02       3.698543e-03
    10           6000       -1.24847101e+02       3.709291e-03
    20           3000       -1.24847101e+02       3.635714e-03
    50           1200       -1.24847101e+02       3.646935e-03
    70            857       -1.24847075e+02       3.584777e-03
   100            600       -1.24847101e+02       3.578474e-03
   200            300       -1.24847101e+02       3.608751e-03
   500            120       -1.24847101e+02       3.749288e-03
0 0.0036620579251236724 0.00374928754864882
Stocahstic error estimate: 3.662058e-03

step=0,E=-0.4876839897416308,dE=-0.4876839897416308,err=1.4304913770014345e-05,gmax=0.08337546770997595
	collect data time= 155.519624710083
ix=0,eigval=(-0.00037025765590138445+0j)
ix=1,eigval=(-0.008107480818877497+0j)
ix=2,eigval=(-0.0009334183739599519+0j)
ix=3,eigval=(-0.0012501680272904384+0j)
ix=4,eigval=(-0.0016379106743007249+0j)
ix=5,eigval=(-8.353670663679814e-05+0j)
ix=6,eigval=(-0.00034250680342610057+0j)
ix=7,eigval=(-0.0035689774762010626+0j)
ix=8,eigval=(-0.005328690334144269+0j)
ix=9,eigval=(-0.026113533509437896+0j)
ix=10,eigval=(-0.01431258312742671+0j)
ix=11,eigval=(-0.001719149307879945+0j)
ix=12,eigval=(-0.001053445442080502+0j)
ix=13,eigval=(-0.00014070374507824156+0j)
ix=14,eigval=(-1.9720284123648017e-05+0j)
ix=15,eigval=(3.970175734602953e-09+0j)
ix=16,eigval=(-0.006108823880307862+0j)
ix=17,eigval=(-0.013010295104055474+0j)
ix=18,eigval=(-0.004999288742937623+0j)
ix=19,eigval=(-0.003045918918465109+0j)
ix=20,eigval=(-0.0010738629632889437+0j)
ix=21,eigval=(-0.0012712062800449518+0j)
ix=22,eigval=(-0.004057628640579414+0j)
ix=23,eigval=(-0.016369024949545802+0j)
ix=24,eigval=(-0.020347095355521306+0j)
ix=25,eigval=(-0.003600849092086202+0j)
ix=26,eigval=(-0.003786372882816762+0j)
ix=27,eigval=(-0.0049124596225836245+0j)
ix=28,eigval=(-0.010915607548668608+0j)
ix=29,eigval=(-0.006011263188570744+0j)
ix=30,eigval=(-0.001328649327252759+0j)
ix=31,eigval=(-9.73029575155151e-05+0j)
ix=32,eigval=(-0.0032141273480889034+0j)
ix=33,eigval=(-0.004721078792756041+0j)
ix=34,eigval=(-0.0007737088687342695+0j)
ix=35,eigval=(-0.002696702214605569+0j)
ix=36,eigval=(-0.002881720743094591+0j)
ix=37,eigval=(-0.0018196323813607514+0j)
ix=38,eigval=(-0.00015042200782173088+0j)
ix=39,eigval=(-1.8912909744731416e-05+0j)
ix=40,eigval=(-0.005771965581509743+0j)
ix=41,eigval=(-0.0004948471011214663+0j)
ix=42,eigval=(-0.0007110153585805212+0j)
ix=43,eigval=(-0.011794286112293433+0j)
ix=44,eigval=(-0.014741604675070345+0j)
ix=45,eigval=(-0.0040064892837280855+0j)
ix=46,eigval=(-0.0004030415355476128+0j)
ix=47,eigval=(-1.9308085183633263e-06+0j)
ix=48,eigval=(-3.862384940984544e-06+0j)
ix=49,eigval=(-0.00016972697203389785+0j)
ix=50,eigval=(-5.4892290568888566e-05+0j)
ix=51,eigval=(-0.0011096575500234042+0j)
ix=52,eigval=(-0.001479359571006085+0j)
ix=53,eigval=(-0.001679327775045043+0j)
ix=54,eigval=(-0.004099867939725039+0j)
ix=55,eigval=(-0.0002686907808530029+0j)
ix=56,eigval=(-1.2727672858978155e-05+0j)
ix=57,eigval=(-0.00018152462767614082+0j)
ix=58,eigval=(-0.00029889766307929845+0j)
ix=59,eigval=(-1.2995387114771425e-06+7.430219531529309e-07j)
ix=60,eigval=(-0.00030349012769579595+0j)
ix=61,eigval=(-0.0003769466808890235+0j)
ix=62,eigval=(-2.494217891149542e-05+2.8589252802872217e-05j)
ix=63,eigval=(-1.4942072447053273e-06+0j)
ix=64,eigval=(-0.0002536326716168375+0j)
ix=65,eigval=(-8.154744629745339e-05+0.00012008363902776272j)
ix=66,eigval=(-0.0001370169977397176+0j)
ix=67,eigval=(-0.0006256938180056553+0j)
ix=68,eigval=(-8.175711186508809e-05+0j)
ix=69,eigval=(-0.0013422331943731382+0j)
ix=70,eigval=(-5.952693570279205e-05+0.00012963775795407238j)
ix=71,eigval=(-1.1895899138045125e-06+0j)
ix=72,eigval=(-7.121523608424505e-05+6.87289570908085e-05j)
ix=73,eigval=(-3.7615126164170565e-06+0j)
ix=74,eigval=(-7.2690249632624805e-06+1.0831894333641115e-05j)
ix=75,eigval=(-0.00046749720156115214+0j)
ix=76,eigval=(-2.4623341161241005e-07+0j)
ix=77,eigval=(-9.635349367639133e-05+0j)
ix=78,eigval=(-0.00037392045896183796+0.000151905666825776j)
ix=79,eigval=(-2.251622326353486e-06+0j)
ix=80,eigval=(-1.5107154372575073e-05+0j)
ix=81,eigval=(-0.002142888285963105+0j)
ix=82,eigval=(-8.784545771841314e-05+0.00012119184160493095j)
ix=83,eigval=(-5.542414757336167e-06+0.0001337429755926962j)
ix=84,eigval=(-0.0016923054053741386+0j)
ix=85,eigval=(-0.00015167313125536116+0j)
ix=86,eigval=(-0.0014037071339840672+0j)
ix=87,eigval=(-0.0006949578563405085+0j)
ix=88,eigval=(-0.0009421262645848287+0j)
ix=89,eigval=(-8.801347740512776e-05+8.793623994100403e-05j)
ix=90,eigval=(-0.0005487642976147398+0j)
ix=91,eigval=(-3.711008347294343e-08+0j)
ix=92,eigval=(-1.0831252743048854e-08+4.141712236660015e-08j)
ix=93,eigval=(-1.9660000153052744e-07+0j)
ix=94,eigval=(-7.644176356319003e-05+0.00010484829274029678j)
ix=95,eigval=(-2.576670128396807e-10+0j)
ix=96,eigval=(-8.399650712777303e-10+4.836246053580827e-09j)
ix=97,eigval=(-0.0014919982696145247+0j)
ix=98,eigval=(-0.0005441163198456735+0j)
ix=99,eigval=(-0.00042035749990605286+0j)
ix=100,eigval=(-0.0001740909561413316+0j)
ix=101,eigval=(-0.0008178846469078757+0j)
ix=102,eigval=(-4.725965223761224e-05+0.00018157056004801893j)
ix=103,eigval=(-0.0007090806752987096+0j)
ix=104,eigval=(-0.0005985178310576999+0j)
ix=105,eigval=(-0.0005675413253078971+0j)
ix=106,eigval=(-0.0003102869768653974+0j)
ix=107,eigval=(-2.1096089916677324e-06+0j)
ix=108,eigval=(-0.0007565252792471601+0j)
ix=109,eigval=(-0.00032526407467053654+0j)
ix=110,eigval=(-0.0004970829726362693+0j)
ix=111,eigval=(-2.276867478689416e-10+0j)
ix=112,eigval=(-3.061510312618416e-07+0j)
ix=113,eigval=(-0.0005576663715500638+0j)
ix=114,eigval=(-0.000475686944190671+0j)
ix=115,eigval=(-0.0002237427342606386+0j)
ix=116,eigval=(-7.945975307827702e-05+0.00010389114096382183j)
ix=117,eigval=(-4.295505551403537e-09+0j)
ix=118,eigval=(-5.878778187745925e-05+0.0001236177707579566j)
ix=119,eigval=(-0.00019086024064738648+0j)
ix=120,eigval=(-0.0004725265481162922+0j)
ix=121,eigval=(-0.0004624592080727178+0j)
ix=122,eigval=(-0.00040823326153775687+0j)
ix=123,eigval=(-8.831097516237967e-05+0.00015490109721924902j)
ix=124,eigval=(-7.020378388728298e-05+0.00015277594065338303j)
ix=125,eigval=(-6.452598503153584e-09+0j)
ix=126,eigval=(-0.0008323611305430387+0j)
ix=127,eigval=(-2.2919549546809071e-10+0j)
ix=128,eigval=(1.3450844234946834e-12+0j)
ix=129,eigval=(-0.0009407105912939825+0j)
ix=130,eigval=(-2.3089302310422156e-08+7.02532409350615e-08j)
ix=131,eigval=(-0.0008073591029227977+0j)
ix=132,eigval=(-1.3648126252362215e-05+0.00016489248938445742j)
ix=133,eigval=(-2.1905669317333533e-08+0j)
ix=134,eigval=(-7.067958789451684e-06+0.00011597337452538105j)
ix=135,eigval=(-1.0415428729078543e-09+0j)
ix=136,eigval=(-0.0003766640147243534+0j)
ix=137,eigval=(-6.350359493867213e-05+0.000137328558901023j)
ix=138,eigval=(-4.512988836793628e-05+0.00016078674924762298j)
ix=139,eigval=(-0.0005422238974410786+0j)
ix=140,eigval=(-5.275860778414116e-05+0.000151263761557886j)
ix=141,eigval=(-0.00011854234187489104+0.00011297670336558803j)
ix=142,eigval=(-0.0003679705188372+0j)
ix=143,eigval=(-4.796331287065697e-10+0j)
ix=144,eigval=(-7.609994786541122e-07+0j)
ix=145,eigval=(-0.0015355023472310957+0j)
ix=146,eigval=(-0.00010489113868526075+9.908399068183229e-05j)
ix=147,eigval=(-0.0004103171157595056+0j)
ix=148,eigval=(-0.0004388970346702396+0j)
ix=149,eigval=(-3.848271053007411e-05+0.00013556225676819442j)
ix=150,eigval=(-4.54488170854476e-09+0j)
ix=151,eigval=(-9.943565614274527e-05+0.00011187628094093746j)
ix=152,eigval=(-0.05662162968823753+0j)
ix=153,eigval=(-0.010943107957111568+0j)
ix=154,eigval=(-0.00014881002349103044+5.5743291690883176e-05j)
ix=155,eigval=(-0.0007266676853312629+0j)
ix=156,eigval=(-4.530800461252259e-07+0j)
ix=157,eigval=(-1.1720407840367106e-05+0.00014435657998288856j)
ix=158,eigval=(-0.001103788135877881+0j)
ix=159,eigval=(-1.3824300323789105e-09+0j)
ix=160,eigval=(-6.480950318502511e-10+0j)
ix=161,eigval=(-0.000127574351269113+9.76686366762718e-05j)
ix=162,eigval=(-2.290114267804904e-05+0j)
ix=163,eigval=(-1.3374964434135781e-08+0j)
ix=164,eigval=(-3.568760558230049e-05+0.0001350345721994669j)
ix=165,eigval=(-2.830143009137927e-07+0j)
ix=166,eigval=(-0.0007023729649601216+0j)
ix=167,eigval=(-0.0007473483781110359+0j)
ix=168,eigval=(-0.03689935592909453+0j)
ix=169,eigval=(-0.02162347826584047+0j)
ix=170,eigval=(-0.0005195922200186608+0j)
ix=171,eigval=(-5.736764283892018e-05+0.00017370526804510685j)
ix=172,eigval=(-0.0015362987976902825+0j)
ix=173,eigval=(-0.0029446161041010704+0j)
ix=174,eigval=(-0.0004225866557524227+0j)
ix=175,eigval=(-2.9980338631639907e-06+0j)
ix=176,eigval=(-4.0769141385962396e-08+0j)
ix=177,eigval=(-0.004407017132226765+0j)
ix=178,eigval=(-0.0012699623257125864+0j)
ix=179,eigval=(-5.75395327923297e-07+5.211996959626917e-07j)
ix=180,eigval=(-0.001082681423326461+0j)
ix=181,eigval=(-0.0005864146309375127+0j)
ix=182,eigval=(-3.7371225315291697e-07+0j)
ix=183,eigval=(-3.331622837682142e-07+4.25719880086369e-07j)
ix=184,eigval=(-0.00029395664029381027+0j)
ix=185,eigval=(-0.0014266193665560852+0j)
ix=186,eigval=(-0.0019656267155230916+0j)
ix=187,eigval=(-0.001173818960692152+0j)
ix=188,eigval=(-0.0003328875554625653+0j)
ix=189,eigval=(-4.126722268049827e-05+0j)
ix=190,eigval=(-0.001421718770340924+0j)
ix=191,eigval=(-0.00044965139020403686+0j)
ix=192,eigval=(-3.164753158689192e-05+0j)
ix=193,eigval=(-0.0016886208720762403+0j)
ix=194,eigval=(-3.7518144765107497e-05+0j)
ix=195,eigval=(-3.996212881140678e-06+0j)
ix=196,eigval=(-2.6089539684851184e-05+0j)
ix=197,eigval=(-0.0003928330302857212+0j)
ix=198,eigval=(-8.474357511391158e-06+0j)
ix=199,eigval=(-3.6955501484069576e-05+0j)
ix=200,eigval=(-0.000497049154327843+0j)
ix=201,eigval=(-0.0010677814432945576+0j)
ix=202,eigval=(-0.00048607790141971276+0j)
ix=203,eigval=(-0.0003629214044399569+0j)
ix=204,eigval=(-0.0002865673123119223+0j)
ix=205,eigval=(-0.0016813995989570655+0j)
ix=206,eigval=(-0.0003095992705539202+0j)
ix=207,eigval=(-6.954452505886252e-06+5.395070614523922e-05j)
ix=208,eigval=(-3.1009211586087336e-05+0j)
ix=209,eigval=(-0.0002653140895026897+0j)
ix=210,eigval=(-0.0005068196649972334+0j)
ix=211,eigval=(-0.00027591493816167485+0j)
ix=212,eigval=(-0.0006224629251079404+0j)
ix=213,eigval=(-0.023069067118571575+0j)
ix=214,eigval=(-0.00019604113081417076+0j)
ix=215,eigval=(-7.421328129448504e-05+0j)
ix=216,eigval=(-0.0008309646871447452+0j)
ix=217,eigval=(-0.00044117880836146796+0j)
ix=218,eigval=(-0.0021228938369738906+0j)
ix=219,eigval=(-0.0016083456353630243+0j)
ix=220,eigval=(-0.0018865148278869228+0j)
ix=221,eigval=(-0.025475000493457998+0j)
ix=222,eigval=(-0.0004774996869209481+0j)
ix=223,eigval=(-0.0001646151723739117+0j)
ix=224,eigval=(-6.695331313925608e-05+0j)
ix=225,eigval=(-0.006448495851955149+0j)
ix=226,eigval=(-0.00343153548930339+0j)
ix=227,eigval=(-0.0011479785906613267+0j)
ix=228,eigval=(-0.2928878777131092+0j)
ix=229,eigval=(-0.08326285145462067+0j)
ix=230,eigval=(-0.003460105372384635+0j)
ix=231,eigval=(-0.009285432596111035+0j)
ix=232,eigval=(-0.052401838294336804+0j)
ix=233,eigval=(-0.008465198047732674+0j)
ix=234,eigval=(-0.02703732887158335+0j)
ix=235,eigval=(-0.012569827029977184+0j)
ix=236,eigval=(-0.10109530077789068+0j)
ix=237,eigval=(-0.09067454266035176+0j)
ix=238,eigval=(-0.05463590882197324+0j)
ix=239,eigval=(-0.00044129682007321505+0j)
ix=240,eigval=(4.2316120288521076e-09+2.74672296636387e-09j)
ix=241,eigval=(-0.00022366456346883194+0j)
ix=242,eigval=(-0.002869736253879995+0j)
ix=243,eigval=(-0.005033993886169392+0j)
ix=244,eigval=(-0.014132509747806268+0j)
ix=245,eigval=(-0.018066081151197188+0j)
ix=246,eigval=(-0.0004704698092505706+0j)
ix=247,eigval=(-0.0012618445192473006+0j)
ix=248,eigval=(-0.011519802266694575+0j)
ix=249,eigval=(-0.01572666241450067+0j)
ix=250,eigval=(-0.00646238077251873+0j)
ix=251,eigval=(-0.07597168889867317+0j)
ix=252,eigval=(-0.3549964807902719+0j)
ix=253,eigval=(-0.39695354954222084+0j)
ix=254,eigval=(-0.1284511931999831+0j)
ix=255,eigval=(-0.0014201702925693972+0j)
	RGN solver time=738.2776918411255,least eigenvalue=-0.39695354954222084
	solver time=9.722380638122559,exit status=0
niter= 46
	burn in time= 320.79319024086
	sample time= 1790.5353481769562
	contraction err= 4.391013347579189e-28 9.127504559208105e-24

Mean energy: -1.24751593e+02
Block size    # of blocks        Mean                Error
     1           60000       -1.24751593e+02       4.913626e-03
     2           30000       -1.24751593e+02       4.919829e-03
     5           12000       -1.24751593e+02       4.949666e-03
    10           6000       -1.24751593e+02       5.027463e-03
    20           3000       -1.24751593e+02       4.990838e-03
    50           1200       -1.24751593e+02       5.039400e-03
    70            857       -1.24751557e+02       5.220769e-03
   100            600       -1.24751593e+02       5.134892e-03
   200            300       -1.24751593e+02       5.297195e-03
   500            120       -1.24751593e+02       4.918587e-03
0 0.00491982931017084 0.004918587124967895
Stocahstic error estimate: 4.919829e-03

	predict=-0.42273142886261833,actual=(0.09550887184057899, 0.006133138567501731)
	g=0.5131815700928097,del=6.379194143799467,dot=0.6027210418745544,x=39.33115176417577
