(base) vi get_su_state.py
(base) python get_su_state.py
n=1000, tau=0.01, energy~-5.186263: 100%|###############################################################################################| 1000/1000 [01:32<00:00, 10.86it/s]
saving to  su_z2D2
fpeps energy= -0.5762514660349717
(base) vi get_su_state.py
(base) python get_su_state.py
n=500, tau=0.01, energy~-5.283665: 100%|##################################################################################################| 500/500 [00:46<00:00, 10.71it/s]
saving to  su_z2D2
fpeps energy= -0.5870739288925623
(base) python get_su_state.py
n=500, tau=0.01, energy~-5.287756: 100%|##################################################################################################| 500/500 [00:49<00:00, 10.01it/s]
saving to  su_z2D2
fpeps energy= -0.5875283940273928
(base) vi get_su_state.py
(base) python get_su_state.py
n=500, tau=0.001, energy~-5.288977: 100%|#################################################################################################| 500/500 [00:47<00:00, 10.54it/s]
saving to  su_z2D2
fpeps energy= -0.5876641596307252
(base)
