block_dict= [(0, 320000)]
sizes= [320000]
SIZE= 640
Lx,Ly= 8 8
D= 8
chi= 8
rate= 0.1 0.5
cond= 0.001 0.001
guess= 1

nparam= 320000
	log prob= -12.277642187080161
	burn in time= 24.330548524856567
	sample time= 63.54699087142944
	contraction err= 0.0036234242569594937 0.1803699733757726
nsamples= 5638

Mean energy: -3.06463926e+01
Block size    # of blocks        Mean                Error
     1           5638       -3.06463926e+01       4.843919e-03
     2           2819       -3.06463926e+01       5.557124e-03
     5           1127       -3.06465713e+01       6.393687e-03
    10            563       -3.06467298e+01       6.658187e-03
    20            281       -3.06471088e+01       6.768883e-03
    50            112       -3.06461694e+01       7.329599e-03
    70             80       -3.06461694e+01       7.079901e-03
   100             56       -3.06461694e+01       7.765614e-03
   200             28       -3.06461694e+01       8.210368e-03
   500             11       -3.06455097e+01       7.567714e-03
Stocahstic error estimate: 6.658187e-03

step=10,E=-0.478849884948856,dE=0.0,err=0.00010403416431679776,gmax=0.09334276852619738
	collect g,Hv time= 0.09413766860961914
	solver time=1.8539063930511475,exit status=0
niter= 36
pure_newton= False
	solver time=11.158365249633789,exit status=0
niter= 113
hessian inversion error= 0.0002088732466821061
	log prob= -10.778535229381207
	burn in time= 19.01773691177368
	sample time= 108.16681861877441
	contraction err= 0.004358492067283544 0.25369861150902
nsamples= 5638

Mean energy: -3.07231062e+01
Block size    # of blocks        Mean                Error
     1           5638       -3.07231062e+01       4.175167e-03
     2           2819       -3.07231062e+01       4.917960e-03
     5           1127       -3.07231649e+01       5.776132e-03
    10            563       -3.07231597e+01       6.340693e-03
    20            281       -3.07230460e+01       7.085555e-03
    50            112       -3.07231019e+01       7.664475e-03
    70             80       -3.07231019e+01       7.377480e-03
   100             56       -3.07231019e+01       7.632265e-03
   200             28       -3.07231019e+01       8.903264e-03
   500             11       -3.07233786e+01       1.304518e-02
Stocahstic error estimate: 7.664475e-03

	predict=-0.024675434217138952,actual=(array([-0.07671352]), array([0.00766448]))
	g=0.4763122538670283,del=0.4372592132982483,dot=0.04934371236182152,x=22.257977948907268

nparam= 320000
	log prob= -10.778535229381207
	burn in time= 20.952114820480347
	sample time= 66.89659762382507
	contraction err= 0.003994835233288399 0.1307331886136909
nsamples= 5638

Mean energy: -3.07327741e+01
Block size    # of blocks        Mean                Error
     1           5638       -3.07327741e+01       4.191361e-03
     2           2819       -3.07327741e+01       4.822168e-03
     5           1127       -3.07330662e+01       5.558295e-03
    10            563       -3.07330730e+01       5.829643e-03
    20            281       -3.07331944e+01       6.144616e-03
    50            112       -3.07333648e+01       6.453662e-03
    70             80       -3.07333648e+01       6.077627e-03
   100             56       -3.07333648e+01       5.778067e-03
   200             28       -3.07333648e+01       5.655750e-03
   500             11       -3.07336733e+01       5.752140e-03
Stocahstic error estimate: 5.829643e-03

step=11,E=-0.4801995947727882,dE=-0.001349709823932177,err=9.108816537188374e-05,gmax=0.04278265405161186
	collect g,Hv time= 0.09076642990112305
	solver time=2.073829412460327,exit status=0
niter= 42
pure_newton= False
	solver time=17.863476753234863,exit status=0
niter= 188
hessian inversion error= 0.0002552337827115943
	log prob= -9.245954433104128
	burn in time= 19.145835638046265
	sample time= 108.26793670654297
	contraction err= 0.004658876589760431 0.13199158533679256
nsamples= 5638

Mean energy: -3.07748426e+01
Block size    # of blocks        Mean                Error
     1           5638       -3.07748426e+01       3.861075e-03
     2           2819       -3.07748426e+01       4.514600e-03
     5           1127       -3.07746876e+01       5.174175e-03
    10            563       -3.07749153e+01       5.424869e-03
    20            281       -3.07747887e+01       5.587200e-03
    50            112       -3.07748836e+01       5.921441e-03
    70             80       -3.07748836e+01       5.821806e-03
   100             56       -3.07748836e+01       6.026670e-03
   200             28       -3.07748836e+01       6.060919e-03
   500             11       -3.07748420e+01       7.064008e-03
Stocahstic error estimate: 5.424869e-03

	predict=-0.01780612569465627,actual=(array([-0.0420685]), array([0.00542487]))
	g=0.3503296206682731,del=0.4754735407886697,dot=0.035611130839318314,x=22.25797794890724

nparam= 320000
	log prob= -9.245954433104128
	burn in time= 19.801469564437866
	sample time= 67.2567765712738
	contraction err= 0.004423290106121115 0.1685764756162227
nsamples= 5638

Mean energy: -3.07843304e+01
Block size    # of blocks        Mean                Error
     1           5638       -3.07843304e+01       3.673850e-03
     2           2819       -3.07843304e+01       4.261515e-03
     5           1127       -3.07843427e+01       4.968166e-03
    10            563       -3.07842047e+01       5.245400e-03
    20            281       -3.07843354e+01       5.312636e-03
    50            112       -3.07843005e+01       5.544536e-03
    70             80       -3.07843005e+01       5.270730e-03
   100             56       -3.07843005e+01       5.144278e-03
   200             28       -3.07843005e+01       5.507697e-03
   500             11       -3.07848533e+01       6.321639e-03
Stocahstic error estimate: 5.312636e-03

step=12,E=-0.48100516265062965,dE=-0.0008055678778414732,err=8.300993349328413e-05,gmax=0.030897211813886827
	collect g,Hv time= 0.09003853797912598
	solver time=2.089277744293213,exit status=0
niter= 42
pure_newton= False
	solver time=9.18275499343872,exit status=0
niter= 95
hessian inversion error= 0.00034826510879797334
	log prob= -8.786075524312626
	burn in time= 15.221322298049927
	sample time= 109.78239488601685
	contraction err= 0.005075384520748665 0.17985652353926235
nsamples= 5638

Mean energy: -3.08122209e+01
Block size    # of blocks        Mean                Error
     1           5638       -3.08122209e+01       3.583844e-03
     2           2819       -3.08122209e+01       4.138616e-03
     5           1127       -3.08122249e+01       4.953398e-03
    10            563       -3.08121228e+01       5.166593e-03
    20            281       -3.08122443e+01       5.571112e-03
    50            112       -3.08125530e+01       6.176794e-03
    70             80       -3.08125530e+01       5.835555e-03
   100             56       -3.08125530e+01       6.416061e-03
   200             28       -3.08125530e+01       6.285713e-03
   500             11       -3.08132706e+01       5.778726e-03
Stocahstic error estimate: 5.166593e-03

	predict=-0.01277068126495156,actual=(array([-0.02789052]), array([0.00516659]))
	g=0.28481998425787447,del=0.4533329236345643,dot=0.025531971708614883,x=22.25797794890728

nparam= 320000
	log prob= -8.786075524312626
	burn in time= 15.75156021118164
	sample time= 67.51494073867798
	contraction err= 0.004831943319268025 0.11255752604283675
nsamples= 5638

Mean energy: -3.08233919e+01
Block size    # of blocks        Mean                Error
     1           5638       -3.08233919e+01       3.460329e-03
     2           2819       -3.08233919e+01       4.030180e-03
     5           1127       -3.08230689e+01       4.746322e-03
    10            563       -3.08230608e+01       4.997312e-03
    20            281       -3.08231579e+01       5.105729e-03
    50            112       -3.08235208e+01       5.412385e-03
    70             80       -3.08235208e+01       5.434118e-03
   100             56       -3.08235208e+01       5.798721e-03
   200             28       -3.08235208e+01       6.418555e-03
   500             11       -3.08238745e+01       6.185647e-03
Stocahstic error estimate: 5.105729e-03

step=13,E=-0.4816154988403132,dE=-0.0006103361896835358,err=7.97770188135133e-05,gmax=0.0283699917086615
	collect g,Hv time= 0.08804202079772949
	solver time=2.0829570293426514,exit status=0
niter= 42
pure_newton= False
	solver time=9.850189685821533,exit status=0
niter= 103
hessian inversion error= 0.0003962454055891644
	log prob= -8.656793851374802
	burn in time= 19.110385179519653
	sample time= 109.47921991348267
	contraction err= 0.005647331978678862 0.20389686985510538
nsamples= 5638

Mean energy: -3.08473611e+01
Block size    # of blocks        Mean                Error
     1           5638       -3.08473611e+01       3.429450e-03
     2           2819       -3.08473611e+01       3.985251e-03
     5           1127       -3.08474504e+01       4.536197e-03
    10            563       -3.08475718e+01       4.871664e-03
    20            281       -3.08476997e+01       5.005489e-03
    50            112       -3.08476300e+01       5.152109e-03
    70             80       -3.08476300e+01       5.296820e-03
   100             56       -3.08476300e+01       5.429311e-03
   200             28       -3.08476300e+01       5.673574e-03
   500             11       -3.08474715e+01       6.765371e-03
Stocahstic error estimate: 5.005489e-03

	predict=-0.010322072253210936,actual=(array([-0.02396919]), array([0.00500549]))
	g=0.2483519022222277,del=0.4769285607463975,dot=0.02063441605963017,x=22.257977948907264

nparam= 320000
	log prob= -8.656793851374802
	burn in time= 22.550402879714966
	sample time= 67.7184088230133
	contraction err= 0.005643479012636894 0.17290865611786962
nsamples= 5638

Mean energy: -3.08469829e+01
Block size    # of blocks        Mean                Error
     1           5638       -3.08469829e+01       3.556324e-03
     2           2819       -3.08469829e+01       4.101767e-03
     5           1127       -3.08469794e+01       4.894300e-03
    10            563       -3.08470922e+01       5.110574e-03
    20            281       -3.08468684e+01       5.092959e-03
    50            112       -3.08468559e+01       5.588348e-03
    70             80       -3.08468559e+01       5.002460e-03
   100             56       -3.08468559e+01       5.420640e-03
   200             28       -3.08468559e+01       4.813228e-03
   500             11       -3.08463860e+01       4.104572e-03
Stocahstic error estimate: 5.110574e-03

step=14,E=-0.48198410729177976,dE=-0.00036860845146657883,err=7.98527137371504e-05,gmax=0.024640769566708798
	collect g,Hv time= 0.08962368965148926
	solver time=2.070596694946289,exit status=0
niter= 42
pure_newton= False
	solver time=10.443611860275269,exit status=0
niter= 109
hessian inversion error= 0.00039439043722797854
	log prob= -8.767887686222132
	burn in time= 16.791866540908813
	sample time= 109.81342267990112
	contraction err= 0.006282260447292957 0.22750936960606555
nsamples= 5638

Mean energy: -3.08714627e+01
Block size    # of blocks        Mean                Error
     1           5638       -3.08714627e+01       3.976859e-03
     2           2819       -3.08714627e+01       4.536839e-03
     5           1127       -3.08715600e+01       5.215750e-03
    10            563       -3.08716566e+01       5.322302e-03
    20            281       -3.08715359e+01       5.319351e-03
    50            112       -3.08717519e+01       5.991792e-03
    70             80       -3.08717519e+01       5.836940e-03
   100             56       -3.08717519e+01       6.099876e-03
   200             28       -3.08717519e+01       5.945081e-03
   500             11       -3.08725496e+01       6.122425e-03
Stocahstic error estimate: 5.322302e-03

	predict=-0.009379866779896405,actual=(array([-0.02447981]), array([0.0053223]))
	g=0.24745236738975118,del=0.4643666214218548,dot=0.01874937437000859,x=22.25797794890728

nparam= 320000
	log prob= -8.767887686222132
	burn in time= 19.095831394195557
	sample time= 67.87149620056152
	contraction err= 0.005903697808971049 0.25436432527041664
nsamples= 5638

Mean energy: -3.08637310e+01
Block size    # of blocks        Mean                Error
     1           5638       -3.08637310e+01       3.512765e-03
     2           2819       -3.08637310e+01       4.066179e-03
     5           1127       -3.08637576e+01       4.689749e-03
    10            563       -3.08638476e+01       4.902670e-03
    20            281       -3.08639392e+01       5.122438e-03
    50            112       -3.08643731e+01       4.929283e-03
    70             80       -3.08643731e+01       5.114962e-03
   100             56       -3.08643731e+01       5.021032e-03
   200             28       -3.08643731e+01       4.782695e-03
   500             11       -3.08646636e+01       3.790076e-03
Stocahstic error estimate: 4.902670e-03

step=15,E=-0.48224579651919836,dE=-0.00026168922741859335,err=7.660421347931428e-05,gmax=0.033189205245713144
	collect g,Hv time= 0.08710718154907227
	solver time=2.0618653297424316,exit status=0
niter= 42
pure_newton= False
	solver time=11.45776081085205,exit status=0
niter= 121
hessian inversion error= 0.00041521343064292475
	log prob= -8.826103693611447
	burn in time= 17.918076038360596
	sample time= 109.90187668800354
	contraction err= 0.006813288259040084 0.16587976511448801
nsamples= 5638

Mean energy: -3.08812150e+01
Block size    # of blocks        Mean                Error
     1           5638       -3.08812150e+01       3.609508e-03
     2           2819       -3.08812150e+01       4.067480e-03
     5           1127       -3.08808458e+01       4.644853e-03
    10            563       -3.08807818e+01       4.775211e-03
    20            281       -3.08808682e+01       4.765995e-03
    50            112       -3.08807554e+01       4.495442e-03
    70             80       -3.08807554e+01       4.269787e-03
   100             56       -3.08807554e+01       4.317289e-03
   200             28       -3.08807554e+01       4.194691e-03
   500             11       -3.08807685e+01       4.141018e-03
Stocahstic error estimate: 4.775211e-03

	predict=-0.008323472677693207,actual=(array([-0.01748402]), array([0.00477521]))
	g=0.23363179386430355,del=0.47391644498144514,dot=0.016639476338482364,x=22.257977948907268

nparam= 320000
	log prob= -8.826103693611447
	burn in time= 16.930277824401855
	sample time= 68.40227746963501
	contraction err= 0.0071155684577561655 0.25251405411762706
nsamples= 5638

Mean energy: -3.08921321e+01
Block size    # of blocks        Mean                Error
     1           5638       -3.08921321e+01       3.826710e-03
     2           2819       -3.08921321e+01       4.262995e-03
     5           1127       -3.08921254e+01       4.681132e-03
    10            563       -3.08921178e+01       4.874001e-03
    20            281       -3.08916718e+01       5.237044e-03
    50            112       -3.08914878e+01       5.376102e-03
    70             80       -3.08914878e+01       5.517296e-03
   100             56       -3.08914878e+01       5.335480e-03
   200             28       -3.08914878e+01       5.046613e-03
   500             11       -3.08929011e+01       6.379974e-03
Stocahstic error estimate: 4.874001e-03

step=16,E=-0.4826895644365658,dE=-0.0004437679173674436,err=7.615626442453496e-05,gmax=0.04431802775339802
	collect g,Hv time= 0.08586812019348145
	solver time=2.0604023933410645,exit status=0
niter= 42
pure_newton= False
	solver time=16.038484573364258,exit status=0
niter= 172
hessian inversion error= 0.0003839384262362656
	log prob= -9.025555844869128
	burn in time= 21.166183948516846
	sample time= 110.32063913345337
	contraction err= 0.007313771487675788 0.5120686542106822
nsamples= 5638

Mean energy: -3.08800090e+01
Block size    # of blocks        Mean                Error
     1           5638       -3.08800090e+01       4.176255e-03
     2           2819       -3.08800090e+01       4.736382e-03
     5           1127       -3.08802137e+01       5.258137e-03
    10            563       -3.08802291e+01       5.493216e-03
    20            281       -3.08801398e+01       5.952747e-03
    50            112       -3.08803175e+01       5.620188e-03
    70             80       -3.08803175e+01       6.090507e-03
   100             56       -3.08803175e+01       6.349412e-03
   200             28       -3.08803175e+01       5.623031e-03
   500             11       -3.08798794e+01       4.923473e-03
Stocahstic error estimate: 5.493216e-03

	predict=-0.008518512150005854,actual=(array([0.01212311]), array([0.00549322]))
	g=0.25158908362078347,del=1.4940611646056932,dot=0.07557812202116251,x=22.25797794890723

nparam= 320000
	log prob= -8.835507523339668
	burn in time= 23.430665493011475
	sample time= 68.10709810256958
	contraction err= 0.006827000455172366 0.23011702681868257
nsamples= 5638

Mean energy: -3.08984916e+01
Block size    # of blocks        Mean                Error
     1           5638       -3.08984916e+01       3.184153e-03
     2           2819       -3.08984916e+01       3.538292e-03
     5           1127       -3.08985081e+01       4.076782e-03
    10            563       -3.08984482e+01       4.180628e-03
    20            281       -3.08983337e+01       4.235318e-03
    50            112       -3.08984661e+01       4.278026e-03
    70             80       -3.08984661e+01       4.275885e-03
   100             56       -3.08984661e+01       4.180083e-03
   200             28       -3.08984661e+01       3.493901e-03
   500             11       -3.08987218e+01       3.645333e-03
Stocahstic error estimate: 4.180628e-03

step=17,E=-0.48278893075238244,dE=-9.936631581664024e-05,err=6.532230991524559e-05,gmax=0.01928227206608568
	collect g,Hv time= 0.1097562313079834
	solver time=2.00586199760437,exit status=0
niter= 41
pure_newton= False
	solver time=10.819275856018066,exit status=0
niter= 117
hessian inversion error= 0.0005626364633396668
	log prob= -9.059861273212059
	burn in time= 21.61975646018982
	sample time= 110.35163068771362
	contraction err= 0.007389629044333235 0.3179580835698111
nsamples= 5638

Mean energy: -3.08953015e+01
Block size    # of blocks        Mean                Error
     1           5638       -3.08953015e+01       3.656366e-03
     2           2819       -3.08953015e+01       4.211909e-03
     5           1127       -3.08952783e+01       4.751591e-03
    10            563       -3.08950309e+01       5.258300e-03
    20            281       -3.08954515e+01       5.427216e-03
    50            112       -3.08955242e+01       4.778354e-03
    70             80       -3.08955242e+01       4.614728e-03
   100             56       -3.08955242e+01       4.709037e-03
   200             28       -3.08955242e+01       4.366820e-03
   500             11       -3.08945934e+01       4.326440e-03
Stocahstic error estimate: 5.427216e-03

	predict=-0.0064207837730085445,actual=(array([0.00319005]), array([0.00542722]))
	g=0.177271523294328,del=1.512262637033956,dot=0.05007694687730227,x=22.2579779489073

nparam= 320000
	log prob= -8.869639917217238
	burn in time= 22.173213243484497
	sample time= 68.26213145256042
	contraction err= 0.006988830006435327 0.5358208916444883
nsamples= 5638

Mean energy: -3.08884972e+01
Block size    # of blocks        Mean                Error
     1           5638       -3.08884972e+01       3.704996e-03
     2           2819       -3.08884972e+01       4.235653e-03
     5           1127       -3.08884369e+01       4.764850e-03
    10            563       -3.08883984e+01       5.152509e-03
    20            281       -3.08883135e+01       5.227602e-03
    50            112       -3.08885051e+01       5.923646e-03
    70             80       -3.08885051e+01       5.903109e-03
   100             56       -3.08885051e+01       6.171390e-03
   200             28       -3.08885051e+01       5.851547e-03
   500             11       -3.08879534e+01       7.191017e-03
Stocahstic error estimate: 5.227602e-03

step=18,E=-0.48263276825529394,dE=0.00015616249708849672,err=8.168127799662976e-05,gmax=0.03938686989815199
	collect g,Hv time= 0.08832836151123047
	solver time=2.096268892288208,exit status=0
niter= 42
pure_newton= False
	solver time=22.50645351409912,exit status=0
niter= 237
hessian inversion error= 0.00037859443582180833
	log prob= -8.98228498794826
	burn in time= 18.609750032424927
	sample time= 110.46951866149902
	contraction err= 0.00731819999417909 0.14874553560777012
nsamples= 5638

Mean energy: -3.08970048e+01
Block size    # of blocks        Mean                Error
     1           5638       -3.08970048e+01       3.405807e-03
     2           2819       -3.08970048e+01       3.817675e-03
     5           1127       -3.08970122e+01       4.177750e-03
    10            563       -3.08970643e+01       4.262876e-03
    20            281       -3.08970026e+01       4.295247e-03
    50            112       -3.08970450e+01       4.302785e-03
    70             80       -3.08970450e+01       4.489465e-03
   100             56       -3.08970450e+01       4.361321e-03
   200             28       -3.08970450e+01       5.085973e-03
   500             11       -3.08977396e+01       5.570172e-03
Stocahstic error estimate: 4.262876e-03

	predict=-0.00744490317636173,actual=(array([-0.00850763]), array([0.00426288]))
	g=0.2600244745144383,del=0.5040041865493262,dot=0.014886776651624094,x=22.25797794890727

nparam= 320000
	log prob= -8.98228498794826
	burn in time= 26.93346881866455
	sample time= 68.5547742843628
	contraction err= 0.007331175788502494 0.2739957943542198
nsamples= 5638

Mean energy: -3.09010581e+01
Block size    # of blocks        Mean                Error
     1           5638       -3.09010581e+01       3.368486e-03
     2           2819       -3.09010581e+01       3.692228e-03
     5           1127       -3.09011299e+01       4.079841e-03
    10            563       -3.09012317e+01       4.288886e-03
    20            281       -3.09014836e+01       4.544935e-03
    50            112       -3.09016645e+01       4.349472e-03
    70             80       -3.09016645e+01       4.300421e-03
   100             56       -3.09016645e+01       4.205134e-03
   200             28       -3.09016645e+01       4.712619e-03
   500             11       -3.09023424e+01       3.819597e-03
Stocahstic error estimate: 4.544935e-03

step=19,E=-0.4828290330316843,dE=-0.00019626477639034245,err=7.101460903575005e-05,gmax=0.01900528004987123
	collect g,Hv time= 0.08823800086975098
	solver time=1.9979681968688965,exit status=0
niter= 41
pure_newton= False
	solver time=10.513736009597778,exit status=0
niter= 114
hessian inversion error= 0.0005888916081743374
	log prob= -9.18602831186177
	burn in time= 18.54545569419861
	sample time= 110.29637908935547
	contraction err= 0.007607383023926409 0.22806131954971504
nsamples= 5638

Mean energy: -3.09090886e+01
Block size    # of blocks        Mean                Error
     1           5638       -3.09090886e+01       3.295665e-03
     2           2819       -3.09090886e+01       3.692604e-03
     5           1127       -3.09091338e+01       4.112605e-03
    10            563       -3.09091733e+01       4.131921e-03
    20            281       -3.09090194e+01       4.298958e-03
    50            112       -3.09091513e+01       4.270787e-03
    70             80       -3.09091513e+01       4.225518e-03
   100             56       -3.09091513e+01       4.807052e-03
   200             28       -3.09091513e+01       5.160008e-03
   500             11       -3.09091621e+01       4.163644e-03
Stocahstic error estimate: 4.131921e-03

	predict=-0.006276172378442462,actual=(array([-0.00803046]), array([0.00413192]))
	g=0.16670352115590706,del=0.450370355510993,dot=0.012543704654014588,x=22.25797794890725

nparam= 320000
	log prob= -9.18602831186177
	burn in time= 22.475539207458496
	sample time= 68.549396276474
	contraction err= 0.007401871032970389 0.15921761955163236
nsamples= 5638

Mean energy: -3.09051898e+01
Block size    # of blocks        Mean                Error
     1           5638       -3.09051898e+01       3.580359e-03
     2           2819       -3.09051898e+01       3.946564e-03
     5           1127       -3.09053605e+01       4.427059e-03
    10            563       -3.09054218e+01       4.544757e-03
    20            281       -3.09054852e+01       4.529719e-03
    50            112       -3.09052991e+01       4.526290e-03
    70             80       -3.09052991e+01       4.646525e-03
   100             56       -3.09052991e+01       4.347947e-03
   200             28       -3.09052991e+01       4.418873e-03
   500             11       -3.09045170e+01       3.641260e-03
Stocahstic error estimate: 4.544757e-03

step=20,E=-0.4828935901767718,dE=-6.45571450875182e-05,err=7.101183370044706e-05,gmax=0.03500951888896364
	collect g,Hv time= 0.08620452880859375
	solver time=2.0086381435394287,exit status=0
niter= 41
pure_newton= False
	solver time=15.869734048843384,exit status=0
niter= 170
hessian inversion error= 0.0004802326260761716
	log prob= -9.3907048909059
	burn in time= 18.281868934631348
	sample time= 110.15200281143188
	contraction err= 0.007607361453298746 0.4231988203546419
nsamples= 5638

Mean energy: -3.09096143e+01
Block size    # of blocks        Mean                Error
     1           5638       -3.09096143e+01       3.146585e-03
     2           2819       -3.09096143e+01       3.505986e-03
     5           1127       -3.09095869e+01       3.780840e-03
    10            563       -3.09095689e+01       3.979529e-03
    20            281       -3.09094770e+01       4.024825e-03
    50            112       -3.09095601e+01       3.707153e-03
    70             80       -3.09095601e+01       4.100463e-03
   100             56       -3.09095601e+01       3.804602e-03
   200             28       -3.09095601e+01       3.766838e-03
   500             11       -3.09090862e+01       4.464058e-03
Stocahstic error estimate: 4.024825e-03

	predict=-0.0069110713410340235,actual=(array([-0.00442457]), array([0.00402482]))
	g=0.20609824201302798,del=0.4954671379451758,dot=0.013824339191175582,x=22.257977948907257

nparam= 320000
	log prob= -9.3907048909059
	burn in time= 20.724826335906982
	sample time= 68.26181077957153
	contraction err= 0.007828771685835307 0.3660078089009418
nsamples= 5638

Mean energy: -3.09102089e+01
Block size    # of blocks        Mean                Error
     1           5638       -3.09102089e+01       3.262497e-03
     2           2819       -3.09102089e+01       3.738647e-03
     5           1127       -3.09102517e+01       4.126945e-03
    10            563       -3.09102247e+01       4.439360e-03
    20            281       -3.09101968e+01       4.413551e-03
    50            112       -3.09100076e+01       4.221296e-03
    70             80       -3.09100076e+01       4.205669e-03
   100             56       -3.09100076e+01       4.005500e-03
   200             28       -3.09100076e+01       4.220310e-03
   500             11       -3.09105041e+01       5.129236e-03
Stocahstic error estimate: 4.439360e-03

step=21,E=-0.4829720136576422,dE=-7.842348087039319e-05,err=6.936500386389997e-05,gmax=0.02235655477154272
	collect g,Hv time= 0.08739423751831055
	solver time=2.0072643756866455,exit status=0
niter= 41
pure_newton= False
	solver time=10.726613759994507,exit status=0
niter= 115
hessian inversion error= 0.0005755470876475231
	log prob= -9.604525523097164
	burn in time= 20.414488554000854
	sample time= 110.83984112739563
	contraction err= 0.0085056210554773 0.24351775183503385
nsamples= 5638

Mean energy: -3.09176080e+01
Block size    # of blocks        Mean                Error
     1           5638       -3.09176080e+01       3.760876e-03
     2           2819       -3.09176080e+01       4.305483e-03
     5           1127       -3.09174986e+01       4.813995e-03
    10            563       -3.09175321e+01       4.801485e-03
    20            281       -3.09174172e+01       4.920538e-03
    50            112       -3.09174291e+01       4.559808e-03
    70             80       -3.09174291e+01       5.046628e-03
   100             56       -3.09174291e+01       4.626598e-03
   200             28       -3.09174291e+01       4.378483e-03
   500             11       -3.09171314e+01       5.169206e-03
Stocahstic error estimate: 4.813995e-03

	predict=-0.005724448858740981,actual=(array([-0.00739915]), array([0.004814]))
	g=0.16938029717935757,del=0.44277065716521596,dot=0.011439395429384921,x=22.257977948907257

nparam= 320000
	log prob= -9.604525523097164
	burn in time= 21.817291021347046
	sample time= 68.87844038009644
	contraction err= 0.008134859129200483 0.3383528266687726
nsamples= 5638

Mean energy: -3.09094224e+01
Block size    # of blocks        Mean                Error
     1           5638       -3.09094224e+01       3.242125e-03
     2           2819       -3.09094224e+01       3.688253e-03
     5           1127       -3.09094068e+01       4.178085e-03
    10            563       -3.09092635e+01       4.435230e-03
    20            281       -3.09092816e+01       4.517175e-03
    50            112       -3.09093481e+01       4.188982e-03
    70             80       -3.09093481e+01       4.327113e-03
   100             56       -3.09093481e+01       4.090978e-03
   200             28       -3.09093481e+01       3.668334e-03
   500             11       -3.09090408e+01       4.361697e-03
Stocahstic error estimate: 4.517175e-03

step=22,E=-0.48295972568567686,dE=1.228797196534126e-05,err=7.058086541837815e-05,gmax=0.014120137993469228
	collect g,Hv time= 0.0849001407623291
	solver time=2.017317295074463,exit status=0
niter= 41
pure_newton= False
	solver time=11.794589757919312,exit status=0
niter= 126
hessian inversion error= 0.0007289933900131456
	log prob= -9.72200955053918
	burn in time= 21.200913667678833
	sample time= 110.55983257293701
	contraction err= 0.008473114007288491 0.1781566413430899
nsamples= 5638

Mean energy: -3.09261356e+01
Block size    # of blocks        Mean                Error
     1           5638       -3.09261356e+01       2.965715e-03
     2           2819       -3.09261356e+01       3.356901e-03
     5           1127       -3.09260643e+01       3.827017e-03
    10            563       -3.09260850e+01       4.044676e-03
    20            281       -3.09260439e+01       4.140130e-03
    50            112       -3.09260756e+01       4.022060e-03
    70             80       -3.09260756e+01       3.985310e-03
   100             56       -3.09260756e+01       4.398548e-03
   200             28       -3.09260756e+01       5.014545e-03
   500             11       -3.09255113e+01       5.776522e-03
Stocahstic error estimate: 4.140130e-03

	predict=-0.005287262421914855,actual=(array([-0.01671316]), array([0.00414013]))
	g=0.1344710789288915,del=0.4554436436070269,dot=0.010570566875924323,x=22.25797794890726

nparam= 320000
	log prob= -9.72200955053918
	burn in time= 18.932360410690308
	sample time= 68.8394615650177
	contraction err= 0.00885969266761597 0.32735868043832933
nsamples= 5638

Mean energy: -3.09255396e+01
Block size    # of blocks        Mean                Error
     1           5638       -3.09255396e+01       3.597042e-03
     2           2819       -3.09255396e+01       4.070852e-03
     5           1127       -3.09256337e+01       4.687074e-03
    10            563       -3.09256268e+01       4.884595e-03
    20            281       -3.09256612e+01       5.028458e-03
    50            112       -3.09254546e+01       4.612811e-03
    70             80       -3.09254546e+01       4.968428e-03
   100             56       -3.09254546e+01       4.068625e-03
   200             28       -3.09254546e+01       4.558961e-03
   500             11       -3.09243910e+01       4.696056e-03
Stocahstic error estimate: 4.884595e-03

step=23,E=-0.483211555837889,dE=-0.0002518301522121402,err=7.632179105103409e-05,gmax=0.05251992284627649
	collect g,Hv time= 0.08713769912719727
	solver time=2.011187791824341,exit status=0
niter= 41
pure_newton= False
	solver time=11.544489622116089,exit status=0
niter= 124
hessian inversion error= 0.0004209904324006914
	log prob= -9.931649932833263
	burn in time= 23.849557638168335
	sample time= 110.52776408195496
	contraction err= 0.008750770101020952 0.1961797126916939
nsamples= 5638

Mean energy: -3.09242230e+01
Block size    # of blocks        Mean                Error
     1           5638       -3.09242230e+01       3.165397e-03
     2           2819       -3.09242230e+01       3.657965e-03
     5           1127       -3.09242533e+01       4.148359e-03
    10            563       -3.09242505e+01       4.597973e-03
    20            281       -3.09244908e+01       4.675948e-03
    50            112       -3.09248100e+01       5.524019e-03
    70             80       -3.09248100e+01       5.783027e-03
   100             56       -3.09248100e+01       5.302247e-03
   200             28       -3.09248100e+01       5.184241e-03
   500             11       -3.09242392e+01       5.559201e-03
Stocahstic error estimate: 4.675948e-03

	predict=-0.005714681899122822,actual=(array([0.00131662]), array([0.00467595]))
	g=0.23148278021849442,del=1.4324106967847126,dot=0.06613810613062739,x=22.25797794890725

nparam= 320000
	log prob= -9.752615155128895
	burn in time= 16.689045429229736
	sample time= 68.92891526222229
	contraction err= 0.008533585002252767 0.2552002211681057
nsamples= 5638

Mean energy: -3.09275744e+01
Block size    # of blocks        Mean                Error
     1           5638       -3.09275744e+01       2.969973e-03
     2           2819       -3.09275744e+01       3.324228e-03
     5           1127       -3.09275990e+01       3.629418e-03
    10            563       -3.09275361e+01       3.841673e-03
    20            281       -3.09276097e+01       4.061021e-03
    50            112       -3.09282788e+01       3.966696e-03
    70             80       -3.09282788e+01       3.952219e-03
   100             56       -3.09282788e+01       3.705873e-03
   200             28       -3.09282788e+01       3.688943e-03
   500             11       -3.09292264e+01       4.167150e-03
Stocahstic error estimate: 4.061021e-03

step=24,E=-0.4832433494465015,dE=-3.1793608612495916e-05,err=6.345344664357613e-05,gmax=0.018835859310596725
	collect g,Hv time= 0.08647298812866211
	solver time=2.0060667991638184,exit status=0
niter= 41
pure_newton= False
	solver time=17.582136392593384,exit status=0
niter= 188
hessian inversion error= 0.0007551035323530725
	log prob= -9.944098600802052
	burn in time= 17.969964027404785
	sample time= 110.88110017776489
	contraction err= 0.008643676899293047 0.2674988795242458
nsamples= 5638

Mean energy: -3.09251080e+01
Block size    # of blocks        Mean                Error
     1           5638       -3.09251080e+01       3.284237e-03
     2           2819       -3.09251080e+01       3.628115e-03
     5           1127       -3.09250521e+01       4.074299e-03
    10            563       -3.09250407e+01       4.105378e-03
    20            281       -3.09250336e+01       4.112853e-03
    50            112       -3.09249253e+01       4.132262e-03
    70             80       -3.09249253e+01       3.810516e-03
   100             56       -3.09249253e+01       3.622790e-03
   200             28       -3.09249253e+01       3.645330e-03
   500             11       -3.09245767e+01       4.945883e-03
Stocahstic error estimate: 4.105378e-03

	predict=-0.004411198311685018,actual=(array([0.00246635]), array([0.00410538]))
	g=0.12675770990912755,del=1.3997368480974381,dot=0.04328186993115117,x=22.25797794890721

nparam= 320000
	log prob= -9.768726415065949
	burn in time= 22.690340995788574
	sample time= 68.66435074806213
	contraction err= 0.008268964648197043 0.3411244879509029
nsamples= 5638

Mean energy: -3.09276973e+01
Block size    # of blocks        Mean                Error
     1           5638       -3.09276973e+01       3.503232e-03
     2           2819       -3.09276973e+01       3.959539e-03
     5           1127       -3.09277700e+01       4.332944e-03
    10            563       -3.09277840e+01       4.369402e-03
    20            281       -3.09279239e+01       4.449066e-03
    50            112       -3.09279114e+01       4.673014e-03
    70             80       -3.09279114e+01       4.621168e-03
   100             56       -3.09279114e+01       5.103277e-03
   200             28       -3.09279114e+01       5.179848e-03
   500             11       -3.09269333e+01       6.076849e-03
Stocahstic error estimate: 4.369402e-03

step=25,E=-0.4832452700146036,dE=-1.920568102109499e-06,err=6.827190272434106e-05,gmax=0.0943892817398796
	collect g,Hv time= 0.09254741668701172
	solver time=1.9079830646514893,exit status=0
niter= 39
pure_newton= False
	solver time=11.272073984146118,exit status=0
niter= 121
hessian inversion error= 0.00034344171958067314
	log prob= -10.007581340420682
	burn in time= 15.960493803024292
	sample time= 110.93442296981812
	contraction err= 0.008754905538971599 0.2891151188882505
nsamples= 5638

Mean energy: -3.09306637e+01
Block size    # of blocks        Mean                Error
     1           5638       -3.09306637e+01       2.904436e-03
     2           2819       -3.09306637e+01       3.271268e-03
     5           1127       -3.09306912e+01       3.704874e-03
    10            563       -3.09307536e+01       3.828018e-03
    20            281       -3.09311289e+01       4.016847e-03
    50            112       -3.09308686e+01       4.064678e-03
    70             80       -3.09308686e+01       4.622379e-03
   100             56       -3.09308686e+01       4.506727e-03
   200             28       -3.09308686e+01       4.185638e-03
   500             11       -3.09310300e+01       3.696776e-03
Stocahstic error estimate: 3.828018e-03

	predict=-0.00501288300099862,actual=(array([-0.00296639]), array([0.00382802]))
	g=0.2885516328404429,del=0.41227995743095985,dot=0.010017007725784736,x=22.25797794890726

nparam= 320000
	log prob= -10.007581340420682
	burn in time= 20.237053871154785
	sample time= 68.51859045028687
	contraction err= 0.008931340177115218 0.39911770464343055
nsamples= 5638

Mean energy: -3.09262903e+01
Block size    # of blocks        Mean                Error
     1           5638       -3.09262903e+01       3.372311e-03
     2           2819       -3.09262903e+01       3.892799e-03
     5           1127       -3.09262981e+01       4.535162e-03
    10            563       -3.09263699e+01       4.617461e-03
    20            281       -3.09264606e+01       4.943792e-03
    50            112       -3.09264462e+01       5.234328e-03
    70             80       -3.09264462e+01       5.248841e-03
   100             56       -3.09264462e+01       5.312513e-03
   200             28       -3.09264462e+01       4.487810e-03
   500             11       -3.09261143e+01       4.639155e-03
Stocahstic error estimate: 4.617461e-03

step=26,E=-0.4832232854462116,dE=2.1984568391975046e-05,err=7.214783399687338e-05,gmax=0.046947231485287455
	collect g,Hv time= 0.08656835556030273
	solver time=2.064995288848877,exit status=0
niter= 42
pure_newton= False
	solver time=15.203148365020752,exit status=0
niter= 163
hessian inversion error= 0.0004144181146208367
	log prob= -10.278460982320642
	burn in time= 19.735294818878174
	sample time= 111.10764479637146
	contraction err= 0.009005043786066797 0.22539535213299966
nsamples= 5638

Mean energy: -3.09321606e+01
Block size    # of blocks        Mean                Error
     1           5638       -3.09321606e+01       3.012981e-03
     2           2819       -3.09321606e+01       3.392175e-03
     5           1127       -3.09321751e+01       3.680149e-03
    10            563       -3.09321582e+01       3.879625e-03
    20            281       -3.09321118e+01       3.819988e-03
    50            112       -3.09319971e+01       4.277335e-03
    70             80       -3.09319971e+01       3.575693e-03
   100             56       -3.09319971e+01       3.878364e-03
   200             28       -3.09319971e+01       3.887103e-03
   500             11       -3.09318212e+01       4.894136e-03
Stocahstic error estimate: 3.879625e-03

	predict=-0.0050019464581923835,actual=(array([-0.00587029]), array([0.00387962]))
	g=0.24096278506148452,del=0.4197132907933038,dot=0.010008398023280686,x=22.257977948907282

nparam= 320000
	log prob= -10.278460982320642
	burn in time= 21.660222053527832
	sample time= 68.58121943473816
	contraction err= 0.008631429869260958 0.26771312198257974
nsamples= 5638

Mean energy: -3.09321205e+01
Block size    # of blocks        Mean                Error
     1           5638       -3.09321205e+01       2.883558e-03
     2           2819       -3.09321205e+01       3.175179e-03
     5           1127       -3.09320583e+01       3.663340e-03
    10            563       -3.09319951e+01       3.794689e-03
    20            281       -3.09319145e+01       3.931420e-03
    50            112       -3.09319783e+01       3.878784e-03
    70             80       -3.09319783e+01       3.598159e-03
   100             56       -3.09319783e+01       3.903243e-03
   200             28       -3.09319783e+01       3.595859e-03
   500             11       -3.09317741e+01       5.638404e-03
Stocahstic error estimate: 3.794689e-03

step=27,E=-0.48331438311519037,dE=-9.109766897874572e-05,err=5.929202004908969e-05,gmax=0.015704962882212126
	collect g,Hv time= 0.08661484718322754
	solver time=2.009207010269165,exit status=0
niter= 41
pure_newton= False
	solver time=11.732508897781372,exit status=0
niter= 126
hessian inversion error= 0.0008267184011086417
	log prob= -10.419470556462548
	burn in time= 17.878050088882446
	sample time= 111.33199548721313
	contraction err= 0.009445891820305788 0.2912162533674371
nsamples= 5638

Mean energy: -3.09285658e+01
Block size    # of blocks        Mean                Error
     1           5638       -3.09285658e+01       3.422789e-03
     2           2819       -3.09285658e+01       3.693838e-03
     5           1127       -3.09286409e+01       4.047281e-03
    10            563       -3.09285798e+01       4.031540e-03
    20            281       -3.09289997e+01       4.132934e-03
    50            112       -3.09288374e+01       3.947531e-03
    70             80       -3.09288374e+01       4.094320e-03
   100             56       -3.09288374e+01       3.630682e-03
   200             28       -3.09288374e+01       3.984011e-03
   500             11       -3.09285240e+01       3.158409e-03
Stocahstic error estimate: 4.047281e-03

	predict=-0.0038306893694402787,actual=(array([0.00355471]), array([0.00404728]))
	g=0.10830456771990193,del=1.320669095232573,dot=0.04108913115124684,x=22.25797794890727

nparam= 320000
	log prob= -10.290252455811741
	burn in time= 22.30420756340027
	sample time= 68.75684571266174
	contraction err= 0.009422961108160391 0.8236398768759348
nsamples= 5638

Mean energy: -3.09406192e+01
Block size    # of blocks        Mean                Error
     1           5638       -3.09406192e+01       3.901273e-03
     2           2819       -3.09406192e+01       4.656205e-03
     5           1127       -3.09404853e+01       4.886441e-03
    10            563       -3.09404412e+01       5.169075e-03
    20            281       -3.09405310e+01       5.216742e-03
    50            112       -3.09409750e+01       4.880846e-03
    70             80       -3.09409750e+01       5.352500e-03
   100             56       -3.09409750e+01       5.198378e-03
   200             28       -3.09409750e+01       5.479708e-03
   500             11       -3.09409839e+01       5.294581e-03
Stocahstic error estimate: 4.886441e-03

step=28,E=-0.4834471748594269,dE=-0.00013279174423652673,err=7.63506387254475e-05,gmax=0.038586739354252414
	collect g,Hv time= 0.08809638023376465
	solver time=1.7968273162841797,exit status=0
niter= 37
pure_newton= False
	solver time=24.37273621559143,exit status=0
niter= 263
hessian inversion error= 0.00036514733392073966
	log prob= -10.439080896025452
	burn in time= 16.376963138580322
	sample time= 111.14798021316528
	contraction err= 0.009646352640454015 0.3557482959745245
nsamples= 5638

Mean energy: -3.09295802e+01
Block size    # of blocks        Mean                Error
     1           5638       -3.09295802e+01       3.616486e-03
     2           2819       -3.09295802e+01       3.960770e-03
     5           1127       -3.09295163e+01       4.571528e-03
    10            563       -3.09295729e+01       4.681003e-03
    20            281       -3.09298332e+01       4.903295e-03
    50            112       -3.09297624e+01       4.964420e-03
    70             80       -3.09297624e+01       5.186127e-03
   100             56       -3.09297624e+01       5.124359e-03
   200             28       -3.09297624e+01       5.161065e-03
   500             11       -3.09299558e+01       4.505828e-03
Stocahstic error estimate: 4.681003e-03

	predict=-0.007074709648280674,actual=(array([0.01103902]), array([0.004681]))
	g=0.266446063419061,del=1.2257454685973164,dot=0.07884331310377242,x=22.257977948907246

nparam= 320000
	log prob= -10.301019306861338
	burn in time= 20.546972274780273
	sample time= 68.66242361068726
	contraction err= 0.009064035233947497 0.2181964072842856
nsamples= 5638

Mean energy: -3.09242814e+01
Block size    # of blocks        Mean                Error
     1           5638       -3.09242814e+01       3.339869e-03
     2           2819       -3.09242814e+01       3.916951e-03
     5           1127       -3.09242938e+01       4.014615e-03
    10            563       -3.09241631e+01       4.307518e-03
    20            281       -3.09242128e+01       4.390543e-03
    50            112       -3.09241544e+01       4.278190e-03
    70             80       -3.09241544e+01       4.753999e-03
   100             56       -3.09241544e+01       4.253059e-03
   200             28       -3.09241544e+01       3.929219e-03
   500             11       -3.09246384e+01       3.964235e-03
Stocahstic error estimate: 4.014615e-03

step=29,E=-0.4831918968975592,dE=0.0002552779618676948,err=6.272835613052733e-05,gmax=0.01495598728356129
	collect g,Hv time= 0.08531808853149414
	solver time=2.028616189956665,exit status=0
niter= 41
pure_newton= False
	solver time=12.957383871078491,exit status=0
niter= 138
hessian inversion error= 0.0007429779370944082
	log prob= -10.382662752316527
	burn in time= 19.783048152923584
	sample time= 110.75972437858582
	contraction err= 0.009063443481706004 0.23123550160308168
nsamples= 5638

Mean energy: -3.09395268e+01
Block size    # of blocks        Mean                Error
     1           5638       -3.09395268e+01       3.087700e-03
     2           2819       -3.09395268e+01       3.393576e-03
     5           1127       -3.09394989e+01       3.780103e-03
    10            563       -3.09393758e+01       3.855099e-03
    20            281       -3.09393042e+01       4.063514e-03
    50            112       -3.09395188e+01       3.908756e-03
    70             80       -3.09395188e+01       4.262177e-03
   100             56       -3.09395188e+01       3.747564e-03
   200             28       -3.09395188e+01       3.522656e-03
   500             11       -3.09395861e+01       4.056247e-03
Stocahstic error estimate: 3.855099e-03

	predict=-0.004942660379177467,actual=(array([-0.01524539]), array([0.0038551]))
	g=0.13454075049905073,del=0.41084334500982406,dot=0.00988019777332041,x=22.257977948907268

nparam= 320000
	log prob= -10.382662752316527
	burn in time= 25.281928062438965
	sample time= 68.67491841316223
	contraction err= 0.009291323077274106 0.8014965235955989
nsamples= 5638

Mean energy: -3.09288962e+01
Block size    # of blocks        Mean                Error
     1           5638       -3.09288962e+01       4.461388e-03
     2           2819       -3.09288962e+01       4.830818e-03
     5           1127       -3.09288771e+01       5.930320e-03
    10            563       -3.09289083e+01       5.923534e-03
    20            281       -3.09288028e+01       6.230898e-03
    50            112       -3.09289509e+01       5.935685e-03
    70             80       -3.09289509e+01       5.577953e-03
   100             56       -3.09289509e+01       5.901783e-03
   200             28       -3.09289509e+01       5.747668e-03
   500             11       -3.09270739e+01       4.664605e-03
Stocahstic error estimate: 5.930320e-03

step=30,E=-0.48326400325328595,dE=-7.210635572674207e-05,err=9.266124422501968e-05,gmax=0.1679153201096435
	collect g,Hv time= 0.08506441116333008
	solver time=1.9067232608795166,exit status=0
niter= 39
pure_newton= False
	solver time=16.321677446365356,exit status=0
niter= 175
hessian inversion error= 0.00021017794551753477
	log prob= -10.457765425705626
	burn in time= 19.695046186447144
	sample time= 110.93457674980164
	contraction err= 0.009385184808019875 0.32350023935968225
nsamples= 5638

Mean energy: -3.09454561e+01
Block size    # of blocks        Mean                Error
     1           5638       -3.09454561e+01       3.020033e-03
     2           2819       -3.09454561e+01       3.339199e-03
     5           1127       -3.09454918e+01       3.594163e-03
    10            563       -3.09453845e+01       3.748501e-03
    20            281       -3.09454381e+01       3.849148e-03
    50            112       -3.09454408e+01       3.907826e-03
    70             80       -3.09454408e+01       4.086716e-03
   100             56       -3.09454408e+01       3.765893e-03
   200             28       -3.09454408e+01       4.671999e-03
   500             11       -3.09458800e+01       3.957057e-03
Stocahstic error estimate: 3.748501e-03

	predict=-0.006176154066471711,actual=(array([-0.01655988]), array([0.0037485]))
	g=0.4616633550667896,del=0.3949991397401912,dot=0.012344929567691596,x=22.25797794890728

nparam= 320000
	log prob= -10.457765425705626
	burn in time= 20.35558533668518
	sample time= 68.9600567817688
	contraction err= 0.009569268711643266 0.5516527847435565
nsamples= 5638

Mean energy: -3.09359053e+01
Block size    # of blocks        Mean                Error
     1           5638       -3.09359053e+01       2.872709e-03
     2           2819       -3.09359053e+01       3.328039e-03
     5           1127       -3.09358433e+01       3.701731e-03
    10            563       -3.09357905e+01       3.784749e-03
    20            281       -3.09363031e+01       3.781292e-03
    50            112       -3.09360779e+01       3.597290e-03
    70             80       -3.09360779e+01       3.635047e-03
   100             56       -3.09360779e+01       3.066347e-03
   200             28       -3.09360779e+01       2.697704e-03
   500             11       -3.09358632e+01       3.005242e-03
Stocahstic error estimate: 3.784749e-03

step=31,E=-0.4833735199947397,dE=-0.00010951674145376344,err=5.913669687927434e-05,gmax=0.010247818358653404
	collect g,Hv time= 0.09123778343200684
	solver time=1.9657657146453857,exit status=0
niter= 40
pure_newton= False
	solver time=10.922857284545898,exit status=0
niter= 117
hessian inversion error= 0.0010157242517494296
	log prob= -10.612480336474807
	burn in time= 17.07803440093994
	sample time= 110.77957820892334
	contraction err= 0.009432962609030131 0.5963859343264395
nsamples= 5638

Mean energy: -3.09432440e+01
Block size    # of blocks        Mean                Error
     1           5638       -3.09432440e+01       2.950451e-03
     2           2819       -3.09432440e+01       3.218878e-03
     5           1127       -3.09432646e+01       3.587664e-03
    10            563       -3.09432178e+01       3.687102e-03
    20            281       -3.09430796e+01       3.731522e-03
    50            112       -3.09430576e+01       3.684960e-03
    70             80       -3.09430576e+01       4.283117e-03
   100             56       -3.09430576e+01       4.032441e-03
   200             28       -3.09430576e+01       4.275699e-03
   500             11       -3.09434187e+01       5.600270e-03
Stocahstic error estimate: 3.687102e-03

	predict=-0.003813853627260645,actual=(array([-0.00733876]), array([0.0036871]))
	g=0.09581332552581115,del=0.39727083876943226,dot=0.00761985792723308,x=22.257977948907257

nparam= 320000
	log prob= -10.612480336474807
	burn in time= 19.203315019607544
	sample time= 68.54199624061584
	contraction err= 0.0097491510497383 0.3511991459752521
nsamples= 5638

Mean energy: -3.09423653e+01
Block size    # of blocks        Mean                Error
     1           5638       -3.09423653e+01       3.574848e-03
     2           2819       -3.09423653e+01       4.038512e-03
     5           1127       -3.09423469e+01       4.361685e-03
    10            563       -3.09423075e+01       4.640197e-03
    20            281       -3.09423510e+01       4.673506e-03
    50            112       -3.09422182e+01       5.016092e-03
    70             80       -3.09422182e+01       5.089367e-03
   100             56       -3.09422182e+01       5.037077e-03
   200             28       -3.09422182e+01       4.928744e-03
   500             11       -3.09419626e+01       5.615202e-03
Stocahstic error estimate: 4.673506e-03

step=32,E=-0.48347445753691737,dE=-0.00010093754217765927,err=7.302353329162003e-05,gmax=0.0514960163693029
	collect g,Hv time= 0.08407068252563477
	solver time=1.808197021484375,exit status=0
niter= 37
pure_newton= False
	solver time=17.35280752182007,exit status=0
niter= 186
hessian inversion error= 0.0003891574876203366
	log prob= -10.748359805240776
	burn in time= 20.97138476371765
	sample time= 110.54332947731018
	contraction err= 0.009539177806777677 0.20344957409056139
nsamples= 5638

Mean energy: -3.09427461e+01
Block size    # of blocks        Mean                Error
     1           5638       -3.09427461e+01       3.182473e-03
     2           2819       -3.09427461e+01       3.743891e-03
     5           1127       -3.09427991e+01       4.157418e-03
    10            563       -3.09429255e+01       4.792799e-03
    20            281       -3.09429719e+01       4.762146e-03
    50            112       -3.09428438e+01       4.900530e-03
    70             80       -3.09428438e+01       4.602752e-03
   100             56       -3.09428438e+01       4.523021e-03
   200             28       -3.09428438e+01       3.826168e-03
   500             11       -3.09425001e+01       3.297385e-03
Stocahstic error estimate: 4.792799e-03

	predict=-0.005154853845938013,actual=(array([-0.00038083]), array([0.0047928]))
	g=0.2560045842207732,del=0.40200688536458773,dot=0.010301665801966755,x=22.257977948907254

nparam= 320000
	log prob= -10.748359805240776
	burn in time= 20.052743434906006
	sample time= 68.75700521469116
	contraction err= 0.01047063621022361 0.29925726422865423
nsamples= 5638

Mean energy: -3.09414248e+01
Block size    # of blocks        Mean                Error
     1           5638       -3.09414248e+01       3.383581e-03
     2           2819       -3.09414248e+01       3.829577e-03
     5           1127       -3.09414281e+01       4.429899e-03
    10            563       -3.09414209e+01       4.543050e-03
    20            281       -3.09413657e+01       4.455300e-03
    50            112       -3.09412511e+01       4.697636e-03
    70             80       -3.09412511e+01       4.877169e-03
   100             56       -3.09412511e+01       4.888334e-03
   200             28       -3.09412511e+01       5.255851e-03
   500             11       -3.09403566e+01       4.175114e-03
Stocahstic error estimate: 4.543050e-03

step=33,E=-0.4834597624527873,dE=1.4695084130045277e-05,err=7.098516016077314e-05,gmax=0.10046838760317311
	collect g,Hv time= 0.08564209938049316
	solver time=1.744588851928711,exit status=0
niter= 36
pure_newton= False
	solver time=20.3804190158844,exit status=0
niter= 219
hessian inversion error= 0.00034180279659618397
	log prob= -10.970200242026996
	burn in time= 21.10299849510193
	sample time= 110.83332872390747
	contraction err= 0.009871453007464864 0.25084381508999076
nsamples= 5638

Mean energy: -3.09417477e+01
Block size    # of blocks        Mean                Error
     1           5638       -3.09417477e+01       2.921296e-03
     2           2819       -3.09417477e+01       3.279951e-03
     5           1127       -3.09417131e+01       3.568697e-03
    10            563       -3.09416472e+01       3.745233e-03
    20            281       -3.09416435e+01       3.753413e-03
    50            112       -3.09418563e+01       3.979204e-03
    70             80       -3.09418563e+01       3.890724e-03
   100             56       -3.09418563e+01       3.902099e-03
   200             28       -3.09418563e+01       4.247280e-03
   500             11       -3.09422212e+01       5.526645e-03
Stocahstic error estimate: 3.745233e-03

	predict=-0.004795697526555806,actual=(array([-0.00032289]), array([0.00374523]))
	g=0.2593692223262352,del=0.5038951481837993,dot=0.009599530197706,x=22.257977948907254

nparam= 320000
	log prob= -10.970200242026996
	burn in time= 18.032576084136963
	sample time= 68.93119549751282
	contraction err= 0.010434583769946864 0.5192257534388816
nsamples= 5638

Mean energy: -3.09476718e+01
Block size    # of blocks        Mean                Error
     1           5638       -3.09476718e+01       3.402735e-03
     2           2819       -3.09476718e+01       3.671675e-03
     5           1127       -3.09476288e+01       3.807825e-03
    10            563       -3.09475584e+01       3.979128e-03
    20            281       -3.09474245e+01       4.047051e-03
    50            112       -3.09474927e+01       4.042470e-03
    70             80       -3.09474927e+01       4.058037e-03
   100             56       -3.09474927e+01       4.021276e-03
   200             28       -3.09474927e+01       3.929484e-03
   500             11       -3.09481685e+01       2.920729e-03
Stocahstic error estimate: 3.807825e-03

step=34,E=-0.4835573715981627,dE=-9.76091453753769e-05,err=5.9497271989231196e-05,gmax=0.034927071884908394
	collect g,Hv time= 0.08385205268859863
	solver time=1.9370102882385254,exit status=0
niter= 40
pure_newton= False
	solver time=31.73856258392334,exit status=0
niter= 341
hessian inversion error= 0.0004733636215407043
	log prob= -11.088263313209517
	burn in time= 22.702739715576172
	sample time= 111.03291058540344
	contraction err= 0.010065858820705187 0.19187807062182427
nsamples= 5638

Mean energy: -3.09404880e+01
Block size    # of blocks        Mean                Error
     1           5638       -3.09404880e+01       3.246826e-03
     2           2819       -3.09404880e+01       3.501802e-03
     5           1127       -3.09404457e+01       3.752194e-03
    10            563       -3.09403803e+01       3.789170e-03
    20            281       -3.09402782e+01       3.986667e-03
    50            112       -3.09400043e+01       4.299970e-03
    70             80       -3.09400043e+01       4.345160e-03
   100             56       -3.09400043e+01       4.526453e-03
   200             28       -3.09400043e+01       4.261576e-03
   500             11       -3.09398229e+01       4.426965e-03
Stocahstic error estimate: 3.789170e-03

	predict=-0.004655728299256763,actual=(array([0.00718379]), array([0.00378917]))
	g=0.2103767318527024,del=1.272580317494253,dot=0.05988618638088057,x=22.25797794890726

nparam= 320000
	log prob= -10.987756794316162
	burn in time= 19.60323405265808
	sample time= 68.73179268836975
	contraction err= 0.010132651238926139 0.30870788719037234
nsamples= 5638

Mean energy: -3.09377782e+01
Block size    # of blocks        Mean                Error
     1           5638       -3.09377782e+01       3.655055e-03
     2           2819       -3.09377782e+01       3.902032e-03
     5           1127       -3.09376812e+01       4.286136e-03
    10            563       -3.09376339e+01       4.189334e-03
    20            281       -3.09375894e+01       4.202319e-03
    50            112       -3.09376342e+01       4.692399e-03
    70             80       -3.09376342e+01       4.949708e-03
   100             56       -3.09376342e+01       4.831071e-03
   200             28       -3.09376342e+01       4.983195e-03
   500             11       -3.09376001e+01       4.297179e-03
Stocahstic error estimate: 4.286136e-03

step=35,E=-0.483402784219133,dE=0.00015458737902968034,err=6.697086752221582e-05,gmax=0.04213698396087384
	collect g,Hv time= 0.08441877365112305
	solver time=2.0126235485076904,exit status=0
niter= 41
pure_newton= False
	solver time=14.334237813949585,exit status=0
niter= 153
hessian inversion error= 0.0004173190168535726
	log prob= -11.138268440517301
	burn in time= 19.682079792022705
	sample time= 110.81062507629395
	contraction err= 0.010102355153470903 0.3921083810667305
nsamples= 5638

Mean energy: -3.09465999e+01
Block size    # of blocks        Mean                Error
     1           5638       -3.09465999e+01       4.546803e-03
     2           2819       -3.09465999e+01       4.883942e-03
     5           1127       -3.09466192e+01       5.183577e-03
    10            563       -3.09466463e+01       5.579456e-03
    20            281       -3.09465704e+01       5.735563e-03
    50            112       -3.09469280e+01       5.593812e-03
    70             80       -3.09469280e+01       6.004359e-03
   100             56       -3.09469280e+01       5.569459e-03
   200             28       -3.09469280e+01       4.425639e-03
   500             11       -3.09471395e+01       5.725258e-03
Stocahstic error estimate: 5.735563e-03

	predict=-0.005828529773109909,actual=(array([-0.00882172]), array([0.00573556]))
	g=0.23778447762613752,del=0.40468716169450875,dot=0.01164461152979038,x=22.257977948907268

nparam= 320000
	log prob= -11.138268440517301
	burn in time= 21.250242471694946
	sample time= 68.83583521842957
	contraction err= 0.010065074599237335 0.23464418494195968
nsamples= 5638

Mean energy: -3.09435174e+01
Block size    # of blocks        Mean                Error
     1           5638       -3.09435174e+01       3.072773e-03
     2           2819       -3.09435174e+01       3.408994e-03
     5           1127       -3.09434152e+01       3.891389e-03
    10            563       -3.09433488e+01       3.991131e-03
    20            281       -3.09432859e+01       3.996721e-03
    50            112       -3.09430560e+01       4.049879e-03
    70             80       -3.09430560e+01       3.475621e-03
   100             56       -3.09430560e+01       3.949198e-03
   200             28       -3.09430560e+01       3.478192e-03
   500             11       -3.09427912e+01       3.444558e-03
Stocahstic error estimate: 3.991131e-03

step=36,E=-0.4834924598710727,dE=-8.967565193968019e-05,err=6.236142307309611e-05,gmax=0.027395034756044517
	collect g,Hv time= 0.0854651927947998
	solver time=1.9968140125274658,exit status=0
niter= 41
pure_newton= False
	solver time=1452.583077430725,exit status=500
niter= 15501
hessian inversion error= 0.02141129108709703
	log prob= -11.33254364887067
	burn in time= 19.826820611953735
	sample time= 111.34961104393005
	contraction err= 0.01067613614167885 0.18284261727256312
nsamples= 5638

Mean energy: -3.09345297e+01
Block size    # of blocks        Mean                Error
     1           5638       -3.09345297e+01       4.380342e-03
     2           2819       -3.09345297e+01       4.767752e-03
     5           1127       -3.09344802e+01       5.027646e-03
    10            563       -3.09345922e+01       5.342571e-03
    20            281       -3.09345712e+01       5.365137e-03
    50            112       -3.09348067e+01       5.594710e-03
    70             80       -3.09348067e+01       5.992679e-03
   100             56       -3.09348067e+01       6.218528e-03
   200             28       -3.09348067e+01       7.328908e-03
   500             11       -3.09348918e+01       6.133054e-03
Stocahstic error estimate: 5.365137e-03

	predict=-0.002985247156918589,actual=(array([0.00898769]), array([0.00536514]))
	g=0.13913702039854353,del=1.2963738880182507,dot=0.047833383578688916,x=22.257977948907264

nparam= 320000
	log prob= -11.163061786286315
	burn in time= 16.775920867919922
	sample time= 69.17858982086182
	contraction err= 0.009886389699095841 0.20525654364908236
nsamples= 5638

Mean energy: -3.09444520e+01
Block size    # of blocks        Mean                Error
     1           5638       -3.09444520e+01       2.672494e-03
     2           2819       -3.09444520e+01       2.916227e-03
     5           1127       -3.09443976e+01       3.004485e-03
    10            563       -3.09443465e+01       3.118071e-03
    20            281       -3.09442356e+01       3.040037e-03
    50            112       -3.09442139e+01       2.814284e-03
    70             80       -3.09442139e+01       3.040520e-03
   100             56       -3.09442139e+01       3.126934e-03
   200             28       -3.09442139e+01       3.368762e-03
   500             11       -3.09450600e+01       3.455386e-03
Stocahstic error estimate: 3.004485e-03

step=37,E=-0.4835070629941893,dE=-1.4603123116574412e-05,err=4.6945075428951597e-05,gmax=0.008910151636250419
	collect g,Hv time= 0.08437585830688477
	solver time=1.9548606872558594,exit status=0
niter= 40
pure_newton= False
	solver time=1450.7224116325378,exit status=500
niter= 15501
hessian inversion error= 0.01081584393516337
	log prob= -11.27186193611506
	burn in time= 21.718246459960938
	sample time= 111.50615811347961
	contraction err= 0.010756398533791995 0.2501775841651811
nsamples= 5638

Mean energy: -3.09490592e+01
Block size    # of blocks        Mean                Error
     1           5638       -3.09490592e+01       3.130924e-03
     2           2819       -3.09490592e+01       3.723065e-03
     5           1127       -3.09490796e+01       3.751674e-03
    10            563       -3.09491555e+01       4.339356e-03
    20            281       -3.09490982e+01       4.302488e-03
    50            112       -3.09492083e+01       4.534782e-03
    70             80       -3.09492083e+01       4.154330e-03
   100             56       -3.09492083e+01       4.256830e-03
   200             28       -3.09492083e+01       4.680090e-03
   500             11       -3.09495434e+01       5.210481e-03
Stocahstic error estimate: 3.751674e-03

	predict=-0.003024124625067173,actual=(array([-0.0046072]), array([0.00375167]))
	g=0.08976756499214815,del=0.2968987707546327,dot=0.005933799483733606,x=22.25797794890727

nparam= 320000
	log prob= -11.27186193611506
	burn in time= 21.905558824539185
	sample time= 68.57923030853271
	contraction err= 0.010637613137993197 0.4976521813111204
nsamples= 5638

Mean energy: -3.09428472e+01
Block size    # of blocks        Mean                Error
     1           5638       -3.09428472e+01       3.714926e-03
     2           2819       -3.09428472e+01       3.989016e-03
     5           1127       -3.09428412e+01       3.958745e-03
    10            563       -3.09428183e+01       4.055725e-03
    20            281       -3.09430861e+01       4.103138e-03
    50            112       -3.09430298e+01       4.420434e-03
    70             80       -3.09430298e+01       4.145773e-03
   100             56       -3.09430298e+01       4.307096e-03
   200             28       -3.09430298e+01       3.926048e-03
   500             11       -3.09432033e+01       4.472262e-03
Stocahstic error estimate: 3.989016e-03

step=38,E=-0.4834819879870272,dE=2.507500716208977e-05,err=6.232838200824438e-05,gmax=0.08628066701771464
	collect g,Hv time= 0.08556580543518066
	solver time=1.9606926441192627,exit status=0
niter= 40
pure_newton= False
	solver time=12.77204179763794,exit status=0
niter= 137
hessian inversion error= 0.00035669269966725163
	log prob= -11.389991645301675
	burn in time= 15.852097749710083
	sample time= 111.25011706352234
	contraction err= 0.010634425806396612 0.5783463408087206
nsamples= 5638

Mean energy: -3.09478657e+01
Block size    # of blocks        Mean                Error
     1           5638       -3.09478657e+01       2.819597e-03
     2           2819       -3.09478657e+01       3.176070e-03
     5           1127       -3.09478770e+01       3.349533e-03
    10            563       -3.09479710e+01       3.433175e-03
    20            281       -3.09479809e+01       3.642227e-03
    50            112       -3.09478590e+01       3.568051e-03
    70             80       -3.09478590e+01       3.922602e-03
   100             56       -3.09478590e+01       3.597785e-03
   200             28       -3.09478590e+01       3.838844e-03
   500             11       -3.09484533e+01       3.469458e-03
Stocahstic error estimate: 3.433175e-03

	predict=-0.004752992661519092,actual=(array([-0.00501849]), array([0.00343318]))
	g=0.277274219654036,del=0.3641251550808071,dot=0.009500322938831535,x=22.257977948907257

nparam= 320000
	log prob= -11.389991645301675
	burn in time= 20.152270555496216
	sample time= 69.17806816101074
	contraction err= 0.010104252234039277 0.14993070761068844
nsamples= 5638

Mean energy: -3.09438173e+01
Block size    # of blocks        Mean                Error
     1           5638       -3.09438173e+01       3.626566e-03
     2           2819       -3.09438173e+01       3.815015e-03
     5           1127       -3.09436362e+01       4.103417e-03
    10            563       -3.09435831e+01       4.270675e-03
    20            281       -3.09435595e+01       4.280203e-03
    50            112       -3.09437253e+01       4.508889e-03
    70             80       -3.09437253e+01       4.675574e-03
   100             56       -3.09437253e+01       4.710730e-03
   200             28       -3.09437253e+01       4.877470e-03
   500             11       -3.09445994e+01       4.998275e-03
Stocahstic error estimate: 4.270675e-03

step=39,E=-0.4834971445771705,dE=-1.5156590143339255e-05,err=6.672929689348369e-05,gmax=0.07314971250611646
	collect g,Hv time= 0.08418154716491699
	solver time=2.0128729343414307,exit status=0
niter= 41
pure_newton= False
	solver time=11.87187123298645,exit status=0
niter= 126
hessian inversion error= 0.00038512100209122665
	log prob= -11.484485021571459
	burn in time= 19.15052366256714
	sample time= 111.32312488555908
	contraction err= 0.010894483347446113 0.4820543709108852
nsamples= 5638

Mean energy: -3.09486420e+01
Block size    # of blocks        Mean                Error
     1           5638       -3.09486420e+01       2.794466e-03
     2           2819       -3.09486420e+01       3.245683e-03
     5           1127       -3.09486353e+01       3.614072e-03
    10            563       -3.09486499e+01       3.831534e-03
    20            281       -3.09487869e+01       3.707871e-03
    50            112       -3.09491533e+01       3.639789e-03
    70             80       -3.09491533e+01       3.661251e-03
   100             56       -3.09491533e+01       3.665758e-03
   200             28       -3.09491533e+01       3.669885e-03
   500             11       -3.09484230e+01       2.433456e-03
Stocahstic error estimate: 3.831534e-03

	predict=-0.004564410087019844,actual=(array([-0.00482475]), array([0.00383153]))
	g=0.2309604894381542,del=0.3875738738873558,dot=0.009125286707752502,x=22.257977948907286

nparam= 320000
	log prob= -11.484485021571459
	burn in time= 23.73391056060791
	sample time= 68.8296127319336
	contraction err= 0.010883448443523226 0.215626353500804
nsamples= 5638

Mean energy: -3.09522590e+01
Block size    # of blocks        Mean                Error
     1           5638       -3.09522590e+01       3.167314e-03
     2           2819       -3.09522590e+01       3.536594e-03
     5           1127       -3.09522807e+01       3.806958e-03
    10            563       -3.09522847e+01       3.912310e-03
    20            281       -3.09522864e+01       3.796190e-03
    50            112       -3.09522159e+01       3.899137e-03
    70             80       -3.09522159e+01       4.011258e-03
   100             56       -3.09522159e+01       3.963802e-03
   200             28       -3.09522159e+01       3.768665e-03
   500             11       -3.09529871e+01       2.857086e-03
Stocahstic error estimate: 3.912310e-03

step=40,E=-0.48362904635938914,dE=-0.00013190178221861304,err=6.11298477788125e-05,gmax=0.011663112520200247
	collect g,Hv time= 0.08651089668273926
	solver time=1.9523863792419434,exit status=0
niter= 40
pure_newton= False
	solver time=14.897029399871826,exit status=0
niter= 159
hessian inversion error= 0.0008453684122170718
	log prob= -11.641935854570221
	burn in time= 21.791919469833374
	sample time= 111.2920708656311
	contraction err= 0.010995552065936652 0.3192247238237085
nsamples= 5638

Mean energy: -3.09485668e+01
Block size    # of blocks        Mean                Error
     1           5638       -3.09485668e+01       3.099183e-03
     2           2819       -3.09485668e+01       3.472476e-03
     5           1127       -3.09486167e+01       3.744046e-03
    10            563       -3.09486562e+01       3.706061e-03
    20            281       -3.09486255e+01       3.798411e-03
    50            112       -3.09485811e+01       3.839072e-03
    70             80       -3.09485811e+01       3.866022e-03
   100             56       -3.09485811e+01       3.911716e-03
   200             28       -3.09485811e+01       3.854001e-03
   500             11       -3.09484682e+01       3.440776e-03
Stocahstic error estimate: 3.744046e-03

	predict=-0.0038389593157466817,actual=(array([0.00369219]), array([0.00374405]))
	g=0.11711198365085017,del=1.2885142442870057,dot=0.05117676729900698,x=22.257977948907246

nparam= 320000
	log prob= -11.492653485125242
	burn in time= 20.779282808303833
	sample time= 68.64940142631531
	contraction err= 0.01081725788027385 1.1440243288922298
nsamples= 5638

Mean energy: -3.09358619e+01
Block size    # of blocks        Mean                Error
     1           5638       -3.09358619e+01       3.892435e-03
     2           2819       -3.09358619e+01       4.247738e-03
     5           1127       -3.09358014e+01       4.572375e-03
    10            563       -3.09358405e+01       4.598208e-03
    20            281       -3.09359825e+01       4.606818e-03
    50            112       -3.09358170e+01       4.635646e-03
    70             80       -3.09358170e+01       4.360309e-03
   100             56       -3.09358170e+01       3.651827e-03
   200             28       -3.09358170e+01       3.830575e-03
   500             11       -3.09359662e+01       4.327910e-03
Stocahstic error estimate: 4.598208e-03

step=41,E=-0.4833728422443424,dE=0.000256204115046732,err=7.184700347656622e-05,gmax=0.9803992167330269
	collect g,Hv time= 0.08278417587280273
	solver time=0.5550556182861328,exit status=0
niter= 12
pure_newton= False
	solver time=18.796306610107422,exit status=0
niter= 202
hessian inversion error= 9.930605050709661e-05
	log prob= -11.560592810183277
	burn in time= 19.182659149169922
	sample time= 110.87049770355225
	contraction err= 0.011091422791308637 0.8696976757492887
nsamples= 5638

Mean energy: -3.09510435e+01
Block size    # of blocks        Mean                Error
     1           5638       -3.09510435e+01       4.278499e-03
     2           2819       -3.09510435e+01       4.638240e-03
     5           1127       -3.09510230e+01       5.093881e-03
    10            563       -3.09510535e+01       5.173654e-03
    20            281       -3.09511457e+01       5.440911e-03
    50            112       -3.09515129e+01       5.702681e-03
    70             80       -3.09515129e+01       5.935017e-03
   100             56       -3.09515129e+01       5.955287e-03
   200             28       -3.09515129e+01       5.737121e-03
   500             11       -3.09508635e+01       6.069569e-03
Stocahstic error estimate: 5.173654e-03

	predict=-0.003986505046325289,actual=(array([-0.01518157]), array([0.00517365]))
	g=1.827361648648101,del=0.36681768299170997,dot=0.007967815423831993,x=22.257977948907286

nparam= 320000
	log prob= -11.560592810183277
	burn in time= 21.861944675445557
	sample time= 68.9796347618103
	contraction err= 0.010341854336422637 0.2416506967037859
nsamples= 5638

Mean energy: -3.09447114e+01
Block size    # of blocks        Mean                Error
     1           5638       -3.09447114e+01       2.616399e-03
     2           2819       -3.09447114e+01       2.908602e-03
     5           1127       -3.09447303e+01       3.032842e-03
    10            563       -3.09447000e+01       3.170401e-03
    20            281       -3.09447821e+01       3.124136e-03
    50            112       -3.09447689e+01       3.298446e-03
    70             80       -3.09447689e+01       3.048392e-03
   100             56       -3.09447689e+01       3.166044e-03
   200             28       -3.09447689e+01       3.141533e-03
   500             11       -3.09450869e+01       3.476390e-03
Stocahstic error estimate: 3.032842e-03

step=42,E=-0.48351111612466885,dE=-0.00013827388032644494,err=4.738815884607462e-05,gmax=0.007194393601367879
	collect g,Hv time= 0.09223318099975586
	solver time=1.959779977798462,exit status=0
niter= 40
pure_newton= False
	solver time=13.465335130691528,exit status=0
niter= 144
hessian inversion error= 0.001411332856194612
	log prob= -11.711752020984953
	burn in time= 21.635395288467407
	sample time= 111.03682279586792
	contraction err= 0.01122031183136344 0.5958101702402885
nsamples= 5638

Mean energy: -3.09449542e+01
Block size    # of blocks        Mean                Error
     1           5638       -3.09449542e+01       3.314098e-03
     2           2819       -3.09449542e+01       3.639455e-03
     5           1127       -3.09449338e+01       4.155742e-03
    10            563       -3.09449513e+01       4.454546e-03
    20            281       -3.09450380e+01       4.460977e-03
    50            112       -3.09450221e+01       4.071970e-03
    70             80       -3.09450221e+01       3.656437e-03
   100             56       -3.09450221e+01       3.725752e-03
   200             28       -3.09450221e+01       3.686656e-03
   500             11       -3.09451430e+01       4.266661e-03
Stocahstic error estimate: 4.460977e-03

	predict=-0.002876610983990128,actual=(array([-0.0002428]), array([0.00446098]))
	g=0.07081803368685773,del=0.37263772519004684,dot=0.00574600281356669,x=22.25797794890724

nparam= 320000
	log prob= -11.711752020984953
	burn in time= 16.59742259979248
	sample time= 69.01891660690308
	contraction err= 0.010732213774677752 0.38692266340608306
nsamples= 5638

Mean energy: -3.09549528e+01
Block size    # of blocks        Mean                Error
     1           5638       -3.09549528e+01       3.106184e-03
     2           2819       -3.09549528e+01       3.148029e-03
     5           1127       -3.09549729e+01       3.388143e-03
    10            563       -3.09549734e+01       3.515343e-03
    20            281       -3.09550015e+01       3.427704e-03
    50            112       -3.09549461e+01       3.602804e-03
    70             80       -3.09549461e+01       3.673334e-03
   100             56       -3.09549461e+01       3.610337e-03
   200             28       -3.09549461e+01       3.919661e-03
   500             11       -3.09542872e+01       4.394416e-03
Stocahstic error estimate: 3.148029e-03

step=43,E=-0.4836711369149079,dE=-0.00016002079023902382,err=4.918795354242516e-05,gmax=0.02531183850768519
	collect g,Hv time= 0.08520627021789551
	solver time=1.9629695415496826,exit status=0
niter= 40
pure_newton= False
	solver time=16.967682123184204,exit status=0
niter= 181
hessian inversion error= 0.0008416623714843927
	log prob= -11.811627838326261
	burn in time= 19.86127495765686
	sample time= 111.47576069831848
	contraction err= 0.01092174781205551 0.30677160576724627
nsamples= 5638

Mean energy: -3.09422360e+01
Block size    # of blocks        Mean                Error
     1           5638       -3.09422360e+01       2.878760e-03
     2           2819       -3.09422360e+01       3.321954e-03
     5           1127       -3.09423051e+01       3.305828e-03
    10            563       -3.09422907e+01       3.525014e-03
    20            281       -3.09422625e+01       3.468640e-03
    50            112       -3.09421970e+01       3.891943e-03
    70             80       -3.09421970e+01       3.509175e-03
   100             56       -3.09421970e+01       3.467159e-03
   200             28       -3.09421970e+01       3.528924e-03
   500             11       -3.09418690e+01       3.812418e-03
Stocahstic error estimate: 3.321954e-03

	predict=-0.004241209052261033,actual=(array([0.01271672]), array([0.00332195]))
	g=0.11766377011694552,del=1.3084877101002597,dot=0.04903810787869119,x=22.257977948907264

nparam= 320000
	log prob= -11.720612261903355
	burn in time= 20.28627586364746
	sample time= 69.2939190864563
	contraction err= 0.010920137295852205 0.3379349001268113
nsamples= 5638

Mean energy: -3.09484146e+01
Block size    # of blocks        Mean                Error
     1           5638       -3.09484146e+01       3.072878e-03
     2           2819       -3.09484146e+01       3.439764e-03
     5           1127       -3.09483518e+01       3.832423e-03
    10            563       -3.09483656e+01       3.616142e-03
    20            281       -3.09485280e+01       3.583347e-03
    50            112       -3.09484401e+01       3.826542e-03
    70             80       -3.09484401e+01       3.855756e-03
   100             56       -3.09484401e+01       3.891232e-03
   200             28       -3.09484401e+01       3.974655e-03
   500             11       -3.09481608e+01       4.446184e-03
Stocahstic error estimate: 3.832423e-03

step=44,E=-0.48356897883315775,dE=0.00010215808175012553,err=5.9881605805343103e-05,gmax=0.0493074604124466
	collect g,Hv time= 0.08470726013183594
	solver time=2.0250442028045654,exit status=0
niter= 41
pure_newton= False
	solver time=13.152129411697388,exit status=0
niter= 140
hessian inversion error= 0.0006557932637242302
	log prob= -11.801089375532177
	burn in time= 18.07068681716919
	sample time= 111.6019058227539
	contraction err= 0.011099403678651582 0.32147781367156164
nsamples= 5638

Mean energy: -3.09487607e+01
Block size    # of blocks        Mean                Error
     1           5638       -3.09487607e+01       2.981200e-03
     2           2819       -3.09487607e+01       3.335280e-03
     5           1127       -3.09487957e+01       3.416371e-03
    10            563       -3.09487175e+01       3.571954e-03
    20            281       -3.09487392e+01       3.726573e-03
    50            112       -3.09486173e+01       3.713820e-03
    70             80       -3.09486173e+01       4.258282e-03
   100             56       -3.09486173e+01       3.905511e-03
   200             28       -3.09486173e+01       3.740254e-03
   500             11       -3.09485887e+01       4.232529e-03
Stocahstic error estimate: 3.416371e-03

	predict=-0.0032700727059256614,actual=(array([-0.00034608]), array([0.00341637]))
	g=0.14944969754726475,del=0.4002407942151454,dot=0.006535337379265507,x=22.257977948907257

nparam= 320000
	log prob= -11.801089375532177
	burn in time= 16.73404598236084
	sample time= 68.94261288642883
	contraction err= 0.01083630347062957 0.26930028608146656
nsamples= 5638

Mean energy: -3.09495774e+01
Block size    # of blocks        Mean                Error
     1           5638       -3.09495774e+01       2.983640e-03
     2           2819       -3.09495774e+01       3.389106e-03
     5           1127       -3.09495687e+01       3.479997e-03
    10            563       -3.09495096e+01       3.694033e-03
    20            281       -3.09497524e+01       3.635988e-03
    50            112       -3.09499174e+01       4.080201e-03
    70             80       -3.09499174e+01       4.468493e-03
   100             56       -3.09499174e+01       4.389914e-03
   200             28       -3.09499174e+01       4.950536e-03
   500             11       -3.09503287e+01       4.437874e-03
Stocahstic error estimate: 3.479997e-03

step=45,E=-0.4835871474691685,dE=-1.8168636010729156e-05,err=5.4374956880583976e-05,gmax=0.02004812274753842
	collect g,Hv time= 0.08437943458557129
	solver time=1.9536511898040771,exit status=0
niter= 40
pure_newton= False
	solver time=11.094624757766724,exit status=0
niter= 119
hessian inversion error= 0.0008455648033707553
	log prob= -11.877160323343999
	burn in time= 20.23059344291687
	sample time= 110.87603068351746
	contraction err= 0.011497960617647483 0.6793646692030547
nsamples= 5638

Mean energy: -3.09453257e+01
Block size    # of blocks        Mean                Error
     1           5638       -3.09453257e+01       3.011002e-03
     2           2819       -3.09453257e+01       3.267478e-03
     5           1127       -3.09452811e+01       3.451293e-03
    10            563       -3.09452552e+01       3.648993e-03
    20            281       -3.09453408e+01       3.729478e-03
    50            112       -3.09451882e+01       3.529090e-03
    70             80       -3.09451882e+01       3.571620e-03
   100             56       -3.09451882e+01       4.090811e-03
   200             28       -3.09451882e+01       4.336788e-03
   500             11       -3.09447507e+01       5.363776e-03
Stocahstic error estimate: 3.729478e-03

	predict=-0.0036163346483665806,actual=(array([0.00425173]), array([0.00372948]))
	g=0.11495616825596681,del=1.2368652211248852,dot=0.045429419708434116,x=22.257977948907246

nparam= 320000
	log prob= -11.792617175769788
	burn in time= 21.855620861053467
	sample time= 69.29444861412048
	contraction err= 0.011635337152929245 0.926300800465215
nsamples= 5638

Mean energy: -3.09485443e+01
Block size    # of blocks        Mean                Error
     1           5638       -3.09485443e+01       2.691075e-03
     2           2819       -3.09485443e+01       2.961647e-03
     5           1127       -3.09485369e+01       3.270151e-03
    10            563       -3.09485132e+01       3.241182e-03
    20            281       -3.09485669e+01       3.278151e-03
    50            112       -3.09485553e+01       3.776799e-03
    70             80       -3.09485553e+01       3.572941e-03
   100             56       -3.09485553e+01       3.528973e-03
   200             28       -3.09485553e+01       3.657622e-03
   500             11       -3.09490791e+01       3.970874e-03
Stocahstic error estimate: 3.270151e-03

step=46,E=-0.48357100504204487,dE=1.6142427123611025e-05,err=5.10961049228027e-05,gmax=0.012097625500737591
	collect g,Hv time= 0.08676886558532715
	solver time=1.9821257591247559,exit status=0
niter= 40
pure_newton= False
	solver time=11.115444898605347,exit status=0
niter= 118
hessian inversion error= 0.0010257617522681322
	log prob= -11.919272055651534
	burn in time= 20.24094295501709
	sample time= 110.63986682891846
	contraction err= 0.011238722734219773 0.3101918424808313
nsamples= 5638

Mean energy: -3.09529237e+01
Block size    # of blocks        Mean                Error
     1           5638       -3.09529237e+01       3.182846e-03
     2           2819       -3.09529237e+01       3.451919e-03
     5           1127       -3.09527943e+01       3.712268e-03
    10            563       -3.09527789e+01       3.879519e-03
    20            281       -3.09527768e+01       3.854860e-03
    50            112       -3.09527435e+01       3.908040e-03
    70             80       -3.09527435e+01       4.008858e-03
   100             56       -3.09527435e+01       3.432772e-03
   200             28       -3.09527435e+01       3.384151e-03
   500             11       -3.09524006e+01       2.739129e-03
Stocahstic error estimate: 3.879519e-03

	predict=-0.0026958348974966714,actual=(array([-0.00437942]), array([0.00387952]))
	g=0.09602696359102325,del=0.33379502846958564,dot=0.0053840122106309125,x=22.25797794890727

nparam= 320000
	log prob= -11.919272055651534
	burn in time= 19.77157688140869
	sample time= 68.9493522644043
	contraction err= 0.01080169593895383 0.8340427599045727
nsamples= 5638

Mean energy: -3.09489502e+01
Block size    # of blocks        Mean                Error
     1           5638       -3.09489502e+01       3.273792e-03
     2           2819       -3.09489502e+01       3.692906e-03
     5           1127       -3.09490480e+01       4.038183e-03
    10            563       -3.09491560e+01       4.107068e-03
    20            281       -3.09495820e+01       4.124261e-03
    50            112       -3.09493635e+01       4.165996e-03
    70             80       -3.09493635e+01       4.296275e-03
   100             56       -3.09493635e+01       4.173069e-03
   200             28       -3.09493635e+01       4.565120e-03
   500             11       -3.09489433e+01       3.308928e-03
Stocahstic error estimate: 4.107068e-03

step=47,E=-0.4835773466477675,dE=-6.341605722659516e-06,err=6.417294270229675e-05,gmax=0.10070639663399922
	collect g,Hv time= 0.08498907089233398
	solver time=1.9292335510253906,exit status=0
niter= 39
pure_newton= False
	solver time=38.88984489440918,exit status=0
niter= 408
hessian inversion error= 0.00027757994471777495
	log prob= -12.013443822950643
	burn in time= 14.953636169433594
	sample time= 111.27093601226807
	contraction err= 0.011144826984081431 0.3537060238960257
nsamples= 5638

Mean energy: -3.09467953e+01
Block size    # of blocks        Mean                Error
     1           5638       -3.09467953e+01       3.625064e-03
     2           2819       -3.09467953e+01       4.065247e-03
     5           1127       -3.09467557e+01       4.785930e-03
    10            563       -3.09467293e+01       4.829317e-03
    20            281       -3.09466670e+01       4.763001e-03
    50            112       -3.09466524e+01       4.657290e-03
    70             80       -3.09466524e+01       4.862914e-03
   100             56       -3.09466524e+01       5.025399e-03
   200             28       -3.09466524e+01       5.606549e-03
   500             11       -3.09465573e+01       5.593956e-03
Stocahstic error estimate: 4.829317e-03

	predict=-0.003190255284368845,actual=(array([0.00215493]), array([0.00482932]))
	g=0.35812381325555487,del=1.1024649245519913,dot=0.05549258854269368,x=22.257977948907254

nparam= 320000
	log prob= -11.904799619067457
	burn in time= 12.942808389663696
	sample time= 69.08938932418823
	contraction err= 0.011055180547306443 0.2766069351288971
nsamples= 5638

Mean energy: -3.09517030e+01
Block size    # of blocks        Mean                Error
     1           5638       -3.09517030e+01       2.648937e-03
     2           2819       -3.09517030e+01       3.053750e-03
     5           1127       -3.09516840e+01       3.332021e-03
    10            563       -3.09516642e+01       3.620783e-03
    20            281       -3.09516663e+01       3.627515e-03
    50            112       -3.09513337e+01       4.099250e-03
    70             80       -3.09513337e+01       3.910542e-03
   100             56       -3.09513337e+01       4.020090e-03
   200             28       -3.09513337e+01       4.215567e-03
   500             11       -3.09515626e+01       4.725291e-03
Stocahstic error estimate: 3.627515e-03

step=48,E=-0.48362035953049,dE=-4.301288272245962e-05,err=5.667992835910558e-05,gmax=0.01880373613283004
	collect g,Hv time= 0.08388972282409668
	solver time=1.8976991176605225,exit status=0
niter= 39
pure_newton= False
	solver time=13.600197553634644,exit status=0
niter= 147
hessian inversion error= 0.0008373491972152918
	log prob= -11.97345757936374
	burn in time= 22.364537954330444
	sample time= 111.07396078109741
	contraction err= 0.011095407794887858 0.466934139755338
nsamples= 5638

Mean energy: -3.09463869e+01
Block size    # of blocks        Mean                Error
     1           5638       -3.09463869e+01       3.671437e-03
     2           2819       -3.09463869e+01       4.394093e-03
     5           1127       -3.09463677e+01       4.450965e-03
    10            563       -3.09463630e+01       4.451446e-03
    20            281       -3.09462132e+01       4.837978e-03
    50            112       -3.09462276e+01       4.430655e-03
    70             80       -3.09462276e+01       4.978932e-03
   100             56       -3.09462276e+01       5.069722e-03
   200             28       -3.09462276e+01       4.830986e-03
   500             11       -3.09457866e+01       6.339215e-03
Stocahstic error estimate: 4.450965e-03

	predict=-0.002714445775272153,actual=(array([0.00531612]), array([0.00445096]))
	g=0.11832010112208373,del=1.0849107963116655,dot=0.035119808122662736,x=22.25797794890724

nparam= 320000
	log prob= -11.893368282642559
	burn in time= 20.222991704940796
	sample time= 68.82666110992432
	contraction err= 0.01102064969169379 0.7024218488899451
nsamples= 5638

Mean energy: -3.09552938e+01
Block size    # of blocks        Mean                Error
     1           5638       -3.09552938e+01       2.728965e-03
     2           2819       -3.09552938e+01       2.999182e-03
     5           1127       -3.09553241e+01       3.151433e-03
    10            563       -3.09553258e+01       3.237823e-03
    20            281       -3.09552550e+01       3.334417e-03
    50            112       -3.09554524e+01       3.250012e-03
    70             80       -3.09554524e+01       3.036256e-03
   100             56       -3.09554524e+01       3.098405e-03
   200             28       -3.09554524e+01       3.248130e-03
   500             11       -3.09546565e+01       3.064695e-03
Stocahstic error estimate: 3.237823e-03

step=49,E=-0.48367646569214606,dE=-5.6106161656077624e-05,err=5.059098485868184e-05,gmax=0.01821392112947251
	collect g,Hv time= 0.08454346656799316
	solver time=1.939035415649414,exit status=0
niter= 40
pure_newton= False
	solver time=11.697649955749512,exit status=0
niter= 126
hessian inversion error= 0.0007793883945981297
	log prob= -11.946538659308144
	burn in time= 25.87965440750122
	sample time= 111.25579118728638
	contraction err= 0.01097679022891442 0.23567189070803515
nsamples= 5638

Mean energy: -3.09568629e+01
Block size    # of blocks        Mean                Error
     1           5638       -3.09568629e+01       2.625492e-03
     2           2819       -3.09568629e+01       2.808257e-03
     5           1127       -3.09567648e+01       3.157291e-03
    10            563       -3.09557028e+01       3.071601e-03
    20            281       -3.09556193e+01       3.074037e-03
    50            112       -3.09556091e+01       3.307194e-03
    70             80       -3.09556091e+01       3.440125e-03
   100             56       -3.09556091e+01       3.389027e-03
   200             28       -3.09556091e+01       3.425314e-03
   500             11       -3.09560535e+01       3.668536e-03
Stocahstic error estimate: 3.157291e-03

	predict=-0.002940992016028849,actual=(array([-0.00156907]), array([0.00315729]))
	g=0.12092964612741278,del=0.3252544770447947,dot=0.005879248390589882,x=22.25797794890725
