block_dict= [(0, 5820)]
sizes= [5820]
SIZE= 640
L= 120
nspin= (60, 60)
nparam= 5820
	prob= 0.32812852562853045
	burn in time= 5.152406215667725
	sample time= 14.926888227462769
	contraction err= 1.946026900460353e-15 2.5725562376699395e-14

Mean energy: -4.48149942e+01
Block size    # of blocks        Mean                Error
     1           10000       -4.48149942e+01       2.490132e-03
     2           5000       -4.48149942e+01       2.511440e-03
     5           2000       -4.48149942e+01       2.508164e-03
    10           1000       -4.48149942e+01       2.518189e-03
    20            500       -4.48149942e+01       2.461423e-03
    50            200       -4.48149942e+01       2.359857e-03
    70            142       -4.48150800e+01       2.449905e-03
   100            100       -4.48149942e+01       2.414234e-03
   200             50       -4.48149942e+01       2.610172e-03
   500             20       -4.48149942e+01       2.475726e-03
0 0.002511439657524444 0.002475726116258819
Stocahstic error estimate: 2.511440e-03

step=120,E=-0.3734582851037778,dE=-0.3734582851037778,err=2.0928663812703702e-05,gmax=0.1849713389113461
	collect g,Hv time= 0.33003997802734375
	solver time=0.06460952758789062,exit status=0
niter= 39
pure_newton= False
	solver time=1.2633168697357178,exit status=0
niter= 417
	prob= 0.23680727771532672
	burn in time= 5.110116243362427
	sample time= 36.199347496032715
	contraction err= 1.9391154953521628e-15 2.473093508721889e-14

Mean energy: -4.48177077e+01
Block size    # of blocks        Mean                Error
     1           10000       -4.48177077e+01       2.506692e-03
     2           5000       -4.48177077e+01       2.513648e-03
     5           2000       -4.48177077e+01       2.522786e-03
    10           1000       -4.48177077e+01       2.514222e-03
    20            500       -4.48177077e+01       2.545748e-03
    50            200       -4.48177077e+01       2.489037e-03
    70            142       -4.48178473e+01       2.420805e-03
   100            100       -4.48177077e+01       2.284712e-03
   200             50       -4.48177077e+01       2.636128e-03
   500             20       -4.48177077e+01       3.618431e-03
0 0.002513648023395912 0.0036184309380320164
Stocahstic error estimate: 2.513648e-03

	predict=-0.009552603277324592,actual=(-0.002713441040228304, 0.0035532739183615825)
	g=0.8301812846277956,del=0.33491094653128295,dot=0.01909950039224092,x=29.091116841877582
	prob= 0.23680727771532672
	burn in time= 5.058905839920044
	sample time= 50.339213848114014
	contraction err= 1.9113392497770057e-15 1.962683766086845e-14

Mean energy: -4.48283412e+01
Block size    # of blocks        Mean                Error
     1           10000       -4.48283412e+01       3.559921e-03
     2           5000       -4.48283412e+01       3.550140e-03
     5           2000       -4.48283412e+01       3.511808e-03
    10           1000       -4.48283412e+01       3.499594e-03
    20            500       -4.48283412e+01       3.347926e-03
    50            200       -4.48283412e+01       3.164530e-03
    70            142       -4.48285333e+01       3.151079e-03
   100            100       -4.48283412e+01       3.215529e-03
   200             50       -4.48283412e+01       3.428821e-03
   500             20       -4.48283412e+01       3.720802e-03
0 0.0035599211135104005 0.0037208021726291085
Stocahstic error estimate: 3.559921e-03

step=121,E=-0.37356950980486064,dE=-0.0001112247010828682,err=2.9666009279253337e-05,gmax=0.14471600100654403
	collect g,Hv time= 0.44141364097595215
niter= 41
	solver time=0.12009072303771973,exit status=0
pure_newton= False
	solver time=3.069105625152588,exit status=0
niter= 474
	prob= 0.19811318247467705
	burn in time= 5.134596347808838
	sample time= 36.16104078292847
	contraction err= 1.89360645551886e-15 1.6909479152177e-14

Mean energy: -4.48588133e+01
Block size    # of blocks        Mean                Error
     1           10000       -4.48588133e+01       2.299028e-03
     2           5000       -4.48588133e+01       2.298251e-03
     5           2000       -4.48588133e+01       2.398768e-03
    10           1000       -4.48588133e+01       2.374919e-03
    20            500       -4.48588133e+01       2.373719e-03
    50            200       -4.48588133e+01       2.383617e-03
    70            142       -4.48587941e+01       2.544612e-03
   100            100       -4.48588133e+01       2.410273e-03
   200             50       -4.48588133e+01       2.834728e-03
   500             20       -4.48588133e+01       4.099462e-03
0 0.0022990283216954882 0.004099462441015227
Stocahstic error estimate: 2.299028e-03

	predict=-0.018049311902662315,actual=(-0.03047215459373831, 0.004237755249937767)
	g=0.9487623337331629,del=0.3216075768007236,dot=0.03609657751129976,x=29.091116841877575
	prob= 0.19811318247467705
	burn in time= 5.126985549926758
	sample time= 50.5115749835968
	contraction err= 1.86884785909111e-15 1.8766616682885182e-14

Mean energy: -4.48409056e+01
Block size    # of blocks        Mean                Error
     1           10000       -4.48409056e+01       2.787509e-03
     2           5000       -4.48409056e+01       2.776423e-03
     5           2000       -4.48409056e+01       2.758974e-03
    10           1000       -4.48409056e+01       2.784472e-03
    20            500       -4.48409056e+01       2.739076e-03
    50            200       -4.48409056e+01       2.780105e-03
    70            142       -4.48413399e+01       2.701409e-03
   100            100       -4.48409056e+01       2.730718e-03
   200             50       -4.48409056e+01       3.002860e-03
   500             20       -4.48409056e+01       3.238327e-03
0 0.002787508663796666 0.003238326839336489
Stocahstic error estimate: 2.787509e-03

step=122,E=-0.3736742135868368,dE=-0.00010470378197613428,err=2.3229238864972216e-05,gmax=0.31087611353003997
	collect g,Hv time= 0.43512892723083496
niter= 42
	solver time=0.11055350303649902,exit status=0
pure_newton= False
	solver time=1.9135892391204834,exit status=0
niter= 343
	prob= 0.15741418144414485
	burn in time= 5.091739892959595
	sample time= 36.249439001083374
	contraction err= 1.9300243252442276e-15 2.4473109850826984e-14

Mean energy: -4.48381091e+01
Block size    # of blocks        Mean                Error
     1           10000       -4.48381091e+01       3.471713e-03
     2           5000       -4.48381091e+01       3.496408e-03
     5           2000       -4.48381091e+01       3.479692e-03
    10           1000       -4.48381091e+01       3.432650e-03
    20            500       -4.48381091e+01       3.434658e-03
    50            200       -4.48381091e+01       3.730543e-03
    70            142       -4.48380892e+01       3.492822e-03
   100            100       -4.48381091e+01       3.540602e-03
   200             50       -4.48381091e+01       4.354482e-03
   500             20       -4.48381091e+01       6.493910e-03
0 0.003496408378615688 0.006493909512832958
Stocahstic error estimate: 3.496408e-03

	predict=-0.011979152260709194,actual=(0.0027965613453488913, 0.004471585412445508)
	g=1.0916061838610642,del=0.34505577790383213,dot=0.07273985987577297,x=29.091116841877582
	prob= 0.1905166722244257
	burn in time= 4.902716875076294
	sample time= 50.53837442398071
	contraction err= 1.8970144922780643e-15 2.2313145581583976e-14

Mean energy: -4.48369804e+01
Block size    # of blocks        Mean                Error
     1           10000       -4.48369804e+01       2.660670e-03
     2           5000       -4.48369804e+01       2.671074e-03
     5           2000       -4.48369804e+01       2.686506e-03
    10           1000       -4.48369804e+01       2.658060e-03
    20            500       -4.48369804e+01       2.653769e-03
    50            200       -4.48369804e+01       2.485624e-03
    70            142       -4.48369798e+01       2.594848e-03
   100            100       -4.48369804e+01       2.424614e-03
   200             50       -4.48369804e+01       2.592390e-03
   500             20       -4.48369804e+01       2.956329e-03
0 0.0026710738831835753 0.002956328649988767
Stocahstic error estimate: 2.671074e-03

step=123,E=-0.37364150341357477,dE=3.271017326203681e-05,err=2.2258949026529792e-05,gmax=0.14341442614465727
	collect g,Hv time= 0.42647767066955566
niter= 40
	solver time=0.1119532585144043,exit status=0
pure_newton= False
	solver time=2.8284506797790527,exit status=0
niter= 358
	prob= 0.1578804835604161
	burn in time= 5.036198616027832
	sample time= 36.29438614845276
	contraction err= 1.8825703582258547e-15 2.0542810248630677e-14

Mean energy: -4.48606998e+01
Block size    # of blocks        Mean                Error
     1           10000       -4.48606998e+01       2.763770e-03
     2           5000       -4.48606998e+01       2.777621e-03
     5           2000       -4.48606998e+01       2.761680e-03
    10           1000       -4.48606998e+01       2.729187e-03
    20            500       -4.48606998e+01       2.617545e-03
    50            200       -4.48606998e+01       2.715479e-03
    70            142       -4.48604075e+01       2.590810e-03
   100            100       -4.48606998e+01       2.519186e-03
   200             50       -4.48606998e+01       2.666518e-03
   500             20       -4.48606998e+01       3.163065e-03
0 0.002777621159050092 0.0031630646369798176
Stocahstic error estimate: 2.777621e-03

	predict=-0.010457286027585822,actual=(-0.023719351991545068, 0.0038535457688508336)
	g=0.8709817805707133,del=0.288888337958616,dot=0.0209092960497305,x=29.09111684187758
	prob= 0.1578804835604161
	burn in time= 5.121537446975708
	sample time= 50.47647786140442
	contraction err= 1.897489751034796e-15 1.7198720437543527e-14

Mean energy: -4.48570409e+01
Block size    # of blocks        Mean                Error
     1           10000       -4.48570409e+01       2.455368e-03
     2           5000       -4.48570409e+01       2.442736e-03
     5           2000       -4.48570409e+01       2.399928e-03
    10           1000       -4.48570409e+01       2.465687e-03
    20            500       -4.48570409e+01       2.438081e-03
    50            200       -4.48570409e+01       2.111800e-03
    70            142       -4.48570163e+01       2.254938e-03
   100            100       -4.48570409e+01       2.062507e-03
   200             50       -4.48570409e+01       2.259689e-03
   500             20       -4.48570409e+01       3.083288e-03
0 0.0024553675609933364 0.0030832882070554544
Stocahstic error estimate: 2.455368e-03

step=124,E=-0.3738086738896299,dE=-0.00016717047605515253,err=2.0461396341611138e-05,gmax=0.2550921377598332
	collect g,Hv time= 0.39597439765930176
niter= 38
	solver time=0.12307429313659668,exit status=0
pure_newton= False
	solver time=2.69289493560791,exit status=0
niter= 369
	prob= 0.1283796326188343
	burn in time= 4.929124593734741
	sample time= 36.10952186584473
	contraction err= 1.88560808605582e-15 1.6976350816909692e-14

Mean energy: -4.48633692e+01
Block size    # of blocks        Mean                Error
     1           10000       -4.48633692e+01       3.049616e-03
     2           5000       -4.48633692e+01       3.070532e-03
     5           2000       -4.48633692e+01       3.091058e-03
    10           1000       -4.48633692e+01       3.103944e-03
    20            500       -4.48633692e+01       3.032979e-03
    50            200       -4.48633692e+01       2.935325e-03
    70            142       -4.48631564e+01       2.572964e-03
   100            100       -4.48633692e+01       2.639767e-03
   200             50       -4.48633692e+01       2.914169e-03
   500             20       -4.48633692e+01       3.900035e-03
0 0.00307053160087345 0.003900035253962344
Stocahstic error estimate: 3.070532e-03

	predict=-0.009172274181874326,actual=(-0.006328318456361615, 0.003931538397566637)
	g=0.9451420336249209,del=0.268079549990547,dot=0.01833847960711683,x=29.09111684187758
	prob= 0.1283796326188343
	burn in time= 5.048555850982666
	sample time= 50.22859573364258
	contraction err= 1.8633929711505698e-15 1.5877640749973928e-14

Mean energy: -4.48890679e+01
Block size    # of blocks        Mean                Error
     1           10000       -4.48890679e+01       2.536037e-03
     2           5000       -4.48890679e+01       2.524838e-03
     5           2000       -4.48890679e+01       2.497782e-03
    10           1000       -4.48890679e+01       2.502416e-03
    20            500       -4.48890679e+01       2.461233e-03
    50            200       -4.48890679e+01       2.575879e-03
    70            142       -4.48892110e+01       2.667462e-03
   100            100       -4.48890679e+01       2.594863e-03
   200             50       -4.48890679e+01       3.147860e-03
   500             20       -4.48890679e+01       4.425754e-03
0 0.002536037273012642 0.004425754471219812
Stocahstic error estimate: 2.536037e-03

step=125,E=-0.37407556580275997,dE=-0.000266891913130074,err=2.113364394177202e-05,gmax=0.175003070992382
	collect g,Hv time= 0.4445509910583496
niter= 40
	solver time=0.12012243270874023,exit status=0
pure_newton= False
	solver time=2.0321714878082275,exit status=0
niter= 281
	prob= 0.10779369665504508
	burn in time= 4.980975866317749
	sample time= 36.15134000778198
	contraction err= 1.874938730287957e-15 5.697924342323547e-14

Mean energy: -4.48711598e+01
Block size    # of blocks        Mean                Error
     1           10000       -4.48711598e+01       3.211298e-03
     2           5000       -4.48711598e+01       3.219178e-03
     5           2000       -4.48711598e+01       3.182381e-03
    10           1000       -4.48711598e+01       3.109640e-03
    20            500       -4.48711598e+01       2.980344e-03
    50            200       -4.48711598e+01       2.839964e-03
    70            142       -4.48713754e+01       2.724972e-03
   100            100       -4.48711598e+01       2.661410e-03
   200             50       -4.48711598e+01       3.103817e-03
   500             20       -4.48711598e+01       4.040755e-03
0 0.0032191777461812216 0.0040407550598733875
Stocahstic error estimate: 3.219178e-03

	predict=-0.008862637391048107,actual=(0.017908058914336777, 0.00409812035104117)
	g=0.8971306165327916,del=0.3900316227140001,dot=0.05072075112259346,x=29.091116841877582
	prob= 0.12334144409585779
	burn in time= 4.988021373748779
	sample time= 50.37268567085266
	contraction err= 1.8886387360280377e-15 5.593789752220995e-14

Mean energy: -4.48795072e+01
Block size    # of blocks        Mean                Error
     1           10000       -4.48795072e+01       2.675337e-03
     2           5000       -4.48795072e+01       2.685270e-03
     5           2000       -4.48795072e+01       2.677389e-03
    10           1000       -4.48795072e+01       2.682538e-03
    20            500       -4.48795072e+01       2.513493e-03
    50            200       -4.48795072e+01       2.615392e-03
    70            142       -4.48796108e+01       2.346557e-03
   100            100       -4.48795072e+01       2.075275e-03
   200             50       -4.48795072e+01       2.134213e-03
   500             20       -4.48795072e+01       1.912961e-03
0 0.002685269644365248 0.0019129606235830643
Stocahstic error estimate: 2.685270e-03

step=126,E=-0.37399589298212377,dE=7.967282063621184e-05,err=2.2377247036377065e-05,gmax=0.3455846613131719
	collect g,Hv time= 0.5198349952697754
niter= 38
	solver time=0.1497032642364502,exit status=0
pure_newton= False
	solver time=2.213071823120117,exit status=0
niter= 347
	prob= 0.10473848885467575
	burn in time= 5.001176118850708
	sample time= 36.15210461616516
	contraction err= 1.863126596880095e-15 1.881124861709544e-14

Mean energy: -4.49009664e+01
Block size    # of blocks        Mean                Error
     1           10000       -4.49009664e+01       2.172112e-03
     2           5000       -4.49009664e+01       2.130444e-03
     5           2000       -4.49009664e+01       2.124529e-03
    10           1000       -4.49009664e+01       2.100234e-03
    20            500       -4.49009664e+01       2.017285e-03
    50            200       -4.49009664e+01       2.097564e-03
    70            142       -4.49008405e+01       2.070510e-03
   100            100       -4.49009664e+01       2.078878e-03
   200             50       -4.49009664e+01       2.530160e-03
   500             20       -4.49009664e+01       3.490217e-03
0 0.002172112484160973 0.0034902174742991103
Stocahstic error estimate: 2.172112e-03

	predict=-0.011524679719795435,actual=(-0.021459247184687058, 0.003453801631072262)
	g=1.1430192557644558,del=0.2009373059576815,dot=0.023045036590909704,x=29.091116841877586
	prob= 0.10473848885467575
	burn in time= 4.922422885894775
	sample time= 50.34068560600281
	contraction err= 1.8866470536904654e-15 3.8759072440398463e-14

Mean energy: -4.48839661e+01
Block size    # of blocks        Mean                Error
     1           10000       -4.48839661e+01       2.518393e-03
     2           5000       -4.48839661e+01       2.509520e-03
     5           2000       -4.48839661e+01       2.502138e-03
    10           1000       -4.48839661e+01       2.473091e-03
    20            500       -4.48839661e+01       2.408552e-03
    50            200       -4.48839661e+01       2.392204e-03
    70            142       -4.48841698e+01       2.349175e-03
   100            100       -4.48839661e+01       2.601617e-03
   200             50       -4.48839661e+01       2.864583e-03
   500             20       -4.48839661e+01       3.955097e-03
0 0.0025183933085076307 0.003955096744683108
Stocahstic error estimate: 2.518393e-03

step=127,E=-0.3740330506632254,dE=-3.7157681101618326e-05,err=2.0986610904230257e-05,gmax=0.26562739371723687
	collect g,Hv time= 0.633284330368042
niter= 39
	solver time=0.114471435546875,exit status=0
pure_newton= False
niter= 364
	solver time=2.7214760780334473,exit status=0
	prob= 0.09268719761864376
	burn in time= 4.9161376953125
	sample time= 36.186381578445435
	contraction err= 1.884501008567524e-15 3.8493557275012744e-14

Mean energy: -4.48915844e+01
Block size    # of blocks        Mean                Error
     1           10000       -4.48915844e+01       2.934801e-03
     2           5000       -4.48915844e+01       2.905089e-03
     5           2000       -4.48915844e+01       2.885006e-03
    10           1000       -4.48915844e+01       2.849083e-03
    20            500       -4.48915844e+01       2.813284e-03
    50            200       -4.48915844e+01       2.788401e-03
    70            142       -4.48914699e+01       2.641942e-03
   100            100       -4.48915844e+01       2.342658e-03
   200             50       -4.48915844e+01       2.714476e-03
   500             20       -4.48915844e+01       3.788610e-03
0 0.002934801212770866 0.0037886095220397167
Stocahstic error estimate: 2.934801e-03

	predict=-0.010388669127596268,actual=(-0.0076183359820873875, 0.003867216442716564)
	g=1.024667296968583,del=0.2092295465530988,dot=0.02077324835108871,x=29.091116841877586
	prob= 0.09268719761864376
	burn in time= 4.974008321762085
	sample time= 50.443573236465454
	contraction err= 1.8474958622231695e-15 2.8893447631506784e-14

Mean energy: -4.48997085e+01
Block size    # of blocks        Mean                Error
     1           10000       -4.48997085e+01       2.753153e-03
     2           5000       -4.48997085e+01       2.731066e-03
     5           2000       -4.48997085e+01       2.670570e-03
    10           1000       -4.48997085e+01       2.591312e-03
    20            500       -4.48997085e+01       2.520385e-03
    50            200       -4.48997085e+01       2.302783e-03
    70            142       -4.48994861e+01       2.342853e-03
   100            100       -4.48997085e+01       2.012886e-03
   200             50       -4.48997085e+01       2.423926e-03
   500             20       -4.48997085e+01       3.048194e-03
0 0.002753153055664417 0.003048194319644231
Stocahstic error estimate: 2.753153e-03

step=128,E=-0.3741642371018167,dE=-0.00013118643859127605,err=2.2942942130536808e-05,gmax=0.13172353737100284
	collect g,Hv time= 0.598191499710083
	solver time=0.0997765064239502,exit status=0
niter= 35
pure_newton= False
niter= 283
	solver time=1.9364962577819824,exit status=0
	prob= 0.07809660285273246
	burn in time= 4.91155219078064
	sample time= 36.129032135009766
	contraction err= 1.8251830759801613e-15 1.5249268796046722e-14

Mean energy: -4.49202649e+01
Block size    # of blocks        Mean                Error
     1           10000       -4.49202649e+01       2.405424e-03
     2           5000       -4.49202649e+01       2.399598e-03
     5           2000       -4.49202649e+01       2.406654e-03
    10           1000       -4.49202649e+01       2.331113e-03
    20            500       -4.49202649e+01       2.308844e-03
    50            200       -4.49202649e+01       2.109495e-03
    70            142       -4.49201992e+01       2.206935e-03
   100            100       -4.49202649e+01       2.181000e-03
   200             50       -4.49202649e+01       2.308732e-03
   500             20       -4.49202649e+01       2.762615e-03
0 0.0024054242780240844 0.002762615326441105
Stocahstic error estimate: 2.405424e-03

	predict=-0.010127507921290368,actual=(-0.02055646114565235, 0.003655942792936181)
	g=0.7797326393528616,del=0.19627514529742277,dot=0.020251237489875323,x=29.09111684187758
	prob= 0.07809660285273246
	burn in time= 5.029644012451172
	sample time= 50.017640590667725
	contraction err= 1.8409875792390525e-15 1.930220128985848e-14

Mean energy: -4.49274168e+01
Block size    # of blocks        Mean                Error
     1           10000       -4.49274168e+01       2.059575e-03
     2           5000       -4.49274168e+01       2.057095e-03
     5           2000       -4.49274168e+01       2.003130e-03
    10           1000       -4.49274168e+01       2.005600e-03
    20            500       -4.49274168e+01       2.021408e-03
    50            200       -4.49274168e+01       2.060772e-03
    70            142       -4.49273853e+01       1.962315e-03
   100            100       -4.49274168e+01       1.770116e-03
   200             50       -4.49274168e+01       2.127073e-03
   500             20       -4.49274168e+01       2.401941e-03
0 0.002059574886993601 0.002401941383029878
Stocahstic error estimate: 2.059575e-03

step=129,E=-0.3743951396590423,dE=-0.0002309025572256355,err=1.716312405828001e-05,gmax=0.09276757191826324
	collect g,Hv time= 0.5670766830444336
niter= 35
	solver time=0.11000180244445801,exit status=0
pure_newton= False
	solver time=1.8772571086883545,exit status=0
niter= 250
	prob= 0.0629241855525097
	burn in time= 5.008213996887207
	sample time= 36.0145742893219
	contraction err= 1.811361407992835e-15 3.554401141948209e-14

Mean energy: -4.49220087e+01
Block size    # of blocks        Mean                Error
     1           10000       -4.49220087e+01       2.460119e-03
     2           5000       -4.49220087e+01       2.460957e-03
     5           2000       -4.49220087e+01       2.514423e-03
    10           1000       -4.49220087e+01       2.492090e-03
    20            500       -4.49220087e+01       2.404938e-03
    50            200       -4.49220087e+01       2.403304e-03
    70            142       -4.49221942e+01       2.249472e-03
   100            100       -4.49220087e+01       2.234079e-03
   200             50       -4.49220087e+01       2.490095e-03
   500             20       -4.49220087e+01       3.279415e-03
0 0.0024609571979341254 0.0032794150214030017
Stocahstic error estimate: 2.460957e-03

	predict=-0.006089147780986289,actual=(0.005408104106798817, 0.0032090744842085683)
	g=0.6370945889484858,del=0.2924436334970825,dot=0.03940722748031576,x=29.091116841877575
	prob= 0.07414407651270696
	burn in time= 4.9627845287323
	sample time= 50.08342456817627
	contraction err= 1.813008454228249e-15 2.604177305435476e-14

Mean energy: -4.49328556e+01
Block size    # of blocks        Mean                Error
     1           10000       -4.49328556e+01       1.988461e-03
     2           5000       -4.49328556e+01       1.980651e-03
     5           2000       -4.49328556e+01       1.962477e-03
    10           1000       -4.49328556e+01       1.939231e-03
    20            500       -4.49328556e+01       1.870705e-03
    50            200       -4.49328556e+01       1.867866e-03
    70            142       -4.49328885e+01       1.779936e-03
   100            100       -4.49328556e+01       1.710948e-03
   200             50       -4.49328556e+01       1.904148e-03
   500             20       -4.49328556e+01       2.664474e-03
0 0.0019884614353655214 0.002664474332659327
Stocahstic error estimate: 1.988461e-03

step=130,E=-0.3744404630266808,dE=-4.532336763851674e-05,err=1.6570511961379346e-05,gmax=0.0996923772194096
	collect g,Hv time= 0.7287371158599854
niter= 34
	solver time=0.08705472946166992,exit status=0
pure_newton= False
niter= 247
	solver time=1.4164419174194336,exit status=0
	prob= 0.06211861756798057
	burn in time= 4.977606773376465
	sample time= 36.0803279876709
	contraction err= 1.7891654853446954e-15 2.2314378092868062e-14

Mean energy: -4.49370206e+01
Block size    # of blocks        Mean                Error
     1           10000       -4.49370206e+01       1.647534e-03
     2           5000       -4.49370206e+01       1.660652e-03
     5           2000       -4.49370206e+01       1.644907e-03
    10           1000       -4.49370206e+01       1.669171e-03
    20            500       -4.49370206e+01       1.663191e-03
    50            200       -4.49370206e+01       1.582594e-03
    70            142       -4.49370196e+01       1.581417e-03
   100            100       -4.49370206e+01       1.468166e-03
   200             50       -4.49370206e+01       1.556315e-03
   500             20       -4.49370206e+01       2.038905e-03
0 0.0016606519245077522 0.002038904980201334
Stocahstic error estimate: 1.660652e-03

	predict=-0.006153021823288746,actual=(-0.004165084317136802, 0.002590703320395296)
	g=0.6449649312769707,del=0.1417931025371896,dot=0.012301257932318978,x=29.091116841877575
	prob= 0.06211861756798057
	burn in time= 4.924323320388794
	sample time= 50.26862907409668
	contraction err= 1.7630846528039862e-15 4.1008539044535096e-14

Mean energy: -4.49436797e+01
Block size    # of blocks        Mean                Error
     1           10000       -4.49436797e+01       1.771021e-03
     2           5000       -4.49436797e+01       1.744880e-03
     5           2000       -4.49436797e+01       1.792211e-03
    10           1000       -4.49436797e+01       1.781667e-03
    20            500       -4.49436797e+01       1.797137e-03
    50            200       -4.49436797e+01       1.681185e-03
    70            142       -4.49437149e+01       1.543245e-03
   100            100       -4.49436797e+01       1.371598e-03
   200             50       -4.49436797e+01       1.529675e-03
   500             20       -4.49436797e+01       1.832824e-03
0 0.0017710212635081582 0.0018328237433825666
Stocahstic error estimate: 1.771021e-03

step=131,E=-0.3745306639877513,dE=-9.02009610705079e-05,err=1.4758510529234652e-05,gmax=0.12422253421728957
	collect g,Hv time= 0.614774227142334
niter= 36
	solver time=0.11787843704223633,exit status=0
pure_newton= False
	solver time=2.1977379322052,exit status=0
niter= 188
	prob= 0.0508153891325605
	burn in time= 4.961899757385254
	sample time= 36.070513010025024
	contraction err= 1.8646612936118963e-15 1.773689444683525e-14

Mean energy: -4.49285151e+01
Block size    # of blocks        Mean                Error
     1           10000       -4.49285151e+01       1.780729e-03
     2           5000       -4.49285151e+01       1.789214e-03
     5           2000       -4.49285151e+01       1.799021e-03
    10           1000       -4.49285151e+01       1.772191e-03
    20            500       -4.49285151e+01       1.786356e-03
    50            200       -4.49285151e+01       1.873528e-03
    70            142       -4.49287514e+01       1.834773e-03
   100            100       -4.49285151e+01       2.058944e-03
   200             50       -4.49285151e+01       2.652686e-03
   500             20       -4.49285151e+01       3.807751e-03
0 0.001789213653173503 0.0038077505504614346
Stocahstic error estimate: 1.789214e-03

	predict=-0.003631480209811666,actual=(0.015164602039597241, 0.002517499118669261)
	g=0.5488049272511222,del=0.186732385712569,dot=0.01898624844707679,x=29.09111684187758
	prob= 0.05891144515580456
	burn in time= 4.950862884521484
	sample time= 50.098912715911865
	contraction err= 1.81073972815128e-15 2.5735660597212628e-14

Mean energy: -4.49264531e+01
Block size    # of blocks        Mean                Error
     1           10000       -4.49264531e+01       2.582234e-03
     2           5000       -4.49264531e+01       2.572286e-03
     5           2000       -4.49264531e+01       2.633600e-03
    10           1000       -4.49264531e+01       2.725195e-03
    20            500       -4.49264531e+01       2.783857e-03
    50            200       -4.49264531e+01       2.950040e-03
    70            142       -4.49262170e+01       3.095078e-03
   100            100       -4.49264531e+01       3.041810e-03
   200             50       -4.49264531e+01       4.036276e-03
   500             20       -4.49264531e+01       6.037499e-03
0 0.002582233512317108 0.00603749928707271
Stocahstic error estimate: 2.582234e-03

step=132,E=-0.3743871093898622,dE=0.0001435545978891284,err=2.1518612602642567e-05,gmax=0.10847251909824251
	collect g,Hv time= 0.5730593204498291
	solver time=0.09228348731994629,exit status=0
niter= 40
pure_newton= False
	solver time=1.5701632499694824,exit status=0
niter= 250
	prob= 0.042696628890953194
	burn in time= 4.876569509506226
	sample time= 36.0707368850708
	contraction err= 1.8026044692998995e-15 2.146641153604032e-14

Mean energy: -4.49422459e+01
Block size    # of blocks        Mean                Error
     1           10000       -4.49422459e+01       1.875349e-03
     2           5000       -4.49422459e+01       1.858289e-03
     5           2000       -4.49422459e+01       1.819971e-03
    10           1000       -4.49422459e+01       1.816435e-03
    20            500       -4.49422459e+01       1.844093e-03
    50            200       -4.49422459e+01       1.867681e-03
    70            142       -4.49423227e+01       1.862239e-03
   100            100       -4.49422459e+01       1.800657e-03
   200             50       -4.49422459e+01       2.230730e-03
   500             20       -4.49422459e+01       3.060842e-03
0 0.0018753490995553686 0.003060841685995082
Stocahstic error estimate: 1.875349e-03

	predict=-0.005042395846450725,actual=(-0.015792745431554067, 0.0031913733967269767)
	g=0.6090957323138245,del=0.1527354107437339,dot=0.010081261909203335,x=29.09111684187758
	prob= 0.042696628890953194
	burn in time= 4.863773822784424
	sample time= 50.01428461074829
	contraction err= 1.7849208243327886e-15 2.7573450720147605e-14

Mean energy: -4.49525581e+01
Block size    # of blocks        Mean                Error
     1           10000       -4.49525581e+01       1.635090e-03
     2           5000       -4.49525581e+01       1.657697e-03
     5           2000       -4.49525581e+01       1.678930e-03
    10           1000       -4.49525581e+01       1.695101e-03
    20            500       -4.49525581e+01       1.758668e-03
    50            200       -4.49525581e+01       1.973094e-03
    70            142       -4.49525297e+01       2.117676e-03
   100            100       -4.49525581e+01       2.306322e-03
   200             50       -4.49525581e+01       3.074169e-03
   500             20       -4.49525581e+01       4.765187e-03
0 0.0016576968245961138 0.0047651870072055
Stocahstic error estimate: 1.657697e-03

step=133,E=-0.3746046510156023,dE=-0.00021754162574012527,err=1.3814140204967614e-05,gmax=0.10627503967427288
	collect g,Hv time= 0.7586448192596436
niter= 33
	solver time=0.11852288246154785,exit status=0
pure_newton= False
niter= 181
	solver time=1.3045313358306885,exit status=0
	prob= 0.032163902728159895
	burn in time= 4.925243616104126
	sample time= 35.92708086967468
	contraction err= 1.7855988630449178e-15 2.1094375685197217e-14

Mean energy: -4.49511752e+01
Block size    # of blocks        Mean                Error
     1           10000       -4.49511752e+01       1.896016e-03
     2           5000       -4.49511752e+01       1.891706e-03
     5           2000       -4.49511752e+01       1.890086e-03
    10           1000       -4.49511752e+01       1.889248e-03
    20            500       -4.49511752e+01       1.876818e-03
    50            200       -4.49511752e+01       1.807572e-03
    70            142       -4.49514066e+01       1.771653e-03
   100            100       -4.49511752e+01       1.786820e-03
   200             50       -4.49511752e+01       1.976560e-03
   500             20       -4.49511752e+01       2.456196e-03
0 0.0018960163840310103 0.002456195627002864
Stocahstic error estimate: 1.896016e-03

	predict=-0.003278320307029318,actual=(0.0013829668578040355, 0.0025184989360311563)
	g=0.4364366187096119,del=0.26276993114185426,dot=0.023505810359516884,x=29.09111684187759
	prob= 0.040023521819099295
	burn in time= 4.952712535858154
	sample time= 49.97518515586853
	contraction err= 1.850463991338997e-15 1.8855882704157206e-14

Mean energy: -4.49440512e+01
Block size    # of blocks        Mean                Error
     1           10000       -4.49440512e+01       1.747881e-03
     2           5000       -4.49440512e+01       1.744500e-03
     5           2000       -4.49440512e+01       1.701414e-03
    10           1000       -4.49440512e+01       1.705605e-03
    20            500       -4.49440512e+01       1.732096e-03
    50            200       -4.49440512e+01       1.609952e-03
    70            142       -4.49440452e+01       1.622166e-03
   100            100       -4.49440512e+01       1.668634e-03
   200             50       -4.49440512e+01       2.120563e-03
   500             20       -4.49440512e+01       3.138495e-03
0 0.0017478808793512572 0.0031384948805784733
Stocahstic error estimate: 1.747881e-03

step=134,E=-0.37453375997388416,dE=7.089104171817221e-05,err=1.456567399459381e-05,gmax=0.10651605675634945
	collect g,Hv time= 0.6875646114349365
niter= 42
	solver time=0.12793874740600586,exit status=0
pure_newton= False
niter= 227
	solver time=1.5174078941345215,exit status=0
	prob= 0.03694581976475813
	burn in time= 4.91523003578186
	sample time= 35.964521408081055
	contraction err= 1.8186616138565603e-15 1.5154553658420806e-14

Mean energy: -4.49377944e+01
Block size    # of blocks        Mean                Error
     1           10000       -4.49377944e+01       2.156190e-03
     2           5000       -4.49377944e+01       2.137662e-03
     5           2000       -4.49377944e+01       2.101164e-03
    10           1000       -4.49377944e+01       2.083387e-03
    20            500       -4.49377944e+01       2.045886e-03
    50            200       -4.49377944e+01       1.911563e-03
    70            142       -4.49378075e+01       1.833178e-03
   100            100       -4.49377944e+01       1.760848e-03
   200             50       -4.49377944e+01       1.930881e-03
   500             20       -4.49377944e+01       2.437984e-03
0 0.002156190322388393 0.0024379838249282662
Stocahstic error estimate: 2.156190e-03

	predict=-0.005688320166855556,actual=(0.006256814978037539, 0.002775652044973052)
	g=0.6183981706273924,del=0.2621651837587873,dot=0.035106194371365286,x=29.091116841877582
	prob= 0.03894952023398382
	burn in time= 4.941632509231567
	sample time= 49.96881937980652
	contraction err= 1.8237413944466216e-15 2.4475852173842788e-14

Mean energy: -4.49329108e+01
Block size    # of blocks        Mean                Error
     1           10000       -4.49329108e+01       2.274099e-03
     2           5000       -4.49329108e+01       2.280710e-03
     5           2000       -4.49329108e+01       2.264911e-03
    10           1000       -4.49329108e+01       2.299437e-03
    20            500       -4.49329108e+01       2.310874e-03
    50            200       -4.49329108e+01       2.288035e-03
    70            142       -4.49328376e+01       2.058540e-03
   100            100       -4.49329108e+01       1.794740e-03
   200             50       -4.49329108e+01       2.036375e-03
   500             20       -4.49329108e+01       2.601636e-03
0 0.00228070976151217 0.002601635723970584
Stocahstic error estimate: 2.280710e-03

step=135,E=-0.374440923707117,dE=9.283626676713416e-05,err=1.9005914679268083e-05,gmax=0.23190203066637816
	collect g,Hv time= 0.7905333042144775
niter= 38
	solver time=0.11908841133117676,exit status=0
pure_newton= False
	solver time=1.5229361057281494,exit status=0
niter= 207
	prob= 0.034738419982621026
	burn in time= 5.04997992515564
	sample time= 36.03755211830139
	contraction err= 1.7783122070482118e-15 2.105101650111654e-14

Mean energy: -4.49531035e+01
Block size    # of blocks        Mean                Error
     1           10000       -4.49531035e+01       1.535626e-03
     2           5000       -4.49531035e+01       1.524798e-03
     5           2000       -4.49531035e+01       1.512818e-03
    10           1000       -4.49531035e+01       1.516181e-03
    20            500       -4.49531035e+01       1.503196e-03
    50            200       -4.49531035e+01       1.456391e-03
    70            142       -4.49529885e+01       1.522844e-03
   100            100       -4.49531035e+01       1.573739e-03
   200             50       -4.49531035e+01       1.826318e-03
   500             20       -4.49531035e+01       2.767295e-03
0 0.0015356262752466527 0.002767295384089281
Stocahstic error estimate: 1.535626e-03

	predict=-0.006242531920988319,actual=(-0.02019266335576475, 0.0027495063326867983)
	g=0.7450744467083904,del=0.12978072818293818,dot=0.012481620566221823,x=29.091116841877575
	prob= 0.034738419982621026
	burn in time= 4.990557432174683
	sample time= 50.15357208251953
	contraction err= 1.7799743362710305e-15 3.0468344013262143e-14

Mean energy: -4.49572959e+01
Block size    # of blocks        Mean                Error
     1           10000       -4.49572959e+01       1.340572e-03
     2           5000       -4.49572959e+01       1.338579e-03
     5           2000       -4.49572959e+01       1.348261e-03
    10           1000       -4.49572959e+01       1.332067e-03
    20            500       -4.49572959e+01       1.322220e-03
    50            200       -4.49572959e+01       1.282055e-03
    70            142       -4.49573278e+01       1.244861e-03
   100            100       -4.49572959e+01       1.306384e-03
   200             50       -4.49572959e+01       1.528956e-03
   500             20       -4.49572959e+01       2.195907e-03
0 0.001340572459638676 0.0021959069029353485
Stocahstic error estimate: 1.340572e-03

step=136,E=-0.3746441325209574,dE=-0.00020320881384036464,err=1.1171437163655633e-05,gmax=0.08477850034319112
	collect g,Hv time= 0.6944789886474609
	solver time=0.10596871376037598,exit status=0
niter= 40
pure_newton= False
	solver time=1.5208935737609863,exit status=0
niter= 219
	prob= 0.033657607248169935
	burn in time= 4.847833633422852
	sample time= 35.97143793106079
	contraction err= 1.8533947470467484e-15 2.287451022057293e-14

Mean energy: -4.49478899e+01
Block size    # of blocks        Mean                Error
     1           10000       -4.49478899e+01       1.716916e-03
     2           5000       -4.49478899e+01       1.703917e-03
     5           2000       -4.49478899e+01       1.680624e-03
    10           1000       -4.49478899e+01       1.630361e-03
    20            500       -4.49478899e+01       1.564920e-03
    50            200       -4.49478899e+01       1.541897e-03
    70            142       -4.49478519e+01       1.442982e-03
   100            100       -4.49478899e+01       1.452369e-03
   200             50       -4.49478899e+01       1.546480e-03
   500             20       -4.49478899e+01       1.866233e-03
0 0.0017169156231086528 0.0018662327818888998
Stocahstic error estimate: 1.716916e-03

	predict=-0.00398961517973928,actual=(0.00940602516175204, 0.0021782868902916032)
	g=0.4693979623378458,del=0.23864785054709087,dot=0.023777402814512436,x=29.09111684187758
	prob= 0.034820671838448884
	burn in time= 4.879417896270752
	sample time= 50.164591550827026
	contraction err= 1.8098911150388377e-15 3.017692479532047e-14

Mean energy: -4.49420745e+01
Block size    # of blocks        Mean                Error
     1           10000       -4.49420745e+01       2.602170e-03
     2           5000       -4.49420745e+01       2.590046e-03
     5           2000       -4.49420745e+01       2.597855e-03
    10           1000       -4.49420745e+01       2.599775e-03
    20            500       -4.49420745e+01       2.507534e-03
    50            200       -4.49420745e+01       2.282502e-03
    70            142       -4.49419403e+01       2.120953e-03
   100            100       -4.49420745e+01       1.936797e-03
   200             50       -4.49420745e+01       2.364233e-03
   500             20       -4.49420745e+01       3.349413e-03
0 0.0026021704136668647 0.0033494128300836632
Stocahstic error estimate: 2.602170e-03

step=137,E=-0.3745172874449888,dE=0.00012684507596857724,err=2.1684753447223873e-05,gmax=0.4511226449436663
	collect g,Hv time= 0.7469618320465088
	solver time=0.12616705894470215,exit status=0
niter= 40
pure_newton= False
	solver time=1.7298638820648193,exit status=0
niter= 219
	prob= 0.031167350752780425
	burn in time= 4.9617695808410645
	sample time= 35.849584341049194
	contraction err= 1.7824058698031544e-15 2.2042787041069105e-14

Mean energy: -4.49481693e+01
Block size    # of blocks        Mean                Error
     1           10000       -4.49481693e+01       2.008310e-03
     2           5000       -4.49481693e+01       2.018239e-03
     5           2000       -4.49481693e+01       2.004023e-03
    10           1000       -4.49481693e+01       1.991882e-03
    20            500       -4.49481693e+01       1.992637e-03
    50            200       -4.49481693e+01       1.955554e-03
    70            142       -4.49481152e+01       1.788672e-03
   100            100       -4.49481693e+01       1.586135e-03
   200             50       -4.49481693e+01       1.874964e-03
   500             20       -4.49481693e+01       2.004097e-03
0 0.002018238516629542 0.002004096573284057
Stocahstic error estimate: 2.018239e-03

	predict=-0.009710951815527084,actual=(-0.0060948312566537766, 0.003293110622461717)
	g=1.0809574513998477,del=0.11093446088863425,dot=0.01941875963078149,x=29.09111684187758
	prob= 0.031167350752780425
	burn in time= 5.136167764663696
	sample time= 49.72300887107849
	contraction err= 1.7510315317553493e-15 1.6992365277629166e-14

Mean energy: -4.49606824e+01
Block size    # of blocks        Mean                Error
     1           10000       -4.49606824e+01       1.462813e-03
     2           5000       -4.49606824e+01       1.451897e-03
     5           2000       -4.49606824e+01       1.457751e-03
    10           1000       -4.49606824e+01       1.463547e-03
    20            500       -4.49606824e+01       1.474002e-03
    50            200       -4.49606824e+01       1.500869e-03
    70            142       -4.49607667e+01       1.568846e-03
   100            100       -4.49606824e+01       1.513325e-03
   200             50       -4.49606824e+01       1.954651e-03
   500             20       -4.49606824e+01       2.788082e-03
0 0.001462812971412764 0.0027880819480671664
Stocahstic error estimate: 1.462813e-03

step=138,E=-0.37467235309724367,dE=-0.0001550656522548858,err=1.2190108095106366e-05,gmax=0.05384258723734092
	collect g,Hv time= 0.8102293014526367
niter= 38
	solver time=0.12160086631774902,exit status=0
pure_newton= False
niter= 143
	solver time=0.9404134750366211,exit status=0
	prob= 0.02375374593602832
	burn in time= 4.981149673461914
	sample time= 35.870925426483154
	contraction err= 1.7760127226616373e-15 2.4928497399383155e-14

Mean energy: -4.49689351e+01
Block size    # of blocks        Mean                Error
     1           10000       -4.49689351e+01       1.019586e-03
     2           5000       -4.49689351e+01       1.014830e-03
     5           2000       -4.49689351e+01       1.001641e-03
    10           1000       -4.49689351e+01       1.009975e-03
    20            500       -4.49689351e+01       9.814156e-04
    50            200       -4.49689351e+01       9.350750e-04
    70            142       -4.49689119e+01       9.206184e-04
   100            100       -4.49689351e+01       8.605436e-04
   200             50       -4.49689351e+01       7.820662e-04
   500             20       -4.49689351e+01       8.458768e-04
0 0.0010195857099262137 0.0008458768463468069
Stocahstic error estimate: 1.019586e-03

	predict=-0.0018503026825878986,actual=(-0.00825268611076524, 0.0017830807074328354)
	g=0.3456223505758661,del=0.06947646582768519,dot=0.003697819474958554,x=29.091116841877575
	prob= 0.02375374593602832
	burn in time= 4.932373762130737
	sample time= 50.07401943206787
	contraction err= 1.7960640024627065e-15 5.787804504900336e-14

Mean energy: -4.49602382e+01
Block size    # of blocks        Mean                Error
     1           10000       -4.49602382e+01       1.462919e-03
     2           5000       -4.49602382e+01       1.457953e-03
     5           2000       -4.49602382e+01       1.461243e-03
    10           1000       -4.49602382e+01       1.435486e-03
    20            500       -4.49602382e+01       1.408305e-03
    50            200       -4.49602382e+01       1.435823e-03
    70            142       -4.49601500e+01       1.463465e-03
   100            100       -4.49602382e+01       1.655252e-03
   200             50       -4.49602382e+01       2.093343e-03
   500             20       -4.49602382e+01       3.156619e-03
0 0.001462919334708399 0.0031566186058007545
Stocahstic error estimate: 1.462919e-03

step=139,E=-0.3746686516454345,dE=3.701451809175656e-06,err=1.2190994455903325e-05,gmax=0.20963528692626454
	collect g,Hv time= 1.0723612308502197
	solver time=0.11271810531616211,exit status=0
niter= 39
pure_newton= False
	solver time=1.8937652111053467,exit status=0
niter= 250
	prob= 0.02317559428268187
	burn in time= 4.895256996154785
	sample time= 35.930859088897705
	contraction err= 1.7832014182190096e-15 2.140114211452601e-14

Mean energy: -4.49656486e+01
Block size    # of blocks        Mean                Error
     1           10000       -4.49656486e+01       1.301930e-03
     2           5000       -4.49656486e+01       1.300023e-03
     5           2000       -4.49656486e+01       1.317986e-03
    10           1000       -4.49656486e+01       1.345263e-03
    20            500       -4.49656486e+01       1.422450e-03
    50            200       -4.49656486e+01       1.726866e-03
    70            142       -4.49655101e+01       1.710662e-03
   100            100       -4.49656486e+01       1.875213e-03
   200             50       -4.49656486e+01       2.397408e-03
   500             20       -4.49656486e+01       3.786649e-03
0 0.001301930127313049 0.003786649448723512
Stocahstic error estimate: 1.301930e-03

	predict=-0.004260025720008437,actual=(-0.005410366000681677, 0.0019583551864432143)
	g=0.6486762864219604,del=0.10434999286213599,dot=0.008517736523920887,x=29.09111684187758
