[[ 0.13293  -0.991125]
 [ 0.756408 -0.6541  ]
 [ 0.561189 -0.827688]
 [ 0.352382 -0.935856]
 [ 0.705194 -0.709015]
 [ 0.758899 -0.651209]
 [ 0.991208 -0.132311]
 [ 0.586377 -0.810038]
 [ 0.680185 -0.733041]
 [ 0.286832 -0.957981]
 [ 0.87339  -0.487022]
 [ 0.956711 -0.29104 ]
 [ 0.625064 -0.780573]
 [ 0.907451 -0.420157]
 [ 0.373361 -0.927686]
 [ 0.917544 -0.397633]
 [ 0.566047 -0.824373]
 [ 0.834136 -0.551558]
 [ 0.54586  -0.837876]
 [ 0.841885 -0.539657]
 [ 0.974559 -0.22413 ]
 [ 0.866735 -0.49877 ]
 [ 0.373079 -0.9278  ]
 [ 0.859334 -0.511416]
 [ 0.530093 -0.847939]
 [ 0.227258 -0.973835]
 [ 0.665188 -0.746676]
 [ 0.856703 -0.515809]
 [ 0.504446 -0.863443]
 [ 0.87735  -0.479851]
 [ 0.949474 -0.313847]
 [ 0.827621 -0.561287]
 [ 0.619601 -0.784917]
 [ 0.490669 -0.871346]
 [ 0.844458 -0.535621]
 [ 0.953317  0.30197 ]
 [ 0.803925 -0.594731]
 [ 0.510845 -0.859673]
 [ 0.821351 -0.570423]
 [ 0.678912 -0.73422 ]
 [ 0.631718 -0.775198]
 [ 0.893084 -0.44989 ]
 [ 0.969098 -0.246674]
 [ 0.915505 -0.402306]
 [ 0.938868 -0.344277]
 [ 0.731939 -0.68137 ]
 [ 0.373217 -0.927744]
 [ 0.339784  0.940504]
 [ 0.956138 -0.292918]
 [ 0.501839 -0.864961]
 [ 0.997674 -0.068171]
 [ 0.670855 -0.741589]
 [ 0.802792 -0.596259]
 [ 0.929945  0.367698]
 [ 0.681924 -0.731423]
 [ 0.605023 -0.796208]
 [ 0.378102 -0.925764]
 [ 0.269085 -0.963116]
 [ 0.603678 -0.797228]
 [ 0.90797  -0.419035]
 [ 0.309214 -0.950992]
 [ 0.693146 -0.720797]
 [ 0.824588 -0.565734]
 [ 0.502444 -0.86461 ]
 [ 0.845266 -0.534345]
 [ 0.656738 -0.754119]
 [ 0.56311  -0.826382]
 [ 0.494551 -0.869149]
 [ 0.66264  -0.748938]
 [ 0.945786 -0.32479 ]
 [ 0.892555 -0.450938]
 [ 0.68371  -0.729754]
 [ 0.538223 -0.842802]
 [ 0.880872 -0.473354]
 [ 0.726957 -0.686683]
 [ 0.625931 -0.779879]
 [ 0.513617 -0.85802 ]
 [ 0.744273 -0.667876]
 [ 0.501507 -0.865153]
 [ 0.676271 -0.736653]
 [ 0.687598 -0.726091]
 [ 0.851826 -0.523825]
 [ 0.820653 -0.571427]
 [ 0.053093 -0.99859 ]
 [ 0.698137 -0.715964]
 [ 0.544381 -0.838838]
 [ 0.489711 -0.871885]
 [ 0.772114 -0.635484]
 [ 0.385982 -0.922506]
 [ 0.787049 -0.616891]
 [ 0.838909 -0.544272]
 [ 0.833262 -0.552879]
 [ 0.986558 -0.16341 ]
 [ 0.319772 -0.947494]
 [ 0.595597 -0.803283]
 [ 0.881994  0.471261]
 [ 0.899387 -0.437154]
 [ 0.372542 -0.928015]
 [ 0.622131 -0.782913]
 [ 0.597593 -0.8018  ]
 [ 0.988075 -0.153974]
 [ 0.879684 -0.475559]
 [ 0.678442 -0.734654]
 [ 0.334751 -0.942307]
 [ 0.748444 -0.663198]
 [ 0.144782 -0.989464]
 [ 0.894487 -0.447094]
 [ 0.86566  -0.500633]
 [ 0.495235 -0.868759]
 [ 0.665616 -0.746295]
 [ 0.552676 -0.833396]
 [ 0.630271 -0.776375]
 [ 0.951485 -0.307695]
 [ 0.905459 -0.424434]
 [ 0.464272 -0.885693]
 [ 0.898038 -0.439917]
 [ 0.729189 -0.684312]
 [ 0.933632 -0.358233]
 [ 0.743509 -0.668726]
 [ 0.325106 -0.945678]
 [ 0.304444 -0.95253 ]
 [ 0.688628 -0.725115]
 [ 0.837884 -0.545849]
 [ 0.358844 -0.933398]
 [ 0.768085 -0.640347]
 [ 0.702374 -0.711808]
 [ 0.2431   -0.970001]
 [ 0.863698 -0.504009]
 [ 0.755163 -0.655537]
 [ 0.536716 -0.843763]
 [ 0.547617 -0.836729]
 [ 0.986955 -0.160997]
 [ 0.818837 -0.574026]
 [ 0.834493 -0.551018]
 [ 0.946687 -0.322153]
 [ 0.678834 -0.734292]
 [ 0.533506 -0.845797]
 [ 0.652436 -0.757844]
 [ 0.592993 -0.805208]
 [ 0.640171 -0.768233]
 [ 0.69078  -0.723065]
 [ 0.571991 -0.82026 ]
 [ 0.923733 -0.383037]
 [ 0.350088 -0.936717]
 [ 0.903     0.429642]
 [ 0.636692 -0.771119]
 [ 0.436622 -0.899645]
 [ 0.998918  0.046507]
 [ 0.48728  -0.873246]
 [ 0.605483 -0.795858]
 [ 0.920899 -0.389802]
 [ 0.78843  -0.615124]
 [ 0.119121 -0.99288 ]
 [ 0.6011   -0.799174]
 [ 0.892089 -0.451859]
 [ 0.772588 -0.634908]
 [ 0.946742 -0.321994]
 [ 0.443961 -0.896046]
 [ 0.60904  -0.79314 ]
 [ 0.366069 -0.930588]]
rgn= False
L= 160
sample size= 20000

nparam= 320
	log prob= -149.88707367402262
	burn in time= 0.4974663257598877
	sample time= 5.630993604660034
	contraction err= 0.0 0.0
nsamples= 20048

Mean energy: -1.22517772e+02
Block size    # of blocks        Mean                Error
     1           20048       -1.22517772e+02       4.903175e-02
     2           10024       -1.22517772e+02       4.917139e-02
     5           4009       -1.22516768e+02       4.948723e-02
    10           2004       -1.22517091e+02       4.999968e-02
    20           1002       -1.22517091e+02       4.907567e-02
    50            400       -1.22517190e+02       4.773213e-02
    70            286       -1.22515797e+02       4.866044e-02
   100            200       -1.22517190e+02       4.710669e-02
   200            100       -1.22517190e+02       4.833844e-02
   500             40       -1.22517190e+02       4.664559e-02
Stocahstic error estimate: 4.917139e-02

step=0,E=-0.7657360743936017,dE=0.0,err=0.0003073211620664072,gmax=1.0427273617796926
	collect g,Hv time= 0.17896175384521484
	solver time=0.0035660266876220703,exit status=0
	g=6.993702741788377,del=6.917614750222128,dot=48.146134070309444,x=12.668012233113979
niter= 5

nparam= 320
	log prob= -135.3097687784806
	burn in time= 0.5000293254852295
	sample time= 5.700310230255127
	contraction err= 0.0 0.0
nsamples= 20048

Mean energy: -1.27142692e+02
Block size    # of blocks        Mean                Error
     1           20048       -1.27142692e+02       4.635759e-02
     2           10024       -1.27142692e+02       4.637712e-02
     5           4009       -1.27142585e+02       4.658464e-02
    10           2004       -1.27142421e+02       4.637359e-02
    20           1002       -1.27142421e+02       4.647579e-02
    50            400       -1.27144662e+02       4.575798e-02
    70            286       -1.27143352e+02       4.708841e-02
   100            200       -1.27144662e+02       4.631445e-02
   200            100       -1.27144662e+02       4.509618e-02
   500             40       -1.27144662e+02       4.443220e-02
Stocahstic error estimate: 4.637712e-02

step=1,E=-0.7946418260695551,dE=-0.02890575167595353,err=0.00028985697705625113,gmax=1.124068039314139
	collect g,Hv time= 0.1779787540435791
	solver time=0.002490520477294922,exit status=0
	g=6.62400897454866,del=6.526900738463123,dot=43.03769725263028,x=12.66593874659506
niter= 5

nparam= 320
	log prob= -126.3495645000429
	burn in time= 0.5038788318634033
	sample time= 5.778842926025391
	contraction err= 0.0 0.0
nsamples= 20048

Mean energy: -1.31194304e+02
Block size    # of blocks        Mean                Error
     1           20048       -1.31194304e+02       4.326670e-02
     2           10024       -1.31194304e+02       4.318325e-02
     5           4009       -1.31194455e+02       4.249936e-02
    10           2004       -1.31194194e+02       4.195775e-02
    20           1002       -1.31194194e+02       4.322985e-02
    50            400       -1.31194572e+02       4.140330e-02
    70            286       -1.31193727e+02       4.379906e-02
   100            200       -1.31194572e+02       4.274292e-02
   200            100       -1.31194572e+02       4.794702e-02
   500             40       -1.31194572e+02       5.316058e-02
Stocahstic error estimate: 4.326670e-02

step=2,E=-0.8199644028943375,dE=-0.025322576824782318,err=0.00027041690601076966,gmax=0.9794989182765477
	collect g,Hv time= 0.1811375617980957
niter= 5
	solver time=0.002380847930908203,exit status=0
	g=6.129391890694237,del=6.14325898880455,dot=37.48948309881554,x=12.664019753223474

nparam= 320
	log prob= -121.01643044326762
	burn in time= 0.5119609832763672
	sample time= 5.872903108596802
	contraction err= 0.0 0.0
nsamples= 20048

Mean energy: -1.34862181e+02
Block size    # of blocks        Mean                Error
     1           20048       -1.34862181e+02       4.099068e-02
     2           10024       -1.34862181e+02       4.094222e-02
     5           4009       -1.34862206e+02       4.067512e-02
    10           2004       -1.34862232e+02       4.003332e-02
    20           1002       -1.34862232e+02       4.088493e-02
    50            400       -1.34863356e+02       3.927608e-02
    70            286       -1.34863241e+02       3.951642e-02
   100            200       -1.34863356e+02       3.821448e-02
   200            100       -1.34863356e+02       4.055329e-02
   500             40       -1.34863356e+02       4.239879e-02
Stocahstic error estimate: 4.099068e-02

step=3,E=-0.8428886309657072,dE=-0.02292422807136969,err=0.00025619174694556347,gmax=1.1574902301870518
	collect g,Hv time= 0.17923974990844727
	solver time=0.002248525619506836,exit status=0
	g=5.855778158522189,del=5.771845230906406,dot=33.649704754893676,x=12.662272385859572
niter= 5

nparam= 320
	log prob= -120.75903525535774
	burn in time= 0.5193238258361816
	sample time= 5.948949098587036
	contraction err= 0.0 0.0
nsamples= 20048

Mean energy: -1.38111904e+02
Block size    # of blocks        Mean                Error
     1           20048       -1.38111904e+02       3.796621e-02
     2           10024       -1.38111904e+02       3.828025e-02
     5           4009       -1.38111876e+02       3.902858e-02
    10           2004       -1.38111260e+02       3.843610e-02
    20           1002       -1.38111260e+02       3.892848e-02
    50            400       -1.38110182e+02       4.112282e-02
    70            286       -1.38111530e+02       4.155375e-02
   100            200       -1.38110182e+02       4.136318e-02
   200            100       -1.38110182e+02       4.314957e-02
   500             40       -1.38110182e+02       3.940341e-02
Stocahstic error estimate: 3.828025e-02

step=4,E=-0.8631993987498113,dE=-0.020310767784104122,err=0.00023925155364331875,gmax=0.8471678262830683
	collect g,Hv time= 0.17786169052124023
	solver time=0.0022614002227783203,exit status=0
	g=5.354858094767649,del=5.4161722427576935,dot=28.86749728166693,x=12.660700976550757
niter= 5

nparam= 320
	log prob= -114.42288978954602
	burn in time= 0.5271189212799072
	sample time= 6.024648189544678
	contraction err= 0.0 0.0
nsamples= 20048

Mean energy: -1.41050863e+02
Block size    # of blocks        Mean                Error
     1           20048       -1.41050863e+02       3.585775e-02
     2           10024       -1.41050863e+02       3.650431e-02
     5           4009       -1.41050874e+02       3.630387e-02
    10           2004       -1.41049794e+02       3.555174e-02
    20           1002       -1.41049794e+02       3.518840e-02
    50            400       -1.41050493e+02       3.507670e-02
    70            286       -1.41048853e+02       3.537499e-02
   100            200       -1.41050493e+02       3.541857e-02
   200            100       -1.41050493e+02       3.485902e-02
   500             40       -1.41050493e+02       3.390647e-02
Stocahstic error estimate: 3.650431e-02

step=5,E=-0.8815678932903485,dE=-0.018368494540537128,err=0.00022815195439755204,gmax=1.0131670627695506
	collect g,Hv time= 0.17945528030395508
	solver time=0.0022482872009277344,exit status=0
	g=5.087311041808915,del=5.07896393266802,dot=25.750087138289857,x=12.65930324884798
niter= 5

nparam= 320
	log prob= -111.35872720116649
	burn in time= 0.5337953567504883
	sample time= 6.084874629974365
	contraction err= 0.0 0.0
nsamples= 20048

Mean energy: -1.43453381e+02
Block size    # of blocks        Mean                Error
     1           20048       -1.43453381e+02       3.301752e-02
     2           10024       -1.43453381e+02       3.517133e-02
     5           4009       -1.43452965e+02       3.816545e-02
    10           2004       -1.43453270e+02       3.968834e-02
    20           1002       -1.43453270e+02       4.089771e-02
    50            400       -1.43454644e+02       3.954044e-02
    70            286       -1.43454729e+02       3.922809e-02
   100            200       -1.43454644e+02       3.841789e-02
   200            100       -1.43454644e+02       3.794218e-02
   500             40       -1.43454644e+02       3.882232e-02
Stocahstic error estimate: 3.968834e-02

step=6,E=-0.8965836296337916,dE=-0.015015736343443109,err=0.0002480521372468514,gmax=0.9618811048700735
	collect g,Hv time= 0.1789693832397461
	solver time=0.0026471614837646484,exit status=0
	g=4.689357661902549,del=4.674933562254572,dot=21.831631343836523,x=12.657746641409561
niter= 6

nparam= 320
	log prob= -109.9573459989708
	burn in time= 0.5333187580108643
	sample time= 6.131701469421387
	contraction err= 0.0 0.0
nsamples= 20048

Mean energy: -1.45552381e+02
Block size    # of blocks        Mean                Error
     1           20048       -1.45552381e+02       3.151136e-02
     2           10024       -1.45552381e+02       3.735998e-02
     5           4009       -1.45552093e+02       4.775079e-02
    10           2004       -1.45551623e+02       5.597968e-02
    20           1002       -1.45551623e+02       6.472834e-02
    50            400       -1.45551189e+02       7.371422e-02
    70            286       -1.45553242e+02       7.590291e-02
   100            200       -1.45551189e+02       8.043284e-02
   200            100       -1.45551189e+02       8.760112e-02
   500             40       -1.45551189e+02       9.403868e-02
Stocahstic error estimate: 7.590291e-02

step=7,E=-0.909702383057893,dE=-0.01311875342410147,err=0.0004743931586655187,gmax=1.965848220706001
	collect g,Hv time= 0.1812267303466797
	solver time=0.0033211708068847656,exit status=0
	g=4.720185658441773,del=4.364784952069352,dot=19.887044572658063,x=12.656639106681322
niter= 7

nparam= 320
	log prob= -109.58270745832961
	burn in time= 0.5313577651977539
	sample time= 6.12419867515564
	contraction err= 0.0 0.0
nsamples= 20048

Mean energy: -1.47372661e+02
Block size    # of blocks        Mean                Error
     1           20048       -1.47372661e+02       2.861048e-02
     2           10024       -1.47372661e+02       3.229244e-02
     5           4009       -1.47372624e+02       3.749984e-02
    10           2004       -1.47372440e+02       4.152315e-02
    20           1002       -1.47372440e+02       4.552059e-02
    50            400       -1.47371313e+02       5.176458e-02
    70            286       -1.47372570e+02       5.350126e-02
   100            200       -1.47371313e+02       5.545615e-02
   200            100       -1.47371313e+02       5.716302e-02
   500             40       -1.47371313e+02       4.914554e-02
Stocahstic error estimate: 5.350126e-02

step=8,E=-0.9210791330130753,dE=-0.011376749955182319,err=0.0003343828658822171,gmax=0.9575968516541167
	collect g,Hv time= 0.17991089820861816
	solver time=0.0026366710662841797,exit status=0
	g=4.052348381743286,del=4.073103274540292,dot=16.392308104612148,x=12.655666782230588
niter= 6

nparam= 320
	log prob= -109.95364773469831
	burn in time= 0.527294397354126
	sample time= 6.064389944076538
	contraction err= 0.0 0.0
nsamples= 20048

Mean energy: -1.49089570e+02
Block size    # of blocks        Mean                Error
     1           20048       -1.49089570e+02       2.685135e-02
     2           10024       -1.49089570e+02       2.802629e-02
     5           4009       -1.49089497e+02       2.961985e-02
    10           2004       -1.49089180e+02       3.101366e-02
    20           1002       -1.49089180e+02       3.474724e-02
    50            400       -1.49089661e+02       4.169675e-02
    70            286       -1.49090162e+02       4.413486e-02
   100            200       -1.49089661e+02       4.579920e-02
   200            100       -1.49089661e+02       5.172286e-02
   500             40       -1.49089661e+02       5.005186e-02
Stocahstic error estimate: 2.802629e-02

step=9,E=-0.9318098132537578,dE=-0.010730680240682489,err=0.0001751642839263599,gmax=0.9792307060189955
	collect g,Hv time= 0.17841362953186035
	solver time=0.002187967300415039,exit status=0
	g=3.8194430989739803,del=3.7998391901648283,dot=14.439197447020202,x=12.65481678171259
niter= 5

nparam= 320
	log prob= -110.8926926661104
	burn in time= 0.5220992565155029
	sample time= 6.029144048690796
	contraction err= 0.0 0.0
nsamples= 20048

Mean energy: -1.50434905e+02
Block size    # of blocks        Mean                Error
     1           20048       -1.50434905e+02       2.712221e-02
     2           10024       -1.50434905e+02       2.729643e-02
     5           4009       -1.50434887e+02       2.784245e-02
    10           2004       -1.50435282e+02       2.832434e-02
    20           1002       -1.50435282e+02       2.787053e-02
    50            400       -1.50435046e+02       2.733420e-02
    70            286       -1.50435621e+02       2.434139e-02
   100            200       -1.50435046e+02       2.600990e-02
   200            100       -1.50435046e+02       2.609073e-02
   500             40       -1.50435046e+02       2.401771e-02
Stocahstic error estimate: 2.729643e-02

step=10,E=-0.9402181591865831,dE=-0.008408345932825334,err=0.00017060266508066624,gmax=2.648880267620404
	collect g,Hv time= 0.18011140823364258
	solver time=0.002465963363647461,exit status=0
	g=4.388660399179837,del=3.6560206138161133,dot=14.732444018291654,x=12.65439310545084
niter= 5

nparam= 320
	log prob= -112.28220295100584
	burn in time= 0.5302388668060303
	sample time= 5.978825569152832
	contraction err= 0.0 0.0
nsamples= 20048

Mean energy: -1.51755492e+02
Block size    # of blocks        Mean                Error
     1           20048       -1.51755492e+02       2.431877e-02
     2           10024       -1.51755492e+02       2.448882e-02
     5           4009       -1.51755740e+02       2.439099e-02
    10           2004       -1.51755551e+02       2.473531e-02
    20           1002       -1.51755551e+02       2.501868e-02
    50            400       -1.51753681e+02       2.666126e-02
    70            286       -1.51754508e+02       2.639038e-02
   100            200       -1.51753681e+02       2.597282e-02
   200            100       -1.51753681e+02       2.546033e-02
   500             40       -1.51753681e+02       2.655962e-02
Stocahstic error estimate: 2.448882e-02

step=11,E=-0.9484718261036426,dE=-0.008253666917059376,err=0.00015305509962340399,gmax=1.0788296723685633
	collect g,Hv time= 0.17968297004699707
	solver time=0.0021452903747558594,exit status=0
	g=3.4697803468503134,del=3.430994768775118,dot=11.84394639190507,x=12.653762968027914
niter= 5

nparam= 320
	log prob= -114.0352995428866
	burn in time= 0.5207433700561523
	sample time= 5.959007501602173
	contraction err= 0.0 0.0
nsamples= 20048

Mean energy: -1.52853626e+02
Block size    # of blocks        Mean                Error
     1           20048       -1.52853626e+02       2.293887e-02
     2           10024       -1.52853626e+02       2.374837e-02
     5           4009       -1.52853642e+02       2.427786e-02
    10           2004       -1.52853745e+02       2.444042e-02
    20           1002       -1.52853745e+02       2.532911e-02
    50            400       -1.52853891e+02       2.682673e-02
    70            286       -1.52854320e+02       2.639481e-02
   100            200       -1.52853891e+02       2.815692e-02
   200            100       -1.52853891e+02       2.941095e-02
   500             40       -1.52853891e+02       2.571392e-02
Stocahstic error estimate: 2.374837e-02

step=12,E=-0.9553351605304388,dE=-0.006863334426796186,err=0.00014842731526261253,gmax=0.9621423479657558
	collect g,Hv time= 0.1795034408569336
	solver time=0.002279520034790039,exit status=0
	g=3.286395236990326,del=3.21900037389309,dot=10.537904992413573,x=12.653205903409065
niter= 5

nparam= 320
	log prob= -116.08103008764735
	burn in time= 0.5143780708312988
	sample time= 5.915415287017822
	contraction err= 0.0 0.0
nsamples= 20048

Mean energy: -1.53858142e+02
Block size    # of blocks        Mean                Error
     1           20048       -1.53858142e+02       2.136520e-02
     2           10024       -1.53858142e+02       2.177200e-02
     5           4009       -1.53858013e+02       2.203437e-02
    10           2004       -1.53857727e+02       2.253115e-02
    20           1002       -1.53857727e+02       2.267048e-02
    50            400       -1.53856018e+02       2.218946e-02
    70            286       -1.53856753e+02       2.269634e-02
   100            200       -1.53856018e+02       2.337337e-02
   200            100       -1.53856018e+02       2.477939e-02
   500             40       -1.53856018e+02       2.565334e-02
Stocahstic error estimate: 2.177200e-02

step=13,E=-0.961613386650843,dE=-0.0062782261204041845,err=0.0001360750015851518,gmax=0.9400800037104489
	collect g,Hv time= 0.17926573753356934
	solver time=0.002247333526611328,exit status=0
niter= 5
	g=3.0406631725118594,del=3.018148478996376,dot=9.1415626400628,x=12.652710863779904

nparam= 320
	log prob= -118.36466621002435
	burn in time= 0.5093779563903809
	sample time= 5.882233381271362
	contraction err= 0.0 0.0
nsamples= 20048

Mean energy: -1.54743722e+02
Block size    # of blocks        Mean                Error
     1           20048       -1.54743722e+02       2.001389e-02
     2           10024       -1.54743722e+02       2.033174e-02
     5           4009       -1.54743744e+02       2.018199e-02
    10           2004       -1.54743637e+02       2.044307e-02
    20           1002       -1.54743637e+02       2.053962e-02
    50            400       -1.54744124e+02       1.980900e-02
    70            286       -1.54743921e+02       1.927198e-02
   100            200       -1.54744124e+02       1.940600e-02
   200            100       -1.54744124e+02       1.806259e-02
   500             40       -1.54744124e+02       1.726697e-02
Stocahstic error estimate: 2.033174e-02

step=14,E=-0.9671482616492671,dE=-0.005534874998424222,err=0.00012707335130007872,gmax=0.9059265215426606
	collect g,Hv time= 0.1795492172241211
	solver time=0.0022225379943847656,exit status=0
	g=2.8490002752431924,del=2.826671373747136,dot=8.021763010951945,x=12.65226859936776
niter= 5

nparam= 320
	log prob= -120.84535269516725
	burn in time= 0.5132870674133301
	sample time= 5.844819784164429
	contraction err= 0.0 0.0
nsamples= 20048

Mean energy: -1.55535127e+02
Block size    # of blocks        Mean                Error
     1           20048       -1.55535127e+02       1.867208e-02
     2           10024       -1.55535127e+02       1.918231e-02
     5           4009       -1.55534831e+02       1.967243e-02
    10           2004       -1.55534494e+02       1.981959e-02
    20           1002       -1.55534494e+02       1.991707e-02
    50            400       -1.55535327e+02       2.023242e-02
    70            286       -1.55534895e+02       2.035819e-02
   100            200       -1.55535327e+02       2.152940e-02
   200            100       -1.55535327e+02       2.223587e-02
   500             40       -1.55535327e+02       2.215135e-02
Stocahstic error estimate: 1.918231e-02

step=15,E=-0.9720945446289793,dE=-0.00494628297971218,err=0.00011988944313014781,gmax=0.890997591500323
	collect g,Hv time= 0.179060697555542
	solver time=0.0021376609802246094,exit status=0
	g=2.65273554315441,del=2.6430934849730465,dot=6.982190566235804,x=12.651871775816668
niter= 5

nparam= 320
	log prob= -123.49392248436186
	burn in time= 0.5129241943359375
	sample time= 5.825596809387207
	contraction err= 0.0 0.0
nsamples= 20048

Mean energy: -1.56220583e+02
Block size    # of blocks        Mean                Error
     1           20048       -1.56220583e+02       1.720209e-02
     2           10024       -1.56220583e+02       1.739191e-02
     5           4009       -1.56220794e+02       1.751085e-02
    10           2004       -1.56221218e+02       1.742700e-02
    20           1002       -1.56221218e+02       1.773598e-02
    50            400       -1.56221627e+02       1.746581e-02
    70            286       -1.56220900e+02       1.661491e-02
   100            200       -1.56221627e+02       1.672282e-02
   200            100       -1.56221627e+02       1.739434e-02
   500             40       -1.56221627e+02       1.883819e-02
Stocahstic error estimate: 1.739191e-02

step=16,E=-0.9763786448244087,dE=-0.004284100195429375,err=0.0001086994150881861,gmax=0.817291714081918
	collect g,Hv time= 0.18087172508239746
	solver time=0.002221345901489258,exit status=0
	g=2.4114699078149746,del=2.4663256986904973,dot=5.925940900024061,x=12.651514835169488
niter= 5

nparam= 320
	log prob= -126.29277803570449
	burn in time= 0.5101161003112793
	sample time= 5.8201398849487305
	contraction err= 0.0 0.0
nsamples= 20048

Mean energy: -1.56793975e+02
Block size    # of blocks        Mean                Error
     1           20048       -1.56793975e+02       1.622267e-02
     2           10024       -1.56793975e+02       1.623688e-02
     5           4009       -1.56793960e+02       1.659016e-02
    10           2004       -1.56793963e+02       1.646543e-02
    20           1002       -1.56793963e+02       1.683476e-02
    50            400       -1.56793492e+02       1.711679e-02
    70            286       -1.56793560e+02       1.709688e-02
   100            200       -1.56793492e+02       1.688626e-02
   200            100       -1.56793492e+02       1.643939e-02
   500             40       -1.56793492e+02       2.067156e-02
Stocahstic error estimate: 1.623688e-02

step=17,E=-0.9799623423674818,dE=-0.00358369754307315,err=0.00010148051092904112,gmax=0.7546997262437429
	collect g,Hv time= 0.17908048629760742
	solver time=0.0024704933166503906,exit status=0
	g=2.304163435183393,del=2.2959164621159265,dot=5.270439251926719,x=12.651194106644912
niter= 5

nparam= 320
	log prob= -129.23620171809023
	burn in time= 0.510596513748169
	sample time= 5.790526866912842
	contraction err= 0.0 0.0
nsamples= 20048

Mean energy: -1.57281505e+02
Block size    # of blocks        Mean                Error
     1           20048       -1.57281505e+02       1.503581e-02
     2           10024       -1.57281505e+02       1.614369e-02
     5           4009       -1.57281514e+02       1.784879e-02
    10           2004       -1.57282140e+02       1.917401e-02
    20           1002       -1.57282140e+02       2.078070e-02
    50            400       -1.57283788e+02       2.108259e-02
    70            286       -1.57282881e+02       2.130059e-02
   100            200       -1.57283788e+02       2.076380e-02
   200            100       -1.57283788e+02       2.092752e-02
   500             40       -1.57283788e+02       1.936511e-02
Stocahstic error estimate: 2.108259e-02

step=18,E=-0.98300940652611,dE=-0.00304706415862821,err=0.00013176618763407393,gmax=0.7333474754677809
	collect g,Hv time= 0.1775953769683838
	solver time=0.0021064281463623047,exit status=0
	g=2.132814761274467,del=2.1314639589526347,dot=4.527470166684963,x=12.650906346427632
niter= 5

nparam= 320
	log prob= -132.33309071723932
	burn in time= 0.5045666694641113
	sample time= 5.780330181121826
	contraction err= 0.0 0.0
nsamples= 20048

Mean energy: -1.57755576e+02
Block size    # of blocks        Mean                Error
     1           20048       -1.57755576e+02       1.379304e-02
     2           10024       -1.57755576e+02       1.376419e-02
     5           4009       -1.57755311e+02       1.389225e-02
    10           2004       -1.57755704e+02       1.397082e-02
    20           1002       -1.57755704e+02       1.375547e-02
    50            400       -1.57756510e+02       1.347676e-02
    70            286       -1.57756222e+02       1.350127e-02
   100            200       -1.57756510e+02       1.303418e-02
   200            100       -1.57756510e+02       1.295260e-02
   500             40       -1.57756510e+02       1.561813e-02
Stocahstic error estimate: 1.379304e-02

step=19,E=-0.9859723509188308,dE=-0.002962944392720779,err=8.620650943535478e-05,gmax=0.7222573290849255
	collect g,Hv time= 0.17901206016540527
niter= 5
	solver time=0.002245187759399414,exit status=0
	g=1.937669952729779,del=1.9730586112717752,dot=3.809903517442173,x=12.650649374748584

nparam= 320
	log prob= -135.61344401982478
	burn in time= 0.505988359451294
	sample time= 5.745670795440674
	contraction err= 0.0 0.0
nsamples= 20048

Mean energy: -1.58122390e+02
Block size    # of blocks        Mean                Error
     1           20048       -1.58122390e+02       1.298479e-02
     2           10024       -1.58122390e+02       1.302319e-02
     5           4009       -1.58122519e+02       1.296652e-02
    10           2004       -1.58122533e+02       1.290651e-02
    20           1002       -1.58122533e+02       1.292821e-02
    50            400       -1.58121836e+02       1.316595e-02
    70            286       -1.58122127e+02       1.366831e-02
   100            200       -1.58121836e+02       1.316927e-02
   200            100       -1.58121836e+02       1.276447e-02
   500             40       -1.58121836e+02       1.459249e-02
Stocahstic error estimate: 1.302319e-02

step=20,E=-0.9882649364747458,dE=-0.002292585555914961,err=8.13949652515522e-05,gmax=0.7271117201438884
	collect g,Hv time= 0.17830634117126465
	solver time=0.002121448516845703,exit status=0
	g=1.8610214449622535,del=1.8211357933112091,dot=3.376605866890266,x=12.650421548540095
niter= 5

nparam= 320
	log prob= -139.14293177383072
	burn in time= 0.5029528141021729
	sample time= 5.73469877243042
	contraction err= 0.0 0.0
nsamples= 20048

Mean energy: -1.58420010e+02
Block size    # of blocks        Mean                Error
     1           20048       -1.58420010e+02       1.194283e-02
     2           10024       -1.58420010e+02       1.190426e-02
     5           4009       -1.58420203e+02       1.204165e-02
    10           2004       -1.58420121e+02       1.212385e-02
    20           1002       -1.58420121e+02       1.203566e-02
    50            400       -1.58420227e+02       1.201759e-02
    70            286       -1.58420079e+02       1.191069e-02
   100            200       -1.58420227e+02       1.202371e-02
   200            100       -1.58420227e+02       1.192881e-02
   500             40       -1.58420227e+02       1.216472e-02
Stocahstic error estimate: 1.194283e-02

step=21,E=-0.9901250611972578,dE=-0.0018601247225120687,err=7.464269292998781e-05,gmax=0.7210671080235045
	collect g,Hv time= 0.17750024795532227
	solver time=0.002324819564819336,exit status=0
	g=1.710728928769824,del=1.6759136527591703,dot=2.856426446819124,x=12.650220822804235
niter= 5

nparam= 320
	log prob= -143.05886797501802
	burn in time= 0.5055851936340332
	sample time= 5.725811004638672
	contraction err= 0.0 0.0
nsamples= 20048

Mean energy: -1.58676869e+02
Block size    # of blocks        Mean                Error
     1           20048       -1.58676869e+02       1.103181e-02
     2           10024       -1.58676869e+02       1.099785e-02
     5           4009       -1.58676868e+02       1.095802e-02
    10           2004       -1.58676944e+02       1.084952e-02
    20           1002       -1.58676944e+02       1.080478e-02
    50            400       -1.58677484e+02       1.124331e-02
    70            286       -1.58677416e+02       1.141005e-02
   100            200       -1.58677484e+02       1.137035e-02
   200            100       -1.58677484e+02       1.171343e-02
   500             40       -1.58677484e+02       1.238663e-02
Stocahstic error estimate: 1.103181e-02

step=22,E=-0.9917304309286677,dE=-0.0016053697314099224,err=6.894881347653523e-05,gmax=0.7068502178945977
	collect g,Hv time= 0.17852544784545898
	solver time=0.0021796226501464844,exit status=0
	g=1.5919125784224168,del=1.5379527911307638,dot=2.437287304933135,x=12.650045572560934
niter= 5

nparam= 320
	log prob= -147.69083643410576
	burn in time= 0.5069808959960938
	sample time= 5.715692758560181
	contraction err= 0.0 0.0
nsamples= 20048

Mean energy: -1.58941850e+02
Block size    # of blocks        Mean                Error
     1           20048       -1.58941850e+02       9.811613e-03
     2           10024       -1.58941850e+02       9.853272e-03
     5           4009       -1.58941888e+02       9.848773e-03
    10           2004       -1.58941808e+02       9.844704e-03
    20           1002       -1.58941808e+02       9.700028e-03
    50            400       -1.58941774e+02       9.713586e-03
    70            286       -1.58941858e+02       9.601361e-03
   100            200       -1.58941774e+02       9.681510e-03
   200            100       -1.58941774e+02       9.426921e-03
   500             40       -1.58941774e+02       9.806578e-03
Stocahstic error estimate: 9.853272e-03

step=23,E=-0.993386565419962,dE=-0.0016561344912942033,err=6.158294783866844e-05,gmax=0.6648767131825153
	collect g,Hv time= 0.17991137504577637
	solver time=0.002201080322265625,exit status=0
	g=1.3761327348256192,del=1.4075624085302478,dot=1.9278772169058294,x=12.649893767116337
niter= 5

nparam= 320
	log prob= -154.2007452257226
	burn in time= 0.49750542640686035
	sample time= 5.701201677322388
	contraction err= 0.0 0.0
nsamples= 20048

Mean energy: -1.59120567e+02
Block size    # of blocks        Mean                Error
     1           20048       -1.59120567e+02       9.147319e-03
     2           10024       -1.59120567e+02       9.089624e-03
     5           4009       -1.59120484e+02       9.073132e-03
    10           2004       -1.59120462e+02       9.204944e-03
    20           1002       -1.59120462e+02       8.943092e-03
    50            400       -1.59120749e+02       9.108147e-03
    70            286       -1.59120905e+02       8.923578e-03
   100            200       -1.59120749e+02       8.768305e-03
   200            100       -1.59120749e+02       9.362253e-03
   500             40       -1.59120749e+02       8.778202e-03
Stocahstic error estimate: 9.147319e-03

step=24,E=-0.9945035448436874,dE=-0.0011169794237254394,err=5.717074295886827e-05,gmax=0.6308557664885512
	collect g,Hv time= 0.1798248291015625
	solver time=0.0025784969329833984,exit status=0
	g=1.3178552605165852,del=1.2851749334742706,dot=1.6756892799299499,x=12.649763505540205
niter= 6

nparam= 320
	log prob= -162.63097146421842
	burn in time= 0.49785280227661133
	sample time= 5.675748586654663
	contraction err= 0.0 0.0
nsamples= 20048

Mean energy: -1.59279571e+02
Block size    # of blocks        Mean                Error
     1           20048       -1.59279571e+02       7.932180e-03
     2           10024       -1.59279571e+02       7.918544e-03
     5           4009       -1.59279632e+02       7.851828e-03
    10           2004       -1.59279745e+02       7.875004e-03
    20           1002       -1.59279745e+02       8.005493e-03
    50            400       -1.59279641e+02       7.573270e-03
    70            286       -1.59279552e+02       8.068717e-03
   100            200       -1.59279641e+02       7.791445e-03
   200            100       -1.59279641e+02       7.419025e-03
   500             40       -1.59279641e+02       8.043891e-03
Stocahstic error estimate: 7.932180e-03

step=25,E=-0.995497319697295,dE=-0.000993774853607654,err=4.957612436252225e-05,gmax=0.6438884134271703
	collect g,Hv time= 0.1789112091064453
	solver time=0.0027778148651123047,exit status=0
	g=1.1991998135424633,del=1.084196497183608,dot=1.260120861005752,x=12.649575282215688
niter= 6

nparam= 320
	log prob= -164.460593993786
	burn in time= 0.4985058307647705
	sample time= 5.660585403442383
	contraction err= 0.0 0.0
nsamples= 20048

Mean energy: -1.59374139e+02
Block size    # of blocks        Mean                Error
     1           20048       -1.59374139e+02       7.230076e-03
     2           10024       -1.59374139e+02       7.247078e-03
     5           4009       -1.59374297e+02       7.217543e-03
    10           2004       -1.59374416e+02       7.194376e-03
    20           1002       -1.59374416e+02       7.111382e-03
    50            400       -1.59375046e+02       7.111423e-03
    70            286       -1.59374666e+02       7.618297e-03
   100            200       -1.59375046e+02       7.719781e-03
   200            100       -1.59375046e+02       7.273710e-03
   500             40       -1.59375046e+02       7.217049e-03
Stocahstic error estimate: 7.247078e-03

step=26,E=-0.99608837045795,dE=-0.0005910507606548876,err=4.529423992089022e-05,gmax=0.5895339117892107
	collect g,Hv time= 0.1784350872039795
	solver time=0.0029687881469726562,exit status=0
	g=1.019563706749221,del=1.0808697046892446,dot=1.0466740736583353,x=12.64957243519192
niter= 7

nparam= 320
	log prob= -158.72237828501744
	burn in time= 0.49753761291503906
	sample time= 5.6577112674713135
	contraction err= 0.0 0.0
nsamples= 20048

Mean energy: -1.59505222e+02
Block size    # of blocks        Mean                Error
     1           20048       -1.59505222e+02       6.912077e-03
     2           10024       -1.59505222e+02       6.945453e-03
     5           4009       -1.59505183e+02       6.833790e-03
    10           2004       -1.59505159e+02       6.915803e-03
    20           1002       -1.59505159e+02       6.841737e-03
    50            400       -1.59504950e+02       6.823101e-03
    70            286       -1.59504945e+02       6.648900e-03
   100            200       -1.59504950e+02       6.883189e-03
   200            100       -1.59504950e+02       6.871804e-03
   500             40       -1.59504950e+02       7.560957e-03
Stocahstic error estimate: 6.945453e-03

step=27,E=-0.9969076389067567,dE=-0.0008192684488067314,err=4.340907830861661e-05,gmax=0.5161622520736913
	collect g,Hv time= 0.17810964584350586
	solver time=0.002734661102294922,exit status=0
	g=0.9818071388761915,del=0.9815692674497088,dot=0.9567660131515763,x=12.649491483149651
niter= 6

nparam= 320
	log prob= -158.52614145035253
	burn in time= 0.49437737464904785
	sample time= 5.641404390335083
	contraction err= 0.0 0.0
nsamples= 20048

Mean energy: -1.59586567e+02
Block size    # of blocks        Mean                Error
     1           20048       -1.59586567e+02       6.384142e-03
     2           10024       -1.59586567e+02       6.339788e-03
     5           4009       -1.59586519e+02       6.362344e-03
    10           2004       -1.59586538e+02       6.362554e-03
    20           1002       -1.59586538e+02       6.385559e-03
    50            400       -1.59586166e+02       6.274619e-03
    70            286       -1.59586061e+02       6.318633e-03
   100            200       -1.59586166e+02       5.982351e-03
   200            100       -1.59586166e+02       5.745183e-03
   500             40       -1.59586166e+02       5.581716e-03
Stocahstic error estimate: 6.384142e-03

step=28,E=-0.9974160457791716,dE=-0.0005084068724150014,err=3.9900886934106346e-05,gmax=0.564946032122922
	collect g,Hv time= 0.17844891548156738
	solver time=0.002399921417236328,exit status=0
	g=0.9262251694554201,del=0.8898490574349822,dot=0.8162287426130161,x=12.649423635622714
niter= 6

nparam= 320
	log prob= -162.48077938699038
	burn in time= 0.49425411224365234
	sample time= 5.638869285583496
	contraction err= 0.0 0.0
nsamples= 20048

Mean energy: -1.59665260e+02
Block size    # of blocks        Mean                Error
     1           20048       -1.59665260e+02       4.766657e-03
     2           10024       -1.59665260e+02       4.727370e-03
     5           4009       -1.59665273e+02       4.676190e-03
    10           2004       -1.59665187e+02       4.662932e-03
    20           1002       -1.59665187e+02       4.745479e-03
    50            400       -1.59665486e+02       4.703616e-03
    70            286       -1.59665423e+02       4.720215e-03
   100            200       -1.59665486e+02       4.768771e-03
   200            100       -1.59665486e+02       4.898190e-03
   500             40       -1.59665486e+02       5.763451e-03
Stocahstic error estimate: 4.766657e-03

step=29,E=-0.9979078740188564,dE=-0.0004918282396847218,err=2.979160513852362e-05,gmax=0.35072292516249703
	collect g,Hv time= 0.17891669273376465
	solver time=0.002252340316772461,exit status=0
	g=0.6737990628390962,del=0.6785054701582263,dot=0.4550168271983216,x=12.649292616456263
niter= 5

nparam= 320
	log prob= -162.4787638168409
	burn in time= 0.492023229598999
	sample time= 5.628077268600464
	contraction err= 0.0 0.0
nsamples= 20048

Mean energy: -1.59705937e+02
Block size    # of blocks        Mean                Error
     1           20048       -1.59705937e+02       5.689673e-03
     2           10024       -1.59705937e+02       5.714598e-03
     5           4009       -1.59705930e+02       5.612005e-03
    10           2004       -1.59705935e+02       5.630335e-03
    20           1002       -1.59705935e+02       5.666459e-03
    50            400       -1.59705899e+02       5.322115e-03
    70            286       -1.59706016e+02       5.208067e-03
   100            200       -1.59705899e+02       5.307940e-03
   200            100       -1.59705899e+02       5.467840e-03
   500             40       -1.59705899e+02       6.029058e-03
Stocahstic error estimate: 5.714598e-03

step=30,E=-0.9981621032599641,dE=-0.00025422924110767297,err=3.5716236282882896e-05,gmax=0.6455118338102261
	collect g,Hv time= 0.17815732955932617
	solver time=0.002607583999633789,exit status=0
	g=0.8847950477275406,del=0.750896323182497,dot=0.6483776306872758,x=12.649333518129625
niter= 6

nparam= 320
	log prob= -159.01776047031808
	burn in time= 0.4924039840698242
	sample time= 5.62767219543457
	contraction err= 0.0 0.0
nsamples= 20048

Mean energy: -1.59764874e+02
Block size    # of blocks        Mean                Error
     1           20048       -1.59764874e+02       4.773304e-03
     2           10024       -1.59764874e+02       4.774483e-03
     5           4009       -1.59764823e+02       4.761358e-03
    10           2004       -1.59764884e+02       4.733294e-03
    20           1002       -1.59764884e+02       4.753130e-03
    50            400       -1.59764939e+02       4.718571e-03
    70            286       -1.59764881e+02       4.723265e-03
   100            200       -1.59764939e+02       4.903080e-03
   200            100       -1.59764939e+02       5.042667e-03
   500             40       -1.59764939e+02       5.548713e-03
Stocahstic error estimate: 4.774483e-03

step=31,E=-0.9985304639837327,dE=-0.0003683607237686459,err=2.9840519886503617e-05,gmax=0.3632484569135066
	collect g,Hv time= 0.1787276268005371
	solver time=0.0023262500762939453,exit status=0
	g=0.6753999563872961,del=0.6791039460027662,dot=0.4562929689694793,x=12.649292937618771
niter= 5

nparam= 320
	log prob= -158.05671251330824
	burn in time= 0.49817395210266113
	sample time= 5.628587245941162
	contraction err= 0.0 0.0
nsamples= 20048

Mean energy: -1.59809216e+02
Block size    # of blocks        Mean                Error
     1           20048       -1.59809216e+02       4.366073e-03
     2           10024       -1.59809216e+02       4.377694e-03
     5           4009       -1.59809183e+02       4.381513e-03
    10           2004       -1.59809222e+02       4.409761e-03
    20           1002       -1.59809222e+02       4.331588e-03
    50            400       -1.59808854e+02       4.365066e-03
    70            286       -1.59809113e+02       4.502881e-03
   100            200       -1.59808854e+02       4.478931e-03
   200            100       -1.59808854e+02       4.417647e-03
   500             40       -1.59808854e+02       4.867588e-03
Stocahstic error estimate: 4.377694e-03

step=32,E=-0.9988076006877366,dE=-0.00027713670400384414,err=2.736058664686688e-05,gmax=0.37440276977444675
	collect g,Hv time= 0.17910242080688477
	solver time=0.002146482467651367,exit status=0
	g=0.62471160761854,del=0.6137067249144934,dot=0.38176009277827894,x=12.649259518225927
niter= 5

nparam= 320
	log prob= -157.92978543472793
	burn in time= 0.49523138999938965
	sample time= 5.631032705307007
	contraction err= 0.0 0.0
nsamples= 20048

Mean energy: -1.59846430e+02
Block size    # of blocks        Mean                Error
     1           20048       -1.59846430e+02       3.902426e-03
     2           10024       -1.59846430e+02       3.921422e-03
     5           4009       -1.59846420e+02       3.869615e-03
    10           2004       -1.59846455e+02       3.865468e-03
    20           1002       -1.59846455e+02       3.918890e-03
    50            400       -1.59846381e+02       4.003596e-03
    70            286       -1.59846361e+02       3.983064e-03
   100            200       -1.59846381e+02       3.930546e-03
   200            100       -1.59846381e+02       3.766808e-03
   500             40       -1.59846381e+02       4.097954e-03
Stocahstic error estimate: 3.921422e-03

step=33,E=-0.99904019029094,dE=-0.00023258960320351462,err=2.4508890111540888e-05,gmax=0.31994719138070593
	collect g,Hv time= 0.1774134635925293
	solver time=0.002547025680541992,exit status=0
	g=0.5531044535053604,del=0.5541790959312582,dot=0.3049715543393853,x=12.649232037744497
niter= 6

nparam= 320
	log prob= -158.23471479372995
	burn in time= 0.49507761001586914
	sample time= 5.618612051010132
	contraction err= 0.0 0.0
nsamples= 20048

Mean energy: -1.59874743e+02
Block size    # of blocks        Mean                Error
     1           20048       -1.59874743e+02       3.560397e-03
     2           10024       -1.59874743e+02       3.554692e-03
     5           4009       -1.59874728e+02       3.495499e-03
    10           2004       -1.59874752e+02       3.499904e-03
    20           1002       -1.59874752e+02       3.429362e-03
    50            400       -1.59874732e+02       3.648086e-03
    70            286       -1.59874685e+02       3.537695e-03
   100            200       -1.59874732e+02       3.632207e-03
   200            100       -1.59874732e+02       3.862950e-03
   500             40       -1.59874732e+02       3.630342e-03
Stocahstic error estimate: 3.560397e-03

step=34,E=-0.999217144921567,dE=-0.0001769546306269021,err=2.2252482358423108e-05,gmax=0.29979665068457706
	collect g,Hv time= 0.17933034896850586
	solver time=0.016682863235473633,exit status=0
	g=0.5096902390868194,del=0.5001785552712426,dot=0.25386775222512875,x=12.649209532056373
niter= 5

nparam= 320
	log prob= -158.93010001642153
	burn in time= 0.4976806640625
	sample time= 5.615310430526733
	contraction err= 0.0 0.0
nsamples= 20048

Mean energy: -1.59900844e+02
Block size    # of blocks        Mean                Error
     1           20048       -1.59900844e+02       3.229244e-03
     2           10024       -1.59900844e+02       3.209554e-03
     5           4009       -1.59900849e+02       3.223513e-03
    10           2004       -1.59900911e+02       3.275874e-03
    20           1002       -1.59900911e+02       3.351742e-03
    50            400       -1.59901180e+02       3.284664e-03
    70            286       -1.59901051e+02       3.190719e-03
   100            200       -1.59901180e+02       3.246897e-03
   200            100       -1.59901180e+02       2.970467e-03
   500             40       -1.59901180e+02       3.017938e-03
Stocahstic error estimate: 3.229244e-03

step=35,E=-0.9993802731763113,dE=-0.0001631282547442936,err=2.0182776848376393e-05,gmax=0.2847275737052719
	collect g,Hv time= 0.17843389511108398
	solver time=0.0022661685943603516,exit status=0
	g=0.46546209626781726,del=0.4511996597382057,dot=0.20884264100973898,x=12.649191112926092
niter= 5

nparam= 320
	log prob= -160.25645684442043
	burn in time= 0.4898386001586914
	sample time= 5.611913681030273
	contraction err= 0.0 0.0
nsamples= 20048

Mean energy: -1.59917664e+02
Block size    # of blocks        Mean                Error
     1           20048       -1.59917664e+02       2.942474e-03
     2           10024       -1.59917664e+02       2.958027e-03
     5           4009       -1.59917681e+02       2.932907e-03
    10           2004       -1.59917688e+02       2.953777e-03
    20           1002       -1.59917688e+02       2.908402e-03
    50            400       -1.59917690e+02       2.902164e-03
    70            286       -1.59917816e+02       2.953528e-03
   100            200       -1.59917690e+02       3.056561e-03
   200            100       -1.59917690e+02       3.235760e-03
   500             40       -1.59917690e+02       3.601483e-03
Stocahstic error estimate: 2.958027e-03

step=36,E=-0.9994854006804326,dE=-0.00010512750412132732,err=1.8487667077854267e-05,gmax=0.23537032330946062
	collect g,Hv time= 0.17963433265686035
	solver time=0.0026412010192871094,exit status=0
	g=0.44278190480496094,del=0.40684186061606314,dot=0.17339858298538358,x=12.649176068147383
niter= 6

nparam= 320
	log prob= -165.80417285282866
	burn in time= 0.4947323799133301
	sample time= 5.616656541824341
	contraction err= 0.0 0.0
nsamples= 20048

Mean energy: -1.59929984e+02
Block size    # of blocks        Mean                Error
     1           20048       -1.59929984e+02       2.546604e-03
     2           10024       -1.59929984e+02       2.534797e-03
     5           4009       -1.59929936e+02       2.559692e-03
    10           2004       -1.59929946e+02       2.595963e-03
    20           1002       -1.59929946e+02       2.605509e-03
    50            400       -1.59929834e+02       2.621538e-03
    70            286       -1.59929871e+02       2.567307e-03
   100            200       -1.59929834e+02       2.586776e-03
   200            100       -1.59929834e+02       2.607998e-03
   500             40       -1.59929834e+02       3.008795e-03
Stocahstic error estimate: 2.546604e-03

step=37,E=-0.9995624010576794,dE=-7.70003772467831e-05,err=1.5916274790684424e-05,gmax=0.20092063633901347
	collect g,Hv time= 0.1807422637939453
	solver time=0.002306699752807617,exit status=0
	g=0.35846705796793044,del=0.3637170429975358,dot=0.12987267203873876,x=12.64916293281402
niter= 5

nparam= 320
	log prob= -165.80980998328343
	burn in time= 0.492020845413208
	sample time= 5.609940528869629
	contraction err= 0.0 0.0
nsamples= 20048

Mean energy: -1.59942810e+02
Block size    # of blocks        Mean                Error
     1           20048       -1.59942810e+02       2.315989e-03
     2           10024       -1.59942810e+02       2.315145e-03
     5           4009       -1.59942849e+02       2.332219e-03
    10           2004       -1.59942869e+02       2.365077e-03
    20           1002       -1.59942869e+02       2.314114e-03
    50            400       -1.59942903e+02       2.305518e-03
    70            286       -1.59942878e+02       2.230767e-03
   100            200       -1.59942903e+02       2.364452e-03
   200            100       -1.59942903e+02       2.288841e-03
   500             40       -1.59942903e+02       2.116987e-03
Stocahstic error estimate: 2.315989e-03

step=38,E=-0.9996425641362862,dE=-8.016307860678751e-05,err=1.4474928283981053e-05,gmax=0.18702574748215994
	collect g,Hv time= 0.17923426628112793
	solver time=0.0021131038665771484,exit status=0
	g=0.3290360798444389,del=0.32778121727129667,dot=0.10741788448499415,x=12.649153110199142
niter= 5

nparam= 320
	log prob= -165.84301400677325
	burn in time= 0.493074893951416
	sample time= 5.629979372024536
	contraction err= 0.0 0.0
nsamples= 20048

Mean energy: -1.59952557e+02
Block size    # of blocks        Mean                Error
     1           20048       -1.59952557e+02       2.082867e-03
     2           10024       -1.59952557e+02       2.086000e-03
     5           4009       -1.59952493e+02       2.110561e-03
    10           2004       -1.59952505e+02       2.090214e-03
    20           1002       -1.59952505e+02       2.094855e-03
    50            400       -1.59952621e+02       2.115284e-03
    70            286       -1.59952588e+02       2.069740e-03
   100            200       -1.59952621e+02       2.159053e-03
   200            100       -1.59952621e+02       1.878952e-03
   500             40       -1.59952621e+02       2.037526e-03
Stocahstic error estimate: 2.086000e-03

step=39,E=-0.9997034818054515,dE=-6.091766916540564e-05,err=1.303750007231731e-05,gmax=0.165166285941325
	collect g,Hv time= 0.17843914031982422
	solver time=0.0022199153900146484,exit status=0
	g=0.29543417390742427,del=0.2953229352910275,dot=0.08688138288555507,x=12.64914511563389
niter= 5

nparam= 320
	log prob= -165.89400295651325
	burn in time= 0.48988842964172363
	sample time= 5.62459659576416
	contraction err= 0.0 0.0
nsamples= 20048

Mean energy: -1.59961621e+02
Block size    # of blocks        Mean                Error
     1           20048       -1.59961621e+02       1.867191e-03
     2           10024       -1.59961621e+02       1.870006e-03
     5           4009       -1.59961610e+02       1.862303e-03
    10           2004       -1.59961642e+02       1.821275e-03
    20           1002       -1.59961642e+02       1.838674e-03
    50            400       -1.59961710e+02       1.899517e-03
    70            286       -1.59961594e+02       1.903490e-03
   100            200       -1.59961710e+02       1.865655e-03
   200            100       -1.59961710e+02       1.984790e-03
   500             40       -1.59961710e+02       1.785499e-03
Stocahstic error estimate: 1.870006e-03

step=40,E=-0.999760129787435,dE=-5.664798198345977e-05,err=1.1687535833485033e-05,gmax=0.1455266006761491
	collect g,Hv time= 0.17873311042785645
	solver time=0.0021860599517822266,exit status=0
	g=0.26333053813599516,del=0.26602685789981206,dot=0.06981922658846551,x=12.649138615055307
niter= 5

nparam= 320
	log prob= -165.95595572718443
	burn in time= 0.4958775043487549
	sample time= 5.61708664894104
	contraction err= 0.0 0.0
nsamples= 20048

Mean energy: -1.59970858e+02
Block size    # of blocks        Mean                Error
     1           20048       -1.59970858e+02       1.714044e-03
     2           10024       -1.59970858e+02       1.725898e-03
     5           4009       -1.59970870e+02       1.728500e-03
    10           2004       -1.59970861e+02       1.700832e-03
    20           1002       -1.59970861e+02       1.689631e-03
    50            400       -1.59970797e+02       1.715418e-03
    70            286       -1.59970813e+02       1.659609e-03
   100            200       -1.59970797e+02       1.744661e-03
   200            100       -1.59970797e+02       1.581578e-03
   500             40       -1.59970797e+02       1.898213e-03
Stocahstic error estimate: 1.725898e-03

step=41,E=-0.9998178626587435,dE=-5.7732871308502354e-05,err=1.07868640130659e-05,gmax=0.1391223963324748
	collect g,Hv time= 0.17824864387512207
	solver time=0.002282381057739258,exit status=0
	g=0.24650908225711896,del=0.23961287819580293,dot=0.05883777842050185,x=12.649133335660784
niter= 5

nparam= 320
	log prob= -166.02413343609584
	burn in time= 0.49613070487976074
	sample time= 5.626019239425659
	contraction err= 0.0 0.0
nsamples= 20048

Mean energy: -1.59976043e+02
Block size    # of blocks        Mean                Error
     1           20048       -1.59976043e+02       1.532861e-03
     2           10024       -1.59976043e+02       1.535927e-03
     5           4009       -1.59976056e+02       1.515090e-03
    10           2004       -1.59976071e+02       1.504258e-03
    20           1002       -1.59976071e+02       1.556779e-03
    50            400       -1.59975878e+02       1.535233e-03
    70            286       -1.59976043e+02       1.523905e-03
   100            200       -1.59975878e+02       1.638541e-03
   200            100       -1.59975878e+02       1.599999e-03
   500             40       -1.59975878e+02       1.566212e-03
Stocahstic error estimate: 1.535927e-03

step=42,E=-0.9998502716960174,dE=-3.240903727377287e-05,err=9.599540727136729e-06,gmax=0.12359325430511348
	collect g,Hv time= 0.177490234375
	solver time=0.004036664962768555,exit status=0
	g=0.2189011494734817,del=0.2157871581856144,dot=0.04705632101132087,x=12.64912904673583
niter= 5

nparam= 320
	log prob= -166.09515927000467
	burn in time= 0.5035266876220703
	sample time= 5.6281116008758545
	contraction err= 0.0 0.0
nsamples= 20048

Mean energy: -1.59976463e+02
Block size    # of blocks        Mean                Error
     1           20048       -1.59976463e+02       1.375259e-03
     2           10024       -1.59976463e+02       1.374148e-03
     5           4009       -1.59976487e+02       1.359897e-03
    10           2004       -1.59976495e+02       1.401466e-03
    20           1002       -1.59976495e+02       1.408749e-03
    50            400       -1.59976492e+02       1.374952e-03
    70            286       -1.59976506e+02       1.461652e-03
   100            200       -1.59976492e+02       1.397093e-03
   200            100       -1.59976492e+02       1.347060e-03
   500             40       -1.59976492e+02       1.321269e-03
Stocahstic error estimate: 1.375259e-03

step=43,E=-0.9998528923413437,dE=-2.620645326345539e-06,err=8.595366912860608e-06,gmax=0.10923495687475793
	collect g,Hv time= 0.17912697792053223
	solver time=0.002187013626098633,exit status=0
	g=0.19568191974717686,del=0.19430726741281404,dot=0.03787664644685827,x=12.649125564763422
niter= 5

nparam= 320
	log prob= -166.16668710015887
	burn in time= 0.49559450149536133
	sample time= 5.622692823410034
	contraction err= 0.0 0.0
nsamples= 20048

Mean energy: -1.59983130e+02
Block size    # of blocks        Mean                Error
     1           20048       -1.59983130e+02       1.238703e-03
     2           10024       -1.59983130e+02       1.241510e-03
     5           4009       -1.59983110e+02       1.263154e-03
    10           2004       -1.59983105e+02       1.265371e-03
    20           1002       -1.59983105e+02       1.276416e-03
    50            400       -1.59982985e+02       1.245413e-03
    70            286       -1.59983042e+02       1.254065e-03
   100            200       -1.59982985e+02       1.250721e-03
   200            100       -1.59982985e+02       1.357754e-03
   500             40       -1.59982985e+02       1.375023e-03
Stocahstic error estimate: 1.241510e-03

step=44,E=-0.9998945643585936,dE=-4.167201724989411e-05,err=7.759434408575123e-06,gmax=0.1006783534334943
	collect g,Hv time= 0.1782982349395752
	solver time=0.002184629440307617,exit status=0
	g=0.17654193880767852,del=0.1749574490134574,dot=0.030728572633547165,x=12.649122740375654
niter= 5

nparam= 320
	log prob= -166.23706653933496
	burn in time= 0.4931032657623291
	sample time= 5.625489234924316
	contraction err= 0.0 0.0
nsamples= 20048

Mean energy: -1.59985866e+02
Block size    # of blocks        Mean                Error
     1           20048       -1.59985866e+02       1.111610e-03
     2           10024       -1.59985866e+02       1.108685e-03
     5           4009       -1.59985852e+02       1.100406e-03
    10           2004       -1.59985861e+02       1.096773e-03
    20           1002       -1.59985861e+02       1.095640e-03
    50            400       -1.59985815e+02       1.148526e-03
    70            286       -1.59985830e+02       1.127246e-03
   100            200       -1.59985815e+02       1.124490e-03
   200            100       -1.59985815e+02       1.129993e-03
   500             40       -1.59985815e+02       8.937681e-04
Stocahstic error estimate: 1.111610e-03

step=45,E=-0.9999116638034694,dE=-1.7099444875867675e-05,err=6.947564936932945e-06,gmax=0.08934391984151091
	collect g,Hv time= 0.1781611442565918
	solver time=0.0025055408477783203,exit status=0
	g=0.15796707434213028,del=0.15751653343478428,dot=0.024745528690746633,x=12.649120448259982
niter= 6

nparam= 320
	log prob= -166.30517411529985
	burn in time= 0.4899914264678955
	sample time= 5.621545076370239
	contraction err= 0.0 0.0
nsamples= 20048

Mean energy: -1.59989562e+02
Block size    # of blocks        Mean                Error
     1           20048       -1.59989562e+02       1.005741e-03
     2           10024       -1.59989562e+02       1.002699e-03
     5           4009       -1.59989560e+02       1.014131e-03
    10           2004       -1.59989545e+02       1.014844e-03
    20           1002       -1.59989545e+02       1.030809e-03
    50            400       -1.59989576e+02       9.737430e-04
    70            286       -1.59989600e+02       9.712529e-04
   100            200       -1.59989576e+02       9.567240e-04
   200            100       -1.59989576e+02       9.209128e-04
   500             40       -1.59989576e+02       9.290882e-04
Stocahstic error estimate: 1.005741e-03

step=46,E=-0.9999347634936884,dE=-2.309969021894176e-05,err=6.285878637633124e-06,gmax=0.08150526300246241
	collect g,Hv time= 0.17904949188232422
	solver time=0.0021300315856933594,exit status=0
niter= 5
	g=0.14334937298848036,del=0.1418186263629834,dot=0.02025717837904093,x=12.649118590843592

nparam= 320
	log prob= -166.3702924121116
	burn in time= 0.49451279640197754
	sample time= 5.629774332046509
	contraction err= 0.0 0.0
nsamples= 20048

Mean energy: -1.59990354e+02
Block size    # of blocks        Mean                Error
     1           20048       -1.59990354e+02       9.018220e-04
     2           10024       -1.59990354e+02       9.083362e-04
     5           4009       -1.59990349e+02       9.066639e-04
    10           2004       -1.59990362e+02       9.034397e-04
    20           1002       -1.59990362e+02       9.127947e-04
    50            400       -1.59990379e+02       8.873270e-04
    70            286       -1.59990339e+02       8.895356e-04
   100            200       -1.59990379e+02       8.736892e-04
   200            100       -1.59990379e+02       8.698142e-04
   500             40       -1.59990379e+02       9.288579e-04
Stocahstic error estimate: 9.083362e-04

step=47,E=-0.9999397142605131,dE=-4.950766824762809e-06,err=5.6771014486129965e-06,gmax=0.07155191707271058
	collect g,Hv time= 0.18125534057617188
	solver time=0.002258777618408203,exit status=0
	g=0.12810146259145386,del=0.1276736031376142,dot=0.016287261373710532,x=12.649117084029774
niter= 5

nparam= 320
	log prob= -166.43193565551897
	burn in time= 0.48852992057800293
	sample time= 5.613938093185425
	contraction err= 0.0 0.0
nsamples= 20048

Mean energy: -1.59994874e+02
Block size    # of blocks        Mean                Error
     1           20048       -1.59994874e+02       8.130034e-04
     2           10024       -1.59994874e+02       8.089766e-04
     5           4009       -1.59994868e+02       7.940110e-04
    10           2004       -1.59994865e+02       7.885005e-04
    20           1002       -1.59994865e+02       7.990560e-04
    50            400       -1.59994900e+02       7.911753e-04
    70            286       -1.59994881e+02       8.289967e-04
   100            200       -1.59994900e+02       8.227910e-04
   200            100       -1.59994900e+02       7.984706e-04
   500             40       -1.59994900e+02       7.899696e-04
Stocahstic error estimate: 8.130034e-04

step=48,E=-0.9999679645448977,dE=-2.825028438451227e-05,err=5.081271127122955e-06,gmax=0.06534182554696599
	collect g,Hv time= 0.17963504791259766
	solver time=0.00215911865234375,exit status=0
	g=0.11560645316633594,del=0.11494080670211403,dot=0.013237616295215634,x=12.649115862932716
niter= 5

nparam= 320
	log prob= -166.4898648032394
	burn in time= 0.49544405937194824
	sample time= 5.624904155731201
	contraction err= 0.0 0.0
nsamples= 20048

Mean energy: -1.59992523e+02
Block size    # of blocks        Mean                Error
     1           20048       -1.59992523e+02       7.309014e-04
     2           10024       -1.59992523e+02       7.381788e-04
     5           4009       -1.59992526e+02       7.188981e-04
    10           2004       -1.59992555e+02       7.295589e-04
    20           1002       -1.59992555e+02       7.355402e-04
    50            400       -1.59992631e+02       7.637039e-04
    70            286       -1.59992597e+02       7.252170e-04
   100            200       -1.59992631e+02       7.668930e-04
   200            100       -1.59992631e+02       7.754497e-04
   500             40       -1.59992631e+02       8.216003e-04
Stocahstic error estimate: 7.381788e-04

step=49,E=-0.9999532678724383,dE=1.469667245928008e-05,err=4.613617790270288e-06,gmax=0.05608988988122121
	collect g,Hv time= 0.17933130264282227
	solver time=0.0022852420806884766,exit status=0
	g=0.10381102442006714,del=0.10346475573286283,dot=0.010698454719860438,x=12.649114872178163
niter= 5
[0m[0m[0m[0m[0m[0m[0m[0m[0m[0m[0m[0m[0m[0m[[ 0.990011 -0.140993]
 [ 0.654668 -0.755916]
 [ 0.826568 -0.562838]
 [ 0.934172 -0.356823]
 [ 0.708994 -0.705214]
 [ 0.65181  -0.758383]
 [ 0.140386 -0.990097]
 [ 0.809062 -0.587723]
 [ 0.732777 -0.680469]
 [ 0.956337 -0.292267]
 [ 0.489603 -0.871945]
 [ 0.296408 -0.955061]
 [ 0.779856 -0.625959]
 [ 0.423634 -0.905833]
 [ 0.926011 -0.377497]
 [ 0.401424 -0.915892]
 [ 0.823279 -0.567636]
 [ 0.553325 -0.832966]
 [ 0.836677 -0.547697]
 [ 0.54157  -0.840656]
 [ 0.230579 -0.973054]
 [ 0.501198 -0.865333]
 [ 0.926124 -0.37722 ]
 [ 0.513683 -0.85798 ]
 [ 0.846666 -0.532125]
 [ 0.972319 -0.233655]
 [ 0.746277 -0.665635]
 [ 0.518022 -0.855367]
 [ 0.862061 -0.506804]
 [ 0.482525 -0.875882]
 [ 0.318865 -0.9478  ]
 [ 0.562935 -0.826501]
 [ 0.784159 -0.62056 ]
 [ 0.869914 -0.493204]
 [ 0.537584 -0.84321 ]
 [-0.278734 -0.960368]
 [ 0.595978 -0.803001]
 [ 0.858317 -0.51312 ]
 [ 0.571959 -0.820282]
 [ 0.733945 -0.679209]
 [ 0.77453  -0.632537]
 [ 0.452961 -0.89153 ]
 [ 0.252752 -0.967531]
 [ 0.406032 -0.913859]
 [ 0.348837 -0.937183]
 [ 0.681642 -0.731686]
 [ 0.926068 -0.377356]
 [-0.949362 -0.314183]
 [ 0.298257 -0.954486]
 [ 0.86357  -0.50423 ]
 [ 0.077504 -0.996992]
 [ 0.74124  -0.67124 ]
 [ 0.597489 -0.801877]
 [-0.342832 -0.939397]
 [ 0.731174 -0.682191]
 [ 0.795351 -0.60615 ]
 [ 0.924092 -0.38217 ]
 [ 0.961501 -0.2748  ]
 [ 0.796361 -0.604821]
 [ 0.422527 -0.90635 ]
 [ 0.949323 -0.314302]
 [ 0.720657 -0.693292]
 [ 0.567327 -0.823493]
 [ 0.863221 -0.504826]
 [ 0.536325 -0.844012]
 [ 0.753649 -0.657277]
 [ 0.825271 -0.564736]
 [ 0.86773  -0.497035]
 [ 0.748517 -0.663115]
 [ 0.329641 -0.944106]
 [ 0.453996 -0.891004]
 [ 0.729523 -0.683956]
 [ 0.841566 -0.540154]
 [ 0.476115 -0.879383]
 [ 0.686898 -0.726754]
 [ 0.779167 -0.626817]
 [ 0.856675 -0.515857]
 [ 0.668292 -0.743899]
 [ 0.863762 -0.503901]
 [ 0.736352 -0.676599]
 [ 0.725898 -0.687802]
 [ 0.525936 -0.850524]
 [ 0.572951 -0.819589]
 [ 0.99803  -0.06274 ]
 [ 0.715873 -0.698231]
 [ 0.837632 -0.546236]
 [ 0.87045  -0.492258]
 [ 0.636261 -0.771474]
 [ 0.920841 -0.389938]
 [ 0.61788  -0.786273]
 [ 0.546128 -0.837702]
 [ 0.554629 -0.832098]
 [ 0.170915 -0.985286]
 [ 0.945817 -0.324699]
 [ 0.802365 -0.596834]
 [-0.43627  -0.899816]
 [ 0.440398 -0.897803]
 [ 0.926339 -0.37669 ]
 [ 0.782174 -0.62306 ]
 [ 0.800893 -0.598807]
 [ 0.161649 -0.986848]
 [ 0.478291 -0.878202]
 [ 0.734375 -0.678744]
 [ 0.940623 -0.339452]
 [ 0.663667 -0.748028]
 [ 0.988284 -0.152625]
 [ 0.450204 -0.892926]
 [ 0.503038 -0.864264]
 [ 0.867344 -0.497709]
 [ 0.745899 -0.666059]
 [ 0.832231 -0.554428]
 [ 0.775695 -0.631108]
 [ 0.312807 -0.949817]
 [ 0.427851 -0.90385 ]
 [ 0.884177 -0.467151]
 [ 0.443123 -0.896461]
 [ 0.684551 -0.728965]
 [ 0.362589 -0.931949]
 [ 0.669135 -0.743141]
 [ 0.943998 -0.329952]
 [ 0.950865 -0.309605]
 [ 0.724931 -0.688821]
 [ 0.547685 -0.836685]
 [ 0.931715 -0.36319 ]
 [ 0.641069 -0.767483]
 [ 0.71176  -0.702423]
 [ 0.968443 -0.249235]
 [ 0.506371 -0.862316]
 [ 0.65609  -0.754682]
 [ 0.84252  -0.538666]
 [ 0.835538 -0.549432]
 [ 0.168543 -0.985694]
 [ 0.57552  -0.817788]
 [ 0.552792 -0.83332 ]
 [ 0.327044 -0.945009]
 [ 0.734015 -0.679133]
 [ 0.844539 -0.535495]
 [ 0.757337 -0.653024]
 [ 0.804273 -0.59426 ]
 [ 0.767629 -0.640894]
 [ 0.722901 -0.690951]
 [ 0.8192   -0.573508]
 [ 0.387034 -0.922066]
 [ 0.935032 -0.354563]
 [-0.378498 -0.925602]
 [ 0.770488 -0.637455]
 [ 0.89806  -0.439872]
 [ 0.00034  -1.      ]
 [ 0.871803 -0.489858]
 [ 0.795005 -0.606603]
 [ 0.393703 -0.919238]
 [ 0.616134 -0.787641]
 [ 0.991845 -0.127447]
 [ 0.79829  -0.602273]
 [ 0.454905 -0.89054 ]
 [ 0.635691 -0.771944]
 [ 0.326888 -0.945063]
 [ 0.894478 -0.447113]
 [ 0.792309 -0.61012 ]
 [ 0.928909 -0.370309]]
[0m[0m[0m[0m[0m[0m[0m[0m[0m[0m[0m[0m[0m[0m[0m[0m[0m[0m[0m[0m[0m[0m[0m[0m[0m[0m[0m[0m[0m[0m[0m[0m[0m[0m[0m[0m