[(0, 0), (0, 1), (0, 2), (0, 3), (1, 0), (1, 1), (1, 2), (1, 3), (2, 0), (2, 1), (2, 2), (2, 3), (3, 0), (3, 1), (3, 2), (3, 3)]
[(0, 4), (0, 5), (0, 6), (0, 7), (1, 4), (1, 5), (1, 6), (1, 7), (2, 4), (2, 5), (2, 6), (2, 7), (3, 4), (3, 5), (3, 6), (3, 7)]
[(0, 8), (0, 9), (0, 10), (0, 11), (1, 8), (1, 9), (1, 10), (1, 11), (2, 8), (2, 9), (2, 10), (2, 11), (3, 8), (3, 9), (3, 10), (3, 11)]
[(0, 12), (0, 13), (0, 14), (0, 15), (1, 12), (1, 13), (1, 14), (1, 15), (2, 12), (2, 13), (2, 14), (2, 15), (3, 12), (3, 13), (3, 14), (3, 15)]
[(4, 0), (4, 1), (4, 2), (4, 3), (5, 0), (5, 1), (5, 2), (5, 3), (6, 0), (6, 1), (6, 2), (6, 3), (7, 0), (7, 1), (7, 2), (7, 3)]
[(4, 4), (4, 5), (4, 6), (4, 7), (5, 4), (5, 5), (5, 6), (5, 7), (6, 4), (6, 5), (6, 6), (6, 7), (7, 4), (7, 5), (7, 6), (7, 7)]
[(4, 8), (4, 9), (4, 10), (4, 11), (5, 8), (5, 9), (5, 10), (5, 11), (6, 8), (6, 9), (6, 10), (6, 11), (7, 8), (7, 9), (7, 10), (7, 11)]
[(4, 12), (4, 13), (4, 14), (4, 15), (5, 12), (5, 13), (5, 14), (5, 15), (6, 12), (6, 13), (6, 14), (6, 15), (7, 12), (7, 13), (7, 14), (7, 15)]
[(8, 0), (8, 1), (8, 2), (8, 3), (9, 0), (9, 1), (9, 2), (9, 3), (10, 0), (10, 1), (10, 2), (10, 3), (11, 0), (11, 1), (11, 2), (11, 3)]
[(8, 4), (8, 5), (8, 6), (8, 7), (9, 4), (9, 5), (9, 6), (9, 7), (10, 4), (10, 5), (10, 6), (10, 7), (11, 4), (11, 5), (11, 6), (11, 7)]
[(8, 8), (8, 9), (8, 10), (8, 11), (9, 8), (9, 9), (9, 10), (9, 11), (10, 8), (10, 9), (10, 10), (10, 11), (11, 8), (11, 9), (11, 10), (11, 11)]
[(8, 12), (8, 13), (8, 14), (8, 15), (9, 12), (9, 13), (9, 14), (9, 15), (10, 12), (10, 13), (10, 14), (10, 15), (11, 12), (11, 13), (11, 14), (11, 15)]
[(12, 0), (12, 1), (12, 2), (12, 3), (13, 0), (13, 1), (13, 2), (13, 3), (14, 0), (14, 1), (14, 2), (14, 3), (15, 0), (15, 1), (15, 2), (15, 3)]
[(12, 4), (12, 5), (12, 6), (12, 7), (13, 4), (13, 5), (13, 6), (13, 7), (14, 4), (14, 5), (14, 6), (14, 7), (15, 4), (15, 5), (15, 6), (15, 7)]
[(12, 8), (12, 9), (12, 10), (12, 11), (13, 8), (13, 9), (13, 10), (13, 11), (14, 8), (14, 9), (14, 10), (14, 11), (15, 8), (15, 9), (15, 10), (15, 11)]
[(12, 12), (12, 13), (12, 14), (12, 15), (13, 12), (13, 13), (13, 14), (13, 15), (14, 12), (14, 13), (14, 14), (14, 15), (15, 12), (15, 13), (15, 14), (15, 15)]
block_dict= [(0, 25992), (25992, 58824), (58824, 91656), (91656, 117648), (117648, 150480), (150480, 191952), (191952, 233424), (233424, 266256), (266256, 299088), (299088, 340560), (340560, 382032), (382032, 414864), (414864, 440856), (440856, 473688), (473688, 506520), (506520, 532512)]
sizes= [25992, 32832, 32832, 25992, 32832, 41472, 41472, 32832, 32832, 41472, 41472, 32832, 25992, 32832, 32832, 25992]
nbatch= 1
RANK= 0
SIZE= 640
Lx,Ly= 16 16
D= 6
chi= 12
rate= 0.1 0.5
cond= 0.001 0.1
nparams= 532512 466753
256 128 128
size= 4.062843322753906
	prob= 70.9001664149863
	burn in time= 177.5794494152069
trouble in torch gesdd routine, falling back to gesvd
trouble in torch gesdd routine, falling back to gesvd
trouble in torch gesdd routine, falling back to gesvd
trouble in torch gesdd routine, falling back to gesvd
trouble in torch gesdd routine, falling back to gesvd
trouble in torch gesdd routine, falling back to gesvd
trouble in torch gesdd routine, falling back to gesvd
trouble in torch gesdd routine, falling back to gesvd
	sample time= 7737.70844578743
	contraction err= 0.0009922089657172933 0.21764478732498851

Mean energy: -1.24838962e+02
Block size    # of blocks        Mean                Error
     1           300000       -1.24838962e+02       1.613360e-03
     2           150000       -1.24838962e+02       1.613724e-03
     5           60000       -1.24838962e+02       1.607916e-03
    10           30000       -1.24838962e+02       1.612662e-03
    20           15000       -1.24838962e+02       1.605857e-03
    50           6000       -1.24838962e+02       1.603034e-03
    70           4285       -1.24838977e+02       1.592534e-03
   100           3000       -1.24838962e+02       1.607705e-03
   200           1500       -1.24838962e+02       1.587686e-03
   500            600       -1.24838962e+02       1.550362e-03
0 0.001613723918630933 0.0015503621338164113
Stocahstic error estimate: 1.613724e-03

step=0,E=-0.487652195054045,dE=-0.487652195054045,err=6.3036090571520825e-06,gmax=0.025144429590881145
	collect g,Hv time= 15.41850233078003
	solver time=16.072787284851074,exit status=0
niter= 40
pure_newton= True
ix=0,sh=25992
	solver time=7.61002779006958,exit status=0
niter= 52
ix=1,sh=32832
	solver time=6.6910247802734375,exit status=0
niter= 36
ix=2,sh=32832
	solver time=6.489544868469238,exit status=0
niter= 35
ix=3,sh=25992
	solver time=4.86431622505188,exit status=0
niter= 32
ix=4,sh=32832
	solver time=12.814477920532227,exit status=0
niter= 68
ix=5,sh=41472
	solver time=17.697723388671875,exit status=0
niter= 72
ix=6,sh=41472
	solver time=17.769756317138672,exit status=0
niter= 73
ix=7,sh=32832
	solver time=12.227893352508545,exit status=0
niter= 64
ix=8,sh=32832
	solver time=12.79790711402893,exit status=0
niter= 68
ix=9,sh=41472
	solver time=17.87773036956787,exit status=0
niter= 73
ix=10,sh=41472
	solver time=18.483076095581055,exit status=0
niter= 76
ix=11,sh=32832
niter= 64
	solver time=12.232097625732422,exit status=0
ix=12,sh=25992
	solver time=5.070542812347412,exit status=0
niter= 35
ix=13,sh=32832
	solver time=6.8621275424957275,exit status=0
niter= 37
ix=14,sh=32832
	solver time=7.24826455116272,exit status=0
niter= 39
ix=15,sh=25992
	solver time=5.372197866439819,exit status=0
niter= 36
	prob= 0.858702535836036
	burn in time= 174.99982452392578
	sample time= 4150.745189666748
	contraction err= 0.0011685426212679787 0.9412322638215243

Mean energy: -1.24947176e+02
Block size    # of blocks        Mean                Error
     1           300000       -1.24947176e+02       1.596850e-03
     2           150000       -1.24947176e+02       1.597077e-03
     5           60000       -1.24947176e+02       1.601772e-03
    10           30000       -1.24947176e+02       1.606086e-03
    20           15000       -1.24947176e+02       1.598776e-03
    50           6000       -1.24947176e+02       1.619628e-03
    70           4285       -1.24947168e+02       1.611848e-03
   100           3000       -1.24947176e+02       1.611862e-03
   200           1500       -1.24947176e+02       1.635076e-03
   500            600       -1.24947176e+02       1.684227e-03
0 0.001597076544936761 0.0016842265083198012
Stocahstic error estimate: 1.597077e-03

	predict=-0.07194865051306557,actual=(-0.10821379131192543, 0.00227040929700984)
	g=0.4146423409405421,del=0.525812298544648,dot=0.14388650377140833,x=39.33115176417578
[(0, 0), (0, 1), (0, 2), (0, 3), (1, 0), (1, 1), (1, 2), (1, 3), (2, 0), (2, 1), (2, 2), (2, 3), (3, 0), (3, 1), (3, 2), (3, 3)]
[(0, 4), (0, 5), (0, 6), (0, 7), (1, 4), (1, 5), (1, 6), (1, 7), (2, 4), (2, 5), (2, 6), (2, 7), (3, 4), (3, 5), (3, 6), (3, 7)]
[(0, 8), (0, 9), (0, 10), (0, 11), (1, 8), (1, 9), (1, 10), (1, 11), (2, 8), (2, 9), (2, 10), (2, 11), (3, 8), (3, 9), (3, 10), (3, 11)]
[(0, 12), (0, 13), (0, 14), (0, 15), (1, 12), (1, 13), (1, 14), (1, 15), (2, 12), (2, 13), (2, 14), (2, 15), (3, 12), (3, 13), (3, 14), (3, 15)]
[(4, 0), (4, 1), (4, 2), (4, 3), (5, 0), (5, 1), (5, 2), (5, 3), (6, 0), (6, 1), (6, 2), (6, 3), (7, 0), (7, 1), (7, 2), (7, 3)]
[(4, 4), (4, 5), (4, 6), (4, 7), (5, 4), (5, 5), (5, 6), (5, 7), (6, 4), (6, 5), (6, 6), (6, 7), (7, 4), (7, 5), (7, 6), (7, 7)]
[(4, 8), (4, 9), (4, 10), (4, 11), (5, 8), (5, 9), (5, 10), (5, 11), (6, 8), (6, 9), (6, 10), (6, 11), (7, 8), (7, 9), (7, 10), (7, 11)]
[(4, 12), (4, 13), (4, 14), (4, 15), (5, 12), (5, 13), (5, 14), (5, 15), (6, 12), (6, 13), (6, 14), (6, 15), (7, 12), (7, 13), (7, 14), (7, 15)]
[(8, 0), (8, 1), (8, 2), (8, 3), (9, 0), (9, 1), (9, 2), (9, 3), (10, 0), (10, 1), (10, 2), (10, 3), (11, 0), (11, 1), (11, 2), (11, 3)]
[(8, 4), (8, 5), (8, 6), (8, 7), (9, 4), (9, 5), (9, 6), (9, 7), (10, 4), (10, 5), (10, 6), (10, 7), (11, 4), (11, 5), (11, 6), (11, 7)]
[(8, 8), (8, 9), (8, 10), (8, 11), (9, 8), (9, 9), (9, 10), (9, 11), (10, 8), (10, 9), (10, 10), (10, 11), (11, 8), (11, 9), (11, 10), (11, 11)]
[(8, 12), (8, 13), (8, 14), (8, 15), (9, 12), (9, 13), (9, 14), (9, 15), (10, 12), (10, 13), (10, 14), (10, 15), (11, 12), (11, 13), (11, 14), (11, 15)]
[(12, 0), (12, 1), (12, 2), (12, 3), (13, 0), (13, 1), (13, 2), (13, 3), (14, 0), (14, 1), (14, 2), (14, 3), (15, 0), (15, 1), (15, 2), (15, 3)]
[(12, 4), (12, 5), (12, 6), (12, 7), (13, 4), (13, 5), (13, 6), (13, 7), (14, 4), (14, 5), (14, 6), (14, 7), (15, 4), (15, 5), (15, 6), (15, 7)]
[(12, 8), (12, 9), (12, 10), (12, 11), (13, 8), (13, 9), (13, 10), (13, 11), (14, 8), (14, 9), (14, 10), (14, 11), (15, 8), (15, 9), (15, 10), (15, 11)]
[(12, 12), (12, 13), (12, 14), (12, 15), (13, 12), (13, 13), (13, 14), (13, 15), (14, 12), (14, 13), (14, 14), (14, 15), (15, 12), (15, 13), (15, 14), (15, 15)]
block_dict= [(0, 25992), (25992, 58824), (58824, 91656), (91656, 117648), (117648, 150480), (150480, 191952), (191952, 233424), (233424, 266256), (266256, 299088), (299088, 340560), (340560, 382032), (382032, 414864), (414864, 440856), (440856, 473688), (473688, 506520), (506520, 532512)]
sizes= [25992, 32832, 32832, 25992, 32832, 41472, 41472, 32832, 32832, 41472, 41472, 32832, 25992, 32832, 32832, 25992]
nbatch= 1
RANK= 0
SIZE= 640
Lx,Ly= 16 16
D= 6
chi= 12
rate= 0.1 0.5
cond= 0.001 0.1
nparams= 532512 466877
256 128 128
size= 4.062843322753906
	prob= 0.8587025358360356
	burn in time= 176.64516186714172
trouble in torch gesdd routine, falling back to gesvd
trouble in torch gesdd routine, falling back to gesvd
	sample time= 7743.2769067287445
	contraction err= 0.001160293631900338 0.4226345561436203

Mean energy: -1.24946603e+02
Block size    # of blocks        Mean                Error
     1           300000       -1.24946603e+02       1.521179e-03
     2           150000       -1.24946603e+02       1.520785e-03
     5           60000       -1.24946603e+02       1.517994e-03
    10           30000       -1.24946603e+02       1.517222e-03
    20           15000       -1.24946603e+02       1.521325e-03
    50           6000       -1.24946603e+02       1.507021e-03
    70           4285       -1.24946601e+02       1.499686e-03
   100           3000       -1.24946603e+02       1.513399e-03
   200           1500       -1.24946603e+02       1.500676e-03
   500            600       -1.24946603e+02       1.476530e-03
0 0.0015211787194652562 0.0014765297073950998
Stocahstic error estimate: 1.521179e-03

step=1,E=-0.4880726673178506,dE=-0.4880726673178506,err=5.942104372911157e-06,gmax=0.017860673332123156
	collect g,Hv time= 15.552501201629639
	solver time=18.168687343597412,exit status=0
niter= 45
pure_newton= True
ix=0,sh=25992
	solver time=6.578738212585449,exit status=0
niter= 45
ix=1,sh=32832
	solver time=7.281613111495972,exit status=0
niter= 39
ix=2,sh=32832
	solver time=7.3804144859313965,exit status=0
niter= 39
ix=3,sh=25992
	solver time=4.865246057510376,exit status=0
niter= 33
ix=4,sh=32832
	solver time=13.76131534576416,exit status=0
niter= 73
ix=5,sh=41472
	solver time=18.199530124664307,exit status=0
niter= 74
ix=6,sh=41472
	solver time=18.311230659484863,exit status=0
niter= 75
ix=7,sh=32832
	solver time=13.02180814743042,exit status=0
niter= 68
ix=8,sh=32832
	solver time=14.169889450073242,exit status=0
niter= 75
ix=9,sh=41472
	solver time=18.45992422103882,exit status=0
niter= 75
ix=10,sh=41472
	solver time=18.375549793243408,exit status=0
niter= 75
ix=11,sh=32832
	solver time=13.619246244430542,exit status=0
niter= 72
ix=12,sh=25992
	solver time=4.74990439414978,exit status=0
niter= 33
ix=13,sh=32832
	solver time=7.6956095695495605,exit status=0
niter= 41
ix=14,sh=32832
	solver time=9.761500597000122,exit status=0
niter= 51
ix=15,sh=25992
	solver time=5.061552286148071,exit status=0
niter= 35
	prob= 0.06099145257424026
	burn in time= 180.97742366790771
	sample time= 4147.067501068115
	contraction err= 0.001258360645053243 0.20547965982458258

Mean energy: -1.24984261e+02
Block size    # of blocks        Mean                Error
     1           300000       -1.24984261e+02       1.533799e-03
     2           150000       -1.24984261e+02       1.531093e-03
     5           60000       -1.24984261e+02       1.532039e-03
    10           30000       -1.24984261e+02       1.534508e-03
    20           15000       -1.24984261e+02       1.532412e-03
    50           6000       -1.24984261e+02       1.542221e-03
    70           4285       -1.24984265e+02       1.538848e-03
   100           3000       -1.24984261e+02       1.553255e-03
   200           1500       -1.24984261e+02       1.554013e-03
   500            600       -1.24984261e+02       1.537465e-03
0 0.0015337988745117526 0.0015374645560909163
Stocahstic error estimate: 1.533799e-03

	predict=-0.025005199696394642,actual=(-0.037658097251224376, 0.0021602138051608397)
	g=0.2391414351624947,del=0.35513813778531517,dot=0.04999752077364052,x=39.33115176417578
[(0, 0), (0, 1), (0, 2), (0, 3), (1, 0), (1, 1), (1, 2), (1, 3), (2, 0), (2, 1), (2, 2), (2, 3), (3, 0), (3, 1), (3, 2), (3, 3)]
[(0, 4), (0, 5), (0, 6), (0, 7), (1, 4), (1, 5), (1, 6), (1, 7), (2, 4), (2, 5), (2, 6), (2, 7), (3, 4), (3, 5), (3, 6), (3, 7)]
[(0, 8), (0, 9), (0, 10), (0, 11), (1, 8), (1, 9), (1, 10), (1, 11), (2, 8), (2, 9), (2, 10), (2, 11), (3, 8), (3, 9), (3, 10), (3, 11)]
[(0, 12), (0, 13), (0, 14), (0, 15), (1, 12), (1, 13), (1, 14), (1, 15), (2, 12), (2, 13), (2, 14), (2, 15), (3, 12), (3, 13), (3, 14), (3, 15)]
[(4, 0), (4, 1), (4, 2), (4, 3), (5, 0), (5, 1), (5, 2), (5, 3), (6, 0), (6, 1), (6, 2), (6, 3), (7, 0), (7, 1), (7, 2), (7, 3)]
[(4, 4), (4, 5), (4, 6), (4, 7), (5, 4), (5, 5), (5, 6), (5, 7), (6, 4), (6, 5), (6, 6), (6, 7), (7, 4), (7, 5), (7, 6), (7, 7)]
[(4, 8), (4, 9), (4, 10), (4, 11), (5, 8), (5, 9), (5, 10), (5, 11), (6, 8), (6, 9), (6, 10), (6, 11), (7, 8), (7, 9), (7, 10), (7, 11)]
[(4, 12), (4, 13), (4, 14), (4, 15), (5, 12), (5, 13), (5, 14), (5, 15), (6, 12), (6, 13), (6, 14), (6, 15), (7, 12), (7, 13), (7, 14), (7, 15)]
[(8, 0), (8, 1), (8, 2), (8, 3), (9, 0), (9, 1), (9, 2), (9, 3), (10, 0), (10, 1), (10, 2), (10, 3), (11, 0), (11, 1), (11, 2), (11, 3)]
[(8, 4), (8, 5), (8, 6), (8, 7), (9, 4), (9, 5), (9, 6), (9, 7), (10, 4), (10, 5), (10, 6), (10, 7), (11, 4), (11, 5), (11, 6), (11, 7)]
[(8, 8), (8, 9), (8, 10), (8, 11), (9, 8), (9, 9), (9, 10), (9, 11), (10, 8), (10, 9), (10, 10), (10, 11), (11, 8), (11, 9), (11, 10), (11, 11)]
[(8, 12), (8, 13), (8, 14), (8, 15), (9, 12), (9, 13), (9, 14), (9, 15), (10, 12), (10, 13), (10, 14), (10, 15), (11, 12), (11, 13), (11, 14), (11, 15)]
[(12, 0), (12, 1), (12, 2), (12, 3), (13, 0), (13, 1), (13, 2), (13, 3), (14, 0), (14, 1), (14, 2), (14, 3), (15, 0), (15, 1), (15, 2), (15, 3)]
[(12, 4), (12, 5), (12, 6), (12, 7), (13, 4), (13, 5), (13, 6), (13, 7), (14, 4), (14, 5), (14, 6), (14, 7), (15, 4), (15, 5), (15, 6), (15, 7)]
[(12, 8), (12, 9), (12, 10), (12, 11), (13, 8), (13, 9), (13, 10), (13, 11), (14, 8), (14, 9), (14, 10), (14, 11), (15, 8), (15, 9), (15, 10), (15, 11)]
[(12, 12), (12, 13), (12, 14), (12, 15), (13, 12), (13, 13), (13, 14), (13, 15), (14, 12), (14, 13), (14, 14), (14, 15), (15, 12), (15, 13), (15, 14), (15, 15)]
block_dict= [(0, 25992), (25992, 58824), (58824, 91656), (91656, 117648), (117648, 150480), (150480, 191952), (191952, 233424), (233424, 266256), (266256, 299088), (299088, 340560), (340560, 382032), (382032, 414864), (414864, 440856), (440856, 473688), (473688, 506520), (506520, 532512)]
sizes= [25992, 32832, 32832, 25992, 32832, 41472, 41472, 32832, 32832, 41472, 41472, 32832, 25992, 32832, 32832, 25992]
nbatch= 1
RANK= 0
SIZE= 640
Lx,Ly= 16 16
D= 6
chi= 12
rate= 0.1 0.5
cond= 0.001 0.1
nparams= 532512 466876
256 128 128
size= 4.062843322753906
	prob= 0.060991452574240206
	burn in time= 175.13029050827026
trouble in torch gesdd routine, falling back to gesvd
trouble in torch gesdd routine, falling back to gesvd
trouble in torch gesdd routine, falling back to gesvd
trouble in torch gesdd routine, falling back to gesvd
trouble in torch gesdd routine, falling back to gesvd
trouble in torch gesdd routine, falling back to gesvd
trouble in torch gesdd routine, falling back to gesvd
	sample time= 7741.743432998657
	contraction err= 0.0012713513814138861 1.1052953701373622

Mean energy: -1.24987657e+02
Block size    # of blocks        Mean                Error
     1           300000       -1.24987657e+02       1.543033e-03
     2           150000       -1.24987657e+02       1.545911e-03
     5           60000       -1.24987657e+02       1.542985e-03
    10           30000       -1.24987657e+02       1.551867e-03
    20           15000       -1.24987657e+02       1.551220e-03
    50           6000       -1.24987657e+02       1.556071e-03
    70           4285       -1.24987641e+02       1.562737e-03
   100           3000       -1.24987657e+02       1.537233e-03
   200           1500       -1.24987657e+02       1.544897e-03
   500            600       -1.24987657e+02       1.588331e-03
0 0.0015459110882739529 0.0015883305313467982
Stocahstic error estimate: 1.545911e-03

step=2,E=-0.488233033651494,dE=-0.488233033651494,err=6.0387151885701285e-06,gmax=0.026859697506623093
	collect g,Hv time= 15.50268030166626
	solver time=16.829792022705078,exit status=0
niter= 42
pure_newton= True
ix=0,sh=25992
	solver time=5.956472873687744,exit status=0
niter= 40
ix=1,sh=32832
	solver time=10.054575681686401,exit status=0
niter= 53
ix=2,sh=32832
	solver time=8.412018775939941,exit status=0
niter= 45
ix=3,sh=25992
	solver time=4.758327484130859,exit status=0
niter= 33
ix=4,sh=32832
	solver time=14.494639158248901,exit status=0
niter= 76
ix=5,sh=41472
	solver time=18.588537454605103,exit status=0
niter= 76
ix=6,sh=41472
	solver time=18.94024157524109,exit status=0
niter= 77
ix=7,sh=32832
	solver time=13.274183511734009,exit status=0
niter= 70
ix=8,sh=32832
	solver time=14.003140449523926,exit status=0
niter= 74
ix=9,sh=41472
	solver time=19.883872509002686,exit status=0
niter= 81
ix=10,sh=41472
	solver time=18.960200309753418,exit status=0
niter= 78
ix=11,sh=32832
	solver time=13.809166669845581,exit status=0
niter= 72
ix=12,sh=25992
	solver time=8.991562843322754,exit status=0
niter= 61
ix=13,sh=32832
	solver time=7.6615519523620605,exit status=0
niter= 41
ix=14,sh=32832
	solver time=7.44685435295105,exit status=0
niter= 39
ix=15,sh=25992
	solver time=4.784307241439819,exit status=0
niter= 33
	prob= 0.0090315226151882
	burn in time= 174.575097322464
	sample time= 4144.636976718903
	contraction err= 0.0013318086890267804 0.20173823403100025

Mean energy: -1.25009634e+02
Block size    # of blocks        Mean                Error
     1           300000       -1.25009634e+02       1.539988e-03
     2           150000       -1.25009634e+02       1.540260e-03
     5           60000       -1.25009634e+02       1.539066e-03
    10           30000       -1.25009634e+02       1.540192e-03
    20           15000       -1.25009634e+02       1.540139e-03
    50           6000       -1.25009634e+02       1.563978e-03
    70           4285       -1.25009664e+02       1.560636e-03
   100           3000       -1.25009634e+02       1.594865e-03
   200           1500       -1.25009634e+02       1.572967e-03
   500            600       -1.25009634e+02       1.615995e-03
0 0.0015402598079782052 0.0016159946786579085
Stocahstic error estimate: 1.540260e-03

	predict=-0.01483959269933935,actual=(-0.02197740696615824, 0.0021822560273536684)
	g=0.20067819051458466,del=0.30175776828943995,dot=0.029670438838572656,x=39.33115176417579
[(0, 0), (0, 1), (0, 2), (0, 3), (1, 0), (1, 1), (1, 2), (1, 3), (2, 0), (2, 1), (2, 2), (2, 3), (3, 0), (3, 1), (3, 2), (3, 3)]
[(0, 4), (0, 5), (0, 6), (0, 7), (1, 4), (1, 5), (1, 6), (1, 7), (2, 4), (2, 5), (2, 6), (2, 7), (3, 4), (3, 5), (3, 6), (3, 7)]
[(0, 8), (0, 9), (0, 10), (0, 11), (1, 8), (1, 9), (1, 10), (1, 11), (2, 8), (2, 9), (2, 10), (2, 11), (3, 8), (3, 9), (3, 10), (3, 11)]
[(0, 12), (0, 13), (0, 14), (0, 15), (1, 12), (1, 13), (1, 14), (1, 15), (2, 12), (2, 13), (2, 14), (2, 15), (3, 12), (3, 13), (3, 14), (3, 15)]
[(4, 0), (4, 1), (4, 2), (4, 3), (5, 0), (5, 1), (5, 2), (5, 3), (6, 0), (6, 1), (6, 2), (6, 3), (7, 0), (7, 1), (7, 2), (7, 3)]
[(4, 4), (4, 5), (4, 6), (4, 7), (5, 4), (5, 5), (5, 6), (5, 7), (6, 4), (6, 5), (6, 6), (6, 7), (7, 4), (7, 5), (7, 6), (7, 7)]
[(4, 8), (4, 9), (4, 10), (4, 11), (5, 8), (5, 9), (5, 10), (5, 11), (6, 8), (6, 9), (6, 10), (6, 11), (7, 8), (7, 9), (7, 10), (7, 11)]
[(4, 12), (4, 13), (4, 14), (4, 15), (5, 12), (5, 13), (5, 14), (5, 15), (6, 12), (6, 13), (6, 14), (6, 15), (7, 12), (7, 13), (7, 14), (7, 15)]
[(8, 0), (8, 1), (8, 2), (8, 3), (9, 0), (9, 1), (9, 2), (9, 3), (10, 0), (10, 1), (10, 2), (10, 3), (11, 0), (11, 1), (11, 2), (11, 3)]
[(8, 4), (8, 5), (8, 6), (8, 7), (9, 4), (9, 5), (9, 6), (9, 7), (10, 4), (10, 5), (10, 6), (10, 7), (11, 4), (11, 5), (11, 6), (11, 7)]
[(8, 8), (8, 9), (8, 10), (8, 11), (9, 8), (9, 9), (9, 10), (9, 11), (10, 8), (10, 9), (10, 10), (10, 11), (11, 8), (11, 9), (11, 10), (11, 11)]
[(8, 12), (8, 13), (8, 14), (8, 15), (9, 12), (9, 13), (9, 14), (9, 15), (10, 12), (10, 13), (10, 14), (10, 15), (11, 12), (11, 13), (11, 14), (11, 15)]
[(12, 0), (12, 1), (12, 2), (12, 3), (13, 0), (13, 1), (13, 2), (13, 3), (14, 0), (14, 1), (14, 2), (14, 3), (15, 0), (15, 1), (15, 2), (15, 3)]
[(12, 4), (12, 5), (12, 6), (12, 7), (13, 4), (13, 5), (13, 6), (13, 7), (14, 4), (14, 5), (14, 6), (14, 7), (15, 4), (15, 5), (15, 6), (15, 7)]
[(12, 8), (12, 9), (12, 10), (12, 11), (13, 8), (13, 9), (13, 10), (13, 11), (14, 8), (14, 9), (14, 10), (14, 11), (15, 8), (15, 9), (15, 10), (15, 11)]
[(12, 12), (12, 13), (12, 14), (12, 15), (13, 12), (13, 13), (13, 14), (13, 15), (14, 12), (14, 13), (14, 14), (14, 15), (15, 12), (15, 13), (15, 14), (15, 15)]
block_dict= [(0, 25992), (25992, 58824), (58824, 91656), (91656, 117648), (117648, 150480), (150480, 191952), (191952, 233424), (233424, 266256), (266256, 299088), (299088, 340560), (340560, 382032), (382032, 414864), (414864, 440856), (440856, 473688), (473688, 506520), (506520, 532512)]
sizes= [25992, 32832, 32832, 25992, 32832, 41472, 41472, 32832, 32832, 41472, 41472, 32832, 25992, 32832, 32832, 25992]
nbatch= 1
RANK= 0
SIZE= 640
Lx,Ly= 16 16
D= 6
chi= 12
rate= 0.1 0.5
cond= 0.001 0.1
nparams= 532512 466962
256 128 128
size= 4.062843322753906
	prob= 0.0090315226151882
	burn in time= 177.6647653579712
trouble in torch gesdd routine, falling back to gesvd
trouble in torch gesdd routine, falling back to gesvd
trouble in torch gesdd routine, falling back to gesvd
trouble in torch gesdd routine, falling back to gesvd
trouble in torch gesdd routine, falling back to gesvd
trouble in torch gesdd routine, falling back to gesvd
trouble in torch gesdd routine, falling back to gesvd
trouble in torch gesdd routine, falling back to gesvd
trouble in torch gesdd routine, falling back to gesvd
trouble in torch gesdd routine, falling back to gesvd
trouble in torch gesdd routine, falling back to gesvd
trouble in torch gesdd routine, falling back to gesvd
	sample time= 7754.680355787277
	contraction err= 0.001335000683830253 0.6077397831279819

Mean energy: -1.25008180e+02
Block size    # of blocks        Mean                Error
     1           300000       -1.25008180e+02       1.611301e-03
     2           150000       -1.25008180e+02       1.611093e-03
     5           60000       -1.25008180e+02       1.619344e-03
    10           30000       -1.25008180e+02       1.617143e-03
    20           15000       -1.25008180e+02       1.618400e-03
    50           6000       -1.25008180e+02       1.625887e-03
    70           4285       -1.25008170e+02       1.614489e-03
   100           3000       -1.25008180e+02       1.618466e-03
   200           1500       -1.25008180e+02       1.595924e-03
   500            600       -1.25008180e+02       1.558256e-03
0 0.001611300939379761 0.0015582558715302288
Stocahstic error estimate: 1.611301e-03

step=3,E=-0.48831320389890587,dE=-0.48831320389890587,err=6.2941442944521915e-06,gmax=0.11357601233892012
	collect g,Hv time= 15.642238855361938
	solver time=18.08136296272278,exit status=0
niter= 45
pure_newton= True
ix=0,sh=25992
	solver time=5.222171306610107,exit status=0
niter= 36
ix=1,sh=32832
	solver time=7.660825729370117,exit status=0
niter= 41
ix=2,sh=32832
	solver time=7.468783617019653,exit status=0
niter= 40
ix=3,sh=25992
	solver time=6.498135566711426,exit status=0
niter= 43
ix=4,sh=32832
	solver time=14.766034603118896,exit status=0
niter= 78
ix=5,sh=41472
niter= 78
	solver time=19.17340636253357,exit status=0
ix=6,sh=41472
	solver time=18.788881540298462,exit status=0
niter= 77
ix=7,sh=32832
	solver time=13.778322696685791,exit status=0
niter= 72
ix=8,sh=32832
	solver time=14.170761346817017,exit status=0
niter= 75
ix=9,sh=41472
	solver time=19.133875370025635,exit status=0
niter= 78
ix=10,sh=41472
	solver time=19.16639018058777,exit status=0
niter= 78
ix=11,sh=32832
	solver time=13.627049446105957,exit status=0
niter= 72
ix=12,sh=25992
	solver time=5.269718885421753,exit status=0
niter= 36
ix=13,sh=32832
	solver time=8.337607622146606,exit status=0
niter= 44
ix=14,sh=32832
	solver time=8.679994106292725,exit status=0
niter= 46
ix=15,sh=25992
	solver time=5.512988090515137,exit status=0
niter= 38
	prob= 0.0021410610065102542
	burn in time= 176.35047674179077
	sample time= 4152.271719932556
	contraction err= 0.0013872964317928195 0.3596633677161017

Mean energy: -1.25031172e+02
Block size    # of blocks        Mean                Error
     1           300000       -1.25031172e+02       1.520020e-03
     2           150000       -1.25031172e+02       1.518285e-03
     5           60000       -1.25031172e+02       1.512427e-03
    10           30000       -1.25031172e+02       1.510801e-03
    20           15000       -1.25031172e+02       1.507264e-03
    50           6000       -1.25031172e+02       1.509213e-03
    70           4285       -1.25031184e+02       1.531043e-03
   100           3000       -1.25031172e+02       1.519494e-03
   200           1500       -1.25031172e+02       1.519514e-03
   500            600       -1.25031172e+02       1.510424e-03
0 0.0015200196192853347 0.001510423810331205
Stocahstic error estimate: 1.520020e-03

	predict=-0.013104530757423393,actual=(-0.022991408491975562, 0.002215118588305925)
	g=0.4424793824678998,del=0.2743842423304457,dot=0.026198771774925755,x=39.3311517641758
[(0, 0), (0, 1), (0, 2), (0, 3), (1, 0), (1, 1), (1, 2), (1, 3), (2, 0), (2, 1), (2, 2), (2, 3), (3, 0), (3, 1), (3, 2), (3, 3)]
[(0, 4), (0, 5), (0, 6), (0, 7), (1, 4), (1, 5), (1, 6), (1, 7), (2, 4), (2, 5), (2, 6), (2, 7), (3, 4), (3, 5), (3, 6), (3, 7)]
[(0, 8), (0, 9), (0, 10), (0, 11), (1, 8), (1, 9), (1, 10), (1, 11), (2, 8), (2, 9), (2, 10), (2, 11), (3, 8), (3, 9), (3, 10), (3, 11)]
[(0, 12), (0, 13), (0, 14), (0, 15), (1, 12), (1, 13), (1, 14), (1, 15), (2, 12), (2, 13), (2, 14), (2, 15), (3, 12), (3, 13), (3, 14), (3, 15)]
[(4, 0), (4, 1), (4, 2), (4, 3), (5, 0), (5, 1), (5, 2), (5, 3), (6, 0), (6, 1), (6, 2), (6, 3), (7, 0), (7, 1), (7, 2), (7, 3)]
[(4, 4), (4, 5), (4, 6), (4, 7), (5, 4), (5, 5), (5, 6), (5, 7), (6, 4), (6, 5), (6, 6), (6, 7), (7, 4), (7, 5), (7, 6), (7, 7)]
[(4, 8), (4, 9), (4, 10), (4, 11), (5, 8), (5, 9), (5, 10), (5, 11), (6, 8), (6, 9), (6, 10), (6, 11), (7, 8), (7, 9), (7, 10), (7, 11)]
[(4, 12), (4, 13), (4, 14), (4, 15), (5, 12), (5, 13), (5, 14), (5, 15), (6, 12), (6, 13), (6, 14), (6, 15), (7, 12), (7, 13), (7, 14), (7, 15)]
[(8, 0), (8, 1), (8, 2), (8, 3), (9, 0), (9, 1), (9, 2), (9, 3), (10, 0), (10, 1), (10, 2), (10, 3), (11, 0), (11, 1), (11, 2), (11, 3)]
[(8, 4), (8, 5), (8, 6), (8, 7), (9, 4), (9, 5), (9, 6), (9, 7), (10, 4), (10, 5), (10, 6), (10, 7), (11, 4), (11, 5), (11, 6), (11, 7)]
[(8, 8), (8, 9), (8, 10), (8, 11), (9, 8), (9, 9), (9, 10), (9, 11), (10, 8), (10, 9), (10, 10), (10, 11), (11, 8), (11, 9), (11, 10), (11, 11)]
[(8, 12), (8, 13), (8, 14), (8, 15), (9, 12), (9, 13), (9, 14), (9, 15), (10, 12), (10, 13), (10, 14), (10, 15), (11, 12), (11, 13), (11, 14), (11, 15)]
[(12, 0), (12, 1), (12, 2), (12, 3), (13, 0), (13, 1), (13, 2), (13, 3), (14, 0), (14, 1), (14, 2), (14, 3), (15, 0), (15, 1), (15, 2), (15, 3)]
[(12, 4), (12, 5), (12, 6), (12, 7), (13, 4), (13, 5), (13, 6), (13, 7), (14, 4), (14, 5), (14, 6), (14, 7), (15, 4), (15, 5), (15, 6), (15, 7)]
[(12, 8), (12, 9), (12, 10), (12, 11), (13, 8), (13, 9), (13, 10), (13, 11), (14, 8), (14, 9), (14, 10), (14, 11), (15, 8), (15, 9), (15, 10), (15, 11)]
[(12, 12), (12, 13), (12, 14), (12, 15), (13, 12), (13, 13), (13, 14), (13, 15), (14, 12), (14, 13), (14, 14), (14, 15), (15, 12), (15, 13), (15, 14), (15, 15)]
block_dict= [(0, 25992), (25992, 58824), (58824, 91656), (91656, 117648), (117648, 150480), (150480, 191952), (191952, 233424), (233424, 266256), (266256, 299088), (299088, 340560), (340560, 382032), (382032, 414864), (414864, 440856), (440856, 473688), (473688, 506520), (506520, 532512)]
sizes= [25992, 32832, 32832, 25992, 32832, 41472, 41472, 32832, 32832, 41472, 41472, 32832, 25992, 32832, 32832, 25992]
nbatch= 1
RANK= 0
SIZE= 640
Lx,Ly= 16 16
D= 6
chi= 12
rate= 0.1 0.5
cond= 0.001 0.1
nparams= 532512 467103
256 128 128
size= 4.062843322753906
	prob= 0.002141061006510253
	burn in time= 175.8377811908722
trouble in torch gesdd routine, falling back to gesvd
trouble in torch gesdd routine, falling back to gesvd
trouble in torch gesdd routine, falling back to gesvd
trouble in torch gesdd routine, falling back to gesvd
	sample time= 7744.299703836441
	contraction err= 0.001393140899218305 0.6631879341770348

Mean energy: -1.25030378e+02
Block size    # of blocks        Mean                Error
     1           300000       -1.25030378e+02       1.505750e-03
     2           150000       -1.25030378e+02       1.506695e-03
     5           60000       -1.25030378e+02       1.504604e-03
    10           30000       -1.25030378e+02       1.512486e-03
    20           15000       -1.25030378e+02       1.514017e-03
    50           6000       -1.25030378e+02       1.509066e-03
    70           4285       -1.25030338e+02       1.497852e-03
   100           3000       -1.25030378e+02       1.502297e-03
   200           1500       -1.25030378e+02       1.503356e-03
   500            600       -1.25030378e+02       1.520271e-03
0 0.0015066945476431464 0.0015202708089637291
Stocahstic error estimate: 1.506695e-03

step=4,E=-0.4883999155126721,dE=-0.4883999155126721,err=5.8855255767310405e-06,gmax=0.17955069361706277
	collect g,Hv time= 15.516499757766724
	solver time=7.876856803894043,exit status=0
niter= 20
pure_newton= True
ix=0,sh=25992
	solver time=4.795203924179077,exit status=0
niter= 33
ix=1,sh=32832
	solver time=7.107316017150879,exit status=0
niter= 38
ix=2,sh=32832
	solver time=7.390841722488403,exit status=0
niter= 39
ix=3,sh=25992
	solver time=6.802316665649414,exit status=0
niter= 46
ix=4,sh=32832
	solver time=13.225216150283813,exit status=0
niter= 70
ix=5,sh=41472
	solver time=17.676607131958008,exit status=0
niter= 72
ix=6,sh=41472
	solver time=18.117847204208374,exit status=0
niter= 74
ix=7,sh=32832
	solver time=13.441189289093018,exit status=0
niter= 70
ix=8,sh=32832
	solver time=13.630009412765503,exit status=0
niter= 72
ix=9,sh=41472
	solver time=17.678662061691284,exit status=0
niter= 72
ix=10,sh=41472
	solver time=17.477416038513184,exit status=0
niter= 71
ix=11,sh=32832
	solver time=13.539800643920898,exit status=0
niter= 71
ix=12,sh=25992
	solver time=4.599832773208618,exit status=0
niter= 32
ix=13,sh=32832
	solver time=6.545959711074829,exit status=0
niter= 35
ix=14,sh=32832
	solver time=6.8846282958984375,exit status=0
niter= 36
ix=15,sh=25992
	solver time=4.768433094024658,exit status=0
niter= 33
	prob= 0.0006057763623006855
	burn in time= 180.4962546825409
	sample time= 4142.619287252426
	contraction err= 0.0014353489905027598 0.1526841968722147

Mean energy: -1.25042087e+02
Block size    # of blocks        Mean                Error
     1           300000       -1.25042087e+02       1.512333e-03
     2           150000       -1.25042087e+02       1.513113e-03
     5           60000       -1.25042087e+02       1.516278e-03
    10           30000       -1.25042087e+02       1.510781e-03
    20           15000       -1.25042087e+02       1.513425e-03
    50           6000       -1.25042087e+02       1.528534e-03
    70           4285       -1.25042080e+02       1.545249e-03
   100           3000       -1.25042087e+02       1.541153e-03
   200           1500       -1.25042087e+02       1.560173e-03
   500            600       -1.25042087e+02       1.593058e-03
0 0.001513113159642505 0.0015930575348480414
Stocahstic error estimate: 1.513113e-03

	predict=-0.00896792844908162,actual=(-0.011708578504837419, 0.002135331331147677)
	g=0.3837170271462902,del=0.25235623064880586,dot=0.017926251656629026,x=39.3311517641758
[(0, 0), (0, 1), (0, 2), (0, 3), (1, 0), (1, 1), (1, 2), (1, 3), (2, 0), (2, 1), (2, 2), (2, 3), (3, 0), (3, 1), (3, 2), (3, 3)]
[(0, 4), (0, 5), (0, 6), (0, 7), (1, 4), (1, 5), (1, 6), (1, 7), (2, 4), (2, 5), (2, 6), (2, 7), (3, 4), (3, 5), (3, 6), (3, 7)]
[(0, 8), (0, 9), (0, 10), (0, 11), (1, 8), (1, 9), (1, 10), (1, 11), (2, 8), (2, 9), (2, 10), (2, 11), (3, 8), (3, 9), (3, 10), (3, 11)]
[(0, 12), (0, 13), (0, 14), (0, 15), (1, 12), (1, 13), (1, 14), (1, 15), (2, 12), (2, 13), (2, 14), (2, 15), (3, 12), (3, 13), (3, 14), (3, 15)]
[(4, 0), (4, 1), (4, 2), (4, 3), (5, 0), (5, 1), (5, 2), (5, 3), (6, 0), (6, 1), (6, 2), (6, 3), (7, 0), (7, 1), (7, 2), (7, 3)]
[(4, 4), (4, 5), (4, 6), (4, 7), (5, 4), (5, 5), (5, 6), (5, 7), (6, 4), (6, 5), (6, 6), (6, 7), (7, 4), (7, 5), (7, 6), (7, 7)]
[(4, 8), (4, 9), (4, 10), (4, 11), (5, 8), (5, 9), (5, 10), (5, 11), (6, 8), (6, 9), (6, 10), (6, 11), (7, 8), (7, 9), (7, 10), (7, 11)]
[(4, 12), (4, 13), (4, 14), (4, 15), (5, 12), (5, 13), (5, 14), (5, 15), (6, 12), (6, 13), (6, 14), (6, 15), (7, 12), (7, 13), (7, 14), (7, 15)]
[(8, 0), (8, 1), (8, 2), (8, 3), (9, 0), (9, 1), (9, 2), (9, 3), (10, 0), (10, 1), (10, 2), (10, 3), (11, 0), (11, 1), (11, 2), (11, 3)]
[(8, 4), (8, 5), (8, 6), (8, 7), (9, 4), (9, 5), (9, 6), (9, 7), (10, 4), (10, 5), (10, 6), (10, 7), (11, 4), (11, 5), (11, 6), (11, 7)]
[(8, 8), (8, 9), (8, 10), (8, 11), (9, 8), (9, 9), (9, 10), (9, 11), (10, 8), (10, 9), (10, 10), (10, 11), (11, 8), (11, 9), (11, 10), (11, 11)]
[(8, 12), (8, 13), (8, 14), (8, 15), (9, 12), (9, 13), (9, 14), (9, 15), (10, 12), (10, 13), (10, 14), (10, 15), (11, 12), (11, 13), (11, 14), (11, 15)]
[(12, 0), (12, 1), (12, 2), (12, 3), (13, 0), (13, 1), (13, 2), (13, 3), (14, 0), (14, 1), (14, 2), (14, 3), (15, 0), (15, 1), (15, 2), (15, 3)]
[(12, 4), (12, 5), (12, 6), (12, 7), (13, 4), (13, 5), (13, 6), (13, 7), (14, 4), (14, 5), (14, 6), (14, 7), (15, 4), (15, 5), (15, 6), (15, 7)]
[(12, 8), (12, 9), (12, 10), (12, 11), (13, 8), (13, 9), (13, 10), (13, 11), (14, 8), (14, 9), (14, 10), (14, 11), (15, 8), (15, 9), (15, 10), (15, 11)]
[(12, 12), (12, 13), (12, 14), (12, 15), (13, 12), (13, 13), (13, 14), (13, 15), (14, 12), (14, 13), (14, 14), (14, 15), (15, 12), (15, 13), (15, 14), (15, 15)]
block_dict= [(0, 25992), (25992, 58824), (58824, 91656), (91656, 117648), (117648, 150480), (150480, 191952), (191952, 233424), (233424, 266256), (266256, 299088), (299088, 340560), (340560, 382032), (382032, 414864), (414864, 440856), (440856, 473688), (473688, 506520), (506520, 532512)]
sizes= [25992, 32832, 32832, 25992, 32832, 41472, 41472, 32832, 32832, 41472, 41472, 32832, 25992, 32832, 32832, 25992]
nbatch= 1
RANK= 0
SIZE= 640
Lx,Ly= 16 16
D= 6
chi= 12
rate= 0.1 0.5
cond= 0.001 0.1
nparams= 532512 467119
256 128 128
size= 4.062843322753906
	prob= 0.0006057763623006845
	burn in time= 174.08740186691284
trouble in torch gesdd routine, falling back to gesvd
trouble in torch gesdd routine, falling back to gesvd
trouble in torch gesdd routine, falling back to gesvd
trouble in torch gesdd routine, falling back to gesvd
	sample time= 7753.134167671204
	contraction err= 0.0014271406180995294 0.17957242360283096

Mean energy: -1.25043545e+02
Block size    # of blocks        Mean                Error
     1           300000       -1.25043545e+02       1.508739e-03
     2           150000       -1.25043545e+02       1.509987e-03
     5           60000       -1.25043545e+02       1.505446e-03
    10           30000       -1.25043545e+02       1.498181e-03
    20           15000       -1.25043545e+02       1.501795e-03
    50           6000       -1.25043545e+02       1.482524e-03
    70           4285       -1.25043549e+02       1.485992e-03
   100           3000       -1.25043545e+02       1.493768e-03
   200           1500       -1.25043545e+02       1.519498e-03
   500            600       -1.25043545e+02       1.486996e-03
0 0.0015099870707878703 0.001486995782905036
Stocahstic error estimate: 1.509987e-03

step=5,E=-0.48845134668494816,dE=-0.48845134668494816,err=5.8983869952651184e-06,gmax=0.01443190115055959
	collect g,Hv time= 15.183542728424072
	solver time=18.12779450416565,exit status=0
niter= 45
pure_newton= True
ix=0,sh=25992
niter= 40
	solver time=5.797975778579712,exit status=0
ix=1,sh=32832
	solver time=9.009899139404297,exit status=0
niter= 48
ix=2,sh=32832
	solver time=8.983668327331543,exit status=0
niter= 47
ix=3,sh=25992
	solver time=5.799107074737549,exit status=0
niter= 40
ix=4,sh=32832
	solver time=14.513749122619629,exit status=0
niter= 77
ix=5,sh=41472
	solver time=19.079579830169678,exit status=0
niter= 78
ix=6,sh=41472
	solver time=19.078315496444702,exit status=0
niter= 78
ix=7,sh=32832
	solver time=14.578916549682617,exit status=0
niter= 77
ix=8,sh=32832
	solver time=14.680299043655396,exit status=0
niter= 77
ix=9,sh=41472
	solver time=19.291797876358032,exit status=0
niter= 79
ix=10,sh=41472
	solver time=19.922497272491455,exit status=0
niter= 81
ix=11,sh=32832
	solver time=14.068468570709229,exit status=0
niter= 74
ix=12,sh=25992
niter= 40
	solver time=6.038918972015381,exit status=0
ix=13,sh=32832
	solver time=7.905306339263916,exit status=0
niter= 42
ix=14,sh=32832
	solver time=9.220966339111328,exit status=0
niter= 49
ix=15,sh=25992
	solver time=5.235254764556885,exit status=0
niter= 36
	prob= 0.000202564605465685
	burn in time= 178.78643321990967
	sample time= 4153.274200201035
	contraction err= 0.0014822141879193846 0.3061769377183194

Mean energy: -1.25056579e+02
Block size    # of blocks        Mean                Error
     1           300000       -1.25056579e+02       1.504052e-03
     2           150000       -1.25056579e+02       1.500783e-03
     5           60000       -1.25056579e+02       1.506245e-03
    10           30000       -1.25056579e+02       1.510187e-03
    20           15000       -1.25056579e+02       1.508796e-03
    50           6000       -1.25056579e+02       1.507969e-03
    70           4285       -1.25056581e+02       1.489732e-03
   100           3000       -1.25056579e+02       1.472462e-03
   200           1500       -1.25056579e+02       1.450252e-03
   500            600       -1.25056579e+02       1.435259e-03
0 0.0015040522718284632 0.001435258798644722
Stocahstic error estimate: 1.504052e-03

	predict=-0.007798025855339338,actual=(-0.01303467506954803, 0.00213125178952157)
	g=0.18232037174695911,del=0.23988029565946034,dot=0.015589110987892424,x=39.33115176417578
[(0, 0), (0, 1), (0, 2), (0, 3), (1, 0), (1, 1), (1, 2), (1, 3), (2, 0), (2, 1), (2, 2), (2, 3), (3, 0), (3, 1), (3, 2), (3, 3)]
[(0, 4), (0, 5), (0, 6), (0, 7), (1, 4), (1, 5), (1, 6), (1, 7), (2, 4), (2, 5), (2, 6), (2, 7), (3, 4), (3, 5), (3, 6), (3, 7)]
[(0, 8), (0, 9), (0, 10), (0, 11), (1, 8), (1, 9), (1, 10), (1, 11), (2, 8), (2, 9), (2, 10), (2, 11), (3, 8), (3, 9), (3, 10), (3, 11)]
[(0, 12), (0, 13), (0, 14), (0, 15), (1, 12), (1, 13), (1, 14), (1, 15), (2, 12), (2, 13), (2, 14), (2, 15), (3, 12), (3, 13), (3, 14), (3, 15)]
[(4, 0), (4, 1), (4, 2), (4, 3), (5, 0), (5, 1), (5, 2), (5, 3), (6, 0), (6, 1), (6, 2), (6, 3), (7, 0), (7, 1), (7, 2), (7, 3)]
[(4, 4), (4, 5), (4, 6), (4, 7), (5, 4), (5, 5), (5, 6), (5, 7), (6, 4), (6, 5), (6, 6), (6, 7), (7, 4), (7, 5), (7, 6), (7, 7)]
[(4, 8), (4, 9), (4, 10), (4, 11), (5, 8), (5, 9), (5, 10), (5, 11), (6, 8), (6, 9), (6, 10), (6, 11), (7, 8), (7, 9), (7, 10), (7, 11)]
[(4, 12), (4, 13), (4, 14), (4, 15), (5, 12), (5, 13), (5, 14), (5, 15), (6, 12), (6, 13), (6, 14), (6, 15), (7, 12), (7, 13), (7, 14), (7, 15)]
[(8, 0), (8, 1), (8, 2), (8, 3), (9, 0), (9, 1), (9, 2), (9, 3), (10, 0), (10, 1), (10, 2), (10, 3), (11, 0), (11, 1), (11, 2), (11, 3)]
[(8, 4), (8, 5), (8, 6), (8, 7), (9, 4), (9, 5), (9, 6), (9, 7), (10, 4), (10, 5), (10, 6), (10, 7), (11, 4), (11, 5), (11, 6), (11, 7)]
[(8, 8), (8, 9), (8, 10), (8, 11), (9, 8), (9, 9), (9, 10), (9, 11), (10, 8), (10, 9), (10, 10), (10, 11), (11, 8), (11, 9), (11, 10), (11, 11)]
[(8, 12), (8, 13), (8, 14), (8, 15), (9, 12), (9, 13), (9, 14), (9, 15), (10, 12), (10, 13), (10, 14), (10, 15), (11, 12), (11, 13), (11, 14), (11, 15)]
[(12, 0), (12, 1), (12, 2), (12, 3), (13, 0), (13, 1), (13, 2), (13, 3), (14, 0), (14, 1), (14, 2), (14, 3), (15, 0), (15, 1), (15, 2), (15, 3)]
[(12, 4), (12, 5), (12, 6), (12, 7), (13, 4), (13, 5), (13, 6), (13, 7), (14, 4), (14, 5), (14, 6), (14, 7), (15, 4), (15, 5), (15, 6), (15, 7)]
[(12, 8), (12, 9), (12, 10), (12, 11), (13, 8), (13, 9), (13, 10), (13, 11), (14, 8), (14, 9), (14, 10), (14, 11), (15, 8), (15, 9), (15, 10), (15, 11)]
[(12, 12), (12, 13), (12, 14), (12, 15), (13, 12), (13, 13), (13, 14), (13, 15), (14, 12), (14, 13), (14, 14), (14, 15), (15, 12), (15, 13), (15, 14), (15, 15)]
block_dict= [(0, 25992), (25992, 58824), (58824, 91656), (91656, 117648), (117648, 150480), (150480, 191952), (191952, 233424), (233424, 266256), (266256, 299088), (299088, 340560), (340560, 382032), (382032, 414864), (414864, 440856), (440856, 473688), (473688, 506520), (506520, 532512)]
sizes= [25992, 32832, 32832, 25992, 32832, 41472, 41472, 32832, 32832, 41472, 41472, 32832, 25992, 32832, 32832, 25992]
nbatch= 1
RANK= 0
SIZE= 640
Lx,Ly= 16 16
D= 6
chi= 12
rate= 0.1 0.5
cond= 0.001 0.1
nparams= 532512 467261
256 128 128
size= 4.062843322753906
	prob= 0.000202564605465685
	burn in time= 175.9285182952881
trouble in torch gesdd routine, falling back to gesvd
trouble in torch gesdd routine, falling back to gesvd
trouble in torch gesdd routine, falling back to gesvd
trouble in torch gesdd routine, falling back to gesvd
trouble in torch gesdd routine, falling back to gesvd
trouble in torch gesdd routine, falling back to gesvd
trouble in torch gesdd routine, falling back to gesvd
	sample time= 7768.667457342148
	contraction err= 0.0014805889314032108 0.2649402473516181

Mean energy: -1.25055373e+02
Block size    # of blocks        Mean                Error
     1           300000       -1.25055373e+02       1.497762e-03
     2           150000       -1.25055373e+02       1.495155e-03
     5           60000       -1.25055373e+02       1.494176e-03
    10           30000       -1.25055373e+02       1.497023e-03
    20           15000       -1.25055373e+02       1.498494e-03
    50           6000       -1.25055373e+02       1.494511e-03
    70           4285       -1.25055378e+02       1.477355e-03
   100           3000       -1.25055373e+02       1.491414e-03
   200           1500       -1.25055373e+02       1.449552e-03
   500            600       -1.25055373e+02       1.456709e-03
0 0.001497761752981004 0.0014567090081963202
Stocahstic error estimate: 1.497762e-03

step=6,E=-0.4884975526563071,dE=-0.4884975526563071,err=5.850631847582047e-06,gmax=0.016458548728423228
	collect g,Hv time= 15.604270458221436
	solver time=18.14438271522522,exit status=0
niter= 45
pure_newton= True
ix=0,sh=25992
	solver time=5.972317457199097,exit status=0
niter= 41
ix=1,sh=32832
	solver time=7.288438320159912,exit status=0
niter= 39
ix=2,sh=32832
	solver time=10.01520848274231,exit status=0
niter= 53
ix=3,sh=25992
	solver time=5.830384969711304,exit status=0
niter= 39
ix=4,sh=32832
	solver time=15.359409809112549,exit status=0
niter= 81
ix=5,sh=41472
	solver time=19.423105478286743,exit status=0
niter= 79
ix=6,sh=41472
	solver time=19.603793144226074,exit status=0
niter= 80
ix=7,sh=32832
	solver time=14.650059938430786,exit status=0
niter= 77
ix=8,sh=32832
	solver time=15.060224533081055,exit status=0
niter= 79
ix=9,sh=41472
	solver time=19.320060968399048,exit status=0
niter= 79
ix=10,sh=41472
	solver time=19.39053440093994,exit status=0
niter= 79
ix=11,sh=32832
	solver time=14.173804759979248,exit status=0
niter= 75
ix=12,sh=25992
	solver time=6.921397686004639,exit status=0
niter= 46
ix=13,sh=32832
	solver time=8.62880539894104,exit status=0
niter= 46
ix=14,sh=32832
	solver time=7.629244565963745,exit status=0
niter= 41
ix=15,sh=25992
	solver time=6.276365280151367,exit status=0
niter= 43
	prob= 6.15714111125805e-05
	burn in time= 177.09313917160034
	sample time= 4165.246165513992
	contraction err= 0.0015207176381723212 0.38329479565980173

Mean energy: -1.25067311e+02
Block size    # of blocks        Mean                Error
     1           300000       -1.25067311e+02       1.490208e-03
     2           150000       -1.25067311e+02       1.489724e-03
     5           60000       -1.25067311e+02       1.490081e-03
    10           30000       -1.25067311e+02       1.490896e-03
    20           15000       -1.25067311e+02       1.485818e-03
    50           6000       -1.25067311e+02       1.527054e-03
    70           4285       -1.25067322e+02       1.499882e-03
   100           3000       -1.25067311e+02       1.514118e-03
   200           1500       -1.25067311e+02       1.515816e-03
   500            600       -1.25067311e+02       1.517067e-03
0 0.0014902075652883375 0.0015170667805658271
Stocahstic error estimate: 1.490208e-03

	predict=-0.006835744155175879,actual=(-0.01193775597386093, 0.0021128201192565648)
	g=0.19066499309421528,del=0.23706424433687706,dot=0.013658453534158992,x=39.33115176417579
[(0, 0), (0, 1), (0, 2), (0, 3), (1, 0), (1, 1), (1, 2), (1, 3), (2, 0), (2, 1), (2, 2), (2, 3), (3, 0), (3, 1), (3, 2), (3, 3)]
[(0, 4), (0, 5), (0, 6), (0, 7), (1, 4), (1, 5), (1, 6), (1, 7), (2, 4), (2, 5), (2, 6), (2, 7), (3, 4), (3, 5), (3, 6), (3, 7)]
[(0, 8), (0, 9), (0, 10), (0, 11), (1, 8), (1, 9), (1, 10), (1, 11), (2, 8), (2, 9), (2, 10), (2, 11), (3, 8), (3, 9), (3, 10), (3, 11)]
[(0, 12), (0, 13), (0, 14), (0, 15), (1, 12), (1, 13), (1, 14), (1, 15), (2, 12), (2, 13), (2, 14), (2, 15), (3, 12), (3, 13), (3, 14), (3, 15)]
[(4, 0), (4, 1), (4, 2), (4, 3), (5, 0), (5, 1), (5, 2), (5, 3), (6, 0), (6, 1), (6, 2), (6, 3), (7, 0), (7, 1), (7, 2), (7, 3)]
[(4, 4), (4, 5), (4, 6), (4, 7), (5, 4), (5, 5), (5, 6), (5, 7), (6, 4), (6, 5), (6, 6), (6, 7), (7, 4), (7, 5), (7, 6), (7, 7)]
[(4, 8), (4, 9), (4, 10), (4, 11), (5, 8), (5, 9), (5, 10), (5, 11), (6, 8), (6, 9), (6, 10), (6, 11), (7, 8), (7, 9), (7, 10), (7, 11)]
[(4, 12), (4, 13), (4, 14), (4, 15), (5, 12), (5, 13), (5, 14), (5, 15), (6, 12), (6, 13), (6, 14), (6, 15), (7, 12), (7, 13), (7, 14), (7, 15)]
[(8, 0), (8, 1), (8, 2), (8, 3), (9, 0), (9, 1), (9, 2), (9, 3), (10, 0), (10, 1), (10, 2), (10, 3), (11, 0), (11, 1), (11, 2), (11, 3)]
[(8, 4), (8, 5), (8, 6), (8, 7), (9, 4), (9, 5), (9, 6), (9, 7), (10, 4), (10, 5), (10, 6), (10, 7), (11, 4), (11, 5), (11, 6), (11, 7)]
[(8, 8), (8, 9), (8, 10), (8, 11), (9, 8), (9, 9), (9, 10), (9, 11), (10, 8), (10, 9), (10, 10), (10, 11), (11, 8), (11, 9), (11, 10), (11, 11)]
[(8, 12), (8, 13), (8, 14), (8, 15), (9, 12), (9, 13), (9, 14), (9, 15), (10, 12), (10, 13), (10, 14), (10, 15), (11, 12), (11, 13), (11, 14), (11, 15)]
[(12, 0), (12, 1), (12, 2), (12, 3), (13, 0), (13, 1), (13, 2), (13, 3), (14, 0), (14, 1), (14, 2), (14, 3), (15, 0), (15, 1), (15, 2), (15, 3)]
[(12, 4), (12, 5), (12, 6), (12, 7), (13, 4), (13, 5), (13, 6), (13, 7), (14, 4), (14, 5), (14, 6), (14, 7), (15, 4), (15, 5), (15, 6), (15, 7)]
[(12, 8), (12, 9), (12, 10), (12, 11), (13, 8), (13, 9), (13, 10), (13, 11), (14, 8), (14, 9), (14, 10), (14, 11), (15, 8), (15, 9), (15, 10), (15, 11)]
[(12, 12), (12, 13), (12, 14), (12, 15), (13, 12), (13, 13), (13, 14), (13, 15), (14, 12), (14, 13), (14, 14), (14, 15), (15, 12), (15, 13), (15, 14), (15, 15)]
block_dict= [(0, 25992), (25992, 58824), (58824, 91656), (91656, 117648), (117648, 150480), (150480, 191952), (191952, 233424), (233424, 266256), (266256, 299088), (299088, 340560), (340560, 382032), (382032, 414864), (414864, 440856), (440856, 473688), (473688, 506520), (506520, 532512)]
sizes= [25992, 32832, 32832, 25992, 32832, 41472, 41472, 32832, 32832, 41472, 41472, 32832, 25992, 32832, 32832, 25992]
nbatch= 1
RANK= 0
SIZE= 640
Lx,Ly= 16 16
D= 6
chi= 12
rate= 0.1 0.5
cond= 0.001 0.1
nparams= 532512 467275
256 128 128
size= 4.062843322753906
	prob= 6.157141111258047e-05
	burn in time= 174.54240536689758
trouble in torch gesdd routine, falling back to gesvd
trouble in torch gesdd routine, falling back to gesvd
trouble in torch gesdd routine, falling back to gesvd
trouble in torch gesdd routine, falling back to gesvd
trouble in torch gesdd routine, falling back to gesvd
	sample time= 7766.799755573273
	contraction err= 0.0015190624877355963 0.5434153620610117

Mean energy: -1.25063652e+02
Block size    # of blocks        Mean                Error
     1           300000       -1.25063652e+02       1.492138e-03
     2           150000       -1.25063652e+02       1.492618e-03
     5           60000       -1.25063652e+02       1.493810e-03
    10           30000       -1.25063652e+02       1.501926e-03
    20           15000       -1.25063652e+02       1.499110e-03
    50           6000       -1.25063652e+02       1.512201e-03
    70           4285       -1.25063644e+02       1.491647e-03
   100           3000       -1.25063652e+02       1.507857e-03
   200           1500       -1.25063652e+02       1.522477e-03
   500            600       -1.25063652e+02       1.492792e-03
0 0.0014926175882809263 0.0014927923988492448
Stocahstic error estimate: 1.492618e-03

step=7,E=-0.4885298898181621,dE=-0.4885298898181621,err=5.830537454222368e-06,gmax=0.015080595524068485
	collect g,Hv time= 15.612384557723999
	solver time=18.108174800872803,exit status=0
niter= 45
pure_newton= True
ix=0,sh=25992
	solver time=6.326319456100464,exit status=0
niter= 43
ix=1,sh=32832
	solver time=8.62620210647583,exit status=0
niter= 45
ix=2,sh=32832
	solver time=8.447480916976929,exit status=0
niter= 45
ix=3,sh=25992
	solver time=6.156888961791992,exit status=0
niter= 42
ix=4,sh=32832
	solver time=14.939097881317139,exit status=0
niter= 78
ix=5,sh=41472
	solver time=19.23228645324707,exit status=0
niter= 79
ix=6,sh=41472
	solver time=19.38495922088623,exit status=0
niter= 79
ix=7,sh=32832
	solver time=14.723691463470459,exit status=0
niter= 77
ix=8,sh=32832
	solver time=14.767309665679932,exit status=0
niter= 78
ix=9,sh=41472
	solver time=20.554197072982788,exit status=0
niter= 84
ix=10,sh=41472
niter= 80
	solver time=19.464212894439697,exit status=0
ix=11,sh=32832
	solver time=14.722945928573608,exit status=0
niter= 77
ix=12,sh=25992
	solver time=8.358595132827759,exit status=0
niter= 57
ix=13,sh=32832
	solver time=8.258801460266113,exit status=0
niter= 44
ix=14,sh=32832
	solver time=8.338469743728638,exit status=0
niter= 44
ix=15,sh=25992
	solver time=7.001122951507568,exit status=0
niter= 48
	prob= 2.2936126050217046e-05
	burn in time= 177.4845747947693
	sample time= 4165.6631808280945
	contraction err= 0.0015593008237724908 0.2875472255517017

Mean energy: -1.25073226e+02
Block size    # of blocks        Mean                Error
     1           300000       -1.25073226e+02       1.492211e-03
     2           150000       -1.25073226e+02       1.489058e-03
     5           60000       -1.25073226e+02       1.484956e-03
    10           30000       -1.25073226e+02       1.481656e-03
    20           15000       -1.25073226e+02       1.474250e-03
    50           6000       -1.25073226e+02       1.481240e-03
    70           4285       -1.25073186e+02       1.486800e-03
   100           3000       -1.25073226e+02       1.486213e-03
   200           1500       -1.25073226e+02       1.470267e-03
   500            600       -1.25073226e+02       1.462610e-03
0 0.0014922109786032565 0.0014626097015016126
Stocahstic error estimate: 1.492211e-03

	predict=-0.006607728672423837,actual=(-0.009574162240951978, 0.0021105925399066625)
	g=0.1895731744341844,del=0.22461220108518884,dot=0.013206433978459584,x=39.331151764175814
[(0, 0), (0, 1), (0, 2), (0, 3), (1, 0), (1, 1), (1, 2), (1, 3), (2, 0), (2, 1), (2, 2), (2, 3), (3, 0), (3, 1), (3, 2), (3, 3)]
[(0, 4), (0, 5), (0, 6), (0, 7), (1, 4), (1, 5), (1, 6), (1, 7), (2, 4), (2, 5), (2, 6), (2, 7), (3, 4), (3, 5), (3, 6), (3, 7)]
[(0, 8), (0, 9), (0, 10), (0, 11), (1, 8), (1, 9), (1, 10), (1, 11), (2, 8), (2, 9), (2, 10), (2, 11), (3, 8), (3, 9), (3, 10), (3, 11)]
[(0, 12), (0, 13), (0, 14), (0, 15), (1, 12), (1, 13), (1, 14), (1, 15), (2, 12), (2, 13), (2, 14), (2, 15), (3, 12), (3, 13), (3, 14), (3, 15)]
[(4, 0), (4, 1), (4, 2), (4, 3), (5, 0), (5, 1), (5, 2), (5, 3), (6, 0), (6, 1), (6, 2), (6, 3), (7, 0), (7, 1), (7, 2), (7, 3)]
[(4, 4), (4, 5), (4, 6), (4, 7), (5, 4), (5, 5), (5, 6), (5, 7), (6, 4), (6, 5), (6, 6), (6, 7), (7, 4), (7, 5), (7, 6), (7, 7)]
[(4, 8), (4, 9), (4, 10), (4, 11), (5, 8), (5, 9), (5, 10), (5, 11), (6, 8), (6, 9), (6, 10), (6, 11), (7, 8), (7, 9), (7, 10), (7, 11)]
[(4, 12), (4, 13), (4, 14), (4, 15), (5, 12), (5, 13), (5, 14), (5, 15), (6, 12), (6, 13), (6, 14), (6, 15), (7, 12), (7, 13), (7, 14), (7, 15)]
[(8, 0), (8, 1), (8, 2), (8, 3), (9, 0), (9, 1), (9, 2), (9, 3), (10, 0), (10, 1), (10, 2), (10, 3), (11, 0), (11, 1), (11, 2), (11, 3)]
[(8, 4), (8, 5), (8, 6), (8, 7), (9, 4), (9, 5), (9, 6), (9, 7), (10, 4), (10, 5), (10, 6), (10, 7), (11, 4), (11, 5), (11, 6), (11, 7)]
[(8, 8), (8, 9), (8, 10), (8, 11), (9, 8), (9, 9), (9, 10), (9, 11), (10, 8), (10, 9), (10, 10), (10, 11), (11, 8), (11, 9), (11, 10), (11, 11)]
[(8, 12), (8, 13), (8, 14), (8, 15), (9, 12), (9, 13), (9, 14), (9, 15), (10, 12), (10, 13), (10, 14), (10, 15), (11, 12), (11, 13), (11, 14), (11, 15)]
[(12, 0), (12, 1), (12, 2), (12, 3), (13, 0), (13, 1), (13, 2), (13, 3), (14, 0), (14, 1), (14, 2), (14, 3), (15, 0), (15, 1), (15, 2), (15, 3)]
[(12, 4), (12, 5), (12, 6), (12, 7), (13, 4), (13, 5), (13, 6), (13, 7), (14, 4), (14, 5), (14, 6), (14, 7), (15, 4), (15, 5), (15, 6), (15, 7)]
[(12, 8), (12, 9), (12, 10), (12, 11), (13, 8), (13, 9), (13, 10), (13, 11), (14, 8), (14, 9), (14, 10), (14, 11), (15, 8), (15, 9), (15, 10), (15, 11)]
[(12, 12), (12, 13), (12, 14), (12, 15), (13, 12), (13, 13), (13, 14), (13, 15), (14, 12), (14, 13), (14, 14), (14, 15), (15, 12), (15, 13), (15, 14), (15, 15)]
block_dict= [(0, 25992), (25992, 58824), (58824, 91656), (91656, 117648), (117648, 150480), (150480, 191952), (191952, 233424), (233424, 266256), (266256, 299088), (299088, 340560), (340560, 382032), (382032, 414864), (414864, 440856), (440856, 473688), (473688, 506520), (506520, 532512)]
sizes= [25992, 32832, 32832, 25992, 32832, 41472, 41472, 32832, 32832, 41472, 41472, 32832, 25992, 32832, 32832, 25992]
nbatch= 1
RANK= 0
SIZE= 640
Lx,Ly= 16 16
D= 6
chi= 12
rate= 0.1 0.5
cond= 0.001 0.1
nparams= 532512 467575
256 128 128
size= 4.062843322753906
	prob= 0.0037416524378177177
	burn in time= 171.22382378578186
trouble in torch gesdd routine, falling back to gesvd
trouble in torch gesdd routine, falling back to gesvd
trouble in torch gesdd routine, falling back to gesvd
	sample time= 7762.686958551407
	contraction err= 0.0015618752275420474 0.24340568299948095

Mean energy: -1.25073824e+02
Block size    # of blocks        Mean                Error
     1           300000       -1.25073824e+02       1.503764e-03
     2           150000       -1.25073824e+02       1.501016e-03
     5           60000       -1.25073824e+02       1.504704e-03
    10           30000       -1.25073824e+02       1.506595e-03
    20           15000       -1.25073824e+02       1.507703e-03
    50           6000       -1.25073824e+02       1.500313e-03
    70           4285       -1.25073844e+02       1.496291e-03
   100           3000       -1.25073824e+02       1.457573e-03
   200           1500       -1.25073824e+02       1.466669e-03
   500            600       -1.25073824e+02       1.403217e-03
0 0.0015037641308700625 0.0014032174976530295
Stocahstic error estimate: 1.503764e-03

step=8,E=-0.48856962361331235,dE=-0.48856962361331235,err=5.874078636211182e-06,gmax=0.01817532095139396
	collect g,Hv time= 15.681149244308472
	solver time=18.060295343399048,exit status=0
niter= 45
pure_newton= True
ix=0,sh=25992
	solver time=7.618759393692017,exit status=0
niter= 52
ix=1,sh=32832
	solver time=7.72623085975647,exit status=0
niter= 40
ix=2,sh=32832
	solver time=7.096874475479126,exit status=0
niter= 38
ix=3,sh=25992
	solver time=5.497838497161865,exit status=0
niter= 38
ix=4,sh=32832
	solver time=15.12883734703064,exit status=0
niter= 79
ix=5,sh=41472
	solver time=18.592381477355957,exit status=0
niter= 76
ix=6,sh=41472
	solver time=19.187171459197998,exit status=0
niter= 78
ix=7,sh=32832
	solver time=13.4062659740448,exit status=0
niter= 71
ix=8,sh=32832
	solver time=14.78210163116455,exit status=0
niter= 77
ix=9,sh=41472
	solver time=18.793851375579834,exit status=0
niter= 77
ix=10,sh=41472
	solver time=20.171314001083374,exit status=0
niter= 82
ix=11,sh=32832
	solver time=15.373375654220581,exit status=0
niter= 80
ix=12,sh=25992
	solver time=5.648558616638184,exit status=0
niter= 39
ix=13,sh=32832
	solver time=7.641956567764282,exit status=0
niter= 41
ix=14,sh=32832
	solver time=7.254354238510132,exit status=0
niter= 39
ix=15,sh=25992
	solver time=5.387950420379639,exit status=0
niter= 36
	prob= 0.0015733895246628669
	burn in time= 174.66265630722046
	sample time= 4157.491471290588
	contraction err= 0.0015886899758270326 0.4590160572764576

Mean energy: -1.25088202e+02
Block size    # of blocks        Mean                Error
     1           300000       -1.25088202e+02       1.469276e-03
     2           150000       -1.25088202e+02       1.468976e-03
     5           60000       -1.25088202e+02       1.465811e-03
    10           30000       -1.25088202e+02       1.460322e-03
    20           15000       -1.25088202e+02       1.462946e-03
    50           6000       -1.25088202e+02       1.462908e-03
    70           4285       -1.25088182e+02       1.469201e-03
   100           3000       -1.25088202e+02       1.468139e-03
   200           1500       -1.25088202e+02       1.439618e-03
   500            600       -1.25088202e+02       1.466751e-03
0 0.0014692762906304256 0.0014667508193846818
Stocahstic error estimate: 1.469276e-03

	predict=-0.006615558914882738,actual=(-0.01437883778534399, 0.0021023984825670173)
	g=0.2070244165191112,del=0.22009388168483796,dot=0.01322245457253653,x=39.72446328181757
[(0, 0), (0, 1), (0, 2), (0, 3), (1, 0), (1, 1), (1, 2), (1, 3), (2, 0), (2, 1), (2, 2), (2, 3), (3, 0), (3, 1), (3, 2), (3, 3)]
[(0, 4), (0, 5), (0, 6), (0, 7), (1, 4), (1, 5), (1, 6), (1, 7), (2, 4), (2, 5), (2, 6), (2, 7), (3, 4), (3, 5), (3, 6), (3, 7)]
[(0, 8), (0, 9), (0, 10), (0, 11), (1, 8), (1, 9), (1, 10), (1, 11), (2, 8), (2, 9), (2, 10), (2, 11), (3, 8), (3, 9), (3, 10), (3, 11)]
[(0, 12), (0, 13), (0, 14), (0, 15), (1, 12), (1, 13), (1, 14), (1, 15), (2, 12), (2, 13), (2, 14), (2, 15), (3, 12), (3, 13), (3, 14), (3, 15)]
[(4, 0), (4, 1), (4, 2), (4, 3), (5, 0), (5, 1), (5, 2), (5, 3), (6, 0), (6, 1), (6, 2), (6, 3), (7, 0), (7, 1), (7, 2), (7, 3)]
[(4, 4), (4, 5), (4, 6), (4, 7), (5, 4), (5, 5), (5, 6), (5, 7), (6, 4), (6, 5), (6, 6), (6, 7), (7, 4), (7, 5), (7, 6), (7, 7)]
[(4, 8), (4, 9), (4, 10), (4, 11), (5, 8), (5, 9), (5, 10), (5, 11), (6, 8), (6, 9), (6, 10), (6, 11), (7, 8), (7, 9), (7, 10), (7, 11)]
[(4, 12), (4, 13), (4, 14), (4, 15), (5, 12), (5, 13), (5, 14), (5, 15), (6, 12), (6, 13), (6, 14), (6, 15), (7, 12), (7, 13), (7, 14), (7, 15)]
[(8, 0), (8, 1), (8, 2), (8, 3), (9, 0), (9, 1), (9, 2), (9, 3), (10, 0), (10, 1), (10, 2), (10, 3), (11, 0), (11, 1), (11, 2), (11, 3)]
[(8, 4), (8, 5), (8, 6), (8, 7), (9, 4), (9, 5), (9, 6), (9, 7), (10, 4), (10, 5), (10, 6), (10, 7), (11, 4), (11, 5), (11, 6), (11, 7)]
[(8, 8), (8, 9), (8, 10), (8, 11), (9, 8), (9, 9), (9, 10), (9, 11), (10, 8), (10, 9), (10, 10), (10, 11), (11, 8), (11, 9), (11, 10), (11, 11)]
[(8, 12), (8, 13), (8, 14), (8, 15), (9, 12), (9, 13), (9, 14), (9, 15), (10, 12), (10, 13), (10, 14), (10, 15), (11, 12), (11, 13), (11, 14), (11, 15)]
[(12, 0), (12, 1), (12, 2), (12, 3), (13, 0), (13, 1), (13, 2), (13, 3), (14, 0), (14, 1), (14, 2), (14, 3), (15, 0), (15, 1), (15, 2), (15, 3)]
[(12, 4), (12, 5), (12, 6), (12, 7), (13, 4), (13, 5), (13, 6), (13, 7), (14, 4), (14, 5), (14, 6), (14, 7), (15, 4), (15, 5), (15, 6), (15, 7)]
[(12, 8), (12, 9), (12, 10), (12, 11), (13, 8), (13, 9), (13, 10), (13, 11), (14, 8), (14, 9), (14, 10), (14, 11), (15, 8), (15, 9), (15, 10), (15, 11)]
[(12, 12), (12, 13), (12, 14), (12, 15), (13, 12), (13, 13), (13, 14), (13, 15), (14, 12), (14, 13), (14, 14), (14, 15), (15, 12), (15, 13), (15, 14), (15, 15)]
block_dict= [(0, 25992), (25992, 58824), (58824, 91656), (91656, 117648), (117648, 150480), (150480, 191952), (191952, 233424), (233424, 266256), (266256, 299088), (299088, 340560), (340560, 382032), (382032, 414864), (414864, 440856), (440856, 473688), (473688, 506520), (506520, 532512)]
sizes= [25992, 32832, 32832, 25992, 32832, 41472, 41472, 32832, 32832, 41472, 41472, 32832, 25992, 32832, 32832, 25992]
nbatch= 1
RANK= 0
SIZE= 640
Lx,Ly= 16 16
D= 6
chi= 12
rate= 0.1 0.5
cond= 0.001 0.1
nparams= 532512 467687
256 128 128
size= 4.062843322753906
	prob= 0.0015733895246628701
	burn in time= 180.44786715507507
trouble in torch gesdd routine, falling back to gesvd
trouble in torch gesdd routine, falling back to gesvd
trouble in torch gesdd routine, falling back to gesvd
trouble in torch gesdd routine, falling back to gesvd
trouble in torch gesdd routine, falling back to gesvd
trouble in torch gesdd routine, falling back to gesvd
trouble in torch gesdd routine, falling back to gesvd
trouble in torch gesdd routine, falling back to gesvd
	sample time= 7760.859688282013
	contraction err= 0.0015835400085373948 0.24950659811527257

Mean energy: -1.25085239e+02
Block size    # of blocks        Mean                Error
     1           300000       -1.25085239e+02       1.475439e-03
     2           150000       -1.25085239e+02       1.479319e-03
     5           60000       -1.25085239e+02       1.480439e-03
    10           30000       -1.25085239e+02       1.485775e-03
    20           15000       -1.25085239e+02       1.482595e-03
    50           6000       -1.25085239e+02       1.488206e-03
    70           4285       -1.25085234e+02       1.499222e-03
   100           3000       -1.25085239e+02       1.506103e-03
   200           1500       -1.25085239e+02       1.519160e-03
   500            600       -1.25085239e+02       1.499349e-03
0 0.001479319434177148 0.0014993487143156491
Stocahstic error estimate: 1.479319e-03

step=9,E=-0.48861421550957185,dE=-0.48861421550957185,err=5.778591539754484e-06,gmax=0.014656606297407393
	collect g,Hv time= 15.524466514587402
	solver time=18.109144926071167,exit status=0
niter= 45
pure_newton= True
ix=0,sh=25992
	solver time=5.713627815246582,exit status=0
niter= 39
ix=1,sh=32832
	solver time=7.550603866577148,exit status=0
niter= 39
ix=2,sh=32832
	solver time=7.45951247215271,exit status=0
niter= 40
ix=3,sh=25992
	solver time=5.050275087356567,exit status=0
niter= 35
ix=4,sh=32832
	solver time=14.546301126480103,exit status=0
niter= 76
ix=5,sh=41472
	solver time=18.876909732818604,exit status=0
niter= 77
ix=6,sh=41472
	solver time=19.23826503753662,exit status=0
niter= 78
ix=7,sh=32832
	solver time=14.219350099563599,exit status=0
niter= 75
ix=8,sh=32832
	solver time=14.55885648727417,exit status=0
niter= 76
ix=9,sh=41472
	solver time=19.13423728942871,exit status=0
niter= 78
ix=10,sh=41472
	solver time=18.962098360061646,exit status=0
niter= 77
ix=11,sh=32832
	solver time=14.014122247695923,exit status=0
niter= 73
ix=12,sh=25992
	solver time=5.534064054489136,exit status=0
niter= 38
ix=13,sh=32832
niter= 38
	solver time=7.092888832092285,exit status=0
ix=14,sh=32832
	solver time=8.783899068832397,exit status=0
niter= 47
ix=15,sh=25992
niter= 49
	solver time=7.379322052001953,exit status=0
	prob= 0.0006212506835345977
	burn in time= 175.02649641036987
	sample time= 4159.048668861389
	contraction err= 0.0016393031371186551 0.294236856239135

Mean energy: -1.25094112e+02
Block size    # of blocks        Mean                Error
     1           300000       -1.25094112e+02       1.466445e-03
     2           150000       -1.25094112e+02       1.469619e-03
     5           60000       -1.25094112e+02       1.476671e-03
    10           30000       -1.25094112e+02       1.485081e-03
    20           15000       -1.25094112e+02       1.483498e-03
    50           6000       -1.25094112e+02       1.470532e-03
    70           4285       -1.25094081e+02       1.487127e-03
   100           3000       -1.25094112e+02       1.469437e-03
   200           1500       -1.25094112e+02       1.449809e-03
   500            600       -1.25094112e+02       1.441777e-03
0 0.0014696188212020753 0.0014417768817021192
Stocahstic error estimate: 1.469619e-03

	predict=-0.005905735721746411,actual=(-0.008872403920861416, 0.0020852255196897947)
	g=0.1973953966769199,del=0.2143358863022379,dot=0.011804702163953141,x=39.724463281817584
[(0, 0), (0, 1), (0, 2), (0, 3), (1, 0), (1, 1), (1, 2), (1, 3), (2, 0), (2, 1), (2, 2), (2, 3), (3, 0), (3, 1), (3, 2), (3, 3)]
[(0, 4), (0, 5), (0, 6), (0, 7), (1, 4), (1, 5), (1, 6), (1, 7), (2, 4), (2, 5), (2, 6), (2, 7), (3, 4), (3, 5), (3, 6), (3, 7)]
[(0, 8), (0, 9), (0, 10), (0, 11), (1, 8), (1, 9), (1, 10), (1, 11), (2, 8), (2, 9), (2, 10), (2, 11), (3, 8), (3, 9), (3, 10), (3, 11)]
[(0, 12), (0, 13), (0, 14), (0, 15), (1, 12), (1, 13), (1, 14), (1, 15), (2, 12), (2, 13), (2, 14), (2, 15), (3, 12), (3, 13), (3, 14), (3, 15)]
[(4, 0), (4, 1), (4, 2), (4, 3), (5, 0), (5, 1), (5, 2), (5, 3), (6, 0), (6, 1), (6, 2), (6, 3), (7, 0), (7, 1), (7, 2), (7, 3)]
[(4, 4), (4, 5), (4, 6), (4, 7), (5, 4), (5, 5), (5, 6), (5, 7), (6, 4), (6, 5), (6, 6), (6, 7), (7, 4), (7, 5), (7, 6), (7, 7)]
[(4, 8), (4, 9), (4, 10), (4, 11), (5, 8), (5, 9), (5, 10), (5, 11), (6, 8), (6, 9), (6, 10), (6, 11), (7, 8), (7, 9), (7, 10), (7, 11)]
[(4, 12), (4, 13), (4, 14), (4, 15), (5, 12), (5, 13), (5, 14), (5, 15), (6, 12), (6, 13), (6, 14), (6, 15), (7, 12), (7, 13), (7, 14), (7, 15)]
[(8, 0), (8, 1), (8, 2), (8, 3), (9, 0), (9, 1), (9, 2), (9, 3), (10, 0), (10, 1), (10, 2), (10, 3), (11, 0), (11, 1), (11, 2), (11, 3)]
[(8, 4), (8, 5), (8, 6), (8, 7), (9, 4), (9, 5), (9, 6), (9, 7), (10, 4), (10, 5), (10, 6), (10, 7), (11, 4), (11, 5), (11, 6), (11, 7)]
[(8, 8), (8, 9), (8, 10), (8, 11), (9, 8), (9, 9), (9, 10), (9, 11), (10, 8), (10, 9), (10, 10), (10, 11), (11, 8), (11, 9), (11, 10), (11, 11)]
[(8, 12), (8, 13), (8, 14), (8, 15), (9, 12), (9, 13), (9, 14), (9, 15), (10, 12), (10, 13), (10, 14), (10, 15), (11, 12), (11, 13), (11, 14), (11, 15)]
[(12, 0), (12, 1), (12, 2), (12, 3), (13, 0), (13, 1), (13, 2), (13, 3), (14, 0), (14, 1), (14, 2), (14, 3), (15, 0), (15, 1), (15, 2), (15, 3)]
[(12, 4), (12, 5), (12, 6), (12, 7), (13, 4), (13, 5), (13, 6), (13, 7), (14, 4), (14, 5), (14, 6), (14, 7), (15, 4), (15, 5), (15, 6), (15, 7)]
[(12, 8), (12, 9), (12, 10), (12, 11), (13, 8), (13, 9), (13, 10), (13, 11), (14, 8), (14, 9), (14, 10), (14, 11), (15, 8), (15, 9), (15, 10), (15, 11)]
[(12, 12), (12, 13), (12, 14), (12, 15), (13, 12), (13, 13), (13, 14), (13, 15), (14, 12), (14, 13), (14, 14), (14, 15), (15, 12), (15, 13), (15, 14), (15, 15)]
block_dict= [(0, 25992), (25992, 58824), (58824, 91656), (91656, 117648), (117648, 150480), (150480, 191952), (191952, 233424), (233424, 266256), (266256, 299088), (299088, 340560), (340560, 382032), (382032, 414864), (414864, 440856), (440856, 473688), (473688, 506520), (506520, 532512)]
sizes= [25992, 32832, 32832, 25992, 32832, 41472, 41472, 32832, 32832, 41472, 41472, 32832, 25992, 32832, 32832, 25992]
nbatch= 1
RANK= 0
SIZE= 640
Lx,Ly= 16 16
D= 6
chi= 12
rate= 0.1 0.5
cond= 0.001 0.1
nparams= 532512 467720
256 128 128
size= 4.062843322753906
	prob= 0.0006212506835345991
	burn in time= 175.62121868133545
trouble in torch gesdd routine, falling back to gesvd
trouble in torch gesdd routine, falling back to gesvd
trouble in torch gesdd routine, falling back to gesvd
trouble in torch gesdd routine, falling back to gesvd
	sample time= 7755.953021526337
	contraction err= 0.0016309123462273428 0.5989365750932714

Mean energy: -1.25096044e+02
Block size    # of blocks        Mean                Error
     1           300000       -1.25096044e+02       1.477176e-03
     2           150000       -1.25096044e+02       1.478495e-03
     5           60000       -1.25096044e+02       1.477709e-03
    10           30000       -1.25096044e+02       1.471416e-03
    20           15000       -1.25096044e+02       1.474835e-03
    50           6000       -1.25096044e+02       1.470186e-03
    70           4285       -1.25096047e+02       1.466397e-03
   100           3000       -1.25096044e+02       1.463241e-03
   200           1500       -1.25096044e+02       1.490178e-03
   500            600       -1.25096044e+02       1.505804e-03
0 0.001478494882441321 0.0015058039922975599
Stocahstic error estimate: 1.478495e-03

step=10,E=-0.48865642157200706,dE=-0.48865642157200706,err=5.7753706345364105e-06,gmax=0.01568677325535006
	collect g,Hv time= 15.690857410430908
	solver time=18.175496339797974,exit status=0
niter= 45
pure_newton= True
ix=0,sh=25992
	solver time=5.11787748336792,exit status=0
niter= 35
ix=1,sh=32832
	solver time=8.796708345413208,exit status=0
niter= 46
ix=2,sh=32832
	solver time=7.041716575622559,exit status=0
niter= 37
ix=3,sh=25992
	solver time=5.1327478885650635,exit status=0
niter= 35
ix=4,sh=32832
	solver time=14.74393105506897,exit status=0
niter= 78
ix=5,sh=41472
	solver time=18.974467992782593,exit status=0
niter= 77
ix=6,sh=41472
niter= 78
	solver time=19.101301908493042,exit status=0
ix=7,sh=32832
	solver time=14.25305461883545,exit status=0
niter= 75
ix=8,sh=32832
	solver time=15.788860559463501,exit status=0
niter= 83
ix=9,sh=41472
	solver time=19.1095871925354,exit status=0
niter= 78
ix=10,sh=41472
	solver time=19.89796209335327,exit status=0
niter= 81
ix=11,sh=32832
	solver time=13.780168056488037,exit status=0
niter= 73
ix=12,sh=25992
	solver time=5.982992172241211,exit status=0
niter= 40
ix=13,sh=32832
	solver time=7.707064867019653,exit status=0
niter= 41
ix=14,sh=32832
	solver time=7.464291334152222,exit status=0
niter= 40
ix=15,sh=25992
	solver time=5.249760150909424,exit status=0
niter= 36
	prob= 0.00025550024664982397
	burn in time= 176.00031566619873
	sample time= 4149.253552675247
	contraction err= 0.001659997204411544 0.31742385489810476

Mean energy: -1.25104142e+02
Block size    # of blocks        Mean                Error
     1           300000       -1.25104142e+02       1.465076e-03
     2           150000       -1.25104142e+02       1.464423e-03
     5           60000       -1.25104142e+02       1.465568e-03
    10           30000       -1.25104142e+02       1.470210e-03
    20           15000       -1.25104142e+02       1.478429e-03
    50           6000       -1.25104142e+02       1.470049e-03
    70           4285       -1.25104151e+02       1.463065e-03
   100           3000       -1.25104142e+02       1.461110e-03
   200           1500       -1.25104142e+02       1.475372e-03
   500            600       -1.25104142e+02       1.524764e-03
0 0.0014650756085801235 0.0015247638172465362
Stocahstic error estimate: 1.465076e-03

	predict=-0.00534883205682305,actual=(-0.008098022153518514, 0.0020814402840969508)
	g=0.19611088875924976,del=0.2077572656060798,dot=0.010688796226689667,x=39.72446328181757
[(0, 0), (0, 1), (0, 2), (0, 3), (1, 0), (1, 1), (1, 2), (1, 3), (2, 0), (2, 1), (2, 2), (2, 3), (3, 0), (3, 1), (3, 2), (3, 3)]
[(0, 4), (0, 5), (0, 6), (0, 7), (1, 4), (1, 5), (1, 6), (1, 7), (2, 4), (2, 5), (2, 6), (2, 7), (3, 4), (3, 5), (3, 6), (3, 7)]
[(0, 8), (0, 9), (0, 10), (0, 11), (1, 8), (1, 9), (1, 10), (1, 11), (2, 8), (2, 9), (2, 10), (2, 11), (3, 8), (3, 9), (3, 10), (3, 11)]
[(0, 12), (0, 13), (0, 14), (0, 15), (1, 12), (1, 13), (1, 14), (1, 15), (2, 12), (2, 13), (2, 14), (2, 15), (3, 12), (3, 13), (3, 14), (3, 15)]
[(4, 0), (4, 1), (4, 2), (4, 3), (5, 0), (5, 1), (5, 2), (5, 3), (6, 0), (6, 1), (6, 2), (6, 3), (7, 0), (7, 1), (7, 2), (7, 3)]
[(4, 4), (4, 5), (4, 6), (4, 7), (5, 4), (5, 5), (5, 6), (5, 7), (6, 4), (6, 5), (6, 6), (6, 7), (7, 4), (7, 5), (7, 6), (7, 7)]
[(4, 8), (4, 9), (4, 10), (4, 11), (5, 8), (5, 9), (5, 10), (5, 11), (6, 8), (6, 9), (6, 10), (6, 11), (7, 8), (7, 9), (7, 10), (7, 11)]
[(4, 12), (4, 13), (4, 14), (4, 15), (5, 12), (5, 13), (5, 14), (5, 15), (6, 12), (6, 13), (6, 14), (6, 15), (7, 12), (7, 13), (7, 14), (7, 15)]
[(8, 0), (8, 1), (8, 2), (8, 3), (9, 0), (9, 1), (9, 2), (9, 3), (10, 0), (10, 1), (10, 2), (10, 3), (11, 0), (11, 1), (11, 2), (11, 3)]
[(8, 4), (8, 5), (8, 6), (8, 7), (9, 4), (9, 5), (9, 6), (9, 7), (10, 4), (10, 5), (10, 6), (10, 7), (11, 4), (11, 5), (11, 6), (11, 7)]
[(8, 8), (8, 9), (8, 10), (8, 11), (9, 8), (9, 9), (9, 10), (9, 11), (10, 8), (10, 9), (10, 10), (10, 11), (11, 8), (11, 9), (11, 10), (11, 11)]
[(8, 12), (8, 13), (8, 14), (8, 15), (9, 12), (9, 13), (9, 14), (9, 15), (10, 12), (10, 13), (10, 14), (10, 15), (11, 12), (11, 13), (11, 14), (11, 15)]
[(12, 0), (12, 1), (12, 2), (12, 3), (13, 0), (13, 1), (13, 2), (13, 3), (14, 0), (14, 1), (14, 2), (14, 3), (15, 0), (15, 1), (15, 2), (15, 3)]
[(12, 4), (12, 5), (12, 6), (12, 7), (13, 4), (13, 5), (13, 6), (13, 7), (14, 4), (14, 5), (14, 6), (14, 7), (15, 4), (15, 5), (15, 6), (15, 7)]
[(12, 8), (12, 9), (12, 10), (12, 11), (13, 8), (13, 9), (13, 10), (13, 11), (14, 8), (14, 9), (14, 10), (14, 11), (15, 8), (15, 9), (15, 10), (15, 11)]
[(12, 12), (12, 13), (12, 14), (12, 15), (13, 12), (13, 13), (13, 14), (13, 15), (14, 12), (14, 13), (14, 14), (14, 15), (15, 12), (15, 13), (15, 14), (15, 15)]
block_dict= [(0, 25992), (25992, 58824), (58824, 91656), (91656, 117648), (117648, 150480), (150480, 191952), (191952, 233424), (233424, 266256), (266256, 299088), (299088, 340560), (340560, 382032), (382032, 414864), (414864, 440856), (440856, 473688), (473688, 506520), (506520, 532512)]
sizes= [25992, 32832, 32832, 25992, 32832, 41472, 41472, 32832, 32832, 41472, 41472, 32832, 25992, 32832, 32832, 25992]
nbatch= 1
RANK= 0
SIZE= 640
Lx,Ly= 16 16
D= 6
chi= 12
rate= 0.1 0.5
cond= 0.001 0.1
nparams= 532512 467762
256 128 128
size= 4.062843322753906
	prob= 0.00025550024664982353
	burn in time= 178.67563128471375
trouble in torch gesdd routine, falling back to gesvd
trouble in torch gesdd routine, falling back to gesvd
trouble in torch gesdd routine, falling back to gesvd
trouble in torch gesdd routine, falling back to gesvd
trouble in torch gesdd routine, falling back to gesvd
trouble in torch gesdd routine, falling back to gesvd
trouble in torch gesdd routine, falling back to gesvd
trouble in torch gesdd routine, falling back to gesvd
	sample time= 7759.936099529266
	contraction err= 0.0016525978133230938 0.3417217318356861

Mean energy: -1.25099967e+02
Block size    # of blocks        Mean                Error
     1           300000       -1.25099967e+02       1.491227e-03
     2           150000       -1.25099967e+02       1.494824e-03
     5           60000       -1.25099967e+02       1.488755e-03
    10           30000       -1.25099967e+02       1.496641e-03
    20           15000       -1.25099967e+02       1.490319e-03
    50           6000       -1.25099967e+02       1.477880e-03
    70           4285       -1.25099999e+02       1.488059e-03
   100           3000       -1.25099967e+02       1.475219e-03
   200           1500       -1.25099967e+02       1.470949e-03
   500            600       -1.25099967e+02       1.488216e-03
0 0.0014948239517265666 0.001488215937011217
Stocahstic error estimate: 1.494824e-03

step=11,E=-0.4886717478878309,dE=-0.4886717478878309,err=5.839156061431901e-06,gmax=0.017036985482653214
	collect g,Hv time= 15.94557499885559
	solver time=18.18832039833069,exit status=0
niter= 45
pure_newton= True
ix=0,sh=25992
	solver time=5.2277350425720215,exit status=0
niter= 36
ix=1,sh=32832
	solver time=7.472031354904175,exit status=0
niter= 40
ix=2,sh=32832
	solver time=7.546776533126831,exit status=0
niter= 40
ix=3,sh=25992
	solver time=5.677250623703003,exit status=0
niter= 38
ix=4,sh=32832
	solver time=15.339383363723755,exit status=0
niter= 81
ix=5,sh=41472
	solver time=19.427794933319092,exit status=0
niter= 79
ix=6,sh=41472
	solver time=19.27795910835266,exit status=0
niter= 79
ix=7,sh=32832
	solver time=13.709255456924438,exit status=0
niter= 72
ix=8,sh=32832
	solver time=14.397470712661743,exit status=0
niter= 76
ix=9,sh=41472
	solver time=19.093281984329224,exit status=0
niter= 78
ix=10,sh=41472
	solver time=19.866395950317383,exit status=0
niter= 81
ix=11,sh=32832
	solver time=14.701759099960327,exit status=0
niter= 78
ix=12,sh=25992
	solver time=5.137497663497925,exit status=0
niter= 35
ix=13,sh=32832
	solver time=7.8227832317352295,exit status=0
niter= 41
ix=14,sh=32832
	solver time=7.626399040222168,exit status=0
niter= 41
ix=15,sh=25992
	solver time=5.066371917724609,exit status=0
niter= 35
	prob= 0.00011668531947182204
	burn in time= 174.2631857395172
	sample time= 4159.698528289795
	contraction err= 0.0016956828623802234 0.279633660349937

Mean energy: -1.25109858e+02
Block size    # of blocks        Mean                Error
     1           300000       -1.25109858e+02       1.488650e-03
     2           150000       -1.25109858e+02       1.485976e-03
     5           60000       -1.25109858e+02       1.487876e-03
    10           30000       -1.25109858e+02       1.487355e-03
    20           15000       -1.25109858e+02       1.491508e-03
    50           6000       -1.25109858e+02       1.505793e-03
    70           4285       -1.25109873e+02       1.494696e-03
   100           3000       -1.25109858e+02       1.500182e-03
   200           1500       -1.25109858e+02       1.495215e-03
   500            600       -1.25109858e+02       1.526981e-03
0 0.001488650243309343 0.0015269809360949297
Stocahstic error estimate: 1.488650e-03

	predict=-0.005471233308829834,actual=(-0.009890359658356829, 0.002109639351538645)
	g=0.2104050932341804,del=0.2041064828608314,dot=0.010932987740278285,x=39.72446328181758
