[(0, 0), (0, 1), (0, 2), (0, 3), (1, 0), (1, 1), (1, 2), (1, 3), (2, 0), (2, 1), (2, 2), (2, 3), (3, 0), (3, 1), (3, 2), (3, 3)]
[(0, 4), (0, 5), (0, 6), (0, 7), (1, 4), (1, 5), (1, 6), (1, 7), (2, 4), (2, 5), (2, 6), (2, 7), (3, 4), (3, 5), (3, 6), (3, 7)]
[(0, 8), (0, 9), (0, 10), (0, 11), (1, 8), (1, 9), (1, 10), (1, 11), (2, 8), (2, 9), (2, 10), (2, 11), (3, 8), (3, 9), (3, 10), (3, 11)]
[(0, 12), (0, 13), (0, 14), (0, 15), (1, 12), (1, 13), (1, 14), (1, 15), (2, 12), (2, 13), (2, 14), (2, 15), (3, 12), (3, 13), (3, 14), (3, 15)]
[(4, 0), (4, 1), (4, 2), (4, 3), (5, 0), (5, 1), (5, 2), (5, 3), (6, 0), (6, 1), (6, 2), (6, 3), (7, 0), (7, 1), (7, 2), (7, 3)]
[(4, 4), (4, 5), (4, 6), (4, 7), (5, 4), (5, 5), (5, 6), (5, 7), (6, 4), (6, 5), (6, 6), (6, 7), (7, 4), (7, 5), (7, 6), (7, 7)]
[(4, 8), (4, 9), (4, 10), (4, 11), (5, 8), (5, 9), (5, 10), (5, 11), (6, 8), (6, 9), (6, 10), (6, 11), (7, 8), (7, 9), (7, 10), (7, 11)]
[(4, 12), (4, 13), (4, 14), (4, 15), (5, 12), (5, 13), (5, 14), (5, 15), (6, 12), (6, 13), (6, 14), (6, 15), (7, 12), (7, 13), (7, 14), (7, 15)]
[(8, 0), (8, 1), (8, 2), (8, 3), (9, 0), (9, 1), (9, 2), (9, 3), (10, 0), (10, 1), (10, 2), (10, 3), (11, 0), (11, 1), (11, 2), (11, 3)]
[(8, 4), (8, 5), (8, 6), (8, 7), (9, 4), (9, 5), (9, 6), (9, 7), (10, 4), (10, 5), (10, 6), (10, 7), (11, 4), (11, 5), (11, 6), (11, 7)]
[(8, 8), (8, 9), (8, 10), (8, 11), (9, 8), (9, 9), (9, 10), (9, 11), (10, 8), (10, 9), (10, 10), (10, 11), (11, 8), (11, 9), (11, 10), (11, 11)]
[(8, 12), (8, 13), (8, 14), (8, 15), (9, 12), (9, 13), (9, 14), (9, 15), (10, 12), (10, 13), (10, 14), (10, 15), (11, 12), (11, 13), (11, 14), (11, 15)]
[(12, 0), (12, 1), (12, 2), (12, 3), (13, 0), (13, 1), (13, 2), (13, 3), (14, 0), (14, 1), (14, 2), (14, 3), (15, 0), (15, 1), (15, 2), (15, 3)]
[(12, 4), (12, 5), (12, 6), (12, 7), (13, 4), (13, 5), (13, 6), (13, 7), (14, 4), (14, 5), (14, 6), (14, 7), (15, 4), (15, 5), (15, 6), (15, 7)]
[(12, 8), (12, 9), (12, 10), (12, 11), (13, 8), (13, 9), (13, 10), (13, 11), (14, 8), (14, 9), (14, 10), (14, 11), (15, 8), (15, 9), (15, 10), (15, 11)]
[(12, 12), (12, 13), (12, 14), (12, 15), (13, 12), (13, 13), (13, 14), (13, 15), (14, 12), (14, 13), (14, 14), (14, 15), (15, 12), (15, 13), (15, 14), (15, 15)]
block_dict= [(0, 25992), (25992, 58824), (58824, 91656), (91656, 117648), (117648, 150480), (150480, 191952), (191952, 233424), (233424, 266256), (266256, 299088), (299088, 340560), (340560, 382032), (382032, 414864), (414864, 440856), (440856, 473688), (473688, 506520), (506520, 532512)]
sizes= [25992, 32832, 32832, 25992, 32832, 41472, 41472, 32832, 32832, 41472, 41472, 32832, 25992, 32832, 32832, 25992]
nbatch= 1
RANK= 0
SIZE= 640
Lx,Ly= 16 16
D= 6
chi= 12
rate= 0.1 0.5
cond= 0.001 0.1
nparams= 532512 466753
256 128 128
size= 4.062843322753906
	prob= 70.9001664149863
	burn in time= 177.5794494152069
trouble in torch gesdd routine, falling back to gesvd
trouble in torch gesdd routine, falling back to gesvd
trouble in torch gesdd routine, falling back to gesvd
trouble in torch gesdd routine, falling back to gesvd
trouble in torch gesdd routine, falling back to gesvd
trouble in torch gesdd routine, falling back to gesvd
trouble in torch gesdd routine, falling back to gesvd
trouble in torch gesdd routine, falling back to gesvd
	sample time= 7737.70844578743
	contraction err= 0.0009922089657172933 0.21764478732498851

Mean energy: -1.24838962e+02
Block size    # of blocks        Mean                Error
     1           300000       -1.24838962e+02       1.613360e-03
     2           150000       -1.24838962e+02       1.613724e-03
     5           60000       -1.24838962e+02       1.607916e-03
    10           30000       -1.24838962e+02       1.612662e-03
    20           15000       -1.24838962e+02       1.605857e-03
    50           6000       -1.24838962e+02       1.603034e-03
    70           4285       -1.24838977e+02       1.592534e-03
   100           3000       -1.24838962e+02       1.607705e-03
   200           1500       -1.24838962e+02       1.587686e-03
   500            600       -1.24838962e+02       1.550362e-03
0 0.001613723918630933 0.0015503621338164113
Stocahstic error estimate: 1.613724e-03

step=0,E=-0.487652195054045,dE=-0.487652195054045,err=6.3036090571520825e-06,gmax=0.025144429590881145
	collect g,Hv time= 15.41850233078003
	solver time=16.072787284851074,exit status=0
niter= 40
pure_newton= True
ix=0,sh=25992
	solver time=7.61002779006958,exit status=0
niter= 52
ix=1,sh=32832
	solver time=6.6910247802734375,exit status=0
niter= 36
ix=2,sh=32832
	solver time=6.489544868469238,exit status=0
niter= 35
ix=3,sh=25992
	solver time=4.86431622505188,exit status=0
niter= 32
ix=4,sh=32832
	solver time=12.814477920532227,exit status=0
niter= 68
ix=5,sh=41472
	solver time=17.697723388671875,exit status=0
niter= 72
ix=6,sh=41472
	solver time=17.769756317138672,exit status=0
niter= 73
ix=7,sh=32832
	solver time=12.227893352508545,exit status=0
niter= 64
ix=8,sh=32832
	solver time=12.79790711402893,exit status=0
niter= 68
ix=9,sh=41472
	solver time=17.87773036956787,exit status=0
niter= 73
ix=10,sh=41472
	solver time=18.483076095581055,exit status=0
niter= 76
ix=11,sh=32832
niter= 64
	solver time=12.232097625732422,exit status=0
ix=12,sh=25992
	solver time=5.070542812347412,exit status=0
niter= 35
ix=13,sh=32832
	solver time=6.8621275424957275,exit status=0
niter= 37
ix=14,sh=32832
	solver time=7.24826455116272,exit status=0
niter= 39
ix=15,sh=25992
	solver time=5.372197866439819,exit status=0
niter= 36
	prob= 0.858702535836036
	burn in time= 174.99982452392578
	sample time= 4150.745189666748
	contraction err= 0.0011685426212679787 0.9412322638215243

Mean energy: -1.24947176e+02
Block size    # of blocks        Mean                Error
     1           300000       -1.24947176e+02       1.596850e-03
     2           150000       -1.24947176e+02       1.597077e-03
     5           60000       -1.24947176e+02       1.601772e-03
    10           30000       -1.24947176e+02       1.606086e-03
    20           15000       -1.24947176e+02       1.598776e-03
    50           6000       -1.24947176e+02       1.619628e-03
    70           4285       -1.24947168e+02       1.611848e-03
   100           3000       -1.24947176e+02       1.611862e-03
   200           1500       -1.24947176e+02       1.635076e-03
   500            600       -1.24947176e+02       1.684227e-03
0 0.001597076544936761 0.0016842265083198012
Stocahstic error estimate: 1.597077e-03

	predict=-0.07194865051306557,actual=(-0.10821379131192543, 0.00227040929700984)
	g=0.4146423409405421,del=0.525812298544648,dot=0.14388650377140833,x=39.33115176417578
[(0, 0), (0, 1), (0, 2), (0, 3), (1, 0), (1, 1), (1, 2), (1, 3), (2, 0), (2, 1), (2, 2), (2, 3), (3, 0), (3, 1), (3, 2), (3, 3)]
[(0, 4), (0, 5), (0, 6), (0, 7), (1, 4), (1, 5), (1, 6), (1, 7), (2, 4), (2, 5), (2, 6), (2, 7), (3, 4), (3, 5), (3, 6), (3, 7)]
[(0, 8), (0, 9), (0, 10), (0, 11), (1, 8), (1, 9), (1, 10), (1, 11), (2, 8), (2, 9), (2, 10), (2, 11), (3, 8), (3, 9), (3, 10), (3, 11)]
[(0, 12), (0, 13), (0, 14), (0, 15), (1, 12), (1, 13), (1, 14), (1, 15), (2, 12), (2, 13), (2, 14), (2, 15), (3, 12), (3, 13), (3, 14), (3, 15)]
[(4, 0), (4, 1), (4, 2), (4, 3), (5, 0), (5, 1), (5, 2), (5, 3), (6, 0), (6, 1), (6, 2), (6, 3), (7, 0), (7, 1), (7, 2), (7, 3)]
[(4, 4), (4, 5), (4, 6), (4, 7), (5, 4), (5, 5), (5, 6), (5, 7), (6, 4), (6, 5), (6, 6), (6, 7), (7, 4), (7, 5), (7, 6), (7, 7)]
[(4, 8), (4, 9), (4, 10), (4, 11), (5, 8), (5, 9), (5, 10), (5, 11), (6, 8), (6, 9), (6, 10), (6, 11), (7, 8), (7, 9), (7, 10), (7, 11)]
[(4, 12), (4, 13), (4, 14), (4, 15), (5, 12), (5, 13), (5, 14), (5, 15), (6, 12), (6, 13), (6, 14), (6, 15), (7, 12), (7, 13), (7, 14), (7, 15)]
[(8, 0), (8, 1), (8, 2), (8, 3), (9, 0), (9, 1), (9, 2), (9, 3), (10, 0), (10, 1), (10, 2), (10, 3), (11, 0), (11, 1), (11, 2), (11, 3)]
[(8, 4), (8, 5), (8, 6), (8, 7), (9, 4), (9, 5), (9, 6), (9, 7), (10, 4), (10, 5), (10, 6), (10, 7), (11, 4), (11, 5), (11, 6), (11, 7)]
[(8, 8), (8, 9), (8, 10), (8, 11), (9, 8), (9, 9), (9, 10), (9, 11), (10, 8), (10, 9), (10, 10), (10, 11), (11, 8), (11, 9), (11, 10), (11, 11)]
[(8, 12), (8, 13), (8, 14), (8, 15), (9, 12), (9, 13), (9, 14), (9, 15), (10, 12), (10, 13), (10, 14), (10, 15), (11, 12), (11, 13), (11, 14), (11, 15)]
[(12, 0), (12, 1), (12, 2), (12, 3), (13, 0), (13, 1), (13, 2), (13, 3), (14, 0), (14, 1), (14, 2), (14, 3), (15, 0), (15, 1), (15, 2), (15, 3)]
[(12, 4), (12, 5), (12, 6), (12, 7), (13, 4), (13, 5), (13, 6), (13, 7), (14, 4), (14, 5), (14, 6), (14, 7), (15, 4), (15, 5), (15, 6), (15, 7)]
[(12, 8), (12, 9), (12, 10), (12, 11), (13, 8), (13, 9), (13, 10), (13, 11), (14, 8), (14, 9), (14, 10), (14, 11), (15, 8), (15, 9), (15, 10), (15, 11)]
[(12, 12), (12, 13), (12, 14), (12, 15), (13, 12), (13, 13), (13, 14), (13, 15), (14, 12), (14, 13), (14, 14), (14, 15), (15, 12), (15, 13), (15, 14), (15, 15)]
block_dict= [(0, 25992), (25992, 58824), (58824, 91656), (91656, 117648), (117648, 150480), (150480, 191952), (191952, 233424), (233424, 266256), (266256, 299088), (299088, 340560), (340560, 382032), (382032, 414864), (414864, 440856), (440856, 473688), (473688, 506520), (506520, 532512)]
sizes= [25992, 32832, 32832, 25992, 32832, 41472, 41472, 32832, 32832, 41472, 41472, 32832, 25992, 32832, 32832, 25992]
nbatch= 1
RANK= 0
SIZE= 640
Lx,Ly= 16 16
D= 6
chi= 12
rate= 0.1 0.5
cond= 0.001 0.1
nparams= 532512 466877
256 128 128
size= 4.062843322753906
	prob= 0.8587025358360356
	burn in time= 176.64516186714172
trouble in torch gesdd routine, falling back to gesvd
trouble in torch gesdd routine, falling back to gesvd
	sample time= 7743.2769067287445
	contraction err= 0.001160293631900338 0.4226345561436203

Mean energy: -1.24946603e+02
Block size    # of blocks        Mean                Error
     1           300000       -1.24946603e+02       1.521179e-03
     2           150000       -1.24946603e+02       1.520785e-03
     5           60000       -1.24946603e+02       1.517994e-03
    10           30000       -1.24946603e+02       1.517222e-03
    20           15000       -1.24946603e+02       1.521325e-03
    50           6000       -1.24946603e+02       1.507021e-03
    70           4285       -1.24946601e+02       1.499686e-03
   100           3000       -1.24946603e+02       1.513399e-03
   200           1500       -1.24946603e+02       1.500676e-03
   500            600       -1.24946603e+02       1.476530e-03
0 0.0015211787194652562 0.0014765297073950998
Stocahstic error estimate: 1.521179e-03

step=1,E=-0.4880726673178506,dE=-0.4880726673178506,err=5.942104372911157e-06,gmax=0.017860673332123156
	collect g,Hv time= 15.552501201629639
	solver time=18.168687343597412,exit status=0
niter= 45
pure_newton= True
ix=0,sh=25992
	solver time=6.578738212585449,exit status=0
niter= 45
ix=1,sh=32832
	solver time=7.281613111495972,exit status=0
niter= 39
ix=2,sh=32832
	solver time=7.3804144859313965,exit status=0
niter= 39
ix=3,sh=25992
	solver time=4.865246057510376,exit status=0
niter= 33
ix=4,sh=32832
	solver time=13.76131534576416,exit status=0
niter= 73
ix=5,sh=41472
	solver time=18.199530124664307,exit status=0
niter= 74
ix=6,sh=41472
	solver time=18.311230659484863,exit status=0
niter= 75
ix=7,sh=32832
	solver time=13.02180814743042,exit status=0
niter= 68
ix=8,sh=32832
	solver time=14.169889450073242,exit status=0
niter= 75
ix=9,sh=41472
	solver time=18.45992422103882,exit status=0
niter= 75
ix=10,sh=41472
	solver time=18.375549793243408,exit status=0
niter= 75
ix=11,sh=32832
	solver time=13.619246244430542,exit status=0
niter= 72
ix=12,sh=25992
	solver time=4.74990439414978,exit status=0
niter= 33
ix=13,sh=32832
	solver time=7.6956095695495605,exit status=0
niter= 41
ix=14,sh=32832
	solver time=9.761500597000122,exit status=0
niter= 51
ix=15,sh=25992
	solver time=5.061552286148071,exit status=0
niter= 35
	prob= 0.06099145257424026
	burn in time= 180.97742366790771
	sample time= 4147.067501068115
	contraction err= 0.001258360645053243 0.20547965982458258

Mean energy: -1.24984261e+02
Block size    # of blocks        Mean                Error
     1           300000       -1.24984261e+02       1.533799e-03
     2           150000       -1.24984261e+02       1.531093e-03
     5           60000       -1.24984261e+02       1.532039e-03
    10           30000       -1.24984261e+02       1.534508e-03
    20           15000       -1.24984261e+02       1.532412e-03
    50           6000       -1.24984261e+02       1.542221e-03
    70           4285       -1.24984265e+02       1.538848e-03
   100           3000       -1.24984261e+02       1.553255e-03
   200           1500       -1.24984261e+02       1.554013e-03
   500            600       -1.24984261e+02       1.537465e-03
0 0.0015337988745117526 0.0015374645560909163
Stocahstic error estimate: 1.533799e-03

	predict=-0.025005199696394642,actual=(-0.037658097251224376, 0.0021602138051608397)
	g=0.2391414351624947,del=0.35513813778531517,dot=0.04999752077364052,x=39.33115176417578
[(0, 0), (0, 1), (0, 2), (0, 3), (1, 0), (1, 1), (1, 2), (1, 3), (2, 0), (2, 1), (2, 2), (2, 3), (3, 0), (3, 1), (3, 2), (3, 3)]
[(0, 4), (0, 5), (0, 6), (0, 7), (1, 4), (1, 5), (1, 6), (1, 7), (2, 4), (2, 5), (2, 6), (2, 7), (3, 4), (3, 5), (3, 6), (3, 7)]
[(0, 8), (0, 9), (0, 10), (0, 11), (1, 8), (1, 9), (1, 10), (1, 11), (2, 8), (2, 9), (2, 10), (2, 11), (3, 8), (3, 9), (3, 10), (3, 11)]
[(0, 12), (0, 13), (0, 14), (0, 15), (1, 12), (1, 13), (1, 14), (1, 15), (2, 12), (2, 13), (2, 14), (2, 15), (3, 12), (3, 13), (3, 14), (3, 15)]
[(4, 0), (4, 1), (4, 2), (4, 3), (5, 0), (5, 1), (5, 2), (5, 3), (6, 0), (6, 1), (6, 2), (6, 3), (7, 0), (7, 1), (7, 2), (7, 3)]
[(4, 4), (4, 5), (4, 6), (4, 7), (5, 4), (5, 5), (5, 6), (5, 7), (6, 4), (6, 5), (6, 6), (6, 7), (7, 4), (7, 5), (7, 6), (7, 7)]
[(4, 8), (4, 9), (4, 10), (4, 11), (5, 8), (5, 9), (5, 10), (5, 11), (6, 8), (6, 9), (6, 10), (6, 11), (7, 8), (7, 9), (7, 10), (7, 11)]
[(4, 12), (4, 13), (4, 14), (4, 15), (5, 12), (5, 13), (5, 14), (5, 15), (6, 12), (6, 13), (6, 14), (6, 15), (7, 12), (7, 13), (7, 14), (7, 15)]
[(8, 0), (8, 1), (8, 2), (8, 3), (9, 0), (9, 1), (9, 2), (9, 3), (10, 0), (10, 1), (10, 2), (10, 3), (11, 0), (11, 1), (11, 2), (11, 3)]
[(8, 4), (8, 5), (8, 6), (8, 7), (9, 4), (9, 5), (9, 6), (9, 7), (10, 4), (10, 5), (10, 6), (10, 7), (11, 4), (11, 5), (11, 6), (11, 7)]
[(8, 8), (8, 9), (8, 10), (8, 11), (9, 8), (9, 9), (9, 10), (9, 11), (10, 8), (10, 9), (10, 10), (10, 11), (11, 8), (11, 9), (11, 10), (11, 11)]
[(8, 12), (8, 13), (8, 14), (8, 15), (9, 12), (9, 13), (9, 14), (9, 15), (10, 12), (10, 13), (10, 14), (10, 15), (11, 12), (11, 13), (11, 14), (11, 15)]
[(12, 0), (12, 1), (12, 2), (12, 3), (13, 0), (13, 1), (13, 2), (13, 3), (14, 0), (14, 1), (14, 2), (14, 3), (15, 0), (15, 1), (15, 2), (15, 3)]
[(12, 4), (12, 5), (12, 6), (12, 7), (13, 4), (13, 5), (13, 6), (13, 7), (14, 4), (14, 5), (14, 6), (14, 7), (15, 4), (15, 5), (15, 6), (15, 7)]
[(12, 8), (12, 9), (12, 10), (12, 11), (13, 8), (13, 9), (13, 10), (13, 11), (14, 8), (14, 9), (14, 10), (14, 11), (15, 8), (15, 9), (15, 10), (15, 11)]
[(12, 12), (12, 13), (12, 14), (12, 15), (13, 12), (13, 13), (13, 14), (13, 15), (14, 12), (14, 13), (14, 14), (14, 15), (15, 12), (15, 13), (15, 14), (15, 15)]
block_dict= [(0, 25992), (25992, 58824), (58824, 91656), (91656, 117648), (117648, 150480), (150480, 191952), (191952, 233424), (233424, 266256), (266256, 299088), (299088, 340560), (340560, 382032), (382032, 414864), (414864, 440856), (440856, 473688), (473688, 506520), (506520, 532512)]
sizes= [25992, 32832, 32832, 25992, 32832, 41472, 41472, 32832, 32832, 41472, 41472, 32832, 25992, 32832, 32832, 25992]
nbatch= 1
RANK= 0
SIZE= 640
Lx,Ly= 16 16
D= 6
chi= 12
rate= 0.1 0.5
cond= 0.001 0.1
nparams= 532512 466876
256 128 128
size= 4.062843322753906
	prob= 0.060991452574240206
	burn in time= 175.13029050827026
trouble in torch gesdd routine, falling back to gesvd
trouble in torch gesdd routine, falling back to gesvd
trouble in torch gesdd routine, falling back to gesvd
trouble in torch gesdd routine, falling back to gesvd
trouble in torch gesdd routine, falling back to gesvd
trouble in torch gesdd routine, falling back to gesvd
trouble in torch gesdd routine, falling back to gesvd
	sample time= 7741.743432998657
	contraction err= 0.0012713513814138861 1.1052953701373622

Mean energy: -1.24987657e+02
Block size    # of blocks        Mean                Error
     1           300000       -1.24987657e+02       1.543033e-03
     2           150000       -1.24987657e+02       1.545911e-03
     5           60000       -1.24987657e+02       1.542985e-03
    10           30000       -1.24987657e+02       1.551867e-03
    20           15000       -1.24987657e+02       1.551220e-03
    50           6000       -1.24987657e+02       1.556071e-03
    70           4285       -1.24987641e+02       1.562737e-03
   100           3000       -1.24987657e+02       1.537233e-03
   200           1500       -1.24987657e+02       1.544897e-03
   500            600       -1.24987657e+02       1.588331e-03
0 0.0015459110882739529 0.0015883305313467982
Stocahstic error estimate: 1.545911e-03

step=2,E=-0.488233033651494,dE=-0.488233033651494,err=6.0387151885701285e-06,gmax=0.026859697506623093
	collect g,Hv time= 15.50268030166626
	solver time=16.829792022705078,exit status=0
niter= 42
pure_newton= True
ix=0,sh=25992
	solver time=5.956472873687744,exit status=0
niter= 40
ix=1,sh=32832
	solver time=10.054575681686401,exit status=0
niter= 53
ix=2,sh=32832
	solver time=8.412018775939941,exit status=0
niter= 45
ix=3,sh=25992
	solver time=4.758327484130859,exit status=0
niter= 33
ix=4,sh=32832
	solver time=14.494639158248901,exit status=0
niter= 76
ix=5,sh=41472
	solver time=18.588537454605103,exit status=0
niter= 76
ix=6,sh=41472
	solver time=18.94024157524109,exit status=0
niter= 77
ix=7,sh=32832
	solver time=13.274183511734009,exit status=0
niter= 70
ix=8,sh=32832
	solver time=14.003140449523926,exit status=0
niter= 74
ix=9,sh=41472
	solver time=19.883872509002686,exit status=0
niter= 81
ix=10,sh=41472
	solver time=18.960200309753418,exit status=0
niter= 78
ix=11,sh=32832
	solver time=13.809166669845581,exit status=0
niter= 72
ix=12,sh=25992
	solver time=8.991562843322754,exit status=0
niter= 61
ix=13,sh=32832
	solver time=7.6615519523620605,exit status=0
niter= 41
ix=14,sh=32832
	solver time=7.44685435295105,exit status=0
niter= 39
ix=15,sh=25992
	solver time=4.784307241439819,exit status=0
niter= 33
	prob= 0.0090315226151882
	burn in time= 174.575097322464
	sample time= 4144.636976718903
	contraction err= 0.0013318086890267804 0.20173823403100025

Mean energy: -1.25009634e+02
Block size    # of blocks        Mean                Error
     1           300000       -1.25009634e+02       1.539988e-03
     2           150000       -1.25009634e+02       1.540260e-03
     5           60000       -1.25009634e+02       1.539066e-03
    10           30000       -1.25009634e+02       1.540192e-03
    20           15000       -1.25009634e+02       1.540139e-03
    50           6000       -1.25009634e+02       1.563978e-03
    70           4285       -1.25009664e+02       1.560636e-03
   100           3000       -1.25009634e+02       1.594865e-03
   200           1500       -1.25009634e+02       1.572967e-03
   500            600       -1.25009634e+02       1.615995e-03
0 0.0015402598079782052 0.0016159946786579085
Stocahstic error estimate: 1.540260e-03

	predict=-0.01483959269933935,actual=(-0.02197740696615824, 0.0021822560273536684)
	g=0.20067819051458466,del=0.30175776828943995,dot=0.029670438838572656,x=39.33115176417579
[(0, 0), (0, 1), (0, 2), (0, 3), (1, 0), (1, 1), (1, 2), (1, 3), (2, 0), (2, 1), (2, 2), (2, 3), (3, 0), (3, 1), (3, 2), (3, 3)]
[(0, 4), (0, 5), (0, 6), (0, 7), (1, 4), (1, 5), (1, 6), (1, 7), (2, 4), (2, 5), (2, 6), (2, 7), (3, 4), (3, 5), (3, 6), (3, 7)]
[(0, 8), (0, 9), (0, 10), (0, 11), (1, 8), (1, 9), (1, 10), (1, 11), (2, 8), (2, 9), (2, 10), (2, 11), (3, 8), (3, 9), (3, 10), (3, 11)]
[(0, 12), (0, 13), (0, 14), (0, 15), (1, 12), (1, 13), (1, 14), (1, 15), (2, 12), (2, 13), (2, 14), (2, 15), (3, 12), (3, 13), (3, 14), (3, 15)]
[(4, 0), (4, 1), (4, 2), (4, 3), (5, 0), (5, 1), (5, 2), (5, 3), (6, 0), (6, 1), (6, 2), (6, 3), (7, 0), (7, 1), (7, 2), (7, 3)]
[(4, 4), (4, 5), (4, 6), (4, 7), (5, 4), (5, 5), (5, 6), (5, 7), (6, 4), (6, 5), (6, 6), (6, 7), (7, 4), (7, 5), (7, 6), (7, 7)]
[(4, 8), (4, 9), (4, 10), (4, 11), (5, 8), (5, 9), (5, 10), (5, 11), (6, 8), (6, 9), (6, 10), (6, 11), (7, 8), (7, 9), (7, 10), (7, 11)]
[(4, 12), (4, 13), (4, 14), (4, 15), (5, 12), (5, 13), (5, 14), (5, 15), (6, 12), (6, 13), (6, 14), (6, 15), (7, 12), (7, 13), (7, 14), (7, 15)]
[(8, 0), (8, 1), (8, 2), (8, 3), (9, 0), (9, 1), (9, 2), (9, 3), (10, 0), (10, 1), (10, 2), (10, 3), (11, 0), (11, 1), (11, 2), (11, 3)]
[(8, 4), (8, 5), (8, 6), (8, 7), (9, 4), (9, 5), (9, 6), (9, 7), (10, 4), (10, 5), (10, 6), (10, 7), (11, 4), (11, 5), (11, 6), (11, 7)]
[(8, 8), (8, 9), (8, 10), (8, 11), (9, 8), (9, 9), (9, 10), (9, 11), (10, 8), (10, 9), (10, 10), (10, 11), (11, 8), (11, 9), (11, 10), (11, 11)]
[(8, 12), (8, 13), (8, 14), (8, 15), (9, 12), (9, 13), (9, 14), (9, 15), (10, 12), (10, 13), (10, 14), (10, 15), (11, 12), (11, 13), (11, 14), (11, 15)]
[(12, 0), (12, 1), (12, 2), (12, 3), (13, 0), (13, 1), (13, 2), (13, 3), (14, 0), (14, 1), (14, 2), (14, 3), (15, 0), (15, 1), (15, 2), (15, 3)]
[(12, 4), (12, 5), (12, 6), (12, 7), (13, 4), (13, 5), (13, 6), (13, 7), (14, 4), (14, 5), (14, 6), (14, 7), (15, 4), (15, 5), (15, 6), (15, 7)]
[(12, 8), (12, 9), (12, 10), (12, 11), (13, 8), (13, 9), (13, 10), (13, 11), (14, 8), (14, 9), (14, 10), (14, 11), (15, 8), (15, 9), (15, 10), (15, 11)]
[(12, 12), (12, 13), (12, 14), (12, 15), (13, 12), (13, 13), (13, 14), (13, 15), (14, 12), (14, 13), (14, 14), (14, 15), (15, 12), (15, 13), (15, 14), (15, 15)]
block_dict= [(0, 25992), (25992, 58824), (58824, 91656), (91656, 117648), (117648, 150480), (150480, 191952), (191952, 233424), (233424, 266256), (266256, 299088), (299088, 340560), (340560, 382032), (382032, 414864), (414864, 440856), (440856, 473688), (473688, 506520), (506520, 532512)]
sizes= [25992, 32832, 32832, 25992, 32832, 41472, 41472, 32832, 32832, 41472, 41472, 32832, 25992, 32832, 32832, 25992]
nbatch= 1
RANK= 0
SIZE= 640
Lx,Ly= 16 16
D= 6
chi= 12
rate= 0.1 0.5
cond= 0.001 0.1
nparams= 532512 466962
256 128 128
size= 4.062843322753906
	prob= 0.0090315226151882
	burn in time= 177.6647653579712
trouble in torch gesdd routine, falling back to gesvd
trouble in torch gesdd routine, falling back to gesvd
trouble in torch gesdd routine, falling back to gesvd
trouble in torch gesdd routine, falling back to gesvd
trouble in torch gesdd routine, falling back to gesvd
trouble in torch gesdd routine, falling back to gesvd
trouble in torch gesdd routine, falling back to gesvd
trouble in torch gesdd routine, falling back to gesvd
trouble in torch gesdd routine, falling back to gesvd
trouble in torch gesdd routine, falling back to gesvd
trouble in torch gesdd routine, falling back to gesvd
trouble in torch gesdd routine, falling back to gesvd
	sample time= 7754.680355787277
	contraction err= 0.001335000683830253 0.6077397831279819

Mean energy: -1.25008180e+02
Block size    # of blocks        Mean                Error
     1           300000       -1.25008180e+02       1.611301e-03
     2           150000       -1.25008180e+02       1.611093e-03
     5           60000       -1.25008180e+02       1.619344e-03
    10           30000       -1.25008180e+02       1.617143e-03
    20           15000       -1.25008180e+02       1.618400e-03
    50           6000       -1.25008180e+02       1.625887e-03
    70           4285       -1.25008170e+02       1.614489e-03
   100           3000       -1.25008180e+02       1.618466e-03
   200           1500       -1.25008180e+02       1.595924e-03
   500            600       -1.25008180e+02       1.558256e-03
0 0.001611300939379761 0.0015582558715302288
Stocahstic error estimate: 1.611301e-03

step=3,E=-0.48831320389890587,dE=-0.48831320389890587,err=6.2941442944521915e-06,gmax=0.11357601233892012
	collect g,Hv time= 15.642238855361938
	solver time=18.08136296272278,exit status=0
niter= 45
pure_newton= True
ix=0,sh=25992
	solver time=5.222171306610107,exit status=0
niter= 36
ix=1,sh=32832
	solver time=7.660825729370117,exit status=0
niter= 41
ix=2,sh=32832
	solver time=7.468783617019653,exit status=0
niter= 40
ix=3,sh=25992
	solver time=6.498135566711426,exit status=0
niter= 43
ix=4,sh=32832
	solver time=14.766034603118896,exit status=0
niter= 78
ix=5,sh=41472
niter= 78
	solver time=19.17340636253357,exit status=0
ix=6,sh=41472
	solver time=18.788881540298462,exit status=0
niter= 77
ix=7,sh=32832
	solver time=13.778322696685791,exit status=0
niter= 72
ix=8,sh=32832
	solver time=14.170761346817017,exit status=0
niter= 75
ix=9,sh=41472
	solver time=19.133875370025635,exit status=0
niter= 78
ix=10,sh=41472
	solver time=19.16639018058777,exit status=0
niter= 78
ix=11,sh=32832
	solver time=13.627049446105957,exit status=0
niter= 72
ix=12,sh=25992
	solver time=5.269718885421753,exit status=0
niter= 36
ix=13,sh=32832
	solver time=8.337607622146606,exit status=0
niter= 44
ix=14,sh=32832
	solver time=8.679994106292725,exit status=0
niter= 46
ix=15,sh=25992
	solver time=5.512988090515137,exit status=0
niter= 38
	prob= 0.0021410610065102542
	burn in time= 176.35047674179077
	sample time= 4152.271719932556
	contraction err= 0.0013872964317928195 0.3596633677161017

Mean energy: -1.25031172e+02
Block size    # of blocks        Mean                Error
     1           300000       -1.25031172e+02       1.520020e-03
     2           150000       -1.25031172e+02       1.518285e-03
     5           60000       -1.25031172e+02       1.512427e-03
    10           30000       -1.25031172e+02       1.510801e-03
    20           15000       -1.25031172e+02       1.507264e-03
    50           6000       -1.25031172e+02       1.509213e-03
    70           4285       -1.25031184e+02       1.531043e-03
   100           3000       -1.25031172e+02       1.519494e-03
   200           1500       -1.25031172e+02       1.519514e-03
   500            600       -1.25031172e+02       1.510424e-03
0 0.0015200196192853347 0.001510423810331205
Stocahstic error estimate: 1.520020e-03

	predict=-0.013104530757423393,actual=(-0.022991408491975562, 0.002215118588305925)
	g=0.4424793824678998,del=0.2743842423304457,dot=0.026198771774925755,x=39.3311517641758
[(0, 0), (0, 1), (0, 2), (0, 3), (1, 0), (1, 1), (1, 2), (1, 3), (2, 0), (2, 1), (2, 2), (2, 3), (3, 0), (3, 1), (3, 2), (3, 3)]
[(0, 4), (0, 5), (0, 6), (0, 7), (1, 4), (1, 5), (1, 6), (1, 7), (2, 4), (2, 5), (2, 6), (2, 7), (3, 4), (3, 5), (3, 6), (3, 7)]
[(0, 8), (0, 9), (0, 10), (0, 11), (1, 8), (1, 9), (1, 10), (1, 11), (2, 8), (2, 9), (2, 10), (2, 11), (3, 8), (3, 9), (3, 10), (3, 11)]
[(0, 12), (0, 13), (0, 14), (0, 15), (1, 12), (1, 13), (1, 14), (1, 15), (2, 12), (2, 13), (2, 14), (2, 15), (3, 12), (3, 13), (3, 14), (3, 15)]
[(4, 0), (4, 1), (4, 2), (4, 3), (5, 0), (5, 1), (5, 2), (5, 3), (6, 0), (6, 1), (6, 2), (6, 3), (7, 0), (7, 1), (7, 2), (7, 3)]
[(4, 4), (4, 5), (4, 6), (4, 7), (5, 4), (5, 5), (5, 6), (5, 7), (6, 4), (6, 5), (6, 6), (6, 7), (7, 4), (7, 5), (7, 6), (7, 7)]
[(4, 8), (4, 9), (4, 10), (4, 11), (5, 8), (5, 9), (5, 10), (5, 11), (6, 8), (6, 9), (6, 10), (6, 11), (7, 8), (7, 9), (7, 10), (7, 11)]
[(4, 12), (4, 13), (4, 14), (4, 15), (5, 12), (5, 13), (5, 14), (5, 15), (6, 12), (6, 13), (6, 14), (6, 15), (7, 12), (7, 13), (7, 14), (7, 15)]
[(8, 0), (8, 1), (8, 2), (8, 3), (9, 0), (9, 1), (9, 2), (9, 3), (10, 0), (10, 1), (10, 2), (10, 3), (11, 0), (11, 1), (11, 2), (11, 3)]
[(8, 4), (8, 5), (8, 6), (8, 7), (9, 4), (9, 5), (9, 6), (9, 7), (10, 4), (10, 5), (10, 6), (10, 7), (11, 4), (11, 5), (11, 6), (11, 7)]
[(8, 8), (8, 9), (8, 10), (8, 11), (9, 8), (9, 9), (9, 10), (9, 11), (10, 8), (10, 9), (10, 10), (10, 11), (11, 8), (11, 9), (11, 10), (11, 11)]
[(8, 12), (8, 13), (8, 14), (8, 15), (9, 12), (9, 13), (9, 14), (9, 15), (10, 12), (10, 13), (10, 14), (10, 15), (11, 12), (11, 13), (11, 14), (11, 15)]
[(12, 0), (12, 1), (12, 2), (12, 3), (13, 0), (13, 1), (13, 2), (13, 3), (14, 0), (14, 1), (14, 2), (14, 3), (15, 0), (15, 1), (15, 2), (15, 3)]
[(12, 4), (12, 5), (12, 6), (12, 7), (13, 4), (13, 5), (13, 6), (13, 7), (14, 4), (14, 5), (14, 6), (14, 7), (15, 4), (15, 5), (15, 6), (15, 7)]
[(12, 8), (12, 9), (12, 10), (12, 11), (13, 8), (13, 9), (13, 10), (13, 11), (14, 8), (14, 9), (14, 10), (14, 11), (15, 8), (15, 9), (15, 10), (15, 11)]
[(12, 12), (12, 13), (12, 14), (12, 15), (13, 12), (13, 13), (13, 14), (13, 15), (14, 12), (14, 13), (14, 14), (14, 15), (15, 12), (15, 13), (15, 14), (15, 15)]
block_dict= [(0, 25992), (25992, 58824), (58824, 91656), (91656, 117648), (117648, 150480), (150480, 191952), (191952, 233424), (233424, 266256), (266256, 299088), (299088, 340560), (340560, 382032), (382032, 414864), (414864, 440856), (440856, 473688), (473688, 506520), (506520, 532512)]
sizes= [25992, 32832, 32832, 25992, 32832, 41472, 41472, 32832, 32832, 41472, 41472, 32832, 25992, 32832, 32832, 25992]
nbatch= 1
RANK= 0
SIZE= 640
Lx,Ly= 16 16
D= 6
chi= 12
rate= 0.1 0.5
cond= 0.001 0.1
nparams= 532512 467103
256 128 128
size= 4.062843322753906
	prob= 0.002141061006510253
	burn in time= 175.8377811908722
trouble in torch gesdd routine, falling back to gesvd
trouble in torch gesdd routine, falling back to gesvd
trouble in torch gesdd routine, falling back to gesvd
trouble in torch gesdd routine, falling back to gesvd
	sample time= 7744.299703836441
	contraction err= 0.001393140899218305 0.6631879341770348

Mean energy: -1.25030378e+02
Block size    # of blocks        Mean                Error
     1           300000       -1.25030378e+02       1.505750e-03
     2           150000       -1.25030378e+02       1.506695e-03
     5           60000       -1.25030378e+02       1.504604e-03
    10           30000       -1.25030378e+02       1.512486e-03
    20           15000       -1.25030378e+02       1.514017e-03
    50           6000       -1.25030378e+02       1.509066e-03
    70           4285       -1.25030338e+02       1.497852e-03
   100           3000       -1.25030378e+02       1.502297e-03
   200           1500       -1.25030378e+02       1.503356e-03
   500            600       -1.25030378e+02       1.520271e-03
0 0.0015066945476431464 0.0015202708089637291
Stocahstic error estimate: 1.506695e-03

step=4,E=-0.4883999155126721,dE=-0.4883999155126721,err=5.8855255767310405e-06,gmax=0.17955069361706277
	collect g,Hv time= 15.516499757766724
	solver time=7.876856803894043,exit status=0
niter= 20
pure_newton= True
ix=0,sh=25992
	solver time=4.795203924179077,exit status=0
niter= 33
ix=1,sh=32832
	solver time=7.107316017150879,exit status=0
niter= 38
ix=2,sh=32832
	solver time=7.390841722488403,exit status=0
niter= 39
ix=3,sh=25992
	solver time=6.802316665649414,exit status=0
niter= 46
ix=4,sh=32832
	solver time=13.225216150283813,exit status=0
niter= 70
ix=5,sh=41472
	solver time=17.676607131958008,exit status=0
niter= 72
ix=6,sh=41472
	solver time=18.117847204208374,exit status=0
niter= 74
ix=7,sh=32832
	solver time=13.441189289093018,exit status=0
niter= 70
ix=8,sh=32832
	solver time=13.630009412765503,exit status=0
niter= 72
ix=9,sh=41472
	solver time=17.678662061691284,exit status=0
niter= 72
ix=10,sh=41472
	solver time=17.477416038513184,exit status=0
niter= 71
ix=11,sh=32832
	solver time=13.539800643920898,exit status=0
niter= 71
ix=12,sh=25992
	solver time=4.599832773208618,exit status=0
niter= 32
ix=13,sh=32832
	solver time=6.545959711074829,exit status=0
niter= 35
ix=14,sh=32832
	solver time=6.8846282958984375,exit status=0
niter= 36
ix=15,sh=25992
	solver time=4.768433094024658,exit status=0
niter= 33
	prob= 0.0006057763623006855
	burn in time= 180.4962546825409
	sample time= 4142.619287252426
	contraction err= 0.0014353489905027598 0.1526841968722147

Mean energy: -1.25042087e+02
Block size    # of blocks        Mean                Error
     1           300000       -1.25042087e+02       1.512333e-03
     2           150000       -1.25042087e+02       1.513113e-03
     5           60000       -1.25042087e+02       1.516278e-03
    10           30000       -1.25042087e+02       1.510781e-03
    20           15000       -1.25042087e+02       1.513425e-03
    50           6000       -1.25042087e+02       1.528534e-03
    70           4285       -1.25042080e+02       1.545249e-03
   100           3000       -1.25042087e+02       1.541153e-03
   200           1500       -1.25042087e+02       1.560173e-03
   500            600       -1.25042087e+02       1.593058e-03
0 0.001513113159642505 0.0015930575348480414
Stocahstic error estimate: 1.513113e-03

	predict=-0.00896792844908162,actual=(-0.011708578504837419, 0.002135331331147677)
	g=0.3837170271462902,del=0.25235623064880586,dot=0.017926251656629026,x=39.3311517641758
[(0, 0), (0, 1), (0, 2), (0, 3), (1, 0), (1, 1), (1, 2), (1, 3), (2, 0), (2, 1), (2, 2), (2, 3), (3, 0), (3, 1), (3, 2), (3, 3)]
[(0, 4), (0, 5), (0, 6), (0, 7), (1, 4), (1, 5), (1, 6), (1, 7), (2, 4), (2, 5), (2, 6), (2, 7), (3, 4), (3, 5), (3, 6), (3, 7)]
[(0, 8), (0, 9), (0, 10), (0, 11), (1, 8), (1, 9), (1, 10), (1, 11), (2, 8), (2, 9), (2, 10), (2, 11), (3, 8), (3, 9), (3, 10), (3, 11)]
[(0, 12), (0, 13), (0, 14), (0, 15), (1, 12), (1, 13), (1, 14), (1, 15), (2, 12), (2, 13), (2, 14), (2, 15), (3, 12), (3, 13), (3, 14), (3, 15)]
[(4, 0), (4, 1), (4, 2), (4, 3), (5, 0), (5, 1), (5, 2), (5, 3), (6, 0), (6, 1), (6, 2), (6, 3), (7, 0), (7, 1), (7, 2), (7, 3)]
[(4, 4), (4, 5), (4, 6), (4, 7), (5, 4), (5, 5), (5, 6), (5, 7), (6, 4), (6, 5), (6, 6), (6, 7), (7, 4), (7, 5), (7, 6), (7, 7)]
[(4, 8), (4, 9), (4, 10), (4, 11), (5, 8), (5, 9), (5, 10), (5, 11), (6, 8), (6, 9), (6, 10), (6, 11), (7, 8), (7, 9), (7, 10), (7, 11)]
[(4, 12), (4, 13), (4, 14), (4, 15), (5, 12), (5, 13), (5, 14), (5, 15), (6, 12), (6, 13), (6, 14), (6, 15), (7, 12), (7, 13), (7, 14), (7, 15)]
[(8, 0), (8, 1), (8, 2), (8, 3), (9, 0), (9, 1), (9, 2), (9, 3), (10, 0), (10, 1), (10, 2), (10, 3), (11, 0), (11, 1), (11, 2), (11, 3)]
[(8, 4), (8, 5), (8, 6), (8, 7), (9, 4), (9, 5), (9, 6), (9, 7), (10, 4), (10, 5), (10, 6), (10, 7), (11, 4), (11, 5), (11, 6), (11, 7)]
[(8, 8), (8, 9), (8, 10), (8, 11), (9, 8), (9, 9), (9, 10), (9, 11), (10, 8), (10, 9), (10, 10), (10, 11), (11, 8), (11, 9), (11, 10), (11, 11)]
[(8, 12), (8, 13), (8, 14), (8, 15), (9, 12), (9, 13), (9, 14), (9, 15), (10, 12), (10, 13), (10, 14), (10, 15), (11, 12), (11, 13), (11, 14), (11, 15)]
[(12, 0), (12, 1), (12, 2), (12, 3), (13, 0), (13, 1), (13, 2), (13, 3), (14, 0), (14, 1), (14, 2), (14, 3), (15, 0), (15, 1), (15, 2), (15, 3)]
[(12, 4), (12, 5), (12, 6), (12, 7), (13, 4), (13, 5), (13, 6), (13, 7), (14, 4), (14, 5), (14, 6), (14, 7), (15, 4), (15, 5), (15, 6), (15, 7)]
[(12, 8), (12, 9), (12, 10), (12, 11), (13, 8), (13, 9), (13, 10), (13, 11), (14, 8), (14, 9), (14, 10), (14, 11), (15, 8), (15, 9), (15, 10), (15, 11)]
[(12, 12), (12, 13), (12, 14), (12, 15), (13, 12), (13, 13), (13, 14), (13, 15), (14, 12), (14, 13), (14, 14), (14, 15), (15, 12), (15, 13), (15, 14), (15, 15)]
block_dict= [(0, 25992), (25992, 58824), (58824, 91656), (91656, 117648), (117648, 150480), (150480, 191952), (191952, 233424), (233424, 266256), (266256, 299088), (299088, 340560), (340560, 382032), (382032, 414864), (414864, 440856), (440856, 473688), (473688, 506520), (506520, 532512)]
sizes= [25992, 32832, 32832, 25992, 32832, 41472, 41472, 32832, 32832, 41472, 41472, 32832, 25992, 32832, 32832, 25992]
nbatch= 1
RANK= 0
SIZE= 640
Lx,Ly= 16 16
D= 6
chi= 12
rate= 0.1 0.5
cond= 0.001 0.1
nparams= 532512 467119
256 128 128
size= 4.062843322753906
	prob= 0.0006057763623006845
	burn in time= 174.08740186691284
trouble in torch gesdd routine, falling back to gesvd
trouble in torch gesdd routine, falling back to gesvd
trouble in torch gesdd routine, falling back to gesvd
trouble in torch gesdd routine, falling back to gesvd
	sample time= 7753.134167671204
	contraction err= 0.0014271406180995294 0.17957242360283096

Mean energy: -1.25043545e+02
Block size    # of blocks        Mean                Error
     1           300000       -1.25043545e+02       1.508739e-03
     2           150000       -1.25043545e+02       1.509987e-03
     5           60000       -1.25043545e+02       1.505446e-03
    10           30000       -1.25043545e+02       1.498181e-03
    20           15000       -1.25043545e+02       1.501795e-03
    50           6000       -1.25043545e+02       1.482524e-03
    70           4285       -1.25043549e+02       1.485992e-03
   100           3000       -1.25043545e+02       1.493768e-03
   200           1500       -1.25043545e+02       1.519498e-03
   500            600       -1.25043545e+02       1.486996e-03
0 0.0015099870707878703 0.001486995782905036
Stocahstic error estimate: 1.509987e-03

step=5,E=-0.48845134668494816,dE=-0.48845134668494816,err=5.8983869952651184e-06,gmax=0.01443190115055959
	collect g,Hv time= 15.183542728424072
	solver time=18.12779450416565,exit status=0
niter= 45
pure_newton= True
ix=0,sh=25992
niter= 40
	solver time=5.797975778579712,exit status=0
ix=1,sh=32832
	solver time=9.009899139404297,exit status=0
niter= 48
ix=2,sh=32832
	solver time=8.983668327331543,exit status=0
niter= 47
ix=3,sh=25992
	solver time=5.799107074737549,exit status=0
niter= 40
ix=4,sh=32832
	solver time=14.513749122619629,exit status=0
niter= 77
ix=5,sh=41472
	solver time=19.079579830169678,exit status=0
niter= 78
ix=6,sh=41472
	solver time=19.078315496444702,exit status=0
niter= 78
ix=7,sh=32832
	solver time=14.578916549682617,exit status=0
niter= 77
ix=8,sh=32832
	solver time=14.680299043655396,exit status=0
niter= 77
ix=9,sh=41472
	solver time=19.291797876358032,exit status=0
niter= 79
ix=10,sh=41472
	solver time=19.922497272491455,exit status=0
niter= 81
ix=11,sh=32832
	solver time=14.068468570709229,exit status=0
niter= 74
ix=12,sh=25992
niter= 40
	solver time=6.038918972015381,exit status=0
ix=13,sh=32832
	solver time=7.905306339263916,exit status=0
niter= 42
ix=14,sh=32832
	solver time=9.220966339111328,exit status=0
niter= 49
ix=15,sh=25992
	solver time=5.235254764556885,exit status=0
niter= 36
	prob= 0.000202564605465685
	burn in time= 178.78643321990967
	sample time= 4153.274200201035
	contraction err= 0.0014822141879193846 0.3061769377183194

Mean energy: -1.25056579e+02
Block size    # of blocks        Mean                Error
     1           300000       -1.25056579e+02       1.504052e-03
     2           150000       -1.25056579e+02       1.500783e-03
     5           60000       -1.25056579e+02       1.506245e-03
    10           30000       -1.25056579e+02       1.510187e-03
    20           15000       -1.25056579e+02       1.508796e-03
    50           6000       -1.25056579e+02       1.507969e-03
    70           4285       -1.25056581e+02       1.489732e-03
   100           3000       -1.25056579e+02       1.472462e-03
   200           1500       -1.25056579e+02       1.450252e-03
   500            600       -1.25056579e+02       1.435259e-03
0 0.0015040522718284632 0.001435258798644722
Stocahstic error estimate: 1.504052e-03

	predict=-0.007798025855339338,actual=(-0.01303467506954803, 0.00213125178952157)
	g=0.18232037174695911,del=0.23988029565946034,dot=0.015589110987892424,x=39.33115176417578
[(0, 0), (0, 1), (0, 2), (0, 3), (1, 0), (1, 1), (1, 2), (1, 3), (2, 0), (2, 1), (2, 2), (2, 3), (3, 0), (3, 1), (3, 2), (3, 3)]
[(0, 4), (0, 5), (0, 6), (0, 7), (1, 4), (1, 5), (1, 6), (1, 7), (2, 4), (2, 5), (2, 6), (2, 7), (3, 4), (3, 5), (3, 6), (3, 7)]
[(0, 8), (0, 9), (0, 10), (0, 11), (1, 8), (1, 9), (1, 10), (1, 11), (2, 8), (2, 9), (2, 10), (2, 11), (3, 8), (3, 9), (3, 10), (3, 11)]
[(0, 12), (0, 13), (0, 14), (0, 15), (1, 12), (1, 13), (1, 14), (1, 15), (2, 12), (2, 13), (2, 14), (2, 15), (3, 12), (3, 13), (3, 14), (3, 15)]
[(4, 0), (4, 1), (4, 2), (4, 3), (5, 0), (5, 1), (5, 2), (5, 3), (6, 0), (6, 1), (6, 2), (6, 3), (7, 0), (7, 1), (7, 2), (7, 3)]
[(4, 4), (4, 5), (4, 6), (4, 7), (5, 4), (5, 5), (5, 6), (5, 7), (6, 4), (6, 5), (6, 6), (6, 7), (7, 4), (7, 5), (7, 6), (7, 7)]
[(4, 8), (4, 9), (4, 10), (4, 11), (5, 8), (5, 9), (5, 10), (5, 11), (6, 8), (6, 9), (6, 10), (6, 11), (7, 8), (7, 9), (7, 10), (7, 11)]
[(4, 12), (4, 13), (4, 14), (4, 15), (5, 12), (5, 13), (5, 14), (5, 15), (6, 12), (6, 13), (6, 14), (6, 15), (7, 12), (7, 13), (7, 14), (7, 15)]
[(8, 0), (8, 1), (8, 2), (8, 3), (9, 0), (9, 1), (9, 2), (9, 3), (10, 0), (10, 1), (10, 2), (10, 3), (11, 0), (11, 1), (11, 2), (11, 3)]
[(8, 4), (8, 5), (8, 6), (8, 7), (9, 4), (9, 5), (9, 6), (9, 7), (10, 4), (10, 5), (10, 6), (10, 7), (11, 4), (11, 5), (11, 6), (11, 7)]
[(8, 8), (8, 9), (8, 10), (8, 11), (9, 8), (9, 9), (9, 10), (9, 11), (10, 8), (10, 9), (10, 10), (10, 11), (11, 8), (11, 9), (11, 10), (11, 11)]
[(8, 12), (8, 13), (8, 14), (8, 15), (9, 12), (9, 13), (9, 14), (9, 15), (10, 12), (10, 13), (10, 14), (10, 15), (11, 12), (11, 13), (11, 14), (11, 15)]
[(12, 0), (12, 1), (12, 2), (12, 3), (13, 0), (13, 1), (13, 2), (13, 3), (14, 0), (14, 1), (14, 2), (14, 3), (15, 0), (15, 1), (15, 2), (15, 3)]
[(12, 4), (12, 5), (12, 6), (12, 7), (13, 4), (13, 5), (13, 6), (13, 7), (14, 4), (14, 5), (14, 6), (14, 7), (15, 4), (15, 5), (15, 6), (15, 7)]
[(12, 8), (12, 9), (12, 10), (12, 11), (13, 8), (13, 9), (13, 10), (13, 11), (14, 8), (14, 9), (14, 10), (14, 11), (15, 8), (15, 9), (15, 10), (15, 11)]
[(12, 12), (12, 13), (12, 14), (12, 15), (13, 12), (13, 13), (13, 14), (13, 15), (14, 12), (14, 13), (14, 14), (14, 15), (15, 12), (15, 13), (15, 14), (15, 15)]
block_dict= [(0, 25992), (25992, 58824), (58824, 91656), (91656, 117648), (117648, 150480), (150480, 191952), (191952, 233424), (233424, 266256), (266256, 299088), (299088, 340560), (340560, 382032), (382032, 414864), (414864, 440856), (440856, 473688), (473688, 506520), (506520, 532512)]
sizes= [25992, 32832, 32832, 25992, 32832, 41472, 41472, 32832, 32832, 41472, 41472, 32832, 25992, 32832, 32832, 25992]
nbatch= 1
RANK= 0
SIZE= 640
Lx,Ly= 16 16
D= 6
chi= 12
rate= 0.1 0.5
cond= 0.001 0.1
nparams= 532512 467261
256 128 128
size= 4.062843322753906
	prob= 0.000202564605465685
	burn in time= 175.9285182952881
trouble in torch gesdd routine, falling back to gesvd
trouble in torch gesdd routine, falling back to gesvd
trouble in torch gesdd routine, falling back to gesvd
trouble in torch gesdd routine, falling back to gesvd
trouble in torch gesdd routine, falling back to gesvd
trouble in torch gesdd routine, falling back to gesvd
trouble in torch gesdd routine, falling back to gesvd
	sample time= 7768.667457342148
	contraction err= 0.0014805889314032108 0.2649402473516181

Mean energy: -1.25055373e+02
Block size    # of blocks        Mean                Error
     1           300000       -1.25055373e+02       1.497762e-03
     2           150000       -1.25055373e+02       1.495155e-03
     5           60000       -1.25055373e+02       1.494176e-03
    10           30000       -1.25055373e+02       1.497023e-03
    20           15000       -1.25055373e+02       1.498494e-03
    50           6000       -1.25055373e+02       1.494511e-03
    70           4285       -1.25055378e+02       1.477355e-03
   100           3000       -1.25055373e+02       1.491414e-03
   200           1500       -1.25055373e+02       1.449552e-03
   500            600       -1.25055373e+02       1.456709e-03
0 0.001497761752981004 0.0014567090081963202
Stocahstic error estimate: 1.497762e-03

step=6,E=-0.4884975526563071,dE=-0.4884975526563071,err=5.850631847582047e-06,gmax=0.016458548728423228
	collect g,Hv time= 15.604270458221436
	solver time=18.14438271522522,exit status=0
niter= 45
pure_newton= True
ix=0,sh=25992
	solver time=5.972317457199097,exit status=0
niter= 41
ix=1,sh=32832
	solver time=7.288438320159912,exit status=0
niter= 39
ix=2,sh=32832
	solver time=10.01520848274231,exit status=0
niter= 53
ix=3,sh=25992
	solver time=5.830384969711304,exit status=0
niter= 39
ix=4,sh=32832
	solver time=15.359409809112549,exit status=0
niter= 81
ix=5,sh=41472
	solver time=19.423105478286743,exit status=0
niter= 79
ix=6,sh=41472
	solver time=19.603793144226074,exit status=0
niter= 80
ix=7,sh=32832
	solver time=14.650059938430786,exit status=0
niter= 77
ix=8,sh=32832
	solver time=15.060224533081055,exit status=0
niter= 79
ix=9,sh=41472
	solver time=19.320060968399048,exit status=0
niter= 79
ix=10,sh=41472
	solver time=19.39053440093994,exit status=0
niter= 79
ix=11,sh=32832
	solver time=14.173804759979248,exit status=0
niter= 75
ix=12,sh=25992
	solver time=6.921397686004639,exit status=0
niter= 46
ix=13,sh=32832
	solver time=8.62880539894104,exit status=0
niter= 46
ix=14,sh=32832
	solver time=7.629244565963745,exit status=0
niter= 41
ix=15,sh=25992
	solver time=6.276365280151367,exit status=0
niter= 43
	prob= 6.15714111125805e-05
	burn in time= 177.09313917160034
	sample time= 4165.246165513992
	contraction err= 0.0015207176381723212 0.38329479565980173

Mean energy: -1.25067311e+02
Block size    # of blocks        Mean                Error
     1           300000       -1.25067311e+02       1.490208e-03
     2           150000       -1.25067311e+02       1.489724e-03
     5           60000       -1.25067311e+02       1.490081e-03
    10           30000       -1.25067311e+02       1.490896e-03
    20           15000       -1.25067311e+02       1.485818e-03
    50           6000       -1.25067311e+02       1.527054e-03
    70           4285       -1.25067322e+02       1.499882e-03
   100           3000       -1.25067311e+02       1.514118e-03
   200           1500       -1.25067311e+02       1.515816e-03
   500            600       -1.25067311e+02       1.517067e-03
0 0.0014902075652883375 0.0015170667805658271
Stocahstic error estimate: 1.490208e-03

	predict=-0.006835744155175879,actual=(-0.01193775597386093, 0.0021128201192565648)
	g=0.19066499309421528,del=0.23706424433687706,dot=0.013658453534158992,x=39.33115176417579
[(0, 0), (0, 1), (0, 2), (0, 3), (1, 0), (1, 1), (1, 2), (1, 3), (2, 0), (2, 1), (2, 2), (2, 3), (3, 0), (3, 1), (3, 2), (3, 3)]
[(0, 4), (0, 5), (0, 6), (0, 7), (1, 4), (1, 5), (1, 6), (1, 7), (2, 4), (2, 5), (2, 6), (2, 7), (3, 4), (3, 5), (3, 6), (3, 7)]
[(0, 8), (0, 9), (0, 10), (0, 11), (1, 8), (1, 9), (1, 10), (1, 11), (2, 8), (2, 9), (2, 10), (2, 11), (3, 8), (3, 9), (3, 10), (3, 11)]
[(0, 12), (0, 13), (0, 14), (0, 15), (1, 12), (1, 13), (1, 14), (1, 15), (2, 12), (2, 13), (2, 14), (2, 15), (3, 12), (3, 13), (3, 14), (3, 15)]
[(4, 0), (4, 1), (4, 2), (4, 3), (5, 0), (5, 1), (5, 2), (5, 3), (6, 0), (6, 1), (6, 2), (6, 3), (7, 0), (7, 1), (7, 2), (7, 3)]
[(4, 4), (4, 5), (4, 6), (4, 7), (5, 4), (5, 5), (5, 6), (5, 7), (6, 4), (6, 5), (6, 6), (6, 7), (7, 4), (7, 5), (7, 6), (7, 7)]
[(4, 8), (4, 9), (4, 10), (4, 11), (5, 8), (5, 9), (5, 10), (5, 11), (6, 8), (6, 9), (6, 10), (6, 11), (7, 8), (7, 9), (7, 10), (7, 11)]
[(4, 12), (4, 13), (4, 14), (4, 15), (5, 12), (5, 13), (5, 14), (5, 15), (6, 12), (6, 13), (6, 14), (6, 15), (7, 12), (7, 13), (7, 14), (7, 15)]
[(8, 0), (8, 1), (8, 2), (8, 3), (9, 0), (9, 1), (9, 2), (9, 3), (10, 0), (10, 1), (10, 2), (10, 3), (11, 0), (11, 1), (11, 2), (11, 3)]
[(8, 4), (8, 5), (8, 6), (8, 7), (9, 4), (9, 5), (9, 6), (9, 7), (10, 4), (10, 5), (10, 6), (10, 7), (11, 4), (11, 5), (11, 6), (11, 7)]
[(8, 8), (8, 9), (8, 10), (8, 11), (9, 8), (9, 9), (9, 10), (9, 11), (10, 8), (10, 9), (10, 10), (10, 11), (11, 8), (11, 9), (11, 10), (11, 11)]
[(8, 12), (8, 13), (8, 14), (8, 15), (9, 12), (9, 13), (9, 14), (9, 15), (10, 12), (10, 13), (10, 14), (10, 15), (11, 12), (11, 13), (11, 14), (11, 15)]
[(12, 0), (12, 1), (12, 2), (12, 3), (13, 0), (13, 1), (13, 2), (13, 3), (14, 0), (14, 1), (14, 2), (14, 3), (15, 0), (15, 1), (15, 2), (15, 3)]
[(12, 4), (12, 5), (12, 6), (12, 7), (13, 4), (13, 5), (13, 6), (13, 7), (14, 4), (14, 5), (14, 6), (14, 7), (15, 4), (15, 5), (15, 6), (15, 7)]
[(12, 8), (12, 9), (12, 10), (12, 11), (13, 8), (13, 9), (13, 10), (13, 11), (14, 8), (14, 9), (14, 10), (14, 11), (15, 8), (15, 9), (15, 10), (15, 11)]
[(12, 12), (12, 13), (12, 14), (12, 15), (13, 12), (13, 13), (13, 14), (13, 15), (14, 12), (14, 13), (14, 14), (14, 15), (15, 12), (15, 13), (15, 14), (15, 15)]
block_dict= [(0, 25992), (25992, 58824), (58824, 91656), (91656, 117648), (117648, 150480), (150480, 191952), (191952, 233424), (233424, 266256), (266256, 299088), (299088, 340560), (340560, 382032), (382032, 414864), (414864, 440856), (440856, 473688), (473688, 506520), (506520, 532512)]
sizes= [25992, 32832, 32832, 25992, 32832, 41472, 41472, 32832, 32832, 41472, 41472, 32832, 25992, 32832, 32832, 25992]
nbatch= 1
RANK= 0
SIZE= 640
Lx,Ly= 16 16
D= 6
chi= 12
rate= 0.1 0.5
cond= 0.001 0.1
nparams= 532512 467275
256 128 128
size= 4.062843322753906
	prob= 6.157141111258047e-05
	burn in time= 174.54240536689758
trouble in torch gesdd routine, falling back to gesvd
trouble in torch gesdd routine, falling back to gesvd
trouble in torch gesdd routine, falling back to gesvd
trouble in torch gesdd routine, falling back to gesvd
trouble in torch gesdd routine, falling back to gesvd
	sample time= 7766.799755573273
	contraction err= 0.0015190624877355963 0.5434153620610117

Mean energy: -1.25063652e+02
Block size    # of blocks        Mean                Error
     1           300000       -1.25063652e+02       1.492138e-03
     2           150000       -1.25063652e+02       1.492618e-03
     5           60000       -1.25063652e+02       1.493810e-03
    10           30000       -1.25063652e+02       1.501926e-03
    20           15000       -1.25063652e+02       1.499110e-03
    50           6000       -1.25063652e+02       1.512201e-03
    70           4285       -1.25063644e+02       1.491647e-03
   100           3000       -1.25063652e+02       1.507857e-03
   200           1500       -1.25063652e+02       1.522477e-03
   500            600       -1.25063652e+02       1.492792e-03
0 0.0014926175882809263 0.0014927923988492448
Stocahstic error estimate: 1.492618e-03

step=7,E=-0.4885298898181621,dE=-0.4885298898181621,err=5.830537454222368e-06,gmax=0.015080595524068485
	collect g,Hv time= 15.612384557723999
	solver time=18.108174800872803,exit status=0
niter= 45
pure_newton= True
ix=0,sh=25992
	solver time=6.326319456100464,exit status=0
niter= 43
ix=1,sh=32832
	solver time=8.62620210647583,exit status=0
niter= 45
ix=2,sh=32832
	solver time=8.447480916976929,exit status=0
niter= 45
ix=3,sh=25992
	solver time=6.156888961791992,exit status=0
niter= 42
ix=4,sh=32832
	solver time=14.939097881317139,exit status=0
niter= 78
ix=5,sh=41472
	solver time=19.23228645324707,exit status=0
niter= 79
ix=6,sh=41472
	solver time=19.38495922088623,exit status=0
niter= 79
ix=7,sh=32832
	solver time=14.723691463470459,exit status=0
niter= 77
ix=8,sh=32832
	solver time=14.767309665679932,exit status=0
niter= 78
ix=9,sh=41472
	solver time=20.554197072982788,exit status=0
niter= 84
ix=10,sh=41472
niter= 80
	solver time=19.464212894439697,exit status=0
ix=11,sh=32832
	solver time=14.722945928573608,exit status=0
niter= 77
ix=12,sh=25992
	solver time=8.358595132827759,exit status=0
niter= 57
ix=13,sh=32832
	solver time=8.258801460266113,exit status=0
niter= 44
ix=14,sh=32832
	solver time=8.338469743728638,exit status=0
niter= 44
ix=15,sh=25992
	solver time=7.001122951507568,exit status=0
niter= 48
	prob= 2.2936126050217046e-05
	burn in time= 177.4845747947693
	sample time= 4165.6631808280945
	contraction err= 0.0015593008237724908 0.2875472255517017

Mean energy: -1.25073226e+02
Block size    # of blocks        Mean                Error
     1           300000       -1.25073226e+02       1.492211e-03
     2           150000       -1.25073226e+02       1.489058e-03
     5           60000       -1.25073226e+02       1.484956e-03
    10           30000       -1.25073226e+02       1.481656e-03
    20           15000       -1.25073226e+02       1.474250e-03
    50           6000       -1.25073226e+02       1.481240e-03
    70           4285       -1.25073186e+02       1.486800e-03
   100           3000       -1.25073226e+02       1.486213e-03
   200           1500       -1.25073226e+02       1.470267e-03
   500            600       -1.25073226e+02       1.462610e-03
0 0.0014922109786032565 0.0014626097015016126
Stocahstic error estimate: 1.492211e-03

	predict=-0.006607728672423837,actual=(-0.009574162240951978, 0.0021105925399066625)
	g=0.1895731744341844,del=0.22461220108518884,dot=0.013206433978459584,x=39.331151764175814
[(0, 0), (0, 1), (0, 2), (0, 3), (1, 0), (1, 1), (1, 2), (1, 3), (2, 0), (2, 1), (2, 2), (2, 3), (3, 0), (3, 1), (3, 2), (3, 3)]
[(0, 4), (0, 5), (0, 6), (0, 7), (1, 4), (1, 5), (1, 6), (1, 7), (2, 4), (2, 5), (2, 6), (2, 7), (3, 4), (3, 5), (3, 6), (3, 7)]
[(0, 8), (0, 9), (0, 10), (0, 11), (1, 8), (1, 9), (1, 10), (1, 11), (2, 8), (2, 9), (2, 10), (2, 11), (3, 8), (3, 9), (3, 10), (3, 11)]
[(0, 12), (0, 13), (0, 14), (0, 15), (1, 12), (1, 13), (1, 14), (1, 15), (2, 12), (2, 13), (2, 14), (2, 15), (3, 12), (3, 13), (3, 14), (3, 15)]
[(4, 0), (4, 1), (4, 2), (4, 3), (5, 0), (5, 1), (5, 2), (5, 3), (6, 0), (6, 1), (6, 2), (6, 3), (7, 0), (7, 1), (7, 2), (7, 3)]
[(4, 4), (4, 5), (4, 6), (4, 7), (5, 4), (5, 5), (5, 6), (5, 7), (6, 4), (6, 5), (6, 6), (6, 7), (7, 4), (7, 5), (7, 6), (7, 7)]
[(4, 8), (4, 9), (4, 10), (4, 11), (5, 8), (5, 9), (5, 10), (5, 11), (6, 8), (6, 9), (6, 10), (6, 11), (7, 8), (7, 9), (7, 10), (7, 11)]
[(4, 12), (4, 13), (4, 14), (4, 15), (5, 12), (5, 13), (5, 14), (5, 15), (6, 12), (6, 13), (6, 14), (6, 15), (7, 12), (7, 13), (7, 14), (7, 15)]
[(8, 0), (8, 1), (8, 2), (8, 3), (9, 0), (9, 1), (9, 2), (9, 3), (10, 0), (10, 1), (10, 2), (10, 3), (11, 0), (11, 1), (11, 2), (11, 3)]
[(8, 4), (8, 5), (8, 6), (8, 7), (9, 4), (9, 5), (9, 6), (9, 7), (10, 4), (10, 5), (10, 6), (10, 7), (11, 4), (11, 5), (11, 6), (11, 7)]
[(8, 8), (8, 9), (8, 10), (8, 11), (9, 8), (9, 9), (9, 10), (9, 11), (10, 8), (10, 9), (10, 10), (10, 11), (11, 8), (11, 9), (11, 10), (11, 11)]
[(8, 12), (8, 13), (8, 14), (8, 15), (9, 12), (9, 13), (9, 14), (9, 15), (10, 12), (10, 13), (10, 14), (10, 15), (11, 12), (11, 13), (11, 14), (11, 15)]
[(12, 0), (12, 1), (12, 2), (12, 3), (13, 0), (13, 1), (13, 2), (13, 3), (14, 0), (14, 1), (14, 2), (14, 3), (15, 0), (15, 1), (15, 2), (15, 3)]
[(12, 4), (12, 5), (12, 6), (12, 7), (13, 4), (13, 5), (13, 6), (13, 7), (14, 4), (14, 5), (14, 6), (14, 7), (15, 4), (15, 5), (15, 6), (15, 7)]
[(12, 8), (12, 9), (12, 10), (12, 11), (13, 8), (13, 9), (13, 10), (13, 11), (14, 8), (14, 9), (14, 10), (14, 11), (15, 8), (15, 9), (15, 10), (15, 11)]
[(12, 12), (12, 13), (12, 14), (12, 15), (13, 12), (13, 13), (13, 14), (13, 15), (14, 12), (14, 13), (14, 14), (14, 15), (15, 12), (15, 13), (15, 14), (15, 15)]
block_dict= [(0, 25992), (25992, 58824), (58824, 91656), (91656, 117648), (117648, 150480), (150480, 191952), (191952, 233424), (233424, 266256), (266256, 299088), (299088, 340560), (340560, 382032), (382032, 414864), (414864, 440856), (440856, 473688), (473688, 506520), (506520, 532512)]
sizes= [25992, 32832, 32832, 25992, 32832, 41472, 41472, 32832, 32832, 41472, 41472, 32832, 25992, 32832, 32832, 25992]
nbatch= 1
RANK= 0
SIZE= 640
Lx,Ly= 16 16
D= 6
chi= 12
rate= 0.1 0.5
cond= 0.001 0.01
nparams= 532512 468497
256 128 128
size= 4.062843322753906
	prob= 1619724.6458878221
	burn in time= 170.28230834007263
trouble in torch gesdd routine, falling back to gesvd
trouble in torch gesdd routine, falling back to gesvd
trouble in torch gesdd routine, falling back to gesvd
trouble in torch gesdd routine, falling back to gesvd
trouble in torch gesdd routine, falling back to gesvd
trouble in torch gesdd routine, falling back to gesvd
	sample time= 7761.553829908371
	contraction err= 0.0015596189827656196 0.49415088997499806

Mean energy: -1.25075602e+02
Block size    # of blocks        Mean                Error
     1           300000       -1.25075602e+02       1.485459e-03
     2           150000       -1.25075602e+02       1.482783e-03
     5           60000       -1.25075602e+02       1.486459e-03
    10           30000       -1.25075602e+02       1.487279e-03
    20           15000       -1.25075602e+02       1.494895e-03
    50           6000       -1.25075602e+02       1.475220e-03
    70           4285       -1.25075610e+02       1.481373e-03
   100           3000       -1.25075602e+02       1.469928e-03
   200           1500       -1.25075602e+02       1.427411e-03
   500            600       -1.25075602e+02       1.466086e-03
0 0.0014854588015656626 0.0014660856775729069
Stocahstic error estimate: 1.485459e-03

step=8,E=-0.48857656920329734,dE=-0.48857656920329734,err=5.80257344361587e-06,gmax=0.014348267083754251
	collect g,Hv time= 15.406891584396362
	solver time=18.168598890304565,exit status=0
niter= 45
pure_newton= True
ix=0,sh=25992
niter= 373
	solver time=55.993720054626465,exit status=0
ix=1,sh=32832
	solver time=209.07700157165527,exit status=0
niter= 1087
ix=2,sh=32832
niter= 164
	solver time=31.46093249320984,exit status=0
ix=3,sh=25992
	solver time=32.81212782859802,exit status=0
niter= 219
ix=4,sh=32832
	solver time=30.890844583511353,exit status=0
niter= 161
ix=5,sh=41472
	solver time=40.941935777664185,exit status=0
niter= 165
ix=6,sh=41472
	solver time=40.659651041030884,exit status=0
niter= 164
ix=7,sh=32832
	solver time=30.105268955230713,exit status=0
niter= 157
ix=8,sh=32832
	solver time=30.00065279006958,exit status=0
niter= 157
ix=9,sh=41472
	solver time=38.87536096572876,exit status=0
niter= 157
ix=10,sh=41472
	solver time=38.76599979400635,exit status=0
niter= 157
ix=11,sh=32832
	solver time=35.99234676361084,exit status=0
niter= 188
ix=12,sh=25992
	solver time=18.85727858543396,exit status=0
niter= 126
ix=13,sh=32832
niter= 312
	solver time=59.97522687911987,exit status=0
ix=14,sh=32832
	solver time=596.7265043258667,exit status=100
niter= 3101
ix=15,sh=25992
	solver time=24.19590449333191,exit status=0
niter= 162
	prob= 16477.583145305092
	burn in time= 188.41102719306946
	sample time= 4165.920246839523
	contraction err= 0.0017452178406498963 0.2940116366313786

Mean energy: -1.25073887e+02
Block size    # of blocks        Mean                Error
     1           300000       -1.25073887e+02       1.554304e-03
     2           150000       -1.25073887e+02       1.553963e-03
     5           60000       -1.25073887e+02       1.550135e-03
    10           30000       -1.25073887e+02       1.546996e-03
    20           15000       -1.25073887e+02       1.553480e-03
    50           6000       -1.25073887e+02       1.555662e-03
    70           4285       -1.25073868e+02       1.564178e-03
   100           3000       -1.25073887e+02       1.552421e-03
   200           1500       -1.25073887e+02       1.564709e-03
   500            600       -1.25073887e+02       1.612014e-03
0 0.0015543042887156226 0.0016120143429565051
Stocahstic error estimate: 1.554304e-03

	predict=-0.007328377099871785,actual=(0.0017145136777827474, 0.0021499882960306256)
	g=0.1880945885684859,del=6.577003991147786,dot=0.3546800610708195,x=41.297709352384594
[(0, 0), (0, 1), (0, 2), (0, 3), (1, 0), (1, 1), (1, 2), (1, 3), (2, 0), (2, 1), (2, 2), (2, 3), (3, 0), (3, 1), (3, 2), (3, 3)]
[(0, 4), (0, 5), (0, 6), (0, 7), (1, 4), (1, 5), (1, 6), (1, 7), (2, 4), (2, 5), (2, 6), (2, 7), (3, 4), (3, 5), (3, 6), (3, 7)]
[(0, 8), (0, 9), (0, 10), (0, 11), (1, 8), (1, 9), (1, 10), (1, 11), (2, 8), (2, 9), (2, 10), (2, 11), (3, 8), (3, 9), (3, 10), (3, 11)]
[(0, 12), (0, 13), (0, 14), (0, 15), (1, 12), (1, 13), (1, 14), (1, 15), (2, 12), (2, 13), (2, 14), (2, 15), (3, 12), (3, 13), (3, 14), (3, 15)]
[(4, 0), (4, 1), (4, 2), (4, 3), (5, 0), (5, 1), (5, 2), (5, 3), (6, 0), (6, 1), (6, 2), (6, 3), (7, 0), (7, 1), (7, 2), (7, 3)]
[(4, 4), (4, 5), (4, 6), (4, 7), (5, 4), (5, 5), (5, 6), (5, 7), (6, 4), (6, 5), (6, 6), (6, 7), (7, 4), (7, 5), (7, 6), (7, 7)]
[(4, 8), (4, 9), (4, 10), (4, 11), (5, 8), (5, 9), (5, 10), (5, 11), (6, 8), (6, 9), (6, 10), (6, 11), (7, 8), (7, 9), (7, 10), (7, 11)]
[(4, 12), (4, 13), (4, 14), (4, 15), (5, 12), (5, 13), (5, 14), (5, 15), (6, 12), (6, 13), (6, 14), (6, 15), (7, 12), (7, 13), (7, 14), (7, 15)]
[(8, 0), (8, 1), (8, 2), (8, 3), (9, 0), (9, 1), (9, 2), (9, 3), (10, 0), (10, 1), (10, 2), (10, 3), (11, 0), (11, 1), (11, 2), (11, 3)]
[(8, 4), (8, 5), (8, 6), (8, 7), (9, 4), (9, 5), (9, 6), (9, 7), (10, 4), (10, 5), (10, 6), (10, 7), (11, 4), (11, 5), (11, 6), (11, 7)]
[(8, 8), (8, 9), (8, 10), (8, 11), (9, 8), (9, 9), (9, 10), (9, 11), (10, 8), (10, 9), (10, 10), (10, 11), (11, 8), (11, 9), (11, 10), (11, 11)]
[(8, 12), (8, 13), (8, 14), (8, 15), (9, 12), (9, 13), (9, 14), (9, 15), (10, 12), (10, 13), (10, 14), (10, 15), (11, 12), (11, 13), (11, 14), (11, 15)]
[(12, 0), (12, 1), (12, 2), (12, 3), (13, 0), (13, 1), (13, 2), (13, 3), (14, 0), (14, 1), (14, 2), (14, 3), (15, 0), (15, 1), (15, 2), (15, 3)]
[(12, 4), (12, 5), (12, 6), (12, 7), (13, 4), (13, 5), (13, 6), (13, 7), (14, 4), (14, 5), (14, 6), (14, 7), (15, 4), (15, 5), (15, 6), (15, 7)]
[(12, 8), (12, 9), (12, 10), (12, 11), (13, 8), (13, 9), (13, 10), (13, 11), (14, 8), (14, 9), (14, 10), (14, 11), (15, 8), (15, 9), (15, 10), (15, 11)]
[(12, 12), (12, 13), (12, 14), (12, 15), (13, 12), (13, 13), (13, 14), (13, 15), (14, 12), (14, 13), (14, 14), (14, 15), (15, 12), (15, 13), (15, 14), (15, 15)]
block_dict= [(0, 25992), (25992, 58824), (58824, 91656), (91656, 117648), (117648, 150480), (150480, 191952), (191952, 233424), (233424, 266256), (266256, 299088), (299088, 340560), (340560, 382032), (382032, 414864), (414864, 440856), (440856, 473688), (473688, 506520), (506520, 532512)]
sizes= [25992, 32832, 32832, 25992, 32832, 41472, 41472, 32832, 32832, 41472, 41472, 32832, 25992, 32832, 32832, 25992]
nbatch= 1
RANK= 0
SIZE= 640
Lx,Ly= 16 16
D= 6
chi= 12
rate= 0.1 0.5
cond= 0.001 0.1
nparams= 532512 469553
256 128 128
size= 4.062843322753906
	prob= 141689.10092606064
	burn in time= 175.48485040664673
trouble in torch gesdd routine, falling back to gesvd
trouble in torch gesdd routine, falling back to gesvd
trouble in torch gesdd routine, falling back to gesvd
trouble in torch gesdd routine, falling back to gesvd
trouble in torch gesdd routine, falling back to gesvd
trouble in torch gesdd routine, falling back to gesvd
trouble in torch gesdd routine, falling back to gesvd
trouble in torch gesdd routine, falling back to gesvd
	sample time= 7762.06419301033
	contraction err= 0.0016526114723165119 0.4507983370592308

Mean energy: -1.25132539e+02
Block size    # of blocks        Mean                Error
     1           300000       -1.25132539e+02       1.413854e-03
     2           150000       -1.25132539e+02       1.412764e-03
     5           60000       -1.25132539e+02       1.413026e-03
    10           30000       -1.25132539e+02       1.412599e-03
    20           15000       -1.25132539e+02       1.409703e-03
    50           6000       -1.25132539e+02       1.409950e-03
    70           4285       -1.25132531e+02       1.404177e-03
   100           3000       -1.25132539e+02       1.418052e-03
   200           1500       -1.25132539e+02       1.424818e-03
   500            600       -1.25132539e+02       1.385986e-03
0 0.0014138537597005471 0.0013859858211207117
Stocahstic error estimate: 1.413854e-03

step=9,E=-0.4887989803734351,dE=-0.4887989803734351,err=5.522866248830262e-06,gmax=0.02925442889251595
	collect g,Hv time= 15.510884046554565
	solver time=18.096524000167847,exit status=0
niter= 45
pure_newton= True
ix=0,sh=25992
	solver time=5.810109853744507,exit status=0
niter= 40
ix=1,sh=32832
	solver time=10.340633392333984,exit status=0
niter= 54
ix=2,sh=32832
	solver time=5.742727756500244,exit status=0
niter= 31
ix=3,sh=25992
	solver time=4.17117977142334,exit status=0
niter= 29
ix=4,sh=32832
	solver time=11.497913599014282,exit status=0
niter= 61
ix=5,sh=41472
	solver time=15.75369119644165,exit status=0
niter= 64
ix=6,sh=41472
	solver time=15.129493474960327,exit status=0
niter= 62
ix=7,sh=32832
	solver time=11.284439086914062,exit status=0
niter= 59
ix=8,sh=32832
	solver time=11.677485227584839,exit status=0
niter= 62
ix=9,sh=41472
	solver time=15.526713132858276,exit status=0
niter= 63
ix=10,sh=41472
	solver time=15.672120571136475,exit status=0
niter= 64
ix=11,sh=32832
	solver time=11.30625295639038,exit status=0
niter= 59
ix=12,sh=25992
	solver time=4.496517658233643,exit status=0
niter= 31
ix=13,sh=32832
	solver time=7.09445333480835,exit status=0
niter= 38
ix=14,sh=32832
	solver time=7.841771125793457,exit status=0
niter= 42
ix=15,sh=25992
	solver time=6.375275373458862,exit status=0
niter= 43
	prob= 46940.292889344324
	burn in time= 178.92553043365479
	sample time= 4160.174162149429
	contraction err= 0.0017020816494769688 0.291075099561812

Mean energy: -1.25141691e+02
Block size    # of blocks        Mean                Error
     1           300000       -1.25141691e+02       1.389020e-03
     2           150000       -1.25141691e+02       1.386175e-03
     5           60000       -1.25141691e+02       1.386020e-03
    10           30000       -1.25141691e+02       1.385265e-03
    20           15000       -1.25141691e+02       1.381828e-03
    50           6000       -1.25141691e+02       1.387478e-03
    70           4285       -1.25141711e+02       1.382819e-03
   100           3000       -1.25141691e+02       1.389073e-03
   200           1500       -1.25141691e+02       1.366735e-03
   500            600       -1.25141691e+02       1.430795e-03
0 0.0013890204527529442 0.001430794878226304
Stocahstic error estimate: 1.389020e-03

	predict=-0.006473577059300378,actual=(-0.009152450586725536, 0.0019820091503283646)
	g=0.17808888869865028,del=0.24684628885636223,dot=0.012951826452343228,x=41.29770935238461
[(0, 0), (0, 1), (0, 2), (0, 3), (1, 0), (1, 1), (1, 2), (1, 3), (2, 0), (2, 1), (2, 2), (2, 3), (3, 0), (3, 1), (3, 2), (3, 3)]
[(0, 4), (0, 5), (0, 6), (0, 7), (1, 4), (1, 5), (1, 6), (1, 7), (2, 4), (2, 5), (2, 6), (2, 7), (3, 4), (3, 5), (3, 6), (3, 7)]
[(0, 8), (0, 9), (0, 10), (0, 11), (1, 8), (1, 9), (1, 10), (1, 11), (2, 8), (2, 9), (2, 10), (2, 11), (3, 8), (3, 9), (3, 10), (3, 11)]
[(0, 12), (0, 13), (0, 14), (0, 15), (1, 12), (1, 13), (1, 14), (1, 15), (2, 12), (2, 13), (2, 14), (2, 15), (3, 12), (3, 13), (3, 14), (3, 15)]
[(4, 0), (4, 1), (4, 2), (4, 3), (5, 0), (5, 1), (5, 2), (5, 3), (6, 0), (6, 1), (6, 2), (6, 3), (7, 0), (7, 1), (7, 2), (7, 3)]
[(4, 4), (4, 5), (4, 6), (4, 7), (5, 4), (5, 5), (5, 6), (5, 7), (6, 4), (6, 5), (6, 6), (6, 7), (7, 4), (7, 5), (7, 6), (7, 7)]
[(4, 8), (4, 9), (4, 10), (4, 11), (5, 8), (5, 9), (5, 10), (5, 11), (6, 8), (6, 9), (6, 10), (6, 11), (7, 8), (7, 9), (7, 10), (7, 11)]
[(4, 12), (4, 13), (4, 14), (4, 15), (5, 12), (5, 13), (5, 14), (5, 15), (6, 12), (6, 13), (6, 14), (6, 15), (7, 12), (7, 13), (7, 14), (7, 15)]
[(8, 0), (8, 1), (8, 2), (8, 3), (9, 0), (9, 1), (9, 2), (9, 3), (10, 0), (10, 1), (10, 2), (10, 3), (11, 0), (11, 1), (11, 2), (11, 3)]
[(8, 4), (8, 5), (8, 6), (8, 7), (9, 4), (9, 5), (9, 6), (9, 7), (10, 4), (10, 5), (10, 6), (10, 7), (11, 4), (11, 5), (11, 6), (11, 7)]
[(8, 8), (8, 9), (8, 10), (8, 11), (9, 8), (9, 9), (9, 10), (9, 11), (10, 8), (10, 9), (10, 10), (10, 11), (11, 8), (11, 9), (11, 10), (11, 11)]
[(8, 12), (8, 13), (8, 14), (8, 15), (9, 12), (9, 13), (9, 14), (9, 15), (10, 12), (10, 13), (10, 14), (10, 15), (11, 12), (11, 13), (11, 14), (11, 15)]
[(12, 0), (12, 1), (12, 2), (12, 3), (13, 0), (13, 1), (13, 2), (13, 3), (14, 0), (14, 1), (14, 2), (14, 3), (15, 0), (15, 1), (15, 2), (15, 3)]
[(12, 4), (12, 5), (12, 6), (12, 7), (13, 4), (13, 5), (13, 6), (13, 7), (14, 4), (14, 5), (14, 6), (14, 7), (15, 4), (15, 5), (15, 6), (15, 7)]
[(12, 8), (12, 9), (12, 10), (12, 11), (13, 8), (13, 9), (13, 10), (13, 11), (14, 8), (14, 9), (14, 10), (14, 11), (15, 8), (15, 9), (15, 10), (15, 11)]
[(12, 12), (12, 13), (12, 14), (12, 15), (13, 12), (13, 13), (13, 14), (13, 15), (14, 12), (14, 13), (14, 14), (14, 15), (15, 12), (15, 13), (15, 14), (15, 15)]
block_dict= [(0, 25992), (25992, 58824), (58824, 91656), (91656, 117648), (117648, 150480), (150480, 191952), (191952, 233424), (233424, 266256), (266256, 299088), (299088, 340560), (340560, 382032), (382032, 414864), (414864, 440856), (440856, 473688), (473688, 506520), (506520, 532512)]
sizes= [25992, 32832, 32832, 25992, 32832, 41472, 41472, 32832, 32832, 41472, 41472, 32832, 25992, 32832, 32832, 25992]
nbatch= 1
RANK= 0
SIZE= 640
Lx,Ly= 16 16
D= 6
chi= 12
rate= 0.1 0.5
cond= 0.001 0.1
nparams= 532512 469605
256 128 128
size= 4.062843322753906
	prob= 46940.29288934427
	burn in time= 174.3703167438507
trouble in torch gesdd routine, falling back to gesvd
trouble in torch gesdd routine, falling back to gesvd
trouble in torch gesdd routine, falling back to gesvd
trouble in torch gesdd routine, falling back to gesvd
trouble in torch gesdd routine, falling back to gesvd
trouble in torch gesdd routine, falling back to gesvd
trouble in torch gesdd routine, falling back to gesvd
trouble in torch gesdd routine, falling back to gesvd
	sample time= 7754.872176408768
	contraction err= 0.0017024431382450023 0.252422173426734

Mean energy: -1.25141646e+02
Block size    # of blocks        Mean                Error
     1           300000       -1.25141646e+02       1.402187e-03
     2           150000       -1.25141646e+02       1.400126e-03
     5           60000       -1.25141646e+02       1.395342e-03
    10           30000       -1.25141646e+02       1.401691e-03
    20           15000       -1.25141646e+02       1.393133e-03
    50           6000       -1.25141646e+02       1.407785e-03
    70           4285       -1.25141630e+02       1.424147e-03
   100           3000       -1.25141646e+02       1.414750e-03
   200           1500       -1.25141646e+02       1.430950e-03
   500            600       -1.25141646e+02       1.452552e-03
0 0.001402187147681513 0.0014525517105936547
Stocahstic error estimate: 1.402187e-03

step=10,E=-0.4888345541137481,dE=-0.4888345541137481,err=5.47729354563091e-06,gmax=0.08687270237163114
	collect g,Hv time= 15.840029001235962
	solver time=17.951583862304688,exit status=0
niter= 44
pure_newton= True
ix=0,sh=25992
	solver time=7.789823770523071,exit status=0
niter= 53
ix=1,sh=32832
	solver time=9.776631593704224,exit status=0
niter= 52
ix=2,sh=32832
	solver time=8.23583436012268,exit status=0
niter= 43
ix=3,sh=25992
	solver time=6.431700944900513,exit status=0
niter= 44
ix=4,sh=32832
	solver time=11.698249101638794,exit status=0
niter= 62
ix=5,sh=41472
	solver time=15.230129957199097,exit status=0
niter= 62
ix=6,sh=41472
	solver time=15.393054962158203,exit status=0
niter= 63
ix=7,sh=32832
	solver time=11.31183934211731,exit status=0
niter= 59
ix=8,sh=32832
	solver time=12.093522548675537,exit status=0
niter= 64
ix=9,sh=41472
niter= 63
	solver time=15.475155115127563,exit status=0
ix=10,sh=41472
	solver time=15.645677089691162,exit status=0
niter= 64
ix=11,sh=32832
	solver time=11.209570407867432,exit status=0
niter= 59
ix=12,sh=25992
	solver time=10.465190887451172,exit status=0
niter= 70
ix=13,sh=32832
	solver time=9.164964437484741,exit status=0
niter= 49
ix=14,sh=32832
	solver time=9.229408740997314,exit status=0
niter= 49
ix=15,sh=25992
	solver time=4.8092193603515625,exit status=0
niter= 32
	prob= 15638.986034371517
	burn in time= 174.49696159362793
	sample time= 4149.980539560318
	contraction err= 0.001755785244521837 0.236761839494081

Mean energy: -1.25147389e+02
Block size    # of blocks        Mean                Error
     1           300000       -1.25147389e+02       1.396356e-03
     2           150000       -1.25147389e+02       1.395363e-03
     5           60000       -1.25147389e+02       1.395893e-03
    10           30000       -1.25147389e+02       1.392340e-03
    20           15000       -1.25147389e+02       1.400749e-03
    50           6000       -1.25147389e+02       1.380013e-03
    70           4285       -1.25147395e+02       1.386913e-03
   100           3000       -1.25147389e+02       1.389736e-03
   200           1500       -1.25147389e+02       1.389964e-03
   500            600       -1.25147389e+02       1.466926e-03
0 0.00139635609956017 0.001466925623425958
Stocahstic error estimate: 1.396356e-03

	predict=-0.005690580378806894,actual=(-0.005743532567407783, 0.001978873203088593)
	g=0.25701360966017267,del=0.22907513275603894,dot=0.01139340595598113,x=41.2977093523846
[(0, 0), (0, 1), (0, 2), (0, 3), (1, 0), (1, 1), (1, 2), (1, 3), (2, 0), (2, 1), (2, 2), (2, 3), (3, 0), (3, 1), (3, 2), (3, 3)]
[(0, 4), (0, 5), (0, 6), (0, 7), (1, 4), (1, 5), (1, 6), (1, 7), (2, 4), (2, 5), (2, 6), (2, 7), (3, 4), (3, 5), (3, 6), (3, 7)]
[(0, 8), (0, 9), (0, 10), (0, 11), (1, 8), (1, 9), (1, 10), (1, 11), (2, 8), (2, 9), (2, 10), (2, 11), (3, 8), (3, 9), (3, 10), (3, 11)]
[(0, 12), (0, 13), (0, 14), (0, 15), (1, 12), (1, 13), (1, 14), (1, 15), (2, 12), (2, 13), (2, 14), (2, 15), (3, 12), (3, 13), (3, 14), (3, 15)]
[(4, 0), (4, 1), (4, 2), (4, 3), (5, 0), (5, 1), (5, 2), (5, 3), (6, 0), (6, 1), (6, 2), (6, 3), (7, 0), (7, 1), (7, 2), (7, 3)]
[(4, 4), (4, 5), (4, 6), (4, 7), (5, 4), (5, 5), (5, 6), (5, 7), (6, 4), (6, 5), (6, 6), (6, 7), (7, 4), (7, 5), (7, 6), (7, 7)]
[(4, 8), (4, 9), (4, 10), (4, 11), (5, 8), (5, 9), (5, 10), (5, 11), (6, 8), (6, 9), (6, 10), (6, 11), (7, 8), (7, 9), (7, 10), (7, 11)]
[(4, 12), (4, 13), (4, 14), (4, 15), (5, 12), (5, 13), (5, 14), (5, 15), (6, 12), (6, 13), (6, 14), (6, 15), (7, 12), (7, 13), (7, 14), (7, 15)]
[(8, 0), (8, 1), (8, 2), (8, 3), (9, 0), (9, 1), (9, 2), (9, 3), (10, 0), (10, 1), (10, 2), (10, 3), (11, 0), (11, 1), (11, 2), (11, 3)]
[(8, 4), (8, 5), (8, 6), (8, 7), (9, 4), (9, 5), (9, 6), (9, 7), (10, 4), (10, 5), (10, 6), (10, 7), (11, 4), (11, 5), (11, 6), (11, 7)]
[(8, 8), (8, 9), (8, 10), (8, 11), (9, 8), (9, 9), (9, 10), (9, 11), (10, 8), (10, 9), (10, 10), (10, 11), (11, 8), (11, 9), (11, 10), (11, 11)]
[(8, 12), (8, 13), (8, 14), (8, 15), (9, 12), (9, 13), (9, 14), (9, 15), (10, 12), (10, 13), (10, 14), (10, 15), (11, 12), (11, 13), (11, 14), (11, 15)]
[(12, 0), (12, 1), (12, 2), (12, 3), (13, 0), (13, 1), (13, 2), (13, 3), (14, 0), (14, 1), (14, 2), (14, 3), (15, 0), (15, 1), (15, 2), (15, 3)]
[(12, 4), (12, 5), (12, 6), (12, 7), (13, 4), (13, 5), (13, 6), (13, 7), (14, 4), (14, 5), (14, 6), (14, 7), (15, 4), (15, 5), (15, 6), (15, 7)]
[(12, 8), (12, 9), (12, 10), (12, 11), (13, 8), (13, 9), (13, 10), (13, 11), (14, 8), (14, 9), (14, 10), (14, 11), (15, 8), (15, 9), (15, 10), (15, 11)]
[(12, 12), (12, 13), (12, 14), (12, 15), (13, 12), (13, 13), (13, 14), (13, 15), (14, 12), (14, 13), (14, 14), (14, 15), (15, 12), (15, 13), (15, 14), (15, 15)]
block_dict= [(0, 25992), (25992, 58824), (58824, 91656), (91656, 117648), (117648, 150480), (150480, 191952), (191952, 233424), (233424, 266256), (266256, 299088), (299088, 340560), (340560, 382032), (382032, 414864), (414864, 440856), (440856, 473688), (473688, 506520), (506520, 532512)]
sizes= [25992, 32832, 32832, 25992, 32832, 41472, 41472, 32832, 32832, 41472, 41472, 32832, 25992, 32832, 32832, 25992]
nbatch= 1
RANK= 0
SIZE= 640
Lx,Ly= 16 16
D= 6
chi= 12
rate= 0.1 0.5
cond= 0.001 0.1
nparams= 532512 469678
256 128 128
size= 4.062843322753906
	prob= 15638.986034371543
	burn in time= 176.59232234954834
trouble in torch gesdd routine, falling back to gesvd
trouble in torch gesdd routine, falling back to gesvd
trouble in torch gesdd routine, falling back to gesvd
trouble in torch gesdd routine, falling back to gesvd
trouble in torch gesdd routine, falling back to gesvd
trouble in torch gesdd routine, falling back to gesvd
	sample time= 7744.147446632385
	contraction err= 0.0017514565821889437 0.30888790859295084

Mean energy: -1.25147464e+02
Block size    # of blocks        Mean                Error
     1           300000       -1.25147464e+02       1.399279e-03
     2           150000       -1.25147464e+02       1.399529e-03
     5           60000       -1.25147464e+02       1.396831e-03
    10           30000       -1.25147464e+02       1.402947e-03
    20           15000       -1.25147464e+02       1.396928e-03
    50           6000       -1.25147464e+02       1.415365e-03
    70           4285       -1.25147464e+02       1.429226e-03
   100           3000       -1.25147464e+02       1.416291e-03
   200           1500       -1.25147464e+02       1.435693e-03
   500            600       -1.25147464e+02       1.437961e-03
0 0.0013995289986765804 0.0014379608558862359
Stocahstic error estimate: 1.399529e-03

step=11,E=-0.4888572801352278,dE=-0.4888572801352278,err=5.466910151080392e-06,gmax=0.029316827739945595
	collect g,Hv time= 15.767828702926636
	solver time=17.462934255599976,exit status=0
niter= 43
pure_newton= True
ix=0,sh=25992
	solver time=5.094239950180054,exit status=0
niter= 35
ix=1,sh=32832
	solver time=10.15555453300476,exit status=0
niter= 54
ix=2,sh=32832
	solver time=5.925655364990234,exit status=0
niter= 32
ix=3,sh=25992
niter= 31
	solver time=4.577996015548706,exit status=0
ix=4,sh=32832
	solver time=11.987720251083374,exit status=0
niter= 63
ix=5,sh=41472
	solver time=15.337087631225586,exit status=0
niter= 63
ix=6,sh=41472
	solver time=15.728843927383423,exit status=0
niter= 64
ix=7,sh=32832
	solver time=11.670648097991943,exit status=0
niter= 62
ix=8,sh=32832
	solver time=12.605005741119385,exit status=0
niter= 66
ix=9,sh=41472
	solver time=15.548730373382568,exit status=0
niter= 64
ix=10,sh=41472
	solver time=16.415793418884277,exit status=0
niter= 67
ix=11,sh=32832
	solver time=11.4545259475708,exit status=0
niter= 61
ix=12,sh=25992
	solver time=7.528977155685425,exit status=0
niter= 51
ix=13,sh=32832
	solver time=10.065863370895386,exit status=0
niter= 53
ix=14,sh=32832
	solver time=8.023558378219604,exit status=0
niter= 43
ix=15,sh=25992
	solver time=6.700067520141602,exit status=0
niter= 46
	prob= 6159.58559870786
	burn in time= 177.0280544757843
	sample time= 4149.649511814117
	contraction err= 0.0017953576251094595 0.3872917819768035

Mean energy: -1.25156264e+02
Block size    # of blocks        Mean                Error
     1           300000       -1.25156264e+02       1.392542e-03
     2           150000       -1.25156264e+02       1.393678e-03
     5           60000       -1.25156264e+02       1.394681e-03
    10           30000       -1.25156264e+02       1.394428e-03
    20           15000       -1.25156264e+02       1.395077e-03
    50           6000       -1.25156264e+02       1.393578e-03
    70           4285       -1.25156262e+02       1.404363e-03
   100           3000       -1.25156264e+02       1.397803e-03
   200           1500       -1.25156264e+02       1.378967e-03
   500            600       -1.25156264e+02       1.401902e-03
0 0.0013936782738544933 0.001401901758380772
Stocahstic error estimate: 1.393678e-03

	predict=-0.00549893136201045,actual=(-0.008800379504108946, 0.0019751001364869355)
	g=0.19815221109240333,del=0.2127663092959511,dot=0.01100187111867571,x=41.29770935238458
