[[ 0.13293  -0.991125]
 [ 0.756408 -0.6541  ]
 [ 0.561189 -0.827688]
 [ 0.352382 -0.935856]
 [ 0.705194 -0.709015]
 [ 0.758899 -0.651209]
 [ 0.991208 -0.132311]
 [ 0.586377 -0.810038]
 [ 0.680185 -0.733041]
 [ 0.286832 -0.957981]
 [ 0.87339  -0.487022]
 [ 0.956711 -0.29104 ]
 [ 0.625064 -0.780573]
 [ 0.907451 -0.420157]
 [ 0.373361 -0.927686]
 [ 0.917544 -0.397633]
 [ 0.566047 -0.824373]
 [ 0.834136 -0.551558]
 [ 0.54586  -0.837876]
 [ 0.841885 -0.539657]
 [ 0.974559 -0.22413 ]
 [ 0.866735 -0.49877 ]
 [ 0.373079 -0.9278  ]
 [ 0.859334 -0.511416]
 [ 0.530093 -0.847939]
 [ 0.227258 -0.973835]
 [ 0.665188 -0.746676]
 [ 0.856703 -0.515809]
 [ 0.504446 -0.863443]
 [ 0.87735  -0.479851]
 [ 0.949474 -0.313847]
 [ 0.827621 -0.561287]
 [ 0.619601 -0.784917]
 [ 0.490669 -0.871346]
 [ 0.844458 -0.535621]
 [ 0.953317  0.30197 ]
 [ 0.803925 -0.594731]
 [ 0.510845 -0.859673]
 [ 0.821351 -0.570423]
 [ 0.678912 -0.73422 ]
 [ 0.631718 -0.775198]
 [ 0.893084 -0.44989 ]
 [ 0.969098 -0.246674]
 [ 0.915505 -0.402306]
 [ 0.938868 -0.344277]
 [ 0.731939 -0.68137 ]
 [ 0.373217 -0.927744]
 [ 0.339784  0.940504]
 [ 0.956138 -0.292918]
 [ 0.501839 -0.864961]
 [ 0.997674 -0.068171]
 [ 0.670855 -0.741589]
 [ 0.802792 -0.596259]
 [ 0.929945  0.367698]
 [ 0.681924 -0.731423]
 [ 0.605023 -0.796208]
 [ 0.378102 -0.925764]
 [ 0.269085 -0.963116]
 [ 0.603678 -0.797228]
 [ 0.90797  -0.419035]
 [ 0.309214 -0.950992]
 [ 0.693146 -0.720797]
 [ 0.824588 -0.565734]
 [ 0.502444 -0.86461 ]
 [ 0.845266 -0.534345]
 [ 0.656738 -0.754119]
 [ 0.56311  -0.826382]
 [ 0.494551 -0.869149]
 [ 0.66264  -0.748938]
 [ 0.945786 -0.32479 ]
 [ 0.892555 -0.450938]
 [ 0.68371  -0.729754]
 [ 0.538223 -0.842802]
 [ 0.880872 -0.473354]
 [ 0.726957 -0.686683]
 [ 0.625931 -0.779879]
 [ 0.513617 -0.85802 ]
 [ 0.744273 -0.667876]
 [ 0.501507 -0.865153]
 [ 0.676271 -0.736653]
 [ 0.687598 -0.726091]
 [ 0.851826 -0.523825]
 [ 0.820653 -0.571427]
 [ 0.053093 -0.99859 ]
 [ 0.698137 -0.715964]
 [ 0.544381 -0.838838]
 [ 0.489711 -0.871885]
 [ 0.772114 -0.635484]
 [ 0.385982 -0.922506]
 [ 0.787049 -0.616891]
 [ 0.838909 -0.544272]
 [ 0.833262 -0.552879]
 [ 0.986558 -0.16341 ]
 [ 0.319772 -0.947494]
 [ 0.595597 -0.803283]
 [ 0.881994  0.471261]
 [ 0.899387 -0.437154]
 [ 0.372542 -0.928015]
 [ 0.622131 -0.782913]
 [ 0.597593 -0.8018  ]
 [ 0.988075 -0.153974]
 [ 0.879684 -0.475559]
 [ 0.678442 -0.734654]
 [ 0.334751 -0.942307]
 [ 0.748444 -0.663198]
 [ 0.144782 -0.989464]
 [ 0.894487 -0.447094]
 [ 0.86566  -0.500633]
 [ 0.495235 -0.868759]
 [ 0.665616 -0.746295]
 [ 0.552676 -0.833396]
 [ 0.630271 -0.776375]
 [ 0.951485 -0.307695]
 [ 0.905459 -0.424434]
 [ 0.464272 -0.885693]
 [ 0.898038 -0.439917]
 [ 0.729189 -0.684312]
 [ 0.933632 -0.358233]
 [ 0.743509 -0.668726]
 [ 0.325106 -0.945678]
 [ 0.304444 -0.95253 ]
 [ 0.688628 -0.725115]
 [ 0.837884 -0.545849]
 [ 0.358844 -0.933398]
 [ 0.768085 -0.640347]
 [ 0.702374 -0.711808]
 [ 0.2431   -0.970001]
 [ 0.863698 -0.504009]
 [ 0.755163 -0.655537]
 [ 0.536716 -0.843763]
 [ 0.547617 -0.836729]
 [ 0.986955 -0.160997]
 [ 0.818837 -0.574026]
 [ 0.834493 -0.551018]
 [ 0.946687 -0.322153]
 [ 0.678834 -0.734292]
 [ 0.533506 -0.845797]
 [ 0.652436 -0.757844]
 [ 0.592993 -0.805208]
 [ 0.640171 -0.768233]
 [ 0.69078  -0.723065]
 [ 0.571991 -0.82026 ]
 [ 0.923733 -0.383037]
 [ 0.350088 -0.936717]
 [ 0.903     0.429642]
 [ 0.636692 -0.771119]
 [ 0.436622 -0.899645]
 [ 0.998918  0.046507]
 [ 0.48728  -0.873246]
 [ 0.605483 -0.795858]
 [ 0.920899 -0.389802]
 [ 0.78843  -0.615124]
 [ 0.119121 -0.99288 ]
 [ 0.6011   -0.799174]
 [ 0.892089 -0.451859]
 [ 0.772588 -0.634908]
 [ 0.946742 -0.321994]
 [ 0.443961 -0.896046]
 [ 0.60904  -0.79314 ]
 [ 0.366069 -0.930588]]
rgn= True
L= 160
sample size= 20000

nparam= 320
	log prob= -149.88707367402262
	burn in time= 0.4803307056427002
	sample time= 6.046383857727051
	contraction err= 0.0 0.0
nsamples= 20048

Mean energy: -1.22494498e+02
Block size    # of blocks        Mean                Error
     1           20048       -1.22494498e+02       4.863707e-02
     2           10024       -1.22494498e+02       4.880476e-02
     5           4009       -1.22494211e+02       4.880707e-02
    10           2004       -1.22494304e+02       4.852267e-02
    20           1002       -1.22494304e+02       4.901052e-02
    50            400       -1.22496316e+02       4.818055e-02
    70            286       -1.22495796e+02       4.934815e-02
   100            200       -1.22496316e+02       4.889713e-02
   200            100       -1.22496316e+02       4.923276e-02
   500             40       -1.22496316e+02       5.407074e-02
Stocahstic error estimate: 4.880476e-02

step=0,E=-0.7655906140205758,dE=0.0,err=0.0003050297315878663,gmax=1.027330946054951
	collect g,Hv time= 0.20068073272705078
	solver time=0.0028519630432128906,exit status=0
niter= 5
	collect S matrix time= 0.02200770378112793
	collect H matrix time= 0.012602806091308594
	RGN solver time=0.04311180114746094,least eigenvalue=0.0019999999321133545,eps=0.5
pure_newton= False
	solver time=0.018298625946044922,exit status=0
niter= 19
hessian inversion error= 0.0006490260962942118
rgn delta error= 0.0012210918681329712
	log prob= -116.60466563990124
	burn in time= 0.5035445690155029
	sample time= 5.836923122406006
	contraction err= 0.0 0.0
nsamples= 20048

Mean energy: -1.39373034e+02
Block size    # of blocks        Mean                Error
     1           20048       -1.39373034e+02       4.009458e-02
     2           10024       -1.39373034e+02       4.023298e-02
     5           4009       -1.39373259e+02       4.125017e-02
    10           2004       -1.39373596e+02       4.189028e-02
    20           1002       -1.39373596e+02       4.291599e-02
    50            400       -1.39374182e+02       4.312814e-02
    70            286       -1.39373175e+02       4.299321e-02
   100            200       -1.39374182e+02       4.235696e-02
   200            100       -1.39374182e+02       4.146128e-02
   500             40       -1.39374182e+02       3.868996e-02
Stocahstic error estimate: 4.023298e-02

	predict=-10.013391369837036,actual=(array([-16.878536]), array([0.040233]))
	g=6.881111932043232,del=3.996580076822879,dot=20.02677621547558,x=13.265468416684133

nparam= 320
	log prob= -116.60466563990124
	burn in time= 0.5083513259887695
	sample time= 6.331667900085449
	contraction err= 0.0 0.0
nsamples= 20048

Mean energy: -1.39352617e+02
Block size    # of blocks        Mean                Error
     1           20048       -1.39352617e+02       3.975621e-02
     2           10024       -1.39352617e+02       4.001425e-02
     5           4009       -1.39352619e+02       4.034661e-02
    10           2004       -1.39352575e+02       4.067387e-02
    20           1002       -1.39352575e+02       4.210183e-02
    50            400       -1.39352644e+02       4.370666e-02
    70            286       -1.39352537e+02       4.450015e-02
   100            200       -1.39352644e+02       4.488200e-02
   200            100       -1.39352644e+02       4.636957e-02
   500             40       -1.39352644e+02       4.850714e-02
Stocahstic error estimate: 4.001425e-02

step=1,E=-0.8709538567210787,dE=-0.1053632427005029,err=0.0002500890459534542,gmax=0.9412685429071601
	collect g,Hv time= 0.19858932495117188
niter= 5
	solver time=0.0029265880584716797,exit status=0
	collect S matrix time= 0.015603303909301758
	collect H matrix time= 0.013210296630859375
	RGN solver time=0.029439210891723633,least eigenvalue=0.001999999945126637,eps=0.5
pure_newton= False
	solver time=0.009578466415405273,exit status=0
niter= 10
hessian inversion error= 0.00045284068167093425
rgn delta error= 0.00013821877133494718
	log prob= -112.46319479165493
	burn in time= 0.5138719081878662
	sample time= 6.012330532073975
	contraction err= 0.0 0.0
nsamples= 20048

Mean energy: -1.48098955e+02
Block size    # of blocks        Mean                Error
     1           20048       -1.48098955e+02       3.205007e-02
     2           10024       -1.48098955e+02       3.464601e-02
     5           4009       -1.48098919e+02       3.879152e-02
    10           2004       -1.48098541e+02       4.236972e-02
    20           1002       -1.48098541e+02       4.729779e-02
    50            400       -1.48103507e+02       5.409892e-02
    70            286       -1.48101094e+02       5.699662e-02
   100            200       -1.48103507e+02       6.273850e-02
   200            100       -1.48103507e+02       6.896798e-02
   500             40       -1.48103507e+02       7.394952e-02
	predict=-4.8855928213641615,actual=(array([-8.746338]), array([0.07395]))
	g=5.616645496954658,del=1.850059528442976,dot=9.771184673602015,x=12.783689618389104

nparam= 320
	log prob= -112.46319479165493
	burn in time= 0.524573802947998
	sample time= 6.492918014526367
	contraction err= 0.0 0.0
nsamples= 20048

Mean energy: -1.48090471e+02
Block size    # of blocks        Mean                Error
     1           20048       -1.48090471e+02       3.191135e-02
     2           10024       -1.48090471e+02       3.437808e-02
     5           4009       -1.48090837e+02       3.864013e-02
    10           2004       -1.48090896e+02       4.220682e-02
    20           1002       -1.48090896e+02       4.684777e-02
    50            400       -1.48088347e+02       5.451285e-02
    70            286       -1.48089065e+02       5.771742e-02
   100            200       -1.48088347e+02       6.007951e-02
   200            100       -1.48088347e+02       6.445567e-02
   500             40       -1.48088347e+02       6.865497e-02
Stocahstic error estimate: 6.007951e-02

step=2,E=-0.9255654427432969,dE=-0.05461158602221818,err=0.00037549692474026696,gmax=0.8841734399450587
	collect g,Hv time= 0.20452499389648438
	solver time=0.0026776790618896484,exit status=0
niter= 5
	collect S matrix time= 0.015412092208862305
	collect H matrix time= 0.013059854507446289
	RGN solver time=0.029525041580200195,least eigenvalue=0.0019999999530186325,eps=0.5
pure_newton= False
	solver time=0.007731437683105469,exit status=0
niter= 8
hessian inversion error= 0.00030174890693791866
rgn delta error= 8.745590242236114e-05
	log prob= -115.90112775220703
	burn in time= 0.5169477462768555
	sample time= 5.967191934585571
	contraction err= 0.0 0.0
nsamples= 20048

Mean energy: -1.53063906e+02
Block size    # of blocks        Mean                Error
     1           20048       -1.53063906e+02       2.506376e-02
     2           10024       -1.53063906e+02       2.697995e-02
     5           4009       -1.53063904e+02       2.968516e-02
    10           2004       -1.53063080e+02       3.236449e-02
    20           1002       -1.53063080e+02       3.539629e-02
    50            400       -1.53063967e+02       3.907245e-02
    70            286       -1.53063756e+02       3.945913e-02
   100            200       -1.53063967e+02       4.126488e-02
   200            100       -1.53063967e+02       4.270248e-02
   500             40       -1.53063967e+02       4.541598e-02
Stocahstic error estimate: 3.945913e-02

	predict=-2.765360314982318,actual=(array([-4.973435]), array([0.039459]))
	g=4.519934528892961,del=1.241983315472919,dot=5.530719418844287,x=12.709937944609328

nparam= 320
	log prob= -115.90112775220703
	burn in time= 0.5178298950195312
	sample time= 6.467286109924316
	contraction err= 0.0 0.0
nsamples= 20048

Mean energy: -1.53027837e+02
Block size    # of blocks        Mean                Error
     1           20048       -1.53027837e+02       2.510145e-02
     2           10024       -1.53027837e+02       2.700061e-02
     5           4009       -1.53027964e+02       3.000180e-02
    10           2004       -1.53027242e+02       3.254329e-02
    20           1002       -1.53027242e+02       3.454481e-02
    50            400       -1.53024966e+02       3.732095e-02
    70            286       -1.53025826e+02       3.924240e-02
   100            200       -1.53024966e+02       3.909880e-02
   200            100       -1.53024966e+02       4.520589e-02
   500             40       -1.53024966e+02       4.124404e-02
Stocahstic error estimate: 3.924240e-02

step=3,E=-0.9564239832342103,dE=-0.030858540490913456,err=0.0002452649839630325,gmax=0.7137619394102757
	collect g,Hv time= 0.19939470291137695
	solver time=0.002356290817260742,exit status=0
niter= 5
	collect S matrix time= 0.015587329864501953
	collect H matrix time= 0.012681961059570312
	RGN solver time=0.030579566955566406,least eigenvalue=0.00199999994170567,eps=0.5
pure_newton= False
	solver time=0.007824182510375977,exit status=0
niter= 8
hessian inversion error= 0.00012195744915490805
rgn delta error= 3.324785628262755e-05
	log prob= -125.20346102351951
	burn in time= 0.5110812187194824
	sample time= 5.872154951095581
	contraction err= 0.0 0.0
nsamples= 20048

Mean energy: -1.56060543e+02
Block size    # of blocks        Mean                Error
     1           20048       -1.56060543e+02       1.926657e-02
     2           10024       -1.56060543e+02       1.948737e-02
     5           4009       -1.56060829e+02       2.018841e-02
    10           2004       -1.56061389e+02       2.083150e-02
    20           1002       -1.56061389e+02       2.145484e-02
    50            400       -1.56061519e+02       2.227555e-02
    70            286       -1.56061297e+02       2.136003e-02
   100            200       -1.56061519e+02       2.224299e-02
   200            100       -1.56061519e+02       2.100052e-02
   500             40       -1.56061519e+02       2.310568e-02
Stocahstic error estimate: 1.948737e-02

	predict=-1.7120465348578007,actual=(array([-3.032705]), array([0.019487]))
	g=3.5610822116587806,del=0.9739824463930619,dot=3.4240937279948374,x=12.686553582674799

nparam= 320
	log prob= -125.20346102351951
	burn in time= 0.5101187229156494
	sample time= 6.364427328109741
	contraction err= 0.0 0.0
nsamples= 20048

Mean energy: -1.56090632e+02
Block size    # of blocks        Mean                Error
     1           20048       -1.56090632e+02       1.921325e-02
     2           10024       -1.56090632e+02       1.954171e-02
     5           4009       -1.56090500e+02       2.009853e-02
    10           2004       -1.56090751e+02       2.037222e-02
    20           1002       -1.56090751e+02       2.059301e-02
    50            400       -1.56089630e+02       2.120492e-02
    70            286       -1.56090717e+02       2.119581e-02
   100            200       -1.56089630e+02       2.122362e-02
   200            100       -1.56089630e+02       2.302121e-02
   500             40       -1.56089630e+02       2.162179e-02
Stocahstic error estimate: 1.954171e-02

step=4,E=-0.9755664502262379,dE=-0.01914246699202753,err=0.00012213568859658215,gmax=0.6257536051306829
	collect g,Hv time= 0.20047521591186523
	solver time=0.002443552017211914,exit status=0
niter= 5
	collect S matrix time= 0.014596223831176758
	collect H matrix time= 0.01282501220703125
	RGN solver time=0.029788732528686523,least eigenvalue=0.0019999999345583033,eps=0.5
pure_newton= False
	solver time=0.007802248001098633,exit status=0
niter= 8
hessian inversion error= 9.071450473057835e-05
rgn delta error= 2.6372958298465024e-05
	log prob= -148.96043609704748
	burn in time= 0.49225282669067383
	sample time= 5.766592741012573
	contraction err= 0.0 0.0
nsamples= 20048

Mean energy: -1.57842781e+02
Block size    # of blocks        Mean                Error
     1           20048       -1.57842781e+02       1.462697e-02
     2           10024       -1.57842781e+02       1.462480e-02
     5           4009       -1.57843056e+02       1.462933e-02
    10           2004       -1.57842911e+02       1.461313e-02
    20           1002       -1.57842911e+02       1.447755e-02
    50            400       -1.57843124e+02       1.465666e-02
    70            286       -1.57843076e+02       1.455294e-02
   100            200       -1.57843124e+02       1.464311e-02
   200            100       -1.57843124e+02       1.454038e-02
   500             40       -1.57843124e+02       1.554748e-02
Stocahstic error estimate: 1.462697e-02

	predict=-1.0153587294843889,actual=(array([-1.752149]), array([0.014627]))
	g=2.7174408528405647,del=0.7563987796435726,dot=2.0307176156445332,x=12.671706243197383

nparam= 320
	log prob= -148.96043609704748
	burn in time= 0.49815940856933594
	sample time= 6.269498109817505
	contraction err= 0.0 0.0
nsamples= 20048

Mean energy: -1.57854533e+02
Block size    # of blocks        Mean                Error
     1           20048       -1.57854533e+02       1.384121e-02
     2           10024       -1.57854533e+02       1.391854e-02
     5           4009       -1.57854396e+02       1.424484e-02
    10           2004       -1.57854456e+02       1.441180e-02
    20           1002       -1.57854456e+02       1.390134e-02
    50            400       -1.57855129e+02       1.326081e-02
    70            286       -1.57855302e+02       1.379889e-02
   100            200       -1.57855129e+02       1.368993e-02
   200            100       -1.57855129e+02       1.432990e-02
   500             40       -1.57855129e+02       1.421685e-02
Stocahstic error estimate: 1.391854e-02

step=5,E=-0.9865908315518229,dE=-0.011024381325585076,err=8.699089027469468e-05,gmax=0.5522320183946654
	collect g,Hv time= 0.19897055625915527
	solver time=0.0025174617767333984,exit status=0
niter= 5
	collect S matrix time= 0.014643192291259766
	collect H matrix time= 0.012861013412475586
	RGN solver time=0.029330015182495117,least eigenvalue=0.001999999924288119,eps=0.5
pure_newton= False
	solver time=0.0075685977935791016,exit status=0
niter= 8
hessian inversion error= 4.6055013372679055e-05
rgn delta error= 1.2330278731654672e-05
	log prob= -157.9408462023462
	burn in time= 0.4926176071166992
	sample time= 5.710934400558472
	contraction err= 0.0 0.0
nsamples= 20048

Mean energy: -1.58736264e+02
Block size    # of blocks        Mean                Error
     1           20048       -1.58736264e+02       1.101521e-02
     2           10024       -1.58736264e+02       1.105471e-02
     5           4009       -1.58736001e+02       1.107613e-02
    10           2004       -1.58735878e+02       1.120325e-02
    20           1002       -1.58735878e+02       1.145744e-02
    50            400       -1.58736677e+02       1.103766e-02
    70            286       -1.58735829e+02       1.061094e-02
   100            200       -1.58736677e+02       1.099382e-02
   200            100       -1.58736677e+02       1.197303e-02
   500             40       -1.58736677e+02       1.177002e-02
Stocahstic error estimate: 1.105471e-02

	predict=-0.5234492426856248,actual=(array([-0.881731]), array([0.011055]))
	g=1.9735009188974142,del=0.5359318810751456,dot=1.0468984575926068,x=12.660459035166923

nparam= 320
	log prob= -157.9408462023462
	burn in time= 0.4920382499694824
	sample time= 6.202066898345947
	contraction err= 0.0 0.0
nsamples= 20048

Mean energy: -1.58736413e+02
Block size    # of blocks        Mean                Error
     1           20048       -1.58736413e+02       1.112841e-02
     2           10024       -1.58736413e+02       1.112313e-02
     5           4009       -1.58736460e+02       1.111686e-02
    10           2004       -1.58736326e+02       1.100430e-02
    20           1002       -1.58736326e+02       1.074108e-02
    50            400       -1.58737012e+02       1.038440e-02
    70            286       -1.58736770e+02       1.093678e-02
   100            200       -1.58737012e+02       9.957456e-03
   200            100       -1.58737012e+02       1.008936e-02
   500             40       -1.58737012e+02       1.020258e-02
Stocahstic error estimate: 1.112841e-02

step=6,E=-0.9921025828030636,dE=-0.0055117512512406815,err=6.95525849113174e-05,gmax=0.9630550960544181
	collect g,Hv time= 0.1992788314819336
	solver time=0.0027196407318115234,exit status=0
niter= 6
	collect S matrix time= 0.014492273330688477
	collect H matrix time= 0.012772560119628906
	RGN solver time=0.029871463775634766,least eigenvalue=0.0019999999292966537,eps=0.5
pure_newton= False
	solver time=0.008386373519897461,exit status=0
hessian inversion error= 2.3056589615202007e-05
rgn delta error= 6.656721734749292e-06
niter= 9
	log prob= -156.11274284595103
	burn in time= 0.4954555034637451
	sample time= 5.658545970916748
	contraction err= 0.0 0.0
nsamples= 20048

Mean energy: -1.59290999e+02
Block size    # of blocks        Mean                Error
     1           20048       -1.59290999e+02       7.690435e-03
     2           10024       -1.59290999e+02       7.724870e-03
     5           4009       -1.59290984e+02       7.789369e-03
    10           2004       -1.59291000e+02       7.964685e-03
    20           1002       -1.59291000e+02       7.867204e-03
    50            400       -1.59291187e+02       8.261352e-03
    70            286       -1.59291100e+02       8.270637e-03
   100            200       -1.59291187e+02       7.982898e-03
   200            100       -1.59291187e+02       8.249559e-03
   500             40       -1.59291187e+02       8.340590e-03
Stocahstic error estimate: 7.724870e-03

	predict=-0.3510136697210577,actual=(array([-0.554585]), array([0.007725]))
	g=1.7609563881483672,del=0.4216097162067026,dot=0.7020273050171808,x=12.656135063788255

nparam= 320
	log prob= -156.11274284595103
	burn in time= 0.4859802722930908
	sample time= 6.159999132156372
	contraction err= 0.0 0.0
nsamples= 20048

Mean energy: -1.59283793e+02
Block size    # of blocks        Mean                Error
     1           20048       -1.59283793e+02       7.603853e-03
     2           10024       -1.59283793e+02       7.652534e-03
     5           4009       -1.59284027e+02       7.768170e-03
    10           2004       -1.59284151e+02       7.787890e-03
    20           1002       -1.59284151e+02       7.727356e-03
    50            400       -1.59283728e+02       7.645087e-03
    70            286       -1.59284365e+02       7.136682e-03
   100            200       -1.59283728e+02       7.582233e-03
   200            100       -1.59283728e+02       7.483622e-03
   500             40       -1.59283728e+02       8.111811e-03
Stocahstic error estimate: 7.652534e-03

step=7,E=-0.9955237072723395,dE=-0.0034211244692759378,err=4.782833449719146e-05,gmax=0.2539457513501304
	collect g,Hv time= 0.20216155052185059
	solver time=0.0024106502532958984,exit status=0
niter= 5
	collect S matrix time= 0.014983415603637695
	collect H matrix time= 0.012879371643066406
	RGN solver time=0.03018951416015625,least eigenvalue=0.0019999999205836225,eps=0.5
pure_newton= False
	solver time=0.007582187652587891,exit status=0
niter= 8
hessian inversion error= 8.528711794952866e-05
rgn delta error= 2.7431592781911233e-05
	log prob= -156.13435591704803
	burn in time= 0.4926724433898926
	sample time= 5.617783308029175
	contraction err= 0.0 0.0
nsamples= 20048

Mean energy: -1.59576060e+02
Block size    # of blocks        Mean                Error
     1           20048       -1.59576060e+02       5.495011e-03
     2           10024       -1.59576060e+02       5.472269e-03
     5           4009       -1.59576066e+02       5.466050e-03
    10           2004       -1.59576067e+02       5.459894e-03
    20           1002       -1.59576067e+02       5.506610e-03
    50            400       -1.59576190e+02       5.747095e-03
    70            286       -1.59576133e+02       5.800043e-03
   100            200       -1.59576190e+02       5.712715e-03
   200            100       -1.59576190e+02       5.445607e-03
   500             40       -1.59576190e+02       5.635443e-03
Stocahstic error estimate: 5.495011e-03

	predict=-0.16313177658611766,actual=(array([-0.292266]), array([0.005495]))
	g=1.0716187347473791,del=0.30942703117711307,dot=0.32626348692245466,x=12.65289473154579

nparam= 320
	log prob= -156.13435591704803
	burn in time= 0.4874875545501709
	sample time= 6.120384693145752
	contraction err= 0.0 0.0
nsamples= 20048

Mean energy: -1.59578789e+02
Block size    # of blocks        Mean                Error
     1           20048       -1.59578789e+02       5.527026e-03
     2           10024       -1.59578789e+02       5.539375e-03
     5           4009       -1.59578818e+02       5.484796e-03
    10           2004       -1.59578749e+02       5.455290e-03
    20           1002       -1.59578749e+02       5.466919e-03
    50            400       -1.59578995e+02       5.710525e-03
    70            286       -1.59578757e+02       5.493960e-03
   100            200       -1.59578995e+02       5.944264e-03
   200            100       -1.59578995e+02       5.414735e-03
   500             40       -1.59578995e+02       5.669109e-03
Stocahstic error estimate: 5.539375e-03

step=8,E=-0.9973674294903617,dE=-0.001843722218022137,err=3.4621094906966386e-05,gmax=0.20430617051696132
	collect g,Hv time= 0.19921302795410156
	solver time=0.0025565624237060547,exit status=0
niter= 5
	collect S matrix time= 0.014405250549316406
	collect H matrix time= 0.01286625862121582
	RGN solver time=0.030131816864013672,least eigenvalue=0.001999999932435155,eps=0.5
pure_newton= False
	solver time=0.00799560546875,exit status=0
niter= 8
hessian inversion error= 5.211751244273669e-05
rgn delta error= 1.633966984158256e-05
	log prob= -158.24558695940524
	burn in time= 0.4882810115814209
	sample time= 5.591183662414551
	contraction err= 0.0 0.0
nsamples= 20048

Mean energy: -1.59727738e+02
Block size    # of blocks        Mean                Error
     1           20048       -1.59727738e+02       3.981674e-03
     2           10024       -1.59727738e+02       3.988270e-03
     5           4009       -1.59727702e+02       3.968351e-03
    10           2004       -1.59727676e+02       3.986802e-03
    20           1002       -1.59727676e+02       4.037392e-03
    50            400       -1.59727846e+02       4.080502e-03
    70            286       -1.59727767e+02       4.019659e-03
   100            200       -1.59727846e+02       4.240972e-03
   200            100       -1.59727846e+02       3.944747e-03
   500             40       -1.59727846e+02       3.793569e-03
Stocahstic error estimate: 3.988270e-03

	predict=-0.08857890955975439,actual=(array([-0.148949]), array([0.003988]))
	g=0.7835126803847894,del=0.22954427204829228,dot=0.17715771051174672,x=12.651193246994803

nparam= 320
	log prob= -158.24558695940524
	burn in time= 0.48724818229675293
	sample time= 6.1009275913238525
	contraction err= 0.0 0.0
nsamples= 20048

Mean energy: -1.59725311e+02
Block size    # of blocks        Mean                Error
     1           20048       -1.59725311e+02       3.938046e-03
     2           10024       -1.59725311e+02       3.976520e-03
     5           4009       -1.59725383e+02       3.963642e-03
    10           2004       -1.59725436e+02       4.031317e-03
    20           1002       -1.59725436e+02       4.013006e-03
    50            400       -1.59725471e+02       3.995211e-03
    70            286       -1.59725575e+02       4.018612e-03
   100            200       -1.59725471e+02       3.821629e-03
   200            100       -1.59725471e+02       3.950411e-03
   500             40       -1.59725471e+02       3.556016e-03
Stocahstic error estimate: 3.976520e-03

step=9,E=-0.9982831933181006,dE=-0.0009157638277388358,err=2.4853250688250927e-05,gmax=0.13797826395090773
	collect g,Hv time= 0.2073371410369873
	solver time=0.0024652481079101562,exit status=0
niter= 5
	collect S matrix time= 0.015030860900878906
	collect H matrix time= 0.012914657592773438
	RGN solver time=0.02887725830078125,least eigenvalue=0.001999999935069938,eps=0.5
pure_newton= False
niter= 8
	solver time=0.007581949234008789,exit status=0
hessian inversion error= 8.040065452462554e-05
rgn delta error= 2.7028679669590865e-05
	log prob= -161.21935344203268
	burn in time= 0.48760128021240234
	sample time= 5.588415861129761
	contraction err= 0.0 0.0
nsamples= 20048

Mean energy: -1.59809211e+02
Block size    # of blocks        Mean                Error
     1           20048       -1.59809211e+02       2.768165e-03
     2           10024       -1.59809211e+02       2.773042e-03
     5           4009       -1.59809195e+02       2.754528e-03
    10           2004       -1.59809235e+02       2.766040e-03
    20           1002       -1.59809235e+02       2.818502e-03
    50            400       -1.59809335e+02       2.674466e-03
    70            286       -1.59809197e+02       2.798786e-03
   100            200       -1.59809335e+02       2.700106e-03
   200            100       -1.59809335e+02       2.683434e-03
   500             40       -1.59809335e+02       2.984132e-03
Stocahstic error estimate: 2.773042e-03

	predict=-0.045025275909198054,actual=(array([-0.0839]), array([0.002773]))
	g=0.5569963480865372,del=0.16449008049001476,dot=0.09005052533621619,x=12.650180116764188

nparam= 320
	log prob= -161.21935344203268
	burn in time= 0.48906445503234863
	sample time= 6.088519811630249
	contraction err= 0.0 0.0
nsamples= 20048

Mean energy: -1.59798281e+02
Block size    # of blocks        Mean                Error
     1           20048       -1.59798281e+02       2.843616e-03
     2           10024       -1.59798281e+02       2.889986e-03
     5           4009       -1.59798322e+02       2.922059e-03
    10           2004       -1.59798240e+02       2.918020e-03
    20           1002       -1.59798240e+02       2.917171e-03
    50            400       -1.59798050e+02       2.857663e-03
    70            286       -1.59798156e+02       2.759505e-03
   100            200       -1.59798050e+02       2.766488e-03
   200            100       -1.59798050e+02       2.932325e-03
   500             40       -1.59798050e+02       2.988887e-03
Stocahstic error estimate: 2.889986e-03

step=10,E=-0.9987392545842854,dE=-0.000456061266184804,err=1.8062412318381763e-05,gmax=0.08864972690059592
	collect g,Hv time= 0.2005918025970459
niter= 5
	solver time=0.002259492874145508,exit status=0
	collect S matrix time= 0.014436960220336914
	collect H matrix time= 0.012807846069335938
	RGN solver time=0.0292966365814209,least eigenvalue=0.001999999925286678,eps=0.5
pure_newton= False
	solver time=0.007737874984741211,exit status=0
niter= 8
hessian inversion error= 4.633253165381168e-05
rgn delta error= 1.574269723753268e-05
	log prob= -164.8522558896177
	burn in time= 0.48358654975891113
	sample time= 5.574408769607544
	contraction err= 0.0 0.0
nsamples= 20048

Mean energy: -1.59839678e+02
Block size    # of blocks        Mean                Error
     1           20048       -1.59839678e+02       2.039034e-03
     2           10024       -1.59839678e+02       2.046531e-03
     5           4009       -1.59839689e+02       2.097796e-03
    10           2004       -1.59839745e+02       2.094994e-03
    20           1002       -1.59839745e+02       2.093115e-03
    50            400       -1.59839784e+02       2.225574e-03
    70            286       -1.59839742e+02       2.157335e-03
   100            200       -1.59839784e+02       2.277204e-03
   200            100       -1.59839784e+02       2.195870e-03
   500             40       -1.59839784e+02       2.363882e-03
Stocahstic error estimate: 2.046531e-03

	predict=-0.023234104096797326,actual=(array([-0.041398]), array([0.002047]))
	g=0.4079229279737803,del=0.11570873853970436,dot=0.0464681763168794,x=12.649639857014922

nparam= 320
	log prob= -164.8522558896177
	burn in time= 0.4867680072784424
	sample time= 6.075368881225586
	contraction err= 0.0 0.0
nsamples= 20048

Mean energy: -1.59840907e+02
Block size    # of blocks        Mean                Error
     1           20048       -1.59840907e+02       2.060809e-03
     2           10024       -1.59840907e+02       2.077466e-03
     5           4009       -1.59840917e+02       2.064640e-03
    10           2004       -1.59840889e+02       2.084717e-03
    20           1002       -1.59840889e+02       2.076013e-03
    50            400       -1.59841017e+02       2.100544e-03
    70            286       -1.59840859e+02       2.047603e-03
   100            200       -1.59841017e+02       2.089682e-03
   200            100       -1.59841017e+02       2.190858e-03
   500             40       -1.59841017e+02       2.370538e-03
Stocahstic error estimate: 2.077466e-03

step=11,E=-0.9990056678947857,dE=-0.00026641331050036854,err=1.2984161875540819e-05,gmax=0.09838061258302044
	collect g,Hv time= 0.19900751113891602
	solver time=0.0028493404388427734,exit status=0
niter= 6
	collect S matrix time= 0.014490365982055664
	collect H matrix time= 0.012826681137084961
	RGN solver time=0.028669357299804688,least eigenvalue=0.001999999919643793,eps=0.5
pure_newton= False
	solver time=0.007799386978149414,exit status=0
niter= 8
hessian inversion error= 7.09013121571413e-05
rgn delta error= 2.5402321562173253e-05
	log prob= -168.7797562653729
	burn in time= 0.4841501712799072
	sample time= 5.564765691757202
	contraction err= 0.0 0.0
nsamples= 20048

Mean energy: -1.59861487e+02
Block size    # of blocks        Mean                Error
     1           20048       -1.59861487e+02       1.503694e-03
     2           10024       -1.59861487e+02       1.497563e-03
     5           4009       -1.59861486e+02       1.521965e-03
    10           2004       -1.59861491e+02       1.538790e-03
    20           1002       -1.59861491e+02       1.529770e-03
    50            400       -1.59861465e+02       1.528041e-03
    70            286       -1.59861482e+02       1.559108e-03
   100            200       -1.59861465e+02       1.554423e-03
   200            100       -1.59861465e+02       1.638403e-03
   500             40       -1.59861465e+02       1.507167e-03
Stocahstic error estimate: 1.503694e-03

	predict=-0.012083435392914925,actual=(array([-0.02058]), array([0.001504]))
	g=0.3016686950791118,del=0.08164834944225038,dot=0.024166821572493013,x=12.649374152619993

nparam= 320
	log prob= -168.7797562653729
	burn in time= 0.491565465927124
	sample time= 6.066265106201172
	contraction err= 0.0 0.0
nsamples= 20048

Mean energy: -1.59861427e+02
Block size    # of blocks        Mean                Error
     1           20048       -1.59861427e+02       1.511748e-03
     2           10024       -1.59861427e+02       1.502120e-03
     5           4009       -1.59861431e+02       1.511589e-03
    10           2004       -1.59861431e+02       1.507616e-03
    20           1002       -1.59861431e+02       1.558883e-03
    50            400       -1.59861325e+02       1.653530e-03
    70            286       -1.59861349e+02       1.685566e-03
   100            200       -1.59861325e+02       1.700315e-03
   200            100       -1.59861325e+02       1.785138e-03
   500             40       -1.59861325e+02       1.757469e-03
Stocahstic error estimate: 1.511748e-03

step=12,E=-0.9991339193100337,dE=-0.00012825141524803741,err=9.448425565576412e-06,gmax=0.1349690330975557
	collect g,Hv time= 0.19835877418518066
	solver time=0.002668142318725586,exit status=0
niter= 6
	collect S matrix time= 0.015407323837280273
	collect H matrix time= 0.013016462326049805
	RGN solver time=0.028759002685546875,least eigenvalue=0.0019999999208355347,eps=0.5
pure_newton= False
	solver time=0.007418394088745117,exit status=0
niter= 8
hessian inversion error= 7.045677916459252e-05
rgn delta error= 2.4425664535885766e-05
	log prob= -166.83109635199412
	burn in time= 0.49358296394348145
	sample time= 5.562643766403198
	contraction err= 0.0 0.0
nsamples= 20048

Mean energy: -1.59870034e+02
Block size    # of blocks        Mean                Error
     1           20048       -1.59870034e+02       1.050055e-03
     2           10024       -1.59870034e+02       1.046143e-03
     5           4009       -1.59870023e+02       1.042263e-03
    10           2004       -1.59869991e+02       1.044981e-03
    20           1002       -1.59869991e+02       1.089436e-03
    50            400       -1.59870002e+02       1.152243e-03
    70            286       -1.59869991e+02       1.165238e-03
   100            200       -1.59870002e+02       1.197358e-03
   200            100       -1.59870002e+02       1.183201e-03
   500             40       -1.59870002e+02       1.301932e-03
Stocahstic error estimate: 1.050055e-03

	predict=-0.006453281274480116,actual=(array([-0.008607]), array([0.00105]))
	g=0.24208959275392591,del=0.05762691874198274,dot=0.01290654723500924,x=12.649241908579452

nparam= 320
	log prob= -166.83109635199412
	burn in time= 0.49051403999328613
	sample time= 6.062495231628418
	contraction err= 0.0 0.0
nsamples= 20048

Mean energy: -1.59871102e+02
Block size    # of blocks        Mean                Error
     1           20048       -1.59871102e+02       1.039325e-03
     2           10024       -1.59871102e+02       1.042517e-03
     5           4009       -1.59871098e+02       1.038431e-03
    10           2004       -1.59871100e+02       1.045944e-03
    20           1002       -1.59871100e+02       1.066369e-03
    50            400       -1.59871061e+02       1.082020e-03
    70            286       -1.59871070e+02       1.016040e-03
   100            200       -1.59871061e+02       1.076210e-03
   200            100       -1.59871061e+02       1.069470e-03
   500             40       -1.59871061e+02       9.467523e-04
Stocahstic error estimate: 1.042517e-03

step=13,E=-0.9991943897833859,dE=-6.047047335222544e-05,err=6.515734237455674e-06,gmax=0.02879542392823442
	collect g,Hv time= 0.19850802421569824
	solver time=0.0025429725646972656,exit status=0
niter= 5
	collect S matrix time= 0.014816045761108398
	collect H matrix time= 0.013032197952270508
	RGN solver time=0.029382705688476562,least eigenvalue=0.0019999999220663973,eps=0.5
pure_newton= False
	solver time=0.006783246994018555,exit status=0
niter= 7
hessian inversion error= 8.721819020221662e-05
rgn delta error= 2.9891967736332003e-05
	log prob= -166.72184511822246
	burn in time= 0.4811892509460449
	sample time= 5.550203800201416
	contraction err= 0.0 0.0
nsamples= 20048

Mean energy: -1.59877020e+02
Block size    # of blocks        Mean                Error
     1           20048       -1.59877020e+02       7.515286e-04
     2           10024       -1.59877020e+02       7.576981e-04
     5           4009       -1.59877036e+02       7.577448e-04
    10           2004       -1.59877041e+02       7.732462e-04
    20           1002       -1.59877041e+02       7.693240e-04
    50            400       -1.59876981e+02       7.587411e-04
    70            286       -1.59877003e+02       7.563092e-04
   100            200       -1.59876981e+02       7.612379e-04
   200            100       -1.59876981e+02       7.715855e-04
   500             40       -1.59876981e+02       8.083614e-04
Stocahstic error estimate: 7.576981e-04

	predict=-0.00301562745329624,actual=(array([-0.005918]), array([0.000758]))
	g=0.14717061153566147,del=0.041350608327469424,dot=0.006031227411823778,x=12.649178229150676

nparam= 320
	log prob= -166.72184511822246
	burn in time= 0.498873233795166
	sample time= 6.051764488220215
	contraction err= 0.0 0.0
nsamples= 20048

Mean energy: -1.59876063e+02
Block size    # of blocks        Mean                Error
     1           20048       -1.59876063e+02       7.519189e-04
     2           10024       -1.59876063e+02       7.504461e-04
     5           4009       -1.59876066e+02       7.587365e-04
    10           2004       -1.59876073e+02       7.538978e-04
    20           1002       -1.59876073e+02       7.556208e-04
    50            400       -1.59876066e+02       7.561464e-04
    70            286       -1.59876068e+02       7.379107e-04
   100            200       -1.59876066e+02       7.632197e-04
   200            100       -1.59876066e+02       6.773165e-04
   500             40       -1.59876066e+02       7.428293e-04
Stocahstic error estimate: 7.519189e-04

step=14,E=-0.9992253940440861,dE=-3.1004260700129294e-05,err=4.6994928607463305e-06,gmax=0.01678416424438378
	collect g,Hv time= 0.20020771026611328
	solver time=0.002368450164794922,exit status=0
niter= 5
	collect S matrix time= 0.014912843704223633
	collect H matrix time= 0.012933015823364258
	RGN solver time=0.02960205078125,least eigenvalue=0.0019999999198790173,eps=0.5
pure_newton= False
	solver time=0.0068187713623046875,exit status=0
niter= 7
hessian inversion error= 4.417143051170717e-05
rgn delta error= 1.3968073613941505e-05
	log prob= -166.8583673284192
	burn in time= 0.48417091369628906
	sample time= 5.555883407592773
	contraction err= 0.0 0.0
nsamples= 20048

Mean energy: -1.59878333e+02
Block size    # of blocks        Mean                Error
     1           20048       -1.59878333e+02       5.478934e-04
     2           10024       -1.59878333e+02       5.523454e-04
     5           4009       -1.59878333e+02       5.511174e-04
    10           2004       -1.59878332e+02       5.546097e-04
    20           1002       -1.59878332e+02       5.555860e-04
    50            400       -1.59878354e+02       5.215455e-04
    70            286       -1.59878356e+02       5.056857e-04
   100            200       -1.59878354e+02       5.433264e-04
   200            100       -1.59878354e+02       5.439401e-04
   500             40       -1.59878354e+02       5.825504e-04
Stocahstic error estimate: 5.523454e-04

	predict=-0.0015647432819627166,actual=(array([-0.002269]), array([0.000552]))
	g=0.10657679959433028,del=0.029656484245773874,dot=0.003129487453500151,x=12.649145406195435

nparam= 320
	log prob= -166.8583673284192
	burn in time= 0.4886622428894043
	sample time= 6.054548501968384
	contraction err= 0.0 0.0
nsamples= 20048

Mean energy: -1.59878471e+02
Block size    # of blocks        Mean                Error
     1           20048       -1.59878471e+02       5.510507e-04
     2           10024       -1.59878471e+02       5.535669e-04
     5           4009       -1.59878472e+02       5.480305e-04
    10           2004       -1.59878470e+02       5.526088e-04
    20           1002       -1.59878470e+02       5.469031e-04
    50            400       -1.59878424e+02       5.757658e-04
    70            286       -1.59878458e+02       5.384261e-04
   100            200       -1.59878424e+02       5.861805e-04
   200            100       -1.59878424e+02       5.828251e-04
   500             40       -1.59878424e+02       5.811372e-04
Stocahstic error estimate: 5.535669e-04

step=15,E=-0.9992404449495493,dE=-1.5050905463276365e-05,err=3.459793069237885e-06,gmax=0.01394827275685806
	collect g,Hv time= 0.199415922164917
niter= 5
	solver time=0.002279520034790039,exit status=0
	collect S matrix time= 0.014262914657592773
	collect H matrix time= 0.012943744659423828
	RGN solver time=0.028662681579589844,least eigenvalue=0.001999999916642642,eps=0.5
pure_newton= False
	solver time=0.006646156311035156,exit status=0
niter= 7
hessian inversion error= 3.285472722259909e-05
rgn delta error= 1.0287281724900473e-05
	log prob= -167.04651230937662
	burn in time= 0.4867362976074219
	sample time= 5.553749322891235
	contraction err= 0.0 0.0
nsamples= 20048

Mean energy: -1.59880635e+02
Block size    # of blocks        Mean                Error
     1           20048       -1.59880635e+02       3.924195e-04
     2           10024       -1.59880635e+02       3.943406e-04
     5           4009       -1.59880636e+02       3.917550e-04
    10           2004       -1.59880650e+02       3.954153e-04
    20           1002       -1.59880650e+02       4.014714e-04
    50            400       -1.59880662e+02       4.038627e-04
    70            286       -1.59880663e+02       3.970871e-04
   100            200       -1.59880662e+02       4.110908e-04
   200            100       -1.59880662e+02       4.376642e-04
   500             40       -1.59880662e+02       5.287636e-04
Stocahstic error estimate: 3.943406e-04

	predict=-0.0008358495782944835,actual=(array([-0.002164]), array([0.000394]))
	g=0.07901380875727826,del=0.02131319025108847,dot=0.001671693527021327,x=12.649128596550849

nparam= 320
	log prob= -167.04651230937662
	burn in time= 0.48740386962890625
	sample time= 6.054323434829712
	contraction err= 0.0 0.0
nsamples= 20048

Mean energy: -1.59880650e+02
Block size    # of blocks        Mean                Error
     1           20048       -1.59880650e+02       3.958735e-04
     2           10024       -1.59880650e+02       3.950043e-04
     5           4009       -1.59880650e+02       3.948048e-04
    10           2004       -1.59880648e+02       3.930322e-04
    20           1002       -1.59880648e+02       4.004169e-04
    50            400       -1.59880661e+02       3.971618e-04
    70            286       -1.59880655e+02       4.093671e-04
   100            200       -1.59880661e+02       3.953971e-04
   200            100       -1.59880661e+02       3.776413e-04
   500             40       -1.59880661e+02       4.587900e-04
Stocahstic error estimate: 3.958735e-04

step=16,E=-0.9992540650046134,dE=-1.3620055064045288e-05,err=2.474209656940788e-06,gmax=0.010196715943828316
	collect g,Hv time= 0.20018458366394043
	solver time=0.002375364303588867,exit status=0
niter= 5
	collect S matrix time= 0.015176534652709961
	collect H matrix time= 0.012807607650756836
	RGN solver time=0.030234813690185547,least eigenvalue=0.001999999915344059,eps=0.5
pure_newton= False
	solver time=0.006247043609619141,exit status=0
niter= 7
hessian inversion error= 2.553516851386369e-05
rgn delta error= 8.156907952969839e-06
	log prob= -167.22028617218433
	burn in time= 0.4832034111022949
	sample time= 5.554014682769775
	contraction err= 0.0 0.0
nsamples= 20048

Mean energy: -1.59881595e+02
Block size    # of blocks        Mean                Error
     1           20048       -1.59881595e+02       2.869589e-04
     2           10024       -1.59881595e+02       2.889572e-04
     5           4009       -1.59881598e+02       2.891110e-04
    10           2004       -1.59881596e+02       2.863610e-04
    20           1002       -1.59881596e+02       2.909576e-04
    50            400       -1.59881589e+02       3.010022e-04
    70            286       -1.59881601e+02       2.837081e-04
   100            200       -1.59881589e+02       2.887617e-04
   200            100       -1.59881589e+02       2.865634e-04
   500             40       -1.59881589e+02       2.714928e-04
Stocahstic error estimate: 2.889572e-04

	predict=-0.0004297006054955181,actual=(array([-0.000945]), array([0.000289]))
	g=0.0561909867500146,del=0.015386970252193254,dot=0.0008594016001072717,x=12.64911999938591

nparam= 320
	log prob= -167.22028617218433
	burn in time= 0.48401713371276855
	sample time= 6.046951532363892
	contraction err= 0.0 0.0
nsamples= 20048

Mean energy: -1.59890708e+02
Block size    # of blocks        Mean                Error
     1           20048       -1.59890708e+02       9.631483e-03
     2           10024       -1.59890708e+02       9.632737e-03
     5           4009       -1.59890707e+02       9.633037e-03
    10           2004       -1.59890707e+02       9.638841e-03
    20           1002       -1.59890707e+02       9.637924e-03
    50            400       -1.59890728e+02       9.670724e-03
    70            286       -1.59890723e+02       9.674844e-03
   100            200       -1.59890728e+02       9.674150e-03
   200            100       -1.59890728e+02       9.726147e-03
   500             40       -1.59890728e+02       9.814371e-03
Stocahstic error estimate: 9.632737e-03

step=17,E=-0.9993169267508719,dE=-6.286174625849127e-05,err=6.020460870125996e-05,gmax=3.960408411242455
	collect g,Hv time= 0.20025157928466797
	solver time=0.0017206668853759766,exit status=0
niter= 4
	collect S matrix time= 0.014370203018188477
	collect H matrix time= 0.012653350830078125
	RGN solver time=0.029289960861206055,least eigenvalue=0.00199999991422665,eps=0.5
pure_newton= False
	solver time=0.00683283805847168,exit status=0
niter= 7
hessian inversion error= 0.00012909071143504277
rgn delta error= 4.4039581801634664e-05
	log prob= -158.9550487374064
	burn in time= 0.48729634284973145
	sample time= 5.539882659912109
	contraction err= 0.0 0.0
nsamples= 20048

Mean energy: -1.59943851e+02
Block size    # of blocks        Mean                Error
     1           20048       -1.59943851e+02       2.226691e-03
     2           10024       -1.59943851e+02       2.226685e-03
     5           4009       -1.59943861e+02       2.245057e-03
    10           2004       -1.59943872e+02       2.229291e-03
    20           1002       -1.59943872e+02       2.180772e-03
    50            400       -1.59943772e+02       2.067288e-03
    70            286       -1.59943822e+02       2.224446e-03
   100            200       -1.59943772e+02       2.116952e-03
   200            100       -1.59943772e+02       2.080124e-03
   500             40       -1.59943772e+02       2.255201e-03
Stocahstic error estimate: 2.226691e-03

	predict=-0.3219543069310059,actual=(array([-0.053143]), array([0.002227]))
	g=3.9624345318791043,del=0.16284643654636707,dot=0.6439085928824096,x=12.650158851251378

nparam= 320
	log prob= -158.9550487374064
	burn in time= 0.4851400852203369
	sample time= 6.047131061553955
	contraction err= 0.0 0.0
nsamples= 20048

Mean energy: -1.59950045e+02
Block size    # of blocks        Mean                Error
     1           20048       -1.59950045e+02       2.350645e-03
     2           10024       -1.59950045e+02       2.350019e-03
     5           4009       -1.59950053e+02       2.343760e-03
    10           2004       -1.59950071e+02       2.341140e-03
    20           1002       -1.59950071e+02       2.302392e-03
    50            400       -1.59950180e+02       2.279763e-03
    70            286       -1.59950121e+02       2.200581e-03
   100            200       -1.59950180e+02       2.281405e-03
   200            100       -1.59950180e+02       2.212068e-03
   500             40       -1.59950180e+02       2.223945e-03
Stocahstic error estimate: 2.350645e-03

step=18,E=-0.9996877828739802,dE=-0.0003708561231082541,err=1.4691530840070665e-05,gmax=0.33732347311452315
	collect g,Hv time= 0.1999070644378662
	solver time=0.002361297607421875,exit status=0
niter= 5
	collect S matrix time= 0.014605283737182617
	collect H matrix time= 0.013140201568603516
	RGN solver time=0.02952289581298828,least eigenvalue=0.0019999999079422367,eps=0.5
pure_newton= False
	solver time=0.0068509578704833984,exit status=0
niter= 7
hessian inversion error= 9.775831203405991e-05
rgn delta error= 3.5793291323542066e-05
	log prob= -157.97208516963417
	burn in time= 0.4906024932861328
	sample time= 5.5388264656066895
	contraction err= 0.0 0.0
nsamples= 20048

Mean energy: -1.59976422e+02
Block size    # of blocks        Mean                Error
     1           20048       -1.59976422e+02       1.427668e-03
     2           10024       -1.59976422e+02       1.435124e-03
     5           4009       -1.59976431e+02       1.437673e-03
    10           2004       -1.59976448e+02       1.430341e-03
    20           1002       -1.59976448e+02       1.429779e-03
    50            400       -1.59976481e+02       1.416223e-03
    70            286       -1.59976465e+02       1.365518e-03
   100            200       -1.59976481e+02       1.391869e-03
   200            100       -1.59976481e+02       1.405367e-03
   500             40       -1.59976481e+02       1.333853e-03
Stocahstic error estimate: 1.435124e-03

	predict=-0.020971871388547836,actual=(array([-0.026376]), array([0.001435]))
	g=0.3444038658603096,del=0.12225667779433375,dot=0.04194371434636356,x=12.649701446882434

nparam= 320
	log prob= -157.97208516963417
	burn in time= 0.49468398094177246
	sample time= 6.046985626220703
	contraction err= 0.0 0.0
nsamples= 20048

Mean energy: -1.59976559e+02
Block size    # of blocks        Mean                Error
     1           20048       -1.59976559e+02       1.431109e-03
     2           10024       -1.59976559e+02       1.431813e-03
     5           4009       -1.59976531e+02       1.433495e-03
    10           2004       -1.59976509e+02       1.462096e-03
    20           1002       -1.59976509e+02       1.494677e-03
    50            400       -1.59976471e+02       1.540520e-03
    70            286       -1.59976492e+02       1.516334e-03
   100            200       -1.59976471e+02       1.569687e-03
   200            100       -1.59976471e+02       1.532004e-03
   500             40       -1.59976471e+02       1.655198e-03
Stocahstic error estimate: 1.431813e-03

step=19,E=-0.9998534923204179,dE=-0.0001657094464377451,err=8.948832213596316e-06,gmax=0.19039805648045416
	collect g,Hv time= 0.19935369491577148
	solver time=0.002416372299194336,exit status=0
niter= 5
	collect S matrix time= 0.014997482299804688
	collect H matrix time= 0.01291346549987793
	RGN solver time=0.030312299728393555,least eigenvalue=0.001999999903707395,eps=0.5
pure_newton= False
	solver time=0.0077190399169921875,exit status=0
niter= 8
hessian inversion error= 1.4271106122579578e-05
rgn delta error= 4.412645517425368e-06
	log prob= -157.55971343465106
	burn in time= 0.48781275749206543
	sample time= 5.540063858032227
	contraction err= 0.0 0.0
nsamples= 20048

Mean energy: -1.59991783e+02
Block size    # of blocks        Mean                Error
     1           20048       -1.59991783e+02       8.628498e-04
     2           10024       -1.59991783e+02       8.660385e-04
     5           4009       -1.59991791e+02       8.701959e-04
    10           2004       -1.59991785e+02       8.872719e-04
    20           1002       -1.59991785e+02       8.812605e-04
    50            400       -1.59991840e+02       8.693002e-04
    70            286       -1.59991795e+02       8.892333e-04
   100            200       -1.59991840e+02       9.064865e-04
   200            100       -1.59991840e+02       9.577680e-04
   500             40       -1.59991840e+02       1.047097e-03
Stocahstic error estimate: 8.660385e-04

	predict=-0.008388348731574744,actual=(array([-0.015224]), array([0.000866]))
	g=0.20065936501286952,del=0.08407490725377226,dot=0.016776698336253816,x=12.64939004814127
[0m[0m[0m[0m[0m[0m[0m[0m[0m[0m[0m[0m[0m[0m[0m[0m[0m[0m[0m[0m[0m[0m[0m[0m[0m[0m[0m[0m[0m[0m[0m[0m[0m[0m[0m[0m[0m[0m[0m[0m[0m[0m[0m[0m[0m[0m[0m[0m[0m[[ 0.990984 -0.133981]
 [ 0.654222 -0.756303]
 [ 0.827172 -0.561949]
 [ 0.935067 -0.354471]
 [ 0.709026 -0.705183]
 [ 0.651616 -0.758549]
 [ 0.133221 -0.991086]
 [ 0.809624 -0.586949]
 [ 0.733183 -0.680031]
 [ 0.957418 -0.288705]
 [ 0.488745 -0.872427]
 [ 0.292354 -0.95631 ]
 [ 0.780244 -0.625475]
 [ 0.421141 -0.906995]
 [ 0.927198 -0.374571]
 [ 0.39906  -0.916925]
 [ 0.823933 -0.566687]
 [ 0.552303 -0.833643]
 [ 0.837333 -0.546693]
 [ 0.54056  -0.841306]
 [ 0.225691 -0.974199]
 [ 0.500139 -0.865945]
 [ 0.927156 -0.374675]
 [ 0.51288  -0.858461]
 [ 0.847343 -0.531046]
 [ 0.973542 -0.22851 ]
 [ 0.746772 -0.66508 ]
 [ 0.516346 -0.85638 ]
 [ 0.862733 -0.505659]
 [ 0.481016 -0.876712]
 [ 0.31536  -0.948972]
 [ 0.562153 -0.827033]
 [ 0.784522 -0.620101]
 [ 0.870738 -0.491747]
 [ 0.536372 -0.843982]
 [-0.301586 -0.953439]
 [ 0.594892 -0.803806]
 [ 0.858882 -0.512173]
 [ 0.571182 -0.820823]
 [ 0.733945 -0.679209]
 [ 0.775346 -0.631537]
 [ 0.451692 -0.892174]
 [ 0.248576 -0.968613]
 [ 0.404143 -0.914696]
 [ 0.345731 -0.938334]
 [ 0.681317 -0.731988]
 [ 0.927139 -0.374718]
 [-0.940566 -0.339612]
 [ 0.29457  -0.95563 ]
 [ 0.864539 -0.502566]
 [ 0.069312 -0.997595]
 [ 0.741328 -0.671143]
 [ 0.596962 -0.802269]
 [-0.367483 -0.93003 ]
 [ 0.731555 -0.681783]
 [ 0.79567  -0.605731]
 [ 0.925205 -0.379468]
 [ 0.962705 -0.270552]
 [ 0.79681  -0.60423 ]
 [ 0.420604 -0.907244]
 [ 0.950379 -0.311093]
 [ 0.720758 -0.693187]
 [ 0.566891 -0.823793]
 [ 0.863676 -0.504048]
 [ 0.534966 -0.844873]
 [ 0.754019 -0.656852]
 [ 0.825862 -0.563872]
 [ 0.868425 -0.495821]
 [ 0.748531 -0.6631  ]
 [ 0.326564 -0.945175]
 [ 0.452107 -0.891964]
 [ 0.729511 -0.683969]
 [ 0.841692 -0.539958]
 [ 0.474478 -0.880267]
 [ 0.686992 -0.726665]
 [ 0.779279 -0.626677]
 [ 0.857497 -0.514488]
 [ 0.668012 -0.74415 ]
 [ 0.864478 -0.502671]
 [ 0.736478 -0.676462]
 [ 0.725856 -0.687846]
 [ 0.525148 -0.851011]
 [ 0.572251 -0.820078]
 [ 0.998538 -0.054054]
 [ 0.716131 -0.697966]
 [ 0.838056 -0.545584]
 [ 0.871054 -0.491188]
 [ 0.635492 -0.772108]
 [ 0.921598 -0.388145]
 [ 0.617531 -0.786546]
 [ 0.545471 -0.83813 ]
 [ 0.553549 -0.832816]
 [ 0.165152 -0.986268]
 [ 0.946842 -0.3217  ]
 [ 0.802569 -0.596559]
 [-0.360268 -0.932849]
 [ 0.439136 -0.898421]
 [ 0.927513 -0.373791]
 [ 0.782136 -0.623108]
 [ 0.800972 -0.598702]
 [ 0.155839 -0.987782]
 [ 0.476793 -0.879015]
 [ 0.734653 -0.678443]
 [ 0.941542 -0.336896]
 [ 0.663653 -0.748041]
 [ 0.98924  -0.146299]
 [ 0.448545 -0.89376 ]
 [ 0.501414 -0.865208]
 [ 0.867897 -0.496745]
 [ 0.746479 -0.665409]
 [ 0.832842 -0.553511]
 [ 0.775994 -0.63074 ]
 [ 0.309055 -0.951044]
 [ 0.425559 -0.904931]
 [ 0.885087 -0.465426]
 [ 0.441507 -0.897258]
 [ 0.68476  -0.728769]
 [ 0.359973 -0.932963]
 [ 0.668765 -0.743474]
 [ 0.944981 -0.327124]
 [ 0.952156 -0.305612]
 [ 0.725301 -0.688432]
 [ 0.547018 -0.837121]
 [ 0.93267  -0.36073 ]
 [ 0.64093  -0.7676  ]
 [ 0.711728 -0.702455]
 [ 0.969655 -0.244476]
 [ 0.505364 -0.862906]
 [ 0.655593 -0.755115]
 [ 0.842936 -0.538013]
 [ 0.835957 -0.548795]
 [ 0.161852 -0.986815]
 [ 0.574742 -0.818334]
 [ 0.551756 -0.834006]
 [ 0.323947 -0.946075]
 [ 0.734301 -0.678824]
 [ 0.845142 -0.534543]
 [ 0.757895 -0.652377]
 [ 0.804723 -0.593651]
 [ 0.767876 -0.640598]
 [ 0.723001 -0.690847]
 [ 0.819657 -0.572854]
 [ 0.384117 -0.923284]
 [ 0.935917 -0.352221]
 [-0.429474 -0.903079]
 [ 0.770516 -0.637421]
 [ 0.898789 -0.438382]
 [-0.044945 -0.998989]
 [ 0.872701 -0.488255]
 [ 0.795415 -0.606065]
 [ 0.391217 -0.920298]
 [ 0.615591 -0.788066]
 [ 0.992691 -0.120683]
 [ 0.798469 -0.602036]
 [ 0.453264 -0.891376]
 [ 0.635002 -0.77251 ]
 [ 0.32395  -0.946074]
 [ 0.895365 -0.445334]
 [ 0.792667 -0.609654]
 [ 0.930074 -0.367372]]
[0m