nbatch= 1
FPEPS([
    FermionTensor(shape=(4, 4, 4), inds=('I3,0_I3,1', 'I2,0_I3,0', 'k0,0'), tags=oset(['I0,0', 'ROW0', 'COL0'])),
    FermionTensor(shape=(4, 4, 4, 4), inds=('I2,0_I3,0', 'I2,0_I2,1', 'I1,0_I2,0', 'k0,1'), tags=oset(['I0,1', 'ROW0', 'COL1'])),
    FermionTensor(shape=(4, 4, 4, 4), inds=('I1,0_I2,0', 'I1,0_I1,1', 'I0,0_I1,0', 'k0,2'), tags=oset(['I0,2', 'ROW0', 'COL2'])),
    FermionTensor(shape=(4, 4, 4), inds=('I0,0_I1,0', 'I0,0_I0,1', 'k0,3'), tags=oset(['I0,3', 'ROW0', 'COL3'])),
    FermionTensor(shape=(4, 4, 4, 4), inds=('I3,0_I3,1', 'I3,1_I3,2', 'I2,1_I3,1', 'k1,0'), tags=oset(['I1,0', 'ROW1', 'COL0'])),
    FermionTensor(shape=(4, 4, 4, 4, 4), inds=('I2,0_I2,1', 'I2,1_I3,1', 'I2,1_I2,2', 'I1,1_I2,1', 'k1,1'), tags=oset(['I1,1', 'ROW1', 'COL1'])),
    FermionTensor(shape=(4, 4, 4, 4, 4), inds=('I1,0_I1,1', 'I1,1_I2,1', 'I1,1_I1,2', 'I0,1_I1,1', 'k1,2'), tags=oset(['I1,2', 'ROW1', 'COL2'])),
    FermionTensor(shape=(4, 4, 4, 4), inds=('I0,0_I0,1', 'I0,1_I1,1', 'I0,1_I0,2', 'k1,3'), tags=oset(['I1,3', 'ROW1', 'COL3'])),
    FermionTensor(shape=(4, 4, 4, 4), inds=('I3,1_I3,2', 'I3,2_I3,3', 'I2,2_I3,2', 'k2,0'), tags=oset(['I2,0', 'ROW2', 'COL0'])),
    FermionTensor(shape=(4, 4, 4, 4, 4), inds=('I2,1_I2,2', 'I2,2_I3,2', 'I2,2_I2,3', 'I1,2_I2,2', 'k2,1'), tags=oset(['I2,1', 'ROW2', 'COL1'])),
    FermionTensor(shape=(4, 4, 4, 4, 4), inds=('I1,1_I1,2', 'I1,2_I2,2', 'I1,2_I1,3', 'I0,2_I1,2', 'k2,2'), tags=oset(['I2,2', 'ROW2', 'COL2'])),
    FermionTensor(shape=(4, 4, 4, 4), inds=('I0,1_I0,2', 'I0,2_I1,2', 'I0,2_I0,3', 'k2,3'), tags=oset(['I2,3', 'ROW2', 'COL3'])),
    FermionTensor(shape=(4, 4, 4, 4), inds=('I3,2_I3,3', 'I3,3_I3,4', 'I2,3_I3,3', 'k3,0'), tags=oset(['I3,0', 'ROW3', 'COL0'])),
    FermionTensor(shape=(4, 4, 4, 4, 4), inds=('I2,2_I2,3', 'I2,3_I3,3', 'I2,3_I2,4', 'I1,3_I2,3', 'k3,1'), tags=oset(['I3,1', 'ROW3', 'COL1'])),
    FermionTensor(shape=(4, 4, 4, 4, 4), inds=('I1,2_I1,3', 'I1,3_I2,3', 'I1,3_I1,4', 'I0,3_I1,3', 'k3,2'), tags=oset(['I3,2', 'ROW3', 'COL2'])),
    FermionTensor(shape=(4, 4, 4, 4), inds=('I0,2_I0,3', 'I0,3_I1,3', 'I0,3_I0,4', 'k3,3'), tags=oset(['I3,3', 'ROW3', 'COL3'])),
    FermionTensor(shape=(4, 4, 4, 4), inds=('I3,3_I3,4', 'I3,4_I3,5', 'I2,4_I3,4', 'k4,0'), tags=oset(['I4,0', 'ROW4', 'COL0'])),
    FermionTensor(shape=(4, 4, 4, 4, 4), inds=('I2,3_I2,4', 'I2,4_I3,4', 'I2,4_I2,5', 'I1,4_I2,4', 'k4,1'), tags=oset(['I4,1', 'ROW4', 'COL1'])),
    FermionTensor(shape=(4, 4, 4, 4, 4), inds=('I1,3_I1,4', 'I1,4_I2,4', 'I1,4_I1,5', 'I0,4_I1,4', 'k4,2'), tags=oset(['I4,2', 'ROW4', 'COL2'])),
    FermionTensor(shape=(4, 4, 4, 4), inds=('I0,3_I0,4', 'I0,4_I1,4', 'I0,4_I0,5', 'k4,3'), tags=oset(['I4,3', 'ROW4', 'COL3'])),
    FermionTensor(shape=(4, 4, 4, 4), inds=('I3,4_I3,5', 'I3,5_I3,6', 'I2,5_I3,5', 'k5,0'), tags=oset(['I5,0', 'ROW5', 'COL0'])),
    FermionTensor(shape=(4, 4, 4, 4, 4), inds=('I2,4_I2,5', 'I2,5_I3,5', 'I2,5_I2,6', 'I1,5_I2,5', 'k5,1'), tags=oset(['I5,1', 'ROW5', 'COL1'])),
    FermionTensor(shape=(4, 4, 4, 4, 4), inds=('I1,4_I1,5', 'I1,5_I2,5', 'I1,5_I1,6', 'I0,5_I1,5', 'k5,2'), tags=oset(['I5,2', 'ROW5', 'COL2'])),
    FermionTensor(shape=(4, 4, 4, 4), inds=('I0,4_I0,5', 'I0,5_I1,5', 'I0,5_I0,6', 'k5,3'), tags=oset(['I5,3', 'ROW5', 'COL3'])),
    FermionTensor(shape=(4, 4, 4, 4), inds=('I3,5_I3,6', 'I3,6_I3,7', 'I2,6_I3,6', 'k6,0'), tags=oset(['I6,0', 'ROW6', 'COL0'])),
    FermionTensor(shape=(4, 4, 4, 4, 4), inds=('I2,5_I2,6', 'I2,6_I3,6', 'I2,6_I2,7', 'I1,6_I2,6', 'k6,1'), tags=oset(['I6,1', 'ROW6', 'COL1'])),
    FermionTensor(shape=(4, 4, 4, 4, 4), inds=('I1,5_I1,6', 'I1,6_I2,6', 'I1,6_I1,7', 'I0,6_I1,6', 'k6,2'), tags=oset(['I6,2', 'ROW6', 'COL2'])),
    FermionTensor(shape=(4, 4, 4, 4), inds=('I0,5_I0,6', 'I0,6_I1,6', 'I0,6_I0,7', 'k6,3'), tags=oset(['I6,3', 'ROW6', 'COL3'])),
    FermionTensor(shape=(4, 4, 4, 4), inds=('I3,6_I3,7', 'I3,7_I3,8', 'I2,7_I3,7', 'k7,0'), tags=oset(['I7,0', 'ROW7', 'COL0'])),
    FermionTensor(shape=(4, 4, 4, 4, 4), inds=('I2,6_I2,7', 'I2,7_I3,7', 'I2,7_I2,8', 'I1,7_I2,7', 'k7,1'), tags=oset(['I7,1', 'ROW7', 'COL1'])),
    FermionTensor(shape=(4, 4, 4, 4, 4), inds=('I1,6_I1,7', 'I1,7_I2,7', 'I1,7_I1,8', 'I0,7_I1,7', 'k7,2'), tags=oset(['I7,2', 'ROW7', 'COL2'])),
    FermionTensor(shape=(4, 4, 4, 4), inds=('I0,6_I0,7', 'I0,7_I1,7', 'I0,7_I0,8', 'k7,3'), tags=oset(['I7,3', 'ROW7', 'COL3'])),
    FermionTensor(shape=(4, 4, 4, 4), inds=('I3,7_I3,8', 'I3,8_I3,9', 'I2,8_I3,8', 'k8,0'), tags=oset(['I8,0', 'ROW8', 'COL0'])),
    FermionTensor(shape=(4, 4, 4, 4, 4), inds=('I2,7_I2,8', 'I2,8_I3,8', 'I2,8_I2,9', 'I1,8_I2,8', 'k8,1'), tags=oset(['I8,1', 'ROW8', 'COL1'])),
    FermionTensor(shape=(4, 4, 4, 4, 4), inds=('I1,7_I1,8', 'I1,8_I2,8', 'I1,8_I1,9', 'I0,8_I1,8', 'k8,2'), tags=oset(['I8,2', 'ROW8', 'COL2'])),
    FermionTensor(shape=(4, 4, 4, 4), inds=('I0,7_I0,8', 'I0,8_I1,8', 'I0,8_I0,9', 'k8,3'), tags=oset(['I8,3', 'ROW8', 'COL3'])),
    FermionTensor(shape=(4, 4, 4, 4), inds=('I3,8_I3,9', 'I3,9_I3,10', 'I2,9_I3,9', 'k9,0'), tags=oset(['I9,0', 'ROW9', 'COL0'])),
    FermionTensor(shape=(4, 4, 4, 4, 4), inds=('I2,8_I2,9', 'I2,9_I3,9', 'I2,9_I2,10', 'I1,9_I2,9', 'k9,1'), tags=oset(['I9,1', 'ROW9', 'COL1'])),
    FermionTensor(shape=(4, 4, 4, 4, 4), inds=('I1,8_I1,9', 'I1,9_I2,9', 'I1,9_I1,10', 'I0,9_I1,9', 'k9,2'), tags=oset(['I9,2', 'ROW9', 'COL2'])),
    FermionTensor(shape=(4, 4, 4, 4), inds=('I0,8_I0,9', 'I0,9_I1,9', 'I0,9_I0,10', 'k9,3'), tags=oset(['I9,3', 'ROW9', 'COL3'])),
    FermionTensor(shape=(4, 4, 4, 4), inds=('I3,9_I3,10', 'I3,10_I3,11', 'I2,10_I3,10', 'k10,0'), tags=oset(['I10,0', 'ROW10', 'COL0'])),
    FermionTensor(shape=(4, 4, 4, 4, 4), inds=('I2,9_I2,10', 'I2,10_I3,10', 'I2,10_I2,11', 'I1,10_I2,10', 'k10,1'), tags=oset(['I10,1', 'ROW10', 'COL1'])),
    FermionTensor(shape=(4, 4, 4, 4, 4), inds=('I1,9_I1,10', 'I1,10_I2,10', 'I1,10_I1,11', 'I0,10_I1,10', 'k10,2'), tags=oset(['I10,2', 'ROW10', 'COL2'])),
    FermionTensor(shape=(4, 4, 4, 4), inds=('I0,9_I0,10', 'I0,10_I1,10', 'I0,10_I0,11', 'k10,3'), tags=oset(['I10,3', 'ROW10', 'COL3'])),
    FermionTensor(shape=(4, 4, 4, 4), inds=('I3,10_I3,11', 'I3,11_I3,12', 'I2,11_I3,11', 'k11,0'), tags=oset(['I11,0', 'ROW11', 'COL0'])),
    FermionTensor(shape=(4, 4, 4, 4, 4), inds=('I2,10_I2,11', 'I2,11_I3,11', 'I2,11_I2,12', 'I1,11_I2,11', 'k11,1'), tags=oset(['I11,1', 'ROW11', 'COL1'])),
    FermionTensor(shape=(4, 4, 4, 4, 4), inds=('I1,10_I1,11', 'I1,11_I2,11', 'I1,11_I1,12', 'I0,11_I1,11', 'k11,2'), tags=oset(['I11,2', 'ROW11', 'COL2'])),
    FermionTensor(shape=(4, 4, 4, 4), inds=('I0,10_I0,11', 'I0,11_I1,11', 'I0,11_I0,12', 'k11,3'), tags=oset(['I11,3', 'ROW11', 'COL3'])),
    FermionTensor(shape=(4, 4, 4, 4), inds=('I3,11_I3,12', 'I3,12_I3,13', 'I2,12_I3,12', 'k12,0'), tags=oset(['I12,0', 'ROW12', 'COL0'])),
    FermionTensor(shape=(4, 4, 4, 4, 4), inds=('I2,11_I2,12', 'I2,12_I3,12', 'I2,12_I2,13', 'I1,12_I2,12', 'k12,1'), tags=oset(['I12,1', 'ROW12', 'COL1'])),
    FermionTensor(shape=(4, 4, 4, 4, 4), inds=('I1,11_I1,12', 'I1,12_I2,12', 'I1,12_I1,13', 'I0,12_I1,12', 'k12,2'), tags=oset(['I12,2', 'ROW12', 'COL2'])),
    FermionTensor(shape=(4, 4, 4, 4), inds=('I0,11_I0,12', 'I0,12_I1,12', 'I0,12_I0,13', 'k12,3'), tags=oset(['I12,3', 'ROW12', 'COL3'])),
    FermionTensor(shape=(4, 4, 4, 4), inds=('I3,12_I3,13', 'I3,13_I3,14', 'I2,13_I3,13', 'k13,0'), tags=oset(['I13,0', 'ROW13', 'COL0'])),
    FermionTensor(shape=(4, 4, 4, 4, 4), inds=('I2,12_I2,13', 'I2,13_I3,13', 'I2,13_I2,14', 'I1,13_I2,13', 'k13,1'), tags=oset(['I13,1', 'ROW13', 'COL1'])),
    FermionTensor(shape=(4, 4, 4, 4, 4), inds=('I1,12_I1,13', 'I1,13_I2,13', 'I1,13_I1,14', 'I0,13_I1,13', 'k13,2'), tags=oset(['I13,2', 'ROW13', 'COL2'])),
    FermionTensor(shape=(4, 4, 4, 4), inds=('I0,12_I0,13', 'I0,13_I1,13', 'I0,13_I0,14', 'k13,3'), tags=oset(['I13,3', 'ROW13', 'COL3'])),
    FermionTensor(shape=(4, 4, 4, 4), inds=('I3,13_I3,14', 'I3,14_I3,15', 'I2,14_I3,14', 'k14,0'), tags=oset(['I14,0', 'ROW14', 'COL0'])),
    FermionTensor(shape=(4, 4, 4, 4, 4), inds=('I2,13_I2,14', 'I2,14_I3,14', 'I2,14_I2,15', 'I1,14_I2,14', 'k14,1'), tags=oset(['I14,1', 'ROW14', 'COL1'])),
    FermionTensor(shape=(4, 4, 4, 4, 4), inds=('I1,13_I1,14', 'I1,14_I2,14', 'I1,14_I1,15', 'I0,14_I1,14', 'k14,2'), tags=oset(['I14,2', 'ROW14', 'COL2'])),
    FermionTensor(shape=(4, 4, 4, 4), inds=('I0,13_I0,14', 'I0,14_I1,14', 'I0,14_I0,15', 'k14,3'), tags=oset(['I14,3', 'ROW14', 'COL3'])),
    FermionTensor(shape=(4, 4, 4), inds=('I3,14_I3,15', 'I2,15_I3,15', 'k15,0'), tags=oset(['I15,0', 'ROW15', 'COL0'])),
    FermionTensor(shape=(4, 4, 4, 4), inds=('I2,14_I2,15', 'I2,15_I3,15', 'I1,15_I2,15', 'k15,1'), tags=oset(['I15,1', 'ROW15', 'COL1'])),
    FermionTensor(shape=(4, 4, 4, 4), inds=('I1,14_I1,15', 'I1,15_I2,15', 'I0,15_I1,15', 'k15,2'), tags=oset(['I15,2', 'ROW15', 'COL2'])),
    FermionTensor(shape=(4, 4, 4), inds=('I0,14_I0,15', 'I0,15_I1,15', 'k15,3'), tags=oset(['I15,3', 'ROW15', 'COL3'])),
], Lx=16, Ly=4, max_bond=4)
block_dict= [(0, 9222)]
sizes= [9222]
SIZE= 640
Lx,Ly= 16 4
nelec= (28, 28)
nparam= [  9222 129128]
D= 4
chi= 16
	log prob= 1.9771278792566909
	burn in time= 58.01815700531006
	sample time= 335.59401059150696
	contraction err= 3.42865453658918e-13 4.727114432732597e-10

Mean energy: -4.08411864e+01
Block size    # of blocks        Mean                Error
     1           50000       -4.08411864e+01       1.318356e-02
     2           25000       -4.08411864e+01       1.317847e-02
     5           10000       -4.08411864e+01       1.317738e-02
    10           5000       -4.08411864e+01       1.322524e-02
    20           2500       -4.08411864e+01       1.315180e-02
    50           1000       -4.08411864e+01       1.309363e-02
    70            714       -4.08413011e+01       1.257501e-02
   100            500       -4.08411864e+01       1.279376e-02
   200            250       -4.08411864e+01       1.308629e-02
   500            100       -4.08411864e+01       1.419800e-02
0 0.013183562323241456 0.014197995761635
Stocahstic error estimate: 1.318356e-02

step=0,E=-0.6381435375793332,dE=-0.6381435375793332,err=0.00020599316130064774,gmax=1.8193976722474678
	collect g,Hv time= 0.48316121101379395
	solver time=1.892519474029541,exit status=0
niter= 23
	g=4.485625261933285,del=10.67877557270159,dot=3.4781359109677665,x=27.420356303003
saving to  ./psi1_0
	log prob= 2.141513379262164
	burn in time= 58.3557825088501
	sample time= 1433.9478030204773
	contraction err= 3.2620050437574566e-13 1.4285278474567422e-10

Mean energy: -4.07950871e+01
Block size    # of blocks        Mean                Error
     1           50000       -4.07950871e+01       1.408011e-02
     2           25000       -4.07950871e+01       1.414244e-02
     5           10000       -4.07950871e+01       1.424728e-02
    10           5000       -4.07950871e+01       1.426875e-02
    20           2500       -4.07950871e+01       1.422108e-02
    50           1000       -4.07950871e+01       1.401373e-02
    70            714       -4.07949591e+01       1.415350e-02
   100            500       -4.07950871e+01       1.411409e-02
   200            250       -4.07950871e+01       1.408917e-02
   500            100       -4.07950871e+01       1.621393e-02
0 0.014142440395621455 0.01621393425406124
Stocahstic error estimate: 1.414244e-02

step=1,E=-0.6374232359247243,dE=0.0007203016546089014,err=0.00022097563118158523,gmax=0.1255975830892152
	collect g,Hv time= 0.4832606315612793
	solver time=15.902958393096924,exit status=0
niter= 46
	g=0.46908947365862097,del=22.142184411533428,dot=4.179143519142458,x=27.420356303003018
saving to  ./psi2_0
	log prob= 2.4978835921688103
	burn in time= 57.75784134864807
	sample time= 1447.1280109882355
	contraction err= 3.223981972780619e-13 2.980572655444939e-10

Mean energy: -4.08005977e+01
Block size    # of blocks        Mean                Error
     1           50000       -4.08005977e+01       1.476121e-02
     2           25000       -4.08005977e+01       1.481570e-02
     5           10000       -4.08005977e+01       1.480295e-02
    10           5000       -4.08005977e+01       1.504242e-02
    20           2500       -4.08005977e+01       1.497114e-02
    50           1000       -4.08005977e+01       1.478670e-02
    70            714       -4.08008842e+01       1.455618e-02
   100            500       -4.08005977e+01       1.474618e-02
   200            250       -4.08005977e+01       1.434509e-02
   500            100       -4.08005977e+01       1.552726e-02
0 0.014815703006050231 0.015527256189563444
Stocahstic error estimate: 1.481570e-02

step=2,E=-0.6375093396426044,dE=-8.610371788009274e-05,err=0.00023149535946953486,gmax=0.05266633658779707
	collect g,Hv time= 0.48101186752319336
	solver time=15.54774785041809,exit status=0
niter= 45
	g=0.4413066099006993,del=22.531395059825513,dot=4.956188958444816,x=27.42035630300305
saving to  ./psi3_0
	log prob= 3.440580988536465
	burn in time= 58.26585030555725
	sample time= 1448.621069431305
	contraction err= 2.5601477108968346e-13 1.7497894275523407e-10

Mean energy: -4.06334548e+01
Block size    # of blocks        Mean                Error
     1           50000       -4.06334548e+01       1.515409e-02
     2           25000       -4.06334548e+01       1.519087e-02
     5           10000       -4.06334548e+01       1.515470e-02
    10           5000       -4.06334548e+01       1.518170e-02
    20           2500       -4.06334548e+01       1.526373e-02
    50           1000       -4.06334548e+01       1.465861e-02
    70            714       -4.06333313e+01       1.417603e-02
   100            500       -4.06334548e+01       1.358131e-02
   200            250       -4.06334548e+01       1.397596e-02
   500            100       -4.06334548e+01       1.456236e-02
0 0.015190868964646585 0.014562357103182962
Stocahstic error estimate: 1.519087e-02

step=3,E=-0.6348977306225889,dE=0.0026116090200154485,err=0.00023735732757260288,gmax=0.1363556720193963
	collect g,Hv time= 0.4819827079772949
	solver time=15.95397138595581,exit status=0
niter= 46
	g=0.5989010294254189,del=20.2232438416816,dot=5.3373950502163865,x=27.420356303003043
saving to  ./psi4_0
	log prob= 3.4359873320058556
	burn in time= 58.75836896896362
	sample time= 1450.228672504425
	contraction err= 3.325952705406792e-13 1.468288218040938e-09

Mean energy: -4.07265633e+01
Block size    # of blocks        Mean                Error
     1           50000       -4.07265633e+01       1.651590e-02
     2           25000       -4.07265633e+01       1.644714e-02
     5           10000       -4.07265633e+01       1.661852e-02
    10           5000       -4.07265633e+01       1.645914e-02
    20           2500       -4.07265633e+01       1.654478e-02
    50           1000       -4.07265633e+01       1.673398e-02
    70            714       -4.07263213e+01       1.637927e-02
   100            500       -4.07265633e+01       1.656229e-02
   200            250       -4.07265633e+01       1.706532e-02
   500            100       -4.07265633e+01       1.854468e-02
0 0.016515896391909042 0.018544679832352643
Stocahstic error estimate: 1.651590e-02

step=4,E=-0.6363525508558481,dE=-0.0014548202332591575,err=0.0002580608811235788,gmax=0.21511721398359043
	collect g,Hv time= 0.47493529319763184
	solver time=16.292094469070435,exit status=0
niter= 47
	g=0.8454184115327325,del=22.643168212448693,dot=6.389132532169393,x=27.42035630300302
saving to  ./psi5_0
	log prob= 2.35665911594308
	burn in time= 59.96936392784119
	sample time= 1451.0152504444122
	contraction err= 2.5241542730020984e-13 3.355646411771089e-10

Mean energy: -4.07691445e+01
Block size    # of blocks        Mean                Error
     1           50000       -4.07691445e+01       1.644316e-02
     2           25000       -4.07691445e+01       1.643142e-02
     5           10000       -4.07691445e+01       1.652057e-02
    10           5000       -4.07691445e+01       1.655262e-02
    20           2500       -4.07691445e+01       1.674413e-02
    50           1000       -4.07691445e+01       1.705572e-02
    70            714       -4.07690662e+01       1.687294e-02
   100            500       -4.07691445e+01       1.680391e-02
   200            250       -4.07691445e+01       1.740904e-02
   500            100       -4.07691445e+01       1.941296e-02
0 0.016443158778828362 0.019412964534717598
Stocahstic error estimate: 1.644316e-02

step=5,E=-0.6370178823990971,dE=-0.0006653315432489926,err=0.00025692435591919316,gmax=0.938241111608893
	collect g,Hv time= 0.48152732849121094
	solver time=16.322038412094116,exit status=0
niter= 47
	g=1.2503290685655237,del=20.70359096121943,dot=7.633058225238471,x=27.420356303003043
saving to  ./psi6_0
	log prob= 3.0344456068356607
	burn in time= 58.49073600769043
	sample time= 1451.0173704624176
	contraction err= 2.694778887676964e-13 1.7954407751602152e-09

Mean energy: -4.08385704e+01
Block size    # of blocks        Mean                Error
     1           50000       -4.08385704e+01       1.485880e-02
     2           25000       -4.08385704e+01       1.484444e-02
     5           10000       -4.08385704e+01       1.480410e-02
    10           5000       -4.08385704e+01       1.498641e-02
    20           2500       -4.08385704e+01       1.492409e-02
    50           1000       -4.08385704e+01       1.532345e-02
    70            714       -4.08384053e+01       1.483425e-02
   100            500       -4.08385704e+01       1.504695e-02
   200            250       -4.08385704e+01       1.445091e-02
   500            100       -4.08385704e+01       1.598192e-02
0 0.014858796053846022 0.01598192229213811
Stocahstic error estimate: 1.485880e-02

step=6,E=-0.6381026621803914,dE=-0.0010847797812942872,err=0.0002321686883413441,gmax=0.37490905734968094
	collect g,Hv time= 0.48199915885925293
	solver time=15.995520114898682,exit status=0
niter= 46
	g=1.219911391066499,del=18.906912011743174,dot=5.249252885174946,x=27.420356303003008
saving to  ./psi7_0
	log prob= 3.1585948234049797
	burn in time= 58.784212589263916
	sample time= 1451.7255654335022
	contraction err= 2.5931950849388737e-13 2.0527713448369598e-10

Mean energy: -4.08614010e+01
Block size    # of blocks        Mean                Error
     1           50000       -4.08614010e+01       1.362714e-02
     2           25000       -4.08614010e+01       1.367690e-02
     5           10000       -4.08614010e+01       1.371712e-02
    10           5000       -4.08614010e+01       1.359829e-02
    20           2500       -4.08614010e+01       1.393703e-02
    50           1000       -4.08614010e+01       1.430782e-02
    70            714       -4.08614936e+01       1.468003e-02
   100            500       -4.08614010e+01       1.504527e-02
   200            250       -4.08614010e+01       1.641609e-02
   500            100       -4.08614010e+01       1.983929e-02
0 0.013676902157997948 0.019839285672913386
Stocahstic error estimate: 1.367690e-02

step=7,E=-0.6384593913764176,dE=-0.00035672919602625086,err=0.00021370159621871793,gmax=1.0808862908053347
	collect g,Hv time= 0.48132920265197754
	solver time=10.6460542678833,exit status=0
niter= 31
	g=2.012194291239485,del=11.811017831462234,dot=3.1201469425232466,x=27.420356303003057
saving to  ./psi8_0
	log prob= 3.6123800145820577
	burn in time= 58.779969453811646
	sample time= 1451.6702854633331
	contraction err= 2.317408673592961e-13 3.124770371159888e-10

Mean energy: -4.08032605e+01
Block size    # of blocks        Mean                Error
     1           50000       -4.08032605e+01       1.627102e-02
     2           25000       -4.08032605e+01       1.623702e-02
     5           10000       -4.08032605e+01       1.624912e-02
    10           5000       -4.08032605e+01       1.624861e-02
    20           2500       -4.08032605e+01       1.630668e-02
    50           1000       -4.08032605e+01       1.628882e-02
    70            714       -4.08029932e+01       1.614075e-02
   100            500       -4.08032605e+01       1.615961e-02
   200            250       -4.08032605e+01       1.718581e-02
   500            100       -4.08032605e+01       1.686936e-02
0 0.016271020121743522 0.016869358460160157
Stocahstic error estimate: 1.627102e-02

step=8,E=-0.6375509454205449,dE=0.0009084459558726943,err=0.00025423468940224253,gmax=0.9214898011384189
	collect g,Hv time= 0.4768829345703125
	solver time=15.261830806732178,exit status=0
niter= 44
	g=2.2905257505624963,del=18.761542119328677,dot=6.96756690955844,x=27.42035630300303
saving to  ./psi9_0
	log prob= 3.1727169154275265
	burn in time= 59.4657826423645
	sample time= 1451.6703078746796
	contraction err= 2.360319465454517e-13 5.022898303440718e-10

Mean energy: -4.08945083e+01
Block size    # of blocks        Mean                Error
     1           50000       -4.08945083e+01       1.375145e-02
     2           25000       -4.08945083e+01       1.371251e-02
     5           10000       -4.08945083e+01       1.366178e-02
    10           5000       -4.08945083e+01       1.393173e-02
    20           2500       -4.08945083e+01       1.407500e-02
    50           1000       -4.08945083e+01       1.411543e-02
    70            714       -4.08946240e+01       1.427116e-02
   100            500       -4.08945083e+01       1.383134e-02
   200            250       -4.08945083e+01       1.413583e-02
   500            100       -4.08945083e+01       1.604629e-02
0 0.01375145224936376 0.016046288038482293
Stocahstic error estimate: 1.375145e-02

step=9,E=-0.6389766917795267,dE=-0.0014257463589817387,err=0.00021486644139630874,gmax=0.05737583375144602
	collect g,Hv time= 0.4806957244873047
	solver time=15.23959231376648,exit status=0
niter= 44
	g=0.4283473378607375,del=17.784871188648463,dot=3.6272118125584303,x=27.420356303003008
saving to  ./psi10_0
	log prob= 3.2124653429053955
	burn in time= 58.14947009086609
	sample time= 1452.4747397899628
	contraction err= 2.3864610578108313e-13 4.6317692573909544e-10

Mean energy: -4.08273396e+01
Block size    # of blocks        Mean                Error
     1           50000       -4.08273396e+01       1.411940e-02
     2           25000       -4.08273396e+01       1.410942e-02
     5           10000       -4.08273396e+01       1.409556e-02
    10           5000       -4.08273396e+01       1.423917e-02
    20           2500       -4.08273396e+01       1.441402e-02
    50           1000       -4.08273396e+01       1.400755e-02
    70            714       -4.08272849e+01       1.405371e-02
   100            500       -4.08273396e+01       1.474343e-02
   200            250       -4.08273396e+01       1.604164e-02
   500            100       -4.08273396e+01       1.940692e-02
0 0.014119404565442794 0.019406923633671122
Stocahstic error estimate: 1.411940e-02

step=10,E=-0.6379271812977133,dE=0.0010495104818133427,err=0.00022061569633504365,gmax=0.09051957633227198
	collect g,Hv time= 0.4804987907409668
	solver time=15.270916938781738,exit status=0
niter= 44
	g=0.5465978427730814,del=17.495455289419294,dot=4.212248139165488,x=27.420356303003043
saving to  ./psi11_0
	log prob= 3.1192861505821416
	burn in time= 58.07222080230713
	sample time= 1454.1541669368744
	contraction err= 3.1395021448825594e-13 1.9635383559984796e-10

Mean energy: -4.08855816e+01
Block size    # of blocks        Mean                Error
     1           50000       -4.08855816e+01       1.346535e-02
     2           25000       -4.08855816e+01       1.350669e-02
     5           10000       -4.08855816e+01       1.352990e-02
    10           5000       -4.08855816e+01       1.356489e-02
    20           2500       -4.08855816e+01       1.356938e-02
    50           1000       -4.08855816e+01       1.359469e-02
    70            714       -4.08856720e+01       1.354457e-02
   100            500       -4.08855816e+01       1.375067e-02
   200            250       -4.08855816e+01       1.471851e-02
   500            100       -4.08855816e+01       1.535174e-02
0 0.013506690185910617 0.015351744520572863
Stocahstic error estimate: 1.350669e-02

step=11,E=-0.6388372118290854,dE=-0.0009100305313720636,err=0.0002110420341548534,gmax=0.052111211420751896
	collect g,Hv time= 0.4849221706390381
	solver time=15.238916635513306,exit status=0
niter= 44
	g=0.4293531075994669,del=17.085823551808186,dot=3.4924945221441455,x=27.420356303003008
saving to  ./psi12_0
	log prob= 3.7162529985389194
	burn in time= 59.26871180534363
	sample time= 1454.3119823932648
	contraction err= 2.412337506227687e-13 1.5663753405283422e-10

Mean energy: -4.08024027e+01
Block size    # of blocks        Mean                Error
     1           50000       -4.08024027e+01       1.456392e-02
     2           25000       -4.08024027e+01       1.451289e-02
     5           10000       -4.08024027e+01       1.449513e-02
    10           5000       -4.08024027e+01       1.432314e-02
    20           2500       -4.08024027e+01       1.435695e-02
    50           1000       -4.08024027e+01       1.364718e-02
    70            714       -4.08028878e+01       1.370680e-02
   100            500       -4.08024027e+01       1.352048e-02
   200            250       -4.08024027e+01       1.403075e-02
   500            100       -4.08024027e+01       1.496809e-02
0 0.01456392437519819 0.014968092168665454
Stocahstic error estimate: 1.456392e-02

step=12,E=-0.6375375416722308,dE=0.0012996701568546154,err=0.0002275613183624717,gmax=0.11464690726650172
	collect g,Hv time= 0.48221635818481445
	solver time=15.26124620437622,exit status=0
niter= 44
	g=0.5780096888353494,del=18.48315984076561,dot=4.6932455033174305,x=27.42035630300304
saving to  ./psi13_0
	log prob= 3.6449138018250156
	burn in time= 58.59236764907837
	sample time= 1453.6934306621552
	contraction err= 2.7757428432799737e-13 3.4252761518919443e-10

Mean energy: -4.08130304e+01
Block size    # of blocks        Mean                Error
     1           50000       -4.08130304e+01       1.439540e-02
     2           25000       -4.08130304e+01       1.442155e-02
     5           10000       -4.08130304e+01       1.434942e-02
    10           5000       -4.08130304e+01       1.437152e-02
    20           2500       -4.08130304e+01       1.454836e-02
    50           1000       -4.08130304e+01       1.425807e-02
    70            714       -4.08130140e+01       1.379561e-02
   100            500       -4.08130304e+01       1.399976e-02
   200            250       -4.08130304e+01       1.395710e-02
   500            100       -4.08130304e+01       1.666064e-02
0 0.014421550506556625 0.016660642847420512
Stocahstic error estimate: 1.442155e-02

step=13,E=-0.6377036001343763,dE=-0.00016605846214556852,err=0.00022533672666494726,gmax=0.09551475050194026
	collect g,Hv time= 0.47758936882019043
	solver time=15.277690410614014,exit status=0
niter= 44
	g=0.47666852902728507,del=17.677154299123927,dot=4.144192867025065,x=27.420356303003057
saving to  ./psi14_0
	log prob= 4.5643414231497
	burn in time= 57.56114625930786
RANK=17,cx=0.004801984380193765,ex=-3190.7561882015502
	sample time= 1453.1202363967896
	contraction err= 2.213272508565964e-13 2.5555962707844916e-10

Mean energy: -4.08673156e+01
Block size    # of blocks        Mean                Error
     1           50000       -4.08673156e+01       1.365295e-02
     2           25000       -4.08673156e+01       1.364351e-02
     5           10000       -4.08673156e+01       1.364567e-02
    10           5000       -4.08673156e+01       1.351320e-02
    20           2500       -4.08673156e+01       1.357555e-02
    50           1000       -4.08673156e+01       1.379334e-02
    70            714       -4.08670024e+01       1.400493e-02
   100            500       -4.08673156e+01       1.418702e-02
   200            250       -4.08673156e+01       1.572927e-02
   500            100       -4.08673156e+01       1.695380e-02
0 0.013652954841638166 0.016953803488799924
Stocahstic error estimate: 1.365295e-02

step=14,E=-0.63855180695398,dE=-0.0008482068196036252,err=0.00021332741940059634,gmax=0.07446258767666633
	collect g,Hv time= 0.47707033157348633
	solver time=15.285327434539795,exit status=0
niter= 44
	g=0.45627301545508003,del=16.827115071626494,dot=3.7059334235018238,x=27.420356303003018
saving to  ./psi15_0
	log prob= 4.598331581938049
	burn in time= 58.84715557098389
	sample time= 1453.0092232227325
	contraction err= 2.706741593382352e-13 2.216615095977986e-10

Mean energy: -4.07646753e+01
Block size    # of blocks        Mean                Error
     1           50000       -4.07646753e+01       1.442654e-02
     2           25000       -4.07646753e+01       1.431858e-02
     5           10000       -4.07646753e+01       1.444983e-02
    10           5000       -4.07646753e+01       1.446780e-02
    20           2500       -4.07646753e+01       1.456073e-02
    50           1000       -4.07646753e+01       1.447489e-02
    70            714       -4.07647168e+01       1.392262e-02
   100            500       -4.07646753e+01       1.457802e-02
   200            250       -4.07646753e+01       1.577177e-02
   500            100       -4.07646753e+01       1.841630e-02
0 0.014426536350325576 0.018416298565976187
Stocahstic error estimate: 1.442654e-02

step=15,E=-0.6369480514805097,dE=0.0016037554734702475,err=0.00022541463047383713,gmax=0.13428585503272594
	collect g,Hv time= 0.48169898986816406
	solver time=15.267260789871216,exit status=0
niter= 44
	g=0.6177403996048617,del=17.626862520201794,dot=4.911376567802141,x=27.420356303003025
saving to  ./psi16_0
	log prob= 5.051191724198249
	burn in time= 59.05493211746216
	sample time= 1453.1281113624573
	contraction err= 2.8319056220334266e-13 5.064375323517447e-10

Mean energy: -4.08624444e+01
Block size    # of blocks        Mean                Error
     1           50000       -4.08624444e+01       1.407244e-02
     2           25000       -4.08624444e+01       1.401598e-02
     5           10000       -4.08624444e+01       1.401027e-02
    10           5000       -4.08624444e+01       1.407083e-02
    20           2500       -4.08624444e+01       1.426008e-02
    50           1000       -4.08624444e+01       1.420061e-02
    70            714       -4.08626942e+01       1.339757e-02
   100            500       -4.08624444e+01       1.430196e-02
   200            250       -4.08624444e+01       1.541232e-02
   500            100       -4.08624444e+01       1.731803e-02
0 0.014072440128507304 0.01731803312807691
Stocahstic error estimate: 1.407244e-02

step=16,E=-0.6384756931708024,dE=-0.0015276416902927359,err=0.00021988187700792663,gmax=0.06434772247552445
	collect g,Hv time= 0.48087453842163086
	solver time=15.27022910118103,exit status=0
niter= 44
	g=0.48201106649132086,del=16.987642872516474,dot=3.7846641261097305,x=27.42035630300296
saving to  ./psi17_0
	log prob= 4.313914825350363
	burn in time= 58.73588943481445
	sample time= 1452.5527701377869
	contraction err= 2.7452480289454757e-13 5.666221334875439e-10

Mean energy: -4.07720758e+01
Block size    # of blocks        Mean                Error
     1           50000       -4.07720758e+01       1.550591e-02
     2           25000       -4.07720758e+01       1.536777e-02
     5           10000       -4.07720758e+01       1.541701e-02
    10           5000       -4.07720758e+01       1.552865e-02
    20           2500       -4.07720758e+01       1.538995e-02
    50           1000       -4.07720758e+01       1.556252e-02
    70            714       -4.07723457e+01       1.564008e-02
   100            500       -4.07720758e+01       1.556045e-02
   200            250       -4.07720758e+01       1.698479e-02
   500            100       -4.07720758e+01       1.936202e-02
0 0.015505913521665405 0.019362016636625286
Stocahstic error estimate: 1.550591e-02

step=17,E=-0.637063684209257,dE=0.0014120089615454745,err=0.00024227989877602195,gmax=0.16366361989754247
	collect g,Hv time= 0.48204588890075684
	solver time=15.242241621017456,exit status=0
niter= 44
	g=0.6436504084816352,del=17.951399824478603,dot=5.9517742572382915,x=27.420356303003032
saving to  ./psi18_0
	log prob= 5.33903468941882
	burn in time= 58.50560140609741
	sample time= 1454.4524958133698
	contraction err= 2.7695356880056993e-13 7.901202433304041e-10

Mean energy: -4.08846828e+01
Block size    # of blocks        Mean                Error
     1           50000       -4.08846828e+01       1.436484e-02
     2           25000       -4.08846828e+01       1.437066e-02
     5           10000       -4.08846828e+01       1.425918e-02
    10           5000       -4.08846828e+01       1.419052e-02
    20           2500       -4.08846828e+01       1.446157e-02
    50           1000       -4.08846828e+01       1.467748e-02
    70            714       -4.08848642e+01       1.460276e-02
   100            500       -4.08846828e+01       1.479459e-02
   200            250       -4.08846828e+01       1.566676e-02
   500            100       -4.08846828e+01       1.785480e-02
0 0.0143706600216667 0.01785480299827773
Stocahstic error estimate: 1.437066e-02

step=18,E=-0.6388231687116905,dE=-0.0017594845024335726,err=0.0002245415628385422,gmax=0.14910457967843357
	collect g,Hv time= 0.4806537628173828
	solver time=14.893930673599243,exit status=0
niter= 43
	g=0.5278410298842987,del=17.508648265757106,dot=4.5800305990706995,x=27.420356303003036
saving to  ./psi19_0
	log prob= 5.127322561253796
	burn in time= 57.971843004226685
	sample time= 1454.0715415477753
	contraction err= 2.3797268104811394e-13 5.521733758353831e-10

Mean energy: -4.08715156e+01
Block size    # of blocks        Mean                Error
     1           50000       -4.08715156e+01       1.653573e-02
     2           25000       -4.08715156e+01       1.656298e-02
     5           10000       -4.08715156e+01       1.642471e-02
    10           5000       -4.08715156e+01       1.624099e-02
    20           2500       -4.08715156e+01       1.597459e-02
    50           1000       -4.08715156e+01       1.559122e-02
    70            714       -4.08718317e+01       1.544053e-02
   100            500       -4.08715156e+01       1.525602e-02
   200            250       -4.08715156e+01       1.555356e-02
   500            100       -4.08715156e+01       1.676259e-02
0 0.01656298339286082 0.01676258503033266
Stocahstic error estimate: 1.656298e-02

step=19,E=-0.6386174311093209,dE=0.00020573760236963778,err=0.0002587966155134503,gmax=0.19143588631569936
	collect g,Hv time= 0.4806253910064697
	solver time=15.246439933776855,exit status=0
niter= 44
	g=0.5617742757833849,del=19.95643378413794,dot=6.445172052786223,x=27.42035630300301
saving to  ./psi20_0
