block_dict= [(0, 820)]
sizes= [820]
SIZE= 640
L= 20
nspin= (10, 10)
nparam= 820
	prob= 0.06565871820257888
	burn in time= 0.49861764907836914
	sample time= 2.1656627655029297
	contraction err= 1.6868733431605658e-15 2.0090238116168945e-14

Mean energy: -7.47338647e+00
Block size    # of blocks        Mean                Error
     1           5000       -7.47338647e+00       2.294754e-03
     2           2500       -7.47338647e+00       2.305012e-03
     5           1000       -7.47338647e+00       2.271367e-03
    10            500       -7.47338647e+00       2.328387e-03
    20            250       -7.47338647e+00       2.302795e-03
    50            100       -7.47338647e+00       1.992018e-03
    70             71       -7.47324333e+00       2.061189e-03
   100             50       -7.47338647e+00       1.800955e-03
   200             25       -7.47338647e+00       1.961091e-03
   500             10       -7.47338647e+00       2.225634e-03
0 0.002305012118453052 0.002225633617971688
Stocahstic error estimate: 2.305012e-03

step=50,E=-0.3736693233203242,dE=-0.3736693233203242,err=0.0001152506059226526,gmax=0.1556837791598653
	collect g,Hv time= 6.150638580322266
	solver time=0.032366275787353516,exit status=0
niter= 45
pure_newton= True
	solver time=2.6623971462249756,exit status=100
niter= 3101
	prob= 0.4280002850141813
	burn in time= 0.48986196517944336
	sample time= 1.8891804218292236
	contraction err= 1.2229732102098966e-15 1.8399609006625274e-14

Mean energy: -7.48149372e+00
Block size    # of blocks        Mean                Error
     1           5000       -7.48149372e+00       1.887077e-03
     2           2500       -7.48149372e+00       1.866120e-03
     5           1000       -7.48149372e+00       1.840735e-03
    10            500       -7.48149372e+00       1.913570e-03
    20            250       -7.48149372e+00       1.872045e-03
    50            100       -7.48149372e+00       1.642920e-03
    70             71       -7.48145612e+00       1.829207e-03
   100             50       -7.48149372e+00       1.527481e-03
   200             25       -7.48149372e+00       1.594903e-03
   500             10       -7.48149372e+00       2.301244e-03
0 0.0018870766275722395 0.00230124417037378
Stocahstic error estimate: 1.887077e-03

	predict=-0.007647863898956759,actual=(-0.008107255985875916, 0.0029789493222518643)
	g=0.8360861064770733,del=0.788398448717772,dot=0.015259558356294506,x=11.198019192927234
	prob= 0.4280002850141813
	burn in time= 0.4778926372528076
	sample time= 2.831620454788208
	contraction err= 1.1857041077083606e-15 1.2429392330696534e-14

Mean energy: -7.47885819e+00
Block size    # of blocks        Mean                Error
     1           5000       -7.47885819e+00       2.096488e-03
     2           2500       -7.47885819e+00       2.077818e-03
     5           1000       -7.47885819e+00       2.099876e-03
    10            500       -7.47885819e+00       2.126803e-03
    20            250       -7.47885819e+00       2.164279e-03
    50            100       -7.47885819e+00       2.203454e-03
    70             71       -7.47874253e+00       2.319503e-03
   100             50       -7.47885819e+00       1.928878e-03
   200             25       -7.47885819e+00       2.451413e-03
   500             10       -7.47885819e+00       3.763654e-03
0 0.0020964882783266084 0.0037636535533693925
Stocahstic error estimate: 2.096488e-03

step=51,E=-0.37394290967871335,dE=-0.000273586358389144,err=0.00010482441391633042,gmax=0.30662726609549273
	collect g,Hv time= 0.04849386215209961
	solver time=0.017591476440429688,exit status=0
niter= 41
pure_newton= True
	solver time=1.2907240390777588,exit status=0
niter= 1676
	prob= 2436.779755629919
	burn in time= 0.46134448051452637
	sample time= 1.8675684928894043
	contraction err= 7.513562059462852e-16 6.022652324699139e-15

Mean energy: -7.36375839e+00
Block size    # of blocks        Mean                Error
     1           5000       -7.36375839e+00       7.104761e-03
     2           2500       -7.36375839e+00       7.046153e-03
     5           1000       -7.36375839e+00       7.063314e-03
    10            500       -7.36375839e+00       7.156189e-03
    20            250       -7.36375839e+00       7.290844e-03
    50            100       -7.36375839e+00       8.106703e-03
    70             71       -7.36397671e+00       9.237188e-03
   100             50       -7.36375839e+00       9.513609e-03
   200             25       -7.36375839e+00       1.132369e-02
   500             10       -7.36375839e+00       1.676119e-02
0 0.007104761301195554 0.01676119099698721
Stocahstic error estimate: 7.104761e-03

	predict=0.051002195119666874,actual=(0.11509980375416795, 0.007407624197279908)
	g=0.6403350175583233,del=0.18930909219931527,dot=0.022074965442071846,x=11.198019192927232
	prob= 0.42265321559658586
	burn in time= 0.4582252502441406
	sample time= 2.8293938636779785
	contraction err= 1.1056294612013295e-15 2.6299475974316672e-14

Mean energy: -7.45942285e+00
Block size    # of blocks        Mean                Error
     1           5000       -7.45942285e+00       4.953856e-03
     2           2500       -7.45942285e+00       4.937695e-03
     5           1000       -7.45942285e+00       5.093826e-03
    10            500       -7.45942285e+00       5.253572e-03
    20            250       -7.45942285e+00       5.470144e-03
    50            100       -7.45942285e+00       6.028642e-03
    70             71       -7.45917073e+00       6.369012e-03
   100             50       -7.45942285e+00       6.960964e-03
   200             25       -7.45942285e+00       9.133463e-03
   500             10       -7.45942285e+00       1.592131e-02
0 0.004953856238382344 0.01592131285602235
Stocahstic error estimate: 4.953856e-03

step=52,E=-0.37297114241266316,dE=0.0009717672660501719,err=0.0002476928119191172,gmax=0.6558807436304891
	collect g,Hv time= 0.04916572570800781
	solver time=0.01653313636779785,exit status=0
niter= 39
pure_newton= True
	solver time=0.139631986618042,exit status=0
niter= 180
	prob= 0.619392744549536
	burn in time= 0.47400331497192383
	sample time= 1.863398790359497
	contraction err= 1.0421192176744288e-15 1.6557308540559094e-14

Mean energy: -7.48659856e+00
Block size    # of blocks        Mean                Error
     1           5000       -7.48659856e+00       1.895619e-03
     2           2500       -7.48659856e+00       1.915648e-03
     5           1000       -7.48659856e+00       1.860172e-03
    10            500       -7.48659856e+00       1.881323e-03
    20            250       -7.48659856e+00       1.860525e-03
    50            100       -7.48659856e+00       2.054922e-03
    70             71       -7.48660706e+00       2.039517e-03
   100             50       -7.48659856e+00       2.084845e-03
   200             25       -7.48659856e+00       2.567811e-03
   500             10       -7.48659856e+00       3.979671e-03
0 0.0019156475651670368 0.003979671054046578
Stocahstic error estimate: 1.915648e-03

	predict=-0.020464606943785945,actual=(-0.027175716087606716, 0.005311346084044049)
	g=1.31744537454717,del=0.26963881322599514,dot=0.04092113075735179,x=11.198019192927234
	prob= 0.619392744549536
	burn in time= 0.44855332374572754
	sample time= 2.828622341156006
	contraction err= 9.99080600231196e-16 6.271001153331265e-15

Mean energy: -7.49556980e+00
Block size    # of blocks        Mean                Error
     1           5000       -7.49556980e+00       8.765499e-04
     2           2500       -7.49556980e+00       8.764163e-04
     5           1000       -7.49556980e+00       8.747720e-04
    10            500       -7.49556980e+00       8.746686e-04
    20            250       -7.49556980e+00       8.666651e-04
    50            100       -7.49556980e+00       9.536005e-04
    70             71       -7.49555994e+00       9.914723e-04
   100             50       -7.49556980e+00       1.016274e-03
   200             25       -7.49556980e+00       1.273420e-03
   500             10       -7.49556980e+00       1.260838e-03
0 0.0008765499430048234 0.0012608379374327997
Stocahstic error estimate: 8.765499e-04

step=53,E=-0.3747784900309933,dE=-0.001807347618330102,err=4.382749715024117e-05,gmax=0.07081280421276293
	collect g,Hv time= 0.0882720947265625
	solver time=0.016060352325439453,exit status=0
niter= 37
pure_newton= True
	solver time=0.12155032157897949,exit status=0
niter= 156
	prob= 1.435475173545707
	burn in time= 0.4594249725341797
	sample time= 1.8603980541229248
	contraction err= 9.766146331995077e-16 2.1750771004402474e-14

Mean energy: -7.49289823e+00
Block size    # of blocks        Mean                Error
     1           5000       -7.49289823e+00       1.728174e-03
     2           2500       -7.49289823e+00       1.725739e-03
     5           1000       -7.49289823e+00       1.711880e-03
    10            500       -7.49289823e+00       1.697747e-03
    20            250       -7.49289823e+00       1.724000e-03
    50            100       -7.49289823e+00       1.622433e-03
    70             71       -7.49294722e+00       1.616231e-03
   100             50       -7.49289823e+00       1.597367e-03
   200             25       -7.49289823e+00       1.675096e-03
   500             10       -7.49289823e+00       1.424667e-03
0 0.0017281744263820387 0.0014246672326046939
Stocahstic error estimate: 1.728174e-03

	predict=-0.0005603573865617819,actual=(0.002671574223865214, 0.001937763311290274)
	g=0.20549299189310982,del=0.10066307793857177,dot=0.006314965582278275,x=11.19801919292723
	prob= 0.616104311988757
	burn in time= 0.4575161933898926
	sample time= 2.821521282196045
	contraction err= 1.0488485391516301e-15 1.874076898816696e-14

Mean energy: -7.49436466e+00
Block size    # of blocks        Mean                Error
     1           5000       -7.49436466e+00       9.239688e-04
     2           2500       -7.49436466e+00       9.231382e-04
     5           1000       -7.49436466e+00       9.196766e-04
    10            500       -7.49436466e+00       9.141795e-04
    20            250       -7.49436466e+00       9.010859e-04
    50            100       -7.49436466e+00       8.877316e-04
    70             71       -7.49432573e+00       8.813389e-04
   100             50       -7.49436466e+00       8.387543e-04
   200             25       -7.49436466e+00       1.062836e-03
   500             10       -7.49436466e+00       1.174238e-03
0 0.0009239688161171185 0.0011742384020453315
Stocahstic error estimate: 9.239688e-04

step=54,E=-0.37471823297188445,dE=6.025705910883694e-05,err=4.619844080585592e-05,gmax=0.04693656211674474
	collect g,Hv time= 0.05432462692260742
	solver time=0.012686491012573242,exit status=0
niter= 28
pure_newton= True
	solver time=2.5735747814178467,exit status=100
niter= 3101
	prob= 1.0906449639883486
	burn in time= 0.47344112396240234
	sample time= 1.852379560470581
	contraction err= 9.52026218387458e-16 7.156359631513712e-15

Mean energy: -7.47560709e+00
Block size    # of blocks        Mean                Error
     1           5000       -7.47560709e+00       2.521510e-03
     2           2500       -7.47560709e+00       2.521388e-03
     5           1000       -7.47560709e+00       2.599566e-03
    10            500       -7.47560709e+00       2.638260e-03
    20            250       -7.47560709e+00       2.687169e-03
    50            100       -7.47560709e+00       2.447396e-03
    70             71       -7.47617352e+00       2.492779e-03
   100             50       -7.47560709e+00       2.059270e-03
   200             25       -7.47560709e+00       2.350351e-03
   500             10       -7.47560709e+00       3.133966e-03
0 0.0025215102859722453 0.0031339661923446547
Stocahstic error estimate: 2.521510e-03

	predict=-0.004852408170798424,actual=(0.018757566154239846, 0.002685466904547644)
	g=0.18845798053301888,del=0.20714683233489684,dot=0.01437989552565193,x=11.198019192927232
	prob= 0.6133428745012938
	burn in time= 0.4858272075653076
	sample time= 2.8161633014678955
	contraction err= 9.975144973548166e-16 1.9687908157526587e-14

Mean energy: -7.47882335e+00
Block size    # of blocks        Mean                Error
     1           5000       -7.47882335e+00       2.741249e-03
     2           2500       -7.47882335e+00       2.727388e-03
     5           1000       -7.47882335e+00       2.718453e-03
    10            500       -7.47882335e+00       2.657184e-03
    20            250       -7.47882335e+00       2.609145e-03
    50            100       -7.47882335e+00       2.348692e-03
    70             71       -7.47887578e+00       2.482499e-03
   100             50       -7.47882335e+00       2.309098e-03
   200             25       -7.47882335e+00       2.837142e-03
   500             10       -7.47882335e+00       4.080829e-03
0 0.002741248525156812 0.004080829396402354
Stocahstic error estimate: 2.741249e-03

step=55,E=-0.37394116763677565,dE=0.000777065335108773,err=0.0001370624262578406,gmax=0.3390429990750585
	collect g,Hv time= 0.07339882850646973
	solver time=0.011850833892822266,exit status=0
niter= 26
pure_newton= True
	solver time=0.23966193199157715,exit status=0
niter= 278
	prob= 0.9852458649570149
	burn in time= 0.46614503860473633
	sample time= 1.8563084602355957
	contraction err= 9.59817497004902e-16 2.650802365451075e-14

Mean energy: -7.48941346e+00
Block size    # of blocks        Mean                Error
     1           5000       -7.48941346e+00       1.893653e-03
     2           2500       -7.48941346e+00       1.892735e-03
     5           1000       -7.48941346e+00       1.871188e-03
    10            500       -7.48941346e+00       1.894086e-03
    20            250       -7.48941346e+00       1.900478e-03
    50            100       -7.48941346e+00       2.210460e-03
    70             71       -7.48941103e+00       2.208950e-03
   100             50       -7.48941346e+00       2.135084e-03
   200             25       -7.48941346e+00       2.278322e-03
   500             10       -7.48941346e+00       2.463651e-03
0 0.0018936533254743603 0.0024636507590206705
Stocahstic error estimate: 1.893653e-03

	predict=-0.010888289217146626,actual=(-0.010590110877456205, 0.003331721235901122)
	g=0.9564879999451726,del=0.243465255084629,dot=0.02176794465922037,x=11.198019192927232
	prob= 0.9852458649570149
	burn in time= 0.44828224182128906
	sample time= 2.82418155670166
	contraction err= 9.33946138629908e-16 1.426344035484352e-14

Mean energy: -7.48401192e+00
Block size    # of blocks        Mean                Error
     1           5000       -7.48401192e+00       2.318062e-03
     2           2500       -7.48401192e+00       2.308932e-03
     5           1000       -7.48401192e+00       2.286949e-03
    10            500       -7.48401192e+00       2.254231e-03
    20            250       -7.48401192e+00       2.189085e-03
    50            100       -7.48401192e+00       2.148230e-03
    70             71       -7.48392073e+00       2.080301e-03
   100             50       -7.48401192e+00       2.163452e-03
   200             25       -7.48401192e+00       2.530642e-03
   500             10       -7.48401192e+00       3.744230e-03
0 0.0023180623232153578 0.0037442303985795204
Stocahstic error estimate: 2.318062e-03

step=56,E=-0.3742005960612772,dE=-0.0002594284245015288,err=0.00011590311616076789,gmax=0.078383708687778
	collect g,Hv time= 0.05950617790222168
	solver time=0.017217159271240234,exit status=0
niter= 36
pure_newton= True
	solver time=0.07345461845397949,exit status=0
niter= 86
	prob= 1.5232003812117265
	burn in time= 0.46045470237731934
	sample time= 1.858346939086914
	contraction err= 8.95963565608351e-16 1.477640723416275e-14

Mean energy: -7.49137860e+00
Block size    # of blocks        Mean                Error
     1           5000       -7.49137860e+00       1.903840e-03
     2           2500       -7.49137860e+00       1.899781e-03
     5           1000       -7.49137860e+00       1.896697e-03
    10            500       -7.49137860e+00       1.877542e-03
    20            250       -7.49137860e+00       1.828658e-03
    50            100       -7.49137860e+00       1.745632e-03
    70             71       -7.49190403e+00       1.729754e-03
   100             50       -7.49137860e+00       1.706221e-03
   200             25       -7.49137860e+00       2.032330e-03
   500             10       -7.49137860e+00       3.261543e-03
0 0.001903839828152403 0.003261542666694837
Stocahstic error estimate: 1.903840e-03

	predict=-0.006761073290700739,actual=(-0.0073666788542903205, 0.002999669819425123)
	g=0.22698136100714345,del=0.16199479616685786,dot=0.013519363411512195,x=11.198019192927232
	prob= 1.5232003812117265
	burn in time= 0.48410892486572266
	sample time= 2.802222490310669
	contraction err= 9.079699397138516e-16 1.4259331876283368e-14

Mean energy: -7.49378524e+00
Block size    # of blocks        Mean                Error
     1           5000       -7.49378524e+00       1.539830e-03
     2           2500       -7.49378524e+00       1.540500e-03
     5           1000       -7.49378524e+00       1.527103e-03
    10            500       -7.49378524e+00       1.519875e-03
    20            250       -7.49378524e+00       1.492295e-03
    50            100       -7.49378524e+00       1.413790e-03
    70             71       -7.49373525e+00       1.516824e-03
   100             50       -7.49378524e+00       1.429548e-03
   200             25       -7.49378524e+00       1.684991e-03
   500             10       -7.49378524e+00       2.681016e-03
0 0.0015404996539875398 0.0026810159804133266
Stocahstic error estimate: 1.540500e-03

step=57,E=-0.37468926180984935,dE=-0.0004886657485721812,err=7.702498269937699e-05,gmax=0.18322827134716357
	collect g,Hv time= 0.0823214054107666
	solver time=0.014820575714111328,exit status=0
niter= 29
pure_newton= True
	solver time=0.03974723815917969,exit status=0
niter= 41
	prob= 2.3633618067271613
	burn in time= 0.47330451011657715
	sample time= 1.8512799739837646
	contraction err= 9.187737876986916e-16 2.5874707690905152e-14

Mean energy: -7.49210049e+00
Block size    # of blocks        Mean                Error
     1           5000       -7.49210049e+00       1.682914e-03
     2           2500       -7.49210049e+00       1.683045e-03
     5           1000       -7.49210049e+00       1.680480e-03
    10            500       -7.49210049e+00       1.668808e-03
    20            250       -7.49210049e+00       1.642582e-03
    50            100       -7.49210049e+00       1.551195e-03
    70             71       -7.49204667e+00       1.552148e-03
   100             50       -7.49210049e+00       1.460831e-03
   200             25       -7.49210049e+00       1.602737e-03
   500             10       -7.49210049e+00       2.332773e-03
0 0.001683045379664766 0.00233277323139356
Stocahstic error estimate: 1.683045e-03

	predict=-0.0023926586982117295,actual=(0.0016847486218427576, 0.0022816180517226466)
	g=0.2883557306546018,del=0.0875323317114001,dot=0.0062581042253561266,x=11.198019192927232
	prob= 1.5147111895130716
	burn in time= 0.46834754943847656
	sample time= 2.811605215072632
	contraction err= 8.912410775712376e-16 8.80983082088008e-15

Mean energy: -7.49742229e+00
Block size    # of blocks        Mean                Error
     1           5000       -7.49742229e+00       5.216410e-04
     2           2500       -7.49742229e+00       5.245698e-04
     5           1000       -7.49742229e+00       5.284073e-04
    10            500       -7.49742229e+00       5.285674e-04
    20            250       -7.49742229e+00       5.317136e-04
    50            100       -7.49742229e+00       4.894182e-04
    70             71       -7.49741174e+00       4.873651e-04
   100             50       -7.49742229e+00       4.899679e-04
   200             25       -7.49742229e+00       5.677731e-04
   500             10       -7.49742229e+00       7.764425e-04
0 0.0005245698324208046 0.0007764424946419991
Stocahstic error estimate: 5.245698e-04

step=58,E=-0.3748711145975691,dE=-0.00018185278771976066,err=2.622849162104023e-05,gmax=0.03486278281215527
	collect g,Hv time= 0.10177946090698242
	solver time=0.016006946563720703,exit status=0
niter= 31
pure_newton= True
	solver time=0.1798539161682129,exit status=0
niter= 150
	prob= 3.4573381360060798
	burn in time= 0.4709951877593994
	sample time= 1.8562707901000977
	contraction err= 8.701158822082956e-16 1.346700926056734e-14

Mean energy: -7.49287054e+00
Block size    # of blocks        Mean                Error
     1           5000       -7.49287054e+00       1.297302e-03
     2           2500       -7.49287054e+00       1.294651e-03
     5           1000       -7.49287054e+00       1.334146e-03
    10            500       -7.49287054e+00       1.371683e-03
    20            250       -7.49287054e+00       1.376808e-03
    50            100       -7.49287054e+00       1.457306e-03
    70             71       -7.49283099e+00       1.524496e-03
   100             50       -7.49287054e+00       1.489145e-03
   200             25       -7.49287054e+00       1.624988e-03
   500             10       -7.49287054e+00       2.476950e-03
0 0.001297301518504559 0.0024769503463554802
Stocahstic error estimate: 1.297302e-03

	predict=-0.0004311325626143306,actual=(0.0045517513204718085, 0.0013993443961370716)
	g=0.10761311817201975,del=0.0745318065351959,dot=0.0032501735637280775,x=11.198019192927234
	prob= 1.5127586277659382
	burn in time= 0.44850802421569824
	sample time= 2.8050384521484375
	contraction err= 8.645835355590427e-16 1.1889406110284948e-14

Mean energy: -7.48953598e+00
Block size    # of blocks        Mean                Error
     1           5000       -7.48953598e+00       1.494539e-03
     2           2500       -7.48953598e+00       1.487986e-03
     5           1000       -7.48953598e+00       1.475562e-03
    10            500       -7.48953598e+00       1.461338e-03
    20            250       -7.48953598e+00       1.397054e-03
    50            100       -7.48953598e+00       1.391467e-03
    70             71       -7.48947213e+00       1.400188e-03
   100             50       -7.48953598e+00       1.389920e-03
   200             25       -7.48953598e+00       1.493944e-03
   500             10       -7.48953598e+00       1.505188e-03
0 0.0014945390922742367 0.0015051878121559133
Stocahstic error estimate: 1.494539e-03

step=59,E=-0.37447679896758507,dE=0.0003943156299840656,err=7.472695461371184e-05,gmax=0.22811615165678234
	collect g,Hv time= 0.07947087287902832
	solver time=0.01637101173400879,exit status=0
niter= 31
pure_newton= True
	solver time=0.06286931037902832,exit status=0
niter= 64
	prob= 2.3090152915424715
	burn in time= 0.448075532913208
	sample time= 1.846604824066162
	contraction err= 8.722308598600299e-16 1.1251395773325961e-14

Mean energy: -7.49118274e+00
Block size    # of blocks        Mean                Error
     1           5000       -7.49118274e+00       1.644033e-03
     2           2500       -7.49118274e+00       1.642199e-03
     5           1000       -7.49118274e+00       1.625081e-03
    10            500       -7.49118274e+00       1.606577e-03
    20            250       -7.49118274e+00       1.568386e-03
    50            100       -7.49118274e+00       1.448482e-03
    70             71       -7.49114642e+00       1.517153e-03
   100             50       -7.49118274e+00       1.448887e-03
   200             25       -7.49118274e+00       1.534734e-03
   500             10       -7.49118274e+00       2.329643e-03
0 0.0016440325861921603 0.0023296426699429616
Stocahstic error estimate: 1.644033e-03

	predict=-0.004825862947408926,actual=(-0.0016467592265394515, 0.0022218213795887334)
	g=0.4492143223797524,del=0.13393609891942865,dot=0.009649408309036236,x=11.198019192927232
	prob= 2.3090152915424715
	burn in time= 0.4475398063659668
	sample time= 2.8021600246429443
	contraction err= 8.545817998645813e-16 1.1486238297308499e-14

Mean energy: -7.49482212e+00
Block size    # of blocks        Mean                Error
     1           5000       -7.49482212e+00       1.119831e-03
     2           2500       -7.49482212e+00       1.124289e-03
     5           1000       -7.49482212e+00       1.113323e-03
    10            500       -7.49482212e+00       1.108685e-03
    20            250       -7.49482212e+00       1.096719e-03
    50            100       -7.49482212e+00       1.106171e-03
    70             71       -7.49480323e+00       1.082493e-03
   100             50       -7.49482212e+00       1.056461e-03
   200             25       -7.49482212e+00       1.262815e-03
   500             10       -7.49482212e+00       2.011196e-03
0 0.0011242886641208462 0.002011196054164728
Stocahstic error estimate: 1.124289e-03

step=60,E=-0.3747411060924343,dE=-0.000264307124849239,err=5.621443320604231e-05,gmax=0.045757906587742425
	collect g,Hv time= 0.0769798755645752
	solver time=0.01247715950012207,exit status=0
niter= 23
pure_newton= True
	solver time=0.06108283996582031,exit status=0
niter= 58
	prob= 3.3070053764396383
	burn in time= 0.45677638053894043
	sample time= 1.8508179187774658
	contraction err= 8.603880924236669e-16 1.098307611586598e-14

Mean energy: -7.49712379e+00
Block size    # of blocks        Mean                Error
     1           5000       -7.49712379e+00       7.223153e-04
     2           2500       -7.49712379e+00       7.272829e-04
     5           1000       -7.49712379e+00       7.197783e-04
    10            500       -7.49712379e+00       7.158839e-04
    20            250       -7.49712379e+00       7.087776e-04
    50            100       -7.49712379e+00       6.945689e-04
    70             71       -7.49711003e+00       7.043739e-04
   100             50       -7.49712379e+00       7.043377e-04
   200             25       -7.49712379e+00       7.827767e-04
   500             10       -7.49712379e+00       8.271765e-04
0 0.0007272829053996101 0.0008271765058779232
Stocahstic error estimate: 7.272829e-04

	predict=-0.0016683104141827694,actual=(-0.0023016640637019137, 0.0013390165886788465)
	g=0.07932308662798077,del=0.13749163334137066,dot=0.0033301982696951494,x=11.198019192927232
	prob= 3.3070053764396383
	burn in time= 0.45952606201171875
	sample time= 2.7847630977630615
	contraction err= 8.547024279861613e-16 9.887068950831095e-15

Mean energy: -7.49557727e+00
Block size    # of blocks        Mean                Error
     1           5000       -7.49557727e+00       1.111322e-03
     2           2500       -7.49557727e+00       1.110660e-03
     5           1000       -7.49557727e+00       1.105774e-03
    10            500       -7.49557727e+00       1.103681e-03
    20            250       -7.49557727e+00       1.087378e-03
    50            100       -7.49557727e+00       1.107453e-03
    70             71       -7.49555567e+00       1.063165e-03
   100             50       -7.49557727e+00       1.041017e-03
   200             25       -7.49557727e+00       1.058063e-03
   500             10       -7.49557727e+00       1.776637e-03
0 0.0011113221217342695 0.0017766366967890946
Stocahstic error estimate: 1.111322e-03

step=61,E=-0.3747788636892939,dE=-3.775759685962221e-05,err=5.556610608671347e-05,gmax=0.03160169974925886
	collect g,Hv time= 0.0888669490814209
	solver time=0.016718149185180664,exit status=0
niter= 30
pure_newton= True
	solver time=0.025374650955200195,exit status=0
niter= 24
	prob= 5.614195077664222
	burn in time= 0.47838401794433594
	sample time= 1.8318493366241455
	contraction err= 8.263363964539146e-16 2.3047391054427926e-15

Mean energy: -7.49899424e+00
Block size    # of blocks        Mean                Error
     1           5000       -7.49899424e+00       4.040908e-04
     2           2500       -7.49899424e+00       4.051880e-04
     5           1000       -7.49899424e+00       4.065629e-04
    10            500       -7.49899424e+00       4.069570e-04
    20            250       -7.49899424e+00       4.054373e-04
    50            100       -7.49899424e+00       4.098528e-04
    70             71       -7.49899444e+00       4.085283e-04
   100             50       -7.49899424e+00       4.221622e-04
   200             25       -7.49899424e+00       4.174987e-04
   500             10       -7.49899424e+00       4.517688e-04
0 0.00040518797598548806 0.0004517687694574817
Stocahstic error estimate: 4.051880e-04

	predict=-0.001903902181228113,actual=(-0.003416963839223186, 0.0011828838295196934)
	g=0.08133539941089488,del=0.17552386494793487,dot=0.0038068768566806906,x=11.198019192927232
	prob= 5.614195077664222
	burn in time= 0.43671298027038574
	sample time= 2.774834632873535
	contraction err= 8.453747340107497e-16 3.358828741175934e-15

Mean energy: -7.49869425e+00
Block size    # of blocks        Mean                Error
     1           5000       -7.49869425e+00       6.442940e-04
     2           2500       -7.49869425e+00       6.448308e-04
     5           1000       -7.49869425e+00       6.437887e-04
    10            500       -7.49869425e+00       6.425347e-04
    20            250       -7.49869425e+00       6.357177e-04
    50            100       -7.49869425e+00       6.298201e-04
    70             71       -7.49868958e+00       6.146286e-04
   100             50       -7.49869425e+00       6.158206e-04
   200             25       -7.49869425e+00       7.702252e-04
   500             10       -7.49869425e+00       1.005690e-03
0 0.0006448308331367824 0.0010056898949066413
Stocahstic error estimate: 6.448308e-04

step=62,E=-0.3749347124393897,dE=-0.00015584875009579945,err=3.2241541656839124e-05,gmax=0.01655711644632607
	collect g,Hv time= 0.10580039024353027
	solver time=0.013772726058959961,exit status=0
niter= 24
pure_newton= True
	solver time=0.18200349807739258,exit status=0
niter= 167
	prob= 279.21330516826924
	burn in time= 0.4539616107940674
	sample time= 1.8509056568145752
	contraction err= 8.182913777679019e-16 7.056799425660477e-15

Mean energy: -7.49956409e+00
Block size    # of blocks        Mean                Error
     1           5000       -7.49956409e+00       6.042122e-04
     2           2500       -7.49956409e+00       6.042165e-04
     5           1000       -7.49956409e+00       6.082508e-04
    10            500       -7.49956409e+00       6.232126e-04
    20            250       -7.49956409e+00       6.437221e-04
    50            100       -7.49956409e+00       6.492601e-04
    70             71       -7.49950336e+00       6.716447e-04
   100             50       -7.49956409e+00       6.105347e-04
   200             25       -7.49956409e+00       5.527723e-04
   500             10       -7.49956409e+00       6.766091e-04
0 0.0006042164529906736 0.0006766090645722173
Stocahstic error estimate: 6.042165e-04

	predict=6.358497557927946e-05,actual=(-0.0008698383557428357, 0.0008836765954966262)
	g=0.05921577320225536,del=1.9011041536543316,dot=-4.883265781958587e-05,x=11.198019192927234
	prob= 279.21330516826924
	burn in time= 0.4327964782714844
	sample time= 2.8026986122131348
	contraction err= 7.344284288800338e-16 2.068491365056779e-15

Mean energy: -7.49792871e+00
Block size    # of blocks        Mean                Error
     1           5000       -7.49792871e+00       7.725701e-04
     2           2500       -7.49792871e+00       7.782789e-04
     5           1000       -7.49792871e+00       7.944549e-04
    10            500       -7.49792871e+00       7.866536e-04
    20            250       -7.49792871e+00       8.349122e-04
    50            100       -7.49792871e+00       8.550141e-04
    70             71       -7.49794241e+00       8.227256e-04
   100             50       -7.49792871e+00       7.687650e-04
   200             25       -7.49792871e+00       8.609094e-04
   500             10       -7.49792871e+00       1.042599e-03
0 0.0007782788925557624 0.0010425993035915475
Stocahstic error estimate: 7.782789e-04

step=63,E=-0.37489643562323516,dE=3.82768161545588e-05,err=3.891394462778812e-05,gmax=0.005766853940917915
	collect g,Hv time= 0.09457516670227051
	solver time=0.01724863052368164,exit status=0
niter= 27
pure_newton= True
	solver time=0.028523683547973633,exit status=0
niter= 21
	prob= 423.8746476869257
	burn in time= 0.4814167022705078
	sample time= 1.8476159572601318
	contraction err= 7.018235089792128e-16 4.165196163826384e-15

Mean energy: -7.49900738e+00
Block size    # of blocks        Mean                Error
     1           5000       -7.49900738e+00       4.769710e-04
     2           2500       -7.49900738e+00       4.799475e-04
     5           1000       -7.49900738e+00       4.810088e-04
    10            500       -7.49900738e+00       4.599468e-04
    20            250       -7.49900738e+00       4.532461e-04
    50            100       -7.49900738e+00       4.817850e-04
    70             71       -7.49898016e+00       4.775249e-04
   100             50       -7.49900738e+00       5.439945e-04
   200             25       -7.49900738e+00       5.574890e-04
   500             10       -7.49900738e+00       5.284314e-04
0 0.0004799474850524547 0.0005284313597285509
Stocahstic error estimate: 4.799475e-04

	predict=-0.0009692108763800964,actual=(-0.0010786704621681409, 0.0009143673348310296)
	g=0.023972186799268897,del=0.2515799762914389,dot=0.0019399886776328055,x=11.19801919292723
	prob= 423.8746476869257
	burn in time= 0.4468345642089844
	sample time= 2.7908518314361572
	contraction err= 6.616929591548343e-16 5.468243799465854e-15

Mean energy: -7.49761392e+00
Block size    # of blocks        Mean                Error
     1           5000       -7.49761392e+00       7.636419e-04
     2           2500       -7.49761392e+00       7.639815e-04
     5           1000       -7.49761392e+00       7.624999e-04
    10            500       -7.49761392e+00       7.612499e-04
    20            250       -7.49761392e+00       7.578957e-04
    50            100       -7.49761392e+00       7.104421e-04
    70             71       -7.49759103e+00       7.510758e-04
   100             50       -7.49761392e+00       7.074112e-04
   200             25       -7.49761392e+00       7.109467e-04
   500             10       -7.49761392e+00       6.328489e-04
0 0.0007639815139900619 0.000632848928591817
Stocahstic error estimate: 7.639815e-04

step=64,E=-0.3748806959885947,dE=1.5739634640477008e-05,err=3.8199075699503094e-05,gmax=0.023516323549758855
	collect g,Hv time= 0.11870384216308594
	solver time=0.01715707778930664,exit status=0
niter= 25
pure_newton= True
	solver time=0.03045201301574707,exit status=0
niter= 21
	prob= 626.7436738268998
	burn in time= 0.4658668041229248
	sample time= 1.8329205513000488
	contraction err= 6.600748485247744e-16 1.5351972986336449e-15

Mean energy: -7.50050928e+00
Block size    # of blocks        Mean                Error
     1           5000       -7.50050928e+00       3.442539e-04
     2           2500       -7.50050928e+00       3.469146e-04
     5           1000       -7.50050928e+00       3.528150e-04
    10            500       -7.50050928e+00       3.599431e-04
    20            250       -7.50050928e+00       3.523984e-04
    50            100       -7.50050928e+00       3.493830e-04
    70             71       -7.50050412e+00       3.307069e-04
   100             50       -7.50050928e+00       3.356880e-04
   200             25       -7.50050928e+00       3.261405e-04
   500             10       -7.50050928e+00       4.429566e-04
0 0.00034691458004519073 0.00044295662727613576
Stocahstic error estimate: 3.469146e-04

	predict=-0.0016275481055552073,actual=(-0.0028953648416356614, 0.0008390574947919113)
	g=0.07811256563478458,del=0.24832580172973687,dot=0.0032551794034356937,x=11.198019192927232
	prob= 626.7436738268998
	burn in time= 0.4620232582092285
	sample time= 2.7798502445220947
	contraction err= 6.372694774472228e-16 1.3971542227127748e-15

Mean energy: -7.50157924e+00
Block size    # of blocks        Mean                Error
     1           5000       -7.50157924e+00       1.189766e-04
     2           2500       -7.50157924e+00       1.201950e-04
     5           1000       -7.50157924e+00       1.254539e-04
    10            500       -7.50157924e+00       1.362796e-04
    20            250       -7.50157924e+00       1.530376e-04
    50            100       -7.50157924e+00       1.890816e-04
    70             71       -7.50159318e+00       2.056755e-04
   100             50       -7.50157924e+00       2.027327e-04
   200             25       -7.50157924e+00       2.112033e-04
   500             10       -7.50157924e+00       2.866933e-04
0 0.00012019502672596101 0.00028669330182224745
Stocahstic error estimate: 1.201950e-04

step=65,E=-0.37507896219684433,dE=-0.00019826620824967556,err=6.009751336298051e-06,gmax=0.016023257400085394
	collect g,Hv time= 0.1345076560974121
	solver time=0.017505168914794922,exit status=0
niter= 23
pure_newton= True
	solver time=0.027476787567138672,exit status=0
niter= 19
	prob= 625.5612049807285
	burn in time= 0.44183945655822754
	sample time= 1.8454463481903076
	contraction err= 6.651505921842818e-16 5.222091119351827e-15

Mean energy: -7.49948203e+00
Block size    # of blocks        Mean                Error
     1           5000       -7.49948203e+00       1.139293e-03
     2           2500       -7.49948203e+00       1.140086e-03
     5           1000       -7.49948203e+00       1.136663e-03
    10            500       -7.49948203e+00       1.137220e-03
    20            250       -7.49948203e+00       1.138287e-03
    50            100       -7.49948203e+00       1.125797e-03
    70             71       -7.49981574e+00       8.687386e-04
   100             50       -7.49948203e+00       1.246205e-03
   200             25       -7.49948203e+00       1.077617e-03
   500             10       -7.49948203e+00       1.906781e-03
0 0.0011400858687655106 0.001906780659187149
Stocahstic error estimate: 1.140086e-03

	predict=-0.001979116928446221,actual=(0.002097210740539701, 0.0011464042186805068)
	g=0.06486760939976265,del=0.16598548746364972,dot=0.004818531662186216,x=11.198019192927232
	prob= 627.8474903467669
	burn in time= 0.4271111488342285
	sample time= 2.782268524169922
	contraction err= 6.976346923899525e-16 1.4184169950147772e-14

Mean energy: -7.49733067e+00
Block size    # of blocks        Mean                Error
     1           5000       -7.49733067e+00       1.092443e-03
     2           2500       -7.49733067e+00       1.093077e-03
     5           1000       -7.49733067e+00       1.089694e-03
    10            500       -7.49733067e+00       1.087188e-03
    20            250       -7.49733067e+00       1.085823e-03
    50            100       -7.49733067e+00       1.079174e-03
    70             71       -7.49731328e+00       1.082449e-03
   100             50       -7.49733067e+00       1.067713e-03
   200             25       -7.49733067e+00       1.290724e-03
   500             10       -7.49733067e+00       1.683097e-03
0 0.0010930769663503172 0.0016830974574039703
Stocahstic error estimate: 1.093077e-03

step=66,E=-0.374866533533451,dE=0.0002124286633933714,err=5.4653848317515857e-05,gmax=0.010629104953199464
	collect g,Hv time= 0.11706399917602539
	solver time=0.015215635299682617,exit status=0
niter= 21
pure_newton= True
	solver time=0.017400741577148438,exit status=0
niter= 13
	prob= 994.4679071874343
	burn in time= 0.4540894031524658
	sample time= 1.8316457271575928
	contraction err= 7.400279187763197e-16 2.7253960363254054e-15

Mean energy: -7.50101331e+00
Block size    # of blocks        Mean                Error
     1           5000       -7.50101331e+00       2.900700e-04
     2           2500       -7.50101331e+00       2.913730e-04
     5           1000       -7.50101331e+00       2.896248e-04
    10            500       -7.50101331e+00       2.919652e-04
    20            250       -7.50101331e+00       3.010606e-04
    50            100       -7.50101331e+00       3.038536e-04
    70             71       -7.50099584e+00       3.003962e-04
   100             50       -7.50101331e+00       2.995119e-04
   200             25       -7.50101331e+00       3.069181e-04
   500             10       -7.50101331e+00       3.499414e-04
0 0.0002913729811653405 0.00034994140361493535
Stocahstic error estimate: 2.913730e-04

	predict=-0.002035490732498653,actual=(-0.0036826428873020234, 0.0011312450965722638)
	g=0.03641856266085298,del=0.296022868072948,dot=0.004070999545106246,x=11.198019192927232
	prob= 994.4679071874343
	burn in time= 0.4265155792236328
	sample time= 2.779292106628418
	contraction err= 6.826339989569794e-16 4.1364428149588776e-15

Mean energy: -7.50043223e+00
Block size    # of blocks        Mean                Error
     1           5000       -7.50043223e+00       5.079164e-04
     2           2500       -7.50043223e+00       5.074630e-04
     5           1000       -7.50043223e+00       5.077886e-04
    10            500       -7.50043223e+00       5.090292e-04
    20            250       -7.50043223e+00       5.079821e-04
    50            100       -7.50043223e+00       5.236509e-04
    70             71       -7.50043852e+00       5.241337e-04
   100             50       -7.50043223e+00       5.285219e-04
   200             25       -7.50043223e+00       4.961815e-04
   500             10       -7.50043223e+00       4.431085e-04
0 0.0005079164495309752 0.0004431084500219818
Stocahstic error estimate: 5.079164e-04

step=67,E=-0.37502161130280004,dE=-0.0001550777693490435,err=2.539582247654876e-05,gmax=0.011013546789201717
	collect g,Hv time= 0.13200736045837402
	solver time=0.014775514602661133,exit status=0
niter= 20
pure_newton= True
	solver time=0.021320819854736328,exit status=0
niter= 15
	prob= 1572.2377439611398
	burn in time= 0.44811153411865234
	sample time= 1.8388118743896484
	contraction err= 6.843737055030999e-16 6.806170510770744e-15

Mean energy: -7.50060376e+00
Block size    # of blocks        Mean                Error
     1           5000       -7.50060376e+00       3.102911e-04
     2           2500       -7.50060376e+00       3.123911e-04
     5           1000       -7.50060376e+00       3.112708e-04
    10            500       -7.50060376e+00       3.134840e-04
    20            250       -7.50060376e+00       3.178448e-04
    50            100       -7.50060376e+00       3.163106e-04
    70             71       -7.50060046e+00       3.244661e-04
   100             50       -7.50060376e+00       2.847617e-04
   200             25       -7.50060376e+00       2.966708e-04
   500             10       -7.50060376e+00       2.923056e-04
0 0.00031239111171317086 0.00029230564500323266
Stocahstic error estimate: 3.123911e-04

	predict=-0.0004153956671123629,actual=(-0.0001715299274067661, 0.0005962946640559032)
	g=0.02190056507459209,del=0.30731157052544206,dot=0.0008299030702824243,x=11.198019192927232
	prob= 1572.2377439611398
	burn in time= 0.4277794361114502
	sample time= 2.7875828742980957
	contraction err= 6.605370539177177e-16 1.43160935307717e-15

Mean energy: -7.50038876e+00
Block size    # of blocks        Mean                Error
     1           5000       -7.50038876e+00       3.493641e-05
     2           2500       -7.50038876e+00       3.576496e-05
     5           1000       -7.50038876e+00       3.777758e-05
    10            500       -7.50038876e+00       3.991345e-05
    20            250       -7.50038876e+00       4.230069e-05
    50            100       -7.50038876e+00       4.662466e-05
    70             71       -7.50039142e+00       5.128439e-05
   100             50       -7.50038876e+00       5.429416e-05
   200             25       -7.50038876e+00       3.981082e-05
   500             10       -7.50038876e+00       5.832965e-05
0 3.576496320973737e-05 5.832965245394e-05
Stocahstic error estimate: 3.576496e-05

step=68,E=-0.37501943780845903,dE=2.1734943409956743e-06,err=1.7882481604868685e-06,gmax=0.0006743343451094397
	collect g,Hv time= 0.14275193214416504
	solver time=0.019063711166381836,exit status=0
niter= 25
pure_newton= True
	solver time=0.01851511001586914,exit status=0
niter= 13
	prob= 2304.294055624448
	burn in time= 0.4493105411529541
	sample time= 1.8241918087005615
	contraction err= 6.66953636700637e-16 1.3389876931430162e-15

Mean energy: -7.50037289e+00
Block size    # of blocks        Mean                Error
     1           5000       -7.50037289e+00       3.525101e-05
     2           2500       -7.50037289e+00       3.599253e-05
     5           1000       -7.50037289e+00       3.795326e-05
    10            500       -7.50037289e+00       4.087050e-05
    20            250       -7.50037289e+00       4.499735e-05
    50            100       -7.50037289e+00       5.577724e-05
    70             71       -7.50037000e+00       5.449540e-05
   100             50       -7.50037289e+00       5.821732e-05
   200             25       -7.50037289e+00       3.859211e-05
   500             10       -7.50037289e+00       3.051747e-05
0 3.5992532984271684e-05 3.0517467246635117e-05
Stocahstic error estimate: 3.599253e-05

	predict=-7.145402404393333e-05,actual=(1.5862741974181915e-05, 5.074046732163346e-05)
	g=0.003079106127416451,del=0.007551206090157421,dot=6.776272746187068e-06,x=11.198019192927232
	prob= 1571.921549301405
	burn in time= 0.4399089813232422
	sample time= 2.7743663787841797
	contraction err= 7.099279451203648e-16 1.6008732770615325e-15

Mean energy: -7.50022521e+00
Block size    # of blocks        Mean                Error
     1           5000       -7.50022521e+00       2.332330e-05
     2           2500       -7.50022521e+00       2.402957e-05
     5           1000       -7.50022521e+00       2.572744e-05
    10            500       -7.50022521e+00       2.824727e-05
    20            250       -7.50022521e+00       3.339406e-05
    50            100       -7.50022521e+00       4.140548e-05
    70             71       -7.50023032e+00       4.594151e-05
   100             50       -7.50022521e+00       4.859051e-05
   200             25       -7.50022521e+00       2.664750e-05
   500             10       -7.50022521e+00       2.524688e-05
0 2.4029570504867784e-05 2.524688225333744e-05
Stocahstic error estimate: 2.402957e-05

step=69,E=-0.37501126049582545,dE=8.177312633605993e-06,err=1.2014785252433892e-06,gmax=0.024071217696695957
	collect g,Hv time= 0.15526461601257324
	solver time=0.017657756805419922,exit status=0
niter= 22
pure_newton= True
	solver time=0.036977529525756836,exit status=0
niter= 23
	prob= 2572.5145778402175
	burn in time= 0.4579029083251953
	sample time= 1.8303322792053223
	contraction err= 7.27670253086084e-16 4.827630373087844e-15

Mean energy: -7.49448695e+00
Block size    # of blocks        Mean                Error
     1           5000       -7.49448695e+00       1.659114e-03
     2           2500       -7.49448695e+00       1.657449e-03
     5           1000       -7.49448695e+00       1.650445e-03
    10            500       -7.49448695e+00       1.641870e-03
    20            250       -7.49448695e+00       1.626196e-03
    50            100       -7.49448695e+00       1.601468e-03
    70             71       -7.49444668e+00       1.574948e-03
   100             50       -7.49448695e+00       1.504571e-03
   200             25       -7.49448695e+00       1.933930e-03
   500             10       -7.49448695e+00       2.584055e-03
0 0.0016591138480610483 0.002584054663385132
Stocahstic error estimate: 1.659114e-03

	predict=-0.0002841543843959476,actual=(0.005738263814150102, 0.001659287853594604)
	g=0.0897703690229174,del=0.2836104354733646,dot=0.014016173933941495,x=11.198019192927232
