block_dict= [(0, 422400)]
sizes= [422400]
SIZE= 640
Lx,Ly= 10 8
D= 8
rate= 0.1 0.5
cond= 0.001 0.001

nparam= 422400
	log prob= -16.133811746826645
	burn in time= 27.704118728637695
	sample time= 252.44237780570984
	contraction err= 0.009262874777768697 1.2774624928912925

Mean energy: -3.84276832e+01
Block size    # of blocks        Mean                Error
     1           20000       -3.84276832e+01       3.305619e-03
     2           10000       -3.84276832e+01       3.321045e-03
     5           4000       -3.84276832e+01       3.282228e-03
    10           2000       -3.84276832e+01       3.254162e-03
    20           1000       -3.84276832e+01       3.261970e-03
    50            400       -3.84276832e+01       3.434015e-03
    70            285       -3.84277813e+01       3.234828e-03
   100            200       -3.84276832e+01       3.482812e-03
   200            100       -3.84276832e+01       3.401357e-03
   500             40       -3.84276832e+01       3.349913e-03
Stocahstic error estimate: 3.321045e-03

step=20,E=-0.4803460397126146,dE=0.0,err=4.151306667063492e-05,gmax=0.1245248383303812
	collect g,Hv time= 0.24190855026245117
	solver time=5.357260704040527,exit status=0
niter= 37
pure_newton= False
	solver time=53.190011739730835,exit status=0
niter= 185
	log prob= -16.668956887048925
	burn in time= 22.883946418762207
	sample time= 502.3487720489502
	contraction err= 0.009382091192685781 0.38178457837984947

Mean energy: -3.85114070e+01
Block size    # of blocks        Mean                Error
     1           20000       -3.85114070e+01       2.719477e-03
     2           10000       -3.85114070e+01       2.724796e-03
     5           4000       -3.85114070e+01       2.701639e-03
    10           2000       -3.85114070e+01       2.733901e-03
    20           1000       -3.85114070e+01       2.716186e-03
    50            400       -3.85114070e+01       2.763813e-03
    70            285       -3.85114225e+01       2.700814e-03
   100            200       -3.85114070e+01       2.754242e-03
   200            100       -3.85114070e+01       3.138618e-03
   500             40       -3.85114070e+01       3.060940e-03
Stocahstic error estimate: 2.724796e-03

	predict=-0.03306850111664025,actual=(array([-0.08372386]), array([0.0027248]))
	g=0.6763075661975433,del=0.8917794326259401,dot=0.06610605673326406,x=29.527466695401166

nparam= 422400
	log prob= -16.668956887048925
	burn in time= 28.04115629196167
	sample time= 256.0858404636383
	contraction err= 0.00947303222109359 0.32007490707801683

Mean energy: -3.85161476e+01
Block size    # of blocks        Mean                Error
     1           20000       -3.85161476e+01       3.021146e-03
     2           10000       -3.85161476e+01       3.037622e-03
     5           4000       -3.85161476e+01       3.022862e-03
    10           2000       -3.85161476e+01       3.034813e-03
    20           1000       -3.85161476e+01       2.954149e-03
    50            400       -3.85161476e+01       2.904831e-03
    70            285       -3.85160894e+01       3.010746e-03
   100            200       -3.85161476e+01       2.923725e-03
   200            100       -3.85161476e+01       2.938930e-03
   500             40       -3.85161476e+01       2.566818e-03
Stocahstic error estimate: 3.037622e-03

step=21,E=-0.4814518451905617,dE=-0.001105805477947186,err=3.79702793649321e-05,gmax=0.0964315591531526
	collect g,Hv time= 0.23999953269958496
	solver time=6.170491456985474,exit status=0
niter= 43
pure_newton= False
	solver time=44.64687514305115,exit status=0
niter= 157
	log prob= -17.237921038946663
	burn in time= 30.835596561431885
	sample time= 507.7433269023895
	contraction err= 0.00995004344855604 0.43855482225933545

Mean energy: -3.85820871e+01
Block size    # of blocks        Mean                Error
     1           20000       -3.85820871e+01       2.576768e-03
     2           10000       -3.85820871e+01       2.587182e-03
     5           4000       -3.85820871e+01       2.608392e-03
    10           2000       -3.85820871e+01       2.602826e-03
    20           1000       -3.85820871e+01       2.593922e-03
    50            400       -3.85820871e+01       2.549410e-03
    70            285       -3.85820639e+01       2.312050e-03
   100            200       -3.85820871e+01       2.357193e-03
   200            100       -3.85820871e+01       2.503691e-03
   500             40       -3.85820871e+01       2.752764e-03
Stocahstic error estimate: 2.587182e-03

	predict=-0.025068493343261132,actual=(array([-0.06593948]), array([0.00258718]))
	g=0.5345082732748947,del=0.8462358173023722,dot=0.05011119075893485,x=29.527466695401166

nparam= 422400
	log prob= -17.237921038946663
	burn in time= 27.520419120788574
	sample time= 257.1515393257141
	contraction err= 0.009965128535081713 0.32950684369349414

Mean energy: -3.85767604e+01
Block size    # of blocks        Mean                Error
     1           20000       -3.85767604e+01       2.538254e-03
     2           10000       -3.85767604e+01       2.538224e-03
     5           4000       -3.85767604e+01       2.547612e-03
    10           2000       -3.85767604e+01       2.519043e-03
    20           1000       -3.85767604e+01       2.601318e-03
    50            400       -3.85767604e+01       2.496569e-03
    70            285       -3.85768971e+01       2.483995e-03
   100            200       -3.85767604e+01       2.585662e-03
   200            100       -3.85767604e+01       2.683739e-03
   500             40       -3.85767604e+01       2.559243e-03
Stocahstic error estimate: 2.538254e-03

step=22,E=-0.4822095048325575,dE=-0.0007576596419957227,err=3.172817781749242e-05,gmax=0.034011187210339244
	collect g,Hv time= 0.23520135879516602
	solver time=6.448617219924927,exit status=0
niter= 45
pure_newton= False
	solver time=70.99388790130615,exit status=0
niter= 250
	log prob= -17.838641058548532
	burn in time= 26.041423797607422
	sample time= 510.89464926719666
	contraction err= 0.01046239543969684 0.41985516478798257

Mean energy: -3.86332926e+01
Block size    # of blocks        Mean                Error
     1           20000       -3.86332926e+01       2.398253e-03
     2           10000       -3.86332926e+01       2.406956e-03
     5           4000       -3.86332926e+01       2.409730e-03
    10           2000       -3.86332926e+01       2.386594e-03
    20           1000       -3.86332926e+01       2.363902e-03
    50            400       -3.86332926e+01       2.365545e-03
    70            285       -3.86331895e+01       2.342706e-03
   100            200       -3.86332926e+01       2.405299e-03
   200            100       -3.86332926e+01       2.599444e-03
   500             40       -3.86332926e+01       3.280532e-03
Stocahstic error estimate: 2.406956e-03

	predict=-0.017418345461240346,actual=(array([-0.0565322]), array([0.00240696]))
	g=0.31235094850626743,del=0.8145579875121606,dot=0.03482717524137874,x=29.52746669540122

nparam= 422400
	log prob= -17.838641058548532
	burn in time= 24.072574138641357
	sample time= 259.6327278614044
	contraction err= 0.010482132178470608 0.3746482856023391

Mean energy: -3.86218727e+01
Block size    # of blocks        Mean                Error
     1           20000       -3.86218727e+01       2.423179e-03
     2           10000       -3.86218727e+01       2.426713e-03
     5           4000       -3.86218727e+01       2.455191e-03
    10           2000       -3.86218727e+01       2.544443e-03
    20           1000       -3.86218727e+01       2.573797e-03
    50            400       -3.86218727e+01       2.715265e-03
    70            285       -3.86218887e+01       2.714791e-03
   100            200       -3.86218727e+01       2.762873e-03
   200            100       -3.86218727e+01       3.088578e-03
   500             40       -3.86218727e+01       3.412749e-03
Stocahstic error estimate: 2.426713e-03

step=23,E=-0.48277340845948646,dE=-0.0005639036269290187,err=3.0333915479008257e-05,gmax=0.032059614994381036
	collect g,Hv time= 0.2365403175354004
	solver time=6.7916364669799805,exit status=0
niter= 47
pure_newton= False
	solver time=89.07925152778625,exit status=0
niter= 312
	log prob= -18.376939181631933
	burn in time= 27.683133840560913
	sample time= 513.661689043045
	contraction err= 0.011513755497267486 0.594822926964118

Mean energy: -3.86532321e+01
Block size    # of blocks        Mean                Error
     1           20000       -3.86532321e+01       2.236047e-03
     2           10000       -3.86532321e+01       2.236057e-03
     5           4000       -3.86532321e+01       2.263682e-03
    10           2000       -3.86532321e+01       2.246036e-03
    20           1000       -3.86532321e+01       2.215232e-03
    50            400       -3.86532321e+01       2.232537e-03
    70            285       -3.86533484e+01       2.172268e-03
   100            200       -3.86532321e+01       2.288071e-03
   200            100       -3.86532321e+01       2.505554e-03
   500             40       -3.86532321e+01       2.391817e-03
Stocahstic error estimate: 2.236057e-03

	predict=-0.01388536378697894,actual=(array([-0.03135944]), array([0.00223606]))
	g=0.27488105046927813,del=0.8250166593784287,dot=0.02775761135647403,x=29.52746669540115

nparam= 422400
	log prob= -18.376939181631933
	burn in time= 31.811818838119507
	sample time= 261.92823791503906
	contraction err= 0.011515133403609752 0.906840357927125

Mean energy: -3.86613172e+01
Block size    # of blocks        Mean                Error
     1           20000       -3.86613172e+01       2.305969e-03
     2           10000       -3.86613172e+01       2.287509e-03
     5           4000       -3.86613172e+01       2.278831e-03
    10           2000       -3.86613172e+01       2.263137e-03
    20           1000       -3.86613172e+01       2.314805e-03
    50            400       -3.86613172e+01       2.319238e-03
    70            285       -3.86611356e+01       2.407524e-03
   100            200       -3.86613172e+01       2.367924e-03
   200            100       -3.86613172e+01       2.258571e-03
   500             40       -3.86613172e+01       1.764713e-03
Stocahstic error estimate: 2.305969e-03

step=24,E=-0.4832664645954862,dE=-0.0004930561359997477,err=2.8824615793696752e-05,gmax=0.02948226805294496
	collect g,Hv time= 0.23360586166381836
	solver time=6.589311361312866,exit status=0
niter= 46
pure_newton= False
	solver time=157.26374340057373,exit status=0
niter= 556
	log prob= -18.92484345565688
	burn in time= 31.3269624710083
	sample time= 516.2777576446533
	contraction err= 0.012193462538607168 4.87000749463738

Mean energy: -3.86842159e+01
Block size    # of blocks        Mean                Error
     1           20000       -3.86842159e+01       3.004766e-03
     2           10000       -3.86842159e+01       2.985144e-03
     5           4000       -3.86842159e+01       2.972677e-03
    10           2000       -3.86842159e+01       2.964117e-03
    20           1000       -3.86842159e+01       2.971070e-03
    50            400       -3.86842159e+01       2.977888e-03
    70            285       -3.86842983e+01       3.106862e-03
   100            200       -3.86842159e+01       3.138310e-03
   200            100       -3.86842159e+01       3.510608e-03
   500             40       -3.86842159e+01       3.975257e-03
Stocahstic error estimate: 3.004766e-03

	predict=-0.012294592529117217,actual=(array([-0.02289874]), array([0.00300477]))
	g=0.248515369100695,del=0.9389354703882323,dot=0.02459009810056971,x=29.527466695401223

nparam= 422400
	log prob= -18.92484345565688
	burn in time= 23.655670881271362
	sample time= 261.60113310813904
	contraction err= 0.011684398337625388 0.3407848158145503

Mean energy: -3.86818510e+01
Block size    # of blocks        Mean                Error
     1           20000       -3.86818510e+01       2.182127e-03
     2           10000       -3.86818510e+01       2.194949e-03
     5           4000       -3.86818510e+01       2.203718e-03
    10           2000       -3.86818510e+01       2.190969e-03
    20           1000       -3.86818510e+01       2.151007e-03
    50            400       -3.86818510e+01       2.225808e-03
    70            285       -3.86818747e+01       2.051409e-03
   100            200       -3.86818510e+01       2.123458e-03
   200            100       -3.86818510e+01       1.681812e-03
   500             40       -3.86818510e+01       1.908891e-03
Stocahstic error estimate: 2.194949e-03

step=25,E=-0.4835231372219605,dE=-0.0002566726264742414,err=2.7436860235855076e-05,gmax=0.04105636816983382
	collect g,Hv time= 0.2292041778564453
	solver time=6.576342821121216,exit status=0
niter= 46
pure_newton= False
	solver time=87.97699117660522,exit status=0
niter= 312
	log prob= -19.45845743590579
	burn in time= 26.484021186828613
	sample time= 517.3929359912872
	contraction err= 0.013198691642632716 0.916578467686791

Mean energy: -3.87046731e+01
Block size    # of blocks        Mean                Error
     1           20000       -3.87046731e+01       2.237983e-03
     2           10000       -3.87046731e+01       2.223324e-03
     5           4000       -3.87046731e+01       2.230420e-03
    10           2000       -3.87046731e+01       2.231089e-03
    20           1000       -3.87046731e+01       2.303300e-03
    50            400       -3.87046731e+01       2.271473e-03
    70            285       -3.87046432e+01       2.236501e-03
   100            200       -3.87046731e+01       2.381975e-03
   200            100       -3.87046731e+01       2.543391e-03
   500             40       -3.87046731e+01       2.758889e-03
Stocahstic error estimate: 2.237983e-03

	predict=-0.00958900020444681,actual=(array([-0.02282213]), array([0.00223798]))
	g=0.23051689697018485,del=0.9849058372075882,dot=0.019157249787512452,x=29.52746669540122

nparam= 422400
	log prob= -19.45845743590579
	burn in time= 25.405558824539185
	sample time= 263.2389748096466
	contraction err= 0.01280610949198054 0.6108269746213086

Mean energy: -3.87039971e+01
Block size    # of blocks        Mean                Error
     1           20000       -3.87039971e+01       2.433367e-03
     2           10000       -3.87039971e+01       2.423590e-03
     5           4000       -3.87039971e+01       2.465757e-03
    10           2000       -3.87039971e+01       2.477776e-03
    20           1000       -3.87039971e+01       2.548999e-03
    50            400       -3.87039971e+01       2.557144e-03
    70            285       -3.87039984e+01       2.744878e-03
   100            200       -3.87039971e+01       2.693542e-03
   200            100       -3.87039971e+01       2.868773e-03
   500             40       -3.87039971e+01       2.947195e-03
Stocahstic error estimate: 2.433367e-03

step=26,E=-0.4837999642306097,dE=-0.0002768270086492386,err=3.0417086496482154e-05,gmax=0.053844243225577904
	collect g,Hv time= 0.22906947135925293
	solver time=6.004861831665039,exit status=0
niter= 42
pure_newton= False
	solver time=84.00575709342957,exit status=0
niter= 298
	log prob= -19.888094008527545
	burn in time= 27.599900245666504
RANK=42,cx=-2.4882228974188296e-08,ex=-3125.1738662824396
RANK=42,cx=-2.4882228974188296e-08,ex=-3125.1738662824396
RANK=42,cx=-2.4882228974188296e-08,ex=-3125.1738662824396
	sample time= 518.2939438819885
	contraction err= 0.013295466017157673 1.0573345045476665

Mean energy: -3.87158704e+01
Block size    # of blocks        Mean                Error
     1           20000       -3.87158704e+01       4.931265e-03
     2           10000       -3.87158704e+01       4.937706e-03
     5           4000       -3.87158704e+01       4.933176e-03
    10           2000       -3.87158704e+01       4.911992e-03
    20           1000       -3.87158704e+01       4.860295e-03
    50            400       -3.87158704e+01       4.902204e-03
    70            285       -3.87159399e+01       4.917961e-03
   100            200       -3.87158704e+01       4.899455e-03
   200            100       -3.87158704e+01       5.952458e-03
   500             40       -3.87158704e+01       7.180176e-03
Stocahstic error estimate: 4.937706e-03

	predict=-0.011715954800268229,actual=(array([-0.01187328]), array([0.00493771]))
	g=0.272833103167461,del=0.7716425235554584,dot=0.023408812265340452,x=29.52746669540119

nparam= 422400
	log prob= -19.888094008527545
	burn in time= 30.849592924118042
	sample time= 264.1322274208069
	contraction err= 0.013534973772103158 0.7595229800558446

Mean energy: -3.87133815e+01
Block size    # of blocks        Mean                Error
     1           20000       -3.87133815e+01       2.534958e-03
     2           10000       -3.87133815e+01       2.532414e-03
     5           4000       -3.87133815e+01       2.513511e-03
    10           2000       -3.87133815e+01       2.491266e-03
    20           1000       -3.87133815e+01       2.536161e-03
    50            400       -3.87133815e+01       2.541180e-03
    70            285       -3.87132270e+01       2.452885e-03
   100            200       -3.87133815e+01       2.493187e-03
   200            100       -3.87133815e+01       2.713448e-03
   500             40       -3.87133815e+01       2.288338e-03
Stocahstic error estimate: 2.534958e-03

step=27,E=-0.4839172687309783,dE=-0.00011730450036857576,err=3.1686971630343675e-05,gmax=0.06147823754322229
	collect g,Hv time= 0.22676920890808105
	solver time=6.4339680671691895,exit status=0
niter= 45
pure_newton= False
	solver time=70.35823822021484,exit status=0
niter= 250
	log prob= -20.323019820030936
	burn in time= 26.41509437561035
	sample time= 519.8981404304504
	contraction err= 0.014236387522066761 1.1829784282884965

Mean energy: -3.87273701e+01
Block size    # of blocks        Mean                Error
     1           20000       -3.87273701e+01       2.419747e-03
     2           10000       -3.87273701e+01       2.422568e-03
     5           4000       -3.87273701e+01       2.391649e-03
    10           2000       -3.87273701e+01       2.419310e-03
    20           1000       -3.87273701e+01       2.396430e-03
    50            400       -3.87273701e+01       2.430980e-03
    70            285       -3.87274578e+01       2.512139e-03
   100            200       -3.87273701e+01       2.529604e-03
   200            100       -3.87273701e+01       3.040442e-03
   500             40       -3.87273701e+01       3.627709e-03
Stocahstic error estimate: 2.422568e-03

	predict=-0.010061348310671637,actual=(array([-0.01398857]), array([0.00242257]))
	g=0.24963953478937495,del=0.7883536383879769,dot=0.020111796512113415,x=29.5274666954012

nparam= 422400
	log prob= -20.323019820030936
	burn in time= 24.83997631072998
	sample time= 265.18494963645935
	contraction err= 0.014067679742399156 0.4578342711605794

Mean energy: -3.87332081e+01
Block size    # of blocks        Mean                Error
     1           20000       -3.87332081e+01       2.113931e-03
     2           10000       -3.87332081e+01       2.110485e-03
     5           4000       -3.87332081e+01       2.147511e-03
    10           2000       -3.87332081e+01       2.120929e-03
    20           1000       -3.87332081e+01       2.114560e-03
    50            400       -3.87332081e+01       2.056693e-03
    70            285       -3.87331922e+01       2.085309e-03
   100            200       -3.87332081e+01       2.119662e-03
   200            100       -3.87332081e+01       2.220640e-03
   500             40       -3.87332081e+01       2.578858e-03
Stocahstic error estimate: 2.113931e-03

step=28,E=-0.48416510150543673,dE=-0.0002478327744584341,err=2.642413753788582e-05,gmax=0.02750984004746959
	collect g,Hv time= 0.22741103172302246
	solver time=6.43896484375,exit status=0
niter= 45
pure_newton= False
	solver time=84.93405365943909,exit status=0
niter= 300
	log prob= -20.74291313694542
	burn in time= 27.066121578216553
	sample time= 522.0664348602295
	contraction err= 0.014619471652020403 0.6597942621294778

Mean energy: -3.87385807e+01
Block size    # of blocks        Mean                Error
     1           20000       -3.87385807e+01       2.500636e-03
     2           10000       -3.87385807e+01       2.483447e-03
     5           4000       -3.87385807e+01       2.501179e-03
    10           2000       -3.87385807e+01       2.484411e-03
    20           1000       -3.87385807e+01       2.480190e-03
    50            400       -3.87385807e+01       2.468370e-03
    70            285       -3.87385790e+01       2.435559e-03
   100            200       -3.87385807e+01       2.565699e-03
   200            100       -3.87385807e+01       3.148078e-03
   500             40       -3.87385807e+01       3.535702e-03
Stocahstic error estimate: 2.500636e-03

	predict=-0.007786907965502722,actual=(array([-0.00537257]), array([0.00250064]))
	g=0.18244070058109604,del=1.0102195347511886,dot=0.015538819767717633,x=29.527466695401213

nparam= 422400
	log prob= -20.74291313694542
	burn in time= 24.150415658950806
	sample time= 264.988646030426
	contraction err= 0.014453710283430536 0.34390440775000053

Mean energy: -3.87383994e+01
Block size    # of blocks        Mean                Error
     1           20000       -3.87383994e+01       2.304744e-03
     2           10000       -3.87383994e+01       2.293418e-03
     5           4000       -3.87383994e+01       2.229169e-03
    10           2000       -3.87383994e+01       2.158414e-03
    20           1000       -3.87383994e+01       2.225648e-03
    50            400       -3.87383994e+01       2.150075e-03
    70            285       -3.87383443e+01       2.177764e-03
   100            200       -3.87383994e+01       2.286622e-03
   200            100       -3.87383994e+01       2.420589e-03
   500             40       -3.87383994e+01       2.743696e-03
Stocahstic error estimate: 2.304744e-03

step=29,E=-0.4842299927654315,dE=-6.489125999475931e-05,err=2.880929734400743e-05,gmax=0.07036010110433771
	collect g,Hv time= 0.23170971870422363
	solver time=6.446918487548828,exit status=0
niter= 45
pure_newton= False
	solver time=880.9839859008789,exit status=100
niter= 3101
	log prob= -21.039268689817387
	burn in time= 26.278287410736084
	sample time= 520.4925787448883
	contraction err= 0.015362187291602485 0.37053982181368406

Mean energy: -3.87444352e+01
Block size    # of blocks        Mean                Error
     1           20000       -3.87444352e+01       2.474399e-03
     2           10000       -3.87444352e+01       2.454192e-03
     5           4000       -3.87444352e+01       2.418663e-03
    10           2000       -3.87444352e+01       2.426979e-03
    20           1000       -3.87444352e+01       2.459551e-03
    50            400       -3.87444352e+01       2.253307e-03
    70            285       -3.87443187e+01       2.309701e-03
   100            200       -3.87444352e+01       2.223617e-03
   200            100       -3.87444352e+01       2.489534e-03
   500             40       -3.87444352e+01       3.019077e-03
Stocahstic error estimate: 2.474399e-03

	predict=-0.008958273729387772,actual=(array([-0.0060358]), array([0.0024744]))
	g=0.24567588591629752,del=1.017151740256694,dot=0.017802580017697887,x=29.527466695401216

nparam= 422400
	log prob= -21.039268689817387
	burn in time= 25.992213010787964
	sample time= 265.8707525730133
	contraction err= 0.015345328176024768 0.7303004833657669

Mean energy: -3.87338404e+01
Block size    # of blocks        Mean                Error
     1           20000       -3.87338404e+01       2.765955e-03
     2           10000       -3.87338404e+01       2.754862e-03
     5           4000       -3.87338404e+01       2.737406e-03
    10           2000       -3.87338404e+01       2.742116e-03
    20           1000       -3.87338404e+01       2.731008e-03
    50            400       -3.87338404e+01       2.716341e-03
    70            285       -3.87337154e+01       2.748263e-03
   100            200       -3.87338404e+01       2.756042e-03
   200            100       -3.87338404e+01       2.644369e-03
   500             40       -3.87338404e+01       2.165392e-03
Stocahstic error estimate: 2.765955e-03

step=30,E=-0.4841730052457615,dE=5.698751966995985e-05,err=3.4574441472365796e-05,gmax=0.0879629377131117
	collect g,Hv time= 0.23240971565246582
	solver time=3.82340145111084,exit status=0
niter= 27
pure_newton= False
	solver time=880.7716934680939,exit status=100
niter= 3101
	log prob= -21.414405488741536
	burn in time= 25.147539854049683
	sample time= 523.3973984718323
	contraction err= 0.016202565005281267 0.7142926159744892

Mean energy: -3.87515453e+01
Block size    # of blocks        Mean                Error
     1           20000       -3.87515453e+01       2.261172e-03
     2           10000       -3.87515453e+01       2.275719e-03
     5           4000       -3.87515453e+01       2.277180e-03
    10           2000       -3.87515453e+01       2.280933e-03
    20           1000       -3.87515453e+01       2.263137e-03
    50            400       -3.87515453e+01       2.380220e-03
    70            285       -3.87515469e+01       2.458969e-03
   100            200       -3.87515453e+01       2.522883e-03
   200            100       -3.87515453e+01       3.040673e-03
   500             40       -3.87515453e+01       3.423502e-03
Stocahstic error estimate: 2.275719e-03

	predict=-0.011835343453095797,actual=(array([-0.01770491]), array([0.00227572]))
	g=0.3281230086760599,del=0.8408766912353107,dot=0.023644387759432194,x=29.527466695401234

nparam= 422400
	log prob= -21.414405488741536
	burn in time= 27.42308473587036
	sample time= 266.57540822029114
	contraction err= 0.01640575199785893 2.6941534234331295

Mean energy: -3.87515003e+01
Block size    # of blocks        Mean                Error
     1           20000       -3.87515003e+01       2.445600e-03
     2           10000       -3.87515003e+01       2.441966e-03
     5           4000       -3.87515003e+01       2.490922e-03
    10           2000       -3.87515003e+01       2.457019e-03
    20           1000       -3.87515003e+01       2.492214e-03
    50            400       -3.87515003e+01       2.436267e-03
    70            285       -3.87513431e+01       2.539565e-03
   100            200       -3.87515003e+01       2.561009e-03
   200            100       -3.87515003e+01       2.653280e-03
   500             40       -3.87515003e+01       2.383236e-03
Stocahstic error estimate: 2.445600e-03

step=31,E=-0.48439375415735686,dE=-0.00022074891159533648,err=3.056999914236163e-05,gmax=0.042206496671742144
	collect g,Hv time= 0.23098063468933105
	solver time=6.457054853439331,exit status=0
niter= 45
pure_newton= False
	solver time=405.1411643028259,exit status=0
niter= 1428
	log prob= -21.670555701986906
	burn in time= 25.70615029335022
	sample time= 522.5311934947968
	contraction err= 0.016144701760008748 0.4603539508655814

Mean energy: -3.87587970e+01
Block size    # of blocks        Mean                Error
     1           20000       -3.87587970e+01       2.386095e-03
     2           10000       -3.87587970e+01       2.370318e-03
     5           4000       -3.87587970e+01       2.331198e-03
    10           2000       -3.87587970e+01       2.306646e-03
    20           1000       -3.87587970e+01       2.339883e-03
    50            400       -3.87587970e+01       2.465579e-03
    70            285       -3.87587114e+01       2.384659e-03
   100            200       -3.87587970e+01       2.544858e-03
   200            100       -3.87587970e+01       3.172139e-03
   500             40       -3.87587970e+01       3.837733e-03
Stocahstic error estimate: 2.386095e-03

	predict=-0.008387125463907647,actual=(array([-0.00729669]), array([0.0023861]))
	g=0.24155709510089882,del=0.8011193972409056,dot=0.016763096211712653,x=29.52746669540118

nparam= 422400
	log prob= -21.670555701986906
	burn in time= 33.22004437446594
	sample time= 265.9404752254486
	contraction err= 0.016923274084969357 8.14704922361817

Mean energy: -3.87588049e+01
Block size    # of blocks        Mean                Error
     1           20000       -3.87588049e+01       4.068396e-03
     2           10000       -3.87588049e+01       4.061526e-03
     5           4000       -3.87588049e+01       4.061435e-03
    10           2000       -3.87588049e+01       4.084235e-03
    20           1000       -3.87588049e+01       4.172896e-03
    50            400       -3.87588049e+01       4.114458e-03
    70            285       -3.87588566e+01       4.236146e-03
   100            200       -3.87588049e+01       4.364846e-03
   200            100       -3.87588049e+01       4.655207e-03
   500             40       -3.87588049e+01       4.409839e-03
Stocahstic error estimate: 4.068396e-03

step=32,E=-0.48448506132291147,dE=-9.130716555461049e-05,err=5.0854949324603456e-05,gmax=0.40159650964959637
	collect g,Hv time= 0.2298591136932373
	solver time=5.6929848194122314,exit status=0
niter= 40
pure_newton= False
	solver time=103.7048008441925,exit status=0
niter= 369
	log prob= -22.025615729105045
	burn in time= 26.75350308418274
	sample time= 522.7767426967621
	contraction err= 0.01654046304755122 0.7396443352180496

Mean energy: -3.87670247e+01
Block size    # of blocks        Mean                Error
     1           20000       -3.87670247e+01       1.953408e-03
     2           10000       -3.87670247e+01       1.933480e-03
     5           4000       -3.87670247e+01       1.918158e-03
    10           2000       -3.87670247e+01       1.887515e-03
    20           1000       -3.87670247e+01       1.881587e-03
    50            400       -3.87670247e+01       1.802114e-03
    70            285       -3.87670929e+01       1.809742e-03
   100            200       -3.87670247e+01       1.767150e-03
   200            100       -3.87670247e+01       1.824708e-03
   500             40       -3.87670247e+01       2.005355e-03
Stocahstic error estimate: 1.953408e-03

	predict=-0.012839662459369725,actual=(array([-0.00821975]), array([0.00195341]))
	g=1.2833320982020333,del=0.7081558424028925,dot=0.02569175896504142,x=29.527466695401216

nparam= 422400
	log prob= -22.025615729105045
	burn in time= 30.142622232437134
	sample time= 266.45269989967346
	contraction err= 0.016230575538418175 0.677865793868338

Mean energy: -3.87658816e+01
Block size    # of blocks        Mean                Error
     1           20000       -3.87658816e+01       2.014984e-03
     2           10000       -3.87658816e+01       2.010464e-03
     5           4000       -3.87658816e+01       2.008544e-03
    10           2000       -3.87658816e+01       1.994756e-03
    20           1000       -3.87658816e+01       2.019664e-03
    50            400       -3.87658816e+01       1.991127e-03
    70            285       -3.87661942e+01       2.125719e-03
   100            200       -3.87658816e+01       1.992610e-03
   200            100       -3.87658816e+01       2.041079e-03
   500             40       -3.87658816e+01       2.130098e-03
Stocahstic error estimate: 2.014984e-03

step=33,E=-0.48457351940030946,dE=-8.845807739801259e-05,err=2.5187299296540942e-05,gmax=0.017120415997368577
	collect g,Hv time= 0.22887921333312988
	solver time=6.407001256942749,exit status=0
niter= 45
pure_newton= False
	solver time=50.032697677612305,exit status=0
niter= 178
	log prob= -22.164895354038634
	burn in time= 25.931800842285156
	sample time= 522.8515293598175
	contraction err= 0.01655342703956586 0.816746383870359

Mean energy: -3.87741282e+01
Block size    # of blocks        Mean                Error
     1           20000       -3.87741282e+01       2.115424e-03
     2           10000       -3.87741282e+01       2.115207e-03
     5           4000       -3.87741282e+01       2.140579e-03
    10           2000       -3.87741282e+01       2.112733e-03
    20           1000       -3.87741282e+01       2.060172e-03
    50            400       -3.87741282e+01       2.146758e-03
    70            285       -3.87740376e+01       2.059407e-03
   100            200       -3.87741282e+01       2.196502e-03
   200            100       -3.87741282e+01       2.393524e-03
   500             40       -3.87741282e+01       3.044309e-03
Stocahstic error estimate: 2.115424e-03

	predict=-0.0057074837810070006,actual=(array([-0.00824663]), array([0.00211542]))
	g=0.15189888680637553,del=0.6400418753001214,dot=0.011401804264465841,x=29.527466695401237

nparam= 422400
	log prob= -22.164895354038634
	burn in time= 27.396971225738525
	sample time= 266.79316091537476
	contraction err= 0.016841532031437983 0.721430505413345

Mean energy: -3.87722742e+01
Block size    # of blocks        Mean                Error
     1           20000       -3.87722742e+01       2.042076e-03
     2           10000       -3.87722742e+01       2.041735e-03
     5           4000       -3.87722742e+01       2.069878e-03
    10           2000       -3.87722742e+01       2.072069e-03
    20           1000       -3.87722742e+01       2.035236e-03
    50            400       -3.87722742e+01       2.047380e-03
    70            285       -3.87723425e+01       1.959610e-03
   100            200       -3.87722742e+01       1.880661e-03
   200            100       -3.87722742e+01       1.950136e-03
   500             40       -3.87722742e+01       2.401477e-03
Stocahstic error estimate: 2.042076e-03

step=34,E=-0.4846534272651975,dE=-7.990786488800694e-05,err=2.552594930565339e-05,gmax=0.01512213228432202
	collect g,Hv time= 0.2274465560913086
	solver time=6.423338174819946,exit status=0
niter= 45
pure_newton= False
	solver time=874.3214011192322,exit status=100
niter= 3101
	log prob= -22.440358009594075
	burn in time= 27.164551734924316
	sample time= 523.3299190998077
	contraction err= 0.01705135154637845 0.7584012184981733

Mean energy: -3.87823591e+01
Block size    # of blocks        Mean                Error
     1           20000       -3.87823591e+01       2.074236e-03
     2           10000       -3.87823591e+01       2.057970e-03
     5           4000       -3.87823591e+01       2.035662e-03
    10           2000       -3.87823591e+01       2.030281e-03
    20           1000       -3.87823591e+01       2.014641e-03
    50            400       -3.87823591e+01       1.961366e-03
    70            285       -3.87823531e+01       1.980030e-03
   100            200       -3.87823591e+01       1.889620e-03
   200            100       -3.87823591e+01       2.140428e-03
   500             40       -3.87823591e+01       2.489745e-03
Stocahstic error estimate: 2.074236e-03

	predict=-0.006472067693320965,actual=(array([-0.01008487]), array([0.00207424]))
	g=0.13709066700983563,del=0.7010632138651058,dot=0.012758893292143393,x=29.527466695401177

nparam= 422400
	log prob= -22.440358009594075
	burn in time= 26.44116234779358
	sample time= 266.04412031173706
	contraction err= 0.01670274325890127 0.5608811562342472

Mean energy: -3.87804667e+01
Block size    # of blocks        Mean                Error
     1           20000       -3.87804667e+01       2.077615e-03
     2           10000       -3.87804667e+01       2.072358e-03
     5           4000       -3.87804667e+01       2.111744e-03
    10           2000       -3.87804667e+01       2.162133e-03
    20           1000       -3.87804667e+01       2.200744e-03
    50            400       -3.87804667e+01       2.195793e-03
    70            285       -3.87809143e+01       2.131585e-03
   100            200       -3.87804667e+01       2.235266e-03
   200            100       -3.87804667e+01       2.107872e-03
   500             40       -3.87804667e+01       2.438226e-03
Stocahstic error estimate: 2.077615e-03

step=35,E=-0.4847558333436554,dE=-0.00010240607845792837,err=2.597019168898412e-05,gmax=0.028235019394667882
	collect g,Hv time= 0.23225855827331543
	solver time=6.309022426605225,exit status=0
niter= 44
pure_newton= False
	solver time=56.79628300666809,exit status=0
niter= 202
	log prob= -22.65135194292386
	burn in time= 30.8022198677063
	sample time= 523.0045187473297
	contraction err= 0.01729988384922087 0.8461721244542532

Mean energy: -3.87794276e+01
Block size    # of blocks        Mean                Error
     1           20000       -3.87794276e+01       2.149548e-03
     2           10000       -3.87794276e+01       2.143731e-03
     5           4000       -3.87794276e+01       2.164034e-03
    10           2000       -3.87794276e+01       2.179700e-03
    20           1000       -3.87794276e+01       2.152068e-03
    50            400       -3.87794276e+01       2.069213e-03
    70            285       -3.87792449e+01       2.113128e-03
   100            200       -3.87794276e+01       2.118831e-03
   200            100       -3.87794276e+01       2.490561e-03
   500             40       -3.87794276e+01       2.850389e-03
Stocahstic error estimate: 2.149548e-03

	predict=-0.005911118202099032,actual=(array([0.00103906]), array([0.00214955]))
	g=0.14477628554451677,del=1.863877898614408,dot=0.07642795091411025,x=29.52746669540123

nparam= 422400
	log prob= -22.459485296381207
	burn in time= 27.5125834941864
	sample time= 266.16314697265625
	contraction err= 0.01699079236048318 0.7263547727245011

Mean energy: -3.87742573e+01
Block size    # of blocks        Mean                Error
     1           20000       -3.87742573e+01       2.412563e-03
     2           10000       -3.87742573e+01       2.420655e-03
     5           4000       -3.87742573e+01       2.404904e-03
    10           2000       -3.87742573e+01       2.333245e-03
    20           1000       -3.87742573e+01       2.293379e-03
    50            400       -3.87742573e+01       2.192831e-03
    70            285       -3.87742633e+01       2.262064e-03
   100            200       -3.87742573e+01       2.178719e-03
   200            100       -3.87742573e+01       2.106849e-03
   500             40       -3.87742573e+01       2.107184e-03
Stocahstic error estimate: 2.420655e-03

step=36,E=-0.4846782165791409,dE=7.761676451449873e-05,err=3.025818585017141e-05,gmax=0.03882655599701629
	collect g,Hv time= 0.23119258880615234
	solver time=6.443197011947632,exit status=0
niter= 45
pure_newton= False
	solver time=876.9002771377563,exit status=100
niter= 3101
	log prob= -22.735423208086917
	burn in time= 27.059261798858643
	sample time= 522.4459471702576
	contraction err= 0.017367853821476344 0.772694881669214

Mean energy: -3.87857726e+01
Block size    # of blocks        Mean                Error
     1           20000       -3.87857726e+01       2.122307e-03
     2           10000       -3.87857726e+01       2.125408e-03
     5           4000       -3.87857726e+01       2.119669e-03
    10           2000       -3.87857726e+01       2.109996e-03
    20           1000       -3.87857726e+01       2.114233e-03
    50            400       -3.87857726e+01       2.076038e-03
    70            285       -3.87857161e+01       2.141433e-03
   100            200       -3.87857726e+01       1.849763e-03
   200            100       -3.87857726e+01       2.078981e-03
   500             40       -3.87857726e+01       2.189646e-03
Stocahstic error estimate: 2.125408e-03

	predict=-0.00904117104444211,actual=(array([-0.01151526]), array([0.00212541]))
	g=0.27267774711805304,del=0.7467219489008378,dot=0.01800987591745763,x=29.5274666954012

nparam= 422400
	log prob= -22.735423208086917
	burn in time= 29.079345703125
	sample time= 267.0294814109802
	contraction err= 0.017140489270768385 0.5537155107984204

Mean energy: -3.87823472e+01
Block size    # of blocks        Mean                Error
     1           20000       -3.87823472e+01       1.919149e-03
     2           10000       -3.87823472e+01       1.931822e-03
     5           4000       -3.87823472e+01       1.917677e-03
    10           2000       -3.87823472e+01       1.948346e-03
    20           1000       -3.87823472e+01       1.971715e-03
    50            400       -3.87823472e+01       1.937541e-03
    70            285       -3.87823058e+01       1.924385e-03
   100            200       -3.87823472e+01       1.971475e-03
   200            100       -3.87823472e+01       1.956494e-03
   500             40       -3.87823472e+01       1.966367e-03
Stocahstic error estimate: 1.931822e-03

step=37,E=-0.48477933967811626,dE=-0.0001011230989753642,err=2.4147773324179684e-05,gmax=0.013444427365038258
	collect g,Hv time= 0.2287447452545166
	solver time=6.455199718475342,exit status=0
niter= 45
pure_newton= False
	solver time=879.4588997364044,exit status=100
niter= 3101
	log prob= -22.981283225291065
	burn in time= 28.82606291770935
	sample time= 522.9121417999268
	contraction err= 0.018174859311039 0.8509089835861828

Mean energy: -3.87695147e+01
Block size    # of blocks        Mean                Error
     1           20000       -3.87695147e+01       2.508551e-03
     2           10000       -3.87695147e+01       2.506109e-03
     5           4000       -3.87695147e+01       2.512202e-03
    10           2000       -3.87695147e+01       2.533025e-03
    20           1000       -3.87695147e+01       2.500998e-03
    50            400       -3.87695147e+01       2.352848e-03
    70            285       -3.87695113e+01       2.365982e-03
   100            200       -3.87695147e+01       2.484795e-03
   200            100       -3.87695147e+01       2.871828e-03
   500             40       -3.87695147e+01       3.590955e-03
Stocahstic error estimate: 2.508551e-03

	predict=-0.005259770636119427,actual=(array([0.01283244]), array([0.00250855]))
	g=0.13727919949500575,del=1.7983098673532056,dot=0.061162135686341365,x=29.527466695401184

nparam= 422400
	log prob= -22.753586599276968
	burn in time= 21.816569089889526
	sample time= 266.50214672088623
	contraction err= 0.017262691807206458 0.9160758699397612

Mean energy: -3.87840502e+01
Block size    # of blocks        Mean                Error
     1           20000       -3.87840502e+01       2.079014e-03
     2           10000       -3.87840502e+01       2.067730e-03
     5           4000       -3.87840502e+01       2.066033e-03
    10           2000       -3.87840502e+01       2.085305e-03
    20           1000       -3.87840502e+01       2.088914e-03
    50            400       -3.87840502e+01       2.012904e-03
    70            285       -3.87842396e+01       2.072344e-03
   100            200       -3.87840502e+01       1.999931e-03
   200            100       -3.87840502e+01       2.053491e-03
   500             40       -3.87840502e+01       2.197188e-03
Stocahstic error estimate: 2.079014e-03

step=38,E=-0.48480062699929255,dE=-2.128732117627763e-05,err=2.5987679519750703e-05,gmax=0.012698125482067724
	collect g,Hv time= 0.23037052154541016
	solver time=6.304236888885498,exit status=0
niter= 44
pure_newton= False
	solver time=387.20725536346436,exit status=0
niter= 1366
	log prob= -25.092125805932444
	burn in time= 32.01298689842224
	sample time= 524.149249792099
	contraction err= 0.02855870525979174 1.7242460226088605

Mean energy: -3.82585739e+01
Block size    # of blocks        Mean                Error
     1           20000       -3.82585739e+01       1.203465e-02
     2           10000       -3.82585739e+01       1.205234e-02
     5           4000       -3.82585739e+01       1.207434e-02
    10           2000       -3.82585739e+01       1.205937e-02
    20           1000       -3.82585739e+01       1.230094e-02
    50            400       -3.82585739e+01       1.216916e-02
    70            285       -3.82585486e+01       1.190690e-02
   100            200       -3.82585739e+01       1.232768e-02
   200            100       -3.82585739e+01       1.396433e-02
   500             40       -3.82585739e+01       1.628886e-02
Stocahstic error estimate: 1.205234e-02

	predict=-0.006006350488997614,actual=(array([0.52547623]), array([0.01205234]))
	g=0.14479037036637124,del=1.860390541117176,dot=0.07257580685102732,x=29.527466695401216

nparam= 422400
	log prob= -22.755243214317947
	burn in time= 27.567161083221436
	sample time= 266.9377031326294
	contraction err= 0.01697377762023928 0.5590641600885843

Mean energy: -3.87855336e+01
Block size    # of blocks        Mean                Error
     1           20000       -3.87855336e+01       1.894104e-03
     2           10000       -3.87855336e+01       1.899947e-03
     5           4000       -3.87855336e+01       1.890031e-03
    10           2000       -3.87855336e+01       1.948769e-03
    20           1000       -3.87855336e+01       1.959105e-03
    50            400       -3.87855336e+01       1.774281e-03
    70            285       -3.87854332e+01       1.882390e-03
   100            200       -3.87855336e+01       1.807379e-03
   200            100       -3.87855336e+01       1.729247e-03
   500             40       -3.87855336e+01       2.056900e-03
Stocahstic error estimate: 1.899947e-03

step=39,E=-0.484819169484619,dE=-1.8542485326467074e-05,err=2.37493379025293e-05,gmax=0.027388008095258348
	collect g,Hv time= 0.22703313827514648
	solver time=6.283612966537476,exit status=0
niter= 44
pure_newton= False
	solver time=316.41435408592224,exit status=0
niter= 1121
	log prob= -22.978278140301473
	burn in time= 26.041078567504883
	sample time= 521.6957559585571
	contraction err= 0.017169793924925684 1.0395120405526073

Mean energy: -3.87817369e+01
Block size    # of blocks        Mean                Error
     1           20000       -3.87817369e+01       2.143914e-03
     2           10000       -3.87817369e+01       2.144688e-03
     5           4000       -3.87817369e+01       2.135850e-03
    10           2000       -3.87817369e+01       2.162540e-03
    20           1000       -3.87817369e+01       2.142896e-03
    50            400       -3.87817369e+01       2.102514e-03
    70            285       -3.87816889e+01       2.149320e-03
   100            200       -3.87817369e+01       2.131567e-03
   200            100       -3.87817369e+01       2.447161e-03
   500             40       -3.87817369e+01       2.990191e-03
Stocahstic error estimate: 2.144688e-03

	predict=-0.00498289943648745,actual=(array([0.00379663]), array([0.00214469]))
	g=0.13153803562213137,del=1.7465394750357586,dot=0.05809738881717357,x=29.527466695401205

nparam= 422400
	log prob= -22.781207772035096
	burn in time= 28.368464708328247
	sample time= 265.94943952560425
	contraction err= 0.01745689269430923 1.1623943399001497

Mean energy: -3.87876760e+01
Block size    # of blocks        Mean                Error
     1           20000       -3.87876760e+01       2.166184e-03
     2           10000       -3.87876760e+01       2.156296e-03
     5           4000       -3.87876760e+01       2.175482e-03
    10           2000       -3.87876760e+01       2.180134e-03
    20           1000       -3.87876760e+01       2.149406e-03
    50            400       -3.87876760e+01       2.083421e-03
    70            285       -3.87876143e+01       2.102589e-03
   100            200       -3.87876760e+01       2.083606e-03
   200            100       -3.87876760e+01       2.082553e-03
   500             40       -3.87876760e+01       1.988159e-03
Stocahstic error estimate: 2.166184e-03

step=40,E=-0.48484594946557974,dE=-2.6779980960700557e-05,err=2.707730058714585e-05,gmax=0.07315406546892689
	collect g,Hv time= 0.23139691352844238
	solver time=6.399528503417969,exit status=0
niter= 45
pure_newton= False
	solver time=218.32050466537476,exit status=0
niter= 777
	log prob= -22.985895761549514
	burn in time= 28.359196662902832
	sample time= 523.53253698349
	contraction err= 0.017520617999882103 1.0308775617681387

Mean energy: -3.87849286e+01
Block size    # of blocks        Mean                Error
     1           20000       -3.87849286e+01       2.176847e-03
     2           10000       -3.87849286e+01       2.149877e-03
     5           4000       -3.87849286e+01       2.135477e-03
    10           2000       -3.87849286e+01       2.147889e-03
    20           1000       -3.87849286e+01       2.149630e-03
    50            400       -3.87849286e+01       2.121631e-03
    70            285       -3.87848979e+01       2.153738e-03
   100            200       -3.87849286e+01       2.149064e-03
   200            100       -3.87849286e+01       2.275271e-03
   500             40       -3.87849286e+01       2.487066e-03
Stocahstic error estimate: 2.176847e-03

	predict=-0.005957421013925761,actual=(array([0.00274739]), array([0.00217685]))
	g=0.25938878740539584,del=1.7418201754040028,dot=0.08079460821357964,x=29.52746669540123

nparam= 422400
	log prob= -22.800685858836736
	burn in time= 27.03778886795044
	sample time= 266.1609859466553
	contraction err= 0.0172616780974892 2.975196547185476

Mean energy: -3.87882377e+01
Block size    # of blocks        Mean                Error
     1           20000       -3.87882377e+01       2.058580e-03
     2           10000       -3.87882377e+01       2.054901e-03
     5           4000       -3.87882377e+01       2.024968e-03
    10           2000       -3.87882377e+01       2.022036e-03
    20           1000       -3.87882377e+01       2.028097e-03
    50            400       -3.87882377e+01       2.096426e-03
    70            285       -3.87882993e+01       2.082757e-03
   100            200       -3.87882377e+01       2.104532e-03
   200            100       -3.87882377e+01       2.179623e-03
   500             40       -3.87882377e+01       1.901525e-03
Stocahstic error estimate: 2.058580e-03

step=41,E=-0.4848529712949812,dE=-7.021829401487878e-06,err=2.5732251312350765e-05,gmax=0.1001379536784055
	collect g,Hv time= 0.23140597343444824
	solver time=6.268002033233643,exit status=0
niter= 44
pure_newton= False
	solver time=875.7613558769226,exit status=100
niter= 3101
	log prob= -22.967957653468677
	burn in time= 20.677824020385742
	sample time= 524.93723320961
	contraction err= 0.01756480955304025 0.4890974680269394

Mean energy: -3.87876656e+01
Block size    # of blocks        Mean                Error
     1           20000       -3.87876656e+01       1.878351e-03
     2           10000       -3.87876656e+01       1.878957e-03
     5           4000       -3.87876656e+01       1.862056e-03
    10           2000       -3.87876656e+01       1.875515e-03
    20           1000       -3.87876656e+01       1.850344e-03
    50            400       -3.87876656e+01       1.929256e-03
    70            285       -3.87876454e+01       1.915948e-03
   100            200       -3.87876656e+01       1.817617e-03
   200            100       -3.87876656e+01       1.963416e-03
   500             40       -3.87876656e+01       2.215293e-03
Stocahstic error estimate: 1.878957e-03

	predict=-0.004941220906617263,actual=(array([0.00057215]), array([0.00187896]))
	g=0.26732175480052767,del=1.6706853383342748,dot=0.07151282862457951,x=29.527466695401195

nparam= 422400
	log prob= -22.81815293148977
	burn in time= 33.57697343826294
	sample time= 266.2626256942749
	contraction err= 0.017521939302815367 0.9547907519466319

Mean energy: -3.87888857e+01
Block size    # of blocks        Mean                Error
     1           20000       -3.87888857e+01       2.041827e-03
     2           10000       -3.87888857e+01       2.026603e-03
     5           4000       -3.87888857e+01       2.038764e-03
    10           2000       -3.87888857e+01       2.073345e-03
    20           1000       -3.87888857e+01       2.078425e-03
    50            400       -3.87888857e+01       2.010289e-03
    70            285       -3.87888105e+01       2.100789e-03
   100            200       -3.87888857e+01       1.957388e-03
   200            100       -3.87888857e+01       2.015124e-03
   500             40       -3.87888857e+01       1.872408e-03
Stocahstic error estimate: 2.041827e-03

step=42,E=-0.484861071778815,dE=-8.100483833750615e-06,err=2.5522835730118844e-05,gmax=0.06374328717880573
	collect g,Hv time= 0.22942781448364258
	solver time=5.999982595443726,exit status=0
niter= 42
pure_newton= False
	solver time=387.3687617778778,exit status=0
niter= 1368
	log prob= -23.122573061393098
	burn in time= 28.56219506263733
	sample time= 522.9136919975281
	contraction err= 0.01745668082837933 2.0266508872968085

Mean energy: -3.87824857e+01
Block size    # of blocks        Mean                Error
     1           20000       -3.87824857e+01       2.339046e-03
     2           10000       -3.87824857e+01       2.348009e-03
     5           4000       -3.87824857e+01       2.378378e-03
    10           2000       -3.87824857e+01       2.291455e-03
    20           1000       -3.87824857e+01       2.295706e-03
    50            400       -3.87824857e+01       2.321524e-03
    70            285       -3.87824242e+01       2.301969e-03
   100            200       -3.87824857e+01       2.278750e-03
   200            100       -3.87824857e+01       2.551304e-03
   500             40       -3.87824857e+01       2.880365e-03
Stocahstic error estimate: 2.348009e-03

	predict=-0.005890106514263959,actual=(array([0.0064]), array([0.00234801]))
	g=0.29652530470392713,del=1.5791903192215173,dot=0.06971650205476825,x=29.52746669540114

nparam= 422400
	log prob= -22.826445572747883
	burn in time= 32.38819766044617
	sample time= 267.4096941947937
	contraction err= 0.017290975567222092 1.2887802647270155

Mean energy: -3.87906609e+01
Block size    # of blocks        Mean                Error
     1           20000       -3.87906609e+01       1.788903e-03
     2           10000       -3.87906609e+01       1.790625e-03
     5           4000       -3.87906609e+01       1.811427e-03
    10           2000       -3.87906609e+01       1.801863e-03
    20           1000       -3.87906609e+01       1.806500e-03
    50            400       -3.87906609e+01       1.746687e-03
    70            285       -3.87906867e+01       1.736677e-03
   100            200       -3.87906609e+01       1.692482e-03
   200            100       -3.87906609e+01       1.619701e-03
   500             40       -3.87906609e+01       1.520151e-03
Stocahstic error estimate: 1.790625e-03

step=43,E=-0.4848832606974322,dE=-2.2188918617249696e-05,err=2.238281690301352e-05,gmax=0.020799929691124763
	collect g,Hv time= 0.23041605949401855
	solver time=6.2567503452301025,exit status=0
niter= 44
pure_newton= False
	solver time=871.4090464115143,exit status=100
niter= 3101
	log prob= -22.928688283880348
	burn in time= 26.717112064361572
	sample time= 522.3304886817932
	contraction err= 0.01787549199082481 0.9329945825158255

Mean energy: -3.87892571e+01
Block size    # of blocks        Mean                Error
     1           20000       -3.87892571e+01       1.810477e-03
     2           10000       -3.87892571e+01       1.811062e-03
     5           4000       -3.87892571e+01       1.814152e-03
    10           2000       -3.87892571e+01       1.819517e-03
    20           1000       -3.87892571e+01       1.809983e-03
    50            400       -3.87892571e+01       1.851847e-03
    70            285       -3.87891682e+01       1.866066e-03
   100            200       -3.87892571e+01       1.913658e-03
   200            100       -3.87892571e+01       2.225986e-03
   500             40       -3.87892571e+01       2.227702e-03
Stocahstic error estimate: 1.811062e-03

	predict=-0.004265919760289531,actual=(array([0.00140372]), array([0.00181106]))
	g=0.12462527701656922,del=1.6439174323208499,dot=0.05114164882607845,x=29.52746669540117

nparam= 422400
	log prob= -22.84685043033219
	burn in time= 26.35315489768982
	sample time= 267.52465534210205
	contraction err= 0.017458182843606323 0.7865970145537159

Mean energy: -3.87858248e+01
Block size    # of blocks        Mean                Error
     1           20000       -3.87858248e+01       1.882515e-03
     2           10000       -3.87858248e+01       1.891526e-03
     5           4000       -3.87858248e+01       1.891999e-03
    10           2000       -3.87858248e+01       1.896788e-03
    20           1000       -3.87858248e+01       1.912296e-03
    50            400       -3.87858248e+01       1.847762e-03
    70            285       -3.87858288e+01       1.846839e-03
   100            200       -3.87858248e+01       1.922590e-03
   200            100       -3.87858248e+01       1.940211e-03
   500             40       -3.87858248e+01       2.135017e-03
Stocahstic error estimate: 1.891526e-03

step=44,E=-0.4848228095325552,dE=6.0451164877051154e-05,err=2.364407406913461e-05,gmax=0.045420470729639284
	collect g,Hv time= 0.23018431663513184
	solver time=6.25967812538147,exit status=0
niter= 44
pure_newton= False
	solver time=306.0042519569397,exit status=0
niter= 1087
	log prob= -23.05707284917171
	burn in time= 29.171927452087402
	sample time= 522.7315967082977
	contraction err= 0.017828067350542445 1.0596611110725436

Mean energy: -3.87898604e+01
Block size    # of blocks        Mean                Error
     1           20000       -3.87898604e+01       2.040894e-03
     2           10000       -3.87898604e+01       2.051539e-03
     5           4000       -3.87898604e+01       2.080817e-03
    10           2000       -3.87898604e+01       2.103293e-03
    20           1000       -3.87898604e+01       2.080592e-03
    50            400       -3.87898604e+01       2.046815e-03
    70            285       -3.87897628e+01       2.123314e-03
   100            200       -3.87898604e+01       2.156556e-03
   200            100       -3.87898604e+01       2.556582e-03
   500             40       -3.87898604e+01       2.833675e-03
Stocahstic error estimate: 2.051539e-03

	predict=-0.00487808985675317,actual=(array([-0.00403564]), array([0.00205154]))
	g=0.1581982085533302,del=0.8130213668203328,dot=0.00973350811386093,x=29.52746669540119

nparam= 422400
	log prob= -23.05707284917171
	burn in time= 30.134999752044678
RANK=246,cx=5.023022392706371e-10,ex=-1656.7993923989623
	sample time= 266.35057377815247
	contraction err= 0.0175226890558184 0.703153488361224

Mean energy: -3.87901442e+01
Block size    # of blocks        Mean                Error
     1           20000       -3.87901442e+01       2.736834e-03
     2           10000       -3.87901442e+01       2.737114e-03
     5           4000       -3.87901442e+01       2.721786e-03
    10           2000       -3.87901442e+01       2.647629e-03
    20           1000       -3.87901442e+01       2.630599e-03
    50            400       -3.87901442e+01       2.627250e-03
    70            285       -3.87901206e+01       2.616852e-03
   100            200       -3.87901442e+01       2.671406e-03
   200            100       -3.87901442e+01       2.821560e-03
   500             40       -3.87901442e+01       2.444274e-03
Stocahstic error estimate: 2.737114e-03

step=45,E=-0.48487680242737285,dE=-5.399289481768932e-05,err=3.4213928712223437e-05,gmax=0.017259824699777493
	collect g,Hv time= 0.22730422019958496
	solver time=5.109560012817383,exit status=0
niter= 36
pure_newton= False
	solver time=682.7621142864227,exit status=0
niter= 2419
	log prob= -23.218104627923708
	burn in time= 29.37540364265442
	sample time= 523.117725610733
	contraction err= 0.018310586690613546 4.159348729815486

Mean energy: -3.87869591e+01
Block size    # of blocks        Mean                Error
     1           20000       -3.87869591e+01       1.769845e-03
     2           10000       -3.87869591e+01       1.767021e-03
     5           4000       -3.87869591e+01       1.762509e-03
    10           2000       -3.87869591e+01       1.763177e-03
    20           1000       -3.87869591e+01       1.778446e-03
    50            400       -3.87869591e+01       1.853600e-03
    70            285       -3.87869392e+01       1.722961e-03
   100            200       -3.87869591e+01       1.914923e-03
   200            100       -3.87869591e+01       2.176758e-03
   500             40       -3.87869591e+01       2.161571e-03
Stocahstic error estimate: 1.769845e-03

	predict=-0.004811070921413776,actual=(array([0.00318513]), array([0.00176985]))
	g=0.12494615321109777,del=1.4800161737008486,dot=0.058846001711376814,x=29.52746669540116

nparam= 422400
	log prob= -23.07342076504397
	burn in time= 21.903454065322876
	sample time= 265.899316072464
	contraction err= 0.01740247219362401 0.6088279592780581

Mean energy: -3.87899481e+01
Block size    # of blocks        Mean                Error
     1           20000       -3.87899481e+01       1.756095e-03
     2           10000       -3.87899481e+01       1.747593e-03
     5           4000       -3.87899481e+01       1.802298e-03
    10           2000       -3.87899481e+01       1.806997e-03
    20           1000       -3.87899481e+01       1.788626e-03
    50            400       -3.87899481e+01       1.757211e-03
    70            285       -3.87900352e+01       1.719432e-03
   100            200       -3.87899481e+01       1.710704e-03
   200            100       -3.87899481e+01       1.780686e-03
   500             40       -3.87899481e+01       1.990388e-03
Stocahstic error estimate: 1.756095e-03

step=46,E=-0.4848743514336034,dE=2.4509937694539017e-06,err=2.1951192899961348e-05,gmax=0.011943451553598328
	collect g,Hv time= 0.22635626792907715
	solver time=6.259199142456055,exit status=0
niter= 44
pure_newton= False
	solver time=872.0428404808044,exit status=100
niter= 3101
	log prob= -23.19412511897805
	burn in time= 27.588363885879517
	sample time= 521.7555253505707
	contraction err= 0.018166310434293526 0.7414625387647432

Mean energy: -3.87846891e+01
Block size    # of blocks        Mean                Error
     1           20000       -3.87846891e+01       2.088600e-03
     2           10000       -3.87846891e+01       2.075067e-03
     5           4000       -3.87846891e+01       2.096201e-03
    10           2000       -3.87846891e+01       2.126254e-03
    20           1000       -3.87846891e+01       2.154883e-03
    50            400       -3.87846891e+01       2.083444e-03
    70            285       -3.87847090e+01       2.106031e-03
   100            200       -3.87846891e+01       2.138799e-03
   200            100       -3.87846891e+01       2.283656e-03
   500             40       -3.87846891e+01       2.512558e-03
Stocahstic error estimate: 2.088600e-03

	predict=-0.003856817666623235,actual=(array([0.00525897]), array([0.0020886]))
	g=0.10756986211416843,del=1.710928021413144,dot=0.047927452107225876,x=29.527466695401216

nparam= 422400
	log prob= -23.077846718552752
	burn in time= 27.182876348495483
	sample time= 266.9573132991791
	contraction err= 0.017746093130027635 1.6029652770671954

Mean energy: -3.87902225e+01
Block size    # of blocks        Mean                Error
     1           20000       -3.87902225e+01       1.782510e-03
     2           10000       -3.87902225e+01       1.775802e-03
     5           4000       -3.87902225e+01       1.776879e-03
    10           2000       -3.87902225e+01       1.749750e-03
    20           1000       -3.87902225e+01       1.753082e-03
    50            400       -3.87902225e+01       1.724759e-03
    70            285       -3.87900907e+01       1.711531e-03
   100            200       -3.87902225e+01       1.731841e-03
   200            100       -3.87902225e+01       1.627226e-03
   500             40       -3.87902225e+01       1.755488e-03
Stocahstic error estimate: 1.782510e-03

step=47,E=-0.48487778114537783,dE=-3.4297117744053198e-06,err=2.2281375964098062e-05,gmax=0.013705512541355658
	collect g,Hv time= 0.22829365730285645
	solver time=6.439962387084961,exit status=0
niter= 45
pure_newton= False
	solver time=877.0671274662018,exit status=100
niter= 3101
	log prob= -23.269846619827415
	burn in time= 31.469479084014893
	sample time= 523.0091483592987
	contraction err= 0.018127571128744597 1.2286195036285799

Mean energy: -3.87954854e+01
Block size    # of blocks        Mean                Error
     1           20000       -3.87954854e+01       2.727652e-03
     2           10000       -3.87954854e+01       2.715591e-03
     5           4000       -3.87954854e+01       2.720315e-03
    10           2000       -3.87954854e+01       2.746785e-03
    20           1000       -3.87954854e+01       2.668113e-03
    50            400       -3.87954854e+01       2.810353e-03
    70            285       -3.87953601e+01       2.694860e-03
   100            200       -3.87954854e+01       2.785407e-03
   200            100       -3.87954854e+01       2.995350e-03
   500             40       -3.87954854e+01       3.872979e-03
Stocahstic error estimate: 2.727652e-03

	predict=-0.004812406524791965,actual=(array([-0.00526291]), array([0.00272765]))
	g=0.1143569489321421,del=0.6698480473605178,dot=0.009587386256311725,x=29.527466695401227

nparam= 422400
	log prob= -23.269846619827415
	burn in time= 27.484403133392334
	sample time= 266.80869030952454
	contraction err= 0.017527481883833903 0.7075627985674592

Mean energy: -3.87941947e+01
Block size    # of blocks        Mean                Error
     1           20000       -3.87941947e+01       1.810286e-03
     2           10000       -3.87941947e+01       1.788673e-03
     5           4000       -3.87941947e+01       1.786208e-03
    10           2000       -3.87941947e+01       1.765069e-03
    20           1000       -3.87941947e+01       1.760358e-03
    50            400       -3.87941947e+01       1.695839e-03
    70            285       -3.87940835e+01       1.754085e-03
   100            200       -3.87941947e+01       1.671391e-03
   200            100       -3.87941947e+01       1.651941e-03
   500             40       -3.87941947e+01       1.672253e-03
Stocahstic error estimate: 1.810286e-03

step=48,E=-0.48492743420944634,dE=-4.965306406852221e-05,err=2.2628575056276232e-05,gmax=0.022244871845625777
	collect g,Hv time= 0.23151946067810059
	solver time=6.287001609802246,exit status=0
niter= 44
pure_newton= False
	solver time=565.7050442695618,exit status=0
niter= 1999
	log prob= -23.409720305680427
	burn in time= 25.25292992591858
	sample time= 522.1668920516968
	contraction err= 0.01826764733729694 3.1280504233250097

Mean energy: -3.87994787e+01
Block size    # of blocks        Mean                Error
     1           20000       -3.87994787e+01       2.205066e-03
     2           10000       -3.87994787e+01       2.196473e-03
     5           4000       -3.87994787e+01       2.192560e-03
    10           2000       -3.87994787e+01       2.195295e-03
    20           1000       -3.87994787e+01       2.180224e-03
    50            400       -3.87994787e+01       2.105642e-03
    70            285       -3.87994670e+01       2.112067e-03
   100            200       -3.87994787e+01       2.209522e-03
   200            100       -3.87994787e+01       2.251678e-03
   500             40       -3.87994787e+01       2.580971e-03
Stocahstic error estimate: 2.205066e-03

	predict=-0.0044068135449359174,actual=(array([-0.00528398]), array([0.00220507]))
	g=0.13306722036539168,del=0.615333758149535,dot=0.008804578350553843,x=29.527466695401174

nparam= 422400
	log prob= -23.409720305680427
	burn in time= 24.76009464263916
	sample time= 267.4620854854584
	contraction err= 0.01807389254565221 0.8638422800291644

Mean energy: -3.87963596e+01
Block size    # of blocks        Mean                Error
     1           20000       -3.87963596e+01       1.758365e-03
     2           10000       -3.87963596e+01       1.761995e-03
     5           4000       -3.87963596e+01       1.769747e-03
    10           2000       -3.87963596e+01       1.779938e-03
    20           1000       -3.87963596e+01       1.780261e-03
    50            400       -3.87963596e+01       1.802433e-03
    70            285       -3.87962725e+01       1.724750e-03
   100            200       -3.87963596e+01       1.849348e-03
   200            100       -3.87963596e+01       1.867953e-03
   500             40       -3.87963596e+01       1.933686e-03
Stocahstic error estimate: 1.761995e-03

step=49,E=-0.4849544945812272,dE=-2.7060371780862625e-05,err=2.2024932952044667e-05,gmax=0.010379456991754799
	collect g,Hv time= 0.22969269752502441
	solver time=6.4479429721832275,exit status=0
niter= 45
pure_newton= False
	solver time=377.08753490448,exit status=0
niter= 1335
	log prob= -23.501186936963204
	burn in time= 27.616966724395752
	sample time= 522.1368532180786
	contraction err= 0.01829778323091695 3.2197962611080784

Mean energy: -3.87776991e+01
Block size    # of blocks        Mean                Error
     1           20000       -3.87776991e+01       1.458535e-02
     2           10000       -3.87776991e+01       1.458406e-02
     5           4000       -3.87776991e+01       1.459123e-02
    10           2000       -3.87776991e+01       1.455805e-02
    20           1000       -3.87776991e+01       1.456539e-02
    50            400       -3.87776991e+01       1.452905e-02
    70            285       -3.87775543e+01       1.439073e-02
   100            200       -3.87776991e+01       1.439518e-02
   200            100       -3.87776991e+01       1.448009e-02
   500             40       -3.87776991e+01       1.420458e-02
Stocahstic error estimate: 1.458535e-02

	predict=-0.004173046134606251,actual=(array([0.01866051]), array([0.01458535]))
	g=0.10271415360337165,del=1.6952722154416069,dot=0.048992818382738626,x=29.527466695401195

nparam= 422400
	log prob= -23.398458514194903
	burn in time= 26.77802872657776
	sample time= 266.77787256240845
	contraction err= 0.017849576589368144 0.8462502311906284

Mean energy: -3.87928534e+01
Block size    # of blocks        Mean                Error
     1           20000       -3.87928534e+01       1.753413e-03
     2           10000       -3.87928534e+01       1.746824e-03
     5           4000       -3.87928534e+01       1.736089e-03
    10           2000       -3.87928534e+01       1.761390e-03
    20           1000       -3.87928534e+01       1.765637e-03
    50            400       -3.87928534e+01       1.765172e-03
    70            285       -3.87929176e+01       1.621804e-03
   100            200       -3.87928534e+01       1.629032e-03
   200            100       -3.87928534e+01       1.669837e-03
   500             40       -3.87928534e+01       1.658094e-03
Stocahstic error estimate: 1.753413e-03

step=50,E=-0.4849106680303839,dE=4.382655084329556e-05,err=2.191766423443925e-05,gmax=0.02120427527150648
	collect g,Hv time= 0.228560209274292
	solver time=6.13071870803833,exit status=0
niter= 43
pure_newton= False
	solver time=88.16550350189209,exit status=0
niter= 312
	log prob= -23.50419648697828
	burn in time= 21.798455715179443
	sample time= 522.5806906223297
	contraction err= 0.018391247927481008 0.7209423614571585

Mean energy: -3.87956682e+01
Block size    # of blocks        Mean                Error
     1           20000       -3.87956682e+01       1.889882e-03
     2           10000       -3.87956682e+01       1.890621e-03
     5           4000       -3.87956682e+01       1.906933e-03
    10           2000       -3.87956682e+01       1.906806e-03
    20           1000       -3.87956682e+01       1.931020e-03
    50            400       -3.87956682e+01       1.881768e-03
    70            285       -3.87957634e+01       2.087925e-03
   100            200       -3.87956682e+01       1.953203e-03
   200            100       -3.87956682e+01       2.216970e-03
   500             40       -3.87956682e+01       2.612794e-03
Stocahstic error estimate: 1.890621e-03

	predict=-0.004179757178657842,actual=(array([-0.00281474]), array([0.00189062]))
	g=0.117161963086944,del=0.6964542793874782,dot=0.008346835544693038,x=29.52746669540122

nparam= 422400
	log prob= -23.50419648697828
	burn in time= 32.969953536987305
	sample time= 267.44041323661804
	contraction err= 0.018756873747941494 24.754894196859038

Mean energy: -3.88030789e+01
Block size    # of blocks        Mean                Error
     1           20000       -3.88030789e+01       4.001439e-03
     2           10000       -3.88030789e+01       3.993402e-03
     5           4000       -3.88030789e+01       3.998499e-03
    10           2000       -3.88030789e+01       4.001320e-03
    20           1000       -3.88030789e+01       3.990029e-03
    50            400       -3.88030789e+01       3.927714e-03
    70            285       -3.88030278e+01       3.918801e-03
   100            200       -3.88030789e+01       3.886946e-03
   200            100       -3.88030789e+01       3.999912e-03
   500             40       -3.88030789e+01       3.975797e-03
Stocahstic error estimate: 4.001439e-03

step=51,E=-0.4850384867556108,dE=-0.00012781872522689143,err=5.0017985727872054e-05,gmax=0.2674087917761092
	collect g,Hv time= 0.22897839546203613
	solver time=4.9638612270355225,exit status=0
niter= 35
pure_newton= False
	solver time=875.6635072231293,exit status=100
niter= 3101
	log prob= -23.64842122444809
	burn in time= 22.826785564422607
	sample time= 521.3904666900635
	contraction err= 0.019098927207279005 0.8037987104388712

Mean energy: -3.87785624e+01
Block size    # of blocks        Mean                Error
     1           20000       -3.87785624e+01       2.455052e-03
     2           10000       -3.87785624e+01       2.456770e-03
     5           4000       -3.87785624e+01       2.452983e-03
    10           2000       -3.87785624e+01       2.438855e-03
    20           1000       -3.87785624e+01       2.420940e-03
    50            400       -3.87785624e+01       2.476847e-03
    70            285       -3.87784312e+01       2.379143e-03
   100            200       -3.87785624e+01       2.370949e-03
   200            100       -3.87785624e+01       2.578389e-03
   500             40       -3.87785624e+01       2.648744e-03
Stocahstic error estimate: 2.456770e-03

	predict=0.01005115689023671,actual=(array([0.0245165]), array([0.00245677]))
	g=1.7149593688174058,del=1.2443107497726558,dot=0.30557392808934697,x=29.527466695401184

nparam= 422400
	log prob= -23.52923386511613
	burn in time= 28.855763912200928
	sample time= 267.07236409187317
	contraction err= 0.017960363417362842 0.5696702157963961

Mean energy: -3.87951570e+01
Block size    # of blocks        Mean                Error
     1           20000       -3.87951570e+01       1.825490e-03
     2           10000       -3.87951570e+01       1.825497e-03
     5           4000       -3.87951570e+01       1.816195e-03
    10           2000       -3.87951570e+01       1.846948e-03
    20           1000       -3.87951570e+01       1.842243e-03
    50            400       -3.87951570e+01       1.887631e-03
    70            285       -3.87951327e+01       1.859253e-03
   100            200       -3.87951570e+01       1.915743e-03
   200            100       -3.87951570e+01       1.947016e-03
   500             40       -3.87951570e+01       1.781806e-03
Stocahstic error estimate: 1.825497e-03

step=52,E=-0.4849394622530774,dE=9.902450253340689e-05,err=2.2818715276759155e-05,gmax=0.009999196738004201
	collect g,Hv time= 0.23069024085998535
	solver time=6.132660388946533,exit status=0
niter= 43
pure_newton= False
	solver time=88.12161087989807,exit status=0
niter= 312
	log prob= -23.62500444440516
	burn in time= 28.403385400772095
	sample time= 523.7407927513123
	contraction err= 0.018393112224883237 0.8151411578897273

Mean energy: -3.87951796e+01
Block size    # of blocks        Mean                Error
     1           20000       -3.87951796e+01       2.165597e-03
     2           10000       -3.87951796e+01       2.169759e-03
     5           4000       -3.87951796e+01       2.225535e-03
    10           2000       -3.87951796e+01       2.222898e-03
    20           1000       -3.87951796e+01       2.173580e-03
    50            400       -3.87951796e+01       2.305914e-03
    70            285       -3.87951809e+01       2.193676e-03
   100            200       -3.87951796e+01       2.307276e-03
   200            100       -3.87951796e+01       2.691930e-03
   500             40       -3.87951796e+01       3.385015e-03
Stocahstic error estimate: 2.169759e-03

	predict=-0.0042202020304910525,actual=(array([-2.25721913e-05]), array([0.00216976]))
	g=0.09776914553177538,del=0.5911816735103876,dot=0.008428527969925005,x=29.527466695401234

nparam= 422400
	log prob= -23.62500444440516
	burn in time= 22.29387855529785
	sample time= 266.35335755348206
	contraction err= 0.018217397318280846 0.5019787159902794

Mean energy: -3.87971541e+01
Block size    # of blocks        Mean                Error
     1           20000       -3.87971541e+01       1.867802e-03
     2           10000       -3.87971541e+01       1.868297e-03
     5           4000       -3.87971541e+01       1.871344e-03
    10           2000       -3.87971541e+01       1.863129e-03
    20           1000       -3.87971541e+01       1.901929e-03
    50            400       -3.87971541e+01       1.796260e-03
    70            285       -3.87972755e+01       1.835992e-03
   100            200       -3.87971541e+01       1.839920e-03
   200            100       -3.87971541e+01       1.822306e-03
   500             40       -3.87971541e+01       1.789470e-03
Stocahstic error estimate: 1.868297e-03

step=53,E=-0.4849644260365869,dE=-2.4963783509512893e-05,err=2.3353709185204134e-05,gmax=0.0351440012666977
	collect g,Hv time= 0.23006153106689453
	solver time=6.283746957778931,exit status=0
niter= 44
pure_newton= False
	solver time=878.2819421291351,exit status=100
niter= 3101
	log prob= -23.67327343135168
	burn in time= 29.27102303504944
	sample time= 523.3602073192596
	contraction err= 0.018317546590918235 3.2041150525617392

Mean energy: -3.87963135e+01
Block size    # of blocks        Mean                Error
     1           20000       -3.87963135e+01       1.823007e-03
     2           10000       -3.87963135e+01       1.817732e-03
     5           4000       -3.87963135e+01       1.830863e-03
    10           2000       -3.87963135e+01       1.828455e-03
    20           1000       -3.87963135e+01       1.868839e-03
    50            400       -3.87963135e+01       1.897898e-03
    70            285       -3.87963181e+01       1.906832e-03
   100            200       -3.87963135e+01       1.955100e-03
   200            100       -3.87963135e+01       2.254227e-03
   500             40       -3.87963135e+01       2.576765e-03
Stocahstic error estimate: 1.823007e-03

	predict=-0.00392720366461629,actual=(array([0.00084057]), array([0.00182301]))
	g=0.15731578456681283,del=1.5954445064723115,dot=0.05905045826097004,x=29.52746669540117

#nparam= 422400
#	log prob= -23.639128203627656
#	burn in time= 27.411195278167725
#	sample time= 266.56495094299316
#	contraction err= 0.017754678468589608 0.566766125518697
#
#Mean energy: -3.87960272e+01
#Block size    # of blocks        Mean                Error
#     1           20000       -3.87960272e+01       1.607799e-03
#     2           10000       -3.87960272e+01       1.591097e-03
#     5           4000       -3.87960272e+01       1.609208e-03
#    10           2000       -3.87960272e+01       1.588207e-03
#    20           1000       -3.87960272e+01       1.611484e-03
#    50            400       -3.87960272e+01       1.656063e-03
#    70            285       -3.87959364e+01       1.640893e-03
#   100            200       -3.87960272e+01       1.717523e-03
#   200            100       -3.87960272e+01       1.601184e-03
#   500             40       -3.87960272e+01       1.643319e-03
#Stocahstic error estimate: 1.607799e-03
#
#step=54,E=-0.48495033986092295,dE=1.4086175663940991e-05,err=2.009749229983359e-05,gmax=0.01014654904272394
#	collect g,Hv time= 0.23073220252990723
#	solver time=6.12875771522522,exit status=0
#niter= 43
#pure_newton= False
#	solver time=876.7297599315643,exit status=100
#niter= 3101
#	log prob= -23.744892521660308
#	burn in time= 30.17046308517456
block_dict= [(0, 422400)]
sizes= [422400]
SIZE= 640
Lx,Ly= 10 8
D= 8
rate= 0.1 0.5
cond= 0.001 0.001

nparam= 422400
	log prob= -21.359863149824633
	burn in time= 23.760166883468628
	sample time= 264.7827253341675
	contraction err= 0.018283343099268552 0.7206224688784526

Mean energy: -3.88010839e+01
Block size    # of blocks        Mean                Error
     1           20000       -3.88010839e+01       1.746783e-03
     2           10000       -3.88010839e+01       1.749505e-03
     5           4000       -3.88010839e+01       1.723665e-03
    10           2000       -3.88010839e+01       1.733004e-03
    20           1000       -3.88010839e+01       1.736889e-03
    50            400       -3.88010839e+01       1.759604e-03
    70            285       -3.88011245e+01       1.754396e-03
   100            200       -3.88010839e+01       1.796609e-03
   200            100       -3.88010839e+01       1.769269e-03
   500             40       -3.88010839e+01       1.645432e-03
Stocahstic error estimate: 1.749505e-03

step=54,E=-0.48501354907318817,dE=0.0,err=2.1868811592760155e-05,gmax=0.01133536101036725
	collect g,Hv time= 0.2406785488128662
	solver time=6.3510777950286865,exit status=0
niter= 44
pure_newton= False
	solver time=36.93598461151123,exit status=0
niter= 129
	log prob= -21.50210025372244
	burn in time= 28.730092525482178
	sample time= 523.060067653656
	contraction err= 0.01850976018812802 0.7027856436131532

Mean energy: -3.87962485e+01
Block size    # of blocks        Mean                Error
     1           20000       -3.87962485e+01       1.929296e-03
     2           10000       -3.87962485e+01       1.937191e-03
     5           4000       -3.87962485e+01       1.953160e-03
    10           2000       -3.87962485e+01       1.941149e-03
    20           1000       -3.87962485e+01       1.980226e-03
    50            400       -3.87962485e+01       1.968807e-03
    70            285       -3.87961803e+01       2.008375e-03
   100            200       -3.87962485e+01       2.048104e-03
   200            100       -3.87962485e+01       2.346434e-03
   500             40       -3.87962485e+01       2.789714e-03
Stocahstic error estimate: 1.937191e-03

	predict=-0.00481421273175753,actual=(array([0.00483545]), array([0.00193719]))
	g=0.09566841246523348,del=1.6738813196733666,dot=0.05015070036561497,x=31.003840030171236

nparam= 422400
	log prob= -21.381306989456835
	burn in time= 25.631932973861694
	sample time= 266.871132850647
	contraction err= 0.019618714400380502 7.978082352021189

Mean energy: -3.87931257e+01
Block size    # of blocks        Mean                Error
     1           20000       -3.87931257e+01       3.754566e-03
     2           10000       -3.87931257e+01       3.762454e-03
     5           4000       -3.87931257e+01       3.806702e-03
    10           2000       -3.87931257e+01       3.833324e-03
    20           1000       -3.87931257e+01       3.835372e-03
    50            400       -3.87931257e+01       3.875795e-03
    70            285       -3.87930614e+01       3.867656e-03
   100            200       -3.87931257e+01       3.890209e-03
   200            100       -3.87931257e+01       3.819625e-03
   500             40       -3.87931257e+01       3.995133e-03
Stocahstic error estimate: 3.762454e-03

step=55,E=-0.4849140712064634,dE=9.94778667247509e-05,err=4.7030675936047045e-05,gmax=4.675965578673583
	collect g,Hv time= 0.23090696334838867
	solver time=0.45816588401794434,exit status=0
niter= 4
pure_newton= False
	solver time=17.950122833251953,exit status=0
niter= 63
	log prob= -21.41268340774317
	burn in time= 21.079008102416992
	sample time= 523.7721128463745
	contraction err= 0.01823599691825361 1.2708500808591365

Mean energy: -3.87945403e+01
Block size    # of blocks        Mean                Error
     1           20000       -3.87945403e+01       1.932804e-03
     2           10000       -3.87945403e+01       1.932580e-03
     5           4000       -3.87945403e+01       1.918702e-03
    10           2000       -3.87945403e+01       1.911288e-03
    20           1000       -3.87945403e+01       1.900044e-03
    50            400       -3.87945403e+01       1.857353e-03
    70            285       -3.87945892e+01       1.930900e-03
   100            200       -3.87945403e+01       1.817521e-03
   200            100       -3.87945403e+01       1.914538e-03
   500             40       -3.87945403e+01       1.974501e-03
Stocahstic error estimate: 1.932804e-03

	predict=-0.00979485394782324,actual=(array([-0.00141464]), array([0.0019328]))
	g=11.895345968092025,del=0.40647997692479193,dot=0.0194117909584123,x=31.00384003017127

nparam= 422400
	log prob= -21.41268340774317
	burn in time= 24.983563899993896
	sample time= 266.20104146003723
	contraction err= 0.01807530630140547 0.5309765357877938

Mean energy: -3.87998282e+01
Block size    # of blocks        Mean                Error
     1           20000       -3.87998282e+01       1.711291e-03
     2           10000       -3.87998282e+01       1.705515e-03
     5           4000       -3.87998282e+01       1.701616e-03
    10           2000       -3.87998282e+01       1.699797e-03
    20           1000       -3.87998282e+01       1.735551e-03
    50            400       -3.87998282e+01       1.694848e-03
    70            285       -3.87997915e+01       1.779070e-03
   100            200       -3.87998282e+01       1.691740e-03
   200            100       -3.87998282e+01       1.765985e-03
   500             40       -3.87998282e+01       1.822255e-03
Stocahstic error estimate: 1.711291e-03

step=56,E=-0.48499785265249784,dE=-8.37814460344255e-05,err=2.139113135419555e-05,gmax=0.011691958769486971
	collect g,Hv time= 0.2338259220123291
	solver time=6.02791428565979,exit status=0
niter= 42
pure_newton= False
	solver time=299.4182252883911,exit status=0
niter= 1056
	log prob= -21.498692899076474
	burn in time= 24.017813205718994
	sample time= 523.7466876506805
	contraction err= 0.018650696500146786 0.5312274685325816

Mean energy: -3.87873319e+01
Block size    # of blocks        Mean                Error
     1           20000       -3.87873319e+01       2.202625e-03
     2           10000       -3.87873319e+01       2.209437e-03
     5           4000       -3.87873319e+01       2.202948e-03
    10           2000       -3.87873319e+01       2.190444e-03
    20           1000       -3.87873319e+01       2.213236e-03
    50            400       -3.87873319e+01       2.185692e-03
    70            285       -3.87872498e+01       2.104753e-03
   100            200       -3.87873319e+01       2.159944e-03
   200            100       -3.87873319e+01       2.439738e-03
   500             40       -3.87873319e+01       2.821318e-03
Stocahstic error estimate: 2.209437e-03

	predict=-0.0040217096816494635,actual=(array([0.01249635]), array([0.00220944]))
	g=0.09022281507712826,del=1.6663068356287387,dot=0.04816383341903105,x=31.00384003017122

nparam= 422400
	log prob= -21.42075781777453
	burn in time= 26.29614520072937
	sample time= 266.704430103302
	contraction err= 0.018301627010683635 0.6883598610375227

Mean energy: -3.88011743e+01
Block size    # of blocks        Mean                Error
     1           20000       -3.88011743e+01       1.819491e-03
     2           10000       -3.88011743e+01       1.831955e-03
     5           4000       -3.88011743e+01       1.813314e-03
    10           2000       -3.88011743e+01       1.817723e-03
    20           1000       -3.88011743e+01       1.852813e-03
    50            400       -3.88011743e+01       1.793164e-03
    70            285       -3.88011083e+01       1.853208e-03
   100            200       -3.88011743e+01       1.782214e-03
   200            100       -3.88011743e+01       1.786942e-03
   500             40       -3.88011743e+01       1.533463e-03
Stocahstic error estimate: 1.831955e-03

step=57,E=-0.48501467896813255,dE=-1.682631563468817e-05,err=2.2899438902047477e-05,gmax=0.040800146039551066
	collect g,Hv time= 0.23112988471984863
	solver time=6.1039698123931885,exit status=0
niter= 43
pure_newton= False
	solver time=52.60248565673828,exit status=0
niter= 188
	log prob= -21.536171363517212
	burn in time= 19.77136540412903
	sample time= 524.2900133132935
	contraction err= 0.01815124393838353 0.5510192464421017

Mean energy: -3.87993130e+01
Block size    # of blocks        Mean                Error
     1           20000       -3.87993130e+01       1.820630e-03
     2           10000       -3.87993130e+01       1.827287e-03
     5           4000       -3.87993130e+01       1.773065e-03
    10           2000       -3.87993130e+01       1.784944e-03
    20           1000       -3.87993130e+01       1.745155e-03
    50            400       -3.87993130e+01       1.800487e-03
    70            285       -3.87993794e+01       1.853984e-03
   100            200       -3.87993130e+01       1.835209e-03
   200            100       -3.87993130e+01       2.151527e-03
   500             40       -3.87993130e+01       2.146348e-03
Stocahstic error estimate: 1.827287e-03

	predict=-0.0044355481975120944,actual=(array([0.00186136]), array([0.00182729]))
	g=0.1847313939980275,del=1.6174349558976764,dot=0.055369955190529216,x=31.003840030171272

nparam= 422400
	log prob= -21.436950557938125
	burn in time= 31.634459495544434
	sample time= 266.6942539215088
	contraction err= 0.018353647454358323 2.089766554727619

Mean energy: -3.87974460e+01
Block size    # of blocks        Mean                Error
     1           20000       -3.87974460e+01       1.723938e-03
     2           10000       -3.87974460e+01       1.717768e-03
     5           4000       -3.87974460e+01       1.707222e-03
    10           2000       -3.87974460e+01       1.701497e-03
    20           1000       -3.87974460e+01       1.695800e-03
    50            400       -3.87974460e+01       1.601465e-03
    70            285       -3.87974241e+01       1.718284e-03
   100            200       -3.87974460e+01       1.562396e-03
   200            100       -3.87974460e+01       1.613753e-03
   500             40       -3.87974460e+01       1.403821e-03
Stocahstic error estimate: 1.723938e-03

step=58,E=-0.4849680750245452,dE=4.6603943587353314e-05,err=2.154922250639612e-05,gmax=0.02477490826616724
	collect g,Hv time= 0.22920560836791992
	solver time=4.6876749992370605,exit status=0
niter= 33
pure_newton= False
	solver time=41.85734796524048,exit status=0
niter= 149
	log prob= -21.56242543275371
	burn in time= 33.7139093875885
	sample time= 523.3812053203583
	contraction err= 0.018606021624757354 4.73076935230921

Mean energy: -3.87815126e+01
Block size    # of blocks        Mean                Error
     1           20000       -3.87815126e+01       1.450400e-02
     2           10000       -3.87815126e+01       1.450564e-02
     5           4000       -3.87815126e+01       1.450819e-02
    10           2000       -3.87815126e+01       1.448115e-02
    20           1000       -3.87815126e+01       1.448615e-02
    50            400       -3.87815126e+01       1.445306e-02
    70            285       -3.87814283e+01       1.453643e-02
   100            200       -3.87815126e+01       1.451262e-02
   200            100       -3.87815126e+01       2.058134e-02
   500             40       -3.87815126e+01       2.042740e-02
Stocahstic error estimate: 1.450564e-02

	predict=-0.004455033663397799,actual=(array([0.01593337]), array([0.01450564]))
	g=0.12254563822860173,del=1.357596756396756,dot=0.04692778041278399,x=31.003840030171247

nparam= 422400
	log prob= -21.445691682222048
	burn in time= 21.522634744644165
	sample time= 266.7487506866455
	contraction err= 0.018283658408970054 1.3412253053643073

Mean energy: -3.88074092e+01
Block size    # of blocks        Mean                Error
     1           20000       -3.88074092e+01       2.091783e-03
     2           10000       -3.88074092e+01       2.091163e-03
     5           4000       -3.88074092e+01       2.119939e-03
    10           2000       -3.88074092e+01       2.137706e-03
    20           1000       -3.88074092e+01       2.188524e-03
    50            400       -3.88074092e+01       2.222229e-03
    70            285       -3.88074208e+01       2.223433e-03
   100            200       -3.88074092e+01       2.217719e-03
   200            100       -3.88074092e+01       2.093801e-03
   500             40       -3.88074092e+01       2.239519e-03
Stocahstic error estimate: 2.091783e-03

step=59,E=-0.4850926144549219,dE=-0.00012453943037673553,err=2.614729359268708e-05,gmax=0.325544943989586
	collect g,Hv time= 0.23248028755187988
	solver time=4.854496002197266,exit status=0
niter= 34
pure_newton= False
	solver time=51.667699575424194,exit status=0
niter= 183
	log prob= -21.566638714336694
	burn in time= 26.75202178955078
	sample time= 524.6695370674133
	contraction err= 0.01833576011114711 1.828071113646182

Mean energy: -3.87987881e+01
Block size    # of blocks        Mean                Error
     1           20000       -3.87987881e+01       2.059769e-03
     2           10000       -3.87987881e+01       2.043864e-03
     5           4000       -3.87987881e+01       2.019187e-03
    10           2000       -3.87987881e+01       2.022399e-03
    20           1000       -3.87987881e+01       2.040217e-03
    50            400       -3.87987881e+01       2.139884e-03
    70            285       -3.87987352e+01       2.088868e-03
   100            200       -3.87987881e+01       2.089588e-03
   200            100       -3.87987881e+01       2.308900e-03
   500             40       -3.87987881e+01       2.900115e-03
Stocahstic error estimate: 2.059769e-03

	predict=-0.005717661625477785,actual=(array([0.0086211]), array([0.00205977]))
	g=0.6672153973578864,del=1.156058556066685,dot=0.07385509893100894,x=31.00384003017127
