block_dict= [(0, 772)]
sizes= [772]
block_dict= [(0, 772)]
sizes= [772]
block_dict= [(0, 576)]
sizes= [576]
nbatch= 1
SIZE= 640
Lx,Ly= 4 4
nelec= (7, 7)
D= 4
nparam= 2120
	prob= 0.09109689395252281
	burn in time= 19.09574818611145
	sample time= 93.49521899223328
	contraction err= 0.0019081395242942628 0.20725576827010372

Mean energy: -8.77693718e+00
Block size    # of blocks        Mean                Error
     1           50000       -8.77693718e+00       1.366139e-02
     2           25000       -8.77693718e+00       1.368410e-02
     5           10000       -8.77693718e+00       1.374444e-02
    10           5000       -8.77693718e+00       1.374319e-02
    20           2500       -8.77693718e+00       1.362219e-02
    50           1000       -8.77693718e+00       1.334618e-02
    70            714       -8.77680537e+00       1.345564e-02
   100            500       -8.77693718e+00       1.385107e-02
   200            250       -8.77693718e+00       1.417346e-02
   500            100       -8.77693718e+00       1.394286e-02
0 0.013684095776442924 0.013942860488271343
Stocahstic error estimate: 1.368410e-02

step=10,E=-0.5485585735336688,dE=-0.5485585735336688,err=0.0008552559860276828,gmax=5.451952654478273
	collect g,Hv time= 0.6324615478515625
	solver time=0.030824661254882812,exit status=0
niter= 21
	g=13.873737213333916,del=0.7110255093598512,dot=1.1697007915267896,x=23.821828898331816
saving to  ./psi11_0
saving to  ./psi11_1
	prob= 0.1040147240856281
	burn in time= 17.930540084838867
	sample time= 405.3588514328003
	contraction err= 0.0018763839889176406 0.22405770570862474

Mean energy: -8.78905507e+00
Block size    # of blocks        Mean                Error
     1           50000       -8.78905507e+00       1.263599e-02
     2           25000       -8.78905507e+00       1.260146e-02
     5           10000       -8.78905507e+00       1.270912e-02
    10           5000       -8.78905507e+00       1.271132e-02
    20           2500       -8.78905507e+00       1.260453e-02
    50           1000       -8.78905507e+00       1.283909e-02
    70            714       -8.78864680e+00       1.266426e-02
   100            500       -8.78905507e+00       1.275256e-02
   200            250       -8.78905507e+00       1.290742e-02
   500            100       -8.78905507e+00       1.327776e-02
0 0.012635988353509892 0.013277756347332756
Stocahstic error estimate: 1.263599e-02

step=11,E=-0.5493159416076705,dE=-0.0007573680740017297,err=0.0007897492720943683,gmax=2.318742648344317
	collect g,Hv time= 0.7235472202301025
niter= 39
	solver time=0.14031171798706055,exit status=0
	g=5.0173121212303,del=0.4857998080472876,dot=0.3719432457398386,x=23.821828898331816
saving to  ./psi12_0
saving to  ./psi12_1
	prob= 0.11315458730929545
	burn in time= 18.365195751190186
	sample time= 407.2571449279785
	contraction err= 0.001891135853998219 0.18999337036969624

Mean energy: -8.82593900e+00
Block size    # of blocks        Mean                Error
     1           50000       -8.82593900e+00       1.251284e-02
     2           25000       -8.82593900e+00       1.247426e-02
     5           10000       -8.82593900e+00       1.252425e-02
    10           5000       -8.82593900e+00       1.259009e-02
    20           2500       -8.82593900e+00       1.246247e-02
    50           1000       -8.82593900e+00       1.242611e-02
    70            714       -8.82577415e+00       1.265954e-02
   100            500       -8.82593900e+00       1.257674e-02
   200            250       -8.82593900e+00       1.267148e-02
   500            100       -8.82593900e+00       1.351030e-02
0 0.012512843747936675 0.013510299029679368
Stocahstic error estimate: 1.251284e-02

step=12,E=-0.5516211873010257,dE=-0.002305245693355218,err=0.0007820527342460422,gmax=1.182235262600921
	collect g,Hv time= 0.8926041126251221
niter= 31
	solver time=0.11168122291564941,exit status=0
	g=2.7746657450340173,del=0.483143585341875,dot=0.2697504502326345,x=23.821828898331823
saving to  ./psi13_0
saving to  ./psi13_1
	prob= 0.12206906201199047
	burn in time= 18.26589274406433
	sample time= 407.76541805267334
	contraction err= 0.0020482735935610477 0.357216233753044

Mean energy: -8.82519890e+00
Block size    # of blocks        Mean                Error
     1           50000       -8.82519890e+00       1.271751e-02
     2           25000       -8.82519890e+00       1.273090e-02
     5           10000       -8.82519890e+00       1.264276e-02
    10           5000       -8.82519890e+00       1.250366e-02
    20           2500       -8.82519890e+00       1.258170e-02
    50           1000       -8.82519890e+00       1.230475e-02
    70            714       -8.82486730e+00       1.220941e-02
   100            500       -8.82519890e+00       1.248242e-02
   200            250       -8.82519890e+00       1.299127e-02
   500            100       -8.82519890e+00       1.411623e-02
0 0.012730897241165063 0.014116233222093742
Stocahstic error estimate: 1.273090e-02

step=13,E=-0.5515749309870421,dE=4.625631398358365e-05,err=0.0007956810775728165,gmax=1.7667503116921566
	collect g,Hv time= 0.8513953685760498
niter= 31
	solver time=0.11202859878540039,exit status=0
	g=3.0427860883405096,del=0.4723779404967311,dot=0.33118315502268614,x=23.82182889833182
saving to  ./psi14_0
saving to  ./psi14_1
	prob= 0.1179131099581097
	burn in time= 18.012449264526367
	sample time= 407.9530167579651
	contraction err= 0.002134466567491913 0.2960394026051443

Mean energy: -8.81376682e+00
Block size    # of blocks        Mean                Error
     1           50000       -8.81376682e+00       1.234018e-02
     2           25000       -8.81376682e+00       1.242883e-02
     5           10000       -8.81376682e+00       1.246102e-02
    10           5000       -8.81376682e+00       1.252578e-02
    20           2500       -8.81376682e+00       1.236157e-02
    50           1000       -8.81376682e+00       1.198368e-02
    70            714       -8.81359166e+00       1.215726e-02
   100            500       -8.81376682e+00       1.269044e-02
   200            250       -8.81376682e+00       1.334422e-02
   500            100       -8.81376682e+00       1.352340e-02
0 0.012428827958890241 0.013523396095125928
Stocahstic error estimate: 1.242883e-02

step=14,E=-0.5508604262735911,dE=0.0007145047134510252,err=0.0007768017474306401,gmax=1.4386510633078942
	collect g,Hv time= 0.9988579750061035
niter= 43
	solver time=0.14972782135009766,exit status=0
	g=2.8188275079082827,del=0.3490638581849523,dot=0.17264405398259208,x=23.821828898331816
saving to  ./psi15_0
saving to  ./psi15_1
	prob= 0.11165116203397424
	burn in time= 18.110247135162354
	sample time= 408.02115631103516
	contraction err= 0.0020600259711887423 0.46514902963769306

Mean energy: -8.82482174e+00
Block size    # of blocks        Mean                Error
     1           50000       -8.82482174e+00       1.235358e-02
     2           25000       -8.82482174e+00       1.234553e-02
     5           10000       -8.82482174e+00       1.237504e-02
    10           5000       -8.82482174e+00       1.232830e-02
    20           2500       -8.82482174e+00       1.244087e-02
    50           1000       -8.82482174e+00       1.192340e-02
    70            714       -8.82497706e+00       1.159191e-02
   100            500       -8.82482174e+00       1.182078e-02
   200            250       -8.82482174e+00       1.184176e-02
   500            100       -8.82482174e+00       1.295354e-02
0 0.012353576360648362 0.012953542804465347
Stocahstic error estimate: 1.235358e-02

step=15,E=-0.5515513584493971,dE=-0.0006909321758059583,err=0.0007720985225405226,gmax=0.7123983632406432
	collect g,Hv time= 0.950730562210083
niter= 32
	solver time=0.11211395263671875,exit status=0
	g=2.320438116040852,del=0.4408082990207127,dot=0.23581264763343307,x=23.821828898331816
saving to  ./psi16_0
saving to  ./psi16_1
	prob= 0.10411224170508575
	burn in time= 18.313133239746094
	sample time= 408.11602115631104
	contraction err= 0.002082591624573227 0.27335550571990075

Mean energy: -8.82741987e+00
Block size    # of blocks        Mean                Error
     1           50000       -8.82741987e+00       1.222689e-02
     2           25000       -8.82741987e+00       1.222431e-02
     5           10000       -8.82741987e+00       1.219857e-02
    10           5000       -8.82741987e+00       1.216398e-02
    20           2500       -8.82741987e+00       1.186074e-02
    50           1000       -8.82741987e+00       1.203849e-02
    70            714       -8.82743960e+00       1.207571e-02
   100            500       -8.82741987e+00       1.245526e-02
   200            250       -8.82741987e+00       1.245992e-02
   500            100       -8.82741987e+00       1.408538e-02
0 0.012226890839760331 0.014085378941834353
Stocahstic error estimate: 1.222689e-02

step=16,E=-0.5517137419978368,dE=-0.00016238354843978176,err=0.0007641806774850207,gmax=2.1007113906884207
	collect g,Hv time= 0.9472992420196533
niter= 44
	solver time=0.1519763469696045,exit status=0
	g=3.263304644032009,del=0.34899649326004406,dot=0.16660666715317993,x=23.821828898331816
saving to  ./psi17_0
saving to  ./psi17_1
	prob= 0.10918484827385935
	burn in time= 18.335490465164185
	sample time= 408.1285858154297
	contraction err= 0.002101771165033511 0.5351243422276004

Mean energy: -8.82175736e+00
Block size    # of blocks        Mean                Error
     1           50000       -8.82175736e+00       1.345377e-02
     2           25000       -8.82175736e+00       1.342673e-02
     5           10000       -8.82175736e+00       1.340309e-02
    10           5000       -8.82175736e+00       1.341261e-02
    20           2500       -8.82175736e+00       1.355617e-02
    50           1000       -8.82175736e+00       1.357776e-02
    70            714       -8.82165665e+00       1.369818e-02
   100            500       -8.82175736e+00       1.366657e-02
   200            250       -8.82175736e+00       1.362602e-02
   500            100       -8.82175736e+00       1.445304e-02
0 0.013453773031555675 0.01445303562002111
Stocahstic error estimate: 1.345377e-02

step=17,E=-0.5513598352644941,dE=0.0003539067333427903,err=0.0008408608144722297,gmax=4.92577140940393
	collect g,Hv time= 1.025714635848999
niter= 19
	solver time=0.0674428939819336,exit status=0
	g=7.510985917681517,del=0.7161926809490143,dot=0.6599227127851865,x=23.821828898331816
saving to  ./psi18_0
saving to  ./psi18_1
	prob= 0.0970667727309989
	burn in time= 17.653204917907715
	sample time= 408.1988081932068
	contraction err= 0.0021686606230015585 0.3682940221744521

Mean energy: -8.81664832e+00
Block size    # of blocks        Mean                Error
     1           50000       -8.81664832e+00       1.303320e-02
     2           25000       -8.81664832e+00       1.299673e-02
     5           10000       -8.81664832e+00       1.300642e-02
    10           5000       -8.81664832e+00       1.309268e-02
    20           2500       -8.81664832e+00       1.300398e-02
    50           1000       -8.81664832e+00       1.288246e-02
    70            714       -8.81692447e+00       1.297749e-02
   100            500       -8.81664832e+00       1.248377e-02
   200            250       -8.81664832e+00       1.294659e-02
   500            100       -8.81664832e+00       1.325540e-02
0 0.013033195901434856 0.013255395489363856
Stocahstic error estimate: 1.303320e-02

step=18,E=-0.5510405201294806,dE=0.00031931513501348707,err=0.0008145747438396785,gmax=0.5215429159342992
	collect g,Hv time= 0.9599580764770508
niter= 27
	solver time=0.09484744071960449,exit status=0
	g=1.9852679374437212,del=0.8145645990512793,dot=0.6853780486506809,x=23.821828898331816
saving to  ./psi19_0
saving to  ./psi19_1
	prob= 0.10509750396332243
	burn in time= 17.85283613204956
	sample time= 408.0124258995056
	contraction err= 0.002106604425046557 0.11390520388514083

Mean energy: -8.81221370e+00
Block size    # of blocks        Mean                Error
     1           50000       -8.81221370e+00       1.224691e-02
     2           25000       -8.81221370e+00       1.225756e-02
     5           10000       -8.81221370e+00       1.221348e-02
    10           5000       -8.81221370e+00       1.219026e-02
    20           2500       -8.81221370e+00       1.230818e-02
    50           1000       -8.81221370e+00       1.234642e-02
    70            714       -8.81269098e+00       1.272731e-02
   100            500       -8.81221370e+00       1.229765e-02
   200            250       -8.81221370e+00       1.198310e-02
   500            100       -8.81221370e+00       1.319477e-02
0 0.012257556072790301 0.013194774688238172
Stocahstic error estimate: 1.225756e-02

step=19,E=-0.5507633560918574,dE=0.00027716403762312325,err=0.0007660972545493938,gmax=0.964189114490976
	collect g,Hv time= 1.0236380100250244
niter= 28
	solver time=0.09748435020446777,exit status=0
	g=2.6278357870512514,del=0.39945188727657455,dot=0.2020762082886419,x=23.821828898331816
saving to  ./psi20_0
saving to  ./psi20_1
